Experiment: morph/srilm-3-gram
Job ID: 55357663
Task ID: 61
Host: gpu21.int.triton.aalto.fi
Start date: Mon Aug 31 09:52:32 EEST 2020
Work directory: /scratch/work/moisioa3/conv_lm/experiments/morph/srilm-3-gram
Temporary directory: /tmp/55357663

Currently Loaded Modules:
  1) speech-scripts/2016.05.24-b928230   6) binutils/2.25-GCCcore-5.4.0
  2) srilm/default                       7) GCC/5.4.0-2.25
  3) cuda/10.0.130                       8) libgpuarray/2017.03.29-45c731f
  4) cudnn/7.4.2-cuda                    9) anaconda3/latest
  5) GCCcore/5.4.0

 

/tmp/55357663/lattices
floatX=float32,device=cuda0,base_compiledir=/tmp/theano,exception_verbosity=high,openmp=False
INFO (theano.gof.compilelock): Waiting for existing lock by unknown process (I am process '9303')
INFO (theano.gof.compilelock): To manually release the lock, delete /tmp/theano/compiledir_Linux-3.10-el7.x86_64-x86_64-with-centos-7.8.2003-Core-x86_64-3.7.3-64/lock_dir
/scratch/work/groszt1/envs/theanoLM/lib/python3.7/site-packages/theano/gpuarray/dnn.py:184: UserWarning: Your cuDNN version is more recent than Theano. If you encounter problems, try updating Theano or downgrading cuDNN to a version >= v5 and <= v7.
  warnings.warn("Your cuDNN version is more recent than "
Using cuDNN version 7600 on context None
Mapped name None to device cuda0: Tesla K80 (0000:09:00.0)
TheanoLM 1.3.2
Theano 1.0.4
pygpu 0.7.6
==
+ srun --gres=gpu:1 theanolm decode /scratch/work/moisioa3/conv_lm/experiments/morph/srilm-3-gram/nnlm.h5 --lattice-list /tmp/55357663/lattices/lattice-list --output-file /scratch/work/moisioa3/conv_lm/experiments/morph/srilm-3-gram/decode/devel/lambda=0.5-lms=9/61.trn --output trn --nnlm-weight 0.5 --lm-scale 9 --max-tokens-per-node 62 --beam 650 --recombination-order 22 --num-jobs 64 --job 61
2020-08-31 09:53:08,290 get_default_device: Context None device="Tesla K80" ID="0000:09:00.0"
2020-08-31 09:53:08,292 from_file: Reading vocabulary from network state.
2020-08-31 09:53:08,575 from_file: Number of words in vocabulary: 42699
2020-08-31 09:53:08,575 from_file: Number of words in shortlist: 42699
2020-08-31 09:53:08,576 from_file: Number of word classes: 42699
2020-08-31 09:53:08,576 from_file: Building neural network.
2020-08-31 09:53:58,796 from_file: Restoring neural network state.
2020-08-31 09:53:59,126 decode: Building word lattice decoder.
2020-08-31 09:54:12,512 __iter__: Reading lattice file `/tmp/55357663/lattices/dspm004_dsp2013_02.lat.gz´.
2020-08-31 09:54:13,297 decode: Utterance `dspm004_dsp2013_02´ -- 1 of job 61
2020-08-31 09:55:07,357 __iter__: Reading lattice file `/tmp/55357663/lattices/dspm007_dsp2013_04.lat.gz´.
2020-08-31 09:55:08,068 decode: Utterance `dspm007_dsp2013_04´ -- 2 of job 61
2020-08-31 09:55:53,281 __iter__: Reading lattice file `/tmp/55357663/lattices/dspm011_dsp2013_22.lat.gz´.
2020-08-31 09:55:53,387 decode: Utterance `dspm011_dsp2013_22´ -- 3 of job 61
2020-08-31 09:55:58,900 __iter__: Reading lattice file `/tmp/55357663/lattices/dspm017_dsp2013_73.lat.gz´.
2020-08-31 09:56:01,314 decode: Utterance `dspm017_dsp2013_73´ -- 4 of job 61
2020-08-31 09:58:49,238 __iter__: Reading lattice file `/tmp/55357663/lattices/dspm021_dsp2013_19.lat.gz´.
2020-08-31 09:58:49,522 decode: Utterance `dspm021_dsp2013_19´ -- 5 of job 61
2020-08-31 09:59:13,284 __iter__: Reading lattice file `/tmp/55357663/lattices/dspm025_dsp2013_10.lat.gz´.
2020-08-31 09:59:13,412 decode: Utterance `dspm025_dsp2013_10´ -- 6 of job 61
2020-08-31 09:59:20,677 __iter__: Reading lattice file `/tmp/55357663/lattices/dspm031_dsp2013_08.lat.gz´.
2020-08-31 09:59:20,685 decode: Utterance `dspm031_dsp2013_08´ -- 7 of job 61
2020-08-31 09:59:21,000 __iter__: Reading lattice file `/tmp/55357663/lattices/dspm034_dsp2013_03.lat.gz´.
2020-08-31 09:59:21,213 decode: Utterance `dspm034_dsp2013_03´ -- 8 of job 61
2020-08-31 09:59:30,072 __iter__: Reading lattice file `/tmp/55357663/lattices/dspm040_dsp2013_03.lat.gz´.
2020-08-31 09:59:30,544 decode: Utterance `dspm040_dsp2013_03´ -- 9 of job 61
2020-08-31 09:59:55,297 __iter__: Reading lattice file `/tmp/55357663/lattices/dspm045_dsp2013_02.lat.gz´.
2020-08-31 09:59:55,459 decode: Utterance `dspm045_dsp2013_02´ -- 10 of job 61
2020-08-31 10:00:04,205 __iter__: Reading lattice file `/tmp/55357663/lattices/dspm049_dsp2013_05.lat.gz´.
2020-08-31 10:00:06,511 decode: Utterance `dspm049_dsp2013_05´ -- 11 of job 61
2020-08-31 10:02:44,364 __iter__: Reading lattice file `/tmp/55357663/lattices/dspm054_dsp2013_08.lat.gz´.
2020-08-31 10:02:44,748 decode: Utterance `dspm054_dsp2013_08´ -- 12 of job 61
2020-08-31 10:03:10,047 __iter__: Reading lattice file `/tmp/55357663/lattices/dspm057_dsp2013_10.lat.gz´.
2020-08-31 10:03:12,011 decode: Utterance `dspm057_dsp2013_10´ -- 13 of job 61
2020-08-31 10:05:59,926 __iter__: Reading lattice file `/tmp/55357663/lattices/radiojake_kbk20120915_50.lat.gz´.
2020-08-31 10:05:59,931 decode: Utterance `radiojake_kbk20120915_50´ -- 14 of job 61
2020-08-31 10:06:00,104 __iter__: Reading lattice file `/tmp/55357663/lattices/radioshaka_kbk20120915_18.lat.gz´.
2020-08-31 10:06:00,160 decode: Utterance `radioshaka_kbk20120915_18´ -- 15 of job 61
/scratch/work/groszt1/envs/theanoLM/lib/python3.7/site-packages/theano/gpuarray/dnn.py:184: UserWarning: Your cuDNN version is more recent than Theano. If you encounter problems, try updating Theano or downgrading cuDNN to a version >= v5 and <= v7.
  warnings.warn("Your cuDNN version is more recent than "
Using cuDNN version 7600 on context None
Mapped name None to device cuda0: Tesla K80 (0000:09:00.0)
/scratch/work/groszt1/envs/theanoLM/lib/python3.7/site-packages/h5py-2.9.0-py3.7-linux-x86_64.egg/h5py/_hl/dataset.py:313: H5pyDeprecationWarning: dataset.value has been deprecated. Use dataset[()] instead.
  "Use dataset[()] instead.", H5pyDeprecationWarning)
/scratch/work/groszt1/envs/theanoLM/lib/python3.7/site-packages/h5py-2.9.0-py3.7-linux-x86_64.egg/h5py/_hl/dataset.py:313: H5pyDeprecationWarning: dataset.value has been deprecated. Use dataset[()] instead.
  "Use dataset[()] instead.", H5pyDeprecationWarning)
decode_theanolm finished.
/tmp/55357663/lattices
floatX=float32,device=cuda0,base_compiledir=/tmp/theano,exception_verbosity=high,openmp=False
/scratch/work/groszt1/envs/theanoLM/lib/python3.7/site-packages/theano/gpuarray/dnn.py:184: UserWarning: Your cuDNN version is more recent than Theano. If you encounter problems, try updating Theano or downgrading cuDNN to a version >= v5 and <= v7.
  warnings.warn("Your cuDNN version is more recent than "
Using cuDNN version 7600 on context None
Mapped name None to device cuda0: Tesla K80 (0000:09:00.0)
TheanoLM 1.3.2
Theano 1.0.4
pygpu 0.7.6
==
+ srun --gres=gpu:1 theanolm decode /scratch/work/moisioa3/conv_lm/experiments/morph/srilm-3-gram/nnlm.h5 --lattice-list /tmp/55357663/lattices/lattice-list --output-file /scratch/work/moisioa3/conv_lm/experiments/morph/srilm-3-gram/decode/devel/lambda=0.5-lms=10/61.trn --output trn --nnlm-weight 0.5 --lm-scale 10 --max-tokens-per-node 62 --beam 650 --recombination-order 22 --num-jobs 64 --job 61
2020-08-31 10:06:11,510 get_default_device: Context None device="Tesla K80" ID="0000:09:00.0"
2020-08-31 10:06:11,512 from_file: Reading vocabulary from network state.
2020-08-31 10:06:11,792 from_file: Number of words in vocabulary: 42699
2020-08-31 10:06:11,792 from_file: Number of words in shortlist: 42699
2020-08-31 10:06:11,792 from_file: Number of word classes: 42699
2020-08-31 10:06:11,792 from_file: Building neural network.
2020-08-31 10:06:55,927 from_file: Restoring neural network state.
2020-08-31 10:06:56,274 decode: Building word lattice decoder.
2020-08-31 10:07:01,953 __iter__: Reading lattice file `/tmp/55357663/lattices/dspm004_dsp2013_02.lat.gz´.
2020-08-31 10:07:02,910 decode: Utterance `dspm004_dsp2013_02´ -- 1 of job 61
2020-08-31 10:08:01,944 __iter__: Reading lattice file `/tmp/55357663/lattices/dspm007_dsp2013_04.lat.gz´.
2020-08-31 10:08:02,681 decode: Utterance `dspm007_dsp2013_04´ -- 2 of job 61
2020-08-31 10:08:49,052 __iter__: Reading lattice file `/tmp/55357663/lattices/dspm011_dsp2013_22.lat.gz´.
2020-08-31 10:08:49,167 decode: Utterance `dspm011_dsp2013_22´ -- 3 of job 61
2020-08-31 10:08:54,803 __iter__: Reading lattice file `/tmp/55357663/lattices/dspm017_dsp2013_73.lat.gz´.
2020-08-31 10:08:57,337 decode: Utterance `dspm017_dsp2013_73´ -- 4 of job 61
2020-08-31 10:11:52,580 __iter__: Reading lattice file `/tmp/55357663/lattices/dspm021_dsp2013_19.lat.gz´.
2020-08-31 10:11:52,878 decode: Utterance `dspm021_dsp2013_19´ -- 5 of job 61
2020-08-31 10:12:17,498 __iter__: Reading lattice file `/tmp/55357663/lattices/dspm025_dsp2013_10.lat.gz´.
2020-08-31 10:12:17,630 decode: Utterance `dspm025_dsp2013_10´ -- 6 of job 61
2020-08-31 10:12:24,947 __iter__: Reading lattice file `/tmp/55357663/lattices/dspm031_dsp2013_08.lat.gz´.
2020-08-31 10:12:24,954 decode: Utterance `dspm031_dsp2013_08´ -- 7 of job 61
2020-08-31 10:12:25,269 __iter__: Reading lattice file `/tmp/55357663/lattices/dspm034_dsp2013_03.lat.gz´.
2020-08-31 10:12:25,491 decode: Utterance `dspm034_dsp2013_03´ -- 8 of job 61
2020-08-31 10:12:34,388 __iter__: Reading lattice file `/tmp/55357663/lattices/dspm040_dsp2013_03.lat.gz´.
2020-08-31 10:12:34,875 decode: Utterance `dspm040_dsp2013_03´ -- 9 of job 61
2020-08-31 10:12:59,666 __iter__: Reading lattice file `/tmp/55357663/lattices/dspm045_dsp2013_02.lat.gz´.
2020-08-31 10:12:59,831 decode: Utterance `dspm045_dsp2013_02´ -- 10 of job 61
2020-08-31 10:13:08,787 __iter__: Reading lattice file `/tmp/55357663/lattices/dspm049_dsp2013_05.lat.gz´.
2020-08-31 10:13:11,160 decode: Utterance `dspm049_dsp2013_05´ -- 11 of job 61
2020-08-31 10:15:52,096 __iter__: Reading lattice file `/tmp/55357663/lattices/dspm054_dsp2013_08.lat.gz´.
2020-08-31 10:15:52,493 decode: Utterance `dspm054_dsp2013_08´ -- 12 of job 61
2020-08-31 10:16:18,802 __iter__: Reading lattice file `/tmp/55357663/lattices/dspm057_dsp2013_10.lat.gz´.
2020-08-31 10:16:20,834 decode: Utterance `dspm057_dsp2013_10´ -- 13 of job 61
2020-08-31 10:19:10,807 __iter__: Reading lattice file `/tmp/55357663/lattices/radiojake_kbk20120915_50.lat.gz´.
2020-08-31 10:19:10,812 decode: Utterance `radiojake_kbk20120915_50´ -- 14 of job 61
2020-08-31 10:19:10,985 __iter__: Reading lattice file `/tmp/55357663/lattices/radioshaka_kbk20120915_18.lat.gz´.
2020-08-31 10:19:11,044 decode: Utterance `radioshaka_kbk20120915_18´ -- 15 of job 61
/scratch/work/groszt1/envs/theanoLM/lib/python3.7/site-packages/theano/gpuarray/dnn.py:184: UserWarning: Your cuDNN version is more recent than Theano. If you encounter problems, try updating Theano or downgrading cuDNN to a version >= v5 and <= v7.
  warnings.warn("Your cuDNN version is more recent than "
Using cuDNN version 7600 on context None
Mapped name None to device cuda0: Tesla K80 (0000:09:00.0)
/scratch/work/groszt1/envs/theanoLM/lib/python3.7/site-packages/h5py-2.9.0-py3.7-linux-x86_64.egg/h5py/_hl/dataset.py:313: H5pyDeprecationWarning: dataset.value has been deprecated. Use dataset[()] instead.
  "Use dataset[()] instead.", H5pyDeprecationWarning)
/scratch/work/groszt1/envs/theanoLM/lib/python3.7/site-packages/h5py-2.9.0-py3.7-linux-x86_64.egg/h5py/_hl/dataset.py:313: H5pyDeprecationWarning: dataset.value has been deprecated. Use dataset[()] instead.
  "Use dataset[()] instead.", H5pyDeprecationWarning)
decode_theanolm finished.
/tmp/55357663/lattices
floatX=float32,device=cuda0,base_compiledir=/tmp/theano,exception_verbosity=high,openmp=False
/scratch/work/groszt1/envs/theanoLM/lib/python3.7/site-packages/theano/gpuarray/dnn.py:184: UserWarning: Your cuDNN version is more recent than Theano. If you encounter problems, try updating Theano or downgrading cuDNN to a version >= v5 and <= v7.
  warnings.warn("Your cuDNN version is more recent than "
Using cuDNN version 7600 on context None
Mapped name None to device cuda0: Tesla K80 (0000:09:00.0)
TheanoLM 1.3.2
Theano 1.0.4
pygpu 0.7.6
==
+ srun --gres=gpu:1 theanolm decode /scratch/work/moisioa3/conv_lm/experiments/morph/srilm-3-gram/nnlm.h5 --lattice-list /tmp/55357663/lattices/lattice-list --output-file /scratch/work/moisioa3/conv_lm/experiments/morph/srilm-3-gram/decode/devel/lambda=1.0-lms=9/61.trn --output trn --nnlm-weight 1.0 --lm-scale 9 --max-tokens-per-node 62 --beam 650 --recombination-order 22 --num-jobs 64 --job 61
2020-08-31 10:19:22,284 get_default_device: Context None device="Tesla K80" ID="0000:09:00.0"
2020-08-31 10:19:22,285 from_file: Reading vocabulary from network state.
2020-08-31 10:19:22,559 from_file: Number of words in vocabulary: 42699
2020-08-31 10:19:22,559 from_file: Number of words in shortlist: 42699
2020-08-31 10:19:22,560 from_file: Number of word classes: 42699
2020-08-31 10:19:22,560 from_file: Building neural network.
2020-08-31 10:20:07,635 from_file: Restoring neural network state.
2020-08-31 10:20:07,986 decode: Building word lattice decoder.
2020-08-31 10:20:13,581 __iter__: Reading lattice file `/tmp/55357663/lattices/dspm004_dsp2013_02.lat.gz´.
2020-08-31 10:20:14,514 decode: Utterance `dspm004_dsp2013_02´ -- 1 of job 61
2020-08-31 10:20:57,189 __iter__: Reading lattice file `/tmp/55357663/lattices/dspm007_dsp2013_04.lat.gz´.
2020-08-31 10:20:57,921 decode: Utterance `dspm007_dsp2013_04´ -- 2 of job 61
2020-08-31 10:21:40,384 __iter__: Reading lattice file `/tmp/55357663/lattices/dspm011_dsp2013_22.lat.gz´.
2020-08-31 10:21:40,494 decode: Utterance `dspm011_dsp2013_22´ -- 3 of job 61
2020-08-31 10:21:45,845 __iter__: Reading lattice file `/tmp/55357663/lattices/dspm017_dsp2013_73.lat.gz´.
2020-08-31 10:21:48,323 decode: Utterance `dspm017_dsp2013_73´ -- 4 of job 61
2020-08-31 10:24:17,351 __iter__: Reading lattice file `/tmp/55357663/lattices/dspm021_dsp2013_19.lat.gz´.
2020-08-31 10:24:17,643 decode: Utterance `dspm021_dsp2013_19´ -- 5 of job 61
2020-08-31 10:24:38,389 __iter__: Reading lattice file `/tmp/55357663/lattices/dspm025_dsp2013_10.lat.gz´.
2020-08-31 10:24:38,526 decode: Utterance `dspm025_dsp2013_10´ -- 6 of job 61
2020-08-31 10:24:45,745 __iter__: Reading lattice file `/tmp/55357663/lattices/dspm031_dsp2013_08.lat.gz´.
2020-08-31 10:24:45,752 decode: Utterance `dspm031_dsp2013_08´ -- 7 of job 61
2020-08-31 10:24:46,076 __iter__: Reading lattice file `/tmp/55357663/lattices/dspm034_dsp2013_03.lat.gz´.
2020-08-31 10:24:46,295 decode: Utterance `dspm034_dsp2013_03´ -- 8 of job 61
2020-08-31 10:24:55,413 __iter__: Reading lattice file `/tmp/55357663/lattices/dspm040_dsp2013_03.lat.gz´.
2020-08-31 10:24:55,912 decode: Utterance `dspm040_dsp2013_03´ -- 9 of job 61
2020-08-31 10:25:21,121 __iter__: Reading lattice file `/tmp/55357663/lattices/dspm045_dsp2013_02.lat.gz´.
2020-08-31 10:25:21,287 decode: Utterance `dspm045_dsp2013_02´ -- 10 of job 61
2020-08-31 10:25:29,615 __iter__: Reading lattice file `/tmp/55357663/lattices/dspm049_dsp2013_05.lat.gz´.
2020-08-31 10:25:31,973 decode: Utterance `dspm049_dsp2013_05´ -- 11 of job 61
2020-08-31 10:27:54,305 __iter__: Reading lattice file `/tmp/55357663/lattices/dspm054_dsp2013_08.lat.gz´.
2020-08-31 10:27:54,696 decode: Utterance `dspm054_dsp2013_08´ -- 12 of job 61
2020-08-31 10:28:15,312 __iter__: Reading lattice file `/tmp/55357663/lattices/dspm057_dsp2013_10.lat.gz´.
2020-08-31 10:28:17,322 decode: Utterance `dspm057_dsp2013_10´ -- 13 of job 61
2020-08-31 10:30:32,180 __iter__: Reading lattice file `/tmp/55357663/lattices/radiojake_kbk20120915_50.lat.gz´.
2020-08-31 10:30:32,185 decode: Utterance `radiojake_kbk20120915_50´ -- 14 of job 61
2020-08-31 10:30:32,353 __iter__: Reading lattice file `/tmp/55357663/lattices/radioshaka_kbk20120915_18.lat.gz´.
2020-08-31 10:30:32,412 decode: Utterance `radioshaka_kbk20120915_18´ -- 15 of job 61
/scratch/work/groszt1/envs/theanoLM/lib/python3.7/site-packages/theano/gpuarray/dnn.py:184: UserWarning: Your cuDNN version is more recent than Theano. If you encounter problems, try updating Theano or downgrading cuDNN to a version >= v5 and <= v7.
  warnings.warn("Your cuDNN version is more recent than "
Using cuDNN version 7600 on context None
Mapped name None to device cuda0: Tesla K80 (0000:09:00.0)
/scratch/work/groszt1/envs/theanoLM/lib/python3.7/site-packages/h5py-2.9.0-py3.7-linux-x86_64.egg/h5py/_hl/dataset.py:313: H5pyDeprecationWarning: dataset.value has been deprecated. Use dataset[()] instead.
  "Use dataset[()] instead.", H5pyDeprecationWarning)
/scratch/work/groszt1/envs/theanoLM/lib/python3.7/site-packages/h5py-2.9.0-py3.7-linux-x86_64.egg/h5py/_hl/dataset.py:313: H5pyDeprecationWarning: dataset.value has been deprecated. Use dataset[()] instead.
  "Use dataset[()] instead.", H5pyDeprecationWarning)
decode_theanolm finished.
/tmp/55357663/lattices
floatX=float32,device=cuda0,base_compiledir=/tmp/theano,exception_verbosity=high,openmp=False
/scratch/work/groszt1/envs/theanoLM/lib/python3.7/site-packages/theano/gpuarray/dnn.py:184: UserWarning: Your cuDNN version is more recent than Theano. If you encounter problems, try updating Theano or downgrading cuDNN to a version >= v5 and <= v7.
  warnings.warn("Your cuDNN version is more recent than "
Using cuDNN version 7600 on context None
Mapped name None to device cuda0: Tesla K80 (0000:09:00.0)
TheanoLM 1.3.2
Theano 1.0.4
pygpu 0.7.6
==
+ srun --gres=gpu:1 theanolm decode /scratch/work/moisioa3/conv_lm/experiments/morph/srilm-3-gram/nnlm.h5 --lattice-list /tmp/55357663/lattices/lattice-list --output-file /scratch/work/moisioa3/conv_lm/experiments/morph/srilm-3-gram/decode/devel/lambda=1.0-lms=10/61.trn --output trn --nnlm-weight 1.0 --lm-scale 10 --max-tokens-per-node 62 --beam 650 --recombination-order 22 --num-jobs 64 --job 61
2020-08-31 10:30:43,020 get_default_device: Context None device="Tesla K80" ID="0000:09:00.0"
2020-08-31 10:30:43,022 from_file: Reading vocabulary from network state.
2020-08-31 10:30:43,303 from_file: Number of words in vocabulary: 42699
2020-08-31 10:30:43,304 from_file: Number of words in shortlist: 42699
2020-08-31 10:30:43,304 from_file: Number of word classes: 42699
2020-08-31 10:30:43,304 from_file: Building neural network.
2020-08-31 10:31:27,401 from_file: Restoring neural network state.
2020-08-31 10:31:27,746 decode: Building word lattice decoder.
2020-08-31 10:31:33,326 __iter__: Reading lattice file `/tmp/55357663/lattices/dspm004_dsp2013_02.lat.gz´.
2020-08-31 10:31:34,252 decode: Utterance `dspm004_dsp2013_02´ -- 1 of job 61
2020-08-31 10:32:15,579 __iter__: Reading lattice file `/tmp/55357663/lattices/dspm007_dsp2013_04.lat.gz´.
2020-08-31 10:32:16,295 decode: Utterance `dspm007_dsp2013_04´ -- 2 of job 61
2020-08-31 10:32:58,524 __iter__: Reading lattice file `/tmp/55357663/lattices/dspm011_dsp2013_22.lat.gz´.
2020-08-31 10:32:58,631 decode: Utterance `dspm011_dsp2013_22´ -- 3 of job 61
2020-08-31 10:33:04,122 __iter__: Reading lattice file `/tmp/55357663/lattices/dspm017_dsp2013_73.lat.gz´.
2020-08-31 10:33:06,590 decode: Utterance `dspm017_dsp2013_73´ -- 4 of job 61
2020-08-31 10:35:33,816 __iter__: Reading lattice file `/tmp/55357663/lattices/dspm021_dsp2013_19.lat.gz´.
2020-08-31 10:35:34,105 decode: Utterance `dspm021_dsp2013_19´ -- 5 of job 61
2020-08-31 10:35:54,368 __iter__: Reading lattice file `/tmp/55357663/lattices/dspm025_dsp2013_10.lat.gz´.
2020-08-31 10:35:54,497 decode: Utterance `dspm025_dsp2013_10´ -- 6 of job 61
2020-08-31 10:36:01,535 __iter__: Reading lattice file `/tmp/55357663/lattices/dspm031_dsp2013_08.lat.gz´.
2020-08-31 10:36:01,542 decode: Utterance `dspm031_dsp2013_08´ -- 7 of job 61
2020-08-31 10:36:01,857 __iter__: Reading lattice file `/tmp/55357663/lattices/dspm034_dsp2013_03.lat.gz´.
2020-08-31 10:36:02,073 decode: Utterance `dspm034_dsp2013_03´ -- 8 of job 61
2020-08-31 10:36:10,851 __iter__: Reading lattice file `/tmp/55357663/lattices/dspm040_dsp2013_03.lat.gz´.
2020-08-31 10:36:11,326 decode: Utterance `dspm040_dsp2013_03´ -- 9 of job 61
2020-08-31 10:36:35,596 __iter__: Reading lattice file `/tmp/55357663/lattices/dspm045_dsp2013_02.lat.gz´.
2020-08-31 10:36:35,759 decode: Utterance `dspm045_dsp2013_02´ -- 10 of job 61
2020-08-31 10:36:44,071 __iter__: Reading lattice file `/tmp/55357663/lattices/dspm049_dsp2013_05.lat.gz´.
2020-08-31 10:36:46,394 decode: Utterance `dspm049_dsp2013_05´ -- 11 of job 61
2020-08-31 10:39:07,666 __iter__: Reading lattice file `/tmp/55357663/lattices/dspm054_dsp2013_08.lat.gz´.
2020-08-31 10:39:08,065 decode: Utterance `dspm054_dsp2013_08´ -- 12 of job 61
2020-08-31 10:39:29,471 __iter__: Reading lattice file `/tmp/55357663/lattices/dspm057_dsp2013_10.lat.gz´.
2020-08-31 10:39:31,465 decode: Utterance `dspm057_dsp2013_10´ -- 13 of job 61
2020-08-31 10:41:45,729 __iter__: Reading lattice file `/tmp/55357663/lattices/radiojake_kbk20120915_50.lat.gz´.
2020-08-31 10:41:45,735 decode: Utterance `radiojake_kbk20120915_50´ -- 14 of job 61
2020-08-31 10:41:45,906 __iter__: Reading lattice file `/tmp/55357663/lattices/radioshaka_kbk20120915_18.lat.gz´.
2020-08-31 10:41:45,964 decode: Utterance `radioshaka_kbk20120915_18´ -- 15 of job 61
/scratch/work/groszt1/envs/theanoLM/lib/python3.7/site-packages/theano/gpuarray/dnn.py:184: UserWarning: Your cuDNN version is more recent than Theano. If you encounter problems, try updating Theano or downgrading cuDNN to a version >= v5 and <= v7.
  warnings.warn("Your cuDNN version is more recent than "
Using cuDNN version 7600 on context None
Mapped name None to device cuda0: Tesla K80 (0000:09:00.0)
/scratch/work/groszt1/envs/theanoLM/lib/python3.7/site-packages/h5py-2.9.0-py3.7-linux-x86_64.egg/h5py/_hl/dataset.py:313: H5pyDeprecationWarning: dataset.value has been deprecated. Use dataset[()] instead.
  "Use dataset[()] instead.", H5pyDeprecationWarning)
/scratch/work/groszt1/envs/theanoLM/lib/python3.7/site-packages/h5py-2.9.0-py3.7-linux-x86_64.egg/h5py/_hl/dataset.py:313: H5pyDeprecationWarning: dataset.value has been deprecated. Use dataset[()] instead.
  "Use dataset[()] instead.", H5pyDeprecationWarning)
decode_theanolm finished.
decode devel finished.
