Experiment: morph/srilm-3-gram
Job ID: 55357628
Task ID: 26
Host: gpu9.int.triton.aalto.fi
Start date: Mon Aug 31 09:52:32 EEST 2020
Work directory: /scratch/work/moisioa3/conv_lm/experiments/morph/srilm-3-gram
Temporary directory: /tmp/55357628

Currently Loaded Modules:
  1) speech-scripts/2016.05.24-b928230   6) binutils/2.25-GCCcore-5.4.0
  2) srilm/default                       7) GCC/5.4.0-2.25
  3) cuda/10.0.130                       8) libgpuarray/2017.03.29-45c731f
  4) cudnn/7.4.2-cuda                    9) anaconda3/latest
  5) GCCcore/5.4.0

 

/tmp/55357628/lattices
floatX=float32,device=cuda0,base_compiledir=/tmp/theano,exception_verbosity=high,openmp=False
INFO (theano.gof.compilelock): Waiting for existing lock by unknown process (I am process '21024')
INFO (theano.gof.compilelock): To manually release the lock, delete /tmp/theano/compiledir_Linux-3.10-el7.x86_64-x86_64-with-centos-7.8.2003-Core-x86_64-3.7.3-64/lock_dir
/scratch/work/groszt1/envs/theanoLM/lib/python3.7/site-packages/theano/gpuarray/dnn.py:184: UserWarning: Your cuDNN version is more recent than Theano. If you encounter problems, try updating Theano or downgrading cuDNN to a version >= v5 and <= v7.
  warnings.warn("Your cuDNN version is more recent than "
Using cuDNN version 7600 on context None
Mapped name None to device cuda0: Tesla V100-PCIE-32GB (0000:AF:00.0)
TheanoLM 1.3.2
Theano 1.0.4
pygpu 0.7.6
==
+ srun --gres=gpu:1 theanolm decode /scratch/work/moisioa3/conv_lm/experiments/morph/srilm-3-gram/nnlm.h5 --lattice-list /tmp/55357628/lattices/lattice-list --output-file /scratch/work/moisioa3/conv_lm/experiments/morph/srilm-3-gram/decode/devel/lambda=0.5-lms=9/26.trn --output trn --nnlm-weight 0.5 --lm-scale 9 --max-tokens-per-node 62 --beam 650 --recombination-order 22 --num-jobs 64 --job 26
2020-08-31 09:53:06,816 get_default_device: Context None device="Tesla V100-PCIE-32GB" ID="0000:AF:00.0"
2020-08-31 09:53:06,817 from_file: Reading vocabulary from network state.
2020-08-31 09:53:07,029 from_file: Number of words in vocabulary: 42699
2020-08-31 09:53:07,029 from_file: Number of words in shortlist: 42699
2020-08-31 09:53:07,030 from_file: Number of word classes: 42699
2020-08-31 09:53:07,030 from_file: Building neural network.
2020-08-31 09:53:37,323 from_file: Restoring neural network state.
2020-08-31 09:53:37,672 decode: Building word lattice decoder.
2020-08-31 09:53:43,000 __iter__: Reading lattice file `/tmp/55357628/lattices/dspf007_dsp2013_07.lat.gz´.
2020-08-31 09:53:43,167 decode: Utterance `dspf007_dsp2013_07´ -- 1 of job 26
2020-08-31 09:53:48,167 __iter__: Reading lattice file `/tmp/55357628/lattices/dspm005_dsp2013_11.lat.gz´.
2020-08-31 09:53:48,291 decode: Utterance `dspm005_dsp2013_11´ -- 2 of job 26
2020-08-31 09:53:51,690 __iter__: Reading lattice file `/tmp/55357628/lattices/dspm010_dsp2013_07.lat.gz´.
2020-08-31 09:53:53,015 decode: Utterance `dspm010_dsp2013_07´ -- 3 of job 26
2020-08-31 09:54:34,022 __iter__: Reading lattice file `/tmp/55357628/lattices/dspm015_dsp2013_05.lat.gz´.
2020-08-31 09:54:34,521 decode: Utterance `dspm015_dsp2013_05´ -- 4 of job 26
2020-08-31 09:54:52,213 __iter__: Reading lattice file `/tmp/55357628/lattices/dspm019_dsp2013_03.lat.gz´.
2020-08-31 09:54:52,509 decode: Utterance `dspm019_dsp2013_03´ -- 5 of job 26
2020-08-31 09:54:59,928 __iter__: Reading lattice file `/tmp/55357628/lattices/dspm022_dsp2013_24.lat.gz´.
2020-08-31 09:55:00,966 decode: Utterance `dspm022_dsp2013_24´ -- 6 of job 26
2020-08-31 09:55:36,855 __iter__: Reading lattice file `/tmp/55357628/lattices/dspm026_dsp2013_13.lat.gz´.
2020-08-31 09:55:36,925 decode: Utterance `dspm026_dsp2013_13´ -- 7 of job 26
2020-08-31 09:55:39,493 __iter__: Reading lattice file `/tmp/55357628/lattices/dspm032_dsp2013_12.lat.gz´.
2020-08-31 09:55:40,570 decode: Utterance `dspm032_dsp2013_12´ -- 8 of job 26
2020-08-31 09:56:13,012 __iter__: Reading lattice file `/tmp/55357628/lattices/dspm036_dsp2013_36.lat.gz´.
2020-08-31 09:56:14,620 decode: Utterance `dspm036_dsp2013_36´ -- 9 of job 26
2020-08-31 09:57:02,739 __iter__: Reading lattice file `/tmp/55357628/lattices/dspm042_dsp2013_14.lat.gz´.
2020-08-31 09:57:02,927 decode: Utterance `dspm042_dsp2013_14´ -- 10 of job 26
2020-08-31 09:57:08,585 __iter__: Reading lattice file `/tmp/55357628/lattices/dspm047_dsp2013_11.lat.gz´.
2020-08-31 09:57:09,035 decode: Utterance `dspm047_dsp2013_11´ -- 11 of job 26
2020-08-31 09:57:19,955 __iter__: Reading lattice file `/tmp/55357628/lattices/dspm050_dsp2013_23.lat.gz´.
2020-08-31 09:57:20,133 decode: Utterance `dspm050_dsp2013_23´ -- 12 of job 26
2020-08-31 09:57:26,856 __iter__: Reading lattice file `/tmp/55357628/lattices/dspm055_dsp2013_15.lat.gz´.
2020-08-31 09:57:26,928 decode: Utterance `dspm055_dsp2013_15´ -- 13 of job 26
2020-08-31 09:57:30,101 __iter__: Reading lattice file `/tmp/55357628/lattices/dspm058_dsp2013_21.lat.gz´.
2020-08-31 09:57:30,231 decode: Utterance `dspm058_dsp2013_21´ -- 14 of job 26
2020-08-31 09:57:33,777 __iter__: Reading lattice file `/tmp/55357628/lattices/radiokassu_kbk20120915_53.lat.gz´.
2020-08-31 09:57:33,798 decode: Utterance `radiokassu_kbk20120915_53´ -- 15 of job 26
2020-08-31 09:57:34,114 __iter__: Reading lattice file `/tmp/55357628/lattices/radioshaka_kbk20120915_92.lat.gz´.
2020-08-31 09:57:34,564 decode: Utterance `radioshaka_kbk20120915_92´ -- 16 of job 26
/scratch/work/groszt1/envs/theanoLM/lib/python3.7/site-packages/theano/gpuarray/dnn.py:184: UserWarning: Your cuDNN version is more recent than Theano. If you encounter problems, try updating Theano or downgrading cuDNN to a version >= v5 and <= v7.
  warnings.warn("Your cuDNN version is more recent than "
Using cuDNN version 7600 on context None
Mapped name None to device cuda0: Tesla V100-PCIE-32GB (0000:AF:00.0)
/scratch/work/groszt1/envs/theanoLM/lib/python3.7/site-packages/h5py-2.9.0-py3.7-linux-x86_64.egg/h5py/_hl/dataset.py:313: H5pyDeprecationWarning: dataset.value has been deprecated. Use dataset[()] instead.
  "Use dataset[()] instead.", H5pyDeprecationWarning)
/scratch/work/groszt1/envs/theanoLM/lib/python3.7/site-packages/h5py-2.9.0-py3.7-linux-x86_64.egg/h5py/_hl/dataset.py:313: H5pyDeprecationWarning: dataset.value has been deprecated. Use dataset[()] instead.
  "Use dataset[()] instead.", H5pyDeprecationWarning)
decode_theanolm finished.
/tmp/55357628/lattices
floatX=float32,device=cuda0,base_compiledir=/tmp/theano,exception_verbosity=high,openmp=False
/scratch/work/groszt1/envs/theanoLM/lib/python3.7/site-packages/theano/gpuarray/dnn.py:184: UserWarning: Your cuDNN version is more recent than Theano. If you encounter problems, try updating Theano or downgrading cuDNN to a version >= v5 and <= v7.
  warnings.warn("Your cuDNN version is more recent than "
Using cuDNN version 7600 on context None
Mapped name None to device cuda0: Tesla V100-PCIE-32GB (0000:AF:00.0)
TheanoLM 1.3.2
Theano 1.0.4
pygpu 0.7.6
==
+ srun --gres=gpu:1 theanolm decode /scratch/work/moisioa3/conv_lm/experiments/morph/srilm-3-gram/nnlm.h5 --lattice-list /tmp/55357628/lattices/lattice-list --output-file /scratch/work/moisioa3/conv_lm/experiments/morph/srilm-3-gram/decode/devel/lambda=0.5-lms=10/26.trn --output trn --nnlm-weight 0.5 --lm-scale 10 --max-tokens-per-node 62 --beam 650 --recombination-order 22 --num-jobs 64 --job 26
2020-08-31 09:57:54,880 get_default_device: Context None device="Tesla V100-PCIE-32GB" ID="0000:AF:00.0"
2020-08-31 09:57:54,881 from_file: Reading vocabulary from network state.
2020-08-31 09:57:55,087 from_file: Number of words in vocabulary: 42699
2020-08-31 09:57:55,087 from_file: Number of words in shortlist: 42699
2020-08-31 09:57:55,087 from_file: Number of word classes: 42699
2020-08-31 09:57:55,087 from_file: Building neural network.
2020-08-31 09:58:23,498 from_file: Restoring neural network state.
2020-08-31 09:58:23,848 decode: Building word lattice decoder.
2020-08-31 09:58:27,769 __iter__: Reading lattice file `/tmp/55357628/lattices/dspf007_dsp2013_07.lat.gz´.
2020-08-31 09:58:27,936 decode: Utterance `dspf007_dsp2013_07´ -- 1 of job 26
2020-08-31 09:58:32,704 __iter__: Reading lattice file `/tmp/55357628/lattices/dspm005_dsp2013_11.lat.gz´.
2020-08-31 09:58:32,830 decode: Utterance `dspm005_dsp2013_11´ -- 2 of job 26
2020-08-31 09:58:36,331 __iter__: Reading lattice file `/tmp/55357628/lattices/dspm010_dsp2013_07.lat.gz´.
2020-08-31 09:58:37,684 decode: Utterance `dspm010_dsp2013_07´ -- 3 of job 26
2020-08-31 09:59:20,324 __iter__: Reading lattice file `/tmp/55357628/lattices/dspm015_dsp2013_05.lat.gz´.
2020-08-31 09:59:20,832 decode: Utterance `dspm015_dsp2013_05´ -- 4 of job 26
2020-08-31 09:59:39,232 __iter__: Reading lattice file `/tmp/55357628/lattices/dspm019_dsp2013_03.lat.gz´.
2020-08-31 09:59:39,533 decode: Utterance `dspm019_dsp2013_03´ -- 5 of job 26
2020-08-31 09:59:47,037 __iter__: Reading lattice file `/tmp/55357628/lattices/dspm022_dsp2013_24.lat.gz´.
2020-08-31 09:59:48,095 decode: Utterance `dspm022_dsp2013_24´ -- 6 of job 26
2020-08-31 10:00:25,568 __iter__: Reading lattice file `/tmp/55357628/lattices/dspm026_dsp2013_13.lat.gz´.
2020-08-31 10:00:25,639 decode: Utterance `dspm026_dsp2013_13´ -- 7 of job 26
2020-08-31 10:00:28,248 __iter__: Reading lattice file `/tmp/55357628/lattices/dspm032_dsp2013_12.lat.gz´.
2020-08-31 10:00:29,339 decode: Utterance `dspm032_dsp2013_12´ -- 8 of job 26
2020-08-31 10:01:01,800 __iter__: Reading lattice file `/tmp/55357628/lattices/dspm036_dsp2013_36.lat.gz´.
2020-08-31 10:01:03,432 decode: Utterance `dspm036_dsp2013_36´ -- 9 of job 26
2020-08-31 10:01:53,097 __iter__: Reading lattice file `/tmp/55357628/lattices/dspm042_dsp2013_14.lat.gz´.
2020-08-31 10:01:53,289 decode: Utterance `dspm042_dsp2013_14´ -- 10 of job 26
2020-08-31 10:01:58,979 __iter__: Reading lattice file `/tmp/55357628/lattices/dspm047_dsp2013_11.lat.gz´.
2020-08-31 10:01:59,437 decode: Utterance `dspm047_dsp2013_11´ -- 11 of job 26
2020-08-31 10:02:10,492 __iter__: Reading lattice file `/tmp/55357628/lattices/dspm050_dsp2013_23.lat.gz´.
2020-08-31 10:02:10,672 decode: Utterance `dspm050_dsp2013_23´ -- 12 of job 26
2020-08-31 10:02:17,535 __iter__: Reading lattice file `/tmp/55357628/lattices/dspm055_dsp2013_15.lat.gz´.
2020-08-31 10:02:17,608 decode: Utterance `dspm055_dsp2013_15´ -- 13 of job 26
2020-08-31 10:02:20,880 __iter__: Reading lattice file `/tmp/55357628/lattices/dspm058_dsp2013_21.lat.gz´.
2020-08-31 10:02:21,013 decode: Utterance `dspm058_dsp2013_21´ -- 14 of job 26
2020-08-31 10:02:24,622 __iter__: Reading lattice file `/tmp/55357628/lattices/radiokassu_kbk20120915_53.lat.gz´.
2020-08-31 10:02:24,643 decode: Utterance `radiokassu_kbk20120915_53´ -- 15 of job 26
2020-08-31 10:02:24,961 __iter__: Reading lattice file `/tmp/55357628/lattices/radioshaka_kbk20120915_92.lat.gz´.
2020-08-31 10:02:25,419 decode: Utterance `radioshaka_kbk20120915_92´ -- 16 of job 26
/scratch/work/groszt1/envs/theanoLM/lib/python3.7/site-packages/theano/gpuarray/dnn.py:184: UserWarning: Your cuDNN version is more recent than Theano. If you encounter problems, try updating Theano or downgrading cuDNN to a version >= v5 and <= v7.
  warnings.warn("Your cuDNN version is more recent than "
Using cuDNN version 7600 on context None
Mapped name None to device cuda0: Tesla V100-PCIE-32GB (0000:AF:00.0)
/scratch/work/groszt1/envs/theanoLM/lib/python3.7/site-packages/h5py-2.9.0-py3.7-linux-x86_64.egg/h5py/_hl/dataset.py:313: H5pyDeprecationWarning: dataset.value has been deprecated. Use dataset[()] instead.
  "Use dataset[()] instead.", H5pyDeprecationWarning)
/scratch/work/groszt1/envs/theanoLM/lib/python3.7/site-packages/h5py-2.9.0-py3.7-linux-x86_64.egg/h5py/_hl/dataset.py:313: H5pyDeprecationWarning: dataset.value has been deprecated. Use dataset[()] instead.
  "Use dataset[()] instead.", H5pyDeprecationWarning)
decode_theanolm finished.
/tmp/55357628/lattices
floatX=float32,device=cuda0,base_compiledir=/tmp/theano,exception_verbosity=high,openmp=False
/scratch/work/groszt1/envs/theanoLM/lib/python3.7/site-packages/theano/gpuarray/dnn.py:184: UserWarning: Your cuDNN version is more recent than Theano. If you encounter problems, try updating Theano or downgrading cuDNN to a version >= v5 and <= v7.
  warnings.warn("Your cuDNN version is more recent than "
Using cuDNN version 7600 on context None
Mapped name None to device cuda0: Tesla V100-PCIE-32GB (0000:AF:00.0)
TheanoLM 1.3.2
Theano 1.0.4
pygpu 0.7.6
==
+ srun --gres=gpu:1 theanolm decode /scratch/work/moisioa3/conv_lm/experiments/morph/srilm-3-gram/nnlm.h5 --lattice-list /tmp/55357628/lattices/lattice-list --output-file /scratch/work/moisioa3/conv_lm/experiments/morph/srilm-3-gram/decode/devel/lambda=1.0-lms=9/26.trn --output trn --nnlm-weight 1.0 --lm-scale 9 --max-tokens-per-node 62 --beam 650 --recombination-order 22 --num-jobs 64 --job 26
2020-08-31 10:02:46,124 get_default_device: Context None device="Tesla V100-PCIE-32GB" ID="0000:AF:00.0"
2020-08-31 10:02:46,125 from_file: Reading vocabulary from network state.
2020-08-31 10:02:46,336 from_file: Number of words in vocabulary: 42699
2020-08-31 10:02:46,336 from_file: Number of words in shortlist: 42699
2020-08-31 10:02:46,336 from_file: Number of word classes: 42699
2020-08-31 10:02:46,336 from_file: Building neural network.
2020-08-31 10:03:15,228 from_file: Restoring neural network state.
2020-08-31 10:03:15,585 decode: Building word lattice decoder.
2020-08-31 10:03:19,506 __iter__: Reading lattice file `/tmp/55357628/lattices/dspf007_dsp2013_07.lat.gz´.
2020-08-31 10:03:19,675 decode: Utterance `dspf007_dsp2013_07´ -- 1 of job 26
2020-08-31 10:03:24,048 __iter__: Reading lattice file `/tmp/55357628/lattices/dspm005_dsp2013_11.lat.gz´.
2020-08-31 10:03:24,173 decode: Utterance `dspm005_dsp2013_11´ -- 2 of job 26
2020-08-31 10:03:27,424 __iter__: Reading lattice file `/tmp/55357628/lattices/dspm010_dsp2013_07.lat.gz´.
2020-08-31 10:03:28,749 decode: Utterance `dspm010_dsp2013_07´ -- 3 of job 26
2020-08-31 10:04:06,330 __iter__: Reading lattice file `/tmp/55357628/lattices/dspm015_dsp2013_05.lat.gz´.
2020-08-31 10:04:06,832 decode: Utterance `dspm015_dsp2013_05´ -- 4 of job 26
2020-08-31 10:04:20,422 __iter__: Reading lattice file `/tmp/55357628/lattices/dspm019_dsp2013_03.lat.gz´.
2020-08-31 10:04:20,719 decode: Utterance `dspm019_dsp2013_03´ -- 5 of job 26
2020-08-31 10:04:27,213 __iter__: Reading lattice file `/tmp/55357628/lattices/dspm022_dsp2013_24.lat.gz´.
2020-08-31 10:04:28,256 decode: Utterance `dspm022_dsp2013_24´ -- 6 of job 26
2020-08-31 10:04:59,348 __iter__: Reading lattice file `/tmp/55357628/lattices/dspm026_dsp2013_13.lat.gz´.
2020-08-31 10:04:59,417 decode: Utterance `dspm026_dsp2013_13´ -- 7 of job 26
2020-08-31 10:05:01,511 __iter__: Reading lattice file `/tmp/55357628/lattices/dspm032_dsp2013_12.lat.gz´.
2020-08-31 10:05:02,592 decode: Utterance `dspm032_dsp2013_12´ -- 8 of job 26
2020-08-31 10:05:29,490 __iter__: Reading lattice file `/tmp/55357628/lattices/dspm036_dsp2013_36.lat.gz´.
2020-08-31 10:05:31,101 decode: Utterance `dspm036_dsp2013_36´ -- 9 of job 26
2020-08-31 10:06:15,729 __iter__: Reading lattice file `/tmp/55357628/lattices/dspm042_dsp2013_14.lat.gz´.
2020-08-31 10:06:15,917 decode: Utterance `dspm042_dsp2013_14´ -- 10 of job 26
2020-08-31 10:06:20,820 __iter__: Reading lattice file `/tmp/55357628/lattices/dspm047_dsp2013_11.lat.gz´.
2020-08-31 10:06:21,270 decode: Utterance `dspm047_dsp2013_11´ -- 11 of job 26
2020-08-31 10:06:32,123 __iter__: Reading lattice file `/tmp/55357628/lattices/dspm050_dsp2013_23.lat.gz´.
2020-08-31 10:06:32,300 decode: Utterance `dspm050_dsp2013_23´ -- 12 of job 26
2020-08-31 10:06:38,261 __iter__: Reading lattice file `/tmp/55357628/lattices/dspm055_dsp2013_15.lat.gz´.
2020-08-31 10:06:38,332 decode: Utterance `dspm055_dsp2013_15´ -- 13 of job 26
2020-08-31 10:06:41,036 __iter__: Reading lattice file `/tmp/55357628/lattices/dspm058_dsp2013_21.lat.gz´.
2020-08-31 10:06:41,167 decode: Utterance `dspm058_dsp2013_21´ -- 14 of job 26
2020-08-31 10:06:44,162 __iter__: Reading lattice file `/tmp/55357628/lattices/radiokassu_kbk20120915_53.lat.gz´.
2020-08-31 10:06:44,184 decode: Utterance `radiokassu_kbk20120915_53´ -- 15 of job 26
2020-08-31 10:06:44,498 __iter__: Reading lattice file `/tmp/55357628/lattices/radioshaka_kbk20120915_92.lat.gz´.
2020-08-31 10:06:44,948 decode: Utterance `radioshaka_kbk20120915_92´ -- 16 of job 26
/scratch/work/groszt1/envs/theanoLM/lib/python3.7/site-packages/theano/gpuarray/dnn.py:184: UserWarning: Your cuDNN version is more recent than Theano. If you encounter problems, try updating Theano or downgrading cuDNN to a version >= v5 and <= v7.
  warnings.warn("Your cuDNN version is more recent than "
Using cuDNN version 7600 on context None
Mapped name None to device cuda0: Tesla V100-PCIE-32GB (0000:AF:00.0)
/scratch/work/groszt1/envs/theanoLM/lib/python3.7/site-packages/h5py-2.9.0-py3.7-linux-x86_64.egg/h5py/_hl/dataset.py:313: H5pyDeprecationWarning: dataset.value has been deprecated. Use dataset[()] instead.
  "Use dataset[()] instead.", H5pyDeprecationWarning)
/scratch/work/groszt1/envs/theanoLM/lib/python3.7/site-packages/h5py-2.9.0-py3.7-linux-x86_64.egg/h5py/_hl/dataset.py:313: H5pyDeprecationWarning: dataset.value has been deprecated. Use dataset[()] instead.
  "Use dataset[()] instead.", H5pyDeprecationWarning)
decode_theanolm finished.
/tmp/55357628/lattices
floatX=float32,device=cuda0,base_compiledir=/tmp/theano,exception_verbosity=high,openmp=False
/scratch/work/groszt1/envs/theanoLM/lib/python3.7/site-packages/theano/gpuarray/dnn.py:184: UserWarning: Your cuDNN version is more recent than Theano. If you encounter problems, try updating Theano or downgrading cuDNN to a version >= v5 and <= v7.
  warnings.warn("Your cuDNN version is more recent than "
Using cuDNN version 7600 on context None
Mapped name None to device cuda0: Tesla V100-PCIE-32GB (0000:AF:00.0)
TheanoLM 1.3.2
Theano 1.0.4
pygpu 0.7.6
==
+ srun --gres=gpu:1 theanolm decode /scratch/work/moisioa3/conv_lm/experiments/morph/srilm-3-gram/nnlm.h5 --lattice-list /tmp/55357628/lattices/lattice-list --output-file /scratch/work/moisioa3/conv_lm/experiments/morph/srilm-3-gram/decode/devel/lambda=1.0-lms=10/26.trn --output trn --nnlm-weight 1.0 --lm-scale 10 --max-tokens-per-node 62 --beam 650 --recombination-order 22 --num-jobs 64 --job 26
2020-08-31 10:07:02,897 get_default_device: Context None device="Tesla V100-PCIE-32GB" ID="0000:AF:00.0"
2020-08-31 10:07:02,898 from_file: Reading vocabulary from network state.
2020-08-31 10:07:03,100 from_file: Number of words in vocabulary: 42699
2020-08-31 10:07:03,101 from_file: Number of words in shortlist: 42699
2020-08-31 10:07:03,101 from_file: Number of word classes: 42699
2020-08-31 10:07:03,101 from_file: Building neural network.
2020-08-31 10:07:31,439 from_file: Restoring neural network state.
2020-08-31 10:07:31,793 decode: Building word lattice decoder.
2020-08-31 10:07:35,695 __iter__: Reading lattice file `/tmp/55357628/lattices/dspf007_dsp2013_07.lat.gz´.
2020-08-31 10:07:35,858 decode: Utterance `dspf007_dsp2013_07´ -- 1 of job 26
2020-08-31 10:07:40,108 __iter__: Reading lattice file `/tmp/55357628/lattices/dspm005_dsp2013_11.lat.gz´.
2020-08-31 10:07:40,231 decode: Utterance `dspm005_dsp2013_11´ -- 2 of job 26
2020-08-31 10:07:43,443 __iter__: Reading lattice file `/tmp/55357628/lattices/dspm010_dsp2013_07.lat.gz´.
2020-08-31 10:07:44,754 decode: Utterance `dspm010_dsp2013_07´ -- 3 of job 26
2020-08-31 10:08:21,485 __iter__: Reading lattice file `/tmp/55357628/lattices/dspm015_dsp2013_05.lat.gz´.
2020-08-31 10:08:21,980 decode: Utterance `dspm015_dsp2013_05´ -- 4 of job 26
2020-08-31 10:08:35,085 __iter__: Reading lattice file `/tmp/55357628/lattices/dspm019_dsp2013_03.lat.gz´.
2020-08-31 10:08:35,380 decode: Utterance `dspm019_dsp2013_03´ -- 5 of job 26
2020-08-31 10:08:41,920 __iter__: Reading lattice file `/tmp/55357628/lattices/dspm022_dsp2013_24.lat.gz´.
2020-08-31 10:08:42,956 decode: Utterance `dspm022_dsp2013_24´ -- 6 of job 26
2020-08-31 10:09:14,767 __iter__: Reading lattice file `/tmp/55357628/lattices/dspm026_dsp2013_13.lat.gz´.
2020-08-31 10:09:14,834 decode: Utterance `dspm026_dsp2013_13´ -- 7 of job 26
2020-08-31 10:09:16,873 __iter__: Reading lattice file `/tmp/55357628/lattices/dspm032_dsp2013_12.lat.gz´.
2020-08-31 10:09:17,942 decode: Utterance `dspm032_dsp2013_12´ -- 8 of job 26
2020-08-31 10:09:44,724 __iter__: Reading lattice file `/tmp/55357628/lattices/dspm036_dsp2013_36.lat.gz´.
2020-08-31 10:09:46,327 decode: Utterance `dspm036_dsp2013_36´ -- 9 of job 26
2020-08-31 10:10:31,274 __iter__: Reading lattice file `/tmp/55357628/lattices/dspm042_dsp2013_14.lat.gz´.
2020-08-31 10:10:31,461 decode: Utterance `dspm042_dsp2013_14´ -- 10 of job 26
2020-08-31 10:10:36,308 __iter__: Reading lattice file `/tmp/55357628/lattices/dspm047_dsp2013_11.lat.gz´.
2020-08-31 10:10:36,752 decode: Utterance `dspm047_dsp2013_11´ -- 11 of job 26
2020-08-31 10:10:47,593 __iter__: Reading lattice file `/tmp/55357628/lattices/dspm050_dsp2013_23.lat.gz´.
2020-08-31 10:10:47,767 decode: Utterance `dspm050_dsp2013_23´ -- 12 of job 26
2020-08-31 10:10:53,632 __iter__: Reading lattice file `/tmp/55357628/lattices/dspm055_dsp2013_15.lat.gz´.
2020-08-31 10:10:53,702 decode: Utterance `dspm055_dsp2013_15´ -- 13 of job 26
2020-08-31 10:10:56,388 __iter__: Reading lattice file `/tmp/55357628/lattices/dspm058_dsp2013_21.lat.gz´.
2020-08-31 10:10:56,517 decode: Utterance `dspm058_dsp2013_21´ -- 14 of job 26
2020-08-31 10:10:59,525 __iter__: Reading lattice file `/tmp/55357628/lattices/radiokassu_kbk20120915_53.lat.gz´.
2020-08-31 10:10:59,546 decode: Utterance `radiokassu_kbk20120915_53´ -- 15 of job 26
2020-08-31 10:10:59,859 __iter__: Reading lattice file `/tmp/55357628/lattices/radioshaka_kbk20120915_92.lat.gz´.
2020-08-31 10:11:00,305 decode: Utterance `radioshaka_kbk20120915_92´ -- 16 of job 26
/scratch/work/groszt1/envs/theanoLM/lib/python3.7/site-packages/theano/gpuarray/dnn.py:184: UserWarning: Your cuDNN version is more recent than Theano. If you encounter problems, try updating Theano or downgrading cuDNN to a version >= v5 and <= v7.
  warnings.warn("Your cuDNN version is more recent than "
Using cuDNN version 7600 on context None
Mapped name None to device cuda0: Tesla V100-PCIE-32GB (0000:AF:00.0)
/scratch/work/groszt1/envs/theanoLM/lib/python3.7/site-packages/h5py-2.9.0-py3.7-linux-x86_64.egg/h5py/_hl/dataset.py:313: H5pyDeprecationWarning: dataset.value has been deprecated. Use dataset[()] instead.
  "Use dataset[()] instead.", H5pyDeprecationWarning)
/scratch/work/groszt1/envs/theanoLM/lib/python3.7/site-packages/h5py-2.9.0-py3.7-linux-x86_64.egg/h5py/_hl/dataset.py:313: H5pyDeprecationWarning: dataset.value has been deprecated. Use dataset[()] instead.
  "Use dataset[()] instead.", H5pyDeprecationWarning)
decode_theanolm finished.
decode devel finished.
