Experiment: morph/srilm-3-gram
Job ID: 55357612
Task ID: 10
Host: gpu30.int.triton.aalto.fi
Start date: Mon Aug 31 09:52:31 EEST 2020
Work directory: /scratch/work/moisioa3/conv_lm/experiments/morph/srilm-3-gram
Temporary directory: /tmp/55357612

Currently Loaded Modules:
  1) speech-scripts/2016.05.24-b928230   6) binutils/2.25-GCCcore-5.4.0
  2) srilm/default                       7) GCC/5.4.0-2.25
  3) cuda/10.0.130                       8) libgpuarray/2017.03.29-45c731f
  4) cudnn/7.4.2-cuda                    9) anaconda3/latest
  5) GCCcore/5.4.0

 

/tmp/55357612/lattices
floatX=float32,device=cuda0,base_compiledir=/tmp/theano,exception_verbosity=high,openmp=False
INFO (theano.gof.compilelock): Waiting for existing lock by unknown process (I am process '172776')
INFO (theano.gof.compilelock): To manually release the lock, delete /tmp/theano/compiledir_Linux-3.10-el7.x86_64-x86_64-with-centos-7.8.2003-Core-x86_64-3.7.3-64/lock_dir
/scratch/work/groszt1/envs/theanoLM/lib/python3.7/site-packages/theano/gpuarray/dnn.py:184: UserWarning: Your cuDNN version is more recent than Theano. If you encounter problems, try updating Theano or downgrading cuDNN to a version >= v5 and <= v7.
  warnings.warn("Your cuDNN version is more recent than "
Using cuDNN version 7600 on context None
Mapped name None to device cuda0: Tesla V100-PCIE-32GB (0000:AF:00.0)
TheanoLM 1.3.2
Theano 1.0.4
pygpu 0.7.6
==
+ srun --gres=gpu:1 theanolm decode /scratch/work/moisioa3/conv_lm/experiments/morph/srilm-3-gram/nnlm.h5 --lattice-list /tmp/55357612/lattices/lattice-list --output-file /scratch/work/moisioa3/conv_lm/experiments/morph/srilm-3-gram/decode/devel/lambda=0.5-lms=9/10.trn --output trn --nnlm-weight 0.5 --lm-scale 9 --max-tokens-per-node 62 --beam 650 --recombination-order 22 --num-jobs 64 --job 10
2020-08-31 09:53:06,963 get_default_device: Context None device="Tesla V100-PCIE-32GB" ID="0000:AF:00.0"
2020-08-31 09:53:06,965 from_file: Reading vocabulary from network state.
2020-08-31 09:53:07,183 from_file: Number of words in vocabulary: 42699
2020-08-31 09:53:07,183 from_file: Number of words in shortlist: 42699
2020-08-31 09:53:07,183 from_file: Number of word classes: 42699
2020-08-31 09:53:07,183 from_file: Building neural network.
2020-08-31 09:53:45,384 from_file: Restoring neural network state.
2020-08-31 09:53:45,775 decode: Building word lattice decoder.
2020-08-31 09:53:49,777 __iter__: Reading lattice file `/tmp/55357612/lattices/dspf004_dsp2013_12.lat.gz´.
2020-08-31 09:53:52,573 decode: Utterance `dspf004_dsp2013_12´ -- 1 of job 10
2020-08-31 09:55:30,113 __iter__: Reading lattice file `/tmp/55357612/lattices/dspm004_dsp2013_15.lat.gz´.
2020-08-31 09:55:30,597 decode: Utterance `dspm004_dsp2013_15´ -- 2 of job 10
2020-08-31 09:55:46,486 __iter__: Reading lattice file `/tmp/55357612/lattices/dspm007_dsp2013_20.lat.gz´.
2020-08-31 09:55:46,860 decode: Utterance `dspm007_dsp2013_20´ -- 3 of job 10
2020-08-31 09:55:58,251 __iter__: Reading lattice file `/tmp/55357612/lattices/dspm014_dsp2013_22.lat.gz´.
2020-08-31 09:55:58,636 decode: Utterance `dspm014_dsp2013_22´ -- 4 of job 10
2020-08-31 09:56:09,240 __iter__: Reading lattice file `/tmp/55357612/lattices/dspm018_dsp2013_09.lat.gz´.
2020-08-31 09:56:09,803 decode: Utterance `dspm018_dsp2013_09´ -- 5 of job 10
2020-08-31 09:56:32,265 __iter__: Reading lattice file `/tmp/55357612/lattices/dspm022_dsp2013_08.lat.gz´.
2020-08-31 09:56:32,350 decode: Utterance `dspm022_dsp2013_08´ -- 6 of job 10
2020-08-31 09:56:34,218 __iter__: Reading lattice file `/tmp/55357612/lattices/dspm025_dsp2013_27.lat.gz´.
2020-08-31 09:56:34,629 decode: Utterance `dspm025_dsp2013_27´ -- 7 of job 10
2020-08-31 09:56:56,307 __iter__: Reading lattice file `/tmp/55357612/lattices/dspm031_dsp2013_21.lat.gz´.
2020-08-31 09:56:56,328 decode: Utterance `dspm031_dsp2013_21´ -- 8 of job 10
2020-08-31 09:56:56,820 __iter__: Reading lattice file `/tmp/55357612/lattices/dspm034_dsp2013_16.lat.gz´.
2020-08-31 09:56:56,856 decode: Utterance `dspm034_dsp2013_16´ -- 9 of job 10
2020-08-31 09:56:57,613 __iter__: Reading lattice file `/tmp/55357612/lattices/dspm040_dsp2013_16.lat.gz´.
2020-08-31 09:56:57,700 decode: Utterance `dspm040_dsp2013_16´ -- 10 of job 10
2020-08-31 09:56:59,671 __iter__: Reading lattice file `/tmp/55357612/lattices/dspm045_dsp2013_15.lat.gz´.
2020-08-31 09:57:00,108 decode: Utterance `dspm045_dsp2013_15´ -- 11 of job 10
2020-08-31 09:57:13,309 __iter__: Reading lattice file `/tmp/55357612/lattices/dspm049_dsp2013_18.lat.gz´.
2020-08-31 09:57:13,531 decode: Utterance `dspm049_dsp2013_18´ -- 12 of job 10
2020-08-31 09:57:18,982 __iter__: Reading lattice file `/tmp/55357612/lattices/dspm054_dsp2013_22.lat.gz´.
2020-08-31 09:57:19,930 decode: Utterance `dspm054_dsp2013_22´ -- 13 of job 10
2020-08-31 09:57:44,430 __iter__: Reading lattice file `/tmp/55357612/lattices/dspm058_dsp2013_03.lat.gz´.
2020-08-31 09:57:44,541 decode: Utterance `dspm058_dsp2013_03´ -- 14 of job 10
2020-08-31 09:57:47,303 __iter__: Reading lattice file `/tmp/55357612/lattices/radiojake_kbk20120915_86.lat.gz´.
2020-08-31 09:57:47,465 decode: Utterance `radiojake_kbk20120915_86´ -- 15 of job 10
2020-08-31 09:57:55,663 __iter__: Reading lattice file `/tmp/55357612/lattices/radioshaka_kbk20120915_57.lat.gz´.
2020-08-31 09:57:55,767 decode: Utterance `radioshaka_kbk20120915_57´ -- 16 of job 10
/scratch/work/groszt1/envs/theanoLM/lib/python3.7/site-packages/theano/gpuarray/dnn.py:184: UserWarning: Your cuDNN version is more recent than Theano. If you encounter problems, try updating Theano or downgrading cuDNN to a version >= v5 and <= v7.
  warnings.warn("Your cuDNN version is more recent than "
Using cuDNN version 7600 on context None
Mapped name None to device cuda0: Tesla V100-PCIE-32GB (0000:AF:00.0)
/scratch/work/groszt1/envs/theanoLM/lib/python3.7/site-packages/h5py-2.9.0-py3.7-linux-x86_64.egg/h5py/_hl/dataset.py:313: H5pyDeprecationWarning: dataset.value has been deprecated. Use dataset[()] instead.
  "Use dataset[()] instead.", H5pyDeprecationWarning)
/scratch/work/groszt1/envs/theanoLM/lib/python3.7/site-packages/h5py-2.9.0-py3.7-linux-x86_64.egg/h5py/_hl/dataset.py:313: H5pyDeprecationWarning: dataset.value has been deprecated. Use dataset[()] instead.
  "Use dataset[()] instead.", H5pyDeprecationWarning)
decode_theanolm finished.
/tmp/55357612/lattices
floatX=float32,device=cuda0,base_compiledir=/tmp/theano,exception_verbosity=high,openmp=False
/scratch/work/groszt1/envs/theanoLM/lib/python3.7/site-packages/theano/gpuarray/dnn.py:184: UserWarning: Your cuDNN version is more recent than Theano. If you encounter problems, try updating Theano or downgrading cuDNN to a version >= v5 and <= v7.
  warnings.warn("Your cuDNN version is more recent than "
Using cuDNN version 7600 on context None
Mapped name None to device cuda0: Tesla V100-PCIE-32GB (0000:AF:00.0)
TheanoLM 1.3.2
Theano 1.0.4
pygpu 0.7.6
==
+ srun --gres=gpu:1 theanolm decode /scratch/work/moisioa3/conv_lm/experiments/morph/srilm-3-gram/nnlm.h5 --lattice-list /tmp/55357612/lattices/lattice-list --output-file /scratch/work/moisioa3/conv_lm/experiments/morph/srilm-3-gram/decode/devel/lambda=0.5-lms=10/10.trn --output trn --nnlm-weight 0.5 --lm-scale 10 --max-tokens-per-node 62 --beam 650 --recombination-order 22 --num-jobs 64 --job 10
2020-08-31 09:58:04,316 get_default_device: Context None device="Tesla V100-PCIE-32GB" ID="0000:AF:00.0"
2020-08-31 09:58:04,317 from_file: Reading vocabulary from network state.
2020-08-31 09:58:04,528 from_file: Number of words in vocabulary: 42699
2020-08-31 09:58:04,529 from_file: Number of words in shortlist: 42699
2020-08-31 09:58:04,529 from_file: Number of word classes: 42699
2020-08-31 09:58:04,529 from_file: Building neural network.
2020-08-31 09:58:33,216 from_file: Restoring neural network state.
2020-08-31 09:58:33,592 decode: Building word lattice decoder.
2020-08-31 09:58:37,617 __iter__: Reading lattice file `/tmp/55357612/lattices/dspf004_dsp2013_12.lat.gz´.
2020-08-31 09:58:40,512 decode: Utterance `dspf004_dsp2013_12´ -- 1 of job 10
2020-08-31 10:00:23,052 __iter__: Reading lattice file `/tmp/55357612/lattices/dspm004_dsp2013_15.lat.gz´.
2020-08-31 10:00:23,544 decode: Utterance `dspm004_dsp2013_15´ -- 2 of job 10
2020-08-31 10:00:40,101 __iter__: Reading lattice file `/tmp/55357612/lattices/dspm007_dsp2013_20.lat.gz´.
2020-08-31 10:00:40,477 decode: Utterance `dspm007_dsp2013_20´ -- 3 of job 10
2020-08-31 10:00:51,960 __iter__: Reading lattice file `/tmp/55357612/lattices/dspm014_dsp2013_22.lat.gz´.
2020-08-31 10:00:52,347 decode: Utterance `dspm014_dsp2013_22´ -- 4 of job 10
2020-08-31 10:01:03,097 __iter__: Reading lattice file `/tmp/55357612/lattices/dspm018_dsp2013_09.lat.gz´.
2020-08-31 10:01:03,668 decode: Utterance `dspm018_dsp2013_09´ -- 5 of job 10
2020-08-31 10:01:26,950 __iter__: Reading lattice file `/tmp/55357612/lattices/dspm022_dsp2013_08.lat.gz´.
2020-08-31 10:01:27,035 decode: Utterance `dspm022_dsp2013_08´ -- 6 of job 10
2020-08-31 10:01:28,902 __iter__: Reading lattice file `/tmp/55357612/lattices/dspm025_dsp2013_27.lat.gz´.
2020-08-31 10:01:29,319 decode: Utterance `dspm025_dsp2013_27´ -- 7 of job 10
2020-08-31 10:01:50,542 __iter__: Reading lattice file `/tmp/55357612/lattices/dspm031_dsp2013_21.lat.gz´.
2020-08-31 10:01:50,564 decode: Utterance `dspm031_dsp2013_21´ -- 8 of job 10
2020-08-31 10:01:51,043 __iter__: Reading lattice file `/tmp/55357612/lattices/dspm034_dsp2013_16.lat.gz´.
2020-08-31 10:01:51,078 decode: Utterance `dspm034_dsp2013_16´ -- 9 of job 10
2020-08-31 10:01:51,837 __iter__: Reading lattice file `/tmp/55357612/lattices/dspm040_dsp2013_16.lat.gz´.
2020-08-31 10:01:51,925 decode: Utterance `dspm040_dsp2013_16´ -- 10 of job 10
2020-08-31 10:01:53,925 __iter__: Reading lattice file `/tmp/55357612/lattices/dspm045_dsp2013_15.lat.gz´.
2020-08-31 10:01:54,365 decode: Utterance `dspm045_dsp2013_15´ -- 11 of job 10
2020-08-31 10:02:07,696 __iter__: Reading lattice file `/tmp/55357612/lattices/dspm049_dsp2013_18.lat.gz´.
2020-08-31 10:02:07,921 decode: Utterance `dspm049_dsp2013_18´ -- 12 of job 10
2020-08-31 10:02:13,354 __iter__: Reading lattice file `/tmp/55357612/lattices/dspm054_dsp2013_22.lat.gz´.
2020-08-31 10:02:14,313 decode: Utterance `dspm054_dsp2013_22´ -- 13 of job 10
2020-08-31 10:02:39,242 __iter__: Reading lattice file `/tmp/55357612/lattices/dspm058_dsp2013_03.lat.gz´.
2020-08-31 10:02:39,354 decode: Utterance `dspm058_dsp2013_03´ -- 14 of job 10
2020-08-31 10:02:42,121 __iter__: Reading lattice file `/tmp/55357612/lattices/radiojake_kbk20120915_86.lat.gz´.
2020-08-31 10:02:42,284 decode: Utterance `radiojake_kbk20120915_86´ -- 15 of job 10
2020-08-31 10:02:50,540 __iter__: Reading lattice file `/tmp/55357612/lattices/radioshaka_kbk20120915_57.lat.gz´.
2020-08-31 10:02:50,645 decode: Utterance `radioshaka_kbk20120915_57´ -- 16 of job 10
/scratch/work/groszt1/envs/theanoLM/lib/python3.7/site-packages/theano/gpuarray/dnn.py:184: UserWarning: Your cuDNN version is more recent than Theano. If you encounter problems, try updating Theano or downgrading cuDNN to a version >= v5 and <= v7.
  warnings.warn("Your cuDNN version is more recent than "
Using cuDNN version 7600 on context None
Mapped name None to device cuda0: Tesla V100-PCIE-32GB (0000:AF:00.0)
/scratch/work/groszt1/envs/theanoLM/lib/python3.7/site-packages/h5py-2.9.0-py3.7-linux-x86_64.egg/h5py/_hl/dataset.py:313: H5pyDeprecationWarning: dataset.value has been deprecated. Use dataset[()] instead.
  "Use dataset[()] instead.", H5pyDeprecationWarning)
/scratch/work/groszt1/envs/theanoLM/lib/python3.7/site-packages/h5py-2.9.0-py3.7-linux-x86_64.egg/h5py/_hl/dataset.py:313: H5pyDeprecationWarning: dataset.value has been deprecated. Use dataset[()] instead.
  "Use dataset[()] instead.", H5pyDeprecationWarning)
decode_theanolm finished.
/tmp/55357612/lattices
floatX=float32,device=cuda0,base_compiledir=/tmp/theano,exception_verbosity=high,openmp=False
/scratch/work/groszt1/envs/theanoLM/lib/python3.7/site-packages/theano/gpuarray/dnn.py:184: UserWarning: Your cuDNN version is more recent than Theano. If you encounter problems, try updating Theano or downgrading cuDNN to a version >= v5 and <= v7.
  warnings.warn("Your cuDNN version is more recent than "
Using cuDNN version 7600 on context None
Mapped name None to device cuda0: Tesla V100-PCIE-32GB (0000:AF:00.0)
TheanoLM 1.3.2
Theano 1.0.4
pygpu 0.7.6
==
+ srun --gres=gpu:1 theanolm decode /scratch/work/moisioa3/conv_lm/experiments/morph/srilm-3-gram/nnlm.h5 --lattice-list /tmp/55357612/lattices/lattice-list --output-file /scratch/work/moisioa3/conv_lm/experiments/morph/srilm-3-gram/decode/devel/lambda=1.0-lms=9/10.trn --output trn --nnlm-weight 1.0 --lm-scale 9 --max-tokens-per-node 62 --beam 650 --recombination-order 22 --num-jobs 64 --job 10
2020-08-31 10:02:59,585 get_default_device: Context None device="Tesla V100-PCIE-32GB" ID="0000:AF:00.0"
2020-08-31 10:02:59,586 from_file: Reading vocabulary from network state.
2020-08-31 10:02:59,809 from_file: Number of words in vocabulary: 42699
2020-08-31 10:02:59,809 from_file: Number of words in shortlist: 42699
2020-08-31 10:02:59,809 from_file: Number of word classes: 42699
2020-08-31 10:02:59,809 from_file: Building neural network.
2020-08-31 10:03:29,076 from_file: Restoring neural network state.
2020-08-31 10:03:29,458 decode: Building word lattice decoder.
2020-08-31 10:03:33,583 __iter__: Reading lattice file `/tmp/55357612/lattices/dspf004_dsp2013_12.lat.gz´.
2020-08-31 10:03:36,398 decode: Utterance `dspf004_dsp2013_12´ -- 1 of job 10
2020-08-31 10:05:05,763 __iter__: Reading lattice file `/tmp/55357612/lattices/dspm004_dsp2013_15.lat.gz´.
2020-08-31 10:05:06,254 decode: Utterance `dspm004_dsp2013_15´ -- 2 of job 10
2020-08-31 10:05:19,536 __iter__: Reading lattice file `/tmp/55357612/lattices/dspm007_dsp2013_20.lat.gz´.
2020-08-31 10:05:19,913 decode: Utterance `dspm007_dsp2013_20´ -- 3 of job 10
2020-08-31 10:05:31,144 __iter__: Reading lattice file `/tmp/55357612/lattices/dspm014_dsp2013_22.lat.gz´.
2020-08-31 10:05:31,532 decode: Utterance `dspm014_dsp2013_22´ -- 4 of job 10
2020-08-31 10:05:41,092 __iter__: Reading lattice file `/tmp/55357612/lattices/dspm018_dsp2013_09.lat.gz´.
2020-08-31 10:05:41,661 decode: Utterance `dspm018_dsp2013_09´ -- 5 of job 10
2020-08-31 10:06:00,924 __iter__: Reading lattice file `/tmp/55357612/lattices/dspm022_dsp2013_08.lat.gz´.
2020-08-31 10:06:01,009 decode: Utterance `dspm022_dsp2013_08´ -- 6 of job 10
2020-08-31 10:06:02,718 __iter__: Reading lattice file `/tmp/55357612/lattices/dspm025_dsp2013_27.lat.gz´.
2020-08-31 10:06:03,136 decode: Utterance `dspm025_dsp2013_27´ -- 7 of job 10
2020-08-31 10:06:19,443 __iter__: Reading lattice file `/tmp/55357612/lattices/dspm031_dsp2013_21.lat.gz´.
2020-08-31 10:06:19,465 decode: Utterance `dspm031_dsp2013_21´ -- 8 of job 10
2020-08-31 10:06:19,933 __iter__: Reading lattice file `/tmp/55357612/lattices/dspm034_dsp2013_16.lat.gz´.
2020-08-31 10:06:19,968 decode: Utterance `dspm034_dsp2013_16´ -- 9 of job 10
2020-08-31 10:06:20,693 __iter__: Reading lattice file `/tmp/55357612/lattices/dspm040_dsp2013_16.lat.gz´.
2020-08-31 10:06:20,780 decode: Utterance `dspm040_dsp2013_16´ -- 10 of job 10
2020-08-31 10:06:22,686 __iter__: Reading lattice file `/tmp/55357612/lattices/dspm045_dsp2013_15.lat.gz´.
2020-08-31 10:06:23,126 decode: Utterance `dspm045_dsp2013_15´ -- 11 of job 10
2020-08-31 10:06:35,769 __iter__: Reading lattice file `/tmp/55357612/lattices/dspm049_dsp2013_18.lat.gz´.
2020-08-31 10:06:35,994 decode: Utterance `dspm049_dsp2013_18´ -- 12 of job 10
2020-08-31 10:06:41,400 __iter__: Reading lattice file `/tmp/55357612/lattices/dspm054_dsp2013_22.lat.gz´.
2020-08-31 10:06:42,365 decode: Utterance `dspm054_dsp2013_22´ -- 13 of job 10
2020-08-31 10:07:05,572 __iter__: Reading lattice file `/tmp/55357612/lattices/dspm058_dsp2013_03.lat.gz´.
2020-08-31 10:07:05,684 decode: Utterance `dspm058_dsp2013_03´ -- 14 of job 10
2020-08-31 10:07:08,363 __iter__: Reading lattice file `/tmp/55357612/lattices/radiojake_kbk20120915_86.lat.gz´.
2020-08-31 10:07:08,526 decode: Utterance `radiojake_kbk20120915_86´ -- 15 of job 10
2020-08-31 10:07:16,185 __iter__: Reading lattice file `/tmp/55357612/lattices/radioshaka_kbk20120915_57.lat.gz´.
2020-08-31 10:07:16,291 decode: Utterance `radioshaka_kbk20120915_57´ -- 16 of job 10
/scratch/work/groszt1/envs/theanoLM/lib/python3.7/site-packages/theano/gpuarray/dnn.py:184: UserWarning: Your cuDNN version is more recent than Theano. If you encounter problems, try updating Theano or downgrading cuDNN to a version >= v5 and <= v7.
  warnings.warn("Your cuDNN version is more recent than "
Using cuDNN version 7600 on context None
Mapped name None to device cuda0: Tesla V100-PCIE-32GB (0000:AF:00.0)
/scratch/work/groszt1/envs/theanoLM/lib/python3.7/site-packages/h5py-2.9.0-py3.7-linux-x86_64.egg/h5py/_hl/dataset.py:313: H5pyDeprecationWarning: dataset.value has been deprecated. Use dataset[()] instead.
  "Use dataset[()] instead.", H5pyDeprecationWarning)
/scratch/work/groszt1/envs/theanoLM/lib/python3.7/site-packages/h5py-2.9.0-py3.7-linux-x86_64.egg/h5py/_hl/dataset.py:313: H5pyDeprecationWarning: dataset.value has been deprecated. Use dataset[()] instead.
  "Use dataset[()] instead.", H5pyDeprecationWarning)
decode_theanolm finished.
/tmp/55357612/lattices
floatX=float32,device=cuda0,base_compiledir=/tmp/theano,exception_verbosity=high,openmp=False
/scratch/work/groszt1/envs/theanoLM/lib/python3.7/site-packages/theano/gpuarray/dnn.py:184: UserWarning: Your cuDNN version is more recent than Theano. If you encounter problems, try updating Theano or downgrading cuDNN to a version >= v5 and <= v7.
  warnings.warn("Your cuDNN version is more recent than "
Using cuDNN version 7600 on context None
Mapped name None to device cuda0: Tesla V100-PCIE-32GB (0000:AF:00.0)
TheanoLM 1.3.2
Theano 1.0.4
pygpu 0.7.6
==
+ srun --gres=gpu:1 theanolm decode /scratch/work/moisioa3/conv_lm/experiments/morph/srilm-3-gram/nnlm.h5 --lattice-list /tmp/55357612/lattices/lattice-list --output-file /scratch/work/moisioa3/conv_lm/experiments/morph/srilm-3-gram/decode/devel/lambda=1.0-lms=10/10.trn --output trn --nnlm-weight 1.0 --lm-scale 10 --max-tokens-per-node 62 --beam 650 --recombination-order 22 --num-jobs 64 --job 10
2020-08-31 10:07:24,862 get_default_device: Context None device="Tesla V100-PCIE-32GB" ID="0000:AF:00.0"
2020-08-31 10:07:24,863 from_file: Reading vocabulary from network state.
2020-08-31 10:07:25,075 from_file: Number of words in vocabulary: 42699
2020-08-31 10:07:25,075 from_file: Number of words in shortlist: 42699
2020-08-31 10:07:25,075 from_file: Number of word classes: 42699
2020-08-31 10:07:25,075 from_file: Building neural network.
2020-08-31 10:07:53,533 from_file: Restoring neural network state.
2020-08-31 10:07:53,917 decode: Building word lattice decoder.
2020-08-31 10:07:57,932 __iter__: Reading lattice file `/tmp/55357612/lattices/dspf004_dsp2013_12.lat.gz´.
2020-08-31 10:08:00,610 decode: Utterance `dspf004_dsp2013_12´ -- 1 of job 10
2020-08-31 10:09:30,232 __iter__: Reading lattice file `/tmp/55357612/lattices/dspm004_dsp2013_15.lat.gz´.
2020-08-31 10:09:30,697 decode: Utterance `dspm004_dsp2013_15´ -- 2 of job 10
2020-08-31 10:09:43,830 __iter__: Reading lattice file `/tmp/55357612/lattices/dspm007_dsp2013_20.lat.gz´.
2020-08-31 10:09:44,187 decode: Utterance `dspm007_dsp2013_20´ -- 3 of job 10
2020-08-31 10:09:55,362 __iter__: Reading lattice file `/tmp/55357612/lattices/dspm014_dsp2013_22.lat.gz´.
2020-08-31 10:09:55,731 decode: Utterance `dspm014_dsp2013_22´ -- 4 of job 10
2020-08-31 10:10:05,252 __iter__: Reading lattice file `/tmp/55357612/lattices/dspm018_dsp2013_09.lat.gz´.
2020-08-31 10:10:05,797 decode: Utterance `dspm018_dsp2013_09´ -- 5 of job 10
2020-08-31 10:10:25,001 __iter__: Reading lattice file `/tmp/55357612/lattices/dspm022_dsp2013_08.lat.gz´.
2020-08-31 10:10:25,082 decode: Utterance `dspm022_dsp2013_08´ -- 6 of job 10
2020-08-31 10:10:26,787 __iter__: Reading lattice file `/tmp/55357612/lattices/dspm025_dsp2013_27.lat.gz´.
2020-08-31 10:10:27,182 decode: Utterance `dspm025_dsp2013_27´ -- 7 of job 10
2020-08-31 10:10:43,421 __iter__: Reading lattice file `/tmp/55357612/lattices/dspm031_dsp2013_21.lat.gz´.
2020-08-31 10:10:43,442 decode: Utterance `dspm031_dsp2013_21´ -- 8 of job 10
2020-08-31 10:10:43,913 __iter__: Reading lattice file `/tmp/55357612/lattices/dspm034_dsp2013_16.lat.gz´.
2020-08-31 10:10:43,946 decode: Utterance `dspm034_dsp2013_16´ -- 9 of job 10
2020-08-31 10:10:44,673 __iter__: Reading lattice file `/tmp/55357612/lattices/dspm040_dsp2013_16.lat.gz´.
2020-08-31 10:10:44,756 decode: Utterance `dspm040_dsp2013_16´ -- 10 of job 10
2020-08-31 10:10:46,660 __iter__: Reading lattice file `/tmp/55357612/lattices/dspm045_dsp2013_15.lat.gz´.
2020-08-31 10:10:47,078 decode: Utterance `dspm045_dsp2013_15´ -- 11 of job 10
2020-08-31 10:10:59,548 __iter__: Reading lattice file `/tmp/55357612/lattices/dspm049_dsp2013_18.lat.gz´.
2020-08-31 10:10:59,760 decode: Utterance `dspm049_dsp2013_18´ -- 12 of job 10
2020-08-31 10:11:04,996 __iter__: Reading lattice file `/tmp/55357612/lattices/dspm054_dsp2013_22.lat.gz´.
2020-08-31 10:11:05,908 decode: Utterance `dspm054_dsp2013_22´ -- 13 of job 10
2020-08-31 10:11:28,725 __iter__: Reading lattice file `/tmp/55357612/lattices/dspm058_dsp2013_03.lat.gz´.
2020-08-31 10:11:28,831 decode: Utterance `dspm058_dsp2013_03´ -- 14 of job 10
2020-08-31 10:11:31,504 __iter__: Reading lattice file `/tmp/55357612/lattices/radiojake_kbk20120915_86.lat.gz´.
2020-08-31 10:11:31,660 decode: Utterance `radiojake_kbk20120915_86´ -- 15 of job 10
2020-08-31 10:11:39,205 __iter__: Reading lattice file `/tmp/55357612/lattices/radioshaka_kbk20120915_57.lat.gz´.
2020-08-31 10:11:39,305 decode: Utterance `radioshaka_kbk20120915_57´ -- 16 of job 10
/scratch/work/groszt1/envs/theanoLM/lib/python3.7/site-packages/theano/gpuarray/dnn.py:184: UserWarning: Your cuDNN version is more recent than Theano. If you encounter problems, try updating Theano or downgrading cuDNN to a version >= v5 and <= v7.
  warnings.warn("Your cuDNN version is more recent than "
Using cuDNN version 7600 on context None
Mapped name None to device cuda0: Tesla V100-PCIE-32GB (0000:AF:00.0)
/scratch/work/groszt1/envs/theanoLM/lib/python3.7/site-packages/h5py-2.9.0-py3.7-linux-x86_64.egg/h5py/_hl/dataset.py:313: H5pyDeprecationWarning: dataset.value has been deprecated. Use dataset[()] instead.
  "Use dataset[()] instead.", H5pyDeprecationWarning)
/scratch/work/groszt1/envs/theanoLM/lib/python3.7/site-packages/h5py-2.9.0-py3.7-linux-x86_64.egg/h5py/_hl/dataset.py:313: H5pyDeprecationWarning: dataset.value has been deprecated. Use dataset[()] instead.
  "Use dataset[()] instead.", H5pyDeprecationWarning)
decode_theanolm finished.
decode devel finished.
