Experiment: morph/srilm-3-gram
Job ID: 55357639
Task ID: 37
Host: gpu5.int.triton.aalto.fi
Start date: Mon Aug 31 09:52:32 EEST 2020
Work directory: /scratch/work/moisioa3/conv_lm/experiments/morph/srilm-3-gram
Temporary directory: /tmp/55357639

Currently Loaded Modules:
  1) speech-scripts/2016.05.24-b928230   6) binutils/2.25-GCCcore-5.4.0
  2) srilm/default                       7) GCC/5.4.0-2.25
  3) cuda/10.0.130                       8) libgpuarray/2017.03.29-45c731f
  4) cudnn/7.4.2-cuda                    9) anaconda3/latest
  5) GCCcore/5.4.0

 

/tmp/55357639/lattices
floatX=float32,device=cuda0,base_compiledir=/tmp/theano,exception_verbosity=high,openmp=False
/scratch/work/groszt1/envs/theanoLM/lib/python3.7/site-packages/theano/gpuarray/dnn.py:184: UserWarning: Your cuDNN version is more recent than Theano. If you encounter problems, try updating Theano or downgrading cuDNN to a version >= v5 and <= v7.
  warnings.warn("Your cuDNN version is more recent than "
Using cuDNN version 7600 on context None
Mapped name None to device cuda0: Tesla V100-PCIE-32GB (0000:86:00.0)
TheanoLM 1.3.2
Theano 1.0.4
pygpu 0.7.6
==
+ srun --gres=gpu:1 theanolm decode /scratch/work/moisioa3/conv_lm/experiments/morph/srilm-3-gram/nnlm.h5 --lattice-list /tmp/55357639/lattices/lattice-list --output-file /scratch/work/moisioa3/conv_lm/experiments/morph/srilm-3-gram/decode/devel/lambda=0.5-lms=9/37.trn --output trn --nnlm-weight 0.5 --lm-scale 9 --max-tokens-per-node 62 --beam 650 --recombination-order 22 --num-jobs 64 --job 37
2020-08-31 09:52:53,284 get_default_device: Context None device="Tesla V100-PCIE-32GB" ID="0000:86:00.0"
2020-08-31 09:52:53,285 from_file: Reading vocabulary from network state.
2020-08-31 09:52:53,494 from_file: Number of words in vocabulary: 42699
2020-08-31 09:52:53,494 from_file: Number of words in shortlist: 42699
2020-08-31 09:52:53,494 from_file: Number of word classes: 42699
2020-08-31 09:52:53,494 from_file: Building neural network.
/scratch/work/groszt1/envs/theanoLM/lib/python3.7/site-packages/theano/gpuarray/dnn.py:184: UserWarning: Your cuDNN version is more recent than Theano. If you encounter problems, try updating Theano or downgrading cuDNN to a version >= v5 and <= v7.
  warnings.warn("Your cuDNN version is more recent than "
Using cuDNN version 7600 on context None
Mapped name None to device cuda0: Tesla V100-PCIE-32GB (0000:86:00.0)
/scratch/work/groszt1/envs/theanoLM/lib/python3.7/site-packages/h5py-2.9.0-py3.7-linux-x86_64.egg/h5py/_hl/dataset.py:313: H5pyDeprecationWarning: dataset.value has been deprecated. Use dataset[()] instead.
  "Use dataset[()] instead.", H5pyDeprecationWarning)
INFO (theano.gof.compilelock): Waiting for existing lock by process '27802' (I am process '27729')
2020-08-31 09:53:30,824 lock: Waiting for existing lock by process '27802' (I am process '27729')
INFO (theano.gof.compilelock): To manually release the lock, delete /tmp/theano/compiledir_Linux-3.10-el7.x86_64-x86_64-with-centos-7.8.2003-Core-x86_64-3.7.3-64/lock_dir
2020-08-31 09:53:30,824 lock: To manually release the lock, delete /tmp/theano/compiledir_Linux-3.10-el7.x86_64-x86_64-with-centos-7.8.2003-Core-x86_64-3.7.3-64/lock_dir
2020-08-31 09:53:38,416 from_file: Restoring neural network state.
2020-08-31 09:53:38,767 decode: Building word lattice decoder.
2020-08-31 09:53:44,118 __iter__: Reading lattice file `/tmp/55357639/lattices/dspf007_dsp2013_18.lat.gz´.
2020-08-31 09:53:44,531 decode: Utterance `dspf007_dsp2013_18´ -- 1 of job 37
2020-08-31 09:53:58,970 __iter__: Reading lattice file `/tmp/55357639/lattices/dspm005_dsp2013_22.lat.gz´.
2020-08-31 09:53:59,269 decode: Utterance `dspm005_dsp2013_22´ -- 2 of job 37
2020-08-31 09:54:10,030 __iter__: Reading lattice file `/tmp/55357639/lattices/dspm010_dsp2013_24.lat.gz´.
2020-08-31 09:54:12,966 decode: Utterance `dspm010_dsp2013_24´ -- 3 of job 37
2020-08-31 09:55:50,144 __iter__: Reading lattice file `/tmp/55357639/lattices/dspm015_dsp2013_16.lat.gz´.
2020-08-31 09:55:50,186 decode: Utterance `dspm015_dsp2013_16´ -- 4 of job 37
2020-08-31 09:55:51,210 __iter__: Reading lattice file `/tmp/55357639/lattices/dspm019_dsp2013_14.lat.gz´.
2020-08-31 09:55:51,291 decode: Utterance `dspm019_dsp2013_14´ -- 5 of job 37
2020-08-31 09:55:53,102 __iter__: Reading lattice file `/tmp/55357639/lattices/dspm022_dsp2013_35.lat.gz´.
2020-08-31 09:55:54,112 decode: Utterance `dspm022_dsp2013_35´ -- 6 of job 37
2020-08-31 09:56:25,034 __iter__: Reading lattice file `/tmp/55357639/lattices/dspm028_dsp2013_04.lat.gz´.
2020-08-31 09:56:25,101 decode: Utterance `dspm028_dsp2013_04´ -- 7 of job 37
2020-08-31 09:56:27,480 __iter__: Reading lattice file `/tmp/55357639/lattices/dspm032_dsp2013_23.lat.gz´.
2020-08-31 09:56:27,497 decode: Utterance `dspm032_dsp2013_23´ -- 8 of job 37
2020-08-31 09:56:27,884 __iter__: Reading lattice file `/tmp/55357639/lattices/dspm039_dsp2013_04.lat.gz´.
2020-08-31 09:56:27,914 decode: Utterance `dspm039_dsp2013_04´ -- 9 of job 37
2020-08-31 09:56:28,976 __iter__: Reading lattice file `/tmp/55357639/lattices/dspm043_dsp2013_05.lat.gz´.
2020-08-31 09:56:29,085 decode: Utterance `dspm043_dsp2013_05´ -- 10 of job 37
2020-08-31 09:56:32,443 __iter__: Reading lattice file `/tmp/55357639/lattices/dspm048_dsp2013_02.lat.gz´.
2020-08-31 09:56:32,509 decode: Utterance `dspm048_dsp2013_02´ -- 11 of job 37
2020-08-31 09:56:34,478 __iter__: Reading lattice file `/tmp/55357639/lattices/dspm052_dsp2013_03.lat.gz´.
2020-08-31 09:56:35,304 decode: Utterance `dspm052_dsp2013_03´ -- 12 of job 37
2020-08-31 09:57:05,369 __iter__: Reading lattice file `/tmp/55357639/lattices/dspm056_dsp2013_06.lat.gz´.
2020-08-31 09:57:05,448 decode: Utterance `dspm056_dsp2013_06´ -- 13 of job 37
2020-08-31 09:57:07,523 __iter__: Reading lattice file `/tmp/55357639/lattices/radioanne_fym20071218_28.lat.gz´.
2020-08-31 09:57:07,571 decode: Utterance `radioanne_fym20071218_28´ -- 14 of job 37
2020-08-31 09:57:08,941 __iter__: Reading lattice file `/tmp/55357639/lattices/radionoona_fym20071218_15.lat.gz´.
2020-08-31 09:57:08,991 decode: Utterance `radionoona_fym20071218_15´ -- 15 of job 37
/scratch/work/groszt1/envs/theanoLM/lib/python3.7/site-packages/h5py-2.9.0-py3.7-linux-x86_64.egg/h5py/_hl/dataset.py:313: H5pyDeprecationWarning: dataset.value has been deprecated. Use dataset[()] instead.
  "Use dataset[()] instead.", H5pyDeprecationWarning)
decode_theanolm finished.
/tmp/55357639/lattices
floatX=float32,device=cuda0,base_compiledir=/tmp/theano,exception_verbosity=high,openmp=False
/scratch/work/groszt1/envs/theanoLM/lib/python3.7/site-packages/theano/gpuarray/dnn.py:184: UserWarning: Your cuDNN version is more recent than Theano. If you encounter problems, try updating Theano or downgrading cuDNN to a version >= v5 and <= v7.
  warnings.warn("Your cuDNN version is more recent than "
Using cuDNN version 7600 on context None
Mapped name None to device cuda0: Tesla V100-PCIE-32GB (0000:86:00.0)
TheanoLM 1.3.2
Theano 1.0.4
pygpu 0.7.6
==
+ srun --gres=gpu:1 theanolm decode /scratch/work/moisioa3/conv_lm/experiments/morph/srilm-3-gram/nnlm.h5 --lattice-list /tmp/55357639/lattices/lattice-list --output-file /scratch/work/moisioa3/conv_lm/experiments/morph/srilm-3-gram/decode/devel/lambda=0.5-lms=10/37.trn --output trn --nnlm-weight 0.5 --lm-scale 10 --max-tokens-per-node 62 --beam 650 --recombination-order 22 --num-jobs 64 --job 37
2020-08-31 09:57:17,409 get_default_device: Context None device="Tesla V100-PCIE-32GB" ID="0000:86:00.0"
2020-08-31 09:57:17,410 from_file: Reading vocabulary from network state.
2020-08-31 09:57:17,628 from_file: Number of words in vocabulary: 42699
2020-08-31 09:57:17,628 from_file: Number of words in shortlist: 42699
2020-08-31 09:57:17,628 from_file: Number of word classes: 42699
2020-08-31 09:57:17,628 from_file: Building neural network.
2020-08-31 09:57:47,090 from_file: Restoring neural network state.
2020-08-31 09:57:47,441 decode: Building word lattice decoder.
2020-08-31 09:57:51,360 __iter__: Reading lattice file `/tmp/55357639/lattices/dspf007_dsp2013_18.lat.gz´.
2020-08-31 09:57:51,781 decode: Utterance `dspf007_dsp2013_18´ -- 1 of job 37
2020-08-31 09:58:06,244 __iter__: Reading lattice file `/tmp/55357639/lattices/dspm005_dsp2013_22.lat.gz´.
2020-08-31 09:58:06,547 decode: Utterance `dspm005_dsp2013_22´ -- 2 of job 37
2020-08-31 09:58:17,645 __iter__: Reading lattice file `/tmp/55357639/lattices/dspm010_dsp2013_24.lat.gz´.
2020-08-31 09:58:20,602 decode: Utterance `dspm010_dsp2013_24´ -- 3 of job 37
2020-08-31 10:00:01,460 __iter__: Reading lattice file `/tmp/55357639/lattices/dspm015_dsp2013_16.lat.gz´.
2020-08-31 10:00:01,503 decode: Utterance `dspm015_dsp2013_16´ -- 4 of job 37
2020-08-31 10:00:02,535 __iter__: Reading lattice file `/tmp/55357639/lattices/dspm019_dsp2013_14.lat.gz´.
2020-08-31 10:00:02,615 decode: Utterance `dspm019_dsp2013_14´ -- 5 of job 37
2020-08-31 10:00:04,433 __iter__: Reading lattice file `/tmp/55357639/lattices/dspm022_dsp2013_35.lat.gz´.
2020-08-31 10:00:05,451 decode: Utterance `dspm022_dsp2013_35´ -- 6 of job 37
2020-08-31 10:00:36,278 __iter__: Reading lattice file `/tmp/55357639/lattices/dspm028_dsp2013_04.lat.gz´.
2020-08-31 10:00:36,344 decode: Utterance `dspm028_dsp2013_04´ -- 7 of job 37
2020-08-31 10:00:38,699 __iter__: Reading lattice file `/tmp/55357639/lattices/dspm032_dsp2013_23.lat.gz´.
2020-08-31 10:00:38,715 decode: Utterance `dspm032_dsp2013_23´ -- 8 of job 37
2020-08-31 10:00:39,088 __iter__: Reading lattice file `/tmp/55357639/lattices/dspm039_dsp2013_04.lat.gz´.
2020-08-31 10:00:39,118 decode: Utterance `dspm039_dsp2013_04´ -- 9 of job 37
2020-08-31 10:00:40,226 __iter__: Reading lattice file `/tmp/55357639/lattices/dspm043_dsp2013_05.lat.gz´.
2020-08-31 10:00:40,336 decode: Utterance `dspm043_dsp2013_05´ -- 10 of job 37
2020-08-31 10:00:43,646 __iter__: Reading lattice file `/tmp/55357639/lattices/dspm048_dsp2013_02.lat.gz´.
2020-08-31 10:00:43,713 decode: Utterance `dspm048_dsp2013_02´ -- 11 of job 37
2020-08-31 10:00:45,668 __iter__: Reading lattice file `/tmp/55357639/lattices/dspm052_dsp2013_03.lat.gz´.
2020-08-31 10:00:46,500 decode: Utterance `dspm052_dsp2013_03´ -- 12 of job 37
2020-08-31 10:01:17,596 __iter__: Reading lattice file `/tmp/55357639/lattices/dspm056_dsp2013_06.lat.gz´.
2020-08-31 10:01:17,676 decode: Utterance `dspm056_dsp2013_06´ -- 13 of job 37
2020-08-31 10:01:19,787 __iter__: Reading lattice file `/tmp/55357639/lattices/radioanne_fym20071218_28.lat.gz´.
2020-08-31 10:01:19,835 decode: Utterance `radioanne_fym20071218_28´ -- 14 of job 37
2020-08-31 10:01:21,239 __iter__: Reading lattice file `/tmp/55357639/lattices/radionoona_fym20071218_15.lat.gz´.
2020-08-31 10:01:21,290 decode: Utterance `radionoona_fym20071218_15´ -- 15 of job 37
/scratch/work/groszt1/envs/theanoLM/lib/python3.7/site-packages/theano/gpuarray/dnn.py:184: UserWarning: Your cuDNN version is more recent than Theano. If you encounter problems, try updating Theano or downgrading cuDNN to a version >= v5 and <= v7.
  warnings.warn("Your cuDNN version is more recent than "
Using cuDNN version 7600 on context None
Mapped name None to device cuda0: Tesla V100-PCIE-32GB (0000:86:00.0)
/scratch/work/groszt1/envs/theanoLM/lib/python3.7/site-packages/h5py-2.9.0-py3.7-linux-x86_64.egg/h5py/_hl/dataset.py:313: H5pyDeprecationWarning: dataset.value has been deprecated. Use dataset[()] instead.
  "Use dataset[()] instead.", H5pyDeprecationWarning)
/scratch/work/groszt1/envs/theanoLM/lib/python3.7/site-packages/h5py-2.9.0-py3.7-linux-x86_64.egg/h5py/_hl/dataset.py:313: H5pyDeprecationWarning: dataset.value has been deprecated. Use dataset[()] instead.
  "Use dataset[()] instead.", H5pyDeprecationWarning)
decode_theanolm finished.
/tmp/55357639/lattices
floatX=float32,device=cuda0,base_compiledir=/tmp/theano,exception_verbosity=high,openmp=False
/scratch/work/groszt1/envs/theanoLM/lib/python3.7/site-packages/theano/gpuarray/dnn.py:184: UserWarning: Your cuDNN version is more recent than Theano. If you encounter problems, try updating Theano or downgrading cuDNN to a version >= v5 and <= v7.
  warnings.warn("Your cuDNN version is more recent than "
Using cuDNN version 7600 on context None
Mapped name None to device cuda0: Tesla V100-PCIE-32GB (0000:86:00.0)
TheanoLM 1.3.2
Theano 1.0.4
pygpu 0.7.6
==
+ srun --gres=gpu:1 theanolm decode /scratch/work/moisioa3/conv_lm/experiments/morph/srilm-3-gram/nnlm.h5 --lattice-list /tmp/55357639/lattices/lattice-list --output-file /scratch/work/moisioa3/conv_lm/experiments/morph/srilm-3-gram/decode/devel/lambda=1.0-lms=9/37.trn --output trn --nnlm-weight 1.0 --lm-scale 9 --max-tokens-per-node 62 --beam 650 --recombination-order 22 --num-jobs 64 --job 37
2020-08-31 10:01:29,882 get_default_device: Context None device="Tesla V100-PCIE-32GB" ID="0000:86:00.0"
2020-08-31 10:01:29,883 from_file: Reading vocabulary from network state.
2020-08-31 10:01:30,106 from_file: Number of words in vocabulary: 42699
2020-08-31 10:01:30,106 from_file: Number of words in shortlist: 42699
2020-08-31 10:01:30,106 from_file: Number of word classes: 42699
2020-08-31 10:01:30,106 from_file: Building neural network.
2020-08-31 10:01:58,706 from_file: Restoring neural network state.
2020-08-31 10:01:59,063 decode: Building word lattice decoder.
2020-08-31 10:02:03,023 __iter__: Reading lattice file `/tmp/55357639/lattices/dspf007_dsp2013_18.lat.gz´.
2020-08-31 10:02:03,464 decode: Utterance `dspf007_dsp2013_18´ -- 1 of job 37
2020-08-31 10:02:12,936 __iter__: Reading lattice file `/tmp/55357639/lattices/dspm005_dsp2013_22.lat.gz´.
2020-08-31 10:02:13,241 decode: Utterance `dspm005_dsp2013_22´ -- 2 of job 37
2020-08-31 10:02:22,456 __iter__: Reading lattice file `/tmp/55357639/lattices/dspm010_dsp2013_24.lat.gz´.
2020-08-31 10:02:25,436 decode: Utterance `dspm010_dsp2013_24´ -- 3 of job 37
2020-08-31 10:03:50,667 __iter__: Reading lattice file `/tmp/55357639/lattices/dspm015_dsp2013_16.lat.gz´.
2020-08-31 10:03:50,710 decode: Utterance `dspm015_dsp2013_16´ -- 4 of job 37
2020-08-31 10:03:51,673 __iter__: Reading lattice file `/tmp/55357639/lattices/dspm019_dsp2013_14.lat.gz´.
2020-08-31 10:03:51,754 decode: Utterance `dspm019_dsp2013_14´ -- 5 of job 37
2020-08-31 10:03:53,565 __iter__: Reading lattice file `/tmp/55357639/lattices/dspm022_dsp2013_35.lat.gz´.
2020-08-31 10:03:54,589 decode: Utterance `dspm022_dsp2013_35´ -- 6 of job 37
2020-08-31 10:04:21,863 __iter__: Reading lattice file `/tmp/55357639/lattices/dspm028_dsp2013_04.lat.gz´.
2020-08-31 10:04:21,930 decode: Utterance `dspm028_dsp2013_04´ -- 7 of job 37
2020-08-31 10:04:24,027 __iter__: Reading lattice file `/tmp/55357639/lattices/dspm032_dsp2013_23.lat.gz´.
2020-08-31 10:04:24,044 decode: Utterance `dspm032_dsp2013_23´ -- 8 of job 37
2020-08-31 10:04:24,413 __iter__: Reading lattice file `/tmp/55357639/lattices/dspm039_dsp2013_04.lat.gz´.
2020-08-31 10:04:24,443 decode: Utterance `dspm039_dsp2013_04´ -- 9 of job 37
2020-08-31 10:04:25,400 __iter__: Reading lattice file `/tmp/55357639/lattices/dspm043_dsp2013_05.lat.gz´.
2020-08-31 10:04:25,511 decode: Utterance `dspm043_dsp2013_05´ -- 10 of job 37
2020-08-31 10:04:28,792 __iter__: Reading lattice file `/tmp/55357639/lattices/dspm048_dsp2013_02.lat.gz´.
2020-08-31 10:04:28,859 decode: Utterance `dspm048_dsp2013_02´ -- 11 of job 37
2020-08-31 10:04:30,410 __iter__: Reading lattice file `/tmp/55357639/lattices/dspm052_dsp2013_03.lat.gz´.
2020-08-31 10:04:31,244 decode: Utterance `dspm052_dsp2013_03´ -- 12 of job 37
2020-08-31 10:04:52,184 __iter__: Reading lattice file `/tmp/55357639/lattices/dspm056_dsp2013_06.lat.gz´.
2020-08-31 10:04:52,265 decode: Utterance `dspm056_dsp2013_06´ -- 13 of job 37
2020-08-31 10:04:54,337 __iter__: Reading lattice file `/tmp/55357639/lattices/radioanne_fym20071218_28.lat.gz´.
2020-08-31 10:04:54,385 decode: Utterance `radioanne_fym20071218_28´ -- 14 of job 37
2020-08-31 10:04:55,763 __iter__: Reading lattice file `/tmp/55357639/lattices/radionoona_fym20071218_15.lat.gz´.
2020-08-31 10:04:55,813 decode: Utterance `radionoona_fym20071218_15´ -- 15 of job 37
/scratch/work/groszt1/envs/theanoLM/lib/python3.7/site-packages/theano/gpuarray/dnn.py:184: UserWarning: Your cuDNN version is more recent than Theano. If you encounter problems, try updating Theano or downgrading cuDNN to a version >= v5 and <= v7.
  warnings.warn("Your cuDNN version is more recent than "
Using cuDNN version 7600 on context None
Mapped name None to device cuda0: Tesla V100-PCIE-32GB (0000:86:00.0)
/scratch/work/groszt1/envs/theanoLM/lib/python3.7/site-packages/h5py-2.9.0-py3.7-linux-x86_64.egg/h5py/_hl/dataset.py:313: H5pyDeprecationWarning: dataset.value has been deprecated. Use dataset[()] instead.
  "Use dataset[()] instead.", H5pyDeprecationWarning)
/scratch/work/groszt1/envs/theanoLM/lib/python3.7/site-packages/h5py-2.9.0-py3.7-linux-x86_64.egg/h5py/_hl/dataset.py:313: H5pyDeprecationWarning: dataset.value has been deprecated. Use dataset[()] instead.
  "Use dataset[()] instead.", H5pyDeprecationWarning)
decode_theanolm finished.
/tmp/55357639/lattices
floatX=float32,device=cuda0,base_compiledir=/tmp/theano,exception_verbosity=high,openmp=False
/scratch/work/groszt1/envs/theanoLM/lib/python3.7/site-packages/theano/gpuarray/dnn.py:184: UserWarning: Your cuDNN version is more recent than Theano. If you encounter problems, try updating Theano or downgrading cuDNN to a version >= v5 and <= v7.
  warnings.warn("Your cuDNN version is more recent than "
Using cuDNN version 7600 on context None
Mapped name None to device cuda0: Tesla V100-PCIE-32GB (0000:86:00.0)
TheanoLM 1.3.2
Theano 1.0.4
pygpu 0.7.6
==
+ srun --gres=gpu:1 theanolm decode /scratch/work/moisioa3/conv_lm/experiments/morph/srilm-3-gram/nnlm.h5 --lattice-list /tmp/55357639/lattices/lattice-list --output-file /scratch/work/moisioa3/conv_lm/experiments/morph/srilm-3-gram/decode/devel/lambda=1.0-lms=10/37.trn --output trn --nnlm-weight 1.0 --lm-scale 10 --max-tokens-per-node 62 --beam 650 --recombination-order 22 --num-jobs 64 --job 37
2020-08-31 10:05:04,361 get_default_device: Context None device="Tesla V100-PCIE-32GB" ID="0000:86:00.0"
2020-08-31 10:05:04,362 from_file: Reading vocabulary from network state.
2020-08-31 10:05:04,585 from_file: Number of words in vocabulary: 42699
2020-08-31 10:05:04,585 from_file: Number of words in shortlist: 42699
2020-08-31 10:05:04,585 from_file: Number of word classes: 42699
2020-08-31 10:05:04,585 from_file: Building neural network.
2020-08-31 10:05:32,696 from_file: Restoring neural network state.
2020-08-31 10:05:33,047 decode: Building word lattice decoder.
2020-08-31 10:05:36,952 __iter__: Reading lattice file `/tmp/55357639/lattices/dspf007_dsp2013_18.lat.gz´.
2020-08-31 10:05:37,365 decode: Utterance `dspf007_dsp2013_18´ -- 1 of job 37
2020-08-31 10:05:46,671 __iter__: Reading lattice file `/tmp/55357639/lattices/dspm005_dsp2013_22.lat.gz´.
2020-08-31 10:05:46,969 decode: Utterance `dspm005_dsp2013_22´ -- 2 of job 37
2020-08-31 10:05:55,919 __iter__: Reading lattice file `/tmp/55357639/lattices/dspm010_dsp2013_24.lat.gz´.
2020-08-31 10:05:58,833 decode: Utterance `dspm010_dsp2013_24´ -- 3 of job 37
2020-08-31 10:07:22,930 __iter__: Reading lattice file `/tmp/55357639/lattices/dspm015_dsp2013_16.lat.gz´.
2020-08-31 10:07:22,972 decode: Utterance `dspm015_dsp2013_16´ -- 4 of job 37
2020-08-31 10:07:23,956 __iter__: Reading lattice file `/tmp/55357639/lattices/dspm019_dsp2013_14.lat.gz´.
2020-08-31 10:07:24,035 decode: Utterance `dspm019_dsp2013_14´ -- 5 of job 37
2020-08-31 10:07:25,877 __iter__: Reading lattice file `/tmp/55357639/lattices/dspm022_dsp2013_35.lat.gz´.
2020-08-31 10:07:26,886 decode: Utterance `dspm022_dsp2013_35´ -- 6 of job 37
2020-08-31 10:07:54,255 __iter__: Reading lattice file `/tmp/55357639/lattices/dspm028_dsp2013_04.lat.gz´.
2020-08-31 10:07:54,321 decode: Utterance `dspm028_dsp2013_04´ -- 7 of job 37
2020-08-31 10:07:56,410 __iter__: Reading lattice file `/tmp/55357639/lattices/dspm032_dsp2013_23.lat.gz´.
2020-08-31 10:07:56,426 decode: Utterance `dspm032_dsp2013_23´ -- 8 of job 37
2020-08-31 10:07:56,794 __iter__: Reading lattice file `/tmp/55357639/lattices/dspm039_dsp2013_04.lat.gz´.
2020-08-31 10:07:56,824 decode: Utterance `dspm039_dsp2013_04´ -- 9 of job 37
2020-08-31 10:07:57,777 __iter__: Reading lattice file `/tmp/55357639/lattices/dspm043_dsp2013_05.lat.gz´.
2020-08-31 10:07:57,885 decode: Utterance `dspm043_dsp2013_05´ -- 10 of job 37
2020-08-31 10:08:01,158 __iter__: Reading lattice file `/tmp/55357639/lattices/dspm048_dsp2013_02.lat.gz´.
2020-08-31 10:08:01,223 decode: Utterance `dspm048_dsp2013_02´ -- 11 of job 37
2020-08-31 10:08:02,781 __iter__: Reading lattice file `/tmp/55357639/lattices/dspm052_dsp2013_03.lat.gz´.
2020-08-31 10:08:03,599 decode: Utterance `dspm052_dsp2013_03´ -- 12 of job 37
2020-08-31 10:08:24,552 __iter__: Reading lattice file `/tmp/55357639/lattices/dspm056_dsp2013_06.lat.gz´.
2020-08-31 10:08:24,631 decode: Utterance `dspm056_dsp2013_06´ -- 13 of job 37
2020-08-31 10:08:26,659 __iter__: Reading lattice file `/tmp/55357639/lattices/radioanne_fym20071218_28.lat.gz´.
2020-08-31 10:08:26,706 decode: Utterance `radioanne_fym20071218_28´ -- 14 of job 37
2020-08-31 10:08:28,046 __iter__: Reading lattice file `/tmp/55357639/lattices/radionoona_fym20071218_15.lat.gz´.
2020-08-31 10:08:28,095 decode: Utterance `radionoona_fym20071218_15´ -- 15 of job 37
/scratch/work/groszt1/envs/theanoLM/lib/python3.7/site-packages/theano/gpuarray/dnn.py:184: UserWarning: Your cuDNN version is more recent than Theano. If you encounter problems, try updating Theano or downgrading cuDNN to a version >= v5 and <= v7.
  warnings.warn("Your cuDNN version is more recent than "
Using cuDNN version 7600 on context None
Mapped name None to device cuda0: Tesla V100-PCIE-32GB (0000:86:00.0)
/scratch/work/groszt1/envs/theanoLM/lib/python3.7/site-packages/h5py-2.9.0-py3.7-linux-x86_64.egg/h5py/_hl/dataset.py:313: H5pyDeprecationWarning: dataset.value has been deprecated. Use dataset[()] instead.
  "Use dataset[()] instead.", H5pyDeprecationWarning)
/scratch/work/groszt1/envs/theanoLM/lib/python3.7/site-packages/h5py-2.9.0-py3.7-linux-x86_64.egg/h5py/_hl/dataset.py:313: H5pyDeprecationWarning: dataset.value has been deprecated. Use dataset[()] instead.
  "Use dataset[()] instead.", H5pyDeprecationWarning)
decode_theanolm finished.
decode devel finished.
