Experiment: morph/srilm-3-gram
Job ID: 55357655
Task ID: 53
Host: gpu22.int.triton.aalto.fi
Start date: Mon Aug 31 09:52:32 EEST 2020
Work directory: /scratch/work/moisioa3/conv_lm/experiments/morph/srilm-3-gram
Temporary directory: /tmp/55357655

Currently Loaded Modules:
  1) speech-scripts/2016.05.24-b928230   6) binutils/2.25-GCCcore-5.4.0
  2) srilm/default                       7) GCC/5.4.0-2.25
  3) cuda/10.0.130                       8) libgpuarray/2017.03.29-45c731f
  4) cudnn/7.4.2-cuda                    9) anaconda3/latest
  5) GCCcore/5.4.0

 

/tmp/55357655/lattices
floatX=float32,device=cuda0,base_compiledir=/tmp/theano,exception_verbosity=high,openmp=False
INFO (theano.gof.compilelock): Waiting for existing lock by process '2121' (I am process '2128')
INFO (theano.gof.compilelock): To manually release the lock, delete /tmp/theano/compiledir_Linux-3.10-el7.x86_64-x86_64-with-centos-7.8.2003-Core-x86_64-3.7.3-64/lock_dir
/scratch/work/groszt1/envs/theanoLM/lib/python3.7/site-packages/theano/gpuarray/dnn.py:184: UserWarning: Your cuDNN version is more recent than Theano. If you encounter problems, try updating Theano or downgrading cuDNN to a version >= v5 and <= v7.
  warnings.warn("Your cuDNN version is more recent than "
Using cuDNN version 7600 on context None
Mapped name None to device cuda0: Tesla K80 (0000:09:00.0)
TheanoLM 1.3.2
Theano 1.0.4
pygpu 0.7.6
==
+ srun --gres=gpu:1 theanolm decode /scratch/work/moisioa3/conv_lm/experiments/morph/srilm-3-gram/nnlm.h5 --lattice-list /tmp/55357655/lattices/lattice-list --output-file /scratch/work/moisioa3/conv_lm/experiments/morph/srilm-3-gram/decode/devel/lambda=0.5-lms=9/53.trn --output trn --nnlm-weight 0.5 --lm-scale 9 --max-tokens-per-node 62 --beam 650 --recombination-order 22 --num-jobs 64 --job 53
2020-08-31 09:53:08,893 get_default_device: Context None device="Tesla K80" ID="0000:09:00.0"
2020-08-31 09:53:08,895 from_file: Reading vocabulary from network state.
2020-08-31 09:53:09,190 from_file: Number of words in vocabulary: 42699
2020-08-31 09:53:09,190 from_file: Number of words in shortlist: 42699
2020-08-31 09:53:09,191 from_file: Number of word classes: 42699
2020-08-31 09:53:09,191 from_file: Building neural network.
/scratch/work/groszt1/envs/theanoLM/lib/python3.7/site-packages/theano/gpuarray/dnn.py:184: UserWarning: Your cuDNN version is more recent than Theano. If you encounter problems, try updating Theano or downgrading cuDNN to a version >= v5 and <= v7.
  warnings.warn("Your cuDNN version is more recent than "
Using cuDNN version 7600 on context None
Mapped name None to device cuda0: Tesla K80 (0000:09:00.0)
/scratch/work/groszt1/envs/theanoLM/lib/python3.7/site-packages/h5py-2.9.0-py3.7-linux-x86_64.egg/h5py/_hl/dataset.py:313: H5pyDeprecationWarning: dataset.value has been deprecated. Use dataset[()] instead.
  "Use dataset[()] instead.", H5pyDeprecationWarning)
INFO (theano.gof.compilelock): Waiting for existing lock by process '2234' (I am process '2685')
2020-08-31 09:54:08,327 lock: Waiting for existing lock by process '2234' (I am process '2685')
INFO (theano.gof.compilelock): To manually release the lock, delete /tmp/theano/compiledir_Linux-3.10-el7.x86_64-x86_64-with-centos-7.8.2003-Core-x86_64-3.7.3-64/lock_dir
2020-08-31 09:54:08,328 lock: To manually release the lock, delete /tmp/theano/compiledir_Linux-3.10-el7.x86_64-x86_64-with-centos-7.8.2003-Core-x86_64-3.7.3-64/lock_dir
INFO (theano.gof.compilelock): Waiting for existing lock by process '2782' (I am process '2685')
2020-08-31 09:54:15,217 lock: Waiting for existing lock by process '2782' (I am process '2685')
INFO (theano.gof.compilelock): To manually release the lock, delete /tmp/theano/compiledir_Linux-3.10-el7.x86_64-x86_64-with-centos-7.8.2003-Core-x86_64-3.7.3-64/lock_dir
2020-08-31 09:54:15,218 lock: To manually release the lock, delete /tmp/theano/compiledir_Linux-3.10-el7.x86_64-x86_64-with-centos-7.8.2003-Core-x86_64-3.7.3-64/lock_dir
2020-08-31 09:54:23,955 from_file: Restoring neural network state.
2020-08-31 09:54:24,289 decode: Building word lattice decoder.
2020-08-31 09:54:29,223 __iter__: Reading lattice file `/tmp/55357655/lattices/dspm001_dsp2013_14.lat.gz´.
2020-08-31 09:54:29,353 decode: Utterance `dspm001_dsp2013_14´ -- 1 of job 53
2020-08-31 09:54:36,755 __iter__: Reading lattice file `/tmp/55357655/lattices/dspm006_dsp2013_21.lat.gz´.
2020-08-31 09:54:36,843 decode: Utterance `dspm006_dsp2013_21´ -- 2 of job 53
2020-08-31 09:54:42,246 __iter__: Reading lattice file `/tmp/55357655/lattices/dspm011_dsp2013_14.lat.gz´.
2020-08-31 09:54:42,278 decode: Utterance `dspm011_dsp2013_14´ -- 3 of job 53
2020-08-31 09:54:43,633 __iter__: Reading lattice file `/tmp/55357655/lattices/dspm017_dsp2013_38.lat.gz´.
2020-08-31 09:54:46,727 decode: Utterance `dspm017_dsp2013_38´ -- 4 of job 53
2020-08-31 09:58:43,677 __iter__: Reading lattice file `/tmp/55357655/lattices/dspm021_dsp2013_11.lat.gz´.
2020-08-31 09:58:44,009 decode: Utterance `dspm021_dsp2013_11´ -- 5 of job 53
2020-08-31 09:59:02,778 __iter__: Reading lattice file `/tmp/55357655/lattices/dspm024_dsp2013_18.lat.gz´.
2020-08-31 09:59:02,969 decode: Utterance `dspm024_dsp2013_18´ -- 6 of job 53
2020-08-31 09:59:11,726 __iter__: Reading lattice file `/tmp/55357655/lattices/dspm028_dsp2013_20.lat.gz´.
2020-08-31 09:59:11,805 decode: Utterance `dspm028_dsp2013_20´ -- 7 of job 53
2020-08-31 09:59:15,689 __iter__: Reading lattice file `/tmp/55357655/lattices/dspm033_dsp2013_43.lat.gz´.
2020-08-31 09:59:17,097 decode: Utterance `dspm033_dsp2013_43´ -- 8 of job 53
2020-08-31 10:00:33,329 __iter__: Reading lattice file `/tmp/55357655/lattices/dspm039_dsp2013_22.lat.gz´.
2020-08-31 10:00:34,698 decode: Utterance `dspm039_dsp2013_22´ -- 9 of job 53
2020-08-31 10:01:58,672 __iter__: Reading lattice file `/tmp/55357655/lattices/dspm043_dsp2013_28.lat.gz´.
2020-08-31 10:01:58,704 decode: Utterance `dspm043_dsp2013_28´ -- 10 of job 53
2020-08-31 10:02:00,437 __iter__: Reading lattice file `/tmp/55357655/lattices/dspm048_dsp2013_18.lat.gz´.
2020-08-31 10:02:01,470 decode: Utterance `dspm048_dsp2013_18´ -- 11 of job 53
2020-08-31 10:02:41,081 __iter__: Reading lattice file `/tmp/55357655/lattices/dspm052_dsp2013_19.lat.gz´.
2020-08-31 10:02:42,295 decode: Utterance `dspm052_dsp2013_19´ -- 12 of job 53
2020-08-31 10:04:13,969 __iter__: Reading lattice file `/tmp/55357655/lattices/dspm057_dsp2013_02.lat.gz´.
2020-08-31 10:04:14,252 decode: Utterance `dspm057_dsp2013_02´ -- 13 of job 53
2020-08-31 10:04:28,664 __iter__: Reading lattice file `/tmp/55357655/lattices/radiojake_kbk20120915_26.lat.gz´.
2020-08-31 10:04:28,745 decode: Utterance `radiojake_kbk20120915_26´ -- 14 of job 53
2020-08-31 10:04:33,486 __iter__: Reading lattice file `/tmp/55357655/lattices/radioshaka_kbk20120915_102.lat.gz´.
2020-08-31 10:04:34,680 decode: Utterance `radioshaka_kbk20120915_102´ -- 15 of job 53
/scratch/work/groszt1/envs/theanoLM/lib/python3.7/site-packages/h5py-2.9.0-py3.7-linux-x86_64.egg/h5py/_hl/dataset.py:313: H5pyDeprecationWarning: dataset.value has been deprecated. Use dataset[()] instead.
  "Use dataset[()] instead.", H5pyDeprecationWarning)
decode_theanolm finished.
/tmp/55357655/lattices
floatX=float32,device=cuda0,base_compiledir=/tmp/theano,exception_verbosity=high,openmp=False
/scratch/work/groszt1/envs/theanoLM/lib/python3.7/site-packages/theano/gpuarray/dnn.py:184: UserWarning: Your cuDNN version is more recent than Theano. If you encounter problems, try updating Theano or downgrading cuDNN to a version >= v5 and <= v7.
  warnings.warn("Your cuDNN version is more recent than "
Using cuDNN version 7600 on context None
Mapped name None to device cuda0: Tesla K80 (0000:09:00.0)
TheanoLM 1.3.2
Theano 1.0.4
pygpu 0.7.6
==
+ srun --gres=gpu:1 theanolm decode /scratch/work/moisioa3/conv_lm/experiments/morph/srilm-3-gram/nnlm.h5 --lattice-list /tmp/55357655/lattices/lattice-list --output-file /scratch/work/moisioa3/conv_lm/experiments/morph/srilm-3-gram/decode/devel/lambda=0.5-lms=10/53.trn --output trn --nnlm-weight 0.5 --lm-scale 10 --max-tokens-per-node 62 --beam 650 --recombination-order 22 --num-jobs 64 --job 53
2020-08-31 10:05:59,317 get_default_device: Context None device="Tesla K80" ID="0000:09:00.0"
2020-08-31 10:05:59,319 from_file: Reading vocabulary from network state.
2020-08-31 10:05:59,627 from_file: Number of words in vocabulary: 42699
2020-08-31 10:05:59,628 from_file: Number of words in shortlist: 42699
2020-08-31 10:05:59,628 from_file: Number of word classes: 42699
2020-08-31 10:05:59,628 from_file: Building neural network.
2020-08-31 10:06:47,899 from_file: Restoring neural network state.
2020-08-31 10:06:48,239 decode: Building word lattice decoder.
2020-08-31 10:06:53,848 __iter__: Reading lattice file `/tmp/55357655/lattices/dspm001_dsp2013_14.lat.gz´.
2020-08-31 10:06:54,002 decode: Utterance `dspm001_dsp2013_14´ -- 1 of job 53
2020-08-31 10:07:01,682 __iter__: Reading lattice file `/tmp/55357655/lattices/dspm006_dsp2013_21.lat.gz´.
2020-08-31 10:07:01,780 decode: Utterance `dspm006_dsp2013_21´ -- 2 of job 53
2020-08-31 10:07:07,699 __iter__: Reading lattice file `/tmp/55357655/lattices/dspm011_dsp2013_14.lat.gz´.
2020-08-31 10:07:07,736 decode: Utterance `dspm011_dsp2013_14´ -- 3 of job 53
2020-08-31 10:07:09,241 __iter__: Reading lattice file `/tmp/55357655/lattices/dspm017_dsp2013_38.lat.gz´.
2020-08-31 10:07:12,411 decode: Utterance `dspm017_dsp2013_38´ -- 4 of job 53
2020-08-31 10:11:18,375 __iter__: Reading lattice file `/tmp/55357655/lattices/dspm021_dsp2013_11.lat.gz´.
2020-08-31 10:11:18,739 decode: Utterance `dspm021_dsp2013_11´ -- 5 of job 53
2020-08-31 10:11:37,417 __iter__: Reading lattice file `/tmp/55357655/lattices/dspm024_dsp2013_18.lat.gz´.
2020-08-31 10:11:37,588 decode: Utterance `dspm024_dsp2013_18´ -- 6 of job 53
2020-08-31 10:11:46,082 __iter__: Reading lattice file `/tmp/55357655/lattices/dspm028_dsp2013_20.lat.gz´.
2020-08-31 10:11:46,160 decode: Utterance `dspm028_dsp2013_20´ -- 7 of job 53
2020-08-31 10:11:50,102 __iter__: Reading lattice file `/tmp/55357655/lattices/dspm033_dsp2013_43.lat.gz´.
2020-08-31 10:11:51,487 decode: Utterance `dspm033_dsp2013_43´ -- 8 of job 53
2020-08-31 10:13:08,693 __iter__: Reading lattice file `/tmp/55357655/lattices/dspm039_dsp2013_22.lat.gz´.
2020-08-31 10:13:10,035 decode: Utterance `dspm039_dsp2013_22´ -- 9 of job 53
2020-08-31 10:14:35,585 __iter__: Reading lattice file `/tmp/55357655/lattices/dspm043_dsp2013_28.lat.gz´.
2020-08-31 10:14:35,619 decode: Utterance `dspm043_dsp2013_28´ -- 10 of job 53
2020-08-31 10:14:37,341 __iter__: Reading lattice file `/tmp/55357655/lattices/dspm048_dsp2013_18.lat.gz´.
2020-08-31 10:14:38,323 decode: Utterance `dspm048_dsp2013_18´ -- 11 of job 53
2020-08-31 10:15:16,426 __iter__: Reading lattice file `/tmp/55357655/lattices/dspm052_dsp2013_19.lat.gz´.
2020-08-31 10:15:17,604 decode: Utterance `dspm052_dsp2013_19´ -- 12 of job 53
2020-08-31 10:16:49,663 __iter__: Reading lattice file `/tmp/55357655/lattices/dspm057_dsp2013_02.lat.gz´.
2020-08-31 10:16:49,937 decode: Utterance `dspm057_dsp2013_02´ -- 13 of job 53
2020-08-31 10:17:04,547 __iter__: Reading lattice file `/tmp/55357655/lattices/radiojake_kbk20120915_26.lat.gz´.
2020-08-31 10:17:04,626 decode: Utterance `radiojake_kbk20120915_26´ -- 14 of job 53
2020-08-31 10:17:09,354 __iter__: Reading lattice file `/tmp/55357655/lattices/radioshaka_kbk20120915_102.lat.gz´.
2020-08-31 10:17:10,436 decode: Utterance `radioshaka_kbk20120915_102´ -- 15 of job 53
/scratch/work/groszt1/envs/theanoLM/lib/python3.7/site-packages/theano/gpuarray/dnn.py:184: UserWarning: Your cuDNN version is more recent than Theano. If you encounter problems, try updating Theano or downgrading cuDNN to a version >= v5 and <= v7.
  warnings.warn("Your cuDNN version is more recent than "
Using cuDNN version 7600 on context None
Mapped name None to device cuda0: Tesla K80 (0000:09:00.0)
/scratch/work/groszt1/envs/theanoLM/lib/python3.7/site-packages/h5py-2.9.0-py3.7-linux-x86_64.egg/h5py/_hl/dataset.py:313: H5pyDeprecationWarning: dataset.value has been deprecated. Use dataset[()] instead.
  "Use dataset[()] instead.", H5pyDeprecationWarning)
/scratch/work/groszt1/envs/theanoLM/lib/python3.7/site-packages/h5py-2.9.0-py3.7-linux-x86_64.egg/h5py/_hl/dataset.py:313: H5pyDeprecationWarning: dataset.value has been deprecated. Use dataset[()] instead.
  "Use dataset[()] instead.", H5pyDeprecationWarning)
decode_theanolm finished.
/tmp/55357655/lattices
floatX=float32,device=cuda0,base_compiledir=/tmp/theano,exception_verbosity=high,openmp=False
/scratch/work/groszt1/envs/theanoLM/lib/python3.7/site-packages/theano/gpuarray/dnn.py:184: UserWarning: Your cuDNN version is more recent than Theano. If you encounter problems, try updating Theano or downgrading cuDNN to a version >= v5 and <= v7.
  warnings.warn("Your cuDNN version is more recent than "
Using cuDNN version 7600 on context None
Mapped name None to device cuda0: Tesla K80 (0000:09:00.0)
TheanoLM 1.3.2
Theano 1.0.4
pygpu 0.7.6
==
+ srun --gres=gpu:1 theanolm decode /scratch/work/moisioa3/conv_lm/experiments/morph/srilm-3-gram/nnlm.h5 --lattice-list /tmp/55357655/lattices/lattice-list --output-file /scratch/work/moisioa3/conv_lm/experiments/morph/srilm-3-gram/decode/devel/lambda=1.0-lms=9/53.trn --output trn --nnlm-weight 1.0 --lm-scale 9 --max-tokens-per-node 62 --beam 650 --recombination-order 22 --num-jobs 64 --job 53
2020-08-31 10:18:55,346 get_default_device: Context None device="Tesla K80" ID="0000:09:00.0"
2020-08-31 10:18:55,348 from_file: Reading vocabulary from network state.
2020-08-31 10:18:55,637 from_file: Number of words in vocabulary: 42699
2020-08-31 10:18:55,637 from_file: Number of words in shortlist: 42699
2020-08-31 10:18:55,637 from_file: Number of word classes: 42699
2020-08-31 10:18:55,637 from_file: Building neural network.
2020-08-31 10:19:40,419 from_file: Restoring neural network state.
2020-08-31 10:19:40,773 decode: Building word lattice decoder.
2020-08-31 10:19:46,448 __iter__: Reading lattice file `/tmp/55357655/lattices/dspm001_dsp2013_14.lat.gz´.
2020-08-31 10:19:46,597 decode: Utterance `dspm001_dsp2013_14´ -- 1 of job 53
2020-08-31 10:19:53,300 __iter__: Reading lattice file `/tmp/55357655/lattices/dspm006_dsp2013_21.lat.gz´.
2020-08-31 10:19:53,393 decode: Utterance `dspm006_dsp2013_21´ -- 2 of job 53
2020-08-31 10:19:58,706 __iter__: Reading lattice file `/tmp/55357655/lattices/dspm011_dsp2013_14.lat.gz´.
2020-08-31 10:19:58,740 decode: Utterance `dspm011_dsp2013_14´ -- 3 of job 53
2020-08-31 10:20:00,143 __iter__: Reading lattice file `/tmp/55357655/lattices/dspm017_dsp2013_38.lat.gz´.
2020-08-31 10:20:03,294 decode: Utterance `dspm017_dsp2013_38´ -- 4 of job 53
2020-08-31 10:23:33,865 __iter__: Reading lattice file `/tmp/55357655/lattices/dspm021_dsp2013_11.lat.gz´.
2020-08-31 10:23:34,170 decode: Utterance `dspm021_dsp2013_11´ -- 5 of job 53
2020-08-31 10:23:51,700 __iter__: Reading lattice file `/tmp/55357655/lattices/dspm024_dsp2013_18.lat.gz´.
2020-08-31 10:23:51,869 decode: Utterance `dspm024_dsp2013_18´ -- 6 of job 53
2020-08-31 10:24:00,240 __iter__: Reading lattice file `/tmp/55357655/lattices/dspm028_dsp2013_20.lat.gz´.
2020-08-31 10:24:00,314 decode: Utterance `dspm028_dsp2013_20´ -- 7 of job 53
2020-08-31 10:24:03,990 __iter__: Reading lattice file `/tmp/55357655/lattices/dspm033_dsp2013_43.lat.gz´.
2020-08-31 10:24:05,297 decode: Utterance `dspm033_dsp2013_43´ -- 8 of job 53
2020-08-31 10:25:11,705 __iter__: Reading lattice file `/tmp/55357655/lattices/dspm039_dsp2013_22.lat.gz´.
2020-08-31 10:25:12,877 decode: Utterance `dspm039_dsp2013_22´ -- 9 of job 53
2020-08-31 10:26:21,185 __iter__: Reading lattice file `/tmp/55357655/lattices/dspm043_dsp2013_28.lat.gz´.
2020-08-31 10:26:21,213 decode: Utterance `dspm043_dsp2013_28´ -- 10 of job 53
2020-08-31 10:26:22,608 __iter__: Reading lattice file `/tmp/55357655/lattices/dspm048_dsp2013_18.lat.gz´.
2020-08-31 10:26:23,511 decode: Utterance `dspm048_dsp2013_18´ -- 11 of job 53
2020-08-31 10:26:57,086 __iter__: Reading lattice file `/tmp/55357655/lattices/dspm052_dsp2013_19.lat.gz´.
2020-08-31 10:26:58,165 decode: Utterance `dspm052_dsp2013_19´ -- 12 of job 53
2020-08-31 10:28:00,518 __iter__: Reading lattice file `/tmp/55357655/lattices/dspm057_dsp2013_02.lat.gz´.
2020-08-31 10:28:00,763 decode: Utterance `dspm057_dsp2013_02´ -- 13 of job 53
2020-08-31 10:28:15,182 __iter__: Reading lattice file `/tmp/55357655/lattices/radiojake_kbk20120915_26.lat.gz´.
2020-08-31 10:28:15,257 decode: Utterance `radiojake_kbk20120915_26´ -- 14 of job 53
2020-08-31 10:28:19,572 __iter__: Reading lattice file `/tmp/55357655/lattices/radioshaka_kbk20120915_102.lat.gz´.
2020-08-31 10:28:20,561 decode: Utterance `radioshaka_kbk20120915_102´ -- 15 of job 53
/scratch/work/groszt1/envs/theanoLM/lib/python3.7/site-packages/theano/gpuarray/dnn.py:184: UserWarning: Your cuDNN version is more recent than Theano. If you encounter problems, try updating Theano or downgrading cuDNN to a version >= v5 and <= v7.
  warnings.warn("Your cuDNN version is more recent than "
Using cuDNN version 7600 on context None
Mapped name None to device cuda0: Tesla K80 (0000:09:00.0)
/scratch/work/groszt1/envs/theanoLM/lib/python3.7/site-packages/h5py-2.9.0-py3.7-linux-x86_64.egg/h5py/_hl/dataset.py:313: H5pyDeprecationWarning: dataset.value has been deprecated. Use dataset[()] instead.
  "Use dataset[()] instead.", H5pyDeprecationWarning)
/scratch/work/groszt1/envs/theanoLM/lib/python3.7/site-packages/h5py-2.9.0-py3.7-linux-x86_64.egg/h5py/_hl/dataset.py:313: H5pyDeprecationWarning: dataset.value has been deprecated. Use dataset[()] instead.
  "Use dataset[()] instead.", H5pyDeprecationWarning)
decode_theanolm finished.
/tmp/55357655/lattices
floatX=float32,device=cuda0,base_compiledir=/tmp/theano,exception_verbosity=high,openmp=False
/scratch/work/groszt1/envs/theanoLM/lib/python3.7/site-packages/theano/gpuarray/dnn.py:184: UserWarning: Your cuDNN version is more recent than Theano. If you encounter problems, try updating Theano or downgrading cuDNN to a version >= v5 and <= v7.
  warnings.warn("Your cuDNN version is more recent than "
Using cuDNN version 7600 on context None
Mapped name None to device cuda0: Tesla K80 (0000:09:00.0)
TheanoLM 1.3.2
Theano 1.0.4
pygpu 0.7.6
==
+ srun --gres=gpu:1 theanolm decode /scratch/work/moisioa3/conv_lm/experiments/morph/srilm-3-gram/nnlm.h5 --lattice-list /tmp/55357655/lattices/lattice-list --output-file /scratch/work/moisioa3/conv_lm/experiments/morph/srilm-3-gram/decode/devel/lambda=1.0-lms=10/53.trn --output trn --nnlm-weight 1.0 --lm-scale 10 --max-tokens-per-node 62 --beam 650 --recombination-order 22 --num-jobs 64 --job 53
2020-08-31 10:29:28,843 get_default_device: Context None device="Tesla K80" ID="0000:09:00.0"
2020-08-31 10:29:28,844 from_file: Reading vocabulary from network state.
2020-08-31 10:29:29,111 from_file: Number of words in vocabulary: 42699
2020-08-31 10:29:29,111 from_file: Number of words in shortlist: 42699
2020-08-31 10:29:29,111 from_file: Number of word classes: 42699
2020-08-31 10:29:29,112 from_file: Building neural network.
2020-08-31 10:30:10,137 from_file: Restoring neural network state.
2020-08-31 10:30:10,473 decode: Building word lattice decoder.
2020-08-31 10:30:15,671 __iter__: Reading lattice file `/tmp/55357655/lattices/dspm001_dsp2013_14.lat.gz´.
2020-08-31 10:30:15,807 decode: Utterance `dspm001_dsp2013_14´ -- 1 of job 53
2020-08-31 10:30:22,451 __iter__: Reading lattice file `/tmp/55357655/lattices/dspm006_dsp2013_21.lat.gz´.
2020-08-31 10:30:22,533 decode: Utterance `dspm006_dsp2013_21´ -- 2 of job 53
2020-08-31 10:30:27,485 __iter__: Reading lattice file `/tmp/55357655/lattices/dspm011_dsp2013_14.lat.gz´.
2020-08-31 10:30:27,516 decode: Utterance `dspm011_dsp2013_14´ -- 3 of job 53
2020-08-31 10:30:28,860 __iter__: Reading lattice file `/tmp/55357655/lattices/dspm017_dsp2013_38.lat.gz´.
2020-08-31 10:30:31,721 decode: Utterance `dspm017_dsp2013_38´ -- 4 of job 53
2020-08-31 10:33:45,478 __iter__: Reading lattice file `/tmp/55357655/lattices/dspm021_dsp2013_11.lat.gz´.
2020-08-31 10:33:45,769 decode: Utterance `dspm021_dsp2013_11´ -- 5 of job 53
2020-08-31 10:34:02,860 __iter__: Reading lattice file `/tmp/55357655/lattices/dspm024_dsp2013_18.lat.gz´.
2020-08-31 10:34:03,016 decode: Utterance `dspm024_dsp2013_18´ -- 6 of job 53
2020-08-31 10:34:11,276 __iter__: Reading lattice file `/tmp/55357655/lattices/dspm028_dsp2013_20.lat.gz´.
2020-08-31 10:34:11,346 decode: Utterance `dspm028_dsp2013_20´ -- 7 of job 53
2020-08-31 10:34:14,946 __iter__: Reading lattice file `/tmp/55357655/lattices/dspm033_dsp2013_43.lat.gz´.
2020-08-31 10:34:16,175 decode: Utterance `dspm033_dsp2013_43´ -- 8 of job 53
2020-08-31 10:35:22,186 __iter__: Reading lattice file `/tmp/55357655/lattices/dspm039_dsp2013_22.lat.gz´.
2020-08-31 10:35:23,312 decode: Utterance `dspm039_dsp2013_22´ -- 9 of job 53
2020-08-31 10:36:31,265 __iter__: Reading lattice file `/tmp/55357655/lattices/dspm043_dsp2013_28.lat.gz´.
2020-08-31 10:36:31,293 decode: Utterance `dspm043_dsp2013_28´ -- 10 of job 53
2020-08-31 10:36:32,682 __iter__: Reading lattice file `/tmp/55357655/lattices/dspm048_dsp2013_18.lat.gz´.
2020-08-31 10:36:33,570 decode: Utterance `dspm048_dsp2013_18´ -- 11 of job 53
2020-08-31 10:37:06,670 __iter__: Reading lattice file `/tmp/55357655/lattices/dspm052_dsp2013_19.lat.gz´.
2020-08-31 10:37:07,726 decode: Utterance `dspm052_dsp2013_19´ -- 12 of job 53
2020-08-31 10:38:08,713 __iter__: Reading lattice file `/tmp/55357655/lattices/dspm057_dsp2013_02.lat.gz´.
2020-08-31 10:38:08,938 decode: Utterance `dspm057_dsp2013_02´ -- 13 of job 53
2020-08-31 10:38:22,444 __iter__: Reading lattice file `/tmp/55357655/lattices/radiojake_kbk20120915_26.lat.gz´.
2020-08-31 10:38:22,511 decode: Utterance `radiojake_kbk20120915_26´ -- 14 of job 53
2020-08-31 10:38:26,664 __iter__: Reading lattice file `/tmp/55357655/lattices/radioshaka_kbk20120915_102.lat.gz´.
2020-08-31 10:38:27,550 decode: Utterance `radioshaka_kbk20120915_102´ -- 15 of job 53
/scratch/work/groszt1/envs/theanoLM/lib/python3.7/site-packages/theano/gpuarray/dnn.py:184: UserWarning: Your cuDNN version is more recent than Theano. If you encounter problems, try updating Theano or downgrading cuDNN to a version >= v5 and <= v7.
  warnings.warn("Your cuDNN version is more recent than "
Using cuDNN version 7600 on context None
Mapped name None to device cuda0: Tesla K80 (0000:09:00.0)
/scratch/work/groszt1/envs/theanoLM/lib/python3.7/site-packages/h5py-2.9.0-py3.7-linux-x86_64.egg/h5py/_hl/dataset.py:313: H5pyDeprecationWarning: dataset.value has been deprecated. Use dataset[()] instead.
  "Use dataset[()] instead.", H5pyDeprecationWarning)
/scratch/work/groszt1/envs/theanoLM/lib/python3.7/site-packages/h5py-2.9.0-py3.7-linux-x86_64.egg/h5py/_hl/dataset.py:313: H5pyDeprecationWarning: dataset.value has been deprecated. Use dataset[()] instead.
  "Use dataset[()] instead.", H5pyDeprecationWarning)
decode_theanolm finished.
decode devel finished.
