Experiment: morph/srilm-3-gram
Job ID: 55357629
Task ID: 27
Host: gpu8.int.triton.aalto.fi
Start date: Mon Aug 31 09:52:32 EEST 2020
Work directory: /scratch/work/moisioa3/conv_lm/experiments/morph/srilm-3-gram
Temporary directory: /tmp/55357629

Currently Loaded Modules:
  1) speech-scripts/2016.05.24-b928230   6) binutils/2.25-GCCcore-5.4.0
  2) srilm/default                       7) GCC/5.4.0-2.25
  3) cuda/10.0.130                       8) libgpuarray/2017.03.29-45c731f
  4) cudnn/7.4.2-cuda                    9) anaconda3/latest
  5) GCCcore/5.4.0

 

/tmp/55357629/lattices
floatX=float32,device=cuda0,base_compiledir=/tmp/theano,exception_verbosity=high,openmp=False
/scratch/work/groszt1/envs/theanoLM/lib/python3.7/site-packages/theano/gpuarray/dnn.py:184: UserWarning: Your cuDNN version is more recent than Theano. If you encounter problems, try updating Theano or downgrading cuDNN to a version >= v5 and <= v7.
  warnings.warn("Your cuDNN version is more recent than "
Using cuDNN version 7600 on context None
Mapped name None to device cuda0: Tesla V100-PCIE-32GB (0000:18:00.0)
TheanoLM 1.3.2
Theano 1.0.4
pygpu 0.7.6
==
+ srun --gres=gpu:1 theanolm decode /scratch/work/moisioa3/conv_lm/experiments/morph/srilm-3-gram/nnlm.h5 --lattice-list /tmp/55357629/lattices/lattice-list --output-file /scratch/work/moisioa3/conv_lm/experiments/morph/srilm-3-gram/decode/devel/lambda=0.5-lms=9/27.trn --output trn --nnlm-weight 0.5 --lm-scale 9 --max-tokens-per-node 62 --beam 650 --recombination-order 22 --num-jobs 64 --job 27
2020-08-31 09:52:48,333 get_default_device: Context None device="Tesla V100-PCIE-32GB" ID="0000:18:00.0"
2020-08-31 09:52:48,335 from_file: Reading vocabulary from network state.
2020-08-31 09:52:48,566 from_file: Number of words in vocabulary: 42699
2020-08-31 09:52:48,567 from_file: Number of words in shortlist: 42699
2020-08-31 09:52:48,567 from_file: Number of word classes: 42699
2020-08-31 09:52:48,567 from_file: Building neural network.
2020-08-31 09:53:18,993 from_file: Restoring neural network state.
2020-08-31 09:53:19,676 decode: Building word lattice decoder.
/scratch/work/groszt1/envs/theanoLM/lib/python3.7/site-packages/theano/gpuarray/dnn.py:184: UserWarning: Your cuDNN version is more recent than Theano. If you encounter problems, try updating Theano or downgrading cuDNN to a version >= v5 and <= v7.
  warnings.warn("Your cuDNN version is more recent than "
Using cuDNN version 7600 on context None
Mapped name None to device cuda0: Tesla V100-PCIE-32GB (0000:18:00.0)
/scratch/work/groszt1/envs/theanoLM/lib/python3.7/site-packages/h5py-2.9.0-py3.7-linux-x86_64.egg/h5py/_hl/dataset.py:313: H5pyDeprecationWarning: dataset.value has been deprecated. Use dataset[()] instead.
  "Use dataset[()] instead.", H5pyDeprecationWarning)
/scratch/work/groszt1/envs/theanoLM/lib/python3.7/site-packages/h5py-2.9.0-py3.7-linux-x86_64.egg/h5py/_hl/dataset.py:313: H5pyDeprecationWarning: dataset.value has been deprecated. Use dataset[()] instead.
  "Use dataset[()] instead.", H5pyDeprecationWarning)
INFO (theano.gof.compilelock): Waiting for existing lock by process '196003' (I am process '195867')
2020-08-31 09:53:40,217 lock: Waiting for existing lock by process '196003' (I am process '195867')
INFO (theano.gof.compilelock): To manually release the lock, delete /tmp/theano/compiledir_Linux-3.10-el7.x86_64-x86_64-with-centos-7.8.2003-Core-x86_64-3.7.3-64/lock_dir
2020-08-31 09:53:40,218 lock: To manually release the lock, delete /tmp/theano/compiledir_Linux-3.10-el7.x86_64-x86_64-with-centos-7.8.2003-Core-x86_64-3.7.3-64/lock_dir
INFO (theano.gof.compilelock): Waiting for existing lock by process '196154' (I am process '195867')
2020-08-31 09:53:48,219 lock: Waiting for existing lock by process '196154' (I am process '195867')
INFO (theano.gof.compilelock): To manually release the lock, delete /tmp/theano/compiledir_Linux-3.10-el7.x86_64-x86_64-with-centos-7.8.2003-Core-x86_64-3.7.3-64/lock_dir
2020-08-31 09:53:48,219 lock: To manually release the lock, delete /tmp/theano/compiledir_Linux-3.10-el7.x86_64-x86_64-with-centos-7.8.2003-Core-x86_64-3.7.3-64/lock_dir
2020-08-31 09:53:58,666 __iter__: Reading lattice file `/tmp/55357629/lattices/dspf007_dsp2013_08.lat.gz´.
2020-08-31 09:53:59,375 decode: Utterance `dspf007_dsp2013_08´ -- 1 of job 27
2020-08-31 09:54:25,133 __iter__: Reading lattice file `/tmp/55357629/lattices/dspm005_dsp2013_12.lat.gz´.
2020-08-31 09:54:25,204 decode: Utterance `dspm005_dsp2013_12´ -- 2 of job 27
2020-08-31 09:54:27,487 __iter__: Reading lattice file `/tmp/55357629/lattices/dspm010_dsp2013_08.lat.gz´.
2020-08-31 09:54:28,012 decode: Utterance `dspm010_dsp2013_08´ -- 3 of job 27
2020-08-31 09:54:54,301 __iter__: Reading lattice file `/tmp/55357629/lattices/dspm015_dsp2013_06.lat.gz´.
2020-08-31 09:54:56,235 decode: Utterance `dspm015_dsp2013_06´ -- 4 of job 27
2020-08-31 09:56:01,493 __iter__: Reading lattice file `/tmp/55357629/lattices/dspm019_dsp2013_04.lat.gz´.
2020-08-31 09:56:01,502 decode: Utterance `dspm019_dsp2013_04´ -- 5 of job 27
2020-08-31 09:56:01,753 __iter__: Reading lattice file `/tmp/55357629/lattices/dspm022_dsp2013_25.lat.gz´.
2020-08-31 09:56:01,992 decode: Utterance `dspm022_dsp2013_25´ -- 6 of job 27
2020-08-31 09:56:11,307 __iter__: Reading lattice file `/tmp/55357629/lattices/dspm026_dsp2013_14.lat.gz´.
2020-08-31 09:56:11,764 decode: Utterance `dspm026_dsp2013_14´ -- 7 of job 27
2020-08-31 09:56:29,441 __iter__: Reading lattice file `/tmp/55357629/lattices/dspm032_dsp2013_13.lat.gz´.
2020-08-31 09:56:30,065 decode: Utterance `dspm032_dsp2013_13´ -- 8 of job 27
2020-08-31 09:56:49,279 __iter__: Reading lattice file `/tmp/55357629/lattices/dspm036_dsp2013_37.lat.gz´.
2020-08-31 09:56:51,436 decode: Utterance `dspm036_dsp2013_37´ -- 9 of job 27
2020-08-31 09:58:14,340 __iter__: Reading lattice file `/tmp/55357629/lattices/dspm042_dsp2013_15.lat.gz´.
2020-08-31 09:58:14,562 decode: Utterance `dspm042_dsp2013_15´ -- 10 of job 27
2020-08-31 09:58:21,920 __iter__: Reading lattice file `/tmp/55357629/lattices/dspm047_dsp2013_12.lat.gz´.
2020-08-31 09:58:22,893 decode: Utterance `dspm047_dsp2013_12´ -- 11 of job 27
2020-08-31 09:59:10,382 __iter__: Reading lattice file `/tmp/55357629/lattices/dspm050_dsp2013_25.lat.gz´.
2020-08-31 09:59:10,532 decode: Utterance `dspm050_dsp2013_25´ -- 12 of job 27
2020-08-31 09:59:14,582 __iter__: Reading lattice file `/tmp/55357629/lattices/dspm055_dsp2013_16.lat.gz´.
2020-08-31 09:59:14,796 decode: Utterance `dspm055_dsp2013_16´ -- 13 of job 27
2020-08-31 09:59:22,088 __iter__: Reading lattice file `/tmp/55357629/lattices/dspm058_dsp2013_22.lat.gz´.
2020-08-31 09:59:22,335 decode: Utterance `dspm058_dsp2013_22´ -- 14 of job 27
2020-08-31 09:59:34,745 __iter__: Reading lattice file `/tmp/55357629/lattices/radiokassu_kbk20120915_5.lat.gz´.
2020-08-31 09:59:34,766 decode: Utterance `radiokassu_kbk20120915_5´ -- 15 of job 27
2020-08-31 09:59:35,305 __iter__: Reading lattice file `/tmp/55357629/lattices/radioshaka_kbk20120915_98.lat.gz´.
2020-08-31 09:59:35,862 decode: Utterance `radioshaka_kbk20120915_98´ -- 16 of job 27
decode_theanolm finished.
/tmp/55357629/lattices
floatX=float32,device=cuda0,base_compiledir=/tmp/theano,exception_verbosity=high,openmp=False
/scratch/work/groszt1/envs/theanoLM/lib/python3.7/site-packages/theano/gpuarray/dnn.py:184: UserWarning: Your cuDNN version is more recent than Theano. If you encounter problems, try updating Theano or downgrading cuDNN to a version >= v5 and <= v7.
  warnings.warn("Your cuDNN version is more recent than "
Using cuDNN version 7600 on context None
Mapped name None to device cuda0: Tesla V100-PCIE-32GB (0000:18:00.0)
TheanoLM 1.3.2
Theano 1.0.4
pygpu 0.7.6
==
+ srun --gres=gpu:1 theanolm decode /scratch/work/moisioa3/conv_lm/experiments/morph/srilm-3-gram/nnlm.h5 --lattice-list /tmp/55357629/lattices/lattice-list --output-file /scratch/work/moisioa3/conv_lm/experiments/morph/srilm-3-gram/decode/devel/lambda=0.5-lms=10/27.trn --output trn --nnlm-weight 0.5 --lm-scale 10 --max-tokens-per-node 62 --beam 650 --recombination-order 22 --num-jobs 64 --job 27
2020-08-31 09:59:59,001 get_default_device: Context None device="Tesla V100-PCIE-32GB" ID="0000:18:00.0"
2020-08-31 09:59:59,002 from_file: Reading vocabulary from network state.
2020-08-31 09:59:59,209 from_file: Number of words in vocabulary: 42699
2020-08-31 09:59:59,209 from_file: Number of words in shortlist: 42699
2020-08-31 09:59:59,209 from_file: Number of word classes: 42699
2020-08-31 09:59:59,209 from_file: Building neural network.
2020-08-31 10:00:27,910 from_file: Restoring neural network state.
2020-08-31 10:00:28,267 decode: Building word lattice decoder.
2020-08-31 10:00:32,369 __iter__: Reading lattice file `/tmp/55357629/lattices/dspf007_dsp2013_08.lat.gz´.
2020-08-31 10:00:33,121 decode: Utterance `dspf007_dsp2013_08´ -- 1 of job 27
2020-08-31 10:00:58,876 __iter__: Reading lattice file `/tmp/55357629/lattices/dspm005_dsp2013_12.lat.gz´.
2020-08-31 10:00:58,947 decode: Utterance `dspm005_dsp2013_12´ -- 2 of job 27
2020-08-31 10:01:01,257 __iter__: Reading lattice file `/tmp/55357629/lattices/dspm010_dsp2013_08.lat.gz´.
2020-08-31 10:01:01,783 decode: Utterance `dspm010_dsp2013_08´ -- 3 of job 27
2020-08-31 10:01:28,175 __iter__: Reading lattice file `/tmp/55357629/lattices/dspm015_dsp2013_06.lat.gz´.
2020-08-31 10:01:30,110 decode: Utterance `dspm015_dsp2013_06´ -- 4 of job 27
2020-08-31 10:02:36,421 __iter__: Reading lattice file `/tmp/55357629/lattices/dspm019_dsp2013_04.lat.gz´.
2020-08-31 10:02:36,430 decode: Utterance `dspm019_dsp2013_04´ -- 5 of job 27
2020-08-31 10:02:36,702 __iter__: Reading lattice file `/tmp/55357629/lattices/dspm022_dsp2013_25.lat.gz´.
2020-08-31 10:02:36,958 decode: Utterance `dspm022_dsp2013_25´ -- 6 of job 27
2020-08-31 10:02:46,607 __iter__: Reading lattice file `/tmp/55357629/lattices/dspm026_dsp2013_14.lat.gz´.
2020-08-31 10:02:47,067 decode: Utterance `dspm026_dsp2013_14´ -- 7 of job 27
2020-08-31 10:03:04,702 __iter__: Reading lattice file `/tmp/55357629/lattices/dspm032_dsp2013_13.lat.gz´.
2020-08-31 10:03:05,326 decode: Utterance `dspm032_dsp2013_13´ -- 8 of job 27
2020-08-31 10:03:25,503 __iter__: Reading lattice file `/tmp/55357629/lattices/dspm036_dsp2013_37.lat.gz´.
2020-08-31 10:03:27,677 decode: Utterance `dspm036_dsp2013_37´ -- 9 of job 27
2020-08-31 10:04:52,434 __iter__: Reading lattice file `/tmp/55357629/lattices/dspm042_dsp2013_15.lat.gz´.
2020-08-31 10:04:52,657 decode: Utterance `dspm042_dsp2013_15´ -- 10 of job 27
2020-08-31 10:04:59,863 __iter__: Reading lattice file `/tmp/55357629/lattices/dspm047_dsp2013_12.lat.gz´.
2020-08-31 10:05:00,842 decode: Utterance `dspm047_dsp2013_12´ -- 11 of job 27
2020-08-31 10:05:50,995 __iter__: Reading lattice file `/tmp/55357629/lattices/dspm050_dsp2013_25.lat.gz´.
2020-08-31 10:05:51,144 decode: Utterance `dspm050_dsp2013_25´ -- 12 of job 27
2020-08-31 10:05:55,135 __iter__: Reading lattice file `/tmp/55357629/lattices/dspm055_dsp2013_16.lat.gz´.
2020-08-31 10:05:55,347 decode: Utterance `dspm055_dsp2013_16´ -- 13 of job 27
2020-08-31 10:06:02,502 __iter__: Reading lattice file `/tmp/55357629/lattices/dspm058_dsp2013_22.lat.gz´.
2020-08-31 10:06:02,746 decode: Utterance `dspm058_dsp2013_22´ -- 14 of job 27
2020-08-31 10:06:14,851 __iter__: Reading lattice file `/tmp/55357629/lattices/radiokassu_kbk20120915_5.lat.gz´.
2020-08-31 10:06:14,872 decode: Utterance `radiokassu_kbk20120915_5´ -- 15 of job 27
2020-08-31 10:06:15,404 __iter__: Reading lattice file `/tmp/55357629/lattices/radioshaka_kbk20120915_98.lat.gz´.
2020-08-31 10:06:15,957 decode: Utterance `radioshaka_kbk20120915_98´ -- 16 of job 27
/scratch/work/groszt1/envs/theanoLM/lib/python3.7/site-packages/theano/gpuarray/dnn.py:184: UserWarning: Your cuDNN version is more recent than Theano. If you encounter problems, try updating Theano or downgrading cuDNN to a version >= v5 and <= v7.
  warnings.warn("Your cuDNN version is more recent than "
Using cuDNN version 7600 on context None
Mapped name None to device cuda0: Tesla V100-PCIE-32GB (0000:18:00.0)
/scratch/work/groszt1/envs/theanoLM/lib/python3.7/site-packages/h5py-2.9.0-py3.7-linux-x86_64.egg/h5py/_hl/dataset.py:313: H5pyDeprecationWarning: dataset.value has been deprecated. Use dataset[()] instead.
  "Use dataset[()] instead.", H5pyDeprecationWarning)
/scratch/work/groszt1/envs/theanoLM/lib/python3.7/site-packages/h5py-2.9.0-py3.7-linux-x86_64.egg/h5py/_hl/dataset.py:313: H5pyDeprecationWarning: dataset.value has been deprecated. Use dataset[()] instead.
  "Use dataset[()] instead.", H5pyDeprecationWarning)
decode_theanolm finished.
/tmp/55357629/lattices
floatX=float32,device=cuda0,base_compiledir=/tmp/theano,exception_verbosity=high,openmp=False
/scratch/work/groszt1/envs/theanoLM/lib/python3.7/site-packages/theano/gpuarray/dnn.py:184: UserWarning: Your cuDNN version is more recent than Theano. If you encounter problems, try updating Theano or downgrading cuDNN to a version >= v5 and <= v7.
  warnings.warn("Your cuDNN version is more recent than "
Using cuDNN version 7600 on context None
Mapped name None to device cuda0: Tesla V100-PCIE-32GB (0000:18:00.0)
TheanoLM 1.3.2
Theano 1.0.4
pygpu 0.7.6
==
+ srun --gres=gpu:1 theanolm decode /scratch/work/moisioa3/conv_lm/experiments/morph/srilm-3-gram/nnlm.h5 --lattice-list /tmp/55357629/lattices/lattice-list --output-file /scratch/work/moisioa3/conv_lm/experiments/morph/srilm-3-gram/decode/devel/lambda=1.0-lms=9/27.trn --output trn --nnlm-weight 1.0 --lm-scale 9 --max-tokens-per-node 62 --beam 650 --recombination-order 22 --num-jobs 64 --job 27
2020-08-31 10:06:37,685 get_default_device: Context None device="Tesla V100-PCIE-32GB" ID="0000:18:00.0"
2020-08-31 10:06:37,687 from_file: Reading vocabulary from network state.
2020-08-31 10:06:37,895 from_file: Number of words in vocabulary: 42699
2020-08-31 10:06:37,895 from_file: Number of words in shortlist: 42699
2020-08-31 10:06:37,895 from_file: Number of word classes: 42699
2020-08-31 10:06:37,896 from_file: Building neural network.
2020-08-31 10:07:06,953 from_file: Restoring neural network state.
2020-08-31 10:07:07,309 decode: Building word lattice decoder.
2020-08-31 10:07:11,310 __iter__: Reading lattice file `/tmp/55357629/lattices/dspf007_dsp2013_08.lat.gz´.
2020-08-31 10:07:12,041 decode: Utterance `dspf007_dsp2013_08´ -- 1 of job 27
2020-08-31 10:07:33,356 __iter__: Reading lattice file `/tmp/55357629/lattices/dspm005_dsp2013_12.lat.gz´.
2020-08-31 10:07:33,427 decode: Utterance `dspm005_dsp2013_12´ -- 2 of job 27
2020-08-31 10:07:35,513 __iter__: Reading lattice file `/tmp/55357629/lattices/dspm010_dsp2013_08.lat.gz´.
2020-08-31 10:07:36,046 decode: Utterance `dspm010_dsp2013_08´ -- 3 of job 27
2020-08-31 10:08:00,645 __iter__: Reading lattice file `/tmp/55357629/lattices/dspm015_dsp2013_06.lat.gz´.
2020-08-31 10:08:02,594 decode: Utterance `dspm015_dsp2013_06´ -- 4 of job 27
2020-08-31 10:08:59,979 __iter__: Reading lattice file `/tmp/55357629/lattices/dspm019_dsp2013_04.lat.gz´.
2020-08-31 10:08:59,989 decode: Utterance `dspm019_dsp2013_04´ -- 5 of job 27
2020-08-31 10:09:00,243 __iter__: Reading lattice file `/tmp/55357629/lattices/dspm022_dsp2013_25.lat.gz´.
2020-08-31 10:09:00,485 decode: Utterance `dspm022_dsp2013_25´ -- 6 of job 27
2020-08-31 10:09:09,188 __iter__: Reading lattice file `/tmp/55357629/lattices/dspm026_dsp2013_14.lat.gz´.
2020-08-31 10:09:09,648 decode: Utterance `dspm026_dsp2013_14´ -- 7 of job 27
2020-08-31 10:09:23,632 __iter__: Reading lattice file `/tmp/55357629/lattices/dspm032_dsp2013_13.lat.gz´.
2020-08-31 10:09:24,262 decode: Utterance `dspm032_dsp2013_13´ -- 8 of job 27
2020-08-31 10:09:40,373 __iter__: Reading lattice file `/tmp/55357629/lattices/dspm036_dsp2013_37.lat.gz´.
2020-08-31 10:09:42,543 decode: Utterance `dspm036_dsp2013_37´ -- 9 of job 27
2020-08-31 10:10:53,227 __iter__: Reading lattice file `/tmp/55357629/lattices/dspm042_dsp2013_15.lat.gz´.
2020-08-31 10:10:53,450 decode: Utterance `dspm042_dsp2013_15´ -- 10 of job 27
2020-08-31 10:11:00,363 __iter__: Reading lattice file `/tmp/55357629/lattices/dspm047_dsp2013_12.lat.gz´.
2020-08-31 10:11:01,347 decode: Utterance `dspm047_dsp2013_12´ -- 11 of job 27
2020-08-31 10:11:34,100 __iter__: Reading lattice file `/tmp/55357629/lattices/dspm050_dsp2013_25.lat.gz´.
2020-08-31 10:11:34,250 decode: Utterance `dspm050_dsp2013_25´ -- 12 of job 27
2020-08-31 10:11:38,110 __iter__: Reading lattice file `/tmp/55357629/lattices/dspm055_dsp2013_16.lat.gz´.
2020-08-31 10:11:38,326 decode: Utterance `dspm055_dsp2013_16´ -- 13 of job 27
2020-08-31 10:11:44,995 __iter__: Reading lattice file `/tmp/55357629/lattices/dspm058_dsp2013_22.lat.gz´.
2020-08-31 10:11:45,242 decode: Utterance `dspm058_dsp2013_22´ -- 14 of job 27
2020-08-31 10:11:55,835 __iter__: Reading lattice file `/tmp/55357629/lattices/radiokassu_kbk20120915_5.lat.gz´.
2020-08-31 10:11:55,857 decode: Utterance `radiokassu_kbk20120915_5´ -- 15 of job 27
2020-08-31 10:11:56,373 __iter__: Reading lattice file `/tmp/55357629/lattices/radioshaka_kbk20120915_98.lat.gz´.
2020-08-31 10:11:56,930 decode: Utterance `radioshaka_kbk20120915_98´ -- 16 of job 27
/scratch/work/groszt1/envs/theanoLM/lib/python3.7/site-packages/theano/gpuarray/dnn.py:184: UserWarning: Your cuDNN version is more recent than Theano. If you encounter problems, try updating Theano or downgrading cuDNN to a version >= v5 and <= v7.
  warnings.warn("Your cuDNN version is more recent than "
Using cuDNN version 7600 on context None
Mapped name None to device cuda0: Tesla V100-PCIE-32GB (0000:18:00.0)
/scratch/work/groszt1/envs/theanoLM/lib/python3.7/site-packages/h5py-2.9.0-py3.7-linux-x86_64.egg/h5py/_hl/dataset.py:313: H5pyDeprecationWarning: dataset.value has been deprecated. Use dataset[()] instead.
  "Use dataset[()] instead.", H5pyDeprecationWarning)
/scratch/work/groszt1/envs/theanoLM/lib/python3.7/site-packages/h5py-2.9.0-py3.7-linux-x86_64.egg/h5py/_hl/dataset.py:313: H5pyDeprecationWarning: dataset.value has been deprecated. Use dataset[()] instead.
  "Use dataset[()] instead.", H5pyDeprecationWarning)
decode_theanolm finished.
/tmp/55357629/lattices
floatX=float32,device=cuda0,base_compiledir=/tmp/theano,exception_verbosity=high,openmp=False
/scratch/work/groszt1/envs/theanoLM/lib/python3.7/site-packages/theano/gpuarray/dnn.py:184: UserWarning: Your cuDNN version is more recent than Theano. If you encounter problems, try updating Theano or downgrading cuDNN to a version >= v5 and <= v7.
  warnings.warn("Your cuDNN version is more recent than "
Using cuDNN version 7600 on context None
Mapped name None to device cuda0: Tesla V100-PCIE-32GB (0000:18:00.0)
TheanoLM 1.3.2
Theano 1.0.4
pygpu 0.7.6
==
+ srun --gres=gpu:1 theanolm decode /scratch/work/moisioa3/conv_lm/experiments/morph/srilm-3-gram/nnlm.h5 --lattice-list /tmp/55357629/lattices/lattice-list --output-file /scratch/work/moisioa3/conv_lm/experiments/morph/srilm-3-gram/decode/devel/lambda=1.0-lms=10/27.trn --output trn --nnlm-weight 1.0 --lm-scale 10 --max-tokens-per-node 62 --beam 650 --recombination-order 22 --num-jobs 64 --job 27
2020-08-31 10:12:26,892 get_default_device: Context None device="Tesla V100-PCIE-32GB" ID="0000:18:00.0"
2020-08-31 10:12:26,893 from_file: Reading vocabulary from network state.
2020-08-31 10:12:27,098 from_file: Number of words in vocabulary: 42699
2020-08-31 10:12:27,098 from_file: Number of words in shortlist: 42699
2020-08-31 10:12:27,099 from_file: Number of word classes: 42699
2020-08-31 10:12:27,099 from_file: Building neural network.
2020-08-31 10:12:55,792 from_file: Restoring neural network state.
2020-08-31 10:12:56,152 decode: Building word lattice decoder.
2020-08-31 10:13:00,078 __iter__: Reading lattice file `/tmp/55357629/lattices/dspf007_dsp2013_08.lat.gz´.
2020-08-31 10:13:00,785 decode: Utterance `dspf007_dsp2013_08´ -- 1 of job 27
2020-08-31 10:13:21,478 __iter__: Reading lattice file `/tmp/55357629/lattices/dspm005_dsp2013_12.lat.gz´.
2020-08-31 10:13:21,548 decode: Utterance `dspm005_dsp2013_12´ -- 2 of job 27
2020-08-31 10:13:23,547 __iter__: Reading lattice file `/tmp/55357629/lattices/dspm010_dsp2013_08.lat.gz´.
2020-08-31 10:13:24,063 decode: Utterance `dspm010_dsp2013_08´ -- 3 of job 27
2020-08-31 10:13:47,990 __iter__: Reading lattice file `/tmp/55357629/lattices/dspm015_dsp2013_06.lat.gz´.
2020-08-31 10:13:49,897 decode: Utterance `dspm015_dsp2013_06´ -- 4 of job 27
2020-08-31 10:14:46,979 __iter__: Reading lattice file `/tmp/55357629/lattices/dspm019_dsp2013_04.lat.gz´.
2020-08-31 10:14:46,988 decode: Utterance `dspm019_dsp2013_04´ -- 5 of job 27
2020-08-31 10:14:47,234 __iter__: Reading lattice file `/tmp/55357629/lattices/dspm022_dsp2013_25.lat.gz´.
2020-08-31 10:14:47,468 decode: Utterance `dspm022_dsp2013_25´ -- 6 of job 27
2020-08-31 10:14:56,118 __iter__: Reading lattice file `/tmp/55357629/lattices/dspm026_dsp2013_14.lat.gz´.
2020-08-31 10:14:56,568 decode: Utterance `dspm026_dsp2013_14´ -- 7 of job 27
2020-08-31 10:15:10,476 __iter__: Reading lattice file `/tmp/55357629/lattices/dspm032_dsp2013_13.lat.gz´.
2020-08-31 10:15:11,093 decode: Utterance `dspm032_dsp2013_13´ -- 8 of job 27
2020-08-31 10:15:27,116 __iter__: Reading lattice file `/tmp/55357629/lattices/dspm036_dsp2013_37.lat.gz´.
2020-08-31 10:15:29,233 decode: Utterance `dspm036_dsp2013_37´ -- 9 of job 27
2020-08-31 10:16:38,176 __iter__: Reading lattice file `/tmp/55357629/lattices/dspm042_dsp2013_15.lat.gz´.
2020-08-31 10:16:38,392 decode: Utterance `dspm042_dsp2013_15´ -- 10 of job 27
2020-08-31 10:16:44,981 __iter__: Reading lattice file `/tmp/55357629/lattices/dspm047_dsp2013_12.lat.gz´.
2020-08-31 10:16:45,940 decode: Utterance `dspm047_dsp2013_12´ -- 11 of job 27
2020-08-31 10:17:17,779 __iter__: Reading lattice file `/tmp/55357629/lattices/dspm050_dsp2013_25.lat.gz´.
2020-08-31 10:17:17,925 decode: Utterance `dspm050_dsp2013_25´ -- 12 of job 27
2020-08-31 10:17:21,669 __iter__: Reading lattice file `/tmp/55357629/lattices/dspm055_dsp2013_16.lat.gz´.
2020-08-31 10:17:21,877 decode: Utterance `dspm055_dsp2013_16´ -- 13 of job 27
2020-08-31 10:17:28,459 __iter__: Reading lattice file `/tmp/55357629/lattices/dspm058_dsp2013_22.lat.gz´.
2020-08-31 10:17:28,699 decode: Utterance `dspm058_dsp2013_22´ -- 14 of job 27
2020-08-31 10:17:38,483 __iter__: Reading lattice file `/tmp/55357629/lattices/radiokassu_kbk20120915_5.lat.gz´.
2020-08-31 10:17:38,504 decode: Utterance `radiokassu_kbk20120915_5´ -- 15 of job 27
2020-08-31 10:17:39,001 __iter__: Reading lattice file `/tmp/55357629/lattices/radioshaka_kbk20120915_98.lat.gz´.
2020-08-31 10:17:39,544 decode: Utterance `radioshaka_kbk20120915_98´ -- 16 of job 27
/scratch/work/groszt1/envs/theanoLM/lib/python3.7/site-packages/theano/gpuarray/dnn.py:184: UserWarning: Your cuDNN version is more recent than Theano. If you encounter problems, try updating Theano or downgrading cuDNN to a version >= v5 and <= v7.
  warnings.warn("Your cuDNN version is more recent than "
Using cuDNN version 7600 on context None
Mapped name None to device cuda0: Tesla V100-PCIE-32GB (0000:18:00.0)
/scratch/work/groszt1/envs/theanoLM/lib/python3.7/site-packages/h5py-2.9.0-py3.7-linux-x86_64.egg/h5py/_hl/dataset.py:313: H5pyDeprecationWarning: dataset.value has been deprecated. Use dataset[()] instead.
  "Use dataset[()] instead.", H5pyDeprecationWarning)
/scratch/work/groszt1/envs/theanoLM/lib/python3.7/site-packages/h5py-2.9.0-py3.7-linux-x86_64.egg/h5py/_hl/dataset.py:313: H5pyDeprecationWarning: dataset.value has been deprecated. Use dataset[()] instead.
  "Use dataset[()] instead.", H5pyDeprecationWarning)
decode_theanolm finished.
decode devel finished.
