Experiment: morph/srilm-3-gram
Job ID: 55357652
Task ID: 50
Host: gpu2.int.triton.aalto.fi
Start date: Mon Aug 31 09:52:32 EEST 2020
Work directory: /scratch/work/moisioa3/conv_lm/experiments/morph/srilm-3-gram
Temporary directory: /tmp/55357652

Currently Loaded Modules:
  1) speech-scripts/2016.05.24-b928230   6) binutils/2.25-GCCcore-5.4.0
  2) srilm/default                       7) GCC/5.4.0-2.25
  3) cuda/10.0.130                       8) libgpuarray/2017.03.29-45c731f
  4) cudnn/7.4.2-cuda                    9) anaconda3/latest
  5) GCCcore/5.4.0

 

/tmp/55357652/lattices
floatX=float32,device=cuda0,base_compiledir=/tmp/theano,exception_verbosity=high,openmp=False
INFO (theano.gof.compilelock): Waiting for existing lock by process '57172' (I am process '57170')
INFO (theano.gof.compilelock): To manually release the lock, delete /tmp/theano/compiledir_Linux-3.10-el7.x86_64-x86_64-with-centos-7.8.2003-Core-x86_64-3.7.3-64/lock_dir
INFO (theano.gof.compilelock): Waiting for existing lock by unknown process (I am process '57170')
INFO (theano.gof.compilelock): To manually release the lock, delete /tmp/theano/compiledir_Linux-3.10-el7.x86_64-x86_64-with-centos-7.8.2003-Core-x86_64-3.7.3-64/lock_dir
/scratch/work/groszt1/envs/theanoLM/lib/python3.7/site-packages/theano/gpuarray/dnn.py:184: UserWarning: Your cuDNN version is more recent than Theano. If you encounter problems, try updating Theano or downgrading cuDNN to a version >= v5 and <= v7.
  warnings.warn("Your cuDNN version is more recent than "
Using cuDNN version 7600 on context None
Mapped name None to device cuda0: Tesla V100-PCIE-32GB (0000:AF:00.0)
TheanoLM 1.3.2
Theano 1.0.4
pygpu 0.7.6
==
+ srun --gres=gpu:1 theanolm decode /scratch/work/moisioa3/conv_lm/experiments/morph/srilm-3-gram/nnlm.h5 --lattice-list /tmp/55357652/lattices/lattice-list --output-file /scratch/work/moisioa3/conv_lm/experiments/morph/srilm-3-gram/decode/devel/lambda=0.5-lms=9/50.trn --output trn --nnlm-weight 0.5 --lm-scale 9 --max-tokens-per-node 62 --beam 650 --recombination-order 22 --num-jobs 64 --job 50
2020-08-31 09:53:07,882 get_default_device: Context None device="Tesla V100-PCIE-32GB" ID="0000:AF:00.0"
2020-08-31 09:53:07,883 from_file: Reading vocabulary from network state.
2020-08-31 09:53:08,102 from_file: Number of words in vocabulary: 42699
2020-08-31 09:53:08,102 from_file: Number of words in shortlist: 42699
2020-08-31 09:53:08,102 from_file: Number of word classes: 42699
2020-08-31 09:53:08,102 from_file: Building neural network.
2020-08-31 09:53:45,374 from_file: Restoring neural network state.
2020-08-31 09:53:45,724 decode: Building word lattice decoder.
2020-08-31 09:53:49,517 __iter__: Reading lattice file `/tmp/55357652/lattices/dspm001_dsp2013_11.lat.gz´.
2020-08-31 09:53:50,072 decode: Utterance `dspm001_dsp2013_11´ -- 1 of job 50
2020-08-31 09:54:11,234 __iter__: Reading lattice file `/tmp/55357652/lattices/dspm006_dsp2013_17.lat.gz´.
2020-08-31 09:54:11,263 decode: Utterance `dspm006_dsp2013_17´ -- 2 of job 50
2020-08-31 09:54:11,907 __iter__: Reading lattice file `/tmp/55357652/lattices/dspm011_dsp2013_11.lat.gz´.
2020-08-31 09:54:11,992 decode: Utterance `dspm011_dsp2013_11´ -- 3 of job 50
2020-08-31 09:54:14,721 __iter__: Reading lattice file `/tmp/55357652/lattices/dspm017_dsp2013_30.lat.gz´.
2020-08-31 09:54:14,886 decode: Utterance `dspm017_dsp2013_30´ -- 4 of job 50
2020-08-31 09:54:21,572 __iter__: Reading lattice file `/tmp/55357652/lattices/dspm021_dsp2013_08.lat.gz´.
2020-08-31 09:54:22,457 decode: Utterance `dspm021_dsp2013_08´ -- 5 of job 50
2020-08-31 09:54:58,474 __iter__: Reading lattice file `/tmp/55357652/lattices/dspm024_dsp2013_14.lat.gz´.
2020-08-31 09:54:58,489 decode: Utterance `dspm024_dsp2013_14´ -- 6 of job 50
2020-08-31 09:54:58,859 __iter__: Reading lattice file `/tmp/55357652/lattices/dspm028_dsp2013_17.lat.gz´.
2020-08-31 09:54:58,897 decode: Utterance `dspm028_dsp2013_17´ -- 7 of job 50
2020-08-31 09:54:59,711 __iter__: Reading lattice file `/tmp/55357652/lattices/dspm033_dsp2013_32.lat.gz´.
2020-08-31 09:54:59,834 decode: Utterance `dspm033_dsp2013_32´ -- 8 of job 50
2020-08-31 09:55:04,196 __iter__: Reading lattice file `/tmp/55357652/lattices/dspm039_dsp2013_19.lat.gz´.
2020-08-31 09:55:04,775 decode: Utterance `dspm039_dsp2013_19´ -- 9 of job 50
2020-08-31 09:55:21,966 __iter__: Reading lattice file `/tmp/55357652/lattices/dspm043_dsp2013_22.lat.gz´.
2020-08-31 09:55:21,992 decode: Utterance `dspm043_dsp2013_22´ -- 10 of job 50
2020-08-31 09:55:22,680 __iter__: Reading lattice file `/tmp/55357652/lattices/dspm048_dsp2013_15.lat.gz´.
2020-08-31 09:55:22,923 decode: Utterance `dspm048_dsp2013_15´ -- 11 of job 50
2020-08-31 09:55:32,211 __iter__: Reading lattice file `/tmp/55357652/lattices/dspm052_dsp2013_16.lat.gz´.
2020-08-31 09:55:32,278 decode: Utterance `dspm052_dsp2013_16´ -- 12 of job 50
2020-08-31 09:55:34,319 __iter__: Reading lattice file `/tmp/55357652/lattices/dspm056_dsp2013_19.lat.gz´.
2020-08-31 09:55:34,723 decode: Utterance `dspm056_dsp2013_19´ -- 13 of job 50
2020-08-31 09:55:42,689 __iter__: Reading lattice file `/tmp/55357652/lattices/radiojake_kbk20120915_21.lat.gz´.
2020-08-31 09:55:42,729 decode: Utterance `radiojake_kbk20120915_21´ -- 14 of job 50
2020-08-31 09:55:43,611 __iter__: Reading lattice file `/tmp/55357652/lattices/radionoona_fym20071218_8.lat.gz´.
2020-08-31 09:55:43,643 decode: Utterance `radionoona_fym20071218_8´ -- 15 of job 50
/scratch/work/groszt1/envs/theanoLM/lib/python3.7/site-packages/theano/gpuarray/dnn.py:184: UserWarning: Your cuDNN version is more recent than Theano. If you encounter problems, try updating Theano or downgrading cuDNN to a version >= v5 and <= v7.
  warnings.warn("Your cuDNN version is more recent than "
Using cuDNN version 7600 on context None
Mapped name None to device cuda0: Tesla V100-PCIE-32GB (0000:AF:00.0)
/scratch/work/groszt1/envs/theanoLM/lib/python3.7/site-packages/h5py-2.9.0-py3.7-linux-x86_64.egg/h5py/_hl/dataset.py:313: H5pyDeprecationWarning: dataset.value has been deprecated. Use dataset[()] instead.
  "Use dataset[()] instead.", H5pyDeprecationWarning)
/scratch/work/groszt1/envs/theanoLM/lib/python3.7/site-packages/h5py-2.9.0-py3.7-linux-x86_64.egg/h5py/_hl/dataset.py:313: H5pyDeprecationWarning: dataset.value has been deprecated. Use dataset[()] instead.
  "Use dataset[()] instead.", H5pyDeprecationWarning)
decode_theanolm finished.
/tmp/55357652/lattices
floatX=float32,device=cuda0,base_compiledir=/tmp/theano,exception_verbosity=high,openmp=False
/scratch/work/groszt1/envs/theanoLM/lib/python3.7/site-packages/theano/gpuarray/dnn.py:184: UserWarning: Your cuDNN version is more recent than Theano. If you encounter problems, try updating Theano or downgrading cuDNN to a version >= v5 and <= v7.
  warnings.warn("Your cuDNN version is more recent than "
Using cuDNN version 7600 on context None
Mapped name None to device cuda0: Tesla V100-PCIE-32GB (0000:AF:00.0)
TheanoLM 1.3.2
Theano 1.0.4
pygpu 0.7.6
==
+ srun --gres=gpu:1 theanolm decode /scratch/work/moisioa3/conv_lm/experiments/morph/srilm-3-gram/nnlm.h5 --lattice-list /tmp/55357652/lattices/lattice-list --output-file /scratch/work/moisioa3/conv_lm/experiments/morph/srilm-3-gram/decode/devel/lambda=0.5-lms=10/50.trn --output trn --nnlm-weight 0.5 --lm-scale 10 --max-tokens-per-node 62 --beam 650 --recombination-order 22 --num-jobs 64 --job 50
2020-08-31 09:55:51,267 get_default_device: Context None device="Tesla V100-PCIE-32GB" ID="0000:AF:00.0"
2020-08-31 09:55:51,268 from_file: Reading vocabulary from network state.
2020-08-31 09:55:51,492 from_file: Number of words in vocabulary: 42699
2020-08-31 09:55:51,492 from_file: Number of words in shortlist: 42699
2020-08-31 09:55:51,492 from_file: Number of word classes: 42699
2020-08-31 09:55:51,492 from_file: Building neural network.
2020-08-31 09:56:29,267 from_file: Restoring neural network state.
2020-08-31 09:56:29,617 decode: Building word lattice decoder.
2020-08-31 09:56:33,516 __iter__: Reading lattice file `/tmp/55357652/lattices/dspm001_dsp2013_11.lat.gz´.
2020-08-31 09:56:34,073 decode: Utterance `dspm001_dsp2013_11´ -- 1 of job 50
2020-08-31 09:56:55,645 __iter__: Reading lattice file `/tmp/55357652/lattices/dspm006_dsp2013_17.lat.gz´.
2020-08-31 09:56:55,674 decode: Utterance `dspm006_dsp2013_17´ -- 2 of job 50
2020-08-31 09:56:56,325 __iter__: Reading lattice file `/tmp/55357652/lattices/dspm011_dsp2013_11.lat.gz´.
2020-08-31 09:56:56,409 decode: Utterance `dspm011_dsp2013_11´ -- 3 of job 50
2020-08-31 09:56:59,184 __iter__: Reading lattice file `/tmp/55357652/lattices/dspm017_dsp2013_30.lat.gz´.
2020-08-31 09:56:59,347 decode: Utterance `dspm017_dsp2013_30´ -- 4 of job 50
2020-08-31 09:57:06,328 __iter__: Reading lattice file `/tmp/55357652/lattices/dspm021_dsp2013_08.lat.gz´.
2020-08-31 09:57:07,197 decode: Utterance `dspm021_dsp2013_08´ -- 5 of job 50
2020-08-31 09:57:43,963 __iter__: Reading lattice file `/tmp/55357652/lattices/dspm024_dsp2013_14.lat.gz´.
2020-08-31 09:57:43,978 decode: Utterance `dspm024_dsp2013_14´ -- 6 of job 50
2020-08-31 09:57:44,345 __iter__: Reading lattice file `/tmp/55357652/lattices/dspm028_dsp2013_17.lat.gz´.
2020-08-31 09:57:44,383 decode: Utterance `dspm028_dsp2013_17´ -- 7 of job 50
2020-08-31 09:57:45,191 __iter__: Reading lattice file `/tmp/55357652/lattices/dspm033_dsp2013_32.lat.gz´.
2020-08-31 09:57:45,312 decode: Utterance `dspm033_dsp2013_32´ -- 8 of job 50
2020-08-31 09:57:49,718 __iter__: Reading lattice file `/tmp/55357652/lattices/dspm039_dsp2013_19.lat.gz´.
2020-08-31 09:57:50,283 decode: Utterance `dspm039_dsp2013_19´ -- 9 of job 50
2020-08-31 09:58:08,012 __iter__: Reading lattice file `/tmp/55357652/lattices/dspm043_dsp2013_22.lat.gz´.
2020-08-31 09:58:08,038 decode: Utterance `dspm043_dsp2013_22´ -- 10 of job 50
2020-08-31 09:58:08,732 __iter__: Reading lattice file `/tmp/55357652/lattices/dspm048_dsp2013_15.lat.gz´.
2020-08-31 09:58:08,970 decode: Utterance `dspm048_dsp2013_15´ -- 11 of job 50
2020-08-31 09:58:19,083 __iter__: Reading lattice file `/tmp/55357652/lattices/dspm052_dsp2013_16.lat.gz´.
2020-08-31 09:58:19,149 decode: Utterance `dspm052_dsp2013_16´ -- 12 of job 50
2020-08-31 09:58:21,251 __iter__: Reading lattice file `/tmp/55357652/lattices/dspm056_dsp2013_19.lat.gz´.
2020-08-31 09:58:21,661 decode: Utterance `dspm056_dsp2013_19´ -- 13 of job 50
2020-08-31 09:58:30,248 __iter__: Reading lattice file `/tmp/55357652/lattices/radiojake_kbk20120915_21.lat.gz´.
2020-08-31 09:58:30,289 decode: Utterance `radiojake_kbk20120915_21´ -- 14 of job 50
2020-08-31 09:58:31,215 __iter__: Reading lattice file `/tmp/55357652/lattices/radionoona_fym20071218_8.lat.gz´.
2020-08-31 09:58:31,248 decode: Utterance `radionoona_fym20071218_8´ -- 15 of job 50
/scratch/work/groszt1/envs/theanoLM/lib/python3.7/site-packages/theano/gpuarray/dnn.py:184: UserWarning: Your cuDNN version is more recent than Theano. If you encounter problems, try updating Theano or downgrading cuDNN to a version >= v5 and <= v7.
  warnings.warn("Your cuDNN version is more recent than "
Using cuDNN version 7600 on context None
Mapped name None to device cuda0: Tesla V100-PCIE-32GB (0000:AF:00.0)
/scratch/work/groszt1/envs/theanoLM/lib/python3.7/site-packages/h5py-2.9.0-py3.7-linux-x86_64.egg/h5py/_hl/dataset.py:313: H5pyDeprecationWarning: dataset.value has been deprecated. Use dataset[()] instead.
  "Use dataset[()] instead.", H5pyDeprecationWarning)
/scratch/work/groszt1/envs/theanoLM/lib/python3.7/site-packages/h5py-2.9.0-py3.7-linux-x86_64.egg/h5py/_hl/dataset.py:313: H5pyDeprecationWarning: dataset.value has been deprecated. Use dataset[()] instead.
  "Use dataset[()] instead.", H5pyDeprecationWarning)
decode_theanolm finished.
/tmp/55357652/lattices
floatX=float32,device=cuda0,base_compiledir=/tmp/theano,exception_verbosity=high,openmp=False
/scratch/work/groszt1/envs/theanoLM/lib/python3.7/site-packages/theano/gpuarray/dnn.py:184: UserWarning: Your cuDNN version is more recent than Theano. If you encounter problems, try updating Theano or downgrading cuDNN to a version >= v5 and <= v7.
  warnings.warn("Your cuDNN version is more recent than "
Using cuDNN version 7600 on context None
Mapped name None to device cuda0: Tesla V100-PCIE-32GB (0000:AF:00.0)
TheanoLM 1.3.2
Theano 1.0.4
pygpu 0.7.6
==
+ srun --gres=gpu:1 theanolm decode /scratch/work/moisioa3/conv_lm/experiments/morph/srilm-3-gram/nnlm.h5 --lattice-list /tmp/55357652/lattices/lattice-list --output-file /scratch/work/moisioa3/conv_lm/experiments/morph/srilm-3-gram/decode/devel/lambda=1.0-lms=9/50.trn --output trn --nnlm-weight 1.0 --lm-scale 9 --max-tokens-per-node 62 --beam 650 --recombination-order 22 --num-jobs 64 --job 50
2020-08-31 09:58:39,118 get_default_device: Context None device="Tesla V100-PCIE-32GB" ID="0000:AF:00.0"
2020-08-31 09:58:39,119 from_file: Reading vocabulary from network state.
2020-08-31 09:58:39,343 from_file: Number of words in vocabulary: 42699
2020-08-31 09:58:39,344 from_file: Number of words in shortlist: 42699
2020-08-31 09:58:39,344 from_file: Number of word classes: 42699
2020-08-31 09:58:39,344 from_file: Building neural network.
2020-08-31 09:59:07,893 from_file: Restoring neural network state.
2020-08-31 09:59:08,244 decode: Building word lattice decoder.
2020-08-31 09:59:12,169 __iter__: Reading lattice file `/tmp/55357652/lattices/dspm001_dsp2013_11.lat.gz´.
2020-08-31 09:59:12,736 decode: Utterance `dspm001_dsp2013_11´ -- 1 of job 50
2020-08-31 09:59:31,081 __iter__: Reading lattice file `/tmp/55357652/lattices/dspm006_dsp2013_17.lat.gz´.
2020-08-31 09:59:31,110 decode: Utterance `dspm006_dsp2013_17´ -- 2 of job 50
2020-08-31 09:59:31,736 __iter__: Reading lattice file `/tmp/55357652/lattices/dspm011_dsp2013_11.lat.gz´.
2020-08-31 09:59:31,821 decode: Utterance `dspm011_dsp2013_11´ -- 3 of job 50
2020-08-31 09:59:34,401 __iter__: Reading lattice file `/tmp/55357652/lattices/dspm017_dsp2013_30.lat.gz´.
2020-08-31 09:59:34,566 decode: Utterance `dspm017_dsp2013_30´ -- 4 of job 50
2020-08-31 09:59:39,548 __iter__: Reading lattice file `/tmp/55357652/lattices/dspm021_dsp2013_08.lat.gz´.
2020-08-31 09:59:40,434 decode: Utterance `dspm021_dsp2013_08´ -- 5 of job 50
2020-08-31 10:00:09,971 __iter__: Reading lattice file `/tmp/55357652/lattices/dspm024_dsp2013_14.lat.gz´.
2020-08-31 10:00:09,986 decode: Utterance `dspm024_dsp2013_14´ -- 6 of job 50
2020-08-31 10:00:10,333 __iter__: Reading lattice file `/tmp/55357652/lattices/dspm028_dsp2013_17.lat.gz´.
2020-08-31 10:00:10,371 decode: Utterance `dspm028_dsp2013_17´ -- 7 of job 50
2020-08-31 10:00:11,183 __iter__: Reading lattice file `/tmp/55357652/lattices/dspm033_dsp2013_32.lat.gz´.
2020-08-31 10:00:11,306 decode: Utterance `dspm033_dsp2013_32´ -- 8 of job 50
2020-08-31 10:00:15,322 __iter__: Reading lattice file `/tmp/55357652/lattices/dspm039_dsp2013_19.lat.gz´.
2020-08-31 10:00:15,901 decode: Utterance `dspm039_dsp2013_19´ -- 9 of job 50
2020-08-31 10:00:30,862 __iter__: Reading lattice file `/tmp/55357652/lattices/dspm043_dsp2013_22.lat.gz´.
2020-08-31 10:00:30,888 decode: Utterance `dspm043_dsp2013_22´ -- 10 of job 50
2020-08-31 10:00:31,545 __iter__: Reading lattice file `/tmp/55357652/lattices/dspm048_dsp2013_15.lat.gz´.
2020-08-31 10:00:31,792 decode: Utterance `dspm048_dsp2013_15´ -- 11 of job 50
2020-08-31 10:00:38,710 __iter__: Reading lattice file `/tmp/55357652/lattices/dspm052_dsp2013_16.lat.gz´.
2020-08-31 10:00:38,777 decode: Utterance `dspm052_dsp2013_16´ -- 12 of job 50
2020-08-31 10:00:40,596 __iter__: Reading lattice file `/tmp/55357652/lattices/dspm056_dsp2013_19.lat.gz´.
2020-08-31 10:00:41,006 decode: Utterance `dspm056_dsp2013_19´ -- 13 of job 50
2020-08-31 10:00:49,569 __iter__: Reading lattice file `/tmp/55357652/lattices/radiojake_kbk20120915_21.lat.gz´.
2020-08-31 10:00:49,610 decode: Utterance `radiojake_kbk20120915_21´ -- 14 of job 50
2020-08-31 10:00:50,531 __iter__: Reading lattice file `/tmp/55357652/lattices/radionoona_fym20071218_8.lat.gz´.
2020-08-31 10:00:50,563 decode: Utterance `radionoona_fym20071218_8´ -- 15 of job 50
/scratch/work/groszt1/envs/theanoLM/lib/python3.7/site-packages/theano/gpuarray/dnn.py:184: UserWarning: Your cuDNN version is more recent than Theano. If you encounter problems, try updating Theano or downgrading cuDNN to a version >= v5 and <= v7.
  warnings.warn("Your cuDNN version is more recent than "
Using cuDNN version 7600 on context None
Mapped name None to device cuda0: Tesla V100-PCIE-32GB (0000:AF:00.0)
/scratch/work/groszt1/envs/theanoLM/lib/python3.7/site-packages/h5py-2.9.0-py3.7-linux-x86_64.egg/h5py/_hl/dataset.py:313: H5pyDeprecationWarning: dataset.value has been deprecated. Use dataset[()] instead.
  "Use dataset[()] instead.", H5pyDeprecationWarning)
/scratch/work/groszt1/envs/theanoLM/lib/python3.7/site-packages/h5py-2.9.0-py3.7-linux-x86_64.egg/h5py/_hl/dataset.py:313: H5pyDeprecationWarning: dataset.value has been deprecated. Use dataset[()] instead.
  "Use dataset[()] instead.", H5pyDeprecationWarning)
decode_theanolm finished.
/tmp/55357652/lattices
floatX=float32,device=cuda0,base_compiledir=/tmp/theano,exception_verbosity=high,openmp=False
/scratch/work/groszt1/envs/theanoLM/lib/python3.7/site-packages/theano/gpuarray/dnn.py:184: UserWarning: Your cuDNN version is more recent than Theano. If you encounter problems, try updating Theano or downgrading cuDNN to a version >= v5 and <= v7.
  warnings.warn("Your cuDNN version is more recent than "
Using cuDNN version 7600 on context None
Mapped name None to device cuda0: Tesla V100-PCIE-32GB (0000:AF:00.0)
TheanoLM 1.3.2
Theano 1.0.4
pygpu 0.7.6
==
+ srun --gres=gpu:1 theanolm decode /scratch/work/moisioa3/conv_lm/experiments/morph/srilm-3-gram/nnlm.h5 --lattice-list /tmp/55357652/lattices/lattice-list --output-file /scratch/work/moisioa3/conv_lm/experiments/morph/srilm-3-gram/decode/devel/lambda=1.0-lms=10/50.trn --output trn --nnlm-weight 1.0 --lm-scale 10 --max-tokens-per-node 62 --beam 650 --recombination-order 22 --num-jobs 64 --job 50
2020-08-31 10:01:07,717 get_default_device: Context None device="Tesla V100-PCIE-32GB" ID="0000:AF:00.0"
2020-08-31 10:01:07,718 from_file: Reading vocabulary from network state.
2020-08-31 10:01:07,922 from_file: Number of words in vocabulary: 42699
2020-08-31 10:01:07,922 from_file: Number of words in shortlist: 42699
2020-08-31 10:01:07,922 from_file: Number of word classes: 42699
2020-08-31 10:01:07,922 from_file: Building neural network.
2020-08-31 10:01:36,224 from_file: Restoring neural network state.
2020-08-31 10:01:36,574 decode: Building word lattice decoder.
2020-08-31 10:01:40,511 __iter__: Reading lattice file `/tmp/55357652/lattices/dspm001_dsp2013_11.lat.gz´.
2020-08-31 10:01:41,060 decode: Utterance `dspm001_dsp2013_11´ -- 1 of job 50
2020-08-31 10:01:59,354 __iter__: Reading lattice file `/tmp/55357652/lattices/dspm006_dsp2013_17.lat.gz´.
2020-08-31 10:01:59,382 decode: Utterance `dspm006_dsp2013_17´ -- 2 of job 50
2020-08-31 10:02:00,016 __iter__: Reading lattice file `/tmp/55357652/lattices/dspm011_dsp2013_11.lat.gz´.
2020-08-31 10:02:00,099 decode: Utterance `dspm011_dsp2013_11´ -- 3 of job 50
2020-08-31 10:02:02,705 __iter__: Reading lattice file `/tmp/55357652/lattices/dspm017_dsp2013_30.lat.gz´.
2020-08-31 10:02:02,866 decode: Utterance `dspm017_dsp2013_30´ -- 4 of job 50
2020-08-31 10:02:07,890 __iter__: Reading lattice file `/tmp/55357652/lattices/dspm021_dsp2013_08.lat.gz´.
2020-08-31 10:02:08,753 decode: Utterance `dspm021_dsp2013_08´ -- 5 of job 50
2020-08-31 10:02:38,250 __iter__: Reading lattice file `/tmp/55357652/lattices/dspm024_dsp2013_14.lat.gz´.
2020-08-31 10:02:38,265 decode: Utterance `dspm024_dsp2013_14´ -- 6 of job 50
2020-08-31 10:02:38,619 __iter__: Reading lattice file `/tmp/55357652/lattices/dspm028_dsp2013_17.lat.gz´.
2020-08-31 10:02:38,656 decode: Utterance `dspm028_dsp2013_17´ -- 7 of job 50
2020-08-31 10:02:39,469 __iter__: Reading lattice file `/tmp/55357652/lattices/dspm033_dsp2013_32.lat.gz´.
2020-08-31 10:02:39,589 decode: Utterance `dspm033_dsp2013_32´ -- 8 of job 50
2020-08-31 10:02:43,607 __iter__: Reading lattice file `/tmp/55357652/lattices/dspm039_dsp2013_19.lat.gz´.
2020-08-31 10:02:44,168 decode: Utterance `dspm039_dsp2013_19´ -- 9 of job 50
2020-08-31 10:02:58,899 __iter__: Reading lattice file `/tmp/55357652/lattices/dspm043_dsp2013_22.lat.gz´.
2020-08-31 10:02:58,924 decode: Utterance `dspm043_dsp2013_22´ -- 10 of job 50
2020-08-31 10:02:59,545 __iter__: Reading lattice file `/tmp/55357652/lattices/dspm048_dsp2013_15.lat.gz´.
2020-08-31 10:02:59,781 decode: Utterance `dspm048_dsp2013_15´ -- 11 of job 50
2020-08-31 10:03:06,267 __iter__: Reading lattice file `/tmp/55357652/lattices/dspm052_dsp2013_16.lat.gz´.
2020-08-31 10:03:06,332 decode: Utterance `dspm052_dsp2013_16´ -- 12 of job 50
2020-08-31 10:03:08,045 __iter__: Reading lattice file `/tmp/55357652/lattices/dspm056_dsp2013_19.lat.gz´.
2020-08-31 10:03:08,441 decode: Utterance `dspm056_dsp2013_19´ -- 13 of job 50
2020-08-31 10:03:16,385 __iter__: Reading lattice file `/tmp/55357652/lattices/radiojake_kbk20120915_21.lat.gz´.
2020-08-31 10:03:16,425 decode: Utterance `radiojake_kbk20120915_21´ -- 14 of job 50
2020-08-31 10:03:17,300 __iter__: Reading lattice file `/tmp/55357652/lattices/radionoona_fym20071218_8.lat.gz´.
2020-08-31 10:03:17,330 decode: Utterance `radionoona_fym20071218_8´ -- 15 of job 50
/scratch/work/groszt1/envs/theanoLM/lib/python3.7/site-packages/theano/gpuarray/dnn.py:184: UserWarning: Your cuDNN version is more recent than Theano. If you encounter problems, try updating Theano or downgrading cuDNN to a version >= v5 and <= v7.
  warnings.warn("Your cuDNN version is more recent than "
Using cuDNN version 7600 on context None
Mapped name None to device cuda0: Tesla V100-PCIE-32GB (0000:AF:00.0)
/scratch/work/groszt1/envs/theanoLM/lib/python3.7/site-packages/h5py-2.9.0-py3.7-linux-x86_64.egg/h5py/_hl/dataset.py:313: H5pyDeprecationWarning: dataset.value has been deprecated. Use dataset[()] instead.
  "Use dataset[()] instead.", H5pyDeprecationWarning)
/scratch/work/groszt1/envs/theanoLM/lib/python3.7/site-packages/h5py-2.9.0-py3.7-linux-x86_64.egg/h5py/_hl/dataset.py:313: H5pyDeprecationWarning: dataset.value has been deprecated. Use dataset[()] instead.
  "Use dataset[()] instead.", H5pyDeprecationWarning)
decode_theanolm finished.
decode devel finished.
