Experiment: morph/srilm-3-gram
Job ID: 55357607
Task ID: 5
Host: gpu31.int.triton.aalto.fi
Start date: Mon Aug 31 09:52:31 EEST 2020
Work directory: /scratch/work/moisioa3/conv_lm/experiments/morph/srilm-3-gram
Temporary directory: /tmp/55357607

Currently Loaded Modules:
  1) speech-scripts/2016.05.24-b928230   6) binutils/2.25-GCCcore-5.4.0
  2) srilm/default                       7) GCC/5.4.0-2.25
  3) cuda/10.0.130                       8) libgpuarray/2017.03.29-45c731f
  4) cudnn/7.4.2-cuda                    9) anaconda3/latest
  5) GCCcore/5.4.0

 

/tmp/55357607/lattices
floatX=float32,device=cuda0,base_compiledir=/tmp/theano,exception_verbosity=high,openmp=False
/scratch/work/groszt1/envs/theanoLM/lib/python3.7/site-packages/theano/gpuarray/dnn.py:184: UserWarning: Your cuDNN version is more recent than Theano. If you encounter problems, try updating Theano or downgrading cuDNN to a version >= v5 and <= v7.
  warnings.warn("Your cuDNN version is more recent than "
Using cuDNN version 7600 on context None
Mapped name None to device cuda0: Tesla V100-PCIE-32GB (0000:3B:00.0)
TheanoLM 1.3.2
Theano 1.0.4
pygpu 0.7.6
==
+ srun --gres=gpu:1 theanolm decode /scratch/work/moisioa3/conv_lm/experiments/morph/srilm-3-gram/nnlm.h5 --lattice-list /tmp/55357607/lattices/lattice-list --output-file /scratch/work/moisioa3/conv_lm/experiments/morph/srilm-3-gram/decode/devel/lambda=0.5-lms=9/5.trn --output trn --nnlm-weight 0.5 --lm-scale 9 --max-tokens-per-node 62 --beam 650 --recombination-order 22 --num-jobs 64 --job 5
2020-08-31 09:52:47,962 get_default_device: Context None device="Tesla V100-PCIE-32GB" ID="0000:3B:00.0"
2020-08-31 09:52:47,964 from_file: Reading vocabulary from network state.
2020-08-31 09:52:48,174 from_file: Number of words in vocabulary: 42699
2020-08-31 09:52:48,175 from_file: Number of words in shortlist: 42699
2020-08-31 09:52:48,175 from_file: Number of word classes: 42699
2020-08-31 09:52:48,175 from_file: Building neural network.
2020-08-31 09:53:17,229 from_file: Restoring neural network state.
2020-08-31 09:53:17,829 decode: Building word lattice decoder.
2020-08-31 09:53:36,419 __iter__: Reading lattice file `/tmp/55357607/lattices/dspf004_dsp2013_07.lat.gz´.
2020-08-31 09:53:37,527 decode: Utterance `dspf004_dsp2013_07´ -- 1 of job 5
2020-08-31 09:54:27,151 __iter__: Reading lattice file `/tmp/55357607/lattices/dspm004_dsp2013_10.lat.gz´.
2020-08-31 09:54:28,091 decode: Utterance `dspm004_dsp2013_10´ -- 2 of job 5
2020-08-31 09:55:09,970 __iter__: Reading lattice file `/tmp/55357607/lattices/dspm007_dsp2013_15.lat.gz´.
2020-08-31 09:55:10,675 decode: Utterance `dspm007_dsp2013_15´ -- 3 of job 5
2020-08-31 09:55:31,723 __iter__: Reading lattice file `/tmp/55357607/lattices/dspm014_dsp2013_08.lat.gz´.
2020-08-31 09:55:33,234 decode: Utterance `dspm014_dsp2013_08´ -- 4 of job 5
2020-08-31 09:56:36,464 __iter__: Reading lattice file `/tmp/55357607/lattices/dspm018_dsp2013_03.lat.gz´.
2020-08-31 09:56:38,721 decode: Utterance `dspm018_dsp2013_03´ -- 5 of job 5
2020-08-31 09:58:04,678 __iter__: Reading lattice file `/tmp/55357607/lattices/dspm022_dsp2013_03.lat.gz´.
2020-08-31 09:58:04,865 decode: Utterance `dspm022_dsp2013_03´ -- 6 of job 5
2020-08-31 09:58:09,645 __iter__: Reading lattice file `/tmp/55357607/lattices/dspm025_dsp2013_20.lat.gz´.
2020-08-31 09:58:09,721 decode: Utterance `dspm025_dsp2013_20´ -- 7 of job 5
2020-08-31 09:58:11,490 __iter__: Reading lattice file `/tmp/55357607/lattices/dspm031_dsp2013_16.lat.gz´.
2020-08-31 09:58:11,676 decode: Utterance `dspm031_dsp2013_16´ -- 8 of job 5
2020-08-31 09:58:19,729 __iter__: Reading lattice file `/tmp/55357607/lattices/dspm034_dsp2013_11.lat.gz´.
2020-08-31 09:58:20,082 decode: Utterance `dspm034_dsp2013_11´ -- 9 of job 5
2020-08-31 09:58:32,710 __iter__: Reading lattice file `/tmp/55357607/lattices/dspm040_dsp2013_11.lat.gz´.
2020-08-31 09:58:32,860 decode: Utterance `dspm040_dsp2013_11´ -- 10 of job 5
2020-08-31 09:58:36,973 __iter__: Reading lattice file `/tmp/55357607/lattices/dspm045_dsp2013_10.lat.gz´.
2020-08-31 09:58:37,536 decode: Utterance `dspm045_dsp2013_10´ -- 11 of job 5
2020-08-31 09:58:52,518 __iter__: Reading lattice file `/tmp/55357607/lattices/dspm049_dsp2013_13.lat.gz´.
2020-08-31 09:58:55,291 decode: Utterance `dspm049_dsp2013_13´ -- 12 of job 5
2020-08-31 10:00:37,265 __iter__: Reading lattice file `/tmp/55357607/lattices/dspm054_dsp2013_17.lat.gz´.
2020-08-31 10:00:38,011 decode: Utterance `dspm054_dsp2013_17´ -- 13 of job 5
2020-08-31 10:01:00,716 __iter__: Reading lattice file `/tmp/55357607/lattices/dspm057_dsp2013_18.lat.gz´.
2020-08-31 10:01:00,918 decode: Utterance `dspm057_dsp2013_18´ -- 14 of job 5
2020-08-31 10:01:05,511 __iter__: Reading lattice file `/tmp/55357607/lattices/radiojake_kbk20120915_76.lat.gz´.
2020-08-31 10:01:05,513 decode: Utterance `radiojake_kbk20120915_76´ -- 15 of job 5
2020-08-31 10:01:05,588 __iter__: Reading lattice file `/tmp/55357607/lattices/radioshaka_kbk20120915_33.lat.gz´.
2020-08-31 10:01:05,597 decode: Utterance `radioshaka_kbk20120915_33´ -- 16 of job 5
/scratch/work/groszt1/envs/theanoLM/lib/python3.7/site-packages/theano/gpuarray/dnn.py:184: UserWarning: Your cuDNN version is more recent than Theano. If you encounter problems, try updating Theano or downgrading cuDNN to a version >= v5 and <= v7.
  warnings.warn("Your cuDNN version is more recent than "
Using cuDNN version 7600 on context None
Mapped name None to device cuda0: Tesla V100-PCIE-32GB (0000:3B:00.0)
/scratch/work/groszt1/envs/theanoLM/lib/python3.7/site-packages/h5py-2.9.0-py3.7-linux-x86_64.egg/h5py/_hl/dataset.py:313: H5pyDeprecationWarning: dataset.value has been deprecated. Use dataset[()] instead.
  "Use dataset[()] instead.", H5pyDeprecationWarning)
/scratch/work/groszt1/envs/theanoLM/lib/python3.7/site-packages/h5py-2.9.0-py3.7-linux-x86_64.egg/h5py/_hl/dataset.py:313: H5pyDeprecationWarning: dataset.value has been deprecated. Use dataset[()] instead.
  "Use dataset[()] instead.", H5pyDeprecationWarning)
decode_theanolm finished.
/tmp/55357607/lattices
floatX=float32,device=cuda0,base_compiledir=/tmp/theano,exception_verbosity=high,openmp=False
/scratch/work/groszt1/envs/theanoLM/lib/python3.7/site-packages/theano/gpuarray/dnn.py:184: UserWarning: Your cuDNN version is more recent than Theano. If you encounter problems, try updating Theano or downgrading cuDNN to a version >= v5 and <= v7.
  warnings.warn("Your cuDNN version is more recent than "
Using cuDNN version 7600 on context None
Mapped name None to device cuda0: Tesla V100-PCIE-32GB (0000:3B:00.0)
TheanoLM 1.3.2
Theano 1.0.4
pygpu 0.7.6
==
+ srun --gres=gpu:1 theanolm decode /scratch/work/moisioa3/conv_lm/experiments/morph/srilm-3-gram/nnlm.h5 --lattice-list /tmp/55357607/lattices/lattice-list --output-file /scratch/work/moisioa3/conv_lm/experiments/morph/srilm-3-gram/decode/devel/lambda=0.5-lms=10/5.trn --output trn --nnlm-weight 0.5 --lm-scale 10 --max-tokens-per-node 62 --beam 650 --recombination-order 22 --num-jobs 64 --job 5
2020-08-31 10:01:12,687 get_default_device: Context None device="Tesla V100-PCIE-32GB" ID="0000:3B:00.0"
2020-08-31 10:01:12,688 from_file: Reading vocabulary from network state.
2020-08-31 10:01:12,905 from_file: Number of words in vocabulary: 42699
2020-08-31 10:01:12,905 from_file: Number of words in shortlist: 42699
2020-08-31 10:01:12,906 from_file: Number of word classes: 42699
2020-08-31 10:01:12,906 from_file: Building neural network.
2020-08-31 10:01:49,503 from_file: Restoring neural network state.
2020-08-31 10:01:49,898 decode: Building word lattice decoder.
2020-08-31 10:01:53,754 __iter__: Reading lattice file `/tmp/55357607/lattices/dspf004_dsp2013_07.lat.gz´.
2020-08-31 10:01:54,824 decode: Utterance `dspf004_dsp2013_07´ -- 1 of job 5
2020-08-31 10:02:45,562 __iter__: Reading lattice file `/tmp/55357607/lattices/dspm004_dsp2013_10.lat.gz´.
2020-08-31 10:02:46,509 decode: Utterance `dspm004_dsp2013_10´ -- 2 of job 5
2020-08-31 10:03:28,236 __iter__: Reading lattice file `/tmp/55357607/lattices/dspm007_dsp2013_15.lat.gz´.
2020-08-31 10:03:28,947 decode: Utterance `dspm007_dsp2013_15´ -- 3 of job 5
2020-08-31 10:03:50,015 __iter__: Reading lattice file `/tmp/55357607/lattices/dspm014_dsp2013_08.lat.gz´.
2020-08-31 10:03:51,536 decode: Utterance `dspm014_dsp2013_08´ -- 4 of job 5
2020-08-31 10:04:56,350 __iter__: Reading lattice file `/tmp/55357607/lattices/dspm018_dsp2013_03.lat.gz´.
2020-08-31 10:04:58,624 decode: Utterance `dspm018_dsp2013_03´ -- 5 of job 5
2020-08-31 10:06:25,115 __iter__: Reading lattice file `/tmp/55357607/lattices/dspm022_dsp2013_03.lat.gz´.
2020-08-31 10:06:25,302 decode: Utterance `dspm022_dsp2013_03´ -- 6 of job 5
2020-08-31 10:06:30,077 __iter__: Reading lattice file `/tmp/55357607/lattices/dspm025_dsp2013_20.lat.gz´.
2020-08-31 10:06:30,152 decode: Utterance `dspm025_dsp2013_20´ -- 7 of job 5
2020-08-31 10:06:31,911 __iter__: Reading lattice file `/tmp/55357607/lattices/dspm031_dsp2013_16.lat.gz´.
2020-08-31 10:06:32,098 decode: Utterance `dspm031_dsp2013_16´ -- 8 of job 5
2020-08-31 10:06:40,118 __iter__: Reading lattice file `/tmp/55357607/lattices/dspm034_dsp2013_11.lat.gz´.
2020-08-31 10:06:40,473 decode: Utterance `dspm034_dsp2013_11´ -- 9 of job 5
2020-08-31 10:06:53,027 __iter__: Reading lattice file `/tmp/55357607/lattices/dspm040_dsp2013_11.lat.gz´.
2020-08-31 10:06:53,178 decode: Utterance `dspm040_dsp2013_11´ -- 10 of job 5
2020-08-31 10:06:57,247 __iter__: Reading lattice file `/tmp/55357607/lattices/dspm045_dsp2013_10.lat.gz´.
2020-08-31 10:06:57,813 decode: Utterance `dspm045_dsp2013_10´ -- 11 of job 5
2020-08-31 10:07:12,814 __iter__: Reading lattice file `/tmp/55357607/lattices/dspm049_dsp2013_13.lat.gz´.
2020-08-31 10:07:15,612 decode: Utterance `dspm049_dsp2013_13´ -- 12 of job 5
2020-08-31 10:08:59,395 __iter__: Reading lattice file `/tmp/55357607/lattices/dspm054_dsp2013_17.lat.gz´.
2020-08-31 10:09:00,148 decode: Utterance `dspm054_dsp2013_17´ -- 13 of job 5
2020-08-31 10:09:23,199 __iter__: Reading lattice file `/tmp/55357607/lattices/dspm057_dsp2013_18.lat.gz´.
2020-08-31 10:09:23,403 decode: Utterance `dspm057_dsp2013_18´ -- 14 of job 5
2020-08-31 10:09:28,076 __iter__: Reading lattice file `/tmp/55357607/lattices/radiojake_kbk20120915_76.lat.gz´.
2020-08-31 10:09:28,078 decode: Utterance `radiojake_kbk20120915_76´ -- 15 of job 5
2020-08-31 10:09:28,155 __iter__: Reading lattice file `/tmp/55357607/lattices/radioshaka_kbk20120915_33.lat.gz´.
2020-08-31 10:09:28,164 decode: Utterance `radioshaka_kbk20120915_33´ -- 16 of job 5
/scratch/work/groszt1/envs/theanoLM/lib/python3.7/site-packages/theano/gpuarray/dnn.py:184: UserWarning: Your cuDNN version is more recent than Theano. If you encounter problems, try updating Theano or downgrading cuDNN to a version >= v5 and <= v7.
  warnings.warn("Your cuDNN version is more recent than "
Using cuDNN version 7600 on context None
Mapped name None to device cuda0: Tesla V100-PCIE-32GB (0000:3B:00.0)
/scratch/work/groszt1/envs/theanoLM/lib/python3.7/site-packages/h5py-2.9.0-py3.7-linux-x86_64.egg/h5py/_hl/dataset.py:313: H5pyDeprecationWarning: dataset.value has been deprecated. Use dataset[()] instead.
  "Use dataset[()] instead.", H5pyDeprecationWarning)
/scratch/work/groszt1/envs/theanoLM/lib/python3.7/site-packages/h5py-2.9.0-py3.7-linux-x86_64.egg/h5py/_hl/dataset.py:313: H5pyDeprecationWarning: dataset.value has been deprecated. Use dataset[()] instead.
  "Use dataset[()] instead.", H5pyDeprecationWarning)
decode_theanolm finished.
/tmp/55357607/lattices
floatX=float32,device=cuda0,base_compiledir=/tmp/theano,exception_verbosity=high,openmp=False
/scratch/work/groszt1/envs/theanoLM/lib/python3.7/site-packages/theano/gpuarray/dnn.py:184: UserWarning: Your cuDNN version is more recent than Theano. If you encounter problems, try updating Theano or downgrading cuDNN to a version >= v5 and <= v7.
  warnings.warn("Your cuDNN version is more recent than "
Using cuDNN version 7600 on context None
Mapped name None to device cuda0: Tesla V100-PCIE-32GB (0000:3B:00.0)
TheanoLM 1.3.2
Theano 1.0.4
pygpu 0.7.6
==
+ srun --gres=gpu:1 theanolm decode /scratch/work/moisioa3/conv_lm/experiments/morph/srilm-3-gram/nnlm.h5 --lattice-list /tmp/55357607/lattices/lattice-list --output-file /scratch/work/moisioa3/conv_lm/experiments/morph/srilm-3-gram/decode/devel/lambda=1.0-lms=9/5.trn --output trn --nnlm-weight 1.0 --lm-scale 9 --max-tokens-per-node 62 --beam 650 --recombination-order 22 --num-jobs 64 --job 5
2020-08-31 10:09:35,262 get_default_device: Context None device="Tesla V100-PCIE-32GB" ID="0000:3B:00.0"
2020-08-31 10:09:35,263 from_file: Reading vocabulary from network state.
2020-08-31 10:09:35,483 from_file: Number of words in vocabulary: 42699
2020-08-31 10:09:35,483 from_file: Number of words in shortlist: 42699
2020-08-31 10:09:35,483 from_file: Number of word classes: 42699
2020-08-31 10:09:35,483 from_file: Building neural network.
2020-08-31 10:10:03,878 from_file: Restoring neural network state.
2020-08-31 10:10:04,228 decode: Building word lattice decoder.
2020-08-31 10:10:08,166 __iter__: Reading lattice file `/tmp/55357607/lattices/dspf004_dsp2013_07.lat.gz´.
2020-08-31 10:10:09,244 decode: Utterance `dspf004_dsp2013_07´ -- 1 of job 5
2020-08-31 10:10:48,016 __iter__: Reading lattice file `/tmp/55357607/lattices/dspm004_dsp2013_10.lat.gz´.
2020-08-31 10:10:48,965 decode: Utterance `dspm004_dsp2013_10´ -- 2 of job 5
2020-08-31 10:11:22,091 __iter__: Reading lattice file `/tmp/55357607/lattices/dspm007_dsp2013_15.lat.gz´.
2020-08-31 10:11:22,804 decode: Utterance `dspm007_dsp2013_15´ -- 3 of job 5
2020-08-31 10:11:41,812 __iter__: Reading lattice file `/tmp/55357607/lattices/dspm014_dsp2013_08.lat.gz´.
2020-08-31 10:11:43,338 decode: Utterance `dspm014_dsp2013_08´ -- 4 of job 5
2020-08-31 10:12:32,478 __iter__: Reading lattice file `/tmp/55357607/lattices/dspm018_dsp2013_03.lat.gz´.
2020-08-31 10:12:34,760 decode: Utterance `dspm018_dsp2013_03´ -- 5 of job 5
2020-08-31 10:13:54,037 __iter__: Reading lattice file `/tmp/55357607/lattices/dspm022_dsp2013_03.lat.gz´.
2020-08-31 10:13:54,223 decode: Utterance `dspm022_dsp2013_03´ -- 6 of job 5
2020-08-31 10:13:58,826 __iter__: Reading lattice file `/tmp/55357607/lattices/dspm025_dsp2013_20.lat.gz´.
2020-08-31 10:13:58,903 decode: Utterance `dspm025_dsp2013_20´ -- 7 of job 5
2020-08-31 10:14:00,624 __iter__: Reading lattice file `/tmp/55357607/lattices/dspm031_dsp2013_16.lat.gz´.
2020-08-31 10:14:00,813 decode: Utterance `dspm031_dsp2013_16´ -- 8 of job 5
2020-08-31 10:14:08,346 __iter__: Reading lattice file `/tmp/55357607/lattices/dspm034_dsp2013_11.lat.gz´.
2020-08-31 10:14:08,703 decode: Utterance `dspm034_dsp2013_11´ -- 9 of job 5
2020-08-31 10:14:18,683 __iter__: Reading lattice file `/tmp/55357607/lattices/dspm040_dsp2013_11.lat.gz´.
2020-08-31 10:14:18,835 decode: Utterance `dspm040_dsp2013_11´ -- 10 of job 5
2020-08-31 10:14:22,556 __iter__: Reading lattice file `/tmp/55357607/lattices/dspm045_dsp2013_10.lat.gz´.
2020-08-31 10:14:23,124 decode: Utterance `dspm045_dsp2013_10´ -- 11 of job 5
2020-08-31 10:14:36,707 __iter__: Reading lattice file `/tmp/55357607/lattices/dspm049_dsp2013_13.lat.gz´.
2020-08-31 10:14:39,513 decode: Utterance `dspm049_dsp2013_13´ -- 12 of job 5
2020-08-31 10:16:08,349 __iter__: Reading lattice file `/tmp/55357607/lattices/dspm054_dsp2013_17.lat.gz´.
2020-08-31 10:16:09,103 decode: Utterance `dspm054_dsp2013_17´ -- 13 of job 5
2020-08-31 10:16:29,150 __iter__: Reading lattice file `/tmp/55357607/lattices/dspm057_dsp2013_18.lat.gz´.
2020-08-31 10:16:29,354 decode: Utterance `dspm057_dsp2013_18´ -- 14 of job 5
2020-08-31 10:16:33,479 __iter__: Reading lattice file `/tmp/55357607/lattices/radiojake_kbk20120915_76.lat.gz´.
2020-08-31 10:16:33,481 decode: Utterance `radiojake_kbk20120915_76´ -- 15 of job 5
2020-08-31 10:16:33,546 __iter__: Reading lattice file `/tmp/55357607/lattices/radioshaka_kbk20120915_33.lat.gz´.
2020-08-31 10:16:33,555 decode: Utterance `radioshaka_kbk20120915_33´ -- 16 of job 5
/scratch/work/groszt1/envs/theanoLM/lib/python3.7/site-packages/theano/gpuarray/dnn.py:184: UserWarning: Your cuDNN version is more recent than Theano. If you encounter problems, try updating Theano or downgrading cuDNN to a version >= v5 and <= v7.
  warnings.warn("Your cuDNN version is more recent than "
Using cuDNN version 7600 on context None
Mapped name None to device cuda0: Tesla V100-PCIE-32GB (0000:3B:00.0)
/scratch/work/groszt1/envs/theanoLM/lib/python3.7/site-packages/h5py-2.9.0-py3.7-linux-x86_64.egg/h5py/_hl/dataset.py:313: H5pyDeprecationWarning: dataset.value has been deprecated. Use dataset[()] instead.
  "Use dataset[()] instead.", H5pyDeprecationWarning)
/scratch/work/groszt1/envs/theanoLM/lib/python3.7/site-packages/h5py-2.9.0-py3.7-linux-x86_64.egg/h5py/_hl/dataset.py:313: H5pyDeprecationWarning: dataset.value has been deprecated. Use dataset[()] instead.
  "Use dataset[()] instead.", H5pyDeprecationWarning)
decode_theanolm finished.
/tmp/55357607/lattices
floatX=float32,device=cuda0,base_compiledir=/tmp/theano,exception_verbosity=high,openmp=False
/scratch/work/groszt1/envs/theanoLM/lib/python3.7/site-packages/theano/gpuarray/dnn.py:184: UserWarning: Your cuDNN version is more recent than Theano. If you encounter problems, try updating Theano or downgrading cuDNN to a version >= v5 and <= v7.
  warnings.warn("Your cuDNN version is more recent than "
Using cuDNN version 7600 on context None
Mapped name None to device cuda0: Tesla V100-PCIE-32GB (0000:3B:00.0)
TheanoLM 1.3.2
Theano 1.0.4
pygpu 0.7.6
==
+ srun --gres=gpu:1 theanolm decode /scratch/work/moisioa3/conv_lm/experiments/morph/srilm-3-gram/nnlm.h5 --lattice-list /tmp/55357607/lattices/lattice-list --output-file /scratch/work/moisioa3/conv_lm/experiments/morph/srilm-3-gram/decode/devel/lambda=1.0-lms=10/5.trn --output trn --nnlm-weight 1.0 --lm-scale 10 --max-tokens-per-node 62 --beam 650 --recombination-order 22 --num-jobs 64 --job 5
2020-08-31 10:16:40,555 get_default_device: Context None device="Tesla V100-PCIE-32GB" ID="0000:3B:00.0"
2020-08-31 10:16:40,556 from_file: Reading vocabulary from network state.
2020-08-31 10:16:40,781 from_file: Number of words in vocabulary: 42699
2020-08-31 10:16:40,781 from_file: Number of words in shortlist: 42699
2020-08-31 10:16:40,781 from_file: Number of word classes: 42699
2020-08-31 10:16:40,781 from_file: Building neural network.
2020-08-31 10:17:10,533 from_file: Restoring neural network state.
2020-08-31 10:17:10,885 decode: Building word lattice decoder.
2020-08-31 10:17:14,806 __iter__: Reading lattice file `/tmp/55357607/lattices/dspf004_dsp2013_07.lat.gz´.
2020-08-31 10:17:15,864 decode: Utterance `dspf004_dsp2013_07´ -- 1 of job 5
2020-08-31 10:17:54,255 __iter__: Reading lattice file `/tmp/55357607/lattices/dspm004_dsp2013_10.lat.gz´.
2020-08-31 10:17:55,189 decode: Utterance `dspm004_dsp2013_10´ -- 2 of job 5
2020-08-31 10:18:28,406 __iter__: Reading lattice file `/tmp/55357607/lattices/dspm007_dsp2013_15.lat.gz´.
2020-08-31 10:18:29,108 decode: Utterance `dspm007_dsp2013_15´ -- 3 of job 5
2020-08-31 10:18:48,093 __iter__: Reading lattice file `/tmp/55357607/lattices/dspm014_dsp2013_08.lat.gz´.
2020-08-31 10:18:49,592 decode: Utterance `dspm014_dsp2013_08´ -- 4 of job 5
2020-08-31 10:19:38,452 __iter__: Reading lattice file `/tmp/55357607/lattices/dspm018_dsp2013_03.lat.gz´.
2020-08-31 10:19:40,703 decode: Utterance `dspm018_dsp2013_03´ -- 5 of job 5
2020-08-31 10:20:59,154 __iter__: Reading lattice file `/tmp/55357607/lattices/dspm022_dsp2013_03.lat.gz´.
2020-08-31 10:20:59,339 decode: Utterance `dspm022_dsp2013_03´ -- 6 of job 5
2020-08-31 10:21:03,931 __iter__: Reading lattice file `/tmp/55357607/lattices/dspm025_dsp2013_20.lat.gz´.
2020-08-31 10:21:04,005 decode: Utterance `dspm025_dsp2013_20´ -- 7 of job 5
2020-08-31 10:21:05,718 __iter__: Reading lattice file `/tmp/55357607/lattices/dspm031_dsp2013_16.lat.gz´.
2020-08-31 10:21:05,903 decode: Utterance `dspm031_dsp2013_16´ -- 8 of job 5
2020-08-31 10:21:13,380 __iter__: Reading lattice file `/tmp/55357607/lattices/dspm034_dsp2013_11.lat.gz´.
2020-08-31 10:21:13,731 decode: Utterance `dspm034_dsp2013_11´ -- 9 of job 5
2020-08-31 10:21:23,650 __iter__: Reading lattice file `/tmp/55357607/lattices/dspm040_dsp2013_11.lat.gz´.
2020-08-31 10:21:23,799 decode: Utterance `dspm040_dsp2013_11´ -- 10 of job 5
2020-08-31 10:21:27,490 __iter__: Reading lattice file `/tmp/55357607/lattices/dspm045_dsp2013_10.lat.gz´.
2020-08-31 10:21:28,050 decode: Utterance `dspm045_dsp2013_10´ -- 11 of job 5
2020-08-31 10:21:41,607 __iter__: Reading lattice file `/tmp/55357607/lattices/dspm049_dsp2013_13.lat.gz´.
2020-08-31 10:21:44,372 decode: Utterance `dspm049_dsp2013_13´ -- 12 of job 5
2020-08-31 10:23:12,381 __iter__: Reading lattice file `/tmp/55357607/lattices/dspm054_dsp2013_17.lat.gz´.
2020-08-31 10:23:13,126 decode: Utterance `dspm054_dsp2013_17´ -- 13 of job 5
2020-08-31 10:23:33,127 __iter__: Reading lattice file `/tmp/55357607/lattices/dspm057_dsp2013_18.lat.gz´.
2020-08-31 10:23:33,327 decode: Utterance `dspm057_dsp2013_18´ -- 14 of job 5
2020-08-31 10:23:37,515 __iter__: Reading lattice file `/tmp/55357607/lattices/radiojake_kbk20120915_76.lat.gz´.
2020-08-31 10:23:37,517 decode: Utterance `radiojake_kbk20120915_76´ -- 15 of job 5
2020-08-31 10:23:37,582 __iter__: Reading lattice file `/tmp/55357607/lattices/radioshaka_kbk20120915_33.lat.gz´.
2020-08-31 10:23:37,591 decode: Utterance `radioshaka_kbk20120915_33´ -- 16 of job 5
/scratch/work/groszt1/envs/theanoLM/lib/python3.7/site-packages/theano/gpuarray/dnn.py:184: UserWarning: Your cuDNN version is more recent than Theano. If you encounter problems, try updating Theano or downgrading cuDNN to a version >= v5 and <= v7.
  warnings.warn("Your cuDNN version is more recent than "
Using cuDNN version 7600 on context None
Mapped name None to device cuda0: Tesla V100-PCIE-32GB (0000:3B:00.0)
/scratch/work/groszt1/envs/theanoLM/lib/python3.7/site-packages/h5py-2.9.0-py3.7-linux-x86_64.egg/h5py/_hl/dataset.py:313: H5pyDeprecationWarning: dataset.value has been deprecated. Use dataset[()] instead.
  "Use dataset[()] instead.", H5pyDeprecationWarning)
/scratch/work/groszt1/envs/theanoLM/lib/python3.7/site-packages/h5py-2.9.0-py3.7-linux-x86_64.egg/h5py/_hl/dataset.py:313: H5pyDeprecationWarning: dataset.value has been deprecated. Use dataset[()] instead.
  "Use dataset[()] instead.", H5pyDeprecationWarning)
decode_theanolm finished.
decode devel finished.
