EXPT_NAME morph
EXPT_PARAMS d=ones-w=0.05-D=0.1-D2=0.2
EXPT_WORK_DIR /scratch/work/moisioa3/conv_lm/experiments/morph/d=ones-w=0.05-D=0.1-D2=0.2
Experiment: morph/d=ones-w=0.05-D=0.1-D2=0.2
Job ID: 54909952
Task ID: 
Host: pe15.int.triton.aalto.fi
Start date: Mon Jul 27 11:59:19 EEST 2020
Work directory: /scratch/work/moisioa3/conv_lm/experiments/morph/d=ones-w=0.05-D=0.1-D2=0.2
Temporary directory: /tmp/54909952
tree-info /scratch/work/moisioa3/conv_lm/experiments/kaldi-am/chain/models/tdnn/tree 
tree-info /scratch/work/moisioa3/conv_lm/experiments/kaldi-am/chain/models/tdnn/tree 
fstpushspecial 
fstminimizeencoded 
fstdeterminizestar --use-log=true 
fsttablecompose /scratch/work/moisioa3/conv_lm/experiments/morph/d=ones-w=0.05-D=0.1-D2=0.2/lang/train-nosp/L_disambig.fst /scratch/work/moisioa3/conv_lm/experiments/morph/d=ones-w=0.05-D=0.1-D2=0.2/lang/train-nosp/G.fst 
fstisstochastic /scratch/work/moisioa3/conv_lm/experiments/morph/d=ones-w=0.05-D=0.1-D2=0.2/lang/train-nosp/tmp/LG.fst 
-0.016986 -0.0178403
[info]: LG not stochastic.
fstcomposecontext --context-size=2 --central-position=1 --read-disambig-syms=/scratch/work/moisioa3/conv_lm/experiments/morph/d=ones-w=0.05-D=0.1-D2=0.2/lang/train-nosp/phones/disambig.int --write-disambig-syms=/scratch/work/moisioa3/conv_lm/experiments/morph/d=ones-w=0.05-D=0.1-D2=0.2/lang/train-nosp/tmp/disambig_ilabels_2_1.int /scratch/work/moisioa3/conv_lm/experiments/morph/d=ones-w=0.05-D=0.1-D2=0.2/lang/train-nosp/tmp/ilabels_2_1.1053 /scratch/work/moisioa3/conv_lm/experiments/morph/d=ones-w=0.05-D=0.1-D2=0.2/lang/train-nosp/tmp/LG.fst 
fstisstochastic /scratch/work/moisioa3/conv_lm/experiments/morph/d=ones-w=0.05-D=0.1-D2=0.2/lang/train-nosp/tmp/CLG_2_1.fst 
-0.016986 -0.0178403
[info]: CLG not stochastic.
make-h-transducer --disambig-syms-out=/scratch/work/moisioa3/conv_lm/experiments/morph/d=ones-w=0.05-D=0.1-D2=0.2/graph/disambig_tid.int --transition-scale=1.0 /scratch/work/moisioa3/conv_lm/experiments/morph/d=ones-w=0.05-D=0.1-D2=0.2/lang/train-nosp/tmp/ilabels_2_1 /scratch/work/moisioa3/conv_lm/experiments/kaldi-am/chain/models/tdnn/tree /scratch/work/moisioa3/conv_lm/experiments/kaldi-am/chain/models/tdnn/final.mdl 
fstminimizeencoded 
fstdeterminizestar --use-log=true 
fsttablecompose /scratch/work/moisioa3/conv_lm/experiments/morph/d=ones-w=0.05-D=0.1-D2=0.2/graph/Ha.fst /scratch/work/moisioa3/conv_lm/experiments/morph/d=ones-w=0.05-D=0.1-D2=0.2/lang/train-nosp/tmp/CLG_2_1.fst 
fstrmsymbols /scratch/work/moisioa3/conv_lm/experiments/morph/d=ones-w=0.05-D=0.1-D2=0.2/graph/disambig_tid.int 
fstrmepslocal 
fstisstochastic /scratch/work/moisioa3/conv_lm/experiments/morph/d=ones-w=0.05-D=0.1-D2=0.2/graph/HCLGa.fst 
0.0743685 -0.120117
HCLGa is not stochastic
add-self-loops --self-loop-scale=1.0 --reorder=true /scratch/work/moisioa3/conv_lm/experiments/kaldi-am/chain/models/tdnn/final.mdl /scratch/work/moisioa3/conv_lm/experiments/morph/d=ones-w=0.05-D=0.1-D2=0.2/graph/HCLGa.fst 
fstisstochastic /scratch/work/moisioa3/conv_lm/experiments/morph/d=ones-w=0.05-D=0.1-D2=0.2/graph/HCLG.fst 
0.0743685 -0.103516
[info]: final HCLG is not stochastic.
