EXPT_NAME theanolm-100k
EXPT_PARAMS expt10-seq8
EXPT_WORK_DIR /scratch/work/moisioa3/conv_lm/experiments/theanolm-100k/expt10-seq8
Experiment: theanolm-100k/expt10-seq8
Job ID: 54773018
Task ID: 61
Host: gpu7.int.triton.aalto.fi
Start date: Mon Jul 20 00:55:50 EEST 2020
Work directory: /scratch/work/moisioa3/conv_lm/experiments/theanolm-100k/expt10-seq8
Temporary directory: /tmp/54773018

Currently Loaded Modules:
  1) speech-scripts/2016.05.24-b928230   6) binutils/2.25-GCCcore-5.4.0
  2) srilm/default                       7) GCC/5.4.0-2.25
  3) cuda/10.0.130                       8) libgpuarray/2017.03.29-45c731f
  4) cudnn/7.4.2-cuda                    9) anaconda3/latest
  5) GCCcore/5.4.0

 

/tmp/54773018/lattices
floatX=float32,device=cuda0,base_compiledir=/tmp/theano,exception_verbosity=high,openmp=False
/scratch/work/groszt1/envs/theanoLM/lib/python3.7/site-packages/theano/gpuarray/dnn.py:184: UserWarning: Your cuDNN version is more recent than Theano. If you encounter problems, try updating Theano or downgrading cuDNN to a version >= v5 and <= v7.
  warnings.warn("Your cuDNN version is more recent than "
Using cuDNN version 7600 on context None
Mapped name None to device cuda0: Tesla V100-PCIE-32GB (0000:86:00.0)
TheanoLM 1.3.2
Theano 1.0.4
pygpu 0.7.6
==
+ srun --gres=gpu:1 theanolm decode /scratch/work/moisioa3/conv_lm/experiments/theanolm-100k/expt10-seq8/nnlm.h5 --lattice-list /tmp/54773018/lattices/lattice-list --output-file /scratch/work/moisioa3/conv_lm/experiments/theanolm-100k/expt10-seq8/decode/devel/lambda=1.0-lms=13/1.trn --output trn --nnlm-weight 1.0 --lm-scale 13 --max-tokens-per-node 62 --beam 650 --recombination-order 22 --num-jobs 10 --job 1 --shortlist --unk-penalty=-20
2020-07-20 00:55:59,867 get_default_device: Context None device="Tesla V100-PCIE-32GB" ID="0000:86:00.0"
2020-07-20 00:55:59,868 from_file: Reading vocabulary from network state.
2020-07-20 00:56:02,534 from_file: Number of words in vocabulary: 2427252
2020-07-20 00:56:02,534 from_file: Number of words in shortlist: 100003
2020-07-20 00:56:02,534 from_file: Number of word classes: 100003
2020-07-20 00:56:02,534 from_file: Building neural network.
2020-07-20 00:56:37,292 from_file: Restoring neural network state.
2020-07-20 00:56:38,013 decode: Building word lattice decoder.
2020-07-20 00:56:42,249 __iter__: Reading lattice file `/tmp/54773018/lattices/dspf004_dsp2013_02.lat.gz´.
2020-07-20 00:56:44,016 decode: Utterance `dspf004_dsp2013_02´ -- 1 of job 1
2020-07-20 00:57:52,416 __iter__: Reading lattice file `/tmp/54773018/lattices/dspf004_dsp2013_13.lat.gz´.
2020-07-20 00:57:53,152 decode: Utterance `dspf004_dsp2013_13´ -- 2 of job 1
2020-07-20 00:58:30,178 __iter__: Reading lattice file `/tmp/54773018/lattices/dspf007_dsp2013_02.lat.gz´.
2020-07-20 00:58:31,243 decode: Utterance `dspf007_dsp2013_02´ -- 3 of job 1
2020-07-20 00:59:08,000 __iter__: Reading lattice file `/tmp/54773018/lattices/dspf007_dsp2013_12.lat.gz´.
2020-07-20 00:59:08,785 decode: Utterance `dspf007_dsp2013_12´ -- 4 of job 1
2020-07-20 00:59:37,573 __iter__: Reading lattice file `/tmp/54773018/lattices/dspm001_dsp2013_02.lat.gz´.
2020-07-20 00:59:37,666 decode: Utterance `dspm001_dsp2013_02´ -- 5 of job 1
2020-07-20 00:59:40,258 __iter__: Reading lattice file `/tmp/54773018/lattices/dspm001_dsp2013_12.lat.gz´.
2020-07-20 00:59:40,355 decode: Utterance `dspm001_dsp2013_12´ -- 6 of job 1
2020-07-20 00:59:43,419 __iter__: Reading lattice file `/tmp/54773018/lattices/dspm004_dsp2013_02.lat.gz´.
2020-07-20 00:59:43,962 decode: Utterance `dspm004_dsp2013_02´ -- 7 of job 1
2020-07-20 01:00:10,301 __iter__: Reading lattice file `/tmp/54773018/lattices/dspm004_dsp2013_12.lat.gz´.
2020-07-20 01:00:10,632 decode: Utterance `dspm004_dsp2013_12´ -- 8 of job 1
2020-07-20 01:00:20,221 __iter__: Reading lattice file `/tmp/54773018/lattices/dspm005_dsp2013_02.lat.gz´.
2020-07-20 01:00:20,717 decode: Utterance `dspm005_dsp2013_02´ -- 9 of job 1
2020-07-20 01:00:37,926 __iter__: Reading lattice file `/tmp/54773018/lattices/dspm005_dsp2013_12.lat.gz´.
2020-07-20 01:00:37,967 decode: Utterance `dspm005_dsp2013_12´ -- 10 of job 1
2020-07-20 01:00:39,219 __iter__: Reading lattice file `/tmp/54773018/lattices/dspm005_dsp2013_22.lat.gz´.
2020-07-20 01:00:39,515 decode: Utterance `dspm005_dsp2013_22´ -- 11 of job 1
2020-07-20 01:00:48,754 __iter__: Reading lattice file `/tmp/54773018/lattices/dspm006_dsp2013_13.lat.gz´.
2020-07-20 01:00:48,768 decode: Utterance `dspm006_dsp2013_13´ -- 12 of job 1
2020-07-20 01:00:49,187 __iter__: Reading lattice file `/tmp/54773018/lattices/dspm006_dsp2013_25.lat.gz´.
2020-07-20 01:00:49,190 decode: Utterance `dspm006_dsp2013_25´ -- 13 of job 1
2020-07-20 01:00:49,327 __iter__: Reading lattice file `/tmp/54773018/lattices/dspm007_dsp2013_13.lat.gz´.
2020-07-20 01:00:49,447 decode: Utterance `dspm007_dsp2013_13´ -- 14 of job 1
2020-07-20 01:00:53,941 __iter__: Reading lattice file `/tmp/54773018/lattices/dspm007_dsp2013_23.lat.gz´.
2020-07-20 01:00:53,955 decode: Utterance `dspm007_dsp2013_23´ -- 15 of job 1
2020-07-20 01:00:54,411 __iter__: Reading lattice file `/tmp/54773018/lattices/dspm010_dsp2013_04.lat.gz´.
2020-07-20 01:00:55,444 decode: Utterance `dspm010_dsp2013_04´ -- 16 of job 1
2020-07-20 01:01:34,418 __iter__: Reading lattice file `/tmp/54773018/lattices/dspm010_dsp2013_14.lat.gz´.
2020-07-20 01:01:34,642 decode: Utterance `dspm010_dsp2013_14´ -- 17 of job 1
2020-07-20 01:01:44,963 __iter__: Reading lattice file `/tmp/54773018/lattices/dspm011_dsp2013_04.lat.gz´.
2020-07-20 01:01:44,977 decode: Utterance `dspm011_dsp2013_04´ -- 18 of job 1
2020-07-20 01:01:45,372 __iter__: Reading lattice file `/tmp/54773018/lattices/dspm011_dsp2013_14.lat.gz´.
2020-07-20 01:01:45,386 decode: Utterance `dspm011_dsp2013_14´ -- 19 of job 1
2020-07-20 01:01:45,782 __iter__: Reading lattice file `/tmp/54773018/lattices/dspm011_dsp2013_24.lat.gz´.
2020-07-20 01:01:45,852 decode: Utterance `dspm011_dsp2013_24´ -- 20 of job 1
2020-07-20 01:01:47,522 __iter__: Reading lattice file `/tmp/54773018/lattices/dspm014_dsp2013_13.lat.gz´.
2020-07-20 01:01:47,726 decode: Utterance `dspm014_dsp2013_13´ -- 21 of job 1
2020-07-20 01:01:54,705 __iter__: Reading lattice file `/tmp/54773018/lattices/dspm014_dsp2013_31.lat.gz´.
2020-07-20 01:01:55,047 decode: Utterance `dspm014_dsp2013_31´ -- 22 of job 1
2020-07-20 01:02:11,012 __iter__: Reading lattice file `/tmp/54773018/lattices/dspm015_dsp2013_08.lat.gz´.
2020-07-20 01:02:11,058 decode: Utterance `dspm015_dsp2013_08´ -- 23 of job 1
2020-07-20 01:02:13,084 __iter__: Reading lattice file `/tmp/54773018/lattices/dspm015_dsp2013_18.lat.gz´.
2020-07-20 01:02:13,130 decode: Utterance `dspm015_dsp2013_18´ -- 24 of job 1
2020-07-20 01:02:14,390 __iter__: Reading lattice file `/tmp/54773018/lattices/dspm017_dsp2013_22.lat.gz´.
2020-07-20 01:02:18,113 decode: Utterance `dspm017_dsp2013_22´ -- 25 of job 1
2020-07-20 01:04:33,902 __iter__: Reading lattice file `/tmp/54773018/lattices/dspm017_dsp2013_61.lat.gz´.
2020-07-20 01:04:34,304 decode: Utterance `dspm017_dsp2013_61´ -- 26 of job 1
2020-07-20 01:04:48,443 __iter__: Reading lattice file `/tmp/54773018/lattices/dspm018_dsp2013_03.lat.gz´.
2020-07-20 01:04:51,360 decode: Utterance `dspm018_dsp2013_03´ -- 27 of job 1
2020-07-20 01:06:27,749 __iter__: Reading lattice file `/tmp/54773018/lattices/dspm018_dsp2013_14.lat.gz´.
2020-07-20 01:06:27,782 decode: Utterance `dspm018_dsp2013_14´ -- 28 of job 1
2020-07-20 01:06:29,613 __iter__: Reading lattice file `/tmp/54773018/lattices/dspm019_dsp2013_02.lat.gz´.
2020-07-20 01:06:29,859 decode: Utterance `dspm019_dsp2013_02´ -- 29 of job 1
2020-07-20 01:06:37,564 __iter__: Reading lattice file `/tmp/54773018/lattices/dspm019_dsp2013_12.lat.gz´.
2020-07-20 01:06:37,873 decode: Utterance `dspm019_dsp2013_12´ -- 30 of job 1
2020-07-20 01:06:47,647 __iter__: Reading lattice file `/tmp/54773018/lattices/dspm021_dsp2013_02.lat.gz´.
2020-07-20 01:06:49,180 decode: Utterance `dspm021_dsp2013_02´ -- 31 of job 1
2020-07-20 01:07:50,036 __iter__: Reading lattice file `/tmp/54773018/lattices/dspm021_dsp2013_13.lat.gz´.
2020-07-20 01:07:50,207 decode: Utterance `dspm021_dsp2013_13´ -- 32 of job 1
2020-07-20 01:07:55,795 __iter__: Reading lattice file `/tmp/54773018/lattices/dspm021_dsp2013_24.lat.gz´.
2020-07-20 01:07:55,846 decode: Utterance `dspm021_dsp2013_24´ -- 33 of job 1
2020-07-20 01:07:57,833 __iter__: Reading lattice file `/tmp/54773018/lattices/dspm022_dsp2013_09.lat.gz´.
2020-07-20 01:07:57,852 decode: Utterance `dspm022_dsp2013_09´ -- 34 of job 1
2020-07-20 01:07:58,443 __iter__: Reading lattice file `/tmp/54773018/lattices/dspm022_dsp2013_19.lat.gz´.
2020-07-20 01:07:58,494 decode: Utterance `dspm022_dsp2013_19´ -- 35 of job 1
2020-07-20 01:07:59,980 __iter__: Reading lattice file `/tmp/54773018/lattices/dspm022_dsp2013_29.lat.gz´.
2020-07-20 01:08:00,506 decode: Utterance `dspm022_dsp2013_29´ -- 36 of job 1
2020-07-20 01:08:17,345 __iter__: Reading lattice file `/tmp/54773018/lattices/dspm024_dsp2013_05.lat.gz´.
2020-07-20 01:08:17,375 decode: Utterance `dspm024_dsp2013_05´ -- 37 of job 1
2020-07-20 01:08:18,325 __iter__: Reading lattice file `/tmp/54773018/lattices/dspm024_dsp2013_16.lat.gz´.
2020-07-20 01:08:18,478 decode: Utterance `dspm024_dsp2013_16´ -- 38 of job 1
2020-07-20 01:08:23,099 __iter__: Reading lattice file `/tmp/54773018/lattices/dspm025_dsp2013_10.lat.gz´.
2020-07-20 01:08:23,201 decode: Utterance `dspm025_dsp2013_10´ -- 39 of job 1
2020-07-20 01:08:26,589 __iter__: Reading lattice file `/tmp/54773018/lattices/dspm025_dsp2013_22.lat.gz´.
2020-07-20 01:08:26,789 decode: Utterance `dspm025_dsp2013_22´ -- 40 of job 1
2020-07-20 01:08:33,013 __iter__: Reading lattice file `/tmp/54773018/lattices/dspm026_dsp2013_04.lat.gz´.
2020-07-20 01:08:33,119 decode: Utterance `dspm026_dsp2013_04´ -- 41 of job 1
2020-07-20 01:08:37,341 __iter__: Reading lattice file `/tmp/54773018/lattices/dspm026_dsp2013_14.lat.gz´.
2020-07-20 01:08:37,475 decode: Utterance `dspm026_dsp2013_14´ -- 42 of job 1
2020-07-20 01:08:42,311 __iter__: Reading lattice file `/tmp/54773018/lattices/dspm028_dsp2013_04.lat.gz´.
2020-07-20 01:08:42,384 decode: Utterance `dspm028_dsp2013_04´ -- 43 of job 1
2020-07-20 01:08:45,528 __iter__: Reading lattice file `/tmp/54773018/lattices/dspm028_dsp2013_14.lat.gz´.
2020-07-20 01:08:45,676 decode: Utterance `dspm028_dsp2013_14´ -- 44 of job 1
2020-07-20 01:08:49,484 __iter__: Reading lattice file `/tmp/54773018/lattices/dspm031_dsp2013_04.lat.gz´.
2020-07-20 01:08:51,217 decode: Utterance `dspm031_dsp2013_04´ -- 45 of job 1
2020-07-20 01:09:43,627 __iter__: Reading lattice file `/tmp/54773018/lattices/dspm031_dsp2013_14.lat.gz´.
2020-07-20 01:09:43,682 decode: Utterance `dspm031_dsp2013_14´ -- 46 of job 1
2020-07-20 01:09:45,720 __iter__: Reading lattice file `/tmp/54773018/lattices/dspm031_dsp2013_24.lat.gz´.
2020-07-20 01:09:45,738 decode: Utterance `dspm031_dsp2013_24´ -- 47 of job 1
2020-07-20 01:09:46,287 __iter__: Reading lattice file `/tmp/54773018/lattices/dspm032_dsp2013_09.lat.gz´.
2020-07-20 01:09:46,341 decode: Utterance `dspm032_dsp2013_09´ -- 48 of job 1
2020-07-20 01:09:48,089 __iter__: Reading lattice file `/tmp/54773018/lattices/dspm032_dsp2013_19.lat.gz´.
2020-07-20 01:09:48,229 decode: Utterance `dspm032_dsp2013_19´ -- 49 of job 1
2020-07-20 01:09:52,809 __iter__: Reading lattice file `/tmp/54773018/lattices/dspm033_dsp2013_15.lat.gz´.
2020-07-20 01:09:52,838 decode: Utterance `dspm033_dsp2013_15´ -- 50 of job 1
2020-07-20 01:09:53,816 __iter__: Reading lattice file `/tmp/54773018/lattices/dspm033_dsp2013_43.lat.gz´.
2020-07-20 01:09:54,254 decode: Utterance `dspm033_dsp2013_43´ -- 51 of job 1
2020-07-20 01:10:08,025 __iter__: Reading lattice file `/tmp/54773018/lattices/dspm034_dsp2013_05.lat.gz´.
2020-07-20 01:10:08,075 decode: Utterance `dspm034_dsp2013_05´ -- 52 of job 1
2020-07-20 01:10:09,515 __iter__: Reading lattice file `/tmp/54773018/lattices/dspm034_dsp2013_15.lat.gz´.
2020-07-20 01:10:09,652 decode: Utterance `dspm034_dsp2013_15´ -- 53 of job 1
2020-07-20 01:10:13,151 __iter__: Reading lattice file `/tmp/54773018/lattices/dspm036_dsp2013_29.lat.gz´.
2020-07-20 01:10:13,255 decode: Utterance `dspm036_dsp2013_29´ -- 54 of job 1
2020-07-20 01:10:16,336 __iter__: Reading lattice file `/tmp/54773018/lattices/dspm036_dsp2013_40.lat.gz´.
2020-07-20 01:10:16,433 decode: Utterance `dspm036_dsp2013_40´ -- 55 of job 1
2020-07-20 01:10:19,725 __iter__: Reading lattice file `/tmp/54773018/lattices/dspm039_dsp2013_07.lat.gz´.
2020-07-20 01:10:19,733 decode: Utterance `dspm039_dsp2013_07´ -- 56 of job 1
2020-07-20 01:10:19,987 __iter__: Reading lattice file `/tmp/54773018/lattices/dspm039_dsp2013_18.lat.gz´.
2020-07-20 01:10:20,121 decode: Utterance `dspm039_dsp2013_18´ -- 57 of job 1
2020-07-20 01:10:24,790 __iter__: Reading lattice file `/tmp/54773018/lattices/dspm040_dsp2013_01.lat.gz´.
2020-07-20 01:10:26,260 decode: Utterance `dspm040_dsp2013_01´ -- 58 of job 1
2020-07-20 01:11:13,961 __iter__: Reading lattice file `/tmp/54773018/lattices/dspm040_dsp2013_11.lat.gz´.
2020-07-20 01:11:13,980 decode: Utterance `dspm040_dsp2013_11´ -- 59 of job 1
2020-07-20 01:11:14,532 __iter__: Reading lattice file `/tmp/54773018/lattices/dspm042_dsp2013_01.lat.gz´.
2020-07-20 01:11:14,578 decode: Utterance `dspm042_dsp2013_01´ -- 60 of job 1
2020-07-20 01:11:16,296 __iter__: Reading lattice file `/tmp/54773018/lattices/dspm042_dsp2013_13.lat.gz´.
2020-07-20 01:11:16,452 decode: Utterance `dspm042_dsp2013_13´ -- 61 of job 1
2020-07-20 01:11:20,915 __iter__: Reading lattice file `/tmp/54773018/lattices/dspm043_dsp2013_01.lat.gz´.
2020-07-20 01:11:20,949 decode: Utterance `dspm043_dsp2013_01´ -- 62 of job 1
2020-07-20 01:11:21,971 __iter__: Reading lattice file `/tmp/54773018/lattices/dspm043_dsp2013_16.lat.gz´.
2020-07-20 01:11:22,029 decode: Utterance `dspm043_dsp2013_16´ -- 63 of job 1
2020-07-20 01:11:23,750 __iter__: Reading lattice file `/tmp/54773018/lattices/dspm043_dsp2013_31.lat.gz´.
2020-07-20 01:11:23,766 decode: Utterance `dspm043_dsp2013_31´ -- 64 of job 1
2020-07-20 01:11:24,202 __iter__: Reading lattice file `/tmp/54773018/lattices/dspm045_dsp2013_06.lat.gz´.
2020-07-20 01:11:24,338 decode: Utterance `dspm045_dsp2013_06´ -- 65 of job 1
2020-07-20 01:11:28,374 __iter__: Reading lattice file `/tmp/54773018/lattices/dspm045_dsp2013_16.lat.gz´.
2020-07-20 01:11:28,714 decode: Utterance `dspm045_dsp2013_16´ -- 66 of job 1
2020-07-20 01:11:38,254 __iter__: Reading lattice file `/tmp/54773018/lattices/dspm047_dsp2013_06.lat.gz´.
2020-07-20 01:11:38,273 decode: Utterance `dspm047_dsp2013_06´ -- 67 of job 1
2020-07-20 01:11:38,716 __iter__: Reading lattice file `/tmp/54773018/lattices/dspm047_dsp2013_16.lat.gz´.
2020-07-20 01:11:38,878 decode: Utterance `dspm047_dsp2013_16´ -- 68 of job 1
2020-07-20 01:11:46,564 __iter__: Reading lattice file `/tmp/54773018/lattices/dspm048_dsp2013_06.lat.gz´.
2020-07-20 01:11:46,576 decode: Utterance `dspm048_dsp2013_06´ -- 69 of job 1
2020-07-20 01:11:46,998 __iter__: Reading lattice file `/tmp/54773018/lattices/dspm048_dsp2013_16.lat.gz´.
2020-07-20 01:11:47,239 decode: Utterance `dspm048_dsp2013_16´ -- 70 of job 1
2020-07-20 01:11:55,363 __iter__: Reading lattice file `/tmp/54773018/lattices/dspm049_dsp2013_05.lat.gz´.
2020-07-20 01:11:56,218 decode: Utterance `dspm049_dsp2013_05´ -- 71 of job 1
2020-07-20 01:12:29,941 __iter__: Reading lattice file `/tmp/54773018/lattices/dspm049_dsp2013_15.lat.gz´.
2020-07-20 01:12:30,168 decode: Utterance `dspm049_dsp2013_15´ -- 72 of job 1
2020-07-20 01:12:37,542 __iter__: Reading lattice file `/tmp/54773018/lattices/dspm050_dsp2013_10.lat.gz´.
2020-07-20 01:12:37,581 decode: Utterance `dspm050_dsp2013_10´ -- 73 of job 1
2020-07-20 01:12:38,510 __iter__: Reading lattice file `/tmp/54773018/lattices/dspm050_dsp2013_25.lat.gz´.
2020-07-20 01:12:38,566 decode: Utterance `dspm050_dsp2013_25´ -- 74 of job 1
2020-07-20 01:12:40,397 __iter__: Reading lattice file `/tmp/54773018/lattices/dspm052_dsp2013_03.lat.gz´.
2020-07-20 01:12:40,765 decode: Utterance `dspm052_dsp2013_03´ -- 75 of job 1
2020-07-20 01:12:53,910 __iter__: Reading lattice file `/tmp/54773018/lattices/dspm052_dsp2013_13.lat.gz´.
2020-07-20 01:12:53,980 decode: Utterance `dspm052_dsp2013_13´ -- 76 of job 1
2020-07-20 01:12:56,414 __iter__: Reading lattice file `/tmp/54773018/lattices/dspm054_dsp2013_04.lat.gz´.
2020-07-20 01:12:56,449 decode: Utterance `dspm054_dsp2013_04´ -- 77 of job 1
2020-07-20 01:12:57,507 __iter__: Reading lattice file `/tmp/54773018/lattices/dspm054_dsp2013_15.lat.gz´.
2020-07-20 01:12:58,017 decode: Utterance `dspm054_dsp2013_15´ -- 78 of job 1
2020-07-20 01:13:23,986 __iter__: Reading lattice file `/tmp/54773018/lattices/dspm055_dsp2013_02.lat.gz´.
2020-07-20 01:13:24,139 decode: Utterance `dspm055_dsp2013_02´ -- 79 of job 1
2020-07-20 01:13:29,427 __iter__: Reading lattice file `/tmp/54773018/lattices/dspm055_dsp2013_12.lat.gz´.
2020-07-20 01:13:29,631 decode: Utterance `dspm055_dsp2013_12´ -- 80 of job 1
2020-07-20 01:13:37,111 __iter__: Reading lattice file `/tmp/54773018/lattices/dspm056_dsp2013_02.lat.gz´.
2020-07-20 01:13:37,271 decode: Utterance `dspm056_dsp2013_02´ -- 81 of job 1
2020-07-20 01:13:41,525 __iter__: Reading lattice file `/tmp/54773018/lattices/dspm056_dsp2013_12.lat.gz´.
2020-07-20 01:13:41,642 decode: Utterance `dspm056_dsp2013_12´ -- 82 of job 1
2020-07-20 01:13:45,468 __iter__: Reading lattice file `/tmp/54773018/lattices/dspm057_dsp2013_02.lat.gz´.
2020-07-20 01:13:45,497 decode: Utterance `dspm057_dsp2013_02´ -- 83 of job 1
2020-07-20 01:13:46,377 __iter__: Reading lattice file `/tmp/54773018/lattices/dspm057_dsp2013_12.lat.gz´.
2020-07-20 01:13:46,499 decode: Utterance `dspm057_dsp2013_12´ -- 84 of job 1
2020-07-20 01:13:49,576 __iter__: Reading lattice file `/tmp/54773018/lattices/dspm058_dsp2013_02.lat.gz´.
2020-07-20 01:13:49,682 decode: Utterance `dspm058_dsp2013_02´ -- 85 of job 1
2020-07-20 01:13:52,468 __iter__: Reading lattice file `/tmp/54773018/lattices/dspm058_dsp2013_14.lat.gz´.
2020-07-20 01:14:06,537 decode: Utterance `dspm058_dsp2013_14´ -- 86 of job 1
2020-07-20 01:14:20,183 __iter__: Reading lattice file `/tmp/54773018/lattices/dspm058_dsp2013_24.lat.gz´.
2020-07-20 01:14:20,266 decode: Utterance `dspm058_dsp2013_24´ -- 87 of job 1
2020-07-20 01:14:22,644 __iter__: Reading lattice file `/tmp/54773018/lattices/radioanne_fym20071218_36.lat.gz´.
2020-07-20 01:14:22,658 decode: Utterance `radioanne_fym20071218_36´ -- 88 of job 1
2020-07-20 01:14:22,890 __iter__: Reading lattice file `/tmp/54773018/lattices/radiojake_kbk20120915_1.lat.gz´.
2020-07-20 01:14:23,461 decode: Utterance `radiojake_kbk20120915_1´ -- 89 of job 1
2020-07-20 01:14:44,488 __iter__: Reading lattice file `/tmp/54773018/lattices/radiojake_kbk20120915_44.lat.gz´.
2020-07-20 01:14:44,498 decode: Utterance `radiojake_kbk20120915_44´ -- 90 of job 1
2020-07-20 01:14:44,859 __iter__: Reading lattice file `/tmp/54773018/lattices/radiojake_kbk20120915_76.lat.gz´.
2020-07-20 01:14:44,860 decode: Utterance `radiojake_kbk20120915_76´ -- 91 of job 1
2020-07-20 01:14:44,924 __iter__: Reading lattice file `/tmp/54773018/lattices/radiojake_kbk20120915_96.lat.gz´.
2020-07-20 01:14:45,006 decode: Utterance `radiojake_kbk20120915_96´ -- 92 of job 1
2020-07-20 01:14:48,250 __iter__: Reading lattice file `/tmp/54773018/lattices/radiokassu_kbk20120915_51.lat.gz´.
2020-07-20 01:14:48,263 decode: Utterance `radiokassu_kbk20120915_51´ -- 93 of job 1
2020-07-20 01:14:48,657 __iter__: Reading lattice file `/tmp/54773018/lattices/radionoona_fym20071218_11.lat.gz´.
2020-07-20 01:14:48,662 decode: Utterance `radionoona_fym20071218_11´ -- 94 of job 1
2020-07-20 01:14:48,788 __iter__: Reading lattice file `/tmp/54773018/lattices/radionoona_fym20071218_31.lat.gz´.
2020-07-20 01:14:48,813 decode: Utterance `radionoona_fym20071218_31´ -- 95 of job 1
2020-07-20 01:14:49,258 __iter__: Reading lattice file `/tmp/54773018/lattices/radioshaka_kbk20120915_109.lat.gz´.
2020-07-20 01:14:49,665 decode: Utterance `radioshaka_kbk20120915_109´ -- 96 of job 1
2020-07-20 01:15:02,411 __iter__: Reading lattice file `/tmp/54773018/lattices/radioshaka_kbk20120915_27.lat.gz´.
2020-07-20 01:15:02,483 decode: Utterance `radioshaka_kbk20120915_27´ -- 97 of job 1
2020-07-20 01:15:04,333 __iter__: Reading lattice file `/tmp/54773018/lattices/radioshaka_kbk20120915_58.lat.gz´.
2020-07-20 01:15:04,961 decode: Utterance `radioshaka_kbk20120915_58´ -- 98 of job 1
2020-07-20 01:15:23,121 __iter__: Reading lattice file `/tmp/54773018/lattices/radioshaka_kbk20120915_83.lat.gz´.
2020-07-20 01:15:23,249 decode: Utterance `radioshaka_kbk20120915_83´ -- 99 of job 1
/scratch/work/groszt1/envs/theanoLM/lib/python3.7/site-packages/theano/gpuarray/dnn.py:184: UserWarning: Your cuDNN version is more recent than Theano. If you encounter problems, try updating Theano or downgrading cuDNN to a version >= v5 and <= v7.
  warnings.warn("Your cuDNN version is more recent than "
Using cuDNN version 7600 on context None
Mapped name None to device cuda0: Tesla V100-PCIE-32GB (0000:86:00.0)
/scratch/work/groszt1/envs/theanoLM/lib/python3.7/site-packages/h5py-2.9.0-py3.7-linux-x86_64.egg/h5py/_hl/dataset.py:313: H5pyDeprecationWarning: dataset.value has been deprecated. Use dataset[()] instead.
  "Use dataset[()] instead.", H5pyDeprecationWarning)
/scratch/work/groszt1/envs/theanoLM/lib/python3.7/site-packages/h5py-2.9.0-py3.7-linux-x86_64.egg/h5py/_hl/dataset.py:313: H5pyDeprecationWarning: dataset.value has been deprecated. Use dataset[()] instead.
  "Use dataset[()] instead.", H5pyDeprecationWarning)
decode_theanolm finished.
