EXPT_NAME theanolm-100k
EXPT_PARAMS expt10-seq8
EXPT_WORK_DIR /scratch/work/moisioa3/conv_lm/experiments/theanolm-100k/expt10-seq8
Experiment: theanolm-100k/expt10-seq8
Job ID: 54772950
Task ID: 2
Host: gpu5.int.triton.aalto.fi
Start date: Mon Jul 20 00:49:50 EEST 2020
Work directory: /scratch/work/moisioa3/conv_lm/experiments/theanolm-100k/expt10-seq8
Temporary directory: /tmp/54772950

Currently Loaded Modules:
  1) speech-scripts/2016.05.24-b928230   6) binutils/2.25-GCCcore-5.4.0
  2) srilm/default                       7) GCC/5.4.0-2.25
  3) cuda/10.0.130                       8) libgpuarray/2017.03.29-45c731f
  4) cudnn/7.4.2-cuda                    9) anaconda3/latest
  5) GCCcore/5.4.0

 

/tmp/54772950/lattices
floatX=float32,device=cuda0,base_compiledir=/tmp/theano,exception_verbosity=high,openmp=False
/scratch/work/groszt1/envs/theanoLM/lib/python3.7/site-packages/theano/gpuarray/dnn.py:184: UserWarning: Your cuDNN version is more recent than Theano. If you encounter problems, try updating Theano or downgrading cuDNN to a version >= v5 and <= v7.
  warnings.warn("Your cuDNN version is more recent than "
Using cuDNN version 7600 on context None
Mapped name None to device cuda0: Tesla V100-PCIE-32GB (0000:86:00.0)
TheanoLM 1.3.2
Theano 1.0.4
pygpu 0.7.6
==
+ srun --gres=gpu:1 theanolm decode /scratch/work/moisioa3/conv_lm/experiments/theanolm-100k/expt10-seq8/nnlm.h5 --lattice-list /tmp/54772950/lattices/lattice-list --output-file /scratch/work/moisioa3/conv_lm/experiments/theanolm-100k/expt10-seq8/decode/devel/lambda=0.5-lms=11/2.trn --output trn --nnlm-weight 0.5 --lm-scale 11 --max-tokens-per-node 62 --beam 650 --recombination-order 22 --num-jobs 10 --job 2 --shortlist --unk-penalty=-20
2020-07-20 00:50:02,989 get_default_device: Context None device="Tesla V100-PCIE-32GB" ID="0000:86:00.0"
2020-07-20 00:50:02,990 from_file: Reading vocabulary from network state.
2020-07-20 00:50:05,777 from_file: Number of words in vocabulary: 2427252
2020-07-20 00:50:05,777 from_file: Number of words in shortlist: 100003
2020-07-20 00:50:05,777 from_file: Number of word classes: 100003
2020-07-20 00:50:05,777 from_file: Building neural network.
2020-07-20 00:50:41,734 from_file: Restoring neural network state.
2020-07-20 00:50:42,450 decode: Building word lattice decoder.
2020-07-20 00:50:46,529 __iter__: Reading lattice file `/tmp/54772950/lattices/dspf004_dsp2013_03.lat.gz´.
2020-07-20 00:50:46,722 decode: Utterance `dspf004_dsp2013_03´ -- 1 of job 2
2020-07-20 00:50:50,191 __iter__: Reading lattice file `/tmp/54772950/lattices/dspf004_dsp2013_14.lat.gz´.
2020-07-20 00:50:50,503 decode: Utterance `dspf004_dsp2013_14´ -- 2 of job 2
2020-07-20 00:51:00,542 __iter__: Reading lattice file `/tmp/54772950/lattices/dspf007_dsp2013_03.lat.gz´.
2020-07-20 00:51:01,844 decode: Utterance `dspf007_dsp2013_03´ -- 3 of job 2
2020-07-20 00:52:01,122 __iter__: Reading lattice file `/tmp/54772950/lattices/dspf007_dsp2013_13.lat.gz´.
2020-07-20 00:52:01,218 decode: Utterance `dspf007_dsp2013_13´ -- 4 of job 2
2020-07-20 00:52:04,657 __iter__: Reading lattice file `/tmp/54772950/lattices/dspm001_dsp2013_03.lat.gz´.
2020-07-20 00:52:04,789 decode: Utterance `dspm001_dsp2013_03´ -- 5 of job 2
2020-07-20 00:52:09,331 __iter__: Reading lattice file `/tmp/54772950/lattices/dspm001_dsp2013_13.lat.gz´.
2020-07-20 00:52:09,506 decode: Utterance `dspm001_dsp2013_13´ -- 6 of job 2
2020-07-20 00:52:14,639 __iter__: Reading lattice file `/tmp/54772950/lattices/dspm004_dsp2013_03.lat.gz´.
2020-07-20 00:52:14,813 decode: Utterance `dspm004_dsp2013_03´ -- 7 of job 2
2020-07-20 00:52:21,038 __iter__: Reading lattice file `/tmp/54772950/lattices/dspm004_dsp2013_13.lat.gz´.
2020-07-20 00:52:25,087 decode: Utterance `dspm004_dsp2013_13´ -- 8 of job 2
2020-07-20 00:55:49,623 __iter__: Reading lattice file `/tmp/54772950/lattices/dspm005_dsp2013_03.lat.gz´.
2020-07-20 00:55:49,732 decode: Utterance `dspm005_dsp2013_03´ -- 9 of job 2
2020-07-20 00:55:53,575 __iter__: Reading lattice file `/tmp/54772950/lattices/dspm005_dsp2013_13.lat.gz´.
2020-07-20 00:55:53,833 decode: Utterance `dspm005_dsp2013_13´ -- 10 of job 2
2020-07-20 00:56:01,973 __iter__: Reading lattice file `/tmp/54772950/lattices/dspm005_dsp2013_23.lat.gz´.
2020-07-20 00:56:02,420 decode: Utterance `dspm005_dsp2013_23´ -- 11 of job 2
2020-07-20 00:56:17,054 __iter__: Reading lattice file `/tmp/54772950/lattices/dspm006_dsp2013_14.lat.gz´.
2020-07-20 00:56:17,077 decode: Utterance `dspm006_dsp2013_14´ -- 12 of job 2
2020-07-20 00:56:17,827 __iter__: Reading lattice file `/tmp/54772950/lattices/dspm006_dsp2013_26.lat.gz´.
2020-07-20 00:56:17,829 decode: Utterance `dspm006_dsp2013_26´ -- 13 of job 2
2020-07-20 00:56:17,912 __iter__: Reading lattice file `/tmp/54772950/lattices/dspm007_dsp2013_14.lat.gz´.
2020-07-20 00:56:18,017 decode: Utterance `dspm007_dsp2013_14´ -- 14 of job 2
2020-07-20 00:56:21,106 __iter__: Reading lattice file `/tmp/54772950/lattices/dspm007_dsp2013_24.lat.gz´.
2020-07-20 00:56:21,466 decode: Utterance `dspm007_dsp2013_24´ -- 15 of job 2
2020-07-20 00:56:34,364 __iter__: Reading lattice file `/tmp/54772950/lattices/dspm010_dsp2013_05.lat.gz´.
2020-07-20 00:56:35,195 decode: Utterance `dspm010_dsp2013_05´ -- 16 of job 2
2020-07-20 00:56:54,542 __iter__: Reading lattice file `/tmp/54772950/lattices/dspm010_dsp2013_16.lat.gz´.
2020-07-20 00:56:55,174 decode: Utterance `dspm010_dsp2013_16´ -- 17 of job 2
2020-07-20 00:57:26,659 __iter__: Reading lattice file `/tmp/54772950/lattices/dspm011_dsp2013_05.lat.gz´.
2020-07-20 00:57:26,713 decode: Utterance `dspm011_dsp2013_05´ -- 18 of job 2
2020-07-20 00:57:28,509 __iter__: Reading lattice file `/tmp/54772950/lattices/dspm011_dsp2013_15.lat.gz´.
2020-07-20 00:57:28,517 decode: Utterance `dspm011_dsp2013_15´ -- 19 of job 2
2020-07-20 00:57:28,736 __iter__: Reading lattice file `/tmp/54772950/lattices/dspm011_dsp2013_25.lat.gz´.
2020-07-20 00:57:28,834 decode: Utterance `dspm011_dsp2013_25´ -- 20 of job 2
2020-07-20 00:57:32,831 __iter__: Reading lattice file `/tmp/54772950/lattices/dspm014_dsp2013_22.lat.gz´.
2020-07-20 00:57:33,048 decode: Utterance `dspm014_dsp2013_22´ -- 21 of job 2
2020-07-20 00:57:40,507 __iter__: Reading lattice file `/tmp/54772950/lattices/dspm014_dsp2013_32.lat.gz´.
2020-07-20 00:57:40,517 decode: Utterance `dspm014_dsp2013_32´ -- 22 of job 2
2020-07-20 00:57:40,906 __iter__: Reading lattice file `/tmp/54772950/lattices/dspm015_dsp2013_09.lat.gz´.
2020-07-20 00:57:40,978 decode: Utterance `dspm015_dsp2013_09´ -- 23 of job 2
2020-07-20 00:57:43,219 __iter__: Reading lattice file `/tmp/54772950/lattices/dspm015_dsp2013_19.lat.gz´.
2020-07-20 00:57:43,289 decode: Utterance `dspm015_dsp2013_19´ -- 24 of job 2
2020-07-20 00:57:45,451 __iter__: Reading lattice file `/tmp/54772950/lattices/dspm017_dsp2013_30.lat.gz´.
2020-07-20 00:57:45,631 decode: Utterance `dspm017_dsp2013_30´ -- 25 of job 2
2020-07-20 00:57:53,085 __iter__: Reading lattice file `/tmp/54772950/lattices/dspm017_dsp2013_63.lat.gz´.
2020-07-20 00:57:54,973 decode: Utterance `dspm017_dsp2013_63´ -- 26 of job 2
2020-07-20 00:59:31,291 __iter__: Reading lattice file `/tmp/54772950/lattices/dspm018_dsp2013_04.lat.gz´.
2020-07-20 00:59:31,535 decode: Utterance `dspm018_dsp2013_04´ -- 27 of job 2
2020-07-20 00:59:39,215 __iter__: Reading lattice file `/tmp/54772950/lattices/dspm018_dsp2013_15.lat.gz´.
2020-07-20 00:59:39,283 decode: Utterance `dspm018_dsp2013_15´ -- 28 of job 2
2020-07-20 00:59:41,436 __iter__: Reading lattice file `/tmp/54772950/lattices/dspm019_dsp2013_03.lat.gz´.
2020-07-20 00:59:41,519 decode: Utterance `dspm019_dsp2013_03´ -- 29 of job 2
2020-07-20 00:59:44,043 __iter__: Reading lattice file `/tmp/54772950/lattices/dspm019_dsp2013_13.lat.gz´.
2020-07-20 00:59:44,059 decode: Utterance `dspm019_dsp2013_13´ -- 30 of job 2
2020-07-20 00:59:44,616 __iter__: Reading lattice file `/tmp/54772950/lattices/dspm021_dsp2013_03.lat.gz´.
2020-07-20 00:59:44,702 decode: Utterance `dspm021_dsp2013_03´ -- 31 of job 2
2020-07-20 00:59:47,858 __iter__: Reading lattice file `/tmp/54772950/lattices/dspm021_dsp2013_14.lat.gz´.
2020-07-20 00:59:47,970 decode: Utterance `dspm021_dsp2013_14´ -- 32 of job 2
2020-07-20 00:59:51,998 __iter__: Reading lattice file `/tmp/54772950/lattices/dspm021_dsp2013_25.lat.gz´.
2020-07-20 00:59:52,481 decode: Utterance `dspm021_dsp2013_25´ -- 33 of job 2
2020-07-20 01:00:10,869 __iter__: Reading lattice file `/tmp/54772950/lattices/dspm022_dsp2013_10.lat.gz´.
2020-07-20 01:00:10,946 decode: Utterance `dspm022_dsp2013_10´ -- 34 of job 2
2020-07-20 01:00:14,179 __iter__: Reading lattice file `/tmp/54772950/lattices/dspm022_dsp2013_20.lat.gz´.
2020-07-20 01:00:14,273 decode: Utterance `dspm022_dsp2013_20´ -- 35 of job 2
2020-07-20 01:00:16,829 __iter__: Reading lattice file `/tmp/54772950/lattices/dspm022_dsp2013_30.lat.gz´.
2020-07-20 01:00:16,940 decode: Utterance `dspm022_dsp2013_30´ -- 36 of job 2
2020-07-20 01:00:22,436 __iter__: Reading lattice file `/tmp/54772950/lattices/dspm024_dsp2013_06.lat.gz´.
2020-07-20 01:00:22,854 decode: Utterance `dspm024_dsp2013_06´ -- 37 of job 2
2020-07-20 01:00:41,444 __iter__: Reading lattice file `/tmp/54772950/lattices/dspm024_dsp2013_17.lat.gz´.
2020-07-20 01:00:41,502 decode: Utterance `dspm024_dsp2013_17´ -- 38 of job 2
2020-07-20 01:00:43,585 __iter__: Reading lattice file `/tmp/54772950/lattices/dspm025_dsp2013_12.lat.gz´.
2020-07-20 01:00:43,617 decode: Utterance `dspm025_dsp2013_12´ -- 39 of job 2
2020-07-20 01:00:44,598 __iter__: Reading lattice file `/tmp/54772950/lattices/dspm025_dsp2013_24.lat.gz´.
2020-07-20 01:00:45,241 decode: Utterance `dspm025_dsp2013_24´ -- 40 of job 2
2020-07-20 01:01:08,511 __iter__: Reading lattice file `/tmp/54772950/lattices/dspm026_dsp2013_05.lat.gz´.
2020-07-20 01:01:08,581 decode: Utterance `dspm026_dsp2013_05´ -- 41 of job 2
2020-07-20 01:01:11,065 __iter__: Reading lattice file `/tmp/54772950/lattices/dspm026_dsp2013_15.lat.gz´.
2020-07-20 01:01:11,252 decode: Utterance `dspm026_dsp2013_15´ -- 42 of job 2
2020-07-20 01:01:19,315 __iter__: Reading lattice file `/tmp/54772950/lattices/dspm028_dsp2013_05.lat.gz´.
2020-07-20 01:01:19,448 decode: Utterance `dspm028_dsp2013_05´ -- 43 of job 2
2020-07-20 01:01:23,047 __iter__: Reading lattice file `/tmp/54772950/lattices/dspm028_dsp2013_15.lat.gz´.
2020-07-20 01:01:23,298 decode: Utterance `dspm028_dsp2013_15´ -- 44 of job 2
2020-07-20 01:01:32,242 __iter__: Reading lattice file `/tmp/54772950/lattices/dspm031_dsp2013_05.lat.gz´.
2020-07-20 01:01:32,260 decode: Utterance `dspm031_dsp2013_05´ -- 45 of job 2
2020-07-20 01:01:32,813 __iter__: Reading lattice file `/tmp/54772950/lattices/dspm031_dsp2013_15.lat.gz´.
2020-07-20 01:01:32,888 decode: Utterance `dspm031_dsp2013_15´ -- 46 of job 2
2020-07-20 01:01:36,074 __iter__: Reading lattice file `/tmp/54772950/lattices/dspm031_dsp2013_25.lat.gz´.
2020-07-20 01:01:36,146 decode: Utterance `dspm031_dsp2013_25´ -- 47 of job 2
2020-07-20 01:01:39,411 __iter__: Reading lattice file `/tmp/54772950/lattices/dspm032_dsp2013_10.lat.gz´.
2020-07-20 01:01:39,848 decode: Utterance `dspm032_dsp2013_10´ -- 48 of job 2
2020-07-20 01:02:02,358 __iter__: Reading lattice file `/tmp/54772950/lattices/dspm032_dsp2013_20.lat.gz´.
2020-07-20 01:02:02,372 decode: Utterance `dspm032_dsp2013_20´ -- 49 of job 2
2020-07-20 01:02:02,802 __iter__: Reading lattice file `/tmp/54772950/lattices/dspm033_dsp2013_17.lat.gz´.
2020-07-20 01:02:02,994 decode: Utterance `dspm033_dsp2013_17´ -- 50 of job 2
2020-07-20 01:02:11,879 __iter__: Reading lattice file `/tmp/54772950/lattices/dspm033_dsp2013_44.lat.gz´.
2020-07-20 01:02:12,119 decode: Utterance `dspm033_dsp2013_44´ -- 51 of job 2
2020-07-20 01:02:21,533 __iter__: Reading lattice file `/tmp/54772950/lattices/dspm034_dsp2013_06.lat.gz´.
2020-07-20 01:02:21,986 decode: Utterance `dspm034_dsp2013_06´ -- 52 of job 2
2020-07-20 01:02:36,689 __iter__: Reading lattice file `/tmp/54772950/lattices/dspm034_dsp2013_16.lat.gz´.
2020-07-20 01:02:36,715 decode: Utterance `dspm034_dsp2013_16´ -- 53 of job 2
2020-07-20 01:02:37,408 __iter__: Reading lattice file `/tmp/54772950/lattices/dspm036_dsp2013_30.lat.gz´.
2020-07-20 01:02:38,755 decode: Utterance `dspm036_dsp2013_30´ -- 54 of job 2
2020-07-20 01:03:29,964 __iter__: Reading lattice file `/tmp/54772950/lattices/dspm036_dsp2013_41.lat.gz´.
2020-07-20 01:03:30,280 decode: Utterance `dspm036_dsp2013_41´ -- 55 of job 2
2020-07-20 01:03:42,863 __iter__: Reading lattice file `/tmp/54772950/lattices/dspm039_dsp2013_08.lat.gz´.
2020-07-20 01:03:43,003 decode: Utterance `dspm039_dsp2013_08´ -- 56 of job 2
2020-07-20 01:03:48,344 __iter__: Reading lattice file `/tmp/54772950/lattices/dspm039_dsp2013_19.lat.gz´.
2020-07-20 01:03:48,520 decode: Utterance `dspm039_dsp2013_19´ -- 57 of job 2
2020-07-20 01:03:55,731 __iter__: Reading lattice file `/tmp/54772950/lattices/dspm040_dsp2013_02.lat.gz´.
2020-07-20 01:03:55,904 decode: Utterance `dspm040_dsp2013_02´ -- 58 of job 2
2020-07-20 01:04:01,054 __iter__: Reading lattice file `/tmp/54772950/lattices/dspm040_dsp2013_12.lat.gz´.
2020-07-20 01:04:01,386 decode: Utterance `dspm040_dsp2013_12´ -- 59 of job 2
2020-07-20 01:04:11,675 __iter__: Reading lattice file `/tmp/54772950/lattices/dspm042_dsp2013_02.lat.gz´.
2020-07-20 01:04:11,679 decode: Utterance `dspm042_dsp2013_02´ -- 60 of job 2
2020-07-20 01:04:11,816 __iter__: Reading lattice file `/tmp/54772950/lattices/dspm042_dsp2013_14.lat.gz´.
2020-07-20 01:04:12,010 decode: Utterance `dspm042_dsp2013_14´ -- 61 of job 2
2020-07-20 01:04:18,051 __iter__: Reading lattice file `/tmp/54772950/lattices/dspm043_dsp2013_02.lat.gz´.
2020-07-20 01:04:18,060 decode: Utterance `dspm043_dsp2013_02´ -- 62 of job 2
2020-07-20 01:04:18,322 __iter__: Reading lattice file `/tmp/54772950/lattices/dspm043_dsp2013_17.lat.gz´.
2020-07-20 01:04:18,391 decode: Utterance `dspm043_dsp2013_17´ -- 63 of job 2
2020-07-20 01:04:20,302 __iter__: Reading lattice file `/tmp/54772950/lattices/dspm043_dsp2013_33.lat.gz´.
2020-07-20 01:04:20,361 decode: Utterance `dspm043_dsp2013_33´ -- 64 of job 2
2020-07-20 01:04:22,552 __iter__: Reading lattice file `/tmp/54772950/lattices/dspm045_dsp2013_07.lat.gz´.
2020-07-20 01:04:22,564 decode: Utterance `dspm045_dsp2013_07´ -- 65 of job 2
2020-07-20 01:04:22,917 __iter__: Reading lattice file `/tmp/54772950/lattices/dspm045_dsp2013_17.lat.gz´.
2020-07-20 01:04:23,304 decode: Utterance `dspm045_dsp2013_17´ -- 66 of job 2
2020-07-20 01:04:33,913 __iter__: Reading lattice file `/tmp/54772950/lattices/dspm047_dsp2013_07.lat.gz´.
2020-07-20 01:04:34,041 decode: Utterance `dspm047_dsp2013_07´ -- 67 of job 2
2020-07-20 01:04:38,428 __iter__: Reading lattice file `/tmp/54772950/lattices/dspm047_dsp2013_17.lat.gz´.
2020-07-20 01:04:38,583 decode: Utterance `dspm047_dsp2013_17´ -- 68 of job 2
2020-07-20 01:04:45,188 __iter__: Reading lattice file `/tmp/54772950/lattices/dspm048_dsp2013_07.lat.gz´.
2020-07-20 01:04:45,234 decode: Utterance `dspm048_dsp2013_07´ -- 69 of job 2
2020-07-20 01:04:46,818 __iter__: Reading lattice file `/tmp/54772950/lattices/dspm048_dsp2013_17.lat.gz´.
2020-07-20 01:04:47,167 decode: Utterance `dspm048_dsp2013_17´ -- 70 of job 2
2020-07-20 01:04:59,117 __iter__: Reading lattice file `/tmp/54772950/lattices/dspm049_dsp2013_06.lat.gz´.
2020-07-20 01:04:59,382 decode: Utterance `dspm049_dsp2013_06´ -- 71 of job 2
2020-07-20 01:05:08,842 __iter__: Reading lattice file `/tmp/54772950/lattices/dspm049_dsp2013_16.lat.gz´.
2020-07-20 01:05:09,804 decode: Utterance `dspm049_dsp2013_16´ -- 72 of job 2
2020-07-20 01:05:42,545 __iter__: Reading lattice file `/tmp/54772950/lattices/dspm050_dsp2013_13.lat.gz´.
2020-07-20 01:05:42,645 decode: Utterance `dspm050_dsp2013_13´ -- 73 of job 2
2020-07-20 01:05:46,023 __iter__: Reading lattice file `/tmp/54772950/lattices/dspm050_dsp2013_26.lat.gz´.
2020-07-20 01:05:46,028 decode: Utterance `dspm050_dsp2013_26´ -- 74 of job 2
2020-07-20 01:05:46,204 __iter__: Reading lattice file `/tmp/54772950/lattices/dspm052_dsp2013_04.lat.gz´.
2020-07-20 01:05:46,337 decode: Utterance `dspm052_dsp2013_04´ -- 75 of job 2
2020-07-20 01:05:51,092 __iter__: Reading lattice file `/tmp/54772950/lattices/dspm052_dsp2013_14.lat.gz´.
2020-07-20 01:05:51,219 decode: Utterance `dspm052_dsp2013_14´ -- 76 of job 2
2020-07-20 01:05:54,935 __iter__: Reading lattice file `/tmp/54772950/lattices/dspm054_dsp2013_05.lat.gz´.
2020-07-20 01:05:55,049 decode: Utterance `dspm054_dsp2013_05´ -- 77 of job 2
2020-07-20 01:05:58,018 __iter__: Reading lattice file `/tmp/54772950/lattices/dspm054_dsp2013_16.lat.gz´.
2020-07-20 01:05:58,276 decode: Utterance `dspm054_dsp2013_16´ -- 78 of job 2
2020-07-20 01:06:11,417 __iter__: Reading lattice file `/tmp/54772950/lattices/dspm055_dsp2013_03.lat.gz´.
2020-07-20 01:06:11,757 decode: Utterance `dspm055_dsp2013_03´ -- 79 of job 2
2020-07-20 01:06:25,882 __iter__: Reading lattice file `/tmp/54772950/lattices/dspm055_dsp2013_13.lat.gz´.
2020-07-20 01:06:25,930 decode: Utterance `dspm055_dsp2013_13´ -- 80 of job 2
2020-07-20 01:06:27,886 __iter__: Reading lattice file `/tmp/54772950/lattices/dspm056_dsp2013_03.lat.gz´.
2020-07-20 01:06:28,134 decode: Utterance `dspm056_dsp2013_03´ -- 81 of job 2
2020-07-20 01:06:35,448 __iter__: Reading lattice file `/tmp/54772950/lattices/dspm056_dsp2013_13.lat.gz´.
2020-07-20 01:06:35,558 decode: Utterance `dspm056_dsp2013_13´ -- 82 of job 2
2020-07-20 01:06:39,715 __iter__: Reading lattice file `/tmp/54772950/lattices/dspm057_dsp2013_03.lat.gz´.
2020-07-20 01:06:41,421 decode: Utterance `dspm057_dsp2013_03´ -- 83 of job 2
2020-07-20 01:07:43,464 __iter__: Reading lattice file `/tmp/54772950/lattices/dspm057_dsp2013_13.lat.gz´.
2020-07-20 01:07:46,339 decode: Utterance `dspm057_dsp2013_13´ -- 84 of job 2
2020-07-20 01:09:55,231 __iter__: Reading lattice file `/tmp/54772950/lattices/dspm058_dsp2013_03.lat.gz´.
2020-07-20 01:09:55,381 decode: Utterance `dspm058_dsp2013_03´ -- 85 of job 2
2020-07-20 01:10:00,222 __iter__: Reading lattice file `/tmp/54772950/lattices/dspm058_dsp2013_15.lat.gz´.
2020-07-20 01:10:00,513 decode: Utterance `dspm058_dsp2013_15´ -- 86 of job 2
2020-07-20 01:10:11,638 __iter__: Reading lattice file `/tmp/54772950/lattices/dspm058_dsp2013_25.lat.gz´.
2020-07-20 01:10:11,897 decode: Utterance `dspm058_dsp2013_25´ -- 87 of job 2
2020-07-20 01:10:20,780 __iter__: Reading lattice file `/tmp/54772950/lattices/radiojake_kbk20120915_104.lat.gz´.
2020-07-20 01:10:21,152 decode: Utterance `radiojake_kbk20120915_104´ -- 88 of job 2
2020-07-20 01:10:41,354 __iter__: Reading lattice file `/tmp/54772950/lattices/radiojake_kbk20120915_21.lat.gz´.
2020-07-20 01:10:41,381 decode: Utterance `radiojake_kbk20120915_21´ -- 89 of job 2
2020-07-20 01:10:42,122 __iter__: Reading lattice file `/tmp/54772950/lattices/radiojake_kbk20120915_47.lat.gz´.
2020-07-20 01:10:42,453 decode: Utterance `radiojake_kbk20120915_47´ -- 90 of job 2
2020-07-20 01:10:57,423 __iter__: Reading lattice file `/tmp/54772950/lattices/radiojake_kbk20120915_78.lat.gz´.
2020-07-20 01:10:57,913 decode: Utterance `radiojake_kbk20120915_78´ -- 91 of job 2
2020-07-20 01:11:28,894 __iter__: Reading lattice file `/tmp/54772950/lattices/radiokassu_kbk20120915_103.lat.gz´.
2020-07-20 01:11:29,150 decode: Utterance `radiokassu_kbk20120915_103´ -- 92 of job 2
2020-07-20 01:11:39,726 __iter__: Reading lattice file `/tmp/54772950/lattices/radiokassu_kbk20120915_53.lat.gz´.
2020-07-20 01:11:39,739 decode: Utterance `radiokassu_kbk20120915_53´ -- 93 of job 2
2020-07-20 01:11:40,038 __iter__: Reading lattice file `/tmp/54772950/lattices/radionoona_fym20071218_13.lat.gz´.
2020-07-20 01:11:40,072 decode: Utterance `radionoona_fym20071218_13´ -- 94 of job 2
2020-07-20 01:11:40,963 __iter__: Reading lattice file `/tmp/54772950/lattices/radionoona_fym20071218_32.lat.gz´.
2020-07-20 01:11:40,978 decode: Utterance `radionoona_fym20071218_32´ -- 95 of job 2
2020-07-20 01:11:41,401 __iter__: Reading lattice file `/tmp/54772950/lattices/radioshaka_kbk20120915_10.lat.gz´.
2020-07-20 01:11:41,465 decode: Utterance `radioshaka_kbk20120915_10´ -- 96 of job 2
2020-07-20 01:11:42,616 __iter__: Reading lattice file `/tmp/54772950/lattices/radioshaka_kbk20120915_29.lat.gz´.
2020-07-20 01:11:43,191 decode: Utterance `radioshaka_kbk20120915_29´ -- 97 of job 2
2020-07-20 01:12:03,154 __iter__: Reading lattice file `/tmp/54772950/lattices/radioshaka_kbk20120915_60.lat.gz´.
2020-07-20 01:12:03,915 decode: Utterance `radioshaka_kbk20120915_60´ -- 98 of job 2
2020-07-20 01:12:24,420 __iter__: Reading lattice file `/tmp/54772950/lattices/radioshaka_kbk20120915_88.lat.gz´.
2020-07-20 01:12:25,112 decode: Utterance `radioshaka_kbk20120915_88´ -- 99 of job 2
/scratch/work/groszt1/envs/theanoLM/lib/python3.7/site-packages/theano/gpuarray/dnn.py:184: UserWarning: Your cuDNN version is more recent than Theano. If you encounter problems, try updating Theano or downgrading cuDNN to a version >= v5 and <= v7.
  warnings.warn("Your cuDNN version is more recent than "
Using cuDNN version 7600 on context None
Mapped name None to device cuda0: Tesla V100-PCIE-32GB (0000:86:00.0)
/scratch/work/groszt1/envs/theanoLM/lib/python3.7/site-packages/h5py-2.9.0-py3.7-linux-x86_64.egg/h5py/_hl/dataset.py:313: H5pyDeprecationWarning: dataset.value has been deprecated. Use dataset[()] instead.
  "Use dataset[()] instead.", H5pyDeprecationWarning)
/scratch/work/groszt1/envs/theanoLM/lib/python3.7/site-packages/h5py-2.9.0-py3.7-linux-x86_64.egg/h5py/_hl/dataset.py:313: H5pyDeprecationWarning: dataset.value has been deprecated. Use dataset[()] instead.
  "Use dataset[()] instead.", H5pyDeprecationWarning)
decode_theanolm finished.
