EXPT_NAME theanolm-100k
EXPT_PARAMS expt10-seq8
EXPT_WORK_DIR /scratch/work/moisioa3/conv_lm/experiments/theanolm-100k/expt10-seq8
Experiment: theanolm-100k/expt10-seq8
Job ID: 54772971
Task ID: 19
Host: gpu8.int.triton.aalto.fi
Start date: Mon Jul 20 00:50:15 EEST 2020
Work directory: /scratch/work/moisioa3/conv_lm/experiments/theanolm-100k/expt10-seq8
Temporary directory: /tmp/54772971

Currently Loaded Modules:
  1) speech-scripts/2016.05.24-b928230   6) binutils/2.25-GCCcore-5.4.0
  2) srilm/default                       7) GCC/5.4.0-2.25
  3) cuda/10.0.130                       8) libgpuarray/2017.03.29-45c731f
  4) cudnn/7.4.2-cuda                    9) anaconda3/latest
  5) GCCcore/5.4.0

 

/tmp/54772971/lattices
floatX=float32,device=cuda0,base_compiledir=/tmp/theano,exception_verbosity=high,openmp=False
/scratch/work/groszt1/envs/theanoLM/lib/python3.7/site-packages/theano/gpuarray/dnn.py:184: UserWarning: Your cuDNN version is more recent than Theano. If you encounter problems, try updating Theano or downgrading cuDNN to a version >= v5 and <= v7.
  warnings.warn("Your cuDNN version is more recent than "
Using cuDNN version 7600 on context None
Mapped name None to device cuda0: Tesla V100-PCIE-32GB (0000:18:00.0)
TheanoLM 1.3.2
Theano 1.0.4
pygpu 0.7.6
==
+ srun --gres=gpu:1 theanolm decode /scratch/work/moisioa3/conv_lm/experiments/theanolm-100k/expt10-seq8/nnlm.h5 --lattice-list /tmp/54772971/lattices/lattice-list --output-file /scratch/work/moisioa3/conv_lm/experiments/theanolm-100k/expt10-seq8/decode/devel/lambda=0.5-lms=12/9.trn --output trn --nnlm-weight 0.5 --lm-scale 12 --max-tokens-per-node 62 --beam 650 --recombination-order 22 --num-jobs 10 --job 9 --shortlist --unk-penalty=-20
2020-07-20 00:50:23,761 get_default_device: Context None device="Tesla V100-PCIE-32GB" ID="0000:18:00.0"
2020-07-20 00:50:23,761 from_file: Reading vocabulary from network state.
2020-07-20 00:50:26,440 from_file: Number of words in vocabulary: 2427252
2020-07-20 00:50:26,440 from_file: Number of words in shortlist: 100003
2020-07-20 00:50:26,440 from_file: Number of word classes: 100003
2020-07-20 00:50:26,440 from_file: Building neural network.
2020-07-20 00:51:02,095 from_file: Restoring neural network state.
2020-07-20 00:51:02,831 decode: Building word lattice decoder.
2020-07-20 00:51:06,830 __iter__: Reading lattice file `/tmp/54772971/lattices/dspf004_dsp2013_11.lat.gz´.
2020-07-20 00:51:07,509 decode: Utterance `dspf004_dsp2013_11´ -- 1 of job 9
2020-07-20 00:51:45,276 __iter__: Reading lattice file `/tmp/54772971/lattices/dspf004_dsp2013_21.lat.gz´.
2020-07-20 00:51:45,626 decode: Utterance `dspf004_dsp2013_21´ -- 2 of job 9
2020-07-20 00:52:00,396 __iter__: Reading lattice file `/tmp/54772971/lattices/dspf007_dsp2013_10.lat.gz´.
2020-07-20 00:52:00,540 decode: Utterance `dspf007_dsp2013_10´ -- 3 of job 9
2020-07-20 00:52:05,414 __iter__: Reading lattice file `/tmp/54772971/lattices/dspf007_dsp2013_20.lat.gz´.
2020-07-20 00:52:05,444 decode: Utterance `dspf007_dsp2013_20´ -- 4 of job 9
2020-07-20 00:52:06,373 __iter__: Reading lattice file `/tmp/54772971/lattices/dspm001_dsp2013_10.lat.gz´.
2020-07-20 00:52:06,539 decode: Utterance `dspm001_dsp2013_10´ -- 5 of job 9
2020-07-20 00:52:13,971 __iter__: Reading lattice file `/tmp/54772971/lattices/dspm001_dsp2013_20.lat.gz´.
2020-07-20 00:52:14,658 decode: Utterance `dspm001_dsp2013_20´ -- 6 of job 9
2020-07-20 00:52:41,919 __iter__: Reading lattice file `/tmp/54772971/lattices/dspm004_dsp2013_10.lat.gz´.
2020-07-20 00:52:42,365 decode: Utterance `dspm004_dsp2013_10´ -- 7 of job 9
2020-07-20 00:53:00,750 __iter__: Reading lattice file `/tmp/54772971/lattices/dspm004_dsp2013_20.lat.gz´.
2020-07-20 00:53:00,950 decode: Utterance `dspm004_dsp2013_20´ -- 8 of job 9
2020-07-20 00:53:07,254 __iter__: Reading lattice file `/tmp/54772971/lattices/dspm005_dsp2013_10.lat.gz´.
2020-07-20 00:53:07,596 decode: Utterance `dspm005_dsp2013_10´ -- 9 of job 9
2020-07-20 00:53:17,772 __iter__: Reading lattice file `/tmp/54772971/lattices/dspm005_dsp2013_20.lat.gz´.
2020-07-20 00:53:17,984 decode: Utterance `dspm005_dsp2013_20´ -- 10 of job 9
2020-07-20 00:53:24,660 __iter__: Reading lattice file `/tmp/54772971/lattices/dspm006_dsp2013_10.lat.gz´.
2020-07-20 00:53:24,668 decode: Utterance `dspm006_dsp2013_10´ -- 11 of job 9
2020-07-20 00:53:24,888 __iter__: Reading lattice file `/tmp/54772971/lattices/dspm006_dsp2013_23.lat.gz´.
2020-07-20 00:53:24,894 decode: Utterance `dspm006_dsp2013_23´ -- 12 of job 9
2020-07-20 00:53:25,145 __iter__: Reading lattice file `/tmp/54772971/lattices/dspm007_dsp2013_11.lat.gz´.
2020-07-20 00:53:27,150 decode: Utterance `dspm007_dsp2013_11´ -- 13 of job 9
2020-07-20 00:54:46,778 __iter__: Reading lattice file `/tmp/54772971/lattices/dspm007_dsp2013_21.lat.gz´.
2020-07-20 00:54:46,878 decode: Utterance `dspm007_dsp2013_21´ -- 14 of job 9
2020-07-20 00:54:51,212 __iter__: Reading lattice file `/tmp/54772971/lattices/dspm010_dsp2013_02.lat.gz´.
2020-07-20 00:54:53,174 decode: Utterance `dspm010_dsp2013_02´ -- 15 of job 9
2020-07-20 00:56:03,072 __iter__: Reading lattice file `/tmp/54772971/lattices/dspm010_dsp2013_12.lat.gz´.
2020-07-20 00:56:03,219 decode: Utterance `dspm010_dsp2013_12´ -- 16 of job 9
2020-07-20 00:56:08,108 __iter__: Reading lattice file `/tmp/54772971/lattices/dspm011_dsp2013_02.lat.gz´.
2020-07-20 00:56:08,251 decode: Utterance `dspm011_dsp2013_02´ -- 17 of job 9
2020-07-20 00:56:12,729 __iter__: Reading lattice file `/tmp/54772971/lattices/dspm011_dsp2013_12.lat.gz´.
2020-07-20 00:56:12,815 decode: Utterance `dspm011_dsp2013_12´ -- 18 of job 9
2020-07-20 00:56:16,178 __iter__: Reading lattice file `/tmp/54772971/lattices/dspm011_dsp2013_22.lat.gz´.
2020-07-20 00:56:16,426 decode: Utterance `dspm011_dsp2013_22´ -- 19 of job 9
2020-07-20 00:56:24,911 __iter__: Reading lattice file `/tmp/54772971/lattices/dspm014_dsp2013_11.lat.gz´.
2020-07-20 00:56:25,012 decode: Utterance `dspm014_dsp2013_11´ -- 20 of job 9
2020-07-20 00:56:28,472 __iter__: Reading lattice file `/tmp/54772971/lattices/dspm014_dsp2013_29.lat.gz´.
2020-07-20 00:56:28,557 decode: Utterance `dspm014_dsp2013_29´ -- 21 of job 9
2020-07-20 00:56:32,265 __iter__: Reading lattice file `/tmp/54772971/lattices/dspm015_dsp2013_06.lat.gz´.
2020-07-20 00:56:34,054 decode: Utterance `dspm015_dsp2013_06´ -- 22 of job 9
2020-07-20 00:57:48,908 __iter__: Reading lattice file `/tmp/54772971/lattices/dspm015_dsp2013_16.lat.gz´.
2020-07-20 00:57:48,952 decode: Utterance `dspm015_dsp2013_16´ -- 23 of job 9
2020-07-20 00:57:50,204 __iter__: Reading lattice file `/tmp/54772971/lattices/dspm017_dsp2013_18.lat.gz´.
2020-07-20 00:57:50,307 decode: Utterance `dspm017_dsp2013_18´ -- 24 of job 9
2020-07-20 00:57:56,619 __iter__: Reading lattice file `/tmp/54772971/lattices/dspm017_dsp2013_53.lat.gz´.
2020-07-20 00:57:57,430 decode: Utterance `dspm017_dsp2013_53´ -- 25 of job 9
2020-07-20 00:58:32,198 __iter__: Reading lattice file `/tmp/54772971/lattices/dspm017_dsp2013_91.lat.gz´.
2020-07-20 00:58:32,204 decode: Utterance `dspm017_dsp2013_91´ -- 26 of job 9
2020-07-20 00:58:32,425 __iter__: Reading lattice file `/tmp/54772971/lattices/dspm018_dsp2013_12.lat.gz´.
2020-07-20 00:58:32,459 decode: Utterance `dspm018_dsp2013_12´ -- 27 of job 9
2020-07-20 00:58:33,509 __iter__: Reading lattice file `/tmp/54772971/lattices/dspm018_dsp2013_22.lat.gz´.
2020-07-20 00:58:33,601 decode: Utterance `dspm018_dsp2013_22´ -- 28 of job 9
2020-07-20 00:58:37,706 __iter__: Reading lattice file `/tmp/54772971/lattices/dspm019_dsp2013_10.lat.gz´.
2020-07-20 00:58:37,716 decode: Utterance `dspm019_dsp2013_10´ -- 29 of job 9
2020-07-20 00:58:38,056 __iter__: Reading lattice file `/tmp/54772971/lattices/dspm019_dsp2013_21.lat.gz´.
2020-07-20 00:58:38,149 decode: Utterance `dspm019_dsp2013_21´ -- 30 of job 9
2020-07-20 00:58:42,520 __iter__: Reading lattice file `/tmp/54772971/lattices/dspm021_dsp2013_11.lat.gz´.
2020-07-20 00:58:42,704 decode: Utterance `dspm021_dsp2013_11´ -- 31 of job 9
2020-07-20 00:58:48,874 __iter__: Reading lattice file `/tmp/54772971/lattices/dspm021_dsp2013_21.lat.gz´.
2020-07-20 00:58:49,156 decode: Utterance `dspm021_dsp2013_21´ -- 32 of job 9
2020-07-20 00:58:59,444 __iter__: Reading lattice file `/tmp/54772971/lattices/dspm022_dsp2013_07.lat.gz´.
2020-07-20 00:58:59,482 decode: Utterance `dspm022_dsp2013_07´ -- 33 of job 9
2020-07-20 00:59:00,446 __iter__: Reading lattice file `/tmp/54772971/lattices/dspm022_dsp2013_17.lat.gz´.
2020-07-20 00:59:00,518 decode: Utterance `dspm022_dsp2013_17´ -- 34 of job 9
2020-07-20 00:59:03,210 __iter__: Reading lattice file `/tmp/54772971/lattices/dspm022_dsp2013_27.lat.gz´.
2020-07-20 00:59:03,293 decode: Utterance `dspm022_dsp2013_27´ -- 35 of job 9
2020-07-20 00:59:06,985 __iter__: Reading lattice file `/tmp/54772971/lattices/dspm024_dsp2013_03.lat.gz´.
2020-07-20 00:59:07,277 decode: Utterance `dspm024_dsp2013_03´ -- 36 of job 9
2020-07-20 00:59:13,543 __iter__: Reading lattice file `/tmp/54772971/lattices/dspm024_dsp2013_13.lat.gz´.
2020-07-20 00:59:13,771 decode: Utterance `dspm024_dsp2013_13´ -- 37 of job 9
2020-07-20 00:59:21,623 __iter__: Reading lattice file `/tmp/54772971/lattices/dspm025_dsp2013_07.lat.gz´.
2020-07-20 00:59:21,875 decode: Utterance `dspm025_dsp2013_07´ -- 38 of job 9
2020-07-20 00:59:30,497 __iter__: Reading lattice file `/tmp/54772971/lattices/dspm025_dsp2013_20.lat.gz´.
2020-07-20 00:59:30,511 decode: Utterance `dspm025_dsp2013_20´ -- 39 of job 9
2020-07-20 00:59:30,989 __iter__: Reading lattice file `/tmp/54772971/lattices/dspm026_dsp2013_02.lat.gz´.
2020-07-20 00:59:31,023 decode: Utterance `dspm026_dsp2013_02´ -- 40 of job 9
2020-07-20 00:59:32,932 __iter__: Reading lattice file `/tmp/54772971/lattices/dspm026_dsp2013_12.lat.gz´.
2020-07-20 00:59:32,975 decode: Utterance `dspm026_dsp2013_12´ -- 41 of job 9
2020-07-20 00:59:34,883 __iter__: Reading lattice file `/tmp/54772971/lattices/dspm028_dsp2013_02.lat.gz´.
2020-07-20 00:59:34,988 decode: Utterance `dspm028_dsp2013_02´ -- 42 of job 9
2020-07-20 00:59:39,554 __iter__: Reading lattice file `/tmp/54772971/lattices/dspm028_dsp2013_12.lat.gz´.
2020-07-20 00:59:39,711 decode: Utterance `dspm028_dsp2013_12´ -- 43 of job 9
2020-07-20 00:59:45,833 __iter__: Reading lattice file `/tmp/54772971/lattices/dspm031_dsp2013_02.lat.gz´.
2020-07-20 00:59:45,893 decode: Utterance `dspm031_dsp2013_02´ -- 44 of job 9
2020-07-20 00:59:47,828 __iter__: Reading lattice file `/tmp/54772971/lattices/dspm031_dsp2013_12.lat.gz´.
2020-07-20 00:59:47,954 decode: Utterance `dspm031_dsp2013_12´ -- 45 of job 9
2020-07-20 00:59:53,341 __iter__: Reading lattice file `/tmp/54772971/lattices/dspm031_dsp2013_22.lat.gz´.
2020-07-20 00:59:53,685 decode: Utterance `dspm031_dsp2013_22´ -- 46 of job 9
2020-07-20 01:00:07,058 __iter__: Reading lattice file `/tmp/54772971/lattices/dspm032_dsp2013_07.lat.gz´.
2020-07-20 01:00:07,412 decode: Utterance `dspm032_dsp2013_07´ -- 47 of job 9
2020-07-20 01:00:25,730 __iter__: Reading lattice file `/tmp/54772971/lattices/dspm032_dsp2013_17.lat.gz´.
2020-07-20 01:00:25,757 decode: Utterance `dspm032_dsp2013_17´ -- 48 of job 9
2020-07-20 01:00:26,587 __iter__: Reading lattice file `/tmp/54772971/lattices/dspm033_dsp2013_10.lat.gz´.
2020-07-20 01:00:26,670 decode: Utterance `dspm033_dsp2013_10´ -- 49 of job 9
2020-07-20 01:00:29,564 __iter__: Reading lattice file `/tmp/54772971/lattices/dspm033_dsp2013_40.lat.gz´.
2020-07-20 01:00:30,423 decode: Utterance `dspm033_dsp2013_40´ -- 50 of job 9
2020-07-20 01:00:57,166 __iter__: Reading lattice file `/tmp/54772971/lattices/dspm034_dsp2013_03.lat.gz´.
2020-07-20 01:00:57,242 decode: Utterance `dspm034_dsp2013_03´ -- 51 of job 9
2020-07-20 01:00:59,210 __iter__: Reading lattice file `/tmp/54772971/lattices/dspm034_dsp2013_13.lat.gz´.
2020-07-20 01:00:59,273 decode: Utterance `dspm034_dsp2013_13´ -- 52 of job 9
2020-07-20 01:01:00,833 __iter__: Reading lattice file `/tmp/54772971/lattices/dspm036_dsp2013_26.lat.gz´.
2020-07-20 01:01:01,378 decode: Utterance `dspm036_dsp2013_26´ -- 53 of job 9
2020-07-20 01:01:25,808 __iter__: Reading lattice file `/tmp/54772971/lattices/dspm036_dsp2013_37.lat.gz´.
2020-07-20 01:01:26,203 decode: Utterance `dspm036_dsp2013_37´ -- 54 of job 9
2020-07-20 01:01:45,170 __iter__: Reading lattice file `/tmp/54772971/lattices/dspm039_dsp2013_04.lat.gz´.
2020-07-20 01:01:45,192 decode: Utterance `dspm039_dsp2013_04´ -- 55 of job 9
2020-07-20 01:01:46,214 __iter__: Reading lattice file `/tmp/54772971/lattices/dspm039_dsp2013_16.lat.gz´.
2020-07-20 01:01:46,300 decode: Utterance `dspm039_dsp2013_16´ -- 56 of job 9
2020-07-20 01:01:50,480 __iter__: Reading lattice file `/tmp/54772971/lattices/dspm039_dsp2013_26.lat.gz´.
2020-07-20 01:01:50,630 decode: Utterance `dspm039_dsp2013_26´ -- 57 of job 9
2020-07-20 01:01:57,976 __iter__: Reading lattice file `/tmp/54772971/lattices/dspm040_dsp2013_09.lat.gz´.
2020-07-20 01:01:57,978 decode: Utterance `dspm040_dsp2013_09´ -- 58 of job 9
2020-07-20 01:01:58,072 __iter__: Reading lattice file `/tmp/54772971/lattices/dspm040_dsp2013_19.lat.gz´.
2020-07-20 01:01:58,798 decode: Utterance `dspm040_dsp2013_19´ -- 59 of job 9
2020-07-20 01:02:18,786 __iter__: Reading lattice file `/tmp/54772971/lattices/dspm042_dsp2013_10.lat.gz´.
2020-07-20 01:02:18,794 decode: Utterance `dspm042_dsp2013_10´ -- 60 of job 9
2020-07-20 01:02:19,030 __iter__: Reading lattice file `/tmp/54772971/lattices/dspm042_dsp2013_21.lat.gz´.
2020-07-20 01:02:19,038 decode: Utterance `dspm042_dsp2013_21´ -- 61 of job 9
2020-07-20 01:02:19,352 __iter__: Reading lattice file `/tmp/54772971/lattices/dspm043_dsp2013_14.lat.gz´.
2020-07-20 01:02:19,415 decode: Utterance `dspm043_dsp2013_14´ -- 62 of job 9
2020-07-20 01:02:22,812 __iter__: Reading lattice file `/tmp/54772971/lattices/dspm043_dsp2013_28.lat.gz´.
2020-07-20 01:02:22,832 decode: Utterance `dspm043_dsp2013_28´ -- 63 of job 9
2020-07-20 01:02:23,439 __iter__: Reading lattice file `/tmp/54772971/lattices/dspm045_dsp2013_04.lat.gz´.
2020-07-20 01:02:23,665 decode: Utterance `dspm045_dsp2013_04´ -- 64 of job 9
2020-07-20 01:02:31,281 __iter__: Reading lattice file `/tmp/54772971/lattices/dspm045_dsp2013_14.lat.gz´.
2020-07-20 01:02:31,580 decode: Utterance `dspm045_dsp2013_14´ -- 65 of job 9
2020-07-20 01:02:40,101 __iter__: Reading lattice file `/tmp/54772971/lattices/dspm047_dsp2013_04.lat.gz´.
2020-07-20 01:02:40,146 decode: Utterance `dspm047_dsp2013_04´ -- 66 of job 9
2020-07-20 01:02:41,935 __iter__: Reading lattice file `/tmp/54772971/lattices/dspm047_dsp2013_14.lat.gz´.
2020-07-20 01:02:42,319 decode: Utterance `dspm047_dsp2013_14´ -- 67 of job 9
2020-07-20 01:02:52,893 __iter__: Reading lattice file `/tmp/54772971/lattices/dspm048_dsp2013_04.lat.gz´.
2020-07-20 01:02:52,914 decode: Utterance `dspm048_dsp2013_04´ -- 68 of job 9
2020-07-20 01:02:53,700 __iter__: Reading lattice file `/tmp/54772971/lattices/dspm048_dsp2013_14.lat.gz´.
2020-07-20 01:02:53,731 decode: Utterance `dspm048_dsp2013_14´ -- 69 of job 9
2020-07-20 01:02:54,590 __iter__: Reading lattice file `/tmp/54772971/lattices/dspm049_dsp2013_03.lat.gz´.
2020-07-20 01:02:55,143 decode: Utterance `dspm049_dsp2013_03´ -- 70 of job 9
2020-07-20 01:03:15,766 __iter__: Reading lattice file `/tmp/54772971/lattices/dspm049_dsp2013_13.lat.gz´.
2020-07-20 01:03:17,322 decode: Utterance `dspm049_dsp2013_13´ -- 71 of job 9
2020-07-20 01:04:15,072 __iter__: Reading lattice file `/tmp/54772971/lattices/dspm050_dsp2013_08.lat.gz´.
2020-07-20 01:04:15,187 decode: Utterance `dspm050_dsp2013_08´ -- 72 of job 9
2020-07-20 01:04:20,241 __iter__: Reading lattice file `/tmp/54772971/lattices/dspm050_dsp2013_22.lat.gz´.
2020-07-20 01:04:20,305 decode: Utterance `dspm050_dsp2013_22´ -- 73 of job 9
2020-07-20 01:04:22,404 __iter__: Reading lattice file `/tmp/54772971/lattices/dspm052_dsp2013_01.lat.gz´.
2020-07-20 01:04:22,729 decode: Utterance `dspm052_dsp2013_01´ -- 74 of job 9
2020-07-20 01:04:33,671 __iter__: Reading lattice file `/tmp/54772971/lattices/dspm052_dsp2013_11.lat.gz´.
2020-07-20 01:04:33,729 decode: Utterance `dspm052_dsp2013_11´ -- 75 of job 9
2020-07-20 01:04:35,598 __iter__: Reading lattice file `/tmp/54772971/lattices/dspm054_dsp2013_01.lat.gz´.
2020-07-20 01:04:35,880 decode: Utterance `dspm054_dsp2013_01´ -- 76 of job 9
2020-07-20 01:04:46,708 __iter__: Reading lattice file `/tmp/54772971/lattices/dspm054_dsp2013_13.lat.gz´.
2020-07-20 01:04:47,402 decode: Utterance `dspm054_dsp2013_13´ -- 77 of job 9
2020-07-20 01:05:16,585 __iter__: Reading lattice file `/tmp/54772971/lattices/dspm054_dsp2013_23.lat.gz´.
2020-07-20 01:05:16,662 decode: Utterance `dspm054_dsp2013_23´ -- 78 of job 9
2020-07-20 01:05:20,134 __iter__: Reading lattice file `/tmp/54772971/lattices/dspm055_dsp2013_10.lat.gz´.
2020-07-20 01:05:20,173 decode: Utterance `dspm055_dsp2013_10´ -- 79 of job 9
2020-07-20 01:05:21,287 __iter__: Reading lattice file `/tmp/54772971/lattices/dspm055_dsp2013_20.lat.gz´.
2020-07-20 01:05:21,297 decode: Utterance `dspm055_dsp2013_20´ -- 80 of job 9
2020-07-20 01:05:21,620 __iter__: Reading lattice file `/tmp/54772971/lattices/dspm056_dsp2013_10.lat.gz´.
2020-07-20 01:05:21,638 decode: Utterance `dspm056_dsp2013_10´ -- 81 of job 9
2020-07-20 01:05:22,170 __iter__: Reading lattice file `/tmp/54772971/lattices/dspm056_dsp2013_20.lat.gz´.
2020-07-20 01:05:22,184 decode: Utterance `dspm056_dsp2013_20´ -- 82 of job 9
2020-07-20 01:05:22,670 __iter__: Reading lattice file `/tmp/54772971/lattices/dspm057_dsp2013_10.lat.gz´.
2020-07-20 01:05:23,641 decode: Utterance `dspm057_dsp2013_10´ -- 83 of job 9
2020-07-20 01:06:22,547 __iter__: Reading lattice file `/tmp/54772971/lattices/dspm057_dsp2013_20.lat.gz´.
2020-07-20 01:06:22,792 decode: Utterance `dspm057_dsp2013_20´ -- 84 of job 9
2020-07-20 01:06:31,513 __iter__: Reading lattice file `/tmp/54772971/lattices/dspm058_dsp2013_11.lat.gz´.
2020-07-20 01:06:31,644 decode: Utterance `dspm058_dsp2013_11´ -- 85 of job 9
2020-07-20 01:06:35,842 __iter__: Reading lattice file `/tmp/54772971/lattices/dspm058_dsp2013_22.lat.gz´.
2020-07-20 01:06:35,933 decode: Utterance `dspm058_dsp2013_22´ -- 86 of job 9
2020-07-20 01:06:39,907 __iter__: Reading lattice file `/tmp/54772971/lattices/radioanne_fym20071218_28.lat.gz´.
2020-07-20 01:06:39,943 decode: Utterance `radioanne_fym20071218_28´ -- 87 of job 9
2020-07-20 01:06:41,006 __iter__: Reading lattice file `/tmp/54772971/lattices/radiojake_kbk20120915_14.lat.gz´.
2020-07-20 01:06:41,020 decode: Utterance `radiojake_kbk20120915_14´ -- 88 of job 9
2020-07-20 01:06:41,429 __iter__: Reading lattice file `/tmp/54772971/lattices/radiojake_kbk20120915_39.lat.gz´.
2020-07-20 01:06:41,434 decode: Utterance `radiojake_kbk20120915_39´ -- 89 of job 9
2020-07-20 01:06:41,569 __iter__: Reading lattice file `/tmp/54772971/lattices/radiojake_kbk20120915_65.lat.gz´.
2020-07-20 01:06:41,631 decode: Utterance `radiojake_kbk20120915_65´ -- 90 of job 9
2020-07-20 01:06:43,737 __iter__: Reading lattice file `/tmp/54772971/lattices/radiojake_kbk20120915_94.lat.gz´.
2020-07-20 01:06:43,778 decode: Utterance `radiojake_kbk20120915_94´ -- 91 of job 9
2020-07-20 01:06:45,727 __iter__: Reading lattice file `/tmp/54772971/lattices/radiokassu_kbk20120915_48.lat.gz´.
2020-07-20 01:06:45,957 decode: Utterance `radiokassu_kbk20120915_48´ -- 92 of job 9
2020-07-20 01:06:53,477 __iter__: Reading lattice file `/tmp/54772971/lattices/radiokassu_kbk20120915_72.lat.gz´.
2020-07-20 01:06:53,535 decode: Utterance `radiokassu_kbk20120915_72´ -- 93 of job 9
2020-07-20 01:06:54,946 __iter__: Reading lattice file `/tmp/54772971/lattices/radionoona_fym20071218_27.lat.gz´.
2020-07-20 01:06:54,973 decode: Utterance `radionoona_fym20071218_27´ -- 94 of job 9
2020-07-20 01:06:55,693 __iter__: Reading lattice file `/tmp/54772971/lattices/radioshaka_kbk20120915_102.lat.gz´.
2020-07-20 01:06:55,986 decode: Utterance `radioshaka_kbk20120915_102´ -- 95 of job 9
2020-07-20 01:07:13,377 __iter__: Reading lattice file `/tmp/54772971/lattices/radioshaka_kbk20120915_22.lat.gz´.
2020-07-20 01:07:13,905 decode: Utterance `radioshaka_kbk20120915_22´ -- 96 of job 9
2020-07-20 01:07:32,497 __iter__: Reading lattice file `/tmp/54772971/lattices/radioshaka_kbk20120915_42.lat.gz´.
2020-07-20 01:07:32,510 decode: Utterance `radioshaka_kbk20120915_42´ -- 97 of job 9
2020-07-20 01:07:32,777 __iter__: Reading lattice file `/tmp/54772971/lattices/radioshaka_kbk20120915_77.lat.gz´.
2020-07-20 01:07:32,803 decode: Utterance `radioshaka_kbk20120915_77´ -- 98 of job 9
/scratch/work/groszt1/envs/theanoLM/lib/python3.7/site-packages/theano/gpuarray/dnn.py:184: UserWarning: Your cuDNN version is more recent than Theano. If you encounter problems, try updating Theano or downgrading cuDNN to a version >= v5 and <= v7.
  warnings.warn("Your cuDNN version is more recent than "
Using cuDNN version 7600 on context None
Mapped name None to device cuda0: Tesla V100-PCIE-32GB (0000:18:00.0)
/scratch/work/groszt1/envs/theanoLM/lib/python3.7/site-packages/h5py-2.9.0-py3.7-linux-x86_64.egg/h5py/_hl/dataset.py:313: H5pyDeprecationWarning: dataset.value has been deprecated. Use dataset[()] instead.
  "Use dataset[()] instead.", H5pyDeprecationWarning)
/scratch/work/groszt1/envs/theanoLM/lib/python3.7/site-packages/h5py-2.9.0-py3.7-linux-x86_64.egg/h5py/_hl/dataset.py:313: H5pyDeprecationWarning: dataset.value has been deprecated. Use dataset[()] instead.
  "Use dataset[()] instead.", H5pyDeprecationWarning)
decode_theanolm finished.
