EXPT_NAME theanolm-100k
EXPT_PARAMS expt10
EXPT_WORK_DIR /scratch/work/moisioa3/conv_lm/experiments/theanolm-100k/expt10
Experiment: theanolm-100k/expt10
Job ID: 55030163
Task ID: 67
Host: gpu1.int.triton.aalto.fi
Start date: Fri Aug  7 14:00:03 EEST 2020
Work directory: /scratch/work/moisioa3/conv_lm/experiments/theanolm-100k/expt10
Temporary directory: /tmp/55030163

Currently Loaded Modules:
  1) speech-scripts/2016.05.24-b928230   6) binutils/2.25-GCCcore-5.4.0
  2) srilm/default                       7) GCC/5.4.0-2.25
  3) cuda/10.0.130                       8) libgpuarray/2017.03.29-45c731f
  4) cudnn/7.4.2-cuda                    9) anaconda3/latest
  5) GCCcore/5.4.0

 

/tmp/55030163/lattices
floatX=float32,device=cuda0,base_compiledir=/tmp/theano,exception_verbosity=high,openmp=False
/scratch/work/groszt1/envs/theanoLM/lib/python3.7/site-packages/theano/gpuarray/dnn.py:184: UserWarning: Your cuDNN version is more recent than Theano. If you encounter problems, try updating Theano or downgrading cuDNN to a version >= v5 and <= v7.
  warnings.warn("Your cuDNN version is more recent than "
Using cuDNN version 7600 on context None
Mapped name None to device cuda0: Tesla V100-PCIE-32GB (0000:AF:00.0)
TheanoLM 1.3.2
Theano 1.0.4
pygpu 0.7.6
==
+ srun --gres=gpu:1 theanolm decode /scratch/work/moisioa3/conv_lm/experiments/theanolm-100k/expt10/nnlm.h5 --lattice-list /tmp/55030163/lattices/lattice-list --output-file /scratch/work/moisioa3/conv_lm/experiments/theanolm-100k/expt10/decode/devel/lambda=1-lms=8/67.trn --output trn --nnlm-weight 1 --lm-scale 8 --max-tokens-per-node 62 --beam 650 --recombination-order 22 --num-jobs 128 --job 67 --shortlist --unk-penalty=-20
2020-08-07 14:00:14,138 get_default_device: Context None device="Tesla V100-PCIE-32GB" ID="0000:AF:00.0"
2020-08-07 14:00:14,139 from_file: Reading vocabulary from network state.
2020-08-07 14:00:16,688 from_file: Number of words in vocabulary: 2427252
2020-08-07 14:00:16,688 from_file: Number of words in shortlist: 100003
2020-08-07 14:00:16,688 from_file: Number of word classes: 100003
2020-08-07 14:00:16,688 from_file: Building neural network.
2020-08-07 14:00:51,343 from_file: Restoring neural network state.
2020-08-07 14:00:52,102 decode: Building word lattice decoder.
2020-08-07 14:00:56,198 __iter__: Reading lattice file `/tmp/55030163/lattices/dspm004_dsp2013_08.lat.gz´.
2020-08-07 14:00:56,809 decode: Utterance `dspm004_dsp2013_08´ -- 1 of job 67
2020-08-07 14:01:16,502 __iter__: Reading lattice file `/tmp/55030163/lattices/dspm014_dsp2013_02.lat.gz´.
2020-08-07 14:01:16,890 decode: Utterance `dspm014_dsp2013_02´ -- 2 of job 67
2020-08-07 14:01:29,896 __iter__: Reading lattice file `/tmp/55030163/lattices/dspm022_dsp2013_01.lat.gz´.
2020-08-07 14:01:29,944 decode: Utterance `dspm022_dsp2013_01´ -- 3 of job 67
2020-08-07 14:01:31,470 __iter__: Reading lattice file `/tmp/55030163/lattices/dspm031_dsp2013_14.lat.gz´.
2020-08-07 14:01:31,523 decode: Utterance `dspm031_dsp2013_14´ -- 4 of job 67
2020-08-07 14:01:33,527 __iter__: Reading lattice file `/tmp/55030163/lattices/dspm040_dsp2013_09.lat.gz´.
2020-08-07 14:01:33,529 decode: Utterance `dspm040_dsp2013_09´ -- 5 of job 67
2020-08-07 14:01:33,622 __iter__: Reading lattice file `/tmp/55030163/lattices/dspm049_dsp2013_11.lat.gz´.
2020-08-07 14:01:35,483 decode: Utterance `dspm049_dsp2013_11´ -- 6 of job 67
2020-08-07 14:02:31,033 __iter__: Reading lattice file `/tmp/55030163/lattices/dspm057_dsp2013_16.lat.gz´.
2020-08-07 14:02:31,037 decode: Utterance `dspm057_dsp2013_16´ -- 7 of job 67
2020-08-07 14:02:31,219 __iter__: Reading lattice file `/tmp/55030163/lattices/radioshaka_kbk20120915_30.lat.gz´.
2020-08-07 14:02:31,777 decode: Utterance `radioshaka_kbk20120915_30´ -- 8 of job 67
/scratch/work/groszt1/envs/theanoLM/lib/python3.7/site-packages/theano/gpuarray/dnn.py:184: UserWarning: Your cuDNN version is more recent than Theano. If you encounter problems, try updating Theano or downgrading cuDNN to a version >= v5 and <= v7.
  warnings.warn("Your cuDNN version is more recent than "
Using cuDNN version 7600 on context None
Mapped name None to device cuda0: Tesla V100-PCIE-32GB (0000:AF:00.0)
/scratch/work/groszt1/envs/theanoLM/lib/python3.7/site-packages/h5py-2.9.0-py3.7-linux-x86_64.egg/h5py/_hl/dataset.py:313: H5pyDeprecationWarning: dataset.value has been deprecated. Use dataset[()] instead.
  "Use dataset[()] instead.", H5pyDeprecationWarning)
/scratch/work/groszt1/envs/theanoLM/lib/python3.7/site-packages/h5py-2.9.0-py3.7-linux-x86_64.egg/h5py/_hl/dataset.py:313: H5pyDeprecationWarning: dataset.value has been deprecated. Use dataset[()] instead.
  "Use dataset[()] instead.", H5pyDeprecationWarning)
decode_theanolm finished.
/tmp/55030163/lattices
floatX=float32,device=cuda0,base_compiledir=/tmp/theano,exception_verbosity=high,openmp=False
/scratch/work/groszt1/envs/theanoLM/lib/python3.7/site-packages/theano/gpuarray/dnn.py:184: UserWarning: Your cuDNN version is more recent than Theano. If you encounter problems, try updating Theano or downgrading cuDNN to a version >= v5 and <= v7.
  warnings.warn("Your cuDNN version is more recent than "
Using cuDNN version 7600 on context None
Mapped name None to device cuda0: Tesla V100-PCIE-32GB (0000:AF:00.0)
TheanoLM 1.3.2
Theano 1.0.4
pygpu 0.7.6
==
+ srun --gres=gpu:1 theanolm decode /scratch/work/moisioa3/conv_lm/experiments/theanolm-100k/expt10/nnlm.h5 --lattice-list /tmp/55030163/lattices/lattice-list --output-file /scratch/work/moisioa3/conv_lm/experiments/theanolm-100k/expt10/decode/devel/lambda=1-lms=9/67.trn --output trn --nnlm-weight 1 --lm-scale 9 --max-tokens-per-node 62 --beam 650 --recombination-order 22 --num-jobs 128 --job 67 --shortlist --unk-penalty=-20
2020-08-07 14:02:57,811 get_default_device: Context None device="Tesla V100-PCIE-32GB" ID="0000:AF:00.0"
2020-08-07 14:02:57,812 from_file: Reading vocabulary from network state.
2020-08-07 14:03:00,405 from_file: Number of words in vocabulary: 2427252
2020-08-07 14:03:00,405 from_file: Number of words in shortlist: 100003
2020-08-07 14:03:00,405 from_file: Number of word classes: 100003
2020-08-07 14:03:00,405 from_file: Building neural network.
2020-08-07 14:03:35,526 from_file: Restoring neural network state.
2020-08-07 14:03:36,290 decode: Building word lattice decoder.
2020-08-07 14:03:40,528 __iter__: Reading lattice file `/tmp/55030163/lattices/dspm004_dsp2013_08.lat.gz´.
2020-08-07 14:03:41,051 decode: Utterance `dspm004_dsp2013_08´ -- 1 of job 67
2020-08-07 14:04:00,911 __iter__: Reading lattice file `/tmp/55030163/lattices/dspm014_dsp2013_02.lat.gz´.
2020-08-07 14:04:01,299 decode: Utterance `dspm014_dsp2013_02´ -- 2 of job 67
2020-08-07 14:04:14,177 __iter__: Reading lattice file `/tmp/55030163/lattices/dspm022_dsp2013_01.lat.gz´.
2020-08-07 14:04:14,226 decode: Utterance `dspm022_dsp2013_01´ -- 3 of job 67
2020-08-07 14:04:15,728 __iter__: Reading lattice file `/tmp/55030163/lattices/dspm031_dsp2013_14.lat.gz´.
2020-08-07 14:04:15,782 decode: Utterance `dspm031_dsp2013_14´ -- 4 of job 67
2020-08-07 14:04:17,777 __iter__: Reading lattice file `/tmp/55030163/lattices/dspm040_dsp2013_09.lat.gz´.
2020-08-07 14:04:17,779 decode: Utterance `dspm040_dsp2013_09´ -- 5 of job 67
2020-08-07 14:04:17,861 __iter__: Reading lattice file `/tmp/55030163/lattices/dspm049_dsp2013_11.lat.gz´.
2020-08-07 14:04:19,755 decode: Utterance `dspm049_dsp2013_11´ -- 6 of job 67
2020-08-07 14:05:15,897 __iter__: Reading lattice file `/tmp/55030163/lattices/dspm057_dsp2013_16.lat.gz´.
2020-08-07 14:05:15,901 decode: Utterance `dspm057_dsp2013_16´ -- 7 of job 67
2020-08-07 14:05:16,079 __iter__: Reading lattice file `/tmp/55030163/lattices/radioshaka_kbk20120915_30.lat.gz´.
2020-08-07 14:05:16,633 decode: Utterance `radioshaka_kbk20120915_30´ -- 8 of job 67
/scratch/work/groszt1/envs/theanoLM/lib/python3.7/site-packages/theano/gpuarray/dnn.py:184: UserWarning: Your cuDNN version is more recent than Theano. If you encounter problems, try updating Theano or downgrading cuDNN to a version >= v5 and <= v7.
  warnings.warn("Your cuDNN version is more recent than "
Using cuDNN version 7600 on context None
Mapped name None to device cuda0: Tesla V100-PCIE-32GB (0000:AF:00.0)
/scratch/work/groszt1/envs/theanoLM/lib/python3.7/site-packages/h5py-2.9.0-py3.7-linux-x86_64.egg/h5py/_hl/dataset.py:313: H5pyDeprecationWarning: dataset.value has been deprecated. Use dataset[()] instead.
  "Use dataset[()] instead.", H5pyDeprecationWarning)
/scratch/work/groszt1/envs/theanoLM/lib/python3.7/site-packages/h5py-2.9.0-py3.7-linux-x86_64.egg/h5py/_hl/dataset.py:313: H5pyDeprecationWarning: dataset.value has been deprecated. Use dataset[()] instead.
  "Use dataset[()] instead.", H5pyDeprecationWarning)
decode_theanolm finished.
/tmp/55030163/lattices
floatX=float32,device=cuda0,base_compiledir=/tmp/theano,exception_verbosity=high,openmp=False
/scratch/work/groszt1/envs/theanoLM/lib/python3.7/site-packages/theano/gpuarray/dnn.py:184: UserWarning: Your cuDNN version is more recent than Theano. If you encounter problems, try updating Theano or downgrading cuDNN to a version >= v5 and <= v7.
  warnings.warn("Your cuDNN version is more recent than "
Using cuDNN version 7600 on context None
Mapped name None to device cuda0: Tesla V100-PCIE-32GB (0000:AF:00.0)
TheanoLM 1.3.2
Theano 1.0.4
pygpu 0.7.6
==
+ srun --gres=gpu:1 theanolm decode /scratch/work/moisioa3/conv_lm/experiments/theanolm-100k/expt10/nnlm.h5 --lattice-list /tmp/55030163/lattices/lattice-list --output-file /scratch/work/moisioa3/conv_lm/experiments/theanolm-100k/expt10/decode/devel/lambda=1-lms=10/67.trn --output trn --nnlm-weight 1 --lm-scale 10 --max-tokens-per-node 62 --beam 650 --recombination-order 22 --num-jobs 128 --job 67 --shortlist --unk-penalty=-20
2020-08-07 14:05:52,093 get_default_device: Context None device="Tesla V100-PCIE-32GB" ID="0000:AF:00.0"
2020-08-07 14:05:52,094 from_file: Reading vocabulary from network state.
2020-08-07 14:05:54,622 from_file: Number of words in vocabulary: 2427252
2020-08-07 14:05:54,623 from_file: Number of words in shortlist: 100003
2020-08-07 14:05:54,623 from_file: Number of word classes: 100003
2020-08-07 14:05:54,623 from_file: Building neural network.
2020-08-07 14:06:29,628 from_file: Restoring neural network state.
2020-08-07 14:06:30,417 decode: Building word lattice decoder.
2020-08-07 14:06:34,693 __iter__: Reading lattice file `/tmp/55030163/lattices/dspm004_dsp2013_08.lat.gz´.
2020-08-07 14:06:35,226 decode: Utterance `dspm004_dsp2013_08´ -- 1 of job 67
2020-08-07 14:06:54,952 __iter__: Reading lattice file `/tmp/55030163/lattices/dspm014_dsp2013_02.lat.gz´.
2020-08-07 14:06:55,349 decode: Utterance `dspm014_dsp2013_02´ -- 2 of job 67
2020-08-07 14:07:08,146 __iter__: Reading lattice file `/tmp/55030163/lattices/dspm022_dsp2013_01.lat.gz´.
2020-08-07 14:07:08,195 decode: Utterance `dspm022_dsp2013_01´ -- 3 of job 67
2020-08-07 14:07:09,686 __iter__: Reading lattice file `/tmp/55030163/lattices/dspm031_dsp2013_14.lat.gz´.
2020-08-07 14:07:09,741 decode: Utterance `dspm031_dsp2013_14´ -- 4 of job 67
2020-08-07 14:07:11,720 __iter__: Reading lattice file `/tmp/55030163/lattices/dspm040_dsp2013_09.lat.gz´.
2020-08-07 14:07:11,723 decode: Utterance `dspm040_dsp2013_09´ -- 5 of job 67
2020-08-07 14:07:11,805 __iter__: Reading lattice file `/tmp/55030163/lattices/dspm049_dsp2013_11.lat.gz´.
2020-08-07 14:07:13,683 decode: Utterance `dspm049_dsp2013_11´ -- 6 of job 67
2020-08-07 14:08:10,178 __iter__: Reading lattice file `/tmp/55030163/lattices/dspm057_dsp2013_16.lat.gz´.
2020-08-07 14:08:10,183 decode: Utterance `dspm057_dsp2013_16´ -- 7 of job 67
2020-08-07 14:08:10,357 __iter__: Reading lattice file `/tmp/55030163/lattices/radioshaka_kbk20120915_30.lat.gz´.
2020-08-07 14:08:10,923 decode: Utterance `radioshaka_kbk20120915_30´ -- 8 of job 67
/scratch/work/groszt1/envs/theanoLM/lib/python3.7/site-packages/theano/gpuarray/dnn.py:184: UserWarning: Your cuDNN version is more recent than Theano. If you encounter problems, try updating Theano or downgrading cuDNN to a version >= v5 and <= v7.
  warnings.warn("Your cuDNN version is more recent than "
Using cuDNN version 7600 on context None
Mapped name None to device cuda0: Tesla V100-PCIE-32GB (0000:AF:00.0)
/scratch/work/groszt1/envs/theanoLM/lib/python3.7/site-packages/h5py-2.9.0-py3.7-linux-x86_64.egg/h5py/_hl/dataset.py:313: H5pyDeprecationWarning: dataset.value has been deprecated. Use dataset[()] instead.
  "Use dataset[()] instead.", H5pyDeprecationWarning)
/scratch/work/groszt1/envs/theanoLM/lib/python3.7/site-packages/h5py-2.9.0-py3.7-linux-x86_64.egg/h5py/_hl/dataset.py:313: H5pyDeprecationWarning: dataset.value has been deprecated. Use dataset[()] instead.
  "Use dataset[()] instead.", H5pyDeprecationWarning)
decode_theanolm finished.
/tmp/55030163/lattices
floatX=float32,device=cuda0,base_compiledir=/tmp/theano,exception_verbosity=high,openmp=False
/scratch/work/groszt1/envs/theanoLM/lib/python3.7/site-packages/theano/gpuarray/dnn.py:184: UserWarning: Your cuDNN version is more recent than Theano. If you encounter problems, try updating Theano or downgrading cuDNN to a version >= v5 and <= v7.
  warnings.warn("Your cuDNN version is more recent than "
Using cuDNN version 7600 on context None
Mapped name None to device cuda0: Tesla V100-PCIE-32GB (0000:AF:00.0)
TheanoLM 1.3.2
Theano 1.0.4
pygpu 0.7.6
==
+ srun --gres=gpu:1 theanolm decode /scratch/work/moisioa3/conv_lm/experiments/theanolm-100k/expt10/nnlm.h5 --lattice-list /tmp/55030163/lattices/lattice-list --output-file /scratch/work/moisioa3/conv_lm/experiments/theanolm-100k/expt10/decode/devel/lambda=0.5-lms=8/67.trn --output trn --nnlm-weight 0.5 --lm-scale 8 --max-tokens-per-node 62 --beam 650 --recombination-order 22 --num-jobs 128 --job 67 --shortlist --unk-penalty=-20
2020-08-07 14:08:36,651 get_default_device: Context None device="Tesla V100-PCIE-32GB" ID="0000:AF:00.0"
2020-08-07 14:08:36,652 from_file: Reading vocabulary from network state.
2020-08-07 14:08:39,354 from_file: Number of words in vocabulary: 2427252
2020-08-07 14:08:39,354 from_file: Number of words in shortlist: 100003
2020-08-07 14:08:39,354 from_file: Number of word classes: 100003
2020-08-07 14:08:39,354 from_file: Building neural network.
2020-08-07 14:09:13,703 from_file: Restoring neural network state.
2020-08-07 14:09:14,479 decode: Building word lattice decoder.
2020-08-07 14:09:18,809 __iter__: Reading lattice file `/tmp/55030163/lattices/dspm004_dsp2013_08.lat.gz´.
2020-08-07 14:09:19,335 decode: Utterance `dspm004_dsp2013_08´ -- 1 of job 67
2020-08-07 14:09:42,459 __iter__: Reading lattice file `/tmp/55030163/lattices/dspm014_dsp2013_02.lat.gz´.
2020-08-07 14:09:42,853 decode: Utterance `dspm014_dsp2013_02´ -- 2 of job 67
2020-08-07 14:09:57,399 __iter__: Reading lattice file `/tmp/55030163/lattices/dspm022_dsp2013_01.lat.gz´.
2020-08-07 14:09:57,449 decode: Utterance `dspm022_dsp2013_01´ -- 3 of job 67
2020-08-07 14:09:58,993 __iter__: Reading lattice file `/tmp/55030163/lattices/dspm031_dsp2013_14.lat.gz´.
2020-08-07 14:09:59,047 decode: Utterance `dspm031_dsp2013_14´ -- 4 of job 67
2020-08-07 14:10:01,054 __iter__: Reading lattice file `/tmp/55030163/lattices/dspm040_dsp2013_09.lat.gz´.
2020-08-07 14:10:01,057 decode: Utterance `dspm040_dsp2013_09´ -- 5 of job 67
2020-08-07 14:10:01,141 __iter__: Reading lattice file `/tmp/55030163/lattices/dspm049_dsp2013_11.lat.gz´.
2020-08-07 14:10:02,985 decode: Utterance `dspm049_dsp2013_11´ -- 6 of job 67
2020-08-07 14:11:00,058 __iter__: Reading lattice file `/tmp/55030163/lattices/dspm057_dsp2013_16.lat.gz´.
2020-08-07 14:11:00,062 decode: Utterance `dspm057_dsp2013_16´ -- 7 of job 67
2020-08-07 14:11:00,229 __iter__: Reading lattice file `/tmp/55030163/lattices/radioshaka_kbk20120915_30.lat.gz´.
2020-08-07 14:11:00,780 decode: Utterance `radioshaka_kbk20120915_30´ -- 8 of job 67
/scratch/work/groszt1/envs/theanoLM/lib/python3.7/site-packages/theano/gpuarray/dnn.py:184: UserWarning: Your cuDNN version is more recent than Theano. If you encounter problems, try updating Theano or downgrading cuDNN to a version >= v5 and <= v7.
  warnings.warn("Your cuDNN version is more recent than "
Using cuDNN version 7600 on context None
Mapped name None to device cuda0: Tesla V100-PCIE-32GB (0000:AF:00.0)
/scratch/work/groszt1/envs/theanoLM/lib/python3.7/site-packages/h5py-2.9.0-py3.7-linux-x86_64.egg/h5py/_hl/dataset.py:313: H5pyDeprecationWarning: dataset.value has been deprecated. Use dataset[()] instead.
  "Use dataset[()] instead.", H5pyDeprecationWarning)
/scratch/work/groszt1/envs/theanoLM/lib/python3.7/site-packages/h5py-2.9.0-py3.7-linux-x86_64.egg/h5py/_hl/dataset.py:313: H5pyDeprecationWarning: dataset.value has been deprecated. Use dataset[()] instead.
  "Use dataset[()] instead.", H5pyDeprecationWarning)
decode_theanolm finished.
/tmp/55030163/lattices
floatX=float32,device=cuda0,base_compiledir=/tmp/theano,exception_verbosity=high,openmp=False
/scratch/work/groszt1/envs/theanoLM/lib/python3.7/site-packages/theano/gpuarray/dnn.py:184: UserWarning: Your cuDNN version is more recent than Theano. If you encounter problems, try updating Theano or downgrading cuDNN to a version >= v5 and <= v7.
  warnings.warn("Your cuDNN version is more recent than "
Using cuDNN version 7600 on context None
Mapped name None to device cuda0: Tesla V100-PCIE-32GB (0000:AF:00.0)
TheanoLM 1.3.2
Theano 1.0.4
pygpu 0.7.6
==
+ srun --gres=gpu:1 theanolm decode /scratch/work/moisioa3/conv_lm/experiments/theanolm-100k/expt10/nnlm.h5 --lattice-list /tmp/55030163/lattices/lattice-list --output-file /scratch/work/moisioa3/conv_lm/experiments/theanolm-100k/expt10/decode/devel/lambda=0.5-lms=9/67.trn --output trn --nnlm-weight 0.5 --lm-scale 9 --max-tokens-per-node 62 --beam 650 --recombination-order 22 --num-jobs 128 --job 67 --shortlist --unk-penalty=-20
2020-08-07 14:11:28,150 get_default_device: Context None device="Tesla V100-PCIE-32GB" ID="0000:AF:00.0"
2020-08-07 14:11:28,152 from_file: Reading vocabulary from network state.
2020-08-07 14:11:30,679 from_file: Number of words in vocabulary: 2427252
2020-08-07 14:11:30,680 from_file: Number of words in shortlist: 100003
2020-08-07 14:11:30,680 from_file: Number of word classes: 100003
2020-08-07 14:11:30,680 from_file: Building neural network.
2020-08-07 14:12:05,199 from_file: Restoring neural network state.
2020-08-07 14:12:05,972 decode: Building word lattice decoder.
2020-08-07 14:12:10,244 __iter__: Reading lattice file `/tmp/55030163/lattices/dspm004_dsp2013_08.lat.gz´.
2020-08-07 14:12:10,760 decode: Utterance `dspm004_dsp2013_08´ -- 1 of job 67
2020-08-07 14:12:34,362 __iter__: Reading lattice file `/tmp/55030163/lattices/dspm014_dsp2013_02.lat.gz´.
2020-08-07 14:12:34,745 decode: Utterance `dspm014_dsp2013_02´ -- 2 of job 67
2020-08-07 14:12:49,321 __iter__: Reading lattice file `/tmp/55030163/lattices/dspm022_dsp2013_01.lat.gz´.
2020-08-07 14:12:49,369 decode: Utterance `dspm022_dsp2013_01´ -- 3 of job 67
2020-08-07 14:12:50,901 __iter__: Reading lattice file `/tmp/55030163/lattices/dspm031_dsp2013_14.lat.gz´.
2020-08-07 14:12:50,954 decode: Utterance `dspm031_dsp2013_14´ -- 4 of job 67
2020-08-07 14:12:52,973 __iter__: Reading lattice file `/tmp/55030163/lattices/dspm040_dsp2013_09.lat.gz´.
2020-08-07 14:12:52,975 decode: Utterance `dspm040_dsp2013_09´ -- 5 of job 67
2020-08-07 14:12:53,056 __iter__: Reading lattice file `/tmp/55030163/lattices/dspm049_dsp2013_11.lat.gz´.
2020-08-07 14:12:54,853 decode: Utterance `dspm049_dsp2013_11´ -- 6 of job 67
2020-08-07 14:13:52,349 __iter__: Reading lattice file `/tmp/55030163/lattices/dspm057_dsp2013_16.lat.gz´.
2020-08-07 14:13:52,353 decode: Utterance `dspm057_dsp2013_16´ -- 7 of job 67
2020-08-07 14:13:52,517 __iter__: Reading lattice file `/tmp/55030163/lattices/radioshaka_kbk20120915_30.lat.gz´.
2020-08-07 14:13:53,063 decode: Utterance `radioshaka_kbk20120915_30´ -- 8 of job 67
/scratch/work/groszt1/envs/theanoLM/lib/python3.7/site-packages/theano/gpuarray/dnn.py:184: UserWarning: Your cuDNN version is more recent than Theano. If you encounter problems, try updating Theano or downgrading cuDNN to a version >= v5 and <= v7.
  warnings.warn("Your cuDNN version is more recent than "
Using cuDNN version 7600 on context None
Mapped name None to device cuda0: Tesla V100-PCIE-32GB (0000:AF:00.0)
/scratch/work/groszt1/envs/theanoLM/lib/python3.7/site-packages/h5py-2.9.0-py3.7-linux-x86_64.egg/h5py/_hl/dataset.py:313: H5pyDeprecationWarning: dataset.value has been deprecated. Use dataset[()] instead.
  "Use dataset[()] instead.", H5pyDeprecationWarning)
/scratch/work/groszt1/envs/theanoLM/lib/python3.7/site-packages/h5py-2.9.0-py3.7-linux-x86_64.egg/h5py/_hl/dataset.py:313: H5pyDeprecationWarning: dataset.value has been deprecated. Use dataset[()] instead.
  "Use dataset[()] instead.", H5pyDeprecationWarning)
decode_theanolm finished.
/tmp/55030163/lattices
floatX=float32,device=cuda0,base_compiledir=/tmp/theano,exception_verbosity=high,openmp=False
/scratch/work/groszt1/envs/theanoLM/lib/python3.7/site-packages/theano/gpuarray/dnn.py:184: UserWarning: Your cuDNN version is more recent than Theano. If you encounter problems, try updating Theano or downgrading cuDNN to a version >= v5 and <= v7.
  warnings.warn("Your cuDNN version is more recent than "
Using cuDNN version 7600 on context None
Mapped name None to device cuda0: Tesla V100-PCIE-32GB (0000:AF:00.0)
TheanoLM 1.3.2
Theano 1.0.4
pygpu 0.7.6
==
+ srun --gres=gpu:1 theanolm decode /scratch/work/moisioa3/conv_lm/experiments/theanolm-100k/expt10/nnlm.h5 --lattice-list /tmp/55030163/lattices/lattice-list --output-file /scratch/work/moisioa3/conv_lm/experiments/theanolm-100k/expt10/decode/devel/lambda=0.5-lms=10/67.trn --output trn --nnlm-weight 0.5 --lm-scale 10 --max-tokens-per-node 62 --beam 650 --recombination-order 22 --num-jobs 128 --job 67 --shortlist --unk-penalty=-20
2020-08-07 14:14:21,091 get_default_device: Context None device="Tesla V100-PCIE-32GB" ID="0000:AF:00.0"
2020-08-07 14:14:21,092 from_file: Reading vocabulary from network state.
2020-08-07 14:14:23,713 from_file: Number of words in vocabulary: 2427252
2020-08-07 14:14:23,714 from_file: Number of words in shortlist: 100003
2020-08-07 14:14:23,714 from_file: Number of word classes: 100003
2020-08-07 14:14:23,714 from_file: Building neural network.
2020-08-07 14:14:58,042 from_file: Restoring neural network state.
2020-08-07 14:14:58,779 decode: Building word lattice decoder.
2020-08-07 14:15:02,997 __iter__: Reading lattice file `/tmp/55030163/lattices/dspm004_dsp2013_08.lat.gz´.
2020-08-07 14:15:03,522 decode: Utterance `dspm004_dsp2013_08´ -- 1 of job 67
2020-08-07 14:15:27,425 __iter__: Reading lattice file `/tmp/55030163/lattices/dspm014_dsp2013_02.lat.gz´.
2020-08-07 14:15:27,817 decode: Utterance `dspm014_dsp2013_02´ -- 2 of job 67
2020-08-07 14:15:43,289 __iter__: Reading lattice file `/tmp/55030163/lattices/dspm022_dsp2013_01.lat.gz´.
2020-08-07 14:15:43,337 decode: Utterance `dspm022_dsp2013_01´ -- 3 of job 67
2020-08-07 14:15:44,881 __iter__: Reading lattice file `/tmp/55030163/lattices/dspm031_dsp2013_14.lat.gz´.
2020-08-07 14:15:44,935 decode: Utterance `dspm031_dsp2013_14´ -- 4 of job 67
2020-08-07 14:15:46,964 __iter__: Reading lattice file `/tmp/55030163/lattices/dspm040_dsp2013_09.lat.gz´.
2020-08-07 14:15:46,966 decode: Utterance `dspm040_dsp2013_09´ -- 5 of job 67
2020-08-07 14:15:47,047 __iter__: Reading lattice file `/tmp/55030163/lattices/dspm049_dsp2013_11.lat.gz´.
2020-08-07 14:15:48,897 decode: Utterance `dspm049_dsp2013_11´ -- 6 of job 67
2020-08-07 14:16:47,683 __iter__: Reading lattice file `/tmp/55030163/lattices/dspm057_dsp2013_16.lat.gz´.
2020-08-07 14:16:47,688 decode: Utterance `dspm057_dsp2013_16´ -- 7 of job 67
2020-08-07 14:16:47,860 __iter__: Reading lattice file `/tmp/55030163/lattices/radioshaka_kbk20120915_30.lat.gz´.
2020-08-07 14:16:48,416 decode: Utterance `radioshaka_kbk20120915_30´ -- 8 of job 67
/scratch/work/groszt1/envs/theanoLM/lib/python3.7/site-packages/theano/gpuarray/dnn.py:184: UserWarning: Your cuDNN version is more recent than Theano. If you encounter problems, try updating Theano or downgrading cuDNN to a version >= v5 and <= v7.
  warnings.warn("Your cuDNN version is more recent than "
Using cuDNN version 7600 on context None
Mapped name None to device cuda0: Tesla V100-PCIE-32GB (0000:AF:00.0)
/scratch/work/groszt1/envs/theanoLM/lib/python3.7/site-packages/h5py-2.9.0-py3.7-linux-x86_64.egg/h5py/_hl/dataset.py:313: H5pyDeprecationWarning: dataset.value has been deprecated. Use dataset[()] instead.
  "Use dataset[()] instead.", H5pyDeprecationWarning)
/scratch/work/groszt1/envs/theanoLM/lib/python3.7/site-packages/h5py-2.9.0-py3.7-linux-x86_64.egg/h5py/_hl/dataset.py:313: H5pyDeprecationWarning: dataset.value has been deprecated. Use dataset[()] instead.
  "Use dataset[()] instead.", H5pyDeprecationWarning)
decode_theanolm finished.
