EXPT_NAME theanolm-100k
EXPT_PARAMS expt10
EXPT_WORK_DIR /scratch/work/moisioa3/conv_lm/experiments/theanolm-100k/expt10
Experiment: theanolm-100k/expt10
Job ID: 55030167
Task ID: 71
Host: gpu10.int.triton.aalto.fi
Start date: Fri Aug  7 14:00:50 EEST 2020
Work directory: /scratch/work/moisioa3/conv_lm/experiments/theanolm-100k/expt10
Temporary directory: /tmp/55030167

Currently Loaded Modules:
  1) speech-scripts/2016.05.24-b928230   6) binutils/2.25-GCCcore-5.4.0
  2) srilm/default                       7) GCC/5.4.0-2.25
  3) cuda/10.0.130                       8) libgpuarray/2017.03.29-45c731f
  4) cudnn/7.4.2-cuda                    9) anaconda3/latest
  5) GCCcore/5.4.0

 

/tmp/55030167/lattices
floatX=float32,device=cuda0,base_compiledir=/tmp/theano,exception_verbosity=high,openmp=False
/scratch/work/groszt1/envs/theanoLM/lib/python3.7/site-packages/theano/gpuarray/dnn.py:184: UserWarning: Your cuDNN version is more recent than Theano. If you encounter problems, try updating Theano or downgrading cuDNN to a version >= v5 and <= v7.
  warnings.warn("Your cuDNN version is more recent than "
Using cuDNN version 7600 on context None
Mapped name None to device cuda0: Tesla V100-PCIE-32GB (0000:AF:00.0)
TheanoLM 1.3.2
Theano 1.0.4
pygpu 0.7.6
==
+ srun --gres=gpu:1 theanolm decode /scratch/work/moisioa3/conv_lm/experiments/theanolm-100k/expt10/nnlm.h5 --lattice-list /tmp/55030167/lattices/lattice-list --output-file /scratch/work/moisioa3/conv_lm/experiments/theanolm-100k/expt10/decode/devel/lambda=1-lms=8/71.trn --output trn --nnlm-weight 1 --lm-scale 8 --max-tokens-per-node 62 --beam 650 --recombination-order 22 --num-jobs 128 --job 71 --shortlist --unk-penalty=-20
2020-08-07 14:01:02,113 get_default_device: Context None device="Tesla V100-PCIE-32GB" ID="0000:AF:00.0"
2020-08-07 14:01:02,114 from_file: Reading vocabulary from network state.
2020-08-07 14:01:04,615 from_file: Number of words in vocabulary: 2427252
2020-08-07 14:01:04,615 from_file: Number of words in shortlist: 100003
2020-08-07 14:01:04,616 from_file: Number of word classes: 100003
2020-08-07 14:01:04,616 from_file: Building neural network.
2020-08-07 14:01:39,404 from_file: Restoring neural network state.
2020-08-07 14:01:40,246 decode: Building word lattice decoder.
2020-08-07 14:02:00,753 __iter__: Reading lattice file `/tmp/55030167/lattices/dspm004_dsp2013_12.lat.gz´.
2020-08-07 14:02:01,148 decode: Utterance `dspm004_dsp2013_12´ -- 1 of job 71
2020-08-07 14:02:11,325 __iter__: Reading lattice file `/tmp/55030167/lattices/dspm014_dsp2013_11.lat.gz´.
2020-08-07 14:02:11,427 decode: Utterance `dspm014_dsp2013_11´ -- 2 of job 71
2020-08-07 14:02:14,592 __iter__: Reading lattice file `/tmp/55030167/lattices/dspm022_dsp2013_05.lat.gz´.
2020-08-07 14:02:14,642 decode: Utterance `dspm022_dsp2013_05´ -- 3 of job 71
2020-08-07 14:02:16,224 __iter__: Reading lattice file `/tmp/55030167/lattices/dspm031_dsp2013_18.lat.gz´.
2020-08-07 14:02:16,283 decode: Utterance `dspm031_dsp2013_18´ -- 4 of job 71
2020-08-07 14:02:18,023 __iter__: Reading lattice file `/tmp/55030167/lattices/dspm040_dsp2013_13.lat.gz´.
2020-08-07 14:02:18,035 decode: Utterance `dspm040_dsp2013_13´ -- 5 of job 71
2020-08-07 14:02:18,269 __iter__: Reading lattice file `/tmp/55030167/lattices/dspm049_dsp2013_15.lat.gz´.
2020-08-07 14:02:18,495 decode: Utterance `dspm049_dsp2013_15´ -- 6 of job 71
2020-08-07 14:02:25,967 __iter__: Reading lattice file `/tmp/55030167/lattices/dspm057_dsp2013_20.lat.gz´.
2020-08-07 14:02:26,217 decode: Utterance `dspm057_dsp2013_20´ -- 7 of job 71
2020-08-07 14:02:34,211 __iter__: Reading lattice file `/tmp/55030167/lattices/radioshaka_kbk20120915_38.lat.gz´.
2020-08-07 14:02:34,218 decode: Utterance `radioshaka_kbk20120915_38´ -- 8 of job 71
/scratch/work/groszt1/envs/theanoLM/lib/python3.7/site-packages/theano/gpuarray/dnn.py:184: UserWarning: Your cuDNN version is more recent than Theano. If you encounter problems, try updating Theano or downgrading cuDNN to a version >= v5 and <= v7.
  warnings.warn("Your cuDNN version is more recent than "
Using cuDNN version 7600 on context None
Mapped name None to device cuda0: Tesla V100-PCIE-32GB (0000:AF:00.0)
/scratch/work/groszt1/envs/theanoLM/lib/python3.7/site-packages/h5py-2.9.0-py3.7-linux-x86_64.egg/h5py/_hl/dataset.py:313: H5pyDeprecationWarning: dataset.value has been deprecated. Use dataset[()] instead.
  "Use dataset[()] instead.", H5pyDeprecationWarning)
/scratch/work/groszt1/envs/theanoLM/lib/python3.7/site-packages/h5py-2.9.0-py3.7-linux-x86_64.egg/h5py/_hl/dataset.py:313: H5pyDeprecationWarning: dataset.value has been deprecated. Use dataset[()] instead.
  "Use dataset[()] instead.", H5pyDeprecationWarning)
decode_theanolm finished.
/tmp/55030167/lattices
floatX=float32,device=cuda0,base_compiledir=/tmp/theano,exception_verbosity=high,openmp=False
/scratch/work/groszt1/envs/theanoLM/lib/python3.7/site-packages/theano/gpuarray/dnn.py:184: UserWarning: Your cuDNN version is more recent than Theano. If you encounter problems, try updating Theano or downgrading cuDNN to a version >= v5 and <= v7.
  warnings.warn("Your cuDNN version is more recent than "
Using cuDNN version 7600 on context None
Mapped name None to device cuda0: Tesla V100-PCIE-32GB (0000:AF:00.0)
TheanoLM 1.3.2
Theano 1.0.4
pygpu 0.7.6
==
+ srun --gres=gpu:1 theanolm decode /scratch/work/moisioa3/conv_lm/experiments/theanolm-100k/expt10/nnlm.h5 --lattice-list /tmp/55030167/lattices/lattice-list --output-file /scratch/work/moisioa3/conv_lm/experiments/theanolm-100k/expt10/decode/devel/lambda=1-lms=9/71.trn --output trn --nnlm-weight 1 --lm-scale 9 --max-tokens-per-node 62 --beam 650 --recombination-order 22 --num-jobs 128 --job 71 --shortlist --unk-penalty=-20
2020-08-07 14:02:41,013 get_default_device: Context None device="Tesla V100-PCIE-32GB" ID="0000:AF:00.0"
2020-08-07 14:02:41,014 from_file: Reading vocabulary from network state.
2020-08-07 14:02:43,684 from_file: Number of words in vocabulary: 2427252
2020-08-07 14:02:43,685 from_file: Number of words in shortlist: 100003
2020-08-07 14:02:43,685 from_file: Number of word classes: 100003
2020-08-07 14:02:43,685 from_file: Building neural network.
2020-08-07 14:03:18,590 from_file: Restoring neural network state.
2020-08-07 14:03:19,383 decode: Building word lattice decoder.
2020-08-07 14:03:23,623 __iter__: Reading lattice file `/tmp/55030167/lattices/dspm004_dsp2013_12.lat.gz´.
2020-08-07 14:03:24,030 decode: Utterance `dspm004_dsp2013_12´ -- 1 of job 71
2020-08-07 14:03:33,759 __iter__: Reading lattice file `/tmp/55030167/lattices/dspm014_dsp2013_11.lat.gz´.
2020-08-07 14:03:33,863 decode: Utterance `dspm014_dsp2013_11´ -- 2 of job 71
2020-08-07 14:03:37,086 __iter__: Reading lattice file `/tmp/55030167/lattices/dspm022_dsp2013_05.lat.gz´.
2020-08-07 14:03:37,137 decode: Utterance `dspm022_dsp2013_05´ -- 3 of job 71
2020-08-07 14:03:38,747 __iter__: Reading lattice file `/tmp/55030167/lattices/dspm031_dsp2013_18.lat.gz´.
2020-08-07 14:03:38,807 decode: Utterance `dspm031_dsp2013_18´ -- 4 of job 71
2020-08-07 14:03:40,508 __iter__: Reading lattice file `/tmp/55030167/lattices/dspm040_dsp2013_13.lat.gz´.
2020-08-07 14:03:40,520 decode: Utterance `dspm040_dsp2013_13´ -- 5 of job 71
2020-08-07 14:03:40,730 __iter__: Reading lattice file `/tmp/55030167/lattices/dspm049_dsp2013_15.lat.gz´.
2020-08-07 14:03:40,960 decode: Utterance `dspm049_dsp2013_15´ -- 6 of job 71
2020-08-07 14:03:48,417 __iter__: Reading lattice file `/tmp/55030167/lattices/dspm057_dsp2013_20.lat.gz´.
2020-08-07 14:03:48,672 decode: Utterance `dspm057_dsp2013_20´ -- 7 of job 71
2020-08-07 14:03:56,672 __iter__: Reading lattice file `/tmp/55030167/lattices/radioshaka_kbk20120915_38.lat.gz´.
2020-08-07 14:03:56,679 decode: Utterance `radioshaka_kbk20120915_38´ -- 8 of job 71
/scratch/work/groszt1/envs/theanoLM/lib/python3.7/site-packages/theano/gpuarray/dnn.py:184: UserWarning: Your cuDNN version is more recent than Theano. If you encounter problems, try updating Theano or downgrading cuDNN to a version >= v5 and <= v7.
  warnings.warn("Your cuDNN version is more recent than "
Using cuDNN version 7600 on context None
Mapped name None to device cuda0: Tesla V100-PCIE-32GB (0000:AF:00.0)
/scratch/work/groszt1/envs/theanoLM/lib/python3.7/site-packages/h5py-2.9.0-py3.7-linux-x86_64.egg/h5py/_hl/dataset.py:313: H5pyDeprecationWarning: dataset.value has been deprecated. Use dataset[()] instead.
  "Use dataset[()] instead.", H5pyDeprecationWarning)
/scratch/work/groszt1/envs/theanoLM/lib/python3.7/site-packages/h5py-2.9.0-py3.7-linux-x86_64.egg/h5py/_hl/dataset.py:313: H5pyDeprecationWarning: dataset.value has been deprecated. Use dataset[()] instead.
  "Use dataset[()] instead.", H5pyDeprecationWarning)
decode_theanolm finished.
/tmp/55030167/lattices
floatX=float32,device=cuda0,base_compiledir=/tmp/theano,exception_verbosity=high,openmp=False
/scratch/work/groszt1/envs/theanoLM/lib/python3.7/site-packages/theano/gpuarray/dnn.py:184: UserWarning: Your cuDNN version is more recent than Theano. If you encounter problems, try updating Theano or downgrading cuDNN to a version >= v5 and <= v7.
  warnings.warn("Your cuDNN version is more recent than "
Using cuDNN version 7600 on context None
Mapped name None to device cuda0: Tesla V100-PCIE-32GB (0000:AF:00.0)
TheanoLM 1.3.2
Theano 1.0.4
pygpu 0.7.6
==
+ srun --gres=gpu:1 theanolm decode /scratch/work/moisioa3/conv_lm/experiments/theanolm-100k/expt10/nnlm.h5 --lattice-list /tmp/55030167/lattices/lattice-list --output-file /scratch/work/moisioa3/conv_lm/experiments/theanolm-100k/expt10/decode/devel/lambda=1-lms=10/71.trn --output trn --nnlm-weight 1 --lm-scale 10 --max-tokens-per-node 62 --beam 650 --recombination-order 22 --num-jobs 128 --job 71 --shortlist --unk-penalty=-20
2020-08-07 14:04:03,732 get_default_device: Context None device="Tesla V100-PCIE-32GB" ID="0000:AF:00.0"
2020-08-07 14:04:03,733 from_file: Reading vocabulary from network state.
2020-08-07 14:04:06,273 from_file: Number of words in vocabulary: 2427252
2020-08-07 14:04:06,273 from_file: Number of words in shortlist: 100003
2020-08-07 14:04:06,273 from_file: Number of word classes: 100003
2020-08-07 14:04:06,274 from_file: Building neural network.
2020-08-07 14:04:41,184 from_file: Restoring neural network state.
2020-08-07 14:04:42,027 decode: Building word lattice decoder.
2020-08-07 14:04:46,302 __iter__: Reading lattice file `/tmp/55030167/lattices/dspm004_dsp2013_12.lat.gz´.
2020-08-07 14:04:46,692 decode: Utterance `dspm004_dsp2013_12´ -- 1 of job 71
2020-08-07 14:04:56,468 __iter__: Reading lattice file `/tmp/55030167/lattices/dspm014_dsp2013_11.lat.gz´.
2020-08-07 14:04:56,568 decode: Utterance `dspm014_dsp2013_11´ -- 2 of job 71
2020-08-07 14:04:59,770 __iter__: Reading lattice file `/tmp/55030167/lattices/dspm022_dsp2013_05.lat.gz´.
2020-08-07 14:04:59,819 decode: Utterance `dspm022_dsp2013_05´ -- 3 of job 71
2020-08-07 14:05:01,394 __iter__: Reading lattice file `/tmp/55030167/lattices/dspm031_dsp2013_18.lat.gz´.
2020-08-07 14:05:01,454 decode: Utterance `dspm031_dsp2013_18´ -- 4 of job 71
2020-08-07 14:05:03,156 __iter__: Reading lattice file `/tmp/55030167/lattices/dspm040_dsp2013_13.lat.gz´.
2020-08-07 14:05:03,167 decode: Utterance `dspm040_dsp2013_13´ -- 5 of job 71
2020-08-07 14:05:03,389 __iter__: Reading lattice file `/tmp/55030167/lattices/dspm049_dsp2013_15.lat.gz´.
2020-08-07 14:05:03,612 decode: Utterance `dspm049_dsp2013_15´ -- 6 of job 71
2020-08-07 14:05:11,133 __iter__: Reading lattice file `/tmp/55030167/lattices/dspm057_dsp2013_20.lat.gz´.
2020-08-07 14:05:11,378 decode: Utterance `dspm057_dsp2013_20´ -- 7 of job 71
2020-08-07 14:05:19,449 __iter__: Reading lattice file `/tmp/55030167/lattices/radioshaka_kbk20120915_38.lat.gz´.
2020-08-07 14:05:19,455 decode: Utterance `radioshaka_kbk20120915_38´ -- 8 of job 71
/scratch/work/groszt1/envs/theanoLM/lib/python3.7/site-packages/theano/gpuarray/dnn.py:184: UserWarning: Your cuDNN version is more recent than Theano. If you encounter problems, try updating Theano or downgrading cuDNN to a version >= v5 and <= v7.
  warnings.warn("Your cuDNN version is more recent than "
Using cuDNN version 7600 on context None
Mapped name None to device cuda0: Tesla V100-PCIE-32GB (0000:AF:00.0)
/scratch/work/groszt1/envs/theanoLM/lib/python3.7/site-packages/h5py-2.9.0-py3.7-linux-x86_64.egg/h5py/_hl/dataset.py:313: H5pyDeprecationWarning: dataset.value has been deprecated. Use dataset[()] instead.
  "Use dataset[()] instead.", H5pyDeprecationWarning)
/scratch/work/groszt1/envs/theanoLM/lib/python3.7/site-packages/h5py-2.9.0-py3.7-linux-x86_64.egg/h5py/_hl/dataset.py:313: H5pyDeprecationWarning: dataset.value has been deprecated. Use dataset[()] instead.
  "Use dataset[()] instead.", H5pyDeprecationWarning)
decode_theanolm finished.
/tmp/55030167/lattices
floatX=float32,device=cuda0,base_compiledir=/tmp/theano,exception_verbosity=high,openmp=False
/scratch/work/groszt1/envs/theanoLM/lib/python3.7/site-packages/theano/gpuarray/dnn.py:184: UserWarning: Your cuDNN version is more recent than Theano. If you encounter problems, try updating Theano or downgrading cuDNN to a version >= v5 and <= v7.
  warnings.warn("Your cuDNN version is more recent than "
Using cuDNN version 7600 on context None
Mapped name None to device cuda0: Tesla V100-PCIE-32GB (0000:AF:00.0)
TheanoLM 1.3.2
Theano 1.0.4
pygpu 0.7.6
==
+ srun --gres=gpu:1 theanolm decode /scratch/work/moisioa3/conv_lm/experiments/theanolm-100k/expt10/nnlm.h5 --lattice-list /tmp/55030167/lattices/lattice-list --output-file /scratch/work/moisioa3/conv_lm/experiments/theanolm-100k/expt10/decode/devel/lambda=0.5-lms=8/71.trn --output trn --nnlm-weight 0.5 --lm-scale 8 --max-tokens-per-node 62 --beam 650 --recombination-order 22 --num-jobs 128 --job 71 --shortlist --unk-penalty=-20
2020-08-07 14:05:26,133 get_default_device: Context None device="Tesla V100-PCIE-32GB" ID="0000:AF:00.0"
2020-08-07 14:05:26,134 from_file: Reading vocabulary from network state.
2020-08-07 14:05:28,789 from_file: Number of words in vocabulary: 2427252
2020-08-07 14:05:28,790 from_file: Number of words in shortlist: 100003
2020-08-07 14:05:28,790 from_file: Number of word classes: 100003
2020-08-07 14:05:28,790 from_file: Building neural network.
2020-08-07 14:06:03,804 from_file: Restoring neural network state.
2020-08-07 14:06:04,619 decode: Building word lattice decoder.
2020-08-07 14:06:08,915 __iter__: Reading lattice file `/tmp/55030167/lattices/dspm004_dsp2013_12.lat.gz´.
2020-08-07 14:06:09,315 decode: Utterance `dspm004_dsp2013_12´ -- 1 of job 71
2020-08-07 14:06:20,381 __iter__: Reading lattice file `/tmp/55030167/lattices/dspm014_dsp2013_11.lat.gz´.
2020-08-07 14:06:20,483 decode: Utterance `dspm014_dsp2013_11´ -- 2 of job 71
2020-08-07 14:06:23,732 __iter__: Reading lattice file `/tmp/55030167/lattices/dspm022_dsp2013_05.lat.gz´.
2020-08-07 14:06:23,782 decode: Utterance `dspm022_dsp2013_05´ -- 3 of job 71
2020-08-07 14:06:25,503 __iter__: Reading lattice file `/tmp/55030167/lattices/dspm031_dsp2013_18.lat.gz´.
2020-08-07 14:06:25,562 decode: Utterance `dspm031_dsp2013_18´ -- 4 of job 71
2020-08-07 14:06:27,605 __iter__: Reading lattice file `/tmp/55030167/lattices/dspm040_dsp2013_13.lat.gz´.
2020-08-07 14:06:27,617 decode: Utterance `dspm040_dsp2013_13´ -- 5 of job 71
2020-08-07 14:06:27,849 __iter__: Reading lattice file `/tmp/55030167/lattices/dspm049_dsp2013_15.lat.gz´.
2020-08-07 14:06:28,076 decode: Utterance `dspm049_dsp2013_15´ -- 6 of job 71
2020-08-07 14:06:36,023 __iter__: Reading lattice file `/tmp/55030167/lattices/dspm057_dsp2013_20.lat.gz´.
2020-08-07 14:06:36,276 decode: Utterance `dspm057_dsp2013_20´ -- 7 of job 71
2020-08-07 14:06:44,502 __iter__: Reading lattice file `/tmp/55030167/lattices/radioshaka_kbk20120915_38.lat.gz´.
2020-08-07 14:06:44,508 decode: Utterance `radioshaka_kbk20120915_38´ -- 8 of job 71
/scratch/work/groszt1/envs/theanoLM/lib/python3.7/site-packages/theano/gpuarray/dnn.py:184: UserWarning: Your cuDNN version is more recent than Theano. If you encounter problems, try updating Theano or downgrading cuDNN to a version >= v5 and <= v7.
  warnings.warn("Your cuDNN version is more recent than "
Using cuDNN version 7600 on context None
Mapped name None to device cuda0: Tesla V100-PCIE-32GB (0000:AF:00.0)
/scratch/work/groszt1/envs/theanoLM/lib/python3.7/site-packages/h5py-2.9.0-py3.7-linux-x86_64.egg/h5py/_hl/dataset.py:313: H5pyDeprecationWarning: dataset.value has been deprecated. Use dataset[()] instead.
  "Use dataset[()] instead.", H5pyDeprecationWarning)
/scratch/work/groszt1/envs/theanoLM/lib/python3.7/site-packages/h5py-2.9.0-py3.7-linux-x86_64.egg/h5py/_hl/dataset.py:313: H5pyDeprecationWarning: dataset.value has been deprecated. Use dataset[()] instead.
  "Use dataset[()] instead.", H5pyDeprecationWarning)
decode_theanolm finished.
/tmp/55030167/lattices
floatX=float32,device=cuda0,base_compiledir=/tmp/theano,exception_verbosity=high,openmp=False
/scratch/work/groszt1/envs/theanoLM/lib/python3.7/site-packages/theano/gpuarray/dnn.py:184: UserWarning: Your cuDNN version is more recent than Theano. If you encounter problems, try updating Theano or downgrading cuDNN to a version >= v5 and <= v7.
  warnings.warn("Your cuDNN version is more recent than "
Using cuDNN version 7600 on context None
Mapped name None to device cuda0: Tesla V100-PCIE-32GB (0000:AF:00.0)
TheanoLM 1.3.2
Theano 1.0.4
pygpu 0.7.6
==
+ srun --gres=gpu:1 theanolm decode /scratch/work/moisioa3/conv_lm/experiments/theanolm-100k/expt10/nnlm.h5 --lattice-list /tmp/55030167/lattices/lattice-list --output-file /scratch/work/moisioa3/conv_lm/experiments/theanolm-100k/expt10/decode/devel/lambda=0.5-lms=9/71.trn --output trn --nnlm-weight 0.5 --lm-scale 9 --max-tokens-per-node 62 --beam 650 --recombination-order 22 --num-jobs 128 --job 71 --shortlist --unk-penalty=-20
2020-08-07 14:06:51,618 get_default_device: Context None device="Tesla V100-PCIE-32GB" ID="0000:AF:00.0"
2020-08-07 14:06:51,633 from_file: Reading vocabulary from network state.
2020-08-07 14:06:54,346 from_file: Number of words in vocabulary: 2427252
2020-08-07 14:06:54,347 from_file: Number of words in shortlist: 100003
2020-08-07 14:06:54,347 from_file: Number of word classes: 100003
2020-08-07 14:06:54,347 from_file: Building neural network.
2020-08-07 14:07:29,339 from_file: Restoring neural network state.
2020-08-07 14:07:30,183 decode: Building word lattice decoder.
2020-08-07 14:07:34,411 __iter__: Reading lattice file `/tmp/55030167/lattices/dspm004_dsp2013_12.lat.gz´.
2020-08-07 14:07:34,796 decode: Utterance `dspm004_dsp2013_12´ -- 1 of job 71
2020-08-07 14:07:45,957 __iter__: Reading lattice file `/tmp/55030167/lattices/dspm014_dsp2013_11.lat.gz´.
2020-08-07 14:07:46,056 decode: Utterance `dspm014_dsp2013_11´ -- 2 of job 71
2020-08-07 14:07:49,349 __iter__: Reading lattice file `/tmp/55030167/lattices/dspm022_dsp2013_05.lat.gz´.
2020-08-07 14:07:49,398 decode: Utterance `dspm022_dsp2013_05´ -- 3 of job 71
2020-08-07 14:07:51,157 __iter__: Reading lattice file `/tmp/55030167/lattices/dspm031_dsp2013_18.lat.gz´.
2020-08-07 14:07:51,214 decode: Utterance `dspm031_dsp2013_18´ -- 4 of job 71
2020-08-07 14:07:53,342 __iter__: Reading lattice file `/tmp/55030167/lattices/dspm040_dsp2013_13.lat.gz´.
2020-08-07 14:07:53,353 decode: Utterance `dspm040_dsp2013_13´ -- 5 of job 71
2020-08-07 14:07:53,582 __iter__: Reading lattice file `/tmp/55030167/lattices/dspm049_dsp2013_15.lat.gz´.
2020-08-07 14:07:53,801 decode: Utterance `dspm049_dsp2013_15´ -- 6 of job 71
2020-08-07 14:08:01,702 __iter__: Reading lattice file `/tmp/55030167/lattices/dspm057_dsp2013_20.lat.gz´.
2020-08-07 14:08:01,943 decode: Utterance `dspm057_dsp2013_20´ -- 7 of job 71
2020-08-07 14:08:10,291 __iter__: Reading lattice file `/tmp/55030167/lattices/radioshaka_kbk20120915_38.lat.gz´.
2020-08-07 14:08:10,297 decode: Utterance `radioshaka_kbk20120915_38´ -- 8 of job 71
/scratch/work/groszt1/envs/theanoLM/lib/python3.7/site-packages/theano/gpuarray/dnn.py:184: UserWarning: Your cuDNN version is more recent than Theano. If you encounter problems, try updating Theano or downgrading cuDNN to a version >= v5 and <= v7.
  warnings.warn("Your cuDNN version is more recent than "
Using cuDNN version 7600 on context None
Mapped name None to device cuda0: Tesla V100-PCIE-32GB (0000:AF:00.0)
/scratch/work/groszt1/envs/theanoLM/lib/python3.7/site-packages/h5py-2.9.0-py3.7-linux-x86_64.egg/h5py/_hl/dataset.py:313: H5pyDeprecationWarning: dataset.value has been deprecated. Use dataset[()] instead.
  "Use dataset[()] instead.", H5pyDeprecationWarning)
/scratch/work/groszt1/envs/theanoLM/lib/python3.7/site-packages/h5py-2.9.0-py3.7-linux-x86_64.egg/h5py/_hl/dataset.py:313: H5pyDeprecationWarning: dataset.value has been deprecated. Use dataset[()] instead.
  "Use dataset[()] instead.", H5pyDeprecationWarning)
decode_theanolm finished.
/tmp/55030167/lattices
floatX=float32,device=cuda0,base_compiledir=/tmp/theano,exception_verbosity=high,openmp=False
/scratch/work/groszt1/envs/theanoLM/lib/python3.7/site-packages/theano/gpuarray/dnn.py:184: UserWarning: Your cuDNN version is more recent than Theano. If you encounter problems, try updating Theano or downgrading cuDNN to a version >= v5 and <= v7.
  warnings.warn("Your cuDNN version is more recent than "
Using cuDNN version 7600 on context None
Mapped name None to device cuda0: Tesla V100-PCIE-32GB (0000:AF:00.0)
TheanoLM 1.3.2
Theano 1.0.4
pygpu 0.7.6
==
+ srun --gres=gpu:1 theanolm decode /scratch/work/moisioa3/conv_lm/experiments/theanolm-100k/expt10/nnlm.h5 --lattice-list /tmp/55030167/lattices/lattice-list --output-file /scratch/work/moisioa3/conv_lm/experiments/theanolm-100k/expt10/decode/devel/lambda=0.5-lms=10/71.trn --output trn --nnlm-weight 0.5 --lm-scale 10 --max-tokens-per-node 62 --beam 650 --recombination-order 22 --num-jobs 128 --job 71 --shortlist --unk-penalty=-20
2020-08-07 14:08:16,992 get_default_device: Context None device="Tesla V100-PCIE-32GB" ID="0000:AF:00.0"
2020-08-07 14:08:16,994 from_file: Reading vocabulary from network state.
2020-08-07 14:08:19,657 from_file: Number of words in vocabulary: 2427252
2020-08-07 14:08:19,657 from_file: Number of words in shortlist: 100003
2020-08-07 14:08:19,657 from_file: Number of word classes: 100003
2020-08-07 14:08:19,657 from_file: Building neural network.
2020-08-07 14:08:54,632 from_file: Restoring neural network state.
2020-08-07 14:08:55,459 decode: Building word lattice decoder.
2020-08-07 14:08:59,713 __iter__: Reading lattice file `/tmp/55030167/lattices/dspm004_dsp2013_12.lat.gz´.
2020-08-07 14:09:00,112 decode: Utterance `dspm004_dsp2013_12´ -- 1 of job 71
2020-08-07 14:09:11,283 __iter__: Reading lattice file `/tmp/55030167/lattices/dspm014_dsp2013_11.lat.gz´.
2020-08-07 14:09:11,384 decode: Utterance `dspm014_dsp2013_11´ -- 2 of job 71
2020-08-07 14:09:14,768 __iter__: Reading lattice file `/tmp/55030167/lattices/dspm022_dsp2013_05.lat.gz´.
2020-08-07 14:09:14,818 decode: Utterance `dspm022_dsp2013_05´ -- 3 of job 71
2020-08-07 14:09:16,570 __iter__: Reading lattice file `/tmp/55030167/lattices/dspm031_dsp2013_18.lat.gz´.
2020-08-07 14:09:16,628 decode: Utterance `dspm031_dsp2013_18´ -- 4 of job 71
2020-08-07 14:09:18,798 __iter__: Reading lattice file `/tmp/55030167/lattices/dspm040_dsp2013_13.lat.gz´.
2020-08-07 14:09:18,810 decode: Utterance `dspm040_dsp2013_13´ -- 5 of job 71
2020-08-07 14:09:19,024 __iter__: Reading lattice file `/tmp/55030167/lattices/dspm049_dsp2013_15.lat.gz´.
2020-08-07 14:09:19,247 decode: Utterance `dspm049_dsp2013_15´ -- 6 of job 71
2020-08-07 14:09:27,301 __iter__: Reading lattice file `/tmp/55030167/lattices/dspm057_dsp2013_20.lat.gz´.
2020-08-07 14:09:27,549 decode: Utterance `dspm057_dsp2013_20´ -- 7 of job 71
2020-08-07 14:09:35,911 __iter__: Reading lattice file `/tmp/55030167/lattices/radioshaka_kbk20120915_38.lat.gz´.
2020-08-07 14:09:35,917 decode: Utterance `radioshaka_kbk20120915_38´ -- 8 of job 71
/scratch/work/groszt1/envs/theanoLM/lib/python3.7/site-packages/theano/gpuarray/dnn.py:184: UserWarning: Your cuDNN version is more recent than Theano. If you encounter problems, try updating Theano or downgrading cuDNN to a version >= v5 and <= v7.
  warnings.warn("Your cuDNN version is more recent than "
Using cuDNN version 7600 on context None
Mapped name None to device cuda0: Tesla V100-PCIE-32GB (0000:AF:00.0)
/scratch/work/groszt1/envs/theanoLM/lib/python3.7/site-packages/h5py-2.9.0-py3.7-linux-x86_64.egg/h5py/_hl/dataset.py:313: H5pyDeprecationWarning: dataset.value has been deprecated. Use dataset[()] instead.
  "Use dataset[()] instead.", H5pyDeprecationWarning)
/scratch/work/groszt1/envs/theanoLM/lib/python3.7/site-packages/h5py-2.9.0-py3.7-linux-x86_64.egg/h5py/_hl/dataset.py:313: H5pyDeprecationWarning: dataset.value has been deprecated. Use dataset[()] instead.
  "Use dataset[()] instead.", H5pyDeprecationWarning)
decode_theanolm finished.
