EXPT_NAME theanolm-100k
EXPT_PARAMS expt10
EXPT_WORK_DIR /scratch/work/moisioa3/conv_lm/experiments/theanolm-100k/expt10
Experiment: theanolm-100k/expt10
Job ID: 55030078
Task ID: 36
Host: gpu22.int.triton.aalto.fi
Start date: Fri Aug  7 13:44:20 EEST 2020
Work directory: /scratch/work/moisioa3/conv_lm/experiments/theanolm-100k/expt10
Temporary directory: /tmp/55030078

Currently Loaded Modules:
  1) speech-scripts/2016.05.24-b928230   6) binutils/2.25-GCCcore-5.4.0
  2) srilm/default                       7) GCC/5.4.0-2.25
  3) cuda/10.0.130                       8) libgpuarray/2017.03.29-45c731f
  4) cudnn/7.4.2-cuda                    9) anaconda3/latest
  5) GCCcore/5.4.0

 

/tmp/55030078/lattices
floatX=float32,device=cuda0,base_compiledir=/tmp/theano,exception_verbosity=high,openmp=False
/scratch/work/groszt1/envs/theanoLM/lib/python3.7/site-packages/theano/gpuarray/dnn.py:184: UserWarning: Your cuDNN version is more recent than Theano. If you encounter problems, try updating Theano or downgrading cuDNN to a version >= v5 and <= v7.
  warnings.warn("Your cuDNN version is more recent than "
Using cuDNN version 7600 on context None
Mapped name None to device cuda0: Tesla K80 (0000:85:00.0)
TheanoLM 1.3.2
Theano 1.0.4
pygpu 0.7.6
==
+ srun --gres=gpu:1 theanolm decode /scratch/work/moisioa3/conv_lm/experiments/theanolm-100k/expt10/nnlm.h5 --lattice-list /tmp/55030078/lattices/lattice-list --output-file /scratch/work/moisioa3/conv_lm/experiments/theanolm-100k/expt10/decode/devel/lambda=1-lms=8/36.trn --output trn --nnlm-weight 1 --lm-scale 8 --max-tokens-per-node 62 --beam 650 --recombination-order 22 --num-jobs 128 --job 36 --shortlist --unk-penalty=-20
2020-08-07 13:45:11,034 get_default_device: Context None device="Tesla K80" ID="0000:85:00.0"
2020-08-07 13:45:11,035 from_file: Reading vocabulary from network state.
2020-08-07 13:45:14,472 from_file: Number of words in vocabulary: 2427252
2020-08-07 13:45:14,473 from_file: Number of words in shortlist: 100003
2020-08-07 13:45:14,473 from_file: Number of word classes: 100003
2020-08-07 13:45:14,473 from_file: Building neural network.
/scratch/work/groszt1/envs/theanoLM/lib/python3.7/site-packages/theano/gpuarray/dnn.py:184: UserWarning: Your cuDNN version is more recent than Theano. If you encounter problems, try updating Theano or downgrading cuDNN to a version >= v5 and <= v7.
  warnings.warn("Your cuDNN version is more recent than "
Using cuDNN version 7600 on context None
Mapped name None to device cuda0: Tesla K80 (0000:85:00.0)
/scratch/work/groszt1/envs/theanoLM/lib/python3.7/site-packages/h5py-2.9.0-py3.7-linux-x86_64.egg/h5py/_hl/dataset.py:313: H5pyDeprecationWarning: dataset.value has been deprecated. Use dataset[()] instead.
  "Use dataset[()] instead.", H5pyDeprecationWarning)
INFO (theano.gof.compilelock): Waiting for existing lock by process '29255' (I am process '29318')
2020-08-07 13:46:19,604 lock: Waiting for existing lock by process '29255' (I am process '29318')
INFO (theano.gof.compilelock): To manually release the lock, delete /tmp/theano/compiledir_Linux-3.10-el7.x86_64-x86_64-with-centos-7.8.2003-Core-x86_64-3.7.3-64/lock_dir
2020-08-07 13:46:19,605 lock: To manually release the lock, delete /tmp/theano/compiledir_Linux-3.10-el7.x86_64-x86_64-with-centos-7.8.2003-Core-x86_64-3.7.3-64/lock_dir
INFO (theano.gof.compilelock): Waiting for existing lock by process '29115' (I am process '29318')
2020-08-07 13:46:26,494 lock: Waiting for existing lock by process '29115' (I am process '29318')
INFO (theano.gof.compilelock): To manually release the lock, delete /tmp/theano/compiledir_Linux-3.10-el7.x86_64-x86_64-with-centos-7.8.2003-Core-x86_64-3.7.3-64/lock_dir
2020-08-07 13:46:26,495 lock: To manually release the lock, delete /tmp/theano/compiledir_Linux-3.10-el7.x86_64-x86_64-with-centos-7.8.2003-Core-x86_64-3.7.3-64/lock_dir
2020-08-07 13:46:35,111 from_file: Restoring neural network state.
2020-08-07 13:46:35,926 decode: Building word lattice decoder.
2020-08-07 13:46:43,593 __iter__: Reading lattice file `/tmp/55030078/lattices/dspf007_dsp2013_17.lat.gz´.
2020-08-07 13:46:44,650 decode: Utterance `dspf007_dsp2013_17´ -- 1 of job 36
2020-08-07 13:47:49,073 __iter__: Reading lattice file `/tmp/55030078/lattices/dspm010_dsp2013_20.lat.gz´.
2020-08-07 13:47:51,254 decode: Utterance `dspm010_dsp2013_20´ -- 2 of job 36
2020-08-07 13:50:35,588 __iter__: Reading lattice file `/tmp/55030078/lattices/dspm019_dsp2013_13.lat.gz´.
2020-08-07 13:50:35,613 decode: Utterance `dspm019_dsp2013_13´ -- 3 of job 36
2020-08-07 13:50:37,725 __iter__: Reading lattice file `/tmp/55030078/lattices/dspm028_dsp2013_03.lat.gz´.
2020-08-07 13:50:38,123 decode: Utterance `dspm028_dsp2013_03´ -- 4 of job 36
2020-08-07 13:51:07,084 __iter__: Reading lattice file `/tmp/55030078/lattices/dspm039_dsp2013_03.lat.gz´.
2020-08-07 13:51:07,117 decode: Utterance `dspm039_dsp2013_03´ -- 5 of job 36
2020-08-07 13:51:09,546 __iter__: Reading lattice file `/tmp/55030078/lattices/dspm048_dsp2013_01.lat.gz´.
2020-08-07 13:51:09,593 decode: Utterance `dspm048_dsp2013_01´ -- 6 of job 36
2020-08-07 13:51:14,003 __iter__: Reading lattice file `/tmp/55030078/lattices/dspm056_dsp2013_05.lat.gz´.
2020-08-07 13:51:14,030 decode: Utterance `dspm056_dsp2013_05´ -- 7 of job 36
2020-08-07 13:51:16,173 __iter__: Reading lattice file `/tmp/55030078/lattices/radionoona_fym20071218_13.lat.gz´.
2020-08-07 13:51:16,224 decode: Utterance `radionoona_fym20071218_13´ -- 8 of job 36
/scratch/work/groszt1/envs/theanoLM/lib/python3.7/site-packages/h5py-2.9.0-py3.7-linux-x86_64.egg/h5py/_hl/dataset.py:313: H5pyDeprecationWarning: dataset.value has been deprecated. Use dataset[()] instead.
  "Use dataset[()] instead.", H5pyDeprecationWarning)
decode_theanolm finished.
/tmp/55030078/lattices
floatX=float32,device=cuda0,base_compiledir=/tmp/theano,exception_verbosity=high,openmp=False
/scratch/work/groszt1/envs/theanoLM/lib/python3.7/site-packages/theano/gpuarray/dnn.py:184: UserWarning: Your cuDNN version is more recent than Theano. If you encounter problems, try updating Theano or downgrading cuDNN to a version >= v5 and <= v7.
  warnings.warn("Your cuDNN version is more recent than "
Using cuDNN version 7600 on context None
Mapped name None to device cuda0: Tesla K80 (0000:85:00.0)
TheanoLM 1.3.2
Theano 1.0.4
pygpu 0.7.6
==
+ srun --gres=gpu:1 theanolm decode /scratch/work/moisioa3/conv_lm/experiments/theanolm-100k/expt10/nnlm.h5 --lattice-list /tmp/55030078/lattices/lattice-list --output-file /scratch/work/moisioa3/conv_lm/experiments/theanolm-100k/expt10/decode/devel/lambda=1-lms=9/36.trn --output trn --nnlm-weight 1 --lm-scale 9 --max-tokens-per-node 62 --beam 650 --recombination-order 22 --num-jobs 128 --job 36 --shortlist --unk-penalty=-20
2020-08-07 13:51:26,685 get_default_device: Context None device="Tesla K80" ID="0000:85:00.0"
2020-08-07 13:51:26,687 from_file: Reading vocabulary from network state.
2020-08-07 13:51:30,185 from_file: Number of words in vocabulary: 2427252
2020-08-07 13:51:30,185 from_file: Number of words in shortlist: 100003
2020-08-07 13:51:30,185 from_file: Number of word classes: 100003
2020-08-07 13:51:30,186 from_file: Building neural network.
2020-08-07 13:52:29,626 from_file: Restoring neural network state.
2020-08-07 13:52:30,517 decode: Building word lattice decoder.
2020-08-07 13:52:36,543 __iter__: Reading lattice file `/tmp/55030078/lattices/dspf007_dsp2013_17.lat.gz´.
2020-08-07 13:52:37,680 decode: Utterance `dspf007_dsp2013_17´ -- 1 of job 36
2020-08-07 13:53:42,390 __iter__: Reading lattice file `/tmp/55030078/lattices/dspm010_dsp2013_20.lat.gz´.
2020-08-07 13:53:44,559 decode: Utterance `dspm010_dsp2013_20´ -- 2 of job 36
2020-08-07 13:56:26,957 __iter__: Reading lattice file `/tmp/55030078/lattices/dspm019_dsp2013_13.lat.gz´.
2020-08-07 13:56:26,981 decode: Utterance `dspm019_dsp2013_13´ -- 3 of job 36
2020-08-07 13:56:29,077 __iter__: Reading lattice file `/tmp/55030078/lattices/dspm028_dsp2013_03.lat.gz´.
2020-08-07 13:56:29,477 decode: Utterance `dspm028_dsp2013_03´ -- 4 of job 36
2020-08-07 13:56:58,360 __iter__: Reading lattice file `/tmp/55030078/lattices/dspm039_dsp2013_03.lat.gz´.
2020-08-07 13:56:58,393 decode: Utterance `dspm039_dsp2013_03´ -- 5 of job 36
2020-08-07 13:57:00,823 __iter__: Reading lattice file `/tmp/55030078/lattices/dspm048_dsp2013_01.lat.gz´.
2020-08-07 13:57:00,870 decode: Utterance `dspm048_dsp2013_01´ -- 6 of job 36
2020-08-07 13:57:05,281 __iter__: Reading lattice file `/tmp/55030078/lattices/dspm056_dsp2013_05.lat.gz´.
2020-08-07 13:57:05,308 decode: Utterance `dspm056_dsp2013_05´ -- 7 of job 36
2020-08-07 13:57:07,435 __iter__: Reading lattice file `/tmp/55030078/lattices/radionoona_fym20071218_13.lat.gz´.
2020-08-07 13:57:07,489 decode: Utterance `radionoona_fym20071218_13´ -- 8 of job 36
/scratch/work/groszt1/envs/theanoLM/lib/python3.7/site-packages/theano/gpuarray/dnn.py:184: UserWarning: Your cuDNN version is more recent than Theano. If you encounter problems, try updating Theano or downgrading cuDNN to a version >= v5 and <= v7.
  warnings.warn("Your cuDNN version is more recent than "
Using cuDNN version 7600 on context None
Mapped name None to device cuda0: Tesla K80 (0000:85:00.0)
/scratch/work/groszt1/envs/theanoLM/lib/python3.7/site-packages/h5py-2.9.0-py3.7-linux-x86_64.egg/h5py/_hl/dataset.py:313: H5pyDeprecationWarning: dataset.value has been deprecated. Use dataset[()] instead.
  "Use dataset[()] instead.", H5pyDeprecationWarning)
/scratch/work/groszt1/envs/theanoLM/lib/python3.7/site-packages/h5py-2.9.0-py3.7-linux-x86_64.egg/h5py/_hl/dataset.py:313: H5pyDeprecationWarning: dataset.value has been deprecated. Use dataset[()] instead.
  "Use dataset[()] instead.", H5pyDeprecationWarning)
decode_theanolm finished.
/tmp/55030078/lattices
floatX=float32,device=cuda0,base_compiledir=/tmp/theano,exception_verbosity=high,openmp=False
/scratch/work/groszt1/envs/theanoLM/lib/python3.7/site-packages/theano/gpuarray/dnn.py:184: UserWarning: Your cuDNN version is more recent than Theano. If you encounter problems, try updating Theano or downgrading cuDNN to a version >= v5 and <= v7.
  warnings.warn("Your cuDNN version is more recent than "
Using cuDNN version 7600 on context None
Mapped name None to device cuda0: Tesla K80 (0000:85:00.0)
TheanoLM 1.3.2
Theano 1.0.4
pygpu 0.7.6
==
+ srun --gres=gpu:1 theanolm decode /scratch/work/moisioa3/conv_lm/experiments/theanolm-100k/expt10/nnlm.h5 --lattice-list /tmp/55030078/lattices/lattice-list --output-file /scratch/work/moisioa3/conv_lm/experiments/theanolm-100k/expt10/decode/devel/lambda=1-lms=10/36.trn --output trn --nnlm-weight 1 --lm-scale 10 --max-tokens-per-node 62 --beam 650 --recombination-order 22 --num-jobs 128 --job 36 --shortlist --unk-penalty=-20
2020-08-07 13:57:17,723 get_default_device: Context None device="Tesla K80" ID="0000:85:00.0"
2020-08-07 13:57:17,725 from_file: Reading vocabulary from network state.
2020-08-07 13:57:21,176 from_file: Number of words in vocabulary: 2427252
2020-08-07 13:57:21,177 from_file: Number of words in shortlist: 100003
2020-08-07 13:57:21,177 from_file: Number of word classes: 100003
2020-08-07 13:57:21,177 from_file: Building neural network.
2020-08-07 13:58:16,511 from_file: Restoring neural network state.
2020-08-07 13:58:17,345 decode: Building word lattice decoder.
2020-08-07 13:58:22,980 __iter__: Reading lattice file `/tmp/55030078/lattices/dspf007_dsp2013_17.lat.gz´.
2020-08-07 13:58:24,074 decode: Utterance `dspf007_dsp2013_17´ -- 1 of job 36
2020-08-07 13:59:29,052 __iter__: Reading lattice file `/tmp/55030078/lattices/dspm010_dsp2013_20.lat.gz´.
2020-08-07 13:59:31,263 decode: Utterance `dspm010_dsp2013_20´ -- 2 of job 36
2020-08-07 14:02:15,298 __iter__: Reading lattice file `/tmp/55030078/lattices/dspm019_dsp2013_13.lat.gz´.
2020-08-07 14:02:15,323 decode: Utterance `dspm019_dsp2013_13´ -- 3 of job 36
2020-08-07 14:02:17,433 __iter__: Reading lattice file `/tmp/55030078/lattices/dspm028_dsp2013_03.lat.gz´.
2020-08-07 14:02:17,840 decode: Utterance `dspm028_dsp2013_03´ -- 4 of job 36
2020-08-07 14:02:46,722 __iter__: Reading lattice file `/tmp/55030078/lattices/dspm039_dsp2013_03.lat.gz´.
2020-08-07 14:02:46,756 decode: Utterance `dspm039_dsp2013_03´ -- 5 of job 36
2020-08-07 14:02:49,192 __iter__: Reading lattice file `/tmp/55030078/lattices/dspm048_dsp2013_01.lat.gz´.
2020-08-07 14:02:49,240 decode: Utterance `dspm048_dsp2013_01´ -- 6 of job 36
2020-08-07 14:02:53,672 __iter__: Reading lattice file `/tmp/55030078/lattices/dspm056_dsp2013_05.lat.gz´.
2020-08-07 14:02:53,699 decode: Utterance `dspm056_dsp2013_05´ -- 7 of job 36
2020-08-07 14:02:55,868 __iter__: Reading lattice file `/tmp/55030078/lattices/radionoona_fym20071218_13.lat.gz´.
2020-08-07 14:02:55,921 decode: Utterance `radionoona_fym20071218_13´ -- 8 of job 36
/scratch/work/groszt1/envs/theanoLM/lib/python3.7/site-packages/theano/gpuarray/dnn.py:184: UserWarning: Your cuDNN version is more recent than Theano. If you encounter problems, try updating Theano or downgrading cuDNN to a version >= v5 and <= v7.
  warnings.warn("Your cuDNN version is more recent than "
Using cuDNN version 7600 on context None
Mapped name None to device cuda0: Tesla K80 (0000:85:00.0)
/scratch/work/groszt1/envs/theanoLM/lib/python3.7/site-packages/h5py-2.9.0-py3.7-linux-x86_64.egg/h5py/_hl/dataset.py:313: H5pyDeprecationWarning: dataset.value has been deprecated. Use dataset[()] instead.
  "Use dataset[()] instead.", H5pyDeprecationWarning)
/scratch/work/groszt1/envs/theanoLM/lib/python3.7/site-packages/h5py-2.9.0-py3.7-linux-x86_64.egg/h5py/_hl/dataset.py:313: H5pyDeprecationWarning: dataset.value has been deprecated. Use dataset[()] instead.
  "Use dataset[()] instead.", H5pyDeprecationWarning)
decode_theanolm finished.
/tmp/55030078/lattices
floatX=float32,device=cuda0,base_compiledir=/tmp/theano,exception_verbosity=high,openmp=False
/scratch/work/groszt1/envs/theanoLM/lib/python3.7/site-packages/theano/gpuarray/dnn.py:184: UserWarning: Your cuDNN version is more recent than Theano. If you encounter problems, try updating Theano or downgrading cuDNN to a version >= v5 and <= v7.
  warnings.warn("Your cuDNN version is more recent than "
Using cuDNN version 7600 on context None
Mapped name None to device cuda0: Tesla K80 (0000:85:00.0)
TheanoLM 1.3.2
Theano 1.0.4
pygpu 0.7.6
==
+ srun --gres=gpu:1 theanolm decode /scratch/work/moisioa3/conv_lm/experiments/theanolm-100k/expt10/nnlm.h5 --lattice-list /tmp/55030078/lattices/lattice-list --output-file /scratch/work/moisioa3/conv_lm/experiments/theanolm-100k/expt10/decode/devel/lambda=0.5-lms=8/36.trn --output trn --nnlm-weight 0.5 --lm-scale 8 --max-tokens-per-node 62 --beam 650 --recombination-order 22 --num-jobs 128 --job 36 --shortlist --unk-penalty=-20
2020-08-07 14:03:07,261 get_default_device: Context None device="Tesla K80" ID="0000:85:00.0"
2020-08-07 14:03:07,263 from_file: Reading vocabulary from network state.
2020-08-07 14:03:10,768 from_file: Number of words in vocabulary: 2427252
2020-08-07 14:03:10,768 from_file: Number of words in shortlist: 100003
2020-08-07 14:03:10,768 from_file: Number of word classes: 100003
2020-08-07 14:03:10,768 from_file: Building neural network.
2020-08-07 14:04:07,229 from_file: Restoring neural network state.
2020-08-07 14:04:08,023 decode: Building word lattice decoder.
2020-08-07 14:04:13,735 __iter__: Reading lattice file `/tmp/55030078/lattices/dspf007_dsp2013_17.lat.gz´.
2020-08-07 14:04:14,858 decode: Utterance `dspf007_dsp2013_17´ -- 1 of job 36
2020-08-07 14:05:24,729 __iter__: Reading lattice file `/tmp/55030078/lattices/dspm010_dsp2013_20.lat.gz´.
2020-08-07 14:05:27,017 decode: Utterance `dspm010_dsp2013_20´ -- 2 of job 36
2020-08-07 14:08:23,195 __iter__: Reading lattice file `/tmp/55030078/lattices/dspm019_dsp2013_13.lat.gz´.
2020-08-07 14:08:23,220 decode: Utterance `dspm019_dsp2013_13´ -- 3 of job 36
2020-08-07 14:08:25,373 __iter__: Reading lattice file `/tmp/55030078/lattices/dspm028_dsp2013_03.lat.gz´.
2020-08-07 14:08:25,768 decode: Utterance `dspm028_dsp2013_03´ -- 4 of job 36
2020-08-07 14:08:56,823 __iter__: Reading lattice file `/tmp/55030078/lattices/dspm039_dsp2013_03.lat.gz´.
2020-08-07 14:08:56,857 decode: Utterance `dspm039_dsp2013_03´ -- 5 of job 36
2020-08-07 14:08:59,501 __iter__: Reading lattice file `/tmp/55030078/lattices/dspm048_dsp2013_01.lat.gz´.
2020-08-07 14:08:59,548 decode: Utterance `dspm048_dsp2013_01´ -- 6 of job 36
2020-08-07 14:09:04,501 __iter__: Reading lattice file `/tmp/55030078/lattices/dspm056_dsp2013_05.lat.gz´.
2020-08-07 14:09:04,528 decode: Utterance `dspm056_dsp2013_05´ -- 7 of job 36
2020-08-07 14:09:07,003 __iter__: Reading lattice file `/tmp/55030078/lattices/radionoona_fym20071218_13.lat.gz´.
2020-08-07 14:09:07,056 decode: Utterance `radionoona_fym20071218_13´ -- 8 of job 36
/scratch/work/groszt1/envs/theanoLM/lib/python3.7/site-packages/theano/gpuarray/dnn.py:184: UserWarning: Your cuDNN version is more recent than Theano. If you encounter problems, try updating Theano or downgrading cuDNN to a version >= v5 and <= v7.
  warnings.warn("Your cuDNN version is more recent than "
Using cuDNN version 7600 on context None
Mapped name None to device cuda0: Tesla K80 (0000:85:00.0)
/scratch/work/groszt1/envs/theanoLM/lib/python3.7/site-packages/h5py-2.9.0-py3.7-linux-x86_64.egg/h5py/_hl/dataset.py:313: H5pyDeprecationWarning: dataset.value has been deprecated. Use dataset[()] instead.
  "Use dataset[()] instead.", H5pyDeprecationWarning)
/scratch/work/groszt1/envs/theanoLM/lib/python3.7/site-packages/h5py-2.9.0-py3.7-linux-x86_64.egg/h5py/_hl/dataset.py:313: H5pyDeprecationWarning: dataset.value has been deprecated. Use dataset[()] instead.
  "Use dataset[()] instead.", H5pyDeprecationWarning)
decode_theanolm finished.
/tmp/55030078/lattices
floatX=float32,device=cuda0,base_compiledir=/tmp/theano,exception_verbosity=high,openmp=False
/scratch/work/groszt1/envs/theanoLM/lib/python3.7/site-packages/theano/gpuarray/dnn.py:184: UserWarning: Your cuDNN version is more recent than Theano. If you encounter problems, try updating Theano or downgrading cuDNN to a version >= v5 and <= v7.
  warnings.warn("Your cuDNN version is more recent than "
Using cuDNN version 7600 on context None
Mapped name None to device cuda0: Tesla K80 (0000:85:00.0)
TheanoLM 1.3.2
Theano 1.0.4
pygpu 0.7.6
==
+ srun --gres=gpu:1 theanolm decode /scratch/work/moisioa3/conv_lm/experiments/theanolm-100k/expt10/nnlm.h5 --lattice-list /tmp/55030078/lattices/lattice-list --output-file /scratch/work/moisioa3/conv_lm/experiments/theanolm-100k/expt10/decode/devel/lambda=0.5-lms=9/36.trn --output trn --nnlm-weight 0.5 --lm-scale 9 --max-tokens-per-node 62 --beam 650 --recombination-order 22 --num-jobs 128 --job 36 --shortlist --unk-penalty=-20
2020-08-07 14:09:17,448 get_default_device: Context None device="Tesla K80" ID="0000:85:00.0"
2020-08-07 14:09:17,449 from_file: Reading vocabulary from network state.
2020-08-07 14:09:20,840 from_file: Number of words in vocabulary: 2427252
2020-08-07 14:09:20,840 from_file: Number of words in shortlist: 100003
2020-08-07 14:09:20,841 from_file: Number of word classes: 100003
2020-08-07 14:09:20,841 from_file: Building neural network.
2020-08-07 14:10:15,922 from_file: Restoring neural network state.
2020-08-07 14:10:16,735 decode: Building word lattice decoder.
2020-08-07 14:10:22,382 __iter__: Reading lattice file `/tmp/55030078/lattices/dspf007_dsp2013_17.lat.gz´.
2020-08-07 14:10:23,492 decode: Utterance `dspf007_dsp2013_17´ -- 1 of job 36
2020-08-07 14:11:32,265 __iter__: Reading lattice file `/tmp/55030078/lattices/dspm010_dsp2013_20.lat.gz´.
2020-08-07 14:11:34,469 decode: Utterance `dspm010_dsp2013_20´ -- 2 of job 36
2020-08-07 14:14:34,321 __iter__: Reading lattice file `/tmp/55030078/lattices/dspm019_dsp2013_13.lat.gz´.
2020-08-07 14:14:34,345 decode: Utterance `dspm019_dsp2013_13´ -- 3 of job 36
2020-08-07 14:14:36,551 __iter__: Reading lattice file `/tmp/55030078/lattices/dspm028_dsp2013_03.lat.gz´.
2020-08-07 14:14:36,957 decode: Utterance `dspm028_dsp2013_03´ -- 4 of job 36
2020-08-07 14:15:08,052 __iter__: Reading lattice file `/tmp/55030078/lattices/dspm039_dsp2013_03.lat.gz´.
2020-08-07 14:15:08,086 decode: Utterance `dspm039_dsp2013_03´ -- 5 of job 36
2020-08-07 14:15:10,722 __iter__: Reading lattice file `/tmp/55030078/lattices/dspm048_dsp2013_01.lat.gz´.
2020-08-07 14:15:10,769 decode: Utterance `dspm048_dsp2013_01´ -- 6 of job 36
2020-08-07 14:15:15,965 __iter__: Reading lattice file `/tmp/55030078/lattices/dspm056_dsp2013_05.lat.gz´.
2020-08-07 14:15:15,993 decode: Utterance `dspm056_dsp2013_05´ -- 7 of job 36
2020-08-07 14:15:18,516 __iter__: Reading lattice file `/tmp/55030078/lattices/radionoona_fym20071218_13.lat.gz´.
2020-08-07 14:15:18,569 decode: Utterance `radionoona_fym20071218_13´ -- 8 of job 36
/scratch/work/groszt1/envs/theanoLM/lib/python3.7/site-packages/theano/gpuarray/dnn.py:184: UserWarning: Your cuDNN version is more recent than Theano. If you encounter problems, try updating Theano or downgrading cuDNN to a version >= v5 and <= v7.
  warnings.warn("Your cuDNN version is more recent than "
Using cuDNN version 7600 on context None
Mapped name None to device cuda0: Tesla K80 (0000:85:00.0)
/scratch/work/groszt1/envs/theanoLM/lib/python3.7/site-packages/h5py-2.9.0-py3.7-linux-x86_64.egg/h5py/_hl/dataset.py:313: H5pyDeprecationWarning: dataset.value has been deprecated. Use dataset[()] instead.
  "Use dataset[()] instead.", H5pyDeprecationWarning)
/scratch/work/groszt1/envs/theanoLM/lib/python3.7/site-packages/h5py-2.9.0-py3.7-linux-x86_64.egg/h5py/_hl/dataset.py:313: H5pyDeprecationWarning: dataset.value has been deprecated. Use dataset[()] instead.
  "Use dataset[()] instead.", H5pyDeprecationWarning)
decode_theanolm finished.
/tmp/55030078/lattices
floatX=float32,device=cuda0,base_compiledir=/tmp/theano,exception_verbosity=high,openmp=False
/scratch/work/groszt1/envs/theanoLM/lib/python3.7/site-packages/theano/gpuarray/dnn.py:184: UserWarning: Your cuDNN version is more recent than Theano. If you encounter problems, try updating Theano or downgrading cuDNN to a version >= v5 and <= v7.
  warnings.warn("Your cuDNN version is more recent than "
Using cuDNN version 7600 on context None
Mapped name None to device cuda0: Tesla K80 (0000:85:00.0)
TheanoLM 1.3.2
Theano 1.0.4
pygpu 0.7.6
==
+ srun --gres=gpu:1 theanolm decode /scratch/work/moisioa3/conv_lm/experiments/theanolm-100k/expt10/nnlm.h5 --lattice-list /tmp/55030078/lattices/lattice-list --output-file /scratch/work/moisioa3/conv_lm/experiments/theanolm-100k/expt10/decode/devel/lambda=0.5-lms=10/36.trn --output trn --nnlm-weight 0.5 --lm-scale 10 --max-tokens-per-node 62 --beam 650 --recombination-order 22 --num-jobs 128 --job 36 --shortlist --unk-penalty=-20
2020-08-07 14:15:29,217 get_default_device: Context None device="Tesla K80" ID="0000:85:00.0"
2020-08-07 14:15:29,218 from_file: Reading vocabulary from network state.
2020-08-07 14:15:32,731 from_file: Number of words in vocabulary: 2427252
2020-08-07 14:15:32,732 from_file: Number of words in shortlist: 100003
2020-08-07 14:15:32,732 from_file: Number of word classes: 100003
2020-08-07 14:15:32,732 from_file: Building neural network.
2020-08-07 14:16:29,394 from_file: Restoring neural network state.
2020-08-07 14:16:30,210 decode: Building word lattice decoder.
2020-08-07 14:16:36,133 __iter__: Reading lattice file `/tmp/55030078/lattices/dspf007_dsp2013_17.lat.gz´.
2020-08-07 14:16:37,130 decode: Utterance `dspf007_dsp2013_17´ -- 1 of job 36
2020-08-07 14:17:45,844 __iter__: Reading lattice file `/tmp/55030078/lattices/dspm010_dsp2013_20.lat.gz´.
2020-08-07 14:17:48,039 decode: Utterance `dspm010_dsp2013_20´ -- 2 of job 36
2020-08-07 14:20:53,309 __iter__: Reading lattice file `/tmp/55030078/lattices/dspm019_dsp2013_13.lat.gz´.
2020-08-07 14:20:53,333 decode: Utterance `dspm019_dsp2013_13´ -- 3 of job 36
2020-08-07 14:20:55,518 __iter__: Reading lattice file `/tmp/55030078/lattices/dspm028_dsp2013_03.lat.gz´.
2020-08-07 14:20:55,917 decode: Utterance `dspm028_dsp2013_03´ -- 4 of job 36
2020-08-07 14:21:27,075 __iter__: Reading lattice file `/tmp/55030078/lattices/dspm039_dsp2013_03.lat.gz´.
2020-08-07 14:21:27,108 decode: Utterance `dspm039_dsp2013_03´ -- 5 of job 36
2020-08-07 14:21:29,752 __iter__: Reading lattice file `/tmp/55030078/lattices/dspm048_dsp2013_01.lat.gz´.
2020-08-07 14:21:29,799 decode: Utterance `dspm048_dsp2013_01´ -- 6 of job 36
2020-08-07 14:21:35,085 __iter__: Reading lattice file `/tmp/55030078/lattices/dspm056_dsp2013_05.lat.gz´.
2020-08-07 14:21:35,112 decode: Utterance `dspm056_dsp2013_05´ -- 7 of job 36
2020-08-07 14:21:37,638 __iter__: Reading lattice file `/tmp/55030078/lattices/radionoona_fym20071218_13.lat.gz´.
2020-08-07 14:21:37,689 decode: Utterance `radionoona_fym20071218_13´ -- 8 of job 36
/scratch/work/groszt1/envs/theanoLM/lib/python3.7/site-packages/theano/gpuarray/dnn.py:184: UserWarning: Your cuDNN version is more recent than Theano. If you encounter problems, try updating Theano or downgrading cuDNN to a version >= v5 and <= v7.
  warnings.warn("Your cuDNN version is more recent than "
Using cuDNN version 7600 on context None
Mapped name None to device cuda0: Tesla K80 (0000:85:00.0)
/scratch/work/groszt1/envs/theanoLM/lib/python3.7/site-packages/h5py-2.9.0-py3.7-linux-x86_64.egg/h5py/_hl/dataset.py:313: H5pyDeprecationWarning: dataset.value has been deprecated. Use dataset[()] instead.
  "Use dataset[()] instead.", H5pyDeprecationWarning)
/scratch/work/groszt1/envs/theanoLM/lib/python3.7/site-packages/h5py-2.9.0-py3.7-linux-x86_64.egg/h5py/_hl/dataset.py:313: H5pyDeprecationWarning: dataset.value has been deprecated. Use dataset[()] instead.
  "Use dataset[()] instead.", H5pyDeprecationWarning)
decode_theanolm finished.
