EXPT_NAME theanolm-100k
EXPT_PARAMS expt10
EXPT_WORK_DIR /scratch/work/moisioa3/conv_lm/experiments/theanolm-100k/expt10
Experiment: theanolm-100k/expt10
Job ID: 54319989
Task ID: 
Host: ivb17.int.triton.aalto.fi
Start date: Sun Jun 28 12:44:54 EEST 2020
Work directory: /scratch/work/moisioa3/conv_lm/experiments/theanolm-100k/expt10
Temporary directory: /tmp/54319989

Currently Loaded Modules:
  1) anaconda3/latest   2) gcc/9.2.0

 

floatX=float32,device=cpu,base_compiledir=/tmp/theano,exception_verbosity=high,openmp=False
WARNING (theano.tensor.blas): Using NumPy C-API based implementation for BLAS functions.
TheanoLM 1.3.2
Theano 1.0.4
pygpu 0.7.6
==
+ theanolm score /scratch/work/moisioa3/conv_lm/experiments/theanolm-100k/expt10/nnlm.h5 /scratch/work/moisioa3/conv_lm/data/devel/plain.txt --output-file /scratch/work/moisioa3/conv_lm/experiments/theanolm-100k/expt10/perplexity-devel-.txt --output perplexity --exclude-unk --shortlist
WARNING (theano.tensor.blas): Using NumPy C-API based implementation for BLAS functions.
2020-06-28 12:45:02,555 get_default_device: Theano is not using a GPU or an old version of libgpuarray is installed.
2020-06-28 12:45:02,556 from_file: Reading vocabulary from network state.
2020-06-28 12:45:05,394 from_file: Number of words in vocabulary: 2427252
2020-06-28 12:45:05,394 from_file: Number of words in shortlist: 100003
2020-06-28 12:45:05,394 from_file: Number of word classes: 100003
2020-06-28 12:45:05,394 from_file: Building neural network.
2020-06-28 12:45:49,654 from_file: Restoring neural network state.
2020-06-28 12:45:50,828 score: Building text scorer.
2020-06-28 12:46:53,099 score: Scoring text.
/scratch/work/groszt1/envs/theanoLM/lib/python3.7/site-packages/h5py-2.9.0-py3.7-linux-x86_64.egg/h5py/_hl/dataset.py:313: H5pyDeprecationWarning: dataset.value has been deprecated. Use dataset[()] instead.
  "Use dataset[()] instead.", H5pyDeprecationWarning)
/scratch/work/groszt1/envs/theanoLM/lib/python3.7/site-packages/h5py-2.9.0-py3.7-linux-x86_64.egg/h5py/_hl/dataset.py:313: H5pyDeprecationWarning: dataset.value has been deprecated. Use dataset[()] instead.
  "Use dataset[()] instead.", H5pyDeprecationWarning)
/scratch/work/groszt1/envs/theanoLM/lib/python3.7/site-packages/theano/tensor/subtensor.py:2339: FutureWarning: Using a non-tuple sequence for multidimensional indexing is deprecated; use `arr[tuple(seq)]` instead of `arr[seq]`. In the future this will be interpreted as an array index, `arr[np.array(seq)]`, which will result either in an error or a different result.
  out[0][inputs[2:]] = inputs[1]
/scratch/work/groszt1/envs/theanoLM/lib/python3.7/site-packages/theano/tensor/subtensor.py:2197: FutureWarning: Using a non-tuple sequence for multidimensional indexing is deprecated; use `arr[tuple(seq)]` instead of `arr[seq]`. In the future this will be interpreted as an array index, `arr[np.array(seq)]`, which will result either in an error or a different result.
  rval = inputs[0].__getitem__(inputs[1:])
+ theanolm score /scratch/work/moisioa3/conv_lm/experiments/theanolm-100k/expt10/nnlm.h5 /scratch/work/moisioa3/conv_lm/data/eval/plain.txt --output-file /scratch/work/moisioa3/conv_lm/experiments/theanolm-100k/expt10/perplexity-eval-.txt --output perplexity --exclude-unk --shortlist
WARNING (theano.tensor.blas): Using NumPy C-API based implementation for BLAS functions.
2020-06-28 12:57:42,297 get_default_device: Theano is not using a GPU or an old version of libgpuarray is installed.
2020-06-28 12:57:42,298 from_file: Reading vocabulary from network state.
2020-06-28 12:57:45,489 from_file: Number of words in vocabulary: 2427252
2020-06-28 12:57:45,490 from_file: Number of words in shortlist: 100003
2020-06-28 12:57:45,490 from_file: Number of word classes: 100003
2020-06-28 12:57:45,490 from_file: Building neural network.
2020-06-28 12:58:35,910 from_file: Restoring neural network state.
2020-06-28 12:58:37,154 score: Building text scorer.
2020-06-28 12:58:45,500 score: Scoring text.
/scratch/work/groszt1/envs/theanoLM/lib/python3.7/site-packages/h5py-2.9.0-py3.7-linux-x86_64.egg/h5py/_hl/dataset.py:313: H5pyDeprecationWarning: dataset.value has been deprecated. Use dataset[()] instead.
  "Use dataset[()] instead.", H5pyDeprecationWarning)
/scratch/work/groszt1/envs/theanoLM/lib/python3.7/site-packages/h5py-2.9.0-py3.7-linux-x86_64.egg/h5py/_hl/dataset.py:313: H5pyDeprecationWarning: dataset.value has been deprecated. Use dataset[()] instead.
  "Use dataset[()] instead.", H5pyDeprecationWarning)
/scratch/work/groszt1/envs/theanoLM/lib/python3.7/site-packages/theano/tensor/subtensor.py:2339: FutureWarning: Using a non-tuple sequence for multidimensional indexing is deprecated; use `arr[tuple(seq)]` instead of `arr[seq]`. In the future this will be interpreted as an array index, `arr[np.array(seq)]`, which will result either in an error or a different result.
  out[0][inputs[2:]] = inputs[1]
/scratch/work/groszt1/envs/theanoLM/lib/python3.7/site-packages/theano/tensor/subtensor.py:2197: FutureWarning: Using a non-tuple sequence for multidimensional indexing is deprecated; use `arr[tuple(seq)]` instead of `arr[seq]`. In the future this will be interpreted as an array index, `arr[np.array(seq)]`, which will result either in an error or a different result.
  rval = inputs[0].__getitem__(inputs[1:])
+ set +x
