EXPT_NAME theanolm-100k
EXPT_PARAMS expt10-seed4
EXPT_WORK_DIR /scratch/work/moisioa3/conv_lm/experiments/theanolm-100k/expt10-seed4
Experiment: theanolm-100k/expt10-seed4
Job ID: 54764817
Task ID: 0
Host: gpu37.int.triton.aalto.fi
Start date: Sun Jul 19 15:46:41 EEST 2020
Work directory: /scratch/work/moisioa3/conv_lm/experiments/theanolm-100k/expt10-seed4
Temporary directory: /tmp/54764817

Currently Loaded Modules:
  1) speech-scripts/2016.05.24-b928230   6) binutils/2.25-GCCcore-5.4.0
  2) srilm/default                       7) GCC/5.4.0-2.25
  3) cuda/10.0.130                       8) libgpuarray/2017.03.29-45c731f
  4) cudnn/7.4.2-cuda                    9) anaconda3/latest
  5) GCCcore/5.4.0

 

/tmp/54764817/lattices
floatX=float32,device=cuda0,base_compiledir=/tmp/theano,exception_verbosity=high,openmp=False
/scratch/work/groszt1/envs/theanoLM/lib/python3.7/site-packages/theano/gpuarray/dnn.py:184: UserWarning: Your cuDNN version is more recent than Theano. If you encounter problems, try updating Theano or downgrading cuDNN to a version >= v5 and <= v7.
  warnings.warn("Your cuDNN version is more recent than "
Using cuDNN version 7600 on context None
Mapped name None to device cuda0: Tesla V100-PCIE-32GB (0000:18:00.0)
TheanoLM 1.3.2
Theano 1.0.4
pygpu 0.7.6
==
+ srun --gres=gpu:1 theanolm decode /scratch/work/moisioa3/conv_lm/experiments/theanolm-100k/expt10-seed4/nnlm.h5 --lattice-list /tmp/54764817/lattices/lattice-list --output-file /scratch/work/moisioa3/conv_lm/experiments/theanolm-100k/expt10-seed4/decode/devel/lambda=0.5-lms=11/0.trn --output trn --nnlm-weight 0.5 --lm-scale 11 --max-tokens-per-node 62 --beam 650 --recombination-order 22 --num-jobs 10 --job 0 --shortlist --unk-penalty=-20
2020-07-19 15:46:54,487 get_default_device: Context None device="Tesla V100-PCIE-32GB" ID="0000:18:00.0"
2020-07-19 15:46:54,489 from_file: Reading vocabulary from network state.
2020-07-19 15:46:57,197 from_file: Number of words in vocabulary: 2427252
2020-07-19 15:46:57,198 from_file: Number of words in shortlist: 100003
2020-07-19 15:46:57,198 from_file: Number of word classes: 100003
2020-07-19 15:46:57,198 from_file: Building neural network.
2020-07-19 15:47:34,477 from_file: Restoring neural network state.
2020-07-19 15:47:35,821 decode: Building word lattice decoder.
/scratch/work/groszt1/envs/theanoLM/lib/python3.7/site-packages/theano/gpuarray/dnn.py:184: UserWarning: Your cuDNN version is more recent than Theano. If you encounter problems, try updating Theano or downgrading cuDNN to a version >= v5 and <= v7.
  warnings.warn("Your cuDNN version is more recent than "
Using cuDNN version 7600 on context None
Mapped name None to device cuda0: Tesla V100-PCIE-32GB (0000:18:00.0)
/scratch/work/groszt1/envs/theanoLM/lib/python3.7/site-packages/h5py-2.9.0-py3.7-linux-x86_64.egg/h5py/_hl/dataset.py:313: H5pyDeprecationWarning: dataset.value has been deprecated. Use dataset[()] instead.
  "Use dataset[()] instead.", H5pyDeprecationWarning)
/scratch/work/groszt1/envs/theanoLM/lib/python3.7/site-packages/h5py-2.9.0-py3.7-linux-x86_64.egg/h5py/_hl/dataset.py:313: H5pyDeprecationWarning: dataset.value has been deprecated. Use dataset[()] instead.
  "Use dataset[()] instead.", H5pyDeprecationWarning)
INFO (theano.gof.compilelock): Waiting for existing lock by process '22843' (I am process '22649')
2020-07-19 15:47:56,426 lock: Waiting for existing lock by process '22843' (I am process '22649')
INFO (theano.gof.compilelock): To manually release the lock, delete /tmp/theano/compiledir_Linux-3.10-el7.x86_64-x86_64-with-centos-7.8.2003-Core-x86_64-3.7.3-64/lock_dir
2020-07-19 15:47:56,426 lock: To manually release the lock, delete /tmp/theano/compiledir_Linux-3.10-el7.x86_64-x86_64-with-centos-7.8.2003-Core-x86_64-3.7.3-64/lock_dir
2020-07-19 15:48:05,322 __iter__: Reading lattice file `/tmp/54764817/lattices/dspf004_dsp2013_01.lat.gz´.
2020-07-19 15:48:05,757 decode: Utterance `dspf004_dsp2013_01´ -- 1 of job 0
2020-07-19 15:48:24,203 __iter__: Reading lattice file `/tmp/54764817/lattices/dspf004_dsp2013_12.lat.gz´.
2020-07-19 15:48:24,950 decode: Utterance `dspf004_dsp2013_12´ -- 2 of job 0
2020-07-19 15:49:11,298 __iter__: Reading lattice file `/tmp/54764817/lattices/dspf007_dsp2013_01.lat.gz´.
2020-07-19 15:49:12,828 decode: Utterance `dspf007_dsp2013_01´ -- 3 of job 0
2020-07-19 15:50:10,876 __iter__: Reading lattice file `/tmp/54764817/lattices/dspf007_dsp2013_11.lat.gz´.
2020-07-19 15:50:11,658 decode: Utterance `dspf007_dsp2013_11´ -- 4 of job 0
2020-07-19 15:50:49,364 __iter__: Reading lattice file `/tmp/54764817/lattices/dspm001_dsp2013_01.lat.gz´.
2020-07-19 15:50:49,817 decode: Utterance `dspm001_dsp2013_01´ -- 5 of job 0
2020-07-19 15:51:03,243 __iter__: Reading lattice file `/tmp/54764817/lattices/dspm001_dsp2013_11.lat.gz´.
2020-07-19 15:51:03,556 decode: Utterance `dspm001_dsp2013_11´ -- 6 of job 0
2020-07-19 15:51:16,225 __iter__: Reading lattice file `/tmp/54764817/lattices/dspm004_dsp2013_01.lat.gz´.
2020-07-19 15:51:16,363 decode: Utterance `dspm004_dsp2013_01´ -- 7 of job 0
2020-07-19 15:51:20,106 __iter__: Reading lattice file `/tmp/54764817/lattices/dspm004_dsp2013_11.lat.gz´.
2020-07-19 15:51:21,774 decode: Utterance `dspm004_dsp2013_11´ -- 8 of job 0
2020-07-19 15:52:19,719 __iter__: Reading lattice file `/tmp/54764817/lattices/dspm005_dsp2013_01.lat.gz´.
2020-07-19 15:52:19,735 decode: Utterance `dspm005_dsp2013_01´ -- 9 of job 0
2020-07-19 15:52:20,211 __iter__: Reading lattice file `/tmp/54764817/lattices/dspm005_dsp2013_11.lat.gz´.
2020-07-19 15:52:20,262 decode: Utterance `dspm005_dsp2013_11´ -- 10 of job 0
2020-07-19 15:52:21,922 __iter__: Reading lattice file `/tmp/54764817/lattices/dspm005_dsp2013_21.lat.gz´.
2020-07-19 15:52:22,213 decode: Utterance `dspm005_dsp2013_21´ -- 11 of job 0
2020-07-19 15:52:30,175 __iter__: Reading lattice file `/tmp/54764817/lattices/dspm006_dsp2013_11.lat.gz´.
2020-07-19 15:52:30,193 decode: Utterance `dspm006_dsp2013_11´ -- 12 of job 0
2020-07-19 15:52:30,855 __iter__: Reading lattice file `/tmp/54764817/lattices/dspm006_dsp2013_24.lat.gz´.
2020-07-19 15:52:30,860 decode: Utterance `dspm006_dsp2013_24´ -- 13 of job 0
2020-07-19 15:52:31,053 __iter__: Reading lattice file `/tmp/54764817/lattices/dspm007_dsp2013_12.lat.gz´.
2020-07-19 15:52:31,455 decode: Utterance `dspm007_dsp2013_12´ -- 14 of job 0
2020-07-19 15:52:46,947 __iter__: Reading lattice file `/tmp/54764817/lattices/dspm007_dsp2013_22.lat.gz´.
2020-07-19 15:52:46,990 decode: Utterance `dspm007_dsp2013_22´ -- 15 of job 0
2020-07-19 15:52:48,406 __iter__: Reading lattice file `/tmp/54764817/lattices/dspm010_dsp2013_03.lat.gz´.
2020-07-19 15:52:49,325 decode: Utterance `dspm010_dsp2013_03´ -- 16 of job 0
2020-07-19 15:53:35,949 __iter__: Reading lattice file `/tmp/54764817/lattices/dspm010_dsp2013_13.lat.gz´.
2020-07-19 15:53:36,011 decode: Utterance `dspm010_dsp2013_13´ -- 17 of job 0
2020-07-19 15:53:38,752 __iter__: Reading lattice file `/tmp/54764817/lattices/dspm011_dsp2013_03.lat.gz´.
2020-07-19 15:53:38,794 decode: Utterance `dspm011_dsp2013_03´ -- 18 of job 0
2020-07-19 15:53:40,011 __iter__: Reading lattice file `/tmp/54764817/lattices/dspm011_dsp2013_13.lat.gz´.
2020-07-19 15:53:40,015 decode: Utterance `dspm011_dsp2013_13´ -- 19 of job 0
2020-07-19 15:53:40,172 __iter__: Reading lattice file `/tmp/54764817/lattices/dspm011_dsp2013_23.lat.gz´.
2020-07-19 15:53:40,296 decode: Utterance `dspm011_dsp2013_23´ -- 20 of job 0
2020-07-19 15:53:42,786 __iter__: Reading lattice file `/tmp/54764817/lattices/dspm014_dsp2013_12.lat.gz´.
2020-07-19 15:53:42,851 decode: Utterance `dspm014_dsp2013_12´ -- 21 of job 0
2020-07-19 15:53:44,982 __iter__: Reading lattice file `/tmp/54764817/lattices/dspm014_dsp2013_30.lat.gz´.
2020-07-19 15:53:45,121 decode: Utterance `dspm014_dsp2013_30´ -- 22 of job 0
2020-07-19 15:53:49,287 __iter__: Reading lattice file `/tmp/54764817/lattices/dspm015_dsp2013_07.lat.gz´.
2020-07-19 15:53:49,664 decode: Utterance `dspm015_dsp2013_07´ -- 23 of job 0
2020-07-19 15:54:04,716 __iter__: Reading lattice file `/tmp/54764817/lattices/dspm015_dsp2013_17.lat.gz´.
2020-07-19 15:54:04,771 decode: Utterance `dspm015_dsp2013_17´ -- 24 of job 0
2020-07-19 15:54:06,875 __iter__: Reading lattice file `/tmp/54764817/lattices/dspm017_dsp2013_20.lat.gz´.
2020-07-19 15:54:07,031 decode: Utterance `dspm017_dsp2013_20´ -- 25 of job 0
2020-07-19 15:54:12,353 __iter__: Reading lattice file `/tmp/54764817/lattices/dspm017_dsp2013_55.lat.gz´.
2020-07-19 15:54:13,220 decode: Utterance `dspm017_dsp2013_55´ -- 26 of job 0
2020-07-19 15:54:59,509 __iter__: Reading lattice file `/tmp/54764817/lattices/dspm017_dsp2013_97.lat.gz´.
2020-07-19 15:55:00,798 decode: Utterance `dspm017_dsp2013_97´ -- 27 of job 0
2020-07-19 15:56:03,198 __iter__: Reading lattice file `/tmp/54764817/lattices/dspm018_dsp2013_13.lat.gz´.
2020-07-19 15:56:03,200 decode: Utterance `dspm018_dsp2013_13´ -- 28 of job 0
2020-07-19 15:56:03,317 __iter__: Reading lattice file `/tmp/54764817/lattices/dspm018_dsp2013_23.lat.gz´.
2020-07-19 15:56:03,342 decode: Utterance `dspm018_dsp2013_23´ -- 29 of job 0
2020-07-19 15:56:04,072 __iter__: Reading lattice file `/tmp/54764817/lattices/dspm019_dsp2013_11.lat.gz´.
2020-07-19 15:56:04,113 decode: Utterance `dspm019_dsp2013_11´ -- 30 of job 0
2020-07-19 15:56:05,561 __iter__: Reading lattice file `/tmp/54764817/lattices/dspm021_dsp2013_01.lat.gz´.
2020-07-19 15:56:05,661 decode: Utterance `dspm021_dsp2013_01´ -- 31 of job 0
2020-07-19 15:56:09,059 __iter__: Reading lattice file `/tmp/54764817/lattices/dspm021_dsp2013_12.lat.gz´.
2020-07-19 15:56:09,135 decode: Utterance `dspm021_dsp2013_12´ -- 32 of job 0
2020-07-19 15:56:12,875 __iter__: Reading lattice file `/tmp/54764817/lattices/dspm021_dsp2013_23.lat.gz´.
2020-07-19 15:56:13,181 decode: Utterance `dspm021_dsp2013_23´ -- 33 of job 0
2020-07-19 15:56:24,747 __iter__: Reading lattice file `/tmp/54764817/lattices/dspm022_dsp2013_08.lat.gz´.
2020-07-19 15:56:24,778 decode: Utterance `dspm022_dsp2013_08´ -- 34 of job 0
2020-07-19 15:56:25,436 __iter__: Reading lattice file `/tmp/54764817/lattices/dspm022_dsp2013_18.lat.gz´.
2020-07-19 15:56:25,468 decode: Utterance `dspm022_dsp2013_18´ -- 35 of job 0
2020-07-19 15:56:26,330 __iter__: Reading lattice file `/tmp/54764817/lattices/dspm022_dsp2013_28.lat.gz´.
2020-07-19 15:56:28,476 decode: Utterance `dspm022_dsp2013_28´ -- 36 of job 0
2020-07-19 15:58:12,247 __iter__: Reading lattice file `/tmp/54764817/lattices/dspm024_dsp2013_04.lat.gz´.
2020-07-19 15:58:12,290 decode: Utterance `dspm024_dsp2013_04´ -- 37 of job 0
2020-07-19 15:58:13,669 __iter__: Reading lattice file `/tmp/54764817/lattices/dspm024_dsp2013_14.lat.gz´.
2020-07-19 15:58:13,676 decode: Utterance `dspm024_dsp2013_14´ -- 38 of job 0
2020-07-19 15:58:13,902 __iter__: Reading lattice file `/tmp/54764817/lattices/dspm025_dsp2013_09.lat.gz´.
2020-07-19 15:58:13,920 decode: Utterance `dspm025_dsp2013_09´ -- 39 of job 0
2020-07-19 15:58:14,336 __iter__: Reading lattice file `/tmp/54764817/lattices/dspm025_dsp2013_21.lat.gz´.
2020-07-19 15:58:14,573 decode: Utterance `dspm025_dsp2013_21´ -- 40 of job 0
2020-07-19 15:58:22,394 __iter__: Reading lattice file `/tmp/54764817/lattices/dspm026_dsp2013_03.lat.gz´.
2020-07-19 15:58:22,425 decode: Utterance `dspm026_dsp2013_03´ -- 41 of job 0
2020-07-19 15:58:23,684 __iter__: Reading lattice file `/tmp/54764817/lattices/dspm026_dsp2013_13.lat.gz´.
2020-07-19 15:58:23,736 decode: Utterance `dspm026_dsp2013_13´ -- 42 of job 0
2020-07-19 15:58:25,515 __iter__: Reading lattice file `/tmp/54764817/lattices/dspm028_dsp2013_03.lat.gz´.
2020-07-19 15:58:25,779 decode: Utterance `dspm028_dsp2013_03´ -- 43 of job 0
2020-07-19 15:58:34,490 __iter__: Reading lattice file `/tmp/54764817/lattices/dspm028_dsp2013_13.lat.gz´.
2020-07-19 15:58:34,589 decode: Utterance `dspm028_dsp2013_13´ -- 44 of job 0
2020-07-19 15:58:37,713 __iter__: Reading lattice file `/tmp/54764817/lattices/dspm031_dsp2013_03.lat.gz´.
2020-07-19 15:58:37,726 decode: Utterance `dspm031_dsp2013_03´ -- 45 of job 0
2020-07-19 15:58:38,129 __iter__: Reading lattice file `/tmp/54764817/lattices/dspm031_dsp2013_13.lat.gz´.
2020-07-19 15:58:38,523 decode: Utterance `dspm031_dsp2013_13´ -- 46 of job 0
2020-07-19 15:58:52,681 __iter__: Reading lattice file `/tmp/54764817/lattices/dspm031_dsp2013_23.lat.gz´.
2020-07-19 15:58:52,783 decode: Utterance `dspm031_dsp2013_23´ -- 47 of job 0
2020-07-19 15:58:57,548 __iter__: Reading lattice file `/tmp/54764817/lattices/dspm032_dsp2013_08.lat.gz´.
2020-07-19 15:58:57,572 decode: Utterance `dspm032_dsp2013_08´ -- 48 of job 0
2020-07-19 15:58:58,398 __iter__: Reading lattice file `/tmp/54764817/lattices/dspm032_dsp2013_18.lat.gz´.
2020-07-19 15:58:58,518 decode: Utterance `dspm032_dsp2013_18´ -- 49 of job 0
2020-07-19 15:59:02,392 __iter__: Reading lattice file `/tmp/54764817/lattices/dspm033_dsp2013_12.lat.gz´.
2020-07-19 15:59:02,508 decode: Utterance `dspm033_dsp2013_12´ -- 50 of job 0
2020-07-19 15:59:06,750 __iter__: Reading lattice file `/tmp/54764817/lattices/dspm033_dsp2013_42.lat.gz´.
2020-07-19 15:59:06,825 decode: Utterance `dspm033_dsp2013_42´ -- 51 of job 0
2020-07-19 15:59:10,092 __iter__: Reading lattice file `/tmp/54764817/lattices/dspm034_dsp2013_04.lat.gz´.
2020-07-19 15:59:10,394 decode: Utterance `dspm034_dsp2013_04´ -- 52 of job 0
2020-07-19 15:59:22,915 __iter__: Reading lattice file `/tmp/54764817/lattices/dspm034_dsp2013_14.lat.gz´.
2020-07-19 15:59:22,948 decode: Utterance `dspm034_dsp2013_14´ -- 53 of job 0
2020-07-19 15:59:23,799 __iter__: Reading lattice file `/tmp/54764817/lattices/dspm036_dsp2013_28.lat.gz´.
2020-07-19 15:59:23,929 decode: Utterance `dspm036_dsp2013_28´ -- 54 of job 0
2020-07-19 15:59:31,219 __iter__: Reading lattice file `/tmp/54764817/lattices/dspm036_dsp2013_39.lat.gz´.
2020-07-19 15:59:31,531 decode: Utterance `dspm036_dsp2013_39´ -- 55 of job 0
2020-07-19 15:59:50,043 __iter__: Reading lattice file `/tmp/54764817/lattices/dspm039_dsp2013_05.lat.gz´.
2020-07-19 15:59:50,149 decode: Utterance `dspm039_dsp2013_05´ -- 56 of job 0
2020-07-19 15:59:53,245 __iter__: Reading lattice file `/tmp/54764817/lattices/dspm039_dsp2013_17.lat.gz´.
2020-07-19 15:59:53,438 decode: Utterance `dspm039_dsp2013_17´ -- 57 of job 0
2020-07-19 16:00:01,727 __iter__: Reading lattice file `/tmp/54764817/lattices/dspm039_dsp2013_27.lat.gz´.
2020-07-19 16:00:02,179 decode: Utterance `dspm039_dsp2013_27´ -- 58 of job 0
2020-07-19 16:00:23,915 __iter__: Reading lattice file `/tmp/54764817/lattices/dspm040_dsp2013_10.lat.gz´.
2020-07-19 16:00:24,352 decode: Utterance `dspm040_dsp2013_10´ -- 59 of job 0
2020-07-19 16:00:40,100 __iter__: Reading lattice file `/tmp/54764817/lattices/dspm040_dsp2013_20.lat.gz´.
2020-07-19 16:00:40,271 decode: Utterance `dspm040_dsp2013_20´ -- 60 of job 0
2020-07-19 16:00:46,778 __iter__: Reading lattice file `/tmp/54764817/lattices/dspm042_dsp2013_12.lat.gz´.
2020-07-19 16:00:46,878 decode: Utterance `dspm042_dsp2013_12´ -- 61 of job 0
2020-07-19 16:00:50,128 __iter__: Reading lattice file `/tmp/54764817/lattices/dspm042_dsp2013_22.lat.gz´.
2020-07-19 16:00:50,131 decode: Utterance `dspm042_dsp2013_22´ -- 62 of job 0
2020-07-19 16:00:50,268 __iter__: Reading lattice file `/tmp/54764817/lattices/dspm043_dsp2013_15.lat.gz´.
2020-07-19 16:00:50,277 decode: Utterance `dspm043_dsp2013_15´ -- 63 of job 0
2020-07-19 16:00:50,551 __iter__: Reading lattice file `/tmp/54764817/lattices/dspm043_dsp2013_30.lat.gz´.
2020-07-19 16:00:50,875 decode: Utterance `dspm043_dsp2013_30´ -- 64 of job 0
2020-07-19 16:01:04,161 __iter__: Reading lattice file `/tmp/54764817/lattices/dspm045_dsp2013_05.lat.gz´.
2020-07-19 16:01:04,320 decode: Utterance `dspm045_dsp2013_05´ -- 65 of job 0
2020-07-19 16:01:11,378 __iter__: Reading lattice file `/tmp/54764817/lattices/dspm045_dsp2013_15.lat.gz´.
2020-07-19 16:01:11,633 decode: Utterance `dspm045_dsp2013_15´ -- 66 of job 0
2020-07-19 16:01:18,867 __iter__: Reading lattice file `/tmp/54764817/lattices/dspm047_dsp2013_05.lat.gz´.
2020-07-19 16:01:19,017 decode: Utterance `dspm047_dsp2013_05´ -- 67 of job 0
2020-07-19 16:01:22,856 __iter__: Reading lattice file `/tmp/54764817/lattices/dspm047_dsp2013_15.lat.gz´.
2020-07-19 16:01:22,990 decode: Utterance `dspm047_dsp2013_15´ -- 68 of job 0
2020-07-19 16:01:30,138 __iter__: Reading lattice file `/tmp/54764817/lattices/dspm048_dsp2013_05.lat.gz´.
2020-07-19 16:01:30,175 decode: Utterance `dspm048_dsp2013_05´ -- 69 of job 0
2020-07-19 16:01:31,402 __iter__: Reading lattice file `/tmp/54764817/lattices/dspm048_dsp2013_15.lat.gz´.
2020-07-19 16:01:31,532 decode: Utterance `dspm048_dsp2013_15´ -- 70 of job 0
2020-07-19 16:01:37,006 __iter__: Reading lattice file `/tmp/54764817/lattices/dspm049_dsp2013_04.lat.gz´.
2020-07-19 16:01:37,319 decode: Utterance `dspm049_dsp2013_04´ -- 71 of job 0
2020-07-19 16:01:49,538 __iter__: Reading lattice file `/tmp/54764817/lattices/dspm049_dsp2013_14.lat.gz´.
2020-07-19 16:01:51,211 decode: Utterance `dspm049_dsp2013_14´ -- 72 of job 0
2020-07-19 16:02:55,429 __iter__: Reading lattice file `/tmp/54764817/lattices/dspm050_dsp2013_09.lat.gz´.
2020-07-19 16:02:55,452 decode: Utterance `dspm050_dsp2013_09´ -- 73 of job 0
2020-07-19 16:02:56,712 __iter__: Reading lattice file `/tmp/54764817/lattices/dspm050_dsp2013_23.lat.gz´.
2020-07-19 16:02:56,845 decode: Utterance `dspm050_dsp2013_23´ -- 74 of job 0
2020-07-19 16:03:02,659 __iter__: Reading lattice file `/tmp/54764817/lattices/dspm052_dsp2013_02.lat.gz´.
2020-07-19 16:03:02,986 decode: Utterance `dspm052_dsp2013_02´ -- 75 of job 0
2020-07-19 16:03:17,367 __iter__: Reading lattice file `/tmp/54764817/lattices/dspm052_dsp2013_12.lat.gz´.
2020-07-19 16:03:17,670 decode: Utterance `dspm052_dsp2013_12´ -- 76 of job 0
2020-07-19 16:03:25,987 __iter__: Reading lattice file `/tmp/54764817/lattices/dspm054_dsp2013_02.lat.gz´.
2020-07-19 16:03:26,658 decode: Utterance `dspm054_dsp2013_02´ -- 77 of job 0
2020-07-19 16:03:53,952 __iter__: Reading lattice file `/tmp/54764817/lattices/dspm054_dsp2013_14.lat.gz´.
2020-07-19 16:03:54,089 decode: Utterance `dspm054_dsp2013_14´ -- 78 of job 0
2020-07-19 16:03:57,844 __iter__: Reading lattice file `/tmp/54764817/lattices/dspm055_dsp2013_01.lat.gz´.
2020-07-19 16:03:57,872 decode: Utterance `dspm055_dsp2013_01´ -- 79 of job 0
2020-07-19 16:03:58,684 __iter__: Reading lattice file `/tmp/54764817/lattices/dspm055_dsp2013_11.lat.gz´.
2020-07-19 16:03:58,800 decode: Utterance `dspm055_dsp2013_11´ -- 80 of job 0
2020-07-19 16:04:04,740 __iter__: Reading lattice file `/tmp/54764817/lattices/dspm056_dsp2013_01.lat.gz´.
2020-07-19 16:04:04,978 decode: Utterance `dspm056_dsp2013_01´ -- 81 of job 0
2020-07-19 16:04:11,711 __iter__: Reading lattice file `/tmp/54764817/lattices/dspm056_dsp2013_11.lat.gz´.
2020-07-19 16:04:11,866 decode: Utterance `dspm056_dsp2013_11´ -- 82 of job 0
2020-07-19 16:04:17,259 __iter__: Reading lattice file `/tmp/54764817/lattices/dspm057_dsp2013_01.lat.gz´.
2020-07-19 16:04:17,701 decode: Utterance `dspm057_dsp2013_01´ -- 83 of job 0
2020-07-19 16:04:30,218 __iter__: Reading lattice file `/tmp/54764817/lattices/dspm057_dsp2013_11.lat.gz´.
2020-07-19 16:04:30,595 decode: Utterance `dspm057_dsp2013_11´ -- 84 of job 0
2020-07-19 16:04:43,284 __iter__: Reading lattice file `/tmp/54764817/lattices/dspm058_dsp2013_01.lat.gz´.
2020-07-19 16:04:43,316 decode: Utterance `dspm058_dsp2013_01´ -- 85 of job 0
2020-07-19 16:04:44,010 __iter__: Reading lattice file `/tmp/54764817/lattices/dspm058_dsp2013_12.lat.gz´.
2020-07-19 16:04:44,377 decode: Utterance `dspm058_dsp2013_12´ -- 86 of job 0
2020-07-19 16:04:59,205 __iter__: Reading lattice file `/tmp/54764817/lattices/dspm058_dsp2013_23.lat.gz´.
2020-07-19 16:04:59,271 decode: Utterance `dspm058_dsp2013_23´ -- 87 of job 0
2020-07-19 16:05:01,224 __iter__: Reading lattice file `/tmp/54764817/lattices/radioanne_fym20071218_30.lat.gz´.
2020-07-19 16:05:01,236 decode: Utterance `radioanne_fym20071218_30´ -- 88 of job 0
2020-07-19 16:05:01,446 __iter__: Reading lattice file `/tmp/54764817/lattices/radiojake_kbk20120915_17.lat.gz´.
2020-07-19 16:05:02,735 decode: Utterance `radiojake_kbk20120915_17´ -- 89 of job 0
2020-07-19 16:05:59,480 __iter__: Reading lattice file `/tmp/54764817/lattices/radiojake_kbk20120915_3.lat.gz´.
2020-07-19 16:05:59,820 decode: Utterance `radiojake_kbk20120915_3´ -- 90 of job 0
2020-07-19 16:06:13,819 __iter__: Reading lattice file `/tmp/54764817/lattices/radiojake_kbk20120915_67.lat.gz´.
2020-07-19 16:06:13,943 decode: Utterance `radiojake_kbk20120915_67´ -- 91 of job 0
2020-07-19 16:06:19,173 __iter__: Reading lattice file `/tmp/54764817/lattices/radiojake_kbk20120915_95.lat.gz´.
2020-07-19 16:06:19,282 decode: Utterance `radiojake_kbk20120915_95´ -- 92 of job 0
2020-07-19 16:06:25,396 __iter__: Reading lattice file `/tmp/54764817/lattices/radiokassu_kbk20120915_49.lat.gz´.
2020-07-19 16:06:25,843 decode: Utterance `radiokassu_kbk20120915_49´ -- 93 of job 0
2020-07-19 16:06:43,822 __iter__: Reading lattice file `/tmp/54764817/lattices/radiokassu_kbk20120915_7.lat.gz´.
2020-07-19 16:06:44,111 decode: Utterance `radiokassu_kbk20120915_7´ -- 94 of job 0
2020-07-19 16:06:56,358 __iter__: Reading lattice file `/tmp/54764817/lattices/radionoona_fym20071218_29.lat.gz´.
2020-07-19 16:06:56,385 decode: Utterance `radionoona_fym20071218_29´ -- 95 of job 0
2020-07-19 16:06:57,076 __iter__: Reading lattice file `/tmp/54764817/lattices/radioshaka_kbk20120915_106.lat.gz´.
2020-07-19 16:06:59,161 decode: Utterance `radioshaka_kbk20120915_106´ -- 96 of job 0
2020-07-19 16:08:17,732 __iter__: Reading lattice file `/tmp/54764817/lattices/radioshaka_kbk20120915_23.lat.gz´.
2020-07-19 16:08:18,223 decode: Utterance `radioshaka_kbk20120915_23´ -- 97 of job 0
2020-07-19 16:08:33,464 __iter__: Reading lattice file `/tmp/54764817/lattices/radioshaka_kbk20120915_57.lat.gz´.
2020-07-19 16:08:33,497 decode: Utterance `radioshaka_kbk20120915_57´ -- 98 of job 0
2020-07-19 16:08:34,218 __iter__: Reading lattice file `/tmp/54764817/lattices/radioshaka_kbk20120915_81.lat.gz´.
2020-07-19 16:08:34,403 decode: Utterance `radioshaka_kbk20120915_81´ -- 99 of job 0
decode_theanolm finished.
