EXPT_NAME theanolm-100k
EXPT_PARAMS expt10-seed4
EXPT_WORK_DIR /scratch/work/moisioa3/conv_lm/experiments/theanolm-100k/expt10-seed4
Experiment: theanolm-100k/expt10-seed4
Job ID: 54764841
Task ID: 24
Host: gpu8.int.triton.aalto.fi
Start date: Sun Jul 19 15:46:41 EEST 2020
Work directory: /scratch/work/moisioa3/conv_lm/experiments/theanolm-100k/expt10-seed4
Temporary directory: /tmp/54764841

Currently Loaded Modules:
  1) speech-scripts/2016.05.24-b928230   6) binutils/2.25-GCCcore-5.4.0
  2) srilm/default                       7) GCC/5.4.0-2.25
  3) cuda/10.0.130                       8) libgpuarray/2017.03.29-45c731f
  4) cudnn/7.4.2-cuda                    9) anaconda3/latest
  5) GCCcore/5.4.0

 

/tmp/54764841/lattices
floatX=float32,device=cuda0,base_compiledir=/tmp/theano,exception_verbosity=high,openmp=False
/scratch/work/groszt1/envs/theanoLM/lib/python3.7/site-packages/theano/gpuarray/dnn.py:184: UserWarning: Your cuDNN version is more recent than Theano. If you encounter problems, try updating Theano or downgrading cuDNN to a version >= v5 and <= v7.
  warnings.warn("Your cuDNN version is more recent than "
Using cuDNN version 7600 on context None
Mapped name None to device cuda0: Tesla V100-PCIE-32GB (0000:18:00.0)
TheanoLM 1.3.2
Theano 1.0.4
pygpu 0.7.6
==
+ srun --gres=gpu:1 theanolm decode /scratch/work/moisioa3/conv_lm/experiments/theanolm-100k/expt10-seed4/nnlm.h5 --lattice-list /tmp/54764841/lattices/lattice-list --output-file /scratch/work/moisioa3/conv_lm/experiments/theanolm-100k/expt10-seed4/decode/devel/lambda=0.5-lms=13/4.trn --output trn --nnlm-weight 0.5 --lm-scale 13 --max-tokens-per-node 62 --beam 650 --recombination-order 22 --num-jobs 10 --job 4 --shortlist --unk-penalty=-20
2020-07-19 15:47:09,013 get_default_device: Context None device="Tesla V100-PCIE-32GB" ID="0000:18:00.0"
2020-07-19 15:47:09,013 from_file: Reading vocabulary from network state.
2020-07-19 15:47:11,721 from_file: Number of words in vocabulary: 2427252
2020-07-19 15:47:11,721 from_file: Number of words in shortlist: 100003
2020-07-19 15:47:11,721 from_file: Number of word classes: 100003
2020-07-19 15:47:11,721 from_file: Building neural network.
2020-07-19 15:47:47,442 from_file: Restoring neural network state.
2020-07-19 15:47:48,171 decode: Building word lattice decoder.
2020-07-19 15:47:57,376 __iter__: Reading lattice file `/tmp/54764841/lattices/dspf004_dsp2013_06.lat.gz´.
2020-07-19 15:47:57,579 decode: Utterance `dspf004_dsp2013_06´ -- 1 of job 4
2020-07-19 15:48:05,021 __iter__: Reading lattice file `/tmp/54764841/lattices/dspf004_dsp2013_16.lat.gz´.
2020-07-19 15:48:05,474 decode: Utterance `dspf004_dsp2013_16´ -- 2 of job 4
2020-07-19 15:48:39,050 __iter__: Reading lattice file `/tmp/54764841/lattices/dspf007_dsp2013_05.lat.gz´.
2020-07-19 15:48:39,763 decode: Utterance `dspf007_dsp2013_05´ -- 3 of job 4
2020-07-19 15:49:18,753 __iter__: Reading lattice file `/tmp/54764841/lattices/dspf007_dsp2013_15.lat.gz´.
2020-07-19 15:49:19,185 decode: Utterance `dspf007_dsp2013_15´ -- 4 of job 4
2020-07-19 15:49:34,250 __iter__: Reading lattice file `/tmp/54764841/lattices/dspm001_dsp2013_05.lat.gz´.
2020-07-19 15:49:34,276 decode: Utterance `dspm001_dsp2013_05´ -- 5 of job 4
2020-07-19 15:49:35,011 __iter__: Reading lattice file `/tmp/54764841/lattices/dspm001_dsp2013_15.lat.gz´.
2020-07-19 15:49:35,031 decode: Utterance `dspm001_dsp2013_15´ -- 6 of job 4
2020-07-19 15:49:35,619 __iter__: Reading lattice file `/tmp/54764841/lattices/dspm004_dsp2013_05.lat.gz´.
2020-07-19 15:49:35,803 decode: Utterance `dspm004_dsp2013_05´ -- 7 of job 4
2020-07-19 15:49:43,040 __iter__: Reading lattice file `/tmp/54764841/lattices/dspm004_dsp2013_15.lat.gz´.
2020-07-19 15:49:43,178 decode: Utterance `dspm004_dsp2013_15´ -- 8 of job 4
2020-07-19 15:49:49,451 __iter__: Reading lattice file `/tmp/54764841/lattices/dspm005_dsp2013_05.lat.gz´.
2020-07-19 15:49:49,477 decode: Utterance `dspm005_dsp2013_05´ -- 9 of job 4
2020-07-19 15:49:50,276 __iter__: Reading lattice file `/tmp/54764841/lattices/dspm005_dsp2013_15.lat.gz´.
2020-07-19 15:49:50,483 decode: Utterance `dspm005_dsp2013_15´ -- 10 of job 4
2020-07-19 15:49:56,355 __iter__: Reading lattice file `/tmp/54764841/lattices/dspm006_dsp2013_05.lat.gz´.
2020-07-19 15:49:56,362 decode: Utterance `dspm006_dsp2013_05´ -- 11 of job 4
2020-07-19 15:49:56,580 __iter__: Reading lattice file `/tmp/54764841/lattices/dspm006_dsp2013_17.lat.gz´.
2020-07-19 15:49:56,603 decode: Utterance `dspm006_dsp2013_17´ -- 12 of job 4
2020-07-19 15:49:57,358 __iter__: Reading lattice file `/tmp/54764841/lattices/dspm007_dsp2013_02.lat.gz´.
2020-07-19 15:49:57,541 decode: Utterance `dspm007_dsp2013_02´ -- 13 of job 4
2020-07-19 15:50:03,221 __iter__: Reading lattice file `/tmp/54764841/lattices/dspm007_dsp2013_16.lat.gz´.
2020-07-19 15:50:03,722 decode: Utterance `dspm007_dsp2013_16´ -- 14 of job 4
2020-07-19 15:50:20,025 __iter__: Reading lattice file `/tmp/54764841/lattices/dspm007_dsp2013_26.lat.gz´.
2020-07-19 15:50:20,206 decode: Utterance `dspm007_dsp2013_26´ -- 15 of job 4
2020-07-19 15:50:28,215 __iter__: Reading lattice file `/tmp/54764841/lattices/dspm010_dsp2013_07.lat.gz´.
2020-07-19 15:50:29,578 decode: Utterance `dspm010_dsp2013_07´ -- 16 of job 4
2020-07-19 15:51:11,364 __iter__: Reading lattice file `/tmp/54764841/lattices/dspm010_dsp2013_20.lat.gz´.
2020-07-19 15:51:12,771 decode: Utterance `dspm010_dsp2013_20´ -- 17 of job 4
2020-07-19 15:52:12,064 __iter__: Reading lattice file `/tmp/54764841/lattices/dspm011_dsp2013_07.lat.gz´.
2020-07-19 15:52:12,096 decode: Utterance `dspm011_dsp2013_07´ -- 18 of job 4
2020-07-19 15:52:13,147 __iter__: Reading lattice file `/tmp/54764841/lattices/dspm011_dsp2013_17.lat.gz´.
2020-07-19 15:52:13,174 decode: Utterance `dspm011_dsp2013_17´ -- 19 of job 4
2020-07-19 15:52:13,757 __iter__: Reading lattice file `/tmp/54764841/lattices/dspm014_dsp2013_01.lat.gz´.
2020-07-19 15:52:14,211 decode: Utterance `dspm014_dsp2013_01´ -- 20 of job 4
2020-07-19 15:52:36,158 __iter__: Reading lattice file `/tmp/54764841/lattices/dspm014_dsp2013_24.lat.gz´.
2020-07-19 15:52:36,567 decode: Utterance `dspm014_dsp2013_24´ -- 21 of job 4
2020-07-19 15:52:58,945 __iter__: Reading lattice file `/tmp/54764841/lattices/dspm015_dsp2013_01.lat.gz´.
2020-07-19 15:53:00,810 decode: Utterance `dspm015_dsp2013_01´ -- 22 of job 4
2020-07-19 15:54:13,127 __iter__: Reading lattice file `/tmp/54764841/lattices/dspm015_dsp2013_11.lat.gz´.
2020-07-19 15:54:13,589 decode: Utterance `dspm015_dsp2013_11´ -- 23 of job 4
2020-07-19 15:54:28,220 __iter__: Reading lattice file `/tmp/54764841/lattices/dspm017_dsp2013_101.lat.gz´.
2020-07-19 15:54:28,747 decode: Utterance `dspm017_dsp2013_101´ -- 24 of job 4
2020-07-19 15:54:50,301 __iter__: Reading lattice file `/tmp/54764841/lattices/dspm017_dsp2013_34.lat.gz´.
2020-07-19 15:54:50,666 decode: Utterance `dspm017_dsp2013_34´ -- 25 of job 4
2020-07-19 15:55:00,317 __iter__: Reading lattice file `/tmp/54764841/lattices/dspm017_dsp2013_77.lat.gz´.
2020-07-19 15:55:01,026 decode: Utterance `dspm017_dsp2013_77´ -- 26 of job 4
2020-07-19 15:55:28,760 __iter__: Reading lattice file `/tmp/54764841/lattices/dspm018_dsp2013_07.lat.gz´.
2020-07-19 15:55:28,968 decode: Utterance `dspm018_dsp2013_07´ -- 27 of job 4
2020-07-19 15:55:38,287 __iter__: Reading lattice file `/tmp/54764841/lattices/dspm018_dsp2013_17.lat.gz´.
2020-07-19 15:55:38,307 decode: Utterance `dspm018_dsp2013_17´ -- 28 of job 4
2020-07-19 15:55:38,871 __iter__: Reading lattice file `/tmp/54764841/lattices/dspm019_dsp2013_05.lat.gz´.
2020-07-19 15:55:38,876 decode: Utterance `dspm019_dsp2013_05´ -- 29 of job 4
2020-07-19 15:55:39,029 __iter__: Reading lattice file `/tmp/54764841/lattices/dspm019_dsp2013_15.lat.gz´.
2020-07-19 15:55:39,071 decode: Utterance `dspm019_dsp2013_15´ -- 30 of job 4
2020-07-19 15:55:40,378 __iter__: Reading lattice file `/tmp/54764841/lattices/dspm021_dsp2013_06.lat.gz´.
2020-07-19 15:55:41,071 decode: Utterance `dspm021_dsp2013_06´ -- 31 of job 4
2020-07-19 15:56:39,092 __iter__: Reading lattice file `/tmp/54764841/lattices/dspm021_dsp2013_16.lat.gz´.
2020-07-19 15:56:39,110 decode: Utterance `dspm021_dsp2013_16´ -- 32 of job 4
2020-07-19 15:56:39,766 __iter__: Reading lattice file `/tmp/54764841/lattices/dspm022_dsp2013_02.lat.gz´.
2020-07-19 15:56:39,789 decode: Utterance `dspm022_dsp2013_02´ -- 33 of job 4
2020-07-19 15:56:40,548 __iter__: Reading lattice file `/tmp/54764841/lattices/dspm022_dsp2013_12.lat.gz´.
2020-07-19 15:56:40,630 decode: Utterance `dspm022_dsp2013_12´ -- 34 of job 4
2020-07-19 15:56:44,457 __iter__: Reading lattice file `/tmp/54764841/lattices/dspm022_dsp2013_22.lat.gz´.
2020-07-19 15:56:44,519 decode: Utterance `dspm022_dsp2013_22´ -- 35 of job 4
2020-07-19 15:56:46,997 __iter__: Reading lattice file `/tmp/54764841/lattices/dspm022_dsp2013_32.lat.gz´.
2020-07-19 15:56:47,130 decode: Utterance `dspm022_dsp2013_32´ -- 36 of job 4
2020-07-19 15:56:52,242 __iter__: Reading lattice file `/tmp/54764841/lattices/dspm024_dsp2013_08.lat.gz´.
2020-07-19 15:56:52,667 decode: Utterance `dspm024_dsp2013_08´ -- 37 of job 4
2020-07-19 15:57:09,101 __iter__: Reading lattice file `/tmp/54764841/lattices/dspm024_dsp2013_19.lat.gz´.
2020-07-19 15:57:09,152 decode: Utterance `dspm024_dsp2013_19´ -- 38 of job 4
2020-07-19 15:57:10,758 __iter__: Reading lattice file `/tmp/54764841/lattices/dspm025_dsp2013_14.lat.gz´.
2020-07-19 15:57:10,806 decode: Utterance `dspm025_dsp2013_14´ -- 39 of job 4
2020-07-19 15:57:12,547 __iter__: Reading lattice file `/tmp/54764841/lattices/dspm025_dsp2013_27.lat.gz´.
2020-07-19 15:57:13,828 decode: Utterance `dspm025_dsp2013_27´ -- 40 of job 4
2020-07-19 15:58:09,185 __iter__: Reading lattice file `/tmp/54764841/lattices/dspm026_dsp2013_07.lat.gz´.
2020-07-19 15:58:09,251 decode: Utterance `dspm026_dsp2013_07´ -- 41 of job 4
2020-07-19 15:58:12,352 __iter__: Reading lattice file `/tmp/54764841/lattices/dspm026_dsp2013_17.lat.gz´.
2020-07-19 15:58:12,431 decode: Utterance `dspm026_dsp2013_17´ -- 42 of job 4
2020-07-19 15:58:16,312 __iter__: Reading lattice file `/tmp/54764841/lattices/dspm028_dsp2013_07.lat.gz´.
2020-07-19 15:58:16,868 decode: Utterance `dspm028_dsp2013_07´ -- 43 of job 4
2020-07-19 15:58:37,574 __iter__: Reading lattice file `/tmp/54764841/lattices/dspm028_dsp2013_17.lat.gz´.
2020-07-19 15:58:37,588 decode: Utterance `dspm028_dsp2013_17´ -- 44 of job 4
2020-07-19 15:58:37,979 __iter__: Reading lattice file `/tmp/54764841/lattices/dspm031_dsp2013_07.lat.gz´.
2020-07-19 15:58:38,140 decode: Utterance `dspm031_dsp2013_07´ -- 45 of job 4
2020-07-19 15:58:43,892 __iter__: Reading lattice file `/tmp/54764841/lattices/dspm031_dsp2013_17.lat.gz´.
2020-07-19 15:58:43,969 decode: Utterance `dspm031_dsp2013_17´ -- 46 of job 4
2020-07-19 15:58:46,641 __iter__: Reading lattice file `/tmp/54764841/lattices/dspm032_dsp2013_02.lat.gz´.
2020-07-19 15:58:46,670 decode: Utterance `dspm032_dsp2013_02´ -- 47 of job 4
2020-07-19 15:58:47,753 __iter__: Reading lattice file `/tmp/54764841/lattices/dspm032_dsp2013_12.lat.gz´.
2020-07-19 15:58:48,097 decode: Utterance `dspm032_dsp2013_12´ -- 48 of job 4
2020-07-19 15:59:02,309 __iter__: Reading lattice file `/tmp/54764841/lattices/dspm032_dsp2013_22.lat.gz´.
2020-07-19 15:59:02,648 decode: Utterance `dspm032_dsp2013_22´ -- 49 of job 4
2020-07-19 15:59:13,857 __iter__: Reading lattice file `/tmp/54764841/lattices/dspm033_dsp2013_23.lat.gz´.
2020-07-19 15:59:13,906 decode: Utterance `dspm033_dsp2013_23´ -- 50 of job 4
2020-07-19 15:59:15,752 __iter__: Reading lattice file `/tmp/54764841/lattices/dspm033_dsp2013_48.lat.gz´.
2020-07-19 15:59:16,231 decode: Utterance `dspm033_dsp2013_48´ -- 51 of job 4
2020-07-19 15:59:34,669 __iter__: Reading lattice file `/tmp/54764841/lattices/dspm034_dsp2013_08.lat.gz´.
2020-07-19 15:59:34,949 decode: Utterance `dspm034_dsp2013_08´ -- 52 of job 4
2020-07-19 15:59:43,495 __iter__: Reading lattice file `/tmp/54764841/lattices/dspm034_dsp2013_18.lat.gz´.
2020-07-19 15:59:43,526 decode: Utterance `dspm034_dsp2013_18´ -- 53 of job 4
2020-07-19 15:59:44,684 __iter__: Reading lattice file `/tmp/54764841/lattices/dspm036_dsp2013_32.lat.gz´.
2020-07-19 15:59:44,957 decode: Utterance `dspm036_dsp2013_32´ -- 54 of job 4
2020-07-19 15:59:53,113 __iter__: Reading lattice file `/tmp/54764841/lattices/dspm036_dsp2013_43.lat.gz´.
2020-07-19 15:59:53,355 decode: Utterance `dspm036_dsp2013_43´ -- 55 of job 4
2020-07-19 16:00:02,502 __iter__: Reading lattice file `/tmp/54764841/lattices/dspm039_dsp2013_10.lat.gz´.
2020-07-19 16:00:02,504 decode: Utterance `dspm039_dsp2013_10´ -- 56 of job 4
2020-07-19 16:00:02,597 __iter__: Reading lattice file `/tmp/54764841/lattices/dspm039_dsp2013_21.lat.gz´.
2020-07-19 16:00:02,606 decode: Utterance `dspm039_dsp2013_21´ -- 57 of job 4
2020-07-19 16:00:02,897 __iter__: Reading lattice file `/tmp/54764841/lattices/dspm040_dsp2013_04.lat.gz´.
2020-07-19 16:00:02,916 decode: Utterance `dspm040_dsp2013_04´ -- 58 of job 4
2020-07-19 16:00:03,598 __iter__: Reading lattice file `/tmp/54764841/lattices/dspm040_dsp2013_14.lat.gz´.
2020-07-19 16:00:03,607 decode: Utterance `dspm040_dsp2013_14´ -- 59 of job 4
2020-07-19 16:00:03,825 __iter__: Reading lattice file `/tmp/54764841/lattices/dspm042_dsp2013_04.lat.gz´.
2020-07-19 16:00:03,830 decode: Utterance `dspm042_dsp2013_04´ -- 60 of job 4
2020-07-19 16:00:04,013 __iter__: Reading lattice file `/tmp/54764841/lattices/dspm042_dsp2013_16.lat.gz´.
2020-07-19 16:00:04,017 decode: Utterance `dspm042_dsp2013_16´ -- 61 of job 4
2020-07-19 16:00:04,194 __iter__: Reading lattice file `/tmp/54764841/lattices/dspm043_dsp2013_06.lat.gz´.
2020-07-19 16:00:04,203 decode: Utterance `dspm043_dsp2013_06´ -- 62 of job 4
2020-07-19 16:00:04,488 __iter__: Reading lattice file `/tmp/54764841/lattices/dspm043_dsp2013_19.lat.gz´.
2020-07-19 16:00:04,497 decode: Utterance `dspm043_dsp2013_19´ -- 63 of job 4
2020-07-19 16:00:04,820 __iter__: Reading lattice file `/tmp/54764841/lattices/dspm043_dsp2013_37.lat.gz´.
2020-07-19 16:00:04,915 decode: Utterance `dspm043_dsp2013_37´ -- 64 of job 4
2020-07-19 16:00:07,971 __iter__: Reading lattice file `/tmp/54764841/lattices/dspm045_dsp2013_09.lat.gz´.
2020-07-19 16:00:08,075 decode: Utterance `dspm045_dsp2013_09´ -- 65 of job 4
2020-07-19 16:00:11,292 __iter__: Reading lattice file `/tmp/54764841/lattices/dspm045_dsp2013_19.lat.gz´.
2020-07-19 16:00:11,482 decode: Utterance `dspm045_dsp2013_19´ -- 66 of job 4
2020-07-19 16:00:20,284 __iter__: Reading lattice file `/tmp/54764841/lattices/dspm047_dsp2013_09.lat.gz´.
2020-07-19 16:00:20,429 decode: Utterance `dspm047_dsp2013_09´ -- 67 of job 4
2020-07-19 16:00:26,489 __iter__: Reading lattice file `/tmp/54764841/lattices/dspm047_dsp2013_19.lat.gz´.
2020-07-19 16:00:26,498 decode: Utterance `dspm047_dsp2013_19´ -- 68 of job 4
2020-07-19 16:00:26,721 __iter__: Reading lattice file `/tmp/54764841/lattices/dspm048_dsp2013_09.lat.gz´.
2020-07-19 16:00:26,789 decode: Utterance `dspm048_dsp2013_09´ -- 69 of job 4
2020-07-19 16:00:29,570 __iter__: Reading lattice file `/tmp/54764841/lattices/dspm048_dsp2013_19.lat.gz´.
2020-07-19 16:00:29,586 decode: Utterance `dspm048_dsp2013_19´ -- 70 of job 4
2020-07-19 16:00:29,959 __iter__: Reading lattice file `/tmp/54764841/lattices/dspm049_dsp2013_08.lat.gz´.
2020-07-19 16:00:31,056 decode: Utterance `dspm049_dsp2013_08´ -- 71 of job 4
2020-07-19 16:01:09,548 __iter__: Reading lattice file `/tmp/54764841/lattices/dspm049_dsp2013_18.lat.gz´.
2020-07-19 16:01:09,794 decode: Utterance `dspm049_dsp2013_18´ -- 72 of job 4
2020-07-19 16:01:16,701 __iter__: Reading lattice file `/tmp/54764841/lattices/dspm050_dsp2013_16.lat.gz´.
2020-07-19 16:01:17,282 decode: Utterance `dspm050_dsp2013_16´ -- 73 of job 4
2020-07-19 16:01:44,542 __iter__: Reading lattice file `/tmp/54764841/lattices/dspm050_dsp2013_28.lat.gz´.
2020-07-19 16:01:44,728 decode: Utterance `dspm050_dsp2013_28´ -- 74 of job 4
2020-07-19 16:01:50,909 __iter__: Reading lattice file `/tmp/54764841/lattices/dspm052_dsp2013_06.lat.gz´.
2020-07-19 16:01:50,969 decode: Utterance `dspm052_dsp2013_06´ -- 75 of job 4
2020-07-19 16:01:52,224 __iter__: Reading lattice file `/tmp/54764841/lattices/dspm052_dsp2013_16.lat.gz´.
2020-07-19 16:01:52,363 decode: Utterance `dspm052_dsp2013_16´ -- 76 of job 4
2020-07-19 16:01:58,276 __iter__: Reading lattice file `/tmp/54764841/lattices/dspm054_dsp2013_07.lat.gz´.
2020-07-19 16:01:59,057 decode: Utterance `dspm054_dsp2013_07´ -- 77 of job 4
2020-07-19 16:02:30,542 __iter__: Reading lattice file `/tmp/54764841/lattices/dspm054_dsp2013_18.lat.gz´.
2020-07-19 16:02:30,687 decode: Utterance `dspm054_dsp2013_18´ -- 78 of job 4
2020-07-19 16:02:36,470 __iter__: Reading lattice file `/tmp/54764841/lattices/dspm055_dsp2013_05.lat.gz´.
2020-07-19 16:02:36,560 decode: Utterance `dspm055_dsp2013_05´ -- 79 of job 4
2020-07-19 16:02:39,128 __iter__: Reading lattice file `/tmp/54764841/lattices/dspm055_dsp2013_15.lat.gz´.
2020-07-19 16:02:39,222 decode: Utterance `dspm055_dsp2013_15´ -- 80 of job 4
2020-07-19 16:02:44,264 __iter__: Reading lattice file `/tmp/54764841/lattices/dspm056_dsp2013_05.lat.gz´.
2020-07-19 16:02:44,281 decode: Utterance `dspm056_dsp2013_05´ -- 81 of job 4
2020-07-19 16:02:44,930 __iter__: Reading lattice file `/tmp/54764841/lattices/dspm056_dsp2013_15.lat.gz´.
2020-07-19 16:02:45,127 decode: Utterance `dspm056_dsp2013_15´ -- 82 of job 4
2020-07-19 16:02:51,057 __iter__: Reading lattice file `/tmp/54764841/lattices/dspm057_dsp2013_05.lat.gz´.
2020-07-19 16:02:51,560 decode: Utterance `dspm057_dsp2013_05´ -- 83 of job 4
2020-07-19 16:03:11,335 __iter__: Reading lattice file `/tmp/54764841/lattices/dspm057_dsp2013_15.lat.gz´.
2020-07-19 16:03:12,199 decode: Utterance `dspm057_dsp2013_15´ -- 84 of job 4
2020-07-19 16:03:43,353 __iter__: Reading lattice file `/tmp/54764841/lattices/dspm058_dsp2013_06.lat.gz´.
2020-07-19 16:03:43,379 decode: Utterance `dspm058_dsp2013_06´ -- 85 of job 4
2020-07-19 16:03:44,309 __iter__: Reading lattice file `/tmp/54764841/lattices/dspm058_dsp2013_17.lat.gz´.
2020-07-19 16:03:44,835 decode: Utterance `dspm058_dsp2013_17´ -- 86 of job 4
2020-07-19 16:04:04,829 __iter__: Reading lattice file `/tmp/54764841/lattices/radioanne_fym20071218_12.lat.gz´.
2020-07-19 16:04:05,861 decode: Utterance `radioanne_fym20071218_12´ -- 87 of job 4
2020-07-19 16:04:58,980 __iter__: Reading lattice file `/tmp/54764841/lattices/radiojake_kbk20120915_115.lat.gz´.
2020-07-19 16:04:59,015 decode: Utterance `radiojake_kbk20120915_115´ -- 88 of job 4
2020-07-19 16:05:00,412 __iter__: Reading lattice file `/tmp/54764841/lattices/radiojake_kbk20120915_25.lat.gz´.
2020-07-19 16:05:00,624 decode: Utterance `radiojake_kbk20120915_25´ -- 89 of job 4
2020-07-19 16:05:08,765 __iter__: Reading lattice file `/tmp/54764841/lattices/radiojake_kbk20120915_52.lat.gz´.
2020-07-19 16:05:09,099 decode: Utterance `radiojake_kbk20120915_52´ -- 90 of job 4
2020-07-19 16:05:36,599 __iter__: Reading lattice file `/tmp/54764841/lattices/radiojake_kbk20120915_82.lat.gz´.
2020-07-19 16:05:36,601 decode: Utterance `radiojake_kbk20120915_82´ -- 91 of job 4
2020-07-19 16:05:36,706 __iter__: Reading lattice file `/tmp/54764841/lattices/radiokassu_kbk20120915_112.lat.gz´.
2020-07-19 16:05:36,764 decode: Utterance `radiokassu_kbk20120915_112´ -- 92 of job 4
2020-07-19 16:05:38,653 __iter__: Reading lattice file `/tmp/54764841/lattices/radiokassu_kbk20120915_68.lat.gz´.
2020-07-19 16:05:38,939 decode: Utterance `radiokassu_kbk20120915_68´ -- 93 of job 4
2020-07-19 16:05:47,431 __iter__: Reading lattice file `/tmp/54764841/lattices/radionoona_fym20071218_17.lat.gz´.
2020-07-19 16:05:47,439 decode: Utterance `radionoona_fym20071218_17´ -- 94 of job 4
2020-07-19 16:05:47,696 __iter__: Reading lattice file `/tmp/54764841/lattices/radionoona_fym20071218_34.lat.gz´.
2020-07-19 16:05:47,697 decode: Utterance `radionoona_fym20071218_34´ -- 95 of job 4
2020-07-19 16:05:47,764 __iter__: Reading lattice file `/tmp/54764841/lattices/radioshaka_kbk20120915_13.lat.gz´.
2020-07-19 16:05:48,144 decode: Utterance `radioshaka_kbk20120915_13´ -- 96 of job 4
2020-07-19 16:06:00,648 __iter__: Reading lattice file `/tmp/54764841/lattices/radioshaka_kbk20120915_32.lat.gz´.
2020-07-19 16:06:00,758 decode: Utterance `radioshaka_kbk20120915_32´ -- 97 of job 4
2020-07-19 16:06:03,482 __iter__: Reading lattice file `/tmp/54764841/lattices/radioshaka_kbk20120915_62.lat.gz´.
2020-07-19 16:06:03,530 decode: Utterance `radioshaka_kbk20120915_62´ -- 98 of job 4
2020-07-19 16:06:04,484 __iter__: Reading lattice file `/tmp/54764841/lattices/radioshaka_kbk20120915_90.lat.gz´.
2020-07-19 16:06:04,586 decode: Utterance `radioshaka_kbk20120915_90´ -- 99 of job 4
/scratch/work/groszt1/envs/theanoLM/lib/python3.7/site-packages/theano/gpuarray/dnn.py:184: UserWarning: Your cuDNN version is more recent than Theano. If you encounter problems, try updating Theano or downgrading cuDNN to a version >= v5 and <= v7.
  warnings.warn("Your cuDNN version is more recent than "
Using cuDNN version 7600 on context None
Mapped name None to device cuda0: Tesla V100-PCIE-32GB (0000:18:00.0)
/scratch/work/groszt1/envs/theanoLM/lib/python3.7/site-packages/h5py-2.9.0-py3.7-linux-x86_64.egg/h5py/_hl/dataset.py:313: H5pyDeprecationWarning: dataset.value has been deprecated. Use dataset[()] instead.
  "Use dataset[()] instead.", H5pyDeprecationWarning)
/scratch/work/groszt1/envs/theanoLM/lib/python3.7/site-packages/h5py-2.9.0-py3.7-linux-x86_64.egg/h5py/_hl/dataset.py:313: H5pyDeprecationWarning: dataset.value has been deprecated. Use dataset[()] instead.
  "Use dataset[()] instead.", H5pyDeprecationWarning)
decode_theanolm finished.
