EXPT_NAME theanolm-100k
EXPT_PARAMS expt10-seed4
EXPT_WORK_DIR /scratch/work/moisioa3/conv_lm/experiments/theanolm-100k/expt10-seed4
Experiment: theanolm-100k/expt10-seed4
Job ID: 54764876
Task ID: 59
Host: gpu24.int.triton.aalto.fi
Start date: Sun Jul 19 15:46:41 EEST 2020
Work directory: /scratch/work/moisioa3/conv_lm/experiments/theanolm-100k/expt10-seed4
Temporary directory: /tmp/54764876

Currently Loaded Modules:
  1) speech-scripts/2016.05.24-b928230   6) binutils/2.25-GCCcore-5.4.0
  2) srilm/default                       7) GCC/5.4.0-2.25
  3) cuda/10.0.130                       8) libgpuarray/2017.03.29-45c731f
  4) cudnn/7.4.2-cuda                    9) anaconda3/latest
  5) GCCcore/5.4.0

 

/tmp/54764876/lattices
floatX=float32,device=cuda0,base_compiledir=/tmp/theano,exception_verbosity=high,openmp=False
/scratch/work/groszt1/envs/theanoLM/lib/python3.7/site-packages/theano/gpuarray/dnn.py:184: UserWarning: Your cuDNN version is more recent than Theano. If you encounter problems, try updating Theano or downgrading cuDNN to a version >= v5 and <= v7.
  warnings.warn("Your cuDNN version is more recent than "
Using cuDNN version 7600 on context None
Mapped name None to device cuda0: Tesla P100-PCIE-16GB (0000:03:00.0)
TheanoLM 1.3.2
Theano 1.0.4
pygpu 0.7.6
==
+ srun --gres=gpu:1 theanolm decode /scratch/work/moisioa3/conv_lm/experiments/theanolm-100k/expt10-seed4/nnlm.h5 --lattice-list /tmp/54764876/lattices/lattice-list --output-file /scratch/work/moisioa3/conv_lm/experiments/theanolm-100k/expt10-seed4/decode/devel/lambda=1.0-lms=12/9.trn --output trn --nnlm-weight 1.0 --lm-scale 12 --max-tokens-per-node 62 --beam 650 --recombination-order 22 --num-jobs 10 --job 9 --shortlist --unk-penalty=-20
2020-07-19 15:47:02,992 get_default_device: Context None device="Tesla P100-PCIE-16GB" ID="0000:03:00.0"
2020-07-19 15:47:02,993 from_file: Reading vocabulary from network state.
2020-07-19 15:47:06,344 from_file: Number of words in vocabulary: 2427252
2020-07-19 15:47:06,344 from_file: Number of words in shortlist: 100003
2020-07-19 15:47:06,345 from_file: Number of word classes: 100003
2020-07-19 15:47:06,345 from_file: Building neural network.
/scratch/work/groszt1/envs/theanoLM/lib/python3.7/site-packages/theano/gpuarray/dnn.py:184: UserWarning: Your cuDNN version is more recent than Theano. If you encounter problems, try updating Theano or downgrading cuDNN to a version >= v5 and <= v7.
  warnings.warn("Your cuDNN version is more recent than "
Using cuDNN version 7600 on context None
Mapped name None to device cuda0: Tesla P100-PCIE-16GB (0000:03:00.0)
/scratch/work/groszt1/envs/theanoLM/lib/python3.7/site-packages/h5py-2.9.0-py3.7-linux-x86_64.egg/h5py/_hl/dataset.py:313: H5pyDeprecationWarning: dataset.value has been deprecated. Use dataset[()] instead.
  "Use dataset[()] instead.", H5pyDeprecationWarning)
INFO (theano.gof.compilelock): Waiting for existing lock by process '20000' (I am process '20114')
2020-07-19 15:48:16,060 lock: Waiting for existing lock by process '20000' (I am process '20114')
INFO (theano.gof.compilelock): To manually release the lock, delete /tmp/theano/compiledir_Linux-3.10-el7.x86_64-x86_64-with-centos-7.8.2003-Core-x86_64-3.7.3-64/lock_dir
2020-07-19 15:48:16,060 lock: To manually release the lock, delete /tmp/theano/compiledir_Linux-3.10-el7.x86_64-x86_64-with-centos-7.8.2003-Core-x86_64-3.7.3-64/lock_dir
INFO (theano.gof.compilelock): Waiting for existing lock by process '20000' (I am process '20114')
2020-07-19 15:48:22,950 lock: Waiting for existing lock by process '20000' (I am process '20114')
INFO (theano.gof.compilelock): To manually release the lock, delete /tmp/theano/compiledir_Linux-3.10-el7.x86_64-x86_64-with-centos-7.8.2003-Core-x86_64-3.7.3-64/lock_dir
2020-07-19 15:48:22,951 lock: To manually release the lock, delete /tmp/theano/compiledir_Linux-3.10-el7.x86_64-x86_64-with-centos-7.8.2003-Core-x86_64-3.7.3-64/lock_dir
2020-07-19 15:48:31,478 from_file: Restoring neural network state.
2020-07-19 15:48:32,146 decode: Building word lattice decoder.
2020-07-19 15:48:36,932 __iter__: Reading lattice file `/tmp/54764876/lattices/dspf004_dsp2013_11.lat.gz´.
2020-07-19 15:48:37,755 decode: Utterance `dspf004_dsp2013_11´ -- 1 of job 9
2020-07-19 15:49:22,874 __iter__: Reading lattice file `/tmp/54764876/lattices/dspf004_dsp2013_21.lat.gz´.
2020-07-19 15:49:23,365 decode: Utterance `dspf004_dsp2013_21´ -- 2 of job 9
2020-07-19 15:49:41,066 __iter__: Reading lattice file `/tmp/54764876/lattices/dspf007_dsp2013_10.lat.gz´.
2020-07-19 15:49:41,272 decode: Utterance `dspf007_dsp2013_10´ -- 3 of job 9
2020-07-19 15:49:47,240 __iter__: Reading lattice file `/tmp/54764876/lattices/dspf007_dsp2013_20.lat.gz´.
2020-07-19 15:49:47,283 decode: Utterance `dspf007_dsp2013_20´ -- 4 of job 9
2020-07-19 15:49:48,507 __iter__: Reading lattice file `/tmp/54764876/lattices/dspm001_dsp2013_10.lat.gz´.
2020-07-19 15:49:48,745 decode: Utterance `dspm001_dsp2013_10´ -- 5 of job 9
2020-07-19 15:49:57,911 __iter__: Reading lattice file `/tmp/54764876/lattices/dspm001_dsp2013_20.lat.gz´.
2020-07-19 15:49:58,883 decode: Utterance `dspm001_dsp2013_20´ -- 6 of job 9
2020-07-19 15:50:29,801 __iter__: Reading lattice file `/tmp/54764876/lattices/dspm004_dsp2013_10.lat.gz´.
2020-07-19 15:50:30,419 decode: Utterance `dspm004_dsp2013_10´ -- 7 of job 9
2020-07-19 15:50:49,888 __iter__: Reading lattice file `/tmp/54764876/lattices/dspm004_dsp2013_20.lat.gz´.
2020-07-19 15:50:50,165 decode: Utterance `dspm004_dsp2013_20´ -- 8 of job 9
2020-07-19 15:50:58,126 __iter__: Reading lattice file `/tmp/54764876/lattices/dspm005_dsp2013_10.lat.gz´.
2020-07-19 15:50:58,610 decode: Utterance `dspm005_dsp2013_10´ -- 9 of job 9
2020-07-19 15:51:11,873 __iter__: Reading lattice file `/tmp/54764876/lattices/dspm005_dsp2013_20.lat.gz´.
2020-07-19 15:51:12,175 decode: Utterance `dspm005_dsp2013_20´ -- 10 of job 9
2020-07-19 15:51:20,762 __iter__: Reading lattice file `/tmp/54764876/lattices/dspm006_dsp2013_10.lat.gz´.
2020-07-19 15:51:20,772 decode: Utterance `dspm006_dsp2013_10´ -- 11 of job 9
2020-07-19 15:51:21,051 __iter__: Reading lattice file `/tmp/54764876/lattices/dspm006_dsp2013_23.lat.gz´.
2020-07-19 15:51:21,060 decode: Utterance `dspm006_dsp2013_23´ -- 12 of job 9
2020-07-19 15:51:21,359 __iter__: Reading lattice file `/tmp/54764876/lattices/dspm007_dsp2013_11.lat.gz´.
2020-07-19 15:51:24,139 decode: Utterance `dspm007_dsp2013_11´ -- 13 of job 9
2020-07-19 15:52:57,155 __iter__: Reading lattice file `/tmp/54764876/lattices/dspm007_dsp2013_21.lat.gz´.
2020-07-19 15:52:57,297 decode: Utterance `dspm007_dsp2013_21´ -- 14 of job 9
2020-07-19 15:53:01,625 __iter__: Reading lattice file `/tmp/54764876/lattices/dspm010_dsp2013_02.lat.gz´.
2020-07-19 15:53:04,394 decode: Utterance `dspm010_dsp2013_02´ -- 15 of job 9
2020-07-19 15:54:35,078 __iter__: Reading lattice file `/tmp/54764876/lattices/dspm010_dsp2013_12.lat.gz´.
2020-07-19 15:54:35,286 decode: Utterance `dspm010_dsp2013_12´ -- 16 of job 9
2020-07-19 15:54:40,986 __iter__: Reading lattice file `/tmp/54764876/lattices/dspm011_dsp2013_02.lat.gz´.
2020-07-19 15:54:41,191 decode: Utterance `dspm011_dsp2013_02´ -- 17 of job 9
2020-07-19 15:54:47,122 __iter__: Reading lattice file `/tmp/54764876/lattices/dspm011_dsp2013_12.lat.gz´.
2020-07-19 15:54:47,243 decode: Utterance `dspm011_dsp2013_12´ -- 18 of job 9
2020-07-19 15:54:51,407 __iter__: Reading lattice file `/tmp/54764876/lattices/dspm011_dsp2013_22.lat.gz´.
2020-07-19 15:54:51,752 decode: Utterance `dspm011_dsp2013_22´ -- 19 of job 9
2020-07-19 15:55:02,752 __iter__: Reading lattice file `/tmp/54764876/lattices/dspm014_dsp2013_11.lat.gz´.
2020-07-19 15:55:02,891 decode: Utterance `dspm014_dsp2013_11´ -- 20 of job 9
2020-07-19 15:55:07,194 __iter__: Reading lattice file `/tmp/54764876/lattices/dspm014_dsp2013_29.lat.gz´.
2020-07-19 15:55:07,314 decode: Utterance `dspm014_dsp2013_29´ -- 21 of job 9
2020-07-19 15:55:12,336 __iter__: Reading lattice file `/tmp/54764876/lattices/dspm015_dsp2013_06.lat.gz´.
2020-07-19 15:55:14,874 decode: Utterance `dspm015_dsp2013_06´ -- 22 of job 9
2020-07-19 15:56:40,867 __iter__: Reading lattice file `/tmp/54764876/lattices/dspm015_dsp2013_16.lat.gz´.
2020-07-19 15:56:40,931 decode: Utterance `dspm015_dsp2013_16´ -- 23 of job 9
2020-07-19 15:56:42,550 __iter__: Reading lattice file `/tmp/54764876/lattices/dspm017_dsp2013_18.lat.gz´.
2020-07-19 15:56:42,697 decode: Utterance `dspm017_dsp2013_18´ -- 24 of job 9
2020-07-19 15:56:51,185 __iter__: Reading lattice file `/tmp/54764876/lattices/dspm017_dsp2013_53.lat.gz´.
2020-07-19 15:56:52,326 decode: Utterance `dspm017_dsp2013_53´ -- 25 of job 9
2020-07-19 15:57:35,419 __iter__: Reading lattice file `/tmp/54764876/lattices/dspm017_dsp2013_91.lat.gz´.
2020-07-19 15:57:35,428 decode: Utterance `dspm017_dsp2013_91´ -- 26 of job 9
2020-07-19 15:57:35,712 __iter__: Reading lattice file `/tmp/54764876/lattices/dspm018_dsp2013_12.lat.gz´.
2020-07-19 15:57:35,760 decode: Utterance `dspm018_dsp2013_12´ -- 27 of job 9
2020-07-19 15:57:37,126 __iter__: Reading lattice file `/tmp/54764876/lattices/dspm018_dsp2013_22.lat.gz´.
2020-07-19 15:57:37,256 decode: Utterance `dspm018_dsp2013_22´ -- 28 of job 9
2020-07-19 15:57:42,327 __iter__: Reading lattice file `/tmp/54764876/lattices/dspm019_dsp2013_10.lat.gz´.
2020-07-19 15:57:42,341 decode: Utterance `dspm019_dsp2013_10´ -- 29 of job 9
2020-07-19 15:57:42,775 __iter__: Reading lattice file `/tmp/54764876/lattices/dspm019_dsp2013_21.lat.gz´.
2020-07-19 15:57:42,904 decode: Utterance `dspm019_dsp2013_21´ -- 30 of job 9
2020-07-19 15:57:47,894 __iter__: Reading lattice file `/tmp/54764876/lattices/dspm021_dsp2013_11.lat.gz´.
2020-07-19 15:57:48,154 decode: Utterance `dspm021_dsp2013_11´ -- 31 of job 9
2020-07-19 15:57:56,145 __iter__: Reading lattice file `/tmp/54764876/lattices/dspm021_dsp2013_21.lat.gz´.
2020-07-19 15:57:56,527 decode: Utterance `dspm021_dsp2013_21´ -- 32 of job 9
2020-07-19 15:58:10,009 __iter__: Reading lattice file `/tmp/54764876/lattices/dspm022_dsp2013_07.lat.gz´.
2020-07-19 15:58:10,061 decode: Utterance `dspm022_dsp2013_07´ -- 33 of job 9
2020-07-19 15:58:11,362 __iter__: Reading lattice file `/tmp/54764876/lattices/dspm022_dsp2013_17.lat.gz´.
2020-07-19 15:58:11,463 decode: Utterance `dspm022_dsp2013_17´ -- 34 of job 9
2020-07-19 15:58:14,397 __iter__: Reading lattice file `/tmp/54764876/lattices/dspm022_dsp2013_27.lat.gz´.
2020-07-19 15:58:14,515 decode: Utterance `dspm022_dsp2013_27´ -- 35 of job 9
2020-07-19 15:58:18,630 __iter__: Reading lattice file `/tmp/54764876/lattices/dspm024_dsp2013_03.lat.gz´.
2020-07-19 15:58:19,038 decode: Utterance `dspm024_dsp2013_03´ -- 36 of job 9
2020-07-19 15:58:26,659 __iter__: Reading lattice file `/tmp/54764876/lattices/dspm024_dsp2013_13.lat.gz´.
2020-07-19 15:58:26,978 decode: Utterance `dspm024_dsp2013_13´ -- 37 of job 9
2020-07-19 15:58:36,685 __iter__: Reading lattice file `/tmp/54764876/lattices/dspm025_dsp2013_07.lat.gz´.
2020-07-19 15:58:37,082 decode: Utterance `dspm025_dsp2013_07´ -- 38 of job 9
2020-07-19 15:58:47,772 __iter__: Reading lattice file `/tmp/54764876/lattices/dspm025_dsp2013_20.lat.gz´.
2020-07-19 15:58:47,791 decode: Utterance `dspm025_dsp2013_20´ -- 39 of job 9
2020-07-19 15:58:48,387 __iter__: Reading lattice file `/tmp/54764876/lattices/dspm026_dsp2013_02.lat.gz´.
2020-07-19 15:58:48,435 decode: Utterance `dspm026_dsp2013_02´ -- 40 of job 9
2020-07-19 15:58:50,532 __iter__: Reading lattice file `/tmp/54764876/lattices/dspm026_dsp2013_12.lat.gz´.
2020-07-19 15:58:50,593 decode: Utterance `dspm026_dsp2013_12´ -- 41 of job 9
2020-07-19 15:58:52,951 __iter__: Reading lattice file `/tmp/54764876/lattices/dspm028_dsp2013_02.lat.gz´.
2020-07-19 15:58:53,101 decode: Utterance `dspm028_dsp2013_02´ -- 42 of job 9
2020-07-19 15:58:57,620 __iter__: Reading lattice file `/tmp/54764876/lattices/dspm028_dsp2013_12.lat.gz´.
2020-07-19 15:58:57,844 decode: Utterance `dspm028_dsp2013_12´ -- 43 of job 9
2020-07-19 15:59:04,514 __iter__: Reading lattice file `/tmp/54764876/lattices/dspm031_dsp2013_02.lat.gz´.
2020-07-19 15:59:04,599 decode: Utterance `dspm031_dsp2013_02´ -- 44 of job 9
2020-07-19 15:59:07,074 __iter__: Reading lattice file `/tmp/54764876/lattices/dspm031_dsp2013_12.lat.gz´.
2020-07-19 15:59:07,251 decode: Utterance `dspm031_dsp2013_12´ -- 45 of job 9
2020-07-19 15:59:12,880 __iter__: Reading lattice file `/tmp/54764876/lattices/dspm031_dsp2013_22.lat.gz´.
2020-07-19 15:59:13,329 decode: Utterance `dspm031_dsp2013_22´ -- 46 of job 9
2020-07-19 15:59:30,019 __iter__: Reading lattice file `/tmp/54764876/lattices/dspm032_dsp2013_07.lat.gz´.
2020-07-19 15:59:30,520 decode: Utterance `dspm032_dsp2013_07´ -- 47 of job 9
2020-07-19 15:59:54,009 __iter__: Reading lattice file `/tmp/54764876/lattices/dspm032_dsp2013_17.lat.gz´.
2020-07-19 15:59:54,046 decode: Utterance `dspm032_dsp2013_17´ -- 48 of job 9
2020-07-19 15:59:55,129 __iter__: Reading lattice file `/tmp/54764876/lattices/dspm033_dsp2013_10.lat.gz´.
2020-07-19 15:59:55,247 decode: Utterance `dspm033_dsp2013_10´ -- 49 of job 9
2020-07-19 15:59:58,898 __iter__: Reading lattice file `/tmp/54764876/lattices/dspm033_dsp2013_40.lat.gz´.
2020-07-19 16:00:00,115 decode: Utterance `dspm033_dsp2013_40´ -- 50 of job 9
2020-07-19 16:00:31,166 __iter__: Reading lattice file `/tmp/54764876/lattices/dspm034_dsp2013_03.lat.gz´.
2020-07-19 16:00:31,273 decode: Utterance `dspm034_dsp2013_03´ -- 51 of job 9
2020-07-19 16:00:33,832 __iter__: Reading lattice file `/tmp/54764876/lattices/dspm034_dsp2013_13.lat.gz´.
2020-07-19 16:00:33,919 decode: Utterance `dspm034_dsp2013_13´ -- 52 of job 9
2020-07-19 16:00:35,927 __iter__: Reading lattice file `/tmp/54764876/lattices/dspm036_dsp2013_26.lat.gz´.
2020-07-19 16:00:36,682 decode: Utterance `dspm036_dsp2013_26´ -- 53 of job 9
2020-07-19 16:01:06,916 __iter__: Reading lattice file `/tmp/54764876/lattices/dspm036_dsp2013_37.lat.gz´.
2020-07-19 16:01:07,465 decode: Utterance `dspm036_dsp2013_37´ -- 54 of job 9
2020-07-19 16:01:29,142 __iter__: Reading lattice file `/tmp/54764876/lattices/dspm039_dsp2013_04.lat.gz´.
2020-07-19 16:01:29,173 decode: Utterance `dspm039_dsp2013_04´ -- 55 of job 9
2020-07-19 16:01:30,537 __iter__: Reading lattice file `/tmp/54764876/lattices/dspm039_dsp2013_16.lat.gz´.
2020-07-19 16:01:30,660 decode: Utterance `dspm039_dsp2013_16´ -- 56 of job 9
2020-07-19 16:01:35,361 __iter__: Reading lattice file `/tmp/54764876/lattices/dspm039_dsp2013_26.lat.gz´.
2020-07-19 16:01:35,570 decode: Utterance `dspm039_dsp2013_26´ -- 57 of job 9
2020-07-19 16:01:42,889 __iter__: Reading lattice file `/tmp/54764876/lattices/dspm040_dsp2013_09.lat.gz´.
2020-07-19 16:01:42,892 decode: Utterance `dspm040_dsp2013_09´ -- 58 of job 9
2020-07-19 16:01:43,003 __iter__: Reading lattice file `/tmp/54764876/lattices/dspm040_dsp2013_19.lat.gz´.
2020-07-19 16:01:43,908 decode: Utterance `dspm040_dsp2013_19´ -- 59 of job 9
2020-07-19 16:02:10,271 __iter__: Reading lattice file `/tmp/54764876/lattices/dspm042_dsp2013_10.lat.gz´.
2020-07-19 16:02:10,283 decode: Utterance `dspm042_dsp2013_10´ -- 60 of job 9
2020-07-19 16:02:10,622 __iter__: Reading lattice file `/tmp/54764876/lattices/dspm042_dsp2013_21.lat.gz´.
2020-07-19 16:02:10,634 decode: Utterance `dspm042_dsp2013_21´ -- 61 of job 9
2020-07-19 16:02:11,064 __iter__: Reading lattice file `/tmp/54764876/lattices/dspm043_dsp2013_14.lat.gz´.
2020-07-19 16:02:11,152 decode: Utterance `dspm043_dsp2013_14´ -- 62 of job 9
2020-07-19 16:02:15,593 __iter__: Reading lattice file `/tmp/54764876/lattices/dspm043_dsp2013_28.lat.gz´.
2020-07-19 16:02:15,621 decode: Utterance `dspm043_dsp2013_28´ -- 63 of job 9
2020-07-19 16:02:16,444 __iter__: Reading lattice file `/tmp/54764876/lattices/dspm045_dsp2013_04.lat.gz´.
2020-07-19 16:02:16,762 decode: Utterance `dspm045_dsp2013_04´ -- 64 of job 9
2020-07-19 16:02:26,288 __iter__: Reading lattice file `/tmp/54764876/lattices/dspm045_dsp2013_14.lat.gz´.
2020-07-19 16:02:26,715 decode: Utterance `dspm045_dsp2013_14´ -- 65 of job 9
2020-07-19 16:02:37,694 __iter__: Reading lattice file `/tmp/54764876/lattices/dspm047_dsp2013_04.lat.gz´.
2020-07-19 16:02:37,758 decode: Utterance `dspm047_dsp2013_04´ -- 66 of job 9
2020-07-19 16:02:39,848 __iter__: Reading lattice file `/tmp/54764876/lattices/dspm047_dsp2013_14.lat.gz´.
2020-07-19 16:02:40,387 decode: Utterance `dspm047_dsp2013_14´ -- 67 of job 9
2020-07-19 16:02:53,505 __iter__: Reading lattice file `/tmp/54764876/lattices/dspm048_dsp2013_04.lat.gz´.
2020-07-19 16:02:53,535 decode: Utterance `dspm048_dsp2013_04´ -- 68 of job 9
2020-07-19 16:02:54,477 __iter__: Reading lattice file `/tmp/54764876/lattices/dspm048_dsp2013_14.lat.gz´.
2020-07-19 16:02:54,521 decode: Utterance `dspm048_dsp2013_14´ -- 69 of job 9
2020-07-19 16:02:55,637 __iter__: Reading lattice file `/tmp/54764876/lattices/dspm049_dsp2013_03.lat.gz´.
2020-07-19 16:02:56,428 decode: Utterance `dspm049_dsp2013_03´ -- 70 of job 9
2020-07-19 16:03:20,333 __iter__: Reading lattice file `/tmp/54764876/lattices/dspm049_dsp2013_13.lat.gz´.
2020-07-19 16:03:22,539 decode: Utterance `dspm049_dsp2013_13´ -- 71 of job 9
2020-07-19 16:04:31,602 __iter__: Reading lattice file `/tmp/54764876/lattices/dspm050_dsp2013_08.lat.gz´.
2020-07-19 16:04:31,759 decode: Utterance `dspm050_dsp2013_08´ -- 72 of job 9
2020-07-19 16:04:37,043 __iter__: Reading lattice file `/tmp/54764876/lattices/dspm050_dsp2013_22.lat.gz´.
2020-07-19 16:04:37,135 decode: Utterance `dspm050_dsp2013_22´ -- 73 of job 9
2020-07-19 16:04:39,917 __iter__: Reading lattice file `/tmp/54764876/lattices/dspm052_dsp2013_01.lat.gz´.
2020-07-19 16:04:40,373 decode: Utterance `dspm052_dsp2013_01´ -- 74 of job 9
2020-07-19 16:04:52,791 __iter__: Reading lattice file `/tmp/54764876/lattices/dspm052_dsp2013_11.lat.gz´.
2020-07-19 16:04:52,872 decode: Utterance `dspm052_dsp2013_11´ -- 75 of job 9
2020-07-19 16:04:55,339 __iter__: Reading lattice file `/tmp/54764876/lattices/dspm054_dsp2013_01.lat.gz´.
2020-07-19 16:04:55,739 decode: Utterance `dspm054_dsp2013_01´ -- 76 of job 9
2020-07-19 16:05:08,422 __iter__: Reading lattice file `/tmp/54764876/lattices/dspm054_dsp2013_13.lat.gz´.
2020-07-19 16:05:09,392 decode: Utterance `dspm054_dsp2013_13´ -- 77 of job 9
2020-07-19 16:05:47,793 __iter__: Reading lattice file `/tmp/54764876/lattices/dspm054_dsp2013_23.lat.gz´.
2020-07-19 16:05:47,902 decode: Utterance `dspm054_dsp2013_23´ -- 78 of job 9
2020-07-19 16:05:52,150 __iter__: Reading lattice file `/tmp/54764876/lattices/dspm055_dsp2013_10.lat.gz´.
2020-07-19 16:05:52,203 decode: Utterance `dspm055_dsp2013_10´ -- 79 of job 9
2020-07-19 16:05:53,609 __iter__: Reading lattice file `/tmp/54764876/lattices/dspm055_dsp2013_20.lat.gz´.
2020-07-19 16:05:53,623 decode: Utterance `dspm055_dsp2013_20´ -- 80 of job 9
2020-07-19 16:05:54,038 __iter__: Reading lattice file `/tmp/54764876/lattices/dspm056_dsp2013_10.lat.gz´.
2020-07-19 16:05:54,063 decode: Utterance `dspm056_dsp2013_10´ -- 81 of job 9
2020-07-19 16:05:54,759 __iter__: Reading lattice file `/tmp/54764876/lattices/dspm056_dsp2013_20.lat.gz´.
2020-07-19 16:05:54,778 decode: Utterance `dspm056_dsp2013_20´ -- 82 of job 9
2020-07-19 16:05:55,390 __iter__: Reading lattice file `/tmp/54764876/lattices/dspm057_dsp2013_10.lat.gz´.
2020-07-19 16:05:56,751 decode: Utterance `dspm057_dsp2013_10´ -- 83 of job 9
2020-07-19 16:06:53,040 __iter__: Reading lattice file `/tmp/54764876/lattices/dspm057_dsp2013_20.lat.gz´.
2020-07-19 16:06:53,387 decode: Utterance `dspm057_dsp2013_20´ -- 84 of job 9
2020-07-19 16:07:04,332 __iter__: Reading lattice file `/tmp/54764876/lattices/dspm058_dsp2013_11.lat.gz´.
2020-07-19 16:07:04,518 decode: Utterance `dspm058_dsp2013_11´ -- 85 of job 9
2020-07-19 16:07:09,955 __iter__: Reading lattice file `/tmp/54764876/lattices/dspm058_dsp2013_22.lat.gz´.
2020-07-19 16:07:10,084 decode: Utterance `dspm058_dsp2013_22´ -- 86 of job 9
2020-07-19 16:07:14,614 __iter__: Reading lattice file `/tmp/54764876/lattices/radioanne_fym20071218_28.lat.gz´.
2020-07-19 16:07:14,665 decode: Utterance `radioanne_fym20071218_28´ -- 87 of job 9
2020-07-19 16:07:16,024 __iter__: Reading lattice file `/tmp/54764876/lattices/radiojake_kbk20120915_14.lat.gz´.
2020-07-19 16:07:16,043 decode: Utterance `radiojake_kbk20120915_14´ -- 88 of job 9
2020-07-19 16:07:16,695 __iter__: Reading lattice file `/tmp/54764876/lattices/radiojake_kbk20120915_39.lat.gz´.
2020-07-19 16:07:16,702 decode: Utterance `radiojake_kbk20120915_39´ -- 89 of job 9
2020-07-19 16:07:16,869 __iter__: Reading lattice file `/tmp/54764876/lattices/radiojake_kbk20120915_65.lat.gz´.
2020-07-19 16:07:16,958 decode: Utterance `radiojake_kbk20120915_65´ -- 90 of job 9
2020-07-19 16:07:19,511 __iter__: Reading lattice file `/tmp/54764876/lattices/radiojake_kbk20120915_94.lat.gz´.
2020-07-19 16:07:19,569 decode: Utterance `radiojake_kbk20120915_94´ -- 91 of job 9
2020-07-19 16:07:21,678 __iter__: Reading lattice file `/tmp/54764876/lattices/radiokassu_kbk20120915_48.lat.gz´.
2020-07-19 16:07:22,005 decode: Utterance `radiokassu_kbk20120915_48´ -- 92 of job 9
2020-07-19 16:07:31,166 __iter__: Reading lattice file `/tmp/54764876/lattices/radiokassu_kbk20120915_72.lat.gz´.
2020-07-19 16:07:31,250 decode: Utterance `radiokassu_kbk20120915_72´ -- 93 of job 9
2020-07-19 16:07:33,190 __iter__: Reading lattice file `/tmp/54764876/lattices/radionoona_fym20071218_27.lat.gz´.
2020-07-19 16:07:33,228 decode: Utterance `radionoona_fym20071218_27´ -- 94 of job 9
2020-07-19 16:07:34,159 __iter__: Reading lattice file `/tmp/54764876/lattices/radioshaka_kbk20120915_102.lat.gz´.
2020-07-19 16:07:34,575 decode: Utterance `radioshaka_kbk20120915_102´ -- 95 of job 9
2020-07-19 16:07:51,955 __iter__: Reading lattice file `/tmp/54764876/lattices/radioshaka_kbk20120915_22.lat.gz´.
2020-07-19 16:07:52,714 decode: Utterance `radioshaka_kbk20120915_22´ -- 96 of job 9
2020-07-19 16:08:14,817 __iter__: Reading lattice file `/tmp/54764876/lattices/radioshaka_kbk20120915_42.lat.gz´.
2020-07-19 16:08:14,835 decode: Utterance `radioshaka_kbk20120915_42´ -- 97 of job 9
2020-07-19 16:08:15,161 __iter__: Reading lattice file `/tmp/54764876/lattices/radioshaka_kbk20120915_77.lat.gz´.
2020-07-19 16:08:15,197 decode: Utterance `radioshaka_kbk20120915_77´ -- 98 of job 9
/scratch/work/groszt1/envs/theanoLM/lib/python3.7/site-packages/h5py-2.9.0-py3.7-linux-x86_64.egg/h5py/_hl/dataset.py:313: H5pyDeprecationWarning: dataset.value has been deprecated. Use dataset[()] instead.
  "Use dataset[()] instead.", H5pyDeprecationWarning)
decode_theanolm finished.
