EXPT_NAME theanolm-100k
EXPT_PARAMS expt10-seed4
EXPT_WORK_DIR /scratch/work/moisioa3/conv_lm/experiments/theanolm-100k/expt10-seed4
Experiment: theanolm-100k/expt10-seed4
Job ID: 54764873
Task ID: 56
Host: gpu25.int.triton.aalto.fi
Start date: Sun Jul 19 15:46:41 EEST 2020
Work directory: /scratch/work/moisioa3/conv_lm/experiments/theanolm-100k/expt10-seed4
Temporary directory: /tmp/54764873

Currently Loaded Modules:
  1) speech-scripts/2016.05.24-b928230   6) binutils/2.25-GCCcore-5.4.0
  2) srilm/default                       7) GCC/5.4.0-2.25
  3) cuda/10.0.130                       8) libgpuarray/2017.03.29-45c731f
  4) cudnn/7.4.2-cuda                    9) anaconda3/latest
  5) GCCcore/5.4.0

 

/tmp/54764873/lattices
floatX=float32,device=cuda0,base_compiledir=/tmp/theano,exception_verbosity=high,openmp=False
INFO (theano.gof.compilelock): Waiting for existing lock by unknown process (I am process '21578')
INFO (theano.gof.compilelock): To manually release the lock, delete /tmp/theano/compiledir_Linux-3.10-el7.x86_64-x86_64-with-centos-7.8.2003-Core-x86_64-3.7.3-64/lock_dir
INFO (theano.gof.compilelock): Waiting for existing lock by unknown process (I am process '21578')
INFO (theano.gof.compilelock): To manually release the lock, delete /tmp/theano/compiledir_Linux-3.10-el7.x86_64-x86_64-with-centos-7.8.2003-Core-x86_64-3.7.3-64/lock_dir
/scratch/work/groszt1/envs/theanoLM/lib/python3.7/site-packages/theano/gpuarray/dnn.py:184: UserWarning: Your cuDNN version is more recent than Theano. If you encounter problems, try updating Theano or downgrading cuDNN to a version >= v5 and <= v7.
  warnings.warn("Your cuDNN version is more recent than "
Using cuDNN version 7600 on context None
Mapped name None to device cuda0: Tesla P100-PCIE-16GB (0000:04:00.0)
TheanoLM 1.3.2
Theano 1.0.4
pygpu 0.7.6
==
+ srun --gres=gpu:1 theanolm decode /scratch/work/moisioa3/conv_lm/experiments/theanolm-100k/expt10-seed4/nnlm.h5 --lattice-list /tmp/54764873/lattices/lattice-list --output-file /scratch/work/moisioa3/conv_lm/experiments/theanolm-100k/expt10-seed4/decode/devel/lambda=1.0-lms=12/6.trn --output trn --nnlm-weight 1.0 --lm-scale 12 --max-tokens-per-node 62 --beam 650 --recombination-order 22 --num-jobs 10 --job 6 --shortlist --unk-penalty=-20
2020-07-19 15:47:18,259 get_default_device: Context None device="Tesla P100-PCIE-16GB" ID="0000:04:00.0"
2020-07-19 15:47:18,261 from_file: Reading vocabulary from network state.
2020-07-19 15:47:22,302 from_file: Number of words in vocabulary: 2427252
2020-07-19 15:47:22,302 from_file: Number of words in shortlist: 100003
2020-07-19 15:47:22,302 from_file: Number of word classes: 100003
2020-07-19 15:47:22,303 from_file: Building neural network.
2020-07-19 15:48:29,224 from_file: Restoring neural network state.
2020-07-19 15:48:29,925 decode: Building word lattice decoder.
2020-07-19 15:48:34,959 __iter__: Reading lattice file `/tmp/54764873/lattices/dspf004_dsp2013_08.lat.gz´.
2020-07-19 15:48:35,292 decode: Utterance `dspf004_dsp2013_08´ -- 1 of job 6
2020-07-19 15:48:50,819 __iter__: Reading lattice file `/tmp/54764873/lattices/dspf004_dsp2013_18.lat.gz´.
2020-07-19 15:48:51,515 decode: Utterance `dspf004_dsp2013_18´ -- 2 of job 6
2020-07-19 15:49:21,538 __iter__: Reading lattice file `/tmp/54764873/lattices/dspf007_dsp2013_07.lat.gz´.
2020-07-19 15:49:21,733 decode: Utterance `dspf007_dsp2013_07´ -- 3 of job 6
2020-07-19 15:49:28,149 __iter__: Reading lattice file `/tmp/54764873/lattices/dspf007_dsp2013_17.lat.gz´.
2020-07-19 15:49:29,047 decode: Utterance `dspf007_dsp2013_17´ -- 4 of job 6
2020-07-19 15:49:53,129 __iter__: Reading lattice file `/tmp/54764873/lattices/dspm001_dsp2013_07.lat.gz´.
2020-07-19 15:49:53,749 decode: Utterance `dspm001_dsp2013_07´ -- 5 of job 6
2020-07-19 15:50:12,670 __iter__: Reading lattice file `/tmp/54764873/lattices/dspm001_dsp2013_17.lat.gz´.
2020-07-19 15:50:12,708 decode: Utterance `dspm001_dsp2013_17´ -- 6 of job 6
2020-07-19 15:50:13,493 __iter__: Reading lattice file `/tmp/54764873/lattices/dspm004_dsp2013_07.lat.gz´.
2020-07-19 15:50:14,344 decode: Utterance `dspm004_dsp2013_07´ -- 7 of job 6
2020-07-19 15:50:41,003 __iter__: Reading lattice file `/tmp/54764873/lattices/dspm004_dsp2013_17.lat.gz´.
2020-07-19 15:50:41,702 decode: Utterance `dspm004_dsp2013_17´ -- 8 of job 6
2020-07-19 15:51:00,547 __iter__: Reading lattice file `/tmp/54764873/lattices/dspm005_dsp2013_07.lat.gz´.
2020-07-19 15:51:00,596 decode: Utterance `dspm005_dsp2013_07´ -- 9 of job 6
2020-07-19 15:51:02,261 __iter__: Reading lattice file `/tmp/54764873/lattices/dspm005_dsp2013_17.lat.gz´.
2020-07-19 15:51:02,319 decode: Utterance `dspm005_dsp2013_17´ -- 10 of job 6
2020-07-19 15:51:03,792 __iter__: Reading lattice file `/tmp/54764873/lattices/dspm006_dsp2013_07.lat.gz´.
2020-07-19 15:51:03,807 decode: Utterance `dspm006_dsp2013_07´ -- 11 of job 6
2020-07-19 15:51:04,301 __iter__: Reading lattice file `/tmp/54764873/lattices/dspm006_dsp2013_20.lat.gz´.
2020-07-19 15:51:04,303 decode: Utterance `dspm006_dsp2013_20´ -- 12 of job 6
2020-07-19 15:51:04,397 __iter__: Reading lattice file `/tmp/54764873/lattices/dspm007_dsp2013_06.lat.gz´.
2020-07-19 15:51:04,758 decode: Utterance `dspm007_dsp2013_06´ -- 13 of job 6
2020-07-19 15:51:17,252 __iter__: Reading lattice file `/tmp/54764873/lattices/dspm007_dsp2013_18.lat.gz´.
2020-07-19 15:51:17,835 decode: Utterance `dspm007_dsp2013_18´ -- 14 of job 6
2020-07-19 15:51:35,142 __iter__: Reading lattice file `/tmp/54764873/lattices/dspm007_dsp2013_28.lat.gz´.
2020-07-19 15:51:35,410 decode: Utterance `dspm007_dsp2013_28´ -- 15 of job 6
2020-07-19 15:51:43,985 __iter__: Reading lattice file `/tmp/54764873/lattices/dspm010_dsp2013_09.lat.gz´.
2020-07-19 15:51:50,958 decode: Utterance `dspm010_dsp2013_09´ -- 16 of job 6
2020-07-19 15:55:25,916 __iter__: Reading lattice file `/tmp/54764873/lattices/dspm010_dsp2013_25.lat.gz´.
2020-07-19 15:55:27,983 decode: Utterance `dspm010_dsp2013_25´ -- 17 of job 6
2020-07-19 15:57:03,973 __iter__: Reading lattice file `/tmp/54764873/lattices/dspm011_dsp2013_09.lat.gz´.
2020-07-19 15:57:04,182 decode: Utterance `dspm011_dsp2013_09´ -- 18 of job 6
2020-07-19 15:57:08,997 __iter__: Reading lattice file `/tmp/54764873/lattices/dspm011_dsp2013_19.lat.gz´.
2020-07-19 15:57:09,276 decode: Utterance `dspm011_dsp2013_19´ -- 19 of job 6
2020-07-19 15:57:22,092 __iter__: Reading lattice file `/tmp/54764873/lattices/dspm014_dsp2013_07.lat.gz´.
2020-07-19 15:57:22,246 decode: Utterance `dspm014_dsp2013_07´ -- 20 of job 6
2020-07-19 15:57:27,391 __iter__: Reading lattice file `/tmp/54764873/lattices/dspm014_dsp2013_26.lat.gz´.
2020-07-19 15:57:27,689 decode: Utterance `dspm014_dsp2013_26´ -- 21 of job 6
2020-07-19 15:57:35,699 __iter__: Reading lattice file `/tmp/54764873/lattices/dspm015_dsp2013_03.lat.gz´.
2020-07-19 15:57:36,096 decode: Utterance `dspm015_dsp2013_03´ -- 22 of job 6
2020-07-19 15:57:47,141 __iter__: Reading lattice file `/tmp/54764873/lattices/dspm015_dsp2013_13.lat.gz´.
2020-07-19 15:57:47,513 decode: Utterance `dspm015_dsp2013_13´ -- 23 of job 6
2020-07-19 15:57:55,565 __iter__: Reading lattice file `/tmp/54764873/lattices/dspm017_dsp2013_105.lat.gz´.
2020-07-19 15:57:56,408 decode: Utterance `dspm017_dsp2013_105´ -- 24 of job 6
2020-07-19 15:58:42,126 __iter__: Reading lattice file `/tmp/54764873/lattices/dspm017_dsp2013_42.lat.gz´.
2020-07-19 15:58:42,515 decode: Utterance `dspm017_dsp2013_42´ -- 25 of job 6
2020-07-19 15:58:53,829 __iter__: Reading lattice file `/tmp/54764873/lattices/dspm017_dsp2013_81.lat.gz´.
2020-07-19 15:58:54,929 decode: Utterance `dspm017_dsp2013_81´ -- 26 of job 6
2020-07-19 15:59:33,788 __iter__: Reading lattice file `/tmp/54764873/lattices/dspm018_dsp2013_09.lat.gz´.
2020-07-19 15:59:34,109 decode: Utterance `dspm018_dsp2013_09´ -- 27 of job 6
2020-07-19 15:59:52,632 __iter__: Reading lattice file `/tmp/54764873/lattices/dspm018_dsp2013_19.lat.gz´.
2020-07-19 15:59:52,725 decode: Utterance `dspm018_dsp2013_19´ -- 28 of job 6
2020-07-19 15:59:55,707 __iter__: Reading lattice file `/tmp/54764873/lattices/dspm019_dsp2013_07.lat.gz´.
2020-07-19 15:59:55,761 decode: Utterance `dspm019_dsp2013_07´ -- 29 of job 6
2020-07-19 15:59:57,127 __iter__: Reading lattice file `/tmp/54764873/lattices/dspm019_dsp2013_18.lat.gz´.
2020-07-19 15:59:57,148 decode: Utterance `dspm019_dsp2013_18´ -- 30 of job 6
2020-07-19 15:59:57,744 __iter__: Reading lattice file `/tmp/54764873/lattices/dspm021_dsp2013_08.lat.gz´.
2020-07-19 15:59:58,224 decode: Utterance `dspm021_dsp2013_08´ -- 31 of job 6
2020-07-19 16:00:15,155 __iter__: Reading lattice file `/tmp/54764873/lattices/dspm021_dsp2013_18.lat.gz´.
2020-07-19 16:00:15,537 decode: Utterance `dspm021_dsp2013_18´ -- 32 of job 6
2020-07-19 16:00:36,703 __iter__: Reading lattice file `/tmp/54764873/lattices/dspm022_dsp2013_04.lat.gz´.
2020-07-19 16:00:36,896 decode: Utterance `dspm022_dsp2013_04´ -- 33 of job 6
2020-07-19 16:00:43,933 __iter__: Reading lattice file `/tmp/54764873/lattices/dspm022_dsp2013_14.lat.gz´.
2020-07-19 16:00:43,962 decode: Utterance `dspm022_dsp2013_14´ -- 34 of job 6
2020-07-19 16:00:44,969 __iter__: Reading lattice file `/tmp/54764873/lattices/dspm022_dsp2013_24.lat.gz´.
2020-07-19 16:00:45,511 decode: Utterance `dspm022_dsp2013_24´ -- 35 of job 6
2020-07-19 16:01:08,472 __iter__: Reading lattice file `/tmp/54764873/lattices/dspm022_dsp2013_34.lat.gz´.
2020-07-19 16:01:08,537 decode: Utterance `dspm022_dsp2013_34´ -- 36 of job 6
2020-07-19 16:01:10,573 __iter__: Reading lattice file `/tmp/54764873/lattices/dspm024_dsp2013_10.lat.gz´.
2020-07-19 16:01:10,672 decode: Utterance `dspm024_dsp2013_10´ -- 37 of job 6
2020-07-19 16:01:13,842 __iter__: Reading lattice file `/tmp/54764873/lattices/dspm024_dsp2013_21.lat.gz´.
2020-07-19 16:01:13,900 decode: Utterance `dspm024_dsp2013_21´ -- 38 of job 6
2020-07-19 16:01:15,311 __iter__: Reading lattice file `/tmp/54764873/lattices/dspm025_dsp2013_17.lat.gz´.
2020-07-19 16:01:16,076 decode: Utterance `dspm025_dsp2013_17´ -- 39 of job 6
2020-07-19 16:01:39,583 __iter__: Reading lattice file `/tmp/54764873/lattices/dspm025_dsp2013_29.lat.gz´.
2020-07-19 16:01:41,485 decode: Utterance `dspm025_dsp2013_29´ -- 40 of job 6
2020-07-19 16:02:38,957 __iter__: Reading lattice file `/tmp/54764873/lattices/dspm026_dsp2013_09.lat.gz´.
2020-07-19 16:02:39,399 decode: Utterance `dspm026_dsp2013_09´ -- 41 of job 6
2020-07-19 16:02:53,611 __iter__: Reading lattice file `/tmp/54764873/lattices/dspm026_dsp2013_19.lat.gz´.
2020-07-19 16:02:53,853 decode: Utterance `dspm026_dsp2013_19´ -- 42 of job 6
2020-07-19 16:03:02,746 __iter__: Reading lattice file `/tmp/54764873/lattices/dspm028_dsp2013_09.lat.gz´.
2020-07-19 16:03:02,894 decode: Utterance `dspm028_dsp2013_09´ -- 43 of job 6
2020-07-19 16:03:07,556 __iter__: Reading lattice file `/tmp/54764873/lattices/dspm028_dsp2013_19.lat.gz´.
2020-07-19 16:03:07,679 decode: Utterance `dspm028_dsp2013_19´ -- 44 of job 6
2020-07-19 16:03:10,887 __iter__: Reading lattice file `/tmp/54764873/lattices/dspm031_dsp2013_09.lat.gz´.
2020-07-19 16:03:10,899 decode: Utterance `dspm031_dsp2013_09´ -- 45 of job 6
2020-07-19 16:03:11,262 __iter__: Reading lattice file `/tmp/54764873/lattices/dspm031_dsp2013_19.lat.gz´.
2020-07-19 16:03:11,289 decode: Utterance `dspm031_dsp2013_19´ -- 46 of job 6
2020-07-19 16:03:12,211 __iter__: Reading lattice file `/tmp/54764873/lattices/dspm032_dsp2013_04.lat.gz´.
2020-07-19 16:03:12,216 decode: Utterance `dspm032_dsp2013_04´ -- 47 of job 6
2020-07-19 16:03:12,409 __iter__: Reading lattice file `/tmp/54764873/lattices/dspm032_dsp2013_14.lat.gz´.
2020-07-19 16:03:12,443 decode: Utterance `dspm032_dsp2013_14´ -- 48 of job 6
2020-07-19 16:03:13,316 __iter__: Reading lattice file `/tmp/54764873/lattices/dspm032_dsp2013_24.lat.gz´.
2020-07-19 16:03:13,331 decode: Utterance `dspm032_dsp2013_24´ -- 49 of job 6
2020-07-19 16:03:13,753 __iter__: Reading lattice file `/tmp/54764873/lattices/dspm033_dsp2013_29.lat.gz´.
2020-07-19 16:03:13,940 decode: Utterance `dspm033_dsp2013_29´ -- 50 of job 6
2020-07-19 16:03:20,852 __iter__: Reading lattice file `/tmp/54764873/lattices/dspm033_dsp2013_51.lat.gz´.
2020-07-19 16:03:21,296 decode: Utterance `dspm033_dsp2013_51´ -- 51 of job 6
2020-07-19 16:03:35,822 __iter__: Reading lattice file `/tmp/54764873/lattices/dspm034_dsp2013_10.lat.gz´.
2020-07-19 16:03:36,023 decode: Utterance `dspm034_dsp2013_10´ -- 52 of job 6
2020-07-19 16:03:41,367 __iter__: Reading lattice file `/tmp/54764873/lattices/dspm034_dsp2013_20.lat.gz´.
2020-07-19 16:03:41,438 decode: Utterance `dspm034_dsp2013_20´ -- 53 of job 6
2020-07-19 16:03:43,344 __iter__: Reading lattice file `/tmp/54764873/lattices/dspm036_dsp2013_34.lat.gz´.
2020-07-19 16:03:43,729 decode: Utterance `dspm036_dsp2013_34´ -- 54 of job 6
2020-07-19 16:03:59,056 __iter__: Reading lattice file `/tmp/54764873/lattices/dspm039_dsp2013_01.lat.gz´.
2020-07-19 16:03:59,168 decode: Utterance `dspm039_dsp2013_01´ -- 55 of job 6
2020-07-19 16:04:02,316 __iter__: Reading lattice file `/tmp/54764873/lattices/dspm039_dsp2013_12.lat.gz´.
2020-07-19 16:04:02,709 decode: Utterance `dspm039_dsp2013_12´ -- 56 of job 6
2020-07-19 16:04:15,866 __iter__: Reading lattice file `/tmp/54764873/lattices/dspm039_dsp2013_23.lat.gz´.
2020-07-19 16:04:16,201 decode: Utterance `dspm039_dsp2013_23´ -- 57 of job 6
2020-07-19 16:04:27,119 __iter__: Reading lattice file `/tmp/54764873/lattices/dspm040_dsp2013_06.lat.gz´.
2020-07-19 16:04:27,275 decode: Utterance `dspm040_dsp2013_06´ -- 58 of job 6
2020-07-19 16:04:31,709 __iter__: Reading lattice file `/tmp/54764873/lattices/dspm040_dsp2013_16.lat.gz´.
2020-07-19 16:04:31,746 decode: Utterance `dspm040_dsp2013_16´ -- 59 of job 6
2020-07-19 16:04:32,731 __iter__: Reading lattice file `/tmp/54764873/lattices/dspm042_dsp2013_07.lat.gz´.
2020-07-19 16:04:32,777 decode: Utterance `dspm042_dsp2013_07´ -- 60 of job 6
2020-07-19 16:04:34,089 __iter__: Reading lattice file `/tmp/54764873/lattices/dspm042_dsp2013_18.lat.gz´.
2020-07-19 16:04:34,152 decode: Utterance `dspm042_dsp2013_18´ -- 61 of job 6
2020-07-19 16:04:36,019 __iter__: Reading lattice file `/tmp/54764873/lattices/dspm043_dsp2013_08.lat.gz´.
2020-07-19 16:04:36,039 decode: Utterance `dspm043_dsp2013_08´ -- 62 of job 6
2020-07-19 16:04:36,480 __iter__: Reading lattice file `/tmp/54764873/lattices/dspm043_dsp2013_22.lat.gz´.
2020-07-19 16:04:36,502 decode: Utterance `dspm043_dsp2013_22´ -- 63 of job 6
2020-07-19 16:04:37,299 __iter__: Reading lattice file `/tmp/54764873/lattices/dspm045_dsp2013_01.lat.gz´.
2020-07-19 16:04:40,399 decode: Utterance `dspm045_dsp2013_01´ -- 64 of job 6
2020-07-19 16:06:11,311 __iter__: Reading lattice file `/tmp/54764873/lattices/dspm045_dsp2013_11.lat.gz´.
2020-07-19 16:06:11,808 decode: Utterance `dspm045_dsp2013_11´ -- 65 of job 6
2020-07-19 16:06:36,557 __iter__: Reading lattice file `/tmp/54764873/lattices/dspm047_dsp2013_01.lat.gz´.
2020-07-19 16:06:36,601 decode: Utterance `dspm047_dsp2013_01´ -- 66 of job 6
2020-07-19 16:06:37,870 __iter__: Reading lattice file `/tmp/54764873/lattices/dspm047_dsp2013_11.lat.gz´.
2020-07-19 16:06:38,023 decode: Utterance `dspm047_dsp2013_11´ -- 67 of job 6
2020-07-19 16:06:42,347 __iter__: Reading lattice file `/tmp/54764873/lattices/dspm048_dsp2013_01.lat.gz´.
2020-07-19 16:06:42,390 decode: Utterance `dspm048_dsp2013_01´ -- 68 of job 6
2020-07-19 16:06:43,826 __iter__: Reading lattice file `/tmp/54764873/lattices/dspm048_dsp2013_11.lat.gz´.
2020-07-19 16:06:43,954 decode: Utterance `dspm048_dsp2013_11´ -- 69 of job 6
2020-07-19 16:06:47,981 __iter__: Reading lattice file `/tmp/54764873/lattices/dspm048_dsp2013_21.lat.gz´.
2020-07-19 16:06:48,033 decode: Utterance `dspm048_dsp2013_21´ -- 70 of job 6
2020-07-19 16:06:49,576 __iter__: Reading lattice file `/tmp/54764873/lattices/dspm049_dsp2013_10.lat.gz´.
2020-07-19 16:06:50,639 decode: Utterance `dspm049_dsp2013_10´ -- 71 of job 6
2020-07-19 16:07:19,741 __iter__: Reading lattice file `/tmp/54764873/lattices/dspm049_dsp2013_20.lat.gz´.
2020-07-19 16:07:22,443 decode: Utterance `dspm049_dsp2013_20´ -- 72 of job 6
2020-07-19 16:09:27,794 __iter__: Reading lattice file `/tmp/54764873/lattices/dspm050_dsp2013_18.lat.gz´.
2020-07-19 16:09:27,859 decode: Utterance `dspm050_dsp2013_18´ -- 73 of job 6
2020-07-19 16:09:29,985 __iter__: Reading lattice file `/tmp/54764873/lattices/dspm050_dsp2013_30.lat.gz´.
2020-07-19 16:09:30,137 decode: Utterance `dspm050_dsp2013_30´ -- 74 of job 6
2020-07-19 16:09:34,826 __iter__: Reading lattice file `/tmp/54764873/lattices/dspm052_dsp2013_08.lat.gz´.
2020-07-19 16:09:35,055 decode: Utterance `dspm052_dsp2013_08´ -- 75 of job 6
2020-07-19 16:09:42,898 __iter__: Reading lattice file `/tmp/54764873/lattices/dspm052_dsp2013_18.lat.gz´.
2020-07-19 16:09:42,950 decode: Utterance `dspm052_dsp2013_18´ -- 76 of job 6
2020-07-19 16:09:44,269 __iter__: Reading lattice file `/tmp/54764873/lattices/dspm054_dsp2013_09.lat.gz´.
2020-07-19 16:09:44,633 decode: Utterance `dspm054_dsp2013_09´ -- 77 of job 6
2020-07-19 16:09:54,362 __iter__: Reading lattice file `/tmp/54764873/lattices/dspm054_dsp2013_20.lat.gz´.
2020-07-19 16:09:54,559 decode: Utterance `dspm054_dsp2013_20´ -- 78 of job 6
2020-07-19 16:10:01,926 __iter__: Reading lattice file `/tmp/54764873/lattices/dspm055_dsp2013_07.lat.gz´.
2020-07-19 16:10:01,992 decode: Utterance `dspm055_dsp2013_07´ -- 79 of job 6
2020-07-19 16:10:03,898 __iter__: Reading lattice file `/tmp/54764873/lattices/dspm055_dsp2013_17.lat.gz´.
2020-07-19 16:10:03,948 decode: Utterance `dspm055_dsp2013_17´ -- 80 of job 6
2020-07-19 16:10:05,707 __iter__: Reading lattice file `/tmp/54764873/lattices/dspm056_dsp2013_07.lat.gz´.
2020-07-19 16:10:05,833 decode: Utterance `dspm056_dsp2013_07´ -- 81 of job 6
2020-07-19 16:10:10,013 __iter__: Reading lattice file `/tmp/54764873/lattices/dspm056_dsp2013_17.lat.gz´.
2020-07-19 16:10:10,047 decode: Utterance `dspm056_dsp2013_17´ -- 82 of job 6
2020-07-19 16:10:10,992 __iter__: Reading lattice file `/tmp/54764873/lattices/dspm057_dsp2013_07.lat.gz´.
2020-07-19 16:10:12,010 decode: Utterance `dspm057_dsp2013_07´ -- 83 of job 6
2020-07-19 16:10:48,049 __iter__: Reading lattice file `/tmp/54764873/lattices/dspm057_dsp2013_17.lat.gz´.
2020-07-19 16:10:48,136 decode: Utterance `dspm057_dsp2013_17´ -- 84 of job 6
2020-07-19 16:10:51,021 __iter__: Reading lattice file `/tmp/54764873/lattices/dspm058_dsp2013_08.lat.gz´.
2020-07-19 16:10:51,081 decode: Utterance `dspm058_dsp2013_08´ -- 85 of job 6
2020-07-19 16:10:52,745 __iter__: Reading lattice file `/tmp/54764873/lattices/dspm058_dsp2013_19.lat.gz´.
2020-07-19 16:10:52,915 decode: Utterance `dspm058_dsp2013_19´ -- 86 of job 6
2020-07-19 16:10:57,339 __iter__: Reading lattice file `/tmp/54764873/lattices/radioanne_fym20071218_16.lat.gz´.
2020-07-19 16:10:57,347 decode: Utterance `radioanne_fym20071218_16´ -- 87 of job 6
2020-07-19 16:10:57,506 __iter__: Reading lattice file `/tmp/54764873/lattices/radiojake_kbk20120915_117.lat.gz´.
2020-07-19 16:10:57,597 decode: Utterance `radiojake_kbk20120915_117´ -- 88 of job 6
2020-07-19 16:11:01,832 __iter__: Reading lattice file `/tmp/54764873/lattices/radiojake_kbk20120915_2.lat.gz´.
2020-07-19 16:11:02,254 decode: Utterance `radiojake_kbk20120915_2´ -- 89 of job 6
2020-07-19 16:11:18,101 __iter__: Reading lattice file `/tmp/54764873/lattices/radiojake_kbk20120915_55.lat.gz´.
2020-07-19 16:11:18,194 decode: Utterance `radiojake_kbk20120915_55´ -- 90 of job 6
2020-07-19 16:11:21,467 __iter__: Reading lattice file `/tmp/54764873/lattices/radiojake_kbk20120915_86.lat.gz´.
2020-07-19 16:11:21,632 decode: Utterance `radiojake_kbk20120915_86´ -- 91 of job 6
2020-07-19 16:11:30,787 __iter__: Reading lattice file `/tmp/54764873/lattices/radiokassu_kbk20120915_34.lat.gz´.
2020-07-19 16:11:30,850 decode: Utterance `radiokassu_kbk20120915_34´ -- 92 of job 6
2020-07-19 16:11:32,620 __iter__: Reading lattice file `/tmp/54764873/lattices/radiokassu_kbk20120915_6.lat.gz´.
2020-07-19 16:11:32,783 decode: Utterance `radiokassu_kbk20120915_6´ -- 93 of job 6
2020-07-19 16:11:39,015 __iter__: Reading lattice file `/tmp/54764873/lattices/radionoona_fym20071218_21.lat.gz´.
2020-07-19 16:11:39,020 decode: Utterance `radionoona_fym20071218_21´ -- 94 of job 6
2020-07-19 16:11:39,193 __iter__: Reading lattice file `/tmp/54764873/lattices/radionoona_fym20071218_8.lat.gz´.
2020-07-19 16:11:39,204 decode: Utterance `radionoona_fym20071218_8´ -- 95 of job 6
2020-07-19 16:11:39,565 __iter__: Reading lattice file `/tmp/54764873/lattices/radioshaka_kbk20120915_16.lat.gz´.
2020-07-19 16:11:39,926 decode: Utterance `radioshaka_kbk20120915_16´ -- 96 of job 6
2020-07-19 16:11:56,444 __iter__: Reading lattice file `/tmp/54764873/lattices/radioshaka_kbk20120915_37.lat.gz´.
2020-07-19 16:11:57,063 decode: Utterance `radioshaka_kbk20120915_37´ -- 97 of job 6
2020-07-19 16:12:22,858 __iter__: Reading lattice file `/tmp/54764873/lattices/radioshaka_kbk20120915_66.lat.gz´.
2020-07-19 16:12:23,127 decode: Utterance `radioshaka_kbk20120915_66´ -- 98 of job 6
2020-07-19 16:12:32,947 __iter__: Reading lattice file `/tmp/54764873/lattices/radioshaka_kbk20120915_92.lat.gz´.
2020-07-19 16:12:33,298 decode: Utterance `radioshaka_kbk20120915_92´ -- 99 of job 6
/scratch/work/groszt1/envs/theanoLM/lib/python3.7/site-packages/theano/gpuarray/dnn.py:184: UserWarning: Your cuDNN version is more recent than Theano. If you encounter problems, try updating Theano or downgrading cuDNN to a version >= v5 and <= v7.
  warnings.warn("Your cuDNN version is more recent than "
Using cuDNN version 7600 on context None
Mapped name None to device cuda0: Tesla P100-PCIE-16GB (0000:04:00.0)
/scratch/work/groszt1/envs/theanoLM/lib/python3.7/site-packages/h5py-2.9.0-py3.7-linux-x86_64.egg/h5py/_hl/dataset.py:313: H5pyDeprecationWarning: dataset.value has been deprecated. Use dataset[()] instead.
  "Use dataset[()] instead.", H5pyDeprecationWarning)
/scratch/work/groszt1/envs/theanoLM/lib/python3.7/site-packages/h5py-2.9.0-py3.7-linux-x86_64.egg/h5py/_hl/dataset.py:313: H5pyDeprecationWarning: dataset.value has been deprecated. Use dataset[()] instead.
  "Use dataset[()] instead.", H5pyDeprecationWarning)
decode_theanolm finished.
