moisioa3@login2:/scratch/work/moisioa3/conv_lm/experiments/kaldi-am/mmi$ ./05-mono0-train.sh 
EXPT_NAME kaldi-am
EXPT_PARAMS mmi
EXPT_WORK_DIR /scratch/work/moisioa3/conv_lm/experiments/kaldi-am/mmi
feat-to-len scp:/scratch/work/moisioa3/conv_lm/experiments/kaldi-am/mmi/data/am-train/feats.scp ark,t:/scratch/work/moisioa3/conv_lm/experiments/kaldi-am/mmi/data/am-train-2kshort/tmp.len 
utils/subset_data_dir.sh: reducing #utt from 15966 to 2000
steps/train_mono.sh --nj 10 --cmd /scratch/work/moisioa3/conv_lm/experiments/kaldi-am/mmi/utils/slurm.pl --mem 3G --time 1:00:00 /scratch/work/moisioa3/conv_lm/experiments/kaldi-am/mmi/data/am-train-2kshort /scratch/work/moisioa3/conv_lm/experiments/kaldi-am/mmi/lang/nosp /scratch/work/moisioa3/conv_lm/experiments/kaldi-am/mmi/models/mono0
steps/train_mono.sh: Initializing monophone system.
steps/train_mono.sh: Compiling training graphs
steps/train_mono.sh: Aligning data equally (pass 0)
steps/train_mono.sh: Pass 1
steps/train_mono.sh: Aligning data
steps/train_mono.sh: Pass 2
steps/train_mono.sh: Aligning data
steps/train_mono.sh: Pass 3
steps/train_mono.sh: Aligning data
steps/train_mono.sh: Pass 4
steps/train_mono.sh: Aligning data
steps/train_mono.sh: Pass 5
steps/train_mono.sh: Aligning data
steps/train_mono.sh: Pass 6
steps/train_mono.sh: Aligning data
steps/train_mono.sh: Pass 7
steps/train_mono.sh: Aligning data
steps/train_mono.sh: Pass 8
steps/train_mono.sh: Aligning data
steps/train_mono.sh: Pass 9
steps/train_mono.sh: Aligning data
steps/train_mono.sh: Pass 10
steps/train_mono.sh: Aligning data
steps/train_mono.sh: Pass 11
steps/train_mono.sh: Pass 12
steps/train_mono.sh: Aligning data
steps/train_mono.sh: Pass 13
steps/train_mono.sh: Pass 14
steps/train_mono.sh: Aligning data
steps/train_mono.sh: Pass 15
steps/train_mono.sh: Pass 16
steps/train_mono.sh: Aligning data
steps/train_mono.sh: Pass 17
steps/train_mono.sh: Pass 18
steps/train_mono.sh: Aligning data
steps/train_mono.sh: Pass 19
steps/train_mono.sh: Pass 20
steps/train_mono.sh: Aligning data
steps/train_mono.sh: Pass 21
steps/train_mono.sh: Pass 22
steps/train_mono.sh: Pass 23
steps/train_mono.sh: Aligning data
steps/train_mono.sh: Pass 24
steps/train_mono.sh: Pass 25
steps/train_mono.sh: Pass 26
steps/train_mono.sh: Aligning data
steps/train_mono.sh: Pass 27
steps/train_mono.sh: Pass 28
steps/train_mono.sh: Pass 29
steps/train_mono.sh: Aligning data
steps/train_mono.sh: Pass 30
steps/train_mono.sh: Pass 31
steps/train_mono.sh: Pass 32
steps/train_mono.sh: Aligning data
steps/train_mono.sh: Pass 33
steps/train_mono.sh: Pass 34
steps/train_mono.sh: Pass 35
steps/train_mono.sh: Aligning data
steps/train_mono.sh: Pass 36
steps/train_mono.sh: Pass 37
steps/train_mono.sh: Pass 38
steps/train_mono.sh: Aligning data
steps/train_mono.sh: Pass 39
664 warnings in /scratch/work/moisioa3/conv_lm/experiments/kaldi-am/mmi/models/mono0/log/acc.*.*.log
2 warnings in /scratch/work/moisioa3/conv_lm/experiments/kaldi-am/mmi/models/mono0/log/update.*.log
4020 warnings in /scratch/work/moisioa3/conv_lm/experiments/kaldi-am/mmi/models/mono0/log/align.*.*.log
Done