EXPT_NAME morph
EXPT_PARAMS damp=log-w=0.05
EXPT_WORK_DIR /scratch/work/moisioa3/conv_lm/experiments/morph/damp=log-w=0.05
Experiment: morph/damp=log-w=0.05
Job ID: 54497762
Task ID: 
Host: skl45.int.triton.aalto.fi
Start date: Wed Jul  1 12:45:46 EEST 2020
Work directory: /scratch/work/moisioa3/conv_lm/experiments/morph/damp=log-w=0.05
Temporary directory: /tmp/54497762
/scratch/work/moisioa3/conv_lm/experiments/morph/damp=log-w=0.05/morfessor.model
+ morfessor --traindata /scratch/work/moisioa3/conv_lm/data/lm-train/dsp.txt --traindata /scratch/work/moisioa3/conv_lm/data/lm-train/web.txt --encoding UTF-8 --dampening log --corpusweight 0.05 --save /scratch/work/moisioa3/conv_lm/experiments/morph/damp=log-w=0.05/morfessor.model
INFO:morfessor.io:Reading corpus from '/scratch/work/moisioa3/conv_lm/data/lm-train/dsp.txt'...
INFO:morfessor.io:Done.
INFO:morfessor.io:Reading corpus from '/scratch/work/moisioa3/conv_lm/data/lm-train/web.txt'...
INFO:morfessor.io:Done.
INFO:morfessor.baseline:Compounds in training data: 2427249 types / 4113641 tokens
INFO:morfessor.baseline:Starting batch training
INFO:morfessor.baseline:Epochs: 0	Cost: 58281926.7954
...........................................................
INFO:morfessor.baseline:Epochs: 1	Cost: 5406663.24824
...........................................................
INFO:morfessor.baseline:Epochs: 2	Cost: 5257367.97248
...........................................................
INFO:morfessor.baseline:Epochs: 3	Cost: 5253693.22483
INFO:morfessor.baseline:Done.
Epochs: 3
Final cost: 5253693.22483
Training time: 7563.443s
INFO:morfessor.io:Saving model to '/scratch/work/moisioa3/conv_lm/experiments/morph/damp=log-w=0.05/morfessor.model'...
INFO:morfessor.io:Done.
train_morfessor finished.
