Experiment: kaldi-am/chain_tdnn_7q
Job ID: 55140492
Task ID: 
Host: csl44.int.triton.aalto.fi
Start date: Sat Aug 22 15:38:18 EEST 2020
Work directory: /scratch/work/moisioa3/conv_lm/experiments/kaldi-am/chain_tdnn_7q
Temporary directory: /tmp/55140492
/scratch/work/moisioa3/conv_lm/experiments/kaldi-am/chain_tdnn_7q/data/lang_train-nosp
/scratch/work/moisioa3/conv_lm/experiments/kaldi-am/chain_tdnn_7q/lm_tmp/oovs.txt :: /scratch/work/moisioa3/conv_lm/experiments/4gram/ip/kn-ip-dsp-web.arpa.gz /scratch/work/moisioa3/conv_lm/experiments/kaldi-am/chain_tdnn_7q/data/lang_train-nosp/words.txt
/scratch/work/moisioa3/conv_lm/experiments/kaldi-am/chain_tdnn_7q/data/lang_train-nosp/G.fst :: /scratch/work/moisioa3/conv_lm/experiments/4gram/ip/kn-ip-dsp-web.arpa.gz
arpa2fst - 
LOG (arpa2fst[5.5.433~1-7637d]:Read():arpa-file-parser.cc:94) Reading \data\ section.
LOG (arpa2fst[5.5.433~1-7637d]:HeaderAvailable():arpa-lm-compiler.cc:300) Reverting to slower state tracking because model is large: 4-gram with symbols up to 2427253
LOG (arpa2fst[5.5.433~1-7637d]:Read():arpa-file-parser.cc:149) Reading \1-grams: section.
LOG (arpa2fst[5.5.433~1-7637d]:Read():arpa-file-parser.cc:149) Reading \2-grams: section.
LOG (arpa2fst[5.5.433~1-7637d]:Read():arpa-file-parser.cc:149) Reading \3-grams: section.
LOG (arpa2fst[5.5.433~1-7637d]:Read():arpa-file-parser.cc:149) Reading \4-grams: section.
remove_oovs.pl: removed 13409308 lines.
utils/validate_lang.pl /scratch/work/moisioa3/conv_lm/experiments/kaldi-am/chain_tdnn_7q/data/lang_train-nosp
Checking existence of separator file
separator file /scratch/work/moisioa3/conv_lm/experiments/kaldi-am/chain_tdnn_7q/data/lang_train-nosp/subword_separator.txt is empty or does not exist, deal in word case.
Checking /scratch/work/moisioa3/conv_lm/experiments/kaldi-am/chain_tdnn_7q/data/lang_train-nosp/phones.txt ...
--> text seems to be UTF-8 or ASCII, checking whitespaces
--> text contains only allowed whitespaces
--> /scratch/work/moisioa3/conv_lm/experiments/kaldi-am/chain_tdnn_7q/data/lang_train-nosp/phones.txt is OK

Checking words.txt: #0 ...
--> text seems to be UTF-8 or ASCII, checking whitespaces
--> text contains only allowed whitespaces
--> /scratch/work/moisioa3/conv_lm/experiments/kaldi-am/chain_tdnn_7q/data/lang_train-nosp/words.txt is OK

Checking disjoint: silence.txt, nonsilence.txt, disambig.txt ...
--> silence.txt and nonsilence.txt are disjoint
--> silence.txt and disambig.txt are disjoint
--> disambig.txt and nonsilence.txt are disjoint
--> disjoint property is OK

Checking sumation: silence.txt, nonsilence.txt, disambig.txt ...
--> found no unexplainable phones in phones.txt

Checking /scratch/work/moisioa3/conv_lm/experiments/kaldi-am/chain_tdnn_7q/data/lang_train-nosp/phones/context_indep.{txt, int, csl} ...
--> text seems to be UTF-8 or ASCII, checking whitespaces
--> text contains only allowed whitespaces
--> 15 entry/entries in /scratch/work/moisioa3/conv_lm/experiments/kaldi-am/chain_tdnn_7q/data/lang_train-nosp/phones/context_indep.txt
--> /scratch/work/moisioa3/conv_lm/experiments/kaldi-am/chain_tdnn_7q/data/lang_train-nosp/phones/context_indep.int corresponds to /scratch/work/moisioa3/conv_lm/experiments/kaldi-am/chain_tdnn_7q/data/lang_train-nosp/phones/context_indep.txt
--> /scratch/work/moisioa3/conv_lm/experiments/kaldi-am/chain_tdnn_7q/data/lang_train-nosp/phones/context_indep.csl corresponds to /scratch/work/moisioa3/conv_lm/experiments/kaldi-am/chain_tdnn_7q/data/lang_train-nosp/phones/context_indep.txt
--> /scratch/work/moisioa3/conv_lm/experiments/kaldi-am/chain_tdnn_7q/data/lang_train-nosp/phones/context_indep.{txt, int, csl} are OK

Checking /scratch/work/moisioa3/conv_lm/experiments/kaldi-am/chain_tdnn_7q/data/lang_train-nosp/phones/nonsilence.{txt, int, csl} ...
--> text seems to be UTF-8 or ASCII, checking whitespaces
--> text contains only allowed whitespaces
--> 92 entry/entries in /scratch/work/moisioa3/conv_lm/experiments/kaldi-am/chain_tdnn_7q/data/lang_train-nosp/phones/nonsilence.txt
--> /scratch/work/moisioa3/conv_lm/experiments/kaldi-am/chain_tdnn_7q/data/lang_train-nosp/phones/nonsilence.int corresponds to /scratch/work/moisioa3/conv_lm/experiments/kaldi-am/chain_tdnn_7q/data/lang_train-nosp/phones/nonsilence.txt
--> /scratch/work/moisioa3/conv_lm/experiments/kaldi-am/chain_tdnn_7q/data/lang_train-nosp/phones/nonsilence.csl corresponds to /scratch/work/moisioa3/conv_lm/experiments/kaldi-am/chain_tdnn_7q/data/lang_train-nosp/phones/nonsilence.txt
--> /scratch/work/moisioa3/conv_lm/experiments/kaldi-am/chain_tdnn_7q/data/lang_train-nosp/phones/nonsilence.{txt, int, csl} are OK

Checking /scratch/work/moisioa3/conv_lm/experiments/kaldi-am/chain_tdnn_7q/data/lang_train-nosp/phones/silence.{txt, int, csl} ...
--> text seems to be UTF-8 or ASCII, checking whitespaces
--> text contains only allowed whitespaces
--> 15 entry/entries in /scratch/work/moisioa3/conv_lm/experiments/kaldi-am/chain_tdnn_7q/data/lang_train-nosp/phones/silence.txt
--> /scratch/work/moisioa3/conv_lm/experiments/kaldi-am/chain_tdnn_7q/data/lang_train-nosp/phones/silence.int corresponds to /scratch/work/moisioa3/conv_lm/experiments/kaldi-am/chain_tdnn_7q/data/lang_train-nosp/phones/silence.txt
--> /scratch/work/moisioa3/conv_lm/experiments/kaldi-am/chain_tdnn_7q/data/lang_train-nosp/phones/silence.csl corresponds to /scratch/work/moisioa3/conv_lm/experiments/kaldi-am/chain_tdnn_7q/data/lang_train-nosp/phones/silence.txt
--> /scratch/work/moisioa3/conv_lm/experiments/kaldi-am/chain_tdnn_7q/data/lang_train-nosp/phones/silence.{txt, int, csl} are OK

Checking /scratch/work/moisioa3/conv_lm/experiments/kaldi-am/chain_tdnn_7q/data/lang_train-nosp/phones/optional_silence.{txt, int, csl} ...
--> text seems to be UTF-8 or ASCII, checking whitespaces
--> text contains only allowed whitespaces
--> 1 entry/entries in /scratch/work/moisioa3/conv_lm/experiments/kaldi-am/chain_tdnn_7q/data/lang_train-nosp/phones/optional_silence.txt
--> /scratch/work/moisioa3/conv_lm/experiments/kaldi-am/chain_tdnn_7q/data/lang_train-nosp/phones/optional_silence.int corresponds to /scratch/work/moisioa3/conv_lm/experiments/kaldi-am/chain_tdnn_7q/data/lang_train-nosp/phones/optional_silence.txt
--> /scratch/work/moisioa3/conv_lm/experiments/kaldi-am/chain_tdnn_7q/data/lang_train-nosp/phones/optional_silence.csl corresponds to /scratch/work/moisioa3/conv_lm/experiments/kaldi-am/chain_tdnn_7q/data/lang_train-nosp/phones/optional_silence.txt
--> /scratch/work/moisioa3/conv_lm/experiments/kaldi-am/chain_tdnn_7q/data/lang_train-nosp/phones/optional_silence.{txt, int, csl} are OK

Checking /scratch/work/moisioa3/conv_lm/experiments/kaldi-am/chain_tdnn_7q/data/lang_train-nosp/phones/disambig.{txt, int, csl} ...
--> text seems to be UTF-8 or ASCII, checking whitespaces
--> text contains only allowed whitespaces
--> 4 entry/entries in /scratch/work/moisioa3/conv_lm/experiments/kaldi-am/chain_tdnn_7q/data/lang_train-nosp/phones/disambig.txt
--> /scratch/work/moisioa3/conv_lm/experiments/kaldi-am/chain_tdnn_7q/data/lang_train-nosp/phones/disambig.int corresponds to /scratch/work/moisioa3/conv_lm/experiments/kaldi-am/chain_tdnn_7q/data/lang_train-nosp/phones/disambig.txt
--> /scratch/work/moisioa3/conv_lm/experiments/kaldi-am/chain_tdnn_7q/data/lang_train-nosp/phones/disambig.csl corresponds to /scratch/work/moisioa3/conv_lm/experiments/kaldi-am/chain_tdnn_7q/data/lang_train-nosp/phones/disambig.txt
--> /scratch/work/moisioa3/conv_lm/experiments/kaldi-am/chain_tdnn_7q/data/lang_train-nosp/phones/disambig.{txt, int, csl} are OK

Checking /scratch/work/moisioa3/conv_lm/experiments/kaldi-am/chain_tdnn_7q/data/lang_train-nosp/phones/roots.{txt, int} ...
--> text seems to be UTF-8 or ASCII, checking whitespaces
--> text contains only allowed whitespaces
--> 26 entry/entries in /scratch/work/moisioa3/conv_lm/experiments/kaldi-am/chain_tdnn_7q/data/lang_train-nosp/phones/roots.txt
--> /scratch/work/moisioa3/conv_lm/experiments/kaldi-am/chain_tdnn_7q/data/lang_train-nosp/phones/roots.int corresponds to /scratch/work/moisioa3/conv_lm/experiments/kaldi-am/chain_tdnn_7q/data/lang_train-nosp/phones/roots.txt
--> /scratch/work/moisioa3/conv_lm/experiments/kaldi-am/chain_tdnn_7q/data/lang_train-nosp/phones/roots.{txt, int} are OK

Checking /scratch/work/moisioa3/conv_lm/experiments/kaldi-am/chain_tdnn_7q/data/lang_train-nosp/phones/sets.{txt, int} ...
--> text seems to be UTF-8 or ASCII, checking whitespaces
--> text contains only allowed whitespaces
--> 26 entry/entries in /scratch/work/moisioa3/conv_lm/experiments/kaldi-am/chain_tdnn_7q/data/lang_train-nosp/phones/sets.txt
--> /scratch/work/moisioa3/conv_lm/experiments/kaldi-am/chain_tdnn_7q/data/lang_train-nosp/phones/sets.int corresponds to /scratch/work/moisioa3/conv_lm/experiments/kaldi-am/chain_tdnn_7q/data/lang_train-nosp/phones/sets.txt
--> /scratch/work/moisioa3/conv_lm/experiments/kaldi-am/chain_tdnn_7q/data/lang_train-nosp/phones/sets.{txt, int} are OK

Checking /scratch/work/moisioa3/conv_lm/experiments/kaldi-am/chain_tdnn_7q/data/lang_train-nosp/phones/extra_questions.{txt, int} ...
--> text seems to be UTF-8 or ASCII, checking whitespaces
--> text contains only allowed whitespaces
--> 11 entry/entries in /scratch/work/moisioa3/conv_lm/experiments/kaldi-am/chain_tdnn_7q/data/lang_train-nosp/phones/extra_questions.txt
--> /scratch/work/moisioa3/conv_lm/experiments/kaldi-am/chain_tdnn_7q/data/lang_train-nosp/phones/extra_questions.int corresponds to /scratch/work/moisioa3/conv_lm/experiments/kaldi-am/chain_tdnn_7q/data/lang_train-nosp/phones/extra_questions.txt
--> /scratch/work/moisioa3/conv_lm/experiments/kaldi-am/chain_tdnn_7q/data/lang_train-nosp/phones/extra_questions.{txt, int} are OK

Checking /scratch/work/moisioa3/conv_lm/experiments/kaldi-am/chain_tdnn_7q/data/lang_train-nosp/phones/word_boundary.{txt, int} ...
--> text seems to be UTF-8 or ASCII, checking whitespaces
--> text contains only allowed whitespaces
--> 107 entry/entries in /scratch/work/moisioa3/conv_lm/experiments/kaldi-am/chain_tdnn_7q/data/lang_train-nosp/phones/word_boundary.txt
--> /scratch/work/moisioa3/conv_lm/experiments/kaldi-am/chain_tdnn_7q/data/lang_train-nosp/phones/word_boundary.int corresponds to /scratch/work/moisioa3/conv_lm/experiments/kaldi-am/chain_tdnn_7q/data/lang_train-nosp/phones/word_boundary.txt
--> /scratch/work/moisioa3/conv_lm/experiments/kaldi-am/chain_tdnn_7q/data/lang_train-nosp/phones/word_boundary.{txt, int} are OK

Checking optional_silence.txt ...
--> reading /scratch/work/moisioa3/conv_lm/experiments/kaldi-am/chain_tdnn_7q/data/lang_train-nosp/phones/optional_silence.txt
--> /scratch/work/moisioa3/conv_lm/experiments/kaldi-am/chain_tdnn_7q/data/lang_train-nosp/phones/optional_silence.txt is OK

Checking disambiguation symbols: #0 and #1
--> /scratch/work/moisioa3/conv_lm/experiments/kaldi-am/chain_tdnn_7q/data/lang_train-nosp/phones/disambig.txt has "#0" and "#1"
--> /scratch/work/moisioa3/conv_lm/experiments/kaldi-am/chain_tdnn_7q/data/lang_train-nosp/phones/disambig.txt is OK

Checking topo ...

Checking word_boundary.txt: silence.txt, nonsilence.txt, disambig.txt ...
--> /scratch/work/moisioa3/conv_lm/experiments/kaldi-am/chain_tdnn_7q/data/lang_train-nosp/phones/word_boundary.txt doesn't include disambiguation symbols
--> /scratch/work/moisioa3/conv_lm/experiments/kaldi-am/chain_tdnn_7q/data/lang_train-nosp/phones/word_boundary.txt is the union of nonsilence.txt and silence.txt
--> /scratch/work/moisioa3/conv_lm/experiments/kaldi-am/chain_tdnn_7q/data/lang_train-nosp/phones/word_boundary.txt is OK

Checking word-level disambiguation symbols...
--> /scratch/work/moisioa3/conv_lm/experiments/kaldi-am/chain_tdnn_7q/data/lang_train-nosp/phones/wdisambig.txt exists (newer prepare_lang.sh)
Checking word_boundary.int and disambig.int
--> generating a 35 word/subword sequence
--> resulting phone sequence from L.fst corresponds to the word sequence
--> L.fst is OK
--> generating a 20 word/subword sequence
--> resulting phone sequence from L_disambig.fst corresponds to the word sequence
--> L_disambig.fst is OK

Checking /scratch/work/moisioa3/conv_lm/experiments/kaldi-am/chain_tdnn_7q/data/lang_train-nosp/oov.{txt, int} ...
--> text seems to be UTF-8 or ASCII, checking whitespaces
--> text contains only allowed whitespaces
--> 1 entry/entries in /scratch/work/moisioa3/conv_lm/experiments/kaldi-am/chain_tdnn_7q/data/lang_train-nosp/oov.txt
--> /scratch/work/moisioa3/conv_lm/experiments/kaldi-am/chain_tdnn_7q/data/lang_train-nosp/oov.int corresponds to /scratch/work/moisioa3/conv_lm/experiments/kaldi-am/chain_tdnn_7q/data/lang_train-nosp/oov.txt
--> /scratch/work/moisioa3/conv_lm/experiments/kaldi-am/chain_tdnn_7q/data/lang_train-nosp/oov.{txt, int} are OK

--> /scratch/work/moisioa3/conv_lm/experiments/kaldi-am/chain_tdnn_7q/data/lang_train-nosp/L.fst is olabel sorted
--> /scratch/work/moisioa3/conv_lm/experiments/kaldi-am/chain_tdnn_7q/data/lang_train-nosp/L_disambig.fst is olabel sorted
--> /scratch/work/moisioa3/conv_lm/experiments/kaldi-am/chain_tdnn_7q/data/lang_train-nosp/G.fst is ilabel sorted
--> /scratch/work/moisioa3/conv_lm/experiments/kaldi-am/chain_tdnn_7q/data/lang_train-nosp/G.fst has 8433914 states
--> utils/lang/check_g_properties.pl successfully validated /scratch/work/moisioa3/conv_lm/experiments/kaldi-am/chain_tdnn_7q/data/lang_train-nosp/G.fst
--> utils/lang/check_g_properties.pl succeeded.
--> SUCCESS [validating lang directory /scratch/work/moisioa3/conv_lm/experiments/kaldi-am/chain_tdnn_7q/data/lang_train-nosp]
