moisioa3@login2:/scratch/work/moisioa3/conv_lm/experiments/kaldi-am/chain_tdnn_7q$ ./04-mono.sh 

Currently Loaded Modules:
  1) GCCcore/6.4.0                 3) GCC/6.4.0-2.28            5) OpenBLAS/0.2.20-GCC-6.4.0-2.28   7) CUB/1.8.0     9) sph2pipe/2.5
  2) binutils/2.28-GCCcore-6.4.0   4) openfst/1.6.6-GCC-6.4.0   6) CUDA/9.0.176                     8) sctk/2.4.10  10) kaldi-vanilla/7637de7-GCC-6.4.0-2.28-OPENBLAS

 

feat-to-len scp:data/am-train/feats.scp ark,t:data/am-train-2kshort/tmp.len 
utils/subset_data_dir.sh: reducing #utt from 15966 to 2000
steps/train_mono.sh --boost-silence 1.25 --nj 10 --cmd utils/slurm.pl --mem 3G --time 1:00:00 data/am-train-2kshort data/lang_nosp exp/mono0a
data data/am-train-2kshort sdata data/am-train-2kshort/split10
steps/train_mono.sh: Initializing monophone system.
steps/train_mono.sh: Compiling training graphs
steps/train_mono.sh: Aligning data equally (pass 0)
steps/train_mono.sh: Pass 1
steps/train_mono.sh: Aligning data
steps/train_mono.sh: Pass 2
steps/train_mono.sh: Aligning data
steps/train_mono.sh: Pass 3
steps/train_mono.sh: Aligning data
steps/train_mono.sh: Pass 4
steps/train_mono.sh: Aligning data
steps/train_mono.sh: Pass 5
steps/train_mono.sh: Aligning data
steps/train_mono.sh: Pass 6
steps/train_mono.sh: Aligning data
steps/train_mono.sh: Pass 7
steps/train_mono.sh: Aligning data
steps/train_mono.sh: Pass 8
steps/train_mono.sh: Aligning data
steps/train_mono.sh: Pass 9
steps/train_mono.sh: Aligning data
steps/train_mono.sh: Pass 10
steps/train_mono.sh: Aligning data
steps/train_mono.sh: Pass 11
steps/train_mono.sh: Pass 12
steps/train_mono.sh: Aligning data
steps/train_mono.sh: Pass 13
steps/train_mono.sh: Pass 14
steps/train_mono.sh: Aligning data
steps/train_mono.sh: Pass 15
steps/train_mono.sh: Pass 16
steps/train_mono.sh: Aligning data
steps/train_mono.sh: Pass 17
steps/train_mono.sh: Pass 18
steps/train_mono.sh: Aligning data
steps/train_mono.sh: Pass 19
steps/train_mono.sh: Pass 20
steps/train_mono.sh: Aligning data
steps/train_mono.sh: Pass 21
steps/train_mono.sh: Pass 22
steps/train_mono.sh: Pass 23
steps/train_mono.sh: Aligning data
steps/train_mono.sh: Pass 24
steps/train_mono.sh: Pass 25
steps/train_mono.sh: Pass 26
steps/train_mono.sh: Aligning data
steps/train_mono.sh: Pass 27
steps/train_mono.sh: Pass 28
steps/train_mono.sh: Pass 29
steps/train_mono.sh: Aligning data
steps/train_mono.sh: Pass 30
steps/train_mono.sh: Pass 31
steps/train_mono.sh: Pass 32
steps/train_mono.sh: Aligning data
steps/train_mono.sh: Pass 33
steps/train_mono.sh: Pass 34
steps/train_mono.sh: Pass 35
steps/train_mono.sh: Aligning data
steps/train_mono.sh: Pass 36
steps/train_mono.sh: Pass 37
steps/train_mono.sh: Pass 38
steps/train_mono.sh: Aligning data
steps/train_mono.sh: Pass 39
steps/diagnostic/analyze_alignments.sh --cmd utils/slurm.pl --mem 3G --time 1:00:00 data/lang_nosp exp/mono0a
steps/diagnostic/analyze_alignments.sh: see stats in exp/mono0a/log/analyze_alignments.log
28 warnings in exp/mono0a/log/update.*.log
1302 warnings in exp/mono0a/log/align.*.*.log
exp/mono0a: nj=10 align prob=-93.97 over 0.90h [retry=1.2%, fail=0.0%] states=84 gauss=986
steps/train_mono.sh: Done training monophone system in exp/mono0a