Experiment: kaldi-am/chain_tdnn_7q
Job ID: 55156587
Task ID: 
Host: csl24.int.triton.aalto.fi
Start date: Tue Aug 25 17:33:31 EEST 2020
Work directory: /scratch/work/moisioa3/conv_lm/experiments/kaldi-am/chain_tdnn_7q
Temporary directory: /tmp/55156587

Currently Loaded Modules:
  1) GCCcore/6.4.0
  2) binutils/2.28-GCCcore-6.4.0
  3) GCC/6.4.0-2.28
  4) openfst/1.6.6-GCC-6.4.0
  5) OpenBLAS/0.2.20-GCC-6.4.0-2.28
  6) CUDA/9.0.176
  7) CUB/1.8.0
  8) sctk/2.4.10
  9) sph2pipe/2.5
 10) kaldi-vanilla/7637de7-GCC-6.4.0-2.28-OPENBLAS

 

tree-info exp/chain/tree_a_sp/tree 
tree-info exp/chain/tree_a_sp/tree 
fstcomposecontext --context-size=2 --central-position=1 --read-disambig-syms=data/lang_train_nosp/phones/disambig.int --write-disambig-syms=data/lang_train_nosp/tmp/disambig_ilabels_2_1.int data/lang_train_nosp/tmp/ilabels_2_1.25720 data/lang_train_nosp/tmp/LG.fst 
fstisstochastic data/lang_train_nosp/tmp/CLG_2_1.fst 
-0.013892 -0.0147859
[info]: CLG not stochastic.
make-h-transducer --disambig-syms-out=exp/chain/tree_a_sp/graph/disambig_tid.int --transition-scale=1.0 data/lang_train_nosp/tmp/ilabels_2_1 exp/chain/tree_a_sp/tree exp/chain/tree_a_sp/final.mdl 
fstrmepslocal 
fstdeterminizestar --use-log=true 
fstrmsymbols exp/chain/tree_a_sp/graph/disambig_tid.int 
fsttablecompose exp/chain/tree_a_sp/graph/Ha.fst data/lang_train_nosp/tmp/CLG_2_1.fst 
fstminimizeencoded 
fstisstochastic exp/chain/tree_a_sp/graph/HCLGa.fst 
0.475494 -0.0585995
HCLGa is not stochastic
add-self-loops --self-loop-scale=1.0 --reorder=true exp/chain/tree_a_sp/final.mdl exp/chain/tree_a_sp/graph/HCLGa.fst 
fstisstochastic exp/chain/tree_a_sp/graph/HCLG.fst 
0.209747 -0.0585938
[info]: final HCLG is not stochastic.
