EXPT_NAME theanolm-100k
EXPT_PARAMS expt10
EXPT_WORK_DIR /scratch/work/moisioa3/conv_lm/experiments/theanolm-100k/expt10
Experiment: theanolm-100k/expt10
Job ID: 55030153
Task ID: 60
Host: gpu27.int.triton.aalto.fi
Start date: Fri Aug  7 13:58:06 EEST 2020
Work directory: /scratch/work/moisioa3/conv_lm/experiments/theanolm-100k/expt10
Temporary directory: /tmp/55030153

Currently Loaded Modules:
  1) speech-scripts/2016.05.24-b928230   6) binutils/2.25-GCCcore-5.4.0
  2) srilm/default                       7) GCC/5.4.0-2.25
  3) cuda/10.0.130                       8) libgpuarray/2017.03.29-45c731f
  4) cudnn/7.4.2-cuda                    9) anaconda3/latest
  5) GCCcore/5.4.0

 

/tmp/55030153/lattices
floatX=float32,device=cuda0,base_compiledir=/tmp/theano,exception_verbosity=high,openmp=False
/scratch/work/groszt1/envs/theanoLM/lib/python3.7/site-packages/theano/gpuarray/dnn.py:184: UserWarning: Your cuDNN version is more recent than Theano. If you encounter problems, try updating Theano or downgrading cuDNN to a version >= v5 and <= v7.
  warnings.warn("Your cuDNN version is more recent than "
Using cuDNN version 7600 on context None
Mapped name None to device cuda0: Tesla P100-PCIE-16GB (0000:04:00.0)
TheanoLM 1.3.2
Theano 1.0.4
pygpu 0.7.6
==
+ srun --gres=gpu:1 theanolm decode /scratch/work/moisioa3/conv_lm/experiments/theanolm-100k/expt10/nnlm.h5 --lattice-list /tmp/55030153/lattices/lattice-list --output-file /scratch/work/moisioa3/conv_lm/experiments/theanolm-100k/expt10/decode/devel/lambda=1-lms=8/60.trn --output trn --nnlm-weight 1 --lm-scale 8 --max-tokens-per-node 62 --beam 650 --recombination-order 22 --num-jobs 128 --job 60 --shortlist --unk-penalty=-20
2020-08-07 13:58:18,221 get_default_device: Context None device="Tesla P100-PCIE-16GB" ID="0000:04:00.0"
2020-08-07 13:58:18,223 from_file: Reading vocabulary from network state.
2020-08-07 13:58:21,642 from_file: Number of words in vocabulary: 2427252
2020-08-07 13:58:21,642 from_file: Number of words in shortlist: 100003
2020-08-07 13:58:21,642 from_file: Number of word classes: 100003
2020-08-07 13:58:21,643 from_file: Building neural network.
2020-08-07 13:59:17,563 from_file: Restoring neural network state.
2020-08-07 13:59:18,283 decode: Building word lattice decoder.
2020-08-07 13:59:24,102 __iter__: Reading lattice file `/tmp/55030153/lattices/dspm004_dsp2013_01.lat.gz´.
2020-08-07 13:59:24,298 decode: Utterance `dspm004_dsp2013_01´ -- 1 of job 60
2020-08-07 13:59:29,030 __iter__: Reading lattice file `/tmp/55030153/lattices/dspm011_dsp2013_21.lat.gz´.
2020-08-07 13:59:29,062 decode: Utterance `dspm011_dsp2013_21´ -- 2 of job 60
2020-08-07 13:59:30,036 __iter__: Reading lattice file `/tmp/55030153/lattices/dspm021_dsp2013_18.lat.gz´.
2020-08-07 13:59:30,419 decode: Utterance `dspm021_dsp2013_18´ -- 3 of job 60
2020-08-07 13:59:53,328 __iter__: Reading lattice file `/tmp/55030153/lattices/dspm031_dsp2013_07.lat.gz´.
2020-08-07 13:59:53,558 decode: Utterance `dspm031_dsp2013_07´ -- 4 of job 60
2020-08-07 14:00:01,295 __iter__: Reading lattice file `/tmp/55030153/lattices/dspm040_dsp2013_02.lat.gz´.
2020-08-07 14:00:01,527 decode: Utterance `dspm040_dsp2013_02´ -- 5 of job 60
2020-08-07 14:00:08,175 __iter__: Reading lattice file `/tmp/55030153/lattices/dspm049_dsp2013_04.lat.gz´.
2020-08-07 14:00:08,597 decode: Utterance `dspm049_dsp2013_04´ -- 6 of job 60
2020-08-07 14:00:21,704 __iter__: Reading lattice file `/tmp/55030153/lattices/dspm057_dsp2013_09.lat.gz´.
2020-08-07 14:00:22,664 decode: Utterance `dspm057_dsp2013_09´ -- 7 of job 60
2020-08-07 14:00:50,374 __iter__: Reading lattice file `/tmp/55030153/lattices/radioshaka_kbk20120915_16.lat.gz´.
2020-08-07 14:00:50,776 decode: Utterance `radioshaka_kbk20120915_16´ -- 8 of job 60
/scratch/work/groszt1/envs/theanoLM/lib/python3.7/site-packages/theano/gpuarray/dnn.py:184: UserWarning: Your cuDNN version is more recent than Theano. If you encounter problems, try updating Theano or downgrading cuDNN to a version >= v5 and <= v7.
  warnings.warn("Your cuDNN version is more recent than "
Using cuDNN version 7600 on context None
Mapped name None to device cuda0: Tesla P100-PCIE-16GB (0000:04:00.0)
/scratch/work/groszt1/envs/theanoLM/lib/python3.7/site-packages/h5py-2.9.0-py3.7-linux-x86_64.egg/h5py/_hl/dataset.py:313: H5pyDeprecationWarning: dataset.value has been deprecated. Use dataset[()] instead.
  "Use dataset[()] instead.", H5pyDeprecationWarning)
/scratch/work/groszt1/envs/theanoLM/lib/python3.7/site-packages/h5py-2.9.0-py3.7-linux-x86_64.egg/h5py/_hl/dataset.py:313: H5pyDeprecationWarning: dataset.value has been deprecated. Use dataset[()] instead.
  "Use dataset[()] instead.", H5pyDeprecationWarning)
decode_theanolm finished.
/tmp/55030153/lattices
floatX=float32,device=cuda0,base_compiledir=/tmp/theano,exception_verbosity=high,openmp=False
/scratch/work/groszt1/envs/theanoLM/lib/python3.7/site-packages/theano/gpuarray/dnn.py:184: UserWarning: Your cuDNN version is more recent than Theano. If you encounter problems, try updating Theano or downgrading cuDNN to a version >= v5 and <= v7.
  warnings.warn("Your cuDNN version is more recent than "
Using cuDNN version 7600 on context None
Mapped name None to device cuda0: Tesla P100-PCIE-16GB (0000:04:00.0)
TheanoLM 1.3.2
Theano 1.0.4
pygpu 0.7.6
==
+ srun --gres=gpu:1 theanolm decode /scratch/work/moisioa3/conv_lm/experiments/theanolm-100k/expt10/nnlm.h5 --lattice-list /tmp/55030153/lattices/lattice-list --output-file /scratch/work/moisioa3/conv_lm/experiments/theanolm-100k/expt10/decode/devel/lambda=1-lms=9/60.trn --output trn --nnlm-weight 1 --lm-scale 9 --max-tokens-per-node 62 --beam 650 --recombination-order 22 --num-jobs 128 --job 60 --shortlist --unk-penalty=-20
2020-08-07 14:01:15,067 get_default_device: Context None device="Tesla P100-PCIE-16GB" ID="0000:04:00.0"
2020-08-07 14:01:15,068 from_file: Reading vocabulary from network state.
2020-08-07 14:01:18,590 from_file: Number of words in vocabulary: 2427252
2020-08-07 14:01:18,591 from_file: Number of words in shortlist: 100003
2020-08-07 14:01:18,591 from_file: Number of word classes: 100003
2020-08-07 14:01:18,591 from_file: Building neural network.
2020-08-07 14:02:20,525 from_file: Restoring neural network state.
2020-08-07 14:02:21,257 decode: Building word lattice decoder.
2020-08-07 14:02:26,698 __iter__: Reading lattice file `/tmp/55030153/lattices/dspm004_dsp2013_01.lat.gz´.
2020-08-07 14:02:26,891 decode: Utterance `dspm004_dsp2013_01´ -- 1 of job 60
2020-08-07 14:02:31,101 __iter__: Reading lattice file `/tmp/55030153/lattices/dspm011_dsp2013_21.lat.gz´.
2020-08-07 14:02:31,131 decode: Utterance `dspm011_dsp2013_21´ -- 2 of job 60
2020-08-07 14:02:32,043 __iter__: Reading lattice file `/tmp/55030153/lattices/dspm021_dsp2013_18.lat.gz´.
2020-08-07 14:02:32,424 decode: Utterance `dspm021_dsp2013_18´ -- 3 of job 60
2020-08-07 14:02:54,658 __iter__: Reading lattice file `/tmp/55030153/lattices/dspm031_dsp2013_07.lat.gz´.
2020-08-07 14:02:54,900 decode: Utterance `dspm031_dsp2013_07´ -- 4 of job 60
2020-08-07 14:03:02,898 __iter__: Reading lattice file `/tmp/55030153/lattices/dspm040_dsp2013_02.lat.gz´.
2020-08-07 14:03:03,137 decode: Utterance `dspm040_dsp2013_02´ -- 5 of job 60
2020-08-07 14:03:10,164 __iter__: Reading lattice file `/tmp/55030153/lattices/dspm049_dsp2013_04.lat.gz´.
2020-08-07 14:03:10,610 decode: Utterance `dspm049_dsp2013_04´ -- 6 of job 60
2020-08-07 14:03:24,963 __iter__: Reading lattice file `/tmp/55030153/lattices/dspm057_dsp2013_09.lat.gz´.
2020-08-07 14:03:25,950 decode: Utterance `dspm057_dsp2013_09´ -- 7 of job 60
2020-08-07 14:03:56,930 __iter__: Reading lattice file `/tmp/55030153/lattices/radioshaka_kbk20120915_16.lat.gz´.
2020-08-07 14:03:57,362 decode: Utterance `radioshaka_kbk20120915_16´ -- 8 of job 60
/scratch/work/groszt1/envs/theanoLM/lib/python3.7/site-packages/theano/gpuarray/dnn.py:184: UserWarning: Your cuDNN version is more recent than Theano. If you encounter problems, try updating Theano or downgrading cuDNN to a version >= v5 and <= v7.
  warnings.warn("Your cuDNN version is more recent than "
Using cuDNN version 7600 on context None
Mapped name None to device cuda0: Tesla P100-PCIE-16GB (0000:04:00.0)
/scratch/work/groszt1/envs/theanoLM/lib/python3.7/site-packages/h5py-2.9.0-py3.7-linux-x86_64.egg/h5py/_hl/dataset.py:313: H5pyDeprecationWarning: dataset.value has been deprecated. Use dataset[()] instead.
  "Use dataset[()] instead.", H5pyDeprecationWarning)
/scratch/work/groszt1/envs/theanoLM/lib/python3.7/site-packages/h5py-2.9.0-py3.7-linux-x86_64.egg/h5py/_hl/dataset.py:313: H5pyDeprecationWarning: dataset.value has been deprecated. Use dataset[()] instead.
  "Use dataset[()] instead.", H5pyDeprecationWarning)
decode_theanolm finished.
/tmp/55030153/lattices
floatX=float32,device=cuda0,base_compiledir=/tmp/theano,exception_verbosity=high,openmp=False
/scratch/work/groszt1/envs/theanoLM/lib/python3.7/site-packages/theano/gpuarray/dnn.py:184: UserWarning: Your cuDNN version is more recent than Theano. If you encounter problems, try updating Theano or downgrading cuDNN to a version >= v5 and <= v7.
  warnings.warn("Your cuDNN version is more recent than "
Using cuDNN version 7600 on context None
Mapped name None to device cuda0: Tesla P100-PCIE-16GB (0000:04:00.0)
TheanoLM 1.3.2
Theano 1.0.4
pygpu 0.7.6
==
+ srun --gres=gpu:1 theanolm decode /scratch/work/moisioa3/conv_lm/experiments/theanolm-100k/expt10/nnlm.h5 --lattice-list /tmp/55030153/lattices/lattice-list --output-file /scratch/work/moisioa3/conv_lm/experiments/theanolm-100k/expt10/decode/devel/lambda=1-lms=10/60.trn --output trn --nnlm-weight 1 --lm-scale 10 --max-tokens-per-node 62 --beam 650 --recombination-order 22 --num-jobs 128 --job 60 --shortlist --unk-penalty=-20
2020-08-07 14:04:31,680 get_default_device: Context None device="Tesla P100-PCIE-16GB" ID="0000:04:00.0"
2020-08-07 14:04:31,682 from_file: Reading vocabulary from network state.
2020-08-07 14:04:35,095 from_file: Number of words in vocabulary: 2427252
2020-08-07 14:04:35,095 from_file: Number of words in shortlist: 100003
2020-08-07 14:04:35,096 from_file: Number of word classes: 100003
2020-08-07 14:04:35,096 from_file: Building neural network.
2020-08-07 14:05:28,386 from_file: Restoring neural network state.
2020-08-07 14:05:29,095 decode: Building word lattice decoder.
2020-08-07 14:05:34,856 __iter__: Reading lattice file `/tmp/55030153/lattices/dspm004_dsp2013_01.lat.gz´.
2020-08-07 14:05:35,049 decode: Utterance `dspm004_dsp2013_01´ -- 1 of job 60
2020-08-07 14:05:39,462 __iter__: Reading lattice file `/tmp/55030153/lattices/dspm011_dsp2013_21.lat.gz´.
2020-08-07 14:05:39,492 decode: Utterance `dspm011_dsp2013_21´ -- 2 of job 60
2020-08-07 14:05:40,418 __iter__: Reading lattice file `/tmp/55030153/lattices/dspm021_dsp2013_18.lat.gz´.
2020-08-07 14:05:40,794 decode: Utterance `dspm021_dsp2013_18´ -- 3 of job 60
2020-08-07 14:06:02,608 __iter__: Reading lattice file `/tmp/55030153/lattices/dspm031_dsp2013_07.lat.gz´.
2020-08-07 14:06:02,839 decode: Utterance `dspm031_dsp2013_07´ -- 4 of job 60
2020-08-07 14:06:10,378 __iter__: Reading lattice file `/tmp/55030153/lattices/dspm040_dsp2013_02.lat.gz´.
2020-08-07 14:06:10,604 decode: Utterance `dspm040_dsp2013_02´ -- 5 of job 60
2020-08-07 14:06:17,196 __iter__: Reading lattice file `/tmp/55030153/lattices/dspm049_dsp2013_04.lat.gz´.
2020-08-07 14:06:17,603 decode: Utterance `dspm049_dsp2013_04´ -- 6 of job 60
2020-08-07 14:06:30,423 __iter__: Reading lattice file `/tmp/55030153/lattices/dspm057_dsp2013_09.lat.gz´.
2020-08-07 14:06:31,375 decode: Utterance `dspm057_dsp2013_09´ -- 7 of job 60
2020-08-07 14:06:58,694 __iter__: Reading lattice file `/tmp/55030153/lattices/radioshaka_kbk20120915_16.lat.gz´.
2020-08-07 14:06:59,085 decode: Utterance `radioshaka_kbk20120915_16´ -- 8 of job 60
/scratch/work/groszt1/envs/theanoLM/lib/python3.7/site-packages/theano/gpuarray/dnn.py:184: UserWarning: Your cuDNN version is more recent than Theano. If you encounter problems, try updating Theano or downgrading cuDNN to a version >= v5 and <= v7.
  warnings.warn("Your cuDNN version is more recent than "
Using cuDNN version 7600 on context None
Mapped name None to device cuda0: Tesla P100-PCIE-16GB (0000:04:00.0)
/scratch/work/groszt1/envs/theanoLM/lib/python3.7/site-packages/h5py-2.9.0-py3.7-linux-x86_64.egg/h5py/_hl/dataset.py:313: H5pyDeprecationWarning: dataset.value has been deprecated. Use dataset[()] instead.
  "Use dataset[()] instead.", H5pyDeprecationWarning)
/scratch/work/groszt1/envs/theanoLM/lib/python3.7/site-packages/h5py-2.9.0-py3.7-linux-x86_64.egg/h5py/_hl/dataset.py:313: H5pyDeprecationWarning: dataset.value has been deprecated. Use dataset[()] instead.
  "Use dataset[()] instead.", H5pyDeprecationWarning)
decode_theanolm finished.
/tmp/55030153/lattices
floatX=float32,device=cuda0,base_compiledir=/tmp/theano,exception_verbosity=high,openmp=False
/scratch/work/groszt1/envs/theanoLM/lib/python3.7/site-packages/theano/gpuarray/dnn.py:184: UserWarning: Your cuDNN version is more recent than Theano. If you encounter problems, try updating Theano or downgrading cuDNN to a version >= v5 and <= v7.
  warnings.warn("Your cuDNN version is more recent than "
Using cuDNN version 7600 on context None
Mapped name None to device cuda0: Tesla P100-PCIE-16GB (0000:04:00.0)
TheanoLM 1.3.2
Theano 1.0.4
pygpu 0.7.6
==
+ srun --gres=gpu:1 theanolm decode /scratch/work/moisioa3/conv_lm/experiments/theanolm-100k/expt10/nnlm.h5 --lattice-list /tmp/55030153/lattices/lattice-list --output-file /scratch/work/moisioa3/conv_lm/experiments/theanolm-100k/expt10/decode/devel/lambda=0.5-lms=8/60.trn --output trn --nnlm-weight 0.5 --lm-scale 8 --max-tokens-per-node 62 --beam 650 --recombination-order 22 --num-jobs 128 --job 60 --shortlist --unk-penalty=-20
2020-08-07 14:07:23,820 get_default_device: Context None device="Tesla P100-PCIE-16GB" ID="0000:04:00.0"
2020-08-07 14:07:23,821 from_file: Reading vocabulary from network state.
2020-08-07 14:07:27,306 from_file: Number of words in vocabulary: 2427252
2020-08-07 14:07:27,307 from_file: Number of words in shortlist: 100003
2020-08-07 14:07:27,307 from_file: Number of word classes: 100003
2020-08-07 14:07:27,307 from_file: Building neural network.
2020-08-07 14:08:19,381 from_file: Restoring neural network state.
2020-08-07 14:08:20,090 decode: Building word lattice decoder.
2020-08-07 14:08:25,732 __iter__: Reading lattice file `/tmp/55030153/lattices/dspm004_dsp2013_01.lat.gz´.
2020-08-07 14:08:25,925 decode: Utterance `dspm004_dsp2013_01´ -- 1 of job 60
2020-08-07 14:08:30,918 __iter__: Reading lattice file `/tmp/55030153/lattices/dspm011_dsp2013_21.lat.gz´.
2020-08-07 14:08:30,945 decode: Utterance `dspm011_dsp2013_21´ -- 2 of job 60
2020-08-07 14:08:31,901 __iter__: Reading lattice file `/tmp/55030153/lattices/dspm021_dsp2013_18.lat.gz´.
2020-08-07 14:08:32,257 decode: Utterance `dspm021_dsp2013_18´ -- 3 of job 60
2020-08-07 14:08:54,317 __iter__: Reading lattice file `/tmp/55030153/lattices/dspm031_dsp2013_07.lat.gz´.
2020-08-07 14:08:54,518 decode: Utterance `dspm031_dsp2013_07´ -- 4 of job 60
2020-08-07 14:09:02,112 __iter__: Reading lattice file `/tmp/55030153/lattices/dspm040_dsp2013_02.lat.gz´.
2020-08-07 14:09:02,340 decode: Utterance `dspm040_dsp2013_02´ -- 5 of job 60
2020-08-07 14:09:09,141 __iter__: Reading lattice file `/tmp/55030153/lattices/dspm049_dsp2013_04.lat.gz´.
2020-08-07 14:09:09,557 decode: Utterance `dspm049_dsp2013_04´ -- 6 of job 60
2020-08-07 14:09:23,632 __iter__: Reading lattice file `/tmp/55030153/lattices/dspm057_dsp2013_09.lat.gz´.
2020-08-07 14:09:24,592 decode: Utterance `dspm057_dsp2013_09´ -- 7 of job 60
2020-08-07 14:09:54,049 __iter__: Reading lattice file `/tmp/55030153/lattices/radioshaka_kbk20120915_16.lat.gz´.
2020-08-07 14:09:54,436 decode: Utterance `radioshaka_kbk20120915_16´ -- 8 of job 60
/scratch/work/groszt1/envs/theanoLM/lib/python3.7/site-packages/theano/gpuarray/dnn.py:184: UserWarning: Your cuDNN version is more recent than Theano. If you encounter problems, try updating Theano or downgrading cuDNN to a version >= v5 and <= v7.
  warnings.warn("Your cuDNN version is more recent than "
Using cuDNN version 7600 on context None
Mapped name None to device cuda0: Tesla P100-PCIE-16GB (0000:04:00.0)
/scratch/work/groszt1/envs/theanoLM/lib/python3.7/site-packages/h5py-2.9.0-py3.7-linux-x86_64.egg/h5py/_hl/dataset.py:313: H5pyDeprecationWarning: dataset.value has been deprecated. Use dataset[()] instead.
  "Use dataset[()] instead.", H5pyDeprecationWarning)
/scratch/work/groszt1/envs/theanoLM/lib/python3.7/site-packages/h5py-2.9.0-py3.7-linux-x86_64.egg/h5py/_hl/dataset.py:313: H5pyDeprecationWarning: dataset.value has been deprecated. Use dataset[()] instead.
  "Use dataset[()] instead.", H5pyDeprecationWarning)
decode_theanolm finished.
/tmp/55030153/lattices
floatX=float32,device=cuda0,base_compiledir=/tmp/theano,exception_verbosity=high,openmp=False
/scratch/work/groszt1/envs/theanoLM/lib/python3.7/site-packages/theano/gpuarray/dnn.py:184: UserWarning: Your cuDNN version is more recent than Theano. If you encounter problems, try updating Theano or downgrading cuDNN to a version >= v5 and <= v7.
  warnings.warn("Your cuDNN version is more recent than "
Using cuDNN version 7600 on context None
Mapped name None to device cuda0: Tesla P100-PCIE-16GB (0000:04:00.0)
TheanoLM 1.3.2
Theano 1.0.4
pygpu 0.7.6
==
+ srun --gres=gpu:1 theanolm decode /scratch/work/moisioa3/conv_lm/experiments/theanolm-100k/expt10/nnlm.h5 --lattice-list /tmp/55030153/lattices/lattice-list --output-file /scratch/work/moisioa3/conv_lm/experiments/theanolm-100k/expt10/decode/devel/lambda=0.5-lms=9/60.trn --output trn --nnlm-weight 0.5 --lm-scale 9 --max-tokens-per-node 62 --beam 650 --recombination-order 22 --num-jobs 128 --job 60 --shortlist --unk-penalty=-20
2020-08-07 14:10:18,747 get_default_device: Context None device="Tesla P100-PCIE-16GB" ID="0000:04:00.0"
2020-08-07 14:10:18,749 from_file: Reading vocabulary from network state.
2020-08-07 14:10:21,983 from_file: Number of words in vocabulary: 2427252
2020-08-07 14:10:21,984 from_file: Number of words in shortlist: 100003
2020-08-07 14:10:21,984 from_file: Number of word classes: 100003
2020-08-07 14:10:21,984 from_file: Building neural network.
2020-08-07 14:11:12,439 from_file: Restoring neural network state.
2020-08-07 14:11:13,133 decode: Building word lattice decoder.
2020-08-07 14:11:18,720 __iter__: Reading lattice file `/tmp/55030153/lattices/dspm004_dsp2013_01.lat.gz´.
2020-08-07 14:11:18,911 decode: Utterance `dspm004_dsp2013_01´ -- 1 of job 60
2020-08-07 14:11:24,001 __iter__: Reading lattice file `/tmp/55030153/lattices/dspm011_dsp2013_21.lat.gz´.
2020-08-07 14:11:24,030 decode: Utterance `dspm011_dsp2013_21´ -- 2 of job 60
2020-08-07 14:11:25,029 __iter__: Reading lattice file `/tmp/55030153/lattices/dspm021_dsp2013_18.lat.gz´.
2020-08-07 14:11:25,390 decode: Utterance `dspm021_dsp2013_18´ -- 3 of job 60
2020-08-07 14:11:47,589 __iter__: Reading lattice file `/tmp/55030153/lattices/dspm031_dsp2013_07.lat.gz´.
2020-08-07 14:11:47,812 decode: Utterance `dspm031_dsp2013_07´ -- 4 of job 60
2020-08-07 14:11:55,421 __iter__: Reading lattice file `/tmp/55030153/lattices/dspm040_dsp2013_02.lat.gz´.
2020-08-07 14:11:55,646 decode: Utterance `dspm040_dsp2013_02´ -- 5 of job 60
2020-08-07 14:12:02,329 __iter__: Reading lattice file `/tmp/55030153/lattices/dspm049_dsp2013_04.lat.gz´.
2020-08-07 14:12:02,759 decode: Utterance `dspm049_dsp2013_04´ -- 6 of job 60
2020-08-07 14:12:16,801 __iter__: Reading lattice file `/tmp/55030153/lattices/dspm057_dsp2013_09.lat.gz´.
2020-08-07 14:12:17,670 decode: Utterance `dspm057_dsp2013_09´ -- 7 of job 60
2020-08-07 14:12:46,132 __iter__: Reading lattice file `/tmp/55030153/lattices/radioshaka_kbk20120915_16.lat.gz´.
2020-08-07 14:12:46,478 decode: Utterance `radioshaka_kbk20120915_16´ -- 8 of job 60
/scratch/work/groszt1/envs/theanoLM/lib/python3.7/site-packages/theano/gpuarray/dnn.py:184: UserWarning: Your cuDNN version is more recent than Theano. If you encounter problems, try updating Theano or downgrading cuDNN to a version >= v5 and <= v7.
  warnings.warn("Your cuDNN version is more recent than "
Using cuDNN version 7600 on context None
Mapped name None to device cuda0: Tesla P100-PCIE-16GB (0000:04:00.0)
/scratch/work/groszt1/envs/theanoLM/lib/python3.7/site-packages/h5py-2.9.0-py3.7-linux-x86_64.egg/h5py/_hl/dataset.py:313: H5pyDeprecationWarning: dataset.value has been deprecated. Use dataset[()] instead.
  "Use dataset[()] instead.", H5pyDeprecationWarning)
/scratch/work/groszt1/envs/theanoLM/lib/python3.7/site-packages/h5py-2.9.0-py3.7-linux-x86_64.egg/h5py/_hl/dataset.py:313: H5pyDeprecationWarning: dataset.value has been deprecated. Use dataset[()] instead.
  "Use dataset[()] instead.", H5pyDeprecationWarning)
decode_theanolm finished.
/tmp/55030153/lattices
floatX=float32,device=cuda0,base_compiledir=/tmp/theano,exception_verbosity=high,openmp=False
/scratch/work/groszt1/envs/theanoLM/lib/python3.7/site-packages/theano/gpuarray/dnn.py:184: UserWarning: Your cuDNN version is more recent than Theano. If you encounter problems, try updating Theano or downgrading cuDNN to a version >= v5 and <= v7.
  warnings.warn("Your cuDNN version is more recent than "
Using cuDNN version 7600 on context None
Mapped name None to device cuda0: Tesla P100-PCIE-16GB (0000:04:00.0)
TheanoLM 1.3.2
Theano 1.0.4
pygpu 0.7.6
==
+ srun --gres=gpu:1 theanolm decode /scratch/work/moisioa3/conv_lm/experiments/theanolm-100k/expt10/nnlm.h5 --lattice-list /tmp/55030153/lattices/lattice-list --output-file /scratch/work/moisioa3/conv_lm/experiments/theanolm-100k/expt10/decode/devel/lambda=0.5-lms=10/60.trn --output trn --nnlm-weight 0.5 --lm-scale 10 --max-tokens-per-node 62 --beam 650 --recombination-order 22 --num-jobs 128 --job 60 --shortlist --unk-penalty=-20
2020-08-07 14:13:11,136 get_default_device: Context None device="Tesla P100-PCIE-16GB" ID="0000:04:00.0"
2020-08-07 14:13:11,137 from_file: Reading vocabulary from network state.
2020-08-07 14:13:14,197 from_file: Number of words in vocabulary: 2427252
2020-08-07 14:13:14,197 from_file: Number of words in shortlist: 100003
2020-08-07 14:13:14,197 from_file: Number of word classes: 100003
2020-08-07 14:13:14,197 from_file: Building neural network.
2020-08-07 14:13:59,075 from_file: Restoring neural network state.
2020-08-07 14:13:59,703 decode: Building word lattice decoder.
2020-08-07 14:14:04,598 __iter__: Reading lattice file `/tmp/55030153/lattices/dspm004_dsp2013_01.lat.gz´.
2020-08-07 14:14:04,761 decode: Utterance `dspm004_dsp2013_01´ -- 1 of job 60
2020-08-07 14:14:09,572 __iter__: Reading lattice file `/tmp/55030153/lattices/dspm011_dsp2013_21.lat.gz´.
2020-08-07 14:14:09,597 decode: Utterance `dspm011_dsp2013_21´ -- 2 of job 60
2020-08-07 14:14:10,546 __iter__: Reading lattice file `/tmp/55030153/lattices/dspm021_dsp2013_18.lat.gz´.
2020-08-07 14:14:10,888 decode: Utterance `dspm021_dsp2013_18´ -- 3 of job 60
2020-08-07 14:14:32,061 __iter__: Reading lattice file `/tmp/55030153/lattices/dspm031_dsp2013_07.lat.gz´.
2020-08-07 14:14:32,270 decode: Utterance `dspm031_dsp2013_07´ -- 4 of job 60
2020-08-07 14:14:39,731 __iter__: Reading lattice file `/tmp/55030153/lattices/dspm040_dsp2013_02.lat.gz´.
2020-08-07 14:14:39,948 decode: Utterance `dspm040_dsp2013_02´ -- 5 of job 60
2020-08-07 14:14:46,507 __iter__: Reading lattice file `/tmp/55030153/lattices/dspm049_dsp2013_04.lat.gz´.
2020-08-07 14:14:46,875 decode: Utterance `dspm049_dsp2013_04´ -- 6 of job 60
2020-08-07 14:15:00,964 __iter__: Reading lattice file `/tmp/55030153/lattices/dspm057_dsp2013_09.lat.gz´.
2020-08-07 14:15:01,785 decode: Utterance `dspm057_dsp2013_09´ -- 7 of job 60
2020-08-07 14:15:29,932 __iter__: Reading lattice file `/tmp/55030153/lattices/radioshaka_kbk20120915_16.lat.gz´.
2020-08-07 14:15:30,277 decode: Utterance `radioshaka_kbk20120915_16´ -- 8 of job 60
/scratch/work/groszt1/envs/theanoLM/lib/python3.7/site-packages/theano/gpuarray/dnn.py:184: UserWarning: Your cuDNN version is more recent than Theano. If you encounter problems, try updating Theano or downgrading cuDNN to a version >= v5 and <= v7.
  warnings.warn("Your cuDNN version is more recent than "
Using cuDNN version 7600 on context None
Mapped name None to device cuda0: Tesla P100-PCIE-16GB (0000:04:00.0)
/scratch/work/groszt1/envs/theanoLM/lib/python3.7/site-packages/h5py-2.9.0-py3.7-linux-x86_64.egg/h5py/_hl/dataset.py:313: H5pyDeprecationWarning: dataset.value has been deprecated. Use dataset[()] instead.
  "Use dataset[()] instead.", H5pyDeprecationWarning)
/scratch/work/groszt1/envs/theanoLM/lib/python3.7/site-packages/h5py-2.9.0-py3.7-linux-x86_64.egg/h5py/_hl/dataset.py:313: H5pyDeprecationWarning: dataset.value has been deprecated. Use dataset[()] instead.
  "Use dataset[()] instead.", H5pyDeprecationWarning)
decode_theanolm finished.
