EXPT_NAME theanolm-100k
EXPT_PARAMS expt10
EXPT_WORK_DIR /scratch/work/moisioa3/conv_lm/experiments/theanolm-100k/expt10
Experiment: theanolm-100k/expt10
Job ID: 54324204
Task ID: 33
Host: gpu20.int.triton.aalto.fi
Start date: Sun Jun 28 15:29:29 EEST 2020
Work directory: /scratch/work/moisioa3/conv_lm/experiments/theanolm-100k/expt10
Temporary directory: /tmp/54324204

Currently Loaded Modules:
  1) speech-scripts/2016.05.24-b928230   6) binutils/2.25-GCCcore-5.4.0
  2) srilm/default                       7) GCC/5.4.0-2.25
  3) cuda/10.0.130                       8) libgpuarray/2017.03.29-45c731f
  4) cudnn/7.4.2-cuda                    9) anaconda3/latest
  5) GCCcore/5.4.0

 

/tmp/54324204/lattices
floatX=float32,device=cuda0,base_compiledir=/tmp/theano,exception_verbosity=high,openmp=False
INFO (theano.gof.compilelock): Waiting for existing lock by process '20325' (I am process '20336')
INFO (theano.gof.compilelock): To manually release the lock, delete /tmp/theano/compiledir_Linux-3.10-el7.x86_64-x86_64-with-centos-7.8.2003-Core-x86_64-3.7.3-64/lock_dir
/scratch/work/groszt1/envs/theanoLM/lib/python3.7/site-packages/theano/gpuarray/dnn.py:184: UserWarning: Your cuDNN version is more recent than Theano. If you encounter problems, try updating Theano or downgrading cuDNN to a version >= v5 and <= v7.
  warnings.warn("Your cuDNN version is more recent than "
Using cuDNN version 7600 on context None
Mapped name None to device cuda0: Tesla K80 (0000:05:00.0)
TheanoLM 1.3.2
Theano 1.0.4
pygpu 0.7.6
==
+ srun --gres=gpu:1 theanolm decode /scratch/work/moisioa3/conv_lm/experiments/theanolm-100k/expt10/nnlm.h5 --lattice-list /tmp/54324204/lattices/lattice-list --output-file /scratch/work/moisioa3/conv_lm/experiments/theanolm-100k/expt10/decode/devel/lambda=0.5-lms=14/3.trn --output trn --nnlm-weight 0.5 --lm-scale 14 --max-tokens-per-node 62 --beam 650 --recombination-order 22 --num-jobs 10 --job 3 --shortlist --unk-penalty=-20
2020-06-28 15:30:06,565 get_default_device: Context None device="Tesla K80" ID="0000:05:00.0"
2020-06-28 15:30:06,566 from_file: Reading vocabulary from network state.
2020-06-28 15:30:09,948 from_file: Number of words in vocabulary: 2427252
2020-06-28 15:30:09,948 from_file: Number of words in shortlist: 100003
2020-06-28 15:30:09,948 from_file: Number of word classes: 100003
2020-06-28 15:30:09,948 from_file: Building neural network.
/scratch/work/groszt1/envs/theanoLM/lib/python3.7/site-packages/theano/gpuarray/dnn.py:184: UserWarning: Your cuDNN version is more recent than Theano. If you encounter problems, try updating Theano or downgrading cuDNN to a version >= v5 and <= v7.
  warnings.warn("Your cuDNN version is more recent than "
Using cuDNN version 7600 on context None
Mapped name None to device cuda0: Tesla K80 (0000:05:00.0)
/scratch/work/groszt1/envs/theanoLM/lib/python3.7/site-packages/h5py-2.9.0-py3.7-linux-x86_64.egg/h5py/_hl/dataset.py:313: H5pyDeprecationWarning: dataset.value has been deprecated. Use dataset[()] instead.
  "Use dataset[()] instead.", H5pyDeprecationWarning)
INFO (theano.gof.compilelock): Waiting for existing lock by process '20806' (I am process '20748')
2020-06-28 15:31:20,380 lock: Waiting for existing lock by process '20806' (I am process '20748')
INFO (theano.gof.compilelock): To manually release the lock, delete /tmp/theano/compiledir_Linux-3.10-el7.x86_64-x86_64-with-centos-7.8.2003-Core-x86_64-3.7.3-64/lock_dir
2020-06-28 15:31:20,381 lock: To manually release the lock, delete /tmp/theano/compiledir_Linux-3.10-el7.x86_64-x86_64-with-centos-7.8.2003-Core-x86_64-3.7.3-64/lock_dir
2020-06-28 15:31:28,266 from_file: Restoring neural network state.
2020-06-28 15:31:29,026 decode: Building word lattice decoder.
2020-06-28 15:31:34,459 __iter__: Reading lattice file `/tmp/54324204/lattices/dspf004_dsp2013_05.lat.gz´.
2020-06-28 15:31:34,554 decode: Utterance `dspf004_dsp2013_05´ -- 1 of job 3
2020-06-28 15:31:44,085 __iter__: Reading lattice file `/tmp/54324204/lattices/dspf004_dsp2013_15.lat.gz´.
2020-06-28 15:31:44,781 decode: Utterance `dspf004_dsp2013_15´ -- 2 of job 3
2020-06-28 15:32:56,549 __iter__: Reading lattice file `/tmp/54324204/lattices/dspf007_dsp2013_04.lat.gz´.
2020-06-28 15:32:57,000 decode: Utterance `dspf007_dsp2013_04´ -- 3 of job 3
2020-06-28 15:33:35,376 __iter__: Reading lattice file `/tmp/54324204/lattices/dspf007_dsp2013_14.lat.gz´.
2020-06-28 15:33:35,618 decode: Utterance `dspf007_dsp2013_14´ -- 4 of job 3
2020-06-28 15:34:02,423 __iter__: Reading lattice file `/tmp/54324204/lattices/dspm001_dsp2013_04.lat.gz´.
2020-06-28 15:34:02,584 decode: Utterance `dspm001_dsp2013_04´ -- 5 of job 3
2020-06-28 15:34:19,057 __iter__: Reading lattice file `/tmp/54324204/lattices/dspm001_dsp2013_14.lat.gz´.
2020-06-28 15:34:19,165 decode: Utterance `dspm001_dsp2013_14´ -- 6 of job 3
2020-06-28 15:34:25,127 __iter__: Reading lattice file `/tmp/54324204/lattices/dspm004_dsp2013_04.lat.gz´.
2020-06-28 15:34:25,834 decode: Utterance `dspm004_dsp2013_04´ -- 7 of job 3
2020-06-28 15:35:41,875 __iter__: Reading lattice file `/tmp/54324204/lattices/dspm004_dsp2013_14.lat.gz´.
2020-06-28 15:35:42,080 decode: Utterance `dspm004_dsp2013_14´ -- 8 of job 3
2020-06-28 15:36:00,462 __iter__: Reading lattice file `/tmp/54324204/lattices/dspm005_dsp2013_04.lat.gz´.
2020-06-28 15:36:00,499 decode: Utterance `dspm005_dsp2013_04´ -- 9 of job 3
2020-06-28 15:36:03,332 __iter__: Reading lattice file `/tmp/54324204/lattices/dspm005_dsp2013_14.lat.gz´.
2020-06-28 15:36:03,631 decode: Utterance `dspm005_dsp2013_14´ -- 10 of job 3
2020-06-28 15:36:28,050 __iter__: Reading lattice file `/tmp/54324204/lattices/dspm006_dsp2013_04.lat.gz´.
2020-06-28 15:36:28,102 decode: Utterance `dspm006_dsp2013_04´ -- 11 of job 3
2020-06-28 15:36:31,083 __iter__: Reading lattice file `/tmp/54324204/lattices/dspm006_dsp2013_16.lat.gz´.
2020-06-28 15:36:31,123 decode: Utterance `dspm006_dsp2013_16´ -- 12 of job 3
2020-06-28 15:36:35,860 __iter__: Reading lattice file `/tmp/54324204/lattices/dspm007_dsp2013_01.lat.gz´.
2020-06-28 15:36:36,253 decode: Utterance `dspm007_dsp2013_01´ -- 13 of job 3
2020-06-28 15:37:09,143 __iter__: Reading lattice file `/tmp/54324204/lattices/dspm007_dsp2013_15.lat.gz´.
2020-06-28 15:37:09,785 decode: Utterance `dspm007_dsp2013_15´ -- 14 of job 3
2020-06-28 15:38:21,484 __iter__: Reading lattice file `/tmp/54324204/lattices/dspm007_dsp2013_25.lat.gz´.
2020-06-28 15:38:21,847 decode: Utterance `dspm007_dsp2013_25´ -- 15 of job 3
2020-06-28 15:38:49,188 __iter__: Reading lattice file `/tmp/54324204/lattices/dspm010_dsp2013_06.lat.gz´.
2020-06-28 15:38:49,295 decode: Utterance `dspm010_dsp2013_06´ -- 16 of job 3
2020-06-28 15:38:57,652 __iter__: Reading lattice file `/tmp/54324204/lattices/dspm010_dsp2013_19.lat.gz´.
2020-06-28 15:38:59,327 decode: Utterance `dspm010_dsp2013_19´ -- 17 of job 3
2020-06-28 15:41:26,541 __iter__: Reading lattice file `/tmp/54324204/lattices/dspm011_dsp2013_06.lat.gz´.
2020-06-28 15:41:28,857 decode: Utterance `dspm011_dsp2013_06´ -- 18 of job 3
2020-06-28 15:44:37,879 __iter__: Reading lattice file `/tmp/54324204/lattices/dspm011_dsp2013_16.lat.gz´.
2020-06-28 15:44:37,954 decode: Utterance `dspm011_dsp2013_16´ -- 19 of job 3
2020-06-28 15:44:42,009 __iter__: Reading lattice file `/tmp/54324204/lattices/dspm011_dsp2013_26.lat.gz´.
2020-06-28 15:44:42,684 decode: Utterance `dspm011_dsp2013_26´ -- 20 of job 3
2020-06-28 15:45:45,625 __iter__: Reading lattice file `/tmp/54324204/lattices/dspm014_dsp2013_23.lat.gz´.
2020-06-28 15:45:45,660 decode: Utterance `dspm014_dsp2013_23´ -- 21 of job 3
2020-06-28 15:45:48,127 __iter__: Reading lattice file `/tmp/54324204/lattices/dspm014_dsp2013_33.lat.gz´.
2020-06-28 15:45:48,202 decode: Utterance `dspm014_dsp2013_33´ -- 22 of job 3
2020-06-28 15:45:56,492 __iter__: Reading lattice file `/tmp/54324204/lattices/dspm015_dsp2013_10.lat.gz´.
2020-06-28 15:45:56,760 decode: Utterance `dspm015_dsp2013_10´ -- 23 of job 3
2020-06-28 15:46:14,693 __iter__: Reading lattice file `/tmp/54324204/lattices/dspm015_dsp2013_20.lat.gz´.
2020-06-28 15:46:14,729 decode: Utterance `dspm015_dsp2013_20´ -- 24 of job 3
2020-06-28 15:46:16,439 __iter__: Reading lattice file `/tmp/54324204/lattices/dspm017_dsp2013_32.lat.gz´.
2020-06-28 15:46:16,453 decode: Utterance `dspm017_dsp2013_32´ -- 25 of job 3
2020-06-28 15:46:17,483 __iter__: Reading lattice file `/tmp/54324204/lattices/dspm017_dsp2013_73.lat.gz´.
2020-06-28 15:46:19,457 decode: Utterance `dspm017_dsp2013_73´ -- 26 of job 3
2020-06-28 15:49:35,649 __iter__: Reading lattice file `/tmp/54324204/lattices/dspm018_dsp2013_06.lat.gz´.
2020-06-28 15:49:35,805 decode: Utterance `dspm018_dsp2013_06´ -- 27 of job 3
2020-06-28 15:49:47,118 __iter__: Reading lattice file `/tmp/54324204/lattices/dspm018_dsp2013_16.lat.gz´.
2020-06-28 15:49:47,131 decode: Utterance `dspm018_dsp2013_16´ -- 28 of job 3
2020-06-28 15:49:48,007 __iter__: Reading lattice file `/tmp/54324204/lattices/dspm019_dsp2013_04.lat.gz´.
2020-06-28 15:49:48,013 decode: Utterance `dspm019_dsp2013_04´ -- 29 of job 3
2020-06-28 15:49:48,406 __iter__: Reading lattice file `/tmp/54324204/lattices/dspm019_dsp2013_14.lat.gz´.
2020-06-28 15:49:48,661 decode: Utterance `dspm019_dsp2013_14´ -- 30 of job 3
2020-06-28 15:50:07,468 __iter__: Reading lattice file `/tmp/54324204/lattices/dspm021_dsp2013_04.lat.gz´.
2020-06-28 15:50:07,547 decode: Utterance `dspm021_dsp2013_04´ -- 31 of job 3
2020-06-28 15:50:15,956 __iter__: Reading lattice file `/tmp/54324204/lattices/dspm021_dsp2013_15.lat.gz´.
2020-06-28 15:50:16,062 decode: Utterance `dspm021_dsp2013_15´ -- 32 of job 3
2020-06-28 15:50:24,912 __iter__: Reading lattice file `/tmp/54324204/lattices/dspm022_dsp2013_01.lat.gz´.
2020-06-28 15:50:24,987 decode: Utterance `dspm022_dsp2013_01´ -- 33 of job 3
2020-06-28 15:50:30,749 __iter__: Reading lattice file `/tmp/54324204/lattices/dspm022_dsp2013_11.lat.gz´.
2020-06-28 15:50:30,814 decode: Utterance `dspm022_dsp2013_11´ -- 34 of job 3
2020-06-28 15:50:36,015 __iter__: Reading lattice file `/tmp/54324204/lattices/dspm022_dsp2013_21.lat.gz´.
2020-06-28 15:50:36,076 decode: Utterance `dspm022_dsp2013_21´ -- 35 of job 3
2020-06-28 15:50:42,046 __iter__: Reading lattice file `/tmp/54324204/lattices/dspm022_dsp2013_31.lat.gz´.
2020-06-28 15:50:42,240 decode: Utterance `dspm022_dsp2013_31´ -- 36 of job 3
2020-06-28 15:51:00,694 __iter__: Reading lattice file `/tmp/54324204/lattices/dspm024_dsp2013_07.lat.gz´.
2020-06-28 15:51:01,117 decode: Utterance `dspm024_dsp2013_07´ -- 37 of job 3
2020-06-28 15:51:45,042 __iter__: Reading lattice file `/tmp/54324204/lattices/dspm024_dsp2013_18.lat.gz´.
2020-06-28 15:51:45,193 decode: Utterance `dspm024_dsp2013_18´ -- 38 of job 3
2020-06-28 15:52:00,678 __iter__: Reading lattice file `/tmp/54324204/lattices/dspm025_dsp2013_13.lat.gz´.
2020-06-28 15:52:00,758 decode: Utterance `dspm025_dsp2013_13´ -- 39 of job 3
2020-06-28 15:52:06,841 __iter__: Reading lattice file `/tmp/54324204/lattices/dspm025_dsp2013_26.lat.gz´.
2020-06-28 15:52:08,848 decode: Utterance `dspm025_dsp2013_26´ -- 40 of job 3
2020-06-28 15:55:32,976 __iter__: Reading lattice file `/tmp/54324204/lattices/dspm026_dsp2013_06.lat.gz´.
2020-06-28 15:55:33,317 decode: Utterance `dspm026_dsp2013_06´ -- 41 of job 3
2020-06-28 15:56:05,158 __iter__: Reading lattice file `/tmp/54324204/lattices/dspm026_dsp2013_16.lat.gz´.
2020-06-28 15:56:05,241 decode: Utterance `dspm026_dsp2013_16´ -- 42 of job 3
2020-06-28 15:56:12,667 __iter__: Reading lattice file `/tmp/54324204/lattices/dspm028_dsp2013_06.lat.gz´.
2020-06-28 15:56:13,092 decode: Utterance `dspm028_dsp2013_06´ -- 43 of job 3
2020-06-28 15:56:43,150 __iter__: Reading lattice file `/tmp/54324204/lattices/dspm028_dsp2013_16.lat.gz´.
2020-06-28 15:56:43,250 decode: Utterance `dspm028_dsp2013_16´ -- 44 of job 3
2020-06-28 15:56:51,836 __iter__: Reading lattice file `/tmp/54324204/lattices/dspm031_dsp2013_06.lat.gz´.
2020-06-28 15:56:52,002 decode: Utterance `dspm031_dsp2013_06´ -- 45 of job 3
2020-06-28 15:57:03,225 __iter__: Reading lattice file `/tmp/54324204/lattices/dspm031_dsp2013_16.lat.gz´.
2020-06-28 15:57:03,383 decode: Utterance `dspm031_dsp2013_16´ -- 46 of job 3
2020-06-28 15:57:17,747 __iter__: Reading lattice file `/tmp/54324204/lattices/dspm032_dsp2013_01.lat.gz´.
2020-06-28 15:57:18,356 decode: Utterance `dspm032_dsp2013_01´ -- 47 of job 3
2020-06-28 15:58:28,624 __iter__: Reading lattice file `/tmp/54324204/lattices/dspm032_dsp2013_11.lat.gz´.
2020-06-28 15:58:28,789 decode: Utterance `dspm032_dsp2013_11´ -- 48 of job 3
2020-06-28 15:58:45,552 __iter__: Reading lattice file `/tmp/54324204/lattices/dspm032_dsp2013_21.lat.gz´.
2020-06-28 15:58:45,681 decode: Utterance `dspm032_dsp2013_21´ -- 49 of job 3
2020-06-28 15:58:57,306 __iter__: Reading lattice file `/tmp/54324204/lattices/dspm033_dsp2013_19.lat.gz´.
2020-06-28 15:58:58,553 decode: Utterance `dspm033_dsp2013_19´ -- 50 of job 3
2020-06-28 16:01:36,047 __iter__: Reading lattice file `/tmp/54324204/lattices/dspm033_dsp2013_45.lat.gz´.
2020-06-28 16:01:36,421 decode: Utterance `dspm033_dsp2013_45´ -- 51 of job 3
2020-06-28 16:02:09,964 __iter__: Reading lattice file `/tmp/54324204/lattices/dspm034_dsp2013_07.lat.gz´.
2020-06-28 16:02:10,086 decode: Utterance `dspm034_dsp2013_07´ -- 52 of job 3
2020-06-28 16:02:18,443 __iter__: Reading lattice file `/tmp/54324204/lattices/dspm034_dsp2013_17.lat.gz´.
2020-06-28 16:02:18,487 decode: Utterance `dspm034_dsp2013_17´ -- 53 of job 3
2020-06-28 16:02:21,592 __iter__: Reading lattice file `/tmp/54324204/lattices/dspm036_dsp2013_31.lat.gz´.
2020-06-28 16:02:21,692 decode: Utterance `dspm036_dsp2013_31´ -- 54 of job 3
2020-06-28 16:02:29,918 __iter__: Reading lattice file `/tmp/54324204/lattices/dspm036_dsp2013_42.lat.gz´.
2020-06-28 16:02:30,374 decode: Utterance `dspm036_dsp2013_42´ -- 55 of job 3
2020-06-28 16:03:25,425 __iter__: Reading lattice file `/tmp/54324204/lattices/dspm039_dsp2013_09.lat.gz´.
2020-06-28 16:03:25,466 decode: Utterance `dspm039_dsp2013_09´ -- 56 of job 3
2020-06-28 16:03:28,510 __iter__: Reading lattice file `/tmp/54324204/lattices/dspm039_dsp2013_20.lat.gz´.
2020-06-28 16:03:28,711 decode: Utterance `dspm039_dsp2013_20´ -- 57 of job 3
2020-06-28 16:03:47,410 __iter__: Reading lattice file `/tmp/54324204/lattices/dspm040_dsp2013_03.lat.gz´.
2020-06-28 16:03:47,494 decode: Utterance `dspm040_dsp2013_03´ -- 58 of job 3
2020-06-28 16:03:52,354 __iter__: Reading lattice file `/tmp/54324204/lattices/dspm040_dsp2013_13.lat.gz´.
2020-06-28 16:03:52,372 decode: Utterance `dspm040_dsp2013_13´ -- 59 of job 3
2020-06-28 16:03:52,997 __iter__: Reading lattice file `/tmp/54324204/lattices/dspm042_dsp2013_03.lat.gz´.
2020-06-28 16:03:53,029 decode: Utterance `dspm042_dsp2013_03´ -- 60 of job 3
2020-06-28 16:03:55,582 __iter__: Reading lattice file `/tmp/54324204/lattices/dspm042_dsp2013_15.lat.gz´.
2020-06-28 16:03:55,816 decode: Utterance `dspm042_dsp2013_15´ -- 61 of job 3
2020-06-28 16:04:16,434 __iter__: Reading lattice file `/tmp/54324204/lattices/dspm043_dsp2013_05.lat.gz´.
2020-06-28 16:04:16,455 decode: Utterance `dspm043_dsp2013_05´ -- 62 of job 3
2020-06-28 16:04:17,864 __iter__: Reading lattice file `/tmp/54324204/lattices/dspm043_dsp2013_18.lat.gz´.
2020-06-28 16:04:17,924 decode: Utterance `dspm043_dsp2013_18´ -- 63 of job 3
2020-06-28 16:04:22,473 __iter__: Reading lattice file `/tmp/54324204/lattices/dspm043_dsp2013_34.lat.gz´.
2020-06-28 16:04:22,555 decode: Utterance `dspm043_dsp2013_34´ -- 64 of job 3
2020-06-28 16:04:29,089 __iter__: Reading lattice file `/tmp/54324204/lattices/dspm045_dsp2013_08.lat.gz´.
2020-06-28 16:04:29,146 decode: Utterance `dspm045_dsp2013_08´ -- 65 of job 3
2020-06-28 16:04:34,207 __iter__: Reading lattice file `/tmp/54324204/lattices/dspm045_dsp2013_18.lat.gz´.
2020-06-28 16:04:34,358 decode: Utterance `dspm045_dsp2013_18´ -- 66 of job 3
2020-06-28 16:04:45,777 __iter__: Reading lattice file `/tmp/54324204/lattices/dspm047_dsp2013_08.lat.gz´.
2020-06-28 16:04:46,184 decode: Utterance `dspm047_dsp2013_08´ -- 67 of job 3
2020-06-28 16:05:34,456 __iter__: Reading lattice file `/tmp/54324204/lattices/dspm047_dsp2013_18.lat.gz´.
2020-06-28 16:05:34,551 decode: Utterance `dspm047_dsp2013_18´ -- 68 of job 3
2020-06-28 16:05:41,621 __iter__: Reading lattice file `/tmp/54324204/lattices/dspm048_dsp2013_08.lat.gz´.
2020-06-28 16:05:43,076 decode: Utterance `dspm048_dsp2013_08´ -- 69 of job 3
2020-06-28 16:08:21,752 __iter__: Reading lattice file `/tmp/54324204/lattices/dspm048_dsp2013_18.lat.gz´.
2020-06-28 16:08:22,231 decode: Utterance `dspm048_dsp2013_18´ -- 70 of job 3
2020-06-28 16:08:43,744 __iter__: Reading lattice file `/tmp/54324204/lattices/dspm049_dsp2013_07.lat.gz´.
2020-06-28 16:08:47,047 decode: Utterance `dspm049_dsp2013_07´ -- 71 of job 3
2020-06-28 16:12:42,362 __iter__: Reading lattice file `/tmp/54324204/lattices/dspm049_dsp2013_17.lat.gz´.
2020-06-28 16:12:42,766 decode: Utterance `dspm049_dsp2013_17´ -- 72 of job 3
2020-06-28 16:13:28,809 __iter__: Reading lattice file `/tmp/54324204/lattices/dspm050_dsp2013_14.lat.gz´.
2020-06-28 16:13:28,832 decode: Utterance `dspm050_dsp2013_14´ -- 73 of job 3
2020-06-28 16:13:29,884 __iter__: Reading lattice file `/tmp/54324204/lattices/dspm050_dsp2013_27.lat.gz´.
2020-06-28 16:13:30,060 decode: Utterance `dspm050_dsp2013_27´ -- 74 of job 3
2020-06-28 16:13:52,064 __iter__: Reading lattice file `/tmp/54324204/lattices/dspm052_dsp2013_05.lat.gz´.
2020-06-28 16:13:53,871 decode: Utterance `dspm052_dsp2013_05´ -- 75 of job 3
2020-06-28 16:17:09,287 __iter__: Reading lattice file `/tmp/54324204/lattices/dspm052_dsp2013_15.lat.gz´.
2020-06-28 16:17:09,685 decode: Utterance `dspm052_dsp2013_15´ -- 76 of job 3
2020-06-28 16:17:46,331 __iter__: Reading lattice file `/tmp/54324204/lattices/dspm054_dsp2013_06.lat.gz´.
2020-06-28 16:17:46,447 decode: Utterance `dspm054_dsp2013_06´ -- 77 of job 3
2020-06-28 16:17:55,829 __iter__: Reading lattice file `/tmp/54324204/lattices/dspm054_dsp2013_17.lat.gz´.
2020-06-28 16:17:56,530 decode: Utterance `dspm054_dsp2013_17´ -- 78 of job 3
2020-06-28 16:19:04,126 __iter__: Reading lattice file `/tmp/54324204/lattices/dspm055_dsp2013_04.lat.gz´.
2020-06-28 16:19:04,136 decode: Utterance `dspm055_dsp2013_04´ -- 79 of job 3
2020-06-28 16:19:04,812 __iter__: Reading lattice file `/tmp/54324204/lattices/dspm055_dsp2013_14.lat.gz´.
2020-06-28 16:19:04,859 decode: Utterance `dspm055_dsp2013_14´ -- 80 of job 3
2020-06-28 16:19:09,281 __iter__: Reading lattice file `/tmp/54324204/lattices/dspm056_dsp2013_04.lat.gz´.
2020-06-28 16:19:09,312 decode: Utterance `dspm056_dsp2013_04´ -- 81 of job 3
2020-06-28 16:19:11,641 __iter__: Reading lattice file `/tmp/54324204/lattices/dspm056_dsp2013_14.lat.gz´.
2020-06-28 16:19:11,880 decode: Utterance `dspm056_dsp2013_14´ -- 82 of job 3
2020-06-28 16:19:31,033 __iter__: Reading lattice file `/tmp/54324204/lattices/dspm057_dsp2013_04.lat.gz´.
2020-06-28 16:19:31,085 decode: Utterance `dspm057_dsp2013_04´ -- 83 of job 3
2020-06-28 16:19:33,997 __iter__: Reading lattice file `/tmp/54324204/lattices/dspm057_dsp2013_14.lat.gz´.
2020-06-28 16:19:34,529 decode: Utterance `dspm057_dsp2013_14´ -- 84 of job 3
2020-06-28 16:20:11,542 __iter__: Reading lattice file `/tmp/54324204/lattices/dspm058_dsp2013_05.lat.gz´.
2020-06-28 16:20:12,099 decode: Utterance `dspm058_dsp2013_05´ -- 85 of job 3
2020-06-28 16:20:59,006 __iter__: Reading lattice file `/tmp/54324204/lattices/dspm058_dsp2013_16.lat.gz´.
2020-06-28 16:20:59,684 decode: Utterance `dspm058_dsp2013_16´ -- 86 of job 3
2020-06-28 16:21:47,350 __iter__: Reading lattice file `/tmp/54324204/lattices/radioanne_fym20071218_10.lat.gz´.
2020-06-28 16:21:47,388 decode: Utterance `radioanne_fym20071218_10´ -- 87 of job 3
2020-06-28 16:21:49,128 __iter__: Reading lattice file `/tmp/54324204/lattices/radiojake_kbk20120915_108.lat.gz´.
2020-06-28 16:21:49,733 decode: Utterance `radiojake_kbk20120915_108´ -- 88 of job 3
2020-06-28 16:22:49,082 __iter__: Reading lattice file `/tmp/54324204/lattices/radiojake_kbk20120915_24.lat.gz´.
2020-06-28 16:22:49,091 decode: Utterance `radiojake_kbk20120915_24´ -- 89 of job 3
2020-06-28 16:22:49,620 __iter__: Reading lattice file `/tmp/54324204/lattices/radiojake_kbk20120915_50.lat.gz´.
2020-06-28 16:22:49,628 decode: Utterance `radiojake_kbk20120915_50´ -- 90 of job 3
2020-06-28 16:22:49,892 __iter__: Reading lattice file `/tmp/54324204/lattices/radiojake_kbk20120915_79.lat.gz´.
2020-06-28 16:22:50,336 decode: Utterance `radiojake_kbk20120915_79´ -- 91 of job 3
2020-06-28 16:23:53,634 __iter__: Reading lattice file `/tmp/54324204/lattices/radiokassu_kbk20120915_111.lat.gz´.
2020-06-28 16:23:54,639 decode: Utterance `radiokassu_kbk20120915_111´ -- 92 of job 3
2020-06-28 16:25:24,701 __iter__: Reading lattice file `/tmp/54324204/lattices/radiokassu_kbk20120915_5.lat.gz´.
2020-06-28 16:25:24,774 decode: Utterance `radiokassu_kbk20120915_5´ -- 93 of job 3
2020-06-28 16:25:29,882 __iter__: Reading lattice file `/tmp/54324204/lattices/radionoona_fym20071218_15.lat.gz´.
2020-06-28 16:25:29,902 decode: Utterance `radionoona_fym20071218_15´ -- 94 of job 3
2020-06-28 16:25:31,780 __iter__: Reading lattice file `/tmp/54324204/lattices/radionoona_fym20071218_33.lat.gz´.
2020-06-28 16:25:31,812 decode: Utterance `radionoona_fym20071218_33´ -- 95 of job 3
2020-06-28 16:25:34,119 __iter__: Reading lattice file `/tmp/54324204/lattices/radioshaka_kbk20120915_110.lat.gz´.
2020-06-28 16:25:34,279 decode: Utterance `radioshaka_kbk20120915_110´ -- 96 of job 3
2020-06-28 16:25:41,413 __iter__: Reading lattice file `/tmp/54324204/lattices/radioshaka_kbk20120915_30.lat.gz´.
2020-06-28 16:25:42,274 decode: Utterance `radioshaka_kbk20120915_30´ -- 97 of job 3
2020-06-28 16:27:01,735 __iter__: Reading lattice file `/tmp/54324204/lattices/radioshaka_kbk20120915_61.lat.gz´.
2020-06-28 16:27:02,649 decode: Utterance `radioshaka_kbk20120915_61´ -- 98 of job 3
2020-06-28 16:27:55,418 __iter__: Reading lattice file `/tmp/54324204/lattices/radioshaka_kbk20120915_89.lat.gz´.
2020-06-28 16:27:55,986 decode: Utterance `radioshaka_kbk20120915_89´ -- 99 of job 3
/scratch/work/groszt1/envs/theanoLM/lib/python3.7/site-packages/h5py-2.9.0-py3.7-linux-x86_64.egg/h5py/_hl/dataset.py:313: H5pyDeprecationWarning: dataset.value has been deprecated. Use dataset[()] instead.
  "Use dataset[()] instead.", H5pyDeprecationWarning)
decode_theanolm finished.
