EXPT_NAME theanolm-100k
EXPT_PARAMS expt10
EXPT_WORK_DIR /scratch/work/moisioa3/conv_lm/experiments/theanolm-100k/expt10
Experiment: theanolm-100k/expt10
Job ID: 54324228
Task ID: 42
Host: gpu2.int.triton.aalto.fi
Start date: Sun Jun 28 15:46:22 EEST 2020
Work directory: /scratch/work/moisioa3/conv_lm/experiments/theanolm-100k/expt10
Temporary directory: /tmp/54324228

Currently Loaded Modules:
  1) speech-scripts/2016.05.24-b928230   6) binutils/2.25-GCCcore-5.4.0
  2) srilm/default                       7) GCC/5.4.0-2.25
  3) cuda/10.0.130                       8) libgpuarray/2017.03.29-45c731f
  4) cudnn/7.4.2-cuda                    9) anaconda3/latest
  5) GCCcore/5.4.0

 

/tmp/54324228/lattices
floatX=float32,device=cuda0,base_compiledir=/tmp/theano,exception_verbosity=high,openmp=False
/scratch/work/groszt1/envs/theanoLM/lib/python3.7/site-packages/theano/gpuarray/dnn.py:184: UserWarning: Your cuDNN version is more recent than Theano. If you encounter problems, try updating Theano or downgrading cuDNN to a version >= v5 and <= v7.
  warnings.warn("Your cuDNN version is more recent than "
Using cuDNN version 7600 on context None
Mapped name None to device cuda0: Tesla V100-PCIE-32GB (0000:3B:00.0)
TheanoLM 1.3.2
Theano 1.0.4
pygpu 0.7.6
==
+ srun --gres=gpu:1 theanolm decode /scratch/work/moisioa3/conv_lm/experiments/theanolm-100k/expt10/nnlm.h5 --lattice-list /tmp/54324228/lattices/lattice-list --output-file /scratch/work/moisioa3/conv_lm/experiments/theanolm-100k/expt10/decode/devel/lambda=1.0-lms=11/2.trn --output trn --nnlm-weight 1.0 --lm-scale 11 --max-tokens-per-node 62 --beam 650 --recombination-order 22 --num-jobs 10 --job 2 --shortlist --unk-penalty=-20
2020-06-28 15:46:32,944 get_default_device: Context None device="Tesla V100-PCIE-32GB" ID="0000:3B:00.0"
2020-06-28 15:46:32,945 from_file: Reading vocabulary from network state.
2020-06-28 15:46:35,484 from_file: Number of words in vocabulary: 2427252
2020-06-28 15:46:35,484 from_file: Number of words in shortlist: 100003
2020-06-28 15:46:35,484 from_file: Number of word classes: 100003
2020-06-28 15:46:35,484 from_file: Building neural network.
2020-06-28 15:47:09,771 from_file: Restoring neural network state.
2020-06-28 15:47:10,483 decode: Building word lattice decoder.
2020-06-28 15:47:14,493 __iter__: Reading lattice file `/tmp/54324228/lattices/dspf004_dsp2013_03.lat.gz´.
2020-06-28 15:47:14,590 decode: Utterance `dspf004_dsp2013_03´ -- 1 of job 2
2020-06-28 15:47:17,860 __iter__: Reading lattice file `/tmp/54324228/lattices/dspf004_dsp2013_14.lat.gz´.
2020-06-28 15:47:18,163 decode: Utterance `dspf004_dsp2013_14´ -- 2 of job 2
2020-06-28 15:47:27,733 __iter__: Reading lattice file `/tmp/54324228/lattices/dspf007_dsp2013_03.lat.gz´.
2020-06-28 15:47:28,988 decode: Utterance `dspf007_dsp2013_03´ -- 3 of job 2
2020-06-28 15:48:19,475 __iter__: Reading lattice file `/tmp/54324228/lattices/dspf007_dsp2013_13.lat.gz´.
2020-06-28 15:48:19,569 decode: Utterance `dspf007_dsp2013_13´ -- 4 of job 2
2020-06-28 15:48:22,432 __iter__: Reading lattice file `/tmp/54324228/lattices/dspm001_dsp2013_03.lat.gz´.
2020-06-28 15:48:22,561 decode: Utterance `dspm001_dsp2013_03´ -- 5 of job 2
2020-06-28 15:48:26,654 __iter__: Reading lattice file `/tmp/54324228/lattices/dspm001_dsp2013_13.lat.gz´.
2020-06-28 15:48:26,825 decode: Utterance `dspm001_dsp2013_13´ -- 6 of job 2
2020-06-28 15:48:31,651 __iter__: Reading lattice file `/tmp/54324228/lattices/dspm004_dsp2013_03.lat.gz´.
2020-06-28 15:48:31,818 decode: Utterance `dspm004_dsp2013_03´ -- 7 of job 2
2020-06-28 15:48:37,550 __iter__: Reading lattice file `/tmp/54324228/lattices/dspm004_dsp2013_13.lat.gz´.
2020-06-28 15:48:41,436 decode: Utterance `dspm004_dsp2013_13´ -- 8 of job 2
2020-06-28 15:51:40,316 __iter__: Reading lattice file `/tmp/54324228/lattices/dspm005_dsp2013_03.lat.gz´.
2020-06-28 15:51:40,421 decode: Utterance `dspm005_dsp2013_03´ -- 9 of job 2
2020-06-28 15:51:43,724 __iter__: Reading lattice file `/tmp/54324228/lattices/dspm005_dsp2013_13.lat.gz´.
2020-06-28 15:51:43,978 decode: Utterance `dspm005_dsp2013_13´ -- 10 of job 2
2020-06-28 15:51:51,929 __iter__: Reading lattice file `/tmp/54324228/lattices/dspm005_dsp2013_23.lat.gz´.
2020-06-28 15:51:52,364 decode: Utterance `dspm005_dsp2013_23´ -- 11 of job 2
2020-06-28 15:52:05,103 __iter__: Reading lattice file `/tmp/54324228/lattices/dspm006_dsp2013_14.lat.gz´.
2020-06-28 15:52:05,124 decode: Utterance `dspm006_dsp2013_14´ -- 12 of job 2
2020-06-28 15:52:05,834 __iter__: Reading lattice file `/tmp/54324228/lattices/dspm006_dsp2013_26.lat.gz´.
2020-06-28 15:52:05,836 decode: Utterance `dspm006_dsp2013_26´ -- 13 of job 2
2020-06-28 15:52:05,925 __iter__: Reading lattice file `/tmp/54324228/lattices/dspm007_dsp2013_14.lat.gz´.
2020-06-28 15:52:06,028 decode: Utterance `dspm007_dsp2013_14´ -- 14 of job 2
2020-06-28 15:52:09,020 __iter__: Reading lattice file `/tmp/54324228/lattices/dspm007_dsp2013_24.lat.gz´.
2020-06-28 15:52:09,371 decode: Utterance `dspm007_dsp2013_24´ -- 15 of job 2
2020-06-28 15:52:21,745 __iter__: Reading lattice file `/tmp/54324228/lattices/dspm010_dsp2013_05.lat.gz´.
2020-06-28 15:52:22,561 decode: Utterance `dspm010_dsp2013_05´ -- 16 of job 2
2020-06-28 15:52:42,188 __iter__: Reading lattice file `/tmp/54324228/lattices/dspm010_dsp2013_16.lat.gz´.
2020-06-28 15:52:42,807 decode: Utterance `dspm010_dsp2013_16´ -- 17 of job 2
2020-06-28 15:53:05,602 __iter__: Reading lattice file `/tmp/54324228/lattices/dspm011_dsp2013_05.lat.gz´.
2020-06-28 15:53:05,654 decode: Utterance `dspm011_dsp2013_05´ -- 18 of job 2
2020-06-28 15:53:07,265 __iter__: Reading lattice file `/tmp/54324228/lattices/dspm011_dsp2013_15.lat.gz´.
2020-06-28 15:53:07,273 decode: Utterance `dspm011_dsp2013_15´ -- 19 of job 2
2020-06-28 15:53:07,490 __iter__: Reading lattice file `/tmp/54324228/lattices/dspm011_dsp2013_25.lat.gz´.
2020-06-28 15:53:07,585 decode: Utterance `dspm011_dsp2013_25´ -- 20 of job 2
2020-06-28 15:53:10,714 __iter__: Reading lattice file `/tmp/54324228/lattices/dspm014_dsp2013_22.lat.gz´.
2020-06-28 15:53:10,925 decode: Utterance `dspm014_dsp2013_22´ -- 21 of job 2
2020-06-28 15:53:17,804 __iter__: Reading lattice file `/tmp/54324228/lattices/dspm014_dsp2013_32.lat.gz´.
2020-06-28 15:53:17,815 decode: Utterance `dspm014_dsp2013_32´ -- 22 of job 2
2020-06-28 15:53:18,197 __iter__: Reading lattice file `/tmp/54324228/lattices/dspm015_dsp2013_09.lat.gz´.
2020-06-28 15:53:18,266 decode: Utterance `dspm015_dsp2013_09´ -- 23 of job 2
2020-06-28 15:53:20,389 __iter__: Reading lattice file `/tmp/54324228/lattices/dspm015_dsp2013_19.lat.gz´.
2020-06-28 15:53:20,456 decode: Utterance `dspm015_dsp2013_19´ -- 24 of job 2
2020-06-28 15:53:22,540 __iter__: Reading lattice file `/tmp/54324228/lattices/dspm017_dsp2013_30.lat.gz´.
2020-06-28 15:53:22,715 decode: Utterance `dspm017_dsp2013_30´ -- 25 of job 2
2020-06-28 15:53:28,143 __iter__: Reading lattice file `/tmp/54324228/lattices/dspm017_dsp2013_63.lat.gz´.
2020-06-28 15:53:29,972 decode: Utterance `dspm017_dsp2013_63´ -- 26 of job 2
2020-06-28 15:54:34,449 __iter__: Reading lattice file `/tmp/54324228/lattices/dspm018_dsp2013_04.lat.gz´.
2020-06-28 15:54:34,686 decode: Utterance `dspm018_dsp2013_04´ -- 27 of job 2
2020-06-28 15:54:42,110 __iter__: Reading lattice file `/tmp/54324228/lattices/dspm018_dsp2013_15.lat.gz´.
2020-06-28 15:54:42,175 decode: Utterance `dspm018_dsp2013_15´ -- 28 of job 2
2020-06-28 15:54:44,325 __iter__: Reading lattice file `/tmp/54324228/lattices/dspm019_dsp2013_03.lat.gz´.
2020-06-28 15:54:44,405 decode: Utterance `dspm019_dsp2013_03´ -- 29 of job 2
2020-06-28 15:54:46,732 __iter__: Reading lattice file `/tmp/54324228/lattices/dspm019_dsp2013_13.lat.gz´.
2020-06-28 15:54:46,748 decode: Utterance `dspm019_dsp2013_13´ -- 30 of job 2
2020-06-28 15:54:47,273 __iter__: Reading lattice file `/tmp/54324228/lattices/dspm021_dsp2013_03.lat.gz´.
2020-06-28 15:54:47,357 decode: Utterance `dspm021_dsp2013_03´ -- 31 of job 2
2020-06-28 15:54:50,466 __iter__: Reading lattice file `/tmp/54324228/lattices/dspm021_dsp2013_14.lat.gz´.
2020-06-28 15:54:50,574 decode: Utterance `dspm021_dsp2013_14´ -- 32 of job 2
2020-06-28 15:54:53,860 __iter__: Reading lattice file `/tmp/54324228/lattices/dspm021_dsp2013_25.lat.gz´.
2020-06-28 15:54:54,330 decode: Utterance `dspm021_dsp2013_25´ -- 33 of job 2
2020-06-28 15:55:12,221 __iter__: Reading lattice file `/tmp/54324228/lattices/dspm022_dsp2013_10.lat.gz´.
2020-06-28 15:55:12,296 decode: Utterance `dspm022_dsp2013_10´ -- 34 of job 2
2020-06-28 15:55:14,974 __iter__: Reading lattice file `/tmp/54324228/lattices/dspm022_dsp2013_20.lat.gz´.
2020-06-28 15:55:15,063 decode: Utterance `dspm022_dsp2013_20´ -- 35 of job 2
2020-06-28 15:55:17,535 __iter__: Reading lattice file `/tmp/54324228/lattices/dspm022_dsp2013_30.lat.gz´.
2020-06-28 15:55:17,643 decode: Utterance `dspm022_dsp2013_30´ -- 36 of job 2
2020-06-28 15:55:21,972 __iter__: Reading lattice file `/tmp/54324228/lattices/dspm024_dsp2013_06.lat.gz´.
2020-06-28 15:55:22,379 decode: Utterance `dspm024_dsp2013_06´ -- 37 of job 2
2020-06-28 15:55:40,493 __iter__: Reading lattice file `/tmp/54324228/lattices/dspm024_dsp2013_17.lat.gz´.
2020-06-28 15:55:40,549 decode: Utterance `dspm024_dsp2013_17´ -- 38 of job 2
2020-06-28 15:55:42,453 __iter__: Reading lattice file `/tmp/54324228/lattices/dspm025_dsp2013_12.lat.gz´.
2020-06-28 15:55:42,484 decode: Utterance `dspm025_dsp2013_12´ -- 39 of job 2
2020-06-28 15:55:43,418 __iter__: Reading lattice file `/tmp/54324228/lattices/dspm025_dsp2013_24.lat.gz´.
2020-06-28 15:55:44,044 decode: Utterance `dspm025_dsp2013_24´ -- 40 of job 2
2020-06-28 15:56:03,565 __iter__: Reading lattice file `/tmp/54324228/lattices/dspm026_dsp2013_05.lat.gz´.
2020-06-28 15:56:03,633 decode: Utterance `dspm026_dsp2013_05´ -- 41 of job 2
2020-06-28 15:56:05,962 __iter__: Reading lattice file `/tmp/54324228/lattices/dspm026_dsp2013_15.lat.gz´.
2020-06-28 15:56:06,144 decode: Utterance `dspm026_dsp2013_15´ -- 42 of job 2
2020-06-28 15:56:12,475 __iter__: Reading lattice file `/tmp/54324228/lattices/dspm028_dsp2013_05.lat.gz´.
2020-06-28 15:56:12,604 decode: Utterance `dspm028_dsp2013_05´ -- 43 of job 2
2020-06-28 15:56:16,034 __iter__: Reading lattice file `/tmp/54324228/lattices/dspm028_dsp2013_15.lat.gz´.
2020-06-28 15:56:16,278 decode: Utterance `dspm028_dsp2013_15´ -- 44 of job 2
2020-06-28 15:56:24,089 __iter__: Reading lattice file `/tmp/54324228/lattices/dspm031_dsp2013_05.lat.gz´.
2020-06-28 15:56:24,106 decode: Utterance `dspm031_dsp2013_05´ -- 45 of job 2
2020-06-28 15:56:24,671 __iter__: Reading lattice file `/tmp/54324228/lattices/dspm031_dsp2013_15.lat.gz´.
2020-06-28 15:56:24,745 decode: Utterance `dspm031_dsp2013_15´ -- 46 of job 2
2020-06-28 15:56:27,862 __iter__: Reading lattice file `/tmp/54324228/lattices/dspm031_dsp2013_25.lat.gz´.
2020-06-28 15:56:27,932 decode: Utterance `dspm031_dsp2013_25´ -- 47 of job 2
2020-06-28 15:56:30,838 __iter__: Reading lattice file `/tmp/54324228/lattices/dspm032_dsp2013_10.lat.gz´.
2020-06-28 15:56:31,264 decode: Utterance `dspm032_dsp2013_10´ -- 48 of job 2
2020-06-28 15:56:50,928 __iter__: Reading lattice file `/tmp/54324228/lattices/dspm032_dsp2013_20.lat.gz´.
2020-06-28 15:56:50,941 decode: Utterance `dspm032_dsp2013_20´ -- 49 of job 2
2020-06-28 15:56:51,362 __iter__: Reading lattice file `/tmp/54324228/lattices/dspm033_dsp2013_17.lat.gz´.
2020-06-28 15:56:51,549 decode: Utterance `dspm033_dsp2013_17´ -- 50 of job 2
2020-06-28 15:56:59,290 __iter__: Reading lattice file `/tmp/54324228/lattices/dspm033_dsp2013_44.lat.gz´.
2020-06-28 15:56:59,522 decode: Utterance `dspm033_dsp2013_44´ -- 51 of job 2
2020-06-28 15:57:07,929 __iter__: Reading lattice file `/tmp/54324228/lattices/dspm034_dsp2013_06.lat.gz´.
2020-06-28 15:57:08,373 decode: Utterance `dspm034_dsp2013_06´ -- 52 of job 2
2020-06-28 15:57:23,012 __iter__: Reading lattice file `/tmp/54324228/lattices/dspm034_dsp2013_16.lat.gz´.
2020-06-28 15:57:23,037 decode: Utterance `dspm034_dsp2013_16´ -- 53 of job 2
2020-06-28 15:57:23,730 __iter__: Reading lattice file `/tmp/54324228/lattices/dspm036_dsp2013_30.lat.gz´.
2020-06-28 15:57:25,035 decode: Utterance `dspm036_dsp2013_30´ -- 54 of job 2
2020-06-28 15:58:08,459 __iter__: Reading lattice file `/tmp/54324228/lattices/dspm036_dsp2013_41.lat.gz´.
2020-06-28 15:58:08,768 decode: Utterance `dspm036_dsp2013_41´ -- 55 of job 2
2020-06-28 15:58:19,906 __iter__: Reading lattice file `/tmp/54324228/lattices/dspm039_dsp2013_08.lat.gz´.
2020-06-28 15:58:20,042 decode: Utterance `dspm039_dsp2013_08´ -- 56 of job 2
2020-06-28 15:58:24,792 __iter__: Reading lattice file `/tmp/54324228/lattices/dspm039_dsp2013_19.lat.gz´.
2020-06-28 15:58:24,963 decode: Utterance `dspm039_dsp2013_19´ -- 57 of job 2
2020-06-28 15:58:31,345 __iter__: Reading lattice file `/tmp/54324228/lattices/dspm040_dsp2013_02.lat.gz´.
2020-06-28 15:58:31,514 decode: Utterance `dspm040_dsp2013_02´ -- 58 of job 2
2020-06-28 15:58:36,600 __iter__: Reading lattice file `/tmp/54324228/lattices/dspm040_dsp2013_12.lat.gz´.
2020-06-28 15:58:36,925 decode: Utterance `dspm040_dsp2013_12´ -- 59 of job 2
2020-06-28 15:58:47,162 __iter__: Reading lattice file `/tmp/54324228/lattices/dspm042_dsp2013_02.lat.gz´.
2020-06-28 15:58:47,166 decode: Utterance `dspm042_dsp2013_02´ -- 60 of job 2
2020-06-28 15:58:47,305 __iter__: Reading lattice file `/tmp/54324228/lattices/dspm042_dsp2013_14.lat.gz´.
2020-06-28 15:58:47,497 decode: Utterance `dspm042_dsp2013_14´ -- 61 of job 2
2020-06-28 15:58:53,228 __iter__: Reading lattice file `/tmp/54324228/lattices/dspm043_dsp2013_02.lat.gz´.
2020-06-28 15:58:53,236 decode: Utterance `dspm043_dsp2013_02´ -- 62 of job 2
2020-06-28 15:58:53,507 __iter__: Reading lattice file `/tmp/54324228/lattices/dspm043_dsp2013_17.lat.gz´.
2020-06-28 15:58:53,574 decode: Utterance `dspm043_dsp2013_17´ -- 63 of job 2
2020-06-28 15:58:55,455 __iter__: Reading lattice file `/tmp/54324228/lattices/dspm043_dsp2013_33.lat.gz´.
2020-06-28 15:58:55,513 decode: Utterance `dspm043_dsp2013_33´ -- 64 of job 2
2020-06-28 15:58:57,683 __iter__: Reading lattice file `/tmp/54324228/lattices/dspm045_dsp2013_07.lat.gz´.
2020-06-28 15:58:57,694 decode: Utterance `dspm045_dsp2013_07´ -- 65 of job 2
2020-06-28 15:58:58,048 __iter__: Reading lattice file `/tmp/54324228/lattices/dspm045_dsp2013_17.lat.gz´.
2020-06-28 15:58:58,428 decode: Utterance `dspm045_dsp2013_17´ -- 66 of job 2
2020-06-28 15:59:08,940 __iter__: Reading lattice file `/tmp/54324228/lattices/dspm047_dsp2013_07.lat.gz´.
2020-06-28 15:59:09,066 decode: Utterance `dspm047_dsp2013_07´ -- 67 of job 2
2020-06-28 15:59:13,044 __iter__: Reading lattice file `/tmp/54324228/lattices/dspm047_dsp2013_17.lat.gz´.
2020-06-28 15:59:13,198 decode: Utterance `dspm047_dsp2013_17´ -- 68 of job 2
2020-06-28 15:59:18,934 __iter__: Reading lattice file `/tmp/54324228/lattices/dspm048_dsp2013_07.lat.gz´.
2020-06-28 15:59:18,979 decode: Utterance `dspm048_dsp2013_07´ -- 69 of job 2
2020-06-28 15:59:20,490 __iter__: Reading lattice file `/tmp/54324228/lattices/dspm048_dsp2013_17.lat.gz´.
2020-06-28 15:59:20,832 decode: Utterance `dspm048_dsp2013_17´ -- 70 of job 2
2020-06-28 15:59:32,468 __iter__: Reading lattice file `/tmp/54324228/lattices/dspm049_dsp2013_06.lat.gz´.
2020-06-28 15:59:32,728 decode: Utterance `dspm049_dsp2013_06´ -- 71 of job 2
2020-06-28 15:59:41,995 __iter__: Reading lattice file `/tmp/54324228/lattices/dspm049_dsp2013_16.lat.gz´.
2020-06-28 15:59:42,946 decode: Utterance `dspm049_dsp2013_16´ -- 72 of job 2
2020-06-28 16:00:13,614 __iter__: Reading lattice file `/tmp/54324228/lattices/dspm050_dsp2013_13.lat.gz´.
2020-06-28 16:00:13,711 decode: Utterance `dspm050_dsp2013_13´ -- 73 of job 2
2020-06-28 16:00:17,023 __iter__: Reading lattice file `/tmp/54324228/lattices/dspm050_dsp2013_26.lat.gz´.
2020-06-28 16:00:17,028 decode: Utterance `dspm050_dsp2013_26´ -- 74 of job 2
2020-06-28 16:00:17,199 __iter__: Reading lattice file `/tmp/54324228/lattices/dspm052_dsp2013_04.lat.gz´.
2020-06-28 16:00:17,327 decode: Utterance `dspm052_dsp2013_04´ -- 75 of job 2
2020-06-28 16:00:21,474 __iter__: Reading lattice file `/tmp/54324228/lattices/dspm052_dsp2013_14.lat.gz´.
2020-06-28 16:00:21,599 decode: Utterance `dspm052_dsp2013_14´ -- 76 of job 2
2020-06-28 16:00:25,270 __iter__: Reading lattice file `/tmp/54324228/lattices/dspm054_dsp2013_05.lat.gz´.
2020-06-28 16:00:25,382 decode: Utterance `dspm054_dsp2013_05´ -- 77 of job 2
2020-06-28 16:00:28,340 __iter__: Reading lattice file `/tmp/54324228/lattices/dspm054_dsp2013_16.lat.gz´.
2020-06-28 16:00:28,593 decode: Utterance `dspm054_dsp2013_16´ -- 78 of job 2
2020-06-28 16:00:39,020 __iter__: Reading lattice file `/tmp/54324228/lattices/dspm055_dsp2013_03.lat.gz´.
2020-06-28 16:00:39,354 decode: Utterance `dspm055_dsp2013_03´ -- 79 of job 2
2020-06-28 16:00:50,854 __iter__: Reading lattice file `/tmp/54324228/lattices/dspm055_dsp2013_13.lat.gz´.
2020-06-28 16:00:50,901 decode: Utterance `dspm055_dsp2013_13´ -- 80 of job 2
2020-06-28 16:00:52,672 __iter__: Reading lattice file `/tmp/54324228/lattices/dspm056_dsp2013_03.lat.gz´.
2020-06-28 16:00:52,915 decode: Utterance `dspm056_dsp2013_03´ -- 81 of job 2
2020-06-28 16:01:00,030 __iter__: Reading lattice file `/tmp/54324228/lattices/dspm056_dsp2013_13.lat.gz´.
2020-06-28 16:01:00,138 decode: Utterance `dspm056_dsp2013_13´ -- 82 of job 2
2020-06-28 16:01:03,997 __iter__: Reading lattice file `/tmp/54324228/lattices/dspm057_dsp2013_03.lat.gz´.
2020-06-28 16:01:05,670 decode: Utterance `dspm057_dsp2013_03´ -- 83 of job 2
2020-06-28 16:01:58,930 __iter__: Reading lattice file `/tmp/54324228/lattices/dspm057_dsp2013_13.lat.gz´.
2020-06-28 16:02:01,758 decode: Utterance `dspm057_dsp2013_13´ -- 84 of job 2
2020-06-28 16:03:37,696 __iter__: Reading lattice file `/tmp/54324228/lattices/dspm058_dsp2013_03.lat.gz´.
2020-06-28 16:03:37,842 decode: Utterance `dspm058_dsp2013_03´ -- 85 of job 2
2020-06-28 16:03:42,566 __iter__: Reading lattice file `/tmp/54324228/lattices/dspm058_dsp2013_15.lat.gz´.
2020-06-28 16:03:42,852 decode: Utterance `dspm058_dsp2013_15´ -- 86 of job 2
2020-06-28 16:03:51,887 __iter__: Reading lattice file `/tmp/54324228/lattices/dspm058_dsp2013_25.lat.gz´.
2020-06-28 16:03:52,141 decode: Utterance `dspm058_dsp2013_25´ -- 87 of job 2
2020-06-28 16:03:59,772 __iter__: Reading lattice file `/tmp/54324228/lattices/radiojake_kbk20120915_104.lat.gz´.
2020-06-28 16:04:00,139 decode: Utterance `radiojake_kbk20120915_104´ -- 88 of job 2
2020-06-28 16:04:16,307 __iter__: Reading lattice file `/tmp/54324228/lattices/radiojake_kbk20120915_21.lat.gz´.
2020-06-28 16:04:16,334 decode: Utterance `radiojake_kbk20120915_21´ -- 89 of job 2
2020-06-28 16:04:17,045 __iter__: Reading lattice file `/tmp/54324228/lattices/radiojake_kbk20120915_47.lat.gz´.
2020-06-28 16:04:17,367 decode: Utterance `radiojake_kbk20120915_47´ -- 90 of job 2
2020-06-28 16:04:29,047 __iter__: Reading lattice file `/tmp/54324228/lattices/radiojake_kbk20120915_78.lat.gz´.
2020-06-28 16:04:29,529 decode: Utterance `radiojake_kbk20120915_78´ -- 91 of job 2
2020-06-28 16:04:59,967 __iter__: Reading lattice file `/tmp/54324228/lattices/radiokassu_kbk20120915_103.lat.gz´.
2020-06-28 16:05:00,218 decode: Utterance `radiokassu_kbk20120915_103´ -- 92 of job 2
2020-06-28 16:05:09,728 __iter__: Reading lattice file `/tmp/54324228/lattices/radiokassu_kbk20120915_53.lat.gz´.
2020-06-28 16:05:09,740 decode: Utterance `radiokassu_kbk20120915_53´ -- 93 of job 2
2020-06-28 16:05:10,035 __iter__: Reading lattice file `/tmp/54324228/lattices/radionoona_fym20071218_13.lat.gz´.
2020-06-28 16:05:10,069 decode: Utterance `radionoona_fym20071218_13´ -- 94 of job 2
2020-06-28 16:05:10,958 __iter__: Reading lattice file `/tmp/54324228/lattices/radionoona_fym20071218_32.lat.gz´.
2020-06-28 16:05:10,973 decode: Utterance `radionoona_fym20071218_32´ -- 95 of job 2
2020-06-28 16:05:11,390 __iter__: Reading lattice file `/tmp/54324228/lattices/radioshaka_kbk20120915_10.lat.gz´.
2020-06-28 16:05:11,453 decode: Utterance `radioshaka_kbk20120915_10´ -- 96 of job 2
2020-06-28 16:05:12,574 __iter__: Reading lattice file `/tmp/54324228/lattices/radioshaka_kbk20120915_29.lat.gz´.
2020-06-28 16:05:13,143 decode: Utterance `radioshaka_kbk20120915_29´ -- 97 of job 2
2020-06-28 16:05:31,668 __iter__: Reading lattice file `/tmp/54324228/lattices/radioshaka_kbk20120915_60.lat.gz´.
2020-06-28 16:05:32,416 decode: Utterance `radioshaka_kbk20120915_60´ -- 98 of job 2
2020-06-28 16:05:51,935 __iter__: Reading lattice file `/tmp/54324228/lattices/radioshaka_kbk20120915_88.lat.gz´.
2020-06-28 16:05:52,616 decode: Utterance `radioshaka_kbk20120915_88´ -- 99 of job 2
/scratch/work/groszt1/envs/theanoLM/lib/python3.7/site-packages/theano/gpuarray/dnn.py:184: UserWarning: Your cuDNN version is more recent than Theano. If you encounter problems, try updating Theano or downgrading cuDNN to a version >= v5 and <= v7.
  warnings.warn("Your cuDNN version is more recent than "
Using cuDNN version 7600 on context None
Mapped name None to device cuda0: Tesla V100-PCIE-32GB (0000:3B:00.0)
/scratch/work/groszt1/envs/theanoLM/lib/python3.7/site-packages/h5py-2.9.0-py3.7-linux-x86_64.egg/h5py/_hl/dataset.py:313: H5pyDeprecationWarning: dataset.value has been deprecated. Use dataset[()] instead.
  "Use dataset[()] instead.", H5pyDeprecationWarning)
/scratch/work/groszt1/envs/theanoLM/lib/python3.7/site-packages/h5py-2.9.0-py3.7-linux-x86_64.egg/h5py/_hl/dataset.py:313: H5pyDeprecationWarning: dataset.value has been deprecated. Use dataset[()] instead.
  "Use dataset[()] instead.", H5pyDeprecationWarning)
decode_theanolm finished.
