EXPT_NAME theanolm-100k
EXPT_PARAMS expt10
EXPT_WORK_DIR /scratch/work/moisioa3/conv_lm/experiments/theanolm-100k/expt10
Experiment: theanolm-100k/expt10
Job ID: 54324258
Task ID: 62
Host: gpu23.int.triton.aalto.fi
Start date: Sun Jun 28 16:00:13 EEST 2020
Work directory: /scratch/work/moisioa3/conv_lm/experiments/theanolm-100k/expt10
Temporary directory: /tmp/54324258

Currently Loaded Modules:
  1) speech-scripts/2016.05.24-b928230   6) binutils/2.25-GCCcore-5.4.0
  2) srilm/default                       7) GCC/5.4.0-2.25
  3) cuda/10.0.130                       8) libgpuarray/2017.03.29-45c731f
  4) cudnn/7.4.2-cuda                    9) anaconda3/latest
  5) GCCcore/5.4.0

 

/tmp/54324258/lattices
floatX=float32,device=cuda0,base_compiledir=/tmp/theano,exception_verbosity=high,openmp=False
/scratch/work/groszt1/envs/theanoLM/lib/python3.7/site-packages/theano/gpuarray/dnn.py:184: UserWarning: Your cuDNN version is more recent than Theano. If you encounter problems, try updating Theano or downgrading cuDNN to a version >= v5 and <= v7.
  warnings.warn("Your cuDNN version is more recent than "
Using cuDNN version 7600 on context None
Mapped name None to device cuda0: Tesla P100-PCIE-16GB (0000:04:00.0)
TheanoLM 1.3.2
Theano 1.0.4
pygpu 0.7.6
==
+ srun --gres=gpu:1 theanolm decode /scratch/work/moisioa3/conv_lm/experiments/theanolm-100k/expt10/nnlm.h5 --lattice-list /tmp/54324258/lattices/lattice-list --output-file /scratch/work/moisioa3/conv_lm/experiments/theanolm-100k/expt10/decode/devel/lambda=1.0-lms=13/2.trn --output trn --nnlm-weight 1.0 --lm-scale 13 --max-tokens-per-node 62 --beam 650 --recombination-order 22 --num-jobs 10 --job 2 --shortlist --unk-penalty=-20
2020-06-28 16:00:23,699 get_default_device: Context None device="Tesla P100-PCIE-16GB" ID="0000:04:00.0"
2020-06-28 16:00:23,700 from_file: Reading vocabulary from network state.
2020-06-28 16:00:27,070 from_file: Number of words in vocabulary: 2427252
2020-06-28 16:00:27,070 from_file: Number of words in shortlist: 100003
2020-06-28 16:00:27,070 from_file: Number of word classes: 100003
2020-06-28 16:00:27,070 from_file: Building neural network.
2020-06-28 16:01:18,940 from_file: Restoring neural network state.
2020-06-28 16:01:19,639 decode: Building word lattice decoder.
2020-06-28 16:01:24,868 __iter__: Reading lattice file `/tmp/54324258/lattices/dspf004_dsp2013_03.lat.gz´.
2020-06-28 16:01:25,117 decode: Utterance `dspf004_dsp2013_03´ -- 1 of job 2
2020-06-28 16:01:29,337 __iter__: Reading lattice file `/tmp/54324258/lattices/dspf004_dsp2013_14.lat.gz´.
2020-06-28 16:01:29,755 decode: Utterance `dspf004_dsp2013_14´ -- 2 of job 2
2020-06-28 16:01:42,432 __iter__: Reading lattice file `/tmp/54324258/lattices/dspf007_dsp2013_03.lat.gz´.
2020-06-28 16:01:44,210 decode: Utterance `dspf007_dsp2013_03´ -- 3 of job 2
2020-06-28 16:02:52,414 __iter__: Reading lattice file `/tmp/54324258/lattices/dspf007_dsp2013_13.lat.gz´.
2020-06-28 16:02:52,546 decode: Utterance `dspf007_dsp2013_13´ -- 4 of job 2
2020-06-28 16:02:56,395 __iter__: Reading lattice file `/tmp/54324258/lattices/dspm001_dsp2013_03.lat.gz´.
2020-06-28 16:02:56,578 decode: Utterance `dspm001_dsp2013_03´ -- 5 of job 2
2020-06-28 16:03:02,162 __iter__: Reading lattice file `/tmp/54324258/lattices/dspm001_dsp2013_13.lat.gz´.
2020-06-28 16:03:02,401 decode: Utterance `dspm001_dsp2013_13´ -- 6 of job 2
2020-06-28 16:03:17,123 __iter__: Reading lattice file `/tmp/54324258/lattices/dspm004_dsp2013_03.lat.gz´.
2020-06-28 16:03:17,360 decode: Utterance `dspm004_dsp2013_03´ -- 7 of job 2
2020-06-28 16:03:24,987 __iter__: Reading lattice file `/tmp/54324258/lattices/dspm004_dsp2013_13.lat.gz´.
2020-06-28 16:03:30,498 decode: Utterance `dspm004_dsp2013_13´ -- 8 of job 2
2020-06-28 16:07:33,563 __iter__: Reading lattice file `/tmp/54324258/lattices/dspm005_dsp2013_03.lat.gz´.
2020-06-28 16:07:33,707 decode: Utterance `dspm005_dsp2013_03´ -- 9 of job 2
2020-06-28 16:07:38,146 __iter__: Reading lattice file `/tmp/54324258/lattices/dspm005_dsp2013_13.lat.gz´.
2020-06-28 16:07:38,492 decode: Utterance `dspm005_dsp2013_13´ -- 10 of job 2
2020-06-28 16:07:48,919 __iter__: Reading lattice file `/tmp/54324258/lattices/dspm005_dsp2013_23.lat.gz´.
2020-06-28 16:07:49,530 decode: Utterance `dspm005_dsp2013_23´ -- 11 of job 2
2020-06-28 16:08:06,790 __iter__: Reading lattice file `/tmp/54324258/lattices/dspm006_dsp2013_14.lat.gz´.
2020-06-28 16:08:06,819 decode: Utterance `dspm006_dsp2013_14´ -- 12 of job 2
2020-06-28 16:08:07,764 __iter__: Reading lattice file `/tmp/54324258/lattices/dspm006_dsp2013_26.lat.gz´.
2020-06-28 16:08:07,766 decode: Utterance `dspm006_dsp2013_26´ -- 13 of job 2
2020-06-28 16:08:07,867 __iter__: Reading lattice file `/tmp/54324258/lattices/dspm007_dsp2013_14.lat.gz´.
2020-06-28 16:08:08,000 decode: Utterance `dspm007_dsp2013_14´ -- 14 of job 2
2020-06-28 16:08:12,038 __iter__: Reading lattice file `/tmp/54324258/lattices/dspm007_dsp2013_24.lat.gz´.
2020-06-28 16:08:12,540 decode: Utterance `dspm007_dsp2013_24´ -- 15 of job 2
2020-06-28 16:08:29,072 __iter__: Reading lattice file `/tmp/54324258/lattices/dspm010_dsp2013_05.lat.gz´.
2020-06-28 16:08:30,196 decode: Utterance `dspm010_dsp2013_05´ -- 16 of job 2
2020-06-28 16:08:55,516 __iter__: Reading lattice file `/tmp/54324258/lattices/dspm010_dsp2013_16.lat.gz´.
2020-06-28 16:08:56,377 decode: Utterance `dspm010_dsp2013_16´ -- 17 of job 2
2020-06-28 16:09:28,547 __iter__: Reading lattice file `/tmp/54324258/lattices/dspm011_dsp2013_05.lat.gz´.
2020-06-28 16:09:28,620 decode: Utterance `dspm011_dsp2013_05´ -- 18 of job 2
2020-06-28 16:09:30,761 __iter__: Reading lattice file `/tmp/54324258/lattices/dspm011_dsp2013_15.lat.gz´.
2020-06-28 16:09:30,771 decode: Utterance `dspm011_dsp2013_15´ -- 19 of job 2
2020-06-28 16:09:31,043 __iter__: Reading lattice file `/tmp/54324258/lattices/dspm011_dsp2013_25.lat.gz´.
2020-06-28 16:09:31,175 decode: Utterance `dspm011_dsp2013_25´ -- 20 of job 2
2020-06-28 16:09:35,492 __iter__: Reading lattice file `/tmp/54324258/lattices/dspm014_dsp2013_22.lat.gz´.
2020-06-28 16:09:35,788 decode: Utterance `dspm014_dsp2013_22´ -- 21 of job 2
2020-06-28 16:09:45,128 __iter__: Reading lattice file `/tmp/54324258/lattices/dspm014_dsp2013_32.lat.gz´.
2020-06-28 16:09:45,143 decode: Utterance `dspm014_dsp2013_32´ -- 22 of job 2
2020-06-28 16:09:45,654 __iter__: Reading lattice file `/tmp/54324258/lattices/dspm015_dsp2013_09.lat.gz´.
2020-06-28 16:09:45,750 decode: Utterance `dspm015_dsp2013_09´ -- 23 of job 2
2020-06-28 16:09:48,618 __iter__: Reading lattice file `/tmp/54324258/lattices/dspm015_dsp2013_19.lat.gz´.
2020-06-28 16:09:48,713 decode: Utterance `dspm015_dsp2013_19´ -- 24 of job 2
2020-06-28 16:09:51,444 __iter__: Reading lattice file `/tmp/54324258/lattices/dspm017_dsp2013_30.lat.gz´.
2020-06-28 16:09:51,694 decode: Utterance `dspm017_dsp2013_30´ -- 25 of job 2
2020-06-28 16:09:59,044 __iter__: Reading lattice file `/tmp/54324258/lattices/dspm017_dsp2013_63.lat.gz´.
2020-06-28 16:10:01,648 decode: Utterance `dspm017_dsp2013_63´ -- 26 of job 2
2020-06-28 16:11:36,381 __iter__: Reading lattice file `/tmp/54324258/lattices/dspm018_dsp2013_04.lat.gz´.
2020-06-28 16:11:36,711 decode: Utterance `dspm018_dsp2013_04´ -- 27 of job 2
2020-06-28 16:11:46,618 __iter__: Reading lattice file `/tmp/54324258/lattices/dspm018_dsp2013_15.lat.gz´.
2020-06-28 16:11:46,709 decode: Utterance `dspm018_dsp2013_15´ -- 28 of job 2
2020-06-28 16:11:49,569 __iter__: Reading lattice file `/tmp/54324258/lattices/dspm019_dsp2013_03.lat.gz´.
2020-06-28 16:11:49,682 decode: Utterance `dspm019_dsp2013_03´ -- 29 of job 2
2020-06-28 16:11:52,867 __iter__: Reading lattice file `/tmp/54324258/lattices/dspm019_dsp2013_13.lat.gz´.
2020-06-28 16:11:52,889 decode: Utterance `dspm019_dsp2013_13´ -- 30 of job 2
2020-06-28 16:11:53,595 __iter__: Reading lattice file `/tmp/54324258/lattices/dspm021_dsp2013_03.lat.gz´.
2020-06-28 16:11:53,712 decode: Utterance `dspm021_dsp2013_03´ -- 31 of job 2
2020-06-28 16:11:58,177 __iter__: Reading lattice file `/tmp/54324258/lattices/dspm021_dsp2013_14.lat.gz´.
2020-06-28 16:11:58,329 decode: Utterance `dspm021_dsp2013_14´ -- 32 of job 2
2020-06-28 16:12:02,697 __iter__: Reading lattice file `/tmp/54324258/lattices/dspm021_dsp2013_25.lat.gz´.
2020-06-28 16:12:03,358 decode: Utterance `dspm021_dsp2013_25´ -- 33 of job 2
2020-06-28 16:12:27,484 __iter__: Reading lattice file `/tmp/54324258/lattices/dspm022_dsp2013_10.lat.gz´.
2020-06-28 16:12:27,589 decode: Utterance `dspm022_dsp2013_10´ -- 34 of job 2
2020-06-28 16:12:31,176 __iter__: Reading lattice file `/tmp/54324258/lattices/dspm022_dsp2013_20.lat.gz´.
2020-06-28 16:12:31,302 decode: Utterance `dspm022_dsp2013_20´ -- 35 of job 2
2020-06-28 16:12:34,559 __iter__: Reading lattice file `/tmp/54324258/lattices/dspm022_dsp2013_30.lat.gz´.
2020-06-28 16:12:34,711 decode: Utterance `dspm022_dsp2013_30´ -- 36 of job 2
2020-06-28 16:12:40,682 __iter__: Reading lattice file `/tmp/54324258/lattices/dspm024_dsp2013_06.lat.gz´.
2020-06-28 16:12:41,252 decode: Utterance `dspm024_dsp2013_06´ -- 37 of job 2
2020-06-28 16:13:05,496 __iter__: Reading lattice file `/tmp/54324258/lattices/dspm024_dsp2013_17.lat.gz´.
2020-06-28 16:13:05,575 decode: Utterance `dspm024_dsp2013_17´ -- 38 of job 2
2020-06-28 16:13:08,114 __iter__: Reading lattice file `/tmp/54324258/lattices/dspm025_dsp2013_12.lat.gz´.
2020-06-28 16:13:08,158 decode: Utterance `dspm025_dsp2013_12´ -- 39 of job 2
2020-06-28 16:13:09,435 __iter__: Reading lattice file `/tmp/54324258/lattices/dspm025_dsp2013_24.lat.gz´.
2020-06-28 16:13:10,318 decode: Utterance `dspm025_dsp2013_24´ -- 40 of job 2
2020-06-28 16:13:36,531 __iter__: Reading lattice file `/tmp/54324258/lattices/dspm026_dsp2013_05.lat.gz´.
2020-06-28 16:13:36,625 decode: Utterance `dspm026_dsp2013_05´ -- 41 of job 2
2020-06-28 16:13:39,806 __iter__: Reading lattice file `/tmp/54324258/lattices/dspm026_dsp2013_15.lat.gz´.
2020-06-28 16:13:40,060 decode: Utterance `dspm026_dsp2013_15´ -- 42 of job 2
2020-06-28 16:13:48,518 __iter__: Reading lattice file `/tmp/54324258/lattices/dspm028_dsp2013_05.lat.gz´.
2020-06-28 16:13:48,699 decode: Utterance `dspm028_dsp2013_05´ -- 43 of job 2
2020-06-28 16:13:53,222 __iter__: Reading lattice file `/tmp/54324258/lattices/dspm028_dsp2013_15.lat.gz´.
2020-06-28 16:13:53,563 decode: Utterance `dspm028_dsp2013_15´ -- 44 of job 2
2020-06-28 16:14:03,889 __iter__: Reading lattice file `/tmp/54324258/lattices/dspm031_dsp2013_05.lat.gz´.
2020-06-28 16:14:03,913 decode: Utterance `dspm031_dsp2013_05´ -- 45 of job 2
2020-06-28 16:14:04,683 __iter__: Reading lattice file `/tmp/54324258/lattices/dspm031_dsp2013_15.lat.gz´.
2020-06-28 16:14:04,785 decode: Utterance `dspm031_dsp2013_15´ -- 46 of job 2
2020-06-28 16:14:08,969 __iter__: Reading lattice file `/tmp/54324258/lattices/dspm031_dsp2013_25.lat.gz´.
2020-06-28 16:14:09,065 decode: Utterance `dspm031_dsp2013_25´ -- 47 of job 2
2020-06-28 16:14:12,895 __iter__: Reading lattice file `/tmp/54324258/lattices/dspm032_dsp2013_10.lat.gz´.
2020-06-28 16:14:13,499 decode: Utterance `dspm032_dsp2013_10´ -- 48 of job 2
2020-06-28 16:14:38,564 __iter__: Reading lattice file `/tmp/54324258/lattices/dspm032_dsp2013_20.lat.gz´.
2020-06-28 16:14:38,583 decode: Utterance `dspm032_dsp2013_20´ -- 49 of job 2
2020-06-28 16:14:39,127 __iter__: Reading lattice file `/tmp/54324258/lattices/dspm033_dsp2013_17.lat.gz´.
2020-06-28 16:14:39,392 decode: Utterance `dspm033_dsp2013_17´ -- 50 of job 2
2020-06-28 16:14:50,042 __iter__: Reading lattice file `/tmp/54324258/lattices/dspm033_dsp2013_44.lat.gz´.
2020-06-28 16:14:50,372 decode: Utterance `dspm033_dsp2013_44´ -- 51 of job 2
2020-06-28 16:15:01,777 __iter__: Reading lattice file `/tmp/54324258/lattices/dspm034_dsp2013_06.lat.gz´.
2020-06-28 16:15:02,406 decode: Utterance `dspm034_dsp2013_06´ -- 52 of job 2
2020-06-28 16:15:21,723 __iter__: Reading lattice file `/tmp/54324258/lattices/dspm034_dsp2013_16.lat.gz´.
2020-06-28 16:15:21,758 decode: Utterance `dspm034_dsp2013_16´ -- 53 of job 2
2020-06-28 16:15:22,653 __iter__: Reading lattice file `/tmp/54324258/lattices/dspm036_dsp2013_30.lat.gz´.
2020-06-28 16:15:24,501 decode: Utterance `dspm036_dsp2013_30´ -- 54 of job 2
2020-06-28 16:16:22,654 __iter__: Reading lattice file `/tmp/54324258/lattices/dspm036_dsp2013_41.lat.gz´.
2020-06-28 16:16:23,087 decode: Utterance `dspm036_dsp2013_41´ -- 55 of job 2
2020-06-28 16:16:38,137 __iter__: Reading lattice file `/tmp/54324258/lattices/dspm039_dsp2013_08.lat.gz´.
2020-06-28 16:16:38,327 decode: Utterance `dspm039_dsp2013_08´ -- 56 of job 2
2020-06-28 16:16:44,572 __iter__: Reading lattice file `/tmp/54324258/lattices/dspm039_dsp2013_19.lat.gz´.
2020-06-28 16:16:44,813 decode: Utterance `dspm039_dsp2013_19´ -- 57 of job 2
2020-06-28 16:16:53,300 __iter__: Reading lattice file `/tmp/54324258/lattices/dspm040_dsp2013_02.lat.gz´.
2020-06-28 16:16:53,537 decode: Utterance `dspm040_dsp2013_02´ -- 58 of job 2
2020-06-28 16:17:00,198 __iter__: Reading lattice file `/tmp/54324258/lattices/dspm040_dsp2013_12.lat.gz´.
2020-06-28 16:17:00,649 decode: Utterance `dspm040_dsp2013_12´ -- 59 of job 2
2020-06-28 16:17:14,416 __iter__: Reading lattice file `/tmp/54324258/lattices/dspm042_dsp2013_02.lat.gz´.
2020-06-28 16:17:14,421 decode: Utterance `dspm042_dsp2013_02´ -- 60 of job 2
2020-06-28 16:17:14,591 __iter__: Reading lattice file `/tmp/54324258/lattices/dspm042_dsp2013_14.lat.gz´.
2020-06-28 16:17:14,856 decode: Utterance `dspm042_dsp2013_14´ -- 61 of job 2
2020-06-28 16:17:22,537 __iter__: Reading lattice file `/tmp/54324258/lattices/dspm043_dsp2013_02.lat.gz´.
2020-06-28 16:17:22,549 decode: Utterance `dspm043_dsp2013_02´ -- 62 of job 2
2020-06-28 16:17:22,883 __iter__: Reading lattice file `/tmp/54324258/lattices/dspm043_dsp2013_17.lat.gz´.
2020-06-28 16:17:22,975 decode: Utterance `dspm043_dsp2013_17´ -- 63 of job 2
2020-06-28 16:17:25,424 __iter__: Reading lattice file `/tmp/54324258/lattices/dspm043_dsp2013_33.lat.gz´.
2020-06-28 16:17:25,504 decode: Utterance `dspm043_dsp2013_33´ -- 64 of job 2
2020-06-28 16:17:28,363 __iter__: Reading lattice file `/tmp/54324258/lattices/dspm045_dsp2013_07.lat.gz´.
2020-06-28 16:17:28,379 decode: Utterance `dspm045_dsp2013_07´ -- 65 of job 2
2020-06-28 16:17:28,867 __iter__: Reading lattice file `/tmp/54324258/lattices/dspm045_dsp2013_17.lat.gz´.
2020-06-28 16:17:29,398 decode: Utterance `dspm045_dsp2013_17´ -- 66 of job 2
2020-06-28 16:17:43,306 __iter__: Reading lattice file `/tmp/54324258/lattices/dspm047_dsp2013_07.lat.gz´.
2020-06-28 16:17:43,482 decode: Utterance `dspm047_dsp2013_07´ -- 67 of job 2
2020-06-28 16:17:49,027 __iter__: Reading lattice file `/tmp/54324258/lattices/dspm047_dsp2013_17.lat.gz´.
2020-06-28 16:17:49,240 decode: Utterance `dspm047_dsp2013_17´ -- 68 of job 2
2020-06-28 16:17:57,234 __iter__: Reading lattice file `/tmp/54324258/lattices/dspm048_dsp2013_07.lat.gz´.
2020-06-28 16:17:57,295 decode: Utterance `dspm048_dsp2013_07´ -- 69 of job 2
2020-06-28 16:17:59,352 __iter__: Reading lattice file `/tmp/54324258/lattices/dspm048_dsp2013_17.lat.gz´.
2020-06-28 16:17:59,825 decode: Utterance `dspm048_dsp2013_17´ -- 70 of job 2
2020-06-28 16:18:15,167 __iter__: Reading lattice file `/tmp/54324258/lattices/dspm049_dsp2013_06.lat.gz´.
2020-06-28 16:18:15,522 decode: Utterance `dspm049_dsp2013_06´ -- 71 of job 2
2020-06-28 16:18:28,020 __iter__: Reading lattice file `/tmp/54324258/lattices/dspm049_dsp2013_16.lat.gz´.
2020-06-28 16:18:29,340 decode: Utterance `dspm049_dsp2013_16´ -- 72 of job 2
2020-06-28 16:19:11,302 __iter__: Reading lattice file `/tmp/54324258/lattices/dspm050_dsp2013_13.lat.gz´.
2020-06-28 16:19:11,438 decode: Utterance `dspm050_dsp2013_13´ -- 73 of job 2
2020-06-28 16:19:15,929 __iter__: Reading lattice file `/tmp/54324258/lattices/dspm050_dsp2013_26.lat.gz´.
2020-06-28 16:19:15,936 decode: Utterance `dspm050_dsp2013_26´ -- 74 of job 2
2020-06-28 16:19:16,154 __iter__: Reading lattice file `/tmp/54324258/lattices/dspm052_dsp2013_04.lat.gz´.
2020-06-28 16:19:16,331 decode: Utterance `dspm052_dsp2013_04´ -- 75 of job 2
2020-06-28 16:19:21,907 __iter__: Reading lattice file `/tmp/54324258/lattices/dspm052_dsp2013_14.lat.gz´.
2020-06-28 16:19:22,080 decode: Utterance `dspm052_dsp2013_14´ -- 76 of job 2
2020-06-28 16:19:26,973 __iter__: Reading lattice file `/tmp/54324258/lattices/dspm054_dsp2013_05.lat.gz´.
2020-06-28 16:19:27,126 decode: Utterance `dspm054_dsp2013_05´ -- 77 of job 2
2020-06-28 16:19:31,132 __iter__: Reading lattice file `/tmp/54324258/lattices/dspm054_dsp2013_16.lat.gz´.
2020-06-28 16:19:31,480 decode: Utterance `dspm054_dsp2013_16´ -- 78 of job 2
2020-06-28 16:19:45,826 __iter__: Reading lattice file `/tmp/54324258/lattices/dspm055_dsp2013_03.lat.gz´.
2020-06-28 16:19:46,279 decode: Utterance `dspm055_dsp2013_03´ -- 79 of job 2
2020-06-28 16:20:01,904 __iter__: Reading lattice file `/tmp/54324258/lattices/dspm055_dsp2013_13.lat.gz´.
2020-06-28 16:20:01,968 decode: Utterance `dspm055_dsp2013_13´ -- 80 of job 2
2020-06-28 16:20:04,370 __iter__: Reading lattice file `/tmp/54324258/lattices/dspm056_dsp2013_03.lat.gz´.
2020-06-28 16:20:04,706 decode: Utterance `dspm056_dsp2013_03´ -- 81 of job 2
2020-06-28 16:20:14,177 __iter__: Reading lattice file `/tmp/54324258/lattices/dspm056_dsp2013_13.lat.gz´.
2020-06-28 16:20:14,325 decode: Utterance `dspm056_dsp2013_13´ -- 82 of job 2
2020-06-28 16:20:19,760 __iter__: Reading lattice file `/tmp/54324258/lattices/dspm057_dsp2013_03.lat.gz´.
2020-06-28 16:20:22,035 decode: Utterance `dspm057_dsp2013_03´ -- 83 of job 2
2020-06-28 16:21:33,150 __iter__: Reading lattice file `/tmp/54324258/lattices/dspm057_dsp2013_13.lat.gz´.
2020-06-28 16:21:37,029 decode: Utterance `dspm057_dsp2013_13´ -- 84 of job 2
2020-06-28 16:23:48,555 __iter__: Reading lattice file `/tmp/54324258/lattices/dspm058_dsp2013_03.lat.gz´.
2020-06-28 16:23:48,761 decode: Utterance `dspm058_dsp2013_03´ -- 85 of job 2
2020-06-28 16:23:55,138 __iter__: Reading lattice file `/tmp/54324258/lattices/dspm058_dsp2013_15.lat.gz´.
2020-06-28 16:23:55,527 decode: Utterance `dspm058_dsp2013_15´ -- 86 of job 2
2020-06-28 16:24:06,403 __iter__: Reading lattice file `/tmp/54324258/lattices/dspm058_dsp2013_25.lat.gz´.
2020-06-28 16:24:06,748 decode: Utterance `dspm058_dsp2013_25´ -- 87 of job 2
2020-06-28 16:24:17,107 __iter__: Reading lattice file `/tmp/54324258/lattices/radiojake_kbk20120915_104.lat.gz´.
2020-06-28 16:24:17,615 decode: Utterance `radiojake_kbk20120915_104´ -- 88 of job 2
2020-06-28 16:24:39,440 __iter__: Reading lattice file `/tmp/54324258/lattices/radiojake_kbk20120915_21.lat.gz´.
2020-06-28 16:24:39,476 decode: Utterance `radiojake_kbk20120915_21´ -- 89 of job 2
2020-06-28 16:24:40,390 __iter__: Reading lattice file `/tmp/54324258/lattices/radiojake_kbk20120915_47.lat.gz´.
2020-06-28 16:24:40,844 decode: Utterance `radiojake_kbk20120915_47´ -- 90 of job 2
2020-06-28 16:24:56,874 __iter__: Reading lattice file `/tmp/54324258/lattices/radiojake_kbk20120915_78.lat.gz´.
2020-06-28 16:24:57,541 decode: Utterance `radiojake_kbk20120915_78´ -- 91 of job 2
2020-06-28 16:25:39,647 __iter__: Reading lattice file `/tmp/54324258/lattices/radiokassu_kbk20120915_103.lat.gz´.
2020-06-28 16:25:39,993 decode: Utterance `radiokassu_kbk20120915_103´ -- 92 of job 2
2020-06-28 16:25:52,774 __iter__: Reading lattice file `/tmp/54324258/lattices/radiokassu_kbk20120915_53.lat.gz´.
2020-06-28 16:25:52,791 decode: Utterance `radiokassu_kbk20120915_53´ -- 93 of job 2
2020-06-28 16:25:53,172 __iter__: Reading lattice file `/tmp/54324258/lattices/radionoona_fym20071218_13.lat.gz´.
2020-06-28 16:25:53,219 decode: Utterance `radionoona_fym20071218_13´ -- 94 of job 2
2020-06-28 16:25:54,468 __iter__: Reading lattice file `/tmp/54324258/lattices/radionoona_fym20071218_32.lat.gz´.
2020-06-28 16:25:54,487 decode: Utterance `radionoona_fym20071218_32´ -- 95 of job 2
2020-06-28 16:25:55,029 __iter__: Reading lattice file `/tmp/54324258/lattices/radioshaka_kbk20120915_10.lat.gz´.
2020-06-28 16:25:55,117 decode: Utterance `radioshaka_kbk20120915_10´ -- 96 of job 2
2020-06-28 16:25:56,582 __iter__: Reading lattice file `/tmp/54324258/lattices/radioshaka_kbk20120915_29.lat.gz´.
2020-06-28 16:25:57,372 decode: Utterance `radioshaka_kbk20120915_29´ -- 97 of job 2
2020-06-28 16:26:22,019 __iter__: Reading lattice file `/tmp/54324258/lattices/radioshaka_kbk20120915_60.lat.gz´.
2020-06-28 16:26:23,050 decode: Utterance `radioshaka_kbk20120915_60´ -- 98 of job 2
2020-06-28 16:26:49,682 __iter__: Reading lattice file `/tmp/54324258/lattices/radioshaka_kbk20120915_88.lat.gz´.
2020-06-28 16:26:50,604 decode: Utterance `radioshaka_kbk20120915_88´ -- 99 of job 2
/scratch/work/groszt1/envs/theanoLM/lib/python3.7/site-packages/theano/gpuarray/dnn.py:184: UserWarning: Your cuDNN version is more recent than Theano. If you encounter problems, try updating Theano or downgrading cuDNN to a version >= v5 and <= v7.
  warnings.warn("Your cuDNN version is more recent than "
Using cuDNN version 7600 on context None
Mapped name None to device cuda0: Tesla P100-PCIE-16GB (0000:04:00.0)
/scratch/work/groszt1/envs/theanoLM/lib/python3.7/site-packages/h5py-2.9.0-py3.7-linux-x86_64.egg/h5py/_hl/dataset.py:313: H5pyDeprecationWarning: dataset.value has been deprecated. Use dataset[()] instead.
  "Use dataset[()] instead.", H5pyDeprecationWarning)
/scratch/work/groszt1/envs/theanoLM/lib/python3.7/site-packages/h5py-2.9.0-py3.7-linux-x86_64.egg/h5py/_hl/dataset.py:313: H5pyDeprecationWarning: dataset.value has been deprecated. Use dataset[()] instead.
  "Use dataset[()] instead.", H5pyDeprecationWarning)
decode_theanolm finished.
