EXPT_NAME theanolm-100k
EXPT_PARAMS expt10
EXPT_WORK_DIR /scratch/work/moisioa3/conv_lm/experiments/theanolm-100k/expt10
Experiment: theanolm-100k/expt10
Job ID: 55030171
Task ID: 74
Host: gpu1.int.triton.aalto.fi
Start date: Fri Aug  7 14:01:01 EEST 2020
Work directory: /scratch/work/moisioa3/conv_lm/experiments/theanolm-100k/expt10
Temporary directory: /tmp/55030171

Currently Loaded Modules:
  1) speech-scripts/2016.05.24-b928230   6) binutils/2.25-GCCcore-5.4.0
  2) srilm/default                       7) GCC/5.4.0-2.25
  3) cuda/10.0.130                       8) libgpuarray/2017.03.29-45c731f
  4) cudnn/7.4.2-cuda                    9) anaconda3/latest
  5) GCCcore/5.4.0

 

/tmp/55030171/lattices
floatX=float32,device=cuda0,base_compiledir=/tmp/theano,exception_verbosity=high,openmp=False
/scratch/work/groszt1/envs/theanoLM/lib/python3.7/site-packages/theano/gpuarray/dnn.py:184: UserWarning: Your cuDNN version is more recent than Theano. If you encounter problems, try updating Theano or downgrading cuDNN to a version >= v5 and <= v7.
  warnings.warn("Your cuDNN version is more recent than "
Using cuDNN version 7600 on context None
Mapped name None to device cuda0: Tesla V100-PCIE-32GB (0000:86:00.0)
TheanoLM 1.3.2
Theano 1.0.4
pygpu 0.7.6
==
+ srun --gres=gpu:1 theanolm decode /scratch/work/moisioa3/conv_lm/experiments/theanolm-100k/expt10/nnlm.h5 --lattice-list /tmp/55030171/lattices/lattice-list --output-file /scratch/work/moisioa3/conv_lm/experiments/theanolm-100k/expt10/decode/devel/lambda=1-lms=8/74.trn --output trn --nnlm-weight 1 --lm-scale 8 --max-tokens-per-node 62 --beam 650 --recombination-order 22 --num-jobs 128 --job 74 --shortlist --unk-penalty=-20
2020-08-07 14:01:10,336 get_default_device: Context None device="Tesla V100-PCIE-32GB" ID="0000:86:00.0"
2020-08-07 14:01:10,337 from_file: Reading vocabulary from network state.
2020-08-07 14:01:12,878 from_file: Number of words in vocabulary: 2427252
2020-08-07 14:01:12,878 from_file: Number of words in shortlist: 100003
2020-08-07 14:01:12,879 from_file: Number of word classes: 100003
2020-08-07 14:01:12,879 from_file: Building neural network.
2020-08-07 14:01:47,723 from_file: Restoring neural network state.
2020-08-07 14:01:48,487 decode: Building word lattice decoder.
2020-08-07 14:01:52,630 __iter__: Reading lattice file `/tmp/55030171/lattices/dspm004_dsp2013_15.lat.gz´.
2020-08-07 14:01:52,876 decode: Utterance `dspm004_dsp2013_15´ -- 1 of job 74
2020-08-07 14:01:58,861 __iter__: Reading lattice file `/tmp/55030171/lattices/dspm014_dsp2013_22.lat.gz´.
2020-08-07 14:01:59,076 decode: Utterance `dspm014_dsp2013_22´ -- 2 of job 74
2020-08-07 14:02:05,883 __iter__: Reading lattice file `/tmp/55030171/lattices/dspm022_dsp2013_08.lat.gz´.
2020-08-07 14:02:05,913 decode: Utterance `dspm022_dsp2013_08´ -- 3 of job 74
2020-08-07 14:02:06,525 __iter__: Reading lattice file `/tmp/55030171/lattices/dspm031_dsp2013_21.lat.gz´.
2020-08-07 14:02:06,529 decode: Utterance `dspm031_dsp2013_21´ -- 4 of job 74
2020-08-07 14:02:06,663 __iter__: Reading lattice file `/tmp/55030171/lattices/dspm040_dsp2013_16.lat.gz´.
2020-08-07 14:02:06,690 decode: Utterance `dspm040_dsp2013_16´ -- 5 of job 74
2020-08-07 14:02:07,400 __iter__: Reading lattice file `/tmp/55030171/lattices/dspm049_dsp2013_18.lat.gz´.
2020-08-07 14:02:07,651 decode: Utterance `dspm049_dsp2013_18´ -- 6 of job 74
2020-08-07 14:02:14,321 __iter__: Reading lattice file `/tmp/55030171/lattices/dspm058_dsp2013_03.lat.gz´.
2020-08-07 14:02:14,469 decode: Utterance `dspm058_dsp2013_03´ -- 7 of job 74
2020-08-07 14:02:19,156 __iter__: Reading lattice file `/tmp/55030171/lattices/radioshaka_kbk20120915_57.lat.gz´.
2020-08-07 14:02:19,188 decode: Utterance `radioshaka_kbk20120915_57´ -- 8 of job 74
/scratch/work/groszt1/envs/theanoLM/lib/python3.7/site-packages/theano/gpuarray/dnn.py:184: UserWarning: Your cuDNN version is more recent than Theano. If you encounter problems, try updating Theano or downgrading cuDNN to a version >= v5 and <= v7.
  warnings.warn("Your cuDNN version is more recent than "
Using cuDNN version 7600 on context None
Mapped name None to device cuda0: Tesla V100-PCIE-32GB (0000:86:00.0)
/scratch/work/groszt1/envs/theanoLM/lib/python3.7/site-packages/h5py-2.9.0-py3.7-linux-x86_64.egg/h5py/_hl/dataset.py:313: H5pyDeprecationWarning: dataset.value has been deprecated. Use dataset[()] instead.
  "Use dataset[()] instead.", H5pyDeprecationWarning)
/scratch/work/groszt1/envs/theanoLM/lib/python3.7/site-packages/h5py-2.9.0-py3.7-linux-x86_64.egg/h5py/_hl/dataset.py:313: H5pyDeprecationWarning: dataset.value has been deprecated. Use dataset[()] instead.
  "Use dataset[()] instead.", H5pyDeprecationWarning)
decode_theanolm finished.
/tmp/55030171/lattices
floatX=float32,device=cuda0,base_compiledir=/tmp/theano,exception_verbosity=high,openmp=False
/scratch/work/groszt1/envs/theanoLM/lib/python3.7/site-packages/theano/gpuarray/dnn.py:184: UserWarning: Your cuDNN version is more recent than Theano. If you encounter problems, try updating Theano or downgrading cuDNN to a version >= v5 and <= v7.
  warnings.warn("Your cuDNN version is more recent than "
Using cuDNN version 7600 on context None
Mapped name None to device cuda0: Tesla V100-PCIE-32GB (0000:86:00.0)
TheanoLM 1.3.2
Theano 1.0.4
pygpu 0.7.6
==
+ srun --gres=gpu:1 theanolm decode /scratch/work/moisioa3/conv_lm/experiments/theanolm-100k/expt10/nnlm.h5 --lattice-list /tmp/55030171/lattices/lattice-list --output-file /scratch/work/moisioa3/conv_lm/experiments/theanolm-100k/expt10/decode/devel/lambda=1-lms=9/74.trn --output trn --nnlm-weight 1 --lm-scale 9 --max-tokens-per-node 62 --beam 650 --recombination-order 22 --num-jobs 128 --job 74 --shortlist --unk-penalty=-20
2020-08-07 14:02:30,488 get_default_device: Context None device="Tesla V100-PCIE-32GB" ID="0000:86:00.0"
2020-08-07 14:02:30,489 from_file: Reading vocabulary from network state.
2020-08-07 14:02:33,171 from_file: Number of words in vocabulary: 2427252
2020-08-07 14:02:33,172 from_file: Number of words in shortlist: 100003
2020-08-07 14:02:33,172 from_file: Number of word classes: 100003
2020-08-07 14:02:33,172 from_file: Building neural network.
2020-08-07 14:03:07,568 from_file: Restoring neural network state.
2020-08-07 14:03:08,326 decode: Building word lattice decoder.
2020-08-07 14:03:12,573 __iter__: Reading lattice file `/tmp/55030171/lattices/dspm004_dsp2013_15.lat.gz´.
2020-08-07 14:03:12,819 decode: Utterance `dspm004_dsp2013_15´ -- 1 of job 74
2020-08-07 14:03:18,919 __iter__: Reading lattice file `/tmp/55030171/lattices/dspm014_dsp2013_22.lat.gz´.
2020-08-07 14:03:19,134 decode: Utterance `dspm014_dsp2013_22´ -- 2 of job 74
2020-08-07 14:03:25,978 __iter__: Reading lattice file `/tmp/55030171/lattices/dspm022_dsp2013_08.lat.gz´.
2020-08-07 14:03:26,008 decode: Utterance `dspm022_dsp2013_08´ -- 3 of job 74
2020-08-07 14:03:26,620 __iter__: Reading lattice file `/tmp/55030171/lattices/dspm031_dsp2013_21.lat.gz´.
2020-08-07 14:03:26,624 decode: Utterance `dspm031_dsp2013_21´ -- 4 of job 74
2020-08-07 14:03:26,759 __iter__: Reading lattice file `/tmp/55030171/lattices/dspm040_dsp2013_16.lat.gz´.
2020-08-07 14:03:26,786 decode: Utterance `dspm040_dsp2013_16´ -- 5 of job 74
2020-08-07 14:03:27,496 __iter__: Reading lattice file `/tmp/55030171/lattices/dspm049_dsp2013_18.lat.gz´.
2020-08-07 14:03:27,747 decode: Utterance `dspm049_dsp2013_18´ -- 6 of job 74
2020-08-07 14:03:34,454 __iter__: Reading lattice file `/tmp/55030171/lattices/dspm058_dsp2013_03.lat.gz´.
2020-08-07 14:03:34,602 decode: Utterance `dspm058_dsp2013_03´ -- 7 of job 74
2020-08-07 14:03:39,323 __iter__: Reading lattice file `/tmp/55030171/lattices/radioshaka_kbk20120915_57.lat.gz´.
2020-08-07 14:03:39,355 decode: Utterance `radioshaka_kbk20120915_57´ -- 8 of job 74
/scratch/work/groszt1/envs/theanoLM/lib/python3.7/site-packages/theano/gpuarray/dnn.py:184: UserWarning: Your cuDNN version is more recent than Theano. If you encounter problems, try updating Theano or downgrading cuDNN to a version >= v5 and <= v7.
  warnings.warn("Your cuDNN version is more recent than "
Using cuDNN version 7600 on context None
Mapped name None to device cuda0: Tesla V100-PCIE-32GB (0000:86:00.0)
/scratch/work/groszt1/envs/theanoLM/lib/python3.7/site-packages/h5py-2.9.0-py3.7-linux-x86_64.egg/h5py/_hl/dataset.py:313: H5pyDeprecationWarning: dataset.value has been deprecated. Use dataset[()] instead.
  "Use dataset[()] instead.", H5pyDeprecationWarning)
/scratch/work/groszt1/envs/theanoLM/lib/python3.7/site-packages/h5py-2.9.0-py3.7-linux-x86_64.egg/h5py/_hl/dataset.py:313: H5pyDeprecationWarning: dataset.value has been deprecated. Use dataset[()] instead.
  "Use dataset[()] instead.", H5pyDeprecationWarning)
decode_theanolm finished.
/tmp/55030171/lattices
floatX=float32,device=cuda0,base_compiledir=/tmp/theano,exception_verbosity=high,openmp=False
/scratch/work/groszt1/envs/theanoLM/lib/python3.7/site-packages/theano/gpuarray/dnn.py:184: UserWarning: Your cuDNN version is more recent than Theano. If you encounter problems, try updating Theano or downgrading cuDNN to a version >= v5 and <= v7.
  warnings.warn("Your cuDNN version is more recent than "
Using cuDNN version 7600 on context None
Mapped name None to device cuda0: Tesla V100-PCIE-32GB (0000:86:00.0)
TheanoLM 1.3.2
Theano 1.0.4
pygpu 0.7.6
==
+ srun --gres=gpu:1 theanolm decode /scratch/work/moisioa3/conv_lm/experiments/theanolm-100k/expt10/nnlm.h5 --lattice-list /tmp/55030171/lattices/lattice-list --output-file /scratch/work/moisioa3/conv_lm/experiments/theanolm-100k/expt10/decode/devel/lambda=1-lms=10/74.trn --output trn --nnlm-weight 1 --lm-scale 10 --max-tokens-per-node 62 --beam 650 --recombination-order 22 --num-jobs 128 --job 74 --shortlist --unk-penalty=-20
2020-08-07 14:03:46,118 get_default_device: Context None device="Tesla V100-PCIE-32GB" ID="0000:86:00.0"
2020-08-07 14:03:46,119 from_file: Reading vocabulary from network state.
2020-08-07 14:03:48,813 from_file: Number of words in vocabulary: 2427252
2020-08-07 14:03:48,813 from_file: Number of words in shortlist: 100003
2020-08-07 14:03:48,813 from_file: Number of word classes: 100003
2020-08-07 14:03:48,813 from_file: Building neural network.
2020-08-07 14:04:23,153 from_file: Restoring neural network state.
2020-08-07 14:04:23,896 decode: Building word lattice decoder.
2020-08-07 14:04:28,160 __iter__: Reading lattice file `/tmp/55030171/lattices/dspm004_dsp2013_15.lat.gz´.
2020-08-07 14:04:28,300 decode: Utterance `dspm004_dsp2013_15´ -- 1 of job 74
2020-08-07 14:04:34,291 __iter__: Reading lattice file `/tmp/55030171/lattices/dspm014_dsp2013_22.lat.gz´.
2020-08-07 14:04:34,503 decode: Utterance `dspm014_dsp2013_22´ -- 2 of job 74
2020-08-07 14:04:41,275 __iter__: Reading lattice file `/tmp/55030171/lattices/dspm022_dsp2013_08.lat.gz´.
2020-08-07 14:04:41,304 decode: Utterance `dspm022_dsp2013_08´ -- 3 of job 74
2020-08-07 14:04:41,911 __iter__: Reading lattice file `/tmp/55030171/lattices/dspm031_dsp2013_21.lat.gz´.
2020-08-07 14:04:41,915 decode: Utterance `dspm031_dsp2013_21´ -- 4 of job 74
2020-08-07 14:04:42,051 __iter__: Reading lattice file `/tmp/55030171/lattices/dspm040_dsp2013_16.lat.gz´.
2020-08-07 14:04:42,078 decode: Utterance `dspm040_dsp2013_16´ -- 5 of job 74
2020-08-07 14:04:42,786 __iter__: Reading lattice file `/tmp/55030171/lattices/dspm049_dsp2013_18.lat.gz´.
2020-08-07 14:04:43,032 decode: Utterance `dspm049_dsp2013_18´ -- 6 of job 74
2020-08-07 14:04:49,706 __iter__: Reading lattice file `/tmp/55030171/lattices/dspm058_dsp2013_03.lat.gz´.
2020-08-07 14:04:49,852 decode: Utterance `dspm058_dsp2013_03´ -- 7 of job 74
2020-08-07 14:04:54,546 __iter__: Reading lattice file `/tmp/55030171/lattices/radioshaka_kbk20120915_57.lat.gz´.
2020-08-07 14:04:54,577 decode: Utterance `radioshaka_kbk20120915_57´ -- 8 of job 74
/scratch/work/groszt1/envs/theanoLM/lib/python3.7/site-packages/theano/gpuarray/dnn.py:184: UserWarning: Your cuDNN version is more recent than Theano. If you encounter problems, try updating Theano or downgrading cuDNN to a version >= v5 and <= v7.
  warnings.warn("Your cuDNN version is more recent than "
Using cuDNN version 7600 on context None
Mapped name None to device cuda0: Tesla V100-PCIE-32GB (0000:86:00.0)
/scratch/work/groszt1/envs/theanoLM/lib/python3.7/site-packages/h5py-2.9.0-py3.7-linux-x86_64.egg/h5py/_hl/dataset.py:313: H5pyDeprecationWarning: dataset.value has been deprecated. Use dataset[()] instead.
  "Use dataset[()] instead.", H5pyDeprecationWarning)
/scratch/work/groszt1/envs/theanoLM/lib/python3.7/site-packages/h5py-2.9.0-py3.7-linux-x86_64.egg/h5py/_hl/dataset.py:313: H5pyDeprecationWarning: dataset.value has been deprecated. Use dataset[()] instead.
  "Use dataset[()] instead.", H5pyDeprecationWarning)
decode_theanolm finished.
/tmp/55030171/lattices
floatX=float32,device=cuda0,base_compiledir=/tmp/theano,exception_verbosity=high,openmp=False
/scratch/work/groszt1/envs/theanoLM/lib/python3.7/site-packages/theano/gpuarray/dnn.py:184: UserWarning: Your cuDNN version is more recent than Theano. If you encounter problems, try updating Theano or downgrading cuDNN to a version >= v5 and <= v7.
  warnings.warn("Your cuDNN version is more recent than "
Using cuDNN version 7600 on context None
Mapped name None to device cuda0: Tesla V100-PCIE-32GB (0000:86:00.0)
TheanoLM 1.3.2
Theano 1.0.4
pygpu 0.7.6
==
+ srun --gres=gpu:1 theanolm decode /scratch/work/moisioa3/conv_lm/experiments/theanolm-100k/expt10/nnlm.h5 --lattice-list /tmp/55030171/lattices/lattice-list --output-file /scratch/work/moisioa3/conv_lm/experiments/theanolm-100k/expt10/decode/devel/lambda=0.5-lms=8/74.trn --output trn --nnlm-weight 0.5 --lm-scale 8 --max-tokens-per-node 62 --beam 650 --recombination-order 22 --num-jobs 128 --job 74 --shortlist --unk-penalty=-20
2020-08-07 14:05:01,409 get_default_device: Context None device="Tesla V100-PCIE-32GB" ID="0000:86:00.0"
2020-08-07 14:05:01,410 from_file: Reading vocabulary from network state.
2020-08-07 14:05:04,114 from_file: Number of words in vocabulary: 2427252
2020-08-07 14:05:04,114 from_file: Number of words in shortlist: 100003
2020-08-07 14:05:04,114 from_file: Number of word classes: 100003
2020-08-07 14:05:04,114 from_file: Building neural network.
2020-08-07 14:05:38,371 from_file: Restoring neural network state.
2020-08-07 14:05:39,146 decode: Building word lattice decoder.
2020-08-07 14:05:43,384 __iter__: Reading lattice file `/tmp/55030171/lattices/dspm004_dsp2013_15.lat.gz´.
2020-08-07 14:05:43,525 decode: Utterance `dspm004_dsp2013_15´ -- 1 of job 74
2020-08-07 14:05:49,858 __iter__: Reading lattice file `/tmp/55030171/lattices/dspm014_dsp2013_22.lat.gz´.
2020-08-07 14:05:50,069 decode: Utterance `dspm014_dsp2013_22´ -- 2 of job 74
2020-08-07 14:05:57,283 __iter__: Reading lattice file `/tmp/55030171/lattices/dspm022_dsp2013_08.lat.gz´.
2020-08-07 14:05:57,312 decode: Utterance `dspm022_dsp2013_08´ -- 3 of job 74
2020-08-07 14:05:57,948 __iter__: Reading lattice file `/tmp/55030171/lattices/dspm031_dsp2013_21.lat.gz´.
2020-08-07 14:05:57,952 decode: Utterance `dspm031_dsp2013_21´ -- 4 of job 74
2020-08-07 14:05:58,101 __iter__: Reading lattice file `/tmp/55030171/lattices/dspm040_dsp2013_16.lat.gz´.
2020-08-07 14:05:58,127 decode: Utterance `dspm040_dsp2013_16´ -- 5 of job 74
2020-08-07 14:05:58,851 __iter__: Reading lattice file `/tmp/55030171/lattices/dspm049_dsp2013_18.lat.gz´.
2020-08-07 14:05:59,098 decode: Utterance `dspm049_dsp2013_18´ -- 6 of job 74
2020-08-07 14:06:05,956 __iter__: Reading lattice file `/tmp/55030171/lattices/dspm058_dsp2013_03.lat.gz´.
2020-08-07 14:06:06,101 decode: Utterance `dspm058_dsp2013_03´ -- 7 of job 74
2020-08-07 14:06:10,946 __iter__: Reading lattice file `/tmp/55030171/lattices/radioshaka_kbk20120915_57.lat.gz´.
2020-08-07 14:06:10,977 decode: Utterance `radioshaka_kbk20120915_57´ -- 8 of job 74
/scratch/work/groszt1/envs/theanoLM/lib/python3.7/site-packages/theano/gpuarray/dnn.py:184: UserWarning: Your cuDNN version is more recent than Theano. If you encounter problems, try updating Theano or downgrading cuDNN to a version >= v5 and <= v7.
  warnings.warn("Your cuDNN version is more recent than "
Using cuDNN version 7600 on context None
Mapped name None to device cuda0: Tesla V100-PCIE-32GB (0000:86:00.0)
/scratch/work/groszt1/envs/theanoLM/lib/python3.7/site-packages/h5py-2.9.0-py3.7-linux-x86_64.egg/h5py/_hl/dataset.py:313: H5pyDeprecationWarning: dataset.value has been deprecated. Use dataset[()] instead.
  "Use dataset[()] instead.", H5pyDeprecationWarning)
/scratch/work/groszt1/envs/theanoLM/lib/python3.7/site-packages/h5py-2.9.0-py3.7-linux-x86_64.egg/h5py/_hl/dataset.py:313: H5pyDeprecationWarning: dataset.value has been deprecated. Use dataset[()] instead.
  "Use dataset[()] instead.", H5pyDeprecationWarning)
decode_theanolm finished.
/tmp/55030171/lattices
floatX=float32,device=cuda0,base_compiledir=/tmp/theano,exception_verbosity=high,openmp=False
/scratch/work/groszt1/envs/theanoLM/lib/python3.7/site-packages/theano/gpuarray/dnn.py:184: UserWarning: Your cuDNN version is more recent than Theano. If you encounter problems, try updating Theano or downgrading cuDNN to a version >= v5 and <= v7.
  warnings.warn("Your cuDNN version is more recent than "
Using cuDNN version 7600 on context None
Mapped name None to device cuda0: Tesla V100-PCIE-32GB (0000:86:00.0)
TheanoLM 1.3.2
Theano 1.0.4
pygpu 0.7.6
==
+ srun --gres=gpu:1 theanolm decode /scratch/work/moisioa3/conv_lm/experiments/theanolm-100k/expt10/nnlm.h5 --lattice-list /tmp/55030171/lattices/lattice-list --output-file /scratch/work/moisioa3/conv_lm/experiments/theanolm-100k/expt10/decode/devel/lambda=0.5-lms=9/74.trn --output trn --nnlm-weight 0.5 --lm-scale 9 --max-tokens-per-node 62 --beam 650 --recombination-order 22 --num-jobs 128 --job 74 --shortlist --unk-penalty=-20
2020-08-07 14:06:18,142 get_default_device: Context None device="Tesla V100-PCIE-32GB" ID="0000:86:00.0"
2020-08-07 14:06:18,143 from_file: Reading vocabulary from network state.
2020-08-07 14:06:20,809 from_file: Number of words in vocabulary: 2427252
2020-08-07 14:06:20,810 from_file: Number of words in shortlist: 100003
2020-08-07 14:06:20,810 from_file: Number of word classes: 100003
2020-08-07 14:06:20,810 from_file: Building neural network.
2020-08-07 14:06:55,237 from_file: Restoring neural network state.
2020-08-07 14:06:56,003 decode: Building word lattice decoder.
2020-08-07 14:07:00,208 __iter__: Reading lattice file `/tmp/55030171/lattices/dspm004_dsp2013_15.lat.gz´.
2020-08-07 14:07:00,348 decode: Utterance `dspm004_dsp2013_15´ -- 1 of job 74
2020-08-07 14:07:06,610 __iter__: Reading lattice file `/tmp/55030171/lattices/dspm014_dsp2013_22.lat.gz´.
2020-08-07 14:07:06,823 decode: Utterance `dspm014_dsp2013_22´ -- 2 of job 74
2020-08-07 14:07:14,064 __iter__: Reading lattice file `/tmp/55030171/lattices/dspm022_dsp2013_08.lat.gz´.
2020-08-07 14:07:14,093 decode: Utterance `dspm022_dsp2013_08´ -- 3 of job 74
2020-08-07 14:07:14,709 __iter__: Reading lattice file `/tmp/55030171/lattices/dspm031_dsp2013_21.lat.gz´.
2020-08-07 14:07:14,713 decode: Utterance `dspm031_dsp2013_21´ -- 4 of job 74
2020-08-07 14:07:14,848 __iter__: Reading lattice file `/tmp/55030171/lattices/dspm040_dsp2013_16.lat.gz´.
2020-08-07 14:07:14,874 decode: Utterance `dspm040_dsp2013_16´ -- 5 of job 74
2020-08-07 14:07:15,585 __iter__: Reading lattice file `/tmp/55030171/lattices/dspm049_dsp2013_18.lat.gz´.
2020-08-07 14:07:15,832 decode: Utterance `dspm049_dsp2013_18´ -- 6 of job 74
2020-08-07 14:07:22,596 __iter__: Reading lattice file `/tmp/55030171/lattices/dspm058_dsp2013_03.lat.gz´.
2020-08-07 14:07:22,741 decode: Utterance `dspm058_dsp2013_03´ -- 7 of job 74
2020-08-07 14:07:27,536 __iter__: Reading lattice file `/tmp/55030171/lattices/radioshaka_kbk20120915_57.lat.gz´.
2020-08-07 14:07:27,567 decode: Utterance `radioshaka_kbk20120915_57´ -- 8 of job 74
/scratch/work/groszt1/envs/theanoLM/lib/python3.7/site-packages/theano/gpuarray/dnn.py:184: UserWarning: Your cuDNN version is more recent than Theano. If you encounter problems, try updating Theano or downgrading cuDNN to a version >= v5 and <= v7.
  warnings.warn("Your cuDNN version is more recent than "
Using cuDNN version 7600 on context None
Mapped name None to device cuda0: Tesla V100-PCIE-32GB (0000:86:00.0)
/scratch/work/groszt1/envs/theanoLM/lib/python3.7/site-packages/h5py-2.9.0-py3.7-linux-x86_64.egg/h5py/_hl/dataset.py:313: H5pyDeprecationWarning: dataset.value has been deprecated. Use dataset[()] instead.
  "Use dataset[()] instead.", H5pyDeprecationWarning)
/scratch/work/groszt1/envs/theanoLM/lib/python3.7/site-packages/h5py-2.9.0-py3.7-linux-x86_64.egg/h5py/_hl/dataset.py:313: H5pyDeprecationWarning: dataset.value has been deprecated. Use dataset[()] instead.
  "Use dataset[()] instead.", H5pyDeprecationWarning)
decode_theanolm finished.
/tmp/55030171/lattices
floatX=float32,device=cuda0,base_compiledir=/tmp/theano,exception_verbosity=high,openmp=False
/scratch/work/groszt1/envs/theanoLM/lib/python3.7/site-packages/theano/gpuarray/dnn.py:184: UserWarning: Your cuDNN version is more recent than Theano. If you encounter problems, try updating Theano or downgrading cuDNN to a version >= v5 and <= v7.
  warnings.warn("Your cuDNN version is more recent than "
Using cuDNN version 7600 on context None
Mapped name None to device cuda0: Tesla V100-PCIE-32GB (0000:86:00.0)
TheanoLM 1.3.2
Theano 1.0.4
pygpu 0.7.6
==
+ srun --gres=gpu:1 theanolm decode /scratch/work/moisioa3/conv_lm/experiments/theanolm-100k/expt10/nnlm.h5 --lattice-list /tmp/55030171/lattices/lattice-list --output-file /scratch/work/moisioa3/conv_lm/experiments/theanolm-100k/expt10/decode/devel/lambda=0.5-lms=10/74.trn --output trn --nnlm-weight 0.5 --lm-scale 10 --max-tokens-per-node 62 --beam 650 --recombination-order 22 --num-jobs 128 --job 74 --shortlist --unk-penalty=-20
2020-08-07 14:07:34,533 get_default_device: Context None device="Tesla V100-PCIE-32GB" ID="0000:86:00.0"
2020-08-07 14:07:34,534 from_file: Reading vocabulary from network state.
2020-08-07 14:07:37,113 from_file: Number of words in vocabulary: 2427252
2020-08-07 14:07:37,113 from_file: Number of words in shortlist: 100003
2020-08-07 14:07:37,114 from_file: Number of word classes: 100003
2020-08-07 14:07:37,114 from_file: Building neural network.
2020-08-07 14:08:11,534 from_file: Restoring neural network state.
2020-08-07 14:08:12,280 decode: Building word lattice decoder.
2020-08-07 14:08:16,448 __iter__: Reading lattice file `/tmp/55030171/lattices/dspm004_dsp2013_15.lat.gz´.
2020-08-07 14:08:16,590 decode: Utterance `dspm004_dsp2013_15´ -- 1 of job 74
2020-08-07 14:08:22,855 __iter__: Reading lattice file `/tmp/55030171/lattices/dspm014_dsp2013_22.lat.gz´.
2020-08-07 14:08:23,068 decode: Utterance `dspm014_dsp2013_22´ -- 2 of job 74
2020-08-07 14:08:30,435 __iter__: Reading lattice file `/tmp/55030171/lattices/dspm022_dsp2013_08.lat.gz´.
2020-08-07 14:08:30,465 decode: Utterance `dspm022_dsp2013_08´ -- 3 of job 74
2020-08-07 14:08:31,105 __iter__: Reading lattice file `/tmp/55030171/lattices/dspm031_dsp2013_21.lat.gz´.
2020-08-07 14:08:31,108 decode: Utterance `dspm031_dsp2013_21´ -- 4 of job 74
2020-08-07 14:08:31,255 __iter__: Reading lattice file `/tmp/55030171/lattices/dspm040_dsp2013_16.lat.gz´.
2020-08-07 14:08:31,282 decode: Utterance `dspm040_dsp2013_16´ -- 5 of job 74
2020-08-07 14:08:32,010 __iter__: Reading lattice file `/tmp/55030171/lattices/dspm049_dsp2013_18.lat.gz´.
2020-08-07 14:08:32,260 decode: Utterance `dspm049_dsp2013_18´ -- 6 of job 74
2020-08-07 14:08:39,118 __iter__: Reading lattice file `/tmp/55030171/lattices/dspm058_dsp2013_03.lat.gz´.
2020-08-07 14:08:39,264 decode: Utterance `dspm058_dsp2013_03´ -- 7 of job 74
2020-08-07 14:08:44,106 __iter__: Reading lattice file `/tmp/55030171/lattices/radioshaka_kbk20120915_57.lat.gz´.
2020-08-07 14:08:44,138 decode: Utterance `radioshaka_kbk20120915_57´ -- 8 of job 74
/scratch/work/groszt1/envs/theanoLM/lib/python3.7/site-packages/theano/gpuarray/dnn.py:184: UserWarning: Your cuDNN version is more recent than Theano. If you encounter problems, try updating Theano or downgrading cuDNN to a version >= v5 and <= v7.
  warnings.warn("Your cuDNN version is more recent than "
Using cuDNN version 7600 on context None
Mapped name None to device cuda0: Tesla V100-PCIE-32GB (0000:86:00.0)
/scratch/work/groszt1/envs/theanoLM/lib/python3.7/site-packages/h5py-2.9.0-py3.7-linux-x86_64.egg/h5py/_hl/dataset.py:313: H5pyDeprecationWarning: dataset.value has been deprecated. Use dataset[()] instead.
  "Use dataset[()] instead.", H5pyDeprecationWarning)
/scratch/work/groszt1/envs/theanoLM/lib/python3.7/site-packages/h5py-2.9.0-py3.7-linux-x86_64.egg/h5py/_hl/dataset.py:313: H5pyDeprecationWarning: dataset.value has been deprecated. Use dataset[()] instead.
  "Use dataset[()] instead.", H5pyDeprecationWarning)
decode_theanolm finished.
