EXPT_NAME theanolm-100k
EXPT_PARAMS expt10
EXPT_WORK_DIR /scratch/work/moisioa3/conv_lm/experiments/theanolm-100k/expt10
Experiment: theanolm-100k/expt10
Job ID: 55030164
Task ID: 68
Host: gpu28.int.triton.aalto.fi
Start date: Fri Aug  7 14:00:21 EEST 2020
Work directory: /scratch/work/moisioa3/conv_lm/experiments/theanolm-100k/expt10
Temporary directory: /tmp/55030164

Currently Loaded Modules:
  1) speech-scripts/2016.05.24-b928230   6) binutils/2.25-GCCcore-5.4.0
  2) srilm/default                       7) GCC/5.4.0-2.25
  3) cuda/10.0.130                       8) libgpuarray/2017.03.29-45c731f
  4) cudnn/7.4.2-cuda                    9) anaconda3/latest
  5) GCCcore/5.4.0

 

/tmp/55030164/lattices
floatX=float32,device=cuda0,base_compiledir=/tmp/theano,exception_verbosity=high,openmp=False
/scratch/work/groszt1/envs/theanoLM/lib/python3.7/site-packages/theano/gpuarray/dnn.py:184: UserWarning: Your cuDNN version is more recent than Theano. If you encounter problems, try updating Theano or downgrading cuDNN to a version >= v5 and <= v7.
  warnings.warn("Your cuDNN version is more recent than "
Using cuDNN version 7600 on context None
Mapped name None to device cuda0: Tesla V100-PCIE-32GB (0000:86:00.0)
TheanoLM 1.3.2
Theano 1.0.4
pygpu 0.7.6
==
+ srun --gres=gpu:1 theanolm decode /scratch/work/moisioa3/conv_lm/experiments/theanolm-100k/expt10/nnlm.h5 --lattice-list /tmp/55030164/lattices/lattice-list --output-file /scratch/work/moisioa3/conv_lm/experiments/theanolm-100k/expt10/decode/devel/lambda=1-lms=8/68.trn --output trn --nnlm-weight 1 --lm-scale 8 --max-tokens-per-node 62 --beam 650 --recombination-order 22 --num-jobs 128 --job 68 --shortlist --unk-penalty=-20
2020-08-07 14:00:31,003 get_default_device: Context None device="Tesla V100-PCIE-32GB" ID="0000:86:00.0"
2020-08-07 14:00:31,004 from_file: Reading vocabulary from network state.
2020-08-07 14:00:33,700 from_file: Number of words in vocabulary: 2427252
2020-08-07 14:00:33,700 from_file: Number of words in shortlist: 100003
2020-08-07 14:00:33,700 from_file: Number of word classes: 100003
2020-08-07 14:00:33,700 from_file: Building neural network.
2020-08-07 14:01:08,544 from_file: Restoring neural network state.
2020-08-07 14:01:09,306 decode: Building word lattice decoder.
2020-08-07 14:01:13,643 __iter__: Reading lattice file `/tmp/55030164/lattices/dspm004_dsp2013_09.lat.gz´.
2020-08-07 14:01:14,117 decode: Utterance `dspm004_dsp2013_09´ -- 1 of job 68
2020-08-07 14:01:25,486 __iter__: Reading lattice file `/tmp/55030164/lattices/dspm014_dsp2013_07.lat.gz´.
2020-08-07 14:01:25,597 decode: Utterance `dspm014_dsp2013_07´ -- 2 of job 68
2020-08-07 14:01:29,400 __iter__: Reading lattice file `/tmp/55030164/lattices/dspm022_dsp2013_02.lat.gz´.
2020-08-07 14:01:29,423 decode: Utterance `dspm022_dsp2013_02´ -- 3 of job 68
2020-08-07 14:01:30,152 __iter__: Reading lattice file `/tmp/55030164/lattices/dspm031_dsp2013_15.lat.gz´.
2020-08-07 14:01:30,227 decode: Utterance `dspm031_dsp2013_15´ -- 4 of job 68
2020-08-07 14:01:33,384 __iter__: Reading lattice file `/tmp/55030164/lattices/dspm040_dsp2013_10.lat.gz´.
2020-08-07 14:01:33,825 decode: Utterance `dspm040_dsp2013_10´ -- 5 of job 68
2020-08-07 14:01:48,322 __iter__: Reading lattice file `/tmp/55030164/lattices/dspm049_dsp2013_12.lat.gz´.
2020-08-07 14:01:48,966 decode: Utterance `dspm049_dsp2013_12´ -- 6 of job 68
2020-08-07 14:02:08,140 __iter__: Reading lattice file `/tmp/55030164/lattices/dspm057_dsp2013_17.lat.gz´.
2020-08-07 14:02:08,211 decode: Utterance `dspm057_dsp2013_17´ -- 7 of job 68
2020-08-07 14:02:10,432 __iter__: Reading lattice file `/tmp/55030164/lattices/radioshaka_kbk20120915_32.lat.gz´.
2020-08-07 14:02:10,548 decode: Utterance `radioshaka_kbk20120915_32´ -- 8 of job 68
/scratch/work/groszt1/envs/theanoLM/lib/python3.7/site-packages/theano/gpuarray/dnn.py:184: UserWarning: Your cuDNN version is more recent than Theano. If you encounter problems, try updating Theano or downgrading cuDNN to a version >= v5 and <= v7.
  warnings.warn("Your cuDNN version is more recent than "
Using cuDNN version 7600 on context None
Mapped name None to device cuda0: Tesla V100-PCIE-32GB (0000:86:00.0)
/scratch/work/groszt1/envs/theanoLM/lib/python3.7/site-packages/h5py-2.9.0-py3.7-linux-x86_64.egg/h5py/_hl/dataset.py:313: H5pyDeprecationWarning: dataset.value has been deprecated. Use dataset[()] instead.
  "Use dataset[()] instead.", H5pyDeprecationWarning)
/scratch/work/groszt1/envs/theanoLM/lib/python3.7/site-packages/h5py-2.9.0-py3.7-linux-x86_64.egg/h5py/_hl/dataset.py:313: H5pyDeprecationWarning: dataset.value has been deprecated. Use dataset[()] instead.
  "Use dataset[()] instead.", H5pyDeprecationWarning)
decode_theanolm finished.
/tmp/55030164/lattices
floatX=float32,device=cuda0,base_compiledir=/tmp/theano,exception_verbosity=high,openmp=False
/scratch/work/groszt1/envs/theanoLM/lib/python3.7/site-packages/theano/gpuarray/dnn.py:184: UserWarning: Your cuDNN version is more recent than Theano. If you encounter problems, try updating Theano or downgrading cuDNN to a version >= v5 and <= v7.
  warnings.warn("Your cuDNN version is more recent than "
Using cuDNN version 7600 on context None
Mapped name None to device cuda0: Tesla V100-PCIE-32GB (0000:86:00.0)
TheanoLM 1.3.2
Theano 1.0.4
pygpu 0.7.6
==
+ srun --gres=gpu:1 theanolm decode /scratch/work/moisioa3/conv_lm/experiments/theanolm-100k/expt10/nnlm.h5 --lattice-list /tmp/55030164/lattices/lattice-list --output-file /scratch/work/moisioa3/conv_lm/experiments/theanolm-100k/expt10/decode/devel/lambda=1-lms=9/68.trn --output trn --nnlm-weight 1 --lm-scale 9 --max-tokens-per-node 62 --beam 650 --recombination-order 22 --num-jobs 128 --job 68 --shortlist --unk-penalty=-20
2020-08-07 14:02:19,898 get_default_device: Context None device="Tesla V100-PCIE-32GB" ID="0000:86:00.0"
2020-08-07 14:02:19,899 from_file: Reading vocabulary from network state.
2020-08-07 14:02:22,570 from_file: Number of words in vocabulary: 2427252
2020-08-07 14:02:22,570 from_file: Number of words in shortlist: 100003
2020-08-07 14:02:22,571 from_file: Number of word classes: 100003
2020-08-07 14:02:22,571 from_file: Building neural network.
2020-08-07 14:02:56,965 from_file: Restoring neural network state.
2020-08-07 14:02:57,710 decode: Building word lattice decoder.
2020-08-07 14:03:02,071 __iter__: Reading lattice file `/tmp/55030164/lattices/dspm004_dsp2013_09.lat.gz´.
2020-08-07 14:03:02,551 decode: Utterance `dspm004_dsp2013_09´ -- 1 of job 68
2020-08-07 14:03:13,999 __iter__: Reading lattice file `/tmp/55030164/lattices/dspm014_dsp2013_07.lat.gz´.
2020-08-07 14:03:14,110 decode: Utterance `dspm014_dsp2013_07´ -- 2 of job 68
2020-08-07 14:03:17,936 __iter__: Reading lattice file `/tmp/55030164/lattices/dspm022_dsp2013_02.lat.gz´.
2020-08-07 14:03:17,960 decode: Utterance `dspm022_dsp2013_02´ -- 3 of job 68
2020-08-07 14:03:18,695 __iter__: Reading lattice file `/tmp/55030164/lattices/dspm031_dsp2013_15.lat.gz´.
2020-08-07 14:03:18,772 decode: Utterance `dspm031_dsp2013_15´ -- 4 of job 68
2020-08-07 14:03:21,946 __iter__: Reading lattice file `/tmp/55030164/lattices/dspm040_dsp2013_10.lat.gz´.
2020-08-07 14:03:22,387 decode: Utterance `dspm040_dsp2013_10´ -- 5 of job 68
2020-08-07 14:03:36,984 __iter__: Reading lattice file `/tmp/55030164/lattices/dspm049_dsp2013_12.lat.gz´.
2020-08-07 14:03:37,629 decode: Utterance `dspm049_dsp2013_12´ -- 6 of job 68
2020-08-07 14:03:56,706 __iter__: Reading lattice file `/tmp/55030164/lattices/dspm057_dsp2013_17.lat.gz´.
2020-08-07 14:03:56,777 decode: Utterance `dspm057_dsp2013_17´ -- 7 of job 68
2020-08-07 14:03:58,987 __iter__: Reading lattice file `/tmp/55030164/lattices/radioshaka_kbk20120915_32.lat.gz´.
2020-08-07 14:03:59,104 decode: Utterance `radioshaka_kbk20120915_32´ -- 8 of job 68
/scratch/work/groszt1/envs/theanoLM/lib/python3.7/site-packages/theano/gpuarray/dnn.py:184: UserWarning: Your cuDNN version is more recent than Theano. If you encounter problems, try updating Theano or downgrading cuDNN to a version >= v5 and <= v7.
  warnings.warn("Your cuDNN version is more recent than "
Using cuDNN version 7600 on context None
Mapped name None to device cuda0: Tesla V100-PCIE-32GB (0000:86:00.0)
/scratch/work/groszt1/envs/theanoLM/lib/python3.7/site-packages/h5py-2.9.0-py3.7-linux-x86_64.egg/h5py/_hl/dataset.py:313: H5pyDeprecationWarning: dataset.value has been deprecated. Use dataset[()] instead.
  "Use dataset[()] instead.", H5pyDeprecationWarning)
/scratch/work/groszt1/envs/theanoLM/lib/python3.7/site-packages/h5py-2.9.0-py3.7-linux-x86_64.egg/h5py/_hl/dataset.py:313: H5pyDeprecationWarning: dataset.value has been deprecated. Use dataset[()] instead.
  "Use dataset[()] instead.", H5pyDeprecationWarning)
decode_theanolm finished.
/tmp/55030164/lattices
floatX=float32,device=cuda0,base_compiledir=/tmp/theano,exception_verbosity=high,openmp=False
/scratch/work/groszt1/envs/theanoLM/lib/python3.7/site-packages/theano/gpuarray/dnn.py:184: UserWarning: Your cuDNN version is more recent than Theano. If you encounter problems, try updating Theano or downgrading cuDNN to a version >= v5 and <= v7.
  warnings.warn("Your cuDNN version is more recent than "
Using cuDNN version 7600 on context None
Mapped name None to device cuda0: Tesla V100-PCIE-32GB (0000:86:00.0)
TheanoLM 1.3.2
Theano 1.0.4
pygpu 0.7.6
==
+ srun --gres=gpu:1 theanolm decode /scratch/work/moisioa3/conv_lm/experiments/theanolm-100k/expt10/nnlm.h5 --lattice-list /tmp/55030164/lattices/lattice-list --output-file /scratch/work/moisioa3/conv_lm/experiments/theanolm-100k/expt10/decode/devel/lambda=1-lms=10/68.trn --output trn --nnlm-weight 1 --lm-scale 10 --max-tokens-per-node 62 --beam 650 --recombination-order 22 --num-jobs 128 --job 68 --shortlist --unk-penalty=-20
2020-08-07 14:04:08,117 get_default_device: Context None device="Tesla V100-PCIE-32GB" ID="0000:86:00.0"
2020-08-07 14:04:08,118 from_file: Reading vocabulary from network state.
2020-08-07 14:04:10,850 from_file: Number of words in vocabulary: 2427252
2020-08-07 14:04:10,850 from_file: Number of words in shortlist: 100003
2020-08-07 14:04:10,850 from_file: Number of word classes: 100003
2020-08-07 14:04:10,850 from_file: Building neural network.
2020-08-07 14:04:45,237 from_file: Restoring neural network state.
2020-08-07 14:04:45,969 decode: Building word lattice decoder.
2020-08-07 14:04:50,317 __iter__: Reading lattice file `/tmp/55030164/lattices/dspm004_dsp2013_09.lat.gz´.
2020-08-07 14:04:50,793 decode: Utterance `dspm004_dsp2013_09´ -- 1 of job 68
2020-08-07 14:05:02,253 __iter__: Reading lattice file `/tmp/55030164/lattices/dspm014_dsp2013_07.lat.gz´.
2020-08-07 14:05:02,364 decode: Utterance `dspm014_dsp2013_07´ -- 2 of job 68
2020-08-07 14:05:06,176 __iter__: Reading lattice file `/tmp/55030164/lattices/dspm022_dsp2013_02.lat.gz´.
2020-08-07 14:05:06,200 decode: Utterance `dspm022_dsp2013_02´ -- 3 of job 68
2020-08-07 14:05:06,928 __iter__: Reading lattice file `/tmp/55030164/lattices/dspm031_dsp2013_15.lat.gz´.
2020-08-07 14:05:07,005 decode: Utterance `dspm031_dsp2013_15´ -- 4 of job 68
2020-08-07 14:05:10,185 __iter__: Reading lattice file `/tmp/55030164/lattices/dspm040_dsp2013_10.lat.gz´.
2020-08-07 14:05:10,626 decode: Utterance `dspm040_dsp2013_10´ -- 5 of job 68
2020-08-07 14:05:25,123 __iter__: Reading lattice file `/tmp/55030164/lattices/dspm049_dsp2013_12.lat.gz´.
2020-08-07 14:05:25,768 decode: Utterance `dspm049_dsp2013_12´ -- 6 of job 68
2020-08-07 14:05:44,671 __iter__: Reading lattice file `/tmp/55030164/lattices/dspm057_dsp2013_17.lat.gz´.
2020-08-07 14:05:44,742 decode: Utterance `dspm057_dsp2013_17´ -- 7 of job 68
2020-08-07 14:05:46,974 __iter__: Reading lattice file `/tmp/55030164/lattices/radioshaka_kbk20120915_32.lat.gz´.
2020-08-07 14:05:47,090 decode: Utterance `radioshaka_kbk20120915_32´ -- 8 of job 68
/scratch/work/groszt1/envs/theanoLM/lib/python3.7/site-packages/theano/gpuarray/dnn.py:184: UserWarning: Your cuDNN version is more recent than Theano. If you encounter problems, try updating Theano or downgrading cuDNN to a version >= v5 and <= v7.
  warnings.warn("Your cuDNN version is more recent than "
Using cuDNN version 7600 on context None
Mapped name None to device cuda0: Tesla V100-PCIE-32GB (0000:86:00.0)
/scratch/work/groszt1/envs/theanoLM/lib/python3.7/site-packages/h5py-2.9.0-py3.7-linux-x86_64.egg/h5py/_hl/dataset.py:313: H5pyDeprecationWarning: dataset.value has been deprecated. Use dataset[()] instead.
  "Use dataset[()] instead.", H5pyDeprecationWarning)
/scratch/work/groszt1/envs/theanoLM/lib/python3.7/site-packages/h5py-2.9.0-py3.7-linux-x86_64.egg/h5py/_hl/dataset.py:313: H5pyDeprecationWarning: dataset.value has been deprecated. Use dataset[()] instead.
  "Use dataset[()] instead.", H5pyDeprecationWarning)
decode_theanolm finished.
/tmp/55030164/lattices
floatX=float32,device=cuda0,base_compiledir=/tmp/theano,exception_verbosity=high,openmp=False
/scratch/work/groszt1/envs/theanoLM/lib/python3.7/site-packages/theano/gpuarray/dnn.py:184: UserWarning: Your cuDNN version is more recent than Theano. If you encounter problems, try updating Theano or downgrading cuDNN to a version >= v5 and <= v7.
  warnings.warn("Your cuDNN version is more recent than "
Using cuDNN version 7600 on context None
Mapped name None to device cuda0: Tesla V100-PCIE-32GB (0000:86:00.0)
TheanoLM 1.3.2
Theano 1.0.4
pygpu 0.7.6
==
+ srun --gres=gpu:1 theanolm decode /scratch/work/moisioa3/conv_lm/experiments/theanolm-100k/expt10/nnlm.h5 --lattice-list /tmp/55030164/lattices/lattice-list --output-file /scratch/work/moisioa3/conv_lm/experiments/theanolm-100k/expt10/decode/devel/lambda=0.5-lms=8/68.trn --output trn --nnlm-weight 0.5 --lm-scale 8 --max-tokens-per-node 62 --beam 650 --recombination-order 22 --num-jobs 128 --job 68 --shortlist --unk-penalty=-20
2020-08-07 14:05:56,404 get_default_device: Context None device="Tesla V100-PCIE-32GB" ID="0000:86:00.0"
2020-08-07 14:05:56,405 from_file: Reading vocabulary from network state.
2020-08-07 14:05:59,092 from_file: Number of words in vocabulary: 2427252
2020-08-07 14:05:59,092 from_file: Number of words in shortlist: 100003
2020-08-07 14:05:59,093 from_file: Number of word classes: 100003
2020-08-07 14:05:59,093 from_file: Building neural network.
2020-08-07 14:06:33,239 from_file: Restoring neural network state.
2020-08-07 14:06:34,006 decode: Building word lattice decoder.
2020-08-07 14:06:38,358 __iter__: Reading lattice file `/tmp/55030164/lattices/dspm004_dsp2013_09.lat.gz´.
2020-08-07 14:06:38,835 decode: Utterance `dspm004_dsp2013_09´ -- 1 of job 68
2020-08-07 14:06:51,368 __iter__: Reading lattice file `/tmp/55030164/lattices/dspm014_dsp2013_07.lat.gz´.
2020-08-07 14:06:51,480 decode: Utterance `dspm014_dsp2013_07´ -- 2 of job 68
2020-08-07 14:06:55,410 __iter__: Reading lattice file `/tmp/55030164/lattices/dspm022_dsp2013_02.lat.gz´.
2020-08-07 14:06:55,434 decode: Utterance `dspm022_dsp2013_02´ -- 3 of job 68
2020-08-07 14:06:56,183 __iter__: Reading lattice file `/tmp/55030164/lattices/dspm031_dsp2013_15.lat.gz´.
2020-08-07 14:06:56,259 decode: Utterance `dspm031_dsp2013_15´ -- 4 of job 68
2020-08-07 14:06:59,581 __iter__: Reading lattice file `/tmp/55030164/lattices/dspm040_dsp2013_10.lat.gz´.
2020-08-07 14:07:00,024 decode: Utterance `dspm040_dsp2013_10´ -- 5 of job 68
2020-08-07 14:07:14,779 __iter__: Reading lattice file `/tmp/55030164/lattices/dspm049_dsp2013_12.lat.gz´.
2020-08-07 14:07:15,426 decode: Utterance `dspm049_dsp2013_12´ -- 6 of job 68
2020-08-07 14:07:34,624 __iter__: Reading lattice file `/tmp/55030164/lattices/dspm057_dsp2013_17.lat.gz´.
2020-08-07 14:07:34,695 decode: Utterance `dspm057_dsp2013_17´ -- 7 of job 68
2020-08-07 14:07:37,809 __iter__: Reading lattice file `/tmp/55030164/lattices/radioshaka_kbk20120915_32.lat.gz´.
2020-08-07 14:07:37,925 decode: Utterance `radioshaka_kbk20120915_32´ -- 8 of job 68
/scratch/work/groszt1/envs/theanoLM/lib/python3.7/site-packages/theano/gpuarray/dnn.py:184: UserWarning: Your cuDNN version is more recent than Theano. If you encounter problems, try updating Theano or downgrading cuDNN to a version >= v5 and <= v7.
  warnings.warn("Your cuDNN version is more recent than "
Using cuDNN version 7600 on context None
Mapped name None to device cuda0: Tesla V100-PCIE-32GB (0000:86:00.0)
/scratch/work/groszt1/envs/theanoLM/lib/python3.7/site-packages/h5py-2.9.0-py3.7-linux-x86_64.egg/h5py/_hl/dataset.py:313: H5pyDeprecationWarning: dataset.value has been deprecated. Use dataset[()] instead.
  "Use dataset[()] instead.", H5pyDeprecationWarning)
/scratch/work/groszt1/envs/theanoLM/lib/python3.7/site-packages/h5py-2.9.0-py3.7-linux-x86_64.egg/h5py/_hl/dataset.py:313: H5pyDeprecationWarning: dataset.value has been deprecated. Use dataset[()] instead.
  "Use dataset[()] instead.", H5pyDeprecationWarning)
decode_theanolm finished.
/tmp/55030164/lattices
floatX=float32,device=cuda0,base_compiledir=/tmp/theano,exception_verbosity=high,openmp=False
/scratch/work/groszt1/envs/theanoLM/lib/python3.7/site-packages/theano/gpuarray/dnn.py:184: UserWarning: Your cuDNN version is more recent than Theano. If you encounter problems, try updating Theano or downgrading cuDNN to a version >= v5 and <= v7.
  warnings.warn("Your cuDNN version is more recent than "
Using cuDNN version 7600 on context None
Mapped name None to device cuda0: Tesla V100-PCIE-32GB (0000:86:00.0)
TheanoLM 1.3.2
Theano 1.0.4
pygpu 0.7.6
==
+ srun --gres=gpu:1 theanolm decode /scratch/work/moisioa3/conv_lm/experiments/theanolm-100k/expt10/nnlm.h5 --lattice-list /tmp/55030164/lattices/lattice-list --output-file /scratch/work/moisioa3/conv_lm/experiments/theanolm-100k/expt10/decode/devel/lambda=0.5-lms=9/68.trn --output trn --nnlm-weight 0.5 --lm-scale 9 --max-tokens-per-node 62 --beam 650 --recombination-order 22 --num-jobs 128 --job 68 --shortlist --unk-penalty=-20
2020-08-07 14:07:47,339 get_default_device: Context None device="Tesla V100-PCIE-32GB" ID="0000:86:00.0"
2020-08-07 14:07:47,340 from_file: Reading vocabulary from network state.
2020-08-07 14:07:49,973 from_file: Number of words in vocabulary: 2427252
2020-08-07 14:07:49,973 from_file: Number of words in shortlist: 100003
2020-08-07 14:07:49,973 from_file: Number of word classes: 100003
2020-08-07 14:07:49,973 from_file: Building neural network.
2020-08-07 14:08:24,065 from_file: Restoring neural network state.
2020-08-07 14:08:24,821 decode: Building word lattice decoder.
2020-08-07 14:08:29,207 __iter__: Reading lattice file `/tmp/55030164/lattices/dspm004_dsp2013_09.lat.gz´.
2020-08-07 14:08:29,584 decode: Utterance `dspm004_dsp2013_09´ -- 1 of job 68
2020-08-07 14:08:42,333 __iter__: Reading lattice file `/tmp/55030164/lattices/dspm014_dsp2013_07.lat.gz´.
2020-08-07 14:08:42,443 decode: Utterance `dspm014_dsp2013_07´ -- 2 of job 68
2020-08-07 14:08:46,477 __iter__: Reading lattice file `/tmp/55030164/lattices/dspm022_dsp2013_02.lat.gz´.
2020-08-07 14:08:46,501 decode: Utterance `dspm022_dsp2013_02´ -- 3 of job 68
2020-08-07 14:08:47,268 __iter__: Reading lattice file `/tmp/55030164/lattices/dspm031_dsp2013_15.lat.gz´.
2020-08-07 14:08:47,344 decode: Utterance `dspm031_dsp2013_15´ -- 4 of job 68
2020-08-07 14:08:50,639 __iter__: Reading lattice file `/tmp/55030164/lattices/dspm040_dsp2013_10.lat.gz´.
2020-08-07 14:08:51,076 decode: Utterance `dspm040_dsp2013_10´ -- 5 of job 68
2020-08-07 14:09:06,172 __iter__: Reading lattice file `/tmp/55030164/lattices/dspm049_dsp2013_12.lat.gz´.
2020-08-07 14:09:06,809 decode: Utterance `dspm049_dsp2013_12´ -- 6 of job 68
2020-08-07 14:09:25,941 __iter__: Reading lattice file `/tmp/55030164/lattices/dspm057_dsp2013_17.lat.gz´.
2020-08-07 14:09:26,011 decode: Utterance `dspm057_dsp2013_17´ -- 7 of job 68
2020-08-07 14:09:29,138 __iter__: Reading lattice file `/tmp/55030164/lattices/radioshaka_kbk20120915_32.lat.gz´.
2020-08-07 14:09:29,253 decode: Utterance `radioshaka_kbk20120915_32´ -- 8 of job 68
/scratch/work/groszt1/envs/theanoLM/lib/python3.7/site-packages/theano/gpuarray/dnn.py:184: UserWarning: Your cuDNN version is more recent than Theano. If you encounter problems, try updating Theano or downgrading cuDNN to a version >= v5 and <= v7.
  warnings.warn("Your cuDNN version is more recent than "
Using cuDNN version 7600 on context None
Mapped name None to device cuda0: Tesla V100-PCIE-32GB (0000:86:00.0)
/scratch/work/groszt1/envs/theanoLM/lib/python3.7/site-packages/h5py-2.9.0-py3.7-linux-x86_64.egg/h5py/_hl/dataset.py:313: H5pyDeprecationWarning: dataset.value has been deprecated. Use dataset[()] instead.
  "Use dataset[()] instead.", H5pyDeprecationWarning)
/scratch/work/groszt1/envs/theanoLM/lib/python3.7/site-packages/h5py-2.9.0-py3.7-linux-x86_64.egg/h5py/_hl/dataset.py:313: H5pyDeprecationWarning: dataset.value has been deprecated. Use dataset[()] instead.
  "Use dataset[()] instead.", H5pyDeprecationWarning)
decode_theanolm finished.
/tmp/55030164/lattices
floatX=float32,device=cuda0,base_compiledir=/tmp/theano,exception_verbosity=high,openmp=False
/scratch/work/groszt1/envs/theanoLM/lib/python3.7/site-packages/theano/gpuarray/dnn.py:184: UserWarning: Your cuDNN version is more recent than Theano. If you encounter problems, try updating Theano or downgrading cuDNN to a version >= v5 and <= v7.
  warnings.warn("Your cuDNN version is more recent than "
Using cuDNN version 7600 on context None
Mapped name None to device cuda0: Tesla V100-PCIE-32GB (0000:86:00.0)
TheanoLM 1.3.2
Theano 1.0.4
pygpu 0.7.6
==
+ srun --gres=gpu:1 theanolm decode /scratch/work/moisioa3/conv_lm/experiments/theanolm-100k/expt10/nnlm.h5 --lattice-list /tmp/55030164/lattices/lattice-list --output-file /scratch/work/moisioa3/conv_lm/experiments/theanolm-100k/expt10/decode/devel/lambda=0.5-lms=10/68.trn --output trn --nnlm-weight 0.5 --lm-scale 10 --max-tokens-per-node 62 --beam 650 --recombination-order 22 --num-jobs 128 --job 68 --shortlist --unk-penalty=-20
2020-08-07 14:09:38,523 get_default_device: Context None device="Tesla V100-PCIE-32GB" ID="0000:86:00.0"
2020-08-07 14:09:38,524 from_file: Reading vocabulary from network state.
2020-08-07 14:09:41,072 from_file: Number of words in vocabulary: 2427252
2020-08-07 14:09:41,073 from_file: Number of words in shortlist: 100003
2020-08-07 14:09:41,073 from_file: Number of word classes: 100003
2020-08-07 14:09:41,073 from_file: Building neural network.
2020-08-07 14:10:15,259 from_file: Restoring neural network state.
2020-08-07 14:10:15,994 decode: Building word lattice decoder.
2020-08-07 14:10:20,344 __iter__: Reading lattice file `/tmp/55030164/lattices/dspm004_dsp2013_09.lat.gz´.
2020-08-07 14:10:20,738 decode: Utterance `dspm004_dsp2013_09´ -- 1 of job 68
2020-08-07 14:10:33,761 __iter__: Reading lattice file `/tmp/55030164/lattices/dspm014_dsp2013_07.lat.gz´.
2020-08-07 14:10:33,876 decode: Utterance `dspm014_dsp2013_07´ -- 2 of job 68
2020-08-07 14:10:38,039 __iter__: Reading lattice file `/tmp/55030164/lattices/dspm022_dsp2013_02.lat.gz´.
2020-08-07 14:10:38,064 decode: Utterance `dspm022_dsp2013_02´ -- 3 of job 68
2020-08-07 14:10:38,818 __iter__: Reading lattice file `/tmp/55030164/lattices/dspm031_dsp2013_15.lat.gz´.
2020-08-07 14:10:38,897 decode: Utterance `dspm031_dsp2013_15´ -- 4 of job 68
2020-08-07 14:10:42,229 __iter__: Reading lattice file `/tmp/55030164/lattices/dspm040_dsp2013_10.lat.gz´.
2020-08-07 14:10:42,688 decode: Utterance `dspm040_dsp2013_10´ -- 5 of job 68
2020-08-07 14:10:58,436 __iter__: Reading lattice file `/tmp/55030164/lattices/dspm049_dsp2013_12.lat.gz´.
2020-08-07 14:10:59,101 decode: Utterance `dspm049_dsp2013_12´ -- 6 of job 68
2020-08-07 14:11:18,223 __iter__: Reading lattice file `/tmp/55030164/lattices/dspm057_dsp2013_17.lat.gz´.
2020-08-07 14:11:18,296 decode: Utterance `dspm057_dsp2013_17´ -- 7 of job 68
2020-08-07 14:11:21,483 __iter__: Reading lattice file `/tmp/55030164/lattices/radioshaka_kbk20120915_32.lat.gz´.
2020-08-07 14:11:21,603 decode: Utterance `radioshaka_kbk20120915_32´ -- 8 of job 68
/scratch/work/groszt1/envs/theanoLM/lib/python3.7/site-packages/theano/gpuarray/dnn.py:184: UserWarning: Your cuDNN version is more recent than Theano. If you encounter problems, try updating Theano or downgrading cuDNN to a version >= v5 and <= v7.
  warnings.warn("Your cuDNN version is more recent than "
Using cuDNN version 7600 on context None
Mapped name None to device cuda0: Tesla V100-PCIE-32GB (0000:86:00.0)
/scratch/work/groszt1/envs/theanoLM/lib/python3.7/site-packages/h5py-2.9.0-py3.7-linux-x86_64.egg/h5py/_hl/dataset.py:313: H5pyDeprecationWarning: dataset.value has been deprecated. Use dataset[()] instead.
  "Use dataset[()] instead.", H5pyDeprecationWarning)
/scratch/work/groszt1/envs/theanoLM/lib/python3.7/site-packages/h5py-2.9.0-py3.7-linux-x86_64.egg/h5py/_hl/dataset.py:313: H5pyDeprecationWarning: dataset.value has been deprecated. Use dataset[()] instead.
  "Use dataset[()] instead.", H5pyDeprecationWarning)
decode_theanolm finished.
