EXPT_NAME theanolm-100k
EXPT_PARAMS expt10
EXPT_WORK_DIR /scratch/work/moisioa3/conv_lm/experiments/theanolm-100k/expt10
Experiment: theanolm-100k/expt10
Job ID: 54324196
Task ID: 25
Host: gpu22.int.triton.aalto.fi
Start date: Sun Jun 28 15:29:30 EEST 2020
Work directory: /scratch/work/moisioa3/conv_lm/experiments/theanolm-100k/expt10
Temporary directory: /tmp/54324196

Currently Loaded Modules:
  1) speech-scripts/2016.05.24-b928230   6) binutils/2.25-GCCcore-5.4.0
  2) srilm/default                       7) GCC/5.4.0-2.25
  3) cuda/10.0.130                       8) libgpuarray/2017.03.29-45c731f
  4) cudnn/7.4.2-cuda                    9) anaconda3/latest
  5) GCCcore/5.4.0

 

/tmp/54324196/lattices
floatX=float32,device=cuda0,base_compiledir=/tmp/theano,exception_verbosity=high,openmp=False
INFO (theano.gof.compilelock): Waiting for existing lock by unknown process (I am process '4788')
INFO (theano.gof.compilelock): To manually release the lock, delete /tmp/theano/compiledir_Linux-3.10-el7.x86_64-x86_64-with-centos-7.8.2003-Core-x86_64-3.7.3-64/lock_dir
/scratch/work/groszt1/envs/theanoLM/lib/python3.7/site-packages/theano/gpuarray/dnn.py:184: UserWarning: Your cuDNN version is more recent than Theano. If you encounter problems, try updating Theano or downgrading cuDNN to a version >= v5 and <= v7.
  warnings.warn("Your cuDNN version is more recent than "
Using cuDNN version 7600 on context None
Mapped name None to device cuda0: Tesla K80 (0000:88:00.0)
TheanoLM 1.3.2
Theano 1.0.4
pygpu 0.7.6
==
+ srun --gres=gpu:1 theanolm decode /scratch/work/moisioa3/conv_lm/experiments/theanolm-100k/expt10/nnlm.h5 --lattice-list /tmp/54324196/lattices/lattice-list --output-file /scratch/work/moisioa3/conv_lm/experiments/theanolm-100k/expt10/decode/devel/lambda=0.5-lms=13/5.trn --output trn --nnlm-weight 0.5 --lm-scale 13 --max-tokens-per-node 62 --beam 650 --recombination-order 22 --num-jobs 10 --job 5 --shortlist --unk-penalty=-20
2020-06-28 15:30:06,405 get_default_device: Context None device="Tesla K80" ID="0000:88:00.0"
2020-06-28 15:30:06,406 from_file: Reading vocabulary from network state.
2020-06-28 15:30:09,443 from_file: Number of words in vocabulary: 2427252
2020-06-28 15:30:09,444 from_file: Number of words in shortlist: 100003
2020-06-28 15:30:09,444 from_file: Number of word classes: 100003
2020-06-28 15:30:09,444 from_file: Building neural network.
2020-06-28 15:30:55,828 from_file: Restoring neural network state.
2020-06-28 15:30:57,085 decode: Building word lattice decoder.
/scratch/work/groszt1/envs/theanoLM/lib/python3.7/site-packages/theano/gpuarray/dnn.py:184: UserWarning: Your cuDNN version is more recent than Theano. If you encounter problems, try updating Theano or downgrading cuDNN to a version >= v5 and <= v7.
  warnings.warn("Your cuDNN version is more recent than "
Using cuDNN version 7600 on context None
Mapped name None to device cuda0: Tesla K80 (0000:88:00.0)
/scratch/work/groszt1/envs/theanoLM/lib/python3.7/site-packages/h5py-2.9.0-py3.7-linux-x86_64.egg/h5py/_hl/dataset.py:313: H5pyDeprecationWarning: dataset.value has been deprecated. Use dataset[()] instead.
  "Use dataset[()] instead.", H5pyDeprecationWarning)
/scratch/work/groszt1/envs/theanoLM/lib/python3.7/site-packages/h5py-2.9.0-py3.7-linux-x86_64.egg/h5py/_hl/dataset.py:313: H5pyDeprecationWarning: dataset.value has been deprecated. Use dataset[()] instead.
  "Use dataset[()] instead.", H5pyDeprecationWarning)
INFO (theano.gof.compilelock): Waiting for existing lock by process '4990' (I am process '5191')
2020-06-28 15:31:22,566 lock: Waiting for existing lock by process '4990' (I am process '5191')
INFO (theano.gof.compilelock): To manually release the lock, delete /tmp/theano/compiledir_Linux-3.10-el7.x86_64-x86_64-with-centos-7.8.2003-Core-x86_64-3.7.3-64/lock_dir
2020-06-28 15:31:22,566 lock: To manually release the lock, delete /tmp/theano/compiledir_Linux-3.10-el7.x86_64-x86_64-with-centos-7.8.2003-Core-x86_64-3.7.3-64/lock_dir
INFO (theano.gof.compilelock): Waiting for existing lock by process '5327' (I am process '5191')
2020-06-28 15:31:32,233 lock: Waiting for existing lock by process '5327' (I am process '5191')
INFO (theano.gof.compilelock): To manually release the lock, delete /tmp/theano/compiledir_Linux-3.10-el7.x86_64-x86_64-with-centos-7.8.2003-Core-x86_64-3.7.3-64/lock_dir
2020-06-28 15:31:32,234 lock: To manually release the lock, delete /tmp/theano/compiledir_Linux-3.10-el7.x86_64-x86_64-with-centos-7.8.2003-Core-x86_64-3.7.3-64/lock_dir
INFO (theano.gof.compilelock): Waiting for existing lock by process '5414' (I am process '5191')
2020-06-28 15:31:40,527 lock: Waiting for existing lock by process '5414' (I am process '5191')
INFO (theano.gof.compilelock): To manually release the lock, delete /tmp/theano/compiledir_Linux-3.10-el7.x86_64-x86_64-with-centos-7.8.2003-Core-x86_64-3.7.3-64/lock_dir
2020-06-28 15:31:40,528 lock: To manually release the lock, delete /tmp/theano/compiledir_Linux-3.10-el7.x86_64-x86_64-with-centos-7.8.2003-Core-x86_64-3.7.3-64/lock_dir
INFO (theano.gof.compilelock): Waiting for existing lock by process '5248' (I am process '5191')
2020-06-28 15:31:53,278 lock: Waiting for existing lock by process '5248' (I am process '5191')
INFO (theano.gof.compilelock): To manually release the lock, delete /tmp/theano/compiledir_Linux-3.10-el7.x86_64-x86_64-with-centos-7.8.2003-Core-x86_64-3.7.3-64/lock_dir
2020-06-28 15:31:53,279 lock: To manually release the lock, delete /tmp/theano/compiledir_Linux-3.10-el7.x86_64-x86_64-with-centos-7.8.2003-Core-x86_64-3.7.3-64/lock_dir
INFO (theano.gof.compilelock): Waiting for existing lock by process '5102' (I am process '5191')
2020-06-28 15:31:58,499 lock: Waiting for existing lock by process '5102' (I am process '5191')
INFO (theano.gof.compilelock): To manually release the lock, delete /tmp/theano/compiledir_Linux-3.10-el7.x86_64-x86_64-with-centos-7.8.2003-Core-x86_64-3.7.3-64/lock_dir
2020-06-28 15:31:58,499 lock: To manually release the lock, delete /tmp/theano/compiledir_Linux-3.10-el7.x86_64-x86_64-with-centos-7.8.2003-Core-x86_64-3.7.3-64/lock_dir
2020-06-28 15:32:06,422 __iter__: Reading lattice file `/tmp/54324196/lattices/dspf004_dsp2013_07.lat.gz´.
2020-06-28 15:32:06,527 decode: Utterance `dspf004_dsp2013_07´ -- 1 of job 5
2020-06-28 15:32:20,135 __iter__: Reading lattice file `/tmp/54324196/lattices/dspf004_dsp2013_17.lat.gz´.
2020-06-28 15:32:20,211 decode: Utterance `dspf004_dsp2013_17´ -- 2 of job 5
2020-06-28 15:32:28,573 __iter__: Reading lattice file `/tmp/54324196/lattices/dspf007_dsp2013_06.lat.gz´.
2020-06-28 15:32:28,681 decode: Utterance `dspf007_dsp2013_06´ -- 3 of job 5
2020-06-28 15:32:45,412 __iter__: Reading lattice file `/tmp/54324196/lattices/dspf007_dsp2013_16.lat.gz´.
2020-06-28 15:32:46,570 decode: Utterance `dspf007_dsp2013_16´ -- 4 of job 5
2020-06-28 15:34:43,951 __iter__: Reading lattice file `/tmp/54324196/lattices/dspm001_dsp2013_06.lat.gz´.
2020-06-28 15:34:44,047 decode: Utterance `dspm001_dsp2013_06´ -- 5 of job 5
2020-06-28 15:34:51,180 __iter__: Reading lattice file `/tmp/54324196/lattices/dspm001_dsp2013_16.lat.gz´.
2020-06-28 15:34:51,185 decode: Utterance `dspm001_dsp2013_16´ -- 6 of job 5
2020-06-28 15:34:51,525 __iter__: Reading lattice file `/tmp/54324196/lattices/dspm004_dsp2013_06.lat.gz´.
2020-06-28 15:34:52,016 decode: Utterance `dspm004_dsp2013_06´ -- 7 of job 5
2020-06-28 15:35:31,011 __iter__: Reading lattice file `/tmp/54324196/lattices/dspm004_dsp2013_16.lat.gz´.
2020-06-28 15:35:31,450 decode: Utterance `dspm004_dsp2013_16´ -- 8 of job 5
2020-06-28 15:36:21,491 __iter__: Reading lattice file `/tmp/54324196/lattices/dspm005_dsp2013_06.lat.gz´.
2020-06-28 15:36:21,610 decode: Utterance `dspm005_dsp2013_06´ -- 9 of job 5
2020-06-28 15:36:34,457 __iter__: Reading lattice file `/tmp/54324196/lattices/dspm005_dsp2013_16.lat.gz´.
2020-06-28 15:36:34,590 decode: Utterance `dspm005_dsp2013_16´ -- 10 of job 5
2020-06-28 15:36:48,825 __iter__: Reading lattice file `/tmp/54324196/lattices/dspm006_dsp2013_06.lat.gz´.
2020-06-28 15:36:48,883 decode: Utterance `dspm006_dsp2013_06´ -- 11 of job 5
2020-06-28 15:36:54,528 __iter__: Reading lattice file `/tmp/54324196/lattices/dspm006_dsp2013_19.lat.gz´.
2020-06-28 15:36:54,563 decode: Utterance `dspm006_dsp2013_19´ -- 12 of job 5
2020-06-28 15:36:57,695 __iter__: Reading lattice file `/tmp/54324196/lattices/dspm007_dsp2013_04.lat.gz´.
2020-06-28 15:36:58,232 decode: Utterance `dspm007_dsp2013_04´ -- 13 of job 5
2020-06-28 15:37:51,235 __iter__: Reading lattice file `/tmp/54324196/lattices/dspm007_dsp2013_17.lat.gz´.
2020-06-28 15:37:53,878 decode: Utterance `dspm007_dsp2013_17´ -- 14 of job 5
2020-06-28 15:41:57,512 __iter__: Reading lattice file `/tmp/54324196/lattices/dspm007_dsp2013_27.lat.gz´.
2020-06-28 15:41:57,549 decode: Utterance `dspm007_dsp2013_27´ -- 15 of job 5
2020-06-28 15:41:59,433 __iter__: Reading lattice file `/tmp/54324196/lattices/dspm010_dsp2013_08.lat.gz´.
2020-06-28 15:41:59,990 decode: Utterance `dspm010_dsp2013_08´ -- 16 of job 5
2020-06-28 15:43:22,046 __iter__: Reading lattice file `/tmp/54324196/lattices/dspm010_dsp2013_24.lat.gz´.
2020-06-28 15:43:26,388 decode: Utterance `dspm010_dsp2013_24´ -- 17 of job 5
2020-06-28 15:50:12,657 __iter__: Reading lattice file `/tmp/54324196/lattices/dspm011_dsp2013_08.lat.gz´.
2020-06-28 15:50:12,745 decode: Utterance `dspm011_dsp2013_08´ -- 18 of job 5
2020-06-28 15:50:21,874 __iter__: Reading lattice file `/tmp/54324196/lattices/dspm011_dsp2013_18.lat.gz´.
2020-06-28 15:50:22,079 decode: Utterance `dspm011_dsp2013_18´ -- 19 of job 5
2020-06-28 15:50:46,823 __iter__: Reading lattice file `/tmp/54324196/lattices/dspm014_dsp2013_02.lat.gz´.
2020-06-28 15:50:47,325 decode: Utterance `dspm014_dsp2013_02´ -- 20 of job 5
2020-06-28 15:51:44,446 __iter__: Reading lattice file `/tmp/54324196/lattices/dspm014_dsp2013_25.lat.gz´.
2020-06-28 15:51:44,516 decode: Utterance `dspm014_dsp2013_25´ -- 21 of job 5
2020-06-28 15:51:51,977 __iter__: Reading lattice file `/tmp/54324196/lattices/dspm015_dsp2013_02.lat.gz´.
2020-06-28 15:51:52,507 decode: Utterance `dspm015_dsp2013_02´ -- 22 of job 5
2020-06-28 15:52:36,946 __iter__: Reading lattice file `/tmp/54324196/lattices/dspm015_dsp2013_12.lat.gz´.
2020-06-28 15:52:37,053 decode: Utterance `dspm015_dsp2013_12´ -- 23 of job 5
2020-06-28 15:52:45,280 __iter__: Reading lattice file `/tmp/54324196/lattices/dspm017_dsp2013_103.lat.gz´.
2020-06-28 15:52:45,536 decode: Utterance `dspm017_dsp2013_103´ -- 24 of job 5
2020-06-28 15:53:05,478 __iter__: Reading lattice file `/tmp/54324196/lattices/dspm017_dsp2013_38.lat.gz´.
2020-06-28 15:53:07,480 decode: Utterance `dspm017_dsp2013_38´ -- 25 of job 5
2020-06-28 15:57:36,219 __iter__: Reading lattice file `/tmp/54324196/lattices/dspm017_dsp2013_79.lat.gz´.
2020-06-28 15:57:36,334 decode: Utterance `dspm017_dsp2013_79´ -- 26 of job 5
2020-06-28 15:57:46,937 __iter__: Reading lattice file `/tmp/54324196/lattices/dspm018_dsp2013_08.lat.gz´.
2020-06-28 15:57:47,001 decode: Utterance `dspm018_dsp2013_08´ -- 27 of job 5
2020-06-28 15:57:55,147 __iter__: Reading lattice file `/tmp/54324196/lattices/dspm018_dsp2013_18.lat.gz´.
2020-06-28 15:57:55,170 decode: Utterance `dspm018_dsp2013_18´ -- 28 of job 5
2020-06-28 15:57:57,346 __iter__: Reading lattice file `/tmp/54324196/lattices/dspm019_dsp2013_06.lat.gz´.
2020-06-28 15:57:57,378 decode: Utterance `dspm019_dsp2013_06´ -- 29 of job 5
2020-06-28 15:58:00,072 __iter__: Reading lattice file `/tmp/54324196/lattices/dspm019_dsp2013_17.lat.gz´.
2020-06-28 15:58:00,079 decode: Utterance `dspm019_dsp2013_17´ -- 30 of job 5
2020-06-28 15:58:00,737 __iter__: Reading lattice file `/tmp/54324196/lattices/dspm021_dsp2013_07.lat.gz´.
2020-06-28 15:58:01,065 decode: Utterance `dspm021_dsp2013_07´ -- 31 of job 5
2020-06-28 15:58:47,983 __iter__: Reading lattice file `/tmp/54324196/lattices/dspm021_dsp2013_17.lat.gz´.
2020-06-28 15:58:48,020 decode: Utterance `dspm021_dsp2013_17´ -- 32 of job 5
2020-06-28 15:58:52,347 __iter__: Reading lattice file `/tmp/54324196/lattices/dspm022_dsp2013_03.lat.gz´.
2020-06-28 15:58:52,443 decode: Utterance `dspm022_dsp2013_03´ -- 33 of job 5
2020-06-28 15:59:02,660 __iter__: Reading lattice file `/tmp/54324196/lattices/dspm022_dsp2013_13.lat.gz´.
2020-06-28 15:59:02,675 decode: Utterance `dspm022_dsp2013_13´ -- 34 of job 5
2020-06-28 15:59:04,289 __iter__: Reading lattice file `/tmp/54324196/lattices/dspm022_dsp2013_23.lat.gz´.
2020-06-28 15:59:04,325 decode: Utterance `dspm022_dsp2013_23´ -- 35 of job 5
2020-06-28 15:59:08,414 __iter__: Reading lattice file `/tmp/54324196/lattices/dspm022_dsp2013_33.lat.gz´.
2020-06-28 15:59:08,713 decode: Utterance `dspm022_dsp2013_33´ -- 36 of job 5
2020-06-28 15:59:44,562 __iter__: Reading lattice file `/tmp/54324196/lattices/dspm024_dsp2013_09.lat.gz´.
2020-06-28 15:59:45,333 decode: Utterance `dspm024_dsp2013_09´ -- 37 of job 5
2020-06-28 16:01:15,446 __iter__: Reading lattice file `/tmp/54324196/lattices/dspm024_dsp2013_20.lat.gz´.
2020-06-28 16:01:15,622 decode: Utterance `dspm024_dsp2013_20´ -- 38 of job 5
2020-06-28 16:01:31,614 __iter__: Reading lattice file `/tmp/54324196/lattices/dspm025_dsp2013_16.lat.gz´.
2020-06-28 16:01:31,641 decode: Utterance `dspm025_dsp2013_16´ -- 39 of job 5
2020-06-28 16:01:34,014 __iter__: Reading lattice file `/tmp/54324196/lattices/dspm025_dsp2013_28.lat.gz´.
2020-06-28 16:01:34,061 decode: Utterance `dspm025_dsp2013_28´ -- 40 of job 5
2020-06-28 16:01:37,924 __iter__: Reading lattice file `/tmp/54324196/lattices/dspm026_dsp2013_08.lat.gz´.
2020-06-28 16:01:38,086 decode: Utterance `dspm026_dsp2013_08´ -- 41 of job 5
2020-06-28 16:01:52,903 __iter__: Reading lattice file `/tmp/54324196/lattices/dspm026_dsp2013_18.lat.gz´.
2020-06-28 16:01:53,273 decode: Utterance `dspm026_dsp2013_18´ -- 42 of job 5
2020-06-28 16:02:33,221 __iter__: Reading lattice file `/tmp/54324196/lattices/dspm028_dsp2013_08.lat.gz´.
2020-06-28 16:02:34,382 decode: Utterance `dspm028_dsp2013_08´ -- 43 of job 5
2020-06-28 16:04:26,228 __iter__: Reading lattice file `/tmp/54324196/lattices/dspm028_dsp2013_18.lat.gz´.
2020-06-28 16:04:26,261 decode: Utterance `dspm028_dsp2013_18´ -- 44 of job 5
2020-06-28 16:04:28,982 __iter__: Reading lattice file `/tmp/54324196/lattices/dspm031_dsp2013_08.lat.gz´.
2020-06-28 16:04:28,988 decode: Utterance `dspm031_dsp2013_08´ -- 45 of job 5
2020-06-28 16:04:29,383 __iter__: Reading lattice file `/tmp/54324196/lattices/dspm031_dsp2013_18.lat.gz´.
2020-06-28 16:04:29,459 decode: Utterance `dspm031_dsp2013_18´ -- 46 of job 5
2020-06-28 16:04:40,691 __iter__: Reading lattice file `/tmp/54324196/lattices/dspm032_dsp2013_03.lat.gz´.
2020-06-28 16:04:40,693 decode: Utterance `dspm032_dsp2013_03´ -- 47 of job 5
2020-06-28 16:04:40,850 __iter__: Reading lattice file `/tmp/54324196/lattices/dspm032_dsp2013_13.lat.gz´.
2020-06-28 16:04:41,390 decode: Utterance `dspm032_dsp2013_13´ -- 48 of job 5
2020-06-28 16:05:30,203 __iter__: Reading lattice file `/tmp/54324196/lattices/dspm032_dsp2013_23.lat.gz´.
2020-06-28 16:05:30,205 decode: Utterance `dspm032_dsp2013_23´ -- 49 of job 5
2020-06-28 16:05:30,313 __iter__: Reading lattice file `/tmp/54324196/lattices/dspm033_dsp2013_28.lat.gz´.
2020-06-28 16:05:30,373 decode: Utterance `dspm033_dsp2013_28´ -- 50 of job 5
2020-06-28 16:05:36,623 __iter__: Reading lattice file `/tmp/54324196/lattices/dspm033_dsp2013_50.lat.gz´.
2020-06-28 16:05:38,203 decode: Utterance `dspm033_dsp2013_50´ -- 51 of job 5
2020-06-28 16:08:19,421 __iter__: Reading lattice file `/tmp/54324196/lattices/dspm034_dsp2013_09.lat.gz´.
2020-06-28 16:08:19,454 decode: Utterance `dspm034_dsp2013_09´ -- 52 of job 5
2020-06-28 16:08:23,245 __iter__: Reading lattice file `/tmp/54324196/lattices/dspm034_dsp2013_19.lat.gz´.
2020-06-28 16:08:23,250 decode: Utterance `dspm034_dsp2013_19´ -- 53 of job 5
2020-06-28 16:08:23,625 __iter__: Reading lattice file `/tmp/54324196/lattices/dspm036_dsp2013_33.lat.gz´.
2020-06-28 16:08:24,311 decode: Utterance `dspm036_dsp2013_33´ -- 54 of job 5
2020-06-28 16:09:40,792 __iter__: Reading lattice file `/tmp/54324196/lattices/dspm036_dsp2013_44.lat.gz´.
2020-06-28 16:09:41,217 decode: Utterance `dspm036_dsp2013_44´ -- 55 of job 5
2020-06-28 16:10:32,590 __iter__: Reading lattice file `/tmp/54324196/lattices/dspm039_dsp2013_11.lat.gz´.
2020-06-28 16:10:33,286 decode: Utterance `dspm039_dsp2013_11´ -- 56 of job 5
2020-06-28 16:11:52,918 __iter__: Reading lattice file `/tmp/54324196/lattices/dspm039_dsp2013_22.lat.gz´.
2020-06-28 16:11:53,018 decode: Utterance `dspm039_dsp2013_22´ -- 57 of job 5
2020-06-28 16:12:05,723 __iter__: Reading lattice file `/tmp/54324196/lattices/dspm040_dsp2013_05.lat.gz´.
2020-06-28 16:12:05,812 decode: Utterance `dspm040_dsp2013_05´ -- 58 of job 5
2020-06-28 16:12:13,077 __iter__: Reading lattice file `/tmp/54324196/lattices/dspm040_dsp2013_15.lat.gz´.
2020-06-28 16:12:13,230 decode: Utterance `dspm040_dsp2013_15´ -- 59 of job 5
2020-06-28 16:12:33,196 __iter__: Reading lattice file `/tmp/54324196/lattices/dspm042_dsp2013_05.lat.gz´.
2020-06-28 16:12:33,251 decode: Utterance `dspm042_dsp2013_05´ -- 60 of job 5
2020-06-28 16:12:39,059 __iter__: Reading lattice file `/tmp/54324196/lattices/dspm042_dsp2013_17.lat.gz´.
2020-06-28 16:12:39,072 decode: Utterance `dspm042_dsp2013_17´ -- 61 of job 5
2020-06-28 16:12:40,791 __iter__: Reading lattice file `/tmp/54324196/lattices/dspm043_dsp2013_07.lat.gz´.
2020-06-28 16:12:40,945 decode: Utterance `dspm043_dsp2013_07´ -- 62 of job 5
2020-06-28 16:12:54,290 __iter__: Reading lattice file `/tmp/54324196/lattices/dspm043_dsp2013_21.lat.gz´.
2020-06-28 16:12:54,451 decode: Utterance `dspm043_dsp2013_21´ -- 63 of job 5
2020-06-28 16:13:12,261 __iter__: Reading lattice file `/tmp/54324196/lattices/dspm043_dsp2013_39.lat.gz´.
2020-06-28 16:13:12,329 decode: Utterance `dspm043_dsp2013_39´ -- 64 of job 5
2020-06-28 16:13:22,037 __iter__: Reading lattice file `/tmp/54324196/lattices/dspm045_dsp2013_10.lat.gz´.
2020-06-28 16:13:22,178 decode: Utterance `dspm045_dsp2013_10´ -- 65 of job 5
2020-06-28 16:13:35,893 __iter__: Reading lattice file `/tmp/54324196/lattices/dspm045_dsp2013_20.lat.gz´.
2020-06-28 16:13:37,125 decode: Utterance `dspm045_dsp2013_20´ -- 66 of job 5
2020-06-28 16:15:52,231 __iter__: Reading lattice file `/tmp/54324196/lattices/dspm047_dsp2013_10.lat.gz´.
2020-06-28 16:15:52,260 decode: Utterance `dspm047_dsp2013_10´ -- 67 of job 5
2020-06-28 16:15:54,613 __iter__: Reading lattice file `/tmp/54324196/lattices/dspm047_dsp2013_20.lat.gz´.
2020-06-28 16:15:54,641 decode: Utterance `dspm047_dsp2013_20´ -- 68 of job 5
2020-06-28 16:15:56,521 __iter__: Reading lattice file `/tmp/54324196/lattices/dspm048_dsp2013_10.lat.gz´.
2020-06-28 16:15:56,773 decode: Utterance `dspm048_dsp2013_10´ -- 69 of job 5
2020-06-28 16:16:23,624 __iter__: Reading lattice file `/tmp/54324196/lattices/dspm048_dsp2013_20.lat.gz´.
2020-06-28 16:16:24,019 decode: Utterance `dspm048_dsp2013_20´ -- 70 of job 5
2020-06-28 16:17:17,429 __iter__: Reading lattice file `/tmp/54324196/lattices/dspm049_dsp2013_09.lat.gz´.
2020-06-28 16:17:18,962 decode: Utterance `dspm049_dsp2013_09´ -- 71 of job 5
2020-06-28 16:19:29,414 __iter__: Reading lattice file `/tmp/54324196/lattices/dspm049_dsp2013_19.lat.gz´.
2020-06-28 16:19:29,528 decode: Utterance `dspm049_dsp2013_19´ -- 72 of job 5
2020-06-28 16:19:40,441 __iter__: Reading lattice file `/tmp/54324196/lattices/dspm050_dsp2013_17.lat.gz´.
2020-06-28 16:19:40,492 decode: Utterance `dspm050_dsp2013_17´ -- 73 of job 5
2020-06-28 16:19:45,469 __iter__: Reading lattice file `/tmp/54324196/lattices/dspm050_dsp2013_29.lat.gz´.
2020-06-28 16:19:45,555 decode: Utterance `dspm050_dsp2013_29´ -- 74 of job 5
2020-06-28 16:19:48,886 __iter__: Reading lattice file `/tmp/54324196/lattices/dspm052_dsp2013_07.lat.gz´.
2020-06-28 16:19:48,918 decode: Utterance `dspm052_dsp2013_07´ -- 75 of job 5
2020-06-28 16:19:51,360 __iter__: Reading lattice file `/tmp/54324196/lattices/dspm052_dsp2013_17.lat.gz´.
2020-06-28 16:19:51,393 decode: Utterance `dspm052_dsp2013_17´ -- 76 of job 5
2020-06-28 16:19:54,315 __iter__: Reading lattice file `/tmp/54324196/lattices/dspm054_dsp2013_08.lat.gz´.
2020-06-28 16:19:54,474 decode: Utterance `dspm054_dsp2013_08´ -- 77 of job 5
2020-06-28 16:20:14,349 __iter__: Reading lattice file `/tmp/54324196/lattices/dspm054_dsp2013_19.lat.gz´.
2020-06-28 16:20:14,413 decode: Utterance `dspm054_dsp2013_19´ -- 78 of job 5
2020-06-28 16:20:20,307 __iter__: Reading lattice file `/tmp/54324196/lattices/dspm055_dsp2013_06.lat.gz´.
2020-06-28 16:20:20,318 decode: Utterance `dspm055_dsp2013_06´ -- 79 of job 5
2020-06-28 16:20:21,210 __iter__: Reading lattice file `/tmp/54324196/lattices/dspm055_dsp2013_16.lat.gz´.
2020-06-28 16:20:21,350 decode: Utterance `dspm055_dsp2013_16´ -- 80 of job 5
2020-06-28 16:20:37,290 __iter__: Reading lattice file `/tmp/54324196/lattices/dspm056_dsp2013_06.lat.gz´.
2020-06-28 16:20:37,358 decode: Utterance `dspm056_dsp2013_06´ -- 81 of job 5
2020-06-28 16:20:43,051 __iter__: Reading lattice file `/tmp/54324196/lattices/dspm056_dsp2013_16.lat.gz´.
2020-06-28 16:20:43,151 decode: Utterance `dspm056_dsp2013_16´ -- 82 of job 5
2020-06-28 16:20:52,011 __iter__: Reading lattice file `/tmp/54324196/lattices/dspm057_dsp2013_06.lat.gz´.
2020-06-28 16:20:52,319 decode: Utterance `dspm057_dsp2013_06´ -- 83 of job 5
2020-06-28 16:21:29,563 __iter__: Reading lattice file `/tmp/54324196/lattices/dspm057_dsp2013_16.lat.gz´.
2020-06-28 16:21:29,569 decode: Utterance `dspm057_dsp2013_16´ -- 84 of job 5
2020-06-28 16:21:29,952 __iter__: Reading lattice file `/tmp/54324196/lattices/dspm058_dsp2013_07.lat.gz´.
2020-06-28 16:21:30,401 decode: Utterance `dspm058_dsp2013_07´ -- 85 of job 5
2020-06-28 16:22:09,939 __iter__: Reading lattice file `/tmp/54324196/lattices/dspm058_dsp2013_18.lat.gz´.
2020-06-28 16:22:10,047 decode: Utterance `dspm058_dsp2013_18´ -- 86 of job 5
2020-06-28 16:22:20,403 __iter__: Reading lattice file `/tmp/54324196/lattices/radioanne_fym20071218_14.lat.gz´.
2020-06-28 16:22:20,507 decode: Utterance `radioanne_fym20071218_14´ -- 87 of job 5
2020-06-28 16:22:27,955 __iter__: Reading lattice file `/tmp/54324196/lattices/radiojake_kbk20120915_116.lat.gz´.
2020-06-28 16:22:28,225 decode: Utterance `radiojake_kbk20120915_116´ -- 88 of job 5
2020-06-28 16:22:52,262 __iter__: Reading lattice file `/tmp/54324196/lattices/radiojake_kbk20120915_26.lat.gz´.
2020-06-28 16:22:52,274 decode: Utterance `radiojake_kbk20120915_26´ -- 89 of job 5
2020-06-28 16:22:53,409 __iter__: Reading lattice file `/tmp/54324196/lattices/radiojake_kbk20120915_54.lat.gz´.
2020-06-28 16:22:53,433 decode: Utterance `radiojake_kbk20120915_54´ -- 90 of job 5
2020-06-28 16:22:56,435 __iter__: Reading lattice file `/tmp/54324196/lattices/radiojake_kbk20120915_85.lat.gz´.
2020-06-28 16:22:56,566 decode: Utterance `radiojake_kbk20120915_85´ -- 91 of job 5
2020-06-28 16:23:09,849 __iter__: Reading lattice file `/tmp/54324196/lattices/radiokassu_kbk20120915_113.lat.gz´.
2020-06-28 16:23:09,905 decode: Utterance `radiokassu_kbk20120915_113´ -- 92 of job 5
2020-06-28 16:23:14,978 __iter__: Reading lattice file `/tmp/54324196/lattices/radiokassu_kbk20120915_69.lat.gz´.
2020-06-28 16:23:15,034 decode: Utterance `radiokassu_kbk20120915_69´ -- 93 of job 5
2020-06-28 16:23:19,174 __iter__: Reading lattice file `/tmp/54324196/lattices/radionoona_fym20071218_20.lat.gz´.
2020-06-28 16:23:19,188 decode: Utterance `radionoona_fym20071218_20´ -- 94 of job 5
2020-06-28 16:23:20,010 __iter__: Reading lattice file `/tmp/54324196/lattices/radionoona_fym20071218_4.lat.gz´.
2020-06-28 16:23:20,065 decode: Utterance `radionoona_fym20071218_4´ -- 95 of job 5
2020-06-28 16:23:24,523 __iter__: Reading lattice file `/tmp/54324196/lattices/radioshaka_kbk20120915_15.lat.gz´.
2020-06-28 16:23:25,492 decode: Utterance `radioshaka_kbk20120915_15´ -- 96 of job 5
2020-06-28 16:24:54,230 __iter__: Reading lattice file `/tmp/54324196/lattices/radioshaka_kbk20120915_33.lat.gz´.
2020-06-28 16:24:54,237 decode: Utterance `radioshaka_kbk20120915_33´ -- 97 of job 5
2020-06-28 16:24:54,712 __iter__: Reading lattice file `/tmp/54324196/lattices/radioshaka_kbk20120915_64.lat.gz´.
2020-06-28 16:24:55,780 decode: Utterance `radioshaka_kbk20120915_64´ -- 98 of job 5
2020-06-28 16:27:03,804 __iter__: Reading lattice file `/tmp/54324196/lattices/radioshaka_kbk20120915_91.lat.gz´.
2020-06-28 16:27:03,889 decode: Utterance `radioshaka_kbk20120915_91´ -- 99 of job 5
decode_theanolm finished.
