EXPT_NAME theanolm-100k
EXPT_PARAMS expt10
EXPT_WORK_DIR /scratch/work/moisioa3/conv_lm/experiments/theanolm-100k/expt10
Experiment: theanolm-100k/expt10
Job ID: 55030081
Task ID: 39
Host: gpu21.int.triton.aalto.fi
Start date: Fri Aug  7 13:44:20 EEST 2020
Work directory: /scratch/work/moisioa3/conv_lm/experiments/theanolm-100k/expt10
Temporary directory: /tmp/55030081

Currently Loaded Modules:
  1) speech-scripts/2016.05.24-b928230   6) binutils/2.25-GCCcore-5.4.0
  2) srilm/default                       7) GCC/5.4.0-2.25
  3) cuda/10.0.130                       8) libgpuarray/2017.03.29-45c731f
  4) cudnn/7.4.2-cuda                    9) anaconda3/latest
  5) GCCcore/5.4.0

 

/tmp/55030081/lattices
floatX=float32,device=cuda0,base_compiledir=/tmp/theano,exception_verbosity=high,openmp=False
/scratch/work/groszt1/envs/theanoLM/lib/python3.7/site-packages/theano/gpuarray/dnn.py:184: UserWarning: Your cuDNN version is more recent than Theano. If you encounter problems, try updating Theano or downgrading cuDNN to a version >= v5 and <= v7.
  warnings.warn("Your cuDNN version is more recent than "
Using cuDNN version 7600 on context None
Mapped name None to device cuda0: Tesla K80 (0000:85:00.0)
TheanoLM 1.3.2
Theano 1.0.4
pygpu 0.7.6
==
+ srun --gres=gpu:1 theanolm decode /scratch/work/moisioa3/conv_lm/experiments/theanolm-100k/expt10/nnlm.h5 --lattice-list /tmp/55030081/lattices/lattice-list --output-file /scratch/work/moisioa3/conv_lm/experiments/theanolm-100k/expt10/decode/devel/lambda=1-lms=8/39.trn --output trn --nnlm-weight 1 --lm-scale 8 --max-tokens-per-node 62 --beam 650 --recombination-order 22 --num-jobs 128 --job 39 --shortlist --unk-penalty=-20
2020-08-07 13:45:09,673 get_default_device: Context None device="Tesla K80" ID="0000:85:00.0"
2020-08-07 13:45:09,676 from_file: Reading vocabulary from network state.
2020-08-07 13:45:13,053 from_file: Number of words in vocabulary: 2427252
2020-08-07 13:45:13,053 from_file: Number of words in shortlist: 100003
2020-08-07 13:45:13,054 from_file: Number of word classes: 100003
2020-08-07 13:45:13,054 from_file: Building neural network.
2020-08-07 13:46:11,217 from_file: Restoring neural network state.
2020-08-07 13:46:12,594 decode: Building word lattice decoder.
/scratch/work/groszt1/envs/theanoLM/lib/python3.7/site-packages/theano/gpuarray/dnn.py:184: UserWarning: Your cuDNN version is more recent than Theano. If you encounter problems, try updating Theano or downgrading cuDNN to a version >= v5 and <= v7.
  warnings.warn("Your cuDNN version is more recent than "
Using cuDNN version 7600 on context None
Mapped name None to device cuda0: Tesla K80 (0000:85:00.0)
/scratch/work/groszt1/envs/theanoLM/lib/python3.7/site-packages/h5py-2.9.0-py3.7-linux-x86_64.egg/h5py/_hl/dataset.py:313: H5pyDeprecationWarning: dataset.value has been deprecated. Use dataset[()] instead.
  "Use dataset[()] instead.", H5pyDeprecationWarning)
/scratch/work/groszt1/envs/theanoLM/lib/python3.7/site-packages/h5py-2.9.0-py3.7-linux-x86_64.egg/h5py/_hl/dataset.py:313: H5pyDeprecationWarning: dataset.value has been deprecated. Use dataset[()] instead.
  "Use dataset[()] instead.", H5pyDeprecationWarning)
INFO (theano.gof.compilelock): Waiting for existing lock by process '30513' (I am process '30570')
2020-08-07 13:46:46,113 lock: Waiting for existing lock by process '30513' (I am process '30570')
INFO (theano.gof.compilelock): To manually release the lock, delete /tmp/theano/compiledir_Linux-3.10-el7.x86_64-x86_64-with-centos-7.8.2003-Core-x86_64-3.7.3-64/lock_dir
2020-08-07 13:46:46,114 lock: To manually release the lock, delete /tmp/theano/compiledir_Linux-3.10-el7.x86_64-x86_64-with-centos-7.8.2003-Core-x86_64-3.7.3-64/lock_dir
2020-08-07 13:46:57,182 __iter__: Reading lattice file `/tmp/55030081/lattices/dspf007_dsp2013_20.lat.gz´.
2020-08-07 13:46:57,227 decode: Utterance `dspf007_dsp2013_20´ -- 1 of job 39
2020-08-07 13:47:00,833 __iter__: Reading lattice file `/tmp/55030081/lattices/dspm010_dsp2013_26.lat.gz´.
2020-08-07 13:47:01,141 decode: Utterance `dspm010_dsp2013_26´ -- 2 of job 39
2020-08-07 13:47:24,233 __iter__: Reading lattice file `/tmp/55030081/lattices/dspm019_dsp2013_17.lat.gz´.
2020-08-07 13:47:24,241 decode: Utterance `dspm019_dsp2013_17´ -- 3 of job 39
2020-08-07 13:47:24,827 __iter__: Reading lattice file `/tmp/55030081/lattices/dspm028_dsp2013_06.lat.gz´.
2020-08-07 13:47:25,224 decode: Utterance `dspm028_dsp2013_06´ -- 4 of job 39
2020-08-07 13:47:54,557 __iter__: Reading lattice file `/tmp/55030081/lattices/dspm039_dsp2013_07.lat.gz´.
2020-08-07 13:47:54,569 decode: Utterance `dspm039_dsp2013_07´ -- 5 of job 39
2020-08-07 13:47:55,330 __iter__: Reading lattice file `/tmp/55030081/lattices/dspm048_dsp2013_04.lat.gz´.
2020-08-07 13:47:55,362 decode: Utterance `dspm048_dsp2013_04´ -- 6 of job 39
2020-08-07 13:47:58,099 __iter__: Reading lattice file `/tmp/55030081/lattices/dspm056_dsp2013_08.lat.gz´.
2020-08-07 13:47:58,171 decode: Utterance `dspm056_dsp2013_08´ -- 7 of job 39
2020-08-07 13:48:02,690 __iter__: Reading lattice file `/tmp/55030081/lattices/radionoona_fym20071218_20.lat.gz´.
2020-08-07 13:48:02,705 decode: Utterance `radionoona_fym20071218_20´ -- 8 of job 39
decode_theanolm finished.
/tmp/55030081/lattices
floatX=float32,device=cuda0,base_compiledir=/tmp/theano,exception_verbosity=high,openmp=False
/scratch/work/groszt1/envs/theanoLM/lib/python3.7/site-packages/theano/gpuarray/dnn.py:184: UserWarning: Your cuDNN version is more recent than Theano. If you encounter problems, try updating Theano or downgrading cuDNN to a version >= v5 and <= v7.
  warnings.warn("Your cuDNN version is more recent than "
Using cuDNN version 7600 on context None
Mapped name None to device cuda0: Tesla K80 (0000:85:00.0)
TheanoLM 1.3.2
Theano 1.0.4
pygpu 0.7.6
==
+ srun --gres=gpu:1 theanolm decode /scratch/work/moisioa3/conv_lm/experiments/theanolm-100k/expt10/nnlm.h5 --lattice-list /tmp/55030081/lattices/lattice-list --output-file /scratch/work/moisioa3/conv_lm/experiments/theanolm-100k/expt10/decode/devel/lambda=1-lms=9/39.trn --output trn --nnlm-weight 1 --lm-scale 9 --max-tokens-per-node 62 --beam 650 --recombination-order 22 --num-jobs 128 --job 39 --shortlist --unk-penalty=-20
2020-08-07 13:48:10,128 get_default_device: Context None device="Tesla K80" ID="0000:85:00.0"
2020-08-07 13:48:10,129 from_file: Reading vocabulary from network state.
2020-08-07 13:48:13,583 from_file: Number of words in vocabulary: 2427252
2020-08-07 13:48:13,583 from_file: Number of words in shortlist: 100003
2020-08-07 13:48:13,584 from_file: Number of word classes: 100003
2020-08-07 13:48:13,584 from_file: Building neural network.
2020-08-07 13:49:07,922 from_file: Restoring neural network state.
2020-08-07 13:49:08,663 decode: Building word lattice decoder.
2020-08-07 13:49:14,146 __iter__: Reading lattice file `/tmp/55030081/lattices/dspf007_dsp2013_20.lat.gz´.
2020-08-07 13:49:14,191 decode: Utterance `dspf007_dsp2013_20´ -- 1 of job 39
2020-08-07 13:49:17,819 __iter__: Reading lattice file `/tmp/55030081/lattices/dspm010_dsp2013_26.lat.gz´.
2020-08-07 13:49:18,129 decode: Utterance `dspm010_dsp2013_26´ -- 2 of job 39
2020-08-07 13:49:41,173 __iter__: Reading lattice file `/tmp/55030081/lattices/dspm019_dsp2013_17.lat.gz´.
2020-08-07 13:49:41,181 decode: Utterance `dspm019_dsp2013_17´ -- 3 of job 39
2020-08-07 13:49:41,771 __iter__: Reading lattice file `/tmp/55030081/lattices/dspm028_dsp2013_06.lat.gz´.
2020-08-07 13:49:42,188 decode: Utterance `dspm028_dsp2013_06´ -- 4 of job 39
2020-08-07 13:50:12,310 __iter__: Reading lattice file `/tmp/55030081/lattices/dspm039_dsp2013_07.lat.gz´.
2020-08-07 13:50:12,322 decode: Utterance `dspm039_dsp2013_07´ -- 5 of job 39
2020-08-07 13:50:13,086 __iter__: Reading lattice file `/tmp/55030081/lattices/dspm048_dsp2013_04.lat.gz´.
2020-08-07 13:50:13,119 decode: Utterance `dspm048_dsp2013_04´ -- 6 of job 39
2020-08-07 13:50:15,919 __iter__: Reading lattice file `/tmp/55030081/lattices/dspm056_dsp2013_08.lat.gz´.
2020-08-07 13:50:15,992 decode: Utterance `dspm056_dsp2013_08´ -- 7 of job 39
2020-08-07 13:50:20,704 __iter__: Reading lattice file `/tmp/55030081/lattices/radionoona_fym20071218_20.lat.gz´.
2020-08-07 13:50:20,721 decode: Utterance `radionoona_fym20071218_20´ -- 8 of job 39
/scratch/work/groszt1/envs/theanoLM/lib/python3.7/site-packages/theano/gpuarray/dnn.py:184: UserWarning: Your cuDNN version is more recent than Theano. If you encounter problems, try updating Theano or downgrading cuDNN to a version >= v5 and <= v7.
  warnings.warn("Your cuDNN version is more recent than "
Using cuDNN version 7600 on context None
Mapped name None to device cuda0: Tesla K80 (0000:85:00.0)
/scratch/work/groszt1/envs/theanoLM/lib/python3.7/site-packages/h5py-2.9.0-py3.7-linux-x86_64.egg/h5py/_hl/dataset.py:313: H5pyDeprecationWarning: dataset.value has been deprecated. Use dataset[()] instead.
  "Use dataset[()] instead.", H5pyDeprecationWarning)
/scratch/work/groszt1/envs/theanoLM/lib/python3.7/site-packages/h5py-2.9.0-py3.7-linux-x86_64.egg/h5py/_hl/dataset.py:313: H5pyDeprecationWarning: dataset.value has been deprecated. Use dataset[()] instead.
  "Use dataset[()] instead.", H5pyDeprecationWarning)
decode_theanolm finished.
/tmp/55030081/lattices
floatX=float32,device=cuda0,base_compiledir=/tmp/theano,exception_verbosity=high,openmp=False
/scratch/work/groszt1/envs/theanoLM/lib/python3.7/site-packages/theano/gpuarray/dnn.py:184: UserWarning: Your cuDNN version is more recent than Theano. If you encounter problems, try updating Theano or downgrading cuDNN to a version >= v5 and <= v7.
  warnings.warn("Your cuDNN version is more recent than "
Using cuDNN version 7600 on context None
Mapped name None to device cuda0: Tesla K80 (0000:85:00.0)
TheanoLM 1.3.2
Theano 1.0.4
pygpu 0.7.6
==
+ srun --gres=gpu:1 theanolm decode /scratch/work/moisioa3/conv_lm/experiments/theanolm-100k/expt10/nnlm.h5 --lattice-list /tmp/55030081/lattices/lattice-list --output-file /scratch/work/moisioa3/conv_lm/experiments/theanolm-100k/expt10/decode/devel/lambda=1-lms=10/39.trn --output trn --nnlm-weight 1 --lm-scale 10 --max-tokens-per-node 62 --beam 650 --recombination-order 22 --num-jobs 128 --job 39 --shortlist --unk-penalty=-20
2020-08-07 13:50:28,129 get_default_device: Context None device="Tesla K80" ID="0000:85:00.0"
2020-08-07 13:50:28,130 from_file: Reading vocabulary from network state.
2020-08-07 13:50:31,585 from_file: Number of words in vocabulary: 2427252
2020-08-07 13:50:31,585 from_file: Number of words in shortlist: 100003
2020-08-07 13:50:31,586 from_file: Number of word classes: 100003
2020-08-07 13:50:31,586 from_file: Building neural network.
2020-08-07 13:51:25,934 from_file: Restoring neural network state.
2020-08-07 13:51:26,714 decode: Building word lattice decoder.
2020-08-07 13:51:32,225 __iter__: Reading lattice file `/tmp/55030081/lattices/dspf007_dsp2013_20.lat.gz´.
2020-08-07 13:51:32,270 decode: Utterance `dspf007_dsp2013_20´ -- 1 of job 39
2020-08-07 13:51:35,892 __iter__: Reading lattice file `/tmp/55030081/lattices/dspm010_dsp2013_26.lat.gz´.
2020-08-07 13:51:36,201 decode: Utterance `dspm010_dsp2013_26´ -- 2 of job 39
2020-08-07 13:51:58,863 __iter__: Reading lattice file `/tmp/55030081/lattices/dspm019_dsp2013_17.lat.gz´.
2020-08-07 13:51:58,871 decode: Utterance `dspm019_dsp2013_17´ -- 3 of job 39
2020-08-07 13:51:59,462 __iter__: Reading lattice file `/tmp/55030081/lattices/dspm028_dsp2013_06.lat.gz´.
2020-08-07 13:51:59,866 decode: Utterance `dspm028_dsp2013_06´ -- 4 of job 39
2020-08-07 13:52:29,218 __iter__: Reading lattice file `/tmp/55030081/lattices/dspm039_dsp2013_07.lat.gz´.
2020-08-07 13:52:29,230 decode: Utterance `dspm039_dsp2013_07´ -- 5 of job 39
2020-08-07 13:52:29,979 __iter__: Reading lattice file `/tmp/55030081/lattices/dspm048_dsp2013_04.lat.gz´.
2020-08-07 13:52:30,012 decode: Utterance `dspm048_dsp2013_04´ -- 6 of job 39
2020-08-07 13:52:32,768 __iter__: Reading lattice file `/tmp/55030081/lattices/dspm056_dsp2013_08.lat.gz´.
2020-08-07 13:52:32,841 decode: Utterance `dspm056_dsp2013_08´ -- 7 of job 39
2020-08-07 13:52:37,362 __iter__: Reading lattice file `/tmp/55030081/lattices/radionoona_fym20071218_20.lat.gz´.
2020-08-07 13:52:37,378 decode: Utterance `radionoona_fym20071218_20´ -- 8 of job 39
/scratch/work/groszt1/envs/theanoLM/lib/python3.7/site-packages/theano/gpuarray/dnn.py:184: UserWarning: Your cuDNN version is more recent than Theano. If you encounter problems, try updating Theano or downgrading cuDNN to a version >= v5 and <= v7.
  warnings.warn("Your cuDNN version is more recent than "
Using cuDNN version 7600 on context None
Mapped name None to device cuda0: Tesla K80 (0000:85:00.0)
/scratch/work/groszt1/envs/theanoLM/lib/python3.7/site-packages/h5py-2.9.0-py3.7-linux-x86_64.egg/h5py/_hl/dataset.py:313: H5pyDeprecationWarning: dataset.value has been deprecated. Use dataset[()] instead.
  "Use dataset[()] instead.", H5pyDeprecationWarning)
/scratch/work/groszt1/envs/theanoLM/lib/python3.7/site-packages/h5py-2.9.0-py3.7-linux-x86_64.egg/h5py/_hl/dataset.py:313: H5pyDeprecationWarning: dataset.value has been deprecated. Use dataset[()] instead.
  "Use dataset[()] instead.", H5pyDeprecationWarning)
decode_theanolm finished.
/tmp/55030081/lattices
floatX=float32,device=cuda0,base_compiledir=/tmp/theano,exception_verbosity=high,openmp=False
/scratch/work/groszt1/envs/theanoLM/lib/python3.7/site-packages/theano/gpuarray/dnn.py:184: UserWarning: Your cuDNN version is more recent than Theano. If you encounter problems, try updating Theano or downgrading cuDNN to a version >= v5 and <= v7.
  warnings.warn("Your cuDNN version is more recent than "
Using cuDNN version 7600 on context None
Mapped name None to device cuda0: Tesla K80 (0000:85:00.0)
TheanoLM 1.3.2
Theano 1.0.4
pygpu 0.7.6
==
+ srun --gres=gpu:1 theanolm decode /scratch/work/moisioa3/conv_lm/experiments/theanolm-100k/expt10/nnlm.h5 --lattice-list /tmp/55030081/lattices/lattice-list --output-file /scratch/work/moisioa3/conv_lm/experiments/theanolm-100k/expt10/decode/devel/lambda=0.5-lms=8/39.trn --output trn --nnlm-weight 0.5 --lm-scale 8 --max-tokens-per-node 62 --beam 650 --recombination-order 22 --num-jobs 128 --job 39 --shortlist --unk-penalty=-20
2020-08-07 13:52:45,288 get_default_device: Context None device="Tesla K80" ID="0000:85:00.0"
2020-08-07 13:52:45,290 from_file: Reading vocabulary from network state.
2020-08-07 13:52:48,754 from_file: Number of words in vocabulary: 2427252
2020-08-07 13:52:48,755 from_file: Number of words in shortlist: 100003
2020-08-07 13:52:48,755 from_file: Number of word classes: 100003
2020-08-07 13:52:48,755 from_file: Building neural network.
2020-08-07 13:53:46,561 from_file: Restoring neural network state.
2020-08-07 13:53:47,352 decode: Building word lattice decoder.
2020-08-07 13:53:53,187 __iter__: Reading lattice file `/tmp/55030081/lattices/dspf007_dsp2013_20.lat.gz´.
2020-08-07 13:53:53,232 decode: Utterance `dspf007_dsp2013_20´ -- 1 of job 39
2020-08-07 13:53:56,928 __iter__: Reading lattice file `/tmp/55030081/lattices/dspm010_dsp2013_26.lat.gz´.
2020-08-07 13:53:57,246 decode: Utterance `dspm010_dsp2013_26´ -- 2 of job 39
2020-08-07 13:54:21,771 __iter__: Reading lattice file `/tmp/55030081/lattices/dspm019_dsp2013_17.lat.gz´.
2020-08-07 13:54:21,779 decode: Utterance `dspm019_dsp2013_17´ -- 3 of job 39
2020-08-07 13:54:22,452 __iter__: Reading lattice file `/tmp/55030081/lattices/dspm028_dsp2013_06.lat.gz´.
2020-08-07 13:54:22,854 decode: Utterance `dspm028_dsp2013_06´ -- 4 of job 39
2020-08-07 13:54:53,252 __iter__: Reading lattice file `/tmp/55030081/lattices/dspm039_dsp2013_07.lat.gz´.
2020-08-07 13:54:53,265 decode: Utterance `dspm039_dsp2013_07´ -- 5 of job 39
2020-08-07 13:54:54,014 __iter__: Reading lattice file `/tmp/55030081/lattices/dspm048_dsp2013_04.lat.gz´.
2020-08-07 13:54:54,045 decode: Utterance `dspm048_dsp2013_04´ -- 6 of job 39
2020-08-07 13:54:57,240 __iter__: Reading lattice file `/tmp/55030081/lattices/dspm056_dsp2013_08.lat.gz´.
2020-08-07 13:54:57,313 decode: Utterance `dspm056_dsp2013_08´ -- 7 of job 39
2020-08-07 13:55:02,092 __iter__: Reading lattice file `/tmp/55030081/lattices/radionoona_fym20071218_20.lat.gz´.
2020-08-07 13:55:02,107 decode: Utterance `radionoona_fym20071218_20´ -- 8 of job 39
/scratch/work/groszt1/envs/theanoLM/lib/python3.7/site-packages/theano/gpuarray/dnn.py:184: UserWarning: Your cuDNN version is more recent than Theano. If you encounter problems, try updating Theano or downgrading cuDNN to a version >= v5 and <= v7.
  warnings.warn("Your cuDNN version is more recent than "
Using cuDNN version 7600 on context None
Mapped name None to device cuda0: Tesla K80 (0000:85:00.0)
/scratch/work/groszt1/envs/theanoLM/lib/python3.7/site-packages/h5py-2.9.0-py3.7-linux-x86_64.egg/h5py/_hl/dataset.py:313: H5pyDeprecationWarning: dataset.value has been deprecated. Use dataset[()] instead.
  "Use dataset[()] instead.", H5pyDeprecationWarning)
/scratch/work/groszt1/envs/theanoLM/lib/python3.7/site-packages/h5py-2.9.0-py3.7-linux-x86_64.egg/h5py/_hl/dataset.py:313: H5pyDeprecationWarning: dataset.value has been deprecated. Use dataset[()] instead.
  "Use dataset[()] instead.", H5pyDeprecationWarning)
decode_theanolm finished.
/tmp/55030081/lattices
floatX=float32,device=cuda0,base_compiledir=/tmp/theano,exception_verbosity=high,openmp=False
/scratch/work/groszt1/envs/theanoLM/lib/python3.7/site-packages/theano/gpuarray/dnn.py:184: UserWarning: Your cuDNN version is more recent than Theano. If you encounter problems, try updating Theano or downgrading cuDNN to a version >= v5 and <= v7.
  warnings.warn("Your cuDNN version is more recent than "
Using cuDNN version 7600 on context None
Mapped name None to device cuda0: Tesla K80 (0000:85:00.0)
TheanoLM 1.3.2
Theano 1.0.4
pygpu 0.7.6
==
+ srun --gres=gpu:1 theanolm decode /scratch/work/moisioa3/conv_lm/experiments/theanolm-100k/expt10/nnlm.h5 --lattice-list /tmp/55030081/lattices/lattice-list --output-file /scratch/work/moisioa3/conv_lm/experiments/theanolm-100k/expt10/decode/devel/lambda=0.5-lms=9/39.trn --output trn --nnlm-weight 0.5 --lm-scale 9 --max-tokens-per-node 62 --beam 650 --recombination-order 22 --num-jobs 128 --job 39 --shortlist --unk-penalty=-20
2020-08-07 13:55:09,503 get_default_device: Context None device="Tesla K80" ID="0000:85:00.0"
2020-08-07 13:55:09,504 from_file: Reading vocabulary from network state.
2020-08-07 13:55:12,977 from_file: Number of words in vocabulary: 2427252
2020-08-07 13:55:12,977 from_file: Number of words in shortlist: 100003
2020-08-07 13:55:12,977 from_file: Number of word classes: 100003
2020-08-07 13:55:12,977 from_file: Building neural network.
2020-08-07 13:56:07,741 from_file: Restoring neural network state.
2020-08-07 13:56:08,552 decode: Building word lattice decoder.
2020-08-07 13:56:14,198 __iter__: Reading lattice file `/tmp/55030081/lattices/dspf007_dsp2013_20.lat.gz´.
2020-08-07 13:56:14,243 decode: Utterance `dspf007_dsp2013_20´ -- 1 of job 39
2020-08-07 13:56:17,982 __iter__: Reading lattice file `/tmp/55030081/lattices/dspm010_dsp2013_26.lat.gz´.
2020-08-07 13:56:18,294 decode: Utterance `dspm010_dsp2013_26´ -- 2 of job 39
2020-08-07 13:56:42,493 __iter__: Reading lattice file `/tmp/55030081/lattices/dspm019_dsp2013_17.lat.gz´.
2020-08-07 13:56:42,501 decode: Utterance `dspm019_dsp2013_17´ -- 3 of job 39
2020-08-07 13:56:43,163 __iter__: Reading lattice file `/tmp/55030081/lattices/dspm028_dsp2013_06.lat.gz´.
2020-08-07 13:56:43,556 decode: Utterance `dspm028_dsp2013_06´ -- 4 of job 39
2020-08-07 13:57:14,138 __iter__: Reading lattice file `/tmp/55030081/lattices/dspm039_dsp2013_07.lat.gz´.
2020-08-07 13:57:14,151 decode: Utterance `dspm039_dsp2013_07´ -- 5 of job 39
2020-08-07 13:57:14,898 __iter__: Reading lattice file `/tmp/55030081/lattices/dspm048_dsp2013_04.lat.gz´.
2020-08-07 13:57:14,929 decode: Utterance `dspm048_dsp2013_04´ -- 6 of job 39
2020-08-07 13:57:18,134 __iter__: Reading lattice file `/tmp/55030081/lattices/dspm056_dsp2013_08.lat.gz´.
2020-08-07 13:57:18,208 decode: Utterance `dspm056_dsp2013_08´ -- 7 of job 39
2020-08-07 13:57:22,991 __iter__: Reading lattice file `/tmp/55030081/lattices/radionoona_fym20071218_20.lat.gz´.
2020-08-07 13:57:23,008 decode: Utterance `radionoona_fym20071218_20´ -- 8 of job 39
/scratch/work/groszt1/envs/theanoLM/lib/python3.7/site-packages/theano/gpuarray/dnn.py:184: UserWarning: Your cuDNN version is more recent than Theano. If you encounter problems, try updating Theano or downgrading cuDNN to a version >= v5 and <= v7.
  warnings.warn("Your cuDNN version is more recent than "
Using cuDNN version 7600 on context None
Mapped name None to device cuda0: Tesla K80 (0000:85:00.0)
/scratch/work/groszt1/envs/theanoLM/lib/python3.7/site-packages/h5py-2.9.0-py3.7-linux-x86_64.egg/h5py/_hl/dataset.py:313: H5pyDeprecationWarning: dataset.value has been deprecated. Use dataset[()] instead.
  "Use dataset[()] instead.", H5pyDeprecationWarning)
/scratch/work/groszt1/envs/theanoLM/lib/python3.7/site-packages/h5py-2.9.0-py3.7-linux-x86_64.egg/h5py/_hl/dataset.py:313: H5pyDeprecationWarning: dataset.value has been deprecated. Use dataset[()] instead.
  "Use dataset[()] instead.", H5pyDeprecationWarning)
decode_theanolm finished.
/tmp/55030081/lattices
floatX=float32,device=cuda0,base_compiledir=/tmp/theano,exception_verbosity=high,openmp=False
/scratch/work/groszt1/envs/theanoLM/lib/python3.7/site-packages/theano/gpuarray/dnn.py:184: UserWarning: Your cuDNN version is more recent than Theano. If you encounter problems, try updating Theano or downgrading cuDNN to a version >= v5 and <= v7.
  warnings.warn("Your cuDNN version is more recent than "
Using cuDNN version 7600 on context None
Mapped name None to device cuda0: Tesla K80 (0000:85:00.0)
TheanoLM 1.3.2
Theano 1.0.4
pygpu 0.7.6
==
+ srun --gres=gpu:1 theanolm decode /scratch/work/moisioa3/conv_lm/experiments/theanolm-100k/expt10/nnlm.h5 --lattice-list /tmp/55030081/lattices/lattice-list --output-file /scratch/work/moisioa3/conv_lm/experiments/theanolm-100k/expt10/decode/devel/lambda=0.5-lms=10/39.trn --output trn --nnlm-weight 0.5 --lm-scale 10 --max-tokens-per-node 62 --beam 650 --recombination-order 22 --num-jobs 128 --job 39 --shortlist --unk-penalty=-20
2020-08-07 13:57:30,314 get_default_device: Context None device="Tesla K80" ID="0000:85:00.0"
2020-08-07 13:57:30,316 from_file: Reading vocabulary from network state.
2020-08-07 13:57:33,874 from_file: Number of words in vocabulary: 2427252
2020-08-07 13:57:33,875 from_file: Number of words in shortlist: 100003
2020-08-07 13:57:33,875 from_file: Number of word classes: 100003
2020-08-07 13:57:33,875 from_file: Building neural network.
2020-08-07 13:58:39,931 from_file: Restoring neural network state.
2020-08-07 13:58:40,739 decode: Building word lattice decoder.
2020-08-07 13:58:47,329 __iter__: Reading lattice file `/tmp/55030081/lattices/dspf007_dsp2013_20.lat.gz´.
2020-08-07 13:58:47,375 decode: Utterance `dspf007_dsp2013_20´ -- 1 of job 39
2020-08-07 13:58:51,151 __iter__: Reading lattice file `/tmp/55030081/lattices/dspm010_dsp2013_26.lat.gz´.
2020-08-07 13:58:51,464 decode: Utterance `dspm010_dsp2013_26´ -- 2 of job 39
2020-08-07 13:59:16,078 __iter__: Reading lattice file `/tmp/55030081/lattices/dspm019_dsp2013_17.lat.gz´.
2020-08-07 13:59:16,087 decode: Utterance `dspm019_dsp2013_17´ -- 3 of job 39
2020-08-07 13:59:16,734 __iter__: Reading lattice file `/tmp/55030081/lattices/dspm028_dsp2013_06.lat.gz´.
2020-08-07 13:59:17,129 decode: Utterance `dspm028_dsp2013_06´ -- 4 of job 39
2020-08-07 13:59:47,838 __iter__: Reading lattice file `/tmp/55030081/lattices/dspm039_dsp2013_07.lat.gz´.
2020-08-07 13:59:47,850 decode: Utterance `dspm039_dsp2013_07´ -- 5 of job 39
2020-08-07 13:59:48,603 __iter__: Reading lattice file `/tmp/55030081/lattices/dspm048_dsp2013_04.lat.gz´.
2020-08-07 13:59:48,633 decode: Utterance `dspm048_dsp2013_04´ -- 6 of job 39
2020-08-07 13:59:51,849 __iter__: Reading lattice file `/tmp/55030081/lattices/dspm056_dsp2013_08.lat.gz´.
2020-08-07 13:59:51,921 decode: Utterance `dspm056_dsp2013_08´ -- 7 of job 39
2020-08-07 13:59:56,717 __iter__: Reading lattice file `/tmp/55030081/lattices/radionoona_fym20071218_20.lat.gz´.
2020-08-07 13:59:56,732 decode: Utterance `radionoona_fym20071218_20´ -- 8 of job 39
/scratch/work/groszt1/envs/theanoLM/lib/python3.7/site-packages/theano/gpuarray/dnn.py:184: UserWarning: Your cuDNN version is more recent than Theano. If you encounter problems, try updating Theano or downgrading cuDNN to a version >= v5 and <= v7.
  warnings.warn("Your cuDNN version is more recent than "
Using cuDNN version 7600 on context None
Mapped name None to device cuda0: Tesla K80 (0000:85:00.0)
/scratch/work/groszt1/envs/theanoLM/lib/python3.7/site-packages/h5py-2.9.0-py3.7-linux-x86_64.egg/h5py/_hl/dataset.py:313: H5pyDeprecationWarning: dataset.value has been deprecated. Use dataset[()] instead.
  "Use dataset[()] instead.", H5pyDeprecationWarning)
/scratch/work/groszt1/envs/theanoLM/lib/python3.7/site-packages/h5py-2.9.0-py3.7-linux-x86_64.egg/h5py/_hl/dataset.py:313: H5pyDeprecationWarning: dataset.value has been deprecated. Use dataset[()] instead.
  "Use dataset[()] instead.", H5pyDeprecationWarning)
decode_theanolm finished.
