EXPT_NAME theanolm-100k
EXPT_PARAMS expt10
EXPT_WORK_DIR /scratch/work/moisioa3/conv_lm/experiments/theanolm-100k/expt10
Experiment: theanolm-100k/expt10
Job ID: 55030083
Task ID: 41
Host: gpu21.int.triton.aalto.fi
Start date: Fri Aug  7 13:44:20 EEST 2020
Work directory: /scratch/work/moisioa3/conv_lm/experiments/theanolm-100k/expt10
Temporary directory: /tmp/55030083

Currently Loaded Modules:
  1) speech-scripts/2016.05.24-b928230   6) binutils/2.25-GCCcore-5.4.0
  2) srilm/default                       7) GCC/5.4.0-2.25
  3) cuda/10.0.130                       8) libgpuarray/2017.03.29-45c731f
  4) cudnn/7.4.2-cuda                    9) anaconda3/latest
  5) GCCcore/5.4.0

 

/tmp/55030083/lattices
floatX=float32,device=cuda0,base_compiledir=/tmp/theano,exception_verbosity=high,openmp=False
INFO (theano.gof.compilelock): Waiting for existing lock by unknown process (I am process '30358')
INFO (theano.gof.compilelock): To manually release the lock, delete /tmp/theano/compiledir_Linux-3.10-el7.x86_64-x86_64-with-centos-7.8.2003-Core-x86_64-3.7.3-64/lock_dir
/scratch/work/groszt1/envs/theanoLM/lib/python3.7/site-packages/theano/gpuarray/dnn.py:184: UserWarning: Your cuDNN version is more recent than Theano. If you encounter problems, try updating Theano or downgrading cuDNN to a version >= v5 and <= v7.
  warnings.warn("Your cuDNN version is more recent than "
Using cuDNN version 7600 on context None
Mapped name None to device cuda0: Tesla K80 (0000:89:00.0)
TheanoLM 1.3.2
Theano 1.0.4
pygpu 0.7.6
==
+ srun --gres=gpu:1 theanolm decode /scratch/work/moisioa3/conv_lm/experiments/theanolm-100k/expt10/nnlm.h5 --lattice-list /tmp/55030083/lattices/lattice-list --output-file /scratch/work/moisioa3/conv_lm/experiments/theanolm-100k/expt10/decode/devel/lambda=1-lms=8/41.trn --output trn --nnlm-weight 1 --lm-scale 8 --max-tokens-per-node 62 --beam 650 --recombination-order 22 --num-jobs 128 --job 41 --shortlist --unk-penalty=-20
2020-08-07 13:45:17,691 get_default_device: Context None device="Tesla K80" ID="0000:89:00.0"
2020-08-07 13:45:17,692 from_file: Reading vocabulary from network state.
2020-08-07 13:45:21,144 from_file: Number of words in vocabulary: 2427252
2020-08-07 13:45:21,145 from_file: Number of words in shortlist: 100003
2020-08-07 13:45:21,145 from_file: Number of word classes: 100003
2020-08-07 13:45:21,145 from_file: Building neural network.
2020-08-07 13:46:28,028 from_file: Restoring neural network state.
2020-08-07 13:46:28,758 decode: Building word lattice decoder.
2020-08-07 13:46:42,595 __iter__: Reading lattice file `/tmp/55030083/lattices/dspm001_dsp2013_02.lat.gz´.
2020-08-07 13:46:42,714 decode: Utterance `dspm001_dsp2013_02´ -- 1 of job 41
2020-08-07 13:46:53,459 __iter__: Reading lattice file `/tmp/55030083/lattices/dspm011_dsp2013_02.lat.gz´.
2020-08-07 13:46:53,665 decode: Utterance `dspm011_dsp2013_02´ -- 2 of job 41
2020-08-07 13:47:11,921 __iter__: Reading lattice file `/tmp/55030083/lattices/dspm019_dsp2013_19.lat.gz´.
2020-08-07 13:47:12,147 decode: Utterance `dspm019_dsp2013_19´ -- 3 of job 41
2020-08-07 13:47:32,887 __iter__: Reading lattice file `/tmp/55030083/lattices/dspm028_dsp2013_08.lat.gz´.
2020-08-07 13:47:34,210 decode: Utterance `dspm028_dsp2013_08´ -- 4 of job 41
2020-08-07 13:49:29,837 __iter__: Reading lattice file `/tmp/55030083/lattices/dspm039_dsp2013_09.lat.gz´.
2020-08-07 13:49:29,878 decode: Utterance `dspm039_dsp2013_09´ -- 5 of job 41
2020-08-07 13:49:33,060 __iter__: Reading lattice file `/tmp/55030083/lattices/dspm048_dsp2013_06.lat.gz´.
2020-08-07 13:49:33,079 decode: Utterance `dspm048_dsp2013_06´ -- 6 of job 41
2020-08-07 13:49:34,926 __iter__: Reading lattice file `/tmp/55030083/lattices/dspm056_dsp2013_10.lat.gz´.
2020-08-07 13:49:34,953 decode: Utterance `dspm056_dsp2013_10´ -- 7 of job 41
2020-08-07 13:49:37,065 __iter__: Reading lattice file `/tmp/55030083/lattices/radionoona_fym20071218_22.lat.gz´.
2020-08-07 13:49:37,097 decode: Utterance `radionoona_fym20071218_22´ -- 8 of job 41
/scratch/work/groszt1/envs/theanoLM/lib/python3.7/site-packages/theano/gpuarray/dnn.py:184: UserWarning: Your cuDNN version is more recent than Theano. If you encounter problems, try updating Theano or downgrading cuDNN to a version >= v5 and <= v7.
  warnings.warn("Your cuDNN version is more recent than "
Using cuDNN version 7600 on context None
Mapped name None to device cuda0: Tesla K80 (0000:89:00.0)
/scratch/work/groszt1/envs/theanoLM/lib/python3.7/site-packages/h5py-2.9.0-py3.7-linux-x86_64.egg/h5py/_hl/dataset.py:313: H5pyDeprecationWarning: dataset.value has been deprecated. Use dataset[()] instead.
  "Use dataset[()] instead.", H5pyDeprecationWarning)
/scratch/work/groszt1/envs/theanoLM/lib/python3.7/site-packages/h5py-2.9.0-py3.7-linux-x86_64.egg/h5py/_hl/dataset.py:313: H5pyDeprecationWarning: dataset.value has been deprecated. Use dataset[()] instead.
  "Use dataset[()] instead.", H5pyDeprecationWarning)
decode_theanolm finished.
/tmp/55030083/lattices
floatX=float32,device=cuda0,base_compiledir=/tmp/theano,exception_verbosity=high,openmp=False
/scratch/work/groszt1/envs/theanoLM/lib/python3.7/site-packages/theano/gpuarray/dnn.py:184: UserWarning: Your cuDNN version is more recent than Theano. If you encounter problems, try updating Theano or downgrading cuDNN to a version >= v5 and <= v7.
  warnings.warn("Your cuDNN version is more recent than "
Using cuDNN version 7600 on context None
Mapped name None to device cuda0: Tesla K80 (0000:89:00.0)
TheanoLM 1.3.2
Theano 1.0.4
pygpu 0.7.6
==
+ srun --gres=gpu:1 theanolm decode /scratch/work/moisioa3/conv_lm/experiments/theanolm-100k/expt10/nnlm.h5 --lattice-list /tmp/55030083/lattices/lattice-list --output-file /scratch/work/moisioa3/conv_lm/experiments/theanolm-100k/expt10/decode/devel/lambda=1-lms=9/41.trn --output trn --nnlm-weight 1 --lm-scale 9 --max-tokens-per-node 62 --beam 650 --recombination-order 22 --num-jobs 128 --job 41 --shortlist --unk-penalty=-20
2020-08-07 13:49:46,972 get_default_device: Context None device="Tesla K80" ID="0000:89:00.0"
2020-08-07 13:49:46,974 from_file: Reading vocabulary from network state.
2020-08-07 13:49:50,524 from_file: Number of words in vocabulary: 2427252
2020-08-07 13:49:50,524 from_file: Number of words in shortlist: 100003
2020-08-07 13:49:50,524 from_file: Number of word classes: 100003
2020-08-07 13:49:50,525 from_file: Building neural network.
2020-08-07 13:50:48,170 from_file: Restoring neural network state.
2020-08-07 13:50:48,949 decode: Building word lattice decoder.
2020-08-07 13:51:04,919 __iter__: Reading lattice file `/tmp/55030083/lattices/dspm001_dsp2013_02.lat.gz´.
2020-08-07 13:51:05,068 decode: Utterance `dspm001_dsp2013_02´ -- 1 of job 41
2020-08-07 13:51:15,485 __iter__: Reading lattice file `/tmp/55030083/lattices/dspm011_dsp2013_02.lat.gz´.
2020-08-07 13:51:15,699 decode: Utterance `dspm011_dsp2013_02´ -- 2 of job 41
2020-08-07 13:51:34,100 __iter__: Reading lattice file `/tmp/55030083/lattices/dspm019_dsp2013_19.lat.gz´.
2020-08-07 13:51:34,326 decode: Utterance `dspm019_dsp2013_19´ -- 3 of job 41
2020-08-07 13:51:55,117 __iter__: Reading lattice file `/tmp/55030083/lattices/dspm028_dsp2013_08.lat.gz´.
2020-08-07 13:51:56,443 decode: Utterance `dspm028_dsp2013_08´ -- 4 of job 41
2020-08-07 13:53:52,460 __iter__: Reading lattice file `/tmp/55030083/lattices/dspm039_dsp2013_09.lat.gz´.
2020-08-07 13:53:52,499 decode: Utterance `dspm039_dsp2013_09´ -- 5 of job 41
2020-08-07 13:53:55,725 __iter__: Reading lattice file `/tmp/55030083/lattices/dspm048_dsp2013_06.lat.gz´.
2020-08-07 13:53:55,743 decode: Utterance `dspm048_dsp2013_06´ -- 6 of job 41
2020-08-07 13:53:57,597 __iter__: Reading lattice file `/tmp/55030083/lattices/dspm056_dsp2013_10.lat.gz´.
2020-08-07 13:53:57,625 decode: Utterance `dspm056_dsp2013_10´ -- 7 of job 41
2020-08-07 13:53:59,717 __iter__: Reading lattice file `/tmp/55030083/lattices/radionoona_fym20071218_22.lat.gz´.
2020-08-07 13:53:59,749 decode: Utterance `radionoona_fym20071218_22´ -- 8 of job 41
/scratch/work/groszt1/envs/theanoLM/lib/python3.7/site-packages/theano/gpuarray/dnn.py:184: UserWarning: Your cuDNN version is more recent than Theano. If you encounter problems, try updating Theano or downgrading cuDNN to a version >= v5 and <= v7.
  warnings.warn("Your cuDNN version is more recent than "
Using cuDNN version 7600 on context None
Mapped name None to device cuda0: Tesla K80 (0000:89:00.0)
/scratch/work/groszt1/envs/theanoLM/lib/python3.7/site-packages/h5py-2.9.0-py3.7-linux-x86_64.egg/h5py/_hl/dataset.py:313: H5pyDeprecationWarning: dataset.value has been deprecated. Use dataset[()] instead.
  "Use dataset[()] instead.", H5pyDeprecationWarning)
/scratch/work/groszt1/envs/theanoLM/lib/python3.7/site-packages/h5py-2.9.0-py3.7-linux-x86_64.egg/h5py/_hl/dataset.py:313: H5pyDeprecationWarning: dataset.value has been deprecated. Use dataset[()] instead.
  "Use dataset[()] instead.", H5pyDeprecationWarning)
decode_theanolm finished.
/tmp/55030083/lattices
floatX=float32,device=cuda0,base_compiledir=/tmp/theano,exception_verbosity=high,openmp=False
/scratch/work/groszt1/envs/theanoLM/lib/python3.7/site-packages/theano/gpuarray/dnn.py:184: UserWarning: Your cuDNN version is more recent than Theano. If you encounter problems, try updating Theano or downgrading cuDNN to a version >= v5 and <= v7.
  warnings.warn("Your cuDNN version is more recent than "
Using cuDNN version 7600 on context None
Mapped name None to device cuda0: Tesla K80 (0000:89:00.0)
TheanoLM 1.3.2
Theano 1.0.4
pygpu 0.7.6
==
+ srun --gres=gpu:1 theanolm decode /scratch/work/moisioa3/conv_lm/experiments/theanolm-100k/expt10/nnlm.h5 --lattice-list /tmp/55030083/lattices/lattice-list --output-file /scratch/work/moisioa3/conv_lm/experiments/theanolm-100k/expt10/decode/devel/lambda=1-lms=10/41.trn --output trn --nnlm-weight 1 --lm-scale 10 --max-tokens-per-node 62 --beam 650 --recombination-order 22 --num-jobs 128 --job 41 --shortlist --unk-penalty=-20
2020-08-07 13:54:09,589 get_default_device: Context None device="Tesla K80" ID="0000:89:00.0"
2020-08-07 13:54:09,591 from_file: Reading vocabulary from network state.
2020-08-07 13:54:13,141 from_file: Number of words in vocabulary: 2427252
2020-08-07 13:54:13,142 from_file: Number of words in shortlist: 100003
2020-08-07 13:54:13,142 from_file: Number of word classes: 100003
2020-08-07 13:54:13,142 from_file: Building neural network.
2020-08-07 13:55:07,550 from_file: Restoring neural network state.
2020-08-07 13:55:08,354 decode: Building word lattice decoder.
2020-08-07 13:55:13,900 __iter__: Reading lattice file `/tmp/55030083/lattices/dspm001_dsp2013_02.lat.gz´.
2020-08-07 13:55:14,034 decode: Utterance `dspm001_dsp2013_02´ -- 1 of job 41
2020-08-07 13:55:24,520 __iter__: Reading lattice file `/tmp/55030083/lattices/dspm011_dsp2013_02.lat.gz´.
2020-08-07 13:55:24,732 decode: Utterance `dspm011_dsp2013_02´ -- 2 of job 41
2020-08-07 13:55:43,324 __iter__: Reading lattice file `/tmp/55030083/lattices/dspm019_dsp2013_19.lat.gz´.
2020-08-07 13:55:43,554 decode: Utterance `dspm019_dsp2013_19´ -- 3 of job 41
2020-08-07 13:56:04,488 __iter__: Reading lattice file `/tmp/55030083/lattices/dspm028_dsp2013_08.lat.gz´.
2020-08-07 13:56:05,805 decode: Utterance `dspm028_dsp2013_08´ -- 4 of job 41
2020-08-07 13:58:01,825 __iter__: Reading lattice file `/tmp/55030083/lattices/dspm039_dsp2013_09.lat.gz´.
2020-08-07 13:58:01,868 decode: Utterance `dspm039_dsp2013_09´ -- 5 of job 41
2020-08-07 13:58:05,117 __iter__: Reading lattice file `/tmp/55030083/lattices/dspm048_dsp2013_06.lat.gz´.
2020-08-07 13:58:05,136 decode: Utterance `dspm048_dsp2013_06´ -- 6 of job 41
2020-08-07 13:58:06,994 __iter__: Reading lattice file `/tmp/55030083/lattices/dspm056_dsp2013_10.lat.gz´.
2020-08-07 13:58:07,022 decode: Utterance `dspm056_dsp2013_10´ -- 7 of job 41
2020-08-07 13:58:09,185 __iter__: Reading lattice file `/tmp/55030083/lattices/radionoona_fym20071218_22.lat.gz´.
2020-08-07 13:58:09,217 decode: Utterance `radionoona_fym20071218_22´ -- 8 of job 41
/scratch/work/groszt1/envs/theanoLM/lib/python3.7/site-packages/theano/gpuarray/dnn.py:184: UserWarning: Your cuDNN version is more recent than Theano. If you encounter problems, try updating Theano or downgrading cuDNN to a version >= v5 and <= v7.
  warnings.warn("Your cuDNN version is more recent than "
Using cuDNN version 7600 on context None
Mapped name None to device cuda0: Tesla K80 (0000:89:00.0)
/scratch/work/groszt1/envs/theanoLM/lib/python3.7/site-packages/h5py-2.9.0-py3.7-linux-x86_64.egg/h5py/_hl/dataset.py:313: H5pyDeprecationWarning: dataset.value has been deprecated. Use dataset[()] instead.
  "Use dataset[()] instead.", H5pyDeprecationWarning)
/scratch/work/groszt1/envs/theanoLM/lib/python3.7/site-packages/h5py-2.9.0-py3.7-linux-x86_64.egg/h5py/_hl/dataset.py:313: H5pyDeprecationWarning: dataset.value has been deprecated. Use dataset[()] instead.
  "Use dataset[()] instead.", H5pyDeprecationWarning)
decode_theanolm finished.
/tmp/55030083/lattices
floatX=float32,device=cuda0,base_compiledir=/tmp/theano,exception_verbosity=high,openmp=False
/scratch/work/groszt1/envs/theanoLM/lib/python3.7/site-packages/theano/gpuarray/dnn.py:184: UserWarning: Your cuDNN version is more recent than Theano. If you encounter problems, try updating Theano or downgrading cuDNN to a version >= v5 and <= v7.
  warnings.warn("Your cuDNN version is more recent than "
Using cuDNN version 7600 on context None
Mapped name None to device cuda0: Tesla K80 (0000:89:00.0)
TheanoLM 1.3.2
Theano 1.0.4
pygpu 0.7.6
==
+ srun --gres=gpu:1 theanolm decode /scratch/work/moisioa3/conv_lm/experiments/theanolm-100k/expt10/nnlm.h5 --lattice-list /tmp/55030083/lattices/lattice-list --output-file /scratch/work/moisioa3/conv_lm/experiments/theanolm-100k/expt10/decode/devel/lambda=0.5-lms=8/41.trn --output trn --nnlm-weight 0.5 --lm-scale 8 --max-tokens-per-node 62 --beam 650 --recombination-order 22 --num-jobs 128 --job 41 --shortlist --unk-penalty=-20
2020-08-07 13:58:18,539 get_default_device: Context None device="Tesla K80" ID="0000:89:00.0"
2020-08-07 13:58:18,541 from_file: Reading vocabulary from network state.
2020-08-07 13:58:21,953 from_file: Number of words in vocabulary: 2427252
2020-08-07 13:58:21,953 from_file: Number of words in shortlist: 100003
2020-08-07 13:58:21,954 from_file: Number of word classes: 100003
2020-08-07 13:58:21,954 from_file: Building neural network.
2020-08-07 13:59:16,580 from_file: Restoring neural network state.
2020-08-07 13:59:17,351 decode: Building word lattice decoder.
2020-08-07 13:59:23,018 __iter__: Reading lattice file `/tmp/55030083/lattices/dspm001_dsp2013_02.lat.gz´.
2020-08-07 13:59:23,282 decode: Utterance `dspm001_dsp2013_02´ -- 1 of job 41
2020-08-07 13:59:33,840 __iter__: Reading lattice file `/tmp/55030083/lattices/dspm011_dsp2013_02.lat.gz´.
2020-08-07 13:59:34,053 decode: Utterance `dspm011_dsp2013_02´ -- 2 of job 41
2020-08-07 13:59:52,442 __iter__: Reading lattice file `/tmp/55030083/lattices/dspm019_dsp2013_19.lat.gz´.
2020-08-07 13:59:52,670 decode: Utterance `dspm019_dsp2013_19´ -- 3 of job 41
2020-08-07 14:00:15,149 __iter__: Reading lattice file `/tmp/55030083/lattices/dspm028_dsp2013_08.lat.gz´.
2020-08-07 14:00:16,485 decode: Utterance `dspm028_dsp2013_08´ -- 4 of job 41
2020-08-07 14:02:16,425 __iter__: Reading lattice file `/tmp/55030083/lattices/dspm039_dsp2013_09.lat.gz´.
2020-08-07 14:02:16,464 decode: Utterance `dspm039_dsp2013_09´ -- 5 of job 41
2020-08-07 14:02:19,629 __iter__: Reading lattice file `/tmp/55030083/lattices/dspm048_dsp2013_06.lat.gz´.
2020-08-07 14:02:19,647 decode: Utterance `dspm048_dsp2013_06´ -- 6 of job 41
2020-08-07 14:02:21,619 __iter__: Reading lattice file `/tmp/55030083/lattices/dspm056_dsp2013_10.lat.gz´.
2020-08-07 14:02:21,646 decode: Utterance `dspm056_dsp2013_10´ -- 7 of job 41
2020-08-07 14:02:23,708 __iter__: Reading lattice file `/tmp/55030083/lattices/radionoona_fym20071218_22.lat.gz´.
2020-08-07 14:02:23,740 decode: Utterance `radionoona_fym20071218_22´ -- 8 of job 41
/scratch/work/groszt1/envs/theanoLM/lib/python3.7/site-packages/theano/gpuarray/dnn.py:184: UserWarning: Your cuDNN version is more recent than Theano. If you encounter problems, try updating Theano or downgrading cuDNN to a version >= v5 and <= v7.
  warnings.warn("Your cuDNN version is more recent than "
Using cuDNN version 7600 on context None
Mapped name None to device cuda0: Tesla K80 (0000:89:00.0)
/scratch/work/groszt1/envs/theanoLM/lib/python3.7/site-packages/h5py-2.9.0-py3.7-linux-x86_64.egg/h5py/_hl/dataset.py:313: H5pyDeprecationWarning: dataset.value has been deprecated. Use dataset[()] instead.
  "Use dataset[()] instead.", H5pyDeprecationWarning)
/scratch/work/groszt1/envs/theanoLM/lib/python3.7/site-packages/h5py-2.9.0-py3.7-linux-x86_64.egg/h5py/_hl/dataset.py:313: H5pyDeprecationWarning: dataset.value has been deprecated. Use dataset[()] instead.
  "Use dataset[()] instead.", H5pyDeprecationWarning)
decode_theanolm finished.
/tmp/55030083/lattices
floatX=float32,device=cuda0,base_compiledir=/tmp/theano,exception_verbosity=high,openmp=False
/scratch/work/groszt1/envs/theanoLM/lib/python3.7/site-packages/theano/gpuarray/dnn.py:184: UserWarning: Your cuDNN version is more recent than Theano. If you encounter problems, try updating Theano or downgrading cuDNN to a version >= v5 and <= v7.
  warnings.warn("Your cuDNN version is more recent than "
Using cuDNN version 7600 on context None
Mapped name None to device cuda0: Tesla K80 (0000:89:00.0)
TheanoLM 1.3.2
Theano 1.0.4
pygpu 0.7.6
==
+ srun --gres=gpu:1 theanolm decode /scratch/work/moisioa3/conv_lm/experiments/theanolm-100k/expt10/nnlm.h5 --lattice-list /tmp/55030083/lattices/lattice-list --output-file /scratch/work/moisioa3/conv_lm/experiments/theanolm-100k/expt10/decode/devel/lambda=0.5-lms=9/41.trn --output trn --nnlm-weight 0.5 --lm-scale 9 --max-tokens-per-node 62 --beam 650 --recombination-order 22 --num-jobs 128 --job 41 --shortlist --unk-penalty=-20
2020-08-07 14:02:33,653 get_default_device: Context None device="Tesla K80" ID="0000:89:00.0"
2020-08-07 14:02:33,655 from_file: Reading vocabulary from network state.
2020-08-07 14:02:37,066 from_file: Number of words in vocabulary: 2427252
2020-08-07 14:02:37,067 from_file: Number of words in shortlist: 100003
2020-08-07 14:02:37,067 from_file: Number of word classes: 100003
2020-08-07 14:02:37,067 from_file: Building neural network.
2020-08-07 14:03:31,563 from_file: Restoring neural network state.
2020-08-07 14:03:32,362 decode: Building word lattice decoder.
2020-08-07 14:03:38,053 __iter__: Reading lattice file `/tmp/55030083/lattices/dspm001_dsp2013_02.lat.gz´.
2020-08-07 14:03:38,189 decode: Utterance `dspm001_dsp2013_02´ -- 1 of job 41
2020-08-07 14:03:48,877 __iter__: Reading lattice file `/tmp/55030083/lattices/dspm011_dsp2013_02.lat.gz´.
2020-08-07 14:03:49,090 decode: Utterance `dspm011_dsp2013_02´ -- 2 of job 41
2020-08-07 14:04:07,512 __iter__: Reading lattice file `/tmp/55030083/lattices/dspm019_dsp2013_19.lat.gz´.
2020-08-07 14:04:07,740 decode: Utterance `dspm019_dsp2013_19´ -- 3 of job 41
2020-08-07 14:04:30,562 __iter__: Reading lattice file `/tmp/55030083/lattices/dspm028_dsp2013_08.lat.gz´.
2020-08-07 14:04:31,890 decode: Utterance `dspm028_dsp2013_08´ -- 4 of job 41
2020-08-07 14:06:31,196 __iter__: Reading lattice file `/tmp/55030083/lattices/dspm039_dsp2013_09.lat.gz´.
2020-08-07 14:06:31,236 decode: Utterance `dspm039_dsp2013_09´ -- 5 of job 41
2020-08-07 14:06:34,417 __iter__: Reading lattice file `/tmp/55030083/lattices/dspm048_dsp2013_06.lat.gz´.
2020-08-07 14:06:34,434 decode: Utterance `dspm048_dsp2013_06´ -- 6 of job 41
2020-08-07 14:06:36,427 __iter__: Reading lattice file `/tmp/55030083/lattices/dspm056_dsp2013_10.lat.gz´.
2020-08-07 14:06:36,454 decode: Utterance `dspm056_dsp2013_10´ -- 7 of job 41
2020-08-07 14:06:38,532 __iter__: Reading lattice file `/tmp/55030083/lattices/radionoona_fym20071218_22.lat.gz´.
2020-08-07 14:06:38,564 decode: Utterance `radionoona_fym20071218_22´ -- 8 of job 41
/scratch/work/groszt1/envs/theanoLM/lib/python3.7/site-packages/theano/gpuarray/dnn.py:184: UserWarning: Your cuDNN version is more recent than Theano. If you encounter problems, try updating Theano or downgrading cuDNN to a version >= v5 and <= v7.
  warnings.warn("Your cuDNN version is more recent than "
Using cuDNN version 7600 on context None
Mapped name None to device cuda0: Tesla K80 (0000:89:00.0)
/scratch/work/groszt1/envs/theanoLM/lib/python3.7/site-packages/h5py-2.9.0-py3.7-linux-x86_64.egg/h5py/_hl/dataset.py:313: H5pyDeprecationWarning: dataset.value has been deprecated. Use dataset[()] instead.
  "Use dataset[()] instead.", H5pyDeprecationWarning)
/scratch/work/groszt1/envs/theanoLM/lib/python3.7/site-packages/h5py-2.9.0-py3.7-linux-x86_64.egg/h5py/_hl/dataset.py:313: H5pyDeprecationWarning: dataset.value has been deprecated. Use dataset[()] instead.
  "Use dataset[()] instead.", H5pyDeprecationWarning)
decode_theanolm finished.
/tmp/55030083/lattices
floatX=float32,device=cuda0,base_compiledir=/tmp/theano,exception_verbosity=high,openmp=False
/scratch/work/groszt1/envs/theanoLM/lib/python3.7/site-packages/theano/gpuarray/dnn.py:184: UserWarning: Your cuDNN version is more recent than Theano. If you encounter problems, try updating Theano or downgrading cuDNN to a version >= v5 and <= v7.
  warnings.warn("Your cuDNN version is more recent than "
Using cuDNN version 7600 on context None
Mapped name None to device cuda0: Tesla K80 (0000:89:00.0)
TheanoLM 1.3.2
Theano 1.0.4
pygpu 0.7.6
==
+ srun --gres=gpu:1 theanolm decode /scratch/work/moisioa3/conv_lm/experiments/theanolm-100k/expt10/nnlm.h5 --lattice-list /tmp/55030083/lattices/lattice-list --output-file /scratch/work/moisioa3/conv_lm/experiments/theanolm-100k/expt10/decode/devel/lambda=0.5-lms=10/41.trn --output trn --nnlm-weight 0.5 --lm-scale 10 --max-tokens-per-node 62 --beam 650 --recombination-order 22 --num-jobs 128 --job 41 --shortlist --unk-penalty=-20
2020-08-07 14:06:47,988 get_default_device: Context None device="Tesla K80" ID="0000:89:00.0"
2020-08-07 14:06:47,990 from_file: Reading vocabulary from network state.
2020-08-07 14:06:51,414 from_file: Number of words in vocabulary: 2427252
2020-08-07 14:06:51,414 from_file: Number of words in shortlist: 100003
2020-08-07 14:06:51,414 from_file: Number of word classes: 100003
2020-08-07 14:06:51,414 from_file: Building neural network.
2020-08-07 14:07:45,875 from_file: Restoring neural network state.
2020-08-07 14:07:46,683 decode: Building word lattice decoder.
2020-08-07 14:07:52,442 __iter__: Reading lattice file `/tmp/55030083/lattices/dspm001_dsp2013_02.lat.gz´.
2020-08-07 14:07:52,577 decode: Utterance `dspm001_dsp2013_02´ -- 1 of job 41
2020-08-07 14:08:03,260 __iter__: Reading lattice file `/tmp/55030083/lattices/dspm011_dsp2013_02.lat.gz´.
2020-08-07 14:08:03,473 decode: Utterance `dspm011_dsp2013_02´ -- 2 of job 41
2020-08-07 14:08:21,795 __iter__: Reading lattice file `/tmp/55030083/lattices/dspm019_dsp2013_19.lat.gz´.
2020-08-07 14:08:22,023 decode: Utterance `dspm019_dsp2013_19´ -- 3 of job 41
2020-08-07 14:08:45,413 __iter__: Reading lattice file `/tmp/55030083/lattices/dspm028_dsp2013_08.lat.gz´.
2020-08-07 14:08:46,758 decode: Utterance `dspm028_dsp2013_08´ -- 4 of job 41
2020-08-07 14:10:44,826 __iter__: Reading lattice file `/tmp/55030083/lattices/dspm039_dsp2013_09.lat.gz´.
2020-08-07 14:10:44,865 decode: Utterance `dspm039_dsp2013_09´ -- 5 of job 41
2020-08-07 14:10:48,050 __iter__: Reading lattice file `/tmp/55030083/lattices/dspm048_dsp2013_06.lat.gz´.
2020-08-07 14:10:48,067 decode: Utterance `dspm048_dsp2013_06´ -- 6 of job 41
2020-08-07 14:10:50,060 __iter__: Reading lattice file `/tmp/55030083/lattices/dspm056_dsp2013_10.lat.gz´.
2020-08-07 14:10:50,086 decode: Utterance `dspm056_dsp2013_10´ -- 7 of job 41
2020-08-07 14:10:52,124 __iter__: Reading lattice file `/tmp/55030083/lattices/radionoona_fym20071218_22.lat.gz´.
2020-08-07 14:10:52,155 decode: Utterance `radionoona_fym20071218_22´ -- 8 of job 41
/scratch/work/groszt1/envs/theanoLM/lib/python3.7/site-packages/theano/gpuarray/dnn.py:184: UserWarning: Your cuDNN version is more recent than Theano. If you encounter problems, try updating Theano or downgrading cuDNN to a version >= v5 and <= v7.
  warnings.warn("Your cuDNN version is more recent than "
Using cuDNN version 7600 on context None
Mapped name None to device cuda0: Tesla K80 (0000:89:00.0)
/scratch/work/groszt1/envs/theanoLM/lib/python3.7/site-packages/h5py-2.9.0-py3.7-linux-x86_64.egg/h5py/_hl/dataset.py:313: H5pyDeprecationWarning: dataset.value has been deprecated. Use dataset[()] instead.
  "Use dataset[()] instead.", H5pyDeprecationWarning)
/scratch/work/groszt1/envs/theanoLM/lib/python3.7/site-packages/h5py-2.9.0-py3.7-linux-x86_64.egg/h5py/_hl/dataset.py:313: H5pyDeprecationWarning: dataset.value has been deprecated. Use dataset[()] instead.
  "Use dataset[()] instead.", H5pyDeprecationWarning)
decode_theanolm finished.
