EXPT_NAME theanolm-100k
EXPT_PARAMS expt10
EXPT_WORK_DIR /scratch/work/moisioa3/conv_lm/experiments/theanolm-100k/expt10
Experiment: theanolm-100k/expt10
Job ID: 55030043
Task ID: 1
Host: gpu32.int.triton.aalto.fi
Start date: Fri Aug  7 13:44:20 EEST 2020
Work directory: /scratch/work/moisioa3/conv_lm/experiments/theanolm-100k/expt10
Temporary directory: /tmp/55030043

Currently Loaded Modules:
  1) speech-scripts/2016.05.24-b928230   6) binutils/2.25-GCCcore-5.4.0
  2) srilm/default                       7) GCC/5.4.0-2.25
  3) cuda/10.0.130                       8) libgpuarray/2017.03.29-45c731f
  4) cudnn/7.4.2-cuda                    9) anaconda3/latest
  5) GCCcore/5.4.0

 

/tmp/55030043/lattices
floatX=float32,device=cuda0,base_compiledir=/tmp/theano,exception_verbosity=high,openmp=False
/scratch/work/groszt1/envs/theanoLM/lib/python3.7/site-packages/theano/gpuarray/dnn.py:184: UserWarning: Your cuDNN version is more recent than Theano. If you encounter problems, try updating Theano or downgrading cuDNN to a version >= v5 and <= v7.
  warnings.warn("Your cuDNN version is more recent than "
Using cuDNN version 7600 on context None
Mapped name None to device cuda0: Tesla V100-PCIE-32GB (0000:3B:00.0)
TheanoLM 1.3.2
Theano 1.0.4
pygpu 0.7.6
==
+ srun --gres=gpu:1 theanolm decode /scratch/work/moisioa3/conv_lm/experiments/theanolm-100k/expt10/nnlm.h5 --lattice-list /tmp/55030043/lattices/lattice-list --output-file /scratch/work/moisioa3/conv_lm/experiments/theanolm-100k/expt10/decode/devel/lambda=1-lms=8/1.trn --output trn --nnlm-weight 1 --lm-scale 8 --max-tokens-per-node 62 --beam 650 --recombination-order 22 --num-jobs 128 --job 1 --shortlist --unk-penalty=-20
2020-08-07 13:45:07,524 get_default_device: Context None device="Tesla V100-PCIE-32GB" ID="0000:3B:00.0"
2020-08-07 13:45:07,534 from_file: Reading vocabulary from network state.
2020-08-07 13:45:10,818 from_file: Number of words in vocabulary: 2427252
2020-08-07 13:45:10,818 from_file: Number of words in shortlist: 100003
2020-08-07 13:45:10,818 from_file: Number of word classes: 100003
2020-08-07 13:45:10,818 from_file: Building neural network.
2020-08-07 13:45:46,199 from_file: Restoring neural network state.
2020-08-07 13:45:48,013 decode: Building word lattice decoder.
2020-08-07 13:46:09,057 __iter__: Reading lattice file `/tmp/55030043/lattices/dspf004_dsp2013_02.lat.gz´.
2020-08-07 13:46:10,909 decode: Utterance `dspf004_dsp2013_02´ -- 1 of job 1
2020-08-07 13:47:17,275 __iter__: Reading lattice file `/tmp/55030043/lattices/dspm007_dsp2013_11.lat.gz´.
2020-08-07 13:47:19,276 decode: Utterance `dspm007_dsp2013_11´ -- 2 of job 1
2020-08-07 13:48:26,965 __iter__: Reading lattice file `/tmp/55030043/lattices/dspm017_dsp2013_83.lat.gz´.
2020-08-07 13:48:27,011 decode: Utterance `dspm017_dsp2013_83´ -- 3 of job 1
2020-08-07 13:48:29,335 __iter__: Reading lattice file `/tmp/55030043/lattices/dspm025_dsp2013_16.lat.gz´.
2020-08-07 13:48:29,355 decode: Utterance `dspm025_dsp2013_16´ -- 4 of job 1
2020-08-07 13:48:29,988 __iter__: Reading lattice file `/tmp/55030043/lattices/dspm034_dsp2013_07.lat.gz´.
2020-08-07 13:48:30,067 decode: Utterance `dspm034_dsp2013_07´ -- 5 of job 1
2020-08-07 13:48:32,336 __iter__: Reading lattice file `/tmp/55030043/lattices/dspm045_dsp2013_06.lat.gz´.
2020-08-07 13:48:32,472 decode: Utterance `dspm045_dsp2013_06´ -- 6 of job 1
2020-08-07 13:48:36,521 __iter__: Reading lattice file `/tmp/55030043/lattices/dspm054_dsp2013_13.lat.gz´.
2020-08-07 13:48:37,238 decode: Utterance `dspm054_dsp2013_13´ -- 7 of job 1
2020-08-07 13:49:06,429 __iter__: Reading lattice file `/tmp/55030043/lattices/radiojake_kbk20120915_56.lat.gz´.
2020-08-07 13:49:06,435 decode: Utterance `radiojake_kbk20120915_56´ -- 8 of job 1
/scratch/work/groszt1/envs/theanoLM/lib/python3.7/site-packages/theano/gpuarray/dnn.py:184: UserWarning: Your cuDNN version is more recent than Theano. If you encounter problems, try updating Theano or downgrading cuDNN to a version >= v5 and <= v7.
  warnings.warn("Your cuDNN version is more recent than "
Using cuDNN version 7600 on context None
Mapped name None to device cuda0: Tesla V100-PCIE-32GB (0000:3B:00.0)
/scratch/work/groszt1/envs/theanoLM/lib/python3.7/site-packages/h5py-2.9.0-py3.7-linux-x86_64.egg/h5py/_hl/dataset.py:313: H5pyDeprecationWarning: dataset.value has been deprecated. Use dataset[()] instead.
  "Use dataset[()] instead.", H5pyDeprecationWarning)
/scratch/work/groszt1/envs/theanoLM/lib/python3.7/site-packages/h5py-2.9.0-py3.7-linux-x86_64.egg/h5py/_hl/dataset.py:313: H5pyDeprecationWarning: dataset.value has been deprecated. Use dataset[()] instead.
  "Use dataset[()] instead.", H5pyDeprecationWarning)
decode_theanolm finished.
/tmp/55030043/lattices
floatX=float32,device=cuda0,base_compiledir=/tmp/theano,exception_verbosity=high,openmp=False
/scratch/work/groszt1/envs/theanoLM/lib/python3.7/site-packages/theano/gpuarray/dnn.py:184: UserWarning: Your cuDNN version is more recent than Theano. If you encounter problems, try updating Theano or downgrading cuDNN to a version >= v5 and <= v7.
  warnings.warn("Your cuDNN version is more recent than "
Using cuDNN version 7600 on context None
Mapped name None to device cuda0: Tesla V100-PCIE-32GB (0000:3B:00.0)
TheanoLM 1.3.2
Theano 1.0.4
pygpu 0.7.6
==
+ srun --gres=gpu:1 theanolm decode /scratch/work/moisioa3/conv_lm/experiments/theanolm-100k/expt10/nnlm.h5 --lattice-list /tmp/55030043/lattices/lattice-list --output-file /scratch/work/moisioa3/conv_lm/experiments/theanolm-100k/expt10/decode/devel/lambda=1-lms=9/1.trn --output trn --nnlm-weight 1 --lm-scale 9 --max-tokens-per-node 62 --beam 650 --recombination-order 22 --num-jobs 128 --job 1 --shortlist --unk-penalty=-20
2020-08-07 13:49:13,389 get_default_device: Context None device="Tesla V100-PCIE-32GB" ID="0000:3B:00.0"
2020-08-07 13:49:13,391 from_file: Reading vocabulary from network state.
2020-08-07 13:49:16,275 from_file: Number of words in vocabulary: 2427252
2020-08-07 13:49:16,275 from_file: Number of words in shortlist: 100003
2020-08-07 13:49:16,275 from_file: Number of word classes: 100003
2020-08-07 13:49:16,275 from_file: Building neural network.
2020-08-07 13:49:51,434 from_file: Restoring neural network state.
2020-08-07 13:49:52,951 decode: Building word lattice decoder.
2020-08-07 13:49:57,169 __iter__: Reading lattice file `/tmp/55030043/lattices/dspf004_dsp2013_02.lat.gz´.
2020-08-07 13:49:59,030 decode: Utterance `dspf004_dsp2013_02´ -- 1 of job 1
2020-08-07 13:51:05,183 __iter__: Reading lattice file `/tmp/55030043/lattices/dspm007_dsp2013_11.lat.gz´.
2020-08-07 13:51:07,170 decode: Utterance `dspm007_dsp2013_11´ -- 2 of job 1
2020-08-07 13:52:15,241 __iter__: Reading lattice file `/tmp/55030043/lattices/dspm017_dsp2013_83.lat.gz´.
2020-08-07 13:52:15,287 decode: Utterance `dspm017_dsp2013_83´ -- 3 of job 1
2020-08-07 13:52:17,576 __iter__: Reading lattice file `/tmp/55030043/lattices/dspm025_dsp2013_16.lat.gz´.
2020-08-07 13:52:17,597 decode: Utterance `dspm025_dsp2013_16´ -- 4 of job 1
2020-08-07 13:52:18,227 __iter__: Reading lattice file `/tmp/55030043/lattices/dspm034_dsp2013_07.lat.gz´.
2020-08-07 13:52:18,306 decode: Utterance `dspm034_dsp2013_07´ -- 5 of job 1
2020-08-07 13:52:20,569 __iter__: Reading lattice file `/tmp/55030043/lattices/dspm045_dsp2013_06.lat.gz´.
2020-08-07 13:52:20,703 decode: Utterance `dspm045_dsp2013_06´ -- 6 of job 1
2020-08-07 13:52:24,756 __iter__: Reading lattice file `/tmp/55030043/lattices/dspm054_dsp2013_13.lat.gz´.
2020-08-07 13:52:25,465 decode: Utterance `dspm054_dsp2013_13´ -- 7 of job 1
2020-08-07 13:52:54,625 __iter__: Reading lattice file `/tmp/55030043/lattices/radiojake_kbk20120915_56.lat.gz´.
2020-08-07 13:52:54,631 decode: Utterance `radiojake_kbk20120915_56´ -- 8 of job 1
/scratch/work/groszt1/envs/theanoLM/lib/python3.7/site-packages/theano/gpuarray/dnn.py:184: UserWarning: Your cuDNN version is more recent than Theano. If you encounter problems, try updating Theano or downgrading cuDNN to a version >= v5 and <= v7.
  warnings.warn("Your cuDNN version is more recent than "
Using cuDNN version 7600 on context None
Mapped name None to device cuda0: Tesla V100-PCIE-32GB (0000:3B:00.0)
/scratch/work/groszt1/envs/theanoLM/lib/python3.7/site-packages/h5py-2.9.0-py3.7-linux-x86_64.egg/h5py/_hl/dataset.py:313: H5pyDeprecationWarning: dataset.value has been deprecated. Use dataset[()] instead.
  "Use dataset[()] instead.", H5pyDeprecationWarning)
/scratch/work/groszt1/envs/theanoLM/lib/python3.7/site-packages/h5py-2.9.0-py3.7-linux-x86_64.egg/h5py/_hl/dataset.py:313: H5pyDeprecationWarning: dataset.value has been deprecated. Use dataset[()] instead.
  "Use dataset[()] instead.", H5pyDeprecationWarning)
decode_theanolm finished.
/tmp/55030043/lattices
floatX=float32,device=cuda0,base_compiledir=/tmp/theano,exception_verbosity=high,openmp=False
/scratch/work/groszt1/envs/theanoLM/lib/python3.7/site-packages/theano/gpuarray/dnn.py:184: UserWarning: Your cuDNN version is more recent than Theano. If you encounter problems, try updating Theano or downgrading cuDNN to a version >= v5 and <= v7.
  warnings.warn("Your cuDNN version is more recent than "
Using cuDNN version 7600 on context None
Mapped name None to device cuda0: Tesla V100-PCIE-32GB (0000:3B:00.0)
TheanoLM 1.3.2
Theano 1.0.4
pygpu 0.7.6
==
+ srun --gres=gpu:1 theanolm decode /scratch/work/moisioa3/conv_lm/experiments/theanolm-100k/expt10/nnlm.h5 --lattice-list /tmp/55030043/lattices/lattice-list --output-file /scratch/work/moisioa3/conv_lm/experiments/theanolm-100k/expt10/decode/devel/lambda=1-lms=10/1.trn --output trn --nnlm-weight 1 --lm-scale 10 --max-tokens-per-node 62 --beam 650 --recombination-order 22 --num-jobs 128 --job 1 --shortlist --unk-penalty=-20
2020-08-07 13:53:02,242 get_default_device: Context None device="Tesla V100-PCIE-32GB" ID="0000:3B:00.0"
2020-08-07 13:53:02,244 from_file: Reading vocabulary from network state.
2020-08-07 13:53:05,020 from_file: Number of words in vocabulary: 2427252
2020-08-07 13:53:05,020 from_file: Number of words in shortlist: 100003
2020-08-07 13:53:05,021 from_file: Number of word classes: 100003
2020-08-07 13:53:05,021 from_file: Building neural network.
2020-08-07 13:53:40,166 from_file: Restoring neural network state.
2020-08-07 13:53:41,711 decode: Building word lattice decoder.
2020-08-07 13:53:46,017 __iter__: Reading lattice file `/tmp/55030043/lattices/dspf004_dsp2013_02.lat.gz´.
2020-08-07 13:53:47,841 decode: Utterance `dspf004_dsp2013_02´ -- 1 of job 1
2020-08-07 13:54:54,346 __iter__: Reading lattice file `/tmp/55030043/lattices/dspm007_dsp2013_11.lat.gz´.
2020-08-07 13:54:56,293 decode: Utterance `dspm007_dsp2013_11´ -- 2 of job 1
2020-08-07 13:56:04,856 __iter__: Reading lattice file `/tmp/55030043/lattices/dspm017_dsp2013_83.lat.gz´.
2020-08-07 13:56:04,901 decode: Utterance `dspm017_dsp2013_83´ -- 3 of job 1
2020-08-07 13:56:07,101 __iter__: Reading lattice file `/tmp/55030043/lattices/dspm025_dsp2013_16.lat.gz´.
2020-08-07 13:56:07,121 decode: Utterance `dspm025_dsp2013_16´ -- 4 of job 1
2020-08-07 13:56:07,742 __iter__: Reading lattice file `/tmp/55030043/lattices/dspm034_dsp2013_07.lat.gz´.
2020-08-07 13:56:07,819 decode: Utterance `dspm034_dsp2013_07´ -- 5 of job 1
2020-08-07 13:56:10,083 __iter__: Reading lattice file `/tmp/55030043/lattices/dspm045_dsp2013_06.lat.gz´.
2020-08-07 13:56:10,215 decode: Utterance `dspm045_dsp2013_06´ -- 6 of job 1
2020-08-07 13:56:14,299 __iter__: Reading lattice file `/tmp/55030043/lattices/dspm054_dsp2013_13.lat.gz´.
2020-08-07 13:56:14,993 decode: Utterance `dspm054_dsp2013_13´ -- 7 of job 1
2020-08-07 13:56:44,071 __iter__: Reading lattice file `/tmp/55030043/lattices/radiojake_kbk20120915_56.lat.gz´.
2020-08-07 13:56:44,076 decode: Utterance `radiojake_kbk20120915_56´ -- 8 of job 1
/scratch/work/groszt1/envs/theanoLM/lib/python3.7/site-packages/theano/gpuarray/dnn.py:184: UserWarning: Your cuDNN version is more recent than Theano. If you encounter problems, try updating Theano or downgrading cuDNN to a version >= v5 and <= v7.
  warnings.warn("Your cuDNN version is more recent than "
Using cuDNN version 7600 on context None
Mapped name None to device cuda0: Tesla V100-PCIE-32GB (0000:3B:00.0)
/scratch/work/groszt1/envs/theanoLM/lib/python3.7/site-packages/h5py-2.9.0-py3.7-linux-x86_64.egg/h5py/_hl/dataset.py:313: H5pyDeprecationWarning: dataset.value has been deprecated. Use dataset[()] instead.
  "Use dataset[()] instead.", H5pyDeprecationWarning)
/scratch/work/groszt1/envs/theanoLM/lib/python3.7/site-packages/h5py-2.9.0-py3.7-linux-x86_64.egg/h5py/_hl/dataset.py:313: H5pyDeprecationWarning: dataset.value has been deprecated. Use dataset[()] instead.
  "Use dataset[()] instead.", H5pyDeprecationWarning)
decode_theanolm finished.
/tmp/55030043/lattices
floatX=float32,device=cuda0,base_compiledir=/tmp/theano,exception_verbosity=high,openmp=False
/scratch/work/groszt1/envs/theanoLM/lib/python3.7/site-packages/theano/gpuarray/dnn.py:184: UserWarning: Your cuDNN version is more recent than Theano. If you encounter problems, try updating Theano or downgrading cuDNN to a version >= v5 and <= v7.
  warnings.warn("Your cuDNN version is more recent than "
Using cuDNN version 7600 on context None
Mapped name None to device cuda0: Tesla V100-PCIE-32GB (0000:3B:00.0)
TheanoLM 1.3.2
Theano 1.0.4
pygpu 0.7.6
==
+ srun --gres=gpu:1 theanolm decode /scratch/work/moisioa3/conv_lm/experiments/theanolm-100k/expt10/nnlm.h5 --lattice-list /tmp/55030043/lattices/lattice-list --output-file /scratch/work/moisioa3/conv_lm/experiments/theanolm-100k/expt10/decode/devel/lambda=0.5-lms=8/1.trn --output trn --nnlm-weight 0.5 --lm-scale 8 --max-tokens-per-node 62 --beam 650 --recombination-order 22 --num-jobs 128 --job 1 --shortlist --unk-penalty=-20
2020-08-07 13:56:51,222 get_default_device: Context None device="Tesla V100-PCIE-32GB" ID="0000:3B:00.0"
2020-08-07 13:56:51,224 from_file: Reading vocabulary from network state.
2020-08-07 13:56:54,096 from_file: Number of words in vocabulary: 2427252
2020-08-07 13:56:54,096 from_file: Number of words in shortlist: 100003
2020-08-07 13:56:54,097 from_file: Number of word classes: 100003
2020-08-07 13:56:54,097 from_file: Building neural network.
2020-08-07 13:57:29,312 from_file: Restoring neural network state.
2020-08-07 13:57:30,902 decode: Building word lattice decoder.
2020-08-07 13:57:35,298 __iter__: Reading lattice file `/tmp/55030043/lattices/dspf004_dsp2013_02.lat.gz´.
2020-08-07 13:57:37,118 decode: Utterance `dspf004_dsp2013_02´ -- 1 of job 1
2020-08-07 13:58:51,254 __iter__: Reading lattice file `/tmp/55030043/lattices/dspm007_dsp2013_11.lat.gz´.
2020-08-07 13:58:53,211 decode: Utterance `dspm007_dsp2013_11´ -- 2 of job 1
2020-08-07 14:00:07,518 __iter__: Reading lattice file `/tmp/55030043/lattices/dspm017_dsp2013_83.lat.gz´.
2020-08-07 14:00:07,565 decode: Utterance `dspm017_dsp2013_83´ -- 3 of job 1
2020-08-07 14:00:10,046 __iter__: Reading lattice file `/tmp/55030043/lattices/dspm025_dsp2013_16.lat.gz´.
2020-08-07 14:00:10,067 decode: Utterance `dspm025_dsp2013_16´ -- 4 of job 1
2020-08-07 14:00:10,713 __iter__: Reading lattice file `/tmp/55030043/lattices/dspm034_dsp2013_07.lat.gz´.
2020-08-07 14:00:10,791 decode: Utterance `dspm034_dsp2013_07´ -- 5 of job 1
2020-08-07 14:00:13,071 __iter__: Reading lattice file `/tmp/55030043/lattices/dspm045_dsp2013_06.lat.gz´.
2020-08-07 14:00:13,203 decode: Utterance `dspm045_dsp2013_06´ -- 6 of job 1
2020-08-07 14:00:17,246 __iter__: Reading lattice file `/tmp/55030043/lattices/dspm054_dsp2013_13.lat.gz´.
2020-08-07 14:00:17,943 decode: Utterance `dspm054_dsp2013_13´ -- 7 of job 1
2020-08-07 14:00:47,256 __iter__: Reading lattice file `/tmp/55030043/lattices/radiojake_kbk20120915_56.lat.gz´.
2020-08-07 14:00:47,262 decode: Utterance `radiojake_kbk20120915_56´ -- 8 of job 1
/scratch/work/groszt1/envs/theanoLM/lib/python3.7/site-packages/theano/gpuarray/dnn.py:184: UserWarning: Your cuDNN version is more recent than Theano. If you encounter problems, try updating Theano or downgrading cuDNN to a version >= v5 and <= v7.
  warnings.warn("Your cuDNN version is more recent than "
Using cuDNN version 7600 on context None
Mapped name None to device cuda0: Tesla V100-PCIE-32GB (0000:3B:00.0)
/scratch/work/groszt1/envs/theanoLM/lib/python3.7/site-packages/h5py-2.9.0-py3.7-linux-x86_64.egg/h5py/_hl/dataset.py:313: H5pyDeprecationWarning: dataset.value has been deprecated. Use dataset[()] instead.
  "Use dataset[()] instead.", H5pyDeprecationWarning)
/scratch/work/groszt1/envs/theanoLM/lib/python3.7/site-packages/h5py-2.9.0-py3.7-linux-x86_64.egg/h5py/_hl/dataset.py:313: H5pyDeprecationWarning: dataset.value has been deprecated. Use dataset[()] instead.
  "Use dataset[()] instead.", H5pyDeprecationWarning)
decode_theanolm finished.
/tmp/55030043/lattices
floatX=float32,device=cuda0,base_compiledir=/tmp/theano,exception_verbosity=high,openmp=False
/scratch/work/groszt1/envs/theanoLM/lib/python3.7/site-packages/theano/gpuarray/dnn.py:184: UserWarning: Your cuDNN version is more recent than Theano. If you encounter problems, try updating Theano or downgrading cuDNN to a version >= v5 and <= v7.
  warnings.warn("Your cuDNN version is more recent than "
Using cuDNN version 7600 on context None
Mapped name None to device cuda0: Tesla V100-PCIE-32GB (0000:3B:00.0)
TheanoLM 1.3.2
Theano 1.0.4
pygpu 0.7.6
==
+ srun --gres=gpu:1 theanolm decode /scratch/work/moisioa3/conv_lm/experiments/theanolm-100k/expt10/nnlm.h5 --lattice-list /tmp/55030043/lattices/lattice-list --output-file /scratch/work/moisioa3/conv_lm/experiments/theanolm-100k/expt10/decode/devel/lambda=0.5-lms=9/1.trn --output trn --nnlm-weight 0.5 --lm-scale 9 --max-tokens-per-node 62 --beam 650 --recombination-order 22 --num-jobs 128 --job 1 --shortlist --unk-penalty=-20
2020-08-07 14:00:58,832 get_default_device: Context None device="Tesla V100-PCIE-32GB" ID="0000:3B:00.0"
2020-08-07 14:00:58,834 from_file: Reading vocabulary from network state.
2020-08-07 14:01:01,720 from_file: Number of words in vocabulary: 2427252
2020-08-07 14:01:01,720 from_file: Number of words in shortlist: 100003
2020-08-07 14:01:01,720 from_file: Number of word classes: 100003
2020-08-07 14:01:01,721 from_file: Building neural network.
2020-08-07 14:01:36,924 from_file: Restoring neural network state.
2020-08-07 14:01:38,450 decode: Building word lattice decoder.
2020-08-07 14:01:42,668 __iter__: Reading lattice file `/tmp/55030043/lattices/dspf004_dsp2013_02.lat.gz´.
2020-08-07 14:01:44,530 decode: Utterance `dspf004_dsp2013_02´ -- 1 of job 1
2020-08-07 14:03:00,930 __iter__: Reading lattice file `/tmp/55030043/lattices/dspm007_dsp2013_11.lat.gz´.
2020-08-07 14:03:02,923 decode: Utterance `dspm007_dsp2013_11´ -- 2 of job 1
2020-08-07 14:04:19,514 __iter__: Reading lattice file `/tmp/55030043/lattices/dspm017_dsp2013_83.lat.gz´.
2020-08-07 14:04:19,561 decode: Utterance `dspm017_dsp2013_83´ -- 3 of job 1
2020-08-07 14:04:22,018 __iter__: Reading lattice file `/tmp/55030043/lattices/dspm025_dsp2013_16.lat.gz´.
2020-08-07 14:04:22,038 decode: Utterance `dspm025_dsp2013_16´ -- 4 of job 1
2020-08-07 14:04:22,685 __iter__: Reading lattice file `/tmp/55030043/lattices/dspm034_dsp2013_07.lat.gz´.
2020-08-07 14:04:22,764 decode: Utterance `dspm034_dsp2013_07´ -- 5 of job 1
2020-08-07 14:04:25,046 __iter__: Reading lattice file `/tmp/55030043/lattices/dspm045_dsp2013_06.lat.gz´.
2020-08-07 14:04:25,182 decode: Utterance `dspm045_dsp2013_06´ -- 6 of job 1
2020-08-07 14:04:29,237 __iter__: Reading lattice file `/tmp/55030043/lattices/dspm054_dsp2013_13.lat.gz´.
2020-08-07 14:04:29,944 decode: Utterance `dspm054_dsp2013_13´ -- 7 of job 1
2020-08-07 14:04:59,352 __iter__: Reading lattice file `/tmp/55030043/lattices/radiojake_kbk20120915_56.lat.gz´.
2020-08-07 14:04:59,358 decode: Utterance `radiojake_kbk20120915_56´ -- 8 of job 1
/scratch/work/groszt1/envs/theanoLM/lib/python3.7/site-packages/theano/gpuarray/dnn.py:184: UserWarning: Your cuDNN version is more recent than Theano. If you encounter problems, try updating Theano or downgrading cuDNN to a version >= v5 and <= v7.
  warnings.warn("Your cuDNN version is more recent than "
Using cuDNN version 7600 on context None
Mapped name None to device cuda0: Tesla V100-PCIE-32GB (0000:3B:00.0)
/scratch/work/groszt1/envs/theanoLM/lib/python3.7/site-packages/h5py-2.9.0-py3.7-linux-x86_64.egg/h5py/_hl/dataset.py:313: H5pyDeprecationWarning: dataset.value has been deprecated. Use dataset[()] instead.
  "Use dataset[()] instead.", H5pyDeprecationWarning)
/scratch/work/groszt1/envs/theanoLM/lib/python3.7/site-packages/h5py-2.9.0-py3.7-linux-x86_64.egg/h5py/_hl/dataset.py:313: H5pyDeprecationWarning: dataset.value has been deprecated. Use dataset[()] instead.
  "Use dataset[()] instead.", H5pyDeprecationWarning)
decode_theanolm finished.
/tmp/55030043/lattices
floatX=float32,device=cuda0,base_compiledir=/tmp/theano,exception_verbosity=high,openmp=False
/scratch/work/groszt1/envs/theanoLM/lib/python3.7/site-packages/theano/gpuarray/dnn.py:184: UserWarning: Your cuDNN version is more recent than Theano. If you encounter problems, try updating Theano or downgrading cuDNN to a version >= v5 and <= v7.
  warnings.warn("Your cuDNN version is more recent than "
Using cuDNN version 7600 on context None
Mapped name None to device cuda0: Tesla V100-PCIE-32GB (0000:3B:00.0)
TheanoLM 1.3.2
Theano 1.0.4
pygpu 0.7.6
==
+ srun --gres=gpu:1 theanolm decode /scratch/work/moisioa3/conv_lm/experiments/theanolm-100k/expt10/nnlm.h5 --lattice-list /tmp/55030043/lattices/lattice-list --output-file /scratch/work/moisioa3/conv_lm/experiments/theanolm-100k/expt10/decode/devel/lambda=0.5-lms=10/1.trn --output trn --nnlm-weight 0.5 --lm-scale 10 --max-tokens-per-node 62 --beam 650 --recombination-order 22 --num-jobs 128 --job 1 --shortlist --unk-penalty=-20
2020-08-07 14:05:06,437 get_default_device: Context None device="Tesla V100-PCIE-32GB" ID="0000:3B:00.0"
2020-08-07 14:05:06,439 from_file: Reading vocabulary from network state.
2020-08-07 14:05:09,327 from_file: Number of words in vocabulary: 2427252
2020-08-07 14:05:09,327 from_file: Number of words in shortlist: 100003
2020-08-07 14:05:09,327 from_file: Number of word classes: 100003
2020-08-07 14:05:09,327 from_file: Building neural network.
2020-08-07 14:05:44,564 from_file: Restoring neural network state.
2020-08-07 14:05:46,157 decode: Building word lattice decoder.
2020-08-07 14:05:50,428 __iter__: Reading lattice file `/tmp/55030043/lattices/dspf004_dsp2013_02.lat.gz´.
2020-08-07 14:05:52,267 decode: Utterance `dspf004_dsp2013_02´ -- 1 of job 1
2020-08-07 14:07:15,885 __iter__: Reading lattice file `/tmp/55030043/lattices/dspm007_dsp2013_11.lat.gz´.
2020-08-07 14:07:17,878 decode: Utterance `dspm007_dsp2013_11´ -- 2 of job 1
2020-08-07 14:08:36,064 __iter__: Reading lattice file `/tmp/55030043/lattices/dspm017_dsp2013_83.lat.gz´.
2020-08-07 14:08:36,111 decode: Utterance `dspm017_dsp2013_83´ -- 3 of job 1
2020-08-07 14:08:38,587 __iter__: Reading lattice file `/tmp/55030043/lattices/dspm025_dsp2013_16.lat.gz´.
2020-08-07 14:08:38,607 decode: Utterance `dspm025_dsp2013_16´ -- 4 of job 1
2020-08-07 14:08:39,242 __iter__: Reading lattice file `/tmp/55030043/lattices/dspm034_dsp2013_07.lat.gz´.
2020-08-07 14:08:39,320 decode: Utterance `dspm034_dsp2013_07´ -- 5 of job 1
2020-08-07 14:08:41,571 __iter__: Reading lattice file `/tmp/55030043/lattices/dspm045_dsp2013_06.lat.gz´.
2020-08-07 14:08:41,705 decode: Utterance `dspm045_dsp2013_06´ -- 6 of job 1
2020-08-07 14:08:45,783 __iter__: Reading lattice file `/tmp/55030043/lattices/dspm054_dsp2013_13.lat.gz´.
2020-08-07 14:08:46,489 decode: Utterance `dspm054_dsp2013_13´ -- 7 of job 1
2020-08-07 14:09:15,643 __iter__: Reading lattice file `/tmp/55030043/lattices/radiojake_kbk20120915_56.lat.gz´.
2020-08-07 14:09:15,649 decode: Utterance `radiojake_kbk20120915_56´ -- 8 of job 1
/scratch/work/groszt1/envs/theanoLM/lib/python3.7/site-packages/theano/gpuarray/dnn.py:184: UserWarning: Your cuDNN version is more recent than Theano. If you encounter problems, try updating Theano or downgrading cuDNN to a version >= v5 and <= v7.
  warnings.warn("Your cuDNN version is more recent than "
Using cuDNN version 7600 on context None
Mapped name None to device cuda0: Tesla V100-PCIE-32GB (0000:3B:00.0)
/scratch/work/groszt1/envs/theanoLM/lib/python3.7/site-packages/h5py-2.9.0-py3.7-linux-x86_64.egg/h5py/_hl/dataset.py:313: H5pyDeprecationWarning: dataset.value has been deprecated. Use dataset[()] instead.
  "Use dataset[()] instead.", H5pyDeprecationWarning)
/scratch/work/groszt1/envs/theanoLM/lib/python3.7/site-packages/h5py-2.9.0-py3.7-linux-x86_64.egg/h5py/_hl/dataset.py:313: H5pyDeprecationWarning: dataset.value has been deprecated. Use dataset[()] instead.
  "Use dataset[()] instead.", H5pyDeprecationWarning)
decode_theanolm finished.
