EXPT_NAME morph
EXPT_PARAMS damp=ones-w=0.05-2
EXPT_WORK_DIR /scratch/work/moisioa3/conv_lm/experiments/morph/damp=ones-w=0.05-2
Experiment: morph/damp=ones-w=0.05-2
Job ID: 54537999
Task ID: 
Host: skl23.int.triton.aalto.fi
Start date: Thu Jul  2 00:01:54 EEST 2020
Work directory: /scratch/work/moisioa3/conv_lm/experiments/morph/damp=ones-w=0.05-2
Temporary directory: /tmp/54537999
/scratch/work/moisioa3/conv_lm/experiments/morph/damp=ones-w=0.05-2/morfessor.model
+ morfessor --traindata /scratch/work/moisioa3/conv_lm/data/lm-train/dsp.txt --traindata /scratch/work/moisioa3/conv_lm/data/lm-train/web.txt --encoding UTF-8 --dampening ones --corpusweight 0.05 --save /scratch/work/moisioa3/conv_lm/experiments/morph/damp=ones-w=0.05-2/morfessor.model
INFO:morfessor.io:Reading corpus from '/scratch/work/moisioa3/conv_lm/data/lm-train/dsp.txt'...
INFO:morfessor.io:Done.
INFO:morfessor.io:Reading corpus from '/scratch/work/moisioa3/conv_lm/data/lm-train/web.txt'...
INFO:morfessor.io:Done.
INFO:morfessor.baseline:Compounds in training data: 2427249 types / 2427249 tokens
INFO:morfessor.baseline:Starting batch training
INFO:morfessor.baseline:Epochs: 0	Cost: 54187106.0529
..............