Experiment: theanolm-morph-42k/expt2-sampled
Job ID: 55710819
Task ID: 
Host: gpu21.int.triton.aalto.fi
Start date: Wed Sep 16 13:38:23 EEST 2020
Work directory: /scratch/work/moisioa3/conv_lm/experiments/theanolm-morph-42k/expt2-sampled
Temporary directory: /tmp/55710819
floatX=float32,device=cuda0,base_compiledir=/tmp/theano,exception_verbosity=high,openmp=False
/scratch/work/groszt1/envs/theanoLM/lib/python3.7/site-packages/theano/gpuarray/dnn.py:184: UserWarning: Your cuDNN version is more recent than Theano. If you encounter problems, try updating Theano or downgrading cuDNN to a version >= v5 and <= v7.
  warnings.warn("Your cuDNN version is more recent than "
Using cuDNN version 7600 on context None
Mapped name None to device cuda0: Tesla K80 (0000:84:00.0)
TheanoLM 1.3.2
Theano 1.0.4
pygpu 0.7.6
==
+ export DECODE_LATTICES_LM_SCALE=15
+ DECODE_LATTICES_LM_SCALE=15
+ nbest-from-lattices.sh /scratch/work/moisioa3/conv_lm/lattices/devel/morph-5-gram/lattice-list
/scratch/work/moisioa3/conv_lm/lattices/devel/morph-5-gram/lattice-list: No such file or directory
++ echo Failed on line: 283 at command: nbest-from-lattices.sh '"${BASELINE_LATTICES}"' '>' '"${baseline_nbest_file}"'
Failed on line: 283 at command: nbest-from-lattices.sh "${BASELINE_LATTICES}" > "${baseline_nbest_file}"
