Experiment: theanolm-morph-42k/expt2-sampled
Job ID: 55712113
Task ID: 
Host: gpu27.int.triton.aalto.fi
Start date: Wed Sep 16 15:04:09 EEST 2020
Work directory: /scratch/work/moisioa3/conv_lm/experiments/theanolm-morph-42k/expt2-sampled
Temporary directory: /tmp/55712113
floatX=float32,device=cuda0,base_compiledir=/tmp/theano,exception_verbosity=high,openmp=False
/scratch/work/groszt1/envs/theanoLM/lib/python3.7/site-packages/theano/gpuarray/dnn.py:184: UserWarning: Your cuDNN version is more recent than Theano. If you encounter problems, try updating Theano or downgrading cuDNN to a version >= v5 and <= v7.
  warnings.warn("Your cuDNN version is more recent than "
Using cuDNN version 7600 on context None
Mapped name None to device cuda0: Tesla P100-PCIE-16GB (0000:82:00.0)
TheanoLM 1.3.2
Theano 1.0.4
pygpu 0.7.6
==
+ theanolm score /scratch/work/moisioa3/conv_lm/experiments/theanolm-morph-42k/expt2-sampled/nnlm.h5 .sentences --output-file .nnlm-probs --output utterance-scores --log-base 10
/scratch/work/groszt1/envs/theanoLM/lib/python3.7/site-packages/theano/gpuarray/dnn.py:184: UserWarning: Your cuDNN version is more recent than Theano. If you encounter problems, try updating Theano or downgrading cuDNN to a version >= v5 and <= v7.
  warnings.warn("Your cuDNN version is more recent than "
Using cuDNN version 7600 on context None
Mapped name None to device cuda0: Tesla P100-PCIE-16GB (0000:82:00.0)
usage: theanolm score [-h] [--output-file FILE] [--output DETAIL]
                      [--log-base B] [--exclude-unk] [--subwords MARKING]
                      [--shortlist] [--default-device DEVICE]
                      [--log-file FILE] [--log-level LEVEL] [--debug]
                      [--profile]
                      MODEL-FILE TEXT-FILE
theanolm score: error: argument TEXT-FILE: Cannot open '.sentences': [Errno 2] No such file or directory: '.sentences'
++ echo Failed on line: 311 at command: theanolm score '"${EXPT_WORK_DIR}/nnlm.h5"' '"${sentences_file}"' --output-file '"${nnlm_probs_file}"' --output '"utterance-scores"' --log-base 10
Failed on line: 311 at command: theanolm score "${EXPT_WORK_DIR}/nnlm.h5" "${sentences_file}" --output-file "${nnlm_probs_file}" --output "utterance-scores" --log-base 10
Failed on line: 241 at command: vocab_format="words"
