Kaldi version:
commit 31cdfc4f1b2d17790056bc624d7b6ed5665f7e93
Author: Anssi Moisio <anssi.moisio@aalto.fi>
Date:   Tue Sep 1 20:44:55 2020 +0300

    recombine subwords also in score_kaldi_cer.sh

Experiment: kaldi-am/chain_new_ivecs
Job ID: 55577165
Task ID: 
Host: csl47.int.triton.aalto.fi
Start date: Tue Sep  8 19:29:23 EEST 2020
Work directory: /scratch/work/moisioa3/conv_lm/experiments/kaldi-am/chain_new_ivecs
Temporary directory: /tmp/55577165

Currently Loaded Modules:
  1) GCCcore/6.4.0
  2) binutils/2.28-GCCcore-6.4.0
  3) GCC/6.4.0-2.28
  4) openfst/1.6.6-GCC-6.4.0
  5) OpenBLAS/0.2.20-GCC-6.4.0-2.28
  6) CUDA/9.0.176
  7) CUB/1.8.0
  8) sctk/2.4.10
  9) sph2pipe/2.5
 10) kaldi-vanilla/7637de7-GCC-6.4.0-2.28-OPENBLAS

 

tree-info exp/chain/tdnn_new/tree 
tree-info exp/chain/tdnn_new/tree 
make-h-transducer --disambig-syms-out=exp/chain/tdnn_new/graph/disambig_tid.int --transition-scale=1.0 ../chain_tdnn_enarvi_swbd7q/data/lang_train_nosp/tmp/ilabels_2_1 exp/chain/tdnn_new/tree exp/chain/tdnn_new/final.mdl 
fstrmsymbols exp/chain/tdnn_new/graph/disambig_tid.int 
fstdeterminizestar --use-log=true 
fstrmepslocal 
fsttablecompose exp/chain/tdnn_new/graph/Ha.fst ../chain_tdnn_enarvi_swbd7q/data/lang_train_nosp/tmp/CLG_2_1.fst 
fstminimizeencoded 
fstisstochastic exp/chain/tdnn_new/graph/HCLGa.fst 
0.475494 -0.0585995
HCLGa is not stochastic
add-self-loops --self-loop-scale=1.0 --reorder=true exp/chain/tdnn_new/final.mdl exp/chain/tdnn_new/graph/HCLGa.fst 
fstisstochastic exp/chain/tdnn_new/graph/HCLG.fst 
0.209747 -0.0585938
[info]: final HCLG is not stochastic.
