EXPT_NAME theanolm-100k
EXPT_PARAMS expt10-seq15
EXPT_WORK_DIR /scratch/work/moisioa3/conv_lm/experiments/theanolm-100k/expt10-seq15
Experiment: theanolm-100k/expt10-seq15
Job ID: 54746164
Task ID: 39
Host: gpu26.int.triton.aalto.fi
Start date: Fri Jul 17 21:20:58 EEST 2020
Work directory: /scratch/work/moisioa3/conv_lm/experiments/theanolm-100k/expt10-seq15
Temporary directory: /tmp/54746164

Currently Loaded Modules:
  1) speech-scripts/2016.05.24-b928230   6) binutils/2.25-GCCcore-5.4.0
  2) srilm/default                       7) GCC/5.4.0-2.25
  3) cuda/10.0.130                       8) libgpuarray/2017.03.29-45c731f
  4) cudnn/7.4.2-cuda                    9) anaconda3/latest
  5) GCCcore/5.4.0

 

/tmp/54746164/lattices
floatX=float32,device=cuda0,base_compiledir=/tmp/theano,exception_verbosity=high,openmp=False
/scratch/work/groszt1/envs/theanoLM/lib/python3.7/site-packages/theano/gpuarray/dnn.py:184: UserWarning: Your cuDNN version is more recent than Theano. If you encounter problems, try updating Theano or downgrading cuDNN to a version >= v5 and <= v7.
  warnings.warn("Your cuDNN version is more recent than "
Using cuDNN version 7600 on context None
Mapped name None to device cuda0: Tesla P100-PCIE-16GB (0000:83:00.0)
TheanoLM 1.3.2
Theano 1.0.4
pygpu 0.7.6
==
+ srun --gres=gpu:1 theanolm decode /scratch/work/moisioa3/conv_lm/experiments/theanolm-100k/expt10-seq15/nnlm.h5 --lattice-list /tmp/54746164/lattices/lattice-list --output-file /scratch/work/moisioa3/conv_lm/experiments/theanolm-100k/expt10-seq15/decode/devel/lambda=0.5-lms=14/9.trn --output trn --nnlm-weight 0.5 --lm-scale 14 --max-tokens-per-node 62 --beam 650 --recombination-order 22 --num-jobs 10 --job 9 --shortlist --unk-penalty=-20
2020-07-17 21:21:10,135 get_default_device: Context None device="Tesla P100-PCIE-16GB" ID="0000:83:00.0"
2020-07-17 21:21:10,136 from_file: Reading vocabulary from network state.
2020-07-17 21:21:13,525 from_file: Number of words in vocabulary: 2427252
2020-07-17 21:21:13,526 from_file: Number of words in shortlist: 100003
2020-07-17 21:21:13,526 from_file: Number of word classes: 100003
2020-07-17 21:21:13,526 from_file: Building neural network.
2020-07-17 21:22:06,310 from_file: Restoring neural network state.
2020-07-17 21:22:07,125 decode: Building word lattice decoder.
2020-07-17 21:22:12,522 __iter__: Reading lattice file `/tmp/54746164/lattices/dspf004_dsp2013_11.lat.gz´.
2020-07-17 21:22:13,472 decode: Utterance `dspf004_dsp2013_11´ -- 1 of job 9
2020-07-17 21:23:09,308 __iter__: Reading lattice file `/tmp/54746164/lattices/dspf004_dsp2013_21.lat.gz´.
2020-07-17 21:23:09,835 decode: Utterance `dspf004_dsp2013_21´ -- 2 of job 9
2020-07-17 21:23:31,745 __iter__: Reading lattice file `/tmp/54746164/lattices/dspf007_dsp2013_10.lat.gz´.
2020-07-17 21:23:31,964 decode: Utterance `dspf007_dsp2013_10´ -- 3 of job 9
2020-07-17 21:23:40,238 __iter__: Reading lattice file `/tmp/54746164/lattices/dspf007_dsp2013_20.lat.gz´.
2020-07-17 21:23:40,284 decode: Utterance `dspf007_dsp2013_20´ -- 4 of job 9
2020-07-17 21:23:41,596 __iter__: Reading lattice file `/tmp/54746164/lattices/dspm001_dsp2013_10.lat.gz´.
2020-07-17 21:23:41,839 decode: Utterance `dspm001_dsp2013_10´ -- 5 of job 9
2020-07-17 21:23:52,281 __iter__: Reading lattice file `/tmp/54746164/lattices/dspm001_dsp2013_20.lat.gz´.
2020-07-17 21:23:53,231 decode: Utterance `dspm001_dsp2013_20´ -- 6 of job 9
2020-07-17 21:24:32,453 __iter__: Reading lattice file `/tmp/54746164/lattices/dspm004_dsp2013_10.lat.gz´.
2020-07-17 21:24:33,065 decode: Utterance `dspm004_dsp2013_10´ -- 7 of job 9
2020-07-17 21:24:58,423 __iter__: Reading lattice file `/tmp/54746164/lattices/dspm004_dsp2013_20.lat.gz´.
2020-07-17 21:24:58,707 decode: Utterance `dspm004_dsp2013_20´ -- 8 of job 9
2020-07-17 21:25:07,662 __iter__: Reading lattice file `/tmp/54746164/lattices/dspm005_dsp2013_10.lat.gz´.
2020-07-17 21:25:08,152 decode: Utterance `dspm005_dsp2013_10´ -- 9 of job 9
2020-07-17 21:25:21,906 __iter__: Reading lattice file `/tmp/54746164/lattices/dspm005_dsp2013_20.lat.gz´.
2020-07-17 21:25:22,208 decode: Utterance `dspm005_dsp2013_20´ -- 10 of job 9
2020-07-17 21:25:31,073 __iter__: Reading lattice file `/tmp/54746164/lattices/dspm006_dsp2013_10.lat.gz´.
2020-07-17 21:25:31,083 decode: Utterance `dspm006_dsp2013_10´ -- 11 of job 9
2020-07-17 21:25:31,362 __iter__: Reading lattice file `/tmp/54746164/lattices/dspm006_dsp2013_23.lat.gz´.
2020-07-17 21:25:31,371 decode: Utterance `dspm006_dsp2013_23´ -- 12 of job 9
2020-07-17 21:25:31,715 __iter__: Reading lattice file `/tmp/54746164/lattices/dspm007_dsp2013_11.lat.gz´.
2020-07-17 21:25:34,491 decode: Utterance `dspm007_dsp2013_11´ -- 13 of job 9
2020-07-17 21:27:24,911 __iter__: Reading lattice file `/tmp/54746164/lattices/dspm007_dsp2013_21.lat.gz´.
2020-07-17 21:27:25,050 decode: Utterance `dspm007_dsp2013_21´ -- 14 of job 9
2020-07-17 21:27:31,551 __iter__: Reading lattice file `/tmp/54746164/lattices/dspm010_dsp2013_02.lat.gz´.
2020-07-17 21:27:34,326 decode: Utterance `dspm010_dsp2013_02´ -- 15 of job 9
2020-07-17 21:29:07,534 __iter__: Reading lattice file `/tmp/54746164/lattices/dspm010_dsp2013_12.lat.gz´.
2020-07-17 21:29:07,744 decode: Utterance `dspm010_dsp2013_12´ -- 16 of job 9
2020-07-17 21:29:15,489 __iter__: Reading lattice file `/tmp/54746164/lattices/dspm011_dsp2013_02.lat.gz´.
2020-07-17 21:29:15,691 decode: Utterance `dspm011_dsp2013_02´ -- 17 of job 9
2020-07-17 21:29:21,773 __iter__: Reading lattice file `/tmp/54746164/lattices/dspm011_dsp2013_12.lat.gz´.
2020-07-17 21:29:21,897 decode: Utterance `dspm011_dsp2013_12´ -- 18 of job 9
2020-07-17 21:29:26,721 __iter__: Reading lattice file `/tmp/54746164/lattices/dspm011_dsp2013_22.lat.gz´.
2020-07-17 21:29:27,073 decode: Utterance `dspm011_dsp2013_22´ -- 19 of job 9
2020-07-17 21:29:38,448 __iter__: Reading lattice file `/tmp/54746164/lattices/dspm014_dsp2013_11.lat.gz´.
2020-07-17 21:29:38,588 decode: Utterance `dspm014_dsp2013_11´ -- 20 of job 9
2020-07-17 21:29:43,463 __iter__: Reading lattice file `/tmp/54746164/lattices/dspm014_dsp2013_29.lat.gz´.
2020-07-17 21:29:43,584 decode: Utterance `dspm014_dsp2013_29´ -- 21 of job 9
2020-07-17 21:29:48,783 __iter__: Reading lattice file `/tmp/54746164/lattices/dspm015_dsp2013_06.lat.gz´.
2020-07-17 21:29:51,319 decode: Utterance `dspm015_dsp2013_06´ -- 22 of job 9
2020-07-17 21:31:34,192 __iter__: Reading lattice file `/tmp/54746164/lattices/dspm015_dsp2013_16.lat.gz´.
2020-07-17 21:31:34,254 decode: Utterance `dspm015_dsp2013_16´ -- 23 of job 9
2020-07-17 21:31:35,981 __iter__: Reading lattice file `/tmp/54746164/lattices/dspm017_dsp2013_18.lat.gz´.
2020-07-17 21:31:36,125 decode: Utterance `dspm017_dsp2013_18´ -- 24 of job 9
2020-07-17 21:31:44,929 __iter__: Reading lattice file `/tmp/54746164/lattices/dspm017_dsp2013_53.lat.gz´.
2020-07-17 21:31:46,063 decode: Utterance `dspm017_dsp2013_53´ -- 25 of job 9
2020-07-17 21:32:36,560 __iter__: Reading lattice file `/tmp/54746164/lattices/dspm017_dsp2013_91.lat.gz´.
2020-07-17 21:32:36,568 decode: Utterance `dspm017_dsp2013_91´ -- 26 of job 9
2020-07-17 21:32:36,862 __iter__: Reading lattice file `/tmp/54746164/lattices/dspm018_dsp2013_12.lat.gz´.
2020-07-17 21:32:36,911 decode: Utterance `dspm018_dsp2013_12´ -- 27 of job 9
2020-07-17 21:32:38,425 __iter__: Reading lattice file `/tmp/54746164/lattices/dspm018_dsp2013_22.lat.gz´.
2020-07-17 21:32:38,558 decode: Utterance `dspm018_dsp2013_22´ -- 28 of job 9
2020-07-17 21:32:44,520 __iter__: Reading lattice file `/tmp/54746164/lattices/dspm019_dsp2013_10.lat.gz´.
2020-07-17 21:32:44,535 decode: Utterance `dspm019_dsp2013_10´ -- 29 of job 9
2020-07-17 21:32:45,015 __iter__: Reading lattice file `/tmp/54746164/lattices/dspm019_dsp2013_21.lat.gz´.
2020-07-17 21:32:45,153 decode: Utterance `dspm019_dsp2013_21´ -- 30 of job 9
2020-07-17 21:32:51,701 __iter__: Reading lattice file `/tmp/54746164/lattices/dspm021_dsp2013_11.lat.gz´.
2020-07-17 21:32:51,979 decode: Utterance `dspm021_dsp2013_11´ -- 31 of job 9
2020-07-17 21:33:00,484 __iter__: Reading lattice file `/tmp/54746164/lattices/dspm021_dsp2013_21.lat.gz´.
2020-07-17 21:33:00,859 decode: Utterance `dspm021_dsp2013_21´ -- 32 of job 9
2020-07-17 21:33:14,612 __iter__: Reading lattice file `/tmp/54746164/lattices/dspm022_dsp2013_07.lat.gz´.
2020-07-17 21:33:14,665 decode: Utterance `dspm022_dsp2013_07´ -- 33 of job 9
2020-07-17 21:33:16,018 __iter__: Reading lattice file `/tmp/54746164/lattices/dspm022_dsp2013_17.lat.gz´.
2020-07-17 21:33:16,121 decode: Utterance `dspm022_dsp2013_17´ -- 34 of job 9
2020-07-17 21:33:20,090 __iter__: Reading lattice file `/tmp/54746164/lattices/dspm022_dsp2013_27.lat.gz´.
2020-07-17 21:33:20,208 decode: Utterance `dspm022_dsp2013_27´ -- 35 of job 9
2020-07-17 21:33:25,491 __iter__: Reading lattice file `/tmp/54746164/lattices/dspm024_dsp2013_03.lat.gz´.
2020-07-17 21:33:25,911 decode: Utterance `dspm024_dsp2013_03´ -- 36 of job 9
2020-07-17 21:33:34,704 __iter__: Reading lattice file `/tmp/54746164/lattices/dspm024_dsp2013_13.lat.gz´.
2020-07-17 21:33:35,021 decode: Utterance `dspm024_dsp2013_13´ -- 37 of job 9
2020-07-17 21:33:46,413 __iter__: Reading lattice file `/tmp/54746164/lattices/dspm025_dsp2013_07.lat.gz´.
2020-07-17 21:33:46,773 decode: Utterance `dspm025_dsp2013_07´ -- 38 of job 9
2020-07-17 21:33:58,957 __iter__: Reading lattice file `/tmp/54746164/lattices/dspm025_dsp2013_20.lat.gz´.
2020-07-17 21:33:58,977 decode: Utterance `dspm025_dsp2013_20´ -- 39 of job 9
2020-07-17 21:33:59,609 __iter__: Reading lattice file `/tmp/54746164/lattices/dspm026_dsp2013_02.lat.gz´.
2020-07-17 21:33:59,658 decode: Utterance `dspm026_dsp2013_02´ -- 40 of job 9
2020-07-17 21:34:02,369 __iter__: Reading lattice file `/tmp/54746164/lattices/dspm026_dsp2013_12.lat.gz´.
2020-07-17 21:34:02,431 decode: Utterance `dspm026_dsp2013_12´ -- 41 of job 9
2020-07-17 21:34:05,120 __iter__: Reading lattice file `/tmp/54746164/lattices/dspm028_dsp2013_02.lat.gz´.
2020-07-17 21:34:05,269 decode: Utterance `dspm028_dsp2013_02´ -- 42 of job 9
2020-07-17 21:34:11,624 __iter__: Reading lattice file `/tmp/54746164/lattices/dspm028_dsp2013_12.lat.gz´.
2020-07-17 21:34:11,851 decode: Utterance `dspm028_dsp2013_12´ -- 43 of job 9
2020-07-17 21:34:20,308 __iter__: Reading lattice file `/tmp/54746164/lattices/dspm031_dsp2013_02.lat.gz´.
2020-07-17 21:34:20,394 decode: Utterance `dspm031_dsp2013_02´ -- 44 of job 9
2020-07-17 21:34:23,122 __iter__: Reading lattice file `/tmp/54746164/lattices/dspm031_dsp2013_12.lat.gz´.
2020-07-17 21:34:23,301 decode: Utterance `dspm031_dsp2013_12´ -- 45 of job 9
2020-07-17 21:34:31,593 __iter__: Reading lattice file `/tmp/54746164/lattices/dspm031_dsp2013_22.lat.gz´.
2020-07-17 21:34:32,070 decode: Utterance `dspm031_dsp2013_22´ -- 46 of job 9
2020-07-17 21:34:51,072 __iter__: Reading lattice file `/tmp/54746164/lattices/dspm032_dsp2013_07.lat.gz´.
2020-07-17 21:34:51,583 decode: Utterance `dspm032_dsp2013_07´ -- 47 of job 9
2020-07-17 21:35:17,460 __iter__: Reading lattice file `/tmp/54746164/lattices/dspm032_dsp2013_17.lat.gz´.
2020-07-17 21:35:17,497 decode: Utterance `dspm032_dsp2013_17´ -- 48 of job 9
2020-07-17 21:35:18,614 __iter__: Reading lattice file `/tmp/54746164/lattices/dspm033_dsp2013_10.lat.gz´.
2020-07-17 21:35:18,731 decode: Utterance `dspm033_dsp2013_10´ -- 49 of job 9
2020-07-17 21:35:22,844 __iter__: Reading lattice file `/tmp/54746164/lattices/dspm033_dsp2013_40.lat.gz´.
2020-07-17 21:35:24,092 decode: Utterance `dspm033_dsp2013_40´ -- 50 of job 9
2020-07-17 21:35:59,830 __iter__: Reading lattice file `/tmp/54746164/lattices/dspm034_dsp2013_03.lat.gz´.
2020-07-17 21:35:59,938 decode: Utterance `dspm034_dsp2013_03´ -- 51 of job 9
2020-07-17 21:36:02,540 __iter__: Reading lattice file `/tmp/54746164/lattices/dspm034_dsp2013_13.lat.gz´.
2020-07-17 21:36:02,629 decode: Utterance `dspm034_dsp2013_13´ -- 52 of job 9
2020-07-17 21:36:04,726 __iter__: Reading lattice file `/tmp/54746164/lattices/dspm036_dsp2013_26.lat.gz´.
2020-07-17 21:36:05,505 decode: Utterance `dspm036_dsp2013_26´ -- 53 of job 9
2020-07-17 21:36:41,098 __iter__: Reading lattice file `/tmp/54746164/lattices/dspm036_dsp2013_37.lat.gz´.
2020-07-17 21:36:41,665 decode: Utterance `dspm036_dsp2013_37´ -- 54 of job 9
2020-07-17 21:37:09,622 __iter__: Reading lattice file `/tmp/54746164/lattices/dspm039_dsp2013_04.lat.gz´.
2020-07-17 21:37:09,653 decode: Utterance `dspm039_dsp2013_04´ -- 55 of job 9
2020-07-17 21:37:11,051 __iter__: Reading lattice file `/tmp/54746164/lattices/dspm039_dsp2013_16.lat.gz´.
2020-07-17 21:37:11,180 decode: Utterance `dspm039_dsp2013_16´ -- 56 of job 9
2020-07-17 21:37:16,996 __iter__: Reading lattice file `/tmp/54746164/lattices/dspm039_dsp2013_26.lat.gz´.
2020-07-17 21:37:17,211 decode: Utterance `dspm039_dsp2013_26´ -- 57 of job 9
2020-07-17 21:37:27,671 __iter__: Reading lattice file `/tmp/54746164/lattices/dspm040_dsp2013_09.lat.gz´.
2020-07-17 21:37:27,674 decode: Utterance `dspm040_dsp2013_09´ -- 58 of job 9
2020-07-17 21:37:27,787 __iter__: Reading lattice file `/tmp/54746164/lattices/dspm040_dsp2013_19.lat.gz´.
2020-07-17 21:37:28,697 decode: Utterance `dspm040_dsp2013_19´ -- 59 of job 9
2020-07-17 21:37:55,895 __iter__: Reading lattice file `/tmp/54746164/lattices/dspm042_dsp2013_10.lat.gz´.
2020-07-17 21:37:55,907 decode: Utterance `dspm042_dsp2013_10´ -- 60 of job 9
2020-07-17 21:37:56,248 __iter__: Reading lattice file `/tmp/54746164/lattices/dspm042_dsp2013_21.lat.gz´.
2020-07-17 21:37:56,260 decode: Utterance `dspm042_dsp2013_21´ -- 61 of job 9
2020-07-17 21:37:56,727 __iter__: Reading lattice file `/tmp/54746164/lattices/dspm043_dsp2013_14.lat.gz´.
2020-07-17 21:37:56,817 decode: Utterance `dspm043_dsp2013_14´ -- 62 of job 9
2020-07-17 21:38:01,661 __iter__: Reading lattice file `/tmp/54746164/lattices/dspm043_dsp2013_28.lat.gz´.
2020-07-17 21:38:01,690 decode: Utterance `dspm043_dsp2013_28´ -- 63 of job 9
2020-07-17 21:38:02,525 __iter__: Reading lattice file `/tmp/54746164/lattices/dspm045_dsp2013_04.lat.gz´.
2020-07-17 21:38:02,854 decode: Utterance `dspm045_dsp2013_04´ -- 64 of job 9
2020-07-17 21:38:13,179 __iter__: Reading lattice file `/tmp/54746164/lattices/dspm045_dsp2013_14.lat.gz´.
2020-07-17 21:38:13,608 decode: Utterance `dspm045_dsp2013_14´ -- 65 of job 9
2020-07-17 21:38:25,249 __iter__: Reading lattice file `/tmp/54746164/lattices/dspm047_dsp2013_04.lat.gz´.
2020-07-17 21:38:25,314 decode: Utterance `dspm047_dsp2013_04´ -- 66 of job 9
2020-07-17 21:38:27,793 __iter__: Reading lattice file `/tmp/54746164/lattices/dspm047_dsp2013_14.lat.gz´.
2020-07-17 21:38:28,341 decode: Utterance `dspm047_dsp2013_14´ -- 67 of job 9
2020-07-17 21:38:42,692 __iter__: Reading lattice file `/tmp/54746164/lattices/dspm048_dsp2013_04.lat.gz´.
2020-07-17 21:38:42,722 decode: Utterance `dspm048_dsp2013_04´ -- 68 of job 9
2020-07-17 21:38:43,845 __iter__: Reading lattice file `/tmp/54746164/lattices/dspm048_dsp2013_14.lat.gz´.
2020-07-17 21:38:43,889 decode: Utterance `dspm048_dsp2013_14´ -- 69 of job 9
2020-07-17 21:38:45,033 __iter__: Reading lattice file `/tmp/54746164/lattices/dspm049_dsp2013_03.lat.gz´.
2020-07-17 21:38:45,828 decode: Utterance `dspm049_dsp2013_03´ -- 70 of job 9
2020-07-17 21:39:14,915 __iter__: Reading lattice file `/tmp/54746164/lattices/dspm049_dsp2013_13.lat.gz´.
2020-07-17 21:39:17,152 decode: Utterance `dspm049_dsp2013_13´ -- 71 of job 9
2020-07-17 21:40:41,690 __iter__: Reading lattice file `/tmp/54746164/lattices/dspm050_dsp2013_08.lat.gz´.
2020-07-17 21:40:41,852 decode: Utterance `dspm050_dsp2013_08´ -- 72 of job 9
2020-07-17 21:40:49,265 __iter__: Reading lattice file `/tmp/54746164/lattices/dspm050_dsp2013_22.lat.gz´.
2020-07-17 21:40:49,360 decode: Utterance `dspm050_dsp2013_22´ -- 73 of job 9
2020-07-17 21:40:52,191 __iter__: Reading lattice file `/tmp/54746164/lattices/dspm052_dsp2013_01.lat.gz´.
2020-07-17 21:40:52,666 decode: Utterance `dspm052_dsp2013_01´ -- 74 of job 9
2020-07-17 21:41:07,560 __iter__: Reading lattice file `/tmp/54746164/lattices/dspm052_dsp2013_11.lat.gz´.
2020-07-17 21:41:07,643 decode: Utterance `dspm052_dsp2013_11´ -- 75 of job 9
2020-07-17 21:41:10,223 __iter__: Reading lattice file `/tmp/54746164/lattices/dspm054_dsp2013_01.lat.gz´.
2020-07-17 21:41:10,625 decode: Utterance `dspm054_dsp2013_01´ -- 76 of job 9
2020-07-17 21:41:25,745 __iter__: Reading lattice file `/tmp/54746164/lattices/dspm054_dsp2013_13.lat.gz´.
2020-07-17 21:41:26,740 decode: Utterance `dspm054_dsp2013_13´ -- 77 of job 9
2020-07-17 21:42:07,135 __iter__: Reading lattice file `/tmp/54746164/lattices/dspm054_dsp2013_23.lat.gz´.
2020-07-17 21:42:07,245 decode: Utterance `dspm054_dsp2013_23´ -- 78 of job 9
2020-07-17 21:42:12,412 __iter__: Reading lattice file `/tmp/54746164/lattices/dspm055_dsp2013_10.lat.gz´.
2020-07-17 21:42:12,466 decode: Utterance `dspm055_dsp2013_10´ -- 79 of job 9
2020-07-17 21:42:13,949 __iter__: Reading lattice file `/tmp/54746164/lattices/dspm055_dsp2013_20.lat.gz´.
2020-07-17 21:42:13,964 decode: Utterance `dspm055_dsp2013_20´ -- 80 of job 9
2020-07-17 21:42:14,383 __iter__: Reading lattice file `/tmp/54746164/lattices/dspm056_dsp2013_10.lat.gz´.
2020-07-17 21:42:14,408 decode: Utterance `dspm056_dsp2013_10´ -- 81 of job 9
2020-07-17 21:42:15,126 __iter__: Reading lattice file `/tmp/54746164/lattices/dspm056_dsp2013_20.lat.gz´.
2020-07-17 21:42:15,146 decode: Utterance `dspm056_dsp2013_20´ -- 82 of job 9
2020-07-17 21:42:15,840 __iter__: Reading lattice file `/tmp/54746164/lattices/dspm057_dsp2013_10.lat.gz´.
2020-07-17 21:42:17,239 decode: Utterance `dspm057_dsp2013_10´ -- 83 of job 9
2020-07-17 21:43:42,510 __iter__: Reading lattice file `/tmp/54746164/lattices/dspm057_dsp2013_20.lat.gz´.
2020-07-17 21:43:42,860 decode: Utterance `dspm057_dsp2013_20´ -- 84 of job 9
2020-07-17 21:43:55,249 __iter__: Reading lattice file `/tmp/54746164/lattices/dspm058_dsp2013_11.lat.gz´.
2020-07-17 21:43:55,436 decode: Utterance `dspm058_dsp2013_11´ -- 85 of job 9
2020-07-17 21:44:01,087 __iter__: Reading lattice file `/tmp/54746164/lattices/dspm058_dsp2013_22.lat.gz´.
2020-07-17 21:44:01,218 decode: Utterance `dspm058_dsp2013_22´ -- 86 of job 9
2020-07-17 21:44:06,845 __iter__: Reading lattice file `/tmp/54746164/lattices/radioanne_fym20071218_28.lat.gz´.
2020-07-17 21:44:06,897 decode: Utterance `radioanne_fym20071218_28´ -- 87 of job 9
2020-07-17 21:44:08,344 __iter__: Reading lattice file `/tmp/54746164/lattices/radiojake_kbk20120915_14.lat.gz´.
2020-07-17 21:44:08,363 decode: Utterance `radiojake_kbk20120915_14´ -- 88 of job 9
2020-07-17 21:44:09,021 __iter__: Reading lattice file `/tmp/54746164/lattices/radiojake_kbk20120915_39.lat.gz´.
2020-07-17 21:44:09,028 decode: Utterance `radiojake_kbk20120915_39´ -- 89 of job 9
2020-07-17 21:44:09,197 __iter__: Reading lattice file `/tmp/54746164/lattices/radiojake_kbk20120915_65.lat.gz´.
2020-07-17 21:44:09,286 decode: Utterance `radiojake_kbk20120915_65´ -- 90 of job 9
2020-07-17 21:44:12,206 __iter__: Reading lattice file `/tmp/54746164/lattices/radiojake_kbk20120915_94.lat.gz´.
2020-07-17 21:44:12,264 decode: Utterance `radiojake_kbk20120915_94´ -- 91 of job 9
2020-07-17 21:44:15,084 __iter__: Reading lattice file `/tmp/54746164/lattices/radiokassu_kbk20120915_48.lat.gz´.
2020-07-17 21:44:15,413 decode: Utterance `radiokassu_kbk20120915_48´ -- 92 of job 9
2020-07-17 21:44:25,935 __iter__: Reading lattice file `/tmp/54746164/lattices/radiokassu_kbk20120915_72.lat.gz´.
2020-07-17 21:44:26,017 decode: Utterance `radiokassu_kbk20120915_72´ -- 93 of job 9
2020-07-17 21:44:28,030 __iter__: Reading lattice file `/tmp/54746164/lattices/radionoona_fym20071218_27.lat.gz´.
2020-07-17 21:44:28,069 decode: Utterance `radionoona_fym20071218_27´ -- 94 of job 9
2020-07-17 21:44:29,021 __iter__: Reading lattice file `/tmp/54746164/lattices/radioshaka_kbk20120915_102.lat.gz´.
2020-07-17 21:44:29,443 decode: Utterance `radioshaka_kbk20120915_102´ -- 95 of job 9
2020-07-17 21:44:54,664 __iter__: Reading lattice file `/tmp/54746164/lattices/radioshaka_kbk20120915_22.lat.gz´.
2020-07-17 21:44:55,427 decode: Utterance `radioshaka_kbk20120915_22´ -- 96 of job 9
2020-07-17 21:45:20,743 __iter__: Reading lattice file `/tmp/54746164/lattices/radioshaka_kbk20120915_42.lat.gz´.
2020-07-17 21:45:20,760 decode: Utterance `radioshaka_kbk20120915_42´ -- 97 of job 9
2020-07-17 21:45:21,092 __iter__: Reading lattice file `/tmp/54746164/lattices/radioshaka_kbk20120915_77.lat.gz´.
2020-07-17 21:45:21,129 decode: Utterance `radioshaka_kbk20120915_77´ -- 98 of job 9
/scratch/work/groszt1/envs/theanoLM/lib/python3.7/site-packages/theano/gpuarray/dnn.py:184: UserWarning: Your cuDNN version is more recent than Theano. If you encounter problems, try updating Theano or downgrading cuDNN to a version >= v5 and <= v7.
  warnings.warn("Your cuDNN version is more recent than "
Using cuDNN version 7600 on context None
Mapped name None to device cuda0: Tesla P100-PCIE-16GB (0000:83:00.0)
/scratch/work/groszt1/envs/theanoLM/lib/python3.7/site-packages/h5py-2.9.0-py3.7-linux-x86_64.egg/h5py/_hl/dataset.py:313: H5pyDeprecationWarning: dataset.value has been deprecated. Use dataset[()] instead.
  "Use dataset[()] instead.", H5pyDeprecationWarning)
/scratch/work/groszt1/envs/theanoLM/lib/python3.7/site-packages/h5py-2.9.0-py3.7-linux-x86_64.egg/h5py/_hl/dataset.py:313: H5pyDeprecationWarning: dataset.value has been deprecated. Use dataset[()] instead.
  "Use dataset[()] instead.", H5pyDeprecationWarning)
decode_theanolm finished.
