EXPT_NAME theanolm-100k
EXPT_PARAMS expt10-seq15
EXPT_WORK_DIR /scratch/work/moisioa3/conv_lm/experiments/theanolm-100k/expt10-seq15
Experiment: theanolm-100k/expt10-seq15
Job ID: 54746393
Task ID: 77
Host: gpu24.int.triton.aalto.fi
Start date: Fri Jul 17 22:21:54 EEST 2020
Work directory: /scratch/work/moisioa3/conv_lm/experiments/theanolm-100k/expt10-seq15
Temporary directory: /tmp/54746393

Currently Loaded Modules:
  1) speech-scripts/2016.05.24-b928230   6) binutils/2.25-GCCcore-5.4.0
  2) srilm/default                       7) GCC/5.4.0-2.25
  3) cuda/10.0.130                       8) libgpuarray/2017.03.29-45c731f
  4) cudnn/7.4.2-cuda                    9) anaconda3/latest
  5) GCCcore/5.4.0

 

/tmp/54746393/lattices
floatX=float32,device=cuda0,base_compiledir=/tmp/theano,exception_verbosity=high,openmp=False
/scratch/work/groszt1/envs/theanoLM/lib/python3.7/site-packages/theano/gpuarray/dnn.py:184: UserWarning: Your cuDNN version is more recent than Theano. If you encounter problems, try updating Theano or downgrading cuDNN to a version >= v5 and <= v7.
  warnings.warn("Your cuDNN version is more recent than "
Using cuDNN version 7600 on context None
Mapped name None to device cuda0: Tesla P100-PCIE-16GB (0000:82:00.0)
TheanoLM 1.3.2
Theano 1.0.4
pygpu 0.7.6
==
+ srun --gres=gpu:1 theanolm decode /scratch/work/moisioa3/conv_lm/experiments/theanolm-100k/expt10-seq15/nnlm.h5 --lattice-list /tmp/54746393/lattices/lattice-list --output-file /scratch/work/moisioa3/conv_lm/experiments/theanolm-100k/expt10-seq15/decode/devel/lambda=1.0-lms=14/7.trn --output trn --nnlm-weight 1.0 --lm-scale 14 --max-tokens-per-node 62 --beam 650 --recombination-order 22 --num-jobs 10 --job 7 --shortlist --unk-penalty=-20
2020-07-17 22:22:05,811 get_default_device: Context None device="Tesla P100-PCIE-16GB" ID="0000:82:00.0"
2020-07-17 22:22:05,812 from_file: Reading vocabulary from network state.
2020-07-17 22:22:09,210 from_file: Number of words in vocabulary: 2427252
2020-07-17 22:22:09,210 from_file: Number of words in shortlist: 100003
2020-07-17 22:22:09,211 from_file: Number of word classes: 100003
2020-07-17 22:22:09,211 from_file: Building neural network.
2020-07-17 22:23:01,481 from_file: Restoring neural network state.
2020-07-17 22:23:02,199 decode: Building word lattice decoder.
2020-07-17 22:23:07,516 __iter__: Reading lattice file `/tmp/54746393/lattices/dspf004_dsp2013_09.lat.gz´.
2020-07-17 22:23:08,065 decode: Utterance `dspf004_dsp2013_09´ -- 1 of job 7
2020-07-17 22:23:23,235 __iter__: Reading lattice file `/tmp/54746393/lattices/dspf004_dsp2013_19.lat.gz´.
2020-07-17 22:23:24,466 decode: Utterance `dspf004_dsp2013_19´ -- 2 of job 7
2020-07-17 22:24:15,249 __iter__: Reading lattice file `/tmp/54746393/lattices/dspf007_dsp2013_08.lat.gz´.
2020-07-17 22:24:16,703 decode: Utterance `dspf007_dsp2013_08´ -- 3 of job 7
2020-07-17 22:24:58,763 __iter__: Reading lattice file `/tmp/54746393/lattices/dspf007_dsp2013_18.lat.gz´.
2020-07-17 22:24:59,019 decode: Utterance `dspf007_dsp2013_18´ -- 4 of job 7
2020-07-17 22:25:07,655 __iter__: Reading lattice file `/tmp/54746393/lattices/dspm001_dsp2013_08.lat.gz´.
2020-07-17 22:25:08,944 decode: Utterance `dspm001_dsp2013_08´ -- 5 of job 7
2020-07-17 22:25:54,422 __iter__: Reading lattice file `/tmp/54746393/lattices/dspm001_dsp2013_18.lat.gz´.
2020-07-17 22:25:54,527 decode: Utterance `dspm001_dsp2013_18´ -- 6 of job 7
2020-07-17 22:25:57,366 __iter__: Reading lattice file `/tmp/54746393/lattices/dspm004_dsp2013_08.lat.gz´.
2020-07-17 22:25:58,105 decode: Utterance `dspm004_dsp2013_08´ -- 7 of job 7
2020-07-17 22:26:24,593 __iter__: Reading lattice file `/tmp/54746393/lattices/dspm004_dsp2013_18.lat.gz´.
2020-07-17 22:26:24,956 decode: Utterance `dspm004_dsp2013_18´ -- 8 of job 7
2020-07-17 22:26:34,675 __iter__: Reading lattice file `/tmp/54746393/lattices/dspm005_dsp2013_08.lat.gz´.
2020-07-17 22:26:34,679 decode: Utterance `dspm005_dsp2013_08´ -- 9 of job 7
2020-07-17 22:26:34,848 __iter__: Reading lattice file `/tmp/54746393/lattices/dspm005_dsp2013_18.lat.gz´.
2020-07-17 22:26:35,278 decode: Utterance `dspm005_dsp2013_18´ -- 10 of job 7
2020-07-17 22:26:47,128 __iter__: Reading lattice file `/tmp/54746393/lattices/dspm006_dsp2013_08.lat.gz´.
2020-07-17 22:26:47,155 decode: Utterance `dspm006_dsp2013_08´ -- 11 of job 7
2020-07-17 22:26:48,012 __iter__: Reading lattice file `/tmp/54746393/lattices/dspm006_dsp2013_21.lat.gz´.
2020-07-17 22:26:48,154 decode: Utterance `dspm006_dsp2013_21´ -- 12 of job 7
2020-07-17 22:26:52,652 __iter__: Reading lattice file `/tmp/54746393/lattices/dspm007_dsp2013_07.lat.gz´.
2020-07-17 22:26:53,177 decode: Utterance `dspm007_dsp2013_07´ -- 13 of job 7
2020-07-17 22:27:09,556 __iter__: Reading lattice file `/tmp/54746393/lattices/dspm007_dsp2013_19.lat.gz´.
2020-07-17 22:27:09,694 decode: Utterance `dspm007_dsp2013_19´ -- 14 of job 7
2020-07-17 22:27:13,685 __iter__: Reading lattice file `/tmp/54746393/lattices/dspm007_dsp2013_29.lat.gz´.
2020-07-17 22:27:13,773 decode: Utterance `dspm007_dsp2013_29´ -- 15 of job 7
2020-07-17 22:27:16,524 __iter__: Reading lattice file `/tmp/54746393/lattices/dspm010_dsp2013_10.lat.gz´.
2020-07-17 22:27:18,904 decode: Utterance `dspm010_dsp2013_10´ -- 16 of job 7
2020-07-17 22:28:51,779 __iter__: Reading lattice file `/tmp/54746393/lattices/dspm010_dsp2013_26.lat.gz´.
2020-07-17 22:28:52,074 decode: Utterance `dspm010_dsp2013_26´ -- 17 of job 7
2020-07-17 22:29:00,819 __iter__: Reading lattice file `/tmp/54746393/lattices/dspm011_dsp2013_10.lat.gz´.
2020-07-17 22:29:00,824 decode: Utterance `dspm011_dsp2013_10´ -- 18 of job 7
2020-07-17 22:29:00,980 __iter__: Reading lattice file `/tmp/54746393/lattices/dspm011_dsp2013_20.lat.gz´.
2020-07-17 22:29:00,998 decode: Utterance `dspm011_dsp2013_20´ -- 19 of job 7
2020-07-17 22:29:01,626 __iter__: Reading lattice file `/tmp/54746393/lattices/dspm014_dsp2013_08.lat.gz´.
2020-07-17 22:29:01,872 decode: Utterance `dspm014_dsp2013_08´ -- 20 of job 7
2020-07-17 22:29:09,940 __iter__: Reading lattice file `/tmp/54746393/lattices/dspm014_dsp2013_27.lat.gz´.
2020-07-17 22:29:10,009 decode: Utterance `dspm014_dsp2013_27´ -- 21 of job 7
2020-07-17 22:29:11,129 __iter__: Reading lattice file `/tmp/54746393/lattices/dspm015_dsp2013_04.lat.gz´.
2020-07-17 22:29:11,892 decode: Utterance `dspm015_dsp2013_04´ -- 22 of job 7
2020-07-17 22:29:34,850 __iter__: Reading lattice file `/tmp/54746393/lattices/dspm015_dsp2013_14.lat.gz´.
2020-07-17 22:29:34,941 decode: Utterance `dspm015_dsp2013_14´ -- 23 of job 7
2020-07-17 22:29:37,537 __iter__: Reading lattice file `/tmp/54746393/lattices/dspm017_dsp2013_12.lat.gz´.
2020-07-17 22:29:39,154 decode: Utterance `dspm017_dsp2013_12´ -- 24 of job 7
2020-07-17 22:30:23,716 __iter__: Reading lattice file `/tmp/54746393/lattices/dspm017_dsp2013_49.lat.gz´.
2020-07-17 22:30:23,786 decode: Utterance `dspm017_dsp2013_49´ -- 25 of job 7
2020-07-17 22:30:25,861 __iter__: Reading lattice file `/tmp/54746393/lattices/dspm017_dsp2013_83.lat.gz´.
2020-07-17 22:30:25,926 decode: Utterance `dspm017_dsp2013_83´ -- 26 of job 7
2020-07-17 22:30:28,882 __iter__: Reading lattice file `/tmp/54746393/lattices/dspm018_dsp2013_10.lat.gz´.
2020-07-17 22:30:29,014 decode: Utterance `dspm018_dsp2013_10´ -- 27 of job 7
2020-07-17 22:30:32,723 __iter__: Reading lattice file `/tmp/54746393/lattices/dspm018_dsp2013_20.lat.gz´.
2020-07-17 22:30:32,937 decode: Utterance `dspm018_dsp2013_20´ -- 28 of job 7
2020-07-17 22:30:39,503 __iter__: Reading lattice file `/tmp/54746393/lattices/dspm019_dsp2013_08.lat.gz´.
2020-07-17 22:30:39,519 decode: Utterance `dspm019_dsp2013_08´ -- 29 of job 7
2020-07-17 22:30:39,867 __iter__: Reading lattice file `/tmp/54746393/lattices/dspm019_dsp2013_19.lat.gz´.
2020-07-17 22:30:40,086 decode: Utterance `dspm019_dsp2013_19´ -- 30 of job 7
2020-07-17 22:30:46,650 __iter__: Reading lattice file `/tmp/54746393/lattices/dspm021_dsp2013_09.lat.gz´.
2020-07-17 22:30:46,683 decode: Utterance `dspm021_dsp2013_09´ -- 31 of job 7
2020-07-17 22:30:47,875 __iter__: Reading lattice file `/tmp/54746393/lattices/dspm021_dsp2013_19.lat.gz´.
2020-07-17 22:30:48,214 decode: Utterance `dspm021_dsp2013_19´ -- 32 of job 7
2020-07-17 22:31:03,006 __iter__: Reading lattice file `/tmp/54746393/lattices/dspm022_dsp2013_05.lat.gz´.
2020-07-17 22:31:03,076 decode: Utterance `dspm022_dsp2013_05´ -- 33 of job 7
2020-07-17 22:31:05,258 __iter__: Reading lattice file `/tmp/54746393/lattices/dspm022_dsp2013_15.lat.gz´.
2020-07-17 22:31:05,300 decode: Utterance `dspm022_dsp2013_15´ -- 34 of job 7
2020-07-17 22:31:07,130 __iter__: Reading lattice file `/tmp/54746393/lattices/dspm022_dsp2013_25.lat.gz´.
2020-07-17 22:31:07,328 decode: Utterance `dspm022_dsp2013_25´ -- 35 of job 7
2020-07-17 22:31:14,429 __iter__: Reading lattice file `/tmp/54746393/lattices/dspm022_dsp2013_35.lat.gz´.
2020-07-17 22:31:14,965 decode: Utterance `dspm022_dsp2013_35´ -- 36 of job 7
2020-07-17 22:31:31,806 __iter__: Reading lattice file `/tmp/54746393/lattices/dspm024_dsp2013_11.lat.gz´.
2020-07-17 22:31:32,953 decode: Utterance `dspm024_dsp2013_11´ -- 37 of job 7
2020-07-17 22:32:16,477 __iter__: Reading lattice file `/tmp/54746393/lattices/dspm025_dsp2013_01.lat.gz´.
2020-07-17 22:32:16,670 decode: Utterance `dspm025_dsp2013_01´ -- 38 of job 7
2020-07-17 22:32:23,286 __iter__: Reading lattice file `/tmp/54746393/lattices/dspm025_dsp2013_18.lat.gz´.
2020-07-17 22:32:24,848 decode: Utterance `dspm025_dsp2013_18´ -- 39 of job 7
2020-07-17 22:33:13,850 __iter__: Reading lattice file `/tmp/54746393/lattices/dspm025_dsp2013_30.lat.gz´.
2020-07-17 22:33:13,857 decode: Utterance `dspm025_dsp2013_30´ -- 40 of job 7
2020-07-17 22:33:14,088 __iter__: Reading lattice file `/tmp/54746393/lattices/dspm026_dsp2013_10.lat.gz´.
2020-07-17 22:33:14,371 decode: Utterance `dspm026_dsp2013_10´ -- 41 of job 7
2020-07-17 22:33:23,854 __iter__: Reading lattice file `/tmp/54746393/lattices/dspm026_dsp2013_20.lat.gz´.
2020-07-17 22:33:23,895 decode: Utterance `dspm026_dsp2013_20´ -- 42 of job 7
2020-07-17 22:33:24,982 __iter__: Reading lattice file `/tmp/54746393/lattices/dspm028_dsp2013_10.lat.gz´.
2020-07-17 22:33:25,545 decode: Utterance `dspm028_dsp2013_10´ -- 43 of job 7
2020-07-17 22:33:40,830 __iter__: Reading lattice file `/tmp/54746393/lattices/dspm028_dsp2013_20.lat.gz´.
2020-07-17 22:33:40,864 decode: Utterance `dspm028_dsp2013_20´ -- 44 of job 7
2020-07-17 22:33:41,872 __iter__: Reading lattice file `/tmp/54746393/lattices/dspm031_dsp2013_10.lat.gz´.
2020-07-17 22:33:41,948 decode: Utterance `dspm031_dsp2013_10´ -- 45 of job 7
2020-07-17 22:33:44,019 __iter__: Reading lattice file `/tmp/54746393/lattices/dspm031_dsp2013_20.lat.gz´.
2020-07-17 22:33:44,024 decode: Utterance `dspm031_dsp2013_20´ -- 46 of job 7
2020-07-17 22:33:44,218 __iter__: Reading lattice file `/tmp/54746393/lattices/dspm032_dsp2013_05.lat.gz´.
2020-07-17 22:33:44,748 decode: Utterance `dspm032_dsp2013_05´ -- 47 of job 7
2020-07-17 22:34:03,640 __iter__: Reading lattice file `/tmp/54746393/lattices/dspm032_dsp2013_15.lat.gz´.
2020-07-17 22:34:03,659 decode: Utterance `dspm032_dsp2013_15´ -- 48 of job 7
2020-07-17 22:34:04,254 __iter__: Reading lattice file `/tmp/54746393/lattices/dspm033_dsp2013_01.lat.gz´.
2020-07-17 22:34:04,287 decode: Utterance `dspm033_dsp2013_01´ -- 49 of job 7
2020-07-17 22:34:05,540 __iter__: Reading lattice file `/tmp/54746393/lattices/dspm033_dsp2013_30.lat.gz´.
2020-07-17 22:34:06,482 decode: Utterance `dspm033_dsp2013_30´ -- 50 of job 7
2020-07-17 22:34:53,251 __iter__: Reading lattice file `/tmp/54746393/lattices/dspm034_dsp2013_01.lat.gz´.
2020-07-17 22:34:53,602 decode: Utterance `dspm034_dsp2013_01´ -- 51 of job 7
2020-07-17 22:35:02,454 __iter__: Reading lattice file `/tmp/54746393/lattices/dspm034_dsp2013_11.lat.gz´.
2020-07-17 22:35:02,712 decode: Utterance `dspm034_dsp2013_11´ -- 52 of job 7
2020-07-17 22:35:11,326 __iter__: Reading lattice file `/tmp/54746393/lattices/dspm036_dsp2013_01.lat.gz´.
2020-07-17 22:35:11,768 decode: Utterance `dspm036_dsp2013_01´ -- 53 of job 7
2020-07-17 22:35:25,948 __iter__: Reading lattice file `/tmp/54746393/lattices/dspm036_dsp2013_35.lat.gz´.
2020-07-17 22:35:27,316 decode: Utterance `dspm036_dsp2013_35´ -- 54 of job 7
2020-07-17 22:36:22,655 __iter__: Reading lattice file `/tmp/54746393/lattices/dspm039_dsp2013_02.lat.gz´.
2020-07-17 22:36:22,784 decode: Utterance `dspm039_dsp2013_02´ -- 55 of job 7
2020-07-17 22:36:28,652 __iter__: Reading lattice file `/tmp/54746393/lattices/dspm039_dsp2013_13.lat.gz´.
2020-07-17 22:36:28,821 decode: Utterance `dspm039_dsp2013_13´ -- 56 of job 7
2020-07-17 22:36:34,715 __iter__: Reading lattice file `/tmp/54746393/lattices/dspm039_dsp2013_24.lat.gz´.
2020-07-17 22:36:34,774 decode: Utterance `dspm039_dsp2013_24´ -- 57 of job 7
2020-07-17 22:36:37,398 __iter__: Reading lattice file `/tmp/54746393/lattices/dspm040_dsp2013_07.lat.gz´.
2020-07-17 22:36:37,580 decode: Utterance `dspm040_dsp2013_07´ -- 58 of job 7
2020-07-17 22:36:47,870 __iter__: Reading lattice file `/tmp/54746393/lattices/dspm040_dsp2013_17.lat.gz´.
2020-07-17 22:36:47,985 decode: Utterance `dspm040_dsp2013_17´ -- 59 of job 7
2020-07-17 22:36:53,260 __iter__: Reading lattice file `/tmp/54746393/lattices/dspm042_dsp2013_08.lat.gz´.
2020-07-17 22:36:53,292 decode: Utterance `dspm042_dsp2013_08´ -- 60 of job 7
2020-07-17 22:36:54,190 __iter__: Reading lattice file `/tmp/54746393/lattices/dspm042_dsp2013_19.lat.gz´.
2020-07-17 22:36:54,417 decode: Utterance `dspm042_dsp2013_19´ -- 61 of job 7
2020-07-17 22:37:01,029 __iter__: Reading lattice file `/tmp/54746393/lattices/dspm043_dsp2013_09.lat.gz´.
2020-07-17 22:37:01,040 decode: Utterance `dspm043_dsp2013_09´ -- 62 of job 7
2020-07-17 22:37:01,314 __iter__: Reading lattice file `/tmp/54746393/lattices/dspm043_dsp2013_23.lat.gz´.
2020-07-17 22:37:01,348 decode: Utterance `dspm043_dsp2013_23´ -- 63 of job 7
2020-07-17 22:37:02,501 __iter__: Reading lattice file `/tmp/54746393/lattices/dspm045_dsp2013_02.lat.gz´.
2020-07-17 22:37:02,624 decode: Utterance `dspm045_dsp2013_02´ -- 64 of job 7
2020-07-17 22:37:06,440 __iter__: Reading lattice file `/tmp/54746393/lattices/dspm045_dsp2013_12.lat.gz´.
2020-07-17 22:37:06,909 decode: Utterance `dspm045_dsp2013_12´ -- 65 of job 7
2020-07-17 22:37:20,546 __iter__: Reading lattice file `/tmp/54746393/lattices/dspm047_dsp2013_02.lat.gz´.
2020-07-17 22:37:20,580 decode: Utterance `dspm047_dsp2013_02´ -- 66 of job 7
2020-07-17 22:37:21,509 __iter__: Reading lattice file `/tmp/54746393/lattices/dspm047_dsp2013_12.lat.gz´.
2020-07-17 22:37:23,457 decode: Utterance `dspm047_dsp2013_12´ -- 67 of job 7
2020-07-17 22:38:21,267 __iter__: Reading lattice file `/tmp/54746393/lattices/dspm048_dsp2013_02.lat.gz´.
2020-07-17 22:38:21,275 decode: Utterance `dspm048_dsp2013_02´ -- 68 of job 7
2020-07-17 22:38:21,551 __iter__: Reading lattice file `/tmp/54746393/lattices/dspm048_dsp2013_12.lat.gz´.
2020-07-17 22:38:21,611 decode: Utterance `dspm048_dsp2013_12´ -- 69 of job 7
2020-07-17 22:38:23,450 __iter__: Reading lattice file `/tmp/54746393/lattices/dspm049_dsp2013_01.lat.gz´.
2020-07-17 22:38:23,728 decode: Utterance `dspm049_dsp2013_01´ -- 70 of job 7
2020-07-17 22:38:33,952 __iter__: Reading lattice file `/tmp/54746393/lattices/dspm049_dsp2013_11.lat.gz´.
2020-07-17 22:38:36,499 decode: Utterance `dspm049_dsp2013_11´ -- 71 of job 7
2020-07-17 22:39:51,551 __iter__: Reading lattice file `/tmp/54746393/lattices/dspm050_dsp2013_02.lat.gz´.
2020-07-17 22:39:51,686 decode: Utterance `dspm050_dsp2013_02´ -- 72 of job 7
2020-07-17 22:39:56,576 __iter__: Reading lattice file `/tmp/54746393/lattices/dspm050_dsp2013_19.lat.gz´.
2020-07-17 22:39:57,055 decode: Utterance `dspm050_dsp2013_19´ -- 73 of job 7
2020-07-17 22:40:16,272 __iter__: Reading lattice file `/tmp/54746393/lattices/dspm050_dsp2013_31.lat.gz´.
2020-07-17 22:40:16,847 decode: Utterance `dspm050_dsp2013_31´ -- 74 of job 7
2020-07-17 22:40:33,530 __iter__: Reading lattice file `/tmp/54746393/lattices/dspm052_dsp2013_09.lat.gz´.
2020-07-17 22:40:33,875 decode: Utterance `dspm052_dsp2013_09´ -- 75 of job 7
2020-07-17 22:40:46,682 __iter__: Reading lattice file `/tmp/54746393/lattices/dspm052_dsp2013_19.lat.gz´.
2020-07-17 22:40:47,840 decode: Utterance `dspm052_dsp2013_19´ -- 76 of job 7
2020-07-17 22:41:25,516 __iter__: Reading lattice file `/tmp/54746393/lattices/dspm054_dsp2013_10.lat.gz´.
2020-07-17 22:41:26,622 decode: Utterance `dspm054_dsp2013_10´ -- 77 of job 7
2020-07-17 22:42:01,528 __iter__: Reading lattice file `/tmp/54746393/lattices/dspm054_dsp2013_21.lat.gz´.
2020-07-17 22:42:02,077 decode: Utterance `dspm054_dsp2013_21´ -- 78 of job 7
2020-07-17 22:42:18,919 __iter__: Reading lattice file `/tmp/54746393/lattices/dspm055_dsp2013_08.lat.gz´.
2020-07-17 22:42:18,957 decode: Utterance `dspm055_dsp2013_08´ -- 79 of job 7
2020-07-17 22:42:19,946 __iter__: Reading lattice file `/tmp/54746393/lattices/dspm055_dsp2013_18.lat.gz´.
2020-07-17 22:42:20,188 decode: Utterance `dspm055_dsp2013_18´ -- 80 of job 7
2020-07-17 22:42:29,426 __iter__: Reading lattice file `/tmp/54746393/lattices/dspm056_dsp2013_08.lat.gz´.
2020-07-17 22:42:29,497 decode: Utterance `dspm056_dsp2013_08´ -- 81 of job 7
2020-07-17 22:42:31,232 __iter__: Reading lattice file `/tmp/54746393/lattices/dspm056_dsp2013_18.lat.gz´.
2020-07-17 22:42:31,323 decode: Utterance `dspm056_dsp2013_18´ -- 82 of job 7
2020-07-17 22:42:34,087 __iter__: Reading lattice file `/tmp/54746393/lattices/dspm057_dsp2013_08.lat.gz´.
2020-07-17 22:42:43,783 decode: Utterance `dspm057_dsp2013_08´ -- 83 of job 7
2020-07-17 22:48:43,987 __iter__: Reading lattice file `/tmp/54746393/lattices/dspm057_dsp2013_18.lat.gz´.
2020-07-17 22:48:44,153 decode: Utterance `dspm057_dsp2013_18´ -- 84 of job 7
2020-07-17 22:48:47,548 __iter__: Reading lattice file `/tmp/54746393/lattices/dspm058_dsp2013_09.lat.gz´.
2020-07-17 22:48:47,784 decode: Utterance `dspm058_dsp2013_09´ -- 85 of job 7
2020-07-17 22:48:54,892 __iter__: Reading lattice file `/tmp/54746393/lattices/dspm058_dsp2013_20.lat.gz´.
2020-07-17 22:48:56,313 decode: Utterance `dspm058_dsp2013_20´ -- 86 of job 7
2020-07-17 22:49:46,502 __iter__: Reading lattice file `/tmp/54746393/lattices/radioanne_fym20071218_23.lat.gz´.
2020-07-17 22:49:46,514 decode: Utterance `radioanne_fym20071218_23´ -- 87 of job 7
2020-07-17 22:49:46,721 __iter__: Reading lattice file `/tmp/54746393/lattices/radiojake_kbk20120915_118.lat.gz´.
2020-07-17 22:49:46,818 decode: Utterance `radiojake_kbk20120915_118´ -- 88 of job 7
2020-07-17 22:49:49,626 __iter__: Reading lattice file `/tmp/54746393/lattices/radiojake_kbk20120915_31.lat.gz´.
2020-07-17 22:49:49,915 decode: Utterance `radiojake_kbk20120915_31´ -- 89 of job 7
2020-07-17 22:49:59,493 __iter__: Reading lattice file `/tmp/54746393/lattices/radiojake_kbk20120915_56.lat.gz´.
2020-07-17 22:49:59,501 decode: Utterance `radiojake_kbk20120915_56´ -- 90 of job 7
2020-07-17 22:49:59,704 __iter__: Reading lattice file `/tmp/54746393/lattices/radiojake_kbk20120915_87.lat.gz´.
2020-07-17 22:49:59,773 decode: Utterance `radiojake_kbk20120915_87´ -- 91 of job 7
2020-07-17 22:50:02,099 __iter__: Reading lattice file `/tmp/54746393/lattices/radiokassu_kbk20120915_45.lat.gz´.
2020-07-17 22:50:02,273 decode: Utterance `radiokassu_kbk20120915_45´ -- 92 of job 7
2020-07-17 22:50:06,652 __iter__: Reading lattice file `/tmp/54746393/lattices/radiokassu_kbk20120915_70.lat.gz´.
2020-07-17 22:50:08,421 decode: Utterance `radiokassu_kbk20120915_70´ -- 93 of job 7
2020-07-17 22:50:57,001 __iter__: Reading lattice file `/tmp/54746393/lattices/radionoona_fym20071218_22.lat.gz´.
2020-07-17 22:50:57,032 decode: Utterance `radionoona_fym20071218_22´ -- 94 of job 7
2020-07-17 22:50:58,064 __iter__: Reading lattice file `/tmp/54746393/lattices/radionoona_fym20071218_9.lat.gz´.
2020-07-17 22:50:58,112 decode: Utterance `radionoona_fym20071218_9´ -- 95 of job 7
2020-07-17 22:50:59,357 __iter__: Reading lattice file `/tmp/54746393/lattices/radioshaka_kbk20120915_18.lat.gz´.
2020-07-17 22:50:59,464 decode: Utterance `radioshaka_kbk20120915_18´ -- 96 of job 7
2020-07-17 22:51:02,582 __iter__: Reading lattice file `/tmp/54746393/lattices/radioshaka_kbk20120915_38.lat.gz´.
2020-07-17 22:51:02,591 decode: Utterance `radioshaka_kbk20120915_38´ -- 97 of job 7
2020-07-17 22:51:02,860 __iter__: Reading lattice file `/tmp/54746393/lattices/radioshaka_kbk20120915_73.lat.gz´.
2020-07-17 22:51:05,255 decode: Utterance `radioshaka_kbk20120915_73´ -- 98 of job 7
2020-07-17 22:52:33,688 __iter__: Reading lattice file `/tmp/54746393/lattices/radioshaka_kbk20120915_98.lat.gz´.
2020-07-17 22:52:34,216 decode: Utterance `radioshaka_kbk20120915_98´ -- 99 of job 7
/scratch/work/groszt1/envs/theanoLM/lib/python3.7/site-packages/theano/gpuarray/dnn.py:184: UserWarning: Your cuDNN version is more recent than Theano. If you encounter problems, try updating Theano or downgrading cuDNN to a version >= v5 and <= v7.
  warnings.warn("Your cuDNN version is more recent than "
Using cuDNN version 7600 on context None
Mapped name None to device cuda0: Tesla P100-PCIE-16GB (0000:82:00.0)
/scratch/work/groszt1/envs/theanoLM/lib/python3.7/site-packages/h5py-2.9.0-py3.7-linux-x86_64.egg/h5py/_hl/dataset.py:313: H5pyDeprecationWarning: dataset.value has been deprecated. Use dataset[()] instead.
  "Use dataset[()] instead.", H5pyDeprecationWarning)
/scratch/work/groszt1/envs/theanoLM/lib/python3.7/site-packages/h5py-2.9.0-py3.7-linux-x86_64.egg/h5py/_hl/dataset.py:313: H5pyDeprecationWarning: dataset.value has been deprecated. Use dataset[()] instead.
  "Use dataset[()] instead.", H5pyDeprecationWarning)
decode_theanolm finished.
