EXPT_NAME theanolm-100k
EXPT_PARAMS expt10-seq15
EXPT_WORK_DIR /scratch/work/moisioa3/conv_lm/experiments/theanolm-100k/expt10-seq15
Experiment: theanolm-100k/expt10-seq15
Job ID: 54745760
Task ID: 79
Host: gpu21.int.triton.aalto.fi
Start date: Fri Jul 17 22:23:52 EEST 2020
Work directory: /scratch/work/moisioa3/conv_lm/experiments/theanolm-100k/expt10-seq15
Temporary directory: /tmp/54745760

Currently Loaded Modules:
  1) speech-scripts/2016.05.24-b928230   6) binutils/2.25-GCCcore-5.4.0
  2) srilm/default                       7) GCC/5.4.0-2.25
  3) cuda/10.0.130                       8) libgpuarray/2017.03.29-45c731f
  4) cudnn/7.4.2-cuda                    9) anaconda3/latest
  5) GCCcore/5.4.0

 

/tmp/54745760/lattices
floatX=float32,device=cuda0,base_compiledir=/tmp/theano,exception_verbosity=high,openmp=False
/scratch/work/groszt1/envs/theanoLM/lib/python3.7/site-packages/theano/gpuarray/dnn.py:184: UserWarning: Your cuDNN version is more recent than Theano. If you encounter problems, try updating Theano or downgrading cuDNN to a version >= v5 and <= v7.
  warnings.warn("Your cuDNN version is more recent than "
Using cuDNN version 7600 on context None
Mapped name None to device cuda0: Tesla K80 (0000:89:00.0)
TheanoLM 1.3.2
Theano 1.0.4
pygpu 0.7.6
==
+ srun --gres=gpu:1 theanolm decode /scratch/work/moisioa3/conv_lm/experiments/theanolm-100k/expt10-seq15/nnlm.h5 --lattice-list /tmp/54745760/lattices/lattice-list --output-file /scratch/work/moisioa3/conv_lm/experiments/theanolm-100k/expt10-seq15/decode/devel/lambda=1.0-lms=14/9.trn --output trn --nnlm-weight 1.0 --lm-scale 14 --max-tokens-per-node 62 --beam 650 --recombination-order 22 --num-jobs 10 --job 9 --shortlist --unk-penalty=-20
2020-07-17 22:24:05,860 get_default_device: Context None device="Tesla K80" ID="0000:89:00.0"
2020-07-17 22:24:05,861 from_file: Reading vocabulary from network state.
2020-07-17 22:24:09,321 from_file: Number of words in vocabulary: 2427252
2020-07-17 22:24:09,322 from_file: Number of words in shortlist: 100003
2020-07-17 22:24:09,322 from_file: Number of word classes: 100003
2020-07-17 22:24:09,322 from_file: Building neural network.
2020-07-17 22:25:04,153 from_file: Restoring neural network state.
2020-07-17 22:25:04,904 decode: Building word lattice decoder.
2020-07-17 22:25:10,697 __iter__: Reading lattice file `/tmp/54745760/lattices/dspf004_dsp2013_11.lat.gz´.
2020-07-17 22:25:11,697 decode: Utterance `dspf004_dsp2013_11´ -- 1 of job 9
2020-07-17 22:27:03,183 __iter__: Reading lattice file `/tmp/54745760/lattices/dspf004_dsp2013_21.lat.gz´.
2020-07-17 22:27:03,701 decode: Utterance `dspf004_dsp2013_21´ -- 2 of job 9
2020-07-17 22:27:50,631 __iter__: Reading lattice file `/tmp/54745760/lattices/dspf007_dsp2013_10.lat.gz´.
2020-07-17 22:27:50,844 decode: Utterance `dspf007_dsp2013_10´ -- 3 of job 9
2020-07-17 22:28:08,696 __iter__: Reading lattice file `/tmp/54745760/lattices/dspf007_dsp2013_20.lat.gz´.
2020-07-17 22:28:08,741 decode: Utterance `dspf007_dsp2013_20´ -- 4 of job 9
2020-07-17 22:28:12,403 __iter__: Reading lattice file `/tmp/54745760/lattices/dspm001_dsp2013_10.lat.gz´.
2020-07-17 22:28:12,653 decode: Utterance `dspm001_dsp2013_10´ -- 5 of job 9
2020-07-17 22:28:39,022 __iter__: Reading lattice file `/tmp/54745760/lattices/dspm001_dsp2013_20.lat.gz´.
2020-07-17 22:28:40,045 decode: Utterance `dspm001_dsp2013_20´ -- 6 of job 9
2020-07-17 22:30:17,330 __iter__: Reading lattice file `/tmp/54745760/lattices/dspm004_dsp2013_10.lat.gz´.
2020-07-17 22:30:17,987 decode: Utterance `dspm004_dsp2013_10´ -- 7 of job 9
2020-07-17 22:31:17,570 __iter__: Reading lattice file `/tmp/54745760/lattices/dspm004_dsp2013_20.lat.gz´.
2020-07-17 22:31:17,861 decode: Utterance `dspm004_dsp2013_20´ -- 8 of job 9
2020-07-17 22:31:40,455 __iter__: Reading lattice file `/tmp/54745760/lattices/dspm005_dsp2013_10.lat.gz´.
2020-07-17 22:31:40,961 decode: Utterance `dspm005_dsp2013_10´ -- 9 of job 9
2020-07-17 22:32:18,273 __iter__: Reading lattice file `/tmp/54745760/lattices/dspm005_dsp2013_20.lat.gz´.
2020-07-17 22:32:18,588 decode: Utterance `dspm005_dsp2013_20´ -- 10 of job 9
2020-07-17 22:32:43,656 __iter__: Reading lattice file `/tmp/54745760/lattices/dspm006_dsp2013_10.lat.gz´.
2020-07-17 22:32:43,666 decode: Utterance `dspm006_dsp2013_10´ -- 11 of job 9
2020-07-17 22:32:44,322 __iter__: Reading lattice file `/tmp/54745760/lattices/dspm006_dsp2013_23.lat.gz´.
2020-07-17 22:32:44,332 decode: Utterance `dspm006_dsp2013_23´ -- 12 of job 9
2020-07-17 22:32:45,057 __iter__: Reading lattice file `/tmp/54745760/lattices/dspm007_dsp2013_11.lat.gz´.
2020-07-17 22:32:47,927 decode: Utterance `dspm007_dsp2013_11´ -- 13 of job 9
2020-07-17 22:37:22,166 __iter__: Reading lattice file `/tmp/54745760/lattices/dspm007_dsp2013_21.lat.gz´.
2020-07-17 22:37:22,316 decode: Utterance `dspm007_dsp2013_21´ -- 14 of job 9
2020-07-17 22:37:36,027 __iter__: Reading lattice file `/tmp/54745760/lattices/dspm010_dsp2013_02.lat.gz´.
2020-07-17 22:37:38,962 decode: Utterance `dspm010_dsp2013_02´ -- 15 of job 9
2020-07-17 22:41:39,851 __iter__: Reading lattice file `/tmp/54745760/lattices/dspm010_dsp2013_12.lat.gz´.
2020-07-17 22:41:40,065 decode: Utterance `dspm010_dsp2013_12´ -- 16 of job 9
2020-07-17 22:41:55,897 __iter__: Reading lattice file `/tmp/54745760/lattices/dspm011_dsp2013_02.lat.gz´.
2020-07-17 22:41:56,106 decode: Utterance `dspm011_dsp2013_02´ -- 17 of job 9
2020-07-17 22:42:14,304 __iter__: Reading lattice file `/tmp/54745760/lattices/dspm011_dsp2013_12.lat.gz´.
2020-07-17 22:42:14,430 decode: Utterance `dspm011_dsp2013_12´ -- 18 of job 9
2020-07-17 22:42:27,525 __iter__: Reading lattice file `/tmp/54745760/lattices/dspm011_dsp2013_22.lat.gz´.
2020-07-17 22:42:27,888 decode: Utterance `dspm011_dsp2013_22´ -- 19 of job 9
2020-07-17 22:42:58,905 __iter__: Reading lattice file `/tmp/54745760/lattices/dspm014_dsp2013_11.lat.gz´.
2020-07-17 22:42:59,052 decode: Utterance `dspm014_dsp2013_11´ -- 20 of job 9
2020-07-17 22:43:11,031 __iter__: Reading lattice file `/tmp/54745760/lattices/dspm014_dsp2013_29.lat.gz´.
2020-07-17 22:43:11,155 decode: Utterance `dspm014_dsp2013_29´ -- 21 of job 9
2020-07-17 22:43:25,217 __iter__: Reading lattice file `/tmp/54745760/lattices/dspm015_dsp2013_06.lat.gz´.
2020-07-17 22:43:27,833 decode: Utterance `dspm015_dsp2013_06´ -- 22 of job 9
2020-07-17 22:47:14,416 __iter__: Reading lattice file `/tmp/54745760/lattices/dspm015_dsp2013_16.lat.gz´.
2020-07-17 22:47:14,481 decode: Utterance `dspm015_dsp2013_16´ -- 23 of job 9
2020-07-17 22:47:19,074 __iter__: Reading lattice file `/tmp/54745760/lattices/dspm017_dsp2013_18.lat.gz´.
2020-07-17 22:47:19,228 decode: Utterance `dspm017_dsp2013_18´ -- 24 of job 9
2020-07-17 22:47:40,073 __iter__: Reading lattice file `/tmp/54745760/lattices/dspm017_dsp2013_53.lat.gz´.
2020-07-17 22:47:41,289 decode: Utterance `dspm017_dsp2013_53´ -- 25 of job 9
2020-07-17 22:49:41,175 __iter__: Reading lattice file `/tmp/54745760/lattices/dspm017_dsp2013_91.lat.gz´.
2020-07-17 22:49:41,184 decode: Utterance `dspm017_dsp2013_91´ -- 26 of job 9
2020-07-17 22:49:41,813 __iter__: Reading lattice file `/tmp/54745760/lattices/dspm018_dsp2013_12.lat.gz´.
2020-07-17 22:49:41,863 decode: Utterance `dspm018_dsp2013_12´ -- 27 of job 9
2020-07-17 22:49:45,512 __iter__: Reading lattice file `/tmp/54745760/lattices/dspm018_dsp2013_22.lat.gz´.
2020-07-17 22:49:45,647 decode: Utterance `dspm018_dsp2013_22´ -- 28 of job 9
2020-07-17 22:49:59,749 __iter__: Reading lattice file `/tmp/54745760/lattices/dspm019_dsp2013_10.lat.gz´.
2020-07-17 22:49:59,763 decode: Utterance `dspm019_dsp2013_10´ -- 29 of job 9
2020-07-17 22:50:00,929 __iter__: Reading lattice file `/tmp/54745760/lattices/dspm019_dsp2013_21.lat.gz´.
2020-07-17 22:50:01,066 decode: Utterance `dspm019_dsp2013_21´ -- 30 of job 9
2020-07-17 22:50:15,289 __iter__: Reading lattice file `/tmp/54745760/lattices/dspm021_dsp2013_11.lat.gz´.
2020-07-17 22:50:15,563 decode: Utterance `dspm021_dsp2013_11´ -- 31 of job 9
2020-07-17 22:50:37,903 __iter__: Reading lattice file `/tmp/54745760/lattices/dspm021_dsp2013_21.lat.gz´.
2020-07-17 22:50:38,298 decode: Utterance `dspm021_dsp2013_21´ -- 32 of job 9
2020-07-17 22:51:14,793 __iter__: Reading lattice file `/tmp/54745760/lattices/dspm022_dsp2013_07.lat.gz´.
2020-07-17 22:51:14,849 decode: Utterance `dspm022_dsp2013_07´ -- 33 of job 9
2020-07-17 22:51:18,739 __iter__: Reading lattice file `/tmp/54745760/lattices/dspm022_dsp2013_17.lat.gz´.
2020-07-17 22:51:18,847 decode: Utterance `dspm022_dsp2013_17´ -- 34 of job 9
2020-07-17 22:51:27,385 __iter__: Reading lattice file `/tmp/54745760/lattices/dspm022_dsp2013_27.lat.gz´.
2020-07-17 22:51:27,509 decode: Utterance `dspm022_dsp2013_27´ -- 35 of job 9
2020-07-17 22:51:39,853 __iter__: Reading lattice file `/tmp/54745760/lattices/dspm024_dsp2013_03.lat.gz´.
2020-07-17 22:51:40,285 decode: Utterance `dspm024_dsp2013_03´ -- 36 of job 9
2020-07-17 22:52:03,588 __iter__: Reading lattice file `/tmp/54745760/lattices/dspm024_dsp2013_13.lat.gz´.
2020-07-17 22:52:03,922 decode: Utterance `dspm024_dsp2013_13´ -- 37 of job 9
2020-07-17 22:52:32,763 __iter__: Reading lattice file `/tmp/54745760/lattices/dspm025_dsp2013_07.lat.gz´.
2020-07-17 22:52:33,135 decode: Utterance `dspm025_dsp2013_07´ -- 38 of job 9
2020-07-17 22:53:05,350 __iter__: Reading lattice file `/tmp/54745760/lattices/dspm025_dsp2013_20.lat.gz´.
2020-07-17 22:53:05,370 decode: Utterance `dspm025_dsp2013_20´ -- 39 of job 9
2020-07-17 22:53:07,008 __iter__: Reading lattice file `/tmp/54745760/lattices/dspm026_dsp2013_02.lat.gz´.
2020-07-17 22:53:07,059 decode: Utterance `dspm026_dsp2013_02´ -- 40 of job 9
2020-07-17 22:53:13,150 __iter__: Reading lattice file `/tmp/54745760/lattices/dspm026_dsp2013_12.lat.gz´.
2020-07-17 22:53:13,213 decode: Utterance `dspm026_dsp2013_12´ -- 41 of job 9
2020-07-17 22:53:20,380 __iter__: Reading lattice file `/tmp/54745760/lattices/dspm028_dsp2013_02.lat.gz´.
2020-07-17 22:53:20,535 decode: Utterance `dspm028_dsp2013_02´ -- 42 of job 9
2020-07-17 22:53:33,968 __iter__: Reading lattice file `/tmp/54745760/lattices/dspm028_dsp2013_12.lat.gz´.
2020-07-17 22:53:34,200 decode: Utterance `dspm028_dsp2013_12´ -- 43 of job 9
2020-07-17 22:53:53,780 __iter__: Reading lattice file `/tmp/54745760/lattices/dspm031_dsp2013_02.lat.gz´.
2020-07-17 22:53:53,869 decode: Utterance `dspm031_dsp2013_02´ -- 44 of job 9
2020-07-17 22:54:00,905 __iter__: Reading lattice file `/tmp/54745760/lattices/dspm031_dsp2013_12.lat.gz´.
2020-07-17 22:54:01,090 decode: Utterance `dspm031_dsp2013_12´ -- 45 of job 9
2020-07-17 22:54:18,609 __iter__: Reading lattice file `/tmp/54745760/lattices/dspm031_dsp2013_22.lat.gz´.
2020-07-17 22:54:19,098 decode: Utterance `dspm031_dsp2013_22´ -- 46 of job 9
2020-07-17 22:55:06,582 __iter__: Reading lattice file `/tmp/54745760/lattices/dspm032_dsp2013_07.lat.gz´.
2020-07-17 22:55:07,101 decode: Utterance `dspm032_dsp2013_07´ -- 47 of job 9
2020-07-17 22:56:11,703 __iter__: Reading lattice file `/tmp/54745760/lattices/dspm032_dsp2013_17.lat.gz´.
2020-07-17 22:56:11,742 decode: Utterance `dspm032_dsp2013_17´ -- 48 of job 9
2020-07-17 22:56:14,768 __iter__: Reading lattice file `/tmp/54745760/lattices/dspm033_dsp2013_10.lat.gz´.
2020-07-17 22:56:14,892 decode: Utterance `dspm033_dsp2013_10´ -- 49 of job 9
2020-07-17 22:56:26,025 __iter__: Reading lattice file `/tmp/54745760/lattices/dspm033_dsp2013_40.lat.gz´.
2020-07-17 22:56:27,293 decode: Utterance `dspm033_dsp2013_40´ -- 50 of job 9
2020-07-17 22:57:55,870 __iter__: Reading lattice file `/tmp/54745760/lattices/dspm034_dsp2013_03.lat.gz´.
2020-07-17 22:57:55,981 decode: Utterance `dspm034_dsp2013_03´ -- 51 of job 9
2020-07-17 22:58:03,059 __iter__: Reading lattice file `/tmp/54745760/lattices/dspm034_dsp2013_13.lat.gz´.
2020-07-17 22:58:03,150 decode: Utterance `dspm034_dsp2013_13´ -- 52 of job 9
2020-07-17 22:58:08,847 __iter__: Reading lattice file `/tmp/54745760/lattices/dspm036_dsp2013_26.lat.gz´.
2020-07-17 22:58:09,649 decode: Utterance `dspm036_dsp2013_26´ -- 53 of job 9
2020-07-17 22:59:42,451 __iter__: Reading lattice file `/tmp/54745760/lattices/dspm036_dsp2013_37.lat.gz´.
2020-07-17 22:59:43,034 decode: Utterance `dspm036_dsp2013_37´ -- 54 of job 9
2020-07-17 23:00:43,182 __iter__: Reading lattice file `/tmp/54745760/lattices/dspm039_dsp2013_04.lat.gz´.
2020-07-17 23:00:43,215 decode: Utterance `dspm039_dsp2013_04´ -- 55 of job 9
2020-07-17 23:00:46,970 __iter__: Reading lattice file `/tmp/54745760/lattices/dspm039_dsp2013_16.lat.gz´.
2020-07-17 23:00:47,097 decode: Utterance `dspm039_dsp2013_16´ -- 56 of job 9
2020-07-17 23:01:01,271 __iter__: Reading lattice file `/tmp/54745760/lattices/dspm039_dsp2013_26.lat.gz´.
2020-07-17 23:01:01,492 decode: Utterance `dspm039_dsp2013_26´ -- 57 of job 9
2020-07-17 23:01:24,943 __iter__: Reading lattice file `/tmp/54745760/lattices/dspm040_dsp2013_09.lat.gz´.
2020-07-17 23:01:24,946 decode: Utterance `dspm040_dsp2013_09´ -- 58 of job 9
2020-07-17 23:01:25,116 __iter__: Reading lattice file `/tmp/54745760/lattices/dspm040_dsp2013_19.lat.gz´.
2020-07-17 23:01:26,045 decode: Utterance `dspm040_dsp2013_19´ -- 59 of job 9
2020-07-17 23:02:41,762 __iter__: Reading lattice file `/tmp/54745760/lattices/dspm042_dsp2013_10.lat.gz´.
2020-07-17 23:02:41,774 decode: Utterance `dspm042_dsp2013_10´ -- 60 of job 9
2020-07-17 23:02:42,734 __iter__: Reading lattice file `/tmp/54745760/lattices/dspm042_dsp2013_21.lat.gz´.
2020-07-17 23:02:42,747 decode: Utterance `dspm042_dsp2013_21´ -- 61 of job 9
2020-07-17 23:02:43,998 __iter__: Reading lattice file `/tmp/54745760/lattices/dspm043_dsp2013_14.lat.gz´.
2020-07-17 23:02:44,090 decode: Utterance `dspm043_dsp2013_14´ -- 62 of job 9
2020-07-17 23:02:55,798 __iter__: Reading lattice file `/tmp/54745760/lattices/dspm043_dsp2013_28.lat.gz´.
2020-07-17 23:02:55,828 decode: Utterance `dspm043_dsp2013_28´ -- 63 of job 9
2020-07-17 23:02:58,293 __iter__: Reading lattice file `/tmp/54745760/lattices/dspm045_dsp2013_04.lat.gz´.
2020-07-17 23:02:58,627 decode: Utterance `dspm045_dsp2013_04´ -- 64 of job 9
2020-07-17 23:03:26,402 __iter__: Reading lattice file `/tmp/54745760/lattices/dspm045_dsp2013_14.lat.gz´.
2020-07-17 23:03:26,849 decode: Utterance `dspm045_dsp2013_14´ -- 65 of job 9
2020-07-17 23:03:56,853 __iter__: Reading lattice file `/tmp/54745760/lattices/dspm047_dsp2013_04.lat.gz´.
2020-07-17 23:03:56,919 decode: Utterance `dspm047_dsp2013_04´ -- 66 of job 9
2020-07-17 23:04:03,304 __iter__: Reading lattice file `/tmp/54745760/lattices/dspm047_dsp2013_14.lat.gz´.
2020-07-17 23:04:03,863 decode: Utterance `dspm047_dsp2013_14´ -- 67 of job 9
2020-07-17 23:04:41,073 __iter__: Reading lattice file `/tmp/54745760/lattices/dspm048_dsp2013_04.lat.gz´.
2020-07-17 23:04:41,105 decode: Utterance `dspm048_dsp2013_04´ -- 68 of job 9
2020-07-17 23:04:43,985 __iter__: Reading lattice file `/tmp/54745760/lattices/dspm048_dsp2013_14.lat.gz´.
2020-07-17 23:04:44,033 decode: Utterance `dspm048_dsp2013_14´ -- 69 of job 9
2020-07-17 23:04:46,962 __iter__: Reading lattice file `/tmp/54745760/lattices/dspm049_dsp2013_03.lat.gz´.
2020-07-17 23:04:47,782 decode: Utterance `dspm049_dsp2013_03´ -- 70 of job 9
2020-07-17 23:05:55,168 __iter__: Reading lattice file `/tmp/54745760/lattices/dspm049_dsp2013_13.lat.gz´.
2020-07-17 23:05:57,455 decode: Utterance `dspm049_dsp2013_13´ -- 71 of job 9
2020-07-17 23:09:01,061 __iter__: Reading lattice file `/tmp/54745760/lattices/dspm050_dsp2013_08.lat.gz´.
2020-07-17 23:09:01,228 decode: Utterance `dspm050_dsp2013_08´ -- 72 of job 9
2020-07-17 23:09:16,484 __iter__: Reading lattice file `/tmp/54745760/lattices/dspm050_dsp2013_22.lat.gz´.
2020-07-17 23:09:16,582 decode: Utterance `dspm050_dsp2013_22´ -- 73 of job 9
2020-07-17 23:09:25,004 __iter__: Reading lattice file `/tmp/54745760/lattices/dspm052_dsp2013_01.lat.gz´.
2020-07-17 23:09:25,486 decode: Utterance `dspm052_dsp2013_01´ -- 74 of job 9
2020-07-17 23:10:01,197 __iter__: Reading lattice file `/tmp/54745760/lattices/dspm052_dsp2013_11.lat.gz´.
2020-07-17 23:10:01,283 decode: Utterance `dspm052_dsp2013_11´ -- 75 of job 9
2020-07-17 23:10:08,120 __iter__: Reading lattice file `/tmp/54745760/lattices/dspm054_dsp2013_01.lat.gz´.
2020-07-17 23:10:08,538 decode: Utterance `dspm054_dsp2013_01´ -- 76 of job 9
2020-07-17 23:10:49,011 __iter__: Reading lattice file `/tmp/54745760/lattices/dspm054_dsp2013_13.lat.gz´.
2020-07-17 23:10:50,037 decode: Utterance `dspm054_dsp2013_13´ -- 77 of job 9
2020-07-17 23:12:39,594 __iter__: Reading lattice file `/tmp/54745760/lattices/dspm054_dsp2013_23.lat.gz´.
2020-07-17 23:12:39,711 decode: Utterance `dspm054_dsp2013_23´ -- 78 of job 9
2020-07-17 23:12:51,770 __iter__: Reading lattice file `/tmp/54745760/lattices/dspm055_dsp2013_10.lat.gz´.
2020-07-17 23:12:51,827 decode: Utterance `dspm055_dsp2013_10´ -- 79 of job 9
2020-07-17 23:12:55,671 __iter__: Reading lattice file `/tmp/54745760/lattices/dspm055_dsp2013_20.lat.gz´.
2020-07-17 23:12:55,686 decode: Utterance `dspm055_dsp2013_20´ -- 80 of job 9
2020-07-17 23:12:56,735 __iter__: Reading lattice file `/tmp/54745760/lattices/dspm056_dsp2013_10.lat.gz´.
2020-07-17 23:12:56,762 decode: Utterance `dspm056_dsp2013_10´ -- 81 of job 9
2020-07-17 23:12:58,845 __iter__: Reading lattice file `/tmp/54745760/lattices/dspm056_dsp2013_20.lat.gz´.
2020-07-17 23:12:58,865 decode: Utterance `dspm056_dsp2013_20´ -- 82 of job 9
2020-07-17 23:13:00,747 __iter__: Reading lattice file `/tmp/54745760/lattices/dspm057_dsp2013_10.lat.gz´.
2020-07-17 23:13:02,178 decode: Utterance `dspm057_dsp2013_10´ -- 83 of job 9
2020-07-17 23:15:39,796 __iter__: Reading lattice file `/tmp/54745760/lattices/dspm057_dsp2013_20.lat.gz´.
2020-07-17 23:15:40,158 decode: Utterance `dspm057_dsp2013_20´ -- 84 of job 9
2020-07-17 23:16:12,423 __iter__: Reading lattice file `/tmp/54745760/lattices/dspm058_dsp2013_11.lat.gz´.
2020-07-17 23:16:12,617 decode: Utterance `dspm058_dsp2013_11´ -- 85 of job 9
2020-07-17 23:16:27,904 __iter__: Reading lattice file `/tmp/54745760/lattices/dspm058_dsp2013_22.lat.gz´.
2020-07-17 23:16:28,038 decode: Utterance `dspm058_dsp2013_22´ -- 86 of job 9
2020-07-17 23:16:45,715 __iter__: Reading lattice file `/tmp/54745760/lattices/radioanne_fym20071218_28.lat.gz´.
2020-07-17 23:16:45,771 decode: Utterance `radioanne_fym20071218_28´ -- 87 of job 9
2020-07-17 23:16:50,321 __iter__: Reading lattice file `/tmp/54745760/lattices/radiojake_kbk20120915_14.lat.gz´.
2020-07-17 23:16:50,341 decode: Utterance `radiojake_kbk20120915_14´ -- 88 of job 9
2020-07-17 23:16:52,643 __iter__: Reading lattice file `/tmp/54745760/lattices/radiojake_kbk20120915_39.lat.gz´.
2020-07-17 23:16:52,650 decode: Utterance `radiojake_kbk20120915_39´ -- 89 of job 9
2020-07-17 23:16:53,012 __iter__: Reading lattice file `/tmp/54745760/lattices/radiojake_kbk20120915_65.lat.gz´.
2020-07-17 23:16:53,105 decode: Utterance `radiojake_kbk20120915_65´ -- 90 of job 9
2020-07-17 23:17:00,591 __iter__: Reading lattice file `/tmp/54745760/lattices/radiojake_kbk20120915_94.lat.gz´.
2020-07-17 23:17:00,651 decode: Utterance `radiojake_kbk20120915_94´ -- 91 of job 9
2020-07-17 23:17:07,055 __iter__: Reading lattice file `/tmp/54745760/lattices/radiokassu_kbk20120915_48.lat.gz´.
2020-07-17 23:17:07,396 decode: Utterance `radiokassu_kbk20120915_48´ -- 92 of job 9
2020-07-17 23:17:34,316 __iter__: Reading lattice file `/tmp/54745760/lattices/radiokassu_kbk20120915_72.lat.gz´.
2020-07-17 23:17:34,403 decode: Utterance `radiokassu_kbk20120915_72´ -- 93 of job 9
2020-07-17 23:17:40,356 __iter__: Reading lattice file `/tmp/54745760/lattices/radionoona_fym20071218_27.lat.gz´.
2020-07-17 23:17:40,396 decode: Utterance `radionoona_fym20071218_27´ -- 94 of job 9
2020-07-17 23:17:42,949 __iter__: Reading lattice file `/tmp/54745760/lattices/radioshaka_kbk20120915_102.lat.gz´.
2020-07-17 23:17:43,381 decode: Utterance `radioshaka_kbk20120915_102´ -- 95 of job 9
2020-07-17 23:18:35,805 __iter__: Reading lattice file `/tmp/54745760/lattices/radioshaka_kbk20120915_22.lat.gz´.
2020-07-17 23:18:36,583 decode: Utterance `radioshaka_kbk20120915_22´ -- 96 of job 9
2020-07-17 23:19:41,139 __iter__: Reading lattice file `/tmp/54745760/lattices/radioshaka_kbk20120915_42.lat.gz´.
2020-07-17 23:19:41,157 decode: Utterance `radioshaka_kbk20120915_42´ -- 97 of job 9
2020-07-17 23:19:41,934 __iter__: Reading lattice file `/tmp/54745760/lattices/radioshaka_kbk20120915_77.lat.gz´.
2020-07-17 23:19:41,973 decode: Utterance `radioshaka_kbk20120915_77´ -- 98 of job 9
/scratch/work/groszt1/envs/theanoLM/lib/python3.7/site-packages/theano/gpuarray/dnn.py:184: UserWarning: Your cuDNN version is more recent than Theano. If you encounter problems, try updating Theano or downgrading cuDNN to a version >= v5 and <= v7.
  warnings.warn("Your cuDNN version is more recent than "
Using cuDNN version 7600 on context None
Mapped name None to device cuda0: Tesla K80 (0000:89:00.0)
/scratch/work/groszt1/envs/theanoLM/lib/python3.7/site-packages/h5py-2.9.0-py3.7-linux-x86_64.egg/h5py/_hl/dataset.py:313: H5pyDeprecationWarning: dataset.value has been deprecated. Use dataset[()] instead.
  "Use dataset[()] instead.", H5pyDeprecationWarning)
/scratch/work/groszt1/envs/theanoLM/lib/python3.7/site-packages/h5py-2.9.0-py3.7-linux-x86_64.egg/h5py/_hl/dataset.py:313: H5pyDeprecationWarning: dataset.value has been deprecated. Use dataset[()] instead.
  "Use dataset[()] instead.", H5pyDeprecationWarning)
decode_theanolm finished.
