EXPT_NAME theanolm-100k
EXPT_PARAMS expt10-seq15
EXPT_WORK_DIR /scratch/work/moisioa3/conv_lm/experiments/theanolm-100k/expt10-seq15
Experiment: theanolm-100k/expt10-seq15
Job ID: 54746207
Task ID: 46
Host: gpu20.int.triton.aalto.fi
Start date: Fri Jul 17 21:32:55 EEST 2020
Work directory: /scratch/work/moisioa3/conv_lm/experiments/theanolm-100k/expt10-seq15
Temporary directory: /tmp/54746207

Currently Loaded Modules:
  1) speech-scripts/2016.05.24-b928230   6) binutils/2.25-GCCcore-5.4.0
  2) srilm/default                       7) GCC/5.4.0-2.25
  3) cuda/10.0.130                       8) libgpuarray/2017.03.29-45c731f
  4) cudnn/7.4.2-cuda                    9) anaconda3/latest
  5) GCCcore/5.4.0

 

/tmp/54746207/lattices
floatX=float32,device=cuda0,base_compiledir=/tmp/theano,exception_verbosity=high,openmp=False
/scratch/work/groszt1/envs/theanoLM/lib/python3.7/site-packages/theano/gpuarray/dnn.py:184: UserWarning: Your cuDNN version is more recent than Theano. If you encounter problems, try updating Theano or downgrading cuDNN to a version >= v5 and <= v7.
  warnings.warn("Your cuDNN version is more recent than "
Using cuDNN version 7600 on context None
Mapped name None to device cuda0: Tesla K80 (0000:88:00.0)
TheanoLM 1.3.2
Theano 1.0.4
pygpu 0.7.6
==
+ srun --gres=gpu:1 theanolm decode /scratch/work/moisioa3/conv_lm/experiments/theanolm-100k/expt10-seq15/nnlm.h5 --lattice-list /tmp/54746207/lattices/lattice-list --output-file /scratch/work/moisioa3/conv_lm/experiments/theanolm-100k/expt10-seq15/decode/devel/lambda=1.0-lms=11/6.trn --output trn --nnlm-weight 1.0 --lm-scale 11 --max-tokens-per-node 62 --beam 650 --recombination-order 22 --num-jobs 10 --job 6 --shortlist --unk-penalty=-20
2020-07-17 21:33:05,561 get_default_device: Context None device="Tesla K80" ID="0000:88:00.0"
2020-07-17 21:33:05,563 from_file: Reading vocabulary from network state.
2020-07-17 21:33:09,062 from_file: Number of words in vocabulary: 2427252
2020-07-17 21:33:09,062 from_file: Number of words in shortlist: 100003
2020-07-17 21:33:09,063 from_file: Number of word classes: 100003
2020-07-17 21:33:09,063 from_file: Building neural network.
2020-07-17 21:34:04,029 from_file: Restoring neural network state.
2020-07-17 21:34:04,793 decode: Building word lattice decoder.
2020-07-17 21:34:10,453 __iter__: Reading lattice file `/tmp/54746207/lattices/dspf004_dsp2013_08.lat.gz´.
2020-07-17 21:34:10,929 decode: Utterance `dspf004_dsp2013_08´ -- 1 of job 6
2020-07-17 21:34:50,316 __iter__: Reading lattice file `/tmp/54746207/lattices/dspf004_dsp2013_18.lat.gz´.
2020-07-17 21:34:51,073 decode: Utterance `dspf004_dsp2013_18´ -- 2 of job 6
2020-07-17 21:36:06,101 __iter__: Reading lattice file `/tmp/54746207/lattices/dspf007_dsp2013_07.lat.gz´.
2020-07-17 21:36:06,308 decode: Utterance `dspf007_dsp2013_07´ -- 3 of job 6
2020-07-17 21:36:24,159 __iter__: Reading lattice file `/tmp/54746207/lattices/dspf007_dsp2013_17.lat.gz´.
2020-07-17 21:36:25,102 decode: Utterance `dspf007_dsp2013_17´ -- 4 of job 6
2020-07-17 21:37:29,289 __iter__: Reading lattice file `/tmp/54746207/lattices/dspm001_dsp2013_07.lat.gz´.
2020-07-17 21:37:29,936 decode: Utterance `dspm001_dsp2013_07´ -- 5 of job 6
2020-07-17 21:38:23,257 __iter__: Reading lattice file `/tmp/54746207/lattices/dspm001_dsp2013_17.lat.gz´.
2020-07-17 21:38:23,297 decode: Utterance `dspm001_dsp2013_17´ -- 6 of job 6
2020-07-17 21:38:25,387 __iter__: Reading lattice file `/tmp/54746207/lattices/dspm004_dsp2013_07.lat.gz´.
2020-07-17 21:38:26,274 decode: Utterance `dspm004_dsp2013_07´ -- 7 of job 6
2020-07-17 21:39:42,049 __iter__: Reading lattice file `/tmp/54746207/lattices/dspm004_dsp2013_17.lat.gz´.
2020-07-17 21:39:42,774 decode: Utterance `dspm004_dsp2013_17´ -- 8 of job 6
2020-07-17 21:40:34,187 __iter__: Reading lattice file `/tmp/54746207/lattices/dspm005_dsp2013_07.lat.gz´.
2020-07-17 21:40:34,240 decode: Utterance `dspm005_dsp2013_07´ -- 9 of job 6
2020-07-17 21:40:38,455 __iter__: Reading lattice file `/tmp/54746207/lattices/dspm005_dsp2013_17.lat.gz´.
2020-07-17 21:40:38,517 decode: Utterance `dspm005_dsp2013_17´ -- 10 of job 6
2020-07-17 21:40:43,002 __iter__: Reading lattice file `/tmp/54746207/lattices/dspm006_dsp2013_07.lat.gz´.
2020-07-17 21:40:43,019 decode: Utterance `dspm006_dsp2013_07´ -- 11 of job 6
2020-07-17 21:40:44,437 __iter__: Reading lattice file `/tmp/54746207/lattices/dspm006_dsp2013_20.lat.gz´.
2020-07-17 21:40:44,439 decode: Utterance `dspm006_dsp2013_20´ -- 12 of job 6
2020-07-17 21:40:44,570 __iter__: Reading lattice file `/tmp/54746207/lattices/dspm007_dsp2013_06.lat.gz´.
2020-07-17 21:40:44,941 decode: Utterance `dspm007_dsp2013_06´ -- 13 of job 6
2020-07-17 21:41:19,830 __iter__: Reading lattice file `/tmp/54746207/lattices/dspm007_dsp2013_18.lat.gz´.
2020-07-17 21:41:20,437 decode: Utterance `dspm007_dsp2013_18´ -- 14 of job 6
2020-07-17 21:42:09,102 __iter__: Reading lattice file `/tmp/54746207/lattices/dspm007_dsp2013_28.lat.gz´.
2020-07-17 21:42:09,386 decode: Utterance `dspm007_dsp2013_28´ -- 15 of job 6
2020-07-17 21:42:33,980 __iter__: Reading lattice file `/tmp/54746207/lattices/dspm010_dsp2013_09.lat.gz´.
2020-07-17 21:42:41,431 decode: Utterance `dspm010_dsp2013_09´ -- 16 of job 6
2020-07-17 21:52:12,793 __iter__: Reading lattice file `/tmp/54746207/lattices/dspm010_dsp2013_25.lat.gz´.
2020-07-17 21:52:14,987 decode: Utterance `dspm010_dsp2013_25´ -- 17 of job 6
2020-07-17 21:56:33,895 __iter__: Reading lattice file `/tmp/54746207/lattices/dspm011_dsp2013_09.lat.gz´.
2020-07-17 21:56:34,113 decode: Utterance `dspm011_dsp2013_09´ -- 18 of job 6
2020-07-17 21:56:47,828 __iter__: Reading lattice file `/tmp/54746207/lattices/dspm011_dsp2013_19.lat.gz´.
2020-07-17 21:56:48,122 decode: Utterance `dspm011_dsp2013_19´ -- 19 of job 6
2020-07-17 21:57:21,513 __iter__: Reading lattice file `/tmp/54746207/lattices/dspm014_dsp2013_07.lat.gz´.
2020-07-17 21:57:21,672 decode: Utterance `dspm014_dsp2013_07´ -- 20 of job 6
2020-07-17 21:57:36,019 __iter__: Reading lattice file `/tmp/54746207/lattices/dspm014_dsp2013_26.lat.gz´.
2020-07-17 21:57:36,334 decode: Utterance `dspm014_dsp2013_26´ -- 21 of job 6
2020-07-17 21:57:59,213 __iter__: Reading lattice file `/tmp/54746207/lattices/dspm015_dsp2013_03.lat.gz´.
2020-07-17 21:57:59,624 decode: Utterance `dspm015_dsp2013_03´ -- 22 of job 6
2020-07-17 21:58:30,088 __iter__: Reading lattice file `/tmp/54746207/lattices/dspm015_dsp2013_13.lat.gz´.
2020-07-17 21:58:30,476 decode: Utterance `dspm015_dsp2013_13´ -- 23 of job 6
2020-07-17 21:58:51,421 __iter__: Reading lattice file `/tmp/54746207/lattices/dspm017_dsp2013_105.lat.gz´.
2020-07-17 21:58:52,307 decode: Utterance `dspm017_dsp2013_105´ -- 24 of job 6
2020-07-17 22:01:10,855 __iter__: Reading lattice file `/tmp/54746207/lattices/dspm017_dsp2013_42.lat.gz´.
2020-07-17 22:01:11,275 decode: Utterance `dspm017_dsp2013_42´ -- 25 of job 6
2020-07-17 22:01:43,999 __iter__: Reading lattice file `/tmp/54746207/lattices/dspm017_dsp2013_81.lat.gz´.
2020-07-17 22:01:45,141 decode: Utterance `dspm017_dsp2013_81´ -- 26 of job 6
2020-07-17 22:03:28,170 __iter__: Reading lattice file `/tmp/54746207/lattices/dspm018_dsp2013_09.lat.gz´.
2020-07-17 22:03:28,504 decode: Utterance `dspm018_dsp2013_09´ -- 27 of job 6
2020-07-17 22:04:14,872 __iter__: Reading lattice file `/tmp/54746207/lattices/dspm018_dsp2013_19.lat.gz´.
2020-07-17 22:04:14,968 decode: Utterance `dspm018_dsp2013_19´ -- 28 of job 6
2020-07-17 22:04:23,235 __iter__: Reading lattice file `/tmp/54746207/lattices/dspm019_dsp2013_07.lat.gz´.
2020-07-17 22:04:23,291 decode: Utterance `dspm019_dsp2013_07´ -- 29 of job 6
2020-07-17 22:04:27,249 __iter__: Reading lattice file `/tmp/54746207/lattices/dspm019_dsp2013_18.lat.gz´.
2020-07-17 22:04:27,272 decode: Utterance `dspm019_dsp2013_18´ -- 30 of job 6
2020-07-17 22:04:28,869 __iter__: Reading lattice file `/tmp/54746207/lattices/dspm021_dsp2013_08.lat.gz´.
2020-07-17 22:04:29,370 decode: Utterance `dspm021_dsp2013_08´ -- 31 of job 6
2020-07-17 22:05:17,897 __iter__: Reading lattice file `/tmp/54746207/lattices/dspm021_dsp2013_18.lat.gz´.
2020-07-17 22:05:18,295 decode: Utterance `dspm021_dsp2013_18´ -- 32 of job 6
2020-07-17 22:06:21,795 __iter__: Reading lattice file `/tmp/54746207/lattices/dspm022_dsp2013_04.lat.gz´.
2020-07-17 22:06:21,997 decode: Utterance `dspm022_dsp2013_04´ -- 33 of job 6
2020-07-17 22:06:41,765 __iter__: Reading lattice file `/tmp/54746207/lattices/dspm022_dsp2013_14.lat.gz´.
2020-07-17 22:06:41,796 decode: Utterance `dspm022_dsp2013_14´ -- 34 of job 6
2020-07-17 22:06:44,744 __iter__: Reading lattice file `/tmp/54746207/lattices/dspm022_dsp2013_24.lat.gz´.
2020-07-17 22:06:45,301 decode: Utterance `dspm022_dsp2013_24´ -- 35 of job 6
2020-07-17 22:07:45,110 __iter__: Reading lattice file `/tmp/54746207/lattices/dspm022_dsp2013_34.lat.gz´.
2020-07-17 22:07:45,178 decode: Utterance `dspm022_dsp2013_34´ -- 36 of job 6
2020-07-17 22:07:51,500 __iter__: Reading lattice file `/tmp/54746207/lattices/dspm024_dsp2013_10.lat.gz´.
2020-07-17 22:07:51,607 decode: Utterance `dspm024_dsp2013_10´ -- 37 of job 6
2020-07-17 22:08:00,649 __iter__: Reading lattice file `/tmp/54746207/lattices/dspm024_dsp2013_21.lat.gz´.
2020-07-17 22:08:00,710 decode: Utterance `dspm024_dsp2013_21´ -- 38 of job 6
2020-07-17 22:08:04,884 __iter__: Reading lattice file `/tmp/54746207/lattices/dspm025_dsp2013_17.lat.gz´.
2020-07-17 22:08:05,683 decode: Utterance `dspm025_dsp2013_17´ -- 39 of job 6
2020-07-17 22:09:12,265 __iter__: Reading lattice file `/tmp/54746207/lattices/dspm025_dsp2013_29.lat.gz´.
2020-07-17 22:09:14,253 decode: Utterance `dspm025_dsp2013_29´ -- 40 of job 6
2020-07-17 22:11:56,651 __iter__: Reading lattice file `/tmp/54746207/lattices/dspm026_dsp2013_09.lat.gz´.
2020-07-17 22:11:57,110 decode: Utterance `dspm026_dsp2013_09´ -- 41 of job 6
2020-07-17 22:12:40,745 __iter__: Reading lattice file `/tmp/54746207/lattices/dspm026_dsp2013_19.lat.gz´.
2020-07-17 22:12:40,997 decode: Utterance `dspm026_dsp2013_19´ -- 42 of job 6
2020-07-17 22:13:05,738 __iter__: Reading lattice file `/tmp/54746207/lattices/dspm028_dsp2013_09.lat.gz´.
2020-07-17 22:13:05,899 decode: Utterance `dspm028_dsp2013_09´ -- 43 of job 6
2020-07-17 22:13:19,445 __iter__: Reading lattice file `/tmp/54746207/lattices/dspm028_dsp2013_19.lat.gz´.
2020-07-17 22:13:19,575 decode: Utterance `dspm028_dsp2013_19´ -- 44 of job 6
2020-07-17 22:13:28,551 __iter__: Reading lattice file `/tmp/54746207/lattices/dspm031_dsp2013_09.lat.gz´.
2020-07-17 22:13:28,563 decode: Utterance `dspm031_dsp2013_09´ -- 45 of job 6
2020-07-17 22:13:29,678 __iter__: Reading lattice file `/tmp/54746207/lattices/dspm031_dsp2013_19.lat.gz´.
2020-07-17 22:13:29,707 decode: Utterance `dspm031_dsp2013_19´ -- 46 of job 6
2020-07-17 22:13:32,248 __iter__: Reading lattice file `/tmp/54746207/lattices/dspm032_dsp2013_04.lat.gz´.
2020-07-17 22:13:32,253 decode: Utterance `dspm032_dsp2013_04´ -- 47 of job 6
2020-07-17 22:13:32,695 __iter__: Reading lattice file `/tmp/54746207/lattices/dspm032_dsp2013_14.lat.gz´.
2020-07-17 22:13:32,731 decode: Utterance `dspm032_dsp2013_14´ -- 48 of job 6
2020-07-17 22:13:35,097 __iter__: Reading lattice file `/tmp/54746207/lattices/dspm032_dsp2013_24.lat.gz´.
2020-07-17 22:13:35,113 decode: Utterance `dspm032_dsp2013_24´ -- 49 of job 6
2020-07-17 22:13:36,284 __iter__: Reading lattice file `/tmp/54746207/lattices/dspm033_dsp2013_29.lat.gz´.
2020-07-17 22:13:36,479 decode: Utterance `dspm033_dsp2013_29´ -- 50 of job 6
2020-07-17 22:13:55,518 __iter__: Reading lattice file `/tmp/54746207/lattices/dspm033_dsp2013_51.lat.gz´.
2020-07-17 22:13:55,987 decode: Utterance `dspm033_dsp2013_51´ -- 51 of job 6
2020-07-17 22:14:35,984 __iter__: Reading lattice file `/tmp/54746207/lattices/dspm034_dsp2013_10.lat.gz´.
2020-07-17 22:14:36,195 decode: Utterance `dspm034_dsp2013_10´ -- 52 of job 6
2020-07-17 22:14:50,697 __iter__: Reading lattice file `/tmp/54746207/lattices/dspm034_dsp2013_20.lat.gz´.
2020-07-17 22:14:50,772 decode: Utterance `dspm034_dsp2013_20´ -- 53 of job 6
2020-07-17 22:14:56,437 __iter__: Reading lattice file `/tmp/54746207/lattices/dspm036_dsp2013_34.lat.gz´.
2020-07-17 22:14:56,852 decode: Utterance `dspm036_dsp2013_34´ -- 54 of job 6
2020-07-17 22:15:41,173 __iter__: Reading lattice file `/tmp/54746207/lattices/dspm039_dsp2013_01.lat.gz´.
2020-07-17 22:15:41,288 decode: Utterance `dspm039_dsp2013_01´ -- 55 of job 6
2020-07-17 22:15:51,436 __iter__: Reading lattice file `/tmp/54746207/lattices/dspm039_dsp2013_12.lat.gz´.
2020-07-17 22:15:51,850 decode: Utterance `dspm039_dsp2013_12´ -- 56 of job 6
2020-07-17 22:16:30,034 __iter__: Reading lattice file `/tmp/54746207/lattices/dspm039_dsp2013_23.lat.gz´.
2020-07-17 22:16:30,413 decode: Utterance `dspm039_dsp2013_23´ -- 57 of job 6
2020-07-17 22:17:03,566 __iter__: Reading lattice file `/tmp/54746207/lattices/dspm040_dsp2013_06.lat.gz´.
2020-07-17 22:17:03,729 decode: Utterance `dspm040_dsp2013_06´ -- 58 of job 6
2020-07-17 22:17:17,826 __iter__: Reading lattice file `/tmp/54746207/lattices/dspm040_dsp2013_16.lat.gz´.
2020-07-17 22:17:17,866 decode: Utterance `dspm040_dsp2013_16´ -- 59 of job 6
2020-07-17 22:17:20,664 __iter__: Reading lattice file `/tmp/54746207/lattices/dspm042_dsp2013_07.lat.gz´.
2020-07-17 22:17:20,713 decode: Utterance `dspm042_dsp2013_07´ -- 60 of job 6
2020-07-17 22:17:24,611 __iter__: Reading lattice file `/tmp/54746207/lattices/dspm042_dsp2013_18.lat.gz´.
2020-07-17 22:17:24,678 decode: Utterance `dspm042_dsp2013_18´ -- 61 of job 6
2020-07-17 22:17:30,492 __iter__: Reading lattice file `/tmp/54746207/lattices/dspm043_dsp2013_08.lat.gz´.
2020-07-17 22:17:30,513 decode: Utterance `dspm043_dsp2013_08´ -- 62 of job 6
2020-07-17 22:17:31,759 __iter__: Reading lattice file `/tmp/54746207/lattices/dspm043_dsp2013_22.lat.gz´.
2020-07-17 22:17:31,782 decode: Utterance `dspm043_dsp2013_22´ -- 63 of job 6
2020-07-17 22:17:34,026 __iter__: Reading lattice file `/tmp/54746207/lattices/dspm045_dsp2013_01.lat.gz´.
2020-07-17 22:17:37,343 decode: Utterance `dspm045_dsp2013_01´ -- 64 of job 6
2020-07-17 22:21:39,978 __iter__: Reading lattice file `/tmp/54746207/lattices/dspm045_dsp2013_11.lat.gz´.
2020-07-17 22:21:40,493 decode: Utterance `dspm045_dsp2013_11´ -- 65 of job 6
2020-07-17 22:22:42,307 __iter__: Reading lattice file `/tmp/54746207/lattices/dspm047_dsp2013_01.lat.gz´.
2020-07-17 22:22:42,353 decode: Utterance `dspm047_dsp2013_01´ -- 66 of job 6
2020-07-17 22:22:46,155 __iter__: Reading lattice file `/tmp/54746207/lattices/dspm047_dsp2013_11.lat.gz´.
2020-07-17 22:22:46,315 decode: Utterance `dspm047_dsp2013_11´ -- 67 of job 6
2020-07-17 22:22:58,466 __iter__: Reading lattice file `/tmp/54746207/lattices/dspm048_dsp2013_01.lat.gz´.
2020-07-17 22:22:58,511 decode: Utterance `dspm048_dsp2013_01´ -- 68 of job 6
2020-07-17 22:23:02,822 __iter__: Reading lattice file `/tmp/54746207/lattices/dspm048_dsp2013_11.lat.gz´.
2020-07-17 22:23:02,956 decode: Utterance `dspm048_dsp2013_11´ -- 69 of job 6
2020-07-17 22:23:14,250 __iter__: Reading lattice file `/tmp/54746207/lattices/dspm048_dsp2013_21.lat.gz´.
2020-07-17 22:23:14,304 decode: Utterance `dspm048_dsp2013_21´ -- 70 of job 6
2020-07-17 22:23:18,938 __iter__: Reading lattice file `/tmp/54746207/lattices/dspm049_dsp2013_10.lat.gz´.
2020-07-17 22:23:20,041 decode: Utterance `dspm049_dsp2013_10´ -- 71 of job 6
2020-07-17 22:24:41,237 __iter__: Reading lattice file `/tmp/54746207/lattices/dspm049_dsp2013_20.lat.gz´.
2020-07-17 22:24:44,064 decode: Utterance `dspm049_dsp2013_20´ -- 72 of job 6
2020-07-17 22:28:30,939 __iter__: Reading lattice file `/tmp/54746207/lattices/dspm050_dsp2013_18.lat.gz´.
2020-07-17 22:28:31,009 decode: Utterance `dspm050_dsp2013_18´ -- 73 of job 6
2020-07-17 22:28:37,370 __iter__: Reading lattice file `/tmp/54746207/lattices/dspm050_dsp2013_30.lat.gz´.
2020-07-17 22:28:37,533 decode: Utterance `dspm050_dsp2013_30´ -- 74 of job 6
2020-07-17 22:28:52,054 __iter__: Reading lattice file `/tmp/54746207/lattices/dspm052_dsp2013_08.lat.gz´.
2020-07-17 22:28:52,301 decode: Utterance `dspm052_dsp2013_08´ -- 75 of job 6
2020-07-17 22:29:14,348 __iter__: Reading lattice file `/tmp/54746207/lattices/dspm052_dsp2013_18.lat.gz´.
2020-07-17 22:29:14,406 decode: Utterance `dspm052_dsp2013_18´ -- 76 of job 6
2020-07-17 22:29:18,042 __iter__: Reading lattice file `/tmp/54746207/lattices/dspm054_dsp2013_09.lat.gz´.
2020-07-17 22:29:18,438 decode: Utterance `dspm054_dsp2013_09´ -- 77 of job 6
2020-07-17 22:29:45,643 __iter__: Reading lattice file `/tmp/54746207/lattices/dspm054_dsp2013_20.lat.gz´.
2020-07-17 22:29:45,876 decode: Utterance `dspm054_dsp2013_20´ -- 78 of job 6
2020-07-17 22:30:07,162 __iter__: Reading lattice file `/tmp/54746207/lattices/dspm055_dsp2013_07.lat.gz´.
2020-07-17 22:30:07,239 decode: Utterance `dspm055_dsp2013_07´ -- 79 of job 6
2020-07-17 22:30:12,794 __iter__: Reading lattice file `/tmp/54746207/lattices/dspm055_dsp2013_17.lat.gz´.
2020-07-17 22:30:12,853 decode: Utterance `dspm055_dsp2013_17´ -- 80 of job 6
2020-07-17 22:30:18,152 __iter__: Reading lattice file `/tmp/54746207/lattices/dspm056_dsp2013_07.lat.gz´.
2020-07-17 22:30:18,299 decode: Utterance `dspm056_dsp2013_07´ -- 81 of job 6
2020-07-17 22:30:31,768 __iter__: Reading lattice file `/tmp/54746207/lattices/dspm056_dsp2013_17.lat.gz´.
2020-07-17 22:30:31,808 decode: Utterance `dspm056_dsp2013_17´ -- 82 of job 6
2020-07-17 22:30:34,639 __iter__: Reading lattice file `/tmp/54746207/lattices/dspm057_dsp2013_07.lat.gz´.
2020-07-17 22:30:35,823 decode: Utterance `dspm057_dsp2013_07´ -- 83 of job 6
2020-07-17 22:32:12,795 __iter__: Reading lattice file `/tmp/54746207/lattices/dspm057_dsp2013_17.lat.gz´.
2020-07-17 22:32:12,896 decode: Utterance `dspm057_dsp2013_17´ -- 84 of job 6
2020-07-17 22:32:22,612 __iter__: Reading lattice file `/tmp/54746207/lattices/dspm058_dsp2013_08.lat.gz´.
2020-07-17 22:32:22,681 decode: Utterance `dspm058_dsp2013_08´ -- 85 of job 6
2020-07-17 22:32:27,661 __iter__: Reading lattice file `/tmp/54746207/lattices/dspm058_dsp2013_19.lat.gz´.
2020-07-17 22:32:27,860 decode: Utterance `dspm058_dsp2013_19´ -- 86 of job 6
2020-07-17 22:32:40,444 __iter__: Reading lattice file `/tmp/54746207/lattices/radioanne_fym20071218_16.lat.gz´.
2020-07-17 22:32:40,452 decode: Utterance `radioanne_fym20071218_16´ -- 87 of job 6
2020-07-17 22:32:40,764 __iter__: Reading lattice file `/tmp/54746207/lattices/radiojake_kbk20120915_117.lat.gz´.
2020-07-17 22:32:40,870 decode: Utterance `radiojake_kbk20120915_117´ -- 88 of job 6
2020-07-17 22:32:54,363 __iter__: Reading lattice file `/tmp/54746207/lattices/radiojake_kbk20120915_2.lat.gz´.
2020-07-17 22:32:54,851 decode: Utterance `radiojake_kbk20120915_2´ -- 89 of job 6
2020-07-17 22:33:39,684 __iter__: Reading lattice file `/tmp/54746207/lattices/radiojake_kbk20120915_55.lat.gz´.
2020-07-17 22:33:39,790 decode: Utterance `radiojake_kbk20120915_55´ -- 90 of job 6
2020-07-17 22:33:50,292 __iter__: Reading lattice file `/tmp/54746207/lattices/radiojake_kbk20120915_86.lat.gz´.
2020-07-17 22:33:50,486 decode: Utterance `radiojake_kbk20120915_86´ -- 91 of job 6
2020-07-17 22:34:14,457 __iter__: Reading lattice file `/tmp/54746207/lattices/radiokassu_kbk20120915_34.lat.gz´.
2020-07-17 22:34:14,533 decode: Utterance `radiokassu_kbk20120915_34´ -- 92 of job 6
2020-07-17 22:34:19,755 __iter__: Reading lattice file `/tmp/54746207/lattices/radiokassu_kbk20120915_6.lat.gz´.
2020-07-17 22:34:19,947 decode: Utterance `radiokassu_kbk20120915_6´ -- 93 of job 6
2020-07-17 22:34:39,671 __iter__: Reading lattice file `/tmp/54746207/lattices/radionoona_fym20071218_21.lat.gz´.
2020-07-17 22:34:39,677 decode: Utterance `radionoona_fym20071218_21´ -- 94 of job 6
2020-07-17 22:34:40,066 __iter__: Reading lattice file `/tmp/54746207/lattices/radionoona_fym20071218_8.lat.gz´.
2020-07-17 22:34:40,079 decode: Utterance `radionoona_fym20071218_8´ -- 95 of job 6
2020-07-17 22:34:41,072 __iter__: Reading lattice file `/tmp/54746207/lattices/radioshaka_kbk20120915_16.lat.gz´.
2020-07-17 22:34:41,497 decode: Utterance `radioshaka_kbk20120915_16´ -- 96 of job 6
2020-07-17 22:35:27,767 __iter__: Reading lattice file `/tmp/54746207/lattices/radioshaka_kbk20120915_37.lat.gz´.
2020-07-17 22:35:28,451 decode: Utterance `radioshaka_kbk20120915_37´ -- 97 of job 6
2020-07-17 22:36:37,349 __iter__: Reading lattice file `/tmp/54746207/lattices/radioshaka_kbk20120915_66.lat.gz´.
2020-07-17 22:36:37,663 decode: Utterance `radioshaka_kbk20120915_66´ -- 98 of job 6
2020-07-17 22:37:06,311 __iter__: Reading lattice file `/tmp/54746207/lattices/radioshaka_kbk20120915_92.lat.gz´.
2020-07-17 22:37:06,727 decode: Utterance `radioshaka_kbk20120915_92´ -- 99 of job 6
/scratch/work/groszt1/envs/theanoLM/lib/python3.7/site-packages/theano/gpuarray/dnn.py:184: UserWarning: Your cuDNN version is more recent than Theano. If you encounter problems, try updating Theano or downgrading cuDNN to a version >= v5 and <= v7.
  warnings.warn("Your cuDNN version is more recent than "
Using cuDNN version 7600 on context None
Mapped name None to device cuda0: Tesla K80 (0000:88:00.0)
/scratch/work/groszt1/envs/theanoLM/lib/python3.7/site-packages/h5py-2.9.0-py3.7-linux-x86_64.egg/h5py/_hl/dataset.py:313: H5pyDeprecationWarning: dataset.value has been deprecated. Use dataset[()] instead.
  "Use dataset[()] instead.", H5pyDeprecationWarning)
/scratch/work/groszt1/envs/theanoLM/lib/python3.7/site-packages/h5py-2.9.0-py3.7-linux-x86_64.egg/h5py/_hl/dataset.py:313: H5pyDeprecationWarning: dataset.value has been deprecated. Use dataset[()] instead.
  "Use dataset[()] instead.", H5pyDeprecationWarning)
decode_theanolm finished.
