EXPT_NAME 4gram
EXPT_PARAMS ip
EXPT_WORK_DIR /scratch/work/moisioa3/conv_lm/experiments/4gram/ip
Experiment: 4gram/ip
Job ID: 53529706
Task ID: 
Host: pe84.int.triton.aalto.fi
Start date: Wed Jun 10 11:02:50 EEST 2020
Work directory: /scratch/work/moisioa3/conv_lm/experiments/4gram/ip
Temporary directory: /tmp/53529706
+ /scratch/work/moisioa3/conv_lm/scripts/interpolate-lm.py --ngram-cmd /scratch/elec/puhe/Modules/opt/srilm/1.7.2-beta-patched/bin/i686-m64/ngram --order 4 --opt-perp /scratch/work/moisioa3/conv_lm/data/devel/plain.txt --output /scratch/work/moisioa3/conv_lm/experiments/4gram/ip/kn-ip-dsp-web.arpa.gz --write-weights /scratch/work/moisioa3/conv_lm/experiments/4gram/ip/weights /scratch/work/moisioa3/conv_lm/experiments/4gram/ip/dsp.arpa.gz /scratch/work/moisioa3/conv_lm/experiments/4gram/ip/web.arpa.gz
reading 2427251 1-grams
reading 44767 2-grams
reading 1664 3-grams
reading 369 4-grams
reading 2427251 1-grams
reading 22591485 2-grams
reading 4762464 3-grams
reading 2573341 4-grams
iteration 1, lambda = (0.5 0.5), ppl = 747.755
iteration 2, lambda = (0.461729 0.538271), ppl = 744.269
iteration 3, lambda = (0.439019 0.560981), ppl = 743.031
iteration 4, lambda = (0.425418 0.574582), ppl = 742.583
iteration 5, lambda = (0.417209 0.582791), ppl = 742.418
iteration 6, lambda = (0.412227 0.587773), ppl = 742.357
iteration 7, lambda = (0.409193 0.590807), ppl = 742.334
iteration 8, lambda = (0.40734 0.59266), ppl = 742.326
iteration 9, lambda = (0.406207 0.593793), ppl = 742.322
/scratch/elec/puhe/Modules/opt/srilm/1.7.2-beta-patched/bin/i686-m64/ngram -order 4 -lm /scratch/work/moisioa3/conv_lm/experiments/4gram/ip/dsp.arpa.gz -map-unk <unk> -ppl /scratch/work/moisioa3/conv_lm/data/devel/plain.txt -debug 2
/scratch/elec/puhe/Modules/opt/srilm/1.7.2-beta-patched/bin/i686-m64/ngram -order 4 -lm /scratch/work/moisioa3/conv_lm/experiments/4gram/ip/web.arpa.gz -map-unk <unk> -ppl /scratch/work/moisioa3/conv_lm/data/devel/plain.txt -debug 2
compute-best-mix lambda=0.5 0.5 /tmp/tmpsh3wrlm7 /tmp/tmpcow2bm06
/scratch/elec/puhe/Modules/opt/srilm/1.7.2-beta-patched/bin/i686-m64/ngram -order 4 -write-lm /scratch/work/moisioa3/conv_lm/experiments/4gram/ip/kn-ip-dsp-web.arpa.gz -lm /scratch/work/moisioa3/conv_lm/experiments/4gram/ip/dsp.arpa.gz -map-unk <unk> -lambda 0.405514 -mix-lm /scratch/work/moisioa3/conv_lm/experiments/4gram/ip/web.arpa.gz
