Kaldi version:
commit 31cdfc4f1b2d17790056bc624d7b6ed5665f7e93
Author: Anssi Moisio <anssi.moisio@aalto.fi>
Date:   Tue Sep 1 20:44:55 2020 +0300

    recombine subwords also in score_kaldi_cer.sh

Experiment: kaldi-am/chain_tdnn_enarvi_swbd7q
Job ID: 55565298
Task ID: 
Host: csl32.int.triton.aalto.fi
Start date: Tue Sep  8 15:15:24 EEST 2020
Work directory: /scratch/work/moisioa3/conv_lm/experiments/kaldi-am/chain_tdnn_enarvi_swbd7q
Temporary directory: /tmp/55565298

Currently Loaded Modules:
  1) GCCcore/6.4.0
  2) binutils/2.28-GCCcore-6.4.0
  3) GCC/6.4.0-2.28
  4) openfst/1.6.6-GCC-6.4.0
  5) OpenBLAS/0.2.20-GCC-6.4.0-2.28
  6) CUDA/9.0.176
  7) CUB/1.8.0
  8) sctk/2.4.10
  9) sph2pipe/2.5
 10) kaldi-vanilla/7637de7-GCC-6.4.0-2.28-OPENBLAS

 

Kaldi version:
7637de77e0a77bf280bef9bf484e4f37c4eb9475 [src] Fix for nnet3 bug encountered when implementing deltas. (#3495)

tree-info exp/tri3b/tree 
tree-info exp/tri3b/tree 
make-h-transducer --disambig-syms-out=exp/tri3b/graph_nosp/disambig_tid.int --transition-scale=1.0 data/lang_train_nosp/tmp/ilabels_3_1 exp/tri3b/tree exp/tri3b/final.mdl 
fstdeterminizestar --use-log=true 
fstrmsymbols exp/tri3b/graph_nosp/disambig_tid.int 
fstrmepslocal 
fstminimizeencoded 
fsttablecompose exp/tri3b/graph_nosp/Ha.fst data/lang_train_nosp/tmp/CLG_3_1.fst 
fstisstochastic exp/tri3b/graph_nosp/HCLGa.fst 
0.352891 -0.0440672
HCLGa is not stochastic
add-self-loops --self-loop-scale=0.1 --reorder=true exp/tri3b/final.mdl exp/tri3b/graph_nosp/HCLGa.fst 
