EXPT_NAME kaldi-am
EXPT_PARAMS tdnn
EXPT_WORK_DIR /scratch/work/moisioa3/conv_lm/experiments/kaldi-am/tdnn
Experiment: kaldi-am/tdnn
Job ID: 53600156
Task ID: 
Host: ivb15.int.triton.aalto.fi
Start date: Thu Jun 11 21:28:11 EEST 2020
Work directory: /scratch/work/moisioa3/conv_lm/experiments/kaldi-am/tdnn
Temporary directory: /tmp/53600156
/scratch/work/moisioa3/conv_lm/experiments/kaldi-am/tdnn/lang/baseline-nosp
/scratch/work/moisioa3/conv_lm/experiments/kaldi-am/tdnn/lm_tmp/oovs.txt :: /scratch/work/moisioa3/conv_lm/experiments/4gram/ip/kn-ip-dsp-web.arpa.gz /scratch/work/moisioa3/conv_lm/experiments/kaldi-am/tdnn/lang/baseline-nosp/words.txt
/scratch/work/moisioa3/conv_lm/experiments/kaldi-am/tdnn/lang/baseline-nosp/G.fst :: /scratch/work/moisioa3/conv_lm/experiments/4gram/ip/kn-ip-dsp-web.arpa.gz
arpa2fst - 
LOG (arpa2fst[5.1]:Read():arpa-file-parser.cc:96) Reading \data\ section.
LOG (arpa2fst[5.1]:HeaderAvailable():arpa-lm-compiler.cc:296) Reverting to slower state tracking because model is large: 4-gram with symbols up to 2427253
LOG (arpa2fst[5.1]:Read():arpa-file-parser.cc:151) Reading \1-grams: section.
LOG (arpa2fst[5.1]:Read():arpa-file-parser.cc:151) Reading \2-grams: section.
LOG (arpa2fst[5.1]:Read():arpa-file-parser.cc:151) Reading \3-grams: section.
LOG (arpa2fst[5.1]:Read():arpa-file-parser.cc:151) Reading \4-grams: section.
remove_oovs.pl: removed 0 lines.
Checking /scratch/work/moisioa3/conv_lm/experiments/kaldi-am/tdnn/lang/baseline-nosp/phones.txt ...
--> /scratch/work/moisioa3/conv_lm/experiments/kaldi-am/tdnn/lang/baseline-nosp/phones.txt is OK

Checking words.txt: #0 ...
--> /scratch/work/moisioa3/conv_lm/experiments/kaldi-am/tdnn/lang/baseline-nosp/words.txt is OK

Checking disjoint: silence.txt, nonsilence.txt, disambig.txt ...
--> silence.txt and nonsilence.txt are disjoint
--> silence.txt and disambig.txt are disjoint
--> disambig.txt and nonsilence.txt are disjoint
--> disjoint property is OK

Checking sumation: silence.txt, nonsilence.txt, disambig.txt ...
--> summation property is OK

Checking /scratch/work/moisioa3/conv_lm/experiments/kaldi-am/tdnn/lang/baseline-nosp/phones/context_indep.{txt, int, csl} ...
--> 15 entry/entries in /scratch/work/moisioa3/conv_lm/experiments/kaldi-am/tdnn/lang/baseline-nosp/phones/context_indep.txt
--> /scratch/work/moisioa3/conv_lm/experiments/kaldi-am/tdnn/lang/baseline-nosp/phones/context_indep.int corresponds to /scratch/work/moisioa3/conv_lm/experiments/kaldi-am/tdnn/lang/baseline-nosp/phones/context_indep.txt
--> /scratch/work/moisioa3/conv_lm/experiments/kaldi-am/tdnn/lang/baseline-nosp/phones/context_indep.csl corresponds to /scratch/work/moisioa3/conv_lm/experiments/kaldi-am/tdnn/lang/baseline-nosp/phones/context_indep.txt
--> /scratch/work/moisioa3/conv_lm/experiments/kaldi-am/tdnn/lang/baseline-nosp/phones/context_indep.{txt, int, csl} are OK

Checking /scratch/work/moisioa3/conv_lm/experiments/kaldi-am/tdnn/lang/baseline-nosp/phones/disambig.{txt, int, csl} ...
--> 10 entry/entries in /scratch/work/moisioa3/conv_lm/experiments/kaldi-am/tdnn/lang/baseline-nosp/phones/disambig.txt
--> /scratch/work/moisioa3/conv_lm/experiments/kaldi-am/tdnn/lang/baseline-nosp/phones/disambig.int corresponds to /scratch/work/moisioa3/conv_lm/experiments/kaldi-am/tdnn/lang/baseline-nosp/phones/disambig.txt
--> /scratch/work/moisioa3/conv_lm/experiments/kaldi-am/tdnn/lang/baseline-nosp/phones/disambig.csl corresponds to /scratch/work/moisioa3/conv_lm/experiments/kaldi-am/tdnn/lang/baseline-nosp/phones/disambig.txt
--> /scratch/work/moisioa3/conv_lm/experiments/kaldi-am/tdnn/lang/baseline-nosp/phones/disambig.{txt, int, csl} are OK

Checking /scratch/work/moisioa3/conv_lm/experiments/kaldi-am/tdnn/lang/baseline-nosp/phones/nonsilence.{txt, int, csl} ...
--> 92 entry/entries in /scratch/work/moisioa3/conv_lm/experiments/kaldi-am/tdnn/lang/baseline-nosp/phones/nonsilence.txt
--> /scratch/work/moisioa3/conv_lm/experiments/kaldi-am/tdnn/lang/baseline-nosp/phones/nonsilence.int corresponds to /scratch/work/moisioa3/conv_lm/experiments/kaldi-am/tdnn/lang/baseline-nosp/phones/nonsilence.txt
--> /scratch/work/moisioa3/conv_lm/experiments/kaldi-am/tdnn/lang/baseline-nosp/phones/nonsilence.csl corresponds to /scratch/work/moisioa3/conv_lm/experiments/kaldi-am/tdnn/lang/baseline-nosp/phones/nonsilence.txt
--> /scratch/work/moisioa3/conv_lm/experiments/kaldi-am/tdnn/lang/baseline-nosp/phones/nonsilence.{txt, int, csl} are OK

Checking /scratch/work/moisioa3/conv_lm/experiments/kaldi-am/tdnn/lang/baseline-nosp/phones/silence.{txt, int, csl} ...
--> 15 entry/entries in /scratch/work/moisioa3/conv_lm/experiments/kaldi-am/tdnn/lang/baseline-nosp/phones/silence.txt
--> /scratch/work/moisioa3/conv_lm/experiments/kaldi-am/tdnn/lang/baseline-nosp/phones/silence.int corresponds to /scratch/work/moisioa3/conv_lm/experiments/kaldi-am/tdnn/lang/baseline-nosp/phones/silence.txt
--> /scratch/work/moisioa3/conv_lm/experiments/kaldi-am/tdnn/lang/baseline-nosp/phones/silence.csl corresponds to /scratch/work/moisioa3/conv_lm/experiments/kaldi-am/tdnn/lang/baseline-nosp/phones/silence.txt
--> /scratch/work/moisioa3/conv_lm/experiments/kaldi-am/tdnn/lang/baseline-nosp/phones/silence.{txt, int, csl} are OK

Checking /scratch/work/moisioa3/conv_lm/experiments/kaldi-am/tdnn/lang/baseline-nosp/phones/optional_silence.{txt, int, csl} ...
--> 1 entry/entries in /scratch/work/moisioa3/conv_lm/experiments/kaldi-am/tdnn/lang/baseline-nosp/phones/optional_silence.txt
--> /scratch/work/moisioa3/conv_lm/experiments/kaldi-am/tdnn/lang/baseline-nosp/phones/optional_silence.int corresponds to /scratch/work/moisioa3/conv_lm/experiments/kaldi-am/tdnn/lang/baseline-nosp/phones/optional_silence.txt
--> /scratch/work/moisioa3/conv_lm/experiments/kaldi-am/tdnn/lang/baseline-nosp/phones/optional_silence.csl corresponds to /scratch/work/moisioa3/conv_lm/experiments/kaldi-am/tdnn/lang/baseline-nosp/phones/optional_silence.txt
--> /scratch/work/moisioa3/conv_lm/experiments/kaldi-am/tdnn/lang/baseline-nosp/phones/optional_silence.{txt, int, csl} are OK

Checking /scratch/work/moisioa3/conv_lm/experiments/kaldi-am/tdnn/lang/baseline-nosp/phones/roots.{txt, int} ...
--> 26 entry/entries in /scratch/work/moisioa3/conv_lm/experiments/kaldi-am/tdnn/lang/baseline-nosp/phones/roots.txt
--> /scratch/work/moisioa3/conv_lm/experiments/kaldi-am/tdnn/lang/baseline-nosp/phones/roots.int corresponds to /scratch/work/moisioa3/conv_lm/experiments/kaldi-am/tdnn/lang/baseline-nosp/phones/roots.txt
--> /scratch/work/moisioa3/conv_lm/experiments/kaldi-am/tdnn/lang/baseline-nosp/phones/roots.{txt, int} are OK

Checking /scratch/work/moisioa3/conv_lm/experiments/kaldi-am/tdnn/lang/baseline-nosp/phones/sets.{txt, int} ...
--> 26 entry/entries in /scratch/work/moisioa3/conv_lm/experiments/kaldi-am/tdnn/lang/baseline-nosp/phones/sets.txt
--> /scratch/work/moisioa3/conv_lm/experiments/kaldi-am/tdnn/lang/baseline-nosp/phones/sets.int corresponds to /scratch/work/moisioa3/conv_lm/experiments/kaldi-am/tdnn/lang/baseline-nosp/phones/sets.txt
--> /scratch/work/moisioa3/conv_lm/experiments/kaldi-am/tdnn/lang/baseline-nosp/phones/sets.{txt, int} are OK

Checking /scratch/work/moisioa3/conv_lm/experiments/kaldi-am/tdnn/lang/baseline-nosp/phones/extra_questions.{txt, int} ...
--> 11 entry/entries in /scratch/work/moisioa3/conv_lm/experiments/kaldi-am/tdnn/lang/baseline-nosp/phones/extra_questions.txt
--> /scratch/work/moisioa3/conv_lm/experiments/kaldi-am/tdnn/lang/baseline-nosp/phones/extra_questions.int corresponds to /scratch/work/moisioa3/conv_lm/experiments/kaldi-am/tdnn/lang/baseline-nosp/phones/extra_questions.txt
--> /scratch/work/moisioa3/conv_lm/experiments/kaldi-am/tdnn/lang/baseline-nosp/phones/extra_questions.{txt, int} are OK

Checking /scratch/work/moisioa3/conv_lm/experiments/kaldi-am/tdnn/lang/baseline-nosp/phones/word_boundary.{txt, int} ...
--> 107 entry/entries in /scratch/work/moisioa3/conv_lm/experiments/kaldi-am/tdnn/lang/baseline-nosp/phones/word_boundary.txt
--> /scratch/work/moisioa3/conv_lm/experiments/kaldi-am/tdnn/lang/baseline-nosp/phones/word_boundary.int corresponds to /scratch/work/moisioa3/conv_lm/experiments/kaldi-am/tdnn/lang/baseline-nosp/phones/word_boundary.txt
--> /scratch/work/moisioa3/conv_lm/experiments/kaldi-am/tdnn/lang/baseline-nosp/phones/word_boundary.{txt, int} are OK

Checking optional_silence.txt ...
--> reading /scratch/work/moisioa3/conv_lm/experiments/kaldi-am/tdnn/lang/baseline-nosp/phones/optional_silence.txt
--> /scratch/work/moisioa3/conv_lm/experiments/kaldi-am/tdnn/lang/baseline-nosp/phones/optional_silence.txt is OK

Checking disambiguation symbols: #0 and #1
--> /scratch/work/moisioa3/conv_lm/experiments/kaldi-am/tdnn/lang/baseline-nosp/phones/disambig.txt has "#0" and "#1"
--> /scratch/work/moisioa3/conv_lm/experiments/kaldi-am/tdnn/lang/baseline-nosp/phones/disambig.txt is OK

Checking topo ...
--> /scratch/work/moisioa3/conv_lm/experiments/kaldi-am/tdnn/lang/baseline-nosp/topo's nonsilence section is OK
--> /scratch/work/moisioa3/conv_lm/experiments/kaldi-am/tdnn/lang/baseline-nosp/topo's silence section is OK
--> /scratch/work/moisioa3/conv_lm/experiments/kaldi-am/tdnn/lang/baseline-nosp/topo is OK

Checking word_boundary.txt: silence.txt, nonsilence.txt, disambig.txt ...
--> /scratch/work/moisioa3/conv_lm/experiments/kaldi-am/tdnn/lang/baseline-nosp/phones/word_boundary.txt doesn't include disambiguation symbols
--> /scratch/work/moisioa3/conv_lm/experiments/kaldi-am/tdnn/lang/baseline-nosp/phones/word_boundary.txt is the union of nonsilence.txt and silence.txt
--> /scratch/work/moisioa3/conv_lm/experiments/kaldi-am/tdnn/lang/baseline-nosp/phones/word_boundary.txt is OK

Checking word_boundary.int and disambig.int
--> generating a 12 word sequence
--> resulting phone sequence from L.fst corresponds to the word sequence
--> L.fst is OK
--> generating a 16 word sequence
--> resulting phone sequence from L_disambig.fst corresponds to the word sequence
--> L_disambig.fst is OK

Checking /scratch/work/moisioa3/conv_lm/experiments/kaldi-am/tdnn/lang/baseline-nosp/oov.{txt, int} ...
--> 1 entry/entries in /scratch/work/moisioa3/conv_lm/experiments/kaldi-am/tdnn/lang/baseline-nosp/oov.txt
--> /scratch/work/moisioa3/conv_lm/experiments/kaldi-am/tdnn/lang/baseline-nosp/oov.int corresponds to /scratch/work/moisioa3/conv_lm/experiments/kaldi-am/tdnn/lang/baseline-nosp/oov.txt
--> /scratch/work/moisioa3/conv_lm/experiments/kaldi-am/tdnn/lang/baseline-nosp/oov.{txt, int} are OK

--> /scratch/work/moisioa3/conv_lm/experiments/kaldi-am/tdnn/lang/baseline-nosp/L.fst is olabel sorted
--> /scratch/work/moisioa3/conv_lm/experiments/kaldi-am/tdnn/lang/baseline-nosp/L_disambig.fst is olabel sorted
Checking word-level disambiguation symbols...
--> /scratch/work/moisioa3/conv_lm/experiments/kaldi-am/tdnn/lang/baseline-nosp/phones/wdisambig.txt exists (newer prepare_lang.sh)
--> /scratch/work/moisioa3/conv_lm/experiments/kaldi-am/tdnn/lang/baseline-nosp/G.fst is ilabel sorted
--> /scratch/work/moisioa3/conv_lm/experiments/kaldi-am/tdnn/lang/baseline-nosp/G.fst has 28606564 states
--> utils/lang/check_g_properties.pl successfully validated /scratch/work/moisioa3/conv_lm/experiments/kaldi-am/tdnn/lang/baseline-nosp/G.fst
--> utils/lang/check_g_properties.pl succeeded.
--> SUCCESS [validating lang directory /scratch/work/moisioa3/conv_lm/experiments/kaldi-am/tdnn/lang/baseline-nosp]
