EXPT_NAME kaldi-am
EXPT_PARAMS tdnn
EXPT_WORK_DIR /scratch/work/moisioa3/conv_lm/experiments/kaldi-am/tdnn
steps/train_lda_mllt.sh --cmd /scratch/work/moisioa3/conv_lm/experiments/kaldi-am/tdnn/utils/slurm.pl --mem 3G --time 1:00:00 --num-iters 13 --realign-iters  --splice-opts --left-context=3 --right-context=3 5000 10000 /scratch/work/moisioa3/conv_lm/experiments/kaldi-am/mmi/data/am-train /scratch/work/moisioa3/conv_lm/experiments/kaldi-am/mmi/lang/sp /scratch/work/moisioa3/conv_lm/experiments/kaldi-am/mmi/align/mmi /scratch/work/moisioa3/conv_lm/models/kaldi-mmi
Accumulating LDA statistics.
Accumulating tree stats
Getting questions for tree clustering.
Building the tree
steps/train_lda_mllt.sh: Initializing the model
Converting alignments from /scratch/work/moisioa3/conv_lm/experiments/kaldi-am/mmi/align/mmi to use current tree
Training pass 1
Training pass 2
Estimating MLLT
Training pass 3
Training pass 4
Estimating MLLT
Training pass 5
Training pass 6
Estimating MLLT
Training pass 7
Training pass 8
Training pass 9
Training pass 10
Training pass 11
Training pass 12
Estimating MLLT
1728 warnings in /scratch/work/moisioa3/conv_lm/models/kaldi-mmi/log/acc.*.*.log
23 warnings in /scratch/work/moisioa3/conv_lm/models/kaldi-mmi/log/init_model.log
1 warnings in /scratch/work/moisioa3/conv_lm/models/kaldi-mmi/log/build_tree.log
144 warnings in /scratch/work/moisioa3/conv_lm/models/kaldi-mmi/log/lda_acc.*.log
Done training system with LDA+MLLT features in /scratch/work/moisioa3/conv_lm/models/kaldi-mmi
steps/online/nnet2/train_diag_ubm.sh --nj 30 --cmd /scratch/work/moisioa3/conv_lm/experiments/kaldi-am/tdnn/utils/slurm.pl --mem 3G --time 1:00:00 --num-threads 16 --num-frames 400000 /scratch/work/moisioa3/conv_lm/experiments/kaldi-am/mmi/data/am-train 256 /scratch/work/moisioa3/conv_lm/models/kaldi-mmi /scratch/work/moisioa3/conv_lm/experiments/kaldi-am/tdnn/models/diag-ubm
steps/online/nnet2/train_diag_ubm.sh: initializing model from E-M in memory,
steps/online/nnet2/train_diag_ubm.sh: starting from 128 Gaussians, reaching 256;
steps/online/nnet2/train_diag_ubm.sh: for 20 iterations, using at most 400000 frames of data
Getting Gaussian-selection info
steps/online/nnet2/train_diag_ubm.sh: will train for 4 iterations, in parallel over
steps/online/nnet2/train_diag_ubm.sh: 30 machines, parallelized with '/scratch/work/moisioa3/conv_lm/experiments/kaldi-am/tdnn/utils/slurm.pl --mem 3G --time 1:00:00'
steps/online/nnet2/train_diag_ubm.sh: Training pass 0
steps/online/nnet2/train_diag_ubm.sh: Training pass 1
steps/online/nnet2/train_diag_ubm.sh: Training pass 2
steps/online/nnet2/train_diag_ubm.sh: Training pass 3