Experiment: morph/srilm-5-gram
Job ID: 55128633
Task ID: 
Host: csl48.int.triton.aalto.fi
Start date: Wed Aug 19 19:06:32 EEST 2020
Work directory: /scratch/work/moisioa3/conv_lm/experiments/morph/srilm-5-gram
Temporary directory: /tmp/55128633
tree-info /scratch/work/moisioa3/conv_lm/experiments/kaldi-am/chain/models/tdnn/tree 
tree-info /scratch/work/moisioa3/conv_lm/experiments/kaldi-am/chain/models/tdnn/tree 
fstdeterminizestar --use-log=true 
fstminimizeencoded 
fsttablecompose /scratch/work/moisioa3/conv_lm/experiments/morph/srilm-5-gram/lang/train-nosp/L_disambig.fst /scratch/work/moisioa3/conv_lm/experiments/morph/srilm-5-gram/lang/train-nosp/G.fst 
fstpushspecial 
fstisstochastic /scratch/work/moisioa3/conv_lm/experiments/morph/srilm-5-gram/lang/train-nosp/tmp/LG.fst 
-0.030707 -0.0316078
[info]: LG not stochastic.
fstcomposecontext --context-size=2 --central-position=1 --read-disambig-syms=/scratch/work/moisioa3/conv_lm/experiments/morph/srilm-5-gram/lang/train-nosp/phones/disambig.int --write-disambig-syms=/scratch/work/moisioa3/conv_lm/experiments/morph/srilm-5-gram/lang/train-nosp/tmp/disambig_ilabels_2_1.int /scratch/work/moisioa3/conv_lm/experiments/morph/srilm-5-gram/lang/train-nosp/tmp/ilabels_2_1.36726 /scratch/work/moisioa3/conv_lm/experiments/morph/srilm-5-gram/lang/train-nosp/tmp/LG.fst 
fstisstochastic /scratch/work/moisioa3/conv_lm/experiments/morph/srilm-5-gram/lang/train-nosp/tmp/CLG_2_1.fst 
-0.030707 -0.0316078
[info]: CLG not stochastic.
make-h-transducer --disambig-syms-out=/scratch/work/moisioa3/conv_lm/experiments/morph/srilm-5-gram/graph/disambig_tid.int --transition-scale=1.0 /scratch/work/moisioa3/conv_lm/experiments/morph/srilm-5-gram/lang/train-nosp/tmp/ilabels_2_1 /scratch/work/moisioa3/conv_lm/experiments/kaldi-am/chain/models/tdnn/tree /scratch/work/moisioa3/conv_lm/experiments/kaldi-am/chain/models/tdnn/final.mdl 
fsttablecompose /scratch/work/moisioa3/conv_lm/experiments/morph/srilm-5-gram/graph/Ha.fst /scratch/work/moisioa3/conv_lm/experiments/morph/srilm-5-gram/lang/train-nosp/tmp/CLG_2_1.fst 
fstdeterminizestar --use-log=true 
fstrmsymbols /scratch/work/moisioa3/conv_lm/experiments/morph/srilm-5-gram/graph/disambig_tid.int 
fstrmepslocal 
fstminimizeencoded 
fstisstochastic /scratch/work/moisioa3/conv_lm/experiments/morph/srilm-5-gram/graph/HCLGa.fst 
0.409266 -0.155273
HCLGa is not stochastic
add-self-loops --self-loop-scale=1.0 --reorder=true /scratch/work/moisioa3/conv_lm/experiments/kaldi-am/chain/models/tdnn/final.mdl /scratch/work/moisioa3/conv_lm/experiments/morph/srilm-5-gram/graph/HCLGa.fst 
fstisstochastic /scratch/work/moisioa3/conv_lm/experiments/morph/srilm-5-gram/graph/HCLG.fst 
0.18384 -0.124023
[info]: final HCLG is not stochastic.
