EXPT_NAME experiments
EXPT_PARAMS mmi
EXPT_WORK_DIR /scratch/work/moisioa3/conv_lm/experiments/mmi
Experiment: experiments/mmi
Job ID: 53308623
Task ID: 
Host: ivb16.int.triton.aalto.fi
Start date: Sun May 31 20:03:53 EEST 2020
Work directory: /scratch/work/moisioa3/conv_lm/experiments/mmi
Temporary directory: /tmp/53308623
/scratch/work/moisioa3/conv_lm/experiments/mmi/dict/nosp/vocab.txt :: /scratch/work/moisioa3/conv_lm/data/am-train/verbatim.trn
/scratch/work/moisioa3/conv_lm/experiments/mmi/dict/nosp/lexicon.txt :: /scratch/work/moisioa3/conv_lm/experiments/mmi/dict/nosp/vocab.txt
perl: warning: Setting locale failed.
perl: warning: Please check that your locale settings:
	LANGUAGE = (unset),
	LC_ALL = (unset),
	LANG = "en_GB.UTF-8"
    are supported and installed on your system.
perl: warning: Falling back to the standard locale ("C").
/scratch/work/moisioa3/conv_lm/experiments/mmi/dict/nosp/nonsilence_phones.txt :: /scratch/work/moisioa3/conv_lm/experiments/mmi/dict/nosp/lexicon.txt
/scratch/work/moisioa3/conv_lm/experiments/mmi/dict/nosp/silence_phones.txt
/scratch/work/moisioa3/conv_lm/experiments/mmi/dict/nosp/optional_silence.txt
/scratch/work/moisioa3/conv_lm/experiments/mmi/dict/nosp/extra_questions.txt :: /scratch/work/moisioa3/conv_lm/experiments/mmi/dict/nosp/<non>silence_phones.txt
perl: warning: Setting locale failed.
perl: warning: Please check that your locale settings:
	LANGUAGE = (unset),
	LC_ALL = (unset),
	LANG = "en_GB.UTF-8"
    are supported and installed on your system.
perl: warning: Falling back to the standard locale ("C").
