EXPT_NAME experiments
EXPT_PARAMS mmi
EXPT_WORK_DIR /scratch/work/moisioa3/conv_lm/experiments/mmi
Experiment: experiments/mmi
Job ID: 53308647
Task ID: 
Host: ivb16.int.triton.aalto.fi
Start date: Sun May 31 20:05:38 EEST 2020
Work directory: /scratch/work/moisioa3/conv_lm/experiments/mmi
Temporary directory: /tmp/53308647
Checking /scratch/work/moisioa3/conv_lm/experiments/mmi/dict/nosp/silence_phones.txt ...
--> reading /scratch/work/moisioa3/conv_lm/experiments/mmi/dict/nosp/silence_phones.txt
--> /scratch/work/moisioa3/conv_lm/experiments/mmi/dict/nosp/silence_phones.txt is OK

Checking /scratch/work/moisioa3/conv_lm/experiments/mmi/dict/nosp/optional_silence.txt ...
--> reading /scratch/work/moisioa3/conv_lm/experiments/mmi/dict/nosp/optional_silence.txt
--> /scratch/work/moisioa3/conv_lm/experiments/mmi/dict/nosp/optional_silence.txt is OK

Checking /scratch/work/moisioa3/conv_lm/experiments/mmi/dict/nosp/nonsilence_phones.txt ...
--> reading /scratch/work/moisioa3/conv_lm/experiments/mmi/dict/nosp/nonsilence_phones.txt
--> /scratch/work/moisioa3/conv_lm/experiments/mmi/dict/nosp/nonsilence_phones.txt is OK

Checking disjoint: silence_phones.txt, nonsilence_phones.txt
--> disjoint property is OK.

Checking /scratch/work/moisioa3/conv_lm/experiments/mmi/dict/nosp/lexicon.txt
--> reading /scratch/work/moisioa3/conv_lm/experiments/mmi/dict/nosp/lexicon.txt
--> /scratch/work/moisioa3/conv_lm/experiments/mmi/dict/nosp/lexicon.txt is OK

Checking /scratch/work/moisioa3/conv_lm/experiments/mmi/dict/nosp/extra_questions.txt ...
--> reading /scratch/work/moisioa3/conv_lm/experiments/mmi/dict/nosp/extra_questions.txt
--> /scratch/work/moisioa3/conv_lm/experiments/mmi/dict/nosp/extra_questions.txt is OK
--> SUCCESS [validating dictionary directory /scratch/work/moisioa3/conv_lm/experiments/mmi/dict/nosp]

**Creating /scratch/work/moisioa3/conv_lm/experiments/mmi/dict/nosp/lexiconp.txt from /scratch/work/moisioa3/conv_lm/experiments/mmi/dict/nosp/lexicon.txt
fstaddselfloops /scratch/work/moisioa3/conv_lm/experiments/mmi/lang/nosp/phones/wdisambig_phones.int /scratch/work/moisioa3/conv_lm/experiments/mmi/lang/nosp/phones/wdisambig_words.int 
prepare_lang.sh: validating output directory
Checking /scratch/work/moisioa3/conv_lm/experiments/mmi/lang/nosp/phones.txt ...
--> /scratch/work/moisioa3/conv_lm/experiments/mmi/lang/nosp/phones.txt is OK

Checking words.txt: #0 ...
--> /scratch/work/moisioa3/conv_lm/experiments/mmi/lang/nosp/words.txt is OK

Checking disjoint: silence.txt, nonsilence.txt, disambig.txt ...
--> silence.txt and nonsilence.txt are disjoint
--> silence.txt and disambig.txt are disjoint
--> disambig.txt and nonsilence.txt are disjoint
--> disjoint property is OK

Checking sumation: silence.txt, nonsilence.txt, disambig.txt ...
--> summation property is OK

Checking /scratch/work/moisioa3/conv_lm/experiments/mmi/lang/nosp/phones/context_indep.{txt, int, csl} ...
--> 15 entry/entries in /scratch/work/moisioa3/conv_lm/experiments/mmi/lang/nosp/phones/context_indep.txt
--> /scratch/work/moisioa3/conv_lm/experiments/mmi/lang/nosp/phones/context_indep.int corresponds to /scratch/work/moisioa3/conv_lm/experiments/mmi/lang/nosp/phones/context_indep.txt
--> /scratch/work/moisioa3/conv_lm/experiments/mmi/lang/nosp/phones/context_indep.csl corresponds to /scratch/work/moisioa3/conv_lm/experiments/mmi/lang/nosp/phones/context_indep.txt
--> /scratch/work/moisioa3/conv_lm/experiments/mmi/lang/nosp/phones/context_indep.{txt, int, csl} are OK

Checking /scratch/work/moisioa3/conv_lm/experiments/mmi/lang/nosp/phones/disambig.{txt, int, csl} ...
--> 4 entry/entries in /scratch/work/moisioa3/conv_lm/experiments/mmi/lang/nosp/phones/disambig.txt
--> /scratch/work/moisioa3/conv_lm/experiments/mmi/lang/nosp/phones/disambig.int corresponds to /scratch/work/moisioa3/conv_lm/experiments/mmi/lang/nosp/phones/disambig.txt
--> /scratch/work/moisioa3/conv_lm/experiments/mmi/lang/nosp/phones/disambig.csl corresponds to /scratch/work/moisioa3/conv_lm/experiments/mmi/lang/nosp/phones/disambig.txt
--> /scratch/work/moisioa3/conv_lm/experiments/mmi/lang/nosp/phones/disambig.{txt, int, csl} are OK

Checking /scratch/work/moisioa3/conv_lm/experiments/mmi/lang/nosp/phones/nonsilence.{txt, int, csl} ...
--> 92 entry/entries in /scratch/work/moisioa3/conv_lm/experiments/mmi/lang/nosp/phones/nonsilence.txt
--> /scratch/work/moisioa3/conv_lm/experiments/mmi/lang/nosp/phones/nonsilence.int corresponds to /scratch/work/moisioa3/conv_lm/experiments/mmi/lang/nosp/phones/nonsilence.txt
--> /scratch/work/moisioa3/conv_lm/experiments/mmi/lang/nosp/phones/nonsilence.csl corresponds to /scratch/work/moisioa3/conv_lm/experiments/mmi/lang/nosp/phones/nonsilence.txt
--> /scratch/work/moisioa3/conv_lm/experiments/mmi/lang/nosp/phones/nonsilence.{txt, int, csl} are OK

Checking /scratch/work/moisioa3/conv_lm/experiments/mmi/lang/nosp/phones/silence.{txt, int, csl} ...
--> 15 entry/entries in /scratch/work/moisioa3/conv_lm/experiments/mmi/lang/nosp/phones/silence.txt
--> /scratch/work/moisioa3/conv_lm/experiments/mmi/lang/nosp/phones/silence.int corresponds to /scratch/work/moisioa3/conv_lm/experiments/mmi/lang/nosp/phones/silence.txt
--> /scratch/work/moisioa3/conv_lm/experiments/mmi/lang/nosp/phones/silence.csl corresponds to /scratch/work/moisioa3/conv_lm/experiments/mmi/lang/nosp/phones/silence.txt
--> /scratch/work/moisioa3/conv_lm/experiments/mmi/lang/nosp/phones/silence.{txt, int, csl} are OK

Checking /scratch/work/moisioa3/conv_lm/experiments/mmi/lang/nosp/phones/optional_silence.{txt, int, csl} ...
--> 1 entry/entries in /scratch/work/moisioa3/conv_lm/experiments/mmi/lang/nosp/phones/optional_silence.txt
--> /scratch/work/moisioa3/conv_lm/experiments/mmi/lang/nosp/phones/optional_silence.int corresponds to /scratch/work/moisioa3/conv_lm/experiments/mmi/lang/nosp/phones/optional_silence.txt
--> /scratch/work/moisioa3/conv_lm/experiments/mmi/lang/nosp/phones/optional_silence.csl corresponds to /scratch/work/moisioa3/conv_lm/experiments/mmi/lang/nosp/phones/optional_silence.txt
--> /scratch/work/moisioa3/conv_lm/experiments/mmi/lang/nosp/phones/optional_silence.{txt, int, csl} are OK

Checking /scratch/work/moisioa3/conv_lm/experiments/mmi/lang/nosp/phones/roots.{txt, int} ...
--> 26 entry/entries in /scratch/work/moisioa3/conv_lm/experiments/mmi/lang/nosp/phones/roots.txt
--> /scratch/work/moisioa3/conv_lm/experiments/mmi/lang/nosp/phones/roots.int corresponds to /scratch/work/moisioa3/conv_lm/experiments/mmi/lang/nosp/phones/roots.txt
--> /scratch/work/moisioa3/conv_lm/experiments/mmi/lang/nosp/phones/roots.{txt, int} are OK

Checking /scratch/work/moisioa3/conv_lm/experiments/mmi/lang/nosp/phones/sets.{txt, int} ...
--> 26 entry/entries in /scratch/work/moisioa3/conv_lm/experiments/mmi/lang/nosp/phones/sets.txt
--> /scratch/work/moisioa3/conv_lm/experiments/mmi/lang/nosp/phones/sets.int corresponds to /scratch/work/moisioa3/conv_lm/experiments/mmi/lang/nosp/phones/sets.txt
--> /scratch/work/moisioa3/conv_lm/experiments/mmi/lang/nosp/phones/sets.{txt, int} are OK

Checking /scratch/work/moisioa3/conv_lm/experiments/mmi/lang/nosp/phones/extra_questions.{txt, int} ...
--> 11 entry/entries in /scratch/work/moisioa3/conv_lm/experiments/mmi/lang/nosp/phones/extra_questions.txt
--> /scratch/work/moisioa3/conv_lm/experiments/mmi/lang/nosp/phones/extra_questions.int corresponds to /scratch/work/moisioa3/conv_lm/experiments/mmi/lang/nosp/phones/extra_questions.txt
--> /scratch/work/moisioa3/conv_lm/experiments/mmi/lang/nosp/phones/extra_questions.{txt, int} are OK

Checking /scratch/work/moisioa3/conv_lm/experiments/mmi/lang/nosp/phones/word_boundary.{txt, int} ...
--> 107 entry/entries in /scratch/work/moisioa3/conv_lm/experiments/mmi/lang/nosp/phones/word_boundary.txt
--> /scratch/work/moisioa3/conv_lm/experiments/mmi/lang/nosp/phones/word_boundary.int corresponds to /scratch/work/moisioa3/conv_lm/experiments/mmi/lang/nosp/phones/word_boundary.txt
--> /scratch/work/moisioa3/conv_lm/experiments/mmi/lang/nosp/phones/word_boundary.{txt, int} are OK

Checking optional_silence.txt ...
--> reading /scratch/work/moisioa3/conv_lm/experiments/mmi/lang/nosp/phones/optional_silence.txt
--> /scratch/work/moisioa3/conv_lm/experiments/mmi/lang/nosp/phones/optional_silence.txt is OK

Checking disambiguation symbols: #0 and #1
--> /scratch/work/moisioa3/conv_lm/experiments/mmi/lang/nosp/phones/disambig.txt has "#0" and "#1"
--> /scratch/work/moisioa3/conv_lm/experiments/mmi/lang/nosp/phones/disambig.txt is OK

Checking topo ...
--> /scratch/work/moisioa3/conv_lm/experiments/mmi/lang/nosp/topo's nonsilence section is OK
--> /scratch/work/moisioa3/conv_lm/experiments/mmi/lang/nosp/topo's silence section is OK
--> /scratch/work/moisioa3/conv_lm/experiments/mmi/lang/nosp/topo is OK

Checking word_boundary.txt: silence.txt, nonsilence.txt, disambig.txt ...
--> /scratch/work/moisioa3/conv_lm/experiments/mmi/lang/nosp/phones/word_boundary.txt doesn't include disambiguation symbols
--> /scratch/work/moisioa3/conv_lm/experiments/mmi/lang/nosp/phones/word_boundary.txt is the union of nonsilence.txt and silence.txt
--> /scratch/work/moisioa3/conv_lm/experiments/mmi/lang/nosp/phones/word_boundary.txt is OK

Checking word_boundary.int and disambig.int
--> generating a 52 word sequence
--> resulting phone sequence from L.fst corresponds to the word sequence
--> L.fst is OK
--> generating a 32 word sequence
--> resulting phone sequence from L_disambig.fst corresponds to the word sequence
--> L_disambig.fst is OK

Checking /scratch/work/moisioa3/conv_lm/experiments/mmi/lang/nosp/oov.{txt, int} ...
--> 1 entry/entries in /scratch/work/moisioa3/conv_lm/experiments/mmi/lang/nosp/oov.txt
--> /scratch/work/moisioa3/conv_lm/experiments/mmi/lang/nosp/oov.int corresponds to /scratch/work/moisioa3/conv_lm/experiments/mmi/lang/nosp/oov.txt
--> /scratch/work/moisioa3/conv_lm/experiments/mmi/lang/nosp/oov.{txt, int} are OK

--> /scratch/work/moisioa3/conv_lm/experiments/mmi/lang/nosp/L.fst is olabel sorted
--> /scratch/work/moisioa3/conv_lm/experiments/mmi/lang/nosp/L_disambig.fst is olabel sorted
Checking word-level disambiguation symbols...
--> /scratch/work/moisioa3/conv_lm/experiments/mmi/lang/nosp/phones/wdisambig.txt exists (newer prepare_lang.sh)
--> SUCCESS [validating lang directory /scratch/work/moisioa3/conv_lm/experiments/mmi/lang/nosp]
