EXPT_NAME experiments
EXPT_PARAMS mmi
EXPT_WORK_DIR /scratch/work/moisioa3/conv_lm/experiments/mmi
Experiment: experiments/mmi
Job ID: 53321439
Task ID: 
Host: wsm33
Start date: Mon  1 Jun 00:37:36 EEST 2020
Work directory: /scratch/work/moisioa3/conv_lm/experiments/mmi
Temporary directory: /tmp/53321439
make-h-transducer --disambig-syms-out=/scratch/work/moisioa3/conv_lm/experiments/mmi/models/tri2/graph-train-nosp/disambig_tid.int --transition-scale=1.0 /scratch/work/moisioa3/conv_lm/experiments/mmi/lang/train-nosp/tmp/ilabels_3_1 /scratch/work/moisioa3/conv_lm/experiments/mmi/models/tri2/tree /scratch/work/moisioa3/conv_lm/experiments/mmi/models/tri2/final.mdl 
fstminimizeencoded 
fsttablecompose /scratch/work/moisioa3/conv_lm/experiments/mmi/models/tri2/graph-train-nosp/Ha.fst /scratch/work/moisioa3/conv_lm/experiments/mmi/lang/train-nosp/tmp/CLG_3_1.fst 
fstdeterminizestar --use-log=true 
fstrmepslocal 
fstrmsymbols /scratch/work/moisioa3/conv_lm/experiments/mmi/models/tri2/graph-train-nosp/disambig_tid.int 
fstisstochastic /scratch/work/moisioa3/conv_lm/experiments/mmi/models/tri2/graph-train-nosp/HCLGa.fst 
0.352891 -0.0440672
HCLGa is not stochastic
add-self-loops --self-loop-scale=0.1 --reorder=true /scratch/work/moisioa3/conv_lm/experiments/mmi/models/tri2/final.mdl 
mkgraph.sh finished.
