# Running on skl33.int.triton.aalto.fi
# Started at Wed Jun 17 10:49:34 EEST 2020
# SLURMD_NODENAME=skl33
# SLURM_ARRAY_JOB_ID=53989599
# SLURM_ARRAY_TASK_COUNT=40
# SLURM_ARRAY_TASK_ID=21
# SLURM_ARRAY_TASK_MAX=40
# SLURM_ARRAY_TASK_MIN=1
# SLURM_ARRAY_TASK_STEP=1
# SLURM_CHECKPOINT_IMAGE_DIR=/var/slurm/checkpoint
# SLURM_CLUSTER_NAME=triton
# SLURM_CPUS_ON_NODE=1
# SLURM_EXPORT_ENV=PATH,LIBRARY_PATH,LD_LIBRARY_PATH,CUDA_HOME,CUDA_PATH,PYTHONPATH
# SLURM_GET_USER_ENV=1
# SLURM_GTIDS=0
# SLURM_JOBID=53989624
# SLURM_JOB_ACCOUNT=elec
# SLURM_JOB_CPUS_PER_NODE=1
# SLURM_JOB_GID=1026695
# SLURM_JOB_ID=53989624
# SLURM_JOB_NAME=post.sh
# SLURM_JOB_NODELIST=skl33
# SLURM_JOB_NUM_NODES=1
# SLURM_JOB_PARTITION=batch-skl
# SLURM_JOB_QOS=normal
# SLURM_JOB_UID=1026695
# SLURM_JOB_USER=moisioa3
# SLURM_LOCALID=0
# SLURM_MEM_PER_CPU=3072
# SLURM_NNODES=1
# SLURM_NODEID=0
# SLURM_NODELIST=skl33
# SLURM_NODE_ALIASES='(null)'
# SLURM_OPEN_MODE=a
# SLURM_PRIO_PROCESS=0
# SLURM_PROCID=0
# SLURM_SUBMIT_DIR=/scratch/work/moisioa3/conv_lm/experiments/kaldi-am/chain
# SLURM_SUBMIT_HOST=login2.triton.aalto.fi
# SLURM_TASKS_PER_NODE=1
# SLURM_TASK_PID=40645
# SLURM_TOPOLOGY_ADDR=s0-0..s1-6.skl33
# SLURM_TOPOLOGY_ADDR_PATTERN=switch.switch.switch.node
# SLURM_WORKING_CLUSTER=triton:install2.int.triton.aalto.fi:6817:8448
# gmm-global-get-post --n=5 --min-post=0.025 /scratch/work/moisioa3/conv_lm/experiments/kaldi-am/chain/ivectors/extractor/final.dubm "ark,s,cs:apply-cmvn-online --config=/scratch/work/moisioa3/conv_lm/experiments/kaldi-am/chain/ivectors/extractor/online_cmvn.conf /scratch/work/moisioa3/conv_lm/experiments/kaldi-am/chain/ivectors/extractor/global_cmvn.stats scp:/scratch/work/moisioa3/conv_lm/experiments/kaldi-am/mmi/data/am-train/split40/21/feats.scp ark:- | splice-feats --left-context=3 --right-context=3 ark:- ark:- | transform-feats /scratch/work/moisioa3/conv_lm/experiments/kaldi-am/chain/ivectors/extractor/final.mat ark:- ark:- | subsample-feats --n=2 ark:- ark:- |" ark:- | scale-post ark:- 0.2 "ark:|gzip -c >/scratch/work/moisioa3/conv_lm/experiments/kaldi-am/chain/ivectors/extractor/post.21.gz" 
scale-post ark:- 0.2 'ark:|gzip -c >/scratch/work/moisioa3/conv_lm/experiments/kaldi-am/chain/ivectors/extractor/post.21.gz' 
gmm-global-get-post --n=5 --min-post=0.025 /scratch/work/moisioa3/conv_lm/experiments/kaldi-am/chain/ivectors/extractor/final.dubm 'ark,s,cs:apply-cmvn-online --config=/scratch/work/moisioa3/conv_lm/experiments/kaldi-am/chain/ivectors/extractor/online_cmvn.conf /scratch/work/moisioa3/conv_lm/experiments/kaldi-am/chain/ivectors/extractor/global_cmvn.stats scp:/scratch/work/moisioa3/conv_lm/experiments/kaldi-am/mmi/data/am-train/split40/21/feats.scp ark:- | splice-feats --left-context=3 --right-context=3 ark:- ark:- | transform-feats /scratch/work/moisioa3/conv_lm/experiments/kaldi-am/chain/ivectors/extractor/final.mat ark:- ark:- | subsample-feats --n=2 ark:- ark:- |' ark:- 
subsample-feats --n=2 ark:- ark:- 
transform-feats /scratch/work/moisioa3/conv_lm/experiments/kaldi-am/chain/ivectors/extractor/final.mat ark:- ark:- 
splice-feats --left-context=3 --right-context=3 ark:- ark:- 
apply-cmvn-online --config=/scratch/work/moisioa3/conv_lm/experiments/kaldi-am/chain/ivectors/extractor/online_cmvn.conf /scratch/work/moisioa3/conv_lm/experiments/kaldi-am/chain/ivectors/extractor/global_cmvn.stats scp:/scratch/work/moisioa3/conv_lm/experiments/kaldi-am/mmi/data/am-train/split40/21/feats.scp ark:- 
LOG (apply-cmvn-online[5.5.433~1-7637d]:main():apply-cmvn-online.cc:135) Applied online CMVN to 420 files, or 262726 frames.
LOG (transform-feats[5.5.433~1-7637d]:main():transform-feats.cc:158) Overall average [pseudo-]logdet is -92.858 over 262726 frames.
LOG (transform-feats[5.5.433~1-7637d]:main():transform-feats.cc:161) Applied transform to 210 utterances; 0 had errors.
LOG (subsample-feats[5.5.433~1-7637d]:main():subsample-feats.cc:115) Processed 210 feature matrices; 0 with errors.
LOG (subsample-feats[5.5.433~1-7637d]:main():subsample-feats.cc:117) Processed 262726 input frames and 131415 output frames.
LOG (gmm-global-get-post[5.5.433~1-7637d]:main():gmm-global-get-post.cc:115) Done 210 files, 0 with errors, average UBM log-likelihood is -49.5956 over 131415 frames.
LOG (scale-post[5.5.433~1-7637d]:main():scale-post.cc:79) Done 210 posteriors;  0 had no scales.
# Accounting: begin_time=1592380174
# Accounting: end_time=1592380176
# Accounting: time=2 threads=1
# Finished at Wed Jun 17 10:49:36 EEST 2020 with status 0
