Experiment: morph/D=0.001-D2=0.002-cutoffs001-n=5
Job ID: 55136344
Task ID: 37
Host: gpu27.int.triton.aalto.fi
Start date: Fri Aug 21 11:56:30 EEST 2020
Work directory: /scratch/work/moisioa3/conv_lm/experiments/morph/D=0.001-D2=0.002-cutoffs001-n=5
Temporary directory: /tmp/55136344

Currently Loaded Modules:
  1) speech-scripts/2016.05.24-b928230   6) binutils/2.25-GCCcore-5.4.0
  2) srilm/default                       7) GCC/5.4.0-2.25
  3) cuda/10.0.130                       8) libgpuarray/2017.03.29-45c731f
  4) cudnn/7.4.2-cuda                    9) anaconda3/latest
  5) GCCcore/5.4.0

 

/tmp/55136344/lattices
floatX=float32,device=cuda0,base_compiledir=/tmp/theano,exception_verbosity=high,openmp=False
/scratch/work/groszt1/envs/theanoLM/lib/python3.7/site-packages/theano/gpuarray/dnn.py:184: UserWarning: Your cuDNN version is more recent than Theano. If you encounter problems, try updating Theano or downgrading cuDNN to a version >= v5 and <= v7.
  warnings.warn("Your cuDNN version is more recent than "
Using cuDNN version 7600 on context None
Mapped name None to device cuda0: Tesla P100-PCIE-16GB (0000:82:00.0)
TheanoLM 1.3.2
Theano 1.0.4
pygpu 0.7.6
==
+ srun --gres=gpu:1 theanolm decode /scratch/work/moisioa3/conv_lm/experiments/morph/D=0.001-D2=0.002-cutoffs001-n=5/nnlm.h5 --lattice-list /tmp/55136344/lattices/lattice-list --output-file /scratch/work/moisioa3/conv_lm/experiments/morph/D=0.001-D2=0.002-cutoffs001-n=5/decode/devel/lambda=0.5-lms=9/37.trn --output trn --nnlm-weight 0.5 --lm-scale 9 --max-tokens-per-node 62 --beam 650 --recombination-order 22 --num-jobs 128 --job 37 --unk-penalty=-20
2020-08-21 11:56:42,079 get_default_device: Context None device="Tesla P100-PCIE-16GB" ID="0000:82:00.0"
2020-08-21 11:56:42,080 from_file: Reading vocabulary from network state.
2020-08-21 11:56:42,324 from_file: Number of words in vocabulary: 42699
2020-08-21 11:56:42,324 from_file: Number of words in shortlist: 42699
2020-08-21 11:56:42,324 from_file: Number of word classes: 42699
2020-08-21 11:56:42,324 from_file: Building neural network.
2020-08-21 11:57:28,284 from_file: Restoring neural network state.
2020-08-21 11:57:28,639 decode: Building word lattice decoder.
2020-08-21 11:57:33,783 __iter__: Reading lattice file `/tmp/55136344/lattices/dspf007_dsp2013_18.lat.gz´.
2020-08-21 11:57:34,341 decode: Utterance `dspf007_dsp2013_18´ -- 1 of job 37
2020-08-21 12:00:24,865 __iter__: Reading lattice file `/tmp/55136344/lattices/dspm010_dsp2013_24.lat.gz´.
2020-08-21 12:00:28,607 decode: Utterance `dspm010_dsp2013_24´ -- 2 of job 37
2020-08-21 12:02:26,348 __iter__: Reading lattice file `/tmp/55136344/lattices/dspm019_dsp2013_14.lat.gz´.
2020-08-21 12:02:26,477 decode: Utterance `dspm019_dsp2013_14´ -- 3 of job 37
2020-08-21 12:02:28,988 __iter__: Reading lattice file `/tmp/55136344/lattices/dspm028_dsp2013_04.lat.gz´.
2020-08-21 12:02:29,092 decode: Utterance `dspm028_dsp2013_04´ -- 4 of job 37
2020-08-21 12:02:31,570 __iter__: Reading lattice file `/tmp/55136344/lattices/dspm039_dsp2013_04.lat.gz´.
2020-08-21 12:02:31,616 decode: Utterance `dspm039_dsp2013_04´ -- 5 of job 37
2020-08-21 12:02:33,369 __iter__: Reading lattice file `/tmp/55136344/lattices/dspm048_dsp2013_02.lat.gz´.
2020-08-21 12:02:33,491 decode: Utterance `dspm048_dsp2013_02´ -- 6 of job 37
2020-08-21 12:02:35,853 __iter__: Reading lattice file `/tmp/55136344/lattices/dspm056_dsp2013_06.lat.gz´.
2020-08-21 12:02:35,999 decode: Utterance `dspm056_dsp2013_06´ -- 7 of job 37
2020-08-21 12:02:39,414 __iter__: Reading lattice file `/tmp/55136344/lattices/radionoona_fym20071218_15.lat.gz´.
2020-08-21 12:02:39,460 decode: Utterance `radionoona_fym20071218_15´ -- 8 of job 37
/scratch/work/groszt1/envs/theanoLM/lib/python3.7/site-packages/theano/gpuarray/dnn.py:184: UserWarning: Your cuDNN version is more recent than Theano. If you encounter problems, try updating Theano or downgrading cuDNN to a version >= v5 and <= v7.
  warnings.warn("Your cuDNN version is more recent than "
Using cuDNN version 7600 on context None
Mapped name None to device cuda0: Tesla P100-PCIE-16GB (0000:82:00.0)
/scratch/work/groszt1/envs/theanoLM/lib/python3.7/site-packages/h5py-2.9.0-py3.7-linux-x86_64.egg/h5py/_hl/dataset.py:313: H5pyDeprecationWarning: dataset.value has been deprecated. Use dataset[()] instead.
  "Use dataset[()] instead.", H5pyDeprecationWarning)
/scratch/work/groszt1/envs/theanoLM/lib/python3.7/site-packages/h5py-2.9.0-py3.7-linux-x86_64.egg/h5py/_hl/dataset.py:313: H5pyDeprecationWarning: dataset.value has been deprecated. Use dataset[()] instead.
  "Use dataset[()] instead.", H5pyDeprecationWarning)
decode_theanolm finished.
/tmp/55136344/lattices
floatX=float32,device=cuda0,base_compiledir=/tmp/theano,exception_verbosity=high,openmp=False
/scratch/work/groszt1/envs/theanoLM/lib/python3.7/site-packages/theano/gpuarray/dnn.py:184: UserWarning: Your cuDNN version is more recent than Theano. If you encounter problems, try updating Theano or downgrading cuDNN to a version >= v5 and <= v7.
  warnings.warn("Your cuDNN version is more recent than "
Using cuDNN version 7600 on context None
Mapped name None to device cuda0: Tesla P100-PCIE-16GB (0000:82:00.0)
TheanoLM 1.3.2
Theano 1.0.4
pygpu 0.7.6
==
+ srun --gres=gpu:1 theanolm decode /scratch/work/moisioa3/conv_lm/experiments/morph/D=0.001-D2=0.002-cutoffs001-n=5/nnlm.h5 --lattice-list /tmp/55136344/lattices/lattice-list --output-file /scratch/work/moisioa3/conv_lm/experiments/morph/D=0.001-D2=0.002-cutoffs001-n=5/decode/devel/lambda=0.5-lms=10/37.trn --output trn --nnlm-weight 0.5 --lm-scale 10 --max-tokens-per-node 62 --beam 650 --recombination-order 22 --num-jobs 128 --job 37 --unk-penalty=-20
2020-08-21 12:02:48,343 get_default_device: Context None device="Tesla P100-PCIE-16GB" ID="0000:82:00.0"
2020-08-21 12:02:48,344 from_file: Reading vocabulary from network state.
2020-08-21 12:02:48,609 from_file: Number of words in vocabulary: 42699
2020-08-21 12:02:48,609 from_file: Number of words in shortlist: 42699
2020-08-21 12:02:48,610 from_file: Number of word classes: 42699
2020-08-21 12:02:48,610 from_file: Building neural network.
2020-08-21 12:03:32,591 from_file: Restoring neural network state.
2020-08-21 12:03:33,005 decode: Building word lattice decoder.
2020-08-21 12:03:38,925 __iter__: Reading lattice file `/tmp/55136344/lattices/dspf007_dsp2013_18.lat.gz´.
2020-08-21 12:03:39,524 decode: Utterance `dspf007_dsp2013_18´ -- 1 of job 37
2020-08-21 12:03:59,559 __iter__: Reading lattice file `/tmp/55136344/lattices/dspm010_dsp2013_24.lat.gz´.
2020-08-21 12:04:03,268 decode: Utterance `dspm010_dsp2013_24´ -- 2 of job 37
2020-08-21 12:06:02,275 __iter__: Reading lattice file `/tmp/55136344/lattices/dspm019_dsp2013_14.lat.gz´.
2020-08-21 12:06:02,397 decode: Utterance `dspm019_dsp2013_14´ -- 3 of job 37
2020-08-21 12:06:04,888 __iter__: Reading lattice file `/tmp/55136344/lattices/dspm028_dsp2013_04.lat.gz´.
2020-08-21 12:06:04,991 decode: Utterance `dspm028_dsp2013_04´ -- 4 of job 37
2020-08-21 12:06:07,694 __iter__: Reading lattice file `/tmp/55136344/lattices/dspm039_dsp2013_04.lat.gz´.
2020-08-21 12:06:07,739 decode: Utterance `dspm039_dsp2013_04´ -- 5 of job 37
2020-08-21 12:06:09,572 __iter__: Reading lattice file `/tmp/55136344/lattices/dspm048_dsp2013_02.lat.gz´.
2020-08-21 12:06:09,697 decode: Utterance `dspm048_dsp2013_02´ -- 6 of job 37
2020-08-21 12:06:12,143 __iter__: Reading lattice file `/tmp/55136344/lattices/dspm056_dsp2013_06.lat.gz´.
2020-08-21 12:06:12,294 decode: Utterance `dspm056_dsp2013_06´ -- 7 of job 37
2020-08-21 12:06:15,939 __iter__: Reading lattice file `/tmp/55136344/lattices/radionoona_fym20071218_15.lat.gz´.
2020-08-21 12:06:15,985 decode: Utterance `radionoona_fym20071218_15´ -- 8 of job 37
/scratch/work/groszt1/envs/theanoLM/lib/python3.7/site-packages/theano/gpuarray/dnn.py:184: UserWarning: Your cuDNN version is more recent than Theano. If you encounter problems, try updating Theano or downgrading cuDNN to a version >= v5 and <= v7.
  warnings.warn("Your cuDNN version is more recent than "
Using cuDNN version 7600 on context None
Mapped name None to device cuda0: Tesla P100-PCIE-16GB (0000:82:00.0)
/scratch/work/groszt1/envs/theanoLM/lib/python3.7/site-packages/h5py-2.9.0-py3.7-linux-x86_64.egg/h5py/_hl/dataset.py:313: H5pyDeprecationWarning: dataset.value has been deprecated. Use dataset[()] instead.
  "Use dataset[()] instead.", H5pyDeprecationWarning)
/scratch/work/groszt1/envs/theanoLM/lib/python3.7/site-packages/h5py-2.9.0-py3.7-linux-x86_64.egg/h5py/_hl/dataset.py:313: H5pyDeprecationWarning: dataset.value has been deprecated. Use dataset[()] instead.
  "Use dataset[()] instead.", H5pyDeprecationWarning)
decode_theanolm finished.
/tmp/55136344/lattices
floatX=float32,device=cuda0,base_compiledir=/tmp/theano,exception_verbosity=high,openmp=False
/scratch/work/groszt1/envs/theanoLM/lib/python3.7/site-packages/theano/gpuarray/dnn.py:184: UserWarning: Your cuDNN version is more recent than Theano. If you encounter problems, try updating Theano or downgrading cuDNN to a version >= v5 and <= v7.
  warnings.warn("Your cuDNN version is more recent than "
Using cuDNN version 7600 on context None
Mapped name None to device cuda0: Tesla P100-PCIE-16GB (0000:82:00.0)
TheanoLM 1.3.2
Theano 1.0.4
pygpu 0.7.6
==
+ srun --gres=gpu:1 theanolm decode /scratch/work/moisioa3/conv_lm/experiments/morph/D=0.001-D2=0.002-cutoffs001-n=5/nnlm.h5 --lattice-list /tmp/55136344/lattices/lattice-list --output-file /scratch/work/moisioa3/conv_lm/experiments/morph/D=0.001-D2=0.002-cutoffs001-n=5/decode/devel/lambda=0.5-lms=11/37.trn --output trn --nnlm-weight 0.5 --lm-scale 11 --max-tokens-per-node 62 --beam 650 --recombination-order 22 --num-jobs 128 --job 37 --unk-penalty=-20
2020-08-21 12:06:26,237 get_default_device: Context None device="Tesla P100-PCIE-16GB" ID="0000:82:00.0"
2020-08-21 12:06:26,239 from_file: Reading vocabulary from network state.
2020-08-21 12:06:26,496 from_file: Number of words in vocabulary: 42699
2020-08-21 12:06:26,496 from_file: Number of words in shortlist: 42699
2020-08-21 12:06:26,496 from_file: Number of word classes: 42699
2020-08-21 12:06:26,496 from_file: Building neural network.
2020-08-21 12:07:10,284 from_file: Restoring neural network state.
2020-08-21 12:07:10,645 decode: Building word lattice decoder.
2020-08-21 12:07:16,236 __iter__: Reading lattice file `/tmp/55136344/lattices/dspf007_dsp2013_18.lat.gz´.
2020-08-21 12:07:16,823 decode: Utterance `dspf007_dsp2013_18´ -- 1 of job 37
2020-08-21 12:07:36,573 __iter__: Reading lattice file `/tmp/55136344/lattices/dspm010_dsp2013_24.lat.gz´.
2020-08-21 12:07:40,350 decode: Utterance `dspm010_dsp2013_24´ -- 2 of job 37
2020-08-21 12:09:37,742 __iter__: Reading lattice file `/tmp/55136344/lattices/dspm019_dsp2013_14.lat.gz´.
2020-08-21 12:09:37,876 decode: Utterance `dspm019_dsp2013_14´ -- 3 of job 37
2020-08-21 12:09:40,483 __iter__: Reading lattice file `/tmp/55136344/lattices/dspm028_dsp2013_04.lat.gz´.
2020-08-21 12:09:40,594 decode: Utterance `dspm028_dsp2013_04´ -- 4 of job 37
2020-08-21 12:09:43,284 __iter__: Reading lattice file `/tmp/55136344/lattices/dspm039_dsp2013_04.lat.gz´.
2020-08-21 12:09:43,331 decode: Utterance `dspm039_dsp2013_04´ -- 5 of job 37
2020-08-21 12:09:45,162 __iter__: Reading lattice file `/tmp/55136344/lattices/dspm048_dsp2013_02.lat.gz´.
2020-08-21 12:09:45,287 decode: Utterance `dspm048_dsp2013_02´ -- 6 of job 37
2020-08-21 12:09:47,797 __iter__: Reading lattice file `/tmp/55136344/lattices/dspm056_dsp2013_06.lat.gz´.
2020-08-21 12:09:47,948 decode: Utterance `dspm056_dsp2013_06´ -- 7 of job 37
2020-08-21 12:09:51,514 __iter__: Reading lattice file `/tmp/55136344/lattices/radionoona_fym20071218_15.lat.gz´.
2020-08-21 12:09:51,563 decode: Utterance `radionoona_fym20071218_15´ -- 8 of job 37
/scratch/work/groszt1/envs/theanoLM/lib/python3.7/site-packages/theano/gpuarray/dnn.py:184: UserWarning: Your cuDNN version is more recent than Theano. If you encounter problems, try updating Theano or downgrading cuDNN to a version >= v5 and <= v7.
  warnings.warn("Your cuDNN version is more recent than "
Using cuDNN version 7600 on context None
Mapped name None to device cuda0: Tesla P100-PCIE-16GB (0000:82:00.0)
/scratch/work/groszt1/envs/theanoLM/lib/python3.7/site-packages/h5py-2.9.0-py3.7-linux-x86_64.egg/h5py/_hl/dataset.py:313: H5pyDeprecationWarning: dataset.value has been deprecated. Use dataset[()] instead.
  "Use dataset[()] instead.", H5pyDeprecationWarning)
/scratch/work/groszt1/envs/theanoLM/lib/python3.7/site-packages/h5py-2.9.0-py3.7-linux-x86_64.egg/h5py/_hl/dataset.py:313: H5pyDeprecationWarning: dataset.value has been deprecated. Use dataset[()] instead.
  "Use dataset[()] instead.", H5pyDeprecationWarning)
decode_theanolm finished.
/tmp/55136344/lattices
floatX=float32,device=cuda0,base_compiledir=/tmp/theano,exception_verbosity=high,openmp=False
/scratch/work/groszt1/envs/theanoLM/lib/python3.7/site-packages/theano/gpuarray/dnn.py:184: UserWarning: Your cuDNN version is more recent than Theano. If you encounter problems, try updating Theano or downgrading cuDNN to a version >= v5 and <= v7.
  warnings.warn("Your cuDNN version is more recent than "
Using cuDNN version 7600 on context None
Mapped name None to device cuda0: Tesla P100-PCIE-16GB (0000:82:00.0)
TheanoLM 1.3.2
Theano 1.0.4
pygpu 0.7.6
==
+ srun --gres=gpu:1 theanolm decode /scratch/work/moisioa3/conv_lm/experiments/morph/D=0.001-D2=0.002-cutoffs001-n=5/nnlm.h5 --lattice-list /tmp/55136344/lattices/lattice-list --output-file /scratch/work/moisioa3/conv_lm/experiments/morph/D=0.001-D2=0.002-cutoffs001-n=5/decode/devel/lambda=1.0-lms=9/37.trn --output trn --nnlm-weight 1.0 --lm-scale 9 --max-tokens-per-node 62 --beam 650 --recombination-order 22 --num-jobs 128 --job 37 --unk-penalty=-20
2020-08-21 12:10:00,924 get_default_device: Context None device="Tesla P100-PCIE-16GB" ID="0000:82:00.0"
2020-08-21 12:10:00,925 from_file: Reading vocabulary from network state.
2020-08-21 12:10:01,187 from_file: Number of words in vocabulary: 42699
2020-08-21 12:10:01,188 from_file: Number of words in shortlist: 42699
2020-08-21 12:10:01,188 from_file: Number of word classes: 42699
2020-08-21 12:10:01,188 from_file: Building neural network.
2020-08-21 12:10:46,386 from_file: Restoring neural network state.
2020-08-21 12:10:46,784 decode: Building word lattice decoder.
2020-08-21 12:10:52,280 __iter__: Reading lattice file `/tmp/55136344/lattices/dspf007_dsp2013_18.lat.gz´.
2020-08-21 12:10:52,856 decode: Utterance `dspf007_dsp2013_18´ -- 1 of job 37
2020-08-21 12:11:08,508 __iter__: Reading lattice file `/tmp/55136344/lattices/dspm010_dsp2013_24.lat.gz´.
2020-08-21 12:11:12,198 decode: Utterance `dspm010_dsp2013_24´ -- 2 of job 37
2020-08-21 12:12:54,250 __iter__: Reading lattice file `/tmp/55136344/lattices/dspm019_dsp2013_14.lat.gz´.
2020-08-21 12:12:54,381 decode: Utterance `dspm019_dsp2013_14´ -- 3 of job 37
2020-08-21 12:12:57,018 __iter__: Reading lattice file `/tmp/55136344/lattices/dspm028_dsp2013_04.lat.gz´.
2020-08-21 12:12:57,126 decode: Utterance `dspm028_dsp2013_04´ -- 4 of job 37
2020-08-21 12:12:59,475 __iter__: Reading lattice file `/tmp/55136344/lattices/dspm039_dsp2013_04.lat.gz´.
2020-08-21 12:12:59,521 decode: Utterance `dspm039_dsp2013_04´ -- 5 of job 37
2020-08-21 12:13:01,356 __iter__: Reading lattice file `/tmp/55136344/lattices/dspm048_dsp2013_02.lat.gz´.
2020-08-21 12:13:01,479 decode: Utterance `dspm048_dsp2013_02´ -- 6 of job 37
2020-08-21 12:13:03,958 __iter__: Reading lattice file `/tmp/55136344/lattices/dspm056_dsp2013_06.lat.gz´.
2020-08-21 12:13:04,110 decode: Utterance `dspm056_dsp2013_06´ -- 7 of job 37
2020-08-21 12:13:07,523 __iter__: Reading lattice file `/tmp/55136344/lattices/radionoona_fym20071218_15.lat.gz´.
2020-08-21 12:13:07,569 decode: Utterance `radionoona_fym20071218_15´ -- 8 of job 37
/scratch/work/groszt1/envs/theanoLM/lib/python3.7/site-packages/theano/gpuarray/dnn.py:184: UserWarning: Your cuDNN version is more recent than Theano. If you encounter problems, try updating Theano or downgrading cuDNN to a version >= v5 and <= v7.
  warnings.warn("Your cuDNN version is more recent than "
Using cuDNN version 7600 on context None
Mapped name None to device cuda0: Tesla P100-PCIE-16GB (0000:82:00.0)
/scratch/work/groszt1/envs/theanoLM/lib/python3.7/site-packages/h5py-2.9.0-py3.7-linux-x86_64.egg/h5py/_hl/dataset.py:313: H5pyDeprecationWarning: dataset.value has been deprecated. Use dataset[()] instead.
  "Use dataset[()] instead.", H5pyDeprecationWarning)
/scratch/work/groszt1/envs/theanoLM/lib/python3.7/site-packages/h5py-2.9.0-py3.7-linux-x86_64.egg/h5py/_hl/dataset.py:313: H5pyDeprecationWarning: dataset.value has been deprecated. Use dataset[()] instead.
  "Use dataset[()] instead.", H5pyDeprecationWarning)
decode_theanolm finished.
/tmp/55136344/lattices
floatX=float32,device=cuda0,base_compiledir=/tmp/theano,exception_verbosity=high,openmp=False
/scratch/work/groszt1/envs/theanoLM/lib/python3.7/site-packages/theano/gpuarray/dnn.py:184: UserWarning: Your cuDNN version is more recent than Theano. If you encounter problems, try updating Theano or downgrading cuDNN to a version >= v5 and <= v7.
  warnings.warn("Your cuDNN version is more recent than "
Using cuDNN version 7600 on context None
Mapped name None to device cuda0: Tesla P100-PCIE-16GB (0000:82:00.0)
TheanoLM 1.3.2
Theano 1.0.4
pygpu 0.7.6
==
+ srun --gres=gpu:1 theanolm decode /scratch/work/moisioa3/conv_lm/experiments/morph/D=0.001-D2=0.002-cutoffs001-n=5/nnlm.h5 --lattice-list /tmp/55136344/lattices/lattice-list --output-file /scratch/work/moisioa3/conv_lm/experiments/morph/D=0.001-D2=0.002-cutoffs001-n=5/decode/devel/lambda=1.0-lms=10/37.trn --output trn --nnlm-weight 1.0 --lm-scale 10 --max-tokens-per-node 62 --beam 650 --recombination-order 22 --num-jobs 128 --job 37 --unk-penalty=-20
2020-08-21 12:13:17,131 get_default_device: Context None device="Tesla P100-PCIE-16GB" ID="0000:82:00.0"
2020-08-21 12:13:17,132 from_file: Reading vocabulary from network state.
2020-08-21 12:13:17,385 from_file: Number of words in vocabulary: 42699
2020-08-21 12:13:17,385 from_file: Number of words in shortlist: 42699
2020-08-21 12:13:17,385 from_file: Number of word classes: 42699
2020-08-21 12:13:17,386 from_file: Building neural network.
2020-08-21 12:13:59,723 from_file: Restoring neural network state.
2020-08-21 12:14:00,073 decode: Building word lattice decoder.
2020-08-21 12:14:05,378 __iter__: Reading lattice file `/tmp/55136344/lattices/dspf007_dsp2013_18.lat.gz´.
2020-08-21 12:14:05,952 decode: Utterance `dspf007_dsp2013_18´ -- 1 of job 37
2020-08-21 12:14:21,699 __iter__: Reading lattice file `/tmp/55136344/lattices/dspm010_dsp2013_24.lat.gz´.
2020-08-21 12:14:25,373 decode: Utterance `dspm010_dsp2013_24´ -- 2 of job 37
2020-08-21 12:16:08,276 __iter__: Reading lattice file `/tmp/55136344/lattices/dspm019_dsp2013_14.lat.gz´.
2020-08-21 12:16:08,409 decode: Utterance `dspm019_dsp2013_14´ -- 3 of job 37
2020-08-21 12:16:11,056 __iter__: Reading lattice file `/tmp/55136344/lattices/dspm028_dsp2013_04.lat.gz´.
2020-08-21 12:16:11,165 decode: Utterance `dspm028_dsp2013_04´ -- 4 of job 37
2020-08-21 12:16:13,401 __iter__: Reading lattice file `/tmp/55136344/lattices/dspm039_dsp2013_04.lat.gz´.
2020-08-21 12:16:13,446 decode: Utterance `dspm039_dsp2013_04´ -- 5 of job 37
2020-08-21 12:16:15,178 __iter__: Reading lattice file `/tmp/55136344/lattices/dspm048_dsp2013_02.lat.gz´.
2020-08-21 12:16:15,298 decode: Utterance `dspm048_dsp2013_02´ -- 6 of job 37
2020-08-21 12:16:17,639 __iter__: Reading lattice file `/tmp/55136344/lattices/dspm056_dsp2013_06.lat.gz´.
2020-08-21 12:16:17,784 decode: Utterance `dspm056_dsp2013_06´ -- 7 of job 37
2020-08-21 12:16:21,063 __iter__: Reading lattice file `/tmp/55136344/lattices/radionoona_fym20071218_15.lat.gz´.
2020-08-21 12:16:21,109 decode: Utterance `radionoona_fym20071218_15´ -- 8 of job 37
/scratch/work/groszt1/envs/theanoLM/lib/python3.7/site-packages/theano/gpuarray/dnn.py:184: UserWarning: Your cuDNN version is more recent than Theano. If you encounter problems, try updating Theano or downgrading cuDNN to a version >= v5 and <= v7.
  warnings.warn("Your cuDNN version is more recent than "
Using cuDNN version 7600 on context None
Mapped name None to device cuda0: Tesla P100-PCIE-16GB (0000:82:00.0)
/scratch/work/groszt1/envs/theanoLM/lib/python3.7/site-packages/h5py-2.9.0-py3.7-linux-x86_64.egg/h5py/_hl/dataset.py:313: H5pyDeprecationWarning: dataset.value has been deprecated. Use dataset[()] instead.
  "Use dataset[()] instead.", H5pyDeprecationWarning)
/scratch/work/groszt1/envs/theanoLM/lib/python3.7/site-packages/h5py-2.9.0-py3.7-linux-x86_64.egg/h5py/_hl/dataset.py:313: H5pyDeprecationWarning: dataset.value has been deprecated. Use dataset[()] instead.
  "Use dataset[()] instead.", H5pyDeprecationWarning)
decode_theanolm finished.
/tmp/55136344/lattices
floatX=float32,device=cuda0,base_compiledir=/tmp/theano,exception_verbosity=high,openmp=False
/scratch/work/groszt1/envs/theanoLM/lib/python3.7/site-packages/theano/gpuarray/dnn.py:184: UserWarning: Your cuDNN version is more recent than Theano. If you encounter problems, try updating Theano or downgrading cuDNN to a version >= v5 and <= v7.
  warnings.warn("Your cuDNN version is more recent than "
Using cuDNN version 7600 on context None
Mapped name None to device cuda0: Tesla P100-PCIE-16GB (0000:82:00.0)
TheanoLM 1.3.2
Theano 1.0.4
pygpu 0.7.6
==
+ srun --gres=gpu:1 theanolm decode /scratch/work/moisioa3/conv_lm/experiments/morph/D=0.001-D2=0.002-cutoffs001-n=5/nnlm.h5 --lattice-list /tmp/55136344/lattices/lattice-list --output-file /scratch/work/moisioa3/conv_lm/experiments/morph/D=0.001-D2=0.002-cutoffs001-n=5/decode/devel/lambda=1.0-lms=11/37.trn --output trn --nnlm-weight 1.0 --lm-scale 11 --max-tokens-per-node 62 --beam 650 --recombination-order 22 --num-jobs 128 --job 37 --unk-penalty=-20
2020-08-21 12:16:39,751 get_default_device: Context None device="Tesla P100-PCIE-16GB" ID="0000:82:00.0"
2020-08-21 12:16:39,753 from_file: Reading vocabulary from network state.
2020-08-21 12:16:40,022 from_file: Number of words in vocabulary: 42699
2020-08-21 12:16:40,022 from_file: Number of words in shortlist: 42699
2020-08-21 12:16:40,022 from_file: Number of word classes: 42699
2020-08-21 12:16:40,022 from_file: Building neural network.
2020-08-21 12:17:22,650 from_file: Restoring neural network state.
2020-08-21 12:17:23,039 decode: Building word lattice decoder.
2020-08-21 12:17:28,632 __iter__: Reading lattice file `/tmp/55136344/lattices/dspf007_dsp2013_18.lat.gz´.
2020-08-21 12:17:29,220 decode: Utterance `dspf007_dsp2013_18´ -- 1 of job 37
2020-08-21 12:17:46,051 __iter__: Reading lattice file `/tmp/55136344/lattices/dspm010_dsp2013_24.lat.gz´.
2020-08-21 12:17:49,764 decode: Utterance `dspm010_dsp2013_24´ -- 2 of job 37
2020-08-21 12:19:28,383 __iter__: Reading lattice file `/tmp/55136344/lattices/dspm019_dsp2013_14.lat.gz´.
2020-08-21 12:19:28,506 decode: Utterance `dspm019_dsp2013_14´ -- 3 of job 37
2020-08-21 12:19:30,970 __iter__: Reading lattice file `/tmp/55136344/lattices/dspm028_dsp2013_04.lat.gz´.
2020-08-21 12:19:31,075 decode: Utterance `dspm028_dsp2013_04´ -- 4 of job 37
2020-08-21 12:19:33,274 __iter__: Reading lattice file `/tmp/55136344/lattices/dspm039_dsp2013_04.lat.gz´.
2020-08-21 12:19:33,319 decode: Utterance `dspm039_dsp2013_04´ -- 5 of job 37
2020-08-21 12:19:35,057 __iter__: Reading lattice file `/tmp/55136344/lattices/dspm048_dsp2013_02.lat.gz´.
2020-08-21 12:19:35,178 decode: Utterance `dspm048_dsp2013_02´ -- 6 of job 37
2020-08-21 12:19:37,542 __iter__: Reading lattice file `/tmp/55136344/lattices/dspm056_dsp2013_06.lat.gz´.
2020-08-21 12:19:37,689 decode: Utterance `dspm056_dsp2013_06´ -- 7 of job 37
2020-08-21 12:19:40,881 __iter__: Reading lattice file `/tmp/55136344/lattices/radionoona_fym20071218_15.lat.gz´.
2020-08-21 12:19:40,927 decode: Utterance `radionoona_fym20071218_15´ -- 8 of job 37
/scratch/work/groszt1/envs/theanoLM/lib/python3.7/site-packages/theano/gpuarray/dnn.py:184: UserWarning: Your cuDNN version is more recent than Theano. If you encounter problems, try updating Theano or downgrading cuDNN to a version >= v5 and <= v7.
  warnings.warn("Your cuDNN version is more recent than "
Using cuDNN version 7600 on context None
Mapped name None to device cuda0: Tesla P100-PCIE-16GB (0000:82:00.0)
/scratch/work/groszt1/envs/theanoLM/lib/python3.7/site-packages/h5py-2.9.0-py3.7-linux-x86_64.egg/h5py/_hl/dataset.py:313: H5pyDeprecationWarning: dataset.value has been deprecated. Use dataset[()] instead.
  "Use dataset[()] instead.", H5pyDeprecationWarning)
/scratch/work/groszt1/envs/theanoLM/lib/python3.7/site-packages/h5py-2.9.0-py3.7-linux-x86_64.egg/h5py/_hl/dataset.py:313: H5pyDeprecationWarning: dataset.value has been deprecated. Use dataset[()] instead.
  "Use dataset[()] instead.", H5pyDeprecationWarning)
decode_theanolm finished.
decode devel finished.
