Experiment: morph/D=0.001-D2=0.002-cutoffs001-n=5
Job ID: 55136397
Task ID: 53
Host: gpu27.int.triton.aalto.fi
Start date: Fri Aug 21 12:19:45 EEST 2020
Work directory: /scratch/work/moisioa3/conv_lm/experiments/morph/D=0.001-D2=0.002-cutoffs001-n=5
Temporary directory: /tmp/55136397

Currently Loaded Modules:
  1) speech-scripts/2016.05.24-b928230   6) binutils/2.25-GCCcore-5.4.0
  2) srilm/default                       7) GCC/5.4.0-2.25
  3) cuda/10.0.130                       8) libgpuarray/2017.03.29-45c731f
  4) cudnn/7.4.2-cuda                    9) anaconda3/latest
  5) GCCcore/5.4.0

 

/tmp/55136397/lattices
floatX=float32,device=cuda0,base_compiledir=/tmp/theano,exception_verbosity=high,openmp=False
/scratch/work/groszt1/envs/theanoLM/lib/python3.7/site-packages/theano/gpuarray/dnn.py:184: UserWarning: Your cuDNN version is more recent than Theano. If you encounter problems, try updating Theano or downgrading cuDNN to a version >= v5 and <= v7.
  warnings.warn("Your cuDNN version is more recent than "
Using cuDNN version 7600 on context None
Mapped name None to device cuda0: Tesla P100-PCIE-16GB (0000:82:00.0)
TheanoLM 1.3.2
Theano 1.0.4
pygpu 0.7.6
==
+ srun --gres=gpu:1 theanolm decode /scratch/work/moisioa3/conv_lm/experiments/morph/D=0.001-D2=0.002-cutoffs001-n=5/nnlm.h5 --lattice-list /tmp/55136397/lattices/lattice-list --output-file /scratch/work/moisioa3/conv_lm/experiments/morph/D=0.001-D2=0.002-cutoffs001-n=5/decode/devel/lambda=0.5-lms=9/53.trn --output trn --nnlm-weight 0.5 --lm-scale 9 --max-tokens-per-node 62 --beam 650 --recombination-order 22 --num-jobs 128 --job 53 --unk-penalty=-20
2020-08-21 12:19:57,624 get_default_device: Context None device="Tesla P100-PCIE-16GB" ID="0000:82:00.0"
2020-08-21 12:19:57,626 from_file: Reading vocabulary from network state.
2020-08-21 12:19:57,895 from_file: Number of words in vocabulary: 42699
2020-08-21 12:19:57,896 from_file: Number of words in shortlist: 42699
2020-08-21 12:19:57,896 from_file: Number of word classes: 42699
2020-08-21 12:19:57,896 from_file: Building neural network.
2020-08-21 12:20:52,104 from_file: Restoring neural network state.
2020-08-21 12:20:52,450 decode: Building word lattice decoder.
2020-08-21 12:20:57,759 __iter__: Reading lattice file `/tmp/55136397/lattices/dspm001_dsp2013_14.lat.gz´.
2020-08-21 12:20:57,984 decode: Utterance `dspm001_dsp2013_14´ -- 1 of job 53
2020-08-21 12:21:00,976 __iter__: Reading lattice file `/tmp/55136397/lattices/dspm011_dsp2013_14.lat.gz´.
2020-08-21 12:21:01,001 decode: Utterance `dspm011_dsp2013_14´ -- 2 of job 53
2020-08-21 12:21:01,436 __iter__: Reading lattice file `/tmp/55136397/lattices/dspm021_dsp2013_11.lat.gz´.
2020-08-21 12:21:01,711 decode: Utterance `dspm021_dsp2013_11´ -- 3 of job 53
2020-08-21 12:21:09,151 __iter__: Reading lattice file `/tmp/55136397/lattices/dspm028_dsp2013_20.lat.gz´.
2020-08-21 12:21:09,206 decode: Utterance `dspm028_dsp2013_20´ -- 4 of job 53
2020-08-21 12:21:10,377 __iter__: Reading lattice file `/tmp/55136397/lattices/dspm039_dsp2013_22.lat.gz´.
2020-08-21 12:21:11,305 decode: Utterance `dspm039_dsp2013_22´ -- 5 of job 53
2020-08-21 12:21:42,075 __iter__: Reading lattice file `/tmp/55136397/lattices/dspm048_dsp2013_18.lat.gz´.
2020-08-21 12:21:42,787 decode: Utterance `dspm048_dsp2013_18´ -- 6 of job 53
2020-08-21 12:21:56,418 __iter__: Reading lattice file `/tmp/55136397/lattices/dspm057_dsp2013_02.lat.gz´.
2020-08-21 12:21:56,737 decode: Utterance `dspm057_dsp2013_02´ -- 7 of job 53
2020-08-21 12:22:04,251 __iter__: Reading lattice file `/tmp/55136397/lattices/radioshaka_kbk20120915_100.lat.gz´.
2020-08-21 12:22:04,309 decode: Utterance `radioshaka_kbk20120915_100´ -- 8 of job 53
/scratch/work/groszt1/envs/theanoLM/lib/python3.7/site-packages/theano/gpuarray/dnn.py:184: UserWarning: Your cuDNN version is more recent than Theano. If you encounter problems, try updating Theano or downgrading cuDNN to a version >= v5 and <= v7.
  warnings.warn("Your cuDNN version is more recent than "
Using cuDNN version 7600 on context None
Mapped name None to device cuda0: Tesla P100-PCIE-16GB (0000:82:00.0)
/scratch/work/groszt1/envs/theanoLM/lib/python3.7/site-packages/h5py-2.9.0-py3.7-linux-x86_64.egg/h5py/_hl/dataset.py:313: H5pyDeprecationWarning: dataset.value has been deprecated. Use dataset[()] instead.
  "Use dataset[()] instead.", H5pyDeprecationWarning)
/scratch/work/groszt1/envs/theanoLM/lib/python3.7/site-packages/h5py-2.9.0-py3.7-linux-x86_64.egg/h5py/_hl/dataset.py:313: H5pyDeprecationWarning: dataset.value has been deprecated. Use dataset[()] instead.
  "Use dataset[()] instead.", H5pyDeprecationWarning)
decode_theanolm finished.
/tmp/55136397/lattices
floatX=float32,device=cuda0,base_compiledir=/tmp/theano,exception_verbosity=high,openmp=False
/scratch/work/groszt1/envs/theanoLM/lib/python3.7/site-packages/theano/gpuarray/dnn.py:184: UserWarning: Your cuDNN version is more recent than Theano. If you encounter problems, try updating Theano or downgrading cuDNN to a version >= v5 and <= v7.
  warnings.warn("Your cuDNN version is more recent than "
Using cuDNN version 7600 on context None
Mapped name None to device cuda0: Tesla P100-PCIE-16GB (0000:82:00.0)
TheanoLM 1.3.2
Theano 1.0.4
pygpu 0.7.6
==
+ srun --gres=gpu:1 theanolm decode /scratch/work/moisioa3/conv_lm/experiments/morph/D=0.001-D2=0.002-cutoffs001-n=5/nnlm.h5 --lattice-list /tmp/55136397/lattices/lattice-list --output-file /scratch/work/moisioa3/conv_lm/experiments/morph/D=0.001-D2=0.002-cutoffs001-n=5/decode/devel/lambda=0.5-lms=10/53.trn --output trn --nnlm-weight 0.5 --lm-scale 10 --max-tokens-per-node 62 --beam 650 --recombination-order 22 --num-jobs 128 --job 53 --unk-penalty=-20
2020-08-21 12:22:23,433 get_default_device: Context None device="Tesla P100-PCIE-16GB" ID="0000:82:00.0"
2020-08-21 12:22:23,434 from_file: Reading vocabulary from network state.
2020-08-21 12:22:23,713 from_file: Number of words in vocabulary: 42699
2020-08-21 12:22:23,713 from_file: Number of words in shortlist: 42699
2020-08-21 12:22:23,714 from_file: Number of word classes: 42699
2020-08-21 12:22:23,714 from_file: Building neural network.
2020-08-21 12:23:10,430 from_file: Restoring neural network state.
2020-08-21 12:23:10,779 decode: Building word lattice decoder.
2020-08-21 12:23:16,096 __iter__: Reading lattice file `/tmp/55136397/lattices/dspm001_dsp2013_14.lat.gz´.
2020-08-21 12:23:16,247 decode: Utterance `dspm001_dsp2013_14´ -- 1 of job 53
2020-08-21 12:23:19,214 __iter__: Reading lattice file `/tmp/55136397/lattices/dspm011_dsp2013_14.lat.gz´.
2020-08-21 12:23:19,238 decode: Utterance `dspm011_dsp2013_14´ -- 2 of job 53
2020-08-21 12:23:19,667 __iter__: Reading lattice file `/tmp/55136397/lattices/dspm021_dsp2013_11.lat.gz´.
2020-08-21 12:23:19,946 decode: Utterance `dspm021_dsp2013_11´ -- 3 of job 53
2020-08-21 12:23:27,847 __iter__: Reading lattice file `/tmp/55136397/lattices/dspm028_dsp2013_20.lat.gz´.
2020-08-21 12:23:27,904 decode: Utterance `dspm028_dsp2013_20´ -- 4 of job 53
2020-08-21 12:23:29,069 __iter__: Reading lattice file `/tmp/55136397/lattices/dspm039_dsp2013_22.lat.gz´.
2020-08-21 12:23:30,024 decode: Utterance `dspm039_dsp2013_22´ -- 5 of job 53
2020-08-21 12:23:59,554 __iter__: Reading lattice file `/tmp/55136397/lattices/dspm048_dsp2013_18.lat.gz´.
2020-08-21 12:24:00,277 decode: Utterance `dspm048_dsp2013_18´ -- 6 of job 53
2020-08-21 12:24:13,930 __iter__: Reading lattice file `/tmp/55136397/lattices/dspm057_dsp2013_02.lat.gz´.
2020-08-21 12:24:14,267 decode: Utterance `dspm057_dsp2013_02´ -- 7 of job 53
2020-08-21 12:24:22,179 __iter__: Reading lattice file `/tmp/55136397/lattices/radioshaka_kbk20120915_100.lat.gz´.
2020-08-21 12:24:22,236 decode: Utterance `radioshaka_kbk20120915_100´ -- 8 of job 53
/scratch/work/groszt1/envs/theanoLM/lib/python3.7/site-packages/theano/gpuarray/dnn.py:184: UserWarning: Your cuDNN version is more recent than Theano. If you encounter problems, try updating Theano or downgrading cuDNN to a version >= v5 and <= v7.
  warnings.warn("Your cuDNN version is more recent than "
Using cuDNN version 7600 on context None
Mapped name None to device cuda0: Tesla P100-PCIE-16GB (0000:82:00.0)
/scratch/work/groszt1/envs/theanoLM/lib/python3.7/site-packages/h5py-2.9.0-py3.7-linux-x86_64.egg/h5py/_hl/dataset.py:313: H5pyDeprecationWarning: dataset.value has been deprecated. Use dataset[()] instead.
  "Use dataset[()] instead.", H5pyDeprecationWarning)
/scratch/work/groszt1/envs/theanoLM/lib/python3.7/site-packages/h5py-2.9.0-py3.7-linux-x86_64.egg/h5py/_hl/dataset.py:313: H5pyDeprecationWarning: dataset.value has been deprecated. Use dataset[()] instead.
  "Use dataset[()] instead.", H5pyDeprecationWarning)
decode_theanolm finished.
/tmp/55136397/lattices
floatX=float32,device=cuda0,base_compiledir=/tmp/theano,exception_verbosity=high,openmp=False
/scratch/work/groszt1/envs/theanoLM/lib/python3.7/site-packages/theano/gpuarray/dnn.py:184: UserWarning: Your cuDNN version is more recent than Theano. If you encounter problems, try updating Theano or downgrading cuDNN to a version >= v5 and <= v7.
  warnings.warn("Your cuDNN version is more recent than "
Using cuDNN version 7600 on context None
Mapped name None to device cuda0: Tesla P100-PCIE-16GB (0000:82:00.0)
TheanoLM 1.3.2
Theano 1.0.4
pygpu 0.7.6
==
+ srun --gres=gpu:1 theanolm decode /scratch/work/moisioa3/conv_lm/experiments/morph/D=0.001-D2=0.002-cutoffs001-n=5/nnlm.h5 --lattice-list /tmp/55136397/lattices/lattice-list --output-file /scratch/work/moisioa3/conv_lm/experiments/morph/D=0.001-D2=0.002-cutoffs001-n=5/decode/devel/lambda=0.5-lms=11/53.trn --output trn --nnlm-weight 0.5 --lm-scale 11 --max-tokens-per-node 62 --beam 650 --recombination-order 22 --num-jobs 128 --job 53 --unk-penalty=-20
2020-08-21 12:24:32,020 get_default_device: Context None device="Tesla P100-PCIE-16GB" ID="0000:82:00.0"
2020-08-21 12:24:32,021 from_file: Reading vocabulary from network state.
2020-08-21 12:24:32,279 from_file: Number of words in vocabulary: 42699
2020-08-21 12:24:32,279 from_file: Number of words in shortlist: 42699
2020-08-21 12:24:32,279 from_file: Number of word classes: 42699
2020-08-21 12:24:32,279 from_file: Building neural network.
2020-08-21 12:25:15,040 from_file: Restoring neural network state.
2020-08-21 12:25:15,409 decode: Building word lattice decoder.
2020-08-21 12:25:20,984 __iter__: Reading lattice file `/tmp/55136397/lattices/dspm001_dsp2013_14.lat.gz´.
2020-08-21 12:25:21,142 decode: Utterance `dspm001_dsp2013_14´ -- 1 of job 53
2020-08-21 12:25:24,294 __iter__: Reading lattice file `/tmp/55136397/lattices/dspm011_dsp2013_14.lat.gz´.
2020-08-21 12:25:24,321 decode: Utterance `dspm011_dsp2013_14´ -- 2 of job 53
2020-08-21 12:25:24,761 __iter__: Reading lattice file `/tmp/55136397/lattices/dspm021_dsp2013_11.lat.gz´.
2020-08-21 12:25:25,051 decode: Utterance `dspm021_dsp2013_11´ -- 3 of job 53
2020-08-21 12:25:33,588 __iter__: Reading lattice file `/tmp/55136397/lattices/dspm028_dsp2013_20.lat.gz´.
2020-08-21 12:25:33,647 decode: Utterance `dspm028_dsp2013_20´ -- 4 of job 53
2020-08-21 12:25:34,922 __iter__: Reading lattice file `/tmp/55136397/lattices/dspm039_dsp2013_22.lat.gz´.
2020-08-21 12:25:35,896 decode: Utterance `dspm039_dsp2013_22´ -- 5 of job 53
2020-08-21 12:26:06,328 __iter__: Reading lattice file `/tmp/55136397/lattices/dspm048_dsp2013_18.lat.gz´.
2020-08-21 12:26:07,066 decode: Utterance `dspm048_dsp2013_18´ -- 6 of job 53
2020-08-21 12:26:19,785 __iter__: Reading lattice file `/tmp/55136397/lattices/dspm057_dsp2013_02.lat.gz´.
2020-08-21 12:26:20,118 decode: Utterance `dspm057_dsp2013_02´ -- 7 of job 53
2020-08-21 12:26:27,680 __iter__: Reading lattice file `/tmp/55136397/lattices/radioshaka_kbk20120915_100.lat.gz´.
2020-08-21 12:26:27,740 decode: Utterance `radioshaka_kbk20120915_100´ -- 8 of job 53
/scratch/work/groszt1/envs/theanoLM/lib/python3.7/site-packages/theano/gpuarray/dnn.py:184: UserWarning: Your cuDNN version is more recent than Theano. If you encounter problems, try updating Theano or downgrading cuDNN to a version >= v5 and <= v7.
  warnings.warn("Your cuDNN version is more recent than "
Using cuDNN version 7600 on context None
Mapped name None to device cuda0: Tesla P100-PCIE-16GB (0000:82:00.0)
/scratch/work/groszt1/envs/theanoLM/lib/python3.7/site-packages/h5py-2.9.0-py3.7-linux-x86_64.egg/h5py/_hl/dataset.py:313: H5pyDeprecationWarning: dataset.value has been deprecated. Use dataset[()] instead.
  "Use dataset[()] instead.", H5pyDeprecationWarning)
/scratch/work/groszt1/envs/theanoLM/lib/python3.7/site-packages/h5py-2.9.0-py3.7-linux-x86_64.egg/h5py/_hl/dataset.py:313: H5pyDeprecationWarning: dataset.value has been deprecated. Use dataset[()] instead.
  "Use dataset[()] instead.", H5pyDeprecationWarning)
decode_theanolm finished.
/tmp/55136397/lattices
floatX=float32,device=cuda0,base_compiledir=/tmp/theano,exception_verbosity=high,openmp=False
/scratch/work/groszt1/envs/theanoLM/lib/python3.7/site-packages/theano/gpuarray/dnn.py:184: UserWarning: Your cuDNN version is more recent than Theano. If you encounter problems, try updating Theano or downgrading cuDNN to a version >= v5 and <= v7.
  warnings.warn("Your cuDNN version is more recent than "
Using cuDNN version 7600 on context None
Mapped name None to device cuda0: Tesla P100-PCIE-16GB (0000:82:00.0)
TheanoLM 1.3.2
Theano 1.0.4
pygpu 0.7.6
==
+ srun --gres=gpu:1 theanolm decode /scratch/work/moisioa3/conv_lm/experiments/morph/D=0.001-D2=0.002-cutoffs001-n=5/nnlm.h5 --lattice-list /tmp/55136397/lattices/lattice-list --output-file /scratch/work/moisioa3/conv_lm/experiments/morph/D=0.001-D2=0.002-cutoffs001-n=5/decode/devel/lambda=1.0-lms=9/53.trn --output trn --nnlm-weight 1.0 --lm-scale 9 --max-tokens-per-node 62 --beam 650 --recombination-order 22 --num-jobs 128 --job 53 --unk-penalty=-20
2020-08-21 12:26:37,433 get_default_device: Context None device="Tesla P100-PCIE-16GB" ID="0000:82:00.0"
2020-08-21 12:26:37,435 from_file: Reading vocabulary from network state.
2020-08-21 12:26:37,708 from_file: Number of words in vocabulary: 42699
2020-08-21 12:26:37,708 from_file: Number of words in shortlist: 42699
2020-08-21 12:26:37,708 from_file: Number of word classes: 42699
2020-08-21 12:26:37,708 from_file: Building neural network.
2020-08-21 12:27:27,493 from_file: Restoring neural network state.
2020-08-21 12:27:27,866 decode: Building word lattice decoder.
2020-08-21 12:27:33,365 __iter__: Reading lattice file `/tmp/55136397/lattices/dspm001_dsp2013_14.lat.gz´.
2020-08-21 12:27:33,591 decode: Utterance `dspm001_dsp2013_14´ -- 1 of job 53
2020-08-21 12:27:36,057 __iter__: Reading lattice file `/tmp/55136397/lattices/dspm011_dsp2013_14.lat.gz´.
2020-08-21 12:27:36,082 decode: Utterance `dspm011_dsp2013_14´ -- 2 of job 53
2020-08-21 12:27:36,515 __iter__: Reading lattice file `/tmp/55136397/lattices/dspm021_dsp2013_11.lat.gz´.
2020-08-21 12:27:36,785 decode: Utterance `dspm021_dsp2013_11´ -- 3 of job 53
2020-08-21 12:27:43,812 __iter__: Reading lattice file `/tmp/55136397/lattices/dspm028_dsp2013_20.lat.gz´.
2020-08-21 12:27:43,867 decode: Utterance `dspm028_dsp2013_20´ -- 4 of job 53
2020-08-21 12:27:44,983 __iter__: Reading lattice file `/tmp/55136397/lattices/dspm039_dsp2013_22.lat.gz´.
2020-08-21 12:27:45,904 decode: Utterance `dspm039_dsp2013_22´ -- 5 of job 53
2020-08-21 12:28:13,430 __iter__: Reading lattice file `/tmp/55136397/lattices/dspm048_dsp2013_18.lat.gz´.
2020-08-21 12:28:14,147 decode: Utterance `dspm048_dsp2013_18´ -- 6 of job 53
2020-08-21 12:28:26,988 __iter__: Reading lattice file `/tmp/55136397/lattices/dspm057_dsp2013_02.lat.gz´.
2020-08-21 12:28:27,309 decode: Utterance `dspm057_dsp2013_02´ -- 7 of job 53
2020-08-21 12:28:34,015 __iter__: Reading lattice file `/tmp/55136397/lattices/radioshaka_kbk20120915_100.lat.gz´.
2020-08-21 12:28:34,074 decode: Utterance `radioshaka_kbk20120915_100´ -- 8 of job 53
/scratch/work/groszt1/envs/theanoLM/lib/python3.7/site-packages/theano/gpuarray/dnn.py:184: UserWarning: Your cuDNN version is more recent than Theano. If you encounter problems, try updating Theano or downgrading cuDNN to a version >= v5 and <= v7.
  warnings.warn("Your cuDNN version is more recent than "
Using cuDNN version 7600 on context None
Mapped name None to device cuda0: Tesla P100-PCIE-16GB (0000:82:00.0)
/scratch/work/groszt1/envs/theanoLM/lib/python3.7/site-packages/h5py-2.9.0-py3.7-linux-x86_64.egg/h5py/_hl/dataset.py:313: H5pyDeprecationWarning: dataset.value has been deprecated. Use dataset[()] instead.
  "Use dataset[()] instead.", H5pyDeprecationWarning)
/scratch/work/groszt1/envs/theanoLM/lib/python3.7/site-packages/h5py-2.9.0-py3.7-linux-x86_64.egg/h5py/_hl/dataset.py:313: H5pyDeprecationWarning: dataset.value has been deprecated. Use dataset[()] instead.
  "Use dataset[()] instead.", H5pyDeprecationWarning)
decode_theanolm finished.
/tmp/55136397/lattices
floatX=float32,device=cuda0,base_compiledir=/tmp/theano,exception_verbosity=high,openmp=False
/scratch/work/groszt1/envs/theanoLM/lib/python3.7/site-packages/theano/gpuarray/dnn.py:184: UserWarning: Your cuDNN version is more recent than Theano. If you encounter problems, try updating Theano or downgrading cuDNN to a version >= v5 and <= v7.
  warnings.warn("Your cuDNN version is more recent than "
Using cuDNN version 7600 on context None
Mapped name None to device cuda0: Tesla P100-PCIE-16GB (0000:82:00.0)
TheanoLM 1.3.2
Theano 1.0.4
pygpu 0.7.6
==
+ srun --gres=gpu:1 theanolm decode /scratch/work/moisioa3/conv_lm/experiments/morph/D=0.001-D2=0.002-cutoffs001-n=5/nnlm.h5 --lattice-list /tmp/55136397/lattices/lattice-list --output-file /scratch/work/moisioa3/conv_lm/experiments/morph/D=0.001-D2=0.002-cutoffs001-n=5/decode/devel/lambda=1.0-lms=10/53.trn --output trn --nnlm-weight 1.0 --lm-scale 10 --max-tokens-per-node 62 --beam 650 --recombination-order 22 --num-jobs 128 --job 53 --unk-penalty=-20
2020-08-21 12:28:53,109 get_default_device: Context None device="Tesla P100-PCIE-16GB" ID="0000:82:00.0"
2020-08-21 12:28:53,110 from_file: Reading vocabulary from network state.
2020-08-21 12:28:53,376 from_file: Number of words in vocabulary: 42699
2020-08-21 12:28:53,376 from_file: Number of words in shortlist: 42699
2020-08-21 12:28:53,376 from_file: Number of word classes: 42699
2020-08-21 12:28:53,376 from_file: Building neural network.
2020-08-21 12:29:36,090 from_file: Restoring neural network state.
2020-08-21 12:29:36,440 decode: Building word lattice decoder.
2020-08-21 12:29:41,696 __iter__: Reading lattice file `/tmp/55136397/lattices/dspm001_dsp2013_14.lat.gz´.
2020-08-21 12:29:41,926 decode: Utterance `dspm001_dsp2013_14´ -- 1 of job 53
2020-08-21 12:29:44,433 __iter__: Reading lattice file `/tmp/55136397/lattices/dspm011_dsp2013_14.lat.gz´.
2020-08-21 12:29:44,458 decode: Utterance `dspm011_dsp2013_14´ -- 2 of job 53
2020-08-21 12:29:44,894 __iter__: Reading lattice file `/tmp/55136397/lattices/dspm021_dsp2013_11.lat.gz´.
2020-08-21 12:29:45,170 decode: Utterance `dspm021_dsp2013_11´ -- 3 of job 53
2020-08-21 12:29:52,257 __iter__: Reading lattice file `/tmp/55136397/lattices/dspm028_dsp2013_20.lat.gz´.
2020-08-21 12:29:52,312 decode: Utterance `dspm028_dsp2013_20´ -- 4 of job 53
2020-08-21 12:29:53,430 __iter__: Reading lattice file `/tmp/55136397/lattices/dspm039_dsp2013_22.lat.gz´.
2020-08-21 12:29:54,367 decode: Utterance `dspm039_dsp2013_22´ -- 5 of job 53
2020-08-21 12:30:23,565 __iter__: Reading lattice file `/tmp/55136397/lattices/dspm048_dsp2013_18.lat.gz´.
2020-08-21 12:30:24,315 decode: Utterance `dspm048_dsp2013_18´ -- 6 of job 53
2020-08-21 12:30:37,151 __iter__: Reading lattice file `/tmp/55136397/lattices/dspm057_dsp2013_02.lat.gz´.
2020-08-21 12:30:37,477 decode: Utterance `dspm057_dsp2013_02´ -- 7 of job 53
2020-08-21 12:30:44,325 __iter__: Reading lattice file `/tmp/55136397/lattices/radioshaka_kbk20120915_100.lat.gz´.
2020-08-21 12:30:44,383 decode: Utterance `radioshaka_kbk20120915_100´ -- 8 of job 53
/scratch/work/groszt1/envs/theanoLM/lib/python3.7/site-packages/theano/gpuarray/dnn.py:184: UserWarning: Your cuDNN version is more recent than Theano. If you encounter problems, try updating Theano or downgrading cuDNN to a version >= v5 and <= v7.
  warnings.warn("Your cuDNN version is more recent than "
Using cuDNN version 7600 on context None
Mapped name None to device cuda0: Tesla P100-PCIE-16GB (0000:82:00.0)
/scratch/work/groszt1/envs/theanoLM/lib/python3.7/site-packages/h5py-2.9.0-py3.7-linux-x86_64.egg/h5py/_hl/dataset.py:313: H5pyDeprecationWarning: dataset.value has been deprecated. Use dataset[()] instead.
  "Use dataset[()] instead.", H5pyDeprecationWarning)
/scratch/work/groszt1/envs/theanoLM/lib/python3.7/site-packages/h5py-2.9.0-py3.7-linux-x86_64.egg/h5py/_hl/dataset.py:313: H5pyDeprecationWarning: dataset.value has been deprecated. Use dataset[()] instead.
  "Use dataset[()] instead.", H5pyDeprecationWarning)
decode_theanolm finished.
/tmp/55136397/lattices
floatX=float32,device=cuda0,base_compiledir=/tmp/theano,exception_verbosity=high,openmp=False
/scratch/work/groszt1/envs/theanoLM/lib/python3.7/site-packages/theano/gpuarray/dnn.py:184: UserWarning: Your cuDNN version is more recent than Theano. If you encounter problems, try updating Theano or downgrading cuDNN to a version >= v5 and <= v7.
  warnings.warn("Your cuDNN version is more recent than "
Using cuDNN version 7600 on context None
Mapped name None to device cuda0: Tesla P100-PCIE-16GB (0000:82:00.0)
TheanoLM 1.3.2
Theano 1.0.4
pygpu 0.7.6
==
+ srun --gres=gpu:1 theanolm decode /scratch/work/moisioa3/conv_lm/experiments/morph/D=0.001-D2=0.002-cutoffs001-n=5/nnlm.h5 --lattice-list /tmp/55136397/lattices/lattice-list --output-file /scratch/work/moisioa3/conv_lm/experiments/morph/D=0.001-D2=0.002-cutoffs001-n=5/decode/devel/lambda=1.0-lms=11/53.trn --output trn --nnlm-weight 1.0 --lm-scale 11 --max-tokens-per-node 62 --beam 650 --recombination-order 22 --num-jobs 128 --job 53 --unk-penalty=-20
2020-08-21 12:30:55,013 get_default_device: Context None device="Tesla P100-PCIE-16GB" ID="0000:82:00.0"
2020-08-21 12:30:55,015 from_file: Reading vocabulary from network state.
2020-08-21 12:30:55,265 from_file: Number of words in vocabulary: 42699
2020-08-21 12:30:55,265 from_file: Number of words in shortlist: 42699
2020-08-21 12:30:55,265 from_file: Number of word classes: 42699
2020-08-21 12:30:55,265 from_file: Building neural network.
2020-08-21 12:31:38,666 from_file: Restoring neural network state.
2020-08-21 12:31:39,040 decode: Building word lattice decoder.
2020-08-21 12:31:44,739 __iter__: Reading lattice file `/tmp/55136397/lattices/dspm001_dsp2013_14.lat.gz´.
2020-08-21 12:31:44,983 decode: Utterance `dspm001_dsp2013_14´ -- 1 of job 53
2020-08-21 12:31:47,622 __iter__: Reading lattice file `/tmp/55136397/lattices/dspm011_dsp2013_14.lat.gz´.
2020-08-21 12:31:47,649 decode: Utterance `dspm011_dsp2013_14´ -- 2 of job 53
2020-08-21 12:31:48,091 __iter__: Reading lattice file `/tmp/55136397/lattices/dspm021_dsp2013_11.lat.gz´.
2020-08-21 12:31:48,376 decode: Utterance `dspm021_dsp2013_11´ -- 3 of job 53
2020-08-21 12:31:55,792 __iter__: Reading lattice file `/tmp/55136397/lattices/dspm028_dsp2013_20.lat.gz´.
2020-08-21 12:31:55,851 decode: Utterance `dspm028_dsp2013_20´ -- 4 of job 53
2020-08-21 12:31:56,989 __iter__: Reading lattice file `/tmp/55136397/lattices/dspm039_dsp2013_22.lat.gz´.
2020-08-21 12:31:57,990 decode: Utterance `dspm039_dsp2013_22´ -- 5 of job 53
2020-08-21 12:32:24,537 __iter__: Reading lattice file `/tmp/55136397/lattices/dspm048_dsp2013_18.lat.gz´.
2020-08-21 12:32:25,273 decode: Utterance `dspm048_dsp2013_18´ -- 6 of job 53
2020-08-21 12:32:36,947 __iter__: Reading lattice file `/tmp/55136397/lattices/dspm057_dsp2013_02.lat.gz´.
2020-08-21 12:32:37,283 decode: Utterance `dspm057_dsp2013_02´ -- 7 of job 53
2020-08-21 12:32:44,007 __iter__: Reading lattice file `/tmp/55136397/lattices/radioshaka_kbk20120915_100.lat.gz´.
2020-08-21 12:32:44,067 decode: Utterance `radioshaka_kbk20120915_100´ -- 8 of job 53
/scratch/work/groszt1/envs/theanoLM/lib/python3.7/site-packages/theano/gpuarray/dnn.py:184: UserWarning: Your cuDNN version is more recent than Theano. If you encounter problems, try updating Theano or downgrading cuDNN to a version >= v5 and <= v7.
  warnings.warn("Your cuDNN version is more recent than "
Using cuDNN version 7600 on context None
Mapped name None to device cuda0: Tesla P100-PCIE-16GB (0000:82:00.0)
/scratch/work/groszt1/envs/theanoLM/lib/python3.7/site-packages/h5py-2.9.0-py3.7-linux-x86_64.egg/h5py/_hl/dataset.py:313: H5pyDeprecationWarning: dataset.value has been deprecated. Use dataset[()] instead.
  "Use dataset[()] instead.", H5pyDeprecationWarning)
/scratch/work/groszt1/envs/theanoLM/lib/python3.7/site-packages/h5py-2.9.0-py3.7-linux-x86_64.egg/h5py/_hl/dataset.py:313: H5pyDeprecationWarning: dataset.value has been deprecated. Use dataset[()] instead.
  "Use dataset[()] instead.", H5pyDeprecationWarning)
decode_theanolm finished.
decode devel finished.
