Experiment: morph/D=0.001-D2=0.002-cutoffs001-n=5
Job ID: 55136546
Task ID: 77
Host: gpu24.int.triton.aalto.fi
Start date: Fri Aug 21 12:55:47 EEST 2020
Work directory: /scratch/work/moisioa3/conv_lm/experiments/morph/D=0.001-D2=0.002-cutoffs001-n=5
Temporary directory: /tmp/55136546

Currently Loaded Modules:
  1) speech-scripts/2016.05.24-b928230   6) binutils/2.25-GCCcore-5.4.0
  2) srilm/default                       7) GCC/5.4.0-2.25
  3) cuda/10.0.130                       8) libgpuarray/2017.03.29-45c731f
  4) cudnn/7.4.2-cuda                    9) anaconda3/latest
  5) GCCcore/5.4.0

 

/tmp/55136546/lattices
floatX=float32,device=cuda0,base_compiledir=/tmp/theano,exception_verbosity=high,openmp=False
/scratch/work/groszt1/envs/theanoLM/lib/python3.7/site-packages/theano/gpuarray/dnn.py:184: UserWarning: Your cuDNN version is more recent than Theano. If you encounter problems, try updating Theano or downgrading cuDNN to a version >= v5 and <= v7.
  warnings.warn("Your cuDNN version is more recent than "
Using cuDNN version 7600 on context None
Mapped name None to device cuda0: Tesla P100-PCIE-16GB (0000:82:00.0)
TheanoLM 1.3.2
Theano 1.0.4
pygpu 0.7.6
==
+ srun --gres=gpu:1 theanolm decode /scratch/work/moisioa3/conv_lm/experiments/morph/D=0.001-D2=0.002-cutoffs001-n=5/nnlm.h5 --lattice-list /tmp/55136546/lattices/lattice-list --output-file /scratch/work/moisioa3/conv_lm/experiments/morph/D=0.001-D2=0.002-cutoffs001-n=5/decode/devel/lambda=0.5-lms=9/77.trn --output trn --nnlm-weight 0.5 --lm-scale 9 --max-tokens-per-node 62 --beam 650 --recombination-order 22 --num-jobs 128 --job 77 --unk-penalty=-20
2020-08-21 12:55:59,413 get_default_device: Context None device="Tesla P100-PCIE-16GB" ID="0000:82:00.0"
2020-08-21 12:55:59,414 from_file: Reading vocabulary from network state.
2020-08-21 12:55:59,676 from_file: Number of words in vocabulary: 42699
2020-08-21 12:55:59,676 from_file: Number of words in shortlist: 42699
2020-08-21 12:55:59,676 from_file: Number of word classes: 42699
2020-08-21 12:55:59,677 from_file: Building neural network.
2020-08-21 12:56:42,699 from_file: Restoring neural network state.
2020-08-21 12:56:43,042 decode: Building word lattice decoder.
2020-08-21 12:56:48,440 __iter__: Reading lattice file `/tmp/55136546/lattices/dspm004_dsp2013_18.lat.gz´.
2020-08-21 12:56:49,160 decode: Utterance `dspm004_dsp2013_18´ -- 1 of job 77
2020-08-21 12:57:14,703 __iter__: Reading lattice file `/tmp/55136546/lattices/dspm014_dsp2013_25.lat.gz´.
2020-08-21 12:57:14,860 decode: Utterance `dspm014_dsp2013_25´ -- 2 of job 77
2020-08-21 12:57:19,165 __iter__: Reading lattice file `/tmp/55136546/lattices/dspm022_dsp2013_11.lat.gz´.
2020-08-21 12:57:19,276 decode: Utterance `dspm022_dsp2013_11´ -- 3 of job 77
2020-08-21 12:57:22,054 __iter__: Reading lattice file `/tmp/55136546/lattices/dspm031_dsp2013_24.lat.gz´.
2020-08-21 12:57:22,109 decode: Utterance `dspm031_dsp2013_24´ -- 4 of job 77
2020-08-21 12:57:23,251 __iter__: Reading lattice file `/tmp/55136546/lattices/dspm040_dsp2013_19.lat.gz´.
2020-08-21 12:57:24,172 decode: Utterance `dspm040_dsp2013_19´ -- 5 of job 77
2020-08-21 12:57:46,551 __iter__: Reading lattice file `/tmp/55136546/lattices/dspm050_dsp2013_02.lat.gz´.
2020-08-21 12:57:46,914 decode: Utterance `dspm050_dsp2013_02´ -- 6 of job 77
2020-08-21 12:57:55,643 __iter__: Reading lattice file `/tmp/55136546/lattices/dspm058_dsp2013_07.lat.gz´.
2020-08-21 12:57:56,856 decode: Utterance `dspm058_dsp2013_07´ -- 7 of job 77
2020-08-21 12:58:21,572 __iter__: Reading lattice file `/tmp/55136546/lattices/radioshaka_kbk20120915_61.lat.gz´.
2020-08-21 12:58:22,253 decode: Utterance `radioshaka_kbk20120915_61´ -- 8 of job 77
/scratch/work/groszt1/envs/theanoLM/lib/python3.7/site-packages/theano/gpuarray/dnn.py:184: UserWarning: Your cuDNN version is more recent than Theano. If you encounter problems, try updating Theano or downgrading cuDNN to a version >= v5 and <= v7.
  warnings.warn("Your cuDNN version is more recent than "
Using cuDNN version 7600 on context None
Mapped name None to device cuda0: Tesla P100-PCIE-16GB (0000:82:00.0)
/scratch/work/groszt1/envs/theanoLM/lib/python3.7/site-packages/h5py-2.9.0-py3.7-linux-x86_64.egg/h5py/_hl/dataset.py:313: H5pyDeprecationWarning: dataset.value has been deprecated. Use dataset[()] instead.
  "Use dataset[()] instead.", H5pyDeprecationWarning)
/scratch/work/groszt1/envs/theanoLM/lib/python3.7/site-packages/h5py-2.9.0-py3.7-linux-x86_64.egg/h5py/_hl/dataset.py:313: H5pyDeprecationWarning: dataset.value has been deprecated. Use dataset[()] instead.
  "Use dataset[()] instead.", H5pyDeprecationWarning)
decode_theanolm finished.
/tmp/55136546/lattices
floatX=float32,device=cuda0,base_compiledir=/tmp/theano,exception_verbosity=high,openmp=False
/scratch/work/groszt1/envs/theanoLM/lib/python3.7/site-packages/theano/gpuarray/dnn.py:184: UserWarning: Your cuDNN version is more recent than Theano. If you encounter problems, try updating Theano or downgrading cuDNN to a version >= v5 and <= v7.
  warnings.warn("Your cuDNN version is more recent than "
Using cuDNN version 7600 on context None
Mapped name None to device cuda0: Tesla P100-PCIE-16GB (0000:82:00.0)
TheanoLM 1.3.2
Theano 1.0.4
pygpu 0.7.6
==
+ srun --gres=gpu:1 theanolm decode /scratch/work/moisioa3/conv_lm/experiments/morph/D=0.001-D2=0.002-cutoffs001-n=5/nnlm.h5 --lattice-list /tmp/55136546/lattices/lattice-list --output-file /scratch/work/moisioa3/conv_lm/experiments/morph/D=0.001-D2=0.002-cutoffs001-n=5/decode/devel/lambda=0.5-lms=10/77.trn --output trn --nnlm-weight 0.5 --lm-scale 10 --max-tokens-per-node 62 --beam 650 --recombination-order 22 --num-jobs 128 --job 77 --unk-penalty=-20
2020-08-21 12:58:46,954 get_default_device: Context None device="Tesla P100-PCIE-16GB" ID="0000:82:00.0"
2020-08-21 12:58:46,956 from_file: Reading vocabulary from network state.
2020-08-21 12:58:47,206 from_file: Number of words in vocabulary: 42699
2020-08-21 12:58:47,206 from_file: Number of words in shortlist: 42699
2020-08-21 12:58:47,207 from_file: Number of word classes: 42699
2020-08-21 12:58:47,207 from_file: Building neural network.
2020-08-21 12:59:29,928 from_file: Restoring neural network state.
2020-08-21 12:59:30,264 decode: Building word lattice decoder.
2020-08-21 12:59:35,654 __iter__: Reading lattice file `/tmp/55136546/lattices/dspm004_dsp2013_18.lat.gz´.
2020-08-21 12:59:36,380 decode: Utterance `dspm004_dsp2013_18´ -- 1 of job 77
2020-08-21 13:00:03,067 __iter__: Reading lattice file `/tmp/55136546/lattices/dspm014_dsp2013_25.lat.gz´.
2020-08-21 13:00:03,224 decode: Utterance `dspm014_dsp2013_25´ -- 2 of job 77
2020-08-21 13:00:07,303 __iter__: Reading lattice file `/tmp/55136546/lattices/dspm022_dsp2013_11.lat.gz´.
2020-08-21 13:00:07,411 decode: Utterance `dspm022_dsp2013_11´ -- 3 of job 77
2020-08-21 13:00:10,043 __iter__: Reading lattice file `/tmp/55136546/lattices/dspm031_dsp2013_24.lat.gz´.
2020-08-21 13:00:10,097 decode: Utterance `dspm031_dsp2013_24´ -- 4 of job 77
2020-08-21 13:00:11,187 __iter__: Reading lattice file `/tmp/55136546/lattices/dspm040_dsp2013_19.lat.gz´.
2020-08-21 13:00:12,107 decode: Utterance `dspm040_dsp2013_19´ -- 5 of job 77
2020-08-21 13:00:34,079 __iter__: Reading lattice file `/tmp/55136546/lattices/dspm050_dsp2013_02.lat.gz´.
2020-08-21 13:00:34,444 decode: Utterance `dspm050_dsp2013_02´ -- 6 of job 77
2020-08-21 13:00:44,130 __iter__: Reading lattice file `/tmp/55136546/lattices/dspm058_dsp2013_07.lat.gz´.
2020-08-21 13:00:45,384 decode: Utterance `dspm058_dsp2013_07´ -- 7 of job 77
2020-08-21 13:01:09,956 __iter__: Reading lattice file `/tmp/55136546/lattices/radioshaka_kbk20120915_61.lat.gz´.
2020-08-21 13:01:10,541 decode: Utterance `radioshaka_kbk20120915_61´ -- 8 of job 77
/scratch/work/groszt1/envs/theanoLM/lib/python3.7/site-packages/theano/gpuarray/dnn.py:184: UserWarning: Your cuDNN version is more recent than Theano. If you encounter problems, try updating Theano or downgrading cuDNN to a version >= v5 and <= v7.
  warnings.warn("Your cuDNN version is more recent than "
Using cuDNN version 7600 on context None
Mapped name None to device cuda0: Tesla P100-PCIE-16GB (0000:82:00.0)
/scratch/work/groszt1/envs/theanoLM/lib/python3.7/site-packages/h5py-2.9.0-py3.7-linux-x86_64.egg/h5py/_hl/dataset.py:313: H5pyDeprecationWarning: dataset.value has been deprecated. Use dataset[()] instead.
  "Use dataset[()] instead.", H5pyDeprecationWarning)
/scratch/work/groszt1/envs/theanoLM/lib/python3.7/site-packages/h5py-2.9.0-py3.7-linux-x86_64.egg/h5py/_hl/dataset.py:313: H5pyDeprecationWarning: dataset.value has been deprecated. Use dataset[()] instead.
  "Use dataset[()] instead.", H5pyDeprecationWarning)
decode_theanolm finished.
/tmp/55136546/lattices
floatX=float32,device=cuda0,base_compiledir=/tmp/theano,exception_verbosity=high,openmp=False
/scratch/work/groszt1/envs/theanoLM/lib/python3.7/site-packages/theano/gpuarray/dnn.py:184: UserWarning: Your cuDNN version is more recent than Theano. If you encounter problems, try updating Theano or downgrading cuDNN to a version >= v5 and <= v7.
  warnings.warn("Your cuDNN version is more recent than "
Using cuDNN version 7600 on context None
Mapped name None to device cuda0: Tesla P100-PCIE-16GB (0000:82:00.0)
TheanoLM 1.3.2
Theano 1.0.4
pygpu 0.7.6
==
+ srun --gres=gpu:1 theanolm decode /scratch/work/moisioa3/conv_lm/experiments/morph/D=0.001-D2=0.002-cutoffs001-n=5/nnlm.h5 --lattice-list /tmp/55136546/lattices/lattice-list --output-file /scratch/work/moisioa3/conv_lm/experiments/morph/D=0.001-D2=0.002-cutoffs001-n=5/decode/devel/lambda=0.5-lms=11/77.trn --output trn --nnlm-weight 0.5 --lm-scale 11 --max-tokens-per-node 62 --beam 650 --recombination-order 22 --num-jobs 128 --job 77 --unk-penalty=-20
2020-08-21 13:01:34,190 get_default_device: Context None device="Tesla P100-PCIE-16GB" ID="0000:82:00.0"
2020-08-21 13:01:34,191 from_file: Reading vocabulary from network state.
2020-08-21 13:01:34,457 from_file: Number of words in vocabulary: 42699
2020-08-21 13:01:34,457 from_file: Number of words in shortlist: 42699
2020-08-21 13:01:34,457 from_file: Number of word classes: 42699
2020-08-21 13:01:34,457 from_file: Building neural network.
2020-08-21 13:02:17,471 from_file: Restoring neural network state.
2020-08-21 13:02:17,812 decode: Building word lattice decoder.
2020-08-21 13:02:23,196 __iter__: Reading lattice file `/tmp/55136546/lattices/dspm004_dsp2013_18.lat.gz´.
2020-08-21 13:02:23,912 decode: Utterance `dspm004_dsp2013_18´ -- 1 of job 77
2020-08-21 13:02:52,259 __iter__: Reading lattice file `/tmp/55136546/lattices/dspm014_dsp2013_25.lat.gz´.
2020-08-21 13:02:52,416 decode: Utterance `dspm014_dsp2013_25´ -- 2 of job 77
2020-08-21 13:02:56,705 __iter__: Reading lattice file `/tmp/55136546/lattices/dspm022_dsp2013_11.lat.gz´.
2020-08-21 13:02:56,813 decode: Utterance `dspm022_dsp2013_11´ -- 3 of job 77
2020-08-21 13:02:59,599 __iter__: Reading lattice file `/tmp/55136546/lattices/dspm031_dsp2013_24.lat.gz´.
2020-08-21 13:02:59,653 decode: Utterance `dspm031_dsp2013_24´ -- 4 of job 77
2020-08-21 13:03:00,819 __iter__: Reading lattice file `/tmp/55136546/lattices/dspm040_dsp2013_19.lat.gz´.
2020-08-21 13:03:01,716 decode: Utterance `dspm040_dsp2013_19´ -- 5 of job 77
2020-08-21 13:03:22,787 __iter__: Reading lattice file `/tmp/55136546/lattices/dspm050_dsp2013_02.lat.gz´.
2020-08-21 13:03:23,133 decode: Utterance `dspm050_dsp2013_02´ -- 6 of job 77
2020-08-21 13:03:32,777 __iter__: Reading lattice file `/tmp/55136546/lattices/dspm058_dsp2013_07.lat.gz´.
2020-08-21 13:03:33,976 decode: Utterance `dspm058_dsp2013_07´ -- 7 of job 77
2020-08-21 13:04:00,155 __iter__: Reading lattice file `/tmp/55136546/lattices/radioshaka_kbk20120915_61.lat.gz´.
2020-08-21 13:04:00,721 decode: Utterance `radioshaka_kbk20120915_61´ -- 8 of job 77
/scratch/work/groszt1/envs/theanoLM/lib/python3.7/site-packages/theano/gpuarray/dnn.py:184: UserWarning: Your cuDNN version is more recent than Theano. If you encounter problems, try updating Theano or downgrading cuDNN to a version >= v5 and <= v7.
  warnings.warn("Your cuDNN version is more recent than "
Using cuDNN version 7600 on context None
Mapped name None to device cuda0: Tesla P100-PCIE-16GB (0000:82:00.0)
/scratch/work/groszt1/envs/theanoLM/lib/python3.7/site-packages/h5py-2.9.0-py3.7-linux-x86_64.egg/h5py/_hl/dataset.py:313: H5pyDeprecationWarning: dataset.value has been deprecated. Use dataset[()] instead.
  "Use dataset[()] instead.", H5pyDeprecationWarning)
/scratch/work/groszt1/envs/theanoLM/lib/python3.7/site-packages/h5py-2.9.0-py3.7-linux-x86_64.egg/h5py/_hl/dataset.py:313: H5pyDeprecationWarning: dataset.value has been deprecated. Use dataset[()] instead.
  "Use dataset[()] instead.", H5pyDeprecationWarning)
decode_theanolm finished.
/tmp/55136546/lattices
floatX=float32,device=cuda0,base_compiledir=/tmp/theano,exception_verbosity=high,openmp=False
/scratch/work/groszt1/envs/theanoLM/lib/python3.7/site-packages/theano/gpuarray/dnn.py:184: UserWarning: Your cuDNN version is more recent than Theano. If you encounter problems, try updating Theano or downgrading cuDNN to a version >= v5 and <= v7.
  warnings.warn("Your cuDNN version is more recent than "
Using cuDNN version 7600 on context None
Mapped name None to device cuda0: Tesla P100-PCIE-16GB (0000:82:00.0)
TheanoLM 1.3.2
Theano 1.0.4
pygpu 0.7.6
==
+ srun --gres=gpu:1 theanolm decode /scratch/work/moisioa3/conv_lm/experiments/morph/D=0.001-D2=0.002-cutoffs001-n=5/nnlm.h5 --lattice-list /tmp/55136546/lattices/lattice-list --output-file /scratch/work/moisioa3/conv_lm/experiments/morph/D=0.001-D2=0.002-cutoffs001-n=5/decode/devel/lambda=1.0-lms=9/77.trn --output trn --nnlm-weight 1.0 --lm-scale 9 --max-tokens-per-node 62 --beam 650 --recombination-order 22 --num-jobs 128 --job 77 --unk-penalty=-20
2020-08-21 13:04:24,574 get_default_device: Context None device="Tesla P100-PCIE-16GB" ID="0000:82:00.0"
2020-08-21 13:04:24,575 from_file: Reading vocabulary from network state.
2020-08-21 13:04:24,822 from_file: Number of words in vocabulary: 42699
2020-08-21 13:04:24,823 from_file: Number of words in shortlist: 42699
2020-08-21 13:04:24,823 from_file: Number of word classes: 42699
2020-08-21 13:04:24,823 from_file: Building neural network.
2020-08-21 13:05:07,341 from_file: Restoring neural network state.
2020-08-21 13:05:07,682 decode: Building word lattice decoder.
2020-08-21 13:05:13,004 __iter__: Reading lattice file `/tmp/55136546/lattices/dspm004_dsp2013_18.lat.gz´.
2020-08-21 13:05:13,722 decode: Utterance `dspm004_dsp2013_18´ -- 1 of job 77
2020-08-21 13:05:35,489 __iter__: Reading lattice file `/tmp/55136546/lattices/dspm014_dsp2013_25.lat.gz´.
2020-08-21 13:05:35,646 decode: Utterance `dspm014_dsp2013_25´ -- 2 of job 77
2020-08-21 13:05:39,508 __iter__: Reading lattice file `/tmp/55136546/lattices/dspm022_dsp2013_11.lat.gz´.
2020-08-21 13:05:39,611 decode: Utterance `dspm022_dsp2013_11´ -- 3 of job 77
2020-08-21 13:05:41,823 __iter__: Reading lattice file `/tmp/55136546/lattices/dspm031_dsp2013_24.lat.gz´.
2020-08-21 13:05:41,877 decode: Utterance `dspm031_dsp2013_24´ -- 4 of job 77
2020-08-21 13:05:42,909 __iter__: Reading lattice file `/tmp/55136546/lattices/dspm040_dsp2013_19.lat.gz´.
2020-08-21 13:05:43,807 decode: Utterance `dspm040_dsp2013_19´ -- 5 of job 77
2020-08-21 13:06:04,064 __iter__: Reading lattice file `/tmp/55136546/lattices/dspm050_dsp2013_02.lat.gz´.
2020-08-21 13:06:04,419 decode: Utterance `dspm050_dsp2013_02´ -- 6 of job 77
2020-08-21 13:06:11,492 __iter__: Reading lattice file `/tmp/55136546/lattices/dspm058_dsp2013_07.lat.gz´.
2020-08-21 13:06:12,713 decode: Utterance `dspm058_dsp2013_07´ -- 7 of job 77
2020-08-21 13:06:34,947 __iter__: Reading lattice file `/tmp/55136546/lattices/radioshaka_kbk20120915_61.lat.gz´.
2020-08-21 13:06:35,525 decode: Utterance `radioshaka_kbk20120915_61´ -- 8 of job 77
/scratch/work/groszt1/envs/theanoLM/lib/python3.7/site-packages/theano/gpuarray/dnn.py:184: UserWarning: Your cuDNN version is more recent than Theano. If you encounter problems, try updating Theano or downgrading cuDNN to a version >= v5 and <= v7.
  warnings.warn("Your cuDNN version is more recent than "
Using cuDNN version 7600 on context None
Mapped name None to device cuda0: Tesla P100-PCIE-16GB (0000:82:00.0)
/scratch/work/groszt1/envs/theanoLM/lib/python3.7/site-packages/h5py-2.9.0-py3.7-linux-x86_64.egg/h5py/_hl/dataset.py:313: H5pyDeprecationWarning: dataset.value has been deprecated. Use dataset[()] instead.
  "Use dataset[()] instead.", H5pyDeprecationWarning)
/scratch/work/groszt1/envs/theanoLM/lib/python3.7/site-packages/h5py-2.9.0-py3.7-linux-x86_64.egg/h5py/_hl/dataset.py:313: H5pyDeprecationWarning: dataset.value has been deprecated. Use dataset[()] instead.
  "Use dataset[()] instead.", H5pyDeprecationWarning)
decode_theanolm finished.
/tmp/55136546/lattices
floatX=float32,device=cuda0,base_compiledir=/tmp/theano,exception_verbosity=high,openmp=False
/scratch/work/groszt1/envs/theanoLM/lib/python3.7/site-packages/theano/gpuarray/dnn.py:184: UserWarning: Your cuDNN version is more recent than Theano. If you encounter problems, try updating Theano or downgrading cuDNN to a version >= v5 and <= v7.
  warnings.warn("Your cuDNN version is more recent than "
Using cuDNN version 7600 on context None
Mapped name None to device cuda0: Tesla P100-PCIE-16GB (0000:82:00.0)
TheanoLM 1.3.2
Theano 1.0.4
pygpu 0.7.6
==
+ srun --gres=gpu:1 theanolm decode /scratch/work/moisioa3/conv_lm/experiments/morph/D=0.001-D2=0.002-cutoffs001-n=5/nnlm.h5 --lattice-list /tmp/55136546/lattices/lattice-list --output-file /scratch/work/moisioa3/conv_lm/experiments/morph/D=0.001-D2=0.002-cutoffs001-n=5/decode/devel/lambda=1.0-lms=10/77.trn --output trn --nnlm-weight 1.0 --lm-scale 10 --max-tokens-per-node 62 --beam 650 --recombination-order 22 --num-jobs 128 --job 77 --unk-penalty=-20
2020-08-21 13:06:57,600 get_default_device: Context None device="Tesla P100-PCIE-16GB" ID="0000:82:00.0"
2020-08-21 13:06:57,601 from_file: Reading vocabulary from network state.
2020-08-21 13:06:57,865 from_file: Number of words in vocabulary: 42699
2020-08-21 13:06:57,866 from_file: Number of words in shortlist: 42699
2020-08-21 13:06:57,866 from_file: Number of word classes: 42699
2020-08-21 13:06:57,866 from_file: Building neural network.
2020-08-21 13:07:42,350 from_file: Restoring neural network state.
2020-08-21 13:07:42,680 decode: Building word lattice decoder.
2020-08-21 13:07:47,985 __iter__: Reading lattice file `/tmp/55136546/lattices/dspm004_dsp2013_18.lat.gz´.
2020-08-21 13:07:48,688 decode: Utterance `dspm004_dsp2013_18´ -- 1 of job 77
2020-08-21 13:08:10,215 __iter__: Reading lattice file `/tmp/55136546/lattices/dspm014_dsp2013_25.lat.gz´.
2020-08-21 13:08:10,376 decode: Utterance `dspm014_dsp2013_25´ -- 2 of job 77
2020-08-21 13:08:14,231 __iter__: Reading lattice file `/tmp/55136546/lattices/dspm022_dsp2013_11.lat.gz´.
2020-08-21 13:08:14,338 decode: Utterance `dspm022_dsp2013_11´ -- 3 of job 77
2020-08-21 13:08:16,496 __iter__: Reading lattice file `/tmp/55136546/lattices/dspm031_dsp2013_24.lat.gz´.
2020-08-21 13:08:16,550 decode: Utterance `dspm031_dsp2013_24´ -- 4 of job 77
2020-08-21 13:08:17,576 __iter__: Reading lattice file `/tmp/55136546/lattices/dspm040_dsp2013_19.lat.gz´.
2020-08-21 13:08:18,478 decode: Utterance `dspm040_dsp2013_19´ -- 5 of job 77
2020-08-21 13:08:38,665 __iter__: Reading lattice file `/tmp/55136546/lattices/dspm050_dsp2013_02.lat.gz´.
2020-08-21 13:08:39,024 decode: Utterance `dspm050_dsp2013_02´ -- 6 of job 77
2020-08-21 13:08:46,221 __iter__: Reading lattice file `/tmp/55136546/lattices/dspm058_dsp2013_07.lat.gz´.
2020-08-21 13:08:47,461 decode: Utterance `dspm058_dsp2013_07´ -- 7 of job 77
2020-08-21 13:09:10,850 __iter__: Reading lattice file `/tmp/55136546/lattices/radioshaka_kbk20120915_61.lat.gz´.
2020-08-21 13:09:11,440 decode: Utterance `radioshaka_kbk20120915_61´ -- 8 of job 77
/scratch/work/groszt1/envs/theanoLM/lib/python3.7/site-packages/theano/gpuarray/dnn.py:184: UserWarning: Your cuDNN version is more recent than Theano. If you encounter problems, try updating Theano or downgrading cuDNN to a version >= v5 and <= v7.
  warnings.warn("Your cuDNN version is more recent than "
Using cuDNN version 7600 on context None
Mapped name None to device cuda0: Tesla P100-PCIE-16GB (0000:82:00.0)
/scratch/work/groszt1/envs/theanoLM/lib/python3.7/site-packages/h5py-2.9.0-py3.7-linux-x86_64.egg/h5py/_hl/dataset.py:313: H5pyDeprecationWarning: dataset.value has been deprecated. Use dataset[()] instead.
  "Use dataset[()] instead.", H5pyDeprecationWarning)
/scratch/work/groszt1/envs/theanoLM/lib/python3.7/site-packages/h5py-2.9.0-py3.7-linux-x86_64.egg/h5py/_hl/dataset.py:313: H5pyDeprecationWarning: dataset.value has been deprecated. Use dataset[()] instead.
  "Use dataset[()] instead.", H5pyDeprecationWarning)
decode_theanolm finished.
/tmp/55136546/lattices
floatX=float32,device=cuda0,base_compiledir=/tmp/theano,exception_verbosity=high,openmp=False
/scratch/work/groszt1/envs/theanoLM/lib/python3.7/site-packages/theano/gpuarray/dnn.py:184: UserWarning: Your cuDNN version is more recent than Theano. If you encounter problems, try updating Theano or downgrading cuDNN to a version >= v5 and <= v7.
  warnings.warn("Your cuDNN version is more recent than "
Using cuDNN version 7600 on context None
Mapped name None to device cuda0: Tesla P100-PCIE-16GB (0000:82:00.0)
TheanoLM 1.3.2
Theano 1.0.4
pygpu 0.7.6
==
+ srun --gres=gpu:1 theanolm decode /scratch/work/moisioa3/conv_lm/experiments/morph/D=0.001-D2=0.002-cutoffs001-n=5/nnlm.h5 --lattice-list /tmp/55136546/lattices/lattice-list --output-file /scratch/work/moisioa3/conv_lm/experiments/morph/D=0.001-D2=0.002-cutoffs001-n=5/decode/devel/lambda=1.0-lms=11/77.trn --output trn --nnlm-weight 1.0 --lm-scale 11 --max-tokens-per-node 62 --beam 650 --recombination-order 22 --num-jobs 128 --job 77 --unk-penalty=-20
2020-08-21 13:09:42,793 get_default_device: Context None device="Tesla P100-PCIE-16GB" ID="0000:82:00.0"
2020-08-21 13:09:42,795 from_file: Reading vocabulary from network state.
2020-08-21 13:09:43,080 from_file: Number of words in vocabulary: 42699
2020-08-21 13:09:43,081 from_file: Number of words in shortlist: 42699
2020-08-21 13:09:43,081 from_file: Number of word classes: 42699
2020-08-21 13:09:43,081 from_file: Building neural network.
2020-08-21 13:10:33,266 from_file: Restoring neural network state.
2020-08-21 13:10:33,607 decode: Building word lattice decoder.
2020-08-21 13:10:38,603 __iter__: Reading lattice file `/tmp/55136546/lattices/dspm004_dsp2013_18.lat.gz´.
2020-08-21 13:10:39,220 decode: Utterance `dspm004_dsp2013_18´ -- 1 of job 77
2020-08-21 13:11:00,612 __iter__: Reading lattice file `/tmp/55136546/lattices/dspm014_dsp2013_25.lat.gz´.
2020-08-21 13:11:00,767 decode: Utterance `dspm014_dsp2013_25´ -- 2 of job 77
2020-08-21 13:11:04,657 __iter__: Reading lattice file `/tmp/55136546/lattices/dspm022_dsp2013_11.lat.gz´.
2020-08-21 13:11:04,762 decode: Utterance `dspm022_dsp2013_11´ -- 3 of job 77
2020-08-21 13:11:06,909 __iter__: Reading lattice file `/tmp/55136546/lattices/dspm031_dsp2013_24.lat.gz´.
2020-08-21 13:11:06,962 decode: Utterance `dspm031_dsp2013_24´ -- 4 of job 77
2020-08-21 13:11:08,001 __iter__: Reading lattice file `/tmp/55136546/lattices/dspm040_dsp2013_19.lat.gz´.
2020-08-21 13:11:08,890 decode: Utterance `dspm040_dsp2013_19´ -- 5 of job 77
2020-08-21 13:11:29,291 __iter__: Reading lattice file `/tmp/55136546/lattices/dspm050_dsp2013_02.lat.gz´.
2020-08-21 13:11:29,640 decode: Utterance `dspm050_dsp2013_02´ -- 6 of job 77
2020-08-21 13:11:36,807 __iter__: Reading lattice file `/tmp/55136546/lattices/dspm058_dsp2013_07.lat.gz´.
2020-08-21 13:11:37,980 decode: Utterance `dspm058_dsp2013_07´ -- 7 of job 77
2020-08-21 13:12:00,082 __iter__: Reading lattice file `/tmp/55136546/lattices/radioshaka_kbk20120915_61.lat.gz´.
2020-08-21 13:12:00,653 decode: Utterance `radioshaka_kbk20120915_61´ -- 8 of job 77
/scratch/work/groszt1/envs/theanoLM/lib/python3.7/site-packages/theano/gpuarray/dnn.py:184: UserWarning: Your cuDNN version is more recent than Theano. If you encounter problems, try updating Theano or downgrading cuDNN to a version >= v5 and <= v7.
  warnings.warn("Your cuDNN version is more recent than "
Using cuDNN version 7600 on context None
Mapped name None to device cuda0: Tesla P100-PCIE-16GB (0000:82:00.0)
/scratch/work/groszt1/envs/theanoLM/lib/python3.7/site-packages/h5py-2.9.0-py3.7-linux-x86_64.egg/h5py/_hl/dataset.py:313: H5pyDeprecationWarning: dataset.value has been deprecated. Use dataset[()] instead.
  "Use dataset[()] instead.", H5pyDeprecationWarning)
/scratch/work/groszt1/envs/theanoLM/lib/python3.7/site-packages/h5py-2.9.0-py3.7-linux-x86_64.egg/h5py/_hl/dataset.py:313: H5pyDeprecationWarning: dataset.value has been deprecated. Use dataset[()] instead.
  "Use dataset[()] instead.", H5pyDeprecationWarning)
decode_theanolm finished.
decode devel finished.
