Experiment: morph/D=0.001-D2=0.002-cutoffs001-n=5
Job ID: 55136507
Task ID: 64
Host: gpu24.int.triton.aalto.fi
Start date: Fri Aug 21 12:35:14 EEST 2020
Work directory: /scratch/work/moisioa3/conv_lm/experiments/morph/D=0.001-D2=0.002-cutoffs001-n=5
Temporary directory: /tmp/55136507

Currently Loaded Modules:
  1) speech-scripts/2016.05.24-b928230   6) binutils/2.25-GCCcore-5.4.0
  2) srilm/default                       7) GCC/5.4.0-2.25
  3) cuda/10.0.130                       8) libgpuarray/2017.03.29-45c731f
  4) cudnn/7.4.2-cuda                    9) anaconda3/latest
  5) GCCcore/5.4.0

 

/tmp/55136507/lattices
floatX=float32,device=cuda0,base_compiledir=/tmp/theano,exception_verbosity=high,openmp=False
/scratch/work/groszt1/envs/theanoLM/lib/python3.7/site-packages/theano/gpuarray/dnn.py:184: UserWarning: Your cuDNN version is more recent than Theano. If you encounter problems, try updating Theano or downgrading cuDNN to a version >= v5 and <= v7.
  warnings.warn("Your cuDNN version is more recent than "
Using cuDNN version 7600 on context None
Mapped name None to device cuda0: Tesla P100-PCIE-16GB (0000:04:00.0)
TheanoLM 1.3.2
Theano 1.0.4
pygpu 0.7.6
==
+ srun --gres=gpu:1 theanolm decode /scratch/work/moisioa3/conv_lm/experiments/morph/D=0.001-D2=0.002-cutoffs001-n=5/nnlm.h5 --lattice-list /tmp/55136507/lattices/lattice-list --output-file /scratch/work/moisioa3/conv_lm/experiments/morph/D=0.001-D2=0.002-cutoffs001-n=5/decode/devel/lambda=0.5-lms=9/64.trn --output trn --nnlm-weight 0.5 --lm-scale 9 --max-tokens-per-node 62 --beam 650 --recombination-order 22 --num-jobs 128 --job 64 --unk-penalty=-20
2020-08-21 12:35:27,462 get_default_device: Context None device="Tesla P100-PCIE-16GB" ID="0000:04:00.0"
2020-08-21 12:35:27,463 from_file: Reading vocabulary from network state.
2020-08-21 12:35:27,718 from_file: Number of words in vocabulary: 42699
2020-08-21 12:35:27,719 from_file: Number of words in shortlist: 42699
2020-08-21 12:35:27,719 from_file: Number of word classes: 42699
2020-08-21 12:35:27,719 from_file: Building neural network.
2020-08-21 12:36:12,760 from_file: Restoring neural network state.
2020-08-21 12:36:13,103 decode: Building word lattice decoder.
2020-08-21 12:36:18,414 __iter__: Reading lattice file `/tmp/55136507/lattices/dspm004_dsp2013_05.lat.gz´.
2020-08-21 12:36:18,866 decode: Utterance `dspm004_dsp2013_05´ -- 1 of job 64
2020-08-21 12:36:33,343 __iter__: Reading lattice file `/tmp/55136507/lattices/dspm011_dsp2013_25.lat.gz´.
2020-08-21 12:36:33,654 decode: Utterance `dspm011_dsp2013_25´ -- 2 of job 64
2020-08-21 12:36:47,723 __iter__: Reading lattice file `/tmp/55136507/lattices/dspm021_dsp2013_23.lat.gz´.
2020-08-21 12:36:48,609 decode: Utterance `dspm021_dsp2013_23´ -- 3 of job 64
2020-08-21 12:37:35,759 __iter__: Reading lattice file `/tmp/55136507/lattices/dspm031_dsp2013_11.lat.gz´.
2020-08-21 12:37:35,949 decode: Utterance `dspm031_dsp2013_11´ -- 4 of job 64
2020-08-21 12:37:40,275 __iter__: Reading lattice file `/tmp/55136507/lattices/dspm040_dsp2013_06.lat.gz´.
2020-08-21 12:37:40,520 decode: Utterance `dspm040_dsp2013_06´ -- 5 of job 64
2020-08-21 12:37:44,838 __iter__: Reading lattice file `/tmp/55136507/lattices/dspm049_dsp2013_08.lat.gz´.
2020-08-21 12:37:47,209 decode: Utterance `dspm049_dsp2013_08´ -- 6 of job 64
2020-08-21 12:39:14,903 __iter__: Reading lattice file `/tmp/55136507/lattices/dspm057_dsp2013_13.lat.gz´.
2020-08-21 12:39:19,452 decode: Utterance `dspm057_dsp2013_13´ -- 7 of job 64
2020-08-21 12:42:07,206 __iter__: Reading lattice file `/tmp/55136507/lattices/radioshaka_kbk20120915_23.lat.gz´.
2020-08-21 12:42:09,525 decode: Utterance `radioshaka_kbk20120915_23´ -- 8 of job 64
/scratch/work/groszt1/envs/theanoLM/lib/python3.7/site-packages/theano/gpuarray/dnn.py:184: UserWarning: Your cuDNN version is more recent than Theano. If you encounter problems, try updating Theano or downgrading cuDNN to a version >= v5 and <= v7.
  warnings.warn("Your cuDNN version is more recent than "
Using cuDNN version 7600 on context None
Mapped name None to device cuda0: Tesla P100-PCIE-16GB (0000:04:00.0)
/scratch/work/groszt1/envs/theanoLM/lib/python3.7/site-packages/h5py-2.9.0-py3.7-linux-x86_64.egg/h5py/_hl/dataset.py:313: H5pyDeprecationWarning: dataset.value has been deprecated. Use dataset[()] instead.
  "Use dataset[()] instead.", H5pyDeprecationWarning)
/scratch/work/groszt1/envs/theanoLM/lib/python3.7/site-packages/h5py-2.9.0-py3.7-linux-x86_64.egg/h5py/_hl/dataset.py:313: H5pyDeprecationWarning: dataset.value has been deprecated. Use dataset[()] instead.
  "Use dataset[()] instead.", H5pyDeprecationWarning)
decode_theanolm finished.
/tmp/55136507/lattices
floatX=float32,device=cuda0,base_compiledir=/tmp/theano,exception_verbosity=high,openmp=False
/scratch/work/groszt1/envs/theanoLM/lib/python3.7/site-packages/theano/gpuarray/dnn.py:184: UserWarning: Your cuDNN version is more recent than Theano. If you encounter problems, try updating Theano or downgrading cuDNN to a version >= v5 and <= v7.
  warnings.warn("Your cuDNN version is more recent than "
Using cuDNN version 7600 on context None
Mapped name None to device cuda0: Tesla P100-PCIE-16GB (0000:04:00.0)
TheanoLM 1.3.2
Theano 1.0.4
pygpu 0.7.6
==
+ srun --gres=gpu:1 theanolm decode /scratch/work/moisioa3/conv_lm/experiments/morph/D=0.001-D2=0.002-cutoffs001-n=5/nnlm.h5 --lattice-list /tmp/55136507/lattices/lattice-list --output-file /scratch/work/moisioa3/conv_lm/experiments/morph/D=0.001-D2=0.002-cutoffs001-n=5/decode/devel/lambda=0.5-lms=10/64.trn --output trn --nnlm-weight 0.5 --lm-scale 10 --max-tokens-per-node 62 --beam 650 --recombination-order 22 --num-jobs 128 --job 64 --unk-penalty=-20
2020-08-21 12:44:07,663 get_default_device: Context None device="Tesla P100-PCIE-16GB" ID="0000:04:00.0"
2020-08-21 12:44:07,665 from_file: Reading vocabulary from network state.
2020-08-21 12:44:07,923 from_file: Number of words in vocabulary: 42699
2020-08-21 12:44:07,924 from_file: Number of words in shortlist: 42699
2020-08-21 12:44:07,924 from_file: Number of word classes: 42699
2020-08-21 12:44:07,924 from_file: Building neural network.
2020-08-21 12:44:51,690 from_file: Restoring neural network state.
2020-08-21 12:44:52,039 decode: Building word lattice decoder.
2020-08-21 12:44:57,455 __iter__: Reading lattice file `/tmp/55136507/lattices/dspm004_dsp2013_05.lat.gz´.
2020-08-21 12:44:57,897 decode: Utterance `dspm004_dsp2013_05´ -- 1 of job 64
2020-08-21 12:45:12,784 __iter__: Reading lattice file `/tmp/55136507/lattices/dspm011_dsp2013_25.lat.gz´.
2020-08-21 12:45:13,097 decode: Utterance `dspm011_dsp2013_25´ -- 2 of job 64
2020-08-21 12:45:27,366 __iter__: Reading lattice file `/tmp/55136507/lattices/dspm021_dsp2013_23.lat.gz´.
2020-08-21 12:45:28,250 decode: Utterance `dspm021_dsp2013_23´ -- 3 of job 64
2020-08-21 12:46:18,082 __iter__: Reading lattice file `/tmp/55136507/lattices/dspm031_dsp2013_11.lat.gz´.
2020-08-21 12:46:18,269 decode: Utterance `dspm031_dsp2013_11´ -- 4 of job 64
2020-08-21 12:46:22,580 __iter__: Reading lattice file `/tmp/55136507/lattices/dspm040_dsp2013_06.lat.gz´.
2020-08-21 12:46:22,819 decode: Utterance `dspm040_dsp2013_06´ -- 5 of job 64
2020-08-21 12:46:27,143 __iter__: Reading lattice file `/tmp/55136507/lattices/dspm049_dsp2013_08.lat.gz´.
2020-08-21 12:46:29,480 decode: Utterance `dspm049_dsp2013_08´ -- 6 of job 64
2020-08-21 12:47:57,323 __iter__: Reading lattice file `/tmp/55136507/lattices/dspm057_dsp2013_13.lat.gz´.
2020-08-21 12:48:01,795 decode: Utterance `dspm057_dsp2013_13´ -- 7 of job 64
2020-08-21 12:50:58,435 __iter__: Reading lattice file `/tmp/55136507/lattices/radioshaka_kbk20120915_23.lat.gz´.
2020-08-21 12:51:00,756 decode: Utterance `radioshaka_kbk20120915_23´ -- 8 of job 64
/scratch/work/groszt1/envs/theanoLM/lib/python3.7/site-packages/theano/gpuarray/dnn.py:184: UserWarning: Your cuDNN version is more recent than Theano. If you encounter problems, try updating Theano or downgrading cuDNN to a version >= v5 and <= v7.
  warnings.warn("Your cuDNN version is more recent than "
Using cuDNN version 7600 on context None
Mapped name None to device cuda0: Tesla P100-PCIE-16GB (0000:04:00.0)
/scratch/work/groszt1/envs/theanoLM/lib/python3.7/site-packages/h5py-2.9.0-py3.7-linux-x86_64.egg/h5py/_hl/dataset.py:313: H5pyDeprecationWarning: dataset.value has been deprecated. Use dataset[()] instead.
  "Use dataset[()] instead.", H5pyDeprecationWarning)
/scratch/work/groszt1/envs/theanoLM/lib/python3.7/site-packages/h5py-2.9.0-py3.7-linux-x86_64.egg/h5py/_hl/dataset.py:313: H5pyDeprecationWarning: dataset.value has been deprecated. Use dataset[()] instead.
  "Use dataset[()] instead.", H5pyDeprecationWarning)
decode_theanolm finished.
/tmp/55136507/lattices
floatX=float32,device=cuda0,base_compiledir=/tmp/theano,exception_verbosity=high,openmp=False
/scratch/work/groszt1/envs/theanoLM/lib/python3.7/site-packages/theano/gpuarray/dnn.py:184: UserWarning: Your cuDNN version is more recent than Theano. If you encounter problems, try updating Theano or downgrading cuDNN to a version >= v5 and <= v7.
  warnings.warn("Your cuDNN version is more recent than "
Using cuDNN version 7600 on context None
Mapped name None to device cuda0: Tesla P100-PCIE-16GB (0000:04:00.0)
TheanoLM 1.3.2
Theano 1.0.4
pygpu 0.7.6
==
+ srun --gres=gpu:1 theanolm decode /scratch/work/moisioa3/conv_lm/experiments/morph/D=0.001-D2=0.002-cutoffs001-n=5/nnlm.h5 --lattice-list /tmp/55136507/lattices/lattice-list --output-file /scratch/work/moisioa3/conv_lm/experiments/morph/D=0.001-D2=0.002-cutoffs001-n=5/decode/devel/lambda=0.5-lms=11/64.trn --output trn --nnlm-weight 0.5 --lm-scale 11 --max-tokens-per-node 62 --beam 650 --recombination-order 22 --num-jobs 128 --job 64 --unk-penalty=-20
2020-08-21 12:53:01,078 get_default_device: Context None device="Tesla P100-PCIE-16GB" ID="0000:04:00.0"
2020-08-21 12:53:01,079 from_file: Reading vocabulary from network state.
2020-08-21 12:53:01,339 from_file: Number of words in vocabulary: 42699
2020-08-21 12:53:01,339 from_file: Number of words in shortlist: 42699
2020-08-21 12:53:01,339 from_file: Number of word classes: 42699
2020-08-21 12:53:01,339 from_file: Building neural network.
2020-08-21 12:53:44,419 from_file: Restoring neural network state.
2020-08-21 12:53:44,766 decode: Building word lattice decoder.
2020-08-21 12:53:50,106 __iter__: Reading lattice file `/tmp/55136507/lattices/dspm004_dsp2013_05.lat.gz´.
2020-08-21 12:53:50,557 decode: Utterance `dspm004_dsp2013_05´ -- 1 of job 64
2020-08-21 12:54:05,826 __iter__: Reading lattice file `/tmp/55136507/lattices/dspm011_dsp2013_25.lat.gz´.
2020-08-21 12:54:06,147 decode: Utterance `dspm011_dsp2013_25´ -- 2 of job 64
2020-08-21 12:54:21,505 __iter__: Reading lattice file `/tmp/55136507/lattices/dspm021_dsp2013_23.lat.gz´.
2020-08-21 12:54:22,428 decode: Utterance `dspm021_dsp2013_23´ -- 3 of job 64
2020-08-21 12:55:13,581 __iter__: Reading lattice file `/tmp/55136507/lattices/dspm031_dsp2013_11.lat.gz´.
2020-08-21 12:55:13,774 decode: Utterance `dspm031_dsp2013_11´ -- 4 of job 64
2020-08-21 12:55:18,157 __iter__: Reading lattice file `/tmp/55136507/lattices/dspm040_dsp2013_06.lat.gz´.
2020-08-21 12:55:18,402 decode: Utterance `dspm040_dsp2013_06´ -- 5 of job 64
2020-08-21 12:55:22,886 __iter__: Reading lattice file `/tmp/55136507/lattices/dspm049_dsp2013_08.lat.gz´.
2020-08-21 12:55:25,302 decode: Utterance `dspm049_dsp2013_08´ -- 6 of job 64
2020-08-21 12:56:59,684 __iter__: Reading lattice file `/tmp/55136507/lattices/dspm057_dsp2013_13.lat.gz´.
2020-08-21 12:57:04,157 decode: Utterance `dspm057_dsp2013_13´ -- 7 of job 64
2020-08-21 13:00:19,085 __iter__: Reading lattice file `/tmp/55136507/lattices/radioshaka_kbk20120915_23.lat.gz´.
2020-08-21 13:00:21,359 decode: Utterance `radioshaka_kbk20120915_23´ -- 8 of job 64
/scratch/work/groszt1/envs/theanoLM/lib/python3.7/site-packages/theano/gpuarray/dnn.py:184: UserWarning: Your cuDNN version is more recent than Theano. If you encounter problems, try updating Theano or downgrading cuDNN to a version >= v5 and <= v7.
  warnings.warn("Your cuDNN version is more recent than "
Using cuDNN version 7600 on context None
Mapped name None to device cuda0: Tesla P100-PCIE-16GB (0000:04:00.0)
/scratch/work/groszt1/envs/theanoLM/lib/python3.7/site-packages/h5py-2.9.0-py3.7-linux-x86_64.egg/h5py/_hl/dataset.py:313: H5pyDeprecationWarning: dataset.value has been deprecated. Use dataset[()] instead.
  "Use dataset[()] instead.", H5pyDeprecationWarning)
/scratch/work/groszt1/envs/theanoLM/lib/python3.7/site-packages/h5py-2.9.0-py3.7-linux-x86_64.egg/h5py/_hl/dataset.py:313: H5pyDeprecationWarning: dataset.value has been deprecated. Use dataset[()] instead.
  "Use dataset[()] instead.", H5pyDeprecationWarning)
decode_theanolm finished.
/tmp/55136507/lattices
floatX=float32,device=cuda0,base_compiledir=/tmp/theano,exception_verbosity=high,openmp=False
/scratch/work/groszt1/envs/theanoLM/lib/python3.7/site-packages/theano/gpuarray/dnn.py:184: UserWarning: Your cuDNN version is more recent than Theano. If you encounter problems, try updating Theano or downgrading cuDNN to a version >= v5 and <= v7.
  warnings.warn("Your cuDNN version is more recent than "
Using cuDNN version 7600 on context None
Mapped name None to device cuda0: Tesla P100-PCIE-16GB (0000:04:00.0)
TheanoLM 1.3.2
Theano 1.0.4
pygpu 0.7.6
==
+ srun --gres=gpu:1 theanolm decode /scratch/work/moisioa3/conv_lm/experiments/morph/D=0.001-D2=0.002-cutoffs001-n=5/nnlm.h5 --lattice-list /tmp/55136507/lattices/lattice-list --output-file /scratch/work/moisioa3/conv_lm/experiments/morph/D=0.001-D2=0.002-cutoffs001-n=5/decode/devel/lambda=1.0-lms=9/64.trn --output trn --nnlm-weight 1.0 --lm-scale 9 --max-tokens-per-node 62 --beam 650 --recombination-order 22 --num-jobs 128 --job 64 --unk-penalty=-20
2020-08-21 13:02:28,812 get_default_device: Context None device="Tesla P100-PCIE-16GB" ID="0000:04:00.0"
2020-08-21 13:02:28,813 from_file: Reading vocabulary from network state.
2020-08-21 13:02:29,087 from_file: Number of words in vocabulary: 42699
2020-08-21 13:02:29,087 from_file: Number of words in shortlist: 42699
2020-08-21 13:02:29,087 from_file: Number of word classes: 42699
2020-08-21 13:02:29,087 from_file: Building neural network.
2020-08-21 13:03:12,294 from_file: Restoring neural network state.
2020-08-21 13:03:12,655 decode: Building word lattice decoder.
2020-08-21 13:03:18,051 __iter__: Reading lattice file `/tmp/55136507/lattices/dspm004_dsp2013_05.lat.gz´.
2020-08-21 13:03:18,494 decode: Utterance `dspm004_dsp2013_05´ -- 1 of job 64
2020-08-21 13:03:30,399 __iter__: Reading lattice file `/tmp/55136507/lattices/dspm011_dsp2013_25.lat.gz´.
2020-08-21 13:03:30,722 decode: Utterance `dspm011_dsp2013_25´ -- 2 of job 64
2020-08-21 13:03:41,825 __iter__: Reading lattice file `/tmp/55136507/lattices/dspm021_dsp2013_23.lat.gz´.
2020-08-21 13:03:42,751 decode: Utterance `dspm021_dsp2013_23´ -- 3 of job 64
2020-08-21 13:04:15,408 __iter__: Reading lattice file `/tmp/55136507/lattices/dspm031_dsp2013_11.lat.gz´.
2020-08-21 13:04:15,599 decode: Utterance `dspm031_dsp2013_11´ -- 4 of job 64
2020-08-21 13:04:19,889 __iter__: Reading lattice file `/tmp/55136507/lattices/dspm040_dsp2013_06.lat.gz´.
2020-08-21 13:04:20,121 decode: Utterance `dspm040_dsp2013_06´ -- 5 of job 64
2020-08-21 13:04:24,399 __iter__: Reading lattice file `/tmp/55136507/lattices/dspm049_dsp2013_08.lat.gz´.
2020-08-21 13:04:26,589 decode: Utterance `dspm049_dsp2013_08´ -- 6 of job 64
2020-08-21 13:05:40,802 __iter__: Reading lattice file `/tmp/55136507/lattices/dspm057_dsp2013_13.lat.gz´.
2020-08-21 13:05:45,064 decode: Utterance `dspm057_dsp2013_13´ -- 7 of job 64
2020-08-21 13:07:59,049 __iter__: Reading lattice file `/tmp/55136507/lattices/radioshaka_kbk20120915_23.lat.gz´.
2020-08-21 13:08:01,243 decode: Utterance `radioshaka_kbk20120915_23´ -- 8 of job 64
/scratch/work/groszt1/envs/theanoLM/lib/python3.7/site-packages/theano/gpuarray/dnn.py:184: UserWarning: Your cuDNN version is more recent than Theano. If you encounter problems, try updating Theano or downgrading cuDNN to a version >= v5 and <= v7.
  warnings.warn("Your cuDNN version is more recent than "
Using cuDNN version 7600 on context None
Mapped name None to device cuda0: Tesla P100-PCIE-16GB (0000:04:00.0)
/scratch/work/groszt1/envs/theanoLM/lib/python3.7/site-packages/h5py-2.9.0-py3.7-linux-x86_64.egg/h5py/_hl/dataset.py:313: H5pyDeprecationWarning: dataset.value has been deprecated. Use dataset[()] instead.
  "Use dataset[()] instead.", H5pyDeprecationWarning)
/scratch/work/groszt1/envs/theanoLM/lib/python3.7/site-packages/h5py-2.9.0-py3.7-linux-x86_64.egg/h5py/_hl/dataset.py:313: H5pyDeprecationWarning: dataset.value has been deprecated. Use dataset[()] instead.
  "Use dataset[()] instead.", H5pyDeprecationWarning)
decode_theanolm finished.
/tmp/55136507/lattices
floatX=float32,device=cuda0,base_compiledir=/tmp/theano,exception_verbosity=high,openmp=False
/scratch/work/groszt1/envs/theanoLM/lib/python3.7/site-packages/theano/gpuarray/dnn.py:184: UserWarning: Your cuDNN version is more recent than Theano. If you encounter problems, try updating Theano or downgrading cuDNN to a version >= v5 and <= v7.
  warnings.warn("Your cuDNN version is more recent than "
Using cuDNN version 7600 on context None
Mapped name None to device cuda0: Tesla P100-PCIE-16GB (0000:04:00.0)
TheanoLM 1.3.2
Theano 1.0.4
pygpu 0.7.6
==
+ srun --gres=gpu:1 theanolm decode /scratch/work/moisioa3/conv_lm/experiments/morph/D=0.001-D2=0.002-cutoffs001-n=5/nnlm.h5 --lattice-list /tmp/55136507/lattices/lattice-list --output-file /scratch/work/moisioa3/conv_lm/experiments/morph/D=0.001-D2=0.002-cutoffs001-n=5/decode/devel/lambda=1.0-lms=10/64.trn --output trn --nnlm-weight 1.0 --lm-scale 10 --max-tokens-per-node 62 --beam 650 --recombination-order 22 --num-jobs 128 --job 64 --unk-penalty=-20
2020-08-21 13:09:40,559 get_default_device: Context None device="Tesla P100-PCIE-16GB" ID="0000:04:00.0"
2020-08-21 13:09:40,560 from_file: Reading vocabulary from network state.
2020-08-21 13:09:40,828 from_file: Number of words in vocabulary: 42699
2020-08-21 13:09:40,829 from_file: Number of words in shortlist: 42699
2020-08-21 13:09:40,829 from_file: Number of word classes: 42699
2020-08-21 13:09:40,829 from_file: Building neural network.
2020-08-21 13:10:30,409 from_file: Restoring neural network state.
2020-08-21 13:10:30,747 decode: Building word lattice decoder.
/scratch/work/groszt1/envs/theanoLM/lib/python3.7/site-packages/theano/gpuarray/dnn.py:184: UserWarning: Your cuDNN version is more recent than Theano. If you encounter problems, try updating Theano or downgrading cuDNN to a version >= v5 and <= v7.
  warnings.warn("Your cuDNN version is more recent than "
Using cuDNN version 7600 on context None
Mapped name None to device cuda0: Tesla P100-PCIE-16GB (0000:04:00.0)
/scratch/work/groszt1/envs/theanoLM/lib/python3.7/site-packages/h5py-2.9.0-py3.7-linux-x86_64.egg/h5py/_hl/dataset.py:313: H5pyDeprecationWarning: dataset.value has been deprecated. Use dataset[()] instead.
  "Use dataset[()] instead.", H5pyDeprecationWarning)
/scratch/work/groszt1/envs/theanoLM/lib/python3.7/site-packages/h5py-2.9.0-py3.7-linux-x86_64.egg/h5py/_hl/dataset.py:313: H5pyDeprecationWarning: dataset.value has been deprecated. Use dataset[()] instead.
  "Use dataset[()] instead.", H5pyDeprecationWarning)
INFO (theano.gof.compilelock): Waiting for existing lock by process '2062' (I am process '1985')
2020-08-21 13:10:40,950 lock: Waiting for existing lock by process '2062' (I am process '1985')
INFO (theano.gof.compilelock): To manually release the lock, delete /tmp/theano/compiledir_Linux-3.10-el7.x86_64-x86_64-with-centos-7.8.2003-Core-x86_64-3.7.3-64/lock_dir
2020-08-21 13:10:40,950 lock: To manually release the lock, delete /tmp/theano/compiledir_Linux-3.10-el7.x86_64-x86_64-with-centos-7.8.2003-Core-x86_64-3.7.3-64/lock_dir
INFO (theano.gof.compilelock): Waiting for existing lock by process '2062' (I am process '1985')
2020-08-21 13:10:46,462 lock: Waiting for existing lock by process '2062' (I am process '1985')
INFO (theano.gof.compilelock): To manually release the lock, delete /tmp/theano/compiledir_Linux-3.10-el7.x86_64-x86_64-with-centos-7.8.2003-Core-x86_64-3.7.3-64/lock_dir
2020-08-21 13:10:46,462 lock: To manually release the lock, delete /tmp/theano/compiledir_Linux-3.10-el7.x86_64-x86_64-with-centos-7.8.2003-Core-x86_64-3.7.3-64/lock_dir
2020-08-21 13:10:56,093 __iter__: Reading lattice file `/tmp/55136507/lattices/dspm004_dsp2013_05.lat.gz´.
2020-08-21 13:10:56,523 decode: Utterance `dspm004_dsp2013_05´ -- 1 of job 64
2020-08-21 13:11:08,264 __iter__: Reading lattice file `/tmp/55136507/lattices/dspm011_dsp2013_25.lat.gz´.
2020-08-21 13:11:08,579 decode: Utterance `dspm011_dsp2013_25´ -- 2 of job 64
2020-08-21 13:11:19,077 __iter__: Reading lattice file `/tmp/55136507/lattices/dspm021_dsp2013_23.lat.gz´.
2020-08-21 13:11:19,955 decode: Utterance `dspm021_dsp2013_23´ -- 3 of job 64
2020-08-21 13:11:49,703 __iter__: Reading lattice file `/tmp/55136507/lattices/dspm031_dsp2013_11.lat.gz´.
2020-08-21 13:11:49,890 decode: Utterance `dspm031_dsp2013_11´ -- 4 of job 64
2020-08-21 13:11:54,018 __iter__: Reading lattice file `/tmp/55136507/lattices/dspm040_dsp2013_06.lat.gz´.
2020-08-21 13:11:54,261 decode: Utterance `dspm040_dsp2013_06´ -- 5 of job 64
2020-08-21 13:11:58,573 __iter__: Reading lattice file `/tmp/55136507/lattices/dspm049_dsp2013_08.lat.gz´.
2020-08-21 13:12:00,909 decode: Utterance `dspm049_dsp2013_08´ -- 6 of job 64
2020-08-21 13:13:20,801 __iter__: Reading lattice file `/tmp/55136507/lattices/dspm057_dsp2013_13.lat.gz´.
2020-08-21 13:13:25,196 decode: Utterance `dspm057_dsp2013_13´ -- 7 of job 64
2020-08-21 13:15:34,442 __iter__: Reading lattice file `/tmp/55136507/lattices/radioshaka_kbk20120915_23.lat.gz´.
2020-08-21 13:15:36,735 decode: Utterance `radioshaka_kbk20120915_23´ -- 8 of job 64
decode_theanolm finished.
/tmp/55136507/lattices
floatX=float32,device=cuda0,base_compiledir=/tmp/theano,exception_verbosity=high,openmp=False
/scratch/work/groszt1/envs/theanoLM/lib/python3.7/site-packages/theano/gpuarray/dnn.py:184: UserWarning: Your cuDNN version is more recent than Theano. If you encounter problems, try updating Theano or downgrading cuDNN to a version >= v5 and <= v7.
  warnings.warn("Your cuDNN version is more recent than "
Using cuDNN version 7600 on context None
Mapped name None to device cuda0: Tesla P100-PCIE-16GB (0000:04:00.0)
TheanoLM 1.3.2
Theano 1.0.4
pygpu 0.7.6
==
+ srun --gres=gpu:1 theanolm decode /scratch/work/moisioa3/conv_lm/experiments/morph/D=0.001-D2=0.002-cutoffs001-n=5/nnlm.h5 --lattice-list /tmp/55136507/lattices/lattice-list --output-file /scratch/work/moisioa3/conv_lm/experiments/morph/D=0.001-D2=0.002-cutoffs001-n=5/decode/devel/lambda=1.0-lms=11/64.trn --output trn --nnlm-weight 1.0 --lm-scale 11 --max-tokens-per-node 62 --beam 650 --recombination-order 22 --num-jobs 128 --job 64 --unk-penalty=-20
2020-08-21 13:17:20,291 get_default_device: Context None device="Tesla P100-PCIE-16GB" ID="0000:04:00.0"
2020-08-21 13:17:20,293 from_file: Reading vocabulary from network state.
2020-08-21 13:17:20,572 from_file: Number of words in vocabulary: 42699
2020-08-21 13:17:20,572 from_file: Number of words in shortlist: 42699
2020-08-21 13:17:20,572 from_file: Number of word classes: 42699
2020-08-21 13:17:20,573 from_file: Building neural network.
2020-08-21 13:18:06,010 from_file: Restoring neural network state.
2020-08-21 13:18:06,357 decode: Building word lattice decoder.
2020-08-21 13:18:11,758 __iter__: Reading lattice file `/tmp/55136507/lattices/dspm004_dsp2013_05.lat.gz´.
2020-08-21 13:18:12,206 decode: Utterance `dspm004_dsp2013_05´ -- 1 of job 64
2020-08-21 13:18:23,947 __iter__: Reading lattice file `/tmp/55136507/lattices/dspm011_dsp2013_25.lat.gz´.
2020-08-21 13:18:24,256 decode: Utterance `dspm011_dsp2013_25´ -- 2 of job 64
2020-08-21 13:18:34,771 __iter__: Reading lattice file `/tmp/55136507/lattices/dspm021_dsp2013_23.lat.gz´.
2020-08-21 13:18:35,634 decode: Utterance `dspm021_dsp2013_23´ -- 3 of job 64
2020-08-21 13:19:07,181 __iter__: Reading lattice file `/tmp/55136507/lattices/dspm031_dsp2013_11.lat.gz´.
2020-08-21 13:19:07,378 decode: Utterance `dspm031_dsp2013_11´ -- 4 of job 64
2020-08-21 13:19:11,667 __iter__: Reading lattice file `/tmp/55136507/lattices/dspm040_dsp2013_06.lat.gz´.
2020-08-21 13:19:11,914 decode: Utterance `dspm040_dsp2013_06´ -- 5 of job 64
2020-08-21 13:19:16,377 __iter__: Reading lattice file `/tmp/55136507/lattices/dspm049_dsp2013_08.lat.gz´.
2020-08-21 13:19:18,644 decode: Utterance `dspm049_dsp2013_08´ -- 6 of job 64
2020-08-21 13:20:27,955 __iter__: Reading lattice file `/tmp/55136507/lattices/dspm057_dsp2013_13.lat.gz´.
2020-08-21 13:20:32,226 decode: Utterance `dspm057_dsp2013_13´ -- 7 of job 64
2020-08-21 13:22:48,312 __iter__: Reading lattice file `/tmp/55136507/lattices/radioshaka_kbk20120915_23.lat.gz´.
2020-08-21 13:22:50,470 decode: Utterance `radioshaka_kbk20120915_23´ -- 8 of job 64
/scratch/work/groszt1/envs/theanoLM/lib/python3.7/site-packages/theano/gpuarray/dnn.py:184: UserWarning: Your cuDNN version is more recent than Theano. If you encounter problems, try updating Theano or downgrading cuDNN to a version >= v5 and <= v7.
  warnings.warn("Your cuDNN version is more recent than "
Using cuDNN version 7600 on context None
Mapped name None to device cuda0: Tesla P100-PCIE-16GB (0000:04:00.0)
/scratch/work/groszt1/envs/theanoLM/lib/python3.7/site-packages/h5py-2.9.0-py3.7-linux-x86_64.egg/h5py/_hl/dataset.py:313: H5pyDeprecationWarning: dataset.value has been deprecated. Use dataset[()] instead.
  "Use dataset[()] instead.", H5pyDeprecationWarning)
/scratch/work/groszt1/envs/theanoLM/lib/python3.7/site-packages/h5py-2.9.0-py3.7-linux-x86_64.egg/h5py/_hl/dataset.py:313: H5pyDeprecationWarning: dataset.value has been deprecated. Use dataset[()] instead.
  "Use dataset[()] instead.", H5pyDeprecationWarning)
decode_theanolm finished.
decode devel finished.
