Experiment: morph/D=0.001-D2=0.002-cutoffs001-n=5
Job ID: 55136378
Task ID: 46
Host: gpu24.int.triton.aalto.fi
Start date: Fri Aug 21 12:10:41 EEST 2020
Work directory: /scratch/work/moisioa3/conv_lm/experiments/morph/D=0.001-D2=0.002-cutoffs001-n=5
Temporary directory: /tmp/55136378

Currently Loaded Modules:
  1) speech-scripts/2016.05.24-b928230   6) binutils/2.25-GCCcore-5.4.0
  2) srilm/default                       7) GCC/5.4.0-2.25
  3) cuda/10.0.130                       8) libgpuarray/2017.03.29-45c731f
  4) cudnn/7.4.2-cuda                    9) anaconda3/latest
  5) GCCcore/5.4.0

 

/tmp/55136378/lattices
floatX=float32,device=cuda0,base_compiledir=/tmp/theano,exception_verbosity=high,openmp=False
/scratch/work/groszt1/envs/theanoLM/lib/python3.7/site-packages/theano/gpuarray/dnn.py:184: UserWarning: Your cuDNN version is more recent than Theano. If you encounter problems, try updating Theano or downgrading cuDNN to a version >= v5 and <= v7.
  warnings.warn("Your cuDNN version is more recent than "
Using cuDNN version 7600 on context None
Mapped name None to device cuda0: Tesla P100-PCIE-16GB (0000:82:00.0)
TheanoLM 1.3.2
Theano 1.0.4
pygpu 0.7.6
==
+ srun --gres=gpu:1 theanolm decode /scratch/work/moisioa3/conv_lm/experiments/morph/D=0.001-D2=0.002-cutoffs001-n=5/nnlm.h5 --lattice-list /tmp/55136378/lattices/lattice-list --output-file /scratch/work/moisioa3/conv_lm/experiments/morph/D=0.001-D2=0.002-cutoffs001-n=5/decode/devel/lambda=0.5-lms=9/46.trn --output trn --nnlm-weight 0.5 --lm-scale 9 --max-tokens-per-node 62 --beam 650 --recombination-order 22 --num-jobs 128 --job 46 --unk-penalty=-20
2020-08-21 12:10:53,345 get_default_device: Context None device="Tesla P100-PCIE-16GB" ID="0000:82:00.0"
2020-08-21 12:10:53,346 from_file: Reading vocabulary from network state.
2020-08-21 12:10:53,614 from_file: Number of words in vocabulary: 42699
2020-08-21 12:10:53,614 from_file: Number of words in shortlist: 42699
2020-08-21 12:10:53,614 from_file: Number of word classes: 42699
2020-08-21 12:10:53,615 from_file: Building neural network.
2020-08-21 12:11:37,055 from_file: Restoring neural network state.
2020-08-21 12:11:37,416 decode: Building word lattice decoder.
2020-08-21 12:11:43,107 __iter__: Reading lattice file `/tmp/55136378/lattices/dspm001_dsp2013_07.lat.gz´.
2020-08-21 12:11:44,738 decode: Utterance `dspm001_dsp2013_07´ -- 1 of job 46
2020-08-21 12:12:42,307 __iter__: Reading lattice file `/tmp/55136378/lattices/dspm011_dsp2013_07.lat.gz´.
2020-08-21 12:12:42,511 decode: Utterance `dspm011_dsp2013_07´ -- 2 of job 46
2020-08-21 12:12:47,750 __iter__: Reading lattice file `/tmp/55136378/lattices/dspm021_dsp2013_03.lat.gz´.
2020-08-21 12:12:48,564 decode: Utterance `dspm021_dsp2013_03´ -- 3 of job 46
2020-08-21 12:13:14,356 __iter__: Reading lattice file `/tmp/55136378/lattices/dspm028_dsp2013_13.lat.gz´.
2020-08-21 12:13:14,577 decode: Utterance `dspm028_dsp2013_13´ -- 4 of job 46
2020-08-21 12:13:20,395 __iter__: Reading lattice file `/tmp/55136378/lattices/dspm039_dsp2013_15.lat.gz´.
2020-08-21 12:13:20,795 decode: Utterance `dspm039_dsp2013_15´ -- 5 of job 46
2020-08-21 12:13:32,401 __iter__: Reading lattice file `/tmp/55136378/lattices/dspm048_dsp2013_11.lat.gz´.
2020-08-21 12:13:32,815 decode: Utterance `dspm048_dsp2013_11´ -- 6 of job 46
2020-08-21 12:13:45,401 __iter__: Reading lattice file `/tmp/55136378/lattices/dspm056_dsp2013_15.lat.gz´.
2020-08-21 12:13:45,868 decode: Utterance `dspm056_dsp2013_15´ -- 7 of job 46
2020-08-21 12:13:57,291 __iter__: Reading lattice file `/tmp/55136378/lattices/radionoona_fym20071218_32.lat.gz´.
2020-08-21 12:13:57,330 decode: Utterance `radionoona_fym20071218_32´ -- 8 of job 46
/scratch/work/groszt1/envs/theanoLM/lib/python3.7/site-packages/theano/gpuarray/dnn.py:184: UserWarning: Your cuDNN version is more recent than Theano. If you encounter problems, try updating Theano or downgrading cuDNN to a version >= v5 and <= v7.
  warnings.warn("Your cuDNN version is more recent than "
Using cuDNN version 7600 on context None
Mapped name None to device cuda0: Tesla P100-PCIE-16GB (0000:82:00.0)
/scratch/work/groszt1/envs/theanoLM/lib/python3.7/site-packages/h5py-2.9.0-py3.7-linux-x86_64.egg/h5py/_hl/dataset.py:313: H5pyDeprecationWarning: dataset.value has been deprecated. Use dataset[()] instead.
  "Use dataset[()] instead.", H5pyDeprecationWarning)
/scratch/work/groszt1/envs/theanoLM/lib/python3.7/site-packages/h5py-2.9.0-py3.7-linux-x86_64.egg/h5py/_hl/dataset.py:313: H5pyDeprecationWarning: dataset.value has been deprecated. Use dataset[()] instead.
  "Use dataset[()] instead.", H5pyDeprecationWarning)
decode_theanolm finished.
/tmp/55136378/lattices
floatX=float32,device=cuda0,base_compiledir=/tmp/theano,exception_verbosity=high,openmp=False
/scratch/work/groszt1/envs/theanoLM/lib/python3.7/site-packages/theano/gpuarray/dnn.py:184: UserWarning: Your cuDNN version is more recent than Theano. If you encounter problems, try updating Theano or downgrading cuDNN to a version >= v5 and <= v7.
  warnings.warn("Your cuDNN version is more recent than "
Using cuDNN version 7600 on context None
Mapped name None to device cuda0: Tesla P100-PCIE-16GB (0000:82:00.0)
TheanoLM 1.3.2
Theano 1.0.4
pygpu 0.7.6
==
+ srun --gres=gpu:1 theanolm decode /scratch/work/moisioa3/conv_lm/experiments/morph/D=0.001-D2=0.002-cutoffs001-n=5/nnlm.h5 --lattice-list /tmp/55136378/lattices/lattice-list --output-file /scratch/work/moisioa3/conv_lm/experiments/morph/D=0.001-D2=0.002-cutoffs001-n=5/decode/devel/lambda=0.5-lms=10/46.trn --output trn --nnlm-weight 0.5 --lm-scale 10 --max-tokens-per-node 62 --beam 650 --recombination-order 22 --num-jobs 128 --job 46 --unk-penalty=-20
2020-08-21 12:14:05,878 get_default_device: Context None device="Tesla P100-PCIE-16GB" ID="0000:82:00.0"
2020-08-21 12:14:05,879 from_file: Reading vocabulary from network state.
2020-08-21 12:14:06,144 from_file: Number of words in vocabulary: 42699
2020-08-21 12:14:06,144 from_file: Number of words in shortlist: 42699
2020-08-21 12:14:06,145 from_file: Number of word classes: 42699
2020-08-21 12:14:06,145 from_file: Building neural network.
2020-08-21 12:14:53,432 from_file: Restoring neural network state.
2020-08-21 12:14:53,817 decode: Building word lattice decoder.
2020-08-21 12:14:59,392 __iter__: Reading lattice file `/tmp/55136378/lattices/dspm001_dsp2013_07.lat.gz´.
2020-08-21 12:15:00,965 decode: Utterance `dspm001_dsp2013_07´ -- 1 of job 46
2020-08-21 12:15:57,377 __iter__: Reading lattice file `/tmp/55136378/lattices/dspm011_dsp2013_07.lat.gz´.
2020-08-21 12:15:57,571 decode: Utterance `dspm011_dsp2013_07´ -- 2 of job 46
2020-08-21 12:16:02,340 __iter__: Reading lattice file `/tmp/55136378/lattices/dspm021_dsp2013_03.lat.gz´.
2020-08-21 12:16:03,125 decode: Utterance `dspm021_dsp2013_03´ -- 3 of job 46
2020-08-21 12:16:27,582 __iter__: Reading lattice file `/tmp/55136378/lattices/dspm028_dsp2013_13.lat.gz´.
2020-08-21 12:16:27,811 decode: Utterance `dspm028_dsp2013_13´ -- 4 of job 46
2020-08-21 12:16:33,624 __iter__: Reading lattice file `/tmp/55136378/lattices/dspm039_dsp2013_15.lat.gz´.
2020-08-21 12:16:34,022 decode: Utterance `dspm039_dsp2013_15´ -- 5 of job 46
2020-08-21 12:16:45,895 __iter__: Reading lattice file `/tmp/55136378/lattices/dspm048_dsp2013_11.lat.gz´.
2020-08-21 12:16:46,313 decode: Utterance `dspm048_dsp2013_11´ -- 6 of job 46
2020-08-21 12:16:59,682 __iter__: Reading lattice file `/tmp/55136378/lattices/dspm056_dsp2013_15.lat.gz´.
2020-08-21 12:17:00,133 decode: Utterance `dspm056_dsp2013_15´ -- 7 of job 46
2020-08-21 12:17:12,125 __iter__: Reading lattice file `/tmp/55136378/lattices/radionoona_fym20071218_32.lat.gz´.
2020-08-21 12:17:12,164 decode: Utterance `radionoona_fym20071218_32´ -- 8 of job 46
/scratch/work/groszt1/envs/theanoLM/lib/python3.7/site-packages/theano/gpuarray/dnn.py:184: UserWarning: Your cuDNN version is more recent than Theano. If you encounter problems, try updating Theano or downgrading cuDNN to a version >= v5 and <= v7.
  warnings.warn("Your cuDNN version is more recent than "
Using cuDNN version 7600 on context None
Mapped name None to device cuda0: Tesla P100-PCIE-16GB (0000:82:00.0)
/scratch/work/groszt1/envs/theanoLM/lib/python3.7/site-packages/h5py-2.9.0-py3.7-linux-x86_64.egg/h5py/_hl/dataset.py:313: H5pyDeprecationWarning: dataset.value has been deprecated. Use dataset[()] instead.
  "Use dataset[()] instead.", H5pyDeprecationWarning)
/scratch/work/groszt1/envs/theanoLM/lib/python3.7/site-packages/h5py-2.9.0-py3.7-linux-x86_64.egg/h5py/_hl/dataset.py:313: H5pyDeprecationWarning: dataset.value has been deprecated. Use dataset[()] instead.
  "Use dataset[()] instead.", H5pyDeprecationWarning)
decode_theanolm finished.
/tmp/55136378/lattices
floatX=float32,device=cuda0,base_compiledir=/tmp/theano,exception_verbosity=high,openmp=False
/scratch/work/groszt1/envs/theanoLM/lib/python3.7/site-packages/theano/gpuarray/dnn.py:184: UserWarning: Your cuDNN version is more recent than Theano. If you encounter problems, try updating Theano or downgrading cuDNN to a version >= v5 and <= v7.
  warnings.warn("Your cuDNN version is more recent than "
Using cuDNN version 7600 on context None
Mapped name None to device cuda0: Tesla P100-PCIE-16GB (0000:82:00.0)
TheanoLM 1.3.2
Theano 1.0.4
pygpu 0.7.6
==
+ srun --gres=gpu:1 theanolm decode /scratch/work/moisioa3/conv_lm/experiments/morph/D=0.001-D2=0.002-cutoffs001-n=5/nnlm.h5 --lattice-list /tmp/55136378/lattices/lattice-list --output-file /scratch/work/moisioa3/conv_lm/experiments/morph/D=0.001-D2=0.002-cutoffs001-n=5/decode/devel/lambda=0.5-lms=11/46.trn --output trn --nnlm-weight 0.5 --lm-scale 11 --max-tokens-per-node 62 --beam 650 --recombination-order 22 --num-jobs 128 --job 46 --unk-penalty=-20
2020-08-21 12:17:21,561 get_default_device: Context None device="Tesla P100-PCIE-16GB" ID="0000:82:00.0"
2020-08-21 12:17:21,562 from_file: Reading vocabulary from network state.
2020-08-21 12:17:21,821 from_file: Number of words in vocabulary: 42699
2020-08-21 12:17:21,822 from_file: Number of words in shortlist: 42699
2020-08-21 12:17:21,822 from_file: Number of word classes: 42699
2020-08-21 12:17:21,822 from_file: Building neural network.
2020-08-21 12:18:07,644 from_file: Restoring neural network state.
2020-08-21 12:18:07,974 decode: Building word lattice decoder.
2020-08-21 12:18:13,217 __iter__: Reading lattice file `/tmp/55136378/lattices/dspm001_dsp2013_07.lat.gz´.
2020-08-21 12:18:14,709 decode: Utterance `dspm001_dsp2013_07´ -- 1 of job 46
2020-08-21 12:19:10,472 __iter__: Reading lattice file `/tmp/55136378/lattices/dspm011_dsp2013_07.lat.gz´.
2020-08-21 12:19:10,667 decode: Utterance `dspm011_dsp2013_07´ -- 2 of job 46
2020-08-21 12:19:15,496 __iter__: Reading lattice file `/tmp/55136378/lattices/dspm021_dsp2013_03.lat.gz´.
2020-08-21 12:19:16,276 decode: Utterance `dspm021_dsp2013_03´ -- 3 of job 46
2020-08-21 12:19:40,681 __iter__: Reading lattice file `/tmp/55136378/lattices/dspm028_dsp2013_13.lat.gz´.
2020-08-21 12:19:40,903 decode: Utterance `dspm028_dsp2013_13´ -- 4 of job 46
2020-08-21 12:19:46,710 __iter__: Reading lattice file `/tmp/55136378/lattices/dspm039_dsp2013_15.lat.gz´.
2020-08-21 12:19:47,102 decode: Utterance `dspm039_dsp2013_15´ -- 5 of job 46
2020-08-21 12:19:59,144 __iter__: Reading lattice file `/tmp/55136378/lattices/dspm048_dsp2013_11.lat.gz´.
2020-08-21 12:19:59,559 decode: Utterance `dspm048_dsp2013_11´ -- 6 of job 46
2020-08-21 12:20:13,272 __iter__: Reading lattice file `/tmp/55136378/lattices/dspm056_dsp2013_15.lat.gz´.
2020-08-21 12:20:13,713 decode: Utterance `dspm056_dsp2013_15´ -- 7 of job 46
2020-08-21 12:20:25,462 __iter__: Reading lattice file `/tmp/55136378/lattices/radionoona_fym20071218_32.lat.gz´.
2020-08-21 12:20:25,500 decode: Utterance `radionoona_fym20071218_32´ -- 8 of job 46
/scratch/work/groszt1/envs/theanoLM/lib/python3.7/site-packages/theano/gpuarray/dnn.py:184: UserWarning: Your cuDNN version is more recent than Theano. If you encounter problems, try updating Theano or downgrading cuDNN to a version >= v5 and <= v7.
  warnings.warn("Your cuDNN version is more recent than "
Using cuDNN version 7600 on context None
Mapped name None to device cuda0: Tesla P100-PCIE-16GB (0000:82:00.0)
/scratch/work/groszt1/envs/theanoLM/lib/python3.7/site-packages/h5py-2.9.0-py3.7-linux-x86_64.egg/h5py/_hl/dataset.py:313: H5pyDeprecationWarning: dataset.value has been deprecated. Use dataset[()] instead.
  "Use dataset[()] instead.", H5pyDeprecationWarning)
/scratch/work/groszt1/envs/theanoLM/lib/python3.7/site-packages/h5py-2.9.0-py3.7-linux-x86_64.egg/h5py/_hl/dataset.py:313: H5pyDeprecationWarning: dataset.value has been deprecated. Use dataset[()] instead.
  "Use dataset[()] instead.", H5pyDeprecationWarning)
decode_theanolm finished.
/tmp/55136378/lattices
floatX=float32,device=cuda0,base_compiledir=/tmp/theano,exception_verbosity=high,openmp=False
/scratch/work/groszt1/envs/theanoLM/lib/python3.7/site-packages/theano/gpuarray/dnn.py:184: UserWarning: Your cuDNN version is more recent than Theano. If you encounter problems, try updating Theano or downgrading cuDNN to a version >= v5 and <= v7.
  warnings.warn("Your cuDNN version is more recent than "
Using cuDNN version 7600 on context None
Mapped name None to device cuda0: Tesla P100-PCIE-16GB (0000:82:00.0)
TheanoLM 1.3.2
Theano 1.0.4
pygpu 0.7.6
==
+ srun --gres=gpu:1 theanolm decode /scratch/work/moisioa3/conv_lm/experiments/morph/D=0.001-D2=0.002-cutoffs001-n=5/nnlm.h5 --lattice-list /tmp/55136378/lattices/lattice-list --output-file /scratch/work/moisioa3/conv_lm/experiments/morph/D=0.001-D2=0.002-cutoffs001-n=5/decode/devel/lambda=1.0-lms=9/46.trn --output trn --nnlm-weight 1.0 --lm-scale 9 --max-tokens-per-node 62 --beam 650 --recombination-order 22 --num-jobs 128 --job 46 --unk-penalty=-20
2020-08-21 12:20:34,211 get_default_device: Context None device="Tesla P100-PCIE-16GB" ID="0000:82:00.0"
2020-08-21 12:20:34,212 from_file: Reading vocabulary from network state.
2020-08-21 12:20:34,465 from_file: Number of words in vocabulary: 42699
2020-08-21 12:20:34,465 from_file: Number of words in shortlist: 42699
2020-08-21 12:20:34,465 from_file: Number of word classes: 42699
2020-08-21 12:20:34,466 from_file: Building neural network.
2020-08-21 12:21:21,444 from_file: Restoring neural network state.
2020-08-21 12:21:21,781 decode: Building word lattice decoder.
2020-08-21 12:21:27,441 __iter__: Reading lattice file `/tmp/55136378/lattices/dspm001_dsp2013_07.lat.gz´.
2020-08-21 12:21:29,046 decode: Utterance `dspm001_dsp2013_07´ -- 1 of job 46
2020-08-21 12:22:09,103 __iter__: Reading lattice file `/tmp/55136378/lattices/dspm011_dsp2013_07.lat.gz´.
2020-08-21 12:22:09,298 decode: Utterance `dspm011_dsp2013_07´ -- 2 of job 46
2020-08-21 12:22:13,329 __iter__: Reading lattice file `/tmp/55136378/lattices/dspm021_dsp2013_03.lat.gz´.
2020-08-21 12:22:14,125 decode: Utterance `dspm021_dsp2013_03´ -- 3 of job 46
2020-08-21 12:22:36,783 __iter__: Reading lattice file `/tmp/55136378/lattices/dspm028_dsp2013_13.lat.gz´.
2020-08-21 12:22:37,014 decode: Utterance `dspm028_dsp2013_13´ -- 4 of job 46
2020-08-21 12:22:41,571 __iter__: Reading lattice file `/tmp/55136378/lattices/dspm039_dsp2013_15.lat.gz´.
2020-08-21 12:22:41,970 decode: Utterance `dspm039_dsp2013_15´ -- 5 of job 46
2020-08-21 12:22:52,475 __iter__: Reading lattice file `/tmp/55136378/lattices/dspm048_dsp2013_11.lat.gz´.
2020-08-21 12:22:52,875 decode: Utterance `dspm048_dsp2013_11´ -- 6 of job 46
2020-08-21 12:23:02,991 __iter__: Reading lattice file `/tmp/55136378/lattices/dspm056_dsp2013_15.lat.gz´.
2020-08-21 12:23:03,430 decode: Utterance `dspm056_dsp2013_15´ -- 7 of job 46
2020-08-21 12:23:14,779 __iter__: Reading lattice file `/tmp/55136378/lattices/radionoona_fym20071218_32.lat.gz´.
2020-08-21 12:23:14,816 decode: Utterance `radionoona_fym20071218_32´ -- 8 of job 46
/scratch/work/groszt1/envs/theanoLM/lib/python3.7/site-packages/theano/gpuarray/dnn.py:184: UserWarning: Your cuDNN version is more recent than Theano. If you encounter problems, try updating Theano or downgrading cuDNN to a version >= v5 and <= v7.
  warnings.warn("Your cuDNN version is more recent than "
Using cuDNN version 7600 on context None
Mapped name None to device cuda0: Tesla P100-PCIE-16GB (0000:82:00.0)
/scratch/work/groszt1/envs/theanoLM/lib/python3.7/site-packages/h5py-2.9.0-py3.7-linux-x86_64.egg/h5py/_hl/dataset.py:313: H5pyDeprecationWarning: dataset.value has been deprecated. Use dataset[()] instead.
  "Use dataset[()] instead.", H5pyDeprecationWarning)
/scratch/work/groszt1/envs/theanoLM/lib/python3.7/site-packages/h5py-2.9.0-py3.7-linux-x86_64.egg/h5py/_hl/dataset.py:313: H5pyDeprecationWarning: dataset.value has been deprecated. Use dataset[()] instead.
  "Use dataset[()] instead.", H5pyDeprecationWarning)
decode_theanolm finished.
/tmp/55136378/lattices
floatX=float32,device=cuda0,base_compiledir=/tmp/theano,exception_verbosity=high,openmp=False
/scratch/work/groszt1/envs/theanoLM/lib/python3.7/site-packages/theano/gpuarray/dnn.py:184: UserWarning: Your cuDNN version is more recent than Theano. If you encounter problems, try updating Theano or downgrading cuDNN to a version >= v5 and <= v7.
  warnings.warn("Your cuDNN version is more recent than "
Using cuDNN version 7600 on context None
Mapped name None to device cuda0: Tesla P100-PCIE-16GB (0000:82:00.0)
TheanoLM 1.3.2
Theano 1.0.4
pygpu 0.7.6
==
+ srun --gres=gpu:1 theanolm decode /scratch/work/moisioa3/conv_lm/experiments/morph/D=0.001-D2=0.002-cutoffs001-n=5/nnlm.h5 --lattice-list /tmp/55136378/lattices/lattice-list --output-file /scratch/work/moisioa3/conv_lm/experiments/morph/D=0.001-D2=0.002-cutoffs001-n=5/decode/devel/lambda=1.0-lms=10/46.trn --output trn --nnlm-weight 1.0 --lm-scale 10 --max-tokens-per-node 62 --beam 650 --recombination-order 22 --num-jobs 128 --job 46 --unk-penalty=-20
2020-08-21 12:23:23,188 get_default_device: Context None device="Tesla P100-PCIE-16GB" ID="0000:82:00.0"
2020-08-21 12:23:23,189 from_file: Reading vocabulary from network state.
2020-08-21 12:23:23,456 from_file: Number of words in vocabulary: 42699
2020-08-21 12:23:23,456 from_file: Number of words in shortlist: 42699
2020-08-21 12:23:23,456 from_file: Number of word classes: 42699
2020-08-21 12:23:23,456 from_file: Building neural network.
2020-08-21 12:24:07,865 from_file: Restoring neural network state.
2020-08-21 12:24:08,234 decode: Building word lattice decoder.
2020-08-21 12:24:13,861 __iter__: Reading lattice file `/tmp/55136378/lattices/dspm001_dsp2013_07.lat.gz´.
2020-08-21 12:24:15,361 decode: Utterance `dspm001_dsp2013_07´ -- 1 of job 46
2020-08-21 12:24:56,495 __iter__: Reading lattice file `/tmp/55136378/lattices/dspm011_dsp2013_07.lat.gz´.
2020-08-21 12:24:56,691 decode: Utterance `dspm011_dsp2013_07´ -- 2 of job 46
2020-08-21 12:25:00,731 __iter__: Reading lattice file `/tmp/55136378/lattices/dspm021_dsp2013_03.lat.gz´.
2020-08-21 12:25:01,529 decode: Utterance `dspm021_dsp2013_03´ -- 3 of job 46
2020-08-21 12:25:22,944 __iter__: Reading lattice file `/tmp/55136378/lattices/dspm028_dsp2013_13.lat.gz´.
2020-08-21 12:25:23,170 decode: Utterance `dspm028_dsp2013_13´ -- 4 of job 46
2020-08-21 12:25:27,545 __iter__: Reading lattice file `/tmp/55136378/lattices/dspm039_dsp2013_15.lat.gz´.
2020-08-21 12:25:27,941 decode: Utterance `dspm039_dsp2013_15´ -- 5 of job 46
2020-08-21 12:25:38,089 __iter__: Reading lattice file `/tmp/55136378/lattices/dspm048_dsp2013_11.lat.gz´.
2020-08-21 12:25:38,510 decode: Utterance `dspm048_dsp2013_11´ -- 6 of job 46
2020-08-21 12:25:48,902 __iter__: Reading lattice file `/tmp/55136378/lattices/dspm056_dsp2013_15.lat.gz´.
2020-08-21 12:25:49,360 decode: Utterance `dspm056_dsp2013_15´ -- 7 of job 46
2020-08-21 12:26:00,773 __iter__: Reading lattice file `/tmp/55136378/lattices/radionoona_fym20071218_32.lat.gz´.
2020-08-21 12:26:00,811 decode: Utterance `radionoona_fym20071218_32´ -- 8 of job 46
/scratch/work/groszt1/envs/theanoLM/lib/python3.7/site-packages/theano/gpuarray/dnn.py:184: UserWarning: Your cuDNN version is more recent than Theano. If you encounter problems, try updating Theano or downgrading cuDNN to a version >= v5 and <= v7.
  warnings.warn("Your cuDNN version is more recent than "
Using cuDNN version 7600 on context None
Mapped name None to device cuda0: Tesla P100-PCIE-16GB (0000:82:00.0)
/scratch/work/groszt1/envs/theanoLM/lib/python3.7/site-packages/h5py-2.9.0-py3.7-linux-x86_64.egg/h5py/_hl/dataset.py:313: H5pyDeprecationWarning: dataset.value has been deprecated. Use dataset[()] instead.
  "Use dataset[()] instead.", H5pyDeprecationWarning)
/scratch/work/groszt1/envs/theanoLM/lib/python3.7/site-packages/h5py-2.9.0-py3.7-linux-x86_64.egg/h5py/_hl/dataset.py:313: H5pyDeprecationWarning: dataset.value has been deprecated. Use dataset[()] instead.
  "Use dataset[()] instead.", H5pyDeprecationWarning)
decode_theanolm finished.
/tmp/55136378/lattices
floatX=float32,device=cuda0,base_compiledir=/tmp/theano,exception_verbosity=high,openmp=False
/scratch/work/groszt1/envs/theanoLM/lib/python3.7/site-packages/theano/gpuarray/dnn.py:184: UserWarning: Your cuDNN version is more recent than Theano. If you encounter problems, try updating Theano or downgrading cuDNN to a version >= v5 and <= v7.
  warnings.warn("Your cuDNN version is more recent than "
Using cuDNN version 7600 on context None
Mapped name None to device cuda0: Tesla P100-PCIE-16GB (0000:82:00.0)
TheanoLM 1.3.2
Theano 1.0.4
pygpu 0.7.6
==
+ srun --gres=gpu:1 theanolm decode /scratch/work/moisioa3/conv_lm/experiments/morph/D=0.001-D2=0.002-cutoffs001-n=5/nnlm.h5 --lattice-list /tmp/55136378/lattices/lattice-list --output-file /scratch/work/moisioa3/conv_lm/experiments/morph/D=0.001-D2=0.002-cutoffs001-n=5/decode/devel/lambda=1.0-lms=11/46.trn --output trn --nnlm-weight 1.0 --lm-scale 11 --max-tokens-per-node 62 --beam 650 --recombination-order 22 --num-jobs 128 --job 46 --unk-penalty=-20
2020-08-21 12:26:09,174 get_default_device: Context None device="Tesla P100-PCIE-16GB" ID="0000:82:00.0"
2020-08-21 12:26:09,175 from_file: Reading vocabulary from network state.
2020-08-21 12:26:09,442 from_file: Number of words in vocabulary: 42699
2020-08-21 12:26:09,443 from_file: Number of words in shortlist: 42699
2020-08-21 12:26:09,443 from_file: Number of word classes: 42699
2020-08-21 12:26:09,443 from_file: Building neural network.
2020-08-21 12:26:52,142 from_file: Restoring neural network state.
2020-08-21 12:26:52,501 decode: Building word lattice decoder.
2020-08-21 12:27:06,529 __iter__: Reading lattice file `/tmp/55136378/lattices/dspm001_dsp2013_07.lat.gz´.
2020-08-21 12:27:08,159 decode: Utterance `dspm001_dsp2013_07´ -- 1 of job 46
2020-08-21 12:27:52,710 __iter__: Reading lattice file `/tmp/55136378/lattices/dspm011_dsp2013_07.lat.gz´.
2020-08-21 12:27:52,910 decode: Utterance `dspm011_dsp2013_07´ -- 2 of job 46
2020-08-21 12:27:57,246 __iter__: Reading lattice file `/tmp/55136378/lattices/dspm021_dsp2013_03.lat.gz´.
2020-08-21 12:27:58,062 decode: Utterance `dspm021_dsp2013_03´ -- 3 of job 46
2020-08-21 12:28:19,050 __iter__: Reading lattice file `/tmp/55136378/lattices/dspm028_dsp2013_13.lat.gz´.
2020-08-21 12:28:19,276 decode: Utterance `dspm028_dsp2013_13´ -- 4 of job 46
2020-08-21 12:28:23,646 __iter__: Reading lattice file `/tmp/55136378/lattices/dspm039_dsp2013_15.lat.gz´.
2020-08-21 12:28:24,043 decode: Utterance `dspm039_dsp2013_15´ -- 5 of job 46
2020-08-21 12:28:34,078 __iter__: Reading lattice file `/tmp/55136378/lattices/dspm048_dsp2013_11.lat.gz´.
2020-08-21 12:28:34,499 decode: Utterance `dspm048_dsp2013_11´ -- 6 of job 46
2020-08-21 12:28:44,981 __iter__: Reading lattice file `/tmp/55136378/lattices/dspm056_dsp2013_15.lat.gz´.
2020-08-21 12:28:45,437 decode: Utterance `dspm056_dsp2013_15´ -- 7 of job 46
2020-08-21 12:28:56,860 __iter__: Reading lattice file `/tmp/55136378/lattices/radionoona_fym20071218_32.lat.gz´.
2020-08-21 12:28:56,899 decode: Utterance `radionoona_fym20071218_32´ -- 8 of job 46
/scratch/work/groszt1/envs/theanoLM/lib/python3.7/site-packages/theano/gpuarray/dnn.py:184: UserWarning: Your cuDNN version is more recent than Theano. If you encounter problems, try updating Theano or downgrading cuDNN to a version >= v5 and <= v7.
  warnings.warn("Your cuDNN version is more recent than "
Using cuDNN version 7600 on context None
Mapped name None to device cuda0: Tesla P100-PCIE-16GB (0000:82:00.0)
/scratch/work/groszt1/envs/theanoLM/lib/python3.7/site-packages/h5py-2.9.0-py3.7-linux-x86_64.egg/h5py/_hl/dataset.py:313: H5pyDeprecationWarning: dataset.value has been deprecated. Use dataset[()] instead.
  "Use dataset[()] instead.", H5pyDeprecationWarning)
/scratch/work/groszt1/envs/theanoLM/lib/python3.7/site-packages/h5py-2.9.0-py3.7-linux-x86_64.egg/h5py/_hl/dataset.py:313: H5pyDeprecationWarning: dataset.value has been deprecated. Use dataset[()] instead.
  "Use dataset[()] instead.", H5pyDeprecationWarning)
decode_theanolm finished.
decode devel finished.
