Experiment: morph/D=0.001-D2=0.002-cutoffs001-n=5
Job ID: 55136408
Task ID: 55
Host: gpu27.int.triton.aalto.fi
Start date: Fri Aug 21 12:26:17 EEST 2020
Work directory: /scratch/work/moisioa3/conv_lm/experiments/morph/D=0.001-D2=0.002-cutoffs001-n=5
Temporary directory: /tmp/55136408

Currently Loaded Modules:
  1) speech-scripts/2016.05.24-b928230   6) binutils/2.25-GCCcore-5.4.0
  2) srilm/default                       7) GCC/5.4.0-2.25
  3) cuda/10.0.130                       8) libgpuarray/2017.03.29-45c731f
  4) cudnn/7.4.2-cuda                    9) anaconda3/latest
  5) GCCcore/5.4.0

 

/tmp/55136408/lattices
floatX=float32,device=cuda0,base_compiledir=/tmp/theano,exception_verbosity=high,openmp=False
/scratch/work/groszt1/envs/theanoLM/lib/python3.7/site-packages/theano/gpuarray/dnn.py:184: UserWarning: Your cuDNN version is more recent than Theano. If you encounter problems, try updating Theano or downgrading cuDNN to a version >= v5 and <= v7.
  warnings.warn("Your cuDNN version is more recent than "
Using cuDNN version 7600 on context None
Mapped name None to device cuda0: Tesla P100-PCIE-16GB (0000:83:00.0)
TheanoLM 1.3.2
Theano 1.0.4
pygpu 0.7.6
==
+ srun --gres=gpu:1 theanolm decode /scratch/work/moisioa3/conv_lm/experiments/morph/D=0.001-D2=0.002-cutoffs001-n=5/nnlm.h5 --lattice-list /tmp/55136408/lattices/lattice-list --output-file /scratch/work/moisioa3/conv_lm/experiments/morph/D=0.001-D2=0.002-cutoffs001-n=5/decode/devel/lambda=0.5-lms=9/55.trn --output trn --nnlm-weight 0.5 --lm-scale 9 --max-tokens-per-node 62 --beam 650 --recombination-order 22 --num-jobs 128 --job 55 --unk-penalty=-20
2020-08-21 12:26:29,284 get_default_device: Context None device="Tesla P100-PCIE-16GB" ID="0000:83:00.0"
2020-08-21 12:26:29,285 from_file: Reading vocabulary from network state.
2020-08-21 12:26:29,558 from_file: Number of words in vocabulary: 42699
2020-08-21 12:26:29,558 from_file: Number of words in shortlist: 42699
2020-08-21 12:26:29,558 from_file: Number of word classes: 42699
2020-08-21 12:26:29,558 from_file: Building neural network.
2020-08-21 12:27:18,609 from_file: Restoring neural network state.
2020-08-21 12:27:18,983 decode: Building word lattice decoder.
2020-08-21 12:27:24,558 __iter__: Reading lattice file `/tmp/55136408/lattices/dspm001_dsp2013_16.lat.gz´.
2020-08-21 12:27:24,568 decode: Utterance `dspm001_dsp2013_16´ -- 1 of job 55
2020-08-21 12:27:24,800 __iter__: Reading lattice file `/tmp/55136408/lattices/dspm011_dsp2013_16.lat.gz´.
2020-08-21 12:27:24,882 decode: Utterance `dspm011_dsp2013_16´ -- 2 of job 55
2020-08-21 12:27:26,457 __iter__: Reading lattice file `/tmp/55136408/lattices/dspm021_dsp2013_13.lat.gz´.
2020-08-21 12:27:27,290 decode: Utterance `dspm021_dsp2013_13´ -- 3 of job 55
2020-08-21 12:27:46,968 __iter__: Reading lattice file `/tmp/55136408/lattices/dspm031_dsp2013_02.lat.gz´.
2020-08-21 12:27:47,134 decode: Utterance `dspm031_dsp2013_02´ -- 4 of job 55
2020-08-21 12:27:51,932 __iter__: Reading lattice file `/tmp/55136408/lattices/dspm039_dsp2013_24.lat.gz´.
2020-08-21 12:27:52,033 decode: Utterance `dspm039_dsp2013_24´ -- 5 of job 55
2020-08-21 12:27:54,880 __iter__: Reading lattice file `/tmp/55136408/lattices/dspm048_dsp2013_20.lat.gz´.
2020-08-21 12:27:56,029 decode: Utterance `dspm048_dsp2013_20´ -- 6 of job 55
2020-08-21 12:28:51,642 __iter__: Reading lattice file `/tmp/55136408/lattices/dspm057_dsp2013_04.lat.gz´.
2020-08-21 12:28:51,710 decode: Utterance `dspm057_dsp2013_04´ -- 7 of job 55
2020-08-21 12:28:52,763 __iter__: Reading lattice file `/tmp/55136408/lattices/radioshaka_kbk20120915_106.lat.gz´.
2020-08-21 12:28:54,671 decode: Utterance `radioshaka_kbk20120915_106´ -- 8 of job 55
/scratch/work/groszt1/envs/theanoLM/lib/python3.7/site-packages/theano/gpuarray/dnn.py:184: UserWarning: Your cuDNN version is more recent than Theano. If you encounter problems, try updating Theano or downgrading cuDNN to a version >= v5 and <= v7.
  warnings.warn("Your cuDNN version is more recent than "
Using cuDNN version 7600 on context None
Mapped name None to device cuda0: Tesla P100-PCIE-16GB (0000:83:00.0)
/scratch/work/groszt1/envs/theanoLM/lib/python3.7/site-packages/h5py-2.9.0-py3.7-linux-x86_64.egg/h5py/_hl/dataset.py:313: H5pyDeprecationWarning: dataset.value has been deprecated. Use dataset[()] instead.
  "Use dataset[()] instead.", H5pyDeprecationWarning)
/scratch/work/groszt1/envs/theanoLM/lib/python3.7/site-packages/h5py-2.9.0-py3.7-linux-x86_64.egg/h5py/_hl/dataset.py:313: H5pyDeprecationWarning: dataset.value has been deprecated. Use dataset[()] instead.
  "Use dataset[()] instead.", H5pyDeprecationWarning)
decode_theanolm finished.
/tmp/55136408/lattices
floatX=float32,device=cuda0,base_compiledir=/tmp/theano,exception_verbosity=high,openmp=False
/scratch/work/groszt1/envs/theanoLM/lib/python3.7/site-packages/theano/gpuarray/dnn.py:184: UserWarning: Your cuDNN version is more recent than Theano. If you encounter problems, try updating Theano or downgrading cuDNN to a version >= v5 and <= v7.
  warnings.warn("Your cuDNN version is more recent than "
Using cuDNN version 7600 on context None
Mapped name None to device cuda0: Tesla P100-PCIE-16GB (0000:83:00.0)
TheanoLM 1.3.2
Theano 1.0.4
pygpu 0.7.6
==
+ srun --gres=gpu:1 theanolm decode /scratch/work/moisioa3/conv_lm/experiments/morph/D=0.001-D2=0.002-cutoffs001-n=5/nnlm.h5 --lattice-list /tmp/55136408/lattices/lattice-list --output-file /scratch/work/moisioa3/conv_lm/experiments/morph/D=0.001-D2=0.002-cutoffs001-n=5/decode/devel/lambda=0.5-lms=10/55.trn --output trn --nnlm-weight 0.5 --lm-scale 10 --max-tokens-per-node 62 --beam 650 --recombination-order 22 --num-jobs 128 --job 55 --unk-penalty=-20
2020-08-21 12:30:02,343 get_default_device: Context None device="Tesla P100-PCIE-16GB" ID="0000:83:00.0"
2020-08-21 12:30:02,344 from_file: Reading vocabulary from network state.
2020-08-21 12:30:02,593 from_file: Number of words in vocabulary: 42699
2020-08-21 12:30:02,593 from_file: Number of words in shortlist: 42699
2020-08-21 12:30:02,593 from_file: Number of word classes: 42699
2020-08-21 12:30:02,593 from_file: Building neural network.
2020-08-21 12:30:47,122 from_file: Restoring neural network state.
2020-08-21 12:30:47,488 decode: Building word lattice decoder.
2020-08-21 12:31:01,399 __iter__: Reading lattice file `/tmp/55136408/lattices/dspm001_dsp2013_16.lat.gz´.
2020-08-21 12:31:01,409 decode: Utterance `dspm001_dsp2013_16´ -- 1 of job 55
2020-08-21 12:31:01,649 __iter__: Reading lattice file `/tmp/55136408/lattices/dspm011_dsp2013_16.lat.gz´.
2020-08-21 12:31:01,737 decode: Utterance `dspm011_dsp2013_16´ -- 2 of job 55
2020-08-21 12:31:03,330 __iter__: Reading lattice file `/tmp/55136408/lattices/dspm021_dsp2013_13.lat.gz´.
2020-08-21 12:31:04,156 decode: Utterance `dspm021_dsp2013_13´ -- 3 of job 55
2020-08-21 12:31:25,329 __iter__: Reading lattice file `/tmp/55136408/lattices/dspm031_dsp2013_02.lat.gz´.
2020-08-21 12:31:25,505 decode: Utterance `dspm031_dsp2013_02´ -- 4 of job 55
2020-08-21 12:31:30,871 __iter__: Reading lattice file `/tmp/55136408/lattices/dspm039_dsp2013_24.lat.gz´.
2020-08-21 12:31:30,974 decode: Utterance `dspm039_dsp2013_24´ -- 5 of job 55
2020-08-21 12:31:33,976 __iter__: Reading lattice file `/tmp/55136408/lattices/dspm048_dsp2013_20.lat.gz´.
2020-08-21 12:31:35,133 decode: Utterance `dspm048_dsp2013_20´ -- 6 of job 55
2020-08-21 12:32:30,510 __iter__: Reading lattice file `/tmp/55136408/lattices/dspm057_dsp2013_04.lat.gz´.
2020-08-21 12:32:30,577 decode: Utterance `dspm057_dsp2013_04´ -- 7 of job 55
2020-08-21 12:32:31,629 __iter__: Reading lattice file `/tmp/55136408/lattices/radioshaka_kbk20120915_106.lat.gz´.
2020-08-21 12:32:33,523 decode: Utterance `radioshaka_kbk20120915_106´ -- 8 of job 55
/scratch/work/groszt1/envs/theanoLM/lib/python3.7/site-packages/theano/gpuarray/dnn.py:184: UserWarning: Your cuDNN version is more recent than Theano. If you encounter problems, try updating Theano or downgrading cuDNN to a version >= v5 and <= v7.
  warnings.warn("Your cuDNN version is more recent than "
Using cuDNN version 7600 on context None
Mapped name None to device cuda0: Tesla P100-PCIE-16GB (0000:83:00.0)
/scratch/work/groszt1/envs/theanoLM/lib/python3.7/site-packages/h5py-2.9.0-py3.7-linux-x86_64.egg/h5py/_hl/dataset.py:313: H5pyDeprecationWarning: dataset.value has been deprecated. Use dataset[()] instead.
  "Use dataset[()] instead.", H5pyDeprecationWarning)
/scratch/work/groszt1/envs/theanoLM/lib/python3.7/site-packages/h5py-2.9.0-py3.7-linux-x86_64.egg/h5py/_hl/dataset.py:313: H5pyDeprecationWarning: dataset.value has been deprecated. Use dataset[()] instead.
  "Use dataset[()] instead.", H5pyDeprecationWarning)
decode_theanolm finished.
/tmp/55136408/lattices
floatX=float32,device=cuda0,base_compiledir=/tmp/theano,exception_verbosity=high,openmp=False
/scratch/work/groszt1/envs/theanoLM/lib/python3.7/site-packages/theano/gpuarray/dnn.py:184: UserWarning: Your cuDNN version is more recent than Theano. If you encounter problems, try updating Theano or downgrading cuDNN to a version >= v5 and <= v7.
  warnings.warn("Your cuDNN version is more recent than "
Using cuDNN version 7600 on context None
Mapped name None to device cuda0: Tesla P100-PCIE-16GB (0000:83:00.0)
TheanoLM 1.3.2
Theano 1.0.4
pygpu 0.7.6
==
+ srun --gres=gpu:1 theanolm decode /scratch/work/moisioa3/conv_lm/experiments/morph/D=0.001-D2=0.002-cutoffs001-n=5/nnlm.h5 --lattice-list /tmp/55136408/lattices/lattice-list --output-file /scratch/work/moisioa3/conv_lm/experiments/morph/D=0.001-D2=0.002-cutoffs001-n=5/decode/devel/lambda=0.5-lms=11/55.trn --output trn --nnlm-weight 0.5 --lm-scale 11 --max-tokens-per-node 62 --beam 650 --recombination-order 22 --num-jobs 128 --job 55 --unk-penalty=-20
2020-08-21 12:33:51,180 get_default_device: Context None device="Tesla P100-PCIE-16GB" ID="0000:83:00.0"
2020-08-21 12:33:51,183 from_file: Reading vocabulary from network state.
2020-08-21 12:33:51,447 from_file: Number of words in vocabulary: 42699
2020-08-21 12:33:51,448 from_file: Number of words in shortlist: 42699
2020-08-21 12:33:51,448 from_file: Number of word classes: 42699
2020-08-21 12:33:51,448 from_file: Building neural network.
2020-08-21 12:34:33,590 from_file: Restoring neural network state.
2020-08-21 12:34:33,927 decode: Building word lattice decoder.
2020-08-21 12:34:39,139 __iter__: Reading lattice file `/tmp/55136408/lattices/dspm001_dsp2013_16.lat.gz´.
2020-08-21 12:34:39,149 decode: Utterance `dspm001_dsp2013_16´ -- 1 of job 55
2020-08-21 12:34:39,451 __iter__: Reading lattice file `/tmp/55136408/lattices/dspm011_dsp2013_16.lat.gz´.
2020-08-21 12:34:39,534 decode: Utterance `dspm011_dsp2013_16´ -- 2 of job 55
2020-08-21 12:34:41,001 __iter__: Reading lattice file `/tmp/55136408/lattices/dspm021_dsp2013_13.lat.gz´.
2020-08-21 12:34:41,752 decode: Utterance `dspm021_dsp2013_13´ -- 3 of job 55
2020-08-21 12:35:02,123 __iter__: Reading lattice file `/tmp/55136408/lattices/dspm031_dsp2013_02.lat.gz´.
2020-08-21 12:35:02,289 decode: Utterance `dspm031_dsp2013_02´ -- 4 of job 55
2020-08-21 12:35:07,444 __iter__: Reading lattice file `/tmp/55136408/lattices/dspm039_dsp2013_24.lat.gz´.
2020-08-21 12:35:07,546 decode: Utterance `dspm039_dsp2013_24´ -- 5 of job 55
2020-08-21 12:35:10,611 __iter__: Reading lattice file `/tmp/55136408/lattices/dspm048_dsp2013_20.lat.gz´.
2020-08-21 12:35:11,701 decode: Utterance `dspm048_dsp2013_20´ -- 6 of job 55
2020-08-21 12:36:08,183 __iter__: Reading lattice file `/tmp/55136408/lattices/dspm057_dsp2013_04.lat.gz´.
2020-08-21 12:36:08,252 decode: Utterance `dspm057_dsp2013_04´ -- 7 of job 55
2020-08-21 12:36:09,412 __iter__: Reading lattice file `/tmp/55136408/lattices/radioshaka_kbk20120915_106.lat.gz´.
2020-08-21 12:36:11,255 decode: Utterance `radioshaka_kbk20120915_106´ -- 8 of job 55
/scratch/work/groszt1/envs/theanoLM/lib/python3.7/site-packages/theano/gpuarray/dnn.py:184: UserWarning: Your cuDNN version is more recent than Theano. If you encounter problems, try updating Theano or downgrading cuDNN to a version >= v5 and <= v7.
  warnings.warn("Your cuDNN version is more recent than "
Using cuDNN version 7600 on context None
Mapped name None to device cuda0: Tesla P100-PCIE-16GB (0000:83:00.0)
/scratch/work/groszt1/envs/theanoLM/lib/python3.7/site-packages/h5py-2.9.0-py3.7-linux-x86_64.egg/h5py/_hl/dataset.py:313: H5pyDeprecationWarning: dataset.value has been deprecated. Use dataset[()] instead.
  "Use dataset[()] instead.", H5pyDeprecationWarning)
/scratch/work/groszt1/envs/theanoLM/lib/python3.7/site-packages/h5py-2.9.0-py3.7-linux-x86_64.egg/h5py/_hl/dataset.py:313: H5pyDeprecationWarning: dataset.value has been deprecated. Use dataset[()] instead.
  "Use dataset[()] instead.", H5pyDeprecationWarning)
decode_theanolm finished.
/tmp/55136408/lattices
floatX=float32,device=cuda0,base_compiledir=/tmp/theano,exception_verbosity=high,openmp=False
/scratch/work/groszt1/envs/theanoLM/lib/python3.7/site-packages/theano/gpuarray/dnn.py:184: UserWarning: Your cuDNN version is more recent than Theano. If you encounter problems, try updating Theano or downgrading cuDNN to a version >= v5 and <= v7.
  warnings.warn("Your cuDNN version is more recent than "
Using cuDNN version 7600 on context None
Mapped name None to device cuda0: Tesla P100-PCIE-16GB (0000:83:00.0)
TheanoLM 1.3.2
Theano 1.0.4
pygpu 0.7.6
==
+ srun --gres=gpu:1 theanolm decode /scratch/work/moisioa3/conv_lm/experiments/morph/D=0.001-D2=0.002-cutoffs001-n=5/nnlm.h5 --lattice-list /tmp/55136408/lattices/lattice-list --output-file /scratch/work/moisioa3/conv_lm/experiments/morph/D=0.001-D2=0.002-cutoffs001-n=5/decode/devel/lambda=1.0-lms=9/55.trn --output trn --nnlm-weight 1.0 --lm-scale 9 --max-tokens-per-node 62 --beam 650 --recombination-order 22 --num-jobs 128 --job 55 --unk-penalty=-20
2020-08-21 12:37:19,427 get_default_device: Context None device="Tesla P100-PCIE-16GB" ID="0000:83:00.0"
2020-08-21 12:37:19,428 from_file: Reading vocabulary from network state.
2020-08-21 12:37:19,705 from_file: Number of words in vocabulary: 42699
2020-08-21 12:37:19,705 from_file: Number of words in shortlist: 42699
2020-08-21 12:37:19,705 from_file: Number of word classes: 42699
2020-08-21 12:37:19,705 from_file: Building neural network.
2020-08-21 12:38:02,781 from_file: Restoring neural network state.
2020-08-21 12:38:03,133 decode: Building word lattice decoder.
2020-08-21 12:38:08,448 __iter__: Reading lattice file `/tmp/55136408/lattices/dspm001_dsp2013_16.lat.gz´.
2020-08-21 12:38:08,457 decode: Utterance `dspm001_dsp2013_16´ -- 1 of job 55
2020-08-21 12:38:08,767 __iter__: Reading lattice file `/tmp/55136408/lattices/dspm011_dsp2013_16.lat.gz´.
2020-08-21 12:38:08,852 decode: Utterance `dspm011_dsp2013_16´ -- 2 of job 55
2020-08-21 12:38:10,323 __iter__: Reading lattice file `/tmp/55136408/lattices/dspm021_dsp2013_13.lat.gz´.
2020-08-21 12:38:11,112 decode: Utterance `dspm021_dsp2013_13´ -- 3 of job 55
2020-08-21 12:38:28,753 __iter__: Reading lattice file `/tmp/55136408/lattices/dspm031_dsp2013_02.lat.gz´.
2020-08-21 12:38:28,913 decode: Utterance `dspm031_dsp2013_02´ -- 4 of job 55
2020-08-21 12:38:33,084 __iter__: Reading lattice file `/tmp/55136408/lattices/dspm039_dsp2013_24.lat.gz´.
2020-08-21 12:38:33,181 decode: Utterance `dspm039_dsp2013_24´ -- 5 of job 55
2020-08-21 12:38:35,651 __iter__: Reading lattice file `/tmp/55136408/lattices/dspm048_dsp2013_20.lat.gz´.
2020-08-21 12:38:36,727 decode: Utterance `dspm048_dsp2013_20´ -- 6 of job 55
2020-08-21 12:39:16,452 __iter__: Reading lattice file `/tmp/55136408/lattices/dspm057_dsp2013_04.lat.gz´.
2020-08-21 12:39:16,524 decode: Utterance `dspm057_dsp2013_04´ -- 7 of job 55
2020-08-21 12:39:17,741 __iter__: Reading lattice file `/tmp/55136408/lattices/radioshaka_kbk20120915_106.lat.gz´.
2020-08-21 12:39:19,701 decode: Utterance `radioshaka_kbk20120915_106´ -- 8 of job 55
/scratch/work/groszt1/envs/theanoLM/lib/python3.7/site-packages/theano/gpuarray/dnn.py:184: UserWarning: Your cuDNN version is more recent than Theano. If you encounter problems, try updating Theano or downgrading cuDNN to a version >= v5 and <= v7.
  warnings.warn("Your cuDNN version is more recent than "
Using cuDNN version 7600 on context None
Mapped name None to device cuda0: Tesla P100-PCIE-16GB (0000:83:00.0)
/scratch/work/groszt1/envs/theanoLM/lib/python3.7/site-packages/h5py-2.9.0-py3.7-linux-x86_64.egg/h5py/_hl/dataset.py:313: H5pyDeprecationWarning: dataset.value has been deprecated. Use dataset[()] instead.
  "Use dataset[()] instead.", H5pyDeprecationWarning)
/scratch/work/groszt1/envs/theanoLM/lib/python3.7/site-packages/h5py-2.9.0-py3.7-linux-x86_64.egg/h5py/_hl/dataset.py:313: H5pyDeprecationWarning: dataset.value has been deprecated. Use dataset[()] instead.
  "Use dataset[()] instead.", H5pyDeprecationWarning)
decode_theanolm finished.
/tmp/55136408/lattices
floatX=float32,device=cuda0,base_compiledir=/tmp/theano,exception_verbosity=high,openmp=False
/scratch/work/groszt1/envs/theanoLM/lib/python3.7/site-packages/theano/gpuarray/dnn.py:184: UserWarning: Your cuDNN version is more recent than Theano. If you encounter problems, try updating Theano or downgrading cuDNN to a version >= v5 and <= v7.
  warnings.warn("Your cuDNN version is more recent than "
Using cuDNN version 7600 on context None
Mapped name None to device cuda0: Tesla P100-PCIE-16GB (0000:83:00.0)
TheanoLM 1.3.2
Theano 1.0.4
pygpu 0.7.6
==
+ srun --gres=gpu:1 theanolm decode /scratch/work/moisioa3/conv_lm/experiments/morph/D=0.001-D2=0.002-cutoffs001-n=5/nnlm.h5 --lattice-list /tmp/55136408/lattices/lattice-list --output-file /scratch/work/moisioa3/conv_lm/experiments/morph/D=0.001-D2=0.002-cutoffs001-n=5/decode/devel/lambda=1.0-lms=10/55.trn --output trn --nnlm-weight 1.0 --lm-scale 10 --max-tokens-per-node 62 --beam 650 --recombination-order 22 --num-jobs 128 --job 55 --unk-penalty=-20
2020-08-21 12:40:22,261 get_default_device: Context None device="Tesla P100-PCIE-16GB" ID="0000:83:00.0"
2020-08-21 12:40:22,263 from_file: Reading vocabulary from network state.
2020-08-21 12:40:22,529 from_file: Number of words in vocabulary: 42699
2020-08-21 12:40:22,530 from_file: Number of words in shortlist: 42699
2020-08-21 12:40:22,530 from_file: Number of word classes: 42699
2020-08-21 12:40:22,530 from_file: Building neural network.
2020-08-21 12:41:05,888 from_file: Restoring neural network state.
2020-08-21 12:41:06,247 decode: Building word lattice decoder.
2020-08-21 12:41:11,741 __iter__: Reading lattice file `/tmp/55136408/lattices/dspm001_dsp2013_16.lat.gz´.
2020-08-21 12:41:11,751 decode: Utterance `dspm001_dsp2013_16´ -- 1 of job 55
2020-08-21 12:41:11,992 __iter__: Reading lattice file `/tmp/55136408/lattices/dspm011_dsp2013_16.lat.gz´.
2020-08-21 12:41:12,075 decode: Utterance `dspm011_dsp2013_16´ -- 2 of job 55
2020-08-21 12:41:13,532 __iter__: Reading lattice file `/tmp/55136408/lattices/dspm021_dsp2013_13.lat.gz´.
2020-08-21 12:41:14,322 decode: Utterance `dspm021_dsp2013_13´ -- 3 of job 55
2020-08-21 12:41:32,498 __iter__: Reading lattice file `/tmp/55136408/lattices/dspm031_dsp2013_02.lat.gz´.
2020-08-21 12:41:32,669 decode: Utterance `dspm031_dsp2013_02´ -- 4 of job 55
2020-08-21 12:41:37,093 __iter__: Reading lattice file `/tmp/55136408/lattices/dspm039_dsp2013_24.lat.gz´.
2020-08-21 12:41:37,192 decode: Utterance `dspm039_dsp2013_24´ -- 5 of job 55
2020-08-21 12:41:39,782 __iter__: Reading lattice file `/tmp/55136408/lattices/dspm048_dsp2013_20.lat.gz´.
2020-08-21 12:41:40,882 decode: Utterance `dspm048_dsp2013_20´ -- 6 of job 55
2020-08-21 12:42:18,937 __iter__: Reading lattice file `/tmp/55136408/lattices/dspm057_dsp2013_04.lat.gz´.
2020-08-21 12:42:19,000 decode: Utterance `dspm057_dsp2013_04´ -- 7 of job 55
2020-08-21 12:42:20,039 __iter__: Reading lattice file `/tmp/55136408/lattices/radioshaka_kbk20120915_106.lat.gz´.
2020-08-21 12:42:21,888 decode: Utterance `radioshaka_kbk20120915_106´ -- 8 of job 55
/scratch/work/groszt1/envs/theanoLM/lib/python3.7/site-packages/theano/gpuarray/dnn.py:184: UserWarning: Your cuDNN version is more recent than Theano. If you encounter problems, try updating Theano or downgrading cuDNN to a version >= v5 and <= v7.
  warnings.warn("Your cuDNN version is more recent than "
Using cuDNN version 7600 on context None
Mapped name None to device cuda0: Tesla P100-PCIE-16GB (0000:83:00.0)
/scratch/work/groszt1/envs/theanoLM/lib/python3.7/site-packages/h5py-2.9.0-py3.7-linux-x86_64.egg/h5py/_hl/dataset.py:313: H5pyDeprecationWarning: dataset.value has been deprecated. Use dataset[()] instead.
  "Use dataset[()] instead.", H5pyDeprecationWarning)
/scratch/work/groszt1/envs/theanoLM/lib/python3.7/site-packages/h5py-2.9.0-py3.7-linux-x86_64.egg/h5py/_hl/dataset.py:313: H5pyDeprecationWarning: dataset.value has been deprecated. Use dataset[()] instead.
  "Use dataset[()] instead.", H5pyDeprecationWarning)
decode_theanolm finished.
/tmp/55136408/lattices
floatX=float32,device=cuda0,base_compiledir=/tmp/theano,exception_verbosity=high,openmp=False
/scratch/work/groszt1/envs/theanoLM/lib/python3.7/site-packages/theano/gpuarray/dnn.py:184: UserWarning: Your cuDNN version is more recent than Theano. If you encounter problems, try updating Theano or downgrading cuDNN to a version >= v5 and <= v7.
  warnings.warn("Your cuDNN version is more recent than "
Using cuDNN version 7600 on context None
Mapped name None to device cuda0: Tesla P100-PCIE-16GB (0000:83:00.0)
TheanoLM 1.3.2
Theano 1.0.4
pygpu 0.7.6
==
+ srun --gres=gpu:1 theanolm decode /scratch/work/moisioa3/conv_lm/experiments/morph/D=0.001-D2=0.002-cutoffs001-n=5/nnlm.h5 --lattice-list /tmp/55136408/lattices/lattice-list --output-file /scratch/work/moisioa3/conv_lm/experiments/morph/D=0.001-D2=0.002-cutoffs001-n=5/decode/devel/lambda=1.0-lms=11/55.trn --output trn --nnlm-weight 1.0 --lm-scale 11 --max-tokens-per-node 62 --beam 650 --recombination-order 22 --num-jobs 128 --job 55 --unk-penalty=-20
2020-08-21 12:43:24,373 get_default_device: Context None device="Tesla P100-PCIE-16GB" ID="0000:83:00.0"
2020-08-21 12:43:24,374 from_file: Reading vocabulary from network state.
2020-08-21 12:43:24,640 from_file: Number of words in vocabulary: 42699
2020-08-21 12:43:24,641 from_file: Number of words in shortlist: 42699
2020-08-21 12:43:24,641 from_file: Number of word classes: 42699
2020-08-21 12:43:24,641 from_file: Building neural network.
2020-08-21 12:44:07,209 from_file: Restoring neural network state.
2020-08-21 12:44:07,587 decode: Building word lattice decoder.
2020-08-21 12:44:13,005 __iter__: Reading lattice file `/tmp/55136408/lattices/dspm001_dsp2013_16.lat.gz´.
2020-08-21 12:44:13,014 decode: Utterance `dspm001_dsp2013_16´ -- 1 of job 55
2020-08-21 12:44:13,248 __iter__: Reading lattice file `/tmp/55136408/lattices/dspm011_dsp2013_16.lat.gz´.
2020-08-21 12:44:13,328 decode: Utterance `dspm011_dsp2013_16´ -- 2 of job 55
2020-08-21 12:44:14,779 __iter__: Reading lattice file `/tmp/55136408/lattices/dspm021_dsp2013_13.lat.gz´.
2020-08-21 12:44:15,539 decode: Utterance `dspm021_dsp2013_13´ -- 3 of job 55
2020-08-21 12:44:33,567 __iter__: Reading lattice file `/tmp/55136408/lattices/dspm031_dsp2013_02.lat.gz´.
2020-08-21 12:44:33,732 decode: Utterance `dspm031_dsp2013_02´ -- 4 of job 55
2020-08-21 12:44:38,127 __iter__: Reading lattice file `/tmp/55136408/lattices/dspm039_dsp2013_24.lat.gz´.
2020-08-21 12:44:38,230 decode: Utterance `dspm039_dsp2013_24´ -- 5 of job 55
2020-08-21 12:44:40,782 __iter__: Reading lattice file `/tmp/55136408/lattices/dspm048_dsp2013_20.lat.gz´.
2020-08-21 12:44:41,945 decode: Utterance `dspm048_dsp2013_20´ -- 6 of job 55
2020-08-21 12:45:18,229 __iter__: Reading lattice file `/tmp/55136408/lattices/dspm057_dsp2013_04.lat.gz´.
2020-08-21 12:45:18,293 decode: Utterance `dspm057_dsp2013_04´ -- 7 of job 55
2020-08-21 12:45:19,300 __iter__: Reading lattice file `/tmp/55136408/lattices/radioshaka_kbk20120915_106.lat.gz´.
2020-08-21 12:45:21,119 decode: Utterance `radioshaka_kbk20120915_106´ -- 8 of job 55
/scratch/work/groszt1/envs/theanoLM/lib/python3.7/site-packages/theano/gpuarray/dnn.py:184: UserWarning: Your cuDNN version is more recent than Theano. If you encounter problems, try updating Theano or downgrading cuDNN to a version >= v5 and <= v7.
  warnings.warn("Your cuDNN version is more recent than "
Using cuDNN version 7600 on context None
Mapped name None to device cuda0: Tesla P100-PCIE-16GB (0000:83:00.0)
/scratch/work/groszt1/envs/theanoLM/lib/python3.7/site-packages/h5py-2.9.0-py3.7-linux-x86_64.egg/h5py/_hl/dataset.py:313: H5pyDeprecationWarning: dataset.value has been deprecated. Use dataset[()] instead.
  "Use dataset[()] instead.", H5pyDeprecationWarning)
/scratch/work/groszt1/envs/theanoLM/lib/python3.7/site-packages/h5py-2.9.0-py3.7-linux-x86_64.egg/h5py/_hl/dataset.py:313: H5pyDeprecationWarning: dataset.value has been deprecated. Use dataset[()] instead.
  "Use dataset[()] instead.", H5pyDeprecationWarning)
decode_theanolm finished.
decode devel finished.
