Experiment: morph/D=0.001-D2=0.002-cutoffs001-n=5
Job ID: 55137104
Task ID: 83
Host: gpu21.int.triton.aalto.fi
Start date: Fri Aug 21 17:03:35 EEST 2020
Work directory: /scratch/work/moisioa3/conv_lm/experiments/morph/D=0.001-D2=0.002-cutoffs001-n=5
Temporary directory: /tmp/55137104

Currently Loaded Modules:
  1) speech-scripts/2016.05.24-b928230   6) binutils/2.25-GCCcore-5.4.0
  2) srilm/default                       7) GCC/5.4.0-2.25
  3) cuda/10.0.130                       8) libgpuarray/2017.03.29-45c731f
  4) cudnn/7.4.2-cuda                    9) anaconda3/latest
  5) GCCcore/5.4.0

 

/tmp/55137104/lattices
floatX=float32,device=cuda0,base_compiledir=/tmp/theano,exception_verbosity=high,openmp=False
/scratch/work/groszt1/envs/theanoLM/lib/python3.7/site-packages/theano/gpuarray/dnn.py:184: UserWarning: Your cuDNN version is more recent than Theano. If you encounter problems, try updating Theano or downgrading cuDNN to a version >= v5 and <= v7.
  warnings.warn("Your cuDNN version is more recent than "
Using cuDNN version 7600 on context None
Mapped name None to device cuda0: Tesla K80 (0000:85:00.0)
TheanoLM 1.3.2
Theano 1.0.4
pygpu 0.7.6
==
+ srun --gres=gpu:1 theanolm decode /scratch/work/moisioa3/conv_lm/experiments/morph/D=0.001-D2=0.002-cutoffs001-n=5/nnlm.h5 --lattice-list /tmp/55137104/lattices/lattice-list --output-file /scratch/work/moisioa3/conv_lm/experiments/morph/D=0.001-D2=0.002-cutoffs001-n=5/decode/eval/lambda=0.5-lms=9/83.trn --output trn --nnlm-weight 0.5 --lm-scale 9 --max-tokens-per-node 62 --beam 650 --recombination-order 22 --num-jobs 128 --job 83 --unk-penalty=-20
2020-08-21 17:03:45,126 get_default_device: Context None device="Tesla K80" ID="0000:85:00.0"
2020-08-21 17:03:45,127 from_file: Reading vocabulary from network state.
2020-08-21 17:03:45,351 from_file: Number of words in vocabulary: 42699
2020-08-21 17:03:45,351 from_file: Number of words in shortlist: 42699
2020-08-21 17:03:45,351 from_file: Number of word classes: 42699
2020-08-21 17:03:45,352 from_file: Building neural network.
2020-08-21 17:04:24,904 from_file: Restoring neural network state.
2020-08-21 17:04:25,253 decode: Building word lattice decoder.
2020-08-21 17:04:30,689 __iter__: Reading lattice file `/tmp/55137104/lattices/dspm013_dsp2013_07.lat.gz´.
2020-08-21 17:04:30,718 decode: Utterance `dspm013_dsp2013_07´ -- 1 of job 83
2020-08-21 17:04:31,900 __iter__: Reading lattice file `/tmp/55137104/lattices/dspm053_dsp2013_09.lat.gz´.
2020-08-21 17:04:32,833 decode: Utterance `dspm053_dsp2013_09´ -- 2 of job 83
2020-08-21 17:05:23,645 __iter__: Reading lattice file `/tmp/55137104/lattices/radiokatupaimen_aamushow20120720_17.lat.gz´.
2020-08-21 17:05:23,703 decode: Utterance `radiokatupaimen_aamushow20120720_17´ -- 3 of job 83
2020-08-21 17:05:26,814 __iter__: Reading lattice file `/tmp/55137104/lattices/radioruudolf_aamushow20100713_45.lat.gz´.
2020-08-21 17:05:26,818 decode: Utterance `radioruudolf_aamushow20100713_45´ -- 4 of job 83
/scratch/work/groszt1/envs/theanoLM/lib/python3.7/site-packages/theano/gpuarray/dnn.py:184: UserWarning: Your cuDNN version is more recent than Theano. If you encounter problems, try updating Theano or downgrading cuDNN to a version >= v5 and <= v7.
  warnings.warn("Your cuDNN version is more recent than "
Using cuDNN version 7600 on context None
Mapped name None to device cuda0: Tesla K80 (0000:85:00.0)
/scratch/work/groszt1/envs/theanoLM/lib/python3.7/site-packages/h5py-2.9.0-py3.7-linux-x86_64.egg/h5py/_hl/dataset.py:313: H5pyDeprecationWarning: dataset.value has been deprecated. Use dataset[()] instead.
  "Use dataset[()] instead.", H5pyDeprecationWarning)
/scratch/work/groszt1/envs/theanoLM/lib/python3.7/site-packages/h5py-2.9.0-py3.7-linux-x86_64.egg/h5py/_hl/dataset.py:313: H5pyDeprecationWarning: dataset.value has been deprecated. Use dataset[()] instead.
  "Use dataset[()] instead.", H5pyDeprecationWarning)
decode_theanolm finished.
/tmp/55137104/lattices
floatX=float32,device=cuda0,base_compiledir=/tmp/theano,exception_verbosity=high,openmp=False
/scratch/work/groszt1/envs/theanoLM/lib/python3.7/site-packages/theano/gpuarray/dnn.py:184: UserWarning: Your cuDNN version is more recent than Theano. If you encounter problems, try updating Theano or downgrading cuDNN to a version >= v5 and <= v7.
  warnings.warn("Your cuDNN version is more recent than "
Using cuDNN version 7600 on context None
Mapped name None to device cuda0: Tesla K80 (0000:85:00.0)
TheanoLM 1.3.2
Theano 1.0.4
pygpu 0.7.6
==
+ srun --gres=gpu:1 theanolm decode /scratch/work/moisioa3/conv_lm/experiments/morph/D=0.001-D2=0.002-cutoffs001-n=5/nnlm.h5 --lattice-list /tmp/55137104/lattices/lattice-list --output-file /scratch/work/moisioa3/conv_lm/experiments/morph/D=0.001-D2=0.002-cutoffs001-n=5/decode/eval/lambda=0.5-lms=10/83.trn --output trn --nnlm-weight 0.5 --lm-scale 10 --max-tokens-per-node 62 --beam 650 --recombination-order 22 --num-jobs 128 --job 83 --unk-penalty=-20
2020-08-21 17:05:33,587 get_default_device: Context None device="Tesla K80" ID="0000:85:00.0"
2020-08-21 17:05:33,589 from_file: Reading vocabulary from network state.
2020-08-21 17:05:33,819 from_file: Number of words in vocabulary: 42699
2020-08-21 17:05:33,820 from_file: Number of words in shortlist: 42699
2020-08-21 17:05:33,820 from_file: Number of word classes: 42699
2020-08-21 17:05:33,820 from_file: Building neural network.
2020-08-21 17:06:16,976 from_file: Restoring neural network state.
2020-08-21 17:06:17,305 decode: Building word lattice decoder.
2020-08-21 17:06:22,546 __iter__: Reading lattice file `/tmp/55137104/lattices/dspm013_dsp2013_07.lat.gz´.
2020-08-21 17:06:22,576 decode: Utterance `dspm013_dsp2013_07´ -- 1 of job 83
2020-08-21 17:06:23,776 __iter__: Reading lattice file `/tmp/55137104/lattices/dspm053_dsp2013_09.lat.gz´.
2020-08-21 17:06:24,726 decode: Utterance `dspm053_dsp2013_09´ -- 2 of job 83
2020-08-21 17:07:15,452 __iter__: Reading lattice file `/tmp/55137104/lattices/radiokatupaimen_aamushow20120720_17.lat.gz´.
2020-08-21 17:07:15,512 decode: Utterance `radiokatupaimen_aamushow20120720_17´ -- 3 of job 83
2020-08-21 17:07:18,675 __iter__: Reading lattice file `/tmp/55137104/lattices/radioruudolf_aamushow20100713_45.lat.gz´.
2020-08-21 17:07:18,680 decode: Utterance `radioruudolf_aamushow20100713_45´ -- 4 of job 83
/scratch/work/groszt1/envs/theanoLM/lib/python3.7/site-packages/theano/gpuarray/dnn.py:184: UserWarning: Your cuDNN version is more recent than Theano. If you encounter problems, try updating Theano or downgrading cuDNN to a version >= v5 and <= v7.
  warnings.warn("Your cuDNN version is more recent than "
Using cuDNN version 7600 on context None
Mapped name None to device cuda0: Tesla K80 (0000:85:00.0)
/scratch/work/groszt1/envs/theanoLM/lib/python3.7/site-packages/h5py-2.9.0-py3.7-linux-x86_64.egg/h5py/_hl/dataset.py:313: H5pyDeprecationWarning: dataset.value has been deprecated. Use dataset[()] instead.
  "Use dataset[()] instead.", H5pyDeprecationWarning)
/scratch/work/groszt1/envs/theanoLM/lib/python3.7/site-packages/h5py-2.9.0-py3.7-linux-x86_64.egg/h5py/_hl/dataset.py:313: H5pyDeprecationWarning: dataset.value has been deprecated. Use dataset[()] instead.
  "Use dataset[()] instead.", H5pyDeprecationWarning)
decode_theanolm finished.
/tmp/55137104/lattices
floatX=float32,device=cuda0,base_compiledir=/tmp/theano,exception_verbosity=high,openmp=False
/scratch/work/groszt1/envs/theanoLM/lib/python3.7/site-packages/theano/gpuarray/dnn.py:184: UserWarning: Your cuDNN version is more recent than Theano. If you encounter problems, try updating Theano or downgrading cuDNN to a version >= v5 and <= v7.
  warnings.warn("Your cuDNN version is more recent than "
Using cuDNN version 7600 on context None
Mapped name None to device cuda0: Tesla K80 (0000:85:00.0)
TheanoLM 1.3.2
Theano 1.0.4
pygpu 0.7.6
==
+ srun --gres=gpu:1 theanolm decode /scratch/work/moisioa3/conv_lm/experiments/morph/D=0.001-D2=0.002-cutoffs001-n=5/nnlm.h5 --lattice-list /tmp/55137104/lattices/lattice-list --output-file /scratch/work/moisioa3/conv_lm/experiments/morph/D=0.001-D2=0.002-cutoffs001-n=5/decode/eval/lambda=0.5-lms=11/83.trn --output trn --nnlm-weight 0.5 --lm-scale 11 --max-tokens-per-node 62 --beam 650 --recombination-order 22 --num-jobs 128 --job 83 --unk-penalty=-20
2020-08-21 17:07:25,279 get_default_device: Context None device="Tesla K80" ID="0000:85:00.0"
2020-08-21 17:07:25,281 from_file: Reading vocabulary from network state.
2020-08-21 17:07:25,512 from_file: Number of words in vocabulary: 42699
2020-08-21 17:07:25,513 from_file: Number of words in shortlist: 42699
2020-08-21 17:07:25,513 from_file: Number of word classes: 42699
2020-08-21 17:07:25,513 from_file: Building neural network.
2020-08-21 17:08:06,813 from_file: Restoring neural network state.
2020-08-21 17:08:07,143 decode: Building word lattice decoder.
2020-08-21 17:08:12,188 __iter__: Reading lattice file `/tmp/55137104/lattices/dspm013_dsp2013_07.lat.gz´.
2020-08-21 17:08:12,215 decode: Utterance `dspm013_dsp2013_07´ -- 1 of job 83
2020-08-21 17:08:13,357 __iter__: Reading lattice file `/tmp/55137104/lattices/dspm053_dsp2013_09.lat.gz´.
2020-08-21 17:08:14,218 decode: Utterance `dspm053_dsp2013_09´ -- 2 of job 83
2020-08-21 17:09:05,444 __iter__: Reading lattice file `/tmp/55137104/lattices/radiokatupaimen_aamushow20120720_17.lat.gz´.
2020-08-21 17:09:05,502 decode: Utterance `radiokatupaimen_aamushow20120720_17´ -- 3 of job 83
2020-08-21 17:09:08,667 __iter__: Reading lattice file `/tmp/55137104/lattices/radioruudolf_aamushow20100713_45.lat.gz´.
2020-08-21 17:09:08,672 decode: Utterance `radioruudolf_aamushow20100713_45´ -- 4 of job 83
/scratch/work/groszt1/envs/theanoLM/lib/python3.7/site-packages/theano/gpuarray/dnn.py:184: UserWarning: Your cuDNN version is more recent than Theano. If you encounter problems, try updating Theano or downgrading cuDNN to a version >= v5 and <= v7.
  warnings.warn("Your cuDNN version is more recent than "
Using cuDNN version 7600 on context None
Mapped name None to device cuda0: Tesla K80 (0000:85:00.0)
/scratch/work/groszt1/envs/theanoLM/lib/python3.7/site-packages/h5py-2.9.0-py3.7-linux-x86_64.egg/h5py/_hl/dataset.py:313: H5pyDeprecationWarning: dataset.value has been deprecated. Use dataset[()] instead.
  "Use dataset[()] instead.", H5pyDeprecationWarning)
/scratch/work/groszt1/envs/theanoLM/lib/python3.7/site-packages/h5py-2.9.0-py3.7-linux-x86_64.egg/h5py/_hl/dataset.py:313: H5pyDeprecationWarning: dataset.value has been deprecated. Use dataset[()] instead.
  "Use dataset[()] instead.", H5pyDeprecationWarning)
decode_theanolm finished.
decode eval finished.
