Experiment: morph/D=0.001-D2=0.002-cutoffs001-n=5
Job ID: 55136567
Task ID: 86
Host: gpu24.int.triton.aalto.fi
Start date: Fri Aug 21 13:12:46 EEST 2020
Work directory: /scratch/work/moisioa3/conv_lm/experiments/morph/D=0.001-D2=0.002-cutoffs001-n=5
Temporary directory: /tmp/55136567

Currently Loaded Modules:
  1) speech-scripts/2016.05.24-b928230   6) binutils/2.25-GCCcore-5.4.0
  2) srilm/default                       7) GCC/5.4.0-2.25
  3) cuda/10.0.130                       8) libgpuarray/2017.03.29-45c731f
  4) cudnn/7.4.2-cuda                    9) anaconda3/latest
  5) GCCcore/5.4.0

 

/tmp/55136567/lattices
floatX=float32,device=cuda0,base_compiledir=/tmp/theano,exception_verbosity=high,openmp=False
/scratch/work/groszt1/envs/theanoLM/lib/python3.7/site-packages/theano/gpuarray/dnn.py:184: UserWarning: Your cuDNN version is more recent than Theano. If you encounter problems, try updating Theano or downgrading cuDNN to a version >= v5 and <= v7.
  warnings.warn("Your cuDNN version is more recent than "
Using cuDNN version 7600 on context None
Mapped name None to device cuda0: Tesla P100-PCIE-16GB (0000:03:00.0)
TheanoLM 1.3.2
Theano 1.0.4
pygpu 0.7.6
==
+ srun --gres=gpu:1 theanolm decode /scratch/work/moisioa3/conv_lm/experiments/morph/D=0.001-D2=0.002-cutoffs001-n=5/nnlm.h5 --lattice-list /tmp/55136567/lattices/lattice-list --output-file /scratch/work/moisioa3/conv_lm/experiments/morph/D=0.001-D2=0.002-cutoffs001-n=5/decode/devel/lambda=0.5-lms=9/86.trn --output trn --nnlm-weight 0.5 --lm-scale 9 --max-tokens-per-node 62 --beam 650 --recombination-order 22 --num-jobs 128 --job 86 --unk-penalty=-20
2020-08-21 13:12:56,981 get_default_device: Context None device="Tesla P100-PCIE-16GB" ID="0000:03:00.0"
2020-08-21 13:12:56,982 from_file: Reading vocabulary from network state.
2020-08-21 13:12:57,235 from_file: Number of words in vocabulary: 42699
2020-08-21 13:12:57,235 from_file: Number of words in shortlist: 42699
2020-08-21 13:12:57,235 from_file: Number of word classes: 42699
2020-08-21 13:12:57,235 from_file: Building neural network.
2020-08-21 13:13:40,950 from_file: Restoring neural network state.
2020-08-21 13:13:41,303 decode: Building word lattice decoder.
2020-08-21 13:13:46,589 __iter__: Reading lattice file `/tmp/55136567/lattices/dspm005_dsp2013_07.lat.gz´.
2020-08-21 13:13:46,665 decode: Utterance `dspm005_dsp2013_07´ -- 1 of job 86
2020-08-21 13:13:48,955 __iter__: Reading lattice file `/tmp/55136567/lattices/dspm015_dsp2013_01.lat.gz´.
2020-08-21 13:13:51,642 decode: Utterance `dspm015_dsp2013_01´ -- 2 of job 86
2020-08-21 13:15:05,877 __iter__: Reading lattice file `/tmp/55136567/lattices/dspm022_dsp2013_20.lat.gz´.
2020-08-21 13:15:06,164 decode: Utterance `dspm022_dsp2013_20´ -- 3 of job 86
2020-08-21 13:15:13,075 __iter__: Reading lattice file `/tmp/55136567/lattices/dspm032_dsp2013_08.lat.gz´.
2020-08-21 13:15:13,126 decode: Utterance `dspm032_dsp2013_08´ -- 4 of job 86
2020-08-21 13:15:14,831 __iter__: Reading lattice file `/tmp/55136567/lattices/dspm042_dsp2013_09.lat.gz´.
2020-08-21 13:15:14,963 decode: Utterance `dspm042_dsp2013_09´ -- 5 of job 86
2020-08-21 13:15:17,120 __iter__: Reading lattice file `/tmp/55136567/lattices/dspm050_dsp2013_18.lat.gz´.
2020-08-21 13:15:17,316 decode: Utterance `dspm050_dsp2013_18´ -- 6 of job 86
2020-08-21 13:15:21,457 __iter__: Reading lattice file `/tmp/55136567/lattices/dspm058_dsp2013_17.lat.gz´.
2020-08-21 13:15:22,225 decode: Utterance `dspm058_dsp2013_17´ -- 7 of job 86
2020-08-21 13:15:43,862 __iter__: Reading lattice file `/tmp/55136567/lattices/radioshaka_kbk20120915_88.lat.gz´.
2020-08-21 13:15:46,495 decode: Utterance `radioshaka_kbk20120915_88´ -- 8 of job 86
/scratch/work/groszt1/envs/theanoLM/lib/python3.7/site-packages/theano/gpuarray/dnn.py:184: UserWarning: Your cuDNN version is more recent than Theano. If you encounter problems, try updating Theano or downgrading cuDNN to a version >= v5 and <= v7.
  warnings.warn("Your cuDNN version is more recent than "
Using cuDNN version 7600 on context None
Mapped name None to device cuda0: Tesla P100-PCIE-16GB (0000:03:00.0)
/scratch/work/groszt1/envs/theanoLM/lib/python3.7/site-packages/h5py-2.9.0-py3.7-linux-x86_64.egg/h5py/_hl/dataset.py:313: H5pyDeprecationWarning: dataset.value has been deprecated. Use dataset[()] instead.
  "Use dataset[()] instead.", H5pyDeprecationWarning)
/scratch/work/groszt1/envs/theanoLM/lib/python3.7/site-packages/h5py-2.9.0-py3.7-linux-x86_64.egg/h5py/_hl/dataset.py:313: H5pyDeprecationWarning: dataset.value has been deprecated. Use dataset[()] instead.
  "Use dataset[()] instead.", H5pyDeprecationWarning)
decode_theanolm finished.
/tmp/55136567/lattices
floatX=float32,device=cuda0,base_compiledir=/tmp/theano,exception_verbosity=high,openmp=False
/scratch/work/groszt1/envs/theanoLM/lib/python3.7/site-packages/theano/gpuarray/dnn.py:184: UserWarning: Your cuDNN version is more recent than Theano. If you encounter problems, try updating Theano or downgrading cuDNN to a version >= v5 and <= v7.
  warnings.warn("Your cuDNN version is more recent than "
Using cuDNN version 7600 on context None
Mapped name None to device cuda0: Tesla P100-PCIE-16GB (0000:03:00.0)
TheanoLM 1.3.2
Theano 1.0.4
pygpu 0.7.6
==
+ srun --gres=gpu:1 theanolm decode /scratch/work/moisioa3/conv_lm/experiments/morph/D=0.001-D2=0.002-cutoffs001-n=5/nnlm.h5 --lattice-list /tmp/55136567/lattices/lattice-list --output-file /scratch/work/moisioa3/conv_lm/experiments/morph/D=0.001-D2=0.002-cutoffs001-n=5/decode/devel/lambda=0.5-lms=10/86.trn --output trn --nnlm-weight 0.5 --lm-scale 10 --max-tokens-per-node 62 --beam 650 --recombination-order 22 --num-jobs 128 --job 86 --unk-penalty=-20
2020-08-21 13:16:59,277 get_default_device: Context None device="Tesla P100-PCIE-16GB" ID="0000:03:00.0"
2020-08-21 13:16:59,278 from_file: Reading vocabulary from network state.
2020-08-21 13:16:59,536 from_file: Number of words in vocabulary: 42699
2020-08-21 13:16:59,536 from_file: Number of words in shortlist: 42699
2020-08-21 13:16:59,536 from_file: Number of word classes: 42699
2020-08-21 13:16:59,536 from_file: Building neural network.
2020-08-21 13:17:54,794 from_file: Restoring neural network state.
2020-08-21 13:17:55,148 decode: Building word lattice decoder.
2020-08-21 13:18:00,661 __iter__: Reading lattice file `/tmp/55136567/lattices/dspm005_dsp2013_07.lat.gz´.
2020-08-21 13:18:00,738 decode: Utterance `dspm005_dsp2013_07´ -- 1 of job 86
2020-08-21 13:18:03,143 __iter__: Reading lattice file `/tmp/55136567/lattices/dspm015_dsp2013_01.lat.gz´.
2020-08-21 13:18:05,819 decode: Utterance `dspm015_dsp2013_01´ -- 2 of job 86
2020-08-21 13:19:24,807 __iter__: Reading lattice file `/tmp/55136567/lattices/dspm022_dsp2013_20.lat.gz´.
2020-08-21 13:19:25,093 decode: Utterance `dspm022_dsp2013_20´ -- 3 of job 86
2020-08-21 13:19:32,224 __iter__: Reading lattice file `/tmp/55136567/lattices/dspm032_dsp2013_08.lat.gz´.
2020-08-21 13:19:32,275 decode: Utterance `dspm032_dsp2013_08´ -- 4 of job 86
2020-08-21 13:19:33,957 __iter__: Reading lattice file `/tmp/55136567/lattices/dspm042_dsp2013_09.lat.gz´.
2020-08-21 13:19:34,085 decode: Utterance `dspm042_dsp2013_09´ -- 5 of job 86
2020-08-21 13:19:36,223 __iter__: Reading lattice file `/tmp/55136567/lattices/dspm050_dsp2013_18.lat.gz´.
2020-08-21 13:19:36,414 decode: Utterance `dspm050_dsp2013_18´ -- 6 of job 86
2020-08-21 13:19:40,455 __iter__: Reading lattice file `/tmp/55136567/lattices/dspm058_dsp2013_17.lat.gz´.
2020-08-21 13:19:41,212 decode: Utterance `dspm058_dsp2013_17´ -- 7 of job 86
2020-08-21 13:20:02,110 __iter__: Reading lattice file `/tmp/55136567/lattices/radioshaka_kbk20120915_88.lat.gz´.
2020-08-21 13:20:04,673 decode: Utterance `radioshaka_kbk20120915_88´ -- 8 of job 86
/scratch/work/groszt1/envs/theanoLM/lib/python3.7/site-packages/theano/gpuarray/dnn.py:184: UserWarning: Your cuDNN version is more recent than Theano. If you encounter problems, try updating Theano or downgrading cuDNN to a version >= v5 and <= v7.
  warnings.warn("Your cuDNN version is more recent than "
Using cuDNN version 7600 on context None
Mapped name None to device cuda0: Tesla P100-PCIE-16GB (0000:03:00.0)
/scratch/work/groszt1/envs/theanoLM/lib/python3.7/site-packages/h5py-2.9.0-py3.7-linux-x86_64.egg/h5py/_hl/dataset.py:313: H5pyDeprecationWarning: dataset.value has been deprecated. Use dataset[()] instead.
  "Use dataset[()] instead.", H5pyDeprecationWarning)
/scratch/work/groszt1/envs/theanoLM/lib/python3.7/site-packages/h5py-2.9.0-py3.7-linux-x86_64.egg/h5py/_hl/dataset.py:313: H5pyDeprecationWarning: dataset.value has been deprecated. Use dataset[()] instead.
  "Use dataset[()] instead.", H5pyDeprecationWarning)
decode_theanolm finished.
/tmp/55136567/lattices
floatX=float32,device=cuda0,base_compiledir=/tmp/theano,exception_verbosity=high,openmp=False
/scratch/work/groszt1/envs/theanoLM/lib/python3.7/site-packages/theano/gpuarray/dnn.py:184: UserWarning: Your cuDNN version is more recent than Theano. If you encounter problems, try updating Theano or downgrading cuDNN to a version >= v5 and <= v7.
  warnings.warn("Your cuDNN version is more recent than "
Using cuDNN version 7600 on context None
Mapped name None to device cuda0: Tesla P100-PCIE-16GB (0000:03:00.0)
TheanoLM 1.3.2
Theano 1.0.4
pygpu 0.7.6
==
+ srun --gres=gpu:1 theanolm decode /scratch/work/moisioa3/conv_lm/experiments/morph/D=0.001-D2=0.002-cutoffs001-n=5/nnlm.h5 --lattice-list /tmp/55136567/lattices/lattice-list --output-file /scratch/work/moisioa3/conv_lm/experiments/morph/D=0.001-D2=0.002-cutoffs001-n=5/decode/devel/lambda=0.5-lms=11/86.trn --output trn --nnlm-weight 0.5 --lm-scale 11 --max-tokens-per-node 62 --beam 650 --recombination-order 22 --num-jobs 128 --job 86 --unk-penalty=-20
2020-08-21 13:21:15,655 get_default_device: Context None device="Tesla P100-PCIE-16GB" ID="0000:03:00.0"
2020-08-21 13:21:15,657 from_file: Reading vocabulary from network state.
2020-08-21 13:21:15,935 from_file: Number of words in vocabulary: 42699
2020-08-21 13:21:15,936 from_file: Number of words in shortlist: 42699
2020-08-21 13:21:15,936 from_file: Number of word classes: 42699
2020-08-21 13:21:15,936 from_file: Building neural network.
2020-08-21 13:22:04,173 from_file: Restoring neural network state.
2020-08-21 13:22:04,562 decode: Building word lattice decoder.
2020-08-21 13:22:10,229 __iter__: Reading lattice file `/tmp/55136567/lattices/dspm005_dsp2013_07.lat.gz´.
2020-08-21 13:22:10,305 decode: Utterance `dspm005_dsp2013_07´ -- 1 of job 86
2020-08-21 13:22:12,816 __iter__: Reading lattice file `/tmp/55136567/lattices/dspm015_dsp2013_01.lat.gz´.
2020-08-21 13:22:15,361 decode: Utterance `dspm015_dsp2013_01´ -- 2 of job 86
2020-08-21 13:23:32,470 __iter__: Reading lattice file `/tmp/55136567/lattices/dspm022_dsp2013_20.lat.gz´.
2020-08-21 13:23:32,743 decode: Utterance `dspm022_dsp2013_20´ -- 3 of job 86
2020-08-21 13:23:40,064 __iter__: Reading lattice file `/tmp/55136567/lattices/dspm032_dsp2013_08.lat.gz´.
2020-08-21 13:23:40,114 decode: Utterance `dspm032_dsp2013_08´ -- 4 of job 86
2020-08-21 13:23:41,822 __iter__: Reading lattice file `/tmp/55136567/lattices/dspm042_dsp2013_09.lat.gz´.
2020-08-21 13:23:41,946 decode: Utterance `dspm042_dsp2013_09´ -- 5 of job 86
2020-08-21 13:23:44,095 __iter__: Reading lattice file `/tmp/55136567/lattices/dspm050_dsp2013_18.lat.gz´.
2020-08-21 13:23:44,280 decode: Utterance `dspm050_dsp2013_18´ -- 6 of job 86
2020-08-21 13:23:48,378 __iter__: Reading lattice file `/tmp/55136567/lattices/dspm058_dsp2013_17.lat.gz´.
2020-08-21 13:23:49,105 decode: Utterance `dspm058_dsp2013_17´ -- 7 of job 86
2020-08-21 13:24:10,284 __iter__: Reading lattice file `/tmp/55136567/lattices/radioshaka_kbk20120915_88.lat.gz´.
2020-08-21 13:24:12,751 decode: Utterance `radioshaka_kbk20120915_88´ -- 8 of job 86
/scratch/work/groszt1/envs/theanoLM/lib/python3.7/site-packages/theano/gpuarray/dnn.py:184: UserWarning: Your cuDNN version is more recent than Theano. If you encounter problems, try updating Theano or downgrading cuDNN to a version >= v5 and <= v7.
  warnings.warn("Your cuDNN version is more recent than "
Using cuDNN version 7600 on context None
Mapped name None to device cuda0: Tesla P100-PCIE-16GB (0000:03:00.0)
/scratch/work/groszt1/envs/theanoLM/lib/python3.7/site-packages/h5py-2.9.0-py3.7-linux-x86_64.egg/h5py/_hl/dataset.py:313: H5pyDeprecationWarning: dataset.value has been deprecated. Use dataset[()] instead.
  "Use dataset[()] instead.", H5pyDeprecationWarning)
/scratch/work/groszt1/envs/theanoLM/lib/python3.7/site-packages/h5py-2.9.0-py3.7-linux-x86_64.egg/h5py/_hl/dataset.py:313: H5pyDeprecationWarning: dataset.value has been deprecated. Use dataset[()] instead.
  "Use dataset[()] instead.", H5pyDeprecationWarning)
decode_theanolm finished.
/tmp/55136567/lattices
floatX=float32,device=cuda0,base_compiledir=/tmp/theano,exception_verbosity=high,openmp=False
/scratch/work/groszt1/envs/theanoLM/lib/python3.7/site-packages/theano/gpuarray/dnn.py:184: UserWarning: Your cuDNN version is more recent than Theano. If you encounter problems, try updating Theano or downgrading cuDNN to a version >= v5 and <= v7.
  warnings.warn("Your cuDNN version is more recent than "
Using cuDNN version 7600 on context None
Mapped name None to device cuda0: Tesla P100-PCIE-16GB (0000:03:00.0)
TheanoLM 1.3.2
Theano 1.0.4
pygpu 0.7.6
==
+ srun --gres=gpu:1 theanolm decode /scratch/work/moisioa3/conv_lm/experiments/morph/D=0.001-D2=0.002-cutoffs001-n=5/nnlm.h5 --lattice-list /tmp/55136567/lattices/lattice-list --output-file /scratch/work/moisioa3/conv_lm/experiments/morph/D=0.001-D2=0.002-cutoffs001-n=5/decode/devel/lambda=1.0-lms=9/86.trn --output trn --nnlm-weight 1.0 --lm-scale 9 --max-tokens-per-node 62 --beam 650 --recombination-order 22 --num-jobs 128 --job 86 --unk-penalty=-20
2020-08-21 13:25:32,601 get_default_device: Context None device="Tesla P100-PCIE-16GB" ID="0000:03:00.0"
2020-08-21 13:25:32,602 from_file: Reading vocabulary from network state.
2020-08-21 13:25:32,866 from_file: Number of words in vocabulary: 42699
2020-08-21 13:25:32,866 from_file: Number of words in shortlist: 42699
2020-08-21 13:25:32,866 from_file: Number of word classes: 42699
2020-08-21 13:25:32,867 from_file: Building neural network.
2020-08-21 13:26:16,673 from_file: Restoring neural network state.
2020-08-21 13:26:17,028 decode: Building word lattice decoder.
2020-08-21 13:26:22,759 __iter__: Reading lattice file `/tmp/55136567/lattices/dspm005_dsp2013_07.lat.gz´.
2020-08-21 13:26:22,839 decode: Utterance `dspm005_dsp2013_07´ -- 1 of job 86
2020-08-21 13:26:25,169 __iter__: Reading lattice file `/tmp/55136567/lattices/dspm015_dsp2013_01.lat.gz´.
2020-08-21 13:26:27,994 decode: Utterance `dspm015_dsp2013_01´ -- 2 of job 86
2020-08-21 13:27:37,971 __iter__: Reading lattice file `/tmp/55136567/lattices/dspm022_dsp2013_20.lat.gz´.
2020-08-21 13:27:38,259 decode: Utterance `dspm022_dsp2013_20´ -- 3 of job 86
2020-08-21 13:27:44,432 __iter__: Reading lattice file `/tmp/55136567/lattices/dspm032_dsp2013_08.lat.gz´.
2020-08-21 13:27:44,483 decode: Utterance `dspm032_dsp2013_08´ -- 4 of job 86
2020-08-21 13:27:46,012 __iter__: Reading lattice file `/tmp/55136567/lattices/dspm042_dsp2013_09.lat.gz´.
2020-08-21 13:27:46,140 decode: Utterance `dspm042_dsp2013_09´ -- 5 of job 86
2020-08-21 13:27:48,310 __iter__: Reading lattice file `/tmp/55136567/lattices/dspm050_dsp2013_18.lat.gz´.
2020-08-21 13:27:48,502 decode: Utterance `dspm050_dsp2013_18´ -- 6 of job 86
2020-08-21 13:27:52,201 __iter__: Reading lattice file `/tmp/55136567/lattices/dspm058_dsp2013_17.lat.gz´.
2020-08-21 13:27:52,942 decode: Utterance `dspm058_dsp2013_17´ -- 7 of job 86
2020-08-21 13:28:11,740 __iter__: Reading lattice file `/tmp/55136567/lattices/radioshaka_kbk20120915_88.lat.gz´.
2020-08-21 13:28:14,341 decode: Utterance `radioshaka_kbk20120915_88´ -- 8 of job 86
/scratch/work/groszt1/envs/theanoLM/lib/python3.7/site-packages/theano/gpuarray/dnn.py:184: UserWarning: Your cuDNN version is more recent than Theano. If you encounter problems, try updating Theano or downgrading cuDNN to a version >= v5 and <= v7.
  warnings.warn("Your cuDNN version is more recent than "
Using cuDNN version 7600 on context None
Mapped name None to device cuda0: Tesla P100-PCIE-16GB (0000:03:00.0)
/scratch/work/groszt1/envs/theanoLM/lib/python3.7/site-packages/h5py-2.9.0-py3.7-linux-x86_64.egg/h5py/_hl/dataset.py:313: H5pyDeprecationWarning: dataset.value has been deprecated. Use dataset[()] instead.
  "Use dataset[()] instead.", H5pyDeprecationWarning)
/scratch/work/groszt1/envs/theanoLM/lib/python3.7/site-packages/h5py-2.9.0-py3.7-linux-x86_64.egg/h5py/_hl/dataset.py:313: H5pyDeprecationWarning: dataset.value has been deprecated. Use dataset[()] instead.
  "Use dataset[()] instead.", H5pyDeprecationWarning)
decode_theanolm finished.
/tmp/55136567/lattices
floatX=float32,device=cuda0,base_compiledir=/tmp/theano,exception_verbosity=high,openmp=False
/scratch/work/groszt1/envs/theanoLM/lib/python3.7/site-packages/theano/gpuarray/dnn.py:184: UserWarning: Your cuDNN version is more recent than Theano. If you encounter problems, try updating Theano or downgrading cuDNN to a version >= v5 and <= v7.
  warnings.warn("Your cuDNN version is more recent than "
Using cuDNN version 7600 on context None
Mapped name None to device cuda0: Tesla P100-PCIE-16GB (0000:03:00.0)
TheanoLM 1.3.2
Theano 1.0.4
pygpu 0.7.6
==
+ srun --gres=gpu:1 theanolm decode /scratch/work/moisioa3/conv_lm/experiments/morph/D=0.001-D2=0.002-cutoffs001-n=5/nnlm.h5 --lattice-list /tmp/55136567/lattices/lattice-list --output-file /scratch/work/moisioa3/conv_lm/experiments/morph/D=0.001-D2=0.002-cutoffs001-n=5/decode/devel/lambda=1.0-lms=10/86.trn --output trn --nnlm-weight 1.0 --lm-scale 10 --max-tokens-per-node 62 --beam 650 --recombination-order 22 --num-jobs 128 --job 86 --unk-penalty=-20
2020-08-21 13:29:24,479 get_default_device: Context None device="Tesla P100-PCIE-16GB" ID="0000:03:00.0"
2020-08-21 13:29:24,480 from_file: Reading vocabulary from network state.
2020-08-21 13:29:24,743 from_file: Number of words in vocabulary: 42699
2020-08-21 13:29:24,744 from_file: Number of words in shortlist: 42699
2020-08-21 13:29:24,744 from_file: Number of word classes: 42699
2020-08-21 13:29:24,744 from_file: Building neural network.
2020-08-21 13:30:11,774 from_file: Restoring neural network state.
2020-08-21 13:30:12,137 decode: Building word lattice decoder.
2020-08-21 13:30:26,280 __iter__: Reading lattice file `/tmp/55136567/lattices/dspm005_dsp2013_07.lat.gz´.
2020-08-21 13:30:26,363 decode: Utterance `dspm005_dsp2013_07´ -- 1 of job 86
2020-08-21 13:30:28,791 __iter__: Reading lattice file `/tmp/55136567/lattices/dspm015_dsp2013_01.lat.gz´.
2020-08-21 13:30:31,562 decode: Utterance `dspm015_dsp2013_01´ -- 2 of job 86
2020-08-21 13:31:41,608 __iter__: Reading lattice file `/tmp/55136567/lattices/dspm022_dsp2013_20.lat.gz´.
2020-08-21 13:31:41,901 decode: Utterance `dspm022_dsp2013_20´ -- 3 of job 86
2020-08-21 13:31:47,913 __iter__: Reading lattice file `/tmp/55136567/lattices/dspm032_dsp2013_08.lat.gz´.
2020-08-21 13:31:47,966 decode: Utterance `dspm032_dsp2013_08´ -- 4 of job 86
2020-08-21 13:31:49,513 __iter__: Reading lattice file `/tmp/55136567/lattices/dspm042_dsp2013_09.lat.gz´.
2020-08-21 13:31:49,644 decode: Utterance `dspm042_dsp2013_09´ -- 5 of job 86
2020-08-21 13:31:51,799 __iter__: Reading lattice file `/tmp/55136567/lattices/dspm050_dsp2013_18.lat.gz´.
2020-08-21 13:31:51,998 decode: Utterance `dspm050_dsp2013_18´ -- 6 of job 86
2020-08-21 13:31:55,716 __iter__: Reading lattice file `/tmp/55136567/lattices/dspm058_dsp2013_17.lat.gz´.
2020-08-21 13:31:56,486 decode: Utterance `dspm058_dsp2013_17´ -- 7 of job 86
2020-08-21 13:32:15,352 __iter__: Reading lattice file `/tmp/55136567/lattices/radioshaka_kbk20120915_88.lat.gz´.
2020-08-21 13:32:17,976 decode: Utterance `radioshaka_kbk20120915_88´ -- 8 of job 86
/scratch/work/groszt1/envs/theanoLM/lib/python3.7/site-packages/theano/gpuarray/dnn.py:184: UserWarning: Your cuDNN version is more recent than Theano. If you encounter problems, try updating Theano or downgrading cuDNN to a version >= v5 and <= v7.
  warnings.warn("Your cuDNN version is more recent than "
Using cuDNN version 7600 on context None
Mapped name None to device cuda0: Tesla P100-PCIE-16GB (0000:03:00.0)
/scratch/work/groszt1/envs/theanoLM/lib/python3.7/site-packages/h5py-2.9.0-py3.7-linux-x86_64.egg/h5py/_hl/dataset.py:313: H5pyDeprecationWarning: dataset.value has been deprecated. Use dataset[()] instead.
  "Use dataset[()] instead.", H5pyDeprecationWarning)
/scratch/work/groszt1/envs/theanoLM/lib/python3.7/site-packages/h5py-2.9.0-py3.7-linux-x86_64.egg/h5py/_hl/dataset.py:313: H5pyDeprecationWarning: dataset.value has been deprecated. Use dataset[()] instead.
  "Use dataset[()] instead.", H5pyDeprecationWarning)
decode_theanolm finished.
/tmp/55136567/lattices
floatX=float32,device=cuda0,base_compiledir=/tmp/theano,exception_verbosity=high,openmp=False
/scratch/work/groszt1/envs/theanoLM/lib/python3.7/site-packages/theano/gpuarray/dnn.py:184: UserWarning: Your cuDNN version is more recent than Theano. If you encounter problems, try updating Theano or downgrading cuDNN to a version >= v5 and <= v7.
  warnings.warn("Your cuDNN version is more recent than "
Using cuDNN version 7600 on context None
Mapped name None to device cuda0: Tesla P100-PCIE-16GB (0000:03:00.0)
TheanoLM 1.3.2
Theano 1.0.4
pygpu 0.7.6
==
+ srun --gres=gpu:1 theanolm decode /scratch/work/moisioa3/conv_lm/experiments/morph/D=0.001-D2=0.002-cutoffs001-n=5/nnlm.h5 --lattice-list /tmp/55136567/lattices/lattice-list --output-file /scratch/work/moisioa3/conv_lm/experiments/morph/D=0.001-D2=0.002-cutoffs001-n=5/decode/devel/lambda=1.0-lms=11/86.trn --output trn --nnlm-weight 1.0 --lm-scale 11 --max-tokens-per-node 62 --beam 650 --recombination-order 22 --num-jobs 128 --job 86 --unk-penalty=-20
2020-08-21 13:33:29,134 get_default_device: Context None device="Tesla P100-PCIE-16GB" ID="0000:03:00.0"
2020-08-21 13:33:29,135 from_file: Reading vocabulary from network state.
2020-08-21 13:33:29,399 from_file: Number of words in vocabulary: 42699
2020-08-21 13:33:29,399 from_file: Number of words in shortlist: 42699
2020-08-21 13:33:29,400 from_file: Number of word classes: 42699
2020-08-21 13:33:29,400 from_file: Building neural network.
2020-08-21 13:34:12,660 from_file: Restoring neural network state.
2020-08-21 13:34:13,017 decode: Building word lattice decoder.
2020-08-21 13:34:18,470 __iter__: Reading lattice file `/tmp/55136567/lattices/dspm005_dsp2013_07.lat.gz´.
2020-08-21 13:34:18,547 decode: Utterance `dspm005_dsp2013_07´ -- 1 of job 86
2020-08-21 13:34:20,848 __iter__: Reading lattice file `/tmp/55136567/lattices/dspm015_dsp2013_01.lat.gz´.
2020-08-21 13:34:23,492 decode: Utterance `dspm015_dsp2013_01´ -- 2 of job 86
2020-08-21 13:35:39,137 __iter__: Reading lattice file `/tmp/55136567/lattices/dspm022_dsp2013_20.lat.gz´.
2020-08-21 13:35:39,395 decode: Utterance `dspm022_dsp2013_20´ -- 3 of job 86
2020-08-21 13:35:45,193 __iter__: Reading lattice file `/tmp/55136567/lattices/dspm032_dsp2013_08.lat.gz´.
2020-08-21 13:35:45,242 decode: Utterance `dspm032_dsp2013_08´ -- 4 of job 86
2020-08-21 13:35:46,754 __iter__: Reading lattice file `/tmp/55136567/lattices/dspm042_dsp2013_09.lat.gz´.
2020-08-21 13:35:46,879 decode: Utterance `dspm042_dsp2013_09´ -- 5 of job 86
2020-08-21 13:35:49,051 __iter__: Reading lattice file `/tmp/55136567/lattices/dspm050_dsp2013_18.lat.gz´.
2020-08-21 13:35:49,235 decode: Utterance `dspm050_dsp2013_18´ -- 6 of job 86
2020-08-21 13:35:52,883 __iter__: Reading lattice file `/tmp/55136567/lattices/dspm058_dsp2013_17.lat.gz´.
2020-08-21 13:35:53,598 decode: Utterance `dspm058_dsp2013_17´ -- 7 of job 86
2020-08-21 13:36:11,930 __iter__: Reading lattice file `/tmp/55136567/lattices/radioshaka_kbk20120915_88.lat.gz´.
2020-08-21 13:36:14,422 decode: Utterance `radioshaka_kbk20120915_88´ -- 8 of job 86
/scratch/work/groszt1/envs/theanoLM/lib/python3.7/site-packages/theano/gpuarray/dnn.py:184: UserWarning: Your cuDNN version is more recent than Theano. If you encounter problems, try updating Theano or downgrading cuDNN to a version >= v5 and <= v7.
  warnings.warn("Your cuDNN version is more recent than "
Using cuDNN version 7600 on context None
Mapped name None to device cuda0: Tesla P100-PCIE-16GB (0000:03:00.0)
/scratch/work/groszt1/envs/theanoLM/lib/python3.7/site-packages/h5py-2.9.0-py3.7-linux-x86_64.egg/h5py/_hl/dataset.py:313: H5pyDeprecationWarning: dataset.value has been deprecated. Use dataset[()] instead.
  "Use dataset[()] instead.", H5pyDeprecationWarning)
/scratch/work/groszt1/envs/theanoLM/lib/python3.7/site-packages/h5py-2.9.0-py3.7-linux-x86_64.egg/h5py/_hl/dataset.py:313: H5pyDeprecationWarning: dataset.value has been deprecated. Use dataset[()] instead.
  "Use dataset[()] instead.", H5pyDeprecationWarning)
decode_theanolm finished.
decode devel finished.
