Experiment: morph/D=0.001-D2=0.002-cutoffs001-n=5
Job ID: 55136198
Task ID: 21
Host: gpu27.int.triton.aalto.fi
Start date: Fri Aug 21 11:24:53 EEST 2020
Work directory: /scratch/work/moisioa3/conv_lm/experiments/morph/D=0.001-D2=0.002-cutoffs001-n=5
Temporary directory: /tmp/55136198

Currently Loaded Modules:
  1) speech-scripts/2016.05.24-b928230   6) binutils/2.25-GCCcore-5.4.0
  2) srilm/default                       7) GCC/5.4.0-2.25
  3) cuda/10.0.130                       8) libgpuarray/2017.03.29-45c731f
  4) cudnn/7.4.2-cuda                    9) anaconda3/latest
  5) GCCcore/5.4.0

 

/tmp/55136198/lattices
floatX=float32,device=cuda0,base_compiledir=/tmp/theano,exception_verbosity=high,openmp=False
/scratch/work/groszt1/envs/theanoLM/lib/python3.7/site-packages/theano/gpuarray/dnn.py:184: UserWarning: Your cuDNN version is more recent than Theano. If you encounter problems, try updating Theano or downgrading cuDNN to a version >= v5 and <= v7.
  warnings.warn("Your cuDNN version is more recent than "
Using cuDNN version 7600 on context None
Mapped name None to device cuda0: Tesla P100-PCIE-16GB (0000:83:00.0)
TheanoLM 1.3.2
Theano 1.0.4
pygpu 0.7.6
==
+ srun --gres=gpu:1 theanolm decode /scratch/work/moisioa3/conv_lm/experiments/morph/D=0.001-D2=0.002-cutoffs001-n=5/nnlm.h5 --lattice-list /tmp/55136198/lattices/lattice-list --output-file /scratch/work/moisioa3/conv_lm/experiments/morph/D=0.001-D2=0.002-cutoffs001-n=5/decode/devel/lambda=0.5-lms=9/21.trn --output trn --nnlm-weight 0.5 --lm-scale 9 --max-tokens-per-node 62 --beam 650 --recombination-order 22 --num-jobs 128 --job 21 --unk-penalty=-20
2020-08-21 11:25:07,049 get_default_device: Context None device="Tesla P100-PCIE-16GB" ID="0000:83:00.0"
2020-08-21 11:25:07,050 from_file: Reading vocabulary from network state.
2020-08-21 11:25:07,334 from_file: Number of words in vocabulary: 42699
2020-08-21 11:25:07,335 from_file: Number of words in shortlist: 42699
2020-08-21 11:25:07,335 from_file: Number of word classes: 42699
2020-08-21 11:25:07,335 from_file: Building neural network.
2020-08-21 11:25:52,260 from_file: Restoring neural network state.
2020-08-21 11:25:52,611 decode: Building word lattice decoder.
2020-08-21 11:25:58,342 __iter__: Reading lattice file `/tmp/55136198/lattices/dspf007_dsp2013_02.lat.gz´.
2020-08-21 11:26:00,326 decode: Utterance `dspf007_dsp2013_02´ -- 1 of job 21
2020-08-21 11:26:36,402 __iter__: Reading lattice file `/tmp/55136198/lattices/dspm010_dsp2013_02.lat.gz´.
2020-08-21 11:26:37,705 decode: Utterance `dspm010_dsp2013_02´ -- 2 of job 21
2020-08-21 11:27:21,868 __iter__: Reading lattice file `/tmp/55136198/lattices/dspm018_dsp2013_20.lat.gz´.
2020-08-21 11:27:22,983 decode: Utterance `dspm018_dsp2013_20´ -- 3 of job 21
2020-08-21 11:27:36,823 __iter__: Reading lattice file `/tmp/55136198/lattices/dspm026_dsp2013_08.lat.gz´.
2020-08-21 11:27:37,106 decode: Utterance `dspm026_dsp2013_08´ -- 4 of job 21
2020-08-21 11:27:48,177 __iter__: Reading lattice file `/tmp/55136198/lattices/dspm036_dsp2013_31.lat.gz´.
2020-08-21 11:27:48,988 decode: Utterance `dspm036_dsp2013_31´ -- 5 of job 21
2020-08-21 11:28:10,015 __iter__: Reading lattice file `/tmp/55136198/lattices/dspm047_dsp2013_06.lat.gz´.
2020-08-21 11:28:10,064 decode: Utterance `dspm047_dsp2013_06´ -- 6 of job 21
2020-08-21 11:28:10,737 __iter__: Reading lattice file `/tmp/55136198/lattices/dspm055_dsp2013_10.lat.gz´.
2020-08-21 11:28:10,794 decode: Utterance `dspm055_dsp2013_10´ -- 7 of job 21
2020-08-21 11:28:11,824 __iter__: Reading lattice file `/tmp/55136198/lattices/radiokassu_kbk20120915_45.lat.gz´.
2020-08-21 11:28:12,642 decode: Utterance `radiokassu_kbk20120915_45´ -- 8 of job 21
/scratch/work/groszt1/envs/theanoLM/lib/python3.7/site-packages/theano/gpuarray/dnn.py:184: UserWarning: Your cuDNN version is more recent than Theano. If you encounter problems, try updating Theano or downgrading cuDNN to a version >= v5 and <= v7.
  warnings.warn("Your cuDNN version is more recent than "
Using cuDNN version 7600 on context None
Mapped name None to device cuda0: Tesla P100-PCIE-16GB (0000:83:00.0)
/scratch/work/groszt1/envs/theanoLM/lib/python3.7/site-packages/h5py-2.9.0-py3.7-linux-x86_64.egg/h5py/_hl/dataset.py:313: H5pyDeprecationWarning: dataset.value has been deprecated. Use dataset[()] instead.
  "Use dataset[()] instead.", H5pyDeprecationWarning)
/scratch/work/groszt1/envs/theanoLM/lib/python3.7/site-packages/h5py-2.9.0-py3.7-linux-x86_64.egg/h5py/_hl/dataset.py:313: H5pyDeprecationWarning: dataset.value has been deprecated. Use dataset[()] instead.
  "Use dataset[()] instead.", H5pyDeprecationWarning)
decode_theanolm finished.
/tmp/55136198/lattices
floatX=float32,device=cuda0,base_compiledir=/tmp/theano,exception_verbosity=high,openmp=False
/scratch/work/groszt1/envs/theanoLM/lib/python3.7/site-packages/theano/gpuarray/dnn.py:184: UserWarning: Your cuDNN version is more recent than Theano. If you encounter problems, try updating Theano or downgrading cuDNN to a version >= v5 and <= v7.
  warnings.warn("Your cuDNN version is more recent than "
Using cuDNN version 7600 on context None
Mapped name None to device cuda0: Tesla P100-PCIE-16GB (0000:83:00.0)
TheanoLM 1.3.2
Theano 1.0.4
pygpu 0.7.6
==
+ srun --gres=gpu:1 theanolm decode /scratch/work/moisioa3/conv_lm/experiments/morph/D=0.001-D2=0.002-cutoffs001-n=5/nnlm.h5 --lattice-list /tmp/55136198/lattices/lattice-list --output-file /scratch/work/moisioa3/conv_lm/experiments/morph/D=0.001-D2=0.002-cutoffs001-n=5/decode/devel/lambda=0.5-lms=10/21.trn --output trn --nnlm-weight 0.5 --lm-scale 10 --max-tokens-per-node 62 --beam 650 --recombination-order 22 --num-jobs 128 --job 21 --unk-penalty=-20
2020-08-21 11:28:36,564 get_default_device: Context None device="Tesla P100-PCIE-16GB" ID="0000:83:00.0"
2020-08-21 11:28:36,565 from_file: Reading vocabulary from network state.
2020-08-21 11:28:36,863 from_file: Number of words in vocabulary: 42699
2020-08-21 11:28:36,864 from_file: Number of words in shortlist: 42699
2020-08-21 11:28:36,864 from_file: Number of word classes: 42699
2020-08-21 11:28:36,864 from_file: Building neural network.
2020-08-21 11:29:23,011 from_file: Restoring neural network state.
2020-08-21 11:29:23,352 decode: Building word lattice decoder.
2020-08-21 11:29:28,952 __iter__: Reading lattice file `/tmp/55136198/lattices/dspf007_dsp2013_02.lat.gz´.
2020-08-21 11:29:30,880 decode: Utterance `dspf007_dsp2013_02´ -- 1 of job 21
2020-08-21 11:30:08,467 __iter__: Reading lattice file `/tmp/55136198/lattices/dspm010_dsp2013_02.lat.gz´.
2020-08-21 11:30:09,749 decode: Utterance `dspm010_dsp2013_02´ -- 2 of job 21
2020-08-21 11:30:51,501 __iter__: Reading lattice file `/tmp/55136198/lattices/dspm018_dsp2013_20.lat.gz´.
2020-08-21 11:30:51,896 decode: Utterance `dspm018_dsp2013_20´ -- 3 of job 21
2020-08-21 11:31:05,373 __iter__: Reading lattice file `/tmp/55136198/lattices/dspm026_dsp2013_08.lat.gz´.
2020-08-21 11:31:05,644 decode: Utterance `dspm026_dsp2013_08´ -- 4 of job 21
2020-08-21 11:31:16,290 __iter__: Reading lattice file `/tmp/55136198/lattices/dspm036_dsp2013_31.lat.gz´.
2020-08-21 11:31:17,082 decode: Utterance `dspm036_dsp2013_31´ -- 5 of job 21
2020-08-21 11:31:38,243 __iter__: Reading lattice file `/tmp/55136198/lattices/dspm047_dsp2013_06.lat.gz´.
2020-08-21 11:31:38,290 decode: Utterance `dspm047_dsp2013_06´ -- 6 of job 21
2020-08-21 11:31:38,970 __iter__: Reading lattice file `/tmp/55136198/lattices/dspm055_dsp2013_10.lat.gz´.
2020-08-21 11:31:39,028 decode: Utterance `dspm055_dsp2013_10´ -- 7 of job 21
2020-08-21 11:31:40,062 __iter__: Reading lattice file `/tmp/55136198/lattices/radiokassu_kbk20120915_45.lat.gz´.
2020-08-21 11:31:40,857 decode: Utterance `radiokassu_kbk20120915_45´ -- 8 of job 21
/scratch/work/groszt1/envs/theanoLM/lib/python3.7/site-packages/theano/gpuarray/dnn.py:184: UserWarning: Your cuDNN version is more recent than Theano. If you encounter problems, try updating Theano or downgrading cuDNN to a version >= v5 and <= v7.
  warnings.warn("Your cuDNN version is more recent than "
Using cuDNN version 7600 on context None
Mapped name None to device cuda0: Tesla P100-PCIE-16GB (0000:83:00.0)
/scratch/work/groszt1/envs/theanoLM/lib/python3.7/site-packages/h5py-2.9.0-py3.7-linux-x86_64.egg/h5py/_hl/dataset.py:313: H5pyDeprecationWarning: dataset.value has been deprecated. Use dataset[()] instead.
  "Use dataset[()] instead.", H5pyDeprecationWarning)
/scratch/work/groszt1/envs/theanoLM/lib/python3.7/site-packages/h5py-2.9.0-py3.7-linux-x86_64.egg/h5py/_hl/dataset.py:313: H5pyDeprecationWarning: dataset.value has been deprecated. Use dataset[()] instead.
  "Use dataset[()] instead.", H5pyDeprecationWarning)
decode_theanolm finished.
/tmp/55136198/lattices
floatX=float32,device=cuda0,base_compiledir=/tmp/theano,exception_verbosity=high,openmp=False
/scratch/work/groszt1/envs/theanoLM/lib/python3.7/site-packages/theano/gpuarray/dnn.py:184: UserWarning: Your cuDNN version is more recent than Theano. If you encounter problems, try updating Theano or downgrading cuDNN to a version >= v5 and <= v7.
  warnings.warn("Your cuDNN version is more recent than "
Using cuDNN version 7600 on context None
Mapped name None to device cuda0: Tesla P100-PCIE-16GB (0000:83:00.0)
TheanoLM 1.3.2
Theano 1.0.4
pygpu 0.7.6
==
+ srun --gres=gpu:1 theanolm decode /scratch/work/moisioa3/conv_lm/experiments/morph/D=0.001-D2=0.002-cutoffs001-n=5/nnlm.h5 --lattice-list /tmp/55136198/lattices/lattice-list --output-file /scratch/work/moisioa3/conv_lm/experiments/morph/D=0.001-D2=0.002-cutoffs001-n=5/decode/devel/lambda=0.5-lms=11/21.trn --output trn --nnlm-weight 0.5 --lm-scale 11 --max-tokens-per-node 62 --beam 650 --recombination-order 22 --num-jobs 128 --job 21 --unk-penalty=-20
2020-08-21 11:32:03,999 get_default_device: Context None device="Tesla P100-PCIE-16GB" ID="0000:83:00.0"
2020-08-21 11:32:04,001 from_file: Reading vocabulary from network state.
2020-08-21 11:32:04,292 from_file: Number of words in vocabulary: 42699
2020-08-21 11:32:04,293 from_file: Number of words in shortlist: 42699
2020-08-21 11:32:04,293 from_file: Number of word classes: 42699
2020-08-21 11:32:04,293 from_file: Building neural network.
2020-08-21 11:32:47,571 from_file: Restoring neural network state.
2020-08-21 11:32:48,208 decode: Building word lattice decoder.
2020-08-21 11:32:53,583 __iter__: Reading lattice file `/tmp/55136198/lattices/dspf007_dsp2013_02.lat.gz´.
2020-08-21 11:32:55,359 decode: Utterance `dspf007_dsp2013_02´ -- 1 of job 21
2020-08-21 11:33:40,648 __iter__: Reading lattice file `/tmp/55136198/lattices/dspm010_dsp2013_02.lat.gz´.
2020-08-21 11:33:41,907 decode: Utterance `dspm010_dsp2013_02´ -- 2 of job 21
2020-08-21 11:34:24,201 __iter__: Reading lattice file `/tmp/55136198/lattices/dspm018_dsp2013_20.lat.gz´.
2020-08-21 11:34:24,594 decode: Utterance `dspm018_dsp2013_20´ -- 3 of job 21
2020-08-21 11:34:38,420 __iter__: Reading lattice file `/tmp/55136198/lattices/dspm026_dsp2013_08.lat.gz´.
2020-08-21 11:34:38,695 decode: Utterance `dspm026_dsp2013_08´ -- 4 of job 21
2020-08-21 11:34:49,532 __iter__: Reading lattice file `/tmp/55136198/lattices/dspm036_dsp2013_31.lat.gz´.
2020-08-21 11:34:50,331 decode: Utterance `dspm036_dsp2013_31´ -- 5 of job 21
2020-08-21 11:35:11,798 __iter__: Reading lattice file `/tmp/55136198/lattices/dspm047_dsp2013_06.lat.gz´.
2020-08-21 11:35:11,847 decode: Utterance `dspm047_dsp2013_06´ -- 6 of job 21
2020-08-21 11:35:12,538 __iter__: Reading lattice file `/tmp/55136198/lattices/dspm055_dsp2013_10.lat.gz´.
2020-08-21 11:35:12,595 decode: Utterance `dspm055_dsp2013_10´ -- 7 of job 21
2020-08-21 11:35:13,643 __iter__: Reading lattice file `/tmp/55136198/lattices/radiokassu_kbk20120915_45.lat.gz´.
2020-08-21 11:35:14,446 decode: Utterance `radiokassu_kbk20120915_45´ -- 8 of job 21
/scratch/work/groszt1/envs/theanoLM/lib/python3.7/site-packages/theano/gpuarray/dnn.py:184: UserWarning: Your cuDNN version is more recent than Theano. If you encounter problems, try updating Theano or downgrading cuDNN to a version >= v5 and <= v7.
  warnings.warn("Your cuDNN version is more recent than "
Using cuDNN version 7600 on context None
Mapped name None to device cuda0: Tesla P100-PCIE-16GB (0000:83:00.0)
/scratch/work/groszt1/envs/theanoLM/lib/python3.7/site-packages/h5py-2.9.0-py3.7-linux-x86_64.egg/h5py/_hl/dataset.py:313: H5pyDeprecationWarning: dataset.value has been deprecated. Use dataset[()] instead.
  "Use dataset[()] instead.", H5pyDeprecationWarning)
/scratch/work/groszt1/envs/theanoLM/lib/python3.7/site-packages/h5py-2.9.0-py3.7-linux-x86_64.egg/h5py/_hl/dataset.py:313: H5pyDeprecationWarning: dataset.value has been deprecated. Use dataset[()] instead.
  "Use dataset[()] instead.", H5pyDeprecationWarning)
decode_theanolm finished.
/tmp/55136198/lattices
floatX=float32,device=cuda0,base_compiledir=/tmp/theano,exception_verbosity=high,openmp=False
/scratch/work/groszt1/envs/theanoLM/lib/python3.7/site-packages/theano/gpuarray/dnn.py:184: UserWarning: Your cuDNN version is more recent than Theano. If you encounter problems, try updating Theano or downgrading cuDNN to a version >= v5 and <= v7.
  warnings.warn("Your cuDNN version is more recent than "
Using cuDNN version 7600 on context None
Mapped name None to device cuda0: Tesla P100-PCIE-16GB (0000:83:00.0)
TheanoLM 1.3.2
Theano 1.0.4
pygpu 0.7.6
==
+ srun --gres=gpu:1 theanolm decode /scratch/work/moisioa3/conv_lm/experiments/morph/D=0.001-D2=0.002-cutoffs001-n=5/nnlm.h5 --lattice-list /tmp/55136198/lattices/lattice-list --output-file /scratch/work/moisioa3/conv_lm/experiments/morph/D=0.001-D2=0.002-cutoffs001-n=5/decode/devel/lambda=1.0-lms=9/21.trn --output trn --nnlm-weight 1.0 --lm-scale 9 --max-tokens-per-node 62 --beam 650 --recombination-order 22 --num-jobs 128 --job 21 --unk-penalty=-20
2020-08-21 11:35:39,857 get_default_device: Context None device="Tesla P100-PCIE-16GB" ID="0000:83:00.0"
2020-08-21 11:35:39,859 from_file: Reading vocabulary from network state.
2020-08-21 11:35:40,150 from_file: Number of words in vocabulary: 42699
2020-08-21 11:35:40,151 from_file: Number of words in shortlist: 42699
2020-08-21 11:35:40,151 from_file: Number of word classes: 42699
2020-08-21 11:35:40,151 from_file: Building neural network.
2020-08-21 11:36:23,229 from_file: Restoring neural network state.
2020-08-21 11:36:23,584 decode: Building word lattice decoder.
2020-08-21 11:36:28,965 __iter__: Reading lattice file `/tmp/55136198/lattices/dspf007_dsp2013_02.lat.gz´.
2020-08-21 11:36:30,851 decode: Utterance `dspf007_dsp2013_02´ -- 1 of job 21
2020-08-21 11:37:06,816 __iter__: Reading lattice file `/tmp/55136198/lattices/dspm010_dsp2013_02.lat.gz´.
2020-08-21 11:37:08,104 decode: Utterance `dspm010_dsp2013_02´ -- 2 of job 21
2020-08-21 11:37:47,819 __iter__: Reading lattice file `/tmp/55136198/lattices/dspm018_dsp2013_20.lat.gz´.
2020-08-21 11:37:48,206 decode: Utterance `dspm018_dsp2013_20´ -- 3 of job 21
2020-08-21 11:37:58,726 __iter__: Reading lattice file `/tmp/55136198/lattices/dspm026_dsp2013_08.lat.gz´.
2020-08-21 11:37:58,996 decode: Utterance `dspm026_dsp2013_08´ -- 4 of job 21
2020-08-21 11:38:07,435 __iter__: Reading lattice file `/tmp/55136198/lattices/dspm036_dsp2013_31.lat.gz´.
2020-08-21 11:38:08,223 decode: Utterance `dspm036_dsp2013_31´ -- 5 of job 21
2020-08-21 11:38:26,776 __iter__: Reading lattice file `/tmp/55136198/lattices/dspm047_dsp2013_06.lat.gz´.
2020-08-21 11:38:26,824 decode: Utterance `dspm047_dsp2013_06´ -- 6 of job 21
2020-08-21 11:38:27,498 __iter__: Reading lattice file `/tmp/55136198/lattices/dspm055_dsp2013_10.lat.gz´.
2020-08-21 11:38:27,554 decode: Utterance `dspm055_dsp2013_10´ -- 7 of job 21
2020-08-21 11:38:28,558 __iter__: Reading lattice file `/tmp/55136198/lattices/radiokassu_kbk20120915_45.lat.gz´.
2020-08-21 11:38:29,350 decode: Utterance `radiokassu_kbk20120915_45´ -- 8 of job 21
/scratch/work/groszt1/envs/theanoLM/lib/python3.7/site-packages/theano/gpuarray/dnn.py:184: UserWarning: Your cuDNN version is more recent than Theano. If you encounter problems, try updating Theano or downgrading cuDNN to a version >= v5 and <= v7.
  warnings.warn("Your cuDNN version is more recent than "
Using cuDNN version 7600 on context None
Mapped name None to device cuda0: Tesla P100-PCIE-16GB (0000:83:00.0)
/scratch/work/groszt1/envs/theanoLM/lib/python3.7/site-packages/h5py-2.9.0-py3.7-linux-x86_64.egg/h5py/_hl/dataset.py:313: H5pyDeprecationWarning: dataset.value has been deprecated. Use dataset[()] instead.
  "Use dataset[()] instead.", H5pyDeprecationWarning)
/scratch/work/groszt1/envs/theanoLM/lib/python3.7/site-packages/h5py-2.9.0-py3.7-linux-x86_64.egg/h5py/_hl/dataset.py:313: H5pyDeprecationWarning: dataset.value has been deprecated. Use dataset[()] instead.
  "Use dataset[()] instead.", H5pyDeprecationWarning)
decode_theanolm finished.
/tmp/55136198/lattices
floatX=float32,device=cuda0,base_compiledir=/tmp/theano,exception_verbosity=high,openmp=False
/scratch/work/groszt1/envs/theanoLM/lib/python3.7/site-packages/theano/gpuarray/dnn.py:184: UserWarning: Your cuDNN version is more recent than Theano. If you encounter problems, try updating Theano or downgrading cuDNN to a version >= v5 and <= v7.
  warnings.warn("Your cuDNN version is more recent than "
Using cuDNN version 7600 on context None
Mapped name None to device cuda0: Tesla P100-PCIE-16GB (0000:83:00.0)
TheanoLM 1.3.2
Theano 1.0.4
pygpu 0.7.6
==
+ srun --gres=gpu:1 theanolm decode /scratch/work/moisioa3/conv_lm/experiments/morph/D=0.001-D2=0.002-cutoffs001-n=5/nnlm.h5 --lattice-list /tmp/55136198/lattices/lattice-list --output-file /scratch/work/moisioa3/conv_lm/experiments/morph/D=0.001-D2=0.002-cutoffs001-n=5/decode/devel/lambda=1.0-lms=10/21.trn --output trn --nnlm-weight 1.0 --lm-scale 10 --max-tokens-per-node 62 --beam 650 --recombination-order 22 --num-jobs 128 --job 21 --unk-penalty=-20
2020-08-21 11:38:52,932 get_default_device: Context None device="Tesla P100-PCIE-16GB" ID="0000:83:00.0"
2020-08-21 11:38:52,934 from_file: Reading vocabulary from network state.
2020-08-21 11:38:53,235 from_file: Number of words in vocabulary: 42699
2020-08-21 11:38:53,235 from_file: Number of words in shortlist: 42699
2020-08-21 11:38:53,235 from_file: Number of word classes: 42699
2020-08-21 11:38:53,235 from_file: Building neural network.
2020-08-21 11:39:41,169 from_file: Restoring neural network state.
2020-08-21 11:39:41,550 decode: Building word lattice decoder.
2020-08-21 11:39:47,243 __iter__: Reading lattice file `/tmp/55136198/lattices/dspf007_dsp2013_02.lat.gz´.
2020-08-21 11:39:49,146 decode: Utterance `dspf007_dsp2013_02´ -- 1 of job 21
2020-08-21 11:40:26,034 __iter__: Reading lattice file `/tmp/55136198/lattices/dspm010_dsp2013_02.lat.gz´.
2020-08-21 11:40:27,331 decode: Utterance `dspm010_dsp2013_02´ -- 2 of job 21
2020-08-21 11:41:06,310 __iter__: Reading lattice file `/tmp/55136198/lattices/dspm018_dsp2013_20.lat.gz´.
2020-08-21 11:41:06,696 decode: Utterance `dspm018_dsp2013_20´ -- 3 of job 21
2020-08-21 11:41:17,359 __iter__: Reading lattice file `/tmp/55136198/lattices/dspm026_dsp2013_08.lat.gz´.
2020-08-21 11:41:17,628 decode: Utterance `dspm026_dsp2013_08´ -- 4 of job 21
2020-08-21 11:41:26,142 __iter__: Reading lattice file `/tmp/55136198/lattices/dspm036_dsp2013_31.lat.gz´.
2020-08-21 11:41:26,936 decode: Utterance `dspm036_dsp2013_31´ -- 5 of job 21
2020-08-21 11:41:45,777 __iter__: Reading lattice file `/tmp/55136198/lattices/dspm047_dsp2013_06.lat.gz´.
2020-08-21 11:41:45,824 decode: Utterance `dspm047_dsp2013_06´ -- 6 of job 21
2020-08-21 11:41:46,500 __iter__: Reading lattice file `/tmp/55136198/lattices/dspm055_dsp2013_10.lat.gz´.
2020-08-21 11:41:46,556 decode: Utterance `dspm055_dsp2013_10´ -- 7 of job 21
2020-08-21 11:41:47,558 __iter__: Reading lattice file `/tmp/55136198/lattices/radiokassu_kbk20120915_45.lat.gz´.
2020-08-21 11:41:48,346 decode: Utterance `radiokassu_kbk20120915_45´ -- 8 of job 21
/scratch/work/groszt1/envs/theanoLM/lib/python3.7/site-packages/theano/gpuarray/dnn.py:184: UserWarning: Your cuDNN version is more recent than Theano. If you encounter problems, try updating Theano or downgrading cuDNN to a version >= v5 and <= v7.
  warnings.warn("Your cuDNN version is more recent than "
Using cuDNN version 7600 on context None
Mapped name None to device cuda0: Tesla P100-PCIE-16GB (0000:83:00.0)
/scratch/work/groszt1/envs/theanoLM/lib/python3.7/site-packages/h5py-2.9.0-py3.7-linux-x86_64.egg/h5py/_hl/dataset.py:313: H5pyDeprecationWarning: dataset.value has been deprecated. Use dataset[()] instead.
  "Use dataset[()] instead.", H5pyDeprecationWarning)
/scratch/work/groszt1/envs/theanoLM/lib/python3.7/site-packages/h5py-2.9.0-py3.7-linux-x86_64.egg/h5py/_hl/dataset.py:313: H5pyDeprecationWarning: dataset.value has been deprecated. Use dataset[()] instead.
  "Use dataset[()] instead.", H5pyDeprecationWarning)
decode_theanolm finished.
/tmp/55136198/lattices
floatX=float32,device=cuda0,base_compiledir=/tmp/theano,exception_verbosity=high,openmp=False
/scratch/work/groszt1/envs/theanoLM/lib/python3.7/site-packages/theano/gpuarray/dnn.py:184: UserWarning: Your cuDNN version is more recent than Theano. If you encounter problems, try updating Theano or downgrading cuDNN to a version >= v5 and <= v7.
  warnings.warn("Your cuDNN version is more recent than "
Using cuDNN version 7600 on context None
Mapped name None to device cuda0: Tesla P100-PCIE-16GB (0000:83:00.0)
TheanoLM 1.3.2
Theano 1.0.4
pygpu 0.7.6
==
+ srun --gres=gpu:1 theanolm decode /scratch/work/moisioa3/conv_lm/experiments/morph/D=0.001-D2=0.002-cutoffs001-n=5/nnlm.h5 --lattice-list /tmp/55136198/lattices/lattice-list --output-file /scratch/work/moisioa3/conv_lm/experiments/morph/D=0.001-D2=0.002-cutoffs001-n=5/decode/devel/lambda=1.0-lms=11/21.trn --output trn --nnlm-weight 1.0 --lm-scale 11 --max-tokens-per-node 62 --beam 650 --recombination-order 22 --num-jobs 128 --job 21 --unk-penalty=-20
2020-08-21 11:42:10,784 get_default_device: Context None device="Tesla P100-PCIE-16GB" ID="0000:83:00.0"
2020-08-21 11:42:10,786 from_file: Reading vocabulary from network state.
2020-08-21 11:42:11,085 from_file: Number of words in vocabulary: 42699
2020-08-21 11:42:11,086 from_file: Number of words in shortlist: 42699
2020-08-21 11:42:11,086 from_file: Number of word classes: 42699
2020-08-21 11:42:11,086 from_file: Building neural network.
2020-08-21 11:42:53,981 from_file: Restoring neural network state.
2020-08-21 11:42:54,334 decode: Building word lattice decoder.
2020-08-21 11:42:59,605 __iter__: Reading lattice file `/tmp/55136198/lattices/dspf007_dsp2013_02.lat.gz´.
2020-08-21 11:43:01,528 decode: Utterance `dspf007_dsp2013_02´ -- 1 of job 21
2020-08-21 11:43:39,330 __iter__: Reading lattice file `/tmp/55136198/lattices/dspm010_dsp2013_02.lat.gz´.
2020-08-21 11:43:40,611 decode: Utterance `dspm010_dsp2013_02´ -- 2 of job 21
2020-08-21 11:44:19,837 __iter__: Reading lattice file `/tmp/55136198/lattices/dspm018_dsp2013_20.lat.gz´.
2020-08-21 11:44:20,231 decode: Utterance `dspm018_dsp2013_20´ -- 3 of job 21
2020-08-21 11:44:31,370 __iter__: Reading lattice file `/tmp/55136198/lattices/dspm026_dsp2013_08.lat.gz´.
2020-08-21 11:44:31,642 decode: Utterance `dspm026_dsp2013_08´ -- 4 of job 21
2020-08-21 11:44:40,594 __iter__: Reading lattice file `/tmp/55136198/lattices/dspm036_dsp2013_31.lat.gz´.
2020-08-21 11:44:41,394 decode: Utterance `dspm036_dsp2013_31´ -- 5 of job 21
2020-08-21 11:45:00,347 __iter__: Reading lattice file `/tmp/55136198/lattices/dspm047_dsp2013_06.lat.gz´.
2020-08-21 11:45:00,395 decode: Utterance `dspm047_dsp2013_06´ -- 6 of job 21
2020-08-21 11:45:01,067 __iter__: Reading lattice file `/tmp/55136198/lattices/dspm055_dsp2013_10.lat.gz´.
2020-08-21 11:45:01,126 decode: Utterance `dspm055_dsp2013_10´ -- 7 of job 21
2020-08-21 11:45:02,115 __iter__: Reading lattice file `/tmp/55136198/lattices/radiokassu_kbk20120915_45.lat.gz´.
2020-08-21 11:45:02,881 decode: Utterance `radiokassu_kbk20120915_45´ -- 8 of job 21
/scratch/work/groszt1/envs/theanoLM/lib/python3.7/site-packages/theano/gpuarray/dnn.py:184: UserWarning: Your cuDNN version is more recent than Theano. If you encounter problems, try updating Theano or downgrading cuDNN to a version >= v5 and <= v7.
  warnings.warn("Your cuDNN version is more recent than "
Using cuDNN version 7600 on context None
Mapped name None to device cuda0: Tesla P100-PCIE-16GB (0000:83:00.0)
/scratch/work/groszt1/envs/theanoLM/lib/python3.7/site-packages/h5py-2.9.0-py3.7-linux-x86_64.egg/h5py/_hl/dataset.py:313: H5pyDeprecationWarning: dataset.value has been deprecated. Use dataset[()] instead.
  "Use dataset[()] instead.", H5pyDeprecationWarning)
/scratch/work/groszt1/envs/theanoLM/lib/python3.7/site-packages/h5py-2.9.0-py3.7-linux-x86_64.egg/h5py/_hl/dataset.py:313: H5pyDeprecationWarning: dataset.value has been deprecated. Use dataset[()] instead.
  "Use dataset[()] instead.", H5pyDeprecationWarning)
decode_theanolm finished.
decode devel finished.
