Experiment: morph/D=0.001-D2=0.002-cutoffs001-n=5
Job ID: 55135837
Task ID: 3
Host: gpu24.int.triton.aalto.fi
Start date: Fri Aug 21 10:11:47 EEST 2020
Work directory: /scratch/work/moisioa3/conv_lm/experiments/morph/D=0.001-D2=0.002-cutoffs001-n=5
Temporary directory: /tmp/55135837

Currently Loaded Modules:
  1) speech-scripts/2016.05.24-b928230   6) binutils/2.25-GCCcore-5.4.0
  2) srilm/default                       7) GCC/5.4.0-2.25
  3) cuda/10.0.130                       8) libgpuarray/2017.03.29-45c731f
  4) cudnn/7.4.2-cuda                    9) anaconda3/latest
  5) GCCcore/5.4.0

 

/tmp/55135837/lattices
floatX=float32,device=cuda0,base_compiledir=/tmp/theano,exception_verbosity=high,openmp=False
/scratch/work/groszt1/envs/theanoLM/lib/python3.7/site-packages/theano/gpuarray/dnn.py:184: UserWarning: Your cuDNN version is more recent than Theano. If you encounter problems, try updating Theano or downgrading cuDNN to a version >= v5 and <= v7.
  warnings.warn("Your cuDNN version is more recent than "
Using cuDNN version 7600 on context None
Mapped name None to device cuda0: Tesla P100-PCIE-16GB (0000:82:00.0)
TheanoLM 1.3.2
Theano 1.0.4
pygpu 0.7.6
==
+ srun --gres=gpu:1 theanolm decode /scratch/work/moisioa3/conv_lm/experiments/morph/D=0.001-D2=0.002-cutoffs001-n=5/nnlm.h5 --lattice-list /tmp/55135837/lattices/lattice-list --output-file /scratch/work/moisioa3/conv_lm/experiments/morph/D=0.001-D2=0.002-cutoffs001-n=5/decode/devel/lambda=0.5-lms=9/3.trn --output trn --nnlm-weight 0.5 --lm-scale 9 --max-tokens-per-node 62 --beam 650 --recombination-order 22 --num-jobs 128 --job 3 --unk-penalty=-20
2020-08-21 10:11:59,120 get_default_device: Context None device="Tesla P100-PCIE-16GB" ID="0000:82:00.0"
2020-08-21 10:11:59,123 from_file: Reading vocabulary from network state.
2020-08-21 10:11:59,395 from_file: Number of words in vocabulary: 42699
2020-08-21 10:11:59,396 from_file: Number of words in shortlist: 42699
2020-08-21 10:11:59,396 from_file: Number of word classes: 42699
2020-08-21 10:11:59,396 from_file: Building neural network.
2020-08-21 10:12:42,295 from_file: Restoring neural network state.
2020-08-21 10:12:42,643 decode: Building word lattice decoder.
2020-08-21 10:12:47,790 __iter__: Reading lattice file `/tmp/55135837/lattices/dspf004_dsp2013_05.lat.gz´.
2020-08-21 10:12:47,930 decode: Utterance `dspf004_dsp2013_05´ -- 1 of job 3
2020-08-21 10:12:53,732 __iter__: Reading lattice file `/tmp/55135837/lattices/dspm007_dsp2013_13.lat.gz´.
2020-08-21 10:12:54,057 decode: Utterance `dspm007_dsp2013_13´ -- 2 of job 3
2020-08-21 10:13:08,733 __iter__: Reading lattice file `/tmp/55135837/lattices/dspm017_dsp2013_91.lat.gz´.
2020-08-21 10:13:08,816 decode: Utterance `dspm017_dsp2013_91´ -- 3 of job 3
2020-08-21 10:13:10,882 __iter__: Reading lattice file `/tmp/55135837/lattices/dspm025_dsp2013_18.lat.gz´.
2020-08-21 10:13:12,748 decode: Utterance `dspm025_dsp2013_18´ -- 4 of job 3
2020-08-21 10:14:03,112 __iter__: Reading lattice file `/tmp/55135837/lattices/dspm034_dsp2013_09.lat.gz´.
2020-08-21 10:14:03,337 decode: Utterance `dspm034_dsp2013_09´ -- 5 of job 3
2020-08-21 10:14:09,660 __iter__: Reading lattice file `/tmp/55135837/lattices/dspm045_dsp2013_08.lat.gz´.
2020-08-21 10:14:09,738 decode: Utterance `dspm045_dsp2013_08´ -- 6 of job 3
2020-08-21 10:14:11,419 __iter__: Reading lattice file `/tmp/55135837/lattices/dspm054_dsp2013_15.lat.gz´.
2020-08-21 10:14:12,169 decode: Utterance `dspm054_dsp2013_15´ -- 7 of job 3
2020-08-21 10:14:30,581 __iter__: Reading lattice file `/tmp/55135837/lattices/radiojake_kbk20120915_65.lat.gz´.
2020-08-21 10:14:30,838 decode: Utterance `radiojake_kbk20120915_65´ -- 8 of job 3
/scratch/work/groszt1/envs/theanoLM/lib/python3.7/site-packages/theano/gpuarray/dnn.py:184: UserWarning: Your cuDNN version is more recent than Theano. If you encounter problems, try updating Theano or downgrading cuDNN to a version >= v5 and <= v7.
  warnings.warn("Your cuDNN version is more recent than "
Using cuDNN version 7600 on context None
Mapped name None to device cuda0: Tesla P100-PCIE-16GB (0000:82:00.0)
/scratch/work/groszt1/envs/theanoLM/lib/python3.7/site-packages/h5py-2.9.0-py3.7-linux-x86_64.egg/h5py/_hl/dataset.py:313: H5pyDeprecationWarning: dataset.value has been deprecated. Use dataset[()] instead.
  "Use dataset[()] instead.", H5pyDeprecationWarning)
/scratch/work/groszt1/envs/theanoLM/lib/python3.7/site-packages/h5py-2.9.0-py3.7-linux-x86_64.egg/h5py/_hl/dataset.py:313: H5pyDeprecationWarning: dataset.value has been deprecated. Use dataset[()] instead.
  "Use dataset[()] instead.", H5pyDeprecationWarning)
decode_theanolm finished.
/tmp/55135837/lattices
floatX=float32,device=cuda0,base_compiledir=/tmp/theano,exception_verbosity=high,openmp=False
/scratch/work/groszt1/envs/theanoLM/lib/python3.7/site-packages/theano/gpuarray/dnn.py:184: UserWarning: Your cuDNN version is more recent than Theano. If you encounter problems, try updating Theano or downgrading cuDNN to a version >= v5 and <= v7.
  warnings.warn("Your cuDNN version is more recent than "
Using cuDNN version 7600 on context None
Mapped name None to device cuda0: Tesla P100-PCIE-16GB (0000:82:00.0)
TheanoLM 1.3.2
Theano 1.0.4
pygpu 0.7.6
==
+ srun --gres=gpu:1 theanolm decode /scratch/work/moisioa3/conv_lm/experiments/morph/D=0.001-D2=0.002-cutoffs001-n=5/nnlm.h5 --lattice-list /tmp/55135837/lattices/lattice-list --output-file /scratch/work/moisioa3/conv_lm/experiments/morph/D=0.001-D2=0.002-cutoffs001-n=5/decode/devel/lambda=0.5-lms=10/3.trn --output trn --nnlm-weight 0.5 --lm-scale 10 --max-tokens-per-node 62 --beam 650 --recombination-order 22 --num-jobs 128 --job 3 --unk-penalty=-20
2020-08-21 10:14:47,711 get_default_device: Context None device="Tesla P100-PCIE-16GB" ID="0000:82:00.0"
2020-08-21 10:14:47,712 from_file: Reading vocabulary from network state.
2020-08-21 10:14:47,995 from_file: Number of words in vocabulary: 42699
2020-08-21 10:14:47,996 from_file: Number of words in shortlist: 42699
2020-08-21 10:14:47,996 from_file: Number of word classes: 42699
2020-08-21 10:14:47,996 from_file: Building neural network.
2020-08-21 10:15:31,020 from_file: Restoring neural network state.
2020-08-21 10:15:31,356 decode: Building word lattice decoder.
2020-08-21 10:15:36,627 __iter__: Reading lattice file `/tmp/55135837/lattices/dspf004_dsp2013_05.lat.gz´.
2020-08-21 10:15:36,775 decode: Utterance `dspf004_dsp2013_05´ -- 1 of job 3
2020-08-21 10:15:42,805 __iter__: Reading lattice file `/tmp/55135837/lattices/dspm007_dsp2013_13.lat.gz´.
2020-08-21 10:15:43,139 decode: Utterance `dspm007_dsp2013_13´ -- 2 of job 3
2020-08-21 10:15:57,609 __iter__: Reading lattice file `/tmp/55135837/lattices/dspm017_dsp2013_91.lat.gz´.
2020-08-21 10:15:57,692 decode: Utterance `dspm017_dsp2013_91´ -- 3 of job 3
2020-08-21 10:15:59,650 __iter__: Reading lattice file `/tmp/55135837/lattices/dspm025_dsp2013_18.lat.gz´.
2020-08-21 10:16:01,482 decode: Utterance `dspm025_dsp2013_18´ -- 4 of job 3
2020-08-21 10:16:54,623 __iter__: Reading lattice file `/tmp/55135837/lattices/dspm034_dsp2013_09.lat.gz´.
2020-08-21 10:16:54,848 decode: Utterance `dspm034_dsp2013_09´ -- 5 of job 3
2020-08-21 10:17:01,615 __iter__: Reading lattice file `/tmp/55135837/lattices/dspm045_dsp2013_08.lat.gz´.
2020-08-21 10:17:01,690 decode: Utterance `dspm045_dsp2013_08´ -- 6 of job 3
2020-08-21 10:17:03,618 __iter__: Reading lattice file `/tmp/55135837/lattices/dspm054_dsp2013_15.lat.gz´.
2020-08-21 10:17:04,350 decode: Utterance `dspm054_dsp2013_15´ -- 7 of job 3
2020-08-21 10:17:23,176 __iter__: Reading lattice file `/tmp/55135837/lattices/radiojake_kbk20120915_65.lat.gz´.
2020-08-21 10:17:23,424 decode: Utterance `radiojake_kbk20120915_65´ -- 8 of job 3
/scratch/work/groszt1/envs/theanoLM/lib/python3.7/site-packages/theano/gpuarray/dnn.py:184: UserWarning: Your cuDNN version is more recent than Theano. If you encounter problems, try updating Theano or downgrading cuDNN to a version >= v5 and <= v7.
  warnings.warn("Your cuDNN version is more recent than "
Using cuDNN version 7600 on context None
Mapped name None to device cuda0: Tesla P100-PCIE-16GB (0000:82:00.0)
/scratch/work/groszt1/envs/theanoLM/lib/python3.7/site-packages/h5py-2.9.0-py3.7-linux-x86_64.egg/h5py/_hl/dataset.py:313: H5pyDeprecationWarning: dataset.value has been deprecated. Use dataset[()] instead.
  "Use dataset[()] instead.", H5pyDeprecationWarning)
/scratch/work/groszt1/envs/theanoLM/lib/python3.7/site-packages/h5py-2.9.0-py3.7-linux-x86_64.egg/h5py/_hl/dataset.py:313: H5pyDeprecationWarning: dataset.value has been deprecated. Use dataset[()] instead.
  "Use dataset[()] instead.", H5pyDeprecationWarning)
decode_theanolm finished.
/tmp/55135837/lattices
floatX=float32,device=cuda0,base_compiledir=/tmp/theano,exception_verbosity=high,openmp=False
/scratch/work/groszt1/envs/theanoLM/lib/python3.7/site-packages/theano/gpuarray/dnn.py:184: UserWarning: Your cuDNN version is more recent than Theano. If you encounter problems, try updating Theano or downgrading cuDNN to a version >= v5 and <= v7.
  warnings.warn("Your cuDNN version is more recent than "
Using cuDNN version 7600 on context None
Mapped name None to device cuda0: Tesla P100-PCIE-16GB (0000:82:00.0)
TheanoLM 1.3.2
Theano 1.0.4
pygpu 0.7.6
==
+ srun --gres=gpu:1 theanolm decode /scratch/work/moisioa3/conv_lm/experiments/morph/D=0.001-D2=0.002-cutoffs001-n=5/nnlm.h5 --lattice-list /tmp/55135837/lattices/lattice-list --output-file /scratch/work/moisioa3/conv_lm/experiments/morph/D=0.001-D2=0.002-cutoffs001-n=5/decode/devel/lambda=0.5-lms=11/3.trn --output trn --nnlm-weight 0.5 --lm-scale 11 --max-tokens-per-node 62 --beam 650 --recombination-order 22 --num-jobs 128 --job 3 --unk-penalty=-20
2020-08-21 10:17:39,921 get_default_device: Context None device="Tesla P100-PCIE-16GB" ID="0000:82:00.0"
2020-08-21 10:17:39,922 from_file: Reading vocabulary from network state.
2020-08-21 10:17:40,204 from_file: Number of words in vocabulary: 42699
2020-08-21 10:17:40,205 from_file: Number of words in shortlist: 42699
2020-08-21 10:17:40,205 from_file: Number of word classes: 42699
2020-08-21 10:17:40,205 from_file: Building neural network.
2020-08-21 10:18:23,260 from_file: Restoring neural network state.
2020-08-21 10:18:23,597 decode: Building word lattice decoder.
2020-08-21 10:18:28,806 __iter__: Reading lattice file `/tmp/55135837/lattices/dspf004_dsp2013_05.lat.gz´.
2020-08-21 10:18:28,949 decode: Utterance `dspf004_dsp2013_05´ -- 1 of job 3
2020-08-21 10:18:34,945 __iter__: Reading lattice file `/tmp/55135837/lattices/dspm007_dsp2013_13.lat.gz´.
2020-08-21 10:18:35,274 decode: Utterance `dspm007_dsp2013_13´ -- 2 of job 3
2020-08-21 10:18:49,504 __iter__: Reading lattice file `/tmp/55135837/lattices/dspm017_dsp2013_91.lat.gz´.
2020-08-21 10:18:49,584 decode: Utterance `dspm017_dsp2013_91´ -- 3 of job 3
2020-08-21 10:18:51,528 __iter__: Reading lattice file `/tmp/55135837/lattices/dspm025_dsp2013_18.lat.gz´.
2020-08-21 10:18:53,292 decode: Utterance `dspm025_dsp2013_18´ -- 4 of job 3
2020-08-21 10:19:46,026 __iter__: Reading lattice file `/tmp/55135837/lattices/dspm034_dsp2013_09.lat.gz´.
2020-08-21 10:19:46,243 decode: Utterance `dspm034_dsp2013_09´ -- 5 of job 3
2020-08-21 10:19:52,254 __iter__: Reading lattice file `/tmp/55135837/lattices/dspm045_dsp2013_08.lat.gz´.
2020-08-21 10:19:52,326 decode: Utterance `dspm045_dsp2013_08´ -- 6 of job 3
2020-08-21 10:19:53,934 __iter__: Reading lattice file `/tmp/55135837/lattices/dspm054_dsp2013_15.lat.gz´.
2020-08-21 10:19:54,643 decode: Utterance `dspm054_dsp2013_15´ -- 7 of job 3
2020-08-21 10:20:12,722 __iter__: Reading lattice file `/tmp/55135837/lattices/radiojake_kbk20120915_65.lat.gz´.
2020-08-21 10:20:12,972 decode: Utterance `radiojake_kbk20120915_65´ -- 8 of job 3
/scratch/work/groszt1/envs/theanoLM/lib/python3.7/site-packages/theano/gpuarray/dnn.py:184: UserWarning: Your cuDNN version is more recent than Theano. If you encounter problems, try updating Theano or downgrading cuDNN to a version >= v5 and <= v7.
  warnings.warn("Your cuDNN version is more recent than "
Using cuDNN version 7600 on context None
Mapped name None to device cuda0: Tesla P100-PCIE-16GB (0000:82:00.0)
/scratch/work/groszt1/envs/theanoLM/lib/python3.7/site-packages/h5py-2.9.0-py3.7-linux-x86_64.egg/h5py/_hl/dataset.py:313: H5pyDeprecationWarning: dataset.value has been deprecated. Use dataset[()] instead.
  "Use dataset[()] instead.", H5pyDeprecationWarning)
/scratch/work/groszt1/envs/theanoLM/lib/python3.7/site-packages/h5py-2.9.0-py3.7-linux-x86_64.egg/h5py/_hl/dataset.py:313: H5pyDeprecationWarning: dataset.value has been deprecated. Use dataset[()] instead.
  "Use dataset[()] instead.", H5pyDeprecationWarning)
decode_theanolm finished.
/tmp/55135837/lattices
floatX=float32,device=cuda0,base_compiledir=/tmp/theano,exception_verbosity=high,openmp=False
/scratch/work/groszt1/envs/theanoLM/lib/python3.7/site-packages/theano/gpuarray/dnn.py:184: UserWarning: Your cuDNN version is more recent than Theano. If you encounter problems, try updating Theano or downgrading cuDNN to a version >= v5 and <= v7.
  warnings.warn("Your cuDNN version is more recent than "
Using cuDNN version 7600 on context None
Mapped name None to device cuda0: Tesla P100-PCIE-16GB (0000:82:00.0)
TheanoLM 1.3.2
Theano 1.0.4
pygpu 0.7.6
==
+ srun --gres=gpu:1 theanolm decode /scratch/work/moisioa3/conv_lm/experiments/morph/D=0.001-D2=0.002-cutoffs001-n=5/nnlm.h5 --lattice-list /tmp/55135837/lattices/lattice-list --output-file /scratch/work/moisioa3/conv_lm/experiments/morph/D=0.001-D2=0.002-cutoffs001-n=5/decode/devel/lambda=1.0-lms=9/3.trn --output trn --nnlm-weight 1.0 --lm-scale 9 --max-tokens-per-node 62 --beam 650 --recombination-order 22 --num-jobs 128 --job 3 --unk-penalty=-20
2020-08-21 10:20:29,267 get_default_device: Context None device="Tesla P100-PCIE-16GB" ID="0000:82:00.0"
2020-08-21 10:20:29,269 from_file: Reading vocabulary from network state.
2020-08-21 10:20:29,555 from_file: Number of words in vocabulary: 42699
2020-08-21 10:20:29,555 from_file: Number of words in shortlist: 42699
2020-08-21 10:20:29,556 from_file: Number of word classes: 42699
2020-08-21 10:20:29,556 from_file: Building neural network.
2020-08-21 10:21:16,531 from_file: Restoring neural network state.
2020-08-21 10:21:16,869 decode: Building word lattice decoder.
2020-08-21 10:21:22,278 __iter__: Reading lattice file `/tmp/55135837/lattices/dspf004_dsp2013_05.lat.gz´.
2020-08-21 10:21:22,430 decode: Utterance `dspf004_dsp2013_05´ -- 1 of job 3
2020-08-21 10:21:27,006 __iter__: Reading lattice file `/tmp/55135837/lattices/dspm007_dsp2013_13.lat.gz´.
2020-08-21 10:21:27,356 decode: Utterance `dspm007_dsp2013_13´ -- 2 of job 3
2020-08-21 10:21:38,816 __iter__: Reading lattice file `/tmp/55135837/lattices/dspm017_dsp2013_91.lat.gz´.
2020-08-21 10:21:38,903 decode: Utterance `dspm017_dsp2013_91´ -- 3 of job 3
2020-08-21 10:21:40,742 __iter__: Reading lattice file `/tmp/55135837/lattices/dspm025_dsp2013_18.lat.gz´.
2020-08-21 10:21:42,632 decode: Utterance `dspm025_dsp2013_18´ -- 4 of job 3
2020-08-21 10:22:26,942 __iter__: Reading lattice file `/tmp/55135837/lattices/dspm034_dsp2013_09.lat.gz´.
2020-08-21 10:22:27,180 decode: Utterance `dspm034_dsp2013_09´ -- 5 of job 3
2020-08-21 10:22:33,016 __iter__: Reading lattice file `/tmp/55135837/lattices/dspm045_dsp2013_08.lat.gz´.
2020-08-21 10:22:33,095 decode: Utterance `dspm045_dsp2013_08´ -- 6 of job 3
2020-08-21 10:22:34,705 __iter__: Reading lattice file `/tmp/55135837/lattices/dspm054_dsp2013_15.lat.gz´.
2020-08-21 10:22:35,476 decode: Utterance `dspm054_dsp2013_15´ -- 7 of job 3
2020-08-21 10:22:52,607 __iter__: Reading lattice file `/tmp/55135837/lattices/radiojake_kbk20120915_65.lat.gz´.
2020-08-21 10:22:52,878 decode: Utterance `radiojake_kbk20120915_65´ -- 8 of job 3
/scratch/work/groszt1/envs/theanoLM/lib/python3.7/site-packages/theano/gpuarray/dnn.py:184: UserWarning: Your cuDNN version is more recent than Theano. If you encounter problems, try updating Theano or downgrading cuDNN to a version >= v5 and <= v7.
  warnings.warn("Your cuDNN version is more recent than "
Using cuDNN version 7600 on context None
Mapped name None to device cuda0: Tesla P100-PCIE-16GB (0000:82:00.0)
/scratch/work/groszt1/envs/theanoLM/lib/python3.7/site-packages/h5py-2.9.0-py3.7-linux-x86_64.egg/h5py/_hl/dataset.py:313: H5pyDeprecationWarning: dataset.value has been deprecated. Use dataset[()] instead.
  "Use dataset[()] instead.", H5pyDeprecationWarning)
/scratch/work/groszt1/envs/theanoLM/lib/python3.7/site-packages/h5py-2.9.0-py3.7-linux-x86_64.egg/h5py/_hl/dataset.py:313: H5pyDeprecationWarning: dataset.value has been deprecated. Use dataset[()] instead.
  "Use dataset[()] instead.", H5pyDeprecationWarning)
decode_theanolm finished.
/tmp/55135837/lattices
floatX=float32,device=cuda0,base_compiledir=/tmp/theano,exception_verbosity=high,openmp=False
/scratch/work/groszt1/envs/theanoLM/lib/python3.7/site-packages/theano/gpuarray/dnn.py:184: UserWarning: Your cuDNN version is more recent than Theano. If you encounter problems, try updating Theano or downgrading cuDNN to a version >= v5 and <= v7.
  warnings.warn("Your cuDNN version is more recent than "
Using cuDNN version 7600 on context None
Mapped name None to device cuda0: Tesla P100-PCIE-16GB (0000:82:00.0)
TheanoLM 1.3.2
Theano 1.0.4
pygpu 0.7.6
==
+ srun --gres=gpu:1 theanolm decode /scratch/work/moisioa3/conv_lm/experiments/morph/D=0.001-D2=0.002-cutoffs001-n=5/nnlm.h5 --lattice-list /tmp/55135837/lattices/lattice-list --output-file /scratch/work/moisioa3/conv_lm/experiments/morph/D=0.001-D2=0.002-cutoffs001-n=5/decode/devel/lambda=1.0-lms=10/3.trn --output trn --nnlm-weight 1.0 --lm-scale 10 --max-tokens-per-node 62 --beam 650 --recombination-order 22 --num-jobs 128 --job 3 --unk-penalty=-20
2020-08-21 10:23:18,264 get_default_device: Context None device="Tesla P100-PCIE-16GB" ID="0000:82:00.0"
2020-08-21 10:23:18,266 from_file: Reading vocabulary from network state.
2020-08-21 10:23:18,558 from_file: Number of words in vocabulary: 42699
2020-08-21 10:23:18,558 from_file: Number of words in shortlist: 42699
2020-08-21 10:23:18,558 from_file: Number of word classes: 42699
2020-08-21 10:23:18,558 from_file: Building neural network.
2020-08-21 10:24:01,516 from_file: Restoring neural network state.
2020-08-21 10:24:01,892 decode: Building word lattice decoder.
2020-08-21 10:24:07,442 __iter__: Reading lattice file `/tmp/55135837/lattices/dspf004_dsp2013_05.lat.gz´.
2020-08-21 10:24:07,595 decode: Utterance `dspf004_dsp2013_05´ -- 1 of job 3
2020-08-21 10:24:12,352 __iter__: Reading lattice file `/tmp/55135837/lattices/dspm007_dsp2013_13.lat.gz´.
2020-08-21 10:24:12,697 decode: Utterance `dspm007_dsp2013_13´ -- 2 of job 3
2020-08-21 10:24:24,770 __iter__: Reading lattice file `/tmp/55135837/lattices/dspm017_dsp2013_91.lat.gz´.
2020-08-21 10:24:24,857 decode: Utterance `dspm017_dsp2013_91´ -- 3 of job 3
2020-08-21 10:24:26,777 __iter__: Reading lattice file `/tmp/55135837/lattices/dspm025_dsp2013_18.lat.gz´.
2020-08-21 10:24:28,650 decode: Utterance `dspm025_dsp2013_18´ -- 4 of job 3
2020-08-21 10:25:14,264 __iter__: Reading lattice file `/tmp/55135837/lattices/dspm034_dsp2013_09.lat.gz´.
2020-08-21 10:25:14,494 decode: Utterance `dspm034_dsp2013_09´ -- 5 of job 3
2020-08-21 10:25:20,269 __iter__: Reading lattice file `/tmp/55135837/lattices/dspm045_dsp2013_08.lat.gz´.
2020-08-21 10:25:20,346 decode: Utterance `dspm045_dsp2013_08´ -- 6 of job 3
2020-08-21 10:25:21,983 __iter__: Reading lattice file `/tmp/55135837/lattices/dspm054_dsp2013_15.lat.gz´.
2020-08-21 10:25:22,722 decode: Utterance `dspm054_dsp2013_15´ -- 7 of job 3
2020-08-21 10:25:39,310 __iter__: Reading lattice file `/tmp/55135837/lattices/radiojake_kbk20120915_65.lat.gz´.
2020-08-21 10:25:39,567 decode: Utterance `radiojake_kbk20120915_65´ -- 8 of job 3
/scratch/work/groszt1/envs/theanoLM/lib/python3.7/site-packages/theano/gpuarray/dnn.py:184: UserWarning: Your cuDNN version is more recent than Theano. If you encounter problems, try updating Theano or downgrading cuDNN to a version >= v5 and <= v7.
  warnings.warn("Your cuDNN version is more recent than "
Using cuDNN version 7600 on context None
Mapped name None to device cuda0: Tesla P100-PCIE-16GB (0000:82:00.0)
/scratch/work/groszt1/envs/theanoLM/lib/python3.7/site-packages/h5py-2.9.0-py3.7-linux-x86_64.egg/h5py/_hl/dataset.py:313: H5pyDeprecationWarning: dataset.value has been deprecated. Use dataset[()] instead.
  "Use dataset[()] instead.", H5pyDeprecationWarning)
/scratch/work/groszt1/envs/theanoLM/lib/python3.7/site-packages/h5py-2.9.0-py3.7-linux-x86_64.egg/h5py/_hl/dataset.py:313: H5pyDeprecationWarning: dataset.value has been deprecated. Use dataset[()] instead.
  "Use dataset[()] instead.", H5pyDeprecationWarning)
decode_theanolm finished.
/tmp/55135837/lattices
floatX=float32,device=cuda0,base_compiledir=/tmp/theano,exception_verbosity=high,openmp=False
/scratch/work/groszt1/envs/theanoLM/lib/python3.7/site-packages/theano/gpuarray/dnn.py:184: UserWarning: Your cuDNN version is more recent than Theano. If you encounter problems, try updating Theano or downgrading cuDNN to a version >= v5 and <= v7.
  warnings.warn("Your cuDNN version is more recent than "
Using cuDNN version 7600 on context None
Mapped name None to device cuda0: Tesla P100-PCIE-16GB (0000:82:00.0)
TheanoLM 1.3.2
Theano 1.0.4
pygpu 0.7.6
==
+ srun --gres=gpu:1 theanolm decode /scratch/work/moisioa3/conv_lm/experiments/morph/D=0.001-D2=0.002-cutoffs001-n=5/nnlm.h5 --lattice-list /tmp/55135837/lattices/lattice-list --output-file /scratch/work/moisioa3/conv_lm/experiments/morph/D=0.001-D2=0.002-cutoffs001-n=5/decode/devel/lambda=1.0-lms=11/3.trn --output trn --nnlm-weight 1.0 --lm-scale 11 --max-tokens-per-node 62 --beam 650 --recombination-order 22 --num-jobs 128 --job 3 --unk-penalty=-20
2020-08-21 10:25:54,884 get_default_device: Context None device="Tesla P100-PCIE-16GB" ID="0000:82:00.0"
2020-08-21 10:25:54,885 from_file: Reading vocabulary from network state.
2020-08-21 10:25:55,164 from_file: Number of words in vocabulary: 42699
2020-08-21 10:25:55,164 from_file: Number of words in shortlist: 42699
2020-08-21 10:25:55,165 from_file: Number of word classes: 42699
2020-08-21 10:25:55,165 from_file: Building neural network.
2020-08-21 10:28:59,529 from_file: Restoring neural network state.
2020-08-21 10:29:00,148 decode: Building word lattice decoder.
2020-08-21 10:29:08,944 __iter__: Reading lattice file `/tmp/55135837/lattices/dspf004_dsp2013_05.lat.gz´.
2020-08-21 10:29:09,157 decode: Utterance `dspf004_dsp2013_05´ -- 1 of job 3
2020-08-21 10:29:13,754 __iter__: Reading lattice file `/tmp/55135837/lattices/dspm007_dsp2013_13.lat.gz´.
2020-08-21 10:29:14,088 decode: Utterance `dspm007_dsp2013_13´ -- 2 of job 3
2020-08-21 10:29:25,531 __iter__: Reading lattice file `/tmp/55135837/lattices/dspm017_dsp2013_91.lat.gz´.
2020-08-21 10:29:25,613 decode: Utterance `dspm017_dsp2013_91´ -- 3 of job 3
2020-08-21 10:29:27,466 __iter__: Reading lattice file `/tmp/55135837/lattices/dspm025_dsp2013_18.lat.gz´.
2020-08-21 10:29:29,248 decode: Utterance `dspm025_dsp2013_18´ -- 4 of job 3
2020-08-21 10:30:13,405 __iter__: Reading lattice file `/tmp/55135837/lattices/dspm034_dsp2013_09.lat.gz´.
2020-08-21 10:30:13,627 decode: Utterance `dspm034_dsp2013_09´ -- 5 of job 3
2020-08-21 10:30:19,133 __iter__: Reading lattice file `/tmp/55135837/lattices/dspm045_dsp2013_08.lat.gz´.
2020-08-21 10:30:19,207 decode: Utterance `dspm045_dsp2013_08´ -- 6 of job 3
2020-08-21 10:30:20,780 __iter__: Reading lattice file `/tmp/55135837/lattices/dspm054_dsp2013_15.lat.gz´.
2020-08-21 10:30:21,508 decode: Utterance `dspm054_dsp2013_15´ -- 7 of job 3
2020-08-21 10:30:37,707 __iter__: Reading lattice file `/tmp/55135837/lattices/radiojake_kbk20120915_65.lat.gz´.
2020-08-21 10:30:37,961 decode: Utterance `radiojake_kbk20120915_65´ -- 8 of job 3
/scratch/work/groszt1/envs/theanoLM/lib/python3.7/site-packages/theano/gpuarray/dnn.py:184: UserWarning: Your cuDNN version is more recent than Theano. If you encounter problems, try updating Theano or downgrading cuDNN to a version >= v5 and <= v7.
  warnings.warn("Your cuDNN version is more recent than "
Using cuDNN version 7600 on context None
Mapped name None to device cuda0: Tesla P100-PCIE-16GB (0000:82:00.0)
/scratch/work/groszt1/envs/theanoLM/lib/python3.7/site-packages/h5py-2.9.0-py3.7-linux-x86_64.egg/h5py/_hl/dataset.py:313: H5pyDeprecationWarning: dataset.value has been deprecated. Use dataset[()] instead.
  "Use dataset[()] instead.", H5pyDeprecationWarning)
/scratch/work/groszt1/envs/theanoLM/lib/python3.7/site-packages/h5py-2.9.0-py3.7-linux-x86_64.egg/h5py/_hl/dataset.py:313: H5pyDeprecationWarning: dataset.value has been deprecated. Use dataset[()] instead.
  "Use dataset[()] instead.", H5pyDeprecationWarning)
decode_theanolm finished.
decode devel finished.
