Experiment: morph/D=0.001-D2=0.002-cutoffs001-n=5
Job ID: 55136582
Task ID: 92
Host: gpu27.int.triton.aalto.fi
Start date: Fri Aug 21 13:23:17 EEST 2020
Work directory: /scratch/work/moisioa3/conv_lm/experiments/morph/D=0.001-D2=0.002-cutoffs001-n=5
Temporary directory: /tmp/55136582

Currently Loaded Modules:
  1) speech-scripts/2016.05.24-b928230   6) binutils/2.25-GCCcore-5.4.0
  2) srilm/default                       7) GCC/5.4.0-2.25
  3) cuda/10.0.130                       8) libgpuarray/2017.03.29-45c731f
  4) cudnn/7.4.2-cuda                    9) anaconda3/latest
  5) GCCcore/5.4.0

 

/tmp/55136582/lattices
floatX=float32,device=cuda0,base_compiledir=/tmp/theano,exception_verbosity=high,openmp=False
/scratch/work/groszt1/envs/theanoLM/lib/python3.7/site-packages/theano/gpuarray/dnn.py:184: UserWarning: Your cuDNN version is more recent than Theano. If you encounter problems, try updating Theano or downgrading cuDNN to a version >= v5 and <= v7.
  warnings.warn("Your cuDNN version is more recent than "
Using cuDNN version 7600 on context None
Mapped name None to device cuda0: Tesla P100-PCIE-16GB (0000:83:00.0)
TheanoLM 1.3.2
Theano 1.0.4
pygpu 0.7.6
==
+ srun --gres=gpu:1 theanolm decode /scratch/work/moisioa3/conv_lm/experiments/morph/D=0.001-D2=0.002-cutoffs001-n=5/nnlm.h5 --lattice-list /tmp/55136582/lattices/lattice-list --output-file /scratch/work/moisioa3/conv_lm/experiments/morph/D=0.001-D2=0.002-cutoffs001-n=5/decode/devel/lambda=0.5-lms=9/92.trn --output trn --nnlm-weight 0.5 --lm-scale 9 --max-tokens-per-node 62 --beam 650 --recombination-order 22 --num-jobs 128 --job 92 --unk-penalty=-20
2020-08-21 13:23:39,273 get_default_device: Context None device="Tesla P100-PCIE-16GB" ID="0000:83:00.0"
2020-08-21 13:23:39,275 from_file: Reading vocabulary from network state.
2020-08-21 13:23:39,538 from_file: Number of words in vocabulary: 42699
2020-08-21 13:23:39,538 from_file: Number of words in shortlist: 42699
2020-08-21 13:23:39,538 from_file: Number of word classes: 42699
2020-08-21 13:23:39,539 from_file: Building neural network.
2020-08-21 13:24:23,656 from_file: Restoring neural network state.
2020-08-21 13:24:23,987 decode: Building word lattice decoder.
2020-08-21 13:24:29,240 __iter__: Reading lattice file `/tmp/55136582/lattices/dspm005_dsp2013_13.lat.gz´.
2020-08-21 13:24:30,573 decode: Utterance `dspm005_dsp2013_13´ -- 1 of job 92
2020-08-21 13:25:05,318 __iter__: Reading lattice file `/tmp/55136582/lattices/dspm015_dsp2013_07.lat.gz´.
2020-08-21 13:25:05,715 decode: Utterance `dspm015_dsp2013_07´ -- 2 of job 92
2020-08-21 13:25:17,377 __iter__: Reading lattice file `/tmp/55136582/lattices/dspm022_dsp2013_26.lat.gz´.
2020-08-21 13:25:19,112 decode: Utterance `dspm022_dsp2013_26´ -- 3 of job 92
2020-08-21 13:26:01,992 __iter__: Reading lattice file `/tmp/55136582/lattices/dspm032_dsp2013_14.lat.gz´.
2020-08-21 13:26:02,031 decode: Utterance `dspm032_dsp2013_14´ -- 4 of job 92
2020-08-21 13:26:02,665 __iter__: Reading lattice file `/tmp/55136582/lattices/dspm042_dsp2013_16.lat.gz´.
2020-08-21 13:26:02,690 decode: Utterance `dspm042_dsp2013_16´ -- 5 of job 92
2020-08-21 13:26:03,357 __iter__: Reading lattice file `/tmp/55136582/lattices/dspm050_dsp2013_26.lat.gz´.
2020-08-21 13:26:03,365 decode: Utterance `dspm050_dsp2013_26´ -- 6 of job 92
2020-08-21 13:26:03,555 __iter__: Reading lattice file `/tmp/55136582/lattices/dspm058_dsp2013_23.lat.gz´.
2020-08-21 13:26:03,785 decode: Utterance `dspm058_dsp2013_23´ -- 7 of job 92
2020-08-21 13:26:09,117 __iter__: Reading lattice file `/tmp/55136582/lattices/radioshaka_kbk20120915_98.lat.gz´.
2020-08-21 13:26:09,797 decode: Utterance `radioshaka_kbk20120915_98´ -- 8 of job 92
/scratch/work/groszt1/envs/theanoLM/lib/python3.7/site-packages/theano/gpuarray/dnn.py:184: UserWarning: Your cuDNN version is more recent than Theano. If you encounter problems, try updating Theano or downgrading cuDNN to a version >= v5 and <= v7.
  warnings.warn("Your cuDNN version is more recent than "
Using cuDNN version 7600 on context None
Mapped name None to device cuda0: Tesla P100-PCIE-16GB (0000:83:00.0)
/scratch/work/groszt1/envs/theanoLM/lib/python3.7/site-packages/h5py-2.9.0-py3.7-linux-x86_64.egg/h5py/_hl/dataset.py:313: H5pyDeprecationWarning: dataset.value has been deprecated. Use dataset[()] instead.
  "Use dataset[()] instead.", H5pyDeprecationWarning)
/scratch/work/groszt1/envs/theanoLM/lib/python3.7/site-packages/h5py-2.9.0-py3.7-linux-x86_64.egg/h5py/_hl/dataset.py:313: H5pyDeprecationWarning: dataset.value has been deprecated. Use dataset[()] instead.
  "Use dataset[()] instead.", H5pyDeprecationWarning)
decode_theanolm finished.
/tmp/55136582/lattices
floatX=float32,device=cuda0,base_compiledir=/tmp/theano,exception_verbosity=high,openmp=False
/scratch/work/groszt1/envs/theanoLM/lib/python3.7/site-packages/theano/gpuarray/dnn.py:184: UserWarning: Your cuDNN version is more recent than Theano. If you encounter problems, try updating Theano or downgrading cuDNN to a version >= v5 and <= v7.
  warnings.warn("Your cuDNN version is more recent than "
Using cuDNN version 7600 on context None
Mapped name None to device cuda0: Tesla P100-PCIE-16GB (0000:83:00.0)
TheanoLM 1.3.2
Theano 1.0.4
pygpu 0.7.6
==
+ srun --gres=gpu:1 theanolm decode /scratch/work/moisioa3/conv_lm/experiments/morph/D=0.001-D2=0.002-cutoffs001-n=5/nnlm.h5 --lattice-list /tmp/55136582/lattices/lattice-list --output-file /scratch/work/moisioa3/conv_lm/experiments/morph/D=0.001-D2=0.002-cutoffs001-n=5/decode/devel/lambda=0.5-lms=10/92.trn --output trn --nnlm-weight 0.5 --lm-scale 10 --max-tokens-per-node 62 --beam 650 --recombination-order 22 --num-jobs 128 --job 92 --unk-penalty=-20
2020-08-21 13:26:33,730 get_default_device: Context None device="Tesla P100-PCIE-16GB" ID="0000:83:00.0"
2020-08-21 13:26:33,732 from_file: Reading vocabulary from network state.
2020-08-21 13:26:33,991 from_file: Number of words in vocabulary: 42699
2020-08-21 13:26:33,991 from_file: Number of words in shortlist: 42699
2020-08-21 13:26:33,991 from_file: Number of word classes: 42699
2020-08-21 13:26:33,991 from_file: Building neural network.
2020-08-21 13:27:18,724 from_file: Restoring neural network state.
2020-08-21 13:27:19,062 decode: Building word lattice decoder.
2020-08-21 13:27:24,421 __iter__: Reading lattice file `/tmp/55136582/lattices/dspm005_dsp2013_13.lat.gz´.
2020-08-21 13:27:25,772 decode: Utterance `dspm005_dsp2013_13´ -- 1 of job 92
2020-08-21 13:28:02,013 __iter__: Reading lattice file `/tmp/55136582/lattices/dspm015_dsp2013_07.lat.gz´.
2020-08-21 13:28:02,410 decode: Utterance `dspm015_dsp2013_07´ -- 2 of job 92
2020-08-21 13:28:15,426 __iter__: Reading lattice file `/tmp/55136582/lattices/dspm022_dsp2013_26.lat.gz´.
2020-08-21 13:28:17,244 decode: Utterance `dspm022_dsp2013_26´ -- 3 of job 92
2020-08-21 13:29:04,577 __iter__: Reading lattice file `/tmp/55136582/lattices/dspm032_dsp2013_14.lat.gz´.
2020-08-21 13:29:04,617 decode: Utterance `dspm032_dsp2013_14´ -- 4 of job 92
2020-08-21 13:29:05,248 __iter__: Reading lattice file `/tmp/55136582/lattices/dspm042_dsp2013_16.lat.gz´.
2020-08-21 13:29:05,273 decode: Utterance `dspm042_dsp2013_16´ -- 5 of job 92
2020-08-21 13:29:05,941 __iter__: Reading lattice file `/tmp/55136582/lattices/dspm050_dsp2013_26.lat.gz´.
2020-08-21 13:29:05,949 decode: Utterance `dspm050_dsp2013_26´ -- 6 of job 92
2020-08-21 13:29:06,138 __iter__: Reading lattice file `/tmp/55136582/lattices/dspm058_dsp2013_23.lat.gz´.
2020-08-21 13:29:06,370 decode: Utterance `dspm058_dsp2013_23´ -- 7 of job 92
2020-08-21 13:29:12,138 __iter__: Reading lattice file `/tmp/55136582/lattices/radioshaka_kbk20120915_98.lat.gz´.
2020-08-21 13:29:12,840 decode: Utterance `radioshaka_kbk20120915_98´ -- 8 of job 92
/scratch/work/groszt1/envs/theanoLM/lib/python3.7/site-packages/theano/gpuarray/dnn.py:184: UserWarning: Your cuDNN version is more recent than Theano. If you encounter problems, try updating Theano or downgrading cuDNN to a version >= v5 and <= v7.
  warnings.warn("Your cuDNN version is more recent than "
Using cuDNN version 7600 on context None
Mapped name None to device cuda0: Tesla P100-PCIE-16GB (0000:83:00.0)
/scratch/work/groszt1/envs/theanoLM/lib/python3.7/site-packages/h5py-2.9.0-py3.7-linux-x86_64.egg/h5py/_hl/dataset.py:313: H5pyDeprecationWarning: dataset.value has been deprecated. Use dataset[()] instead.
  "Use dataset[()] instead.", H5pyDeprecationWarning)
/scratch/work/groszt1/envs/theanoLM/lib/python3.7/site-packages/h5py-2.9.0-py3.7-linux-x86_64.egg/h5py/_hl/dataset.py:313: H5pyDeprecationWarning: dataset.value has been deprecated. Use dataset[()] instead.
  "Use dataset[()] instead.", H5pyDeprecationWarning)
decode_theanolm finished.
/tmp/55136582/lattices
floatX=float32,device=cuda0,base_compiledir=/tmp/theano,exception_verbosity=high,openmp=False
/scratch/work/groszt1/envs/theanoLM/lib/python3.7/site-packages/theano/gpuarray/dnn.py:184: UserWarning: Your cuDNN version is more recent than Theano. If you encounter problems, try updating Theano or downgrading cuDNN to a version >= v5 and <= v7.
  warnings.warn("Your cuDNN version is more recent than "
Using cuDNN version 7600 on context None
Mapped name None to device cuda0: Tesla P100-PCIE-16GB (0000:83:00.0)
TheanoLM 1.3.2
Theano 1.0.4
pygpu 0.7.6
==
+ srun --gres=gpu:1 theanolm decode /scratch/work/moisioa3/conv_lm/experiments/morph/D=0.001-D2=0.002-cutoffs001-n=5/nnlm.h5 --lattice-list /tmp/55136582/lattices/lattice-list --output-file /scratch/work/moisioa3/conv_lm/experiments/morph/D=0.001-D2=0.002-cutoffs001-n=5/decode/devel/lambda=0.5-lms=11/92.trn --output trn --nnlm-weight 0.5 --lm-scale 11 --max-tokens-per-node 62 --beam 650 --recombination-order 22 --num-jobs 128 --job 92 --unk-penalty=-20
2020-08-21 13:29:37,070 get_default_device: Context None device="Tesla P100-PCIE-16GB" ID="0000:83:00.0"
2020-08-21 13:29:37,072 from_file: Reading vocabulary from network state.
2020-08-21 13:29:37,341 from_file: Number of words in vocabulary: 42699
2020-08-21 13:29:37,341 from_file: Number of words in shortlist: 42699
2020-08-21 13:29:37,341 from_file: Number of word classes: 42699
2020-08-21 13:29:37,341 from_file: Building neural network.
2020-08-21 13:30:19,936 from_file: Restoring neural network state.
2020-08-21 13:30:20,297 decode: Building word lattice decoder.
2020-08-21 13:30:25,884 __iter__: Reading lattice file `/tmp/55136582/lattices/dspm005_dsp2013_13.lat.gz´.
2020-08-21 13:30:27,202 decode: Utterance `dspm005_dsp2013_13´ -- 1 of job 92
2020-08-21 13:31:06,342 __iter__: Reading lattice file `/tmp/55136582/lattices/dspm015_dsp2013_07.lat.gz´.
2020-08-21 13:31:06,750 decode: Utterance `dspm015_dsp2013_07´ -- 2 of job 92
2020-08-21 13:31:19,837 __iter__: Reading lattice file `/tmp/55136582/lattices/dspm022_dsp2013_26.lat.gz´.
2020-08-21 13:31:21,597 decode: Utterance `dspm022_dsp2013_26´ -- 3 of job 92
2020-08-21 13:32:08,764 __iter__: Reading lattice file `/tmp/55136582/lattices/dspm032_dsp2013_14.lat.gz´.
2020-08-21 13:32:08,803 decode: Utterance `dspm032_dsp2013_14´ -- 4 of job 92
2020-08-21 13:32:09,440 __iter__: Reading lattice file `/tmp/55136582/lattices/dspm042_dsp2013_16.lat.gz´.
2020-08-21 13:32:09,465 decode: Utterance `dspm042_dsp2013_16´ -- 5 of job 92
2020-08-21 13:32:10,138 __iter__: Reading lattice file `/tmp/55136582/lattices/dspm050_dsp2013_26.lat.gz´.
2020-08-21 13:32:10,147 decode: Utterance `dspm050_dsp2013_26´ -- 6 of job 92
2020-08-21 13:32:10,337 __iter__: Reading lattice file `/tmp/55136582/lattices/dspm058_dsp2013_23.lat.gz´.
2020-08-21 13:32:10,567 decode: Utterance `dspm058_dsp2013_23´ -- 7 of job 92
2020-08-21 13:32:17,212 __iter__: Reading lattice file `/tmp/55136582/lattices/radioshaka_kbk20120915_98.lat.gz´.
2020-08-21 13:32:17,911 decode: Utterance `radioshaka_kbk20120915_98´ -- 8 of job 92
/scratch/work/groszt1/envs/theanoLM/lib/python3.7/site-packages/theano/gpuarray/dnn.py:184: UserWarning: Your cuDNN version is more recent than Theano. If you encounter problems, try updating Theano or downgrading cuDNN to a version >= v5 and <= v7.
  warnings.warn("Your cuDNN version is more recent than "
Using cuDNN version 7600 on context None
Mapped name None to device cuda0: Tesla P100-PCIE-16GB (0000:83:00.0)
/scratch/work/groszt1/envs/theanoLM/lib/python3.7/site-packages/h5py-2.9.0-py3.7-linux-x86_64.egg/h5py/_hl/dataset.py:313: H5pyDeprecationWarning: dataset.value has been deprecated. Use dataset[()] instead.
  "Use dataset[()] instead.", H5pyDeprecationWarning)
/scratch/work/groszt1/envs/theanoLM/lib/python3.7/site-packages/h5py-2.9.0-py3.7-linux-x86_64.egg/h5py/_hl/dataset.py:313: H5pyDeprecationWarning: dataset.value has been deprecated. Use dataset[()] instead.
  "Use dataset[()] instead.", H5pyDeprecationWarning)
decode_theanolm finished.
/tmp/55136582/lattices
floatX=float32,device=cuda0,base_compiledir=/tmp/theano,exception_verbosity=high,openmp=False
/scratch/work/groszt1/envs/theanoLM/lib/python3.7/site-packages/theano/gpuarray/dnn.py:184: UserWarning: Your cuDNN version is more recent than Theano. If you encounter problems, try updating Theano or downgrading cuDNN to a version >= v5 and <= v7.
  warnings.warn("Your cuDNN version is more recent than "
Using cuDNN version 7600 on context None
Mapped name None to device cuda0: Tesla P100-PCIE-16GB (0000:83:00.0)
TheanoLM 1.3.2
Theano 1.0.4
pygpu 0.7.6
==
+ srun --gres=gpu:1 theanolm decode /scratch/work/moisioa3/conv_lm/experiments/morph/D=0.001-D2=0.002-cutoffs001-n=5/nnlm.h5 --lattice-list /tmp/55136582/lattices/lattice-list --output-file /scratch/work/moisioa3/conv_lm/experiments/morph/D=0.001-D2=0.002-cutoffs001-n=5/decode/devel/lambda=1.0-lms=9/92.trn --output trn --nnlm-weight 1.0 --lm-scale 9 --max-tokens-per-node 62 --beam 650 --recombination-order 22 --num-jobs 128 --job 92 --unk-penalty=-20
2020-08-21 13:32:42,335 get_default_device: Context None device="Tesla P100-PCIE-16GB" ID="0000:83:00.0"
2020-08-21 13:32:42,336 from_file: Reading vocabulary from network state.
2020-08-21 13:32:42,603 from_file: Number of words in vocabulary: 42699
2020-08-21 13:32:42,604 from_file: Number of words in shortlist: 42699
2020-08-21 13:32:42,604 from_file: Number of word classes: 42699
2020-08-21 13:32:42,604 from_file: Building neural network.
2020-08-21 13:33:28,949 from_file: Restoring neural network state.
2020-08-21 13:33:29,313 decode: Building word lattice decoder.
2020-08-21 13:33:34,885 __iter__: Reading lattice file `/tmp/55136582/lattices/dspm005_dsp2013_13.lat.gz´.
2020-08-21 13:33:36,264 decode: Utterance `dspm005_dsp2013_13´ -- 1 of job 92
2020-08-21 13:34:09,639 __iter__: Reading lattice file `/tmp/55136582/lattices/dspm015_dsp2013_07.lat.gz´.
2020-08-21 13:34:10,037 decode: Utterance `dspm015_dsp2013_07´ -- 2 of job 92
2020-08-21 13:34:20,175 __iter__: Reading lattice file `/tmp/55136582/lattices/dspm022_dsp2013_26.lat.gz´.
2020-08-21 13:34:21,870 decode: Utterance `dspm022_dsp2013_26´ -- 3 of job 92
2020-08-21 13:34:59,022 __iter__: Reading lattice file `/tmp/55136582/lattices/dspm032_dsp2013_14.lat.gz´.
2020-08-21 13:34:59,063 decode: Utterance `dspm032_dsp2013_14´ -- 4 of job 92
2020-08-21 13:34:59,698 __iter__: Reading lattice file `/tmp/55136582/lattices/dspm042_dsp2013_16.lat.gz´.
2020-08-21 13:34:59,723 decode: Utterance `dspm042_dsp2013_16´ -- 5 of job 92
2020-08-21 13:35:00,352 __iter__: Reading lattice file `/tmp/55136582/lattices/dspm050_dsp2013_26.lat.gz´.
2020-08-21 13:35:00,360 decode: Utterance `dspm050_dsp2013_26´ -- 6 of job 92
2020-08-21 13:35:00,549 __iter__: Reading lattice file `/tmp/55136582/lattices/dspm058_dsp2013_23.lat.gz´.
2020-08-21 13:35:00,777 decode: Utterance `dspm058_dsp2013_23´ -- 7 of job 92
2020-08-21 13:35:05,146 __iter__: Reading lattice file `/tmp/55136582/lattices/radioshaka_kbk20120915_98.lat.gz´.
2020-08-21 13:35:05,825 decode: Utterance `radioshaka_kbk20120915_98´ -- 8 of job 92
/scratch/work/groszt1/envs/theanoLM/lib/python3.7/site-packages/theano/gpuarray/dnn.py:184: UserWarning: Your cuDNN version is more recent than Theano. If you encounter problems, try updating Theano or downgrading cuDNN to a version >= v5 and <= v7.
  warnings.warn("Your cuDNN version is more recent than "
Using cuDNN version 7600 on context None
Mapped name None to device cuda0: Tesla P100-PCIE-16GB (0000:83:00.0)
/scratch/work/groszt1/envs/theanoLM/lib/python3.7/site-packages/h5py-2.9.0-py3.7-linux-x86_64.egg/h5py/_hl/dataset.py:313: H5pyDeprecationWarning: dataset.value has been deprecated. Use dataset[()] instead.
  "Use dataset[()] instead.", H5pyDeprecationWarning)
/scratch/work/groszt1/envs/theanoLM/lib/python3.7/site-packages/h5py-2.9.0-py3.7-linux-x86_64.egg/h5py/_hl/dataset.py:313: H5pyDeprecationWarning: dataset.value has been deprecated. Use dataset[()] instead.
  "Use dataset[()] instead.", H5pyDeprecationWarning)
decode_theanolm finished.
/tmp/55136582/lattices
floatX=float32,device=cuda0,base_compiledir=/tmp/theano,exception_verbosity=high,openmp=False
/scratch/work/groszt1/envs/theanoLM/lib/python3.7/site-packages/theano/gpuarray/dnn.py:184: UserWarning: Your cuDNN version is more recent than Theano. If you encounter problems, try updating Theano or downgrading cuDNN to a version >= v5 and <= v7.
  warnings.warn("Your cuDNN version is more recent than "
Using cuDNN version 7600 on context None
Mapped name None to device cuda0: Tesla P100-PCIE-16GB (0000:83:00.0)
TheanoLM 1.3.2
Theano 1.0.4
pygpu 0.7.6
==
+ srun --gres=gpu:1 theanolm decode /scratch/work/moisioa3/conv_lm/experiments/morph/D=0.001-D2=0.002-cutoffs001-n=5/nnlm.h5 --lattice-list /tmp/55136582/lattices/lattice-list --output-file /scratch/work/moisioa3/conv_lm/experiments/morph/D=0.001-D2=0.002-cutoffs001-n=5/decode/devel/lambda=1.0-lms=10/92.trn --output trn --nnlm-weight 1.0 --lm-scale 10 --max-tokens-per-node 62 --beam 650 --recombination-order 22 --num-jobs 128 --job 92 --unk-penalty=-20
2020-08-21 13:35:29,299 get_default_device: Context None device="Tesla P100-PCIE-16GB" ID="0000:83:00.0"
2020-08-21 13:35:29,300 from_file: Reading vocabulary from network state.
2020-08-21 13:35:29,559 from_file: Number of words in vocabulary: 42699
2020-08-21 13:35:29,560 from_file: Number of words in shortlist: 42699
2020-08-21 13:35:29,560 from_file: Number of word classes: 42699
2020-08-21 13:35:29,560 from_file: Building neural network.
2020-08-21 13:36:16,010 from_file: Restoring neural network state.
2020-08-21 13:36:16,366 decode: Building word lattice decoder.
2020-08-21 13:36:21,780 __iter__: Reading lattice file `/tmp/55136582/lattices/dspm005_dsp2013_13.lat.gz´.
2020-08-21 13:36:23,178 decode: Utterance `dspm005_dsp2013_13´ -- 1 of job 92
2020-08-21 13:36:56,333 __iter__: Reading lattice file `/tmp/55136582/lattices/dspm015_dsp2013_07.lat.gz´.
2020-08-21 13:36:56,756 decode: Utterance `dspm015_dsp2013_07´ -- 2 of job 92
2020-08-21 13:37:07,781 __iter__: Reading lattice file `/tmp/55136582/lattices/dspm022_dsp2013_26.lat.gz´.
2020-08-21 13:37:09,612 decode: Utterance `dspm022_dsp2013_26´ -- 3 of job 92
2020-08-21 13:37:52,817 __iter__: Reading lattice file `/tmp/55136582/lattices/dspm032_dsp2013_14.lat.gz´.
2020-08-21 13:37:52,857 decode: Utterance `dspm032_dsp2013_14´ -- 4 of job 92
2020-08-21 13:37:53,558 __iter__: Reading lattice file `/tmp/55136582/lattices/dspm042_dsp2013_16.lat.gz´.
2020-08-21 13:37:53,584 decode: Utterance `dspm042_dsp2013_16´ -- 5 of job 92
2020-08-21 13:37:54,269 __iter__: Reading lattice file `/tmp/55136582/lattices/dspm050_dsp2013_26.lat.gz´.
2020-08-21 13:37:54,277 decode: Utterance `dspm050_dsp2013_26´ -- 6 of job 92
2020-08-21 13:37:54,468 __iter__: Reading lattice file `/tmp/55136582/lattices/dspm058_dsp2013_23.lat.gz´.
2020-08-21 13:37:54,700 decode: Utterance `dspm058_dsp2013_23´ -- 7 of job 92
2020-08-21 13:37:59,313 __iter__: Reading lattice file `/tmp/55136582/lattices/radioshaka_kbk20120915_98.lat.gz´.
2020-08-21 13:37:59,996 decode: Utterance `radioshaka_kbk20120915_98´ -- 8 of job 92
/scratch/work/groszt1/envs/theanoLM/lib/python3.7/site-packages/theano/gpuarray/dnn.py:184: UserWarning: Your cuDNN version is more recent than Theano. If you encounter problems, try updating Theano or downgrading cuDNN to a version >= v5 and <= v7.
  warnings.warn("Your cuDNN version is more recent than "
Using cuDNN version 7600 on context None
Mapped name None to device cuda0: Tesla P100-PCIE-16GB (0000:83:00.0)
/scratch/work/groszt1/envs/theanoLM/lib/python3.7/site-packages/h5py-2.9.0-py3.7-linux-x86_64.egg/h5py/_hl/dataset.py:313: H5pyDeprecationWarning: dataset.value has been deprecated. Use dataset[()] instead.
  "Use dataset[()] instead.", H5pyDeprecationWarning)
/scratch/work/groszt1/envs/theanoLM/lib/python3.7/site-packages/h5py-2.9.0-py3.7-linux-x86_64.egg/h5py/_hl/dataset.py:313: H5pyDeprecationWarning: dataset.value has been deprecated. Use dataset[()] instead.
  "Use dataset[()] instead.", H5pyDeprecationWarning)
decode_theanolm finished.
/tmp/55136582/lattices
floatX=float32,device=cuda0,base_compiledir=/tmp/theano,exception_verbosity=high,openmp=False
/scratch/work/groszt1/envs/theanoLM/lib/python3.7/site-packages/theano/gpuarray/dnn.py:184: UserWarning: Your cuDNN version is more recent than Theano. If you encounter problems, try updating Theano or downgrading cuDNN to a version >= v5 and <= v7.
  warnings.warn("Your cuDNN version is more recent than "
Using cuDNN version 7600 on context None
Mapped name None to device cuda0: Tesla P100-PCIE-16GB (0000:83:00.0)
TheanoLM 1.3.2
Theano 1.0.4
pygpu 0.7.6
==
+ srun --gres=gpu:1 theanolm decode /scratch/work/moisioa3/conv_lm/experiments/morph/D=0.001-D2=0.002-cutoffs001-n=5/nnlm.h5 --lattice-list /tmp/55136582/lattices/lattice-list --output-file /scratch/work/moisioa3/conv_lm/experiments/morph/D=0.001-D2=0.002-cutoffs001-n=5/decode/devel/lambda=1.0-lms=11/92.trn --output trn --nnlm-weight 1.0 --lm-scale 11 --max-tokens-per-node 62 --beam 650 --recombination-order 22 --num-jobs 128 --job 92 --unk-penalty=-20
2020-08-21 13:38:22,092 get_default_device: Context None device="Tesla P100-PCIE-16GB" ID="0000:83:00.0"
2020-08-21 13:38:22,093 from_file: Reading vocabulary from network state.
2020-08-21 13:38:22,367 from_file: Number of words in vocabulary: 42699
2020-08-21 13:38:22,367 from_file: Number of words in shortlist: 42699
2020-08-21 13:38:22,367 from_file: Number of word classes: 42699
2020-08-21 13:38:22,367 from_file: Building neural network.
2020-08-21 13:39:05,493 from_file: Restoring neural network state.
2020-08-21 13:39:05,883 decode: Building word lattice decoder.
2020-08-21 13:39:11,542 __iter__: Reading lattice file `/tmp/55136582/lattices/dspm005_dsp2013_13.lat.gz´.
2020-08-21 13:39:12,930 decode: Utterance `dspm005_dsp2013_13´ -- 1 of job 92
2020-08-21 13:39:47,538 __iter__: Reading lattice file `/tmp/55136582/lattices/dspm015_dsp2013_07.lat.gz´.
2020-08-21 13:39:47,933 decode: Utterance `dspm015_dsp2013_07´ -- 2 of job 92
2020-08-21 13:39:58,783 __iter__: Reading lattice file `/tmp/55136582/lattices/dspm022_dsp2013_26.lat.gz´.
2020-08-21 13:40:00,539 decode: Utterance `dspm022_dsp2013_26´ -- 3 of job 92
2020-08-21 13:40:39,952 __iter__: Reading lattice file `/tmp/55136582/lattices/dspm032_dsp2013_14.lat.gz´.
2020-08-21 13:40:39,992 decode: Utterance `dspm032_dsp2013_14´ -- 4 of job 92
2020-08-21 13:40:40,619 __iter__: Reading lattice file `/tmp/55136582/lattices/dspm042_dsp2013_16.lat.gz´.
2020-08-21 13:40:40,643 decode: Utterance `dspm042_dsp2013_16´ -- 5 of job 92
2020-08-21 13:40:41,264 __iter__: Reading lattice file `/tmp/55136582/lattices/dspm050_dsp2013_26.lat.gz´.
2020-08-21 13:40:41,272 decode: Utterance `dspm050_dsp2013_26´ -- 6 of job 92
2020-08-21 13:40:41,460 __iter__: Reading lattice file `/tmp/55136582/lattices/dspm058_dsp2013_23.lat.gz´.
2020-08-21 13:40:41,689 decode: Utterance `dspm058_dsp2013_23´ -- 7 of job 92
2020-08-21 13:40:45,989 __iter__: Reading lattice file `/tmp/55136582/lattices/radioshaka_kbk20120915_98.lat.gz´.
2020-08-21 13:40:46,652 decode: Utterance `radioshaka_kbk20120915_98´ -- 8 of job 92
/scratch/work/groszt1/envs/theanoLM/lib/python3.7/site-packages/theano/gpuarray/dnn.py:184: UserWarning: Your cuDNN version is more recent than Theano. If you encounter problems, try updating Theano or downgrading cuDNN to a version >= v5 and <= v7.
  warnings.warn("Your cuDNN version is more recent than "
Using cuDNN version 7600 on context None
Mapped name None to device cuda0: Tesla P100-PCIE-16GB (0000:83:00.0)
/scratch/work/groszt1/envs/theanoLM/lib/python3.7/site-packages/h5py-2.9.0-py3.7-linux-x86_64.egg/h5py/_hl/dataset.py:313: H5pyDeprecationWarning: dataset.value has been deprecated. Use dataset[()] instead.
  "Use dataset[()] instead.", H5pyDeprecationWarning)
/scratch/work/groszt1/envs/theanoLM/lib/python3.7/site-packages/h5py-2.9.0-py3.7-linux-x86_64.egg/h5py/_hl/dataset.py:313: H5pyDeprecationWarning: dataset.value has been deprecated. Use dataset[()] instead.
  "Use dataset[()] instead.", H5pyDeprecationWarning)
decode_theanolm finished.
decode devel finished.
