Experiment: morph/D=0.001-D2=0.002-cutoffs001-n=5
Job ID: 55137075
Task ID: 67
Host: gpu25.int.triton.aalto.fi
Start date: Fri Aug 21 16:47:14 EEST 2020
Work directory: /scratch/work/moisioa3/conv_lm/experiments/morph/D=0.001-D2=0.002-cutoffs001-n=5
Temporary directory: /tmp/55137075

Currently Loaded Modules:
  1) speech-scripts/2016.05.24-b928230   6) binutils/2.25-GCCcore-5.4.0
  2) srilm/default                       7) GCC/5.4.0-2.25
  3) cuda/10.0.130                       8) libgpuarray/2017.03.29-45c731f
  4) cudnn/7.4.2-cuda                    9) anaconda3/latest
  5) GCCcore/5.4.0

 

/tmp/55137075/lattices
floatX=float32,device=cuda0,base_compiledir=/tmp/theano,exception_verbosity=high,openmp=False
/scratch/work/groszt1/envs/theanoLM/lib/python3.7/site-packages/theano/gpuarray/dnn.py:184: UserWarning: Your cuDNN version is more recent than Theano. If you encounter problems, try updating Theano or downgrading cuDNN to a version >= v5 and <= v7.
  warnings.warn("Your cuDNN version is more recent than "
Using cuDNN version 7600 on context None
Mapped name None to device cuda0: Tesla P100-PCIE-16GB (0000:03:00.0)
TheanoLM 1.3.2
Theano 1.0.4
pygpu 0.7.6
==
+ srun --gres=gpu:1 theanolm decode /scratch/work/moisioa3/conv_lm/experiments/morph/D=0.001-D2=0.002-cutoffs001-n=5/nnlm.h5 --lattice-list /tmp/55137075/lattices/lattice-list --output-file /scratch/work/moisioa3/conv_lm/experiments/morph/D=0.001-D2=0.002-cutoffs001-n=5/decode/eval/lambda=0.5-lms=9/67.trn --output trn --nnlm-weight 0.5 --lm-scale 9 --max-tokens-per-node 62 --beam 650 --recombination-order 22 --num-jobs 128 --job 67 --unk-penalty=-20
2020-08-21 16:47:26,816 get_default_device: Context None device="Tesla P100-PCIE-16GB" ID="0000:03:00.0"
2020-08-21 16:47:26,818 from_file: Reading vocabulary from network state.
2020-08-21 16:47:27,063 from_file: Number of words in vocabulary: 42699
2020-08-21 16:47:27,063 from_file: Number of words in shortlist: 42699
2020-08-21 16:47:27,064 from_file: Number of word classes: 42699
2020-08-21 16:47:27,064 from_file: Building neural network.
2020-08-21 16:48:06,476 from_file: Restoring neural network state.
2020-08-21 16:48:06,785 decode: Building word lattice decoder.
2020-08-21 16:48:32,443 __iter__: Reading lattice file `/tmp/55137075/lattices/dspm009_dsp2013_08.lat.gz´.
2020-08-21 16:48:32,712 decode: Utterance `dspm009_dsp2013_08´ -- 1 of job 67
2020-08-21 16:48:42,699 __iter__: Reading lattice file `/tmp/55137075/lattices/dspm051_dsp2013_11.lat.gz´.
2020-08-21 16:48:42,970 decode: Utterance `dspm051_dsp2013_11´ -- 2 of job 67
2020-08-21 16:48:49,090 __iter__: Reading lattice file `/tmp/55137075/lattices/radiokatupaimen_aamushow20120720_100.lat.gz´.
2020-08-21 16:48:49,176 decode: Utterance `radiokatupaimen_aamushow20120720_100´ -- 3 of job 67
2020-08-21 16:48:51,378 __iter__: Reading lattice file `/tmp/55137075/lattices/radioruudolf_aamushow20100713_20.lat.gz´.
2020-08-21 16:48:51,610 decode: Utterance `radioruudolf_aamushow20100713_20´ -- 4 of job 67
/scratch/work/groszt1/envs/theanoLM/lib/python3.7/site-packages/theano/gpuarray/dnn.py:184: UserWarning: Your cuDNN version is more recent than Theano. If you encounter problems, try updating Theano or downgrading cuDNN to a version >= v5 and <= v7.
  warnings.warn("Your cuDNN version is more recent than "
Using cuDNN version 7600 on context None
Mapped name None to device cuda0: Tesla P100-PCIE-16GB (0000:03:00.0)
/scratch/work/groszt1/envs/theanoLM/lib/python3.7/site-packages/h5py-2.9.0-py3.7-linux-x86_64.egg/h5py/_hl/dataset.py:313: H5pyDeprecationWarning: dataset.value has been deprecated. Use dataset[()] instead.
  "Use dataset[()] instead.", H5pyDeprecationWarning)
/scratch/work/groszt1/envs/theanoLM/lib/python3.7/site-packages/h5py-2.9.0-py3.7-linux-x86_64.egg/h5py/_hl/dataset.py:313: H5pyDeprecationWarning: dataset.value has been deprecated. Use dataset[()] instead.
  "Use dataset[()] instead.", H5pyDeprecationWarning)
decode_theanolm finished.
/tmp/55137075/lattices
floatX=float32,device=cuda0,base_compiledir=/tmp/theano,exception_verbosity=high,openmp=False
/scratch/work/groszt1/envs/theanoLM/lib/python3.7/site-packages/theano/gpuarray/dnn.py:184: UserWarning: Your cuDNN version is more recent than Theano. If you encounter problems, try updating Theano or downgrading cuDNN to a version >= v5 and <= v7.
  warnings.warn("Your cuDNN version is more recent than "
Using cuDNN version 7600 on context None
Mapped name None to device cuda0: Tesla P100-PCIE-16GB (0000:03:00.0)
TheanoLM 1.3.2
Theano 1.0.4
pygpu 0.7.6
==
+ srun --gres=gpu:1 theanolm decode /scratch/work/moisioa3/conv_lm/experiments/morph/D=0.001-D2=0.002-cutoffs001-n=5/nnlm.h5 --lattice-list /tmp/55137075/lattices/lattice-list --output-file /scratch/work/moisioa3/conv_lm/experiments/morph/D=0.001-D2=0.002-cutoffs001-n=5/decode/eval/lambda=0.5-lms=10/67.trn --output trn --nnlm-weight 0.5 --lm-scale 10 --max-tokens-per-node 62 --beam 650 --recombination-order 22 --num-jobs 128 --job 67 --unk-penalty=-20
2020-08-21 16:49:03,425 get_default_device: Context None device="Tesla P100-PCIE-16GB" ID="0000:03:00.0"
2020-08-21 16:49:03,426 from_file: Reading vocabulary from network state.
2020-08-21 16:49:03,673 from_file: Number of words in vocabulary: 42699
2020-08-21 16:49:03,674 from_file: Number of words in shortlist: 42699
2020-08-21 16:49:03,674 from_file: Number of word classes: 42699
2020-08-21 16:49:03,674 from_file: Building neural network.
2020-08-21 16:49:42,972 from_file: Restoring neural network state.
2020-08-21 16:49:43,281 decode: Building word lattice decoder.
2020-08-21 16:49:48,149 __iter__: Reading lattice file `/tmp/55137075/lattices/dspm009_dsp2013_08.lat.gz´.
2020-08-21 16:49:48,411 decode: Utterance `dspm009_dsp2013_08´ -- 1 of job 67
2020-08-21 16:49:57,651 __iter__: Reading lattice file `/tmp/55137075/lattices/dspm051_dsp2013_11.lat.gz´.
2020-08-21 16:49:57,915 decode: Utterance `dspm051_dsp2013_11´ -- 2 of job 67
2020-08-21 16:50:04,255 __iter__: Reading lattice file `/tmp/55137075/lattices/radiokatupaimen_aamushow20120720_100.lat.gz´.
2020-08-21 16:50:04,342 decode: Utterance `radiokatupaimen_aamushow20120720_100´ -- 3 of job 67
2020-08-21 16:50:06,622 __iter__: Reading lattice file `/tmp/55137075/lattices/radioruudolf_aamushow20100713_20.lat.gz´.
2020-08-21 16:50:06,848 decode: Utterance `radioruudolf_aamushow20100713_20´ -- 4 of job 67
/scratch/work/groszt1/envs/theanoLM/lib/python3.7/site-packages/theano/gpuarray/dnn.py:184: UserWarning: Your cuDNN version is more recent than Theano. If you encounter problems, try updating Theano or downgrading cuDNN to a version >= v5 and <= v7.
  warnings.warn("Your cuDNN version is more recent than "
Using cuDNN version 7600 on context None
Mapped name None to device cuda0: Tesla P100-PCIE-16GB (0000:03:00.0)
/scratch/work/groszt1/envs/theanoLM/lib/python3.7/site-packages/h5py-2.9.0-py3.7-linux-x86_64.egg/h5py/_hl/dataset.py:313: H5pyDeprecationWarning: dataset.value has been deprecated. Use dataset[()] instead.
  "Use dataset[()] instead.", H5pyDeprecationWarning)
/scratch/work/groszt1/envs/theanoLM/lib/python3.7/site-packages/h5py-2.9.0-py3.7-linux-x86_64.egg/h5py/_hl/dataset.py:313: H5pyDeprecationWarning: dataset.value has been deprecated. Use dataset[()] instead.
  "Use dataset[()] instead.", H5pyDeprecationWarning)
decode_theanolm finished.
/tmp/55137075/lattices
floatX=float32,device=cuda0,base_compiledir=/tmp/theano,exception_verbosity=high,openmp=False
/scratch/work/groszt1/envs/theanoLM/lib/python3.7/site-packages/theano/gpuarray/dnn.py:184: UserWarning: Your cuDNN version is more recent than Theano. If you encounter problems, try updating Theano or downgrading cuDNN to a version >= v5 and <= v7.
  warnings.warn("Your cuDNN version is more recent than "
Using cuDNN version 7600 on context None
Mapped name None to device cuda0: Tesla P100-PCIE-16GB (0000:03:00.0)
TheanoLM 1.3.2
Theano 1.0.4
pygpu 0.7.6
==
+ srun --gres=gpu:1 theanolm decode /scratch/work/moisioa3/conv_lm/experiments/morph/D=0.001-D2=0.002-cutoffs001-n=5/nnlm.h5 --lattice-list /tmp/55137075/lattices/lattice-list --output-file /scratch/work/moisioa3/conv_lm/experiments/morph/D=0.001-D2=0.002-cutoffs001-n=5/decode/eval/lambda=0.5-lms=11/67.trn --output trn --nnlm-weight 0.5 --lm-scale 11 --max-tokens-per-node 62 --beam 650 --recombination-order 22 --num-jobs 128 --job 67 --unk-penalty=-20
2020-08-21 16:50:18,633 get_default_device: Context None device="Tesla P100-PCIE-16GB" ID="0000:03:00.0"
2020-08-21 16:50:18,635 from_file: Reading vocabulary from network state.
2020-08-21 16:50:18,882 from_file: Number of words in vocabulary: 42699
2020-08-21 16:50:18,883 from_file: Number of words in shortlist: 42699
2020-08-21 16:50:18,883 from_file: Number of word classes: 42699
2020-08-21 16:50:18,883 from_file: Building neural network.
2020-08-21 16:50:58,355 from_file: Restoring neural network state.
2020-08-21 16:50:58,717 decode: Building word lattice decoder.
2020-08-21 16:51:03,605 __iter__: Reading lattice file `/tmp/55137075/lattices/dspm009_dsp2013_08.lat.gz´.
2020-08-21 16:51:03,876 decode: Utterance `dspm009_dsp2013_08´ -- 1 of job 67
2020-08-21 16:51:13,405 __iter__: Reading lattice file `/tmp/55137075/lattices/dspm051_dsp2013_11.lat.gz´.
2020-08-21 16:51:13,679 decode: Utterance `dspm051_dsp2013_11´ -- 2 of job 67
2020-08-21 16:51:20,203 __iter__: Reading lattice file `/tmp/55137075/lattices/radiokatupaimen_aamushow20120720_100.lat.gz´.
2020-08-21 16:51:20,288 decode: Utterance `radiokatupaimen_aamushow20120720_100´ -- 3 of job 67
2020-08-21 16:51:22,611 __iter__: Reading lattice file `/tmp/55137075/lattices/radioruudolf_aamushow20100713_20.lat.gz´.
2020-08-21 16:51:22,837 decode: Utterance `radioruudolf_aamushow20100713_20´ -- 4 of job 67
/scratch/work/groszt1/envs/theanoLM/lib/python3.7/site-packages/theano/gpuarray/dnn.py:184: UserWarning: Your cuDNN version is more recent than Theano. If you encounter problems, try updating Theano or downgrading cuDNN to a version >= v5 and <= v7.
  warnings.warn("Your cuDNN version is more recent than "
Using cuDNN version 7600 on context None
Mapped name None to device cuda0: Tesla P100-PCIE-16GB (0000:03:00.0)
/scratch/work/groszt1/envs/theanoLM/lib/python3.7/site-packages/h5py-2.9.0-py3.7-linux-x86_64.egg/h5py/_hl/dataset.py:313: H5pyDeprecationWarning: dataset.value has been deprecated. Use dataset[()] instead.
  "Use dataset[()] instead.", H5pyDeprecationWarning)
/scratch/work/groszt1/envs/theanoLM/lib/python3.7/site-packages/h5py-2.9.0-py3.7-linux-x86_64.egg/h5py/_hl/dataset.py:313: H5pyDeprecationWarning: dataset.value has been deprecated. Use dataset[()] instead.
  "Use dataset[()] instead.", H5pyDeprecationWarning)
decode_theanolm finished.
decode eval finished.
