Experiment: morph/D=0.001-D2=0.002-cutoffs001-n=5
Job ID: 55137159
Task ID: 110
Host: gpu8.int.triton.aalto.fi
Start date: Fri Aug 21 17:26:51 EEST 2020
Work directory: /scratch/work/moisioa3/conv_lm/experiments/morph/D=0.001-D2=0.002-cutoffs001-n=5
Temporary directory: /tmp/55137159

Currently Loaded Modules:
  1) speech-scripts/2016.05.24-b928230   6) binutils/2.25-GCCcore-5.4.0
  2) srilm/default                       7) GCC/5.4.0-2.25
  3) cuda/10.0.130                       8) libgpuarray/2017.03.29-45c731f
  4) cudnn/7.4.2-cuda                    9) anaconda3/latest
  5) GCCcore/5.4.0

 

/tmp/55137159/lattices
floatX=float32,device=cuda0,base_compiledir=/tmp/theano,exception_verbosity=high,openmp=False
/scratch/work/groszt1/envs/theanoLM/lib/python3.7/site-packages/theano/gpuarray/dnn.py:184: UserWarning: Your cuDNN version is more recent than Theano. If you encounter problems, try updating Theano or downgrading cuDNN to a version >= v5 and <= v7.
  warnings.warn("Your cuDNN version is more recent than "
Using cuDNN version 7600 on context None
Mapped name None to device cuda0: Tesla V100-PCIE-32GB (0000:86:00.0)
TheanoLM 1.3.2
Theano 1.0.4
pygpu 0.7.6
==
+ srun --gres=gpu:1 theanolm decode /scratch/work/moisioa3/conv_lm/experiments/morph/D=0.001-D2=0.002-cutoffs001-n=5/nnlm.h5 --lattice-list /tmp/55137159/lattices/lattice-list --output-file /scratch/work/moisioa3/conv_lm/experiments/morph/D=0.001-D2=0.002-cutoffs001-n=5/decode/eval/lambda=0.5-lms=9/110.trn --output trn --nnlm-weight 0.5 --lm-scale 9 --max-tokens-per-node 62 --beam 650 --recombination-order 22 --num-jobs 128 --job 110 --unk-penalty=-20
2020-08-21 17:27:02,732 get_default_device: Context None device="Tesla V100-PCIE-32GB" ID="0000:86:00.0"
2020-08-21 17:27:02,735 from_file: Reading vocabulary from network state.
2020-08-21 17:27:02,943 from_file: Number of words in vocabulary: 42699
2020-08-21 17:27:02,944 from_file: Number of words in shortlist: 42699
2020-08-21 17:27:02,944 from_file: Number of word classes: 42699
2020-08-21 17:27:02,944 from_file: Building neural network.
2020-08-21 17:27:31,114 from_file: Restoring neural network state.
2020-08-21 17:27:31,574 decode: Building word lattice decoder.
2020-08-21 17:27:50,680 __iter__: Reading lattice file `/tmp/55137159/lattices/dspm023_dsp2013_26.lat.gz´.
2020-08-21 17:27:50,710 decode: Utterance `dspm023_dsp2013_26´ -- 1 of job 110
2020-08-21 17:27:51,790 __iter__: Reading lattice file `/tmp/55137159/lattices/radioerkka_puhujainkulma20120930_100.lat.gz´.
2020-08-21 17:27:51,815 decode: Utterance `radioerkka_puhujainkulma20120930_100´ -- 2 of job 110
2020-08-21 17:27:52,299 __iter__: Reading lattice file `/tmp/55137159/lattices/radiokatupaimen_aamushow20120720_57.lat.gz´.
2020-08-21 17:27:52,530 decode: Utterance `radiokatupaimen_aamushow20120720_57´ -- 3 of job 110
2020-08-21 17:27:59,262 __iter__: Reading lattice file `/tmp/55137159/lattices/radioruudolf_aamushow20100713_80.lat.gz´.
2020-08-21 17:27:59,285 decode: Utterance `radioruudolf_aamushow20100713_80´ -- 4 of job 110
/scratch/work/groszt1/envs/theanoLM/lib/python3.7/site-packages/theano/gpuarray/dnn.py:184: UserWarning: Your cuDNN version is more recent than Theano. If you encounter problems, try updating Theano or downgrading cuDNN to a version >= v5 and <= v7.
  warnings.warn("Your cuDNN version is more recent than "
Using cuDNN version 7600 on context None
Mapped name None to device cuda0: Tesla V100-PCIE-32GB (0000:86:00.0)
/scratch/work/groszt1/envs/theanoLM/lib/python3.7/site-packages/h5py-2.9.0-py3.7-linux-x86_64.egg/h5py/_hl/dataset.py:313: H5pyDeprecationWarning: dataset.value has been deprecated. Use dataset[()] instead.
  "Use dataset[()] instead.", H5pyDeprecationWarning)
/scratch/work/groszt1/envs/theanoLM/lib/python3.7/site-packages/h5py-2.9.0-py3.7-linux-x86_64.egg/h5py/_hl/dataset.py:313: H5pyDeprecationWarning: dataset.value has been deprecated. Use dataset[()] instead.
  "Use dataset[()] instead.", H5pyDeprecationWarning)
decode_theanolm finished.
/tmp/55137159/lattices
floatX=float32,device=cuda0,base_compiledir=/tmp/theano,exception_verbosity=high,openmp=False
/scratch/work/groszt1/envs/theanoLM/lib/python3.7/site-packages/theano/gpuarray/dnn.py:184: UserWarning: Your cuDNN version is more recent than Theano. If you encounter problems, try updating Theano or downgrading cuDNN to a version >= v5 and <= v7.
  warnings.warn("Your cuDNN version is more recent than "
Using cuDNN version 7600 on context None
Mapped name None to device cuda0: Tesla V100-PCIE-32GB (0000:86:00.0)
TheanoLM 1.3.2
Theano 1.0.4
pygpu 0.7.6
==
+ srun --gres=gpu:1 theanolm decode /scratch/work/moisioa3/conv_lm/experiments/morph/D=0.001-D2=0.002-cutoffs001-n=5/nnlm.h5 --lattice-list /tmp/55137159/lattices/lattice-list --output-file /scratch/work/moisioa3/conv_lm/experiments/morph/D=0.001-D2=0.002-cutoffs001-n=5/decode/eval/lambda=0.5-lms=10/110.trn --output trn --nnlm-weight 0.5 --lm-scale 10 --max-tokens-per-node 62 --beam 650 --recombination-order 22 --num-jobs 128 --job 110 --unk-penalty=-20
2020-08-21 17:28:07,056 get_default_device: Context None device="Tesla V100-PCIE-32GB" ID="0000:86:00.0"
2020-08-21 17:28:07,057 from_file: Reading vocabulary from network state.
2020-08-21 17:28:07,260 from_file: Number of words in vocabulary: 42699
2020-08-21 17:28:07,261 from_file: Number of words in shortlist: 42699
2020-08-21 17:28:07,261 from_file: Number of word classes: 42699
2020-08-21 17:28:07,261 from_file: Building neural network.
2020-08-21 17:28:35,413 from_file: Restoring neural network state.
2020-08-21 17:28:35,800 decode: Building word lattice decoder.
2020-08-21 17:28:39,762 __iter__: Reading lattice file `/tmp/55137159/lattices/dspm023_dsp2013_26.lat.gz´.
2020-08-21 17:28:39,789 decode: Utterance `dspm023_dsp2013_26´ -- 1 of job 110
2020-08-21 17:28:40,464 __iter__: Reading lattice file `/tmp/55137159/lattices/radioerkka_puhujainkulma20120930_100.lat.gz´.
2020-08-21 17:28:40,489 decode: Utterance `radioerkka_puhujainkulma20120930_100´ -- 2 of job 110
2020-08-21 17:28:40,998 __iter__: Reading lattice file `/tmp/55137159/lattices/radiokatupaimen_aamushow20120720_57.lat.gz´.
2020-08-21 17:28:41,235 decode: Utterance `radiokatupaimen_aamushow20120720_57´ -- 3 of job 110
2020-08-21 17:28:47,995 __iter__: Reading lattice file `/tmp/55137159/lattices/radioruudolf_aamushow20100713_80.lat.gz´.
2020-08-21 17:28:48,020 decode: Utterance `radioruudolf_aamushow20100713_80´ -- 4 of job 110
/scratch/work/groszt1/envs/theanoLM/lib/python3.7/site-packages/theano/gpuarray/dnn.py:184: UserWarning: Your cuDNN version is more recent than Theano. If you encounter problems, try updating Theano or downgrading cuDNN to a version >= v5 and <= v7.
  warnings.warn("Your cuDNN version is more recent than "
Using cuDNN version 7600 on context None
Mapped name None to device cuda0: Tesla V100-PCIE-32GB (0000:86:00.0)
/scratch/work/groszt1/envs/theanoLM/lib/python3.7/site-packages/h5py-2.9.0-py3.7-linux-x86_64.egg/h5py/_hl/dataset.py:313: H5pyDeprecationWarning: dataset.value has been deprecated. Use dataset[()] instead.
  "Use dataset[()] instead.", H5pyDeprecationWarning)
/scratch/work/groszt1/envs/theanoLM/lib/python3.7/site-packages/h5py-2.9.0-py3.7-linux-x86_64.egg/h5py/_hl/dataset.py:313: H5pyDeprecationWarning: dataset.value has been deprecated. Use dataset[()] instead.
  "Use dataset[()] instead.", H5pyDeprecationWarning)
decode_theanolm finished.
/tmp/55137159/lattices
floatX=float32,device=cuda0,base_compiledir=/tmp/theano,exception_verbosity=high,openmp=False
/scratch/work/groszt1/envs/theanoLM/lib/python3.7/site-packages/theano/gpuarray/dnn.py:184: UserWarning: Your cuDNN version is more recent than Theano. If you encounter problems, try updating Theano or downgrading cuDNN to a version >= v5 and <= v7.
  warnings.warn("Your cuDNN version is more recent than "
Using cuDNN version 7600 on context None
Mapped name None to device cuda0: Tesla V100-PCIE-32GB (0000:86:00.0)
TheanoLM 1.3.2
Theano 1.0.4
pygpu 0.7.6
==
+ srun --gres=gpu:1 theanolm decode /scratch/work/moisioa3/conv_lm/experiments/morph/D=0.001-D2=0.002-cutoffs001-n=5/nnlm.h5 --lattice-list /tmp/55137159/lattices/lattice-list --output-file /scratch/work/moisioa3/conv_lm/experiments/morph/D=0.001-D2=0.002-cutoffs001-n=5/decode/eval/lambda=0.5-lms=11/110.trn --output trn --nnlm-weight 0.5 --lm-scale 11 --max-tokens-per-node 62 --beam 650 --recombination-order 22 --num-jobs 128 --job 110 --unk-penalty=-20
2020-08-21 17:28:58,606 get_default_device: Context None device="Tesla V100-PCIE-32GB" ID="0000:86:00.0"
2020-08-21 17:28:58,607 from_file: Reading vocabulary from network state.
2020-08-21 17:28:58,805 from_file: Number of words in vocabulary: 42699
2020-08-21 17:28:58,805 from_file: Number of words in shortlist: 42699
2020-08-21 17:28:58,805 from_file: Number of word classes: 42699
2020-08-21 17:28:58,805 from_file: Building neural network.
2020-08-21 17:29:27,039 from_file: Restoring neural network state.
2020-08-21 17:29:27,696 decode: Building word lattice decoder.
2020-08-21 17:29:31,669 __iter__: Reading lattice file `/tmp/55137159/lattices/dspm023_dsp2013_26.lat.gz´.
2020-08-21 17:29:31,698 decode: Utterance `dspm023_dsp2013_26´ -- 1 of job 110
2020-08-21 17:29:32,458 __iter__: Reading lattice file `/tmp/55137159/lattices/radioerkka_puhujainkulma20120930_100.lat.gz´.
2020-08-21 17:29:32,484 decode: Utterance `radioerkka_puhujainkulma20120930_100´ -- 2 of job 110
2020-08-21 17:29:32,967 __iter__: Reading lattice file `/tmp/55137159/lattices/radiokatupaimen_aamushow20120720_57.lat.gz´.
2020-08-21 17:29:33,206 decode: Utterance `radiokatupaimen_aamushow20120720_57´ -- 3 of job 110
2020-08-21 17:29:40,002 __iter__: Reading lattice file `/tmp/55137159/lattices/radioruudolf_aamushow20100713_80.lat.gz´.
2020-08-21 17:29:40,028 decode: Utterance `radioruudolf_aamushow20100713_80´ -- 4 of job 110
/scratch/work/groszt1/envs/theanoLM/lib/python3.7/site-packages/theano/gpuarray/dnn.py:184: UserWarning: Your cuDNN version is more recent than Theano. If you encounter problems, try updating Theano or downgrading cuDNN to a version >= v5 and <= v7.
  warnings.warn("Your cuDNN version is more recent than "
Using cuDNN version 7600 on context None
Mapped name None to device cuda0: Tesla V100-PCIE-32GB (0000:86:00.0)
/scratch/work/groszt1/envs/theanoLM/lib/python3.7/site-packages/h5py-2.9.0-py3.7-linux-x86_64.egg/h5py/_hl/dataset.py:313: H5pyDeprecationWarning: dataset.value has been deprecated. Use dataset[()] instead.
  "Use dataset[()] instead.", H5pyDeprecationWarning)
/scratch/work/groszt1/envs/theanoLM/lib/python3.7/site-packages/h5py-2.9.0-py3.7-linux-x86_64.egg/h5py/_hl/dataset.py:313: H5pyDeprecationWarning: dataset.value has been deprecated. Use dataset[()] instead.
  "Use dataset[()] instead.", H5pyDeprecationWarning)
decode_theanolm finished.
decode eval finished.
