Experiment: morph/D=0.001-D2=0.002-cutoffs001-n=5
Job ID: 55137147
Task ID: 104
Host: gpu23.int.triton.aalto.fi
Start date: Fri Aug 21 17:18:06 EEST 2020
Work directory: /scratch/work/moisioa3/conv_lm/experiments/morph/D=0.001-D2=0.002-cutoffs001-n=5
Temporary directory: /tmp/55137147

Currently Loaded Modules:
  1) speech-scripts/2016.05.24-b928230   6) binutils/2.25-GCCcore-5.4.0
  2) srilm/default                       7) GCC/5.4.0-2.25
  3) cuda/10.0.130                       8) libgpuarray/2017.03.29-45c731f
  4) cudnn/7.4.2-cuda                    9) anaconda3/latest
  5) GCCcore/5.4.0

 

/tmp/55137147/lattices
floatX=float32,device=cuda0,base_compiledir=/tmp/theano,exception_verbosity=high,openmp=False
/scratch/work/groszt1/envs/theanoLM/lib/python3.7/site-packages/theano/gpuarray/dnn.py:184: UserWarning: Your cuDNN version is more recent than Theano. If you encounter problems, try updating Theano or downgrading cuDNN to a version >= v5 and <= v7.
  warnings.warn("Your cuDNN version is more recent than "
Using cuDNN version 7600 on context None
Mapped name None to device cuda0: Tesla P100-PCIE-16GB (0000:03:00.0)
TheanoLM 1.3.2
Theano 1.0.4
pygpu 0.7.6
==
+ srun --gres=gpu:1 theanolm decode /scratch/work/moisioa3/conv_lm/experiments/morph/D=0.001-D2=0.002-cutoffs001-n=5/nnlm.h5 --lattice-list /tmp/55137147/lattices/lattice-list --output-file /scratch/work/moisioa3/conv_lm/experiments/morph/D=0.001-D2=0.002-cutoffs001-n=5/decode/eval/lambda=0.5-lms=9/104.trn --output trn --nnlm-weight 0.5 --lm-scale 9 --max-tokens-per-node 62 --beam 650 --recombination-order 22 --num-jobs 128 --job 104 --unk-penalty=-20
2020-08-21 17:18:18,353 get_default_device: Context None device="Tesla P100-PCIE-16GB" ID="0000:03:00.0"
2020-08-21 17:18:18,354 from_file: Reading vocabulary from network state.
2020-08-21 17:18:18,612 from_file: Number of words in vocabulary: 42699
2020-08-21 17:18:18,613 from_file: Number of words in shortlist: 42699
2020-08-21 17:18:18,613 from_file: Number of word classes: 42699
2020-08-21 17:18:18,613 from_file: Building neural network.
2020-08-21 17:18:59,801 from_file: Restoring neural network state.
2020-08-21 17:19:00,123 decode: Building word lattice decoder.
2020-08-21 17:19:26,774 __iter__: Reading lattice file `/tmp/55137147/lattices/dspm023_dsp2013_20.lat.gz´.
2020-08-21 17:19:26,851 decode: Utterance `dspm023_dsp2013_20´ -- 1 of job 104
2020-08-21 17:19:29,592 __iter__: Reading lattice file `/tmp/55137147/lattices/radioerkka_puhujainkulma20120909_27.lat.gz´.
2020-08-21 17:19:29,642 decode: Utterance `radioerkka_puhujainkulma20120909_27´ -- 2 of job 104
2020-08-21 17:19:30,465 __iter__: Reading lattice file `/tmp/55137147/lattices/radiokatupaimen_aamushow20120720_48.lat.gz´.
2020-08-21 17:19:30,690 decode: Utterance `radiokatupaimen_aamushow20120720_48´ -- 3 of job 104
2020-08-21 17:19:35,514 __iter__: Reading lattice file `/tmp/55137147/lattices/radioruudolf_aamushow20100713_74.lat.gz´.
2020-08-21 17:19:35,523 decode: Utterance `radioruudolf_aamushow20100713_74´ -- 4 of job 104
/scratch/work/groszt1/envs/theanoLM/lib/python3.7/site-packages/theano/gpuarray/dnn.py:184: UserWarning: Your cuDNN version is more recent than Theano. If you encounter problems, try updating Theano or downgrading cuDNN to a version >= v5 and <= v7.
  warnings.warn("Your cuDNN version is more recent than "
Using cuDNN version 7600 on context None
Mapped name None to device cuda0: Tesla P100-PCIE-16GB (0000:03:00.0)
/scratch/work/groszt1/envs/theanoLM/lib/python3.7/site-packages/h5py-2.9.0-py3.7-linux-x86_64.egg/h5py/_hl/dataset.py:313: H5pyDeprecationWarning: dataset.value has been deprecated. Use dataset[()] instead.
  "Use dataset[()] instead.", H5pyDeprecationWarning)
/scratch/work/groszt1/envs/theanoLM/lib/python3.7/site-packages/h5py-2.9.0-py3.7-linux-x86_64.egg/h5py/_hl/dataset.py:313: H5pyDeprecationWarning: dataset.value has been deprecated. Use dataset[()] instead.
  "Use dataset[()] instead.", H5pyDeprecationWarning)
decode_theanolm finished.
/tmp/55137147/lattices
floatX=float32,device=cuda0,base_compiledir=/tmp/theano,exception_verbosity=high,openmp=False
/scratch/work/groszt1/envs/theanoLM/lib/python3.7/site-packages/theano/gpuarray/dnn.py:184: UserWarning: Your cuDNN version is more recent than Theano. If you encounter problems, try updating Theano or downgrading cuDNN to a version >= v5 and <= v7.
  warnings.warn("Your cuDNN version is more recent than "
Using cuDNN version 7600 on context None
Mapped name None to device cuda0: Tesla P100-PCIE-16GB (0000:03:00.0)
TheanoLM 1.3.2
Theano 1.0.4
pygpu 0.7.6
==
+ srun --gres=gpu:1 theanolm decode /scratch/work/moisioa3/conv_lm/experiments/morph/D=0.001-D2=0.002-cutoffs001-n=5/nnlm.h5 --lattice-list /tmp/55137147/lattices/lattice-list --output-file /scratch/work/moisioa3/conv_lm/experiments/morph/D=0.001-D2=0.002-cutoffs001-n=5/decode/eval/lambda=0.5-lms=10/104.trn --output trn --nnlm-weight 0.5 --lm-scale 10 --max-tokens-per-node 62 --beam 650 --recombination-order 22 --num-jobs 128 --job 104 --unk-penalty=-20
2020-08-21 17:19:41,930 get_default_device: Context None device="Tesla P100-PCIE-16GB" ID="0000:03:00.0"
2020-08-21 17:19:41,931 from_file: Reading vocabulary from network state.
2020-08-21 17:19:42,194 from_file: Number of words in vocabulary: 42699
2020-08-21 17:19:42,194 from_file: Number of words in shortlist: 42699
2020-08-21 17:19:42,195 from_file: Number of word classes: 42699
2020-08-21 17:19:42,195 from_file: Building neural network.
2020-08-21 17:20:23,497 from_file: Restoring neural network state.
2020-08-21 17:20:23,821 decode: Building word lattice decoder.
2020-08-21 17:20:28,881 __iter__: Reading lattice file `/tmp/55137147/lattices/dspm023_dsp2013_20.lat.gz´.
2020-08-21 17:20:28,956 decode: Utterance `dspm023_dsp2013_20´ -- 1 of job 104
2020-08-21 17:20:30,999 __iter__: Reading lattice file `/tmp/55137147/lattices/radioerkka_puhujainkulma20120909_27.lat.gz´.
2020-08-21 17:20:31,049 decode: Utterance `radioerkka_puhujainkulma20120909_27´ -- 2 of job 104
2020-08-21 17:20:31,871 __iter__: Reading lattice file `/tmp/55137147/lattices/radiokatupaimen_aamushow20120720_48.lat.gz´.
2020-08-21 17:20:32,094 decode: Utterance `radiokatupaimen_aamushow20120720_48´ -- 3 of job 104
2020-08-21 17:20:36,911 __iter__: Reading lattice file `/tmp/55137147/lattices/radioruudolf_aamushow20100713_74.lat.gz´.
2020-08-21 17:20:36,920 decode: Utterance `radioruudolf_aamushow20100713_74´ -- 4 of job 104
/scratch/work/groszt1/envs/theanoLM/lib/python3.7/site-packages/theano/gpuarray/dnn.py:184: UserWarning: Your cuDNN version is more recent than Theano. If you encounter problems, try updating Theano or downgrading cuDNN to a version >= v5 and <= v7.
  warnings.warn("Your cuDNN version is more recent than "
Using cuDNN version 7600 on context None
Mapped name None to device cuda0: Tesla P100-PCIE-16GB (0000:03:00.0)
/scratch/work/groszt1/envs/theanoLM/lib/python3.7/site-packages/h5py-2.9.0-py3.7-linux-x86_64.egg/h5py/_hl/dataset.py:313: H5pyDeprecationWarning: dataset.value has been deprecated. Use dataset[()] instead.
  "Use dataset[()] instead.", H5pyDeprecationWarning)
/scratch/work/groszt1/envs/theanoLM/lib/python3.7/site-packages/h5py-2.9.0-py3.7-linux-x86_64.egg/h5py/_hl/dataset.py:313: H5pyDeprecationWarning: dataset.value has been deprecated. Use dataset[()] instead.
  "Use dataset[()] instead.", H5pyDeprecationWarning)
decode_theanolm finished.
/tmp/55137147/lattices
floatX=float32,device=cuda0,base_compiledir=/tmp/theano,exception_verbosity=high,openmp=False
/scratch/work/groszt1/envs/theanoLM/lib/python3.7/site-packages/theano/gpuarray/dnn.py:184: UserWarning: Your cuDNN version is more recent than Theano. If you encounter problems, try updating Theano or downgrading cuDNN to a version >= v5 and <= v7.
  warnings.warn("Your cuDNN version is more recent than "
Using cuDNN version 7600 on context None
Mapped name None to device cuda0: Tesla P100-PCIE-16GB (0000:03:00.0)
TheanoLM 1.3.2
Theano 1.0.4
pygpu 0.7.6
==
+ srun --gres=gpu:1 theanolm decode /scratch/work/moisioa3/conv_lm/experiments/morph/D=0.001-D2=0.002-cutoffs001-n=5/nnlm.h5 --lattice-list /tmp/55137147/lattices/lattice-list --output-file /scratch/work/moisioa3/conv_lm/experiments/morph/D=0.001-D2=0.002-cutoffs001-n=5/decode/eval/lambda=0.5-lms=11/104.trn --output trn --nnlm-weight 0.5 --lm-scale 11 --max-tokens-per-node 62 --beam 650 --recombination-order 22 --num-jobs 128 --job 104 --unk-penalty=-20
2020-08-21 17:20:44,088 get_default_device: Context None device="Tesla P100-PCIE-16GB" ID="0000:03:00.0"
2020-08-21 17:20:44,090 from_file: Reading vocabulary from network state.
2020-08-21 17:20:44,355 from_file: Number of words in vocabulary: 42699
2020-08-21 17:20:44,356 from_file: Number of words in shortlist: 42699
2020-08-21 17:20:44,356 from_file: Number of word classes: 42699
2020-08-21 17:20:44,356 from_file: Building neural network.
2020-08-21 17:21:25,541 from_file: Restoring neural network state.
2020-08-21 17:21:25,860 decode: Building word lattice decoder.
2020-08-21 17:21:30,926 __iter__: Reading lattice file `/tmp/55137147/lattices/dspm023_dsp2013_20.lat.gz´.
2020-08-21 17:21:31,000 decode: Utterance `dspm023_dsp2013_20´ -- 1 of job 104
2020-08-21 17:21:33,131 __iter__: Reading lattice file `/tmp/55137147/lattices/radioerkka_puhujainkulma20120909_27.lat.gz´.
2020-08-21 17:21:33,180 decode: Utterance `radioerkka_puhujainkulma20120909_27´ -- 2 of job 104
2020-08-21 17:21:34,049 __iter__: Reading lattice file `/tmp/55137147/lattices/radiokatupaimen_aamushow20120720_48.lat.gz´.
2020-08-21 17:21:34,269 decode: Utterance `radiokatupaimen_aamushow20120720_48´ -- 3 of job 104
2020-08-21 17:21:39,074 __iter__: Reading lattice file `/tmp/55137147/lattices/radioruudolf_aamushow20100713_74.lat.gz´.
2020-08-21 17:21:39,083 decode: Utterance `radioruudolf_aamushow20100713_74´ -- 4 of job 104
/scratch/work/groszt1/envs/theanoLM/lib/python3.7/site-packages/theano/gpuarray/dnn.py:184: UserWarning: Your cuDNN version is more recent than Theano. If you encounter problems, try updating Theano or downgrading cuDNN to a version >= v5 and <= v7.
  warnings.warn("Your cuDNN version is more recent than "
Using cuDNN version 7600 on context None
Mapped name None to device cuda0: Tesla P100-PCIE-16GB (0000:03:00.0)
/scratch/work/groszt1/envs/theanoLM/lib/python3.7/site-packages/h5py-2.9.0-py3.7-linux-x86_64.egg/h5py/_hl/dataset.py:313: H5pyDeprecationWarning: dataset.value has been deprecated. Use dataset[()] instead.
  "Use dataset[()] instead.", H5pyDeprecationWarning)
/scratch/work/groszt1/envs/theanoLM/lib/python3.7/site-packages/h5py-2.9.0-py3.7-linux-x86_64.egg/h5py/_hl/dataset.py:313: H5pyDeprecationWarning: dataset.value has been deprecated. Use dataset[()] instead.
  "Use dataset[()] instead.", H5pyDeprecationWarning)
decode_theanolm finished.
decode eval finished.
