Experiment: morph/D=0.001-D2=0.002-cutoffs001-n=5
Job ID: 55136418
Task ID: 59
Host: gpu35.int.triton.aalto.fi
Start date: Fri Aug 21 12:29:09 EEST 2020
Work directory: /scratch/work/moisioa3/conv_lm/experiments/morph/D=0.001-D2=0.002-cutoffs001-n=5
Temporary directory: /tmp/55136418

Currently Loaded Modules:
  1) speech-scripts/2016.05.24-b928230   6) binutils/2.25-GCCcore-5.4.0
  2) srilm/default                       7) GCC/5.4.0-2.25
  3) cuda/10.0.130                       8) libgpuarray/2017.03.29-45c731f
  4) cudnn/7.4.2-cuda                    9) anaconda3/latest
  5) GCCcore/5.4.0

 

/tmp/55136418/lattices
floatX=float32,device=cuda0,base_compiledir=/tmp/theano,exception_verbosity=high,openmp=False
/scratch/work/groszt1/envs/theanoLM/lib/python3.7/site-packages/theano/gpuarray/dnn.py:184: UserWarning: Your cuDNN version is more recent than Theano. If you encounter problems, try updating Theano or downgrading cuDNN to a version >= v5 and <= v7.
  warnings.warn("Your cuDNN version is more recent than "
Using cuDNN version 7600 on context None
Mapped name None to device cuda0: Tesla V100-PCIE-32GB (0000:18:00.0)
TheanoLM 1.3.2
Theano 1.0.4
pygpu 0.7.6
==
+ srun --gres=gpu:1 theanolm decode /scratch/work/moisioa3/conv_lm/experiments/morph/D=0.001-D2=0.002-cutoffs001-n=5/nnlm.h5 --lattice-list /tmp/55136418/lattices/lattice-list --output-file /scratch/work/moisioa3/conv_lm/experiments/morph/D=0.001-D2=0.002-cutoffs001-n=5/decode/devel/lambda=0.5-lms=9/59.trn --output trn --nnlm-weight 0.5 --lm-scale 9 --max-tokens-per-node 62 --beam 650 --recombination-order 22 --num-jobs 128 --job 59 --unk-penalty=-20
2020-08-21 12:29:21,821 get_default_device: Context None device="Tesla V100-PCIE-32GB" ID="0000:18:00.0"
2020-08-21 12:29:21,822 from_file: Reading vocabulary from network state.
2020-08-21 12:29:22,039 from_file: Number of words in vocabulary: 42699
2020-08-21 12:29:22,039 from_file: Number of words in shortlist: 42699
2020-08-21 12:29:22,039 from_file: Number of word classes: 42699
2020-08-21 12:29:22,040 from_file: Building neural network.
2020-08-21 12:29:50,834 from_file: Restoring neural network state.
2020-08-21 12:29:51,203 decode: Building word lattice decoder.
2020-08-21 12:30:10,708 __iter__: Reading lattice file `/tmp/55136418/lattices/dspm001_dsp2013_20.lat.gz´.
2020-08-21 12:30:11,532 decode: Utterance `dspm001_dsp2013_20´ -- 1 of job 59
2020-08-21 12:30:42,168 __iter__: Reading lattice file `/tmp/55136418/lattices/dspm011_dsp2013_20.lat.gz´.
2020-08-21 12:30:42,186 decode: Utterance `dspm011_dsp2013_20´ -- 2 of job 59
2020-08-21 12:30:42,631 __iter__: Reading lattice file `/tmp/55136418/lattices/dspm021_dsp2013_17.lat.gz´.
2020-08-21 12:30:42,714 decode: Utterance `dspm021_dsp2013_17´ -- 3 of job 59
2020-08-21 12:30:45,923 __iter__: Reading lattice file `/tmp/55136418/lattices/dspm031_dsp2013_06.lat.gz´.
2020-08-21 12:30:46,041 decode: Utterance `dspm031_dsp2013_06´ -- 4 of job 59
2020-08-21 12:30:48,340 __iter__: Reading lattice file `/tmp/55136418/lattices/dspm040_dsp2013_01.lat.gz´.
2020-08-21 12:30:49,152 decode: Utterance `dspm040_dsp2013_01´ -- 5 of job 59
2020-08-21 12:31:16,220 __iter__: Reading lattice file `/tmp/55136418/lattices/dspm049_dsp2013_03.lat.gz´.
2020-08-21 12:31:17,017 decode: Utterance `dspm049_dsp2013_03´ -- 6 of job 59
2020-08-21 12:31:42,241 __iter__: Reading lattice file `/tmp/55136418/lattices/dspm057_dsp2013_08.lat.gz´.
2020-08-21 12:31:48,479 decode: Utterance `dspm057_dsp2013_08´ -- 7 of job 59
2020-08-21 12:36:27,902 __iter__: Reading lattice file `/tmp/55136418/lattices/radioshaka_kbk20120915_15.lat.gz´.
2020-08-21 12:36:28,787 decode: Utterance `radioshaka_kbk20120915_15´ -- 8 of job 59
/scratch/work/groszt1/envs/theanoLM/lib/python3.7/site-packages/theano/gpuarray/dnn.py:184: UserWarning: Your cuDNN version is more recent than Theano. If you encounter problems, try updating Theano or downgrading cuDNN to a version >= v5 and <= v7.
  warnings.warn("Your cuDNN version is more recent than "
Using cuDNN version 7600 on context None
Mapped name None to device cuda0: Tesla V100-PCIE-32GB (0000:18:00.0)
/scratch/work/groszt1/envs/theanoLM/lib/python3.7/site-packages/h5py-2.9.0-py3.7-linux-x86_64.egg/h5py/_hl/dataset.py:313: H5pyDeprecationWarning: dataset.value has been deprecated. Use dataset[()] instead.
  "Use dataset[()] instead.", H5pyDeprecationWarning)
/scratch/work/groszt1/envs/theanoLM/lib/python3.7/site-packages/h5py-2.9.0-py3.7-linux-x86_64.egg/h5py/_hl/dataset.py:313: H5pyDeprecationWarning: dataset.value has been deprecated. Use dataset[()] instead.
  "Use dataset[()] instead.", H5pyDeprecationWarning)
decode_theanolm finished.
/tmp/55136418/lattices
floatX=float32,device=cuda0,base_compiledir=/tmp/theano,exception_verbosity=high,openmp=False
/scratch/work/groszt1/envs/theanoLM/lib/python3.7/site-packages/theano/gpuarray/dnn.py:184: UserWarning: Your cuDNN version is more recent than Theano. If you encounter problems, try updating Theano or downgrading cuDNN to a version >= v5 and <= v7.
  warnings.warn("Your cuDNN version is more recent than "
Using cuDNN version 7600 on context None
Mapped name None to device cuda0: Tesla V100-PCIE-32GB (0000:18:00.0)
TheanoLM 1.3.2
Theano 1.0.4
pygpu 0.7.6
==
+ srun --gres=gpu:1 theanolm decode /scratch/work/moisioa3/conv_lm/experiments/morph/D=0.001-D2=0.002-cutoffs001-n=5/nnlm.h5 --lattice-list /tmp/55136418/lattices/lattice-list --output-file /scratch/work/moisioa3/conv_lm/experiments/morph/D=0.001-D2=0.002-cutoffs001-n=5/decode/devel/lambda=0.5-lms=10/59.trn --output trn --nnlm-weight 0.5 --lm-scale 10 --max-tokens-per-node 62 --beam 650 --recombination-order 22 --num-jobs 128 --job 59 --unk-penalty=-20
2020-08-21 12:37:14,912 get_default_device: Context None device="Tesla V100-PCIE-32GB" ID="0000:18:00.0"
2020-08-21 12:37:14,913 from_file: Reading vocabulary from network state.
2020-08-21 12:37:15,132 from_file: Number of words in vocabulary: 42699
2020-08-21 12:37:15,132 from_file: Number of words in shortlist: 42699
2020-08-21 12:37:15,132 from_file: Number of word classes: 42699
2020-08-21 12:37:15,132 from_file: Building neural network.
2020-08-21 12:37:43,835 from_file: Restoring neural network state.
2020-08-21 12:37:44,214 decode: Building word lattice decoder.
2020-08-21 12:37:48,242 __iter__: Reading lattice file `/tmp/55136418/lattices/dspm001_dsp2013_20.lat.gz´.
2020-08-21 12:37:49,074 decode: Utterance `dspm001_dsp2013_20´ -- 1 of job 59
2020-08-21 12:38:19,874 __iter__: Reading lattice file `/tmp/55136418/lattices/dspm011_dsp2013_20.lat.gz´.
2020-08-21 12:38:19,892 decode: Utterance `dspm011_dsp2013_20´ -- 2 of job 59
2020-08-21 12:38:20,334 __iter__: Reading lattice file `/tmp/55136418/lattices/dspm021_dsp2013_17.lat.gz´.
2020-08-21 12:38:20,414 decode: Utterance `dspm021_dsp2013_17´ -- 3 of job 59
2020-08-21 12:38:23,644 __iter__: Reading lattice file `/tmp/55136418/lattices/dspm031_dsp2013_06.lat.gz´.
2020-08-21 12:38:23,765 decode: Utterance `dspm031_dsp2013_06´ -- 4 of job 59
2020-08-21 12:38:26,066 __iter__: Reading lattice file `/tmp/55136418/lattices/dspm040_dsp2013_01.lat.gz´.
2020-08-21 12:38:26,897 decode: Utterance `dspm040_dsp2013_01´ -- 5 of job 59
2020-08-21 12:38:54,243 __iter__: Reading lattice file `/tmp/55136418/lattices/dspm049_dsp2013_03.lat.gz´.
2020-08-21 12:38:55,058 decode: Utterance `dspm049_dsp2013_03´ -- 6 of job 59
2020-08-21 12:39:20,681 __iter__: Reading lattice file `/tmp/55136418/lattices/dspm057_dsp2013_08.lat.gz´.
2020-08-21 12:39:26,904 decode: Utterance `dspm057_dsp2013_08´ -- 7 of job 59
2020-08-21 12:44:14,037 __iter__: Reading lattice file `/tmp/55136418/lattices/radioshaka_kbk20120915_15.lat.gz´.
2020-08-21 12:44:14,953 decode: Utterance `radioshaka_kbk20120915_15´ -- 8 of job 59
/scratch/work/groszt1/envs/theanoLM/lib/python3.7/site-packages/theano/gpuarray/dnn.py:184: UserWarning: Your cuDNN version is more recent than Theano. If you encounter problems, try updating Theano or downgrading cuDNN to a version >= v5 and <= v7.
  warnings.warn("Your cuDNN version is more recent than "
Using cuDNN version 7600 on context None
Mapped name None to device cuda0: Tesla V100-PCIE-32GB (0000:18:00.0)
/scratch/work/groszt1/envs/theanoLM/lib/python3.7/site-packages/h5py-2.9.0-py3.7-linux-x86_64.egg/h5py/_hl/dataset.py:313: H5pyDeprecationWarning: dataset.value has been deprecated. Use dataset[()] instead.
  "Use dataset[()] instead.", H5pyDeprecationWarning)
/scratch/work/groszt1/envs/theanoLM/lib/python3.7/site-packages/h5py-2.9.0-py3.7-linux-x86_64.egg/h5py/_hl/dataset.py:313: H5pyDeprecationWarning: dataset.value has been deprecated. Use dataset[()] instead.
  "Use dataset[()] instead.", H5pyDeprecationWarning)
decode_theanolm finished.
/tmp/55136418/lattices
floatX=float32,device=cuda0,base_compiledir=/tmp/theano,exception_verbosity=high,openmp=False
/scratch/work/groszt1/envs/theanoLM/lib/python3.7/site-packages/theano/gpuarray/dnn.py:184: UserWarning: Your cuDNN version is more recent than Theano. If you encounter problems, try updating Theano or downgrading cuDNN to a version >= v5 and <= v7.
  warnings.warn("Your cuDNN version is more recent than "
Using cuDNN version 7600 on context None
Mapped name None to device cuda0: Tesla V100-PCIE-32GB (0000:18:00.0)
TheanoLM 1.3.2
Theano 1.0.4
pygpu 0.7.6
==
+ srun --gres=gpu:1 theanolm decode /scratch/work/moisioa3/conv_lm/experiments/morph/D=0.001-D2=0.002-cutoffs001-n=5/nnlm.h5 --lattice-list /tmp/55136418/lattices/lattice-list --output-file /scratch/work/moisioa3/conv_lm/experiments/morph/D=0.001-D2=0.002-cutoffs001-n=5/decode/devel/lambda=0.5-lms=11/59.trn --output trn --nnlm-weight 0.5 --lm-scale 11 --max-tokens-per-node 62 --beam 650 --recombination-order 22 --num-jobs 128 --job 59 --unk-penalty=-20
2020-08-21 12:45:04,168 get_default_device: Context None device="Tesla V100-PCIE-32GB" ID="0000:18:00.0"
2020-08-21 12:45:04,169 from_file: Reading vocabulary from network state.
2020-08-21 12:45:04,396 from_file: Number of words in vocabulary: 42699
2020-08-21 12:45:04,396 from_file: Number of words in shortlist: 42699
2020-08-21 12:45:04,396 from_file: Number of word classes: 42699
2020-08-21 12:45:04,396 from_file: Building neural network.
2020-08-21 12:45:33,293 from_file: Restoring neural network state.
2020-08-21 12:45:33,667 decode: Building word lattice decoder.
2020-08-21 12:45:37,714 __iter__: Reading lattice file `/tmp/55136418/lattices/dspm001_dsp2013_20.lat.gz´.
2020-08-21 12:45:38,561 decode: Utterance `dspm001_dsp2013_20´ -- 1 of job 59
2020-08-21 12:46:10,526 __iter__: Reading lattice file `/tmp/55136418/lattices/dspm011_dsp2013_20.lat.gz´.
2020-08-21 12:46:10,544 decode: Utterance `dspm011_dsp2013_20´ -- 2 of job 59
2020-08-21 12:46:10,977 __iter__: Reading lattice file `/tmp/55136418/lattices/dspm021_dsp2013_17.lat.gz´.
2020-08-21 12:46:11,057 decode: Utterance `dspm021_dsp2013_17´ -- 3 of job 59
2020-08-21 12:46:14,296 __iter__: Reading lattice file `/tmp/55136418/lattices/dspm031_dsp2013_06.lat.gz´.
2020-08-21 12:46:14,417 decode: Utterance `dspm031_dsp2013_06´ -- 4 of job 59
2020-08-21 12:46:16,715 __iter__: Reading lattice file `/tmp/55136418/lattices/dspm040_dsp2013_01.lat.gz´.
2020-08-21 12:46:17,542 decode: Utterance `dspm040_dsp2013_01´ -- 5 of job 59
2020-08-21 12:46:45,248 __iter__: Reading lattice file `/tmp/55136418/lattices/dspm049_dsp2013_03.lat.gz´.
2020-08-21 12:46:46,152 decode: Utterance `dspm049_dsp2013_03´ -- 6 of job 59
2020-08-21 12:47:11,910 __iter__: Reading lattice file `/tmp/55136418/lattices/dspm057_dsp2013_08.lat.gz´.
2020-08-21 12:47:18,088 decode: Utterance `dspm057_dsp2013_08´ -- 7 of job 59
2020-08-21 12:52:10,867 __iter__: Reading lattice file `/tmp/55136418/lattices/radioshaka_kbk20120915_15.lat.gz´.
2020-08-21 12:52:11,784 decode: Utterance `radioshaka_kbk20120915_15´ -- 8 of job 59
/scratch/work/groszt1/envs/theanoLM/lib/python3.7/site-packages/theano/gpuarray/dnn.py:184: UserWarning: Your cuDNN version is more recent than Theano. If you encounter problems, try updating Theano or downgrading cuDNN to a version >= v5 and <= v7.
  warnings.warn("Your cuDNN version is more recent than "
Using cuDNN version 7600 on context None
Mapped name None to device cuda0: Tesla V100-PCIE-32GB (0000:18:00.0)
/scratch/work/groszt1/envs/theanoLM/lib/python3.7/site-packages/h5py-2.9.0-py3.7-linux-x86_64.egg/h5py/_hl/dataset.py:313: H5pyDeprecationWarning: dataset.value has been deprecated. Use dataset[()] instead.
  "Use dataset[()] instead.", H5pyDeprecationWarning)
/scratch/work/groszt1/envs/theanoLM/lib/python3.7/site-packages/h5py-2.9.0-py3.7-linux-x86_64.egg/h5py/_hl/dataset.py:313: H5pyDeprecationWarning: dataset.value has been deprecated. Use dataset[()] instead.
  "Use dataset[()] instead.", H5pyDeprecationWarning)
decode_theanolm finished.
/tmp/55136418/lattices
floatX=float32,device=cuda0,base_compiledir=/tmp/theano,exception_verbosity=high,openmp=False
/scratch/work/groszt1/envs/theanoLM/lib/python3.7/site-packages/theano/gpuarray/dnn.py:184: UserWarning: Your cuDNN version is more recent than Theano. If you encounter problems, try updating Theano or downgrading cuDNN to a version >= v5 and <= v7.
  warnings.warn("Your cuDNN version is more recent than "
Using cuDNN version 7600 on context None
Mapped name None to device cuda0: Tesla V100-PCIE-32GB (0000:18:00.0)
TheanoLM 1.3.2
Theano 1.0.4
pygpu 0.7.6
==
+ srun --gres=gpu:1 theanolm decode /scratch/work/moisioa3/conv_lm/experiments/morph/D=0.001-D2=0.002-cutoffs001-n=5/nnlm.h5 --lattice-list /tmp/55136418/lattices/lattice-list --output-file /scratch/work/moisioa3/conv_lm/experiments/morph/D=0.001-D2=0.002-cutoffs001-n=5/decode/devel/lambda=1.0-lms=9/59.trn --output trn --nnlm-weight 1.0 --lm-scale 9 --max-tokens-per-node 62 --beam 650 --recombination-order 22 --num-jobs 128 --job 59 --unk-penalty=-20
2020-08-21 12:53:00,750 get_default_device: Context None device="Tesla V100-PCIE-32GB" ID="0000:18:00.0"
2020-08-21 12:53:00,751 from_file: Reading vocabulary from network state.
2020-08-21 12:53:00,977 from_file: Number of words in vocabulary: 42699
2020-08-21 12:53:00,977 from_file: Number of words in shortlist: 42699
2020-08-21 12:53:00,978 from_file: Number of word classes: 42699
2020-08-21 12:53:00,978 from_file: Building neural network.
2020-08-21 12:53:29,725 from_file: Restoring neural network state.
2020-08-21 12:53:30,361 decode: Building word lattice decoder.
2020-08-21 12:53:34,388 __iter__: Reading lattice file `/tmp/55136418/lattices/dspm001_dsp2013_20.lat.gz´.
2020-08-21 12:53:35,237 decode: Utterance `dspm001_dsp2013_20´ -- 1 of job 59
2020-08-21 12:54:01,581 __iter__: Reading lattice file `/tmp/55136418/lattices/dspm011_dsp2013_20.lat.gz´.
2020-08-21 12:54:01,599 decode: Utterance `dspm011_dsp2013_20´ -- 2 of job 59
2020-08-21 12:54:02,015 __iter__: Reading lattice file `/tmp/55136418/lattices/dspm021_dsp2013_17.lat.gz´.
2020-08-21 12:54:02,095 decode: Utterance `dspm021_dsp2013_17´ -- 3 of job 59
2020-08-21 12:54:04,779 __iter__: Reading lattice file `/tmp/55136418/lattices/dspm031_dsp2013_06.lat.gz´.
2020-08-21 12:54:04,900 decode: Utterance `dspm031_dsp2013_06´ -- 4 of job 59
2020-08-21 12:54:07,181 __iter__: Reading lattice file `/tmp/55136418/lattices/dspm040_dsp2013_01.lat.gz´.
2020-08-21 12:54:08,012 decode: Utterance `dspm040_dsp2013_01´ -- 5 of job 59
2020-08-21 12:54:32,370 __iter__: Reading lattice file `/tmp/55136418/lattices/dspm049_dsp2013_03.lat.gz´.
2020-08-21 12:54:33,187 decode: Utterance `dspm049_dsp2013_03´ -- 6 of job 59
2020-08-21 12:54:52,847 __iter__: Reading lattice file `/tmp/55136418/lattices/dspm057_dsp2013_08.lat.gz´.
2020-08-21 12:54:59,094 decode: Utterance `dspm057_dsp2013_08´ -- 7 of job 59
2020-08-21 12:58:54,255 __iter__: Reading lattice file `/tmp/55136418/lattices/radioshaka_kbk20120915_15.lat.gz´.
2020-08-21 12:58:55,162 decode: Utterance `radioshaka_kbk20120915_15´ -- 8 of job 59
/scratch/work/groszt1/envs/theanoLM/lib/python3.7/site-packages/theano/gpuarray/dnn.py:184: UserWarning: Your cuDNN version is more recent than Theano. If you encounter problems, try updating Theano or downgrading cuDNN to a version >= v5 and <= v7.
  warnings.warn("Your cuDNN version is more recent than "
Using cuDNN version 7600 on context None
Mapped name None to device cuda0: Tesla V100-PCIE-32GB (0000:18:00.0)
/scratch/work/groszt1/envs/theanoLM/lib/python3.7/site-packages/h5py-2.9.0-py3.7-linux-x86_64.egg/h5py/_hl/dataset.py:313: H5pyDeprecationWarning: dataset.value has been deprecated. Use dataset[()] instead.
  "Use dataset[()] instead.", H5pyDeprecationWarning)
/scratch/work/groszt1/envs/theanoLM/lib/python3.7/site-packages/h5py-2.9.0-py3.7-linux-x86_64.egg/h5py/_hl/dataset.py:313: H5pyDeprecationWarning: dataset.value has been deprecated. Use dataset[()] instead.
  "Use dataset[()] instead.", H5pyDeprecationWarning)
decode_theanolm finished.
/tmp/55136418/lattices
floatX=float32,device=cuda0,base_compiledir=/tmp/theano,exception_verbosity=high,openmp=False
/scratch/work/groszt1/envs/theanoLM/lib/python3.7/site-packages/theano/gpuarray/dnn.py:184: UserWarning: Your cuDNN version is more recent than Theano. If you encounter problems, try updating Theano or downgrading cuDNN to a version >= v5 and <= v7.
  warnings.warn("Your cuDNN version is more recent than "
Using cuDNN version 7600 on context None
Mapped name None to device cuda0: Tesla V100-PCIE-32GB (0000:18:00.0)
TheanoLM 1.3.2
Theano 1.0.4
pygpu 0.7.6
==
+ srun --gres=gpu:1 theanolm decode /scratch/work/moisioa3/conv_lm/experiments/morph/D=0.001-D2=0.002-cutoffs001-n=5/nnlm.h5 --lattice-list /tmp/55136418/lattices/lattice-list --output-file /scratch/work/moisioa3/conv_lm/experiments/morph/D=0.001-D2=0.002-cutoffs001-n=5/decode/devel/lambda=1.0-lms=10/59.trn --output trn --nnlm-weight 1.0 --lm-scale 10 --max-tokens-per-node 62 --beam 650 --recombination-order 22 --num-jobs 128 --job 59 --unk-penalty=-20
2020-08-21 12:59:34,094 get_default_device: Context None device="Tesla V100-PCIE-32GB" ID="0000:18:00.0"
2020-08-21 12:59:34,095 from_file: Reading vocabulary from network state.
2020-08-21 12:59:34,316 from_file: Number of words in vocabulary: 42699
2020-08-21 12:59:34,316 from_file: Number of words in shortlist: 42699
2020-08-21 12:59:34,316 from_file: Number of word classes: 42699
2020-08-21 12:59:34,316 from_file: Building neural network.
2020-08-21 13:00:02,995 from_file: Restoring neural network state.
2020-08-21 13:00:03,386 decode: Building word lattice decoder.
2020-08-21 13:00:07,418 __iter__: Reading lattice file `/tmp/55136418/lattices/dspm001_dsp2013_20.lat.gz´.
2020-08-21 13:00:08,235 decode: Utterance `dspm001_dsp2013_20´ -- 1 of job 59
2020-08-21 13:00:34,325 __iter__: Reading lattice file `/tmp/55136418/lattices/dspm011_dsp2013_20.lat.gz´.
2020-08-21 13:00:34,342 decode: Utterance `dspm011_dsp2013_20´ -- 2 of job 59
2020-08-21 13:00:34,757 __iter__: Reading lattice file `/tmp/55136418/lattices/dspm021_dsp2013_17.lat.gz´.
2020-08-21 13:00:34,836 decode: Utterance `dspm021_dsp2013_17´ -- 3 of job 59
2020-08-21 13:00:37,504 __iter__: Reading lattice file `/tmp/55136418/lattices/dspm031_dsp2013_06.lat.gz´.
2020-08-21 13:00:37,625 decode: Utterance `dspm031_dsp2013_06´ -- 4 of job 59
2020-08-21 13:00:39,900 __iter__: Reading lattice file `/tmp/55136418/lattices/dspm040_dsp2013_01.lat.gz´.
2020-08-21 13:00:40,712 decode: Utterance `dspm040_dsp2013_01´ -- 5 of job 59
2020-08-21 13:01:04,980 __iter__: Reading lattice file `/tmp/55136418/lattices/dspm049_dsp2013_03.lat.gz´.
2020-08-21 13:01:05,780 decode: Utterance `dspm049_dsp2013_03´ -- 6 of job 59
2020-08-21 13:01:25,378 __iter__: Reading lattice file `/tmp/55136418/lattices/dspm057_dsp2013_08.lat.gz´.
2020-08-21 13:01:31,488 decode: Utterance `dspm057_dsp2013_08´ -- 7 of job 59
2020-08-21 13:05:27,617 __iter__: Reading lattice file `/tmp/55136418/lattices/radioshaka_kbk20120915_15.lat.gz´.
2020-08-21 13:05:28,505 decode: Utterance `radioshaka_kbk20120915_15´ -- 8 of job 59
/scratch/work/groszt1/envs/theanoLM/lib/python3.7/site-packages/theano/gpuarray/dnn.py:184: UserWarning: Your cuDNN version is more recent than Theano. If you encounter problems, try updating Theano or downgrading cuDNN to a version >= v5 and <= v7.
  warnings.warn("Your cuDNN version is more recent than "
Using cuDNN version 7600 on context None
Mapped name None to device cuda0: Tesla V100-PCIE-32GB (0000:18:00.0)
/scratch/work/groszt1/envs/theanoLM/lib/python3.7/site-packages/h5py-2.9.0-py3.7-linux-x86_64.egg/h5py/_hl/dataset.py:313: H5pyDeprecationWarning: dataset.value has been deprecated. Use dataset[()] instead.
  "Use dataset[()] instead.", H5pyDeprecationWarning)
/scratch/work/groszt1/envs/theanoLM/lib/python3.7/site-packages/h5py-2.9.0-py3.7-linux-x86_64.egg/h5py/_hl/dataset.py:313: H5pyDeprecationWarning: dataset.value has been deprecated. Use dataset[()] instead.
  "Use dataset[()] instead.", H5pyDeprecationWarning)
decode_theanolm finished.
/tmp/55136418/lattices
floatX=float32,device=cuda0,base_compiledir=/tmp/theano,exception_verbosity=high,openmp=False
/scratch/work/groszt1/envs/theanoLM/lib/python3.7/site-packages/theano/gpuarray/dnn.py:184: UserWarning: Your cuDNN version is more recent than Theano. If you encounter problems, try updating Theano or downgrading cuDNN to a version >= v5 and <= v7.
  warnings.warn("Your cuDNN version is more recent than "
Using cuDNN version 7600 on context None
Mapped name None to device cuda0: Tesla V100-PCIE-32GB (0000:18:00.0)
TheanoLM 1.3.2
Theano 1.0.4
pygpu 0.7.6
==
+ srun --gres=gpu:1 theanolm decode /scratch/work/moisioa3/conv_lm/experiments/morph/D=0.001-D2=0.002-cutoffs001-n=5/nnlm.h5 --lattice-list /tmp/55136418/lattices/lattice-list --output-file /scratch/work/moisioa3/conv_lm/experiments/morph/D=0.001-D2=0.002-cutoffs001-n=5/decode/devel/lambda=1.0-lms=11/59.trn --output trn --nnlm-weight 1.0 --lm-scale 11 --max-tokens-per-node 62 --beam 650 --recombination-order 22 --num-jobs 128 --job 59 --unk-penalty=-20
2020-08-21 13:06:07,492 get_default_device: Context None device="Tesla V100-PCIE-32GB" ID="0000:18:00.0"
2020-08-21 13:06:07,494 from_file: Reading vocabulary from network state.
2020-08-21 13:06:07,720 from_file: Number of words in vocabulary: 42699
2020-08-21 13:06:07,720 from_file: Number of words in shortlist: 42699
2020-08-21 13:06:07,720 from_file: Number of word classes: 42699
2020-08-21 13:06:07,720 from_file: Building neural network.
2020-08-21 13:06:36,467 from_file: Restoring neural network state.
2020-08-21 13:06:36,859 decode: Building word lattice decoder.
2020-08-21 13:06:41,016 __iter__: Reading lattice file `/tmp/55136418/lattices/dspm001_dsp2013_20.lat.gz´.
2020-08-21 13:06:41,823 decode: Utterance `dspm001_dsp2013_20´ -- 1 of job 59
2020-08-21 13:07:08,150 __iter__: Reading lattice file `/tmp/55136418/lattices/dspm011_dsp2013_20.lat.gz´.
2020-08-21 13:07:08,167 decode: Utterance `dspm011_dsp2013_20´ -- 2 of job 59
2020-08-21 13:07:08,589 __iter__: Reading lattice file `/tmp/55136418/lattices/dspm021_dsp2013_17.lat.gz´.
2020-08-21 13:07:08,666 decode: Utterance `dspm021_dsp2013_17´ -- 3 of job 59
2020-08-21 13:07:11,359 __iter__: Reading lattice file `/tmp/55136418/lattices/dspm031_dsp2013_06.lat.gz´.
2020-08-21 13:07:11,475 decode: Utterance `dspm031_dsp2013_06´ -- 4 of job 59
2020-08-21 13:07:13,764 __iter__: Reading lattice file `/tmp/55136418/lattices/dspm040_dsp2013_01.lat.gz´.
2020-08-21 13:07:14,561 decode: Utterance `dspm040_dsp2013_01´ -- 5 of job 59
2020-08-21 13:07:38,941 __iter__: Reading lattice file `/tmp/55136418/lattices/dspm049_dsp2013_03.lat.gz´.
2020-08-21 13:07:39,758 decode: Utterance `dspm049_dsp2013_03´ -- 6 of job 59
2020-08-21 13:07:59,432 __iter__: Reading lattice file `/tmp/55136418/lattices/dspm057_dsp2013_08.lat.gz´.
2020-08-21 13:08:05,404 decode: Utterance `dspm057_dsp2013_08´ -- 7 of job 59
2020-08-21 13:12:03,293 __iter__: Reading lattice file `/tmp/55136418/lattices/radioshaka_kbk20120915_15.lat.gz´.
2020-08-21 13:12:04,163 decode: Utterance `radioshaka_kbk20120915_15´ -- 8 of job 59
/scratch/work/groszt1/envs/theanoLM/lib/python3.7/site-packages/theano/gpuarray/dnn.py:184: UserWarning: Your cuDNN version is more recent than Theano. If you encounter problems, try updating Theano or downgrading cuDNN to a version >= v5 and <= v7.
  warnings.warn("Your cuDNN version is more recent than "
Using cuDNN version 7600 on context None
Mapped name None to device cuda0: Tesla V100-PCIE-32GB (0000:18:00.0)
/scratch/work/groszt1/envs/theanoLM/lib/python3.7/site-packages/h5py-2.9.0-py3.7-linux-x86_64.egg/h5py/_hl/dataset.py:313: H5pyDeprecationWarning: dataset.value has been deprecated. Use dataset[()] instead.
  "Use dataset[()] instead.", H5pyDeprecationWarning)
/scratch/work/groszt1/envs/theanoLM/lib/python3.7/site-packages/h5py-2.9.0-py3.7-linux-x86_64.egg/h5py/_hl/dataset.py:313: H5pyDeprecationWarning: dataset.value has been deprecated. Use dataset[()] instead.
  "Use dataset[()] instead.", H5pyDeprecationWarning)
decode_theanolm finished.
decode devel finished.
