Experiment: morph/D=0.001-D2=0.002-cutoffs001-n=5
Job ID: 55136614
Task ID: 105
Host: gpu24.int.triton.aalto.fi
Start date: Fri Aug 21 13:39:10 EEST 2020
Work directory: /scratch/work/moisioa3/conv_lm/experiments/morph/D=0.001-D2=0.002-cutoffs001-n=5
Temporary directory: /tmp/55136614

Currently Loaded Modules:
  1) speech-scripts/2016.05.24-b928230   6) binutils/2.25-GCCcore-5.4.0
  2) srilm/default                       7) GCC/5.4.0-2.25
  3) cuda/10.0.130                       8) libgpuarray/2017.03.29-45c731f
  4) cudnn/7.4.2-cuda                    9) anaconda3/latest
  5) GCCcore/5.4.0

 

/tmp/55136614/lattices
floatX=float32,device=cuda0,base_compiledir=/tmp/theano,exception_verbosity=high,openmp=False
/scratch/work/groszt1/envs/theanoLM/lib/python3.7/site-packages/theano/gpuarray/dnn.py:184: UserWarning: Your cuDNN version is more recent than Theano. If you encounter problems, try updating Theano or downgrading cuDNN to a version >= v5 and <= v7.
  warnings.warn("Your cuDNN version is more recent than "
Using cuDNN version 7600 on context None
Mapped name None to device cuda0: Tesla P100-PCIE-16GB (0000:04:00.0)
TheanoLM 1.3.2
Theano 1.0.4
pygpu 0.7.6
==
+ srun --gres=gpu:1 theanolm decode /scratch/work/moisioa3/conv_lm/experiments/morph/D=0.001-D2=0.002-cutoffs001-n=5/nnlm.h5 --lattice-list /tmp/55136614/lattices/lattice-list --output-file /scratch/work/moisioa3/conv_lm/experiments/morph/D=0.001-D2=0.002-cutoffs001-n=5/decode/devel/lambda=0.5-lms=9/105.trn --output trn --nnlm-weight 0.5 --lm-scale 9 --max-tokens-per-node 62 --beam 650 --recombination-order 22 --num-jobs 128 --job 105 --unk-penalty=-20
2020-08-21 13:39:21,619 get_default_device: Context None device="Tesla P100-PCIE-16GB" ID="0000:04:00.0"
2020-08-21 13:39:21,621 from_file: Reading vocabulary from network state.
2020-08-21 13:39:21,940 from_file: Number of words in vocabulary: 42699
2020-08-21 13:39:21,941 from_file: Number of words in shortlist: 42699
2020-08-21 13:39:21,941 from_file: Number of word classes: 42699
2020-08-21 13:39:21,941 from_file: Building neural network.
2020-08-21 13:40:08,296 from_file: Restoring neural network state.
2020-08-21 13:40:08,635 decode: Building word lattice decoder.
2020-08-21 13:40:13,914 __iter__: Reading lattice file `/tmp/55136614/lattices/dspm006_dsp2013_06.lat.gz´.
2020-08-21 13:40:14,044 decode: Utterance `dspm006_dsp2013_06´ -- 1 of job 105
2020-08-21 13:40:17,557 __iter__: Reading lattice file `/tmp/55136614/lattices/dspm015_dsp2013_20.lat.gz´.
2020-08-21 13:40:17,810 decode: Utterance `dspm015_dsp2013_20´ -- 2 of job 105
2020-08-21 13:40:21,959 __iter__: Reading lattice file `/tmp/55136614/lattices/dspm024_dsp2013_05.lat.gz´.
2020-08-21 13:40:22,126 decode: Utterance `dspm024_dsp2013_05´ -- 3 of job 105
2020-08-21 13:40:25,989 __iter__: Reading lattice file `/tmp/55136614/lattices/dspm033_dsp2013_10.lat.gz´.
2020-08-21 13:40:26,135 decode: Utterance `dspm033_dsp2013_10´ -- 4 of job 105
2020-08-21 13:40:29,963 __iter__: Reading lattice file `/tmp/55136614/lattices/dspm043_dsp2013_09.lat.gz´.
2020-08-21 13:40:29,984 decode: Utterance `dspm043_dsp2013_09´ -- 5 of job 105
2020-08-21 13:40:30,370 __iter__: Reading lattice file `/tmp/55136614/lattices/dspm052_dsp2013_07.lat.gz´.
2020-08-21 13:40:30,434 decode: Utterance `dspm052_dsp2013_07´ -- 6 of job 105
2020-08-21 13:40:31,543 __iter__: Reading lattice file `/tmp/55136614/lattices/radiojake_kbk20120915_104.lat.gz´.
2020-08-21 13:40:32,960 decode: Utterance `radiojake_kbk20120915_104´ -- 7 of job 105
/scratch/work/groszt1/envs/theanoLM/lib/python3.7/site-packages/theano/gpuarray/dnn.py:184: UserWarning: Your cuDNN version is more recent than Theano. If you encounter problems, try updating Theano or downgrading cuDNN to a version >= v5 and <= v7.
  warnings.warn("Your cuDNN version is more recent than "
Using cuDNN version 7600 on context None
Mapped name None to device cuda0: Tesla P100-PCIE-16GB (0000:04:00.0)
/scratch/work/groszt1/envs/theanoLM/lib/python3.7/site-packages/h5py-2.9.0-py3.7-linux-x86_64.egg/h5py/_hl/dataset.py:313: H5pyDeprecationWarning: dataset.value has been deprecated. Use dataset[()] instead.
  "Use dataset[()] instead.", H5pyDeprecationWarning)
/scratch/work/groszt1/envs/theanoLM/lib/python3.7/site-packages/h5py-2.9.0-py3.7-linux-x86_64.egg/h5py/_hl/dataset.py:313: H5pyDeprecationWarning: dataset.value has been deprecated. Use dataset[()] instead.
  "Use dataset[()] instead.", H5pyDeprecationWarning)
decode_theanolm finished.
/tmp/55136614/lattices
floatX=float32,device=cuda0,base_compiledir=/tmp/theano,exception_verbosity=high,openmp=False
/scratch/work/groszt1/envs/theanoLM/lib/python3.7/site-packages/theano/gpuarray/dnn.py:184: UserWarning: Your cuDNN version is more recent than Theano. If you encounter problems, try updating Theano or downgrading cuDNN to a version >= v5 and <= v7.
  warnings.warn("Your cuDNN version is more recent than "
Using cuDNN version 7600 on context None
Mapped name None to device cuda0: Tesla P100-PCIE-16GB (0000:04:00.0)
TheanoLM 1.3.2
Theano 1.0.4
pygpu 0.7.6
==
+ srun --gres=gpu:1 theanolm decode /scratch/work/moisioa3/conv_lm/experiments/morph/D=0.001-D2=0.002-cutoffs001-n=5/nnlm.h5 --lattice-list /tmp/55136614/lattices/lattice-list --output-file /scratch/work/moisioa3/conv_lm/experiments/morph/D=0.001-D2=0.002-cutoffs001-n=5/decode/devel/lambda=0.5-lms=10/105.trn --output trn --nnlm-weight 0.5 --lm-scale 10 --max-tokens-per-node 62 --beam 650 --recombination-order 22 --num-jobs 128 --job 105 --unk-penalty=-20
2020-08-21 13:42:04,888 get_default_device: Context None device="Tesla P100-PCIE-16GB" ID="0000:04:00.0"
2020-08-21 13:42:04,889 from_file: Reading vocabulary from network state.
2020-08-21 13:42:05,198 from_file: Number of words in vocabulary: 42699
2020-08-21 13:42:05,198 from_file: Number of words in shortlist: 42699
2020-08-21 13:42:05,198 from_file: Number of word classes: 42699
2020-08-21 13:42:05,198 from_file: Building neural network.
2020-08-21 13:42:48,383 from_file: Restoring neural network state.
2020-08-21 13:42:48,737 decode: Building word lattice decoder.
2020-08-21 13:42:54,256 __iter__: Reading lattice file `/tmp/55136614/lattices/dspm006_dsp2013_06.lat.gz´.
2020-08-21 13:42:54,388 decode: Utterance `dspm006_dsp2013_06´ -- 1 of job 105
2020-08-21 13:42:57,846 __iter__: Reading lattice file `/tmp/55136614/lattices/dspm015_dsp2013_20.lat.gz´.
2020-08-21 13:42:58,090 decode: Utterance `dspm015_dsp2013_20´ -- 2 of job 105
2020-08-21 13:43:02,316 __iter__: Reading lattice file `/tmp/55136614/lattices/dspm024_dsp2013_05.lat.gz´.
2020-08-21 13:43:02,477 decode: Utterance `dspm024_dsp2013_05´ -- 3 of job 105
2020-08-21 13:43:06,369 __iter__: Reading lattice file `/tmp/55136614/lattices/dspm033_dsp2013_10.lat.gz´.
2020-08-21 13:43:06,512 decode: Utterance `dspm033_dsp2013_10´ -- 4 of job 105
2020-08-21 13:43:10,410 __iter__: Reading lattice file `/tmp/55136614/lattices/dspm043_dsp2013_09.lat.gz´.
2020-08-21 13:43:10,430 decode: Utterance `dspm043_dsp2013_09´ -- 5 of job 105
2020-08-21 13:43:10,825 __iter__: Reading lattice file `/tmp/55136614/lattices/dspm052_dsp2013_07.lat.gz´.
2020-08-21 13:43:10,887 decode: Utterance `dspm052_dsp2013_07´ -- 6 of job 105
2020-08-21 13:43:12,012 __iter__: Reading lattice file `/tmp/55136614/lattices/radiojake_kbk20120915_104.lat.gz´.
2020-08-21 13:43:13,372 decode: Utterance `radiojake_kbk20120915_104´ -- 7 of job 105
/scratch/work/groszt1/envs/theanoLM/lib/python3.7/site-packages/theano/gpuarray/dnn.py:184: UserWarning: Your cuDNN version is more recent than Theano. If you encounter problems, try updating Theano or downgrading cuDNN to a version >= v5 and <= v7.
  warnings.warn("Your cuDNN version is more recent than "
Using cuDNN version 7600 on context None
Mapped name None to device cuda0: Tesla P100-PCIE-16GB (0000:04:00.0)
/scratch/work/groszt1/envs/theanoLM/lib/python3.7/site-packages/h5py-2.9.0-py3.7-linux-x86_64.egg/h5py/_hl/dataset.py:313: H5pyDeprecationWarning: dataset.value has been deprecated. Use dataset[()] instead.
  "Use dataset[()] instead.", H5pyDeprecationWarning)
/scratch/work/groszt1/envs/theanoLM/lib/python3.7/site-packages/h5py-2.9.0-py3.7-linux-x86_64.egg/h5py/_hl/dataset.py:313: H5pyDeprecationWarning: dataset.value has been deprecated. Use dataset[()] instead.
  "Use dataset[()] instead.", H5pyDeprecationWarning)
decode_theanolm finished.
/tmp/55136614/lattices
floatX=float32,device=cuda0,base_compiledir=/tmp/theano,exception_verbosity=high,openmp=False
/scratch/work/groszt1/envs/theanoLM/lib/python3.7/site-packages/theano/gpuarray/dnn.py:184: UserWarning: Your cuDNN version is more recent than Theano. If you encounter problems, try updating Theano or downgrading cuDNN to a version >= v5 and <= v7.
  warnings.warn("Your cuDNN version is more recent than "
Using cuDNN version 7600 on context None
Mapped name None to device cuda0: Tesla P100-PCIE-16GB (0000:04:00.0)
TheanoLM 1.3.2
Theano 1.0.4
pygpu 0.7.6
==
+ srun --gres=gpu:1 theanolm decode /scratch/work/moisioa3/conv_lm/experiments/morph/D=0.001-D2=0.002-cutoffs001-n=5/nnlm.h5 --lattice-list /tmp/55136614/lattices/lattice-list --output-file /scratch/work/moisioa3/conv_lm/experiments/morph/D=0.001-D2=0.002-cutoffs001-n=5/decode/devel/lambda=0.5-lms=11/105.trn --output trn --nnlm-weight 0.5 --lm-scale 11 --max-tokens-per-node 62 --beam 650 --recombination-order 22 --num-jobs 128 --job 105 --unk-penalty=-20
2020-08-21 13:44:40,488 get_default_device: Context None device="Tesla P100-PCIE-16GB" ID="0000:04:00.0"
2020-08-21 13:44:40,489 from_file: Reading vocabulary from network state.
2020-08-21 13:44:40,784 from_file: Number of words in vocabulary: 42699
2020-08-21 13:44:40,784 from_file: Number of words in shortlist: 42699
2020-08-21 13:44:40,784 from_file: Number of word classes: 42699
2020-08-21 13:44:40,784 from_file: Building neural network.
2020-08-21 13:45:25,568 from_file: Restoring neural network state.
2020-08-21 13:45:25,933 decode: Building word lattice decoder.
2020-08-21 13:45:40,001 __iter__: Reading lattice file `/tmp/55136614/lattices/dspm006_dsp2013_06.lat.gz´.
2020-08-21 13:45:40,127 decode: Utterance `dspm006_dsp2013_06´ -- 1 of job 105
2020-08-21 13:45:43,816 __iter__: Reading lattice file `/tmp/55136614/lattices/dspm015_dsp2013_20.lat.gz´.
2020-08-21 13:45:44,059 decode: Utterance `dspm015_dsp2013_20´ -- 2 of job 105
2020-08-21 13:45:48,523 __iter__: Reading lattice file `/tmp/55136614/lattices/dspm024_dsp2013_05.lat.gz´.
2020-08-21 13:45:48,681 decode: Utterance `dspm024_dsp2013_05´ -- 3 of job 105
2020-08-21 13:45:52,671 __iter__: Reading lattice file `/tmp/55136614/lattices/dspm033_dsp2013_10.lat.gz´.
2020-08-21 13:45:52,817 decode: Utterance `dspm033_dsp2013_10´ -- 4 of job 105
2020-08-21 13:45:56,888 __iter__: Reading lattice file `/tmp/55136614/lattices/dspm043_dsp2013_09.lat.gz´.
2020-08-21 13:45:56,909 decode: Utterance `dspm043_dsp2013_09´ -- 5 of job 105
2020-08-21 13:45:57,299 __iter__: Reading lattice file `/tmp/55136614/lattices/dspm052_dsp2013_07.lat.gz´.
2020-08-21 13:45:57,363 decode: Utterance `dspm052_dsp2013_07´ -- 6 of job 105
2020-08-21 13:45:58,518 __iter__: Reading lattice file `/tmp/55136614/lattices/radiojake_kbk20120915_104.lat.gz´.
2020-08-21 13:45:59,911 decode: Utterance `radiojake_kbk20120915_104´ -- 7 of job 105
/scratch/work/groszt1/envs/theanoLM/lib/python3.7/site-packages/theano/gpuarray/dnn.py:184: UserWarning: Your cuDNN version is more recent than Theano. If you encounter problems, try updating Theano or downgrading cuDNN to a version >= v5 and <= v7.
  warnings.warn("Your cuDNN version is more recent than "
Using cuDNN version 7600 on context None
Mapped name None to device cuda0: Tesla P100-PCIE-16GB (0000:04:00.0)
/scratch/work/groszt1/envs/theanoLM/lib/python3.7/site-packages/h5py-2.9.0-py3.7-linux-x86_64.egg/h5py/_hl/dataset.py:313: H5pyDeprecationWarning: dataset.value has been deprecated. Use dataset[()] instead.
  "Use dataset[()] instead.", H5pyDeprecationWarning)
/scratch/work/groszt1/envs/theanoLM/lib/python3.7/site-packages/h5py-2.9.0-py3.7-linux-x86_64.egg/h5py/_hl/dataset.py:313: H5pyDeprecationWarning: dataset.value has been deprecated. Use dataset[()] instead.
  "Use dataset[()] instead.", H5pyDeprecationWarning)
decode_theanolm finished.
/tmp/55136614/lattices
floatX=float32,device=cuda0,base_compiledir=/tmp/theano,exception_verbosity=high,openmp=False
/scratch/work/groszt1/envs/theanoLM/lib/python3.7/site-packages/theano/gpuarray/dnn.py:184: UserWarning: Your cuDNN version is more recent than Theano. If you encounter problems, try updating Theano or downgrading cuDNN to a version >= v5 and <= v7.
  warnings.warn("Your cuDNN version is more recent than "
Using cuDNN version 7600 on context None
Mapped name None to device cuda0: Tesla P100-PCIE-16GB (0000:04:00.0)
TheanoLM 1.3.2
Theano 1.0.4
pygpu 0.7.6
==
+ srun --gres=gpu:1 theanolm decode /scratch/work/moisioa3/conv_lm/experiments/morph/D=0.001-D2=0.002-cutoffs001-n=5/nnlm.h5 --lattice-list /tmp/55136614/lattices/lattice-list --output-file /scratch/work/moisioa3/conv_lm/experiments/morph/D=0.001-D2=0.002-cutoffs001-n=5/decode/devel/lambda=1.0-lms=9/105.trn --output trn --nnlm-weight 1.0 --lm-scale 9 --max-tokens-per-node 62 --beam 650 --recombination-order 22 --num-jobs 128 --job 105 --unk-penalty=-20
2020-08-21 13:47:25,330 get_default_device: Context None device="Tesla P100-PCIE-16GB" ID="0000:04:00.0"
2020-08-21 13:47:25,332 from_file: Reading vocabulary from network state.
2020-08-21 13:47:25,632 from_file: Number of words in vocabulary: 42699
2020-08-21 13:47:25,633 from_file: Number of words in shortlist: 42699
2020-08-21 13:47:25,633 from_file: Number of word classes: 42699
2020-08-21 13:47:25,633 from_file: Building neural network.
2020-08-21 13:48:12,545 from_file: Restoring neural network state.
2020-08-21 13:48:12,912 decode: Building word lattice decoder.
2020-08-21 13:48:18,351 __iter__: Reading lattice file `/tmp/55136614/lattices/dspm006_dsp2013_06.lat.gz´.
2020-08-21 13:48:18,475 decode: Utterance `dspm006_dsp2013_06´ -- 1 of job 105
2020-08-21 13:48:21,327 __iter__: Reading lattice file `/tmp/55136614/lattices/dspm015_dsp2013_20.lat.gz´.
2020-08-21 13:48:21,563 decode: Utterance `dspm015_dsp2013_20´ -- 2 of job 105
2020-08-21 13:48:25,500 __iter__: Reading lattice file `/tmp/55136614/lattices/dspm024_dsp2013_05.lat.gz´.
2020-08-21 13:48:25,661 decode: Utterance `dspm024_dsp2013_05´ -- 3 of job 105
2020-08-21 13:48:29,046 __iter__: Reading lattice file `/tmp/55136614/lattices/dspm033_dsp2013_10.lat.gz´.
2020-08-21 13:48:29,175 decode: Utterance `dspm033_dsp2013_10´ -- 4 of job 105
2020-08-21 13:48:32,424 __iter__: Reading lattice file `/tmp/55136614/lattices/dspm043_dsp2013_09.lat.gz´.
2020-08-21 13:48:32,442 decode: Utterance `dspm043_dsp2013_09´ -- 5 of job 105
2020-08-21 13:48:32,804 __iter__: Reading lattice file `/tmp/55136614/lattices/dspm052_dsp2013_07.lat.gz´.
2020-08-21 13:48:32,859 decode: Utterance `dspm052_dsp2013_07´ -- 6 of job 105
2020-08-21 13:48:33,862 __iter__: Reading lattice file `/tmp/55136614/lattices/radiojake_kbk20120915_104.lat.gz´.
2020-08-21 13:48:35,079 decode: Utterance `radiojake_kbk20120915_104´ -- 7 of job 105
/scratch/work/groszt1/envs/theanoLM/lib/python3.7/site-packages/theano/gpuarray/dnn.py:184: UserWarning: Your cuDNN version is more recent than Theano. If you encounter problems, try updating Theano or downgrading cuDNN to a version >= v5 and <= v7.
  warnings.warn("Your cuDNN version is more recent than "
Using cuDNN version 7600 on context None
Mapped name None to device cuda0: Tesla P100-PCIE-16GB (0000:04:00.0)
/scratch/work/groszt1/envs/theanoLM/lib/python3.7/site-packages/h5py-2.9.0-py3.7-linux-x86_64.egg/h5py/_hl/dataset.py:313: H5pyDeprecationWarning: dataset.value has been deprecated. Use dataset[()] instead.
  "Use dataset[()] instead.", H5pyDeprecationWarning)
/scratch/work/groszt1/envs/theanoLM/lib/python3.7/site-packages/h5py-2.9.0-py3.7-linux-x86_64.egg/h5py/_hl/dataset.py:313: H5pyDeprecationWarning: dataset.value has been deprecated. Use dataset[()] instead.
  "Use dataset[()] instead.", H5pyDeprecationWarning)
decode_theanolm finished.
/tmp/55136614/lattices
floatX=float32,device=cuda0,base_compiledir=/tmp/theano,exception_verbosity=high,openmp=False
INFO (theano.gof.compilelock): Waiting for existing lock by process '17701' (I am process '17876')
INFO (theano.gof.compilelock): To manually release the lock, delete /tmp/theano/compiledir_Linux-3.10-el7.x86_64-x86_64-with-centos-7.8.2003-Core-x86_64-3.7.3-64/lock_dir
/scratch/work/groszt1/envs/theanoLM/lib/python3.7/site-packages/theano/gpuarray/dnn.py:184: UserWarning: Your cuDNN version is more recent than Theano. If you encounter problems, try updating Theano or downgrading cuDNN to a version >= v5 and <= v7.
  warnings.warn("Your cuDNN version is more recent than "
Using cuDNN version 7600 on context None
Mapped name None to device cuda0: Tesla P100-PCIE-16GB (0000:04:00.0)
TheanoLM 1.3.2
Theano 1.0.4
pygpu 0.7.6
==
+ srun --gres=gpu:1 theanolm decode /scratch/work/moisioa3/conv_lm/experiments/morph/D=0.001-D2=0.002-cutoffs001-n=5/nnlm.h5 --lattice-list /tmp/55136614/lattices/lattice-list --output-file /scratch/work/moisioa3/conv_lm/experiments/morph/D=0.001-D2=0.002-cutoffs001-n=5/decode/devel/lambda=1.0-lms=10/105.trn --output trn --nnlm-weight 1.0 --lm-scale 10 --max-tokens-per-node 62 --beam 650 --recombination-order 22 --num-jobs 128 --job 105 --unk-penalty=-20
2020-08-21 13:49:52,688 get_default_device: Context None device="Tesla P100-PCIE-16GB" ID="0000:04:00.0"
2020-08-21 13:49:52,689 from_file: Reading vocabulary from network state.
2020-08-21 13:49:53,015 from_file: Number of words in vocabulary: 42699
2020-08-21 13:49:53,015 from_file: Number of words in shortlist: 42699
2020-08-21 13:49:53,015 from_file: Number of word classes: 42699
2020-08-21 13:49:53,015 from_file: Building neural network.
2020-08-21 13:50:40,393 from_file: Restoring neural network state.
2020-08-21 13:50:40,738 decode: Building word lattice decoder.
2020-08-21 13:50:46,034 __iter__: Reading lattice file `/tmp/55136614/lattices/dspm006_dsp2013_06.lat.gz´.
2020-08-21 13:50:46,164 decode: Utterance `dspm006_dsp2013_06´ -- 1 of job 105
2020-08-21 13:50:48,988 __iter__: Reading lattice file `/tmp/55136614/lattices/dspm015_dsp2013_20.lat.gz´.
2020-08-21 13:50:49,238 decode: Utterance `dspm015_dsp2013_20´ -- 2 of job 105
2020-08-21 13:50:53,248 __iter__: Reading lattice file `/tmp/55136614/lattices/dspm024_dsp2013_05.lat.gz´.
2020-08-21 13:50:53,413 decode: Utterance `dspm024_dsp2013_05´ -- 3 of job 105
2020-08-21 13:50:56,808 __iter__: Reading lattice file `/tmp/55136614/lattices/dspm033_dsp2013_10.lat.gz´.
2020-08-21 13:50:56,948 decode: Utterance `dspm033_dsp2013_10´ -- 4 of job 105
2020-08-21 13:51:00,315 __iter__: Reading lattice file `/tmp/55136614/lattices/dspm043_dsp2013_09.lat.gz´.
2020-08-21 13:51:00,336 decode: Utterance `dspm043_dsp2013_09´ -- 5 of job 105
2020-08-21 13:51:00,717 __iter__: Reading lattice file `/tmp/55136614/lattices/dspm052_dsp2013_07.lat.gz´.
2020-08-21 13:51:00,781 decode: Utterance `dspm052_dsp2013_07´ -- 6 of job 105
2020-08-21 13:51:01,828 __iter__: Reading lattice file `/tmp/55136614/lattices/radiojake_kbk20120915_104.lat.gz´.
2020-08-21 13:51:03,193 decode: Utterance `radiojake_kbk20120915_104´ -- 7 of job 105
/scratch/work/groszt1/envs/theanoLM/lib/python3.7/site-packages/theano/gpuarray/dnn.py:184: UserWarning: Your cuDNN version is more recent than Theano. If you encounter problems, try updating Theano or downgrading cuDNN to a version >= v5 and <= v7.
  warnings.warn("Your cuDNN version is more recent than "
Using cuDNN version 7600 on context None
Mapped name None to device cuda0: Tesla P100-PCIE-16GB (0000:04:00.0)
/scratch/work/groszt1/envs/theanoLM/lib/python3.7/site-packages/h5py-2.9.0-py3.7-linux-x86_64.egg/h5py/_hl/dataset.py:313: H5pyDeprecationWarning: dataset.value has been deprecated. Use dataset[()] instead.
  "Use dataset[()] instead.", H5pyDeprecationWarning)
/scratch/work/groszt1/envs/theanoLM/lib/python3.7/site-packages/h5py-2.9.0-py3.7-linux-x86_64.egg/h5py/_hl/dataset.py:313: H5pyDeprecationWarning: dataset.value has been deprecated. Use dataset[()] instead.
  "Use dataset[()] instead.", H5pyDeprecationWarning)
decode_theanolm finished.
/tmp/55136614/lattices
floatX=float32,device=cuda0,base_compiledir=/tmp/theano,exception_verbosity=high,openmp=False
/scratch/work/groszt1/envs/theanoLM/lib/python3.7/site-packages/theano/gpuarray/dnn.py:184: UserWarning: Your cuDNN version is more recent than Theano. If you encounter problems, try updating Theano or downgrading cuDNN to a version >= v5 and <= v7.
  warnings.warn("Your cuDNN version is more recent than "
Using cuDNN version 7600 on context None
Mapped name None to device cuda0: Tesla P100-PCIE-16GB (0000:04:00.0)
TheanoLM 1.3.2
Theano 1.0.4
pygpu 0.7.6
==
+ srun --gres=gpu:1 theanolm decode /scratch/work/moisioa3/conv_lm/experiments/morph/D=0.001-D2=0.002-cutoffs001-n=5/nnlm.h5 --lattice-list /tmp/55136614/lattices/lattice-list --output-file /scratch/work/moisioa3/conv_lm/experiments/morph/D=0.001-D2=0.002-cutoffs001-n=5/decode/devel/lambda=1.0-lms=11/105.trn --output trn --nnlm-weight 1.0 --lm-scale 11 --max-tokens-per-node 62 --beam 650 --recombination-order 22 --num-jobs 128 --job 105 --unk-penalty=-20
2020-08-21 13:52:00,643 get_default_device: Context None device="Tesla P100-PCIE-16GB" ID="0000:04:00.0"
2020-08-21 13:52:00,645 from_file: Reading vocabulary from network state.
2020-08-21 13:52:00,960 from_file: Number of words in vocabulary: 42699
2020-08-21 13:52:00,961 from_file: Number of words in shortlist: 42699
2020-08-21 13:52:00,961 from_file: Number of word classes: 42699
2020-08-21 13:52:00,961 from_file: Building neural network.
2020-08-21 13:52:51,099 from_file: Restoring neural network state.
2020-08-21 13:52:51,445 decode: Building word lattice decoder.
2020-08-21 13:52:56,844 __iter__: Reading lattice file `/tmp/55136614/lattices/dspm006_dsp2013_06.lat.gz´.
2020-08-21 13:52:56,965 decode: Utterance `dspm006_dsp2013_06´ -- 1 of job 105
2020-08-21 13:52:59,713 __iter__: Reading lattice file `/tmp/55136614/lattices/dspm015_dsp2013_20.lat.gz´.
2020-08-21 13:52:59,938 decode: Utterance `dspm015_dsp2013_20´ -- 2 of job 105
2020-08-21 13:53:03,843 __iter__: Reading lattice file `/tmp/55136614/lattices/dspm024_dsp2013_05.lat.gz´.
2020-08-21 13:53:03,990 decode: Utterance `dspm024_dsp2013_05´ -- 3 of job 105
2020-08-21 13:53:07,337 __iter__: Reading lattice file `/tmp/55136614/lattices/dspm033_dsp2013_10.lat.gz´.
2020-08-21 13:53:07,479 decode: Utterance `dspm033_dsp2013_10´ -- 4 of job 105
2020-08-21 13:53:10,848 __iter__: Reading lattice file `/tmp/55136614/lattices/dspm043_dsp2013_09.lat.gz´.
2020-08-21 13:53:10,867 decode: Utterance `dspm043_dsp2013_09´ -- 5 of job 105
2020-08-21 13:53:11,239 __iter__: Reading lattice file `/tmp/55136614/lattices/dspm052_dsp2013_07.lat.gz´.
2020-08-21 13:53:11,298 decode: Utterance `dspm052_dsp2013_07´ -- 6 of job 105
2020-08-21 13:53:12,353 __iter__: Reading lattice file `/tmp/55136614/lattices/radiojake_kbk20120915_104.lat.gz´.
2020-08-21 13:53:13,683 decode: Utterance `radiojake_kbk20120915_104´ -- 7 of job 105
/scratch/work/groszt1/envs/theanoLM/lib/python3.7/site-packages/theano/gpuarray/dnn.py:184: UserWarning: Your cuDNN version is more recent than Theano. If you encounter problems, try updating Theano or downgrading cuDNN to a version >= v5 and <= v7.
  warnings.warn("Your cuDNN version is more recent than "
Using cuDNN version 7600 on context None
Mapped name None to device cuda0: Tesla P100-PCIE-16GB (0000:04:00.0)
/scratch/work/groszt1/envs/theanoLM/lib/python3.7/site-packages/h5py-2.9.0-py3.7-linux-x86_64.egg/h5py/_hl/dataset.py:313: H5pyDeprecationWarning: dataset.value has been deprecated. Use dataset[()] instead.
  "Use dataset[()] instead.", H5pyDeprecationWarning)
/scratch/work/groszt1/envs/theanoLM/lib/python3.7/site-packages/h5py-2.9.0-py3.7-linux-x86_64.egg/h5py/_hl/dataset.py:313: H5pyDeprecationWarning: dataset.value has been deprecated. Use dataset[()] instead.
  "Use dataset[()] instead.", H5pyDeprecationWarning)
decode_theanolm finished.
decode devel finished.
