Experiment: morph/D=0.001-D2=0.002-cutoffs001-n=5
Job ID: 55136915
Task ID: 0
Host: gpu21.int.triton.aalto.fi
Start date: Fri Aug 21 15:32:00 EEST 2020
Work directory: /scratch/work/moisioa3/conv_lm/experiments/morph/D=0.001-D2=0.002-cutoffs001-n=5
Temporary directory: /tmp/55136915

Currently Loaded Modules:
  1) speech-scripts/2016.05.24-b928230   6) binutils/2.25-GCCcore-5.4.0
  2) srilm/default                       7) GCC/5.4.0-2.25
  3) cuda/10.0.130                       8) libgpuarray/2017.03.29-45c731f
  4) cudnn/7.4.2-cuda                    9) anaconda3/latest
  5) GCCcore/5.4.0

 

/tmp/55136915/lattices
floatX=float32,device=cuda0,base_compiledir=/tmp/theano,exception_verbosity=high,openmp=False
/scratch/work/groszt1/envs/theanoLM/lib/python3.7/site-packages/theano/gpuarray/dnn.py:184: UserWarning: Your cuDNN version is more recent than Theano. If you encounter problems, try updating Theano or downgrading cuDNN to a version >= v5 and <= v7.
  warnings.warn("Your cuDNN version is more recent than "
Using cuDNN version 7600 on context None
Mapped name None to device cuda0: Tesla K80 (0000:85:00.0)
TheanoLM 1.3.2
Theano 1.0.4
pygpu 0.7.6
==
+ srun --gres=gpu:1 theanolm decode /scratch/work/moisioa3/conv_lm/experiments/morph/D=0.001-D2=0.002-cutoffs001-n=5/nnlm.h5 --lattice-list /tmp/55136915/lattices/lattice-list --output-file /scratch/work/moisioa3/conv_lm/experiments/morph/D=0.001-D2=0.002-cutoffs001-n=5/decode/eval/lambda=0.5-lms=9/0.trn --output trn --nnlm-weight 0.5 --lm-scale 9 --max-tokens-per-node 62 --beam 650 --recombination-order 22 --num-jobs 128 --job 0 --unk-penalty=-20
2020-08-21 15:32:17,075 get_default_device: Context None device="Tesla K80" ID="0000:85:00.0"
2020-08-21 15:32:17,076 from_file: Reading vocabulary from network state.
2020-08-21 15:32:17,316 from_file: Number of words in vocabulary: 42699
2020-08-21 15:32:17,316 from_file: Number of words in shortlist: 42699
2020-08-21 15:32:17,316 from_file: Number of word classes: 42699
2020-08-21 15:32:17,316 from_file: Building neural network.
2020-08-21 15:33:00,567 from_file: Restoring neural network state.
2020-08-21 15:33:01,233 decode: Building word lattice decoder.
2020-08-21 15:33:25,290 __iter__: Reading lattice file `/tmp/55136915/lattices/dspf001_dsp2013_01.lat.gz´.
2020-08-21 15:33:25,449 decode: Utterance `dspf001_dsp2013_01´ -- 1 of job 0
2020-08-21 15:33:39,073 __iter__: Reading lattice file `/tmp/55136915/lattices/dspm030_dsp2013_1720.lat.gz´.
2020-08-21 15:33:40,051 decode: Utterance `dspm030_dsp2013_1720´ -- 2 of job 0
2020-08-21 15:34:30,216 __iter__: Reading lattice file `/tmp/55136915/lattices/radioerkka_puhujainkulma20120930_37.lat.gz´.
2020-08-21 15:34:30,220 decode: Utterance `radioerkka_puhujainkulma20120930_37´ -- 3 of job 0
2020-08-21 15:34:30,352 __iter__: Reading lattice file `/tmp/55136915/lattices/radiokatupaimen_aamushow20120720_81.lat.gz´.
2020-08-21 15:34:31,299 decode: Utterance `radiokatupaimen_aamushow20120720_81´ -- 4 of job 0
2020-08-21 15:35:43,332 __iter__: Reading lattice file `/tmp/55136915/lattices/radioruudolf_aamushow20120720_24.lat.gz´.
2020-08-21 15:35:43,471 decode: Utterance `radioruudolf_aamushow20120720_24´ -- 5 of job 0
/scratch/work/groszt1/envs/theanoLM/lib/python3.7/site-packages/theano/gpuarray/dnn.py:184: UserWarning: Your cuDNN version is more recent than Theano. If you encounter problems, try updating Theano or downgrading cuDNN to a version >= v5 and <= v7.
  warnings.warn("Your cuDNN version is more recent than "
Using cuDNN version 7600 on context None
Mapped name None to device cuda0: Tesla K80 (0000:85:00.0)
/scratch/work/groszt1/envs/theanoLM/lib/python3.7/site-packages/h5py-2.9.0-py3.7-linux-x86_64.egg/h5py/_hl/dataset.py:313: H5pyDeprecationWarning: dataset.value has been deprecated. Use dataset[()] instead.
  "Use dataset[()] instead.", H5pyDeprecationWarning)
/scratch/work/groszt1/envs/theanoLM/lib/python3.7/site-packages/h5py-2.9.0-py3.7-linux-x86_64.egg/h5py/_hl/dataset.py:313: H5pyDeprecationWarning: dataset.value has been deprecated. Use dataset[()] instead.
  "Use dataset[()] instead.", H5pyDeprecationWarning)
decode_theanolm finished.
/tmp/55136915/lattices
floatX=float32,device=cuda0,base_compiledir=/tmp/theano,exception_verbosity=high,openmp=False
/scratch/work/groszt1/envs/theanoLM/lib/python3.7/site-packages/theano/gpuarray/dnn.py:184: UserWarning: Your cuDNN version is more recent than Theano. If you encounter problems, try updating Theano or downgrading cuDNN to a version >= v5 and <= v7.
  warnings.warn("Your cuDNN version is more recent than "
Using cuDNN version 7600 on context None
Mapped name None to device cuda0: Tesla K80 (0000:85:00.0)
TheanoLM 1.3.2
Theano 1.0.4
pygpu 0.7.6
==
+ srun --gres=gpu:1 theanolm decode /scratch/work/moisioa3/conv_lm/experiments/morph/D=0.001-D2=0.002-cutoffs001-n=5/nnlm.h5 --lattice-list /tmp/55136915/lattices/lattice-list --output-file /scratch/work/moisioa3/conv_lm/experiments/morph/D=0.001-D2=0.002-cutoffs001-n=5/decode/eval/lambda=0.5-lms=10/0.trn --output trn --nnlm-weight 0.5 --lm-scale 10 --max-tokens-per-node 62 --beam 650 --recombination-order 22 --num-jobs 128 --job 0 --unk-penalty=-20
2020-08-21 15:35:58,729 get_default_device: Context None device="Tesla K80" ID="0000:85:00.0"
2020-08-21 15:35:58,730 from_file: Reading vocabulary from network state.
2020-08-21 15:35:58,986 from_file: Number of words in vocabulary: 42699
2020-08-21 15:35:58,987 from_file: Number of words in shortlist: 42699
2020-08-21 15:35:58,987 from_file: Number of word classes: 42699
2020-08-21 15:35:58,987 from_file: Building neural network.
2020-08-21 15:36:38,972 from_file: Restoring neural network state.
2020-08-21 15:36:39,362 decode: Building word lattice decoder.
2020-08-21 15:36:44,811 __iter__: Reading lattice file `/tmp/55136915/lattices/dspf001_dsp2013_01.lat.gz´.
2020-08-21 15:36:44,976 decode: Utterance `dspf001_dsp2013_01´ -- 1 of job 0
2020-08-21 15:36:59,062 __iter__: Reading lattice file `/tmp/55136915/lattices/dspm030_dsp2013_1720.lat.gz´.
2020-08-21 15:37:00,027 decode: Utterance `dspm030_dsp2013_1720´ -- 2 of job 0
2020-08-21 15:37:50,884 __iter__: Reading lattice file `/tmp/55136915/lattices/radioerkka_puhujainkulma20120930_37.lat.gz´.
2020-08-21 15:37:50,888 decode: Utterance `radioerkka_puhujainkulma20120930_37´ -- 3 of job 0
2020-08-21 15:37:51,020 __iter__: Reading lattice file `/tmp/55136915/lattices/radiokatupaimen_aamushow20120720_81.lat.gz´.
2020-08-21 15:37:51,873 decode: Utterance `radiokatupaimen_aamushow20120720_81´ -- 4 of job 0
2020-08-21 15:39:05,546 __iter__: Reading lattice file `/tmp/55136915/lattices/radioruudolf_aamushow20120720_24.lat.gz´.
2020-08-21 15:39:05,695 decode: Utterance `radioruudolf_aamushow20120720_24´ -- 5 of job 0
/scratch/work/groszt1/envs/theanoLM/lib/python3.7/site-packages/theano/gpuarray/dnn.py:184: UserWarning: Your cuDNN version is more recent than Theano. If you encounter problems, try updating Theano or downgrading cuDNN to a version >= v5 and <= v7.
  warnings.warn("Your cuDNN version is more recent than "
Using cuDNN version 7600 on context None
Mapped name None to device cuda0: Tesla K80 (0000:85:00.0)
/scratch/work/groszt1/envs/theanoLM/lib/python3.7/site-packages/h5py-2.9.0-py3.7-linux-x86_64.egg/h5py/_hl/dataset.py:313: H5pyDeprecationWarning: dataset.value has been deprecated. Use dataset[()] instead.
  "Use dataset[()] instead.", H5pyDeprecationWarning)
/scratch/work/groszt1/envs/theanoLM/lib/python3.7/site-packages/h5py-2.9.0-py3.7-linux-x86_64.egg/h5py/_hl/dataset.py:313: H5pyDeprecationWarning: dataset.value has been deprecated. Use dataset[()] instead.
  "Use dataset[()] instead.", H5pyDeprecationWarning)
decode_theanolm finished.
/tmp/55136915/lattices
floatX=float32,device=cuda0,base_compiledir=/tmp/theano,exception_verbosity=high,openmp=False
/scratch/work/groszt1/envs/theanoLM/lib/python3.7/site-packages/theano/gpuarray/dnn.py:184: UserWarning: Your cuDNN version is more recent than Theano. If you encounter problems, try updating Theano or downgrading cuDNN to a version >= v5 and <= v7.
  warnings.warn("Your cuDNN version is more recent than "
Using cuDNN version 7600 on context None
Mapped name None to device cuda0: Tesla K80 (0000:85:00.0)
TheanoLM 1.3.2
Theano 1.0.4
pygpu 0.7.6
==
+ srun --gres=gpu:1 theanolm decode /scratch/work/moisioa3/conv_lm/experiments/morph/D=0.001-D2=0.002-cutoffs001-n=5/nnlm.h5 --lattice-list /tmp/55136915/lattices/lattice-list --output-file /scratch/work/moisioa3/conv_lm/experiments/morph/D=0.001-D2=0.002-cutoffs001-n=5/decode/eval/lambda=0.5-lms=11/0.trn --output trn --nnlm-weight 0.5 --lm-scale 11 --max-tokens-per-node 62 --beam 650 --recombination-order 22 --num-jobs 128 --job 0 --unk-penalty=-20
2020-08-21 15:39:21,430 get_default_device: Context None device="Tesla K80" ID="0000:85:00.0"
2020-08-21 15:39:21,431 from_file: Reading vocabulary from network state.
2020-08-21 15:39:21,688 from_file: Number of words in vocabulary: 42699
2020-08-21 15:39:21,689 from_file: Number of words in shortlist: 42699
2020-08-21 15:39:21,689 from_file: Number of word classes: 42699
2020-08-21 15:39:21,689 from_file: Building neural network.
2020-08-21 15:40:00,541 from_file: Restoring neural network state.
2020-08-21 15:40:00,888 decode: Building word lattice decoder.
2020-08-21 15:40:06,067 __iter__: Reading lattice file `/tmp/55136915/lattices/dspf001_dsp2013_01.lat.gz´.
2020-08-21 15:40:06,230 decode: Utterance `dspf001_dsp2013_01´ -- 1 of job 0
2020-08-21 15:40:19,881 __iter__: Reading lattice file `/tmp/55136915/lattices/dspm030_dsp2013_1720.lat.gz´.
2020-08-21 15:40:20,860 decode: Utterance `dspm030_dsp2013_1720´ -- 2 of job 0
2020-08-21 15:41:13,205 __iter__: Reading lattice file `/tmp/55136915/lattices/radioerkka_puhujainkulma20120930_37.lat.gz´.
2020-08-21 15:41:13,208 decode: Utterance `radioerkka_puhujainkulma20120930_37´ -- 3 of job 0
2020-08-21 15:41:13,336 __iter__: Reading lattice file `/tmp/55136915/lattices/radiokatupaimen_aamushow20120720_81.lat.gz´.
2020-08-21 15:41:14,219 decode: Utterance `radiokatupaimen_aamushow20120720_81´ -- 4 of job 0
2020-08-21 15:42:26,920 __iter__: Reading lattice file `/tmp/55136915/lattices/radioruudolf_aamushow20120720_24.lat.gz´.
2020-08-21 15:42:27,063 decode: Utterance `radioruudolf_aamushow20120720_24´ -- 5 of job 0
/scratch/work/groszt1/envs/theanoLM/lib/python3.7/site-packages/theano/gpuarray/dnn.py:184: UserWarning: Your cuDNN version is more recent than Theano. If you encounter problems, try updating Theano or downgrading cuDNN to a version >= v5 and <= v7.
  warnings.warn("Your cuDNN version is more recent than "
Using cuDNN version 7600 on context None
Mapped name None to device cuda0: Tesla K80 (0000:85:00.0)
/scratch/work/groszt1/envs/theanoLM/lib/python3.7/site-packages/h5py-2.9.0-py3.7-linux-x86_64.egg/h5py/_hl/dataset.py:313: H5pyDeprecationWarning: dataset.value has been deprecated. Use dataset[()] instead.
  "Use dataset[()] instead.", H5pyDeprecationWarning)
/scratch/work/groszt1/envs/theanoLM/lib/python3.7/site-packages/h5py-2.9.0-py3.7-linux-x86_64.egg/h5py/_hl/dataset.py:313: H5pyDeprecationWarning: dataset.value has been deprecated. Use dataset[()] instead.
  "Use dataset[()] instead.", H5pyDeprecationWarning)
decode_theanolm finished.
decode eval finished.
