Experiment: morph/D=0.001-D2=0.002-cutoffs001-n=5
Job ID: 55137012
Task ID: 34
Host: gpu24.int.triton.aalto.fi
Start date: Fri Aug 21 16:21:48 EEST 2020
Work directory: /scratch/work/moisioa3/conv_lm/experiments/morph/D=0.001-D2=0.002-cutoffs001-n=5
Temporary directory: /tmp/55137012

Currently Loaded Modules:
  1) speech-scripts/2016.05.24-b928230   6) binutils/2.25-GCCcore-5.4.0
  2) srilm/default                       7) GCC/5.4.0-2.25
  3) cuda/10.0.130                       8) libgpuarray/2017.03.29-45c731f
  4) cudnn/7.4.2-cuda                    9) anaconda3/latest
  5) GCCcore/5.4.0

 

/tmp/55137012/lattices
floatX=float32,device=cuda0,base_compiledir=/tmp/theano,exception_verbosity=high,openmp=False
/scratch/work/groszt1/envs/theanoLM/lib/python3.7/site-packages/theano/gpuarray/dnn.py:184: UserWarning: Your cuDNN version is more recent than Theano. If you encounter problems, try updating Theano or downgrading cuDNN to a version >= v5 and <= v7.
  warnings.warn("Your cuDNN version is more recent than "
Using cuDNN version 7600 on context None
Mapped name None to device cuda0: Tesla P100-PCIE-16GB (0000:04:00.0)
TheanoLM 1.3.2
Theano 1.0.4
pygpu 0.7.6
==
+ srun --gres=gpu:1 theanolm decode /scratch/work/moisioa3/conv_lm/experiments/morph/D=0.001-D2=0.002-cutoffs001-n=5/nnlm.h5 --lattice-list /tmp/55137012/lattices/lattice-list --output-file /scratch/work/moisioa3/conv_lm/experiments/morph/D=0.001-D2=0.002-cutoffs001-n=5/decode/eval/lambda=0.5-lms=9/34.trn --output trn --nnlm-weight 0.5 --lm-scale 9 --max-tokens-per-node 62 --beam 650 --recombination-order 22 --num-jobs 128 --job 34 --unk-penalty=-20
2020-08-21 16:21:59,143 get_default_device: Context None device="Tesla P100-PCIE-16GB" ID="0000:04:00.0"
2020-08-21 16:21:59,144 from_file: Reading vocabulary from network state.
2020-08-21 16:21:59,436 from_file: Number of words in vocabulary: 42699
2020-08-21 16:21:59,436 from_file: Number of words in shortlist: 42699
2020-08-21 16:21:59,437 from_file: Number of word classes: 42699
2020-08-21 16:21:59,437 from_file: Building neural network.
2020-08-21 16:22:45,646 from_file: Restoring neural network state.
2020-08-21 16:22:45,997 decode: Building word lattice decoder.
2020-08-21 16:22:51,587 __iter__: Reading lattice file `/tmp/55137012/lattices/dspf002_dsp2013_15.lat.gz´.
2020-08-21 16:22:51,890 decode: Utterance `dspf002_dsp2013_15´ -- 1 of job 34
2020-08-21 16:22:58,752 __iter__: Reading lattice file `/tmp/55137012/lattices/dspm038_dsp2013_31.lat.gz´.
2020-08-21 16:22:59,588 decode: Utterance `dspm038_dsp2013_31´ -- 2 of job 34
2020-08-21 16:23:38,566 __iter__: Reading lattice file `/tmp/55137012/lattices/radiohenri_aamushow20100713_32.lat.gz´.
2020-08-21 16:23:38,576 decode: Utterance `radiohenri_aamushow20100713_32´ -- 3 of job 34
2020-08-21 16:23:38,850 __iter__: Reading lattice file `/tmp/55137012/lattices/radioporni_puhujainkulma20120930_126.lat.gz´.
2020-08-21 16:23:38,887 decode: Utterance `radioporni_puhujainkulma20120930_126´ -- 4 of job 34
/scratch/work/groszt1/envs/theanoLM/lib/python3.7/site-packages/theano/gpuarray/dnn.py:184: UserWarning: Your cuDNN version is more recent than Theano. If you encounter problems, try updating Theano or downgrading cuDNN to a version >= v5 and <= v7.
  warnings.warn("Your cuDNN version is more recent than "
Using cuDNN version 7600 on context None
Mapped name None to device cuda0: Tesla P100-PCIE-16GB (0000:04:00.0)
/scratch/work/groszt1/envs/theanoLM/lib/python3.7/site-packages/h5py-2.9.0-py3.7-linux-x86_64.egg/h5py/_hl/dataset.py:313: H5pyDeprecationWarning: dataset.value has been deprecated. Use dataset[()] instead.
  "Use dataset[()] instead.", H5pyDeprecationWarning)
/scratch/work/groszt1/envs/theanoLM/lib/python3.7/site-packages/h5py-2.9.0-py3.7-linux-x86_64.egg/h5py/_hl/dataset.py:313: H5pyDeprecationWarning: dataset.value has been deprecated. Use dataset[()] instead.
  "Use dataset[()] instead.", H5pyDeprecationWarning)
decode_theanolm finished.
/tmp/55137012/lattices
floatX=float32,device=cuda0,base_compiledir=/tmp/theano,exception_verbosity=high,openmp=False
/scratch/work/groszt1/envs/theanoLM/lib/python3.7/site-packages/theano/gpuarray/dnn.py:184: UserWarning: Your cuDNN version is more recent than Theano. If you encounter problems, try updating Theano or downgrading cuDNN to a version >= v5 and <= v7.
  warnings.warn("Your cuDNN version is more recent than "
Using cuDNN version 7600 on context None
Mapped name None to device cuda0: Tesla P100-PCIE-16GB (0000:04:00.0)
TheanoLM 1.3.2
Theano 1.0.4
pygpu 0.7.6
==
+ srun --gres=gpu:1 theanolm decode /scratch/work/moisioa3/conv_lm/experiments/morph/D=0.001-D2=0.002-cutoffs001-n=5/nnlm.h5 --lattice-list /tmp/55137012/lattices/lattice-list --output-file /scratch/work/moisioa3/conv_lm/experiments/morph/D=0.001-D2=0.002-cutoffs001-n=5/decode/eval/lambda=0.5-lms=10/34.trn --output trn --nnlm-weight 0.5 --lm-scale 10 --max-tokens-per-node 62 --beam 650 --recombination-order 22 --num-jobs 128 --job 34 --unk-penalty=-20
2020-08-21 16:23:46,270 get_default_device: Context None device="Tesla P100-PCIE-16GB" ID="0000:04:00.0"
2020-08-21 16:23:46,272 from_file: Reading vocabulary from network state.
2020-08-21 16:23:46,556 from_file: Number of words in vocabulary: 42699
2020-08-21 16:23:46,557 from_file: Number of words in shortlist: 42699
2020-08-21 16:23:46,557 from_file: Number of word classes: 42699
2020-08-21 16:23:46,557 from_file: Building neural network.
2020-08-21 16:24:31,043 from_file: Restoring neural network state.
2020-08-21 16:24:31,394 decode: Building word lattice decoder.
2020-08-21 16:24:36,997 __iter__: Reading lattice file `/tmp/55137012/lattices/dspf002_dsp2013_15.lat.gz´.
2020-08-21 16:24:37,308 decode: Utterance `dspf002_dsp2013_15´ -- 1 of job 34
2020-08-21 16:24:44,288 __iter__: Reading lattice file `/tmp/55137012/lattices/dspm038_dsp2013_31.lat.gz´.
2020-08-21 16:24:45,167 decode: Utterance `dspm038_dsp2013_31´ -- 2 of job 34
2020-08-21 16:25:23,772 __iter__: Reading lattice file `/tmp/55137012/lattices/radiohenri_aamushow20100713_32.lat.gz´.
2020-08-21 16:25:23,783 decode: Utterance `radiohenri_aamushow20100713_32´ -- 3 of job 34
2020-08-21 16:25:24,003 __iter__: Reading lattice file `/tmp/55137012/lattices/radioporni_puhujainkulma20120930_126.lat.gz´.
2020-08-21 16:25:24,041 decode: Utterance `radioporni_puhujainkulma20120930_126´ -- 4 of job 34
/scratch/work/groszt1/envs/theanoLM/lib/python3.7/site-packages/theano/gpuarray/dnn.py:184: UserWarning: Your cuDNN version is more recent than Theano. If you encounter problems, try updating Theano or downgrading cuDNN to a version >= v5 and <= v7.
  warnings.warn("Your cuDNN version is more recent than "
Using cuDNN version 7600 on context None
Mapped name None to device cuda0: Tesla P100-PCIE-16GB (0000:04:00.0)
/scratch/work/groszt1/envs/theanoLM/lib/python3.7/site-packages/h5py-2.9.0-py3.7-linux-x86_64.egg/h5py/_hl/dataset.py:313: H5pyDeprecationWarning: dataset.value has been deprecated. Use dataset[()] instead.
  "Use dataset[()] instead.", H5pyDeprecationWarning)
/scratch/work/groszt1/envs/theanoLM/lib/python3.7/site-packages/h5py-2.9.0-py3.7-linux-x86_64.egg/h5py/_hl/dataset.py:313: H5pyDeprecationWarning: dataset.value has been deprecated. Use dataset[()] instead.
  "Use dataset[()] instead.", H5pyDeprecationWarning)
decode_theanolm finished.
/tmp/55137012/lattices
floatX=float32,device=cuda0,base_compiledir=/tmp/theano,exception_verbosity=high,openmp=False
/scratch/work/groszt1/envs/theanoLM/lib/python3.7/site-packages/theano/gpuarray/dnn.py:184: UserWarning: Your cuDNN version is more recent than Theano. If you encounter problems, try updating Theano or downgrading cuDNN to a version >= v5 and <= v7.
  warnings.warn("Your cuDNN version is more recent than "
Using cuDNN version 7600 on context None
Mapped name None to device cuda0: Tesla P100-PCIE-16GB (0000:04:00.0)
TheanoLM 1.3.2
Theano 1.0.4
pygpu 0.7.6
==
+ srun --gres=gpu:1 theanolm decode /scratch/work/moisioa3/conv_lm/experiments/morph/D=0.001-D2=0.002-cutoffs001-n=5/nnlm.h5 --lattice-list /tmp/55137012/lattices/lattice-list --output-file /scratch/work/moisioa3/conv_lm/experiments/morph/D=0.001-D2=0.002-cutoffs001-n=5/decode/eval/lambda=0.5-lms=11/34.trn --output trn --nnlm-weight 0.5 --lm-scale 11 --max-tokens-per-node 62 --beam 650 --recombination-order 22 --num-jobs 128 --job 34 --unk-penalty=-20
2020-08-21 16:25:33,464 get_default_device: Context None device="Tesla P100-PCIE-16GB" ID="0000:04:00.0"
2020-08-21 16:25:33,465 from_file: Reading vocabulary from network state.
2020-08-21 16:25:33,760 from_file: Number of words in vocabulary: 42699
2020-08-21 16:25:33,760 from_file: Number of words in shortlist: 42699
2020-08-21 16:25:33,760 from_file: Number of word classes: 42699
2020-08-21 16:25:33,760 from_file: Building neural network.
2020-08-21 16:26:17,151 from_file: Restoring neural network state.
2020-08-21 16:26:17,497 decode: Building word lattice decoder.
2020-08-21 16:26:23,103 __iter__: Reading lattice file `/tmp/55137012/lattices/dspf002_dsp2013_15.lat.gz´.
2020-08-21 16:26:23,413 decode: Utterance `dspf002_dsp2013_15´ -- 1 of job 34
2020-08-21 16:26:30,508 __iter__: Reading lattice file `/tmp/55137012/lattices/dspm038_dsp2013_31.lat.gz´.
2020-08-21 16:26:31,397 decode: Utterance `dspm038_dsp2013_31´ -- 2 of job 34
2020-08-21 16:27:13,896 __iter__: Reading lattice file `/tmp/55137012/lattices/radiohenri_aamushow20100713_32.lat.gz´.
2020-08-21 16:27:13,906 decode: Utterance `radiohenri_aamushow20100713_32´ -- 3 of job 34
2020-08-21 16:27:14,130 __iter__: Reading lattice file `/tmp/55137012/lattices/radioporni_puhujainkulma20120930_126.lat.gz´.
2020-08-21 16:27:14,168 decode: Utterance `radioporni_puhujainkulma20120930_126´ -- 4 of job 34
/scratch/work/groszt1/envs/theanoLM/lib/python3.7/site-packages/theano/gpuarray/dnn.py:184: UserWarning: Your cuDNN version is more recent than Theano. If you encounter problems, try updating Theano or downgrading cuDNN to a version >= v5 and <= v7.
  warnings.warn("Your cuDNN version is more recent than "
Using cuDNN version 7600 on context None
Mapped name None to device cuda0: Tesla P100-PCIE-16GB (0000:04:00.0)
/scratch/work/groszt1/envs/theanoLM/lib/python3.7/site-packages/h5py-2.9.0-py3.7-linux-x86_64.egg/h5py/_hl/dataset.py:313: H5pyDeprecationWarning: dataset.value has been deprecated. Use dataset[()] instead.
  "Use dataset[()] instead.", H5pyDeprecationWarning)
/scratch/work/groszt1/envs/theanoLM/lib/python3.7/site-packages/h5py-2.9.0-py3.7-linux-x86_64.egg/h5py/_hl/dataset.py:313: H5pyDeprecationWarning: dataset.value has been deprecated. Use dataset[()] instead.
  "Use dataset[()] instead.", H5pyDeprecationWarning)
decode_theanolm finished.
decode eval finished.
