Experiment: morph/D=0.001-D2=0.002-cutoffs001-n=5
Job ID: 55136941
Task ID: 6
Host: gpu21.int.triton.aalto.fi
Start date: Fri Aug 21 15:42:37 EEST 2020
Work directory: /scratch/work/moisioa3/conv_lm/experiments/morph/D=0.001-D2=0.002-cutoffs001-n=5
Temporary directory: /tmp/55136941

Currently Loaded Modules:
  1) speech-scripts/2016.05.24-b928230   6) binutils/2.25-GCCcore-5.4.0
  2) srilm/default                       7) GCC/5.4.0-2.25
  3) cuda/10.0.130                       8) libgpuarray/2017.03.29-45c731f
  4) cudnn/7.4.2-cuda                    9) anaconda3/latest
  5) GCCcore/5.4.0

 

/tmp/55136941/lattices
floatX=float32,device=cuda0,base_compiledir=/tmp/theano,exception_verbosity=high,openmp=False
/scratch/work/groszt1/envs/theanoLM/lib/python3.7/site-packages/theano/gpuarray/dnn.py:184: UserWarning: Your cuDNN version is more recent than Theano. If you encounter problems, try updating Theano or downgrading cuDNN to a version >= v5 and <= v7.
  warnings.warn("Your cuDNN version is more recent than "
Using cuDNN version 7600 on context None
Mapped name None to device cuda0: Tesla K80 (0000:85:00.0)
TheanoLM 1.3.2
Theano 1.0.4
pygpu 0.7.6
==
+ srun --gres=gpu:1 theanolm decode /scratch/work/moisioa3/conv_lm/experiments/morph/D=0.001-D2=0.002-cutoffs001-n=5/nnlm.h5 --lattice-list /tmp/55136941/lattices/lattice-list --output-file /scratch/work/moisioa3/conv_lm/experiments/morph/D=0.001-D2=0.002-cutoffs001-n=5/decode/eval/lambda=0.5-lms=9/6.trn --output trn --nnlm-weight 0.5 --lm-scale 9 --max-tokens-per-node 62 --beam 650 --recombination-order 22 --num-jobs 128 --job 6 --unk-penalty=-20
2020-08-21 15:42:48,313 get_default_device: Context None device="Tesla K80" ID="0000:85:00.0"
2020-08-21 15:42:48,314 from_file: Reading vocabulary from network state.
2020-08-21 15:42:48,565 from_file: Number of words in vocabulary: 42699
2020-08-21 15:42:48,566 from_file: Number of words in shortlist: 42699
2020-08-21 15:42:48,566 from_file: Number of word classes: 42699
2020-08-21 15:42:48,566 from_file: Building neural network.
2020-08-21 15:43:29,839 from_file: Restoring neural network state.
2020-08-21 15:43:30,186 decode: Building word lattice decoder.
2020-08-21 15:43:35,368 __iter__: Reading lattice file `/tmp/55136941/lattices/dspf001_dsp2013_07.lat.gz´.
2020-08-21 15:43:35,390 decode: Utterance `dspf001_dsp2013_07´ -- 1 of job 6
2020-08-21 15:43:36,863 __iter__: Reading lattice file `/tmp/55136941/lattices/dspm030_dsp2013_1726.lat.gz´.
2020-08-21 15:43:36,938 decode: Utterance `dspm030_dsp2013_1726´ -- 2 of job 6
2020-08-21 15:43:41,586 __iter__: Reading lattice file `/tmp/55136941/lattices/radioerkka_puhujainkulma20120930_7.lat.gz´.
2020-08-21 15:43:41,669 decode: Utterance `radioerkka_puhujainkulma20120930_7´ -- 3 of job 6
2020-08-21 15:43:45,548 __iter__: Reading lattice file `/tmp/55136941/lattices/radiokatupaimen_aamushow20120720_9.lat.gz´.
2020-08-21 15:43:45,566 decode: Utterance `radiokatupaimen_aamushow20120720_9´ -- 4 of job 6
2020-08-21 15:43:46,355 __iter__: Reading lattice file `/tmp/55136941/lattices/radioruudolf_aamushow20120720_30.lat.gz´.
2020-08-21 15:43:49,834 decode: Utterance `radioruudolf_aamushow20120720_30´ -- 5 of job 6
/scratch/work/groszt1/envs/theanoLM/lib/python3.7/site-packages/theano/gpuarray/dnn.py:184: UserWarning: Your cuDNN version is more recent than Theano. If you encounter problems, try updating Theano or downgrading cuDNN to a version >= v5 and <= v7.
  warnings.warn("Your cuDNN version is more recent than "
Using cuDNN version 7600 on context None
Mapped name None to device cuda0: Tesla K80 (0000:85:00.0)
/scratch/work/groszt1/envs/theanoLM/lib/python3.7/site-packages/h5py-2.9.0-py3.7-linux-x86_64.egg/h5py/_hl/dataset.py:313: H5pyDeprecationWarning: dataset.value has been deprecated. Use dataset[()] instead.
  "Use dataset[()] instead.", H5pyDeprecationWarning)
/scratch/work/groszt1/envs/theanoLM/lib/python3.7/site-packages/h5py-2.9.0-py3.7-linux-x86_64.egg/h5py/_hl/dataset.py:313: H5pyDeprecationWarning: dataset.value has been deprecated. Use dataset[()] instead.
  "Use dataset[()] instead.", H5pyDeprecationWarning)
decode_theanolm finished.
/tmp/55136941/lattices
floatX=float32,device=cuda0,base_compiledir=/tmp/theano,exception_verbosity=high,openmp=False
/scratch/work/groszt1/envs/theanoLM/lib/python3.7/site-packages/theano/gpuarray/dnn.py:184: UserWarning: Your cuDNN version is more recent than Theano. If you encounter problems, try updating Theano or downgrading cuDNN to a version >= v5 and <= v7.
  warnings.warn("Your cuDNN version is more recent than "
Using cuDNN version 7600 on context None
Mapped name None to device cuda0: Tesla K80 (0000:85:00.0)
TheanoLM 1.3.2
Theano 1.0.4
pygpu 0.7.6
==
+ srun --gres=gpu:1 theanolm decode /scratch/work/moisioa3/conv_lm/experiments/morph/D=0.001-D2=0.002-cutoffs001-n=5/nnlm.h5 --lattice-list /tmp/55136941/lattices/lattice-list --output-file /scratch/work/moisioa3/conv_lm/experiments/morph/D=0.001-D2=0.002-cutoffs001-n=5/decode/eval/lambda=0.5-lms=10/6.trn --output trn --nnlm-weight 0.5 --lm-scale 10 --max-tokens-per-node 62 --beam 650 --recombination-order 22 --num-jobs 128 --job 6 --unk-penalty=-20
2020-08-21 15:46:56,998 get_default_device: Context None device="Tesla K80" ID="0000:85:00.0"
2020-08-21 15:46:57,000 from_file: Reading vocabulary from network state.
2020-08-21 15:46:57,253 from_file: Number of words in vocabulary: 42699
2020-08-21 15:46:57,254 from_file: Number of words in shortlist: 42699
2020-08-21 15:46:57,254 from_file: Number of word classes: 42699
2020-08-21 15:46:57,254 from_file: Building neural network.
2020-08-21 15:47:36,461 from_file: Restoring neural network state.
2020-08-21 15:47:36,817 decode: Building word lattice decoder.
2020-08-21 15:47:42,268 __iter__: Reading lattice file `/tmp/55136941/lattices/dspf001_dsp2013_07.lat.gz´.
2020-08-21 15:47:42,290 decode: Utterance `dspf001_dsp2013_07´ -- 1 of job 6
2020-08-21 15:47:43,771 __iter__: Reading lattice file `/tmp/55136941/lattices/dspm030_dsp2013_1726.lat.gz´.
2020-08-21 15:47:43,845 decode: Utterance `dspm030_dsp2013_1726´ -- 2 of job 6
2020-08-21 15:47:48,575 __iter__: Reading lattice file `/tmp/55136941/lattices/radioerkka_puhujainkulma20120930_7.lat.gz´.
2020-08-21 15:47:48,649 decode: Utterance `radioerkka_puhujainkulma20120930_7´ -- 3 of job 6
2020-08-21 15:47:52,636 __iter__: Reading lattice file `/tmp/55136941/lattices/radiokatupaimen_aamushow20120720_9.lat.gz´.
2020-08-21 15:47:52,655 decode: Utterance `radiokatupaimen_aamushow20120720_9´ -- 4 of job 6
2020-08-21 15:47:53,478 __iter__: Reading lattice file `/tmp/55136941/lattices/radioruudolf_aamushow20120720_30.lat.gz´.
2020-08-21 15:47:56,957 decode: Utterance `radioruudolf_aamushow20120720_30´ -- 5 of job 6
/scratch/work/groszt1/envs/theanoLM/lib/python3.7/site-packages/theano/gpuarray/dnn.py:184: UserWarning: Your cuDNN version is more recent than Theano. If you encounter problems, try updating Theano or downgrading cuDNN to a version >= v5 and <= v7.
  warnings.warn("Your cuDNN version is more recent than "
Using cuDNN version 7600 on context None
Mapped name None to device cuda0: Tesla K80 (0000:85:00.0)
/scratch/work/groszt1/envs/theanoLM/lib/python3.7/site-packages/h5py-2.9.0-py3.7-linux-x86_64.egg/h5py/_hl/dataset.py:313: H5pyDeprecationWarning: dataset.value has been deprecated. Use dataset[()] instead.
  "Use dataset[()] instead.", H5pyDeprecationWarning)
/scratch/work/groszt1/envs/theanoLM/lib/python3.7/site-packages/h5py-2.9.0-py3.7-linux-x86_64.egg/h5py/_hl/dataset.py:313: H5pyDeprecationWarning: dataset.value has been deprecated. Use dataset[()] instead.
  "Use dataset[()] instead.", H5pyDeprecationWarning)
decode_theanolm finished.
/tmp/55136941/lattices
floatX=float32,device=cuda0,base_compiledir=/tmp/theano,exception_verbosity=high,openmp=False
/scratch/work/groszt1/envs/theanoLM/lib/python3.7/site-packages/theano/gpuarray/dnn.py:184: UserWarning: Your cuDNN version is more recent than Theano. If you encounter problems, try updating Theano or downgrading cuDNN to a version >= v5 and <= v7.
  warnings.warn("Your cuDNN version is more recent than "
Using cuDNN version 7600 on context None
Mapped name None to device cuda0: Tesla K80 (0000:85:00.0)
TheanoLM 1.3.2
Theano 1.0.4
pygpu 0.7.6
==
+ srun --gres=gpu:1 theanolm decode /scratch/work/moisioa3/conv_lm/experiments/morph/D=0.001-D2=0.002-cutoffs001-n=5/nnlm.h5 --lattice-list /tmp/55136941/lattices/lattice-list --output-file /scratch/work/moisioa3/conv_lm/experiments/morph/D=0.001-D2=0.002-cutoffs001-n=5/decode/eval/lambda=0.5-lms=11/6.trn --output trn --nnlm-weight 0.5 --lm-scale 11 --max-tokens-per-node 62 --beam 650 --recombination-order 22 --num-jobs 128 --job 6 --unk-penalty=-20
2020-08-21 15:51:05,700 get_default_device: Context None device="Tesla K80" ID="0000:85:00.0"
2020-08-21 15:51:05,701 from_file: Reading vocabulary from network state.
2020-08-21 15:51:05,958 from_file: Number of words in vocabulary: 42699
2020-08-21 15:51:05,959 from_file: Number of words in shortlist: 42699
2020-08-21 15:51:05,959 from_file: Number of word classes: 42699
2020-08-21 15:51:05,959 from_file: Building neural network.
2020-08-21 15:51:45,631 from_file: Restoring neural network state.
2020-08-21 15:51:45,987 decode: Building word lattice decoder.
2020-08-21 15:51:51,044 __iter__: Reading lattice file `/tmp/55136941/lattices/dspf001_dsp2013_07.lat.gz´.
2020-08-21 15:51:51,064 decode: Utterance `dspf001_dsp2013_07´ -- 1 of job 6
2020-08-21 15:51:52,516 __iter__: Reading lattice file `/tmp/55136941/lattices/dspm030_dsp2013_1726.lat.gz´.
2020-08-21 15:51:52,587 decode: Utterance `dspm030_dsp2013_1726´ -- 2 of job 6
2020-08-21 15:51:57,209 __iter__: Reading lattice file `/tmp/55136941/lattices/radioerkka_puhujainkulma20120930_7.lat.gz´.
2020-08-21 15:51:57,283 decode: Utterance `radioerkka_puhujainkulma20120930_7´ -- 3 of job 6
2020-08-21 15:52:01,298 __iter__: Reading lattice file `/tmp/55136941/lattices/radiokatupaimen_aamushow20120720_9.lat.gz´.
2020-08-21 15:52:01,316 decode: Utterance `radiokatupaimen_aamushow20120720_9´ -- 4 of job 6
2020-08-21 15:52:02,112 __iter__: Reading lattice file `/tmp/55136941/lattices/radioruudolf_aamushow20120720_30.lat.gz´.
2020-08-21 15:52:05,688 decode: Utterance `radioruudolf_aamushow20120720_30´ -- 5 of job 6
/scratch/work/groszt1/envs/theanoLM/lib/python3.7/site-packages/theano/gpuarray/dnn.py:184: UserWarning: Your cuDNN version is more recent than Theano. If you encounter problems, try updating Theano or downgrading cuDNN to a version >= v5 and <= v7.
  warnings.warn("Your cuDNN version is more recent than "
Using cuDNN version 7600 on context None
Mapped name None to device cuda0: Tesla K80 (0000:85:00.0)
/scratch/work/groszt1/envs/theanoLM/lib/python3.7/site-packages/h5py-2.9.0-py3.7-linux-x86_64.egg/h5py/_hl/dataset.py:313: H5pyDeprecationWarning: dataset.value has been deprecated. Use dataset[()] instead.
  "Use dataset[()] instead.", H5pyDeprecationWarning)
/scratch/work/groszt1/envs/theanoLM/lib/python3.7/site-packages/h5py-2.9.0-py3.7-linux-x86_64.egg/h5py/_hl/dataset.py:313: H5pyDeprecationWarning: dataset.value has been deprecated. Use dataset[()] instead.
  "Use dataset[()] instead.", H5pyDeprecationWarning)
decode_theanolm finished.
decode eval finished.
