Experiment: morph/D=0.001-D2=0.002-cutoffs001-n=5
Job ID: 55137033
Task ID: 48
Host: gpu24.int.triton.aalto.fi
Start date: Fri Aug 21 16:32:28 EEST 2020
Work directory: /scratch/work/moisioa3/conv_lm/experiments/morph/D=0.001-D2=0.002-cutoffs001-n=5
Temporary directory: /tmp/55137033

Currently Loaded Modules:
  1) speech-scripts/2016.05.24-b928230   6) binutils/2.25-GCCcore-5.4.0
  2) srilm/default                       7) GCC/5.4.0-2.25
  3) cuda/10.0.130                       8) libgpuarray/2017.03.29-45c731f
  4) cudnn/7.4.2-cuda                    9) anaconda3/latest
  5) GCCcore/5.4.0

 

/tmp/55137033/lattices
floatX=float32,device=cuda0,base_compiledir=/tmp/theano,exception_verbosity=high,openmp=False
/scratch/work/groszt1/envs/theanoLM/lib/python3.7/site-packages/theano/gpuarray/dnn.py:184: UserWarning: Your cuDNN version is more recent than Theano. If you encounter problems, try updating Theano or downgrading cuDNN to a version >= v5 and <= v7.
  warnings.warn("Your cuDNN version is more recent than "
Using cuDNN version 7600 on context None
Mapped name None to device cuda0: Tesla P100-PCIE-16GB (0000:04:00.0)
TheanoLM 1.3.2
Theano 1.0.4
pygpu 0.7.6
==
+ srun --gres=gpu:1 theanolm decode /scratch/work/moisioa3/conv_lm/experiments/morph/D=0.001-D2=0.002-cutoffs001-n=5/nnlm.h5 --lattice-list /tmp/55137033/lattices/lattice-list --output-file /scratch/work/moisioa3/conv_lm/experiments/morph/D=0.001-D2=0.002-cutoffs001-n=5/decode/eval/lambda=0.5-lms=9/48.trn --output trn --nnlm-weight 0.5 --lm-scale 9 --max-tokens-per-node 62 --beam 650 --recombination-order 22 --num-jobs 128 --job 48 --unk-penalty=-20
2020-08-21 16:32:40,052 get_default_device: Context None device="Tesla P100-PCIE-16GB" ID="0000:04:00.0"
2020-08-21 16:32:40,053 from_file: Reading vocabulary from network state.
2020-08-21 16:32:40,362 from_file: Number of words in vocabulary: 42699
2020-08-21 16:32:40,363 from_file: Number of words in shortlist: 42699
2020-08-21 16:32:40,363 from_file: Number of word classes: 42699
2020-08-21 16:32:40,363 from_file: Building neural network.
2020-08-21 16:33:25,434 from_file: Restoring neural network state.
2020-08-21 16:33:25,769 decode: Building word lattice decoder.
2020-08-21 16:33:30,984 __iter__: Reading lattice file `/tmp/55137033/lattices/dspm003_dsp2013_12.lat.gz´.
2020-08-21 16:33:31,732 decode: Utterance `dspm003_dsp2013_12´ -- 1 of job 48
2020-08-21 16:33:53,037 __iter__: Reading lattice file `/tmp/55137033/lattices/dspm041_dsp2013_15.lat.gz´.
2020-08-21 16:33:53,528 decode: Utterance `dspm041_dsp2013_15´ -- 2 of job 48
2020-08-21 16:34:04,660 __iter__: Reading lattice file `/tmp/55137033/lattices/radiohenri_aamushow20100713_63.lat.gz´.
2020-08-21 16:34:04,720 decode: Utterance `radiohenri_aamushow20100713_63´ -- 3 of job 48
2020-08-21 16:34:06,973 __iter__: Reading lattice file `/tmp/55137033/lattices/radioporni_puhujainkulma20120930_5.lat.gz´.
2020-08-21 16:34:07,158 decode: Utterance `radioporni_puhujainkulma20120930_5´ -- 4 of job 48
/scratch/work/groszt1/envs/theanoLM/lib/python3.7/site-packages/theano/gpuarray/dnn.py:184: UserWarning: Your cuDNN version is more recent than Theano. If you encounter problems, try updating Theano or downgrading cuDNN to a version >= v5 and <= v7.
  warnings.warn("Your cuDNN version is more recent than "
Using cuDNN version 7600 on context None
Mapped name None to device cuda0: Tesla P100-PCIE-16GB (0000:04:00.0)
/scratch/work/groszt1/envs/theanoLM/lib/python3.7/site-packages/h5py-2.9.0-py3.7-linux-x86_64.egg/h5py/_hl/dataset.py:313: H5pyDeprecationWarning: dataset.value has been deprecated. Use dataset[()] instead.
  "Use dataset[()] instead.", H5pyDeprecationWarning)
/scratch/work/groszt1/envs/theanoLM/lib/python3.7/site-packages/h5py-2.9.0-py3.7-linux-x86_64.egg/h5py/_hl/dataset.py:313: H5pyDeprecationWarning: dataset.value has been deprecated. Use dataset[()] instead.
  "Use dataset[()] instead.", H5pyDeprecationWarning)
decode_theanolm finished.
/tmp/55137033/lattices
floatX=float32,device=cuda0,base_compiledir=/tmp/theano,exception_verbosity=high,openmp=False
/scratch/work/groszt1/envs/theanoLM/lib/python3.7/site-packages/theano/gpuarray/dnn.py:184: UserWarning: Your cuDNN version is more recent than Theano. If you encounter problems, try updating Theano or downgrading cuDNN to a version >= v5 and <= v7.
  warnings.warn("Your cuDNN version is more recent than "
Using cuDNN version 7600 on context None
Mapped name None to device cuda0: Tesla P100-PCIE-16GB (0000:04:00.0)
TheanoLM 1.3.2
Theano 1.0.4
pygpu 0.7.6
==
+ srun --gres=gpu:1 theanolm decode /scratch/work/moisioa3/conv_lm/experiments/morph/D=0.001-D2=0.002-cutoffs001-n=5/nnlm.h5 --lattice-list /tmp/55137033/lattices/lattice-list --output-file /scratch/work/moisioa3/conv_lm/experiments/morph/D=0.001-D2=0.002-cutoffs001-n=5/decode/eval/lambda=0.5-lms=10/48.trn --output trn --nnlm-weight 0.5 --lm-scale 10 --max-tokens-per-node 62 --beam 650 --recombination-order 22 --num-jobs 128 --job 48 --unk-penalty=-20
2020-08-21 16:34:19,265 get_default_device: Context None device="Tesla P100-PCIE-16GB" ID="0000:04:00.0"
2020-08-21 16:34:19,266 from_file: Reading vocabulary from network state.
2020-08-21 16:34:19,547 from_file: Number of words in vocabulary: 42699
2020-08-21 16:34:19,547 from_file: Number of words in shortlist: 42699
2020-08-21 16:34:19,548 from_file: Number of word classes: 42699
2020-08-21 16:34:19,548 from_file: Building neural network.
2020-08-21 16:35:02,507 from_file: Restoring neural network state.
2020-08-21 16:35:02,848 decode: Building word lattice decoder.
2020-08-21 16:35:08,185 __iter__: Reading lattice file `/tmp/55137033/lattices/dspm003_dsp2013_12.lat.gz´.
2020-08-21 16:35:08,907 decode: Utterance `dspm003_dsp2013_12´ -- 1 of job 48
2020-08-21 16:35:29,719 __iter__: Reading lattice file `/tmp/55137033/lattices/dspm041_dsp2013_15.lat.gz´.
2020-08-21 16:35:30,182 decode: Utterance `dspm041_dsp2013_15´ -- 2 of job 48
2020-08-21 16:35:41,004 __iter__: Reading lattice file `/tmp/55137033/lattices/radiohenri_aamushow20100713_63.lat.gz´.
2020-08-21 16:35:41,061 decode: Utterance `radiohenri_aamushow20100713_63´ -- 3 of job 48
2020-08-21 16:35:43,359 __iter__: Reading lattice file `/tmp/55137033/lattices/radioporni_puhujainkulma20120930_5.lat.gz´.
2020-08-21 16:35:43,535 decode: Utterance `radioporni_puhujainkulma20120930_5´ -- 4 of job 48
/scratch/work/groszt1/envs/theanoLM/lib/python3.7/site-packages/theano/gpuarray/dnn.py:184: UserWarning: Your cuDNN version is more recent than Theano. If you encounter problems, try updating Theano or downgrading cuDNN to a version >= v5 and <= v7.
  warnings.warn("Your cuDNN version is more recent than "
Using cuDNN version 7600 on context None
Mapped name None to device cuda0: Tesla P100-PCIE-16GB (0000:04:00.0)
/scratch/work/groszt1/envs/theanoLM/lib/python3.7/site-packages/h5py-2.9.0-py3.7-linux-x86_64.egg/h5py/_hl/dataset.py:313: H5pyDeprecationWarning: dataset.value has been deprecated. Use dataset[()] instead.
  "Use dataset[()] instead.", H5pyDeprecationWarning)
/scratch/work/groszt1/envs/theanoLM/lib/python3.7/site-packages/h5py-2.9.0-py3.7-linux-x86_64.egg/h5py/_hl/dataset.py:313: H5pyDeprecationWarning: dataset.value has been deprecated. Use dataset[()] instead.
  "Use dataset[()] instead.", H5pyDeprecationWarning)
decode_theanolm finished.
/tmp/55137033/lattices
floatX=float32,device=cuda0,base_compiledir=/tmp/theano,exception_verbosity=high,openmp=False
/scratch/work/groszt1/envs/theanoLM/lib/python3.7/site-packages/theano/gpuarray/dnn.py:184: UserWarning: Your cuDNN version is more recent than Theano. If you encounter problems, try updating Theano or downgrading cuDNN to a version >= v5 and <= v7.
  warnings.warn("Your cuDNN version is more recent than "
Using cuDNN version 7600 on context None
Mapped name None to device cuda0: Tesla P100-PCIE-16GB (0000:04:00.0)
TheanoLM 1.3.2
Theano 1.0.4
pygpu 0.7.6
==
+ srun --gres=gpu:1 theanolm decode /scratch/work/moisioa3/conv_lm/experiments/morph/D=0.001-D2=0.002-cutoffs001-n=5/nnlm.h5 --lattice-list /tmp/55137033/lattices/lattice-list --output-file /scratch/work/moisioa3/conv_lm/experiments/morph/D=0.001-D2=0.002-cutoffs001-n=5/decode/eval/lambda=0.5-lms=11/48.trn --output trn --nnlm-weight 0.5 --lm-scale 11 --max-tokens-per-node 62 --beam 650 --recombination-order 22 --num-jobs 128 --job 48 --unk-penalty=-20
2020-08-21 16:35:57,298 get_default_device: Context None device="Tesla P100-PCIE-16GB" ID="0000:04:00.0"
2020-08-21 16:35:57,299 from_file: Reading vocabulary from network state.
2020-08-21 16:35:57,602 from_file: Number of words in vocabulary: 42699
2020-08-21 16:35:57,603 from_file: Number of words in shortlist: 42699
2020-08-21 16:35:57,603 from_file: Number of word classes: 42699
2020-08-21 16:35:57,603 from_file: Building neural network.
2020-08-21 16:36:42,499 from_file: Restoring neural network state.
2020-08-21 16:36:42,842 decode: Building word lattice decoder.
2020-08-21 16:36:48,115 __iter__: Reading lattice file `/tmp/55137033/lattices/dspm003_dsp2013_12.lat.gz´.
2020-08-21 16:36:48,829 decode: Utterance `dspm003_dsp2013_12´ -- 1 of job 48
2020-08-21 16:37:09,531 __iter__: Reading lattice file `/tmp/55137033/lattices/dspm041_dsp2013_15.lat.gz´.
2020-08-21 16:37:09,989 decode: Utterance `dspm041_dsp2013_15´ -- 2 of job 48
2020-08-21 16:37:20,822 __iter__: Reading lattice file `/tmp/55137033/lattices/radiohenri_aamushow20100713_63.lat.gz´.
2020-08-21 16:37:20,879 decode: Utterance `radiohenri_aamushow20100713_63´ -- 3 of job 48
2020-08-21 16:37:23,001 __iter__: Reading lattice file `/tmp/55137033/lattices/radioporni_puhujainkulma20120930_5.lat.gz´.
2020-08-21 16:37:23,176 decode: Utterance `radioporni_puhujainkulma20120930_5´ -- 4 of job 48
/scratch/work/groszt1/envs/theanoLM/lib/python3.7/site-packages/theano/gpuarray/dnn.py:184: UserWarning: Your cuDNN version is more recent than Theano. If you encounter problems, try updating Theano or downgrading cuDNN to a version >= v5 and <= v7.
  warnings.warn("Your cuDNN version is more recent than "
Using cuDNN version 7600 on context None
Mapped name None to device cuda0: Tesla P100-PCIE-16GB (0000:04:00.0)
/scratch/work/groszt1/envs/theanoLM/lib/python3.7/site-packages/h5py-2.9.0-py3.7-linux-x86_64.egg/h5py/_hl/dataset.py:313: H5pyDeprecationWarning: dataset.value has been deprecated. Use dataset[()] instead.
  "Use dataset[()] instead.", H5pyDeprecationWarning)
/scratch/work/groszt1/envs/theanoLM/lib/python3.7/site-packages/h5py-2.9.0-py3.7-linux-x86_64.egg/h5py/_hl/dataset.py:313: H5pyDeprecationWarning: dataset.value has been deprecated. Use dataset[()] instead.
  "Use dataset[()] instead.", H5pyDeprecationWarning)
decode_theanolm finished.
decode eval finished.
