Experiment: morph/D=0.001-D2=0.002-cutoffs001-n=5
Job ID: 55136576
Task ID: 88
Host: gpu21.int.triton.aalto.fi
Start date: Fri Aug 21 13:20:25 EEST 2020
Work directory: /scratch/work/moisioa3/conv_lm/experiments/morph/D=0.001-D2=0.002-cutoffs001-n=5
Temporary directory: /tmp/55136576

Currently Loaded Modules:
  1) speech-scripts/2016.05.24-b928230   6) binutils/2.25-GCCcore-5.4.0
  2) srilm/default                       7) GCC/5.4.0-2.25
  3) cuda/10.0.130                       8) libgpuarray/2017.03.29-45c731f
  4) cudnn/7.4.2-cuda                    9) anaconda3/latest
  5) GCCcore/5.4.0

 

/tmp/55136576/lattices
floatX=float32,device=cuda0,base_compiledir=/tmp/theano,exception_verbosity=high,openmp=False
/scratch/work/groszt1/envs/theanoLM/lib/python3.7/site-packages/theano/gpuarray/dnn.py:184: UserWarning: Your cuDNN version is more recent than Theano. If you encounter problems, try updating Theano or downgrading cuDNN to a version >= v5 and <= v7.
  warnings.warn("Your cuDNN version is more recent than "
Using cuDNN version 7600 on context None
Mapped name None to device cuda0: Tesla K80 (0000:84:00.0)
TheanoLM 1.3.2
Theano 1.0.4
pygpu 0.7.6
==
+ srun --gres=gpu:1 theanolm decode /scratch/work/moisioa3/conv_lm/experiments/morph/D=0.001-D2=0.002-cutoffs001-n=5/nnlm.h5 --lattice-list /tmp/55136576/lattices/lattice-list --output-file /scratch/work/moisioa3/conv_lm/experiments/morph/D=0.001-D2=0.002-cutoffs001-n=5/decode/devel/lambda=0.5-lms=9/88.trn --output trn --nnlm-weight 0.5 --lm-scale 9 --max-tokens-per-node 62 --beam 650 --recombination-order 22 --num-jobs 128 --job 88 --unk-penalty=-20
2020-08-21 13:20:38,067 get_default_device: Context None device="Tesla K80" ID="0000:84:00.0"
2020-08-21 13:20:38,068 from_file: Reading vocabulary from network state.
2020-08-21 13:20:38,340 from_file: Number of words in vocabulary: 42699
2020-08-21 13:20:38,340 from_file: Number of words in shortlist: 42699
2020-08-21 13:20:38,340 from_file: Number of word classes: 42699
2020-08-21 13:20:38,340 from_file: Building neural network.
2020-08-21 13:21:23,987 from_file: Restoring neural network state.
2020-08-21 13:21:24,416 decode: Building word lattice decoder.
2020-08-21 13:21:30,184 __iter__: Reading lattice file `/tmp/55136576/lattices/dspm005_dsp2013_09.lat.gz´.
2020-08-21 13:21:30,341 decode: Utterance `dspm005_dsp2013_09´ -- 1 of job 88
2020-08-21 13:21:36,588 __iter__: Reading lattice file `/tmp/55136576/lattices/dspm015_dsp2013_03.lat.gz´.
2020-08-21 13:21:37,024 decode: Utterance `dspm015_dsp2013_03´ -- 2 of job 88
2020-08-21 13:21:55,120 __iter__: Reading lattice file `/tmp/55136576/lattices/dspm022_dsp2013_22.lat.gz´.
2020-08-21 13:21:55,673 decode: Utterance `dspm022_dsp2013_22´ -- 3 of job 88
2020-08-21 13:22:32,940 __iter__: Reading lattice file `/tmp/55136576/lattices/dspm032_dsp2013_10.lat.gz´.
2020-08-21 13:22:35,266 decode: Utterance `dspm032_dsp2013_10´ -- 4 of job 88
2020-08-21 13:25:17,785 __iter__: Reading lattice file `/tmp/55136576/lattices/dspm042_dsp2013_12.lat.gz´.
2020-08-21 13:25:17,937 decode: Utterance `dspm042_dsp2013_12´ -- 5 of job 88
2020-08-21 13:25:26,290 __iter__: Reading lattice file `/tmp/55136576/lattices/dspm050_dsp2013_21.lat.gz´.
2020-08-21 13:25:27,694 decode: Utterance `dspm050_dsp2013_21´ -- 6 of job 88
2020-08-21 13:27:06,607 __iter__: Reading lattice file `/tmp/55136576/lattices/dspm058_dsp2013_19.lat.gz´.
2020-08-21 13:27:06,893 decode: Utterance `dspm058_dsp2013_19´ -- 7 of job 88
2020-08-21 13:27:22,608 __iter__: Reading lattice file `/tmp/55136576/lattices/radioshaka_kbk20120915_9.lat.gz´.
2020-08-21 13:27:22,663 decode: Utterance `radioshaka_kbk20120915_9´ -- 8 of job 88
/scratch/work/groszt1/envs/theanoLM/lib/python3.7/site-packages/theano/gpuarray/dnn.py:184: UserWarning: Your cuDNN version is more recent than Theano. If you encounter problems, try updating Theano or downgrading cuDNN to a version >= v5 and <= v7.
  warnings.warn("Your cuDNN version is more recent than "
Using cuDNN version 7600 on context None
Mapped name None to device cuda0: Tesla K80 (0000:84:00.0)
/scratch/work/groszt1/envs/theanoLM/lib/python3.7/site-packages/h5py-2.9.0-py3.7-linux-x86_64.egg/h5py/_hl/dataset.py:313: H5pyDeprecationWarning: dataset.value has been deprecated. Use dataset[()] instead.
  "Use dataset[()] instead.", H5pyDeprecationWarning)
/scratch/work/groszt1/envs/theanoLM/lib/python3.7/site-packages/h5py-2.9.0-py3.7-linux-x86_64.egg/h5py/_hl/dataset.py:313: H5pyDeprecationWarning: dataset.value has been deprecated. Use dataset[()] instead.
  "Use dataset[()] instead.", H5pyDeprecationWarning)
decode_theanolm finished.
/tmp/55136576/lattices
floatX=float32,device=cuda0,base_compiledir=/tmp/theano,exception_verbosity=high,openmp=False
/scratch/work/groszt1/envs/theanoLM/lib/python3.7/site-packages/theano/gpuarray/dnn.py:184: UserWarning: Your cuDNN version is more recent than Theano. If you encounter problems, try updating Theano or downgrading cuDNN to a version >= v5 and <= v7.
  warnings.warn("Your cuDNN version is more recent than "
Using cuDNN version 7600 on context None
Mapped name None to device cuda0: Tesla K80 (0000:84:00.0)
TheanoLM 1.3.2
Theano 1.0.4
pygpu 0.7.6
==
+ srun --gres=gpu:1 theanolm decode /scratch/work/moisioa3/conv_lm/experiments/morph/D=0.001-D2=0.002-cutoffs001-n=5/nnlm.h5 --lattice-list /tmp/55136576/lattices/lattice-list --output-file /scratch/work/moisioa3/conv_lm/experiments/morph/D=0.001-D2=0.002-cutoffs001-n=5/decode/devel/lambda=0.5-lms=10/88.trn --output trn --nnlm-weight 0.5 --lm-scale 10 --max-tokens-per-node 62 --beam 650 --recombination-order 22 --num-jobs 128 --job 88 --unk-penalty=-20
2020-08-21 13:27:33,099 get_default_device: Context None device="Tesla K80" ID="0000:84:00.0"
2020-08-21 13:27:33,101 from_file: Reading vocabulary from network state.
2020-08-21 13:27:33,373 from_file: Number of words in vocabulary: 42699
2020-08-21 13:27:33,374 from_file: Number of words in shortlist: 42699
2020-08-21 13:27:33,374 from_file: Number of word classes: 42699
2020-08-21 13:27:33,374 from_file: Building neural network.
2020-08-21 13:28:19,173 from_file: Restoring neural network state.
2020-08-21 13:28:19,597 decode: Building word lattice decoder.
2020-08-21 13:28:25,396 __iter__: Reading lattice file `/tmp/55136576/lattices/dspm005_dsp2013_09.lat.gz´.
2020-08-21 13:28:25,635 decode: Utterance `dspm005_dsp2013_09´ -- 1 of job 88
2020-08-21 13:28:31,794 __iter__: Reading lattice file `/tmp/55136576/lattices/dspm015_dsp2013_03.lat.gz´.
2020-08-21 13:28:32,231 decode: Utterance `dspm015_dsp2013_03´ -- 2 of job 88
2020-08-21 13:28:50,334 __iter__: Reading lattice file `/tmp/55136576/lattices/dspm022_dsp2013_22.lat.gz´.
2020-08-21 13:28:50,892 decode: Utterance `dspm022_dsp2013_22´ -- 3 of job 88
2020-08-21 13:29:29,808 __iter__: Reading lattice file `/tmp/55136576/lattices/dspm032_dsp2013_10.lat.gz´.
2020-08-21 13:29:32,146 decode: Utterance `dspm032_dsp2013_10´ -- 4 of job 88
2020-08-21 13:32:18,229 __iter__: Reading lattice file `/tmp/55136576/lattices/dspm042_dsp2013_12.lat.gz´.
2020-08-21 13:32:18,384 decode: Utterance `dspm042_dsp2013_12´ -- 5 of job 88
2020-08-21 13:32:26,508 __iter__: Reading lattice file `/tmp/55136576/lattices/dspm050_dsp2013_21.lat.gz´.
2020-08-21 13:32:27,906 decode: Utterance `dspm050_dsp2013_21´ -- 6 of job 88
2020-08-21 13:34:10,629 __iter__: Reading lattice file `/tmp/55136576/lattices/dspm058_dsp2013_19.lat.gz´.
2020-08-21 13:34:10,916 decode: Utterance `dspm058_dsp2013_19´ -- 7 of job 88
2020-08-21 13:34:26,820 __iter__: Reading lattice file `/tmp/55136576/lattices/radioshaka_kbk20120915_9.lat.gz´.
2020-08-21 13:34:26,875 decode: Utterance `radioshaka_kbk20120915_9´ -- 8 of job 88
/scratch/work/groszt1/envs/theanoLM/lib/python3.7/site-packages/theano/gpuarray/dnn.py:184: UserWarning: Your cuDNN version is more recent than Theano. If you encounter problems, try updating Theano or downgrading cuDNN to a version >= v5 and <= v7.
  warnings.warn("Your cuDNN version is more recent than "
Using cuDNN version 7600 on context None
Mapped name None to device cuda0: Tesla K80 (0000:84:00.0)
/scratch/work/groszt1/envs/theanoLM/lib/python3.7/site-packages/h5py-2.9.0-py3.7-linux-x86_64.egg/h5py/_hl/dataset.py:313: H5pyDeprecationWarning: dataset.value has been deprecated. Use dataset[()] instead.
  "Use dataset[()] instead.", H5pyDeprecationWarning)
/scratch/work/groszt1/envs/theanoLM/lib/python3.7/site-packages/h5py-2.9.0-py3.7-linux-x86_64.egg/h5py/_hl/dataset.py:313: H5pyDeprecationWarning: dataset.value has been deprecated. Use dataset[()] instead.
  "Use dataset[()] instead.", H5pyDeprecationWarning)
decode_theanolm finished.
/tmp/55136576/lattices
floatX=float32,device=cuda0,base_compiledir=/tmp/theano,exception_verbosity=high,openmp=False
/scratch/work/groszt1/envs/theanoLM/lib/python3.7/site-packages/theano/gpuarray/dnn.py:184: UserWarning: Your cuDNN version is more recent than Theano. If you encounter problems, try updating Theano or downgrading cuDNN to a version >= v5 and <= v7.
  warnings.warn("Your cuDNN version is more recent than "
Using cuDNN version 7600 on context None
Mapped name None to device cuda0: Tesla K80 (0000:84:00.0)
TheanoLM 1.3.2
Theano 1.0.4
pygpu 0.7.6
==
+ srun --gres=gpu:1 theanolm decode /scratch/work/moisioa3/conv_lm/experiments/morph/D=0.001-D2=0.002-cutoffs001-n=5/nnlm.h5 --lattice-list /tmp/55136576/lattices/lattice-list --output-file /scratch/work/moisioa3/conv_lm/experiments/morph/D=0.001-D2=0.002-cutoffs001-n=5/decode/devel/lambda=0.5-lms=11/88.trn --output trn --nnlm-weight 0.5 --lm-scale 11 --max-tokens-per-node 62 --beam 650 --recombination-order 22 --num-jobs 128 --job 88 --unk-penalty=-20
2020-08-21 13:34:36,489 get_default_device: Context None device="Tesla K80" ID="0000:84:00.0"
2020-08-21 13:34:36,490 from_file: Reading vocabulary from network state.
2020-08-21 13:34:36,760 from_file: Number of words in vocabulary: 42699
2020-08-21 13:34:36,760 from_file: Number of words in shortlist: 42699
2020-08-21 13:34:36,761 from_file: Number of word classes: 42699
2020-08-21 13:34:36,761 from_file: Building neural network.
2020-08-21 13:35:22,425 from_file: Restoring neural network state.
2020-08-21 13:35:22,862 decode: Building word lattice decoder.
2020-08-21 13:35:28,679 __iter__: Reading lattice file `/tmp/55136576/lattices/dspm005_dsp2013_09.lat.gz´.
2020-08-21 13:35:28,916 decode: Utterance `dspm005_dsp2013_09´ -- 1 of job 88
2020-08-21 13:35:35,107 __iter__: Reading lattice file `/tmp/55136576/lattices/dspm015_dsp2013_03.lat.gz´.
2020-08-21 13:35:35,535 decode: Utterance `dspm015_dsp2013_03´ -- 2 of job 88
2020-08-21 13:35:53,577 __iter__: Reading lattice file `/tmp/55136576/lattices/dspm022_dsp2013_22.lat.gz´.
2020-08-21 13:35:54,125 decode: Utterance `dspm022_dsp2013_22´ -- 3 of job 88
2020-08-21 13:36:34,141 __iter__: Reading lattice file `/tmp/55136576/lattices/dspm032_dsp2013_10.lat.gz´.
2020-08-21 13:36:36,443 decode: Utterance `dspm032_dsp2013_10´ -- 4 of job 88
2020-08-21 13:39:22,503 __iter__: Reading lattice file `/tmp/55136576/lattices/dspm042_dsp2013_12.lat.gz´.
2020-08-21 13:39:22,655 decode: Utterance `dspm042_dsp2013_12´ -- 5 of job 88
2020-08-21 13:39:30,819 __iter__: Reading lattice file `/tmp/55136576/lattices/dspm050_dsp2013_21.lat.gz´.
2020-08-21 13:39:32,193 decode: Utterance `dspm050_dsp2013_21´ -- 6 of job 88
2020-08-21 13:41:17,458 __iter__: Reading lattice file `/tmp/55136576/lattices/dspm058_dsp2013_19.lat.gz´.
2020-08-21 13:41:17,740 decode: Utterance `dspm058_dsp2013_19´ -- 7 of job 88
2020-08-21 13:41:33,534 __iter__: Reading lattice file `/tmp/55136576/lattices/radioshaka_kbk20120915_9.lat.gz´.
2020-08-21 13:41:33,588 decode: Utterance `radioshaka_kbk20120915_9´ -- 8 of job 88
/scratch/work/groszt1/envs/theanoLM/lib/python3.7/site-packages/theano/gpuarray/dnn.py:184: UserWarning: Your cuDNN version is more recent than Theano. If you encounter problems, try updating Theano or downgrading cuDNN to a version >= v5 and <= v7.
  warnings.warn("Your cuDNN version is more recent than "
Using cuDNN version 7600 on context None
Mapped name None to device cuda0: Tesla K80 (0000:84:00.0)
/scratch/work/groszt1/envs/theanoLM/lib/python3.7/site-packages/h5py-2.9.0-py3.7-linux-x86_64.egg/h5py/_hl/dataset.py:313: H5pyDeprecationWarning: dataset.value has been deprecated. Use dataset[()] instead.
  "Use dataset[()] instead.", H5pyDeprecationWarning)
/scratch/work/groszt1/envs/theanoLM/lib/python3.7/site-packages/h5py-2.9.0-py3.7-linux-x86_64.egg/h5py/_hl/dataset.py:313: H5pyDeprecationWarning: dataset.value has been deprecated. Use dataset[()] instead.
  "Use dataset[()] instead.", H5pyDeprecationWarning)
decode_theanolm finished.
/tmp/55136576/lattices
floatX=float32,device=cuda0,base_compiledir=/tmp/theano,exception_verbosity=high,openmp=False
/scratch/work/groszt1/envs/theanoLM/lib/python3.7/site-packages/theano/gpuarray/dnn.py:184: UserWarning: Your cuDNN version is more recent than Theano. If you encounter problems, try updating Theano or downgrading cuDNN to a version >= v5 and <= v7.
  warnings.warn("Your cuDNN version is more recent than "
Using cuDNN version 7600 on context None
Mapped name None to device cuda0: Tesla K80 (0000:84:00.0)
TheanoLM 1.3.2
Theano 1.0.4
pygpu 0.7.6
==
+ srun --gres=gpu:1 theanolm decode /scratch/work/moisioa3/conv_lm/experiments/morph/D=0.001-D2=0.002-cutoffs001-n=5/nnlm.h5 --lattice-list /tmp/55136576/lattices/lattice-list --output-file /scratch/work/moisioa3/conv_lm/experiments/morph/D=0.001-D2=0.002-cutoffs001-n=5/decode/devel/lambda=1.0-lms=9/88.trn --output trn --nnlm-weight 1.0 --lm-scale 9 --max-tokens-per-node 62 --beam 650 --recombination-order 22 --num-jobs 128 --job 88 --unk-penalty=-20
2020-08-21 13:41:43,737 get_default_device: Context None device="Tesla K80" ID="0000:84:00.0"
2020-08-21 13:41:43,739 from_file: Reading vocabulary from network state.
2020-08-21 13:41:44,008 from_file: Number of words in vocabulary: 42699
2020-08-21 13:41:44,008 from_file: Number of words in shortlist: 42699
2020-08-21 13:41:44,008 from_file: Number of word classes: 42699
2020-08-21 13:41:44,009 from_file: Building neural network.
2020-08-21 13:42:30,996 from_file: Restoring neural network state.
2020-08-21 13:42:31,440 decode: Building word lattice decoder.
2020-08-21 13:42:37,511 __iter__: Reading lattice file `/tmp/55136576/lattices/dspm005_dsp2013_09.lat.gz´.
2020-08-21 13:42:37,750 decode: Utterance `dspm005_dsp2013_09´ -- 1 of job 88
2020-08-21 13:42:44,166 __iter__: Reading lattice file `/tmp/55136576/lattices/dspm015_dsp2013_03.lat.gz´.
2020-08-21 13:42:44,609 decode: Utterance `dspm015_dsp2013_03´ -- 2 of job 88
2020-08-21 13:43:02,804 __iter__: Reading lattice file `/tmp/55136576/lattices/dspm022_dsp2013_22.lat.gz´.
2020-08-21 13:43:03,351 decode: Utterance `dspm022_dsp2013_22´ -- 3 of job 88
2020-08-21 13:43:29,969 __iter__: Reading lattice file `/tmp/55136576/lattices/dspm032_dsp2013_10.lat.gz´.
2020-08-21 13:43:32,266 decode: Utterance `dspm032_dsp2013_10´ -- 4 of job 88
2020-08-21 13:45:51,797 __iter__: Reading lattice file `/tmp/55136576/lattices/dspm042_dsp2013_12.lat.gz´.
2020-08-21 13:45:51,947 decode: Utterance `dspm042_dsp2013_12´ -- 5 of job 88
2020-08-21 13:45:58,715 __iter__: Reading lattice file `/tmp/55136576/lattices/dspm050_dsp2013_21.lat.gz´.
2020-08-21 13:46:00,081 decode: Utterance `dspm050_dsp2013_21´ -- 6 of job 88
2020-08-21 13:47:22,306 __iter__: Reading lattice file `/tmp/55136576/lattices/dspm058_dsp2013_19.lat.gz´.
2020-08-21 13:47:22,587 decode: Utterance `dspm058_dsp2013_19´ -- 7 of job 88
2020-08-21 13:47:38,100 __iter__: Reading lattice file `/tmp/55136576/lattices/radioshaka_kbk20120915_9.lat.gz´.
2020-08-21 13:47:38,154 decode: Utterance `radioshaka_kbk20120915_9´ -- 8 of job 88
/scratch/work/groszt1/envs/theanoLM/lib/python3.7/site-packages/theano/gpuarray/dnn.py:184: UserWarning: Your cuDNN version is more recent than Theano. If you encounter problems, try updating Theano or downgrading cuDNN to a version >= v5 and <= v7.
  warnings.warn("Your cuDNN version is more recent than "
Using cuDNN version 7600 on context None
Mapped name None to device cuda0: Tesla K80 (0000:84:00.0)
/scratch/work/groszt1/envs/theanoLM/lib/python3.7/site-packages/h5py-2.9.0-py3.7-linux-x86_64.egg/h5py/_hl/dataset.py:313: H5pyDeprecationWarning: dataset.value has been deprecated. Use dataset[()] instead.
  "Use dataset[()] instead.", H5pyDeprecationWarning)
/scratch/work/groszt1/envs/theanoLM/lib/python3.7/site-packages/h5py-2.9.0-py3.7-linux-x86_64.egg/h5py/_hl/dataset.py:313: H5pyDeprecationWarning: dataset.value has been deprecated. Use dataset[()] instead.
  "Use dataset[()] instead.", H5pyDeprecationWarning)
decode_theanolm finished.
/tmp/55136576/lattices
floatX=float32,device=cuda0,base_compiledir=/tmp/theano,exception_verbosity=high,openmp=False
/scratch/work/groszt1/envs/theanoLM/lib/python3.7/site-packages/theano/gpuarray/dnn.py:184: UserWarning: Your cuDNN version is more recent than Theano. If you encounter problems, try updating Theano or downgrading cuDNN to a version >= v5 and <= v7.
  warnings.warn("Your cuDNN version is more recent than "
Using cuDNN version 7600 on context None
Mapped name None to device cuda0: Tesla K80 (0000:84:00.0)
TheanoLM 1.3.2
Theano 1.0.4
pygpu 0.7.6
==
+ srun --gres=gpu:1 theanolm decode /scratch/work/moisioa3/conv_lm/experiments/morph/D=0.001-D2=0.002-cutoffs001-n=5/nnlm.h5 --lattice-list /tmp/55136576/lattices/lattice-list --output-file /scratch/work/moisioa3/conv_lm/experiments/morph/D=0.001-D2=0.002-cutoffs001-n=5/decode/devel/lambda=1.0-lms=10/88.trn --output trn --nnlm-weight 1.0 --lm-scale 10 --max-tokens-per-node 62 --beam 650 --recombination-order 22 --num-jobs 128 --job 88 --unk-penalty=-20
2020-08-21 13:47:48,222 get_default_device: Context None device="Tesla K80" ID="0000:84:00.0"
2020-08-21 13:47:48,224 from_file: Reading vocabulary from network state.
2020-08-21 13:47:48,508 from_file: Number of words in vocabulary: 42699
2020-08-21 13:47:48,509 from_file: Number of words in shortlist: 42699
2020-08-21 13:47:48,509 from_file: Number of word classes: 42699
2020-08-21 13:47:48,509 from_file: Building neural network.
2020-08-21 13:48:34,289 from_file: Restoring neural network state.
2020-08-21 13:48:34,718 decode: Building word lattice decoder.
2020-08-21 13:48:40,521 __iter__: Reading lattice file `/tmp/55136576/lattices/dspm005_dsp2013_09.lat.gz´.
2020-08-21 13:48:40,757 decode: Utterance `dspm005_dsp2013_09´ -- 1 of job 88
2020-08-21 13:48:46,948 __iter__: Reading lattice file `/tmp/55136576/lattices/dspm015_dsp2013_03.lat.gz´.
2020-08-21 13:48:47,375 decode: Utterance `dspm015_dsp2013_03´ -- 2 of job 88
2020-08-21 13:49:05,480 __iter__: Reading lattice file `/tmp/55136576/lattices/dspm022_dsp2013_22.lat.gz´.
2020-08-21 13:49:06,029 decode: Utterance `dspm022_dsp2013_22´ -- 3 of job 88
2020-08-21 13:49:32,713 __iter__: Reading lattice file `/tmp/55136576/lattices/dspm032_dsp2013_10.lat.gz´.
2020-08-21 13:49:35,023 decode: Utterance `dspm032_dsp2013_10´ -- 4 of job 88
2020-08-21 13:51:59,342 __iter__: Reading lattice file `/tmp/55136576/lattices/dspm042_dsp2013_12.lat.gz´.
2020-08-21 13:51:59,493 decode: Utterance `dspm042_dsp2013_12´ -- 5 of job 88
2020-08-21 13:52:06,378 __iter__: Reading lattice file `/tmp/55136576/lattices/dspm050_dsp2013_21.lat.gz´.
2020-08-21 13:52:07,751 decode: Utterance `dspm050_dsp2013_21´ -- 6 of job 88
2020-08-21 13:53:29,634 __iter__: Reading lattice file `/tmp/55136576/lattices/dspm058_dsp2013_19.lat.gz´.
2020-08-21 13:53:29,917 decode: Utterance `dspm058_dsp2013_19´ -- 7 of job 88
2020-08-21 13:53:45,369 __iter__: Reading lattice file `/tmp/55136576/lattices/radioshaka_kbk20120915_9.lat.gz´.
2020-08-21 13:53:45,424 decode: Utterance `radioshaka_kbk20120915_9´ -- 8 of job 88
/scratch/work/groszt1/envs/theanoLM/lib/python3.7/site-packages/theano/gpuarray/dnn.py:184: UserWarning: Your cuDNN version is more recent than Theano. If you encounter problems, try updating Theano or downgrading cuDNN to a version >= v5 and <= v7.
  warnings.warn("Your cuDNN version is more recent than "
Using cuDNN version 7600 on context None
Mapped name None to device cuda0: Tesla K80 (0000:84:00.0)
/scratch/work/groszt1/envs/theanoLM/lib/python3.7/site-packages/h5py-2.9.0-py3.7-linux-x86_64.egg/h5py/_hl/dataset.py:313: H5pyDeprecationWarning: dataset.value has been deprecated. Use dataset[()] instead.
  "Use dataset[()] instead.", H5pyDeprecationWarning)
/scratch/work/groszt1/envs/theanoLM/lib/python3.7/site-packages/h5py-2.9.0-py3.7-linux-x86_64.egg/h5py/_hl/dataset.py:313: H5pyDeprecationWarning: dataset.value has been deprecated. Use dataset[()] instead.
  "Use dataset[()] instead.", H5pyDeprecationWarning)
decode_theanolm finished.
/tmp/55136576/lattices
floatX=float32,device=cuda0,base_compiledir=/tmp/theano,exception_verbosity=high,openmp=False
/scratch/work/groszt1/envs/theanoLM/lib/python3.7/site-packages/theano/gpuarray/dnn.py:184: UserWarning: Your cuDNN version is more recent than Theano. If you encounter problems, try updating Theano or downgrading cuDNN to a version >= v5 and <= v7.
  warnings.warn("Your cuDNN version is more recent than "
Using cuDNN version 7600 on context None
Mapped name None to device cuda0: Tesla K80 (0000:84:00.0)
TheanoLM 1.3.2
Theano 1.0.4
pygpu 0.7.6
==
+ srun --gres=gpu:1 theanolm decode /scratch/work/moisioa3/conv_lm/experiments/morph/D=0.001-D2=0.002-cutoffs001-n=5/nnlm.h5 --lattice-list /tmp/55136576/lattices/lattice-list --output-file /scratch/work/moisioa3/conv_lm/experiments/morph/D=0.001-D2=0.002-cutoffs001-n=5/decode/devel/lambda=1.0-lms=11/88.trn --output trn --nnlm-weight 1.0 --lm-scale 11 --max-tokens-per-node 62 --beam 650 --recombination-order 22 --num-jobs 128 --job 88 --unk-penalty=-20
2020-08-21 13:53:56,182 get_default_device: Context None device="Tesla K80" ID="0000:84:00.0"
2020-08-21 13:53:56,183 from_file: Reading vocabulary from network state.
2020-08-21 13:53:56,452 from_file: Number of words in vocabulary: 42699
2020-08-21 13:53:56,453 from_file: Number of words in shortlist: 42699
2020-08-21 13:53:56,453 from_file: Number of word classes: 42699
2020-08-21 13:53:56,453 from_file: Building neural network.
2020-08-21 13:54:42,157 from_file: Restoring neural network state.
2020-08-21 13:54:42,575 decode: Building word lattice decoder.
2020-08-21 13:54:48,476 __iter__: Reading lattice file `/tmp/55136576/lattices/dspm005_dsp2013_09.lat.gz´.
2020-08-21 13:54:48,635 decode: Utterance `dspm005_dsp2013_09´ -- 1 of job 88
2020-08-21 13:54:54,865 __iter__: Reading lattice file `/tmp/55136576/lattices/dspm015_dsp2013_03.lat.gz´.
2020-08-21 13:54:55,303 decode: Utterance `dspm015_dsp2013_03´ -- 2 of job 88
2020-08-21 13:55:13,423 __iter__: Reading lattice file `/tmp/55136576/lattices/dspm022_dsp2013_22.lat.gz´.
2020-08-21 13:55:13,983 decode: Utterance `dspm022_dsp2013_22´ -- 3 of job 88
2020-08-21 13:55:40,992 __iter__: Reading lattice file `/tmp/55136576/lattices/dspm032_dsp2013_10.lat.gz´.
2020-08-21 13:55:43,344 decode: Utterance `dspm032_dsp2013_10´ -- 4 of job 88
2020-08-21 13:58:06,420 __iter__: Reading lattice file `/tmp/55136576/lattices/dspm042_dsp2013_12.lat.gz´.
2020-08-21 13:58:06,574 decode: Utterance `dspm042_dsp2013_12´ -- 5 of job 88
2020-08-21 13:58:13,434 __iter__: Reading lattice file `/tmp/55136576/lattices/dspm050_dsp2013_21.lat.gz´.
2020-08-21 13:58:14,853 decode: Utterance `dspm050_dsp2013_21´ -- 6 of job 88
2020-08-21 13:59:39,353 __iter__: Reading lattice file `/tmp/55136576/lattices/dspm058_dsp2013_19.lat.gz´.
2020-08-21 13:59:39,641 decode: Utterance `dspm058_dsp2013_19´ -- 7 of job 88
2020-08-21 13:59:55,214 __iter__: Reading lattice file `/tmp/55136576/lattices/radioshaka_kbk20120915_9.lat.gz´.
2020-08-21 13:59:55,269 decode: Utterance `radioshaka_kbk20120915_9´ -- 8 of job 88
/scratch/work/groszt1/envs/theanoLM/lib/python3.7/site-packages/theano/gpuarray/dnn.py:184: UserWarning: Your cuDNN version is more recent than Theano. If you encounter problems, try updating Theano or downgrading cuDNN to a version >= v5 and <= v7.
  warnings.warn("Your cuDNN version is more recent than "
Using cuDNN version 7600 on context None
Mapped name None to device cuda0: Tesla K80 (0000:84:00.0)
/scratch/work/groszt1/envs/theanoLM/lib/python3.7/site-packages/h5py-2.9.0-py3.7-linux-x86_64.egg/h5py/_hl/dataset.py:313: H5pyDeprecationWarning: dataset.value has been deprecated. Use dataset[()] instead.
  "Use dataset[()] instead.", H5pyDeprecationWarning)
/scratch/work/groszt1/envs/theanoLM/lib/python3.7/site-packages/h5py-2.9.0-py3.7-linux-x86_64.egg/h5py/_hl/dataset.py:313: H5pyDeprecationWarning: dataset.value has been deprecated. Use dataset[()] instead.
  "Use dataset[()] instead.", H5pyDeprecationWarning)
decode_theanolm finished.
decode devel finished.
