Experiment: morph/D=0.001-D2=0.002-cutoffs001-n=5
Job ID: 55136610
Task ID: 102
Host: gpu24.int.triton.aalto.fi
Start date: Fri Aug 21 13:37:15 EEST 2020
Work directory: /scratch/work/moisioa3/conv_lm/experiments/morph/D=0.001-D2=0.002-cutoffs001-n=5
Temporary directory: /tmp/55136610

Currently Loaded Modules:
  1) speech-scripts/2016.05.24-b928230   6) binutils/2.25-GCCcore-5.4.0
  2) srilm/default                       7) GCC/5.4.0-2.25
  3) cuda/10.0.130                       8) libgpuarray/2017.03.29-45c731f
  4) cudnn/7.4.2-cuda                    9) anaconda3/latest
  5) GCCcore/5.4.0

 

/tmp/55136610/lattices
floatX=float32,device=cuda0,base_compiledir=/tmp/theano,exception_verbosity=high,openmp=False
/scratch/work/groszt1/envs/theanoLM/lib/python3.7/site-packages/theano/gpuarray/dnn.py:184: UserWarning: Your cuDNN version is more recent than Theano. If you encounter problems, try updating Theano or downgrading cuDNN to a version >= v5 and <= v7.
  warnings.warn("Your cuDNN version is more recent than "
Using cuDNN version 7600 on context None
Mapped name None to device cuda0: Tesla P100-PCIE-16GB (0000:03:00.0)
TheanoLM 1.3.2
Theano 1.0.4
pygpu 0.7.6
==
+ srun --gres=gpu:1 theanolm decode /scratch/work/moisioa3/conv_lm/experiments/morph/D=0.001-D2=0.002-cutoffs001-n=5/nnlm.h5 --lattice-list /tmp/55136610/lattices/lattice-list --output-file /scratch/work/moisioa3/conv_lm/experiments/morph/D=0.001-D2=0.002-cutoffs001-n=5/decode/devel/lambda=0.5-lms=9/102.trn --output trn --nnlm-weight 0.5 --lm-scale 9 --max-tokens-per-node 62 --beam 650 --recombination-order 22 --num-jobs 128 --job 102 --unk-penalty=-20
2020-08-21 13:37:28,798 get_default_device: Context None device="Tesla P100-PCIE-16GB" ID="0000:03:00.0"
2020-08-21 13:37:28,799 from_file: Reading vocabulary from network state.
2020-08-21 13:37:29,052 from_file: Number of words in vocabulary: 42699
2020-08-21 13:37:29,052 from_file: Number of words in shortlist: 42699
2020-08-21 13:37:29,052 from_file: Number of word classes: 42699
2020-08-21 13:37:29,052 from_file: Building neural network.
2020-08-21 13:38:12,407 from_file: Restoring neural network state.
2020-08-21 13:38:12,775 decode: Building word lattice decoder.
2020-08-21 13:38:18,201 __iter__: Reading lattice file `/tmp/55136610/lattices/dspm005_dsp2013_23.lat.gz´.
2020-08-21 13:38:21,388 decode: Utterance `dspm005_dsp2013_23´ -- 1 of job 102
2020-08-21 13:40:16,358 __iter__: Reading lattice file `/tmp/55136610/lattices/dspm015_dsp2013_17.lat.gz´.
2020-08-21 13:40:16,842 decode: Utterance `dspm015_dsp2013_17´ -- 2 of job 102
2020-08-21 13:40:27,021 __iter__: Reading lattice file `/tmp/55136610/lattices/dspm024_dsp2013_01.lat.gz´.
2020-08-21 13:40:27,627 decode: Utterance `dspm024_dsp2013_01´ -- 3 of job 102
2020-08-21 13:40:41,657 __iter__: Reading lattice file `/tmp/55136610/lattices/dspm032_dsp2013_24.lat.gz´.
2020-08-21 13:40:41,715 decode: Utterance `dspm032_dsp2013_24´ -- 4 of job 102
2020-08-21 13:40:43,992 __iter__: Reading lattice file `/tmp/55136610/lattices/dspm043_dsp2013_06.lat.gz´.
2020-08-21 13:40:44,162 decode: Utterance `dspm043_dsp2013_06´ -- 5 of job 102
2020-08-21 13:40:49,125 __iter__: Reading lattice file `/tmp/55136610/lattices/dspm052_dsp2013_04.lat.gz´.
2020-08-21 13:40:49,221 decode: Utterance `dspm052_dsp2013_04´ -- 6 of job 102
2020-08-21 13:40:51,696 __iter__: Reading lattice file `/tmp/55136610/lattices/radioanne_fym20071218_30.lat.gz´.
2020-08-21 13:40:51,713 decode: Utterance `radioanne_fym20071218_30´ -- 7 of job 102
/scratch/work/groszt1/envs/theanoLM/lib/python3.7/site-packages/theano/gpuarray/dnn.py:184: UserWarning: Your cuDNN version is more recent than Theano. If you encounter problems, try updating Theano or downgrading cuDNN to a version >= v5 and <= v7.
  warnings.warn("Your cuDNN version is more recent than "
Using cuDNN version 7600 on context None
Mapped name None to device cuda0: Tesla P100-PCIE-16GB (0000:03:00.0)
/scratch/work/groszt1/envs/theanoLM/lib/python3.7/site-packages/h5py-2.9.0-py3.7-linux-x86_64.egg/h5py/_hl/dataset.py:313: H5pyDeprecationWarning: dataset.value has been deprecated. Use dataset[()] instead.
  "Use dataset[()] instead.", H5pyDeprecationWarning)
/scratch/work/groszt1/envs/theanoLM/lib/python3.7/site-packages/h5py-2.9.0-py3.7-linux-x86_64.egg/h5py/_hl/dataset.py:313: H5pyDeprecationWarning: dataset.value has been deprecated. Use dataset[()] instead.
  "Use dataset[()] instead.", H5pyDeprecationWarning)
decode_theanolm finished.
/tmp/55136610/lattices
floatX=float32,device=cuda0,base_compiledir=/tmp/theano,exception_verbosity=high,openmp=False
/scratch/work/groszt1/envs/theanoLM/lib/python3.7/site-packages/theano/gpuarray/dnn.py:184: UserWarning: Your cuDNN version is more recent than Theano. If you encounter problems, try updating Theano or downgrading cuDNN to a version >= v5 and <= v7.
  warnings.warn("Your cuDNN version is more recent than "
Using cuDNN version 7600 on context None
Mapped name None to device cuda0: Tesla P100-PCIE-16GB (0000:03:00.0)
TheanoLM 1.3.2
Theano 1.0.4
pygpu 0.7.6
==
+ srun --gres=gpu:1 theanolm decode /scratch/work/moisioa3/conv_lm/experiments/morph/D=0.001-D2=0.002-cutoffs001-n=5/nnlm.h5 --lattice-list /tmp/55136610/lattices/lattice-list --output-file /scratch/work/moisioa3/conv_lm/experiments/morph/D=0.001-D2=0.002-cutoffs001-n=5/decode/devel/lambda=0.5-lms=10/102.trn --output trn --nnlm-weight 0.5 --lm-scale 10 --max-tokens-per-node 62 --beam 650 --recombination-order 22 --num-jobs 128 --job 102 --unk-penalty=-20
2020-08-21 13:41:00,155 get_default_device: Context None device="Tesla P100-PCIE-16GB" ID="0000:03:00.0"
2020-08-21 13:41:00,156 from_file: Reading vocabulary from network state.
2020-08-21 13:41:00,463 from_file: Number of words in vocabulary: 42699
2020-08-21 13:41:00,464 from_file: Number of words in shortlist: 42699
2020-08-21 13:41:00,464 from_file: Number of word classes: 42699
2020-08-21 13:41:00,464 from_file: Building neural network.
2020-08-21 13:41:46,991 from_file: Restoring neural network state.
2020-08-21 13:41:47,388 decode: Building word lattice decoder.
2020-08-21 13:41:53,376 __iter__: Reading lattice file `/tmp/55136610/lattices/dspm005_dsp2013_23.lat.gz´.
2020-08-21 13:41:56,431 decode: Utterance `dspm005_dsp2013_23´ -- 1 of job 102
2020-08-21 13:43:51,677 __iter__: Reading lattice file `/tmp/55136610/lattices/dspm015_dsp2013_17.lat.gz´.
2020-08-21 13:43:52,141 decode: Utterance `dspm015_dsp2013_17´ -- 2 of job 102
2020-08-21 13:44:02,892 __iter__: Reading lattice file `/tmp/55136610/lattices/dspm024_dsp2013_01.lat.gz´.
2020-08-21 13:44:03,553 decode: Utterance `dspm024_dsp2013_01´ -- 3 of job 102
2020-08-21 13:44:19,234 __iter__: Reading lattice file `/tmp/55136610/lattices/dspm032_dsp2013_24.lat.gz´.
2020-08-21 13:44:19,291 decode: Utterance `dspm032_dsp2013_24´ -- 4 of job 102
2020-08-21 13:44:21,750 __iter__: Reading lattice file `/tmp/55136610/lattices/dspm043_dsp2013_06.lat.gz´.
2020-08-21 13:44:21,919 decode: Utterance `dspm043_dsp2013_06´ -- 5 of job 102
2020-08-21 13:44:27,408 __iter__: Reading lattice file `/tmp/55136610/lattices/dspm052_dsp2013_04.lat.gz´.
2020-08-21 13:44:27,503 decode: Utterance `dspm052_dsp2013_04´ -- 6 of job 102
2020-08-21 13:44:30,126 __iter__: Reading lattice file `/tmp/55136610/lattices/radioanne_fym20071218_30.lat.gz´.
2020-08-21 13:44:30,143 decode: Utterance `radioanne_fym20071218_30´ -- 7 of job 102
/scratch/work/groszt1/envs/theanoLM/lib/python3.7/site-packages/theano/gpuarray/dnn.py:184: UserWarning: Your cuDNN version is more recent than Theano. If you encounter problems, try updating Theano or downgrading cuDNN to a version >= v5 and <= v7.
  warnings.warn("Your cuDNN version is more recent than "
Using cuDNN version 7600 on context None
Mapped name None to device cuda0: Tesla P100-PCIE-16GB (0000:03:00.0)
/scratch/work/groszt1/envs/theanoLM/lib/python3.7/site-packages/h5py-2.9.0-py3.7-linux-x86_64.egg/h5py/_hl/dataset.py:313: H5pyDeprecationWarning: dataset.value has been deprecated. Use dataset[()] instead.
  "Use dataset[()] instead.", H5pyDeprecationWarning)
/scratch/work/groszt1/envs/theanoLM/lib/python3.7/site-packages/h5py-2.9.0-py3.7-linux-x86_64.egg/h5py/_hl/dataset.py:313: H5pyDeprecationWarning: dataset.value has been deprecated. Use dataset[()] instead.
  "Use dataset[()] instead.", H5pyDeprecationWarning)
decode_theanolm finished.
/tmp/55136610/lattices
floatX=float32,device=cuda0,base_compiledir=/tmp/theano,exception_verbosity=high,openmp=False
INFO (theano.gof.compilelock): Waiting for existing lock by process '15971' (I am process '16127')
INFO (theano.gof.compilelock): To manually release the lock, delete /tmp/theano/compiledir_Linux-3.10-el7.x86_64-x86_64-with-centos-7.8.2003-Core-x86_64-3.7.3-64/lock_dir
/scratch/work/groszt1/envs/theanoLM/lib/python3.7/site-packages/theano/gpuarray/dnn.py:184: UserWarning: Your cuDNN version is more recent than Theano. If you encounter problems, try updating Theano or downgrading cuDNN to a version >= v5 and <= v7.
  warnings.warn("Your cuDNN version is more recent than "
Using cuDNN version 7600 on context None
Mapped name None to device cuda0: Tesla P100-PCIE-16GB (0000:03:00.0)
TheanoLM 1.3.2
Theano 1.0.4
pygpu 0.7.6
==
+ srun --gres=gpu:1 theanolm decode /scratch/work/moisioa3/conv_lm/experiments/morph/D=0.001-D2=0.002-cutoffs001-n=5/nnlm.h5 --lattice-list /tmp/55136610/lattices/lattice-list --output-file /scratch/work/moisioa3/conv_lm/experiments/morph/D=0.001-D2=0.002-cutoffs001-n=5/decode/devel/lambda=0.5-lms=11/102.trn --output trn --nnlm-weight 0.5 --lm-scale 11 --max-tokens-per-node 62 --beam 650 --recombination-order 22 --num-jobs 128 --job 102 --unk-penalty=-20
2020-08-21 13:44:56,515 get_default_device: Context None device="Tesla P100-PCIE-16GB" ID="0000:03:00.0"
2020-08-21 13:44:56,517 from_file: Reading vocabulary from network state.
2020-08-21 13:44:56,843 from_file: Number of words in vocabulary: 42699
2020-08-21 13:44:56,843 from_file: Number of words in shortlist: 42699
2020-08-21 13:44:56,843 from_file: Number of word classes: 42699
2020-08-21 13:44:56,843 from_file: Building neural network.
2020-08-21 13:45:42,873 from_file: Restoring neural network state.
2020-08-21 13:45:43,230 decode: Building word lattice decoder.
2020-08-21 13:45:48,907 __iter__: Reading lattice file `/tmp/55136610/lattices/dspm005_dsp2013_23.lat.gz´.
2020-08-21 13:45:52,056 decode: Utterance `dspm005_dsp2013_23´ -- 1 of job 102
2020-08-21 13:47:47,320 __iter__: Reading lattice file `/tmp/55136610/lattices/dspm015_dsp2013_17.lat.gz´.
2020-08-21 13:47:47,785 decode: Utterance `dspm015_dsp2013_17´ -- 2 of job 102
2020-08-21 13:47:59,317 __iter__: Reading lattice file `/tmp/55136610/lattices/dspm024_dsp2013_01.lat.gz´.
2020-08-21 13:47:59,949 decode: Utterance `dspm024_dsp2013_01´ -- 3 of job 102
2020-08-21 13:48:15,218 __iter__: Reading lattice file `/tmp/55136610/lattices/dspm032_dsp2013_24.lat.gz´.
2020-08-21 13:48:15,274 decode: Utterance `dspm032_dsp2013_24´ -- 4 of job 102
2020-08-21 13:48:17,662 __iter__: Reading lattice file `/tmp/55136610/lattices/dspm043_dsp2013_06.lat.gz´.
2020-08-21 13:48:17,821 decode: Utterance `dspm043_dsp2013_06´ -- 5 of job 102
2020-08-21 13:48:23,129 __iter__: Reading lattice file `/tmp/55136610/lattices/dspm052_dsp2013_04.lat.gz´.
2020-08-21 13:48:23,214 decode: Utterance `dspm052_dsp2013_04´ -- 6 of job 102
2020-08-21 13:48:25,777 __iter__: Reading lattice file `/tmp/55136610/lattices/radioanne_fym20071218_30.lat.gz´.
2020-08-21 13:48:25,793 decode: Utterance `radioanne_fym20071218_30´ -- 7 of job 102
/scratch/work/groszt1/envs/theanoLM/lib/python3.7/site-packages/theano/gpuarray/dnn.py:184: UserWarning: Your cuDNN version is more recent than Theano. If you encounter problems, try updating Theano or downgrading cuDNN to a version >= v5 and <= v7.
  warnings.warn("Your cuDNN version is more recent than "
Using cuDNN version 7600 on context None
Mapped name None to device cuda0: Tesla P100-PCIE-16GB (0000:03:00.0)
/scratch/work/groszt1/envs/theanoLM/lib/python3.7/site-packages/h5py-2.9.0-py3.7-linux-x86_64.egg/h5py/_hl/dataset.py:313: H5pyDeprecationWarning: dataset.value has been deprecated. Use dataset[()] instead.
  "Use dataset[()] instead.", H5pyDeprecationWarning)
/scratch/work/groszt1/envs/theanoLM/lib/python3.7/site-packages/h5py-2.9.0-py3.7-linux-x86_64.egg/h5py/_hl/dataset.py:313: H5pyDeprecationWarning: dataset.value has been deprecated. Use dataset[()] instead.
  "Use dataset[()] instead.", H5pyDeprecationWarning)
decode_theanolm finished.
/tmp/55136610/lattices
floatX=float32,device=cuda0,base_compiledir=/tmp/theano,exception_verbosity=high,openmp=False
/scratch/work/groszt1/envs/theanoLM/lib/python3.7/site-packages/theano/gpuarray/dnn.py:184: UserWarning: Your cuDNN version is more recent than Theano. If you encounter problems, try updating Theano or downgrading cuDNN to a version >= v5 and <= v7.
  warnings.warn("Your cuDNN version is more recent than "
Using cuDNN version 7600 on context None
Mapped name None to device cuda0: Tesla P100-PCIE-16GB (0000:03:00.0)
TheanoLM 1.3.2
Theano 1.0.4
pygpu 0.7.6
==
+ srun --gres=gpu:1 theanolm decode /scratch/work/moisioa3/conv_lm/experiments/morph/D=0.001-D2=0.002-cutoffs001-n=5/nnlm.h5 --lattice-list /tmp/55136610/lattices/lattice-list --output-file /scratch/work/moisioa3/conv_lm/experiments/morph/D=0.001-D2=0.002-cutoffs001-n=5/decode/devel/lambda=1.0-lms=9/102.trn --output trn --nnlm-weight 1.0 --lm-scale 9 --max-tokens-per-node 62 --beam 650 --recombination-order 22 --num-jobs 128 --job 102 --unk-penalty=-20
2020-08-21 13:48:43,659 get_default_device: Context None device="Tesla P100-PCIE-16GB" ID="0000:03:00.0"
2020-08-21 13:48:43,660 from_file: Reading vocabulary from network state.
2020-08-21 13:48:43,979 from_file: Number of words in vocabulary: 42699
2020-08-21 13:48:43,979 from_file: Number of words in shortlist: 42699
2020-08-21 13:48:43,980 from_file: Number of word classes: 42699
2020-08-21 13:48:43,980 from_file: Building neural network.
2020-08-21 13:49:31,770 from_file: Restoring neural network state.
2020-08-21 13:49:32,126 decode: Building word lattice decoder.
2020-08-21 13:49:37,110 __iter__: Reading lattice file `/tmp/55136610/lattices/dspm005_dsp2013_23.lat.gz´.
2020-08-21 13:49:39,868 decode: Utterance `dspm005_dsp2013_23´ -- 1 of job 102
2020-08-21 13:51:16,125 __iter__: Reading lattice file `/tmp/55136610/lattices/dspm015_dsp2013_17.lat.gz´.
2020-08-21 13:51:16,617 decode: Utterance `dspm015_dsp2013_17´ -- 2 of job 102
2020-08-21 13:51:27,144 __iter__: Reading lattice file `/tmp/55136610/lattices/dspm024_dsp2013_01.lat.gz´.
2020-08-21 13:51:27,765 decode: Utterance `dspm024_dsp2013_01´ -- 3 of job 102
2020-08-21 13:51:41,736 __iter__: Reading lattice file `/tmp/55136610/lattices/dspm032_dsp2013_24.lat.gz´.
2020-08-21 13:51:41,794 decode: Utterance `dspm032_dsp2013_24´ -- 4 of job 102
2020-08-21 13:51:43,530 __iter__: Reading lattice file `/tmp/55136610/lattices/dspm043_dsp2013_06.lat.gz´.
2020-08-21 13:51:43,699 decode: Utterance `dspm043_dsp2013_06´ -- 5 of job 102
2020-08-21 13:51:48,086 __iter__: Reading lattice file `/tmp/55136610/lattices/dspm052_dsp2013_04.lat.gz´.
2020-08-21 13:51:48,179 decode: Utterance `dspm052_dsp2013_04´ -- 6 of job 102
2020-08-21 13:51:50,221 __iter__: Reading lattice file `/tmp/55136610/lattices/radioanne_fym20071218_30.lat.gz´.
2020-08-21 13:51:50,237 decode: Utterance `radioanne_fym20071218_30´ -- 7 of job 102
/scratch/work/groszt1/envs/theanoLM/lib/python3.7/site-packages/theano/gpuarray/dnn.py:184: UserWarning: Your cuDNN version is more recent than Theano. If you encounter problems, try updating Theano or downgrading cuDNN to a version >= v5 and <= v7.
  warnings.warn("Your cuDNN version is more recent than "
Using cuDNN version 7600 on context None
Mapped name None to device cuda0: Tesla P100-PCIE-16GB (0000:03:00.0)
/scratch/work/groszt1/envs/theanoLM/lib/python3.7/site-packages/h5py-2.9.0-py3.7-linux-x86_64.egg/h5py/_hl/dataset.py:313: H5pyDeprecationWarning: dataset.value has been deprecated. Use dataset[()] instead.
  "Use dataset[()] instead.", H5pyDeprecationWarning)
/scratch/work/groszt1/envs/theanoLM/lib/python3.7/site-packages/h5py-2.9.0-py3.7-linux-x86_64.egg/h5py/_hl/dataset.py:313: H5pyDeprecationWarning: dataset.value has been deprecated. Use dataset[()] instead.
  "Use dataset[()] instead.", H5pyDeprecationWarning)
decode_theanolm finished.
/tmp/55136610/lattices
floatX=float32,device=cuda0,base_compiledir=/tmp/theano,exception_verbosity=high,openmp=False
/scratch/work/groszt1/envs/theanoLM/lib/python3.7/site-packages/theano/gpuarray/dnn.py:184: UserWarning: Your cuDNN version is more recent than Theano. If you encounter problems, try updating Theano or downgrading cuDNN to a version >= v5 and <= v7.
  warnings.warn("Your cuDNN version is more recent than "
Using cuDNN version 7600 on context None
Mapped name None to device cuda0: Tesla P100-PCIE-16GB (0000:03:00.0)
TheanoLM 1.3.2
Theano 1.0.4
pygpu 0.7.6
==
+ srun --gres=gpu:1 theanolm decode /scratch/work/moisioa3/conv_lm/experiments/morph/D=0.001-D2=0.002-cutoffs001-n=5/nnlm.h5 --lattice-list /tmp/55136610/lattices/lattice-list --output-file /scratch/work/moisioa3/conv_lm/experiments/morph/D=0.001-D2=0.002-cutoffs001-n=5/decode/devel/lambda=1.0-lms=10/102.trn --output trn --nnlm-weight 1.0 --lm-scale 10 --max-tokens-per-node 62 --beam 650 --recombination-order 22 --num-jobs 128 --job 102 --unk-penalty=-20
2020-08-21 13:52:08,247 get_default_device: Context None device="Tesla P100-PCIE-16GB" ID="0000:03:00.0"
2020-08-21 13:52:08,249 from_file: Reading vocabulary from network state.
2020-08-21 13:52:08,550 from_file: Number of words in vocabulary: 42699
2020-08-21 13:52:08,550 from_file: Number of words in shortlist: 42699
2020-08-21 13:52:08,551 from_file: Number of word classes: 42699
2020-08-21 13:52:08,551 from_file: Building neural network.
/scratch/work/groszt1/envs/theanoLM/lib/python3.7/site-packages/theano/gpuarray/dnn.py:184: UserWarning: Your cuDNN version is more recent than Theano. If you encounter problems, try updating Theano or downgrading cuDNN to a version >= v5 and <= v7.
  warnings.warn("Your cuDNN version is more recent than "
Using cuDNN version 7600 on context None
Mapped name None to device cuda0: Tesla P100-PCIE-16GB (0000:03:00.0)
/scratch/work/groszt1/envs/theanoLM/lib/python3.7/site-packages/h5py-2.9.0-py3.7-linux-x86_64.egg/h5py/_hl/dataset.py:313: H5pyDeprecationWarning: dataset.value has been deprecated. Use dataset[()] instead.
  "Use dataset[()] instead.", H5pyDeprecationWarning)
INFO (theano.gof.compilelock): Waiting for existing lock by process '19550' (I am process '19619')
2020-08-21 13:53:04,396 lock: Waiting for existing lock by process '19550' (I am process '19619')
INFO (theano.gof.compilelock): To manually release the lock, delete /tmp/theano/compiledir_Linux-3.10-el7.x86_64-x86_64-with-centos-7.8.2003-Core-x86_64-3.7.3-64/lock_dir
2020-08-21 13:53:04,397 lock: To manually release the lock, delete /tmp/theano/compiledir_Linux-3.10-el7.x86_64-x86_64-with-centos-7.8.2003-Core-x86_64-3.7.3-64/lock_dir
2020-08-21 13:53:12,223 from_file: Restoring neural network state.
2020-08-21 13:53:12,579 decode: Building word lattice decoder.
2020-08-21 13:53:25,113 __iter__: Reading lattice file `/tmp/55136610/lattices/dspm005_dsp2013_23.lat.gz´.
2020-08-21 13:53:28,268 decode: Utterance `dspm005_dsp2013_23´ -- 1 of job 102
2020-08-21 13:55:01,945 __iter__: Reading lattice file `/tmp/55136610/lattices/dspm015_dsp2013_17.lat.gz´.
2020-08-21 13:55:02,401 decode: Utterance `dspm015_dsp2013_17´ -- 2 of job 102
2020-08-21 13:55:12,297 __iter__: Reading lattice file `/tmp/55136610/lattices/dspm024_dsp2013_01.lat.gz´.
2020-08-21 13:55:12,870 decode: Utterance `dspm024_dsp2013_01´ -- 3 of job 102
2020-08-21 13:55:25,735 __iter__: Reading lattice file `/tmp/55136610/lattices/dspm032_dsp2013_24.lat.gz´.
2020-08-21 13:55:25,788 decode: Utterance `dspm032_dsp2013_24´ -- 4 of job 102
2020-08-21 13:55:27,589 __iter__: Reading lattice file `/tmp/55136610/lattices/dspm043_dsp2013_06.lat.gz´.
2020-08-21 13:55:27,761 decode: Utterance `dspm043_dsp2013_06´ -- 5 of job 102
2020-08-21 13:55:32,088 __iter__: Reading lattice file `/tmp/55136610/lattices/dspm052_dsp2013_04.lat.gz´.
2020-08-21 13:55:32,182 decode: Utterance `dspm052_dsp2013_04´ -- 6 of job 102
2020-08-21 13:55:34,305 __iter__: Reading lattice file `/tmp/55136610/lattices/radioanne_fym20071218_30.lat.gz´.
2020-08-21 13:55:34,321 decode: Utterance `radioanne_fym20071218_30´ -- 7 of job 102
/scratch/work/groszt1/envs/theanoLM/lib/python3.7/site-packages/h5py-2.9.0-py3.7-linux-x86_64.egg/h5py/_hl/dataset.py:313: H5pyDeprecationWarning: dataset.value has been deprecated. Use dataset[()] instead.
  "Use dataset[()] instead.", H5pyDeprecationWarning)
decode_theanolm finished.
/tmp/55136610/lattices
floatX=float32,device=cuda0,base_compiledir=/tmp/theano,exception_verbosity=high,openmp=False
/scratch/work/groszt1/envs/theanoLM/lib/python3.7/site-packages/theano/gpuarray/dnn.py:184: UserWarning: Your cuDNN version is more recent than Theano. If you encounter problems, try updating Theano or downgrading cuDNN to a version >= v5 and <= v7.
  warnings.warn("Your cuDNN version is more recent than "
Using cuDNN version 7600 on context None
Mapped name None to device cuda0: Tesla P100-PCIE-16GB (0000:03:00.0)
TheanoLM 1.3.2
Theano 1.0.4
pygpu 0.7.6
==
+ srun --gres=gpu:1 theanolm decode /scratch/work/moisioa3/conv_lm/experiments/morph/D=0.001-D2=0.002-cutoffs001-n=5/nnlm.h5 --lattice-list /tmp/55136610/lattices/lattice-list --output-file /scratch/work/moisioa3/conv_lm/experiments/morph/D=0.001-D2=0.002-cutoffs001-n=5/decode/devel/lambda=1.0-lms=11/102.trn --output trn --nnlm-weight 1.0 --lm-scale 11 --max-tokens-per-node 62 --beam 650 --recombination-order 22 --num-jobs 128 --job 102 --unk-penalty=-20
2020-08-21 13:55:42,615 get_default_device: Context None device="Tesla P100-PCIE-16GB" ID="0000:03:00.0"
2020-08-21 13:55:42,616 from_file: Reading vocabulary from network state.
2020-08-21 13:55:42,927 from_file: Number of words in vocabulary: 42699
2020-08-21 13:55:42,927 from_file: Number of words in shortlist: 42699
2020-08-21 13:55:42,927 from_file: Number of word classes: 42699
2020-08-21 13:55:42,927 from_file: Building neural network.
2020-08-21 13:56:28,238 from_file: Restoring neural network state.
2020-08-21 13:56:28,595 decode: Building word lattice decoder.
2020-08-21 13:56:34,430 __iter__: Reading lattice file `/tmp/55136610/lattices/dspm005_dsp2013_23.lat.gz´.
2020-08-21 13:56:37,683 decode: Utterance `dspm005_dsp2013_23´ -- 1 of job 102
2020-08-21 13:58:06,343 __iter__: Reading lattice file `/tmp/55136610/lattices/dspm015_dsp2013_17.lat.gz´.
2020-08-21 13:58:06,804 decode: Utterance `dspm015_dsp2013_17´ -- 2 of job 102
2020-08-21 13:58:16,646 __iter__: Reading lattice file `/tmp/55136610/lattices/dspm024_dsp2013_01.lat.gz´.
2020-08-21 13:58:17,225 decode: Utterance `dspm024_dsp2013_01´ -- 3 of job 102
2020-08-21 13:58:30,057 __iter__: Reading lattice file `/tmp/55136610/lattices/dspm032_dsp2013_24.lat.gz´.
2020-08-21 13:58:30,115 decode: Utterance `dspm032_dsp2013_24´ -- 4 of job 102
2020-08-21 13:58:31,903 __iter__: Reading lattice file `/tmp/55136610/lattices/dspm043_dsp2013_06.lat.gz´.
2020-08-21 13:58:32,072 decode: Utterance `dspm043_dsp2013_06´ -- 5 of job 102
2020-08-21 13:58:36,444 __iter__: Reading lattice file `/tmp/55136610/lattices/dspm052_dsp2013_04.lat.gz´.
2020-08-21 13:58:36,538 decode: Utterance `dspm052_dsp2013_04´ -- 6 of job 102
2020-08-21 13:58:38,591 __iter__: Reading lattice file `/tmp/55136610/lattices/radioanne_fym20071218_30.lat.gz´.
2020-08-21 13:58:38,607 decode: Utterance `radioanne_fym20071218_30´ -- 7 of job 102
/scratch/work/groszt1/envs/theanoLM/lib/python3.7/site-packages/theano/gpuarray/dnn.py:184: UserWarning: Your cuDNN version is more recent than Theano. If you encounter problems, try updating Theano or downgrading cuDNN to a version >= v5 and <= v7.
  warnings.warn("Your cuDNN version is more recent than "
Using cuDNN version 7600 on context None
Mapped name None to device cuda0: Tesla P100-PCIE-16GB (0000:03:00.0)
/scratch/work/groszt1/envs/theanoLM/lib/python3.7/site-packages/h5py-2.9.0-py3.7-linux-x86_64.egg/h5py/_hl/dataset.py:313: H5pyDeprecationWarning: dataset.value has been deprecated. Use dataset[()] instead.
  "Use dataset[()] instead.", H5pyDeprecationWarning)
/scratch/work/groszt1/envs/theanoLM/lib/python3.7/site-packages/h5py-2.9.0-py3.7-linux-x86_64.egg/h5py/_hl/dataset.py:313: H5pyDeprecationWarning: dataset.value has been deprecated. Use dataset[()] instead.
  "Use dataset[()] instead.", H5pyDeprecationWarning)
decode_theanolm finished.
decode devel finished.
