Experiment: morph/D=0.001-D2=0.002-cutoffs001-n=5
Job ID: 55137019
Task ID: 38
Host: gpu23.int.triton.aalto.fi
Start date: Fri Aug 21 16:25:09 EEST 2020
Work directory: /scratch/work/moisioa3/conv_lm/experiments/morph/D=0.001-D2=0.002-cutoffs001-n=5
Temporary directory: /tmp/55137019

Currently Loaded Modules:
  1) speech-scripts/2016.05.24-b928230   6) binutils/2.25-GCCcore-5.4.0
  2) srilm/default                       7) GCC/5.4.0-2.25
  3) cuda/10.0.130                       8) libgpuarray/2017.03.29-45c731f
  4) cudnn/7.4.2-cuda                    9) anaconda3/latest
  5) GCCcore/5.4.0

 

/tmp/55137019/lattices
floatX=float32,device=cuda0,base_compiledir=/tmp/theano,exception_verbosity=high,openmp=False
/scratch/work/groszt1/envs/theanoLM/lib/python3.7/site-packages/theano/gpuarray/dnn.py:184: UserWarning: Your cuDNN version is more recent than Theano. If you encounter problems, try updating Theano or downgrading cuDNN to a version >= v5 and <= v7.
  warnings.warn("Your cuDNN version is more recent than "
Using cuDNN version 7600 on context None
Mapped name None to device cuda0: Tesla P100-PCIE-16GB (0000:03:00.0)
TheanoLM 1.3.2
Theano 1.0.4
pygpu 0.7.6
==
+ srun --gres=gpu:1 theanolm decode /scratch/work/moisioa3/conv_lm/experiments/morph/D=0.001-D2=0.002-cutoffs001-n=5/nnlm.h5 --lattice-list /tmp/55137019/lattices/lattice-list --output-file /scratch/work/moisioa3/conv_lm/experiments/morph/D=0.001-D2=0.002-cutoffs001-n=5/decode/eval/lambda=0.5-lms=9/38.trn --output trn --nnlm-weight 0.5 --lm-scale 9 --max-tokens-per-node 62 --beam 650 --recombination-order 22 --num-jobs 128 --job 38 --unk-penalty=-20
2020-08-21 16:25:22,459 get_default_device: Context None device="Tesla P100-PCIE-16GB" ID="0000:03:00.0"
2020-08-21 16:25:22,461 from_file: Reading vocabulary from network state.
2020-08-21 16:25:22,731 from_file: Number of words in vocabulary: 42699
2020-08-21 16:25:22,731 from_file: Number of words in shortlist: 42699
2020-08-21 16:25:22,731 from_file: Number of word classes: 42699
2020-08-21 16:25:22,732 from_file: Building neural network.
2020-08-21 16:26:03,703 from_file: Restoring neural network state.
2020-08-21 16:26:04,030 decode: Building word lattice decoder.
2020-08-21 16:26:30,994 __iter__: Reading lattice file `/tmp/55137019/lattices/dspf002_dsp2013_19.lat.gz´.
2020-08-21 16:26:31,006 decode: Utterance `dspf002_dsp2013_19´ -- 1 of job 38
2020-08-21 16:26:32,027 __iter__: Reading lattice file `/tmp/55137019/lattices/dspm041_dsp2013_03.lat.gz´.
2020-08-21 16:26:32,609 decode: Utterance `dspm041_dsp2013_03´ -- 2 of job 38
2020-08-21 16:26:47,922 __iter__: Reading lattice file `/tmp/55137019/lattices/radiohenri_aamushow20100713_4.lat.gz´.
2020-08-21 16:26:48,286 decode: Utterance `radiohenri_aamushow20100713_4´ -- 3 of job 38
2020-08-21 16:26:56,961 __iter__: Reading lattice file `/tmp/55137019/lattices/radioporni_puhujainkulma20120930_22.lat.gz´.
2020-08-21 16:26:57,331 decode: Utterance `radioporni_puhujainkulma20120930_22´ -- 4 of job 38
/scratch/work/groszt1/envs/theanoLM/lib/python3.7/site-packages/theano/gpuarray/dnn.py:184: UserWarning: Your cuDNN version is more recent than Theano. If you encounter problems, try updating Theano or downgrading cuDNN to a version >= v5 and <= v7.
  warnings.warn("Your cuDNN version is more recent than "
Using cuDNN version 7600 on context None
Mapped name None to device cuda0: Tesla P100-PCIE-16GB (0000:03:00.0)
/scratch/work/groszt1/envs/theanoLM/lib/python3.7/site-packages/h5py-2.9.0-py3.7-linux-x86_64.egg/h5py/_hl/dataset.py:313: H5pyDeprecationWarning: dataset.value has been deprecated. Use dataset[()] instead.
  "Use dataset[()] instead.", H5pyDeprecationWarning)
/scratch/work/groszt1/envs/theanoLM/lib/python3.7/site-packages/h5py-2.9.0-py3.7-linux-x86_64.egg/h5py/_hl/dataset.py:313: H5pyDeprecationWarning: dataset.value has been deprecated. Use dataset[()] instead.
  "Use dataset[()] instead.", H5pyDeprecationWarning)
decode_theanolm finished.
/tmp/55137019/lattices
floatX=float32,device=cuda0,base_compiledir=/tmp/theano,exception_verbosity=high,openmp=False
/scratch/work/groszt1/envs/theanoLM/lib/python3.7/site-packages/theano/gpuarray/dnn.py:184: UserWarning: Your cuDNN version is more recent than Theano. If you encounter problems, try updating Theano or downgrading cuDNN to a version >= v5 and <= v7.
  warnings.warn("Your cuDNN version is more recent than "
Using cuDNN version 7600 on context None
Mapped name None to device cuda0: Tesla P100-PCIE-16GB (0000:03:00.0)
TheanoLM 1.3.2
Theano 1.0.4
pygpu 0.7.6
==
+ srun --gres=gpu:1 theanolm decode /scratch/work/moisioa3/conv_lm/experiments/morph/D=0.001-D2=0.002-cutoffs001-n=5/nnlm.h5 --lattice-list /tmp/55137019/lattices/lattice-list --output-file /scratch/work/moisioa3/conv_lm/experiments/morph/D=0.001-D2=0.002-cutoffs001-n=5/decode/eval/lambda=0.5-lms=10/38.trn --output trn --nnlm-weight 0.5 --lm-scale 10 --max-tokens-per-node 62 --beam 650 --recombination-order 22 --num-jobs 128 --job 38 --unk-penalty=-20
2020-08-21 16:27:14,011 get_default_device: Context None device="Tesla P100-PCIE-16GB" ID="0000:03:00.0"
2020-08-21 16:27:14,012 from_file: Reading vocabulary from network state.
2020-08-21 16:27:14,276 from_file: Number of words in vocabulary: 42699
2020-08-21 16:27:14,276 from_file: Number of words in shortlist: 42699
2020-08-21 16:27:14,276 from_file: Number of word classes: 42699
2020-08-21 16:27:14,277 from_file: Building neural network.
2020-08-21 16:27:55,343 from_file: Restoring neural network state.
2020-08-21 16:27:55,669 decode: Building word lattice decoder.
2020-08-21 16:28:00,744 __iter__: Reading lattice file `/tmp/55137019/lattices/dspf002_dsp2013_19.lat.gz´.
2020-08-21 16:28:00,756 decode: Utterance `dspf002_dsp2013_19´ -- 1 of job 38
2020-08-21 16:28:01,025 __iter__: Reading lattice file `/tmp/55137019/lattices/dspm041_dsp2013_03.lat.gz´.
2020-08-21 16:28:01,610 decode: Utterance `dspm041_dsp2013_03´ -- 2 of job 38
2020-08-21 16:28:17,347 __iter__: Reading lattice file `/tmp/55137019/lattices/radiohenri_aamushow20100713_4.lat.gz´.
2020-08-21 16:28:17,723 decode: Utterance `radiohenri_aamushow20100713_4´ -- 3 of job 38
2020-08-21 16:28:26,475 __iter__: Reading lattice file `/tmp/55137019/lattices/radioporni_puhujainkulma20120930_22.lat.gz´.
2020-08-21 16:28:26,854 decode: Utterance `radioporni_puhujainkulma20120930_22´ -- 4 of job 38
/scratch/work/groszt1/envs/theanoLM/lib/python3.7/site-packages/theano/gpuarray/dnn.py:184: UserWarning: Your cuDNN version is more recent than Theano. If you encounter problems, try updating Theano or downgrading cuDNN to a version >= v5 and <= v7.
  warnings.warn("Your cuDNN version is more recent than "
Using cuDNN version 7600 on context None
Mapped name None to device cuda0: Tesla P100-PCIE-16GB (0000:03:00.0)
/scratch/work/groszt1/envs/theanoLM/lib/python3.7/site-packages/h5py-2.9.0-py3.7-linux-x86_64.egg/h5py/_hl/dataset.py:313: H5pyDeprecationWarning: dataset.value has been deprecated. Use dataset[()] instead.
  "Use dataset[()] instead.", H5pyDeprecationWarning)
/scratch/work/groszt1/envs/theanoLM/lib/python3.7/site-packages/h5py-2.9.0-py3.7-linux-x86_64.egg/h5py/_hl/dataset.py:313: H5pyDeprecationWarning: dataset.value has been deprecated. Use dataset[()] instead.
  "Use dataset[()] instead.", H5pyDeprecationWarning)
decode_theanolm finished.
/tmp/55137019/lattices
floatX=float32,device=cuda0,base_compiledir=/tmp/theano,exception_verbosity=high,openmp=False
/scratch/work/groszt1/envs/theanoLM/lib/python3.7/site-packages/theano/gpuarray/dnn.py:184: UserWarning: Your cuDNN version is more recent than Theano. If you encounter problems, try updating Theano or downgrading cuDNN to a version >= v5 and <= v7.
  warnings.warn("Your cuDNN version is more recent than "
Using cuDNN version 7600 on context None
Mapped name None to device cuda0: Tesla P100-PCIE-16GB (0000:03:00.0)
TheanoLM 1.3.2
Theano 1.0.4
pygpu 0.7.6
==
+ srun --gres=gpu:1 theanolm decode /scratch/work/moisioa3/conv_lm/experiments/morph/D=0.001-D2=0.002-cutoffs001-n=5/nnlm.h5 --lattice-list /tmp/55137019/lattices/lattice-list --output-file /scratch/work/moisioa3/conv_lm/experiments/morph/D=0.001-D2=0.002-cutoffs001-n=5/decode/eval/lambda=0.5-lms=11/38.trn --output trn --nnlm-weight 0.5 --lm-scale 11 --max-tokens-per-node 62 --beam 650 --recombination-order 22 --num-jobs 128 --job 38 --unk-penalty=-20
2020-08-21 16:28:44,069 get_default_device: Context None device="Tesla P100-PCIE-16GB" ID="0000:03:00.0"
2020-08-21 16:28:44,070 from_file: Reading vocabulary from network state.
2020-08-21 16:28:44,338 from_file: Number of words in vocabulary: 42699
2020-08-21 16:28:44,338 from_file: Number of words in shortlist: 42699
2020-08-21 16:28:44,338 from_file: Number of word classes: 42699
2020-08-21 16:28:44,339 from_file: Building neural network.
2020-08-21 16:29:25,399 from_file: Restoring neural network state.
2020-08-21 16:29:25,736 decode: Building word lattice decoder.
2020-08-21 16:29:30,846 __iter__: Reading lattice file `/tmp/55137019/lattices/dspf002_dsp2013_19.lat.gz´.
2020-08-21 16:29:30,858 decode: Utterance `dspf002_dsp2013_19´ -- 1 of job 38
2020-08-21 16:29:31,129 __iter__: Reading lattice file `/tmp/55137019/lattices/dspm041_dsp2013_03.lat.gz´.
2020-08-21 16:29:31,720 decode: Utterance `dspm041_dsp2013_03´ -- 2 of job 38
2020-08-21 16:29:49,033 __iter__: Reading lattice file `/tmp/55137019/lattices/radiohenri_aamushow20100713_4.lat.gz´.
2020-08-21 16:29:49,411 decode: Utterance `radiohenri_aamushow20100713_4´ -- 3 of job 38
2020-08-21 16:29:58,262 __iter__: Reading lattice file `/tmp/55137019/lattices/radioporni_puhujainkulma20120930_22.lat.gz´.
2020-08-21 16:29:58,642 decode: Utterance `radioporni_puhujainkulma20120930_22´ -- 4 of job 38
/scratch/work/groszt1/envs/theanoLM/lib/python3.7/site-packages/theano/gpuarray/dnn.py:184: UserWarning: Your cuDNN version is more recent than Theano. If you encounter problems, try updating Theano or downgrading cuDNN to a version >= v5 and <= v7.
  warnings.warn("Your cuDNN version is more recent than "
Using cuDNN version 7600 on context None
Mapped name None to device cuda0: Tesla P100-PCIE-16GB (0000:03:00.0)
/scratch/work/groszt1/envs/theanoLM/lib/python3.7/site-packages/h5py-2.9.0-py3.7-linux-x86_64.egg/h5py/_hl/dataset.py:313: H5pyDeprecationWarning: dataset.value has been deprecated. Use dataset[()] instead.
  "Use dataset[()] instead.", H5pyDeprecationWarning)
/scratch/work/groszt1/envs/theanoLM/lib/python3.7/site-packages/h5py-2.9.0-py3.7-linux-x86_64.egg/h5py/_hl/dataset.py:313: H5pyDeprecationWarning: dataset.value has been deprecated. Use dataset[()] instead.
  "Use dataset[()] instead.", H5pyDeprecationWarning)
decode_theanolm finished.
decode eval finished.
