Experiment: morph/D=0.001-D2=0.002-cutoffs001-n=5
Job ID: 55137160
Task ID: 111
Host: gpu21.int.triton.aalto.fi
Start date: Fri Aug 21 17:27:51 EEST 2020
Work directory: /scratch/work/moisioa3/conv_lm/experiments/morph/D=0.001-D2=0.002-cutoffs001-n=5
Temporary directory: /tmp/55137160

Currently Loaded Modules:
  1) speech-scripts/2016.05.24-b928230   6) binutils/2.25-GCCcore-5.4.0
  2) srilm/default                       7) GCC/5.4.0-2.25
  3) cuda/10.0.130                       8) libgpuarray/2017.03.29-45c731f
  4) cudnn/7.4.2-cuda                    9) anaconda3/latest
  5) GCCcore/5.4.0

 

/tmp/55137160/lattices
floatX=float32,device=cuda0,base_compiledir=/tmp/theano,exception_verbosity=high,openmp=False
/scratch/work/groszt1/envs/theanoLM/lib/python3.7/site-packages/theano/gpuarray/dnn.py:184: UserWarning: Your cuDNN version is more recent than Theano. If you encounter problems, try updating Theano or downgrading cuDNN to a version >= v5 and <= v7.
  warnings.warn("Your cuDNN version is more recent than "
Using cuDNN version 7600 on context None
Mapped name None to device cuda0: Tesla K80 (0000:88:00.0)
TheanoLM 1.3.2
Theano 1.0.4
pygpu 0.7.6
==
+ srun --gres=gpu:1 theanolm decode /scratch/work/moisioa3/conv_lm/experiments/morph/D=0.001-D2=0.002-cutoffs001-n=5/nnlm.h5 --lattice-list /tmp/55137160/lattices/lattice-list --output-file /scratch/work/moisioa3/conv_lm/experiments/morph/D=0.001-D2=0.002-cutoffs001-n=5/decode/eval/lambda=0.5-lms=9/111.trn --output trn --nnlm-weight 0.5 --lm-scale 9 --max-tokens-per-node 62 --beam 650 --recombination-order 22 --num-jobs 128 --job 111 --unk-penalty=-20
2020-08-21 17:28:01,310 get_default_device: Context None device="Tesla K80" ID="0000:88:00.0"
2020-08-21 17:28:01,312 from_file: Reading vocabulary from network state.
2020-08-21 17:28:01,551 from_file: Number of words in vocabulary: 42699
2020-08-21 17:28:01,552 from_file: Number of words in shortlist: 42699
2020-08-21 17:28:01,552 from_file: Number of word classes: 42699
2020-08-21 17:28:01,552 from_file: Building neural network.
2020-08-21 17:28:40,584 from_file: Restoring neural network state.
2020-08-21 17:28:40,912 decode: Building word lattice decoder.
2020-08-21 17:28:46,086 __iter__: Reading lattice file `/tmp/55137160/lattices/dspm023_dsp2013_27.lat.gz´.
2020-08-21 17:28:46,276 decode: Utterance `dspm023_dsp2013_27´ -- 1 of job 111
2020-08-21 17:28:51,795 __iter__: Reading lattice file `/tmp/55137160/lattices/radioerkka_puhujainkulma20120930_101.lat.gz´.
2020-08-21 17:28:52,283 decode: Utterance `radioerkka_puhujainkulma20120930_101´ -- 2 of job 111
2020-08-21 17:29:32,409 __iter__: Reading lattice file `/tmp/55137160/lattices/radiokatupaimen_aamushow20120720_58.lat.gz´.
2020-08-21 17:29:32,439 decode: Utterance `radiokatupaimen_aamushow20120720_58´ -- 3 of job 111
2020-08-21 17:29:33,977 __iter__: Reading lattice file `/tmp/55137160/lattices/radioruudolf_aamushow20100713_81.lat.gz´.
2020-08-21 17:29:34,256 decode: Utterance `radioruudolf_aamushow20100713_81´ -- 4 of job 111
/scratch/work/groszt1/envs/theanoLM/lib/python3.7/site-packages/theano/gpuarray/dnn.py:184: UserWarning: Your cuDNN version is more recent than Theano. If you encounter problems, try updating Theano or downgrading cuDNN to a version >= v5 and <= v7.
  warnings.warn("Your cuDNN version is more recent than "
Using cuDNN version 7600 on context None
Mapped name None to device cuda0: Tesla K80 (0000:88:00.0)
/scratch/work/groszt1/envs/theanoLM/lib/python3.7/site-packages/h5py-2.9.0-py3.7-linux-x86_64.egg/h5py/_hl/dataset.py:313: H5pyDeprecationWarning: dataset.value has been deprecated. Use dataset[()] instead.
  "Use dataset[()] instead.", H5pyDeprecationWarning)
/scratch/work/groszt1/envs/theanoLM/lib/python3.7/site-packages/h5py-2.9.0-py3.7-linux-x86_64.egg/h5py/_hl/dataset.py:313: H5pyDeprecationWarning: dataset.value has been deprecated. Use dataset[()] instead.
  "Use dataset[()] instead.", H5pyDeprecationWarning)
decode_theanolm finished.
/tmp/55137160/lattices
floatX=float32,device=cuda0,base_compiledir=/tmp/theano,exception_verbosity=high,openmp=False
/scratch/work/groszt1/envs/theanoLM/lib/python3.7/site-packages/theano/gpuarray/dnn.py:184: UserWarning: Your cuDNN version is more recent than Theano. If you encounter problems, try updating Theano or downgrading cuDNN to a version >= v5 and <= v7.
  warnings.warn("Your cuDNN version is more recent than "
Using cuDNN version 7600 on context None
Mapped name None to device cuda0: Tesla K80 (0000:88:00.0)
TheanoLM 1.3.2
Theano 1.0.4
pygpu 0.7.6
==
+ srun --gres=gpu:1 theanolm decode /scratch/work/moisioa3/conv_lm/experiments/morph/D=0.001-D2=0.002-cutoffs001-n=5/nnlm.h5 --lattice-list /tmp/55137160/lattices/lattice-list --output-file /scratch/work/moisioa3/conv_lm/experiments/morph/D=0.001-D2=0.002-cutoffs001-n=5/decode/eval/lambda=0.5-lms=10/111.trn --output trn --nnlm-weight 0.5 --lm-scale 10 --max-tokens-per-node 62 --beam 650 --recombination-order 22 --num-jobs 128 --job 111 --unk-penalty=-20
2020-08-21 17:29:59,694 get_default_device: Context None device="Tesla K80" ID="0000:88:00.0"
2020-08-21 17:29:59,695 from_file: Reading vocabulary from network state.
2020-08-21 17:29:59,930 from_file: Number of words in vocabulary: 42699
2020-08-21 17:29:59,931 from_file: Number of words in shortlist: 42699
2020-08-21 17:29:59,931 from_file: Number of word classes: 42699
2020-08-21 17:29:59,931 from_file: Building neural network.
2020-08-21 17:30:41,694 from_file: Restoring neural network state.
2020-08-21 17:30:42,019 decode: Building word lattice decoder.
2020-08-21 17:30:46,997 __iter__: Reading lattice file `/tmp/55137160/lattices/dspm023_dsp2013_27.lat.gz´.
2020-08-21 17:30:47,174 decode: Utterance `dspm023_dsp2013_27´ -- 1 of job 111
2020-08-21 17:30:52,722 __iter__: Reading lattice file `/tmp/55137160/lattices/radioerkka_puhujainkulma20120930_101.lat.gz´.
2020-08-21 17:30:53,226 decode: Utterance `radioerkka_puhujainkulma20120930_101´ -- 2 of job 111
2020-08-21 17:31:35,757 __iter__: Reading lattice file `/tmp/55137160/lattices/radiokatupaimen_aamushow20120720_58.lat.gz´.
2020-08-21 17:31:35,787 decode: Utterance `radiokatupaimen_aamushow20120720_58´ -- 3 of job 111
2020-08-21 17:31:37,337 __iter__: Reading lattice file `/tmp/55137160/lattices/radioruudolf_aamushow20100713_81.lat.gz´.
2020-08-21 17:31:37,622 decode: Utterance `radioruudolf_aamushow20100713_81´ -- 4 of job 111
/scratch/work/groszt1/envs/theanoLM/lib/python3.7/site-packages/theano/gpuarray/dnn.py:184: UserWarning: Your cuDNN version is more recent than Theano. If you encounter problems, try updating Theano or downgrading cuDNN to a version >= v5 and <= v7.
  warnings.warn("Your cuDNN version is more recent than "
Using cuDNN version 7600 on context None
Mapped name None to device cuda0: Tesla K80 (0000:88:00.0)
/scratch/work/groszt1/envs/theanoLM/lib/python3.7/site-packages/h5py-2.9.0-py3.7-linux-x86_64.egg/h5py/_hl/dataset.py:313: H5pyDeprecationWarning: dataset.value has been deprecated. Use dataset[()] instead.
  "Use dataset[()] instead.", H5pyDeprecationWarning)
/scratch/work/groszt1/envs/theanoLM/lib/python3.7/site-packages/h5py-2.9.0-py3.7-linux-x86_64.egg/h5py/_hl/dataset.py:313: H5pyDeprecationWarning: dataset.value has been deprecated. Use dataset[()] instead.
  "Use dataset[()] instead.", H5pyDeprecationWarning)
decode_theanolm finished.
/tmp/55137160/lattices
floatX=float32,device=cuda0,base_compiledir=/tmp/theano,exception_verbosity=high,openmp=False
/scratch/work/groszt1/envs/theanoLM/lib/python3.7/site-packages/theano/gpuarray/dnn.py:184: UserWarning: Your cuDNN version is more recent than Theano. If you encounter problems, try updating Theano or downgrading cuDNN to a version >= v5 and <= v7.
  warnings.warn("Your cuDNN version is more recent than "
Using cuDNN version 7600 on context None
Mapped name None to device cuda0: Tesla K80 (0000:88:00.0)
TheanoLM 1.3.2
Theano 1.0.4
pygpu 0.7.6
==
+ srun --gres=gpu:1 theanolm decode /scratch/work/moisioa3/conv_lm/experiments/morph/D=0.001-D2=0.002-cutoffs001-n=5/nnlm.h5 --lattice-list /tmp/55137160/lattices/lattice-list --output-file /scratch/work/moisioa3/conv_lm/experiments/morph/D=0.001-D2=0.002-cutoffs001-n=5/decode/eval/lambda=0.5-lms=11/111.trn --output trn --nnlm-weight 0.5 --lm-scale 11 --max-tokens-per-node 62 --beam 650 --recombination-order 22 --num-jobs 128 --job 111 --unk-penalty=-20
2020-08-21 17:32:13,389 get_default_device: Context None device="Tesla K80" ID="0000:88:00.0"
2020-08-21 17:32:13,391 from_file: Reading vocabulary from network state.
2020-08-21 17:32:13,623 from_file: Number of words in vocabulary: 42699
2020-08-21 17:32:13,624 from_file: Number of words in shortlist: 42699
2020-08-21 17:32:13,624 from_file: Number of word classes: 42699
2020-08-21 17:32:13,624 from_file: Building neural network.
2020-08-21 17:32:52,391 from_file: Restoring neural network state.
2020-08-21 17:32:52,728 decode: Building word lattice decoder.
2020-08-21 17:32:57,890 __iter__: Reading lattice file `/tmp/55137160/lattices/dspm023_dsp2013_27.lat.gz´.
2020-08-21 17:32:57,988 decode: Utterance `dspm023_dsp2013_27´ -- 1 of job 111
2020-08-21 17:33:03,531 __iter__: Reading lattice file `/tmp/55137160/lattices/radioerkka_puhujainkulma20120930_101.lat.gz´.
2020-08-21 17:33:04,033 decode: Utterance `radioerkka_puhujainkulma20120930_101´ -- 2 of job 111
2020-08-21 17:33:46,776 __iter__: Reading lattice file `/tmp/55137160/lattices/radiokatupaimen_aamushow20120720_58.lat.gz´.
2020-08-21 17:33:46,805 decode: Utterance `radiokatupaimen_aamushow20120720_58´ -- 3 of job 111
2020-08-21 17:33:48,339 __iter__: Reading lattice file `/tmp/55137160/lattices/radioruudolf_aamushow20100713_81.lat.gz´.
2020-08-21 17:33:48,627 decode: Utterance `radioruudolf_aamushow20100713_81´ -- 4 of job 111
/scratch/work/groszt1/envs/theanoLM/lib/python3.7/site-packages/theano/gpuarray/dnn.py:184: UserWarning: Your cuDNN version is more recent than Theano. If you encounter problems, try updating Theano or downgrading cuDNN to a version >= v5 and <= v7.
  warnings.warn("Your cuDNN version is more recent than "
Using cuDNN version 7600 on context None
Mapped name None to device cuda0: Tesla K80 (0000:88:00.0)
/scratch/work/groszt1/envs/theanoLM/lib/python3.7/site-packages/h5py-2.9.0-py3.7-linux-x86_64.egg/h5py/_hl/dataset.py:313: H5pyDeprecationWarning: dataset.value has been deprecated. Use dataset[()] instead.
  "Use dataset[()] instead.", H5pyDeprecationWarning)
/scratch/work/groszt1/envs/theanoLM/lib/python3.7/site-packages/h5py-2.9.0-py3.7-linux-x86_64.egg/h5py/_hl/dataset.py:313: H5pyDeprecationWarning: dataset.value has been deprecated. Use dataset[()] instead.
  "Use dataset[()] instead.", H5pyDeprecationWarning)
decode_theanolm finished.
decode eval finished.
