Experiment: morph/D=0.001-D2=0.002-cutoffs001-n=5
Job ID: 55136226
Task ID: 28
Host: gpu24.int.triton.aalto.fi
Start date: Fri Aug 21 11:32:01 EEST 2020
Work directory: /scratch/work/moisioa3/conv_lm/experiments/morph/D=0.001-D2=0.002-cutoffs001-n=5
Temporary directory: /tmp/55136226

Currently Loaded Modules:
  1) speech-scripts/2016.05.24-b928230   6) binutils/2.25-GCCcore-5.4.0
  2) srilm/default                       7) GCC/5.4.0-2.25
  3) cuda/10.0.130                       8) libgpuarray/2017.03.29-45c731f
  4) cudnn/7.4.2-cuda                    9) anaconda3/latest
  5) GCCcore/5.4.0

 

/tmp/55136226/lattices
floatX=float32,device=cuda0,base_compiledir=/tmp/theano,exception_verbosity=high,openmp=False
/scratch/work/groszt1/envs/theanoLM/lib/python3.7/site-packages/theano/gpuarray/dnn.py:184: UserWarning: Your cuDNN version is more recent than Theano. If you encounter problems, try updating Theano or downgrading cuDNN to a version >= v5 and <= v7.
  warnings.warn("Your cuDNN version is more recent than "
Using cuDNN version 7600 on context None
Mapped name None to device cuda0: Tesla P100-PCIE-16GB (0000:03:00.0)
TheanoLM 1.3.2
Theano 1.0.4
pygpu 0.7.6
==
+ srun --gres=gpu:1 theanolm decode /scratch/work/moisioa3/conv_lm/experiments/morph/D=0.001-D2=0.002-cutoffs001-n=5/nnlm.h5 --lattice-list /tmp/55136226/lattices/lattice-list --output-file /scratch/work/moisioa3/conv_lm/experiments/morph/D=0.001-D2=0.002-cutoffs001-n=5/decode/devel/lambda=0.5-lms=9/28.trn --output trn --nnlm-weight 0.5 --lm-scale 9 --max-tokens-per-node 62 --beam 650 --recombination-order 22 --num-jobs 128 --job 28 --unk-penalty=-20
2020-08-21 11:32:13,309 get_default_device: Context None device="Tesla P100-PCIE-16GB" ID="0000:03:00.0"
2020-08-21 11:32:13,310 from_file: Reading vocabulary from network state.
2020-08-21 11:32:13,576 from_file: Number of words in vocabulary: 42699
2020-08-21 11:32:13,577 from_file: Number of words in shortlist: 42699
2020-08-21 11:32:13,577 from_file: Number of word classes: 42699
2020-08-21 11:32:13,577 from_file: Building neural network.
2020-08-21 11:32:56,749 from_file: Restoring neural network state.
2020-08-21 11:32:57,098 decode: Building word lattice decoder.
2020-08-21 11:33:02,530 __iter__: Reading lattice file `/tmp/55136226/lattices/dspf007_dsp2013_09.lat.gz´.
2020-08-21 11:33:02,808 decode: Utterance `dspf007_dsp2013_09´ -- 1 of job 28
2020-08-21 11:33:07,382 __iter__: Reading lattice file `/tmp/55136226/lattices/dspm010_dsp2013_09.lat.gz´.
2020-08-21 11:33:15,403 decode: Utterance `dspm010_dsp2013_09´ -- 2 of job 28
2020-08-21 11:38:19,591 __iter__: Reading lattice file `/tmp/55136226/lattices/dspm019_dsp2013_05.lat.gz´.
2020-08-21 11:38:19,602 decode: Utterance `dspm019_dsp2013_05´ -- 3 of job 28
2020-08-21 11:38:19,889 __iter__: Reading lattice file `/tmp/55136226/lattices/dspm026_dsp2013_15.lat.gz´.
2020-08-21 11:38:20,589 decode: Utterance `dspm026_dsp2013_15´ -- 4 of job 28
2020-08-21 11:38:39,975 __iter__: Reading lattice file `/tmp/55136226/lattices/dspm036_dsp2013_39.lat.gz´.
2020-08-21 11:38:42,973 decode: Utterance `dspm036_dsp2013_39´ -- 5 of job 28
2020-08-21 11:40:40,183 __iter__: Reading lattice file `/tmp/55136226/lattices/dspm047_dsp2013_13.lat.gz´.
2020-08-21 11:40:41,088 decode: Utterance `dspm047_dsp2013_13´ -- 6 of job 28
2020-08-21 11:41:03,767 __iter__: Reading lattice file `/tmp/55136226/lattices/dspm055_dsp2013_17.lat.gz´.
2020-08-21 11:41:03,848 decode: Utterance `dspm055_dsp2013_17´ -- 7 of job 28
2020-08-21 11:41:06,544 __iter__: Reading lattice file `/tmp/55136226/lattices/radiokassu_kbk20120915_6.lat.gz´.
2020-08-21 11:41:07,084 decode: Utterance `radiokassu_kbk20120915_6´ -- 8 of job 28
/scratch/work/groszt1/envs/theanoLM/lib/python3.7/site-packages/theano/gpuarray/dnn.py:184: UserWarning: Your cuDNN version is more recent than Theano. If you encounter problems, try updating Theano or downgrading cuDNN to a version >= v5 and <= v7.
  warnings.warn("Your cuDNN version is more recent than "
Using cuDNN version 7600 on context None
Mapped name None to device cuda0: Tesla P100-PCIE-16GB (0000:03:00.0)
/scratch/work/groszt1/envs/theanoLM/lib/python3.7/site-packages/h5py-2.9.0-py3.7-linux-x86_64.egg/h5py/_hl/dataset.py:313: H5pyDeprecationWarning: dataset.value has been deprecated. Use dataset[()] instead.
  "Use dataset[()] instead.", H5pyDeprecationWarning)
/scratch/work/groszt1/envs/theanoLM/lib/python3.7/site-packages/h5py-2.9.0-py3.7-linux-x86_64.egg/h5py/_hl/dataset.py:313: H5pyDeprecationWarning: dataset.value has been deprecated. Use dataset[()] instead.
  "Use dataset[()] instead.", H5pyDeprecationWarning)
decode_theanolm finished.
/tmp/55136226/lattices
floatX=float32,device=cuda0,base_compiledir=/tmp/theano,exception_verbosity=high,openmp=False
/scratch/work/groszt1/envs/theanoLM/lib/python3.7/site-packages/theano/gpuarray/dnn.py:184: UserWarning: Your cuDNN version is more recent than Theano. If you encounter problems, try updating Theano or downgrading cuDNN to a version >= v5 and <= v7.
  warnings.warn("Your cuDNN version is more recent than "
Using cuDNN version 7600 on context None
Mapped name None to device cuda0: Tesla P100-PCIE-16GB (0000:03:00.0)
TheanoLM 1.3.2
Theano 1.0.4
pygpu 0.7.6
==
+ srun --gres=gpu:1 theanolm decode /scratch/work/moisioa3/conv_lm/experiments/morph/D=0.001-D2=0.002-cutoffs001-n=5/nnlm.h5 --lattice-list /tmp/55136226/lattices/lattice-list --output-file /scratch/work/moisioa3/conv_lm/experiments/morph/D=0.001-D2=0.002-cutoffs001-n=5/decode/devel/lambda=0.5-lms=10/28.trn --output trn --nnlm-weight 0.5 --lm-scale 10 --max-tokens-per-node 62 --beam 650 --recombination-order 22 --num-jobs 128 --job 28 --unk-penalty=-20
2020-08-21 11:41:41,947 get_default_device: Context None device="Tesla P100-PCIE-16GB" ID="0000:03:00.0"
2020-08-21 11:41:41,948 from_file: Reading vocabulary from network state.
2020-08-21 11:41:42,229 from_file: Number of words in vocabulary: 42699
2020-08-21 11:41:42,230 from_file: Number of words in shortlist: 42699
2020-08-21 11:41:42,230 from_file: Number of word classes: 42699
2020-08-21 11:41:42,230 from_file: Building neural network.
2020-08-21 11:42:29,750 from_file: Restoring neural network state.
2020-08-21 11:42:30,137 decode: Building word lattice decoder.
2020-08-21 11:42:35,790 __iter__: Reading lattice file `/tmp/55136226/lattices/dspf007_dsp2013_09.lat.gz´.
2020-08-21 11:42:35,995 decode: Utterance `dspf007_dsp2013_09´ -- 1 of job 28
2020-08-21 11:42:40,768 __iter__: Reading lattice file `/tmp/55136226/lattices/dspm010_dsp2013_09.lat.gz´.
2020-08-21 11:42:49,119 decode: Utterance `dspm010_dsp2013_09´ -- 2 of job 28
2020-08-21 11:48:05,640 __iter__: Reading lattice file `/tmp/55136226/lattices/dspm019_dsp2013_05.lat.gz´.
2020-08-21 11:48:05,650 decode: Utterance `dspm019_dsp2013_05´ -- 3 of job 28
2020-08-21 11:48:05,972 __iter__: Reading lattice file `/tmp/55136226/lattices/dspm026_dsp2013_15.lat.gz´.
2020-08-21 11:48:06,708 decode: Utterance `dspm026_dsp2013_15´ -- 4 of job 28
2020-08-21 11:48:27,650 __iter__: Reading lattice file `/tmp/55136226/lattices/dspm036_dsp2013_39.lat.gz´.
2020-08-21 11:48:30,660 decode: Utterance `dspm036_dsp2013_39´ -- 5 of job 28
2020-08-21 11:50:29,194 __iter__: Reading lattice file `/tmp/55136226/lattices/dspm047_dsp2013_13.lat.gz´.
2020-08-21 11:50:30,125 decode: Utterance `dspm047_dsp2013_13´ -- 6 of job 28
2020-08-21 11:50:53,241 __iter__: Reading lattice file `/tmp/55136226/lattices/dspm055_dsp2013_17.lat.gz´.
2020-08-21 11:50:53,325 decode: Utterance `dspm055_dsp2013_17´ -- 7 of job 28
2020-08-21 11:50:56,030 __iter__: Reading lattice file `/tmp/55136226/lattices/radiokassu_kbk20120915_6.lat.gz´.
2020-08-21 11:50:56,592 decode: Utterance `radiokassu_kbk20120915_6´ -- 8 of job 28
/scratch/work/groszt1/envs/theanoLM/lib/python3.7/site-packages/theano/gpuarray/dnn.py:184: UserWarning: Your cuDNN version is more recent than Theano. If you encounter problems, try updating Theano or downgrading cuDNN to a version >= v5 and <= v7.
  warnings.warn("Your cuDNN version is more recent than "
Using cuDNN version 7600 on context None
Mapped name None to device cuda0: Tesla P100-PCIE-16GB (0000:03:00.0)
/scratch/work/groszt1/envs/theanoLM/lib/python3.7/site-packages/h5py-2.9.0-py3.7-linux-x86_64.egg/h5py/_hl/dataset.py:313: H5pyDeprecationWarning: dataset.value has been deprecated. Use dataset[()] instead.
  "Use dataset[()] instead.", H5pyDeprecationWarning)
/scratch/work/groszt1/envs/theanoLM/lib/python3.7/site-packages/h5py-2.9.0-py3.7-linux-x86_64.egg/h5py/_hl/dataset.py:313: H5pyDeprecationWarning: dataset.value has been deprecated. Use dataset[()] instead.
  "Use dataset[()] instead.", H5pyDeprecationWarning)
decode_theanolm finished.
/tmp/55136226/lattices
floatX=float32,device=cuda0,base_compiledir=/tmp/theano,exception_verbosity=high,openmp=False
/scratch/work/groszt1/envs/theanoLM/lib/python3.7/site-packages/theano/gpuarray/dnn.py:184: UserWarning: Your cuDNN version is more recent than Theano. If you encounter problems, try updating Theano or downgrading cuDNN to a version >= v5 and <= v7.
  warnings.warn("Your cuDNN version is more recent than "
Using cuDNN version 7600 on context None
Mapped name None to device cuda0: Tesla P100-PCIE-16GB (0000:03:00.0)
TheanoLM 1.3.2
Theano 1.0.4
pygpu 0.7.6
==
+ srun --gres=gpu:1 theanolm decode /scratch/work/moisioa3/conv_lm/experiments/morph/D=0.001-D2=0.002-cutoffs001-n=5/nnlm.h5 --lattice-list /tmp/55136226/lattices/lattice-list --output-file /scratch/work/moisioa3/conv_lm/experiments/morph/D=0.001-D2=0.002-cutoffs001-n=5/decode/devel/lambda=0.5-lms=11/28.trn --output trn --nnlm-weight 0.5 --lm-scale 11 --max-tokens-per-node 62 --beam 650 --recombination-order 22 --num-jobs 128 --job 28 --unk-penalty=-20
2020-08-21 11:51:41,781 get_default_device: Context None device="Tesla P100-PCIE-16GB" ID="0000:03:00.0"
2020-08-21 11:51:41,782 from_file: Reading vocabulary from network state.
2020-08-21 11:51:42,048 from_file: Number of words in vocabulary: 42699
2020-08-21 11:51:42,049 from_file: Number of words in shortlist: 42699
2020-08-21 11:51:42,049 from_file: Number of word classes: 42699
2020-08-21 11:51:42,049 from_file: Building neural network.
2020-08-21 11:52:25,246 from_file: Restoring neural network state.
2020-08-21 11:52:25,623 decode: Building word lattice decoder.
2020-08-21 11:52:31,199 __iter__: Reading lattice file `/tmp/55136226/lattices/dspf007_dsp2013_09.lat.gz´.
2020-08-21 11:52:31,486 decode: Utterance `dspf007_dsp2013_09´ -- 1 of job 28
2020-08-21 11:52:36,391 __iter__: Reading lattice file `/tmp/55136226/lattices/dspm010_dsp2013_09.lat.gz´.
2020-08-21 11:52:44,631 decode: Utterance `dspm010_dsp2013_09´ -- 2 of job 28
2020-08-21 12:00:35,772 __iter__: Reading lattice file `/tmp/55136226/lattices/dspm019_dsp2013_05.lat.gz´.
2020-08-21 12:00:35,783 decode: Utterance `dspm019_dsp2013_05´ -- 3 of job 28
2020-08-21 12:00:36,083 __iter__: Reading lattice file `/tmp/55136226/lattices/dspm026_dsp2013_15.lat.gz´.
2020-08-21 12:00:36,796 decode: Utterance `dspm026_dsp2013_15´ -- 4 of job 28
2020-08-21 12:00:56,660 __iter__: Reading lattice file `/tmp/55136226/lattices/dspm036_dsp2013_39.lat.gz´.
2020-08-21 12:00:59,580 decode: Utterance `dspm036_dsp2013_39´ -- 5 of job 28
2020-08-21 12:03:00,891 __iter__: Reading lattice file `/tmp/55136226/lattices/dspm047_dsp2013_13.lat.gz´.
2020-08-21 12:03:01,833 decode: Utterance `dspm047_dsp2013_13´ -- 6 of job 28
2020-08-21 12:03:26,179 __iter__: Reading lattice file `/tmp/55136226/lattices/dspm055_dsp2013_17.lat.gz´.
2020-08-21 12:03:26,260 decode: Utterance `dspm055_dsp2013_17´ -- 7 of job 28
2020-08-21 12:03:29,012 __iter__: Reading lattice file `/tmp/55136226/lattices/radiokassu_kbk20120915_6.lat.gz´.
2020-08-21 12:03:29,573 decode: Utterance `radiokassu_kbk20120915_6´ -- 8 of job 28
/scratch/work/groszt1/envs/theanoLM/lib/python3.7/site-packages/theano/gpuarray/dnn.py:184: UserWarning: Your cuDNN version is more recent than Theano. If you encounter problems, try updating Theano or downgrading cuDNN to a version >= v5 and <= v7.
  warnings.warn("Your cuDNN version is more recent than "
Using cuDNN version 7600 on context None
Mapped name None to device cuda0: Tesla P100-PCIE-16GB (0000:03:00.0)
/scratch/work/groszt1/envs/theanoLM/lib/python3.7/site-packages/h5py-2.9.0-py3.7-linux-x86_64.egg/h5py/_hl/dataset.py:313: H5pyDeprecationWarning: dataset.value has been deprecated. Use dataset[()] instead.
  "Use dataset[()] instead.", H5pyDeprecationWarning)
/scratch/work/groszt1/envs/theanoLM/lib/python3.7/site-packages/h5py-2.9.0-py3.7-linux-x86_64.egg/h5py/_hl/dataset.py:313: H5pyDeprecationWarning: dataset.value has been deprecated. Use dataset[()] instead.
  "Use dataset[()] instead.", H5pyDeprecationWarning)
decode_theanolm finished.
/tmp/55136226/lattices
floatX=float32,device=cuda0,base_compiledir=/tmp/theano,exception_verbosity=high,openmp=False
/scratch/work/groszt1/envs/theanoLM/lib/python3.7/site-packages/theano/gpuarray/dnn.py:184: UserWarning: Your cuDNN version is more recent than Theano. If you encounter problems, try updating Theano or downgrading cuDNN to a version >= v5 and <= v7.
  warnings.warn("Your cuDNN version is more recent than "
Using cuDNN version 7600 on context None
Mapped name None to device cuda0: Tesla P100-PCIE-16GB (0000:03:00.0)
TheanoLM 1.3.2
Theano 1.0.4
pygpu 0.7.6
==
+ srun --gres=gpu:1 theanolm decode /scratch/work/moisioa3/conv_lm/experiments/morph/D=0.001-D2=0.002-cutoffs001-n=5/nnlm.h5 --lattice-list /tmp/55136226/lattices/lattice-list --output-file /scratch/work/moisioa3/conv_lm/experiments/morph/D=0.001-D2=0.002-cutoffs001-n=5/decode/devel/lambda=1.0-lms=9/28.trn --output trn --nnlm-weight 1.0 --lm-scale 9 --max-tokens-per-node 62 --beam 650 --recombination-order 22 --num-jobs 128 --job 28 --unk-penalty=-20
2020-08-21 12:04:04,363 get_default_device: Context None device="Tesla P100-PCIE-16GB" ID="0000:03:00.0"
2020-08-21 12:04:04,364 from_file: Reading vocabulary from network state.
2020-08-21 12:04:04,627 from_file: Number of words in vocabulary: 42699
2020-08-21 12:04:04,627 from_file: Number of words in shortlist: 42699
2020-08-21 12:04:04,627 from_file: Number of word classes: 42699
2020-08-21 12:04:04,627 from_file: Building neural network.
2020-08-21 12:04:50,996 from_file: Restoring neural network state.
2020-08-21 12:04:51,357 decode: Building word lattice decoder.
2020-08-21 12:04:56,927 __iter__: Reading lattice file `/tmp/55136226/lattices/dspf007_dsp2013_09.lat.gz´.
2020-08-21 12:04:57,128 decode: Utterance `dspf007_dsp2013_09´ -- 1 of job 28
2020-08-21 12:05:01,520 __iter__: Reading lattice file `/tmp/55136226/lattices/dspm010_dsp2013_09.lat.gz´.
2020-08-21 12:05:09,624 decode: Utterance `dspm010_dsp2013_09´ -- 2 of job 28
2020-08-21 12:09:41,948 __iter__: Reading lattice file `/tmp/55136226/lattices/dspm019_dsp2013_05.lat.gz´.
2020-08-21 12:09:41,959 decode: Utterance `dspm019_dsp2013_05´ -- 3 of job 28
2020-08-21 12:09:42,262 __iter__: Reading lattice file `/tmp/55136226/lattices/dspm026_dsp2013_15.lat.gz´.
2020-08-21 12:09:43,000 decode: Utterance `dspm026_dsp2013_15´ -- 4 of job 28
2020-08-21 12:10:00,597 __iter__: Reading lattice file `/tmp/55136226/lattices/dspm036_dsp2013_39.lat.gz´.
2020-08-21 12:10:03,512 decode: Utterance `dspm036_dsp2013_39´ -- 5 of job 28
2020-08-21 12:11:37,251 __iter__: Reading lattice file `/tmp/55136226/lattices/dspm047_dsp2013_13.lat.gz´.
2020-08-21 12:11:38,180 decode: Utterance `dspm047_dsp2013_13´ -- 6 of job 28
2020-08-21 12:11:58,608 __iter__: Reading lattice file `/tmp/55136226/lattices/dspm055_dsp2013_17.lat.gz´.
2020-08-21 12:11:58,688 decode: Utterance `dspm055_dsp2013_17´ -- 7 of job 28
2020-08-21 12:12:00,892 __iter__: Reading lattice file `/tmp/55136226/lattices/radiokassu_kbk20120915_6.lat.gz´.
2020-08-21 12:12:01,450 decode: Utterance `radiokassu_kbk20120915_6´ -- 8 of job 28
/scratch/work/groszt1/envs/theanoLM/lib/python3.7/site-packages/theano/gpuarray/dnn.py:184: UserWarning: Your cuDNN version is more recent than Theano. If you encounter problems, try updating Theano or downgrading cuDNN to a version >= v5 and <= v7.
  warnings.warn("Your cuDNN version is more recent than "
Using cuDNN version 7600 on context None
Mapped name None to device cuda0: Tesla P100-PCIE-16GB (0000:03:00.0)
/scratch/work/groszt1/envs/theanoLM/lib/python3.7/site-packages/h5py-2.9.0-py3.7-linux-x86_64.egg/h5py/_hl/dataset.py:313: H5pyDeprecationWarning: dataset.value has been deprecated. Use dataset[()] instead.
  "Use dataset[()] instead.", H5pyDeprecationWarning)
/scratch/work/groszt1/envs/theanoLM/lib/python3.7/site-packages/h5py-2.9.0-py3.7-linux-x86_64.egg/h5py/_hl/dataset.py:313: H5pyDeprecationWarning: dataset.value has been deprecated. Use dataset[()] instead.
  "Use dataset[()] instead.", H5pyDeprecationWarning)
decode_theanolm finished.
/tmp/55136226/lattices
floatX=float32,device=cuda0,base_compiledir=/tmp/theano,exception_verbosity=high,openmp=False
/scratch/work/groszt1/envs/theanoLM/lib/python3.7/site-packages/theano/gpuarray/dnn.py:184: UserWarning: Your cuDNN version is more recent than Theano. If you encounter problems, try updating Theano or downgrading cuDNN to a version >= v5 and <= v7.
  warnings.warn("Your cuDNN version is more recent than "
Using cuDNN version 7600 on context None
Mapped name None to device cuda0: Tesla P100-PCIE-16GB (0000:03:00.0)
TheanoLM 1.3.2
Theano 1.0.4
pygpu 0.7.6
==
+ srun --gres=gpu:1 theanolm decode /scratch/work/moisioa3/conv_lm/experiments/morph/D=0.001-D2=0.002-cutoffs001-n=5/nnlm.h5 --lattice-list /tmp/55136226/lattices/lattice-list --output-file /scratch/work/moisioa3/conv_lm/experiments/morph/D=0.001-D2=0.002-cutoffs001-n=5/decode/devel/lambda=1.0-lms=10/28.trn --output trn --nnlm-weight 1.0 --lm-scale 10 --max-tokens-per-node 62 --beam 650 --recombination-order 22 --num-jobs 128 --job 28 --unk-penalty=-20
2020-08-21 12:12:34,724 get_default_device: Context None device="Tesla P100-PCIE-16GB" ID="0000:03:00.0"
2020-08-21 12:12:34,725 from_file: Reading vocabulary from network state.
2020-08-21 12:12:34,989 from_file: Number of words in vocabulary: 42699
2020-08-21 12:12:34,989 from_file: Number of words in shortlist: 42699
2020-08-21 12:12:34,989 from_file: Number of word classes: 42699
2020-08-21 12:12:34,989 from_file: Building neural network.
2020-08-21 12:13:19,141 from_file: Restoring neural network state.
2020-08-21 12:13:19,499 decode: Building word lattice decoder.
2020-08-21 12:13:24,995 __iter__: Reading lattice file `/tmp/55136226/lattices/dspf007_dsp2013_09.lat.gz´.
2020-08-21 12:13:25,198 decode: Utterance `dspf007_dsp2013_09´ -- 1 of job 28
2020-08-21 12:13:29,443 __iter__: Reading lattice file `/tmp/55136226/lattices/dspm010_dsp2013_09.lat.gz´.
2020-08-21 12:13:37,700 decode: Utterance `dspm010_dsp2013_09´ -- 2 of job 28
2020-08-21 12:18:08,511 __iter__: Reading lattice file `/tmp/55136226/lattices/dspm019_dsp2013_05.lat.gz´.
2020-08-21 12:18:08,521 decode: Utterance `dspm019_dsp2013_05´ -- 3 of job 28
2020-08-21 12:18:08,799 __iter__: Reading lattice file `/tmp/55136226/lattices/dspm026_dsp2013_15.lat.gz´.
2020-08-21 12:18:09,501 decode: Utterance `dspm026_dsp2013_15´ -- 4 of job 28
2020-08-21 12:18:25,155 __iter__: Reading lattice file `/tmp/55136226/lattices/dspm036_dsp2013_39.lat.gz´.
2020-08-21 12:18:28,196 decode: Utterance `dspm036_dsp2013_39´ -- 5 of job 28
2020-08-21 12:19:56,532 __iter__: Reading lattice file `/tmp/55136226/lattices/dspm047_dsp2013_13.lat.gz´.
2020-08-21 12:19:57,473 decode: Utterance `dspm047_dsp2013_13´ -- 6 of job 28
2020-08-21 12:20:16,623 __iter__: Reading lattice file `/tmp/55136226/lattices/dspm055_dsp2013_17.lat.gz´.
2020-08-21 12:20:16,703 decode: Utterance `dspm055_dsp2013_17´ -- 7 of job 28
2020-08-21 12:20:18,767 __iter__: Reading lattice file `/tmp/55136226/lattices/radiokassu_kbk20120915_6.lat.gz´.
2020-08-21 12:20:19,326 decode: Utterance `radiokassu_kbk20120915_6´ -- 8 of job 28
/scratch/work/groszt1/envs/theanoLM/lib/python3.7/site-packages/theano/gpuarray/dnn.py:184: UserWarning: Your cuDNN version is more recent than Theano. If you encounter problems, try updating Theano or downgrading cuDNN to a version >= v5 and <= v7.
  warnings.warn("Your cuDNN version is more recent than "
Using cuDNN version 7600 on context None
Mapped name None to device cuda0: Tesla P100-PCIE-16GB (0000:03:00.0)
/scratch/work/groszt1/envs/theanoLM/lib/python3.7/site-packages/h5py-2.9.0-py3.7-linux-x86_64.egg/h5py/_hl/dataset.py:313: H5pyDeprecationWarning: dataset.value has been deprecated. Use dataset[()] instead.
  "Use dataset[()] instead.", H5pyDeprecationWarning)
/scratch/work/groszt1/envs/theanoLM/lib/python3.7/site-packages/h5py-2.9.0-py3.7-linux-x86_64.egg/h5py/_hl/dataset.py:313: H5pyDeprecationWarning: dataset.value has been deprecated. Use dataset[()] instead.
  "Use dataset[()] instead.", H5pyDeprecationWarning)
decode_theanolm finished.
/tmp/55136226/lattices
floatX=float32,device=cuda0,base_compiledir=/tmp/theano,exception_verbosity=high,openmp=False
/scratch/work/groszt1/envs/theanoLM/lib/python3.7/site-packages/theano/gpuarray/dnn.py:184: UserWarning: Your cuDNN version is more recent than Theano. If you encounter problems, try updating Theano or downgrading cuDNN to a version >= v5 and <= v7.
  warnings.warn("Your cuDNN version is more recent than "
Using cuDNN version 7600 on context None
Mapped name None to device cuda0: Tesla P100-PCIE-16GB (0000:03:00.0)
TheanoLM 1.3.2
Theano 1.0.4
pygpu 0.7.6
==
+ srun --gres=gpu:1 theanolm decode /scratch/work/moisioa3/conv_lm/experiments/morph/D=0.001-D2=0.002-cutoffs001-n=5/nnlm.h5 --lattice-list /tmp/55136226/lattices/lattice-list --output-file /scratch/work/moisioa3/conv_lm/experiments/morph/D=0.001-D2=0.002-cutoffs001-n=5/decode/devel/lambda=1.0-lms=11/28.trn --output trn --nnlm-weight 1.0 --lm-scale 11 --max-tokens-per-node 62 --beam 650 --recombination-order 22 --num-jobs 128 --job 28 --unk-penalty=-20
2020-08-21 12:20:53,301 get_default_device: Context None device="Tesla P100-PCIE-16GB" ID="0000:03:00.0"
2020-08-21 12:20:53,302 from_file: Reading vocabulary from network state.
2020-08-21 12:20:53,564 from_file: Number of words in vocabulary: 42699
2020-08-21 12:20:53,565 from_file: Number of words in shortlist: 42699
2020-08-21 12:20:53,565 from_file: Number of word classes: 42699
2020-08-21 12:20:53,565 from_file: Building neural network.
2020-08-21 12:21:38,127 from_file: Restoring neural network state.
2020-08-21 12:21:38,470 decode: Building word lattice decoder.
2020-08-21 12:21:43,810 __iter__: Reading lattice file `/tmp/55136226/lattices/dspf007_dsp2013_09.lat.gz´.
2020-08-21 12:21:44,002 decode: Utterance `dspf007_dsp2013_09´ -- 1 of job 28
2020-08-21 12:21:48,193 __iter__: Reading lattice file `/tmp/55136226/lattices/dspm010_dsp2013_09.lat.gz´.
2020-08-21 12:21:56,105 decode: Utterance `dspm010_dsp2013_09´ -- 2 of job 28
2020-08-21 12:26:17,325 __iter__: Reading lattice file `/tmp/55136226/lattices/dspm019_dsp2013_05.lat.gz´.
2020-08-21 12:26:17,336 decode: Utterance `dspm019_dsp2013_05´ -- 3 of job 28
2020-08-21 12:26:17,653 __iter__: Reading lattice file `/tmp/55136226/lattices/dspm026_dsp2013_15.lat.gz´.
2020-08-21 12:26:18,409 decode: Utterance `dspm026_dsp2013_15´ -- 4 of job 28
2020-08-21 12:26:35,437 __iter__: Reading lattice file `/tmp/55136226/lattices/dspm036_dsp2013_39.lat.gz´.
2020-08-21 12:26:38,410 decode: Utterance `dspm036_dsp2013_39´ -- 5 of job 28
2020-08-21 12:28:12,019 __iter__: Reading lattice file `/tmp/55136226/lattices/dspm047_dsp2013_13.lat.gz´.
2020-08-21 12:28:12,915 decode: Utterance `dspm047_dsp2013_13´ -- 6 of job 28
2020-08-21 12:28:31,964 __iter__: Reading lattice file `/tmp/55136226/lattices/dspm055_dsp2013_17.lat.gz´.
2020-08-21 12:28:32,045 decode: Utterance `dspm055_dsp2013_17´ -- 7 of job 28
2020-08-21 12:28:34,103 __iter__: Reading lattice file `/tmp/55136226/lattices/radiokassu_kbk20120915_6.lat.gz´.
2020-08-21 12:28:34,644 decode: Utterance `radiokassu_kbk20120915_6´ -- 8 of job 28
/scratch/work/groszt1/envs/theanoLM/lib/python3.7/site-packages/theano/gpuarray/dnn.py:184: UserWarning: Your cuDNN version is more recent than Theano. If you encounter problems, try updating Theano or downgrading cuDNN to a version >= v5 and <= v7.
  warnings.warn("Your cuDNN version is more recent than "
Using cuDNN version 7600 on context None
Mapped name None to device cuda0: Tesla P100-PCIE-16GB (0000:03:00.0)
/scratch/work/groszt1/envs/theanoLM/lib/python3.7/site-packages/h5py-2.9.0-py3.7-linux-x86_64.egg/h5py/_hl/dataset.py:313: H5pyDeprecationWarning: dataset.value has been deprecated. Use dataset[()] instead.
  "Use dataset[()] instead.", H5pyDeprecationWarning)
/scratch/work/groszt1/envs/theanoLM/lib/python3.7/site-packages/h5py-2.9.0-py3.7-linux-x86_64.egg/h5py/_hl/dataset.py:313: H5pyDeprecationWarning: dataset.value has been deprecated. Use dataset[()] instead.
  "Use dataset[()] instead.", H5pyDeprecationWarning)
decode_theanolm finished.
decode devel finished.
