Experiment: morph/D=0.001-D2=0.002-cutoffs001-n=5
Job ID: 55136761
Task ID: 28
Host: gpu33.int.triton.aalto.fi
Start date: Fri Aug 21 14:58:35 EEST 2020
Work directory: /scratch/work/moisioa3/conv_lm/experiments/morph/D=0.001-D2=0.002-cutoffs001-n=5
Temporary directory: /tmp/55136761

Currently Loaded Modules:
  1) speech-scripts/2016.05.24-b928230   6) binutils/2.25-GCCcore-5.4.0
  2) srilm/default                       7) GCC/5.4.0-2.25
  3) cuda/10.0.130                       8) libgpuarray/2017.03.29-45c731f
  4) cudnn/7.4.2-cuda                    9) anaconda3/latest
  5) GCCcore/5.4.0

 

/tmp/55136761/lattices
floatX=float32,device=cuda0,base_compiledir=/tmp/theano,exception_verbosity=high,openmp=False
/scratch/work/groszt1/envs/theanoLM/lib/python3.7/site-packages/theano/gpuarray/dnn.py:184: UserWarning: Your cuDNN version is more recent than Theano. If you encounter problems, try updating Theano or downgrading cuDNN to a version >= v5 and <= v7.
  warnings.warn("Your cuDNN version is more recent than "
Using cuDNN version 7600 on context None
Mapped name None to device cuda0: Tesla V100-PCIE-32GB (0000:18:00.0)
TheanoLM 1.3.2
Theano 1.0.4
pygpu 0.7.6
==
+ srun --gres=gpu:1 theanolm decode /scratch/work/moisioa3/conv_lm/experiments/morph/D=0.001-D2=0.002-cutoffs001-n=5/nnlm.h5 --lattice-list /tmp/55136761/lattices/lattice-list --output-file /scratch/work/moisioa3/conv_lm/experiments/morph/D=0.001-D2=0.002-cutoffs001-n=5/decode/eval/lambda=1.0-lms=10/28.trn --output trn --nnlm-weight 1.0 --lm-scale 10 --max-tokens-per-node 62 --beam 650 --recombination-order 22 --num-jobs 128 --job 28 --unk-penalty=-20
2020-08-21 14:58:44,979 get_default_device: Context None device="Tesla V100-PCIE-32GB" ID="0000:18:00.0"
2020-08-21 14:58:44,980 from_file: Reading vocabulary from network state.
2020-08-21 14:58:45,166 from_file: Number of words in vocabulary: 42699
2020-08-21 14:58:45,166 from_file: Number of words in shortlist: 42699
2020-08-21 14:58:45,167 from_file: Number of word classes: 42699
2020-08-21 14:58:45,167 from_file: Building neural network.
2020-08-21 14:59:13,303 from_file: Restoring neural network state.
2020-08-21 14:59:13,658 decode: Building word lattice decoder.
2020-08-21 14:59:17,729 __iter__: Reading lattice file `/tmp/55136761/lattices/dspf002_dsp2013_09.lat.gz´.
2020-08-21 14:59:18,626 decode: Utterance `dspf002_dsp2013_09´ -- 1 of job 28
2020-08-21 14:59:45,787 __iter__: Reading lattice file `/tmp/55136761/lattices/dspm038_dsp2013_23.lat.gz´.
2020-08-21 14:59:45,861 decode: Utterance `dspm038_dsp2013_23´ -- 2 of job 28
2020-08-21 14:59:47,817 __iter__: Reading lattice file `/tmp/55136761/lattices/radiohenri_aamushow20100713_2.lat.gz´.
2020-08-21 14:59:47,854 decode: Utterance `radiohenri_aamushow20100713_2´ -- 3 of job 28
2020-08-21 14:59:48,611 __iter__: Reading lattice file `/tmp/55136761/lattices/radioporni_puhujainkulma20120930_116.lat.gz´.
2020-08-21 14:59:49,886 decode: Utterance `radioporni_puhujainkulma20120930_116´ -- 4 of job 28
2020-08-21 15:00:37,989 __iter__: Reading lattice file `/tmp/55136761/lattices/radioruudolf_aamushow20120720_95.lat.gz´.
2020-08-21 15:00:38,351 decode: Utterance `radioruudolf_aamushow20120720_95´ -- 5 of job 28
/scratch/work/groszt1/envs/theanoLM/lib/python3.7/site-packages/theano/gpuarray/dnn.py:184: UserWarning: Your cuDNN version is more recent than Theano. If you encounter problems, try updating Theano or downgrading cuDNN to a version >= v5 and <= v7.
  warnings.warn("Your cuDNN version is more recent than "
Using cuDNN version 7600 on context None
Mapped name None to device cuda0: Tesla V100-PCIE-32GB (0000:18:00.0)
/scratch/work/groszt1/envs/theanoLM/lib/python3.7/site-packages/h5py-2.9.0-py3.7-linux-x86_64.egg/h5py/_hl/dataset.py:313: H5pyDeprecationWarning: dataset.value has been deprecated. Use dataset[()] instead.
  "Use dataset[()] instead.", H5pyDeprecationWarning)
/scratch/work/groszt1/envs/theanoLM/lib/python3.7/site-packages/h5py-2.9.0-py3.7-linux-x86_64.egg/h5py/_hl/dataset.py:313: H5pyDeprecationWarning: dataset.value has been deprecated. Use dataset[()] instead.
  "Use dataset[()] instead.", H5pyDeprecationWarning)
decode_theanolm finished.
decode eval finished.
