Experiment: morph/D=0.001-D2=0.002-cutoffs001-n=5
Job ID: 55137010
Task ID: 32
Host: gpu4.int.triton.aalto.fi
Start date: Fri Aug 21 16:21:06 EEST 2020
Work directory: /scratch/work/moisioa3/conv_lm/experiments/morph/D=0.001-D2=0.002-cutoffs001-n=5
Temporary directory: /tmp/55137010

Currently Loaded Modules:
  1) speech-scripts/2016.05.24-b928230   6) binutils/2.25-GCCcore-5.4.0
  2) srilm/default                       7) GCC/5.4.0-2.25
  3) cuda/10.0.130                       8) libgpuarray/2017.03.29-45c731f
  4) cudnn/7.4.2-cuda                    9) anaconda3/latest
  5) GCCcore/5.4.0

 

/tmp/55137010/lattices
floatX=float32,device=cuda0,base_compiledir=/tmp/theano,exception_verbosity=high,openmp=False
/scratch/work/groszt1/envs/theanoLM/lib/python3.7/site-packages/theano/gpuarray/dnn.py:184: UserWarning: Your cuDNN version is more recent than Theano. If you encounter problems, try updating Theano or downgrading cuDNN to a version >= v5 and <= v7.
  warnings.warn("Your cuDNN version is more recent than "
Using cuDNN version 7600 on context None
Mapped name None to device cuda0: Tesla V100-PCIE-32GB (0000:18:00.0)
TheanoLM 1.3.2
Theano 1.0.4
pygpu 0.7.6
==
+ srun --gres=gpu:1 theanolm decode /scratch/work/moisioa3/conv_lm/experiments/morph/D=0.001-D2=0.002-cutoffs001-n=5/nnlm.h5 --lattice-list /tmp/55137010/lattices/lattice-list --output-file /scratch/work/moisioa3/conv_lm/experiments/morph/D=0.001-D2=0.002-cutoffs001-n=5/decode/eval/lambda=0.5-lms=9/32.trn --output trn --nnlm-weight 0.5 --lm-scale 9 --max-tokens-per-node 62 --beam 650 --recombination-order 22 --num-jobs 128 --job 32 --unk-penalty=-20
2020-08-21 16:21:19,111 get_default_device: Context None device="Tesla V100-PCIE-32GB" ID="0000:18:00.0"
2020-08-21 16:21:19,112 from_file: Reading vocabulary from network state.
2020-08-21 16:21:19,313 from_file: Number of words in vocabulary: 42699
2020-08-21 16:21:19,313 from_file: Number of words in shortlist: 42699
2020-08-21 16:21:19,313 from_file: Number of word classes: 42699
2020-08-21 16:21:19,313 from_file: Building neural network.
2020-08-21 16:21:47,633 from_file: Restoring neural network state.
2020-08-21 16:21:47,996 decode: Building word lattice decoder.
2020-08-21 16:22:07,292 __iter__: Reading lattice file `/tmp/55137010/lattices/dspf002_dsp2013_13.lat.gz´.
2020-08-21 16:22:07,320 decode: Utterance `dspf002_dsp2013_13´ -- 1 of job 32
2020-08-21 16:22:08,319 __iter__: Reading lattice file `/tmp/55137010/lattices/dspm038_dsp2013_28.lat.gz´.
2020-08-21 16:22:08,497 decode: Utterance `dspm038_dsp2013_28´ -- 2 of job 32
2020-08-21 16:22:13,324 __iter__: Reading lattice file `/tmp/55137010/lattices/radiohenri_aamushow20100713_27.lat.gz´.
2020-08-21 16:22:13,331 decode: Utterance `radiohenri_aamushow20100713_27´ -- 3 of job 32
2020-08-21 16:22:13,510 __iter__: Reading lattice file `/tmp/55137010/lattices/radioporni_puhujainkulma20120930_122.lat.gz´.
2020-08-21 16:22:13,534 decode: Utterance `radioporni_puhujainkulma20120930_122´ -- 4 of job 32
/scratch/work/groszt1/envs/theanoLM/lib/python3.7/site-packages/theano/gpuarray/dnn.py:184: UserWarning: Your cuDNN version is more recent than Theano. If you encounter problems, try updating Theano or downgrading cuDNN to a version >= v5 and <= v7.
  warnings.warn("Your cuDNN version is more recent than "
Using cuDNN version 7600 on context None
Mapped name None to device cuda0: Tesla V100-PCIE-32GB (0000:18:00.0)
/scratch/work/groszt1/envs/theanoLM/lib/python3.7/site-packages/h5py-2.9.0-py3.7-linux-x86_64.egg/h5py/_hl/dataset.py:313: H5pyDeprecationWarning: dataset.value has been deprecated. Use dataset[()] instead.
  "Use dataset[()] instead.", H5pyDeprecationWarning)
/scratch/work/groszt1/envs/theanoLM/lib/python3.7/site-packages/h5py-2.9.0-py3.7-linux-x86_64.egg/h5py/_hl/dataset.py:313: H5pyDeprecationWarning: dataset.value has been deprecated. Use dataset[()] instead.
  "Use dataset[()] instead.", H5pyDeprecationWarning)
decode_theanolm finished.
/tmp/55137010/lattices
floatX=float32,device=cuda0,base_compiledir=/tmp/theano,exception_verbosity=high,openmp=False
/scratch/work/groszt1/envs/theanoLM/lib/python3.7/site-packages/theano/gpuarray/dnn.py:184: UserWarning: Your cuDNN version is more recent than Theano. If you encounter problems, try updating Theano or downgrading cuDNN to a version >= v5 and <= v7.
  warnings.warn("Your cuDNN version is more recent than "
Using cuDNN version 7600 on context None
Mapped name None to device cuda0: Tesla V100-PCIE-32GB (0000:18:00.0)
TheanoLM 1.3.2
Theano 1.0.4
pygpu 0.7.6
==
+ srun --gres=gpu:1 theanolm decode /scratch/work/moisioa3/conv_lm/experiments/morph/D=0.001-D2=0.002-cutoffs001-n=5/nnlm.h5 --lattice-list /tmp/55137010/lattices/lattice-list --output-file /scratch/work/moisioa3/conv_lm/experiments/morph/D=0.001-D2=0.002-cutoffs001-n=5/decode/eval/lambda=0.5-lms=10/32.trn --output trn --nnlm-weight 0.5 --lm-scale 10 --max-tokens-per-node 62 --beam 650 --recombination-order 22 --num-jobs 128 --job 32 --unk-penalty=-20
2020-08-21 16:22:20,464 get_default_device: Context None device="Tesla V100-PCIE-32GB" ID="0000:18:00.0"
2020-08-21 16:22:20,465 from_file: Reading vocabulary from network state.
2020-08-21 16:22:20,669 from_file: Number of words in vocabulary: 42699
2020-08-21 16:22:20,670 from_file: Number of words in shortlist: 42699
2020-08-21 16:22:20,670 from_file: Number of word classes: 42699
2020-08-21 16:22:20,670 from_file: Building neural network.
2020-08-21 16:22:48,993 from_file: Restoring neural network state.
2020-08-21 16:22:49,357 decode: Building word lattice decoder.
2020-08-21 16:22:53,332 __iter__: Reading lattice file `/tmp/55137010/lattices/dspf002_dsp2013_13.lat.gz´.
2020-08-21 16:22:53,359 decode: Utterance `dspf002_dsp2013_13´ -- 1 of job 32
2020-08-21 16:22:53,899 __iter__: Reading lattice file `/tmp/55137010/lattices/dspm038_dsp2013_28.lat.gz´.
2020-08-21 16:22:54,074 decode: Utterance `dspm038_dsp2013_28´ -- 2 of job 32
2020-08-21 16:22:58,935 __iter__: Reading lattice file `/tmp/55137010/lattices/radiohenri_aamushow20100713_27.lat.gz´.
2020-08-21 16:22:58,942 decode: Utterance `radiohenri_aamushow20100713_27´ -- 3 of job 32
2020-08-21 16:22:59,122 __iter__: Reading lattice file `/tmp/55137010/lattices/radioporni_puhujainkulma20120930_122.lat.gz´.
2020-08-21 16:22:59,145 decode: Utterance `radioporni_puhujainkulma20120930_122´ -- 4 of job 32
/scratch/work/groszt1/envs/theanoLM/lib/python3.7/site-packages/theano/gpuarray/dnn.py:184: UserWarning: Your cuDNN version is more recent than Theano. If you encounter problems, try updating Theano or downgrading cuDNN to a version >= v5 and <= v7.
  warnings.warn("Your cuDNN version is more recent than "
Using cuDNN version 7600 on context None
Mapped name None to device cuda0: Tesla V100-PCIE-32GB (0000:18:00.0)
/scratch/work/groszt1/envs/theanoLM/lib/python3.7/site-packages/h5py-2.9.0-py3.7-linux-x86_64.egg/h5py/_hl/dataset.py:313: H5pyDeprecationWarning: dataset.value has been deprecated. Use dataset[()] instead.
  "Use dataset[()] instead.", H5pyDeprecationWarning)
/scratch/work/groszt1/envs/theanoLM/lib/python3.7/site-packages/h5py-2.9.0-py3.7-linux-x86_64.egg/h5py/_hl/dataset.py:313: H5pyDeprecationWarning: dataset.value has been deprecated. Use dataset[()] instead.
  "Use dataset[()] instead.", H5pyDeprecationWarning)
decode_theanolm finished.
/tmp/55137010/lattices
floatX=float32,device=cuda0,base_compiledir=/tmp/theano,exception_verbosity=high,openmp=False
/scratch/work/groszt1/envs/theanoLM/lib/python3.7/site-packages/theano/gpuarray/dnn.py:184: UserWarning: Your cuDNN version is more recent than Theano. If you encounter problems, try updating Theano or downgrading cuDNN to a version >= v5 and <= v7.
  warnings.warn("Your cuDNN version is more recent than "
Using cuDNN version 7600 on context None
Mapped name None to device cuda0: Tesla V100-PCIE-32GB (0000:18:00.0)
TheanoLM 1.3.2
Theano 1.0.4
pygpu 0.7.6
==
+ srun --gres=gpu:1 theanolm decode /scratch/work/moisioa3/conv_lm/experiments/morph/D=0.001-D2=0.002-cutoffs001-n=5/nnlm.h5 --lattice-list /tmp/55137010/lattices/lattice-list --output-file /scratch/work/moisioa3/conv_lm/experiments/morph/D=0.001-D2=0.002-cutoffs001-n=5/decode/eval/lambda=0.5-lms=11/32.trn --output trn --nnlm-weight 0.5 --lm-scale 11 --max-tokens-per-node 62 --beam 650 --recombination-order 22 --num-jobs 128 --job 32 --unk-penalty=-20
2020-08-21 16:23:06,049 get_default_device: Context None device="Tesla V100-PCIE-32GB" ID="0000:18:00.0"
2020-08-21 16:23:06,051 from_file: Reading vocabulary from network state.
2020-08-21 16:23:06,254 from_file: Number of words in vocabulary: 42699
2020-08-21 16:23:06,255 from_file: Number of words in shortlist: 42699
2020-08-21 16:23:06,255 from_file: Number of word classes: 42699
2020-08-21 16:23:06,255 from_file: Building neural network.
2020-08-21 16:23:34,537 from_file: Restoring neural network state.
2020-08-21 16:23:34,901 decode: Building word lattice decoder.
2020-08-21 16:23:38,882 __iter__: Reading lattice file `/tmp/55137010/lattices/dspf002_dsp2013_13.lat.gz´.
2020-08-21 16:23:38,909 decode: Utterance `dspf002_dsp2013_13´ -- 1 of job 32
2020-08-21 16:23:39,458 __iter__: Reading lattice file `/tmp/55137010/lattices/dspm038_dsp2013_28.lat.gz´.
2020-08-21 16:23:39,634 decode: Utterance `dspm038_dsp2013_28´ -- 2 of job 32
2020-08-21 16:23:44,510 __iter__: Reading lattice file `/tmp/55137010/lattices/radiohenri_aamushow20100713_27.lat.gz´.
2020-08-21 16:23:44,516 decode: Utterance `radiohenri_aamushow20100713_27´ -- 3 of job 32
2020-08-21 16:23:44,696 __iter__: Reading lattice file `/tmp/55137010/lattices/radioporni_puhujainkulma20120930_122.lat.gz´.
2020-08-21 16:23:44,720 decode: Utterance `radioporni_puhujainkulma20120930_122´ -- 4 of job 32
/scratch/work/groszt1/envs/theanoLM/lib/python3.7/site-packages/theano/gpuarray/dnn.py:184: UserWarning: Your cuDNN version is more recent than Theano. If you encounter problems, try updating Theano or downgrading cuDNN to a version >= v5 and <= v7.
  warnings.warn("Your cuDNN version is more recent than "
Using cuDNN version 7600 on context None
Mapped name None to device cuda0: Tesla V100-PCIE-32GB (0000:18:00.0)
/scratch/work/groszt1/envs/theanoLM/lib/python3.7/site-packages/h5py-2.9.0-py3.7-linux-x86_64.egg/h5py/_hl/dataset.py:313: H5pyDeprecationWarning: dataset.value has been deprecated. Use dataset[()] instead.
  "Use dataset[()] instead.", H5pyDeprecationWarning)
/scratch/work/groszt1/envs/theanoLM/lib/python3.7/site-packages/h5py-2.9.0-py3.7-linux-x86_64.egg/h5py/_hl/dataset.py:313: H5pyDeprecationWarning: dataset.value has been deprecated. Use dataset[()] instead.
  "Use dataset[()] instead.", H5pyDeprecationWarning)
decode_theanolm finished.
decode eval finished.
