EXPT_NAME theanolm-100k
EXPT_PARAMS expt10-seq40
EXPT_WORK_DIR /scratch/work/moisioa3/conv_lm/experiments/theanolm-100k/expt10-seq40
Experiment: theanolm-100k/expt10-seq40
Job ID: 54746412
Task ID: 6
Host: gpu21.int.triton.aalto.fi
Start date: Fri Jul 17 22:29:14 EEST 2020
Work directory: /scratch/work/moisioa3/conv_lm/experiments/theanolm-100k/expt10-seq40
Temporary directory: /tmp/54746412

Currently Loaded Modules:
  1) speech-scripts/2016.05.24-b928230   6) binutils/2.25-GCCcore-5.4.0
  2) srilm/default                       7) GCC/5.4.0-2.25
  3) cuda/10.0.130                       8) libgpuarray/2017.03.29-45c731f
  4) cudnn/7.4.2-cuda                    9) anaconda3/latest
  5) GCCcore/5.4.0

 

/tmp/54746412/lattices
floatX=float32,device=cuda0,base_compiledir=/tmp/theano,exception_verbosity=high,openmp=False
/scratch/work/groszt1/envs/theanoLM/lib/python3.7/site-packages/theano/gpuarray/dnn.py:184: UserWarning: Your cuDNN version is more recent than Theano. If you encounter problems, try updating Theano or downgrading cuDNN to a version >= v5 and <= v7.
  warnings.warn("Your cuDNN version is more recent than "
Using cuDNN version 7600 on context None
Mapped name None to device cuda0: Tesla K80 (0000:88:00.0)
TheanoLM 1.3.2
Theano 1.0.4
pygpu 0.7.6
==
+ srun --gres=gpu:1 theanolm decode /scratch/work/moisioa3/conv_lm/experiments/theanolm-100k/expt10-seq40/nnlm.h5 --lattice-list /tmp/54746412/lattices/lattice-list --output-file /scratch/work/moisioa3/conv_lm/experiments/theanolm-100k/expt10-seq40/decode/devel/lambda=0.5-lms=11/6.trn --output trn --nnlm-weight 0.5 --lm-scale 11 --max-tokens-per-node 62 --beam 650 --recombination-order 22 --num-jobs 10 --job 6 --shortlist --unk-penalty=-20
2020-07-17 22:29:28,368 get_default_device: Context None device="Tesla K80" ID="0000:88:00.0"
2020-07-17 22:29:28,369 from_file: Reading vocabulary from network state.
2020-07-17 22:29:31,972 from_file: Number of words in vocabulary: 2427252
2020-07-17 22:29:31,972 from_file: Number of words in shortlist: 100003
2020-07-17 22:29:31,972 from_file: Number of word classes: 100003
2020-07-17 22:29:31,973 from_file: Building neural network.
2020-07-17 22:30:29,978 from_file: Restoring neural network state.
2020-07-17 22:30:30,783 decode: Building word lattice decoder.
2020-07-17 22:30:36,604 __iter__: Reading lattice file `/tmp/54746412/lattices/dspf004_dsp2013_08.lat.gz´.
2020-07-17 22:30:37,084 decode: Utterance `dspf004_dsp2013_08´ -- 1 of job 6
2020-07-17 22:31:26,699 __iter__: Reading lattice file `/tmp/54746412/lattices/dspf004_dsp2013_18.lat.gz´.
2020-07-17 22:31:27,430 decode: Utterance `dspf004_dsp2013_18´ -- 2 of job 6
2020-07-17 22:32:50,714 __iter__: Reading lattice file `/tmp/54746412/lattices/dspf007_dsp2013_07.lat.gz´.
2020-07-17 22:32:50,918 decode: Utterance `dspf007_dsp2013_07´ -- 3 of job 6
2020-07-17 22:33:08,989 __iter__: Reading lattice file `/tmp/54746412/lattices/dspf007_dsp2013_17.lat.gz´.
2020-07-17 22:33:09,915 decode: Utterance `dspf007_dsp2013_17´ -- 4 of job 6
2020-07-17 22:34:18,715 __iter__: Reading lattice file `/tmp/54746412/lattices/dspm001_dsp2013_07.lat.gz´.
2020-07-17 22:34:19,355 decode: Utterance `dspm001_dsp2013_07´ -- 5 of job 6
2020-07-17 22:35:36,221 __iter__: Reading lattice file `/tmp/54746412/lattices/dspm001_dsp2013_17.lat.gz´.
2020-07-17 22:35:36,260 decode: Utterance `dspm001_dsp2013_17´ -- 6 of job 6
2020-07-17 22:35:38,387 __iter__: Reading lattice file `/tmp/54746412/lattices/dspm004_dsp2013_07.lat.gz´.
2020-07-17 22:35:39,257 decode: Utterance `dspm004_dsp2013_07´ -- 7 of job 6
2020-07-17 22:37:09,100 __iter__: Reading lattice file `/tmp/54746412/lattices/dspm004_dsp2013_17.lat.gz´.
2020-07-17 22:37:09,816 decode: Utterance `dspm004_dsp2013_17´ -- 8 of job 6
2020-07-17 22:38:06,593 __iter__: Reading lattice file `/tmp/54746412/lattices/dspm005_dsp2013_07.lat.gz´.
2020-07-17 22:38:06,644 decode: Utterance `dspm005_dsp2013_07´ -- 9 of job 6
2020-07-17 22:38:10,821 __iter__: Reading lattice file `/tmp/54746412/lattices/dspm005_dsp2013_17.lat.gz´.
2020-07-17 22:38:10,882 decode: Utterance `dspm005_dsp2013_17´ -- 10 of job 6
2020-07-17 22:38:15,337 __iter__: Reading lattice file `/tmp/54746412/lattices/dspm006_dsp2013_07.lat.gz´.
2020-07-17 22:38:15,353 decode: Utterance `dspm006_dsp2013_07´ -- 11 of job 6
2020-07-17 22:38:16,968 __iter__: Reading lattice file `/tmp/54746412/lattices/dspm006_dsp2013_20.lat.gz´.
2020-07-17 22:38:16,970 decode: Utterance `dspm006_dsp2013_20´ -- 12 of job 6
2020-07-17 22:38:17,104 __iter__: Reading lattice file `/tmp/54746412/lattices/dspm007_dsp2013_06.lat.gz´.
2020-07-17 22:38:17,469 decode: Utterance `dspm007_dsp2013_06´ -- 13 of job 6
2020-07-17 22:38:53,327 __iter__: Reading lattice file `/tmp/54746412/lattices/dspm007_dsp2013_18.lat.gz´.
2020-07-17 22:38:53,923 decode: Utterance `dspm007_dsp2013_18´ -- 14 of job 6
2020-07-17 22:39:55,639 __iter__: Reading lattice file `/tmp/54746412/lattices/dspm007_dsp2013_28.lat.gz´.
2020-07-17 22:39:55,914 decode: Utterance `dspm007_dsp2013_28´ -- 15 of job 6
2020-07-17 22:40:24,358 __iter__: Reading lattice file `/tmp/54746412/lattices/dspm010_dsp2013_09.lat.gz´.
2020-07-17 22:40:31,558 decode: Utterance `dspm010_dsp2013_09´ -- 16 of job 6
2020-07-17 22:52:03,511 __iter__: Reading lattice file `/tmp/54746412/lattices/dspm010_dsp2013_25.lat.gz´.
2020-07-17 22:52:05,636 decode: Utterance `dspm010_dsp2013_25´ -- 17 of job 6
2020-07-17 22:57:38,479 __iter__: Reading lattice file `/tmp/54746412/lattices/dspm011_dsp2013_09.lat.gz´.
2020-07-17 22:57:38,691 decode: Utterance `dspm011_dsp2013_09´ -- 18 of job 6
2020-07-17 22:57:53,044 __iter__: Reading lattice file `/tmp/54746412/lattices/dspm011_dsp2013_19.lat.gz´.
2020-07-17 22:57:53,333 decode: Utterance `dspm011_dsp2013_19´ -- 19 of job 6
2020-07-17 22:58:37,941 __iter__: Reading lattice file `/tmp/54746412/lattices/dspm014_dsp2013_07.lat.gz´.
2020-07-17 22:58:38,103 decode: Utterance `dspm014_dsp2013_07´ -- 20 of job 6
2020-07-17 22:58:55,579 __iter__: Reading lattice file `/tmp/54746412/lattices/dspm014_dsp2013_26.lat.gz´.
2020-07-17 22:58:55,884 decode: Utterance `dspm014_dsp2013_26´ -- 21 of job 6
2020-07-17 22:59:21,119 __iter__: Reading lattice file `/tmp/54746412/lattices/dspm015_dsp2013_03.lat.gz´.
2020-07-17 22:59:21,516 decode: Utterance `dspm015_dsp2013_03´ -- 22 of job 6
2020-07-17 22:59:53,219 __iter__: Reading lattice file `/tmp/54746412/lattices/dspm015_dsp2013_13.lat.gz´.
2020-07-17 22:59:53,599 decode: Utterance `dspm015_dsp2013_13´ -- 23 of job 6
2020-07-17 23:00:14,630 __iter__: Reading lattice file `/tmp/54746412/lattices/dspm017_dsp2013_105.lat.gz´.
2020-07-17 23:00:15,510 decode: Utterance `dspm017_dsp2013_105´ -- 24 of job 6
2020-07-17 23:02:35,359 __iter__: Reading lattice file `/tmp/54746412/lattices/dspm017_dsp2013_42.lat.gz´.
2020-07-17 23:02:35,769 decode: Utterance `dspm017_dsp2013_42´ -- 25 of job 6
2020-07-17 23:03:14,477 __iter__: Reading lattice file `/tmp/54746412/lattices/dspm017_dsp2013_81.lat.gz´.
2020-07-17 23:03:15,591 decode: Utterance `dspm017_dsp2013_81´ -- 26 of job 6
2020-07-17 23:05:07,472 __iter__: Reading lattice file `/tmp/54746412/lattices/dspm018_dsp2013_09.lat.gz´.
2020-07-17 23:05:07,800 decode: Utterance `dspm018_dsp2013_09´ -- 27 of job 6
2020-07-17 23:05:56,327 __iter__: Reading lattice file `/tmp/54746412/lattices/dspm018_dsp2013_19.lat.gz´.
2020-07-17 23:05:56,421 decode: Utterance `dspm018_dsp2013_19´ -- 28 of job 6
2020-07-17 23:06:06,424 __iter__: Reading lattice file `/tmp/54746412/lattices/dspm019_dsp2013_07.lat.gz´.
2020-07-17 23:06:06,478 decode: Utterance `dspm019_dsp2013_07´ -- 29 of job 6
2020-07-17 23:06:10,530 __iter__: Reading lattice file `/tmp/54746412/lattices/dspm019_dsp2013_18.lat.gz´.
2020-07-17 23:06:10,552 decode: Utterance `dspm019_dsp2013_18´ -- 30 of job 6
2020-07-17 23:06:12,150 __iter__: Reading lattice file `/tmp/54746412/lattices/dspm021_dsp2013_08.lat.gz´.
2020-07-17 23:06:12,638 decode: Utterance `dspm021_dsp2013_08´ -- 31 of job 6
2020-07-17 23:07:13,923 __iter__: Reading lattice file `/tmp/54746412/lattices/dspm021_dsp2013_18.lat.gz´.
2020-07-17 23:07:14,308 decode: Utterance `dspm021_dsp2013_18´ -- 32 of job 6
2020-07-17 23:08:18,870 __iter__: Reading lattice file `/tmp/54746412/lattices/dspm022_dsp2013_04.lat.gz´.
2020-07-17 23:08:19,067 decode: Utterance `dspm022_dsp2013_04´ -- 33 of job 6
2020-07-17 23:08:40,849 __iter__: Reading lattice file `/tmp/54746412/lattices/dspm022_dsp2013_14.lat.gz´.
2020-07-17 23:08:40,880 decode: Utterance `dspm022_dsp2013_14´ -- 34 of job 6
2020-07-17 23:08:44,109 __iter__: Reading lattice file `/tmp/54746412/lattices/dspm022_dsp2013_24.lat.gz´.
2020-07-17 23:08:44,657 decode: Utterance `dspm022_dsp2013_24´ -- 35 of job 6
2020-07-17 23:09:54,847 __iter__: Reading lattice file `/tmp/54746412/lattices/dspm022_dsp2013_34.lat.gz´.
2020-07-17 23:09:54,914 decode: Utterance `dspm022_dsp2013_34´ -- 36 of job 6
2020-07-17 23:10:01,216 __iter__: Reading lattice file `/tmp/54746412/lattices/dspm024_dsp2013_10.lat.gz´.
2020-07-17 23:10:01,317 decode: Utterance `dspm024_dsp2013_10´ -- 37 of job 6
2020-07-17 23:10:12,547 __iter__: Reading lattice file `/tmp/54746412/lattices/dspm024_dsp2013_21.lat.gz´.
2020-07-17 23:10:12,606 decode: Utterance `dspm024_dsp2013_21´ -- 38 of job 6
2020-07-17 23:10:16,771 __iter__: Reading lattice file `/tmp/54746412/lattices/dspm025_dsp2013_17.lat.gz´.
2020-07-17 23:10:17,549 decode: Utterance `dspm025_dsp2013_17´ -- 39 of job 6
2020-07-17 23:11:24,793 __iter__: Reading lattice file `/tmp/54746412/lattices/dspm025_dsp2013_29.lat.gz´.
2020-07-17 23:11:26,744 decode: Utterance `dspm025_dsp2013_29´ -- 40 of job 6
2020-07-17 23:14:32,808 __iter__: Reading lattice file `/tmp/54746412/lattices/dspm026_dsp2013_09.lat.gz´.
2020-07-17 23:14:33,260 decode: Utterance `dspm026_dsp2013_09´ -- 41 of job 6
2020-07-17 23:15:26,125 __iter__: Reading lattice file `/tmp/54746412/lattices/dspm026_dsp2013_19.lat.gz´.
2020-07-17 23:15:26,373 decode: Utterance `dspm026_dsp2013_19´ -- 42 of job 6
2020-07-17 23:15:53,896 __iter__: Reading lattice file `/tmp/54746412/lattices/dspm028_dsp2013_09.lat.gz´.
2020-07-17 23:15:54,055 decode: Utterance `dspm028_dsp2013_09´ -- 43 of job 6
2020-07-17 23:16:08,632 __iter__: Reading lattice file `/tmp/54746412/lattices/dspm028_dsp2013_19.lat.gz´.
2020-07-17 23:16:08,761 decode: Utterance `dspm028_dsp2013_19´ -- 44 of job 6
2020-07-17 23:16:18,018 __iter__: Reading lattice file `/tmp/54746412/lattices/dspm031_dsp2013_09.lat.gz´.
2020-07-17 23:16:18,029 decode: Utterance `dspm031_dsp2013_09´ -- 45 of job 6
2020-07-17 23:16:19,161 __iter__: Reading lattice file `/tmp/54746412/lattices/dspm031_dsp2013_19.lat.gz´.
2020-07-17 23:16:19,191 decode: Utterance `dspm031_dsp2013_19´ -- 46 of job 6
2020-07-17 23:16:21,903 __iter__: Reading lattice file `/tmp/54746412/lattices/dspm032_dsp2013_04.lat.gz´.
2020-07-17 23:16:21,909 decode: Utterance `dspm032_dsp2013_04´ -- 47 of job 6
2020-07-17 23:16:22,348 __iter__: Reading lattice file `/tmp/54746412/lattices/dspm032_dsp2013_14.lat.gz´.
2020-07-17 23:16:22,383 decode: Utterance `dspm032_dsp2013_14´ -- 48 of job 6
2020-07-17 23:16:24,740 __iter__: Reading lattice file `/tmp/54746412/lattices/dspm032_dsp2013_24.lat.gz´.
2020-07-17 23:16:24,755 decode: Utterance `dspm032_dsp2013_24´ -- 49 of job 6
2020-07-17 23:16:25,970 __iter__: Reading lattice file `/tmp/54746412/lattices/dspm033_dsp2013_29.lat.gz´.
2020-07-17 23:16:26,161 decode: Utterance `dspm033_dsp2013_29´ -- 50 of job 6
2020-07-17 23:16:45,862 __iter__: Reading lattice file `/tmp/54746412/lattices/dspm033_dsp2013_51.lat.gz´.
2020-07-17 23:16:46,326 decode: Utterance `dspm033_dsp2013_51´ -- 51 of job 6
2020-07-17 23:17:28,656 __iter__: Reading lattice file `/tmp/54746412/lattices/dspm034_dsp2013_10.lat.gz´.
2020-07-17 23:17:28,863 decode: Utterance `dspm034_dsp2013_10´ -- 52 of job 6
2020-07-17 23:17:43,462 __iter__: Reading lattice file `/tmp/54746412/lattices/dspm034_dsp2013_20.lat.gz´.
2020-07-17 23:17:43,536 decode: Utterance `dspm034_dsp2013_20´ -- 53 of job 6
2020-07-17 23:17:50,218 __iter__: Reading lattice file `/tmp/54746412/lattices/dspm036_dsp2013_34.lat.gz´.
2020-07-17 23:17:50,612 decode: Utterance `dspm036_dsp2013_34´ -- 54 of job 6
2020-07-17 23:18:39,172 __iter__: Reading lattice file `/tmp/54746412/lattices/dspm039_dsp2013_01.lat.gz´.
2020-07-17 23:18:39,285 decode: Utterance `dspm039_dsp2013_01´ -- 55 of job 6
2020-07-17 23:18:50,313 __iter__: Reading lattice file `/tmp/54746412/lattices/dspm039_dsp2013_12.lat.gz´.
2020-07-17 23:18:50,714 decode: Utterance `dspm039_dsp2013_12´ -- 56 of job 6
2020-07-17 23:19:33,399 __iter__: Reading lattice file `/tmp/54746412/lattices/dspm039_dsp2013_23.lat.gz´.
2020-07-17 23:19:33,744 decode: Utterance `dspm039_dsp2013_23´ -- 57 of job 6
2020-07-17 23:20:08,642 __iter__: Reading lattice file `/tmp/54746412/lattices/dspm040_dsp2013_06.lat.gz´.
2020-07-17 23:20:08,804 decode: Utterance `dspm040_dsp2013_06´ -- 58 of job 6
2020-07-17 23:20:23,058 __iter__: Reading lattice file `/tmp/54746412/lattices/dspm040_dsp2013_16.lat.gz´.
2020-07-17 23:20:23,097 decode: Utterance `dspm040_dsp2013_16´ -- 59 of job 6
2020-07-17 23:20:25,832 __iter__: Reading lattice file `/tmp/54746412/lattices/dspm042_dsp2013_07.lat.gz´.
2020-07-17 23:20:25,881 decode: Utterance `dspm042_dsp2013_07´ -- 60 of job 6
2020-07-17 23:20:30,209 __iter__: Reading lattice file `/tmp/54746412/lattices/dspm042_dsp2013_18.lat.gz´.
2020-07-17 23:20:30,276 decode: Utterance `dspm042_dsp2013_18´ -- 61 of job 6
2020-07-17 23:20:36,034 __iter__: Reading lattice file `/tmp/54746412/lattices/dspm043_dsp2013_08.lat.gz´.
2020-07-17 23:20:36,055 decode: Utterance `dspm043_dsp2013_08´ -- 62 of job 6
2020-07-17 23:20:37,367 __iter__: Reading lattice file `/tmp/54746412/lattices/dspm043_dsp2013_22.lat.gz´.
2020-07-17 23:20:37,390 decode: Utterance `dspm043_dsp2013_22´ -- 63 of job 6
2020-07-17 23:20:39,565 __iter__: Reading lattice file `/tmp/54746412/lattices/dspm045_dsp2013_01.lat.gz´.
2020-07-17 23:20:42,819 decode: Utterance `dspm045_dsp2013_01´ -- 64 of job 6
2020-07-17 23:25:02,988 __iter__: Reading lattice file `/tmp/54746412/lattices/dspm045_dsp2013_11.lat.gz´.
2020-07-17 23:25:03,495 decode: Utterance `dspm045_dsp2013_11´ -- 65 of job 6
2020-07-17 23:26:13,418 __iter__: Reading lattice file `/tmp/54746412/lattices/dspm047_dsp2013_01.lat.gz´.
2020-07-17 23:26:13,464 decode: Utterance `dspm047_dsp2013_01´ -- 66 of job 6
2020-07-17 23:26:17,850 __iter__: Reading lattice file `/tmp/54746412/lattices/dspm047_dsp2013_11.lat.gz´.
2020-07-17 23:26:18,012 decode: Utterance `dspm047_dsp2013_11´ -- 67 of job 6
2020-07-17 23:26:32,171 __iter__: Reading lattice file `/tmp/54746412/lattices/dspm048_dsp2013_01.lat.gz´.
2020-07-17 23:26:32,216 decode: Utterance `dspm048_dsp2013_01´ -- 68 of job 6
2020-07-17 23:26:37,284 __iter__: Reading lattice file `/tmp/54746412/lattices/dspm048_dsp2013_11.lat.gz´.
2020-07-17 23:26:37,415 decode: Utterance `dspm048_dsp2013_11´ -- 69 of job 6
2020-07-17 23:26:50,452 __iter__: Reading lattice file `/tmp/54746412/lattices/dspm048_dsp2013_21.lat.gz´.
2020-07-17 23:26:50,506 decode: Utterance `dspm048_dsp2013_21´ -- 70 of job 6
2020-07-17 23:26:55,529 __iter__: Reading lattice file `/tmp/54746412/lattices/dspm049_dsp2013_10.lat.gz´.
2020-07-17 23:26:56,617 decode: Utterance `dspm049_dsp2013_10´ -- 71 of job 6
2020-07-17 23:28:50,038 __iter__: Reading lattice file `/tmp/54746412/lattices/dspm049_dsp2013_20.lat.gz´.
2020-07-17 23:28:52,782 decode: Utterance `dspm049_dsp2013_20´ -- 72 of job 6
2020-07-17 23:33:12,467 __iter__: Reading lattice file `/tmp/54746412/lattices/dspm050_dsp2013_18.lat.gz´.
2020-07-17 23:33:12,535 decode: Utterance `dspm050_dsp2013_18´ -- 73 of job 6
2020-07-17 23:33:18,981 __iter__: Reading lattice file `/tmp/54746412/lattices/dspm050_dsp2013_30.lat.gz´.
2020-07-17 23:33:19,141 decode: Utterance `dspm050_dsp2013_30´ -- 74 of job 6
2020-07-17 23:33:35,114 __iter__: Reading lattice file `/tmp/54746412/lattices/dspm052_dsp2013_08.lat.gz´.
2020-07-17 23:33:35,354 decode: Utterance `dspm052_dsp2013_08´ -- 75 of job 6
2020-07-17 23:33:57,057 __iter__: Reading lattice file `/tmp/54746412/lattices/dspm052_dsp2013_18.lat.gz´.
2020-07-17 23:33:57,113 decode: Utterance `dspm052_dsp2013_18´ -- 76 of job 6
2020-07-17 23:34:00,716 __iter__: Reading lattice file `/tmp/54746412/lattices/dspm054_dsp2013_09.lat.gz´.
2020-07-17 23:34:01,100 decode: Utterance `dspm054_dsp2013_09´ -- 77 of job 6
2020-07-17 23:34:27,761 __iter__: Reading lattice file `/tmp/54746412/lattices/dspm054_dsp2013_20.lat.gz´.
2020-07-17 23:34:27,988 decode: Utterance `dspm054_dsp2013_20´ -- 78 of job 6
2020-07-17 23:34:49,399 __iter__: Reading lattice file `/tmp/54746412/lattices/dspm055_dsp2013_07.lat.gz´.
2020-07-17 23:34:49,474 decode: Utterance `dspm055_dsp2013_07´ -- 79 of job 6
2020-07-17 23:34:55,150 __iter__: Reading lattice file `/tmp/54746412/lattices/dspm055_dsp2013_17.lat.gz´.
2020-07-17 23:34:55,208 decode: Utterance `dspm055_dsp2013_17´ -- 80 of job 6
2020-07-17 23:35:00,959 __iter__: Reading lattice file `/tmp/54746412/lattices/dspm056_dsp2013_07.lat.gz´.
2020-07-17 23:35:01,104 decode: Utterance `dspm056_dsp2013_07´ -- 81 of job 6
2020-07-17 23:35:14,506 __iter__: Reading lattice file `/tmp/54746412/lattices/dspm056_dsp2013_17.lat.gz´.
2020-07-17 23:35:14,545 decode: Utterance `dspm056_dsp2013_17´ -- 82 of job 6
2020-07-17 23:35:17,463 __iter__: Reading lattice file `/tmp/54746412/lattices/dspm057_dsp2013_07.lat.gz´.
2020-07-17 23:35:18,628 decode: Utterance `dspm057_dsp2013_07´ -- 83 of job 6
2020-07-17 23:37:16,481 __iter__: Reading lattice file `/tmp/54746412/lattices/dspm057_dsp2013_17.lat.gz´.
2020-07-17 23:37:16,581 decode: Utterance `dspm057_dsp2013_17´ -- 84 of job 6
2020-07-17 23:37:27,585 __iter__: Reading lattice file `/tmp/54746412/lattices/dspm058_dsp2013_08.lat.gz´.
2020-07-17 23:37:27,655 decode: Utterance `dspm058_dsp2013_08´ -- 85 of job 6
2020-07-17 23:37:33,400 __iter__: Reading lattice file `/tmp/54746412/lattices/dspm058_dsp2013_19.lat.gz´.
2020-07-17 23:37:33,597 decode: Utterance `dspm058_dsp2013_19´ -- 86 of job 6
2020-07-17 23:37:46,820 __iter__: Reading lattice file `/tmp/54746412/lattices/radioanne_fym20071218_16.lat.gz´.
2020-07-17 23:37:46,829 decode: Utterance `radioanne_fym20071218_16´ -- 87 of job 6
2020-07-17 23:37:47,142 __iter__: Reading lattice file `/tmp/54746412/lattices/radiojake_kbk20120915_117.lat.gz´.
2020-07-17 23:37:47,245 decode: Utterance `radiojake_kbk20120915_117´ -- 88 of job 6
2020-07-17 23:38:01,683 __iter__: Reading lattice file `/tmp/54746412/lattices/radiojake_kbk20120915_2.lat.gz´.
2020-07-17 23:38:02,167 decode: Utterance `radiojake_kbk20120915_2´ -- 89 of job 6
2020-07-17 23:38:47,739 __iter__: Reading lattice file `/tmp/54746412/lattices/radiojake_kbk20120915_55.lat.gz´.
2020-07-17 23:38:47,844 decode: Utterance `radiojake_kbk20120915_55´ -- 90 of job 6
2020-07-17 23:38:58,357 __iter__: Reading lattice file `/tmp/54746412/lattices/radiojake_kbk20120915_86.lat.gz´.
2020-07-17 23:38:58,549 decode: Utterance `radiojake_kbk20120915_86´ -- 91 of job 6
2020-07-17 23:39:26,614 __iter__: Reading lattice file `/tmp/54746412/lattices/radiokassu_kbk20120915_34.lat.gz´.
2020-07-17 23:39:26,687 decode: Utterance `radiokassu_kbk20120915_34´ -- 92 of job 6
2020-07-17 23:39:32,257 __iter__: Reading lattice file `/tmp/54746412/lattices/radiokassu_kbk20120915_6.lat.gz´.
2020-07-17 23:39:32,448 decode: Utterance `radiokassu_kbk20120915_6´ -- 93 of job 6
2020-07-17 23:39:53,564 __iter__: Reading lattice file `/tmp/54746412/lattices/radionoona_fym20071218_21.lat.gz´.
2020-07-17 23:39:53,569 decode: Utterance `radionoona_fym20071218_21´ -- 94 of job 6
2020-07-17 23:39:53,968 __iter__: Reading lattice file `/tmp/54746412/lattices/radionoona_fym20071218_8.lat.gz´.
2020-07-17 23:39:53,980 decode: Utterance `radionoona_fym20071218_8´ -- 95 of job 6
2020-07-17 23:39:54,976 __iter__: Reading lattice file `/tmp/54746412/lattices/radioshaka_kbk20120915_16.lat.gz´.
2020-07-17 23:39:55,383 decode: Utterance `radioshaka_kbk20120915_16´ -- 96 of job 6
2020-07-17 23:40:40,938 __iter__: Reading lattice file `/tmp/54746412/lattices/radioshaka_kbk20120915_37.lat.gz´.
2020-07-17 23:40:41,625 decode: Utterance `radioshaka_kbk20120915_37´ -- 97 of job 6
2020-07-17 23:41:52,866 __iter__: Reading lattice file `/tmp/54746412/lattices/radioshaka_kbk20120915_66.lat.gz´.
2020-07-17 23:41:53,175 decode: Utterance `radioshaka_kbk20120915_66´ -- 98 of job 6
2020-07-17 23:42:24,465 __iter__: Reading lattice file `/tmp/54746412/lattices/radioshaka_kbk20120915_92.lat.gz´.
2020-07-17 23:42:24,872 decode: Utterance `radioshaka_kbk20120915_92´ -- 99 of job 6
/scratch/work/groszt1/envs/theanoLM/lib/python3.7/site-packages/theano/gpuarray/dnn.py:184: UserWarning: Your cuDNN version is more recent than Theano. If you encounter problems, try updating Theano or downgrading cuDNN to a version >= v5 and <= v7.
  warnings.warn("Your cuDNN version is more recent than "
Using cuDNN version 7600 on context None
Mapped name None to device cuda0: Tesla K80 (0000:88:00.0)
/scratch/work/groszt1/envs/theanoLM/lib/python3.7/site-packages/h5py-2.9.0-py3.7-linux-x86_64.egg/h5py/_hl/dataset.py:313: H5pyDeprecationWarning: dataset.value has been deprecated. Use dataset[()] instead.
  "Use dataset[()] instead.", H5pyDeprecationWarning)
/scratch/work/groszt1/envs/theanoLM/lib/python3.7/site-packages/h5py-2.9.0-py3.7-linux-x86_64.egg/h5py/_hl/dataset.py:313: H5pyDeprecationWarning: dataset.value has been deprecated. Use dataset[()] instead.
  "Use dataset[()] instead.", H5pyDeprecationWarning)
decode_theanolm finished.
