EXPT_NAME theanolm-100k
EXPT_PARAMS expt10-seq40
EXPT_WORK_DIR /scratch/work/moisioa3/conv_lm/experiments/theanolm-100k/expt10-seq40
Experiment: theanolm-100k/expt10-seq40
Job ID: 54746598
Task ID: 32
Host: gpu20.int.triton.aalto.fi
Start date: Fri Jul 17 23:07:03 EEST 2020
Work directory: /scratch/work/moisioa3/conv_lm/experiments/theanolm-100k/expt10-seq40
Temporary directory: /tmp/54746598

Currently Loaded Modules:
  1) speech-scripts/2016.05.24-b928230   6) binutils/2.25-GCCcore-5.4.0
  2) srilm/default                       7) GCC/5.4.0-2.25
  3) cuda/10.0.130                       8) libgpuarray/2017.03.29-45c731f
  4) cudnn/7.4.2-cuda                    9) anaconda3/latest
  5) GCCcore/5.4.0

 

/tmp/54746598/lattices
floatX=float32,device=cuda0,base_compiledir=/tmp/theano,exception_verbosity=high,openmp=False
/scratch/work/groszt1/envs/theanoLM/lib/python3.7/site-packages/theano/gpuarray/dnn.py:184: UserWarning: Your cuDNN version is more recent than Theano. If you encounter problems, try updating Theano or downgrading cuDNN to a version >= v5 and <= v7.
  warnings.warn("Your cuDNN version is more recent than "
Using cuDNN version 7600 on context None
Mapped name None to device cuda0: Tesla K80 (0000:89:00.0)
TheanoLM 1.3.2
Theano 1.0.4
pygpu 0.7.6
==
+ srun --gres=gpu:1 theanolm decode /scratch/work/moisioa3/conv_lm/experiments/theanolm-100k/expt10-seq40/nnlm.h5 --lattice-list /tmp/54746598/lattices/lattice-list --output-file /scratch/work/moisioa3/conv_lm/experiments/theanolm-100k/expt10-seq40/decode/devel/lambda=0.5-lms=14/2.trn --output trn --nnlm-weight 0.5 --lm-scale 14 --max-tokens-per-node 62 --beam 650 --recombination-order 22 --num-jobs 10 --job 2 --shortlist --unk-penalty=-20
2020-07-17 23:07:15,928 get_default_device: Context None device="Tesla K80" ID="0000:89:00.0"
2020-07-17 23:07:15,930 from_file: Reading vocabulary from network state.
2020-07-17 23:07:19,396 from_file: Number of words in vocabulary: 2427252
2020-07-17 23:07:19,396 from_file: Number of words in shortlist: 100003
2020-07-17 23:07:19,397 from_file: Number of word classes: 100003
2020-07-17 23:07:19,397 from_file: Building neural network.
2020-07-17 23:08:13,662 from_file: Restoring neural network state.
2020-07-17 23:08:14,412 decode: Building word lattice decoder.
2020-07-17 23:08:19,996 __iter__: Reading lattice file `/tmp/54746598/lattices/dspf004_dsp2013_03.lat.gz´.
2020-07-17 23:08:20,259 decode: Utterance `dspf004_dsp2013_03´ -- 1 of job 2
2020-07-17 23:08:34,387 __iter__: Reading lattice file `/tmp/54746598/lattices/dspf004_dsp2013_14.lat.gz´.
2020-07-17 23:08:34,838 decode: Utterance `dspf004_dsp2013_14´ -- 2 of job 2
2020-07-17 23:09:13,253 __iter__: Reading lattice file `/tmp/54746598/lattices/dspf007_dsp2013_03.lat.gz´.
2020-07-17 23:09:15,135 decode: Utterance `dspf007_dsp2013_03´ -- 3 of job 2
2020-07-17 23:12:40,273 __iter__: Reading lattice file `/tmp/54746598/lattices/dspf007_dsp2013_13.lat.gz´.
2020-07-17 23:12:40,413 decode: Utterance `dspf007_dsp2013_13´ -- 4 of job 2
2020-07-17 23:12:53,608 __iter__: Reading lattice file `/tmp/54746598/lattices/dspm001_dsp2013_03.lat.gz´.
2020-07-17 23:12:53,800 decode: Utterance `dspm001_dsp2013_03´ -- 5 of job 2
2020-07-17 23:13:12,951 __iter__: Reading lattice file `/tmp/54746598/lattices/dspm001_dsp2013_13.lat.gz´.
2020-07-17 23:13:13,206 decode: Utterance `dspm001_dsp2013_13´ -- 6 of job 2
2020-07-17 23:13:33,587 __iter__: Reading lattice file `/tmp/54746598/lattices/dspm004_dsp2013_03.lat.gz´.
2020-07-17 23:13:33,836 decode: Utterance `dspm004_dsp2013_03´ -- 7 of job 2
2020-07-17 23:13:56,707 __iter__: Reading lattice file `/tmp/54746598/lattices/dspm004_dsp2013_13.lat.gz´.
2020-07-17 23:14:02,499 decode: Utterance `dspm004_dsp2013_13´ -- 8 of job 2
2020-07-17 23:26:28,780 __iter__: Reading lattice file `/tmp/54746598/lattices/dspm005_dsp2013_03.lat.gz´.
2020-07-17 23:26:28,938 decode: Utterance `dspm005_dsp2013_03´ -- 9 of job 2
2020-07-17 23:26:43,123 __iter__: Reading lattice file `/tmp/54746598/lattices/dspm005_dsp2013_13.lat.gz´.
2020-07-17 23:26:43,501 decode: Utterance `dspm005_dsp2013_13´ -- 10 of job 2
2020-07-17 23:27:12,538 __iter__: Reading lattice file `/tmp/54746598/lattices/dspm005_dsp2013_23.lat.gz´.
2020-07-17 23:27:13,187 decode: Utterance `dspm005_dsp2013_23´ -- 11 of job 2
2020-07-17 23:28:09,241 __iter__: Reading lattice file `/tmp/54746598/lattices/dspm006_dsp2013_14.lat.gz´.
2020-07-17 23:28:09,272 decode: Utterance `dspm006_dsp2013_14´ -- 12 of job 2
2020-07-17 23:28:12,369 __iter__: Reading lattice file `/tmp/54746598/lattices/dspm006_dsp2013_26.lat.gz´.
2020-07-17 23:28:12,372 decode: Utterance `dspm006_dsp2013_26´ -- 13 of job 2
2020-07-17 23:28:12,525 __iter__: Reading lattice file `/tmp/54746598/lattices/dspm007_dsp2013_14.lat.gz´.
2020-07-17 23:28:12,671 decode: Utterance `dspm007_dsp2013_14´ -- 14 of job 2
2020-07-17 23:28:25,142 __iter__: Reading lattice file `/tmp/54746598/lattices/dspm007_dsp2013_24.lat.gz´.
2020-07-17 23:28:25,665 decode: Utterance `dspm007_dsp2013_24´ -- 15 of job 2
2020-07-17 23:29:18,129 __iter__: Reading lattice file `/tmp/54746598/lattices/dspm010_dsp2013_05.lat.gz´.
2020-07-17 23:29:19,340 decode: Utterance `dspm010_dsp2013_05´ -- 16 of job 2
2020-07-17 23:30:26,644 __iter__: Reading lattice file `/tmp/54746598/lattices/dspm010_dsp2013_16.lat.gz´.
2020-07-17 23:30:27,558 decode: Utterance `dspm010_dsp2013_16´ -- 17 of job 2
2020-07-17 23:32:17,045 __iter__: Reading lattice file `/tmp/54746598/lattices/dspm011_dsp2013_05.lat.gz´.
2020-07-17 23:32:17,125 decode: Utterance `dspm011_dsp2013_05´ -- 18 of job 2
2020-07-17 23:32:25,487 __iter__: Reading lattice file `/tmp/54746598/lattices/dspm011_dsp2013_15.lat.gz´.
2020-07-17 23:32:25,499 decode: Utterance `dspm011_dsp2013_15´ -- 19 of job 2
2020-07-17 23:32:26,175 __iter__: Reading lattice file `/tmp/54746598/lattices/dspm011_dsp2013_25.lat.gz´.
2020-07-17 23:32:26,319 decode: Utterance `dspm011_dsp2013_25´ -- 20 of job 2
2020-07-17 23:32:43,964 __iter__: Reading lattice file `/tmp/54746598/lattices/dspm014_dsp2013_22.lat.gz´.
2020-07-17 23:32:44,286 decode: Utterance `dspm014_dsp2013_22´ -- 21 of job 2
2020-07-17 23:33:16,109 __iter__: Reading lattice file `/tmp/54746598/lattices/dspm014_dsp2013_32.lat.gz´.
2020-07-17 23:33:16,125 decode: Utterance `dspm014_dsp2013_32´ -- 22 of job 2
2020-07-17 23:33:17,683 __iter__: Reading lattice file `/tmp/54746598/lattices/dspm015_dsp2013_09.lat.gz´.
2020-07-17 23:33:17,787 decode: Utterance `dspm015_dsp2013_09´ -- 23 of job 2
2020-07-17 23:33:26,552 __iter__: Reading lattice file `/tmp/54746598/lattices/dspm015_dsp2013_19.lat.gz´.
2020-07-17 23:33:26,653 decode: Utterance `dspm015_dsp2013_19´ -- 24 of job 2
2020-07-17 23:33:34,866 __iter__: Reading lattice file `/tmp/54746598/lattices/dspm017_dsp2013_30.lat.gz´.
2020-07-17 23:33:35,132 decode: Utterance `dspm017_dsp2013_30´ -- 25 of job 2
2020-07-17 23:34:03,249 __iter__: Reading lattice file `/tmp/54746598/lattices/dspm017_dsp2013_63.lat.gz´.
2020-07-17 23:34:06,023 decode: Utterance `dspm017_dsp2013_63´ -- 26 of job 2
2020-07-17 23:39:31,398 __iter__: Reading lattice file `/tmp/54746598/lattices/dspm018_dsp2013_04.lat.gz´.
2020-07-17 23:39:31,750 decode: Utterance `dspm018_dsp2013_04´ -- 27 of job 2
2020-07-17 23:40:02,916 __iter__: Reading lattice file `/tmp/54746598/lattices/dspm018_dsp2013_15.lat.gz´.
2020-07-17 23:40:03,013 decode: Utterance `dspm018_dsp2013_15´ -- 28 of job 2
2020-07-17 23:40:12,486 __iter__: Reading lattice file `/tmp/54746598/lattices/dspm019_dsp2013_03.lat.gz´.
2020-07-17 23:40:12,607 decode: Utterance `dspm019_dsp2013_03´ -- 29 of job 2
2020-07-17 23:40:23,712 __iter__: Reading lattice file `/tmp/54746598/lattices/dspm019_dsp2013_13.lat.gz´.
2020-07-17 23:40:23,735 decode: Utterance `dspm019_dsp2013_13´ -- 30 of job 2
2020-07-17 23:40:25,933 __iter__: Reading lattice file `/tmp/54746598/lattices/dspm021_dsp2013_03.lat.gz´.
2020-07-17 23:40:26,058 decode: Utterance `dspm021_dsp2013_03´ -- 31 of job 2
2020-07-17 23:40:40,833 __iter__: Reading lattice file `/tmp/54746598/lattices/dspm021_dsp2013_14.lat.gz´.
2020-07-17 23:40:40,996 decode: Utterance `dspm021_dsp2013_14´ -- 32 of job 2
2020-07-17 23:40:57,629 __iter__: Reading lattice file `/tmp/54746598/lattices/dspm021_dsp2013_25.lat.gz´.
2020-07-17 23:40:58,334 decode: Utterance `dspm021_dsp2013_25´ -- 33 of job 2
2020-07-17 23:42:23,556 __iter__: Reading lattice file `/tmp/54746598/lattices/dspm022_dsp2013_10.lat.gz´.
2020-07-17 23:42:23,667 decode: Utterance `dspm022_dsp2013_10´ -- 34 of job 2
2020-07-17 23:42:36,429 __iter__: Reading lattice file `/tmp/54746598/lattices/dspm022_dsp2013_20.lat.gz´.
2020-07-17 23:42:36,563 decode: Utterance `dspm022_dsp2013_20´ -- 35 of job 2
2020-07-17 23:42:46,227 __iter__: Reading lattice file `/tmp/54746598/lattices/dspm022_dsp2013_30.lat.gz´.
2020-07-17 23:42:46,389 decode: Utterance `dspm022_dsp2013_30´ -- 36 of job 2
2020-07-17 23:43:06,199 __iter__: Reading lattice file `/tmp/54746598/lattices/dspm024_dsp2013_06.lat.gz´.
2020-07-17 23:43:06,816 decode: Utterance `dspm024_dsp2013_06´ -- 37 of job 2
2020-07-17 23:44:14,051 __iter__: Reading lattice file `/tmp/54746598/lattices/dspm024_dsp2013_17.lat.gz´.
2020-07-17 23:44:14,135 decode: Utterance `dspm024_dsp2013_17´ -- 38 of job 2
2020-07-17 23:44:21,697 __iter__: Reading lattice file `/tmp/54746598/lattices/dspm025_dsp2013_12.lat.gz´.
2020-07-17 23:44:21,744 decode: Utterance `dspm025_dsp2013_12´ -- 39 of job 2
2020-07-17 23:44:26,150 __iter__: Reading lattice file `/tmp/54746598/lattices/dspm025_dsp2013_24.lat.gz´.
2020-07-17 23:44:27,086 decode: Utterance `dspm025_dsp2013_24´ -- 40 of job 2
2020-07-17 23:46:03,048 __iter__: Reading lattice file `/tmp/54746598/lattices/dspm026_dsp2013_05.lat.gz´.
2020-07-17 23:46:03,151 decode: Utterance `dspm026_dsp2013_05´ -- 41 of job 2
2020-07-17 23:46:14,693 __iter__: Reading lattice file `/tmp/54746598/lattices/dspm026_dsp2013_15.lat.gz´.
2020-07-17 23:46:14,971 decode: Utterance `dspm026_dsp2013_15´ -- 42 of job 2
2020-07-17 23:46:46,127 __iter__: Reading lattice file `/tmp/54746598/lattices/dspm028_dsp2013_05.lat.gz´.
2020-07-17 23:46:46,322 decode: Utterance `dspm028_dsp2013_05´ -- 43 of job 2
2020-07-17 23:47:00,291 __iter__: Reading lattice file `/tmp/54746598/lattices/dspm028_dsp2013_15.lat.gz´.
2020-07-17 23:47:00,662 decode: Utterance `dspm028_dsp2013_15´ -- 44 of job 2
2020-07-17 23:47:36,372 __iter__: Reading lattice file `/tmp/54746598/lattices/dspm031_dsp2013_05.lat.gz´.
2020-07-17 23:47:36,399 decode: Utterance `dspm031_dsp2013_05´ -- 45 of job 2
2020-07-17 23:47:38,780 __iter__: Reading lattice file `/tmp/54746598/lattices/dspm031_dsp2013_15.lat.gz´.
2020-07-17 23:47:38,892 decode: Utterance `dspm031_dsp2013_15´ -- 46 of job 2
2020-07-17 23:47:50,571 __iter__: Reading lattice file `/tmp/54746598/lattices/dspm031_dsp2013_25.lat.gz´.
2020-07-17 23:47:50,678 decode: Utterance `dspm031_dsp2013_25´ -- 47 of job 2
2020-07-17 23:48:04,860 __iter__: Reading lattice file `/tmp/54746598/lattices/dspm032_dsp2013_10.lat.gz´.
2020-07-17 23:48:05,506 decode: Utterance `dspm032_dsp2013_10´ -- 48 of job 2
2020-07-17 23:49:32,104 __iter__: Reading lattice file `/tmp/54746598/lattices/dspm032_dsp2013_20.lat.gz´.
2020-07-17 23:49:32,125 decode: Utterance `dspm032_dsp2013_20´ -- 49 of job 2
2020-07-17 23:49:33,588 __iter__: Reading lattice file `/tmp/54746598/lattices/dspm033_dsp2013_17.lat.gz´.
2020-07-17 23:49:33,874 decode: Utterance `dspm033_dsp2013_17´ -- 50 of job 2
2020-07-17 23:50:06,656 __iter__: Reading lattice file `/tmp/54746598/lattices/dspm033_dsp2013_44.lat.gz´.
2020-07-17 23:50:07,013 decode: Utterance `dspm033_dsp2013_44´ -- 51 of job 2
2020-07-17 23:50:42,452 __iter__: Reading lattice file `/tmp/54746598/lattices/dspm034_dsp2013_06.lat.gz´.
2020-07-17 23:50:43,122 decode: Utterance `dspm034_dsp2013_06´ -- 52 of job 2
2020-07-17 23:51:41,718 __iter__: Reading lattice file `/tmp/54746598/lattices/dspm034_dsp2013_16.lat.gz´.
2020-07-17 23:51:41,756 decode: Utterance `dspm034_dsp2013_16´ -- 53 of job 2
2020-07-17 23:51:44,233 __iter__: Reading lattice file `/tmp/54746598/lattices/dspm036_dsp2013_30.lat.gz´.
2020-07-17 23:51:46,216 decode: Utterance `dspm036_dsp2013_30´ -- 54 of job 2
2020-07-17 23:55:34,380 __iter__: Reading lattice file `/tmp/54746598/lattices/dspm036_dsp2013_41.lat.gz´.
2020-07-17 23:55:34,837 decode: Utterance `dspm036_dsp2013_41´ -- 55 of job 2
2020-07-17 23:56:25,703 __iter__: Reading lattice file `/tmp/54746598/lattices/dspm039_dsp2013_08.lat.gz´.
2020-07-17 23:56:25,905 decode: Utterance `dspm039_dsp2013_08´ -- 56 of job 2
2020-07-17 23:56:47,960 __iter__: Reading lattice file `/tmp/54746598/lattices/dspm039_dsp2013_19.lat.gz´.
2020-07-17 23:56:48,213 decode: Utterance `dspm039_dsp2013_19´ -- 57 of job 2
2020-07-17 23:57:14,810 __iter__: Reading lattice file `/tmp/54746598/lattices/dspm040_dsp2013_02.lat.gz´.
2020-07-17 23:57:15,067 decode: Utterance `dspm040_dsp2013_02´ -- 58 of job 2
2020-07-17 23:57:33,916 __iter__: Reading lattice file `/tmp/54746598/lattices/dspm040_dsp2013_12.lat.gz´.
2020-07-17 23:57:34,393 decode: Utterance `dspm040_dsp2013_12´ -- 59 of job 2
2020-07-17 23:58:12,711 __iter__: Reading lattice file `/tmp/54746598/lattices/dspm042_dsp2013_02.lat.gz´.
2020-07-17 23:58:12,716 decode: Utterance `dspm042_dsp2013_02´ -- 60 of job 2
2020-07-17 23:58:13,097 __iter__: Reading lattice file `/tmp/54746598/lattices/dspm042_dsp2013_14.lat.gz´.
2020-07-17 23:58:13,368 decode: Utterance `dspm042_dsp2013_14´ -- 61 of job 2
2020-07-17 23:58:36,864 __iter__: Reading lattice file `/tmp/54746598/lattices/dspm043_dsp2013_02.lat.gz´.
2020-07-17 23:58:36,876 decode: Utterance `dspm043_dsp2013_02´ -- 62 of job 2
2020-07-17 23:58:37,685 __iter__: Reading lattice file `/tmp/54746598/lattices/dspm043_dsp2013_17.lat.gz´.
2020-07-17 23:58:37,781 decode: Utterance `dspm043_dsp2013_17´ -- 63 of job 2
2020-07-17 23:58:44,509 __iter__: Reading lattice file `/tmp/54746598/lattices/dspm043_dsp2013_33.lat.gz´.
2020-07-17 23:58:44,592 decode: Utterance `dspm043_dsp2013_33´ -- 64 of job 2
2020-07-17 23:58:52,049 __iter__: Reading lattice file `/tmp/54746598/lattices/dspm045_dsp2013_07.lat.gz´.
2020-07-17 23:58:52,065 decode: Utterance `dspm045_dsp2013_07´ -- 65 of job 2
2020-07-17 23:58:53,461 __iter__: Reading lattice file `/tmp/54746598/lattices/dspm045_dsp2013_17.lat.gz´.
2020-07-17 23:58:54,004 decode: Utterance `dspm045_dsp2013_17´ -- 66 of job 2
2020-07-17 23:59:33,152 __iter__: Reading lattice file `/tmp/54746598/lattices/dspm047_dsp2013_07.lat.gz´.
2020-07-17 23:59:33,332 decode: Utterance `dspm047_dsp2013_07´ -- 67 of job 2
2020-07-17 23:59:53,329 __iter__: Reading lattice file `/tmp/54746598/lattices/dspm047_dsp2013_17.lat.gz´.
2020-07-17 23:59:53,547 decode: Utterance `dspm047_dsp2013_17´ -- 68 of job 2
2020-07-18 00:00:17,910 __iter__: Reading lattice file `/tmp/54746598/lattices/dspm048_dsp2013_07.lat.gz´.
2020-07-18 00:00:17,975 decode: Utterance `dspm048_dsp2013_07´ -- 69 of job 2
2020-07-18 00:00:24,198 __iter__: Reading lattice file `/tmp/54746598/lattices/dspm048_dsp2013_17.lat.gz´.
2020-07-18 00:00:24,681 decode: Utterance `dspm048_dsp2013_17´ -- 70 of job 2
2020-07-18 00:01:10,695 __iter__: Reading lattice file `/tmp/54746598/lattices/dspm049_dsp2013_06.lat.gz´.
2020-07-18 00:01:11,071 decode: Utterance `dspm049_dsp2013_06´ -- 71 of job 2
2020-07-18 00:01:45,160 __iter__: Reading lattice file `/tmp/54746598/lattices/dspm049_dsp2013_16.lat.gz´.
2020-07-18 00:01:46,497 decode: Utterance `dspm049_dsp2013_16´ -- 72 of job 2
2020-07-18 00:03:43,555 __iter__: Reading lattice file `/tmp/54746598/lattices/dspm050_dsp2013_13.lat.gz´.
2020-07-18 00:03:43,694 decode: Utterance `dspm050_dsp2013_13´ -- 73 of job 2
2020-07-18 00:03:55,618 __iter__: Reading lattice file `/tmp/54746598/lattices/dspm050_dsp2013_26.lat.gz´.
2020-07-18 00:03:55,625 decode: Utterance `dspm050_dsp2013_26´ -- 74 of job 2
2020-07-18 00:03:56,108 __iter__: Reading lattice file `/tmp/54746598/lattices/dspm052_dsp2013_04.lat.gz´.
2020-07-18 00:03:56,290 decode: Utterance `dspm052_dsp2013_04´ -- 75 of job 2
2020-07-18 00:04:16,798 __iter__: Reading lattice file `/tmp/54746598/lattices/dspm052_dsp2013_14.lat.gz´.
2020-07-18 00:04:16,976 decode: Utterance `dspm052_dsp2013_14´ -- 76 of job 2
2020-07-18 00:04:32,189 __iter__: Reading lattice file `/tmp/54746598/lattices/dspm054_dsp2013_05.lat.gz´.
2020-07-18 00:04:32,349 decode: Utterance `dspm054_dsp2013_05´ -- 77 of job 2
2020-07-18 00:04:44,216 __iter__: Reading lattice file `/tmp/54746598/lattices/dspm054_dsp2013_16.lat.gz´.
2020-07-18 00:04:44,577 decode: Utterance `dspm054_dsp2013_16´ -- 78 of job 2
2020-07-18 00:05:33,099 __iter__: Reading lattice file `/tmp/54746598/lattices/dspm055_dsp2013_03.lat.gz´.
2020-07-18 00:05:33,577 decode: Utterance `dspm055_dsp2013_03´ -- 79 of job 2
2020-07-18 00:06:31,337 __iter__: Reading lattice file `/tmp/54746598/lattices/dspm055_dsp2013_13.lat.gz´.
2020-07-18 00:06:31,405 decode: Utterance `dspm055_dsp2013_13´ -- 80 of job 2
2020-07-18 00:06:39,507 __iter__: Reading lattice file `/tmp/54746598/lattices/dspm056_dsp2013_03.lat.gz´.
2020-07-18 00:06:39,864 decode: Utterance `dspm056_dsp2013_03´ -- 81 of job 2
2020-07-18 00:07:08,673 __iter__: Reading lattice file `/tmp/54746598/lattices/dspm056_dsp2013_13.lat.gz´.
2020-07-18 00:07:08,826 decode: Utterance `dspm056_dsp2013_13´ -- 82 of job 2
2020-07-18 00:07:27,234 __iter__: Reading lattice file `/tmp/54746598/lattices/dspm057_dsp2013_03.lat.gz´.
2020-07-18 00:07:29,638 decode: Utterance `dspm057_dsp2013_03´ -- 83 of job 2
2020-07-18 00:11:59,828 __iter__: Reading lattice file `/tmp/54746598/lattices/dspm057_dsp2013_13.lat.gz´.
2020-07-18 00:12:03,856 decode: Utterance `dspm057_dsp2013_13´ -- 84 of job 2
2020-07-18 00:21:36,882 __iter__: Reading lattice file `/tmp/54746598/lattices/dspm058_dsp2013_03.lat.gz´.
2020-07-18 00:21:37,091 decode: Utterance `dspm058_dsp2013_03´ -- 85 of job 2
2020-07-18 00:21:56,070 __iter__: Reading lattice file `/tmp/54746598/lattices/dspm058_dsp2013_15.lat.gz´.
2020-07-18 00:21:56,475 decode: Utterance `dspm058_dsp2013_15´ -- 86 of job 2
2020-07-18 00:22:34,560 __iter__: Reading lattice file `/tmp/54746598/lattices/dspm058_dsp2013_25.lat.gz´.
2020-07-18 00:22:34,923 decode: Utterance `dspm058_dsp2013_25´ -- 87 of job 2
2020-07-18 00:23:14,082 __iter__: Reading lattice file `/tmp/54746598/lattices/radiojake_kbk20120915_104.lat.gz´.
2020-07-18 00:23:14,607 decode: Utterance `radiojake_kbk20120915_104´ -- 88 of job 2
2020-07-18 00:24:25,829 __iter__: Reading lattice file `/tmp/54746598/lattices/radiojake_kbk20120915_21.lat.gz´.
2020-07-18 00:24:25,867 decode: Utterance `radiojake_kbk20120915_21´ -- 89 of job 2
2020-07-18 00:24:28,397 __iter__: Reading lattice file `/tmp/54746598/lattices/radiojake_kbk20120915_47.lat.gz´.
2020-07-18 00:24:28,863 decode: Utterance `radiojake_kbk20120915_47´ -- 90 of job 2
2020-07-18 00:25:24,542 __iter__: Reading lattice file `/tmp/54746598/lattices/radiojake_kbk20120915_78.lat.gz´.
2020-07-18 00:25:25,226 decode: Utterance `radiojake_kbk20120915_78´ -- 91 of job 2
2020-07-18 00:27:10,843 __iter__: Reading lattice file `/tmp/54746598/lattices/radiokassu_kbk20120915_103.lat.gz´.
2020-07-18 00:27:11,208 decode: Utterance `radiokassu_kbk20120915_103´ -- 92 of job 2
2020-07-18 00:27:55,871 __iter__: Reading lattice file `/tmp/54746598/lattices/radiokassu_kbk20120915_53.lat.gz´.
2020-07-18 00:27:55,889 decode: Utterance `radiokassu_kbk20120915_53´ -- 93 of job 2
2020-07-18 00:27:56,792 __iter__: Reading lattice file `/tmp/54746598/lattices/radionoona_fym20071218_13.lat.gz´.
2020-07-18 00:27:56,840 decode: Utterance `radionoona_fym20071218_13´ -- 94 of job 2
2020-07-18 00:28:00,617 __iter__: Reading lattice file `/tmp/54746598/lattices/radionoona_fym20071218_32.lat.gz´.
2020-07-18 00:28:00,638 decode: Utterance `radionoona_fym20071218_32´ -- 95 of job 2
2020-07-18 00:28:02,094 __iter__: Reading lattice file `/tmp/54746598/lattices/radioshaka_kbk20120915_10.lat.gz´.
2020-07-18 00:28:02,184 decode: Utterance `radioshaka_kbk20120915_10´ -- 96 of job 2
2020-07-18 00:28:06,695 __iter__: Reading lattice file `/tmp/54746598/lattices/radioshaka_kbk20120915_29.lat.gz´.
2020-07-18 00:28:07,499 decode: Utterance `radioshaka_kbk20120915_29´ -- 97 of job 2
2020-07-18 00:29:19,968 __iter__: Reading lattice file `/tmp/54746598/lattices/radioshaka_kbk20120915_60.lat.gz´.
2020-07-18 00:29:20,929 decode: Utterance `radioshaka_kbk20120915_60´ -- 98 of job 2
2020-07-18 00:30:45,241 __iter__: Reading lattice file `/tmp/54746598/lattices/radioshaka_kbk20120915_88.lat.gz´.
2020-07-18 00:30:46,117 decode: Utterance `radioshaka_kbk20120915_88´ -- 99 of job 2
/scratch/work/groszt1/envs/theanoLM/lib/python3.7/site-packages/theano/gpuarray/dnn.py:184: UserWarning: Your cuDNN version is more recent than Theano. If you encounter problems, try updating Theano or downgrading cuDNN to a version >= v5 and <= v7.
  warnings.warn("Your cuDNN version is more recent than "
Using cuDNN version 7600 on context None
Mapped name None to device cuda0: Tesla K80 (0000:89:00.0)
/scratch/work/groszt1/envs/theanoLM/lib/python3.7/site-packages/h5py-2.9.0-py3.7-linux-x86_64.egg/h5py/_hl/dataset.py:313: H5pyDeprecationWarning: dataset.value has been deprecated. Use dataset[()] instead.
  "Use dataset[()] instead.", H5pyDeprecationWarning)
/scratch/work/groszt1/envs/theanoLM/lib/python3.7/site-packages/h5py-2.9.0-py3.7-linux-x86_64.egg/h5py/_hl/dataset.py:313: H5pyDeprecationWarning: dataset.value has been deprecated. Use dataset[()] instead.
  "Use dataset[()] instead.", H5pyDeprecationWarning)
decode_theanolm finished.
