EXPT_NAME theanolm-100k
EXPT_PARAMS expt10-seq40
EXPT_WORK_DIR /scratch/work/moisioa3/conv_lm/experiments/theanolm-100k/expt10-seq40
Experiment: theanolm-100k/expt10-seq40
Job ID: 54746769
Task ID: 60
Host: gpu21.int.triton.aalto.fi
Start date: Fri Jul 17 23:42:58 EEST 2020
Work directory: /scratch/work/moisioa3/conv_lm/experiments/theanolm-100k/expt10-seq40
Temporary directory: /tmp/54746769

Currently Loaded Modules:
  1) speech-scripts/2016.05.24-b928230   6) binutils/2.25-GCCcore-5.4.0
  2) srilm/default                       7) GCC/5.4.0-2.25
  3) cuda/10.0.130                       8) libgpuarray/2017.03.29-45c731f
  4) cudnn/7.4.2-cuda                    9) anaconda3/latest
  5) GCCcore/5.4.0

 

/tmp/54746769/lattices
floatX=float32,device=cuda0,base_compiledir=/tmp/theano,exception_verbosity=high,openmp=False
/scratch/work/groszt1/envs/theanoLM/lib/python3.7/site-packages/theano/gpuarray/dnn.py:184: UserWarning: Your cuDNN version is more recent than Theano. If you encounter problems, try updating Theano or downgrading cuDNN to a version >= v5 and <= v7.
  warnings.warn("Your cuDNN version is more recent than "
Using cuDNN version 7600 on context None
Mapped name None to device cuda0: Tesla K80 (0000:88:00.0)
TheanoLM 1.3.2
Theano 1.0.4
pygpu 0.7.6
==
+ srun --gres=gpu:1 theanolm decode /scratch/work/moisioa3/conv_lm/experiments/theanolm-100k/expt10-seq40/nnlm.h5 --lattice-list /tmp/54746769/lattices/lattice-list --output-file /scratch/work/moisioa3/conv_lm/experiments/theanolm-100k/expt10-seq40/decode/devel/lambda=1.0-lms=13/0.trn --output trn --nnlm-weight 1.0 --lm-scale 13 --max-tokens-per-node 62 --beam 650 --recombination-order 22 --num-jobs 10 --job 0 --shortlist --unk-penalty=-20
2020-07-17 23:43:09,918 get_default_device: Context None device="Tesla K80" ID="0000:88:00.0"
2020-07-17 23:43:09,920 from_file: Reading vocabulary from network state.
2020-07-17 23:43:13,410 from_file: Number of words in vocabulary: 2427252
2020-07-17 23:43:13,410 from_file: Number of words in shortlist: 100003
2020-07-17 23:43:13,411 from_file: Number of word classes: 100003
2020-07-17 23:43:13,411 from_file: Building neural network.
2020-07-17 23:44:08,597 from_file: Restoring neural network state.
2020-07-17 23:44:09,368 decode: Building word lattice decoder.
2020-07-17 23:44:15,028 __iter__: Reading lattice file `/tmp/54746769/lattices/dspf004_dsp2013_01.lat.gz´.
2020-07-17 23:44:15,656 decode: Utterance `dspf004_dsp2013_01´ -- 1 of job 0
2020-07-17 23:45:10,425 __iter__: Reading lattice file `/tmp/54746769/lattices/dspf004_dsp2013_12.lat.gz´.
2020-07-17 23:45:11,483 decode: Utterance `dspf004_dsp2013_12´ -- 2 of job 0
2020-07-17 23:47:36,623 __iter__: Reading lattice file `/tmp/54746769/lattices/dspf007_dsp2013_01.lat.gz´.
2020-07-17 23:47:38,828 decode: Utterance `dspf007_dsp2013_01´ -- 3 of job 0
2020-07-17 23:50:56,031 __iter__: Reading lattice file `/tmp/54746769/lattices/dspf007_dsp2013_11.lat.gz´.
2020-07-17 23:50:57,143 decode: Utterance `dspf007_dsp2013_11´ -- 4 of job 0
2020-07-17 23:52:46,766 __iter__: Reading lattice file `/tmp/54746769/lattices/dspm001_dsp2013_01.lat.gz´.
2020-07-17 23:52:47,409 decode: Utterance `dspm001_dsp2013_01´ -- 5 of job 0
2020-07-17 23:53:33,883 __iter__: Reading lattice file `/tmp/54746769/lattices/dspm001_dsp2013_11.lat.gz´.
2020-07-17 23:53:34,326 decode: Utterance `dspm001_dsp2013_11´ -- 6 of job 0
2020-07-17 23:54:15,086 __iter__: Reading lattice file `/tmp/54746769/lattices/dspm004_dsp2013_01.lat.gz´.
2020-07-17 23:54:15,283 decode: Utterance `dspm004_dsp2013_01´ -- 7 of job 0
2020-07-17 23:54:26,744 __iter__: Reading lattice file `/tmp/54746769/lattices/dspm004_dsp2013_11.lat.gz´.
2020-07-17 23:54:29,119 decode: Utterance `dspm004_dsp2013_11´ -- 8 of job 0
2020-07-17 23:57:50,756 __iter__: Reading lattice file `/tmp/54746769/lattices/dspm005_dsp2013_01.lat.gz´.
2020-07-17 23:57:50,779 decode: Utterance `dspm005_dsp2013_01´ -- 9 of job 0
2020-07-17 23:57:52,352 __iter__: Reading lattice file `/tmp/54746769/lattices/dspm005_dsp2013_11.lat.gz´.
2020-07-17 23:57:52,426 decode: Utterance `dspm005_dsp2013_11´ -- 10 of job 0
2020-07-17 23:57:58,226 __iter__: Reading lattice file `/tmp/54746769/lattices/dspm005_dsp2013_21.lat.gz´.
2020-07-17 23:57:58,642 decode: Utterance `dspm005_dsp2013_21´ -- 11 of job 0
2020-07-17 23:58:25,578 __iter__: Reading lattice file `/tmp/54746769/lattices/dspm006_dsp2013_11.lat.gz´.
2020-07-17 23:58:25,604 decode: Utterance `dspm006_dsp2013_11´ -- 12 of job 0
2020-07-17 23:58:28,539 __iter__: Reading lattice file `/tmp/54746769/lattices/dspm006_dsp2013_24.lat.gz´.
2020-07-17 23:58:28,546 decode: Utterance `dspm006_dsp2013_24´ -- 13 of job 0
2020-07-17 23:58:29,179 __iter__: Reading lattice file `/tmp/54746769/lattices/dspm007_dsp2013_12.lat.gz´.
2020-07-17 23:58:29,750 decode: Utterance `dspm007_dsp2013_12´ -- 14 of job 0
2020-07-17 23:59:24,874 __iter__: Reading lattice file `/tmp/54746769/lattices/dspm007_dsp2013_22.lat.gz´.
2020-07-17 23:59:24,936 decode: Utterance `dspm007_dsp2013_22´ -- 15 of job 0
2020-07-17 23:59:30,007 __iter__: Reading lattice file `/tmp/54746769/lattices/dspm010_dsp2013_03.lat.gz´.
2020-07-17 23:59:31,315 decode: Utterance `dspm010_dsp2013_03´ -- 16 of job 0
2020-07-18 00:01:41,475 __iter__: Reading lattice file `/tmp/54746769/lattices/dspm010_dsp2013_13.lat.gz´.
2020-07-18 00:01:41,564 decode: Utterance `dspm010_dsp2013_13´ -- 17 of job 0
2020-07-18 00:01:50,394 __iter__: Reading lattice file `/tmp/54746769/lattices/dspm011_dsp2013_03.lat.gz´.
2020-07-18 00:01:50,455 decode: Utterance `dspm011_dsp2013_03´ -- 18 of job 0
2020-07-18 00:01:54,678 __iter__: Reading lattice file `/tmp/54746769/lattices/dspm011_dsp2013_13.lat.gz´.
2020-07-18 00:01:54,684 decode: Utterance `dspm011_dsp2013_13´ -- 19 of job 0
2020-07-18 00:01:55,135 __iter__: Reading lattice file `/tmp/54746769/lattices/dspm011_dsp2013_23.lat.gz´.
2020-07-18 00:01:55,310 decode: Utterance `dspm011_dsp2013_23´ -- 20 of job 0
2020-07-18 00:02:05,294 __iter__: Reading lattice file `/tmp/54746769/lattices/dspm014_dsp2013_12.lat.gz´.
2020-07-18 00:02:05,387 decode: Utterance `dspm014_dsp2013_12´ -- 21 of job 0
2020-07-18 00:02:13,235 __iter__: Reading lattice file `/tmp/54746769/lattices/dspm014_dsp2013_30.lat.gz´.
2020-07-18 00:02:13,432 decode: Utterance `dspm014_dsp2013_30´ -- 22 of job 0
2020-07-18 00:02:26,441 __iter__: Reading lattice file `/tmp/54746769/lattices/dspm015_dsp2013_07.lat.gz´.
2020-07-18 00:02:26,976 decode: Utterance `dspm015_dsp2013_07´ -- 23 of job 0
2020-07-18 00:03:13,299 __iter__: Reading lattice file `/tmp/54746769/lattices/dspm015_dsp2013_17.lat.gz´.
2020-07-18 00:03:13,377 decode: Utterance `dspm015_dsp2013_17´ -- 24 of job 0
2020-07-18 00:03:21,068 __iter__: Reading lattice file `/tmp/54746769/lattices/dspm017_dsp2013_20.lat.gz´.
2020-07-18 00:03:21,293 decode: Utterance `dspm017_dsp2013_20´ -- 25 of job 0
2020-07-18 00:03:39,040 __iter__: Reading lattice file `/tmp/54746769/lattices/dspm017_dsp2013_55.lat.gz´.
2020-07-18 00:03:40,272 decode: Utterance `dspm017_dsp2013_55´ -- 26 of job 0
2020-07-18 00:05:44,194 __iter__: Reading lattice file `/tmp/54746769/lattices/dspm017_dsp2013_97.lat.gz´.
2020-07-18 00:05:46,045 decode: Utterance `dspm017_dsp2013_97´ -- 27 of job 0
2020-07-18 00:09:03,474 __iter__: Reading lattice file `/tmp/54746769/lattices/dspm018_dsp2013_13.lat.gz´.
2020-07-18 00:09:03,477 decode: Utterance `dspm018_dsp2013_13´ -- 28 of job 0
2020-07-18 00:09:03,696 __iter__: Reading lattice file `/tmp/54746769/lattices/dspm018_dsp2013_23.lat.gz´.
2020-07-18 00:09:03,730 decode: Utterance `dspm018_dsp2013_23´ -- 29 of job 0
2020-07-18 00:09:06,193 __iter__: Reading lattice file `/tmp/54746769/lattices/dspm019_dsp2013_11.lat.gz´.
2020-07-18 00:09:06,252 decode: Utterance `dspm019_dsp2013_11´ -- 30 of job 0
2020-07-18 00:09:11,601 __iter__: Reading lattice file `/tmp/54746769/lattices/dspm021_dsp2013_01.lat.gz´.
2020-07-18 00:09:11,745 decode: Utterance `dspm021_dsp2013_01´ -- 31 of job 0
2020-07-18 00:09:24,030 __iter__: Reading lattice file `/tmp/54746769/lattices/dspm021_dsp2013_12.lat.gz´.
2020-07-18 00:09:24,139 decode: Utterance `dspm021_dsp2013_12´ -- 32 of job 0
2020-07-18 00:09:36,092 __iter__: Reading lattice file `/tmp/54746769/lattices/dspm021_dsp2013_23.lat.gz´.
2020-07-18 00:09:36,528 decode: Utterance `dspm021_dsp2013_23´ -- 33 of job 0
2020-07-18 00:10:15,053 __iter__: Reading lattice file `/tmp/54746769/lattices/dspm022_dsp2013_08.lat.gz´.
2020-07-18 00:10:15,097 decode: Utterance `dspm022_dsp2013_08´ -- 34 of job 0
2020-07-18 00:10:17,241 __iter__: Reading lattice file `/tmp/54746769/lattices/dspm022_dsp2013_18.lat.gz´.
2020-07-18 00:10:17,287 decode: Utterance `dspm022_dsp2013_18´ -- 35 of job 0
2020-07-18 00:10:20,175 __iter__: Reading lattice file `/tmp/54746769/lattices/dspm022_dsp2013_28.lat.gz´.
2020-07-18 00:10:23,240 decode: Utterance `dspm022_dsp2013_28´ -- 36 of job 0
2020-07-18 00:16:02,003 __iter__: Reading lattice file `/tmp/54746769/lattices/dspm024_dsp2013_04.lat.gz´.
2020-07-18 00:16:02,063 decode: Utterance `dspm024_dsp2013_04´ -- 37 of job 0
2020-07-18 00:16:06,915 __iter__: Reading lattice file `/tmp/54746769/lattices/dspm024_dsp2013_14.lat.gz´.
2020-07-18 00:16:06,925 decode: Utterance `dspm024_dsp2013_14´ -- 38 of job 0
2020-07-18 00:16:07,650 __iter__: Reading lattice file `/tmp/54746769/lattices/dspm025_dsp2013_09.lat.gz´.
2020-07-18 00:16:07,676 decode: Utterance `dspm025_dsp2013_09´ -- 39 of job 0
2020-07-18 00:16:09,284 __iter__: Reading lattice file `/tmp/54746769/lattices/dspm025_dsp2013_21.lat.gz´.
2020-07-18 00:16:09,620 decode: Utterance `dspm025_dsp2013_21´ -- 40 of job 0
2020-07-18 00:16:40,307 __iter__: Reading lattice file `/tmp/54746769/lattices/dspm026_dsp2013_03.lat.gz´.
2020-07-18 00:16:40,351 decode: Utterance `dspm026_dsp2013_03´ -- 41 of job 0
2020-07-18 00:16:44,646 __iter__: Reading lattice file `/tmp/54746769/lattices/dspm026_dsp2013_13.lat.gz´.
2020-07-18 00:16:44,721 decode: Utterance `dspm026_dsp2013_13´ -- 42 of job 0
2020-07-18 00:16:50,928 __iter__: Reading lattice file `/tmp/54746769/lattices/dspm028_dsp2013_03.lat.gz´.
2020-07-18 00:16:51,306 decode: Utterance `dspm028_dsp2013_03´ -- 43 of job 0
2020-07-18 00:17:20,278 __iter__: Reading lattice file `/tmp/54746769/lattices/dspm028_dsp2013_13.lat.gz´.
2020-07-18 00:17:20,421 decode: Utterance `dspm028_dsp2013_13´ -- 44 of job 0
2020-07-18 00:17:30,712 __iter__: Reading lattice file `/tmp/54746769/lattices/dspm031_dsp2013_03.lat.gz´.
2020-07-18 00:17:30,731 decode: Utterance `dspm031_dsp2013_03´ -- 45 of job 0
2020-07-18 00:17:32,101 __iter__: Reading lattice file `/tmp/54746769/lattices/dspm031_dsp2013_13.lat.gz´.
2020-07-18 00:17:32,667 decode: Utterance `dspm031_dsp2013_13´ -- 46 of job 0
2020-07-18 00:18:19,326 __iter__: Reading lattice file `/tmp/54746769/lattices/dspm031_dsp2013_23.lat.gz´.
2020-07-18 00:18:19,471 decode: Utterance `dspm031_dsp2013_23´ -- 47 of job 0
2020-07-18 00:18:38,660 __iter__: Reading lattice file `/tmp/54746769/lattices/dspm032_dsp2013_08.lat.gz´.
2020-07-18 00:18:38,695 decode: Utterance `dspm032_dsp2013_08´ -- 48 of job 0
2020-07-18 00:18:41,602 __iter__: Reading lattice file `/tmp/54746769/lattices/dspm032_dsp2013_18.lat.gz´.
2020-07-18 00:18:41,775 decode: Utterance `dspm032_dsp2013_18´ -- 49 of job 0
2020-07-18 00:18:55,236 __iter__: Reading lattice file `/tmp/54746769/lattices/dspm033_dsp2013_12.lat.gz´.
2020-07-18 00:18:55,402 decode: Utterance `dspm033_dsp2013_12´ -- 50 of job 0
2020-07-18 00:19:09,767 __iter__: Reading lattice file `/tmp/54746769/lattices/dspm033_dsp2013_42.lat.gz´.
2020-07-18 00:19:09,877 decode: Utterance `dspm033_dsp2013_42´ -- 51 of job 0
2020-07-18 00:19:21,909 __iter__: Reading lattice file `/tmp/54746769/lattices/dspm034_dsp2013_04.lat.gz´.
2020-07-18 00:19:22,339 decode: Utterance `dspm034_dsp2013_04´ -- 52 of job 0
2020-07-18 00:20:01,369 __iter__: Reading lattice file `/tmp/54746769/lattices/dspm034_dsp2013_14.lat.gz´.
2020-07-18 00:20:01,418 decode: Utterance `dspm034_dsp2013_14´ -- 53 of job 0
2020-07-18 00:20:04,470 __iter__: Reading lattice file `/tmp/54746769/lattices/dspm036_dsp2013_28.lat.gz´.
2020-07-18 00:20:04,657 decode: Utterance `dspm036_dsp2013_28´ -- 54 of job 0
2020-07-18 00:20:25,665 __iter__: Reading lattice file `/tmp/54746769/lattices/dspm036_dsp2013_39.lat.gz´.
2020-07-18 00:20:26,104 decode: Utterance `dspm036_dsp2013_39´ -- 55 of job 0
2020-07-18 00:21:19,320 __iter__: Reading lattice file `/tmp/54746769/lattices/dspm039_dsp2013_05.lat.gz´.
2020-07-18 00:21:19,472 decode: Utterance `dspm039_dsp2013_05´ -- 56 of job 0
2020-07-18 00:21:30,668 __iter__: Reading lattice file `/tmp/54746769/lattices/dspm039_dsp2013_17.lat.gz´.
2020-07-18 00:21:30,946 decode: Utterance `dspm039_dsp2013_17´ -- 57 of job 0
2020-07-18 00:21:57,326 __iter__: Reading lattice file `/tmp/54746769/lattices/dspm039_dsp2013_27.lat.gz´.
2020-07-18 00:21:57,974 decode: Utterance `dspm039_dsp2013_27´ -- 58 of job 0
2020-07-18 00:23:02,364 __iter__: Reading lattice file `/tmp/54746769/lattices/dspm040_dsp2013_10.lat.gz´.
2020-07-18 00:23:02,993 decode: Utterance `dspm040_dsp2013_10´ -- 59 of job 0
2020-07-18 00:24:00,840 __iter__: Reading lattice file `/tmp/54746769/lattices/dspm040_dsp2013_20.lat.gz´.
2020-07-18 00:24:01,076 decode: Utterance `dspm040_dsp2013_20´ -- 60 of job 0
2020-07-18 00:24:27,803 __iter__: Reading lattice file `/tmp/54746769/lattices/dspm042_dsp2013_12.lat.gz´.
2020-07-18 00:24:27,941 decode: Utterance `dspm042_dsp2013_12´ -- 61 of job 0
2020-07-18 00:24:41,828 __iter__: Reading lattice file `/tmp/54746769/lattices/dspm042_dsp2013_22.lat.gz´.
2020-07-18 00:24:41,833 decode: Utterance `dspm042_dsp2013_22´ -- 62 of job 0
2020-07-18 00:24:42,198 __iter__: Reading lattice file `/tmp/54746769/lattices/dspm043_dsp2013_15.lat.gz´.
2020-07-18 00:24:42,210 decode: Utterance `dspm043_dsp2013_15´ -- 63 of job 0
2020-07-18 00:24:43,123 __iter__: Reading lattice file `/tmp/54746769/lattices/dspm043_dsp2013_30.lat.gz´.
2020-07-18 00:24:43,573 decode: Utterance `dspm043_dsp2013_30´ -- 64 of job 0
2020-07-18 00:25:29,684 __iter__: Reading lattice file `/tmp/54746769/lattices/dspm045_dsp2013_05.lat.gz´.
2020-07-18 00:25:29,904 decode: Utterance `dspm045_dsp2013_05´ -- 65 of job 0
2020-07-18 00:25:49,709 __iter__: Reading lattice file `/tmp/54746769/lattices/dspm045_dsp2013_15.lat.gz´.
2020-07-18 00:25:50,045 decode: Utterance `dspm045_dsp2013_15´ -- 66 of job 0
2020-07-18 00:26:18,712 __iter__: Reading lattice file `/tmp/54746769/lattices/dspm047_dsp2013_05.lat.gz´.
2020-07-18 00:26:18,922 decode: Utterance `dspm047_dsp2013_05´ -- 67 of job 0
2020-07-18 00:26:33,592 __iter__: Reading lattice file `/tmp/54746769/lattices/dspm047_dsp2013_15.lat.gz´.
2020-07-18 00:26:33,777 decode: Utterance `dspm047_dsp2013_15´ -- 68 of job 0
2020-07-18 00:26:52,808 __iter__: Reading lattice file `/tmp/54746769/lattices/dspm048_dsp2013_05.lat.gz´.
2020-07-18 00:26:52,859 decode: Utterance `dspm048_dsp2013_05´ -- 69 of job 0
2020-07-18 00:26:57,122 __iter__: Reading lattice file `/tmp/54746769/lattices/dspm048_dsp2013_15.lat.gz´.
2020-07-18 00:26:57,301 decode: Utterance `dspm048_dsp2013_15´ -- 70 of job 0
2020-07-18 00:27:13,075 __iter__: Reading lattice file `/tmp/54746769/lattices/dspm049_dsp2013_04.lat.gz´.
2020-07-18 00:27:13,507 decode: Utterance `dspm049_dsp2013_04´ -- 71 of job 0
2020-07-18 00:27:52,515 __iter__: Reading lattice file `/tmp/54746769/lattices/dspm049_dsp2013_14.lat.gz´.
2020-07-18 00:27:54,830 decode: Utterance `dspm049_dsp2013_14´ -- 72 of job 0
2020-07-18 00:31:21,152 __iter__: Reading lattice file `/tmp/54746769/lattices/dspm050_dsp2013_09.lat.gz´.
2020-07-18 00:31:21,183 decode: Utterance `dspm050_dsp2013_09´ -- 73 of job 0
2020-07-18 00:31:25,162 __iter__: Reading lattice file `/tmp/54746769/lattices/dspm050_dsp2013_23.lat.gz´.
2020-07-18 00:31:25,346 decode: Utterance `dspm050_dsp2013_23´ -- 74 of job 0
2020-07-18 00:31:44,710 __iter__: Reading lattice file `/tmp/54746769/lattices/dspm052_dsp2013_02.lat.gz´.
2020-07-18 00:31:45,165 decode: Utterance `dspm052_dsp2013_02´ -- 75 of job 0
2020-07-18 00:32:26,650 __iter__: Reading lattice file `/tmp/54746769/lattices/dspm052_dsp2013_12.lat.gz´.
2020-07-18 00:32:27,049 decode: Utterance `dspm052_dsp2013_12´ -- 76 of job 0
2020-07-18 00:32:55,608 __iter__: Reading lattice file `/tmp/54746769/lattices/dspm054_dsp2013_02.lat.gz´.
2020-07-18 00:32:56,535 decode: Utterance `dspm054_dsp2013_02´ -- 77 of job 0
2020-07-18 00:34:24,550 __iter__: Reading lattice file `/tmp/54746769/lattices/dspm054_dsp2013_14.lat.gz´.
2020-07-18 00:34:24,739 decode: Utterance `dspm054_dsp2013_14´ -- 78 of job 0
2020-07-18 00:34:38,630 __iter__: Reading lattice file `/tmp/54746769/lattices/dspm055_dsp2013_01.lat.gz´.
2020-07-18 00:34:38,670 decode: Utterance `dspm055_dsp2013_01´ -- 79 of job 0
2020-07-18 00:34:41,295 __iter__: Reading lattice file `/tmp/54746769/lattices/dspm055_dsp2013_11.lat.gz´.
2020-07-18 00:34:41,457 decode: Utterance `dspm055_dsp2013_11´ -- 80 of job 0
2020-07-18 00:34:59,658 __iter__: Reading lattice file `/tmp/54746769/lattices/dspm056_dsp2013_01.lat.gz´.
2020-07-18 00:34:59,988 decode: Utterance `dspm056_dsp2013_01´ -- 81 of job 0
2020-07-18 00:35:24,903 __iter__: Reading lattice file `/tmp/54746769/lattices/dspm056_dsp2013_11.lat.gz´.
2020-07-18 00:35:25,117 decode: Utterance `dspm056_dsp2013_11´ -- 82 of job 0
2020-07-18 00:35:43,115 __iter__: Reading lattice file `/tmp/54746769/lattices/dspm057_dsp2013_01.lat.gz´.
2020-07-18 00:35:43,724 decode: Utterance `dspm057_dsp2013_01´ -- 83 of job 0
2020-07-18 00:36:18,672 __iter__: Reading lattice file `/tmp/54746769/lattices/dspm057_dsp2013_11.lat.gz´.
2020-07-18 00:36:19,191 decode: Utterance `dspm057_dsp2013_11´ -- 84 of job 0
2020-07-18 00:37:02,471 __iter__: Reading lattice file `/tmp/54746769/lattices/dspm058_dsp2013_01.lat.gz´.
2020-07-18 00:37:02,511 decode: Utterance `dspm058_dsp2013_01´ -- 85 of job 0
2020-07-18 00:37:04,984 __iter__: Reading lattice file `/tmp/54746769/lattices/dspm058_dsp2013_12.lat.gz´.
2020-07-18 00:37:05,491 decode: Utterance `dspm058_dsp2013_12´ -- 86 of job 0
2020-07-18 00:37:53,300 __iter__: Reading lattice file `/tmp/54746769/lattices/dspm058_dsp2013_23.lat.gz´.
2020-07-18 00:37:53,392 decode: Utterance `dspm058_dsp2013_23´ -- 87 of job 0
2020-07-18 00:38:00,634 __iter__: Reading lattice file `/tmp/54746769/lattices/radioanne_fym20071218_30.lat.gz´.
2020-07-18 00:38:00,650 decode: Utterance `radioanne_fym20071218_30´ -- 88 of job 0
2020-07-18 00:38:01,198 __iter__: Reading lattice file `/tmp/54746769/lattices/radiojake_kbk20120915_17.lat.gz´.
2020-07-18 00:38:02,966 decode: Utterance `radiojake_kbk20120915_17´ -- 89 of job 0
2020-07-18 00:41:04,136 __iter__: Reading lattice file `/tmp/54746769/lattices/radiojake_kbk20120915_3.lat.gz´.
2020-07-18 00:41:04,605 decode: Utterance `radiojake_kbk20120915_3´ -- 90 of job 0
2020-07-18 00:41:42,516 __iter__: Reading lattice file `/tmp/54746769/lattices/radiojake_kbk20120915_67.lat.gz´.
2020-07-18 00:41:42,686 decode: Utterance `radiojake_kbk20120915_67´ -- 91 of job 0
2020-07-18 00:41:58,116 __iter__: Reading lattice file `/tmp/54746769/lattices/radiojake_kbk20120915_95.lat.gz´.
2020-07-18 00:41:58,266 decode: Utterance `radiojake_kbk20120915_95´ -- 92 of job 0
2020-07-18 00:42:16,422 __iter__: Reading lattice file `/tmp/54746769/lattices/radiokassu_kbk20120915_49.lat.gz´.
2020-07-18 00:42:17,035 decode: Utterance `radiokassu_kbk20120915_49´ -- 93 of job 0
2020-07-18 00:43:15,283 __iter__: Reading lattice file `/tmp/54746769/lattices/radiokassu_kbk20120915_7.lat.gz´.
2020-07-18 00:43:15,679 decode: Utterance `radiokassu_kbk20120915_7´ -- 94 of job 0
2020-07-18 00:43:50,250 __iter__: Reading lattice file `/tmp/54746769/lattices/radionoona_fym20071218_29.lat.gz´.
2020-07-18 00:43:50,288 decode: Utterance `radionoona_fym20071218_29´ -- 95 of job 0
2020-07-18 00:43:52,887 __iter__: Reading lattice file `/tmp/54746769/lattices/radioshaka_kbk20120915_106.lat.gz´.
2020-07-18 00:43:55,765 decode: Utterance `radioshaka_kbk20120915_106´ -- 96 of job 0
2020-07-18 00:48:04,699 __iter__: Reading lattice file `/tmp/54746769/lattices/radioshaka_kbk20120915_23.lat.gz´.
2020-07-18 00:48:05,396 decode: Utterance `radioshaka_kbk20120915_23´ -- 97 of job 0
2020-07-18 00:48:58,131 __iter__: Reading lattice file `/tmp/54746769/lattices/radioshaka_kbk20120915_57.lat.gz´.
2020-07-18 00:48:58,182 decode: Utterance `radioshaka_kbk20120915_57´ -- 98 of job 0
2020-07-18 00:49:00,324 __iter__: Reading lattice file `/tmp/54746769/lattices/radioshaka_kbk20120915_81.lat.gz´.
2020-07-18 00:49:00,567 decode: Utterance `radioshaka_kbk20120915_81´ -- 99 of job 0
/scratch/work/groszt1/envs/theanoLM/lib/python3.7/site-packages/theano/gpuarray/dnn.py:184: UserWarning: Your cuDNN version is more recent than Theano. If you encounter problems, try updating Theano or downgrading cuDNN to a version >= v5 and <= v7.
  warnings.warn("Your cuDNN version is more recent than "
Using cuDNN version 7600 on context None
Mapped name None to device cuda0: Tesla K80 (0000:88:00.0)
/scratch/work/groszt1/envs/theanoLM/lib/python3.7/site-packages/h5py-2.9.0-py3.7-linux-x86_64.egg/h5py/_hl/dataset.py:313: H5pyDeprecationWarning: dataset.value has been deprecated. Use dataset[()] instead.
  "Use dataset[()] instead.", H5pyDeprecationWarning)
/scratch/work/groszt1/envs/theanoLM/lib/python3.7/site-packages/h5py-2.9.0-py3.7-linux-x86_64.egg/h5py/_hl/dataset.py:313: H5pyDeprecationWarning: dataset.value has been deprecated. Use dataset[()] instead.
  "Use dataset[()] instead.", H5pyDeprecationWarning)
decode_theanolm finished.
