EXPT_NAME theanolm-100k
EXPT_PARAMS expt10-seq40
EXPT_WORK_DIR /scratch/work/moisioa3/conv_lm/experiments/theanolm-100k/expt10-seq40
Experiment: theanolm-100k/expt10-seq40
Job ID: 54746775
Task ID: 64
Host: gpu35.int.triton.aalto.fi
Start date: Fri Jul 17 23:45:09 EEST 2020
Work directory: /scratch/work/moisioa3/conv_lm/experiments/theanolm-100k/expt10-seq40
Temporary directory: /tmp/54746775

Currently Loaded Modules:
  1) speech-scripts/2016.05.24-b928230   6) binutils/2.25-GCCcore-5.4.0
  2) srilm/default                       7) GCC/5.4.0-2.25
  3) cuda/10.0.130                       8) libgpuarray/2017.03.29-45c731f
  4) cudnn/7.4.2-cuda                    9) anaconda3/latest
  5) GCCcore/5.4.0

 

/tmp/54746775/lattices
floatX=float32,device=cuda0,base_compiledir=/tmp/theano,exception_verbosity=high,openmp=False
/scratch/work/groszt1/envs/theanoLM/lib/python3.7/site-packages/theano/gpuarray/dnn.py:184: UserWarning: Your cuDNN version is more recent than Theano. If you encounter problems, try updating Theano or downgrading cuDNN to a version >= v5 and <= v7.
  warnings.warn("Your cuDNN version is more recent than "
Using cuDNN version 7600 on context None
Mapped name None to device cuda0: Tesla V100-PCIE-32GB (0000:3B:00.0)
TheanoLM 1.3.2
Theano 1.0.4
pygpu 0.7.6
==
+ srun --gres=gpu:1 theanolm decode /scratch/work/moisioa3/conv_lm/experiments/theanolm-100k/expt10-seq40/nnlm.h5 --lattice-list /tmp/54746775/lattices/lattice-list --output-file /scratch/work/moisioa3/conv_lm/experiments/theanolm-100k/expt10-seq40/decode/devel/lambda=1.0-lms=13/4.trn --output trn --nnlm-weight 1.0 --lm-scale 13 --max-tokens-per-node 62 --beam 650 --recombination-order 22 --num-jobs 10 --job 4 --shortlist --unk-penalty=-20
2020-07-17 23:45:20,710 get_default_device: Context None device="Tesla V100-PCIE-32GB" ID="0000:3B:00.0"
2020-07-17 23:45:20,711 from_file: Reading vocabulary from network state.
2020-07-17 23:45:23,480 from_file: Number of words in vocabulary: 2427252
2020-07-17 23:45:23,480 from_file: Number of words in shortlist: 100003
2020-07-17 23:45:23,481 from_file: Number of word classes: 100003
2020-07-17 23:45:23,481 from_file: Building neural network.
2020-07-17 23:45:58,578 from_file: Restoring neural network state.
2020-07-17 23:45:59,321 decode: Building word lattice decoder.
2020-07-17 23:46:03,533 __iter__: Reading lattice file `/tmp/54746775/lattices/dspf004_dsp2013_06.lat.gz´.
2020-07-17 23:46:03,745 decode: Utterance `dspf004_dsp2013_06´ -- 1 of job 4
2020-07-17 23:46:09,972 __iter__: Reading lattice file `/tmp/54746775/lattices/dspf004_dsp2013_16.lat.gz´.
2020-07-17 23:46:10,441 decode: Utterance `dspf004_dsp2013_16´ -- 2 of job 4
2020-07-17 23:46:36,984 __iter__: Reading lattice file `/tmp/54746775/lattices/dspf007_dsp2013_05.lat.gz´.
2020-07-17 23:46:37,725 decode: Utterance `dspf007_dsp2013_05´ -- 3 of job 4
2020-07-17 23:47:07,112 __iter__: Reading lattice file `/tmp/54746775/lattices/dspf007_dsp2013_15.lat.gz´.
2020-07-17 23:47:07,552 decode: Utterance `dspf007_dsp2013_15´ -- 4 of job 4
2020-07-17 23:47:21,618 __iter__: Reading lattice file `/tmp/54746775/lattices/dspm001_dsp2013_05.lat.gz´.
2020-07-17 23:47:21,645 decode: Utterance `dspm001_dsp2013_05´ -- 5 of job 4
2020-07-17 23:47:22,379 __iter__: Reading lattice file `/tmp/54746775/lattices/dspm001_dsp2013_15.lat.gz´.
2020-07-17 23:47:22,399 decode: Utterance `dspm001_dsp2013_15´ -- 6 of job 4
2020-07-17 23:47:22,991 __iter__: Reading lattice file `/tmp/54746775/lattices/dspm004_dsp2013_05.lat.gz´.
2020-07-17 23:47:23,181 decode: Utterance `dspm004_dsp2013_05´ -- 7 of job 4
2020-07-17 23:47:29,566 __iter__: Reading lattice file `/tmp/54746775/lattices/dspm004_dsp2013_15.lat.gz´.
2020-07-17 23:47:29,708 decode: Utterance `dspm004_dsp2013_15´ -- 8 of job 4
2020-07-17 23:47:35,598 __iter__: Reading lattice file `/tmp/54746775/lattices/dspm005_dsp2013_05.lat.gz´.
2020-07-17 23:47:35,626 decode: Utterance `dspm005_dsp2013_05´ -- 9 of job 4
2020-07-17 23:47:36,422 __iter__: Reading lattice file `/tmp/54746775/lattices/dspm005_dsp2013_15.lat.gz´.
2020-07-17 23:47:36,633 decode: Utterance `dspm005_dsp2013_15´ -- 10 of job 4
2020-07-17 23:47:42,451 __iter__: Reading lattice file `/tmp/54746775/lattices/dspm006_dsp2013_05.lat.gz´.
2020-07-17 23:47:42,457 decode: Utterance `dspm006_dsp2013_05´ -- 11 of job 4
2020-07-17 23:47:42,682 __iter__: Reading lattice file `/tmp/54746775/lattices/dspm006_dsp2013_17.lat.gz´.
2020-07-17 23:47:42,705 decode: Utterance `dspm006_dsp2013_17´ -- 12 of job 4
2020-07-17 23:47:43,436 __iter__: Reading lattice file `/tmp/54746775/lattices/dspm007_dsp2013_02.lat.gz´.
2020-07-17 23:47:43,624 decode: Utterance `dspm007_dsp2013_02´ -- 13 of job 4
2020-07-17 23:47:49,284 __iter__: Reading lattice file `/tmp/54746775/lattices/dspm007_dsp2013_16.lat.gz´.
2020-07-17 23:47:49,797 decode: Utterance `dspm007_dsp2013_16´ -- 14 of job 4
2020-07-17 23:48:05,687 __iter__: Reading lattice file `/tmp/54746775/lattices/dspm007_dsp2013_26.lat.gz´.
2020-07-17 23:48:05,872 decode: Utterance `dspm007_dsp2013_26´ -- 15 of job 4
2020-07-17 23:48:12,614 __iter__: Reading lattice file `/tmp/54746775/lattices/dspm010_dsp2013_07.lat.gz´.
2020-07-17 23:48:13,966 decode: Utterance `dspm010_dsp2013_07´ -- 16 of job 4
2020-07-17 23:48:54,191 __iter__: Reading lattice file `/tmp/54746775/lattices/dspm010_dsp2013_20.lat.gz´.
2020-07-17 23:48:55,627 decode: Utterance `dspm010_dsp2013_20´ -- 17 of job 4
2020-07-17 23:49:42,515 __iter__: Reading lattice file `/tmp/54746775/lattices/dspm011_dsp2013_07.lat.gz´.
2020-07-17 23:49:42,547 decode: Utterance `dspm011_dsp2013_07´ -- 18 of job 4
2020-07-17 23:49:43,528 __iter__: Reading lattice file `/tmp/54746775/lattices/dspm011_dsp2013_17.lat.gz´.
2020-07-17 23:49:43,554 decode: Utterance `dspm011_dsp2013_17´ -- 19 of job 4
2020-07-17 23:49:44,137 __iter__: Reading lattice file `/tmp/54746775/lattices/dspm014_dsp2013_01.lat.gz´.
2020-07-17 23:49:44,599 decode: Utterance `dspm014_dsp2013_01´ -- 20 of job 4
2020-07-17 23:50:02,294 __iter__: Reading lattice file `/tmp/54746775/lattices/dspm014_dsp2013_24.lat.gz´.
2020-07-17 23:50:02,691 decode: Utterance `dspm014_dsp2013_24´ -- 21 of job 4
2020-07-17 23:50:19,636 __iter__: Reading lattice file `/tmp/54746775/lattices/dspm015_dsp2013_01.lat.gz´.
2020-07-17 23:50:21,543 decode: Utterance `dspm015_dsp2013_01´ -- 22 of job 4
2020-07-17 23:51:24,878 __iter__: Reading lattice file `/tmp/54746775/lattices/dspm015_dsp2013_11.lat.gz´.
2020-07-17 23:51:25,351 decode: Utterance `dspm015_dsp2013_11´ -- 23 of job 4
2020-07-17 23:51:39,898 __iter__: Reading lattice file `/tmp/54746775/lattices/dspm017_dsp2013_101.lat.gz´.
2020-07-17 23:51:40,438 decode: Utterance `dspm017_dsp2013_101´ -- 24 of job 4
2020-07-17 23:51:58,465 __iter__: Reading lattice file `/tmp/54746775/lattices/dspm017_dsp2013_34.lat.gz´.
2020-07-17 23:51:58,839 decode: Utterance `dspm017_dsp2013_34´ -- 25 of job 4
2020-07-17 23:52:08,377 __iter__: Reading lattice file `/tmp/54746775/lattices/dspm017_dsp2013_77.lat.gz´.
2020-07-17 23:52:09,106 decode: Utterance `dspm017_dsp2013_77´ -- 26 of job 4
2020-07-17 23:52:34,207 __iter__: Reading lattice file `/tmp/54746775/lattices/dspm018_dsp2013_07.lat.gz´.
2020-07-17 23:52:34,421 decode: Utterance `dspm018_dsp2013_07´ -- 27 of job 4
2020-07-17 23:52:41,812 __iter__: Reading lattice file `/tmp/54746775/lattices/dspm018_dsp2013_17.lat.gz´.
2020-07-17 23:52:41,832 decode: Utterance `dspm018_dsp2013_17´ -- 28 of job 4
2020-07-17 23:52:42,396 __iter__: Reading lattice file `/tmp/54746775/lattices/dspm019_dsp2013_05.lat.gz´.
2020-07-17 23:52:42,402 decode: Utterance `dspm019_dsp2013_05´ -- 29 of job 4
2020-07-17 23:52:42,565 __iter__: Reading lattice file `/tmp/54746775/lattices/dspm019_dsp2013_15.lat.gz´.
2020-07-17 23:52:42,608 decode: Utterance `dspm019_dsp2013_15´ -- 30 of job 4
2020-07-17 23:52:43,814 __iter__: Reading lattice file `/tmp/54746775/lattices/dspm021_dsp2013_06.lat.gz´.
2020-07-17 23:52:44,524 decode: Utterance `dspm021_dsp2013_06´ -- 31 of job 4
2020-07-17 23:53:34,853 __iter__: Reading lattice file `/tmp/54746775/lattices/dspm021_dsp2013_16.lat.gz´.
2020-07-17 23:53:34,872 decode: Utterance `dspm021_dsp2013_16´ -- 32 of job 4
2020-07-17 23:53:35,478 __iter__: Reading lattice file `/tmp/54746775/lattices/dspm022_dsp2013_02.lat.gz´.
2020-07-17 23:53:35,502 decode: Utterance `dspm022_dsp2013_02´ -- 33 of job 4
2020-07-17 23:53:36,249 __iter__: Reading lattice file `/tmp/54746775/lattices/dspm022_dsp2013_12.lat.gz´.
2020-07-17 23:53:36,334 decode: Utterance `dspm022_dsp2013_12´ -- 34 of job 4
2020-07-17 23:53:40,230 __iter__: Reading lattice file `/tmp/54746775/lattices/dspm022_dsp2013_22.lat.gz´.
2020-07-17 23:53:40,293 decode: Utterance `dspm022_dsp2013_22´ -- 35 of job 4
2020-07-17 23:53:42,159 __iter__: Reading lattice file `/tmp/54746775/lattices/dspm022_dsp2013_32.lat.gz´.
2020-07-17 23:53:42,296 decode: Utterance `dspm022_dsp2013_32´ -- 36 of job 4
2020-07-17 23:53:46,612 __iter__: Reading lattice file `/tmp/54746775/lattices/dspm024_dsp2013_08.lat.gz´.
2020-07-17 23:53:47,041 decode: Utterance `dspm024_dsp2013_08´ -- 37 of job 4
2020-07-17 23:53:59,822 __iter__: Reading lattice file `/tmp/54746775/lattices/dspm024_dsp2013_19.lat.gz´.
2020-07-17 23:53:59,875 decode: Utterance `dspm024_dsp2013_19´ -- 38 of job 4
2020-07-17 23:54:01,189 __iter__: Reading lattice file `/tmp/54746775/lattices/dspm025_dsp2013_14.lat.gz´.
2020-07-17 23:54:01,238 decode: Utterance `dspm025_dsp2013_14´ -- 39 of job 4
2020-07-17 23:54:02,807 __iter__: Reading lattice file `/tmp/54746775/lattices/dspm025_dsp2013_27.lat.gz´.
2020-07-17 23:54:04,121 decode: Utterance `dspm025_dsp2013_27´ -- 40 of job 4
2020-07-17 23:54:50,767 __iter__: Reading lattice file `/tmp/54746775/lattices/dspm026_dsp2013_07.lat.gz´.
2020-07-17 23:54:50,835 decode: Utterance `dspm026_dsp2013_07´ -- 41 of job 4
2020-07-17 23:54:53,239 __iter__: Reading lattice file `/tmp/54746775/lattices/dspm026_dsp2013_17.lat.gz´.
2020-07-17 23:54:53,319 decode: Utterance `dspm026_dsp2013_17´ -- 42 of job 4
2020-07-17 23:54:55,954 __iter__: Reading lattice file `/tmp/54746775/lattices/dspm028_dsp2013_07.lat.gz´.
2020-07-17 23:54:56,524 decode: Utterance `dspm028_dsp2013_07´ -- 43 of job 4
2020-07-17 23:55:12,725 __iter__: Reading lattice file `/tmp/54746775/lattices/dspm028_dsp2013_17.lat.gz´.
2020-07-17 23:55:12,740 decode: Utterance `dspm028_dsp2013_17´ -- 44 of job 4
2020-07-17 23:55:13,133 __iter__: Reading lattice file `/tmp/54746775/lattices/dspm031_dsp2013_07.lat.gz´.
2020-07-17 23:55:13,298 decode: Utterance `dspm031_dsp2013_07´ -- 45 of job 4
2020-07-17 23:55:19,000 __iter__: Reading lattice file `/tmp/54746775/lattices/dspm031_dsp2013_17.lat.gz´.
2020-07-17 23:55:19,079 decode: Utterance `dspm031_dsp2013_17´ -- 46 of job 4
2020-07-17 23:55:21,724 __iter__: Reading lattice file `/tmp/54746775/lattices/dspm032_dsp2013_02.lat.gz´.
2020-07-17 23:55:21,754 decode: Utterance `dspm032_dsp2013_02´ -- 47 of job 4
2020-07-17 23:55:22,784 __iter__: Reading lattice file `/tmp/54746775/lattices/dspm032_dsp2013_12.lat.gz´.
2020-07-17 23:55:23,137 decode: Utterance `dspm032_dsp2013_12´ -- 48 of job 4
2020-07-17 23:55:35,274 __iter__: Reading lattice file `/tmp/54746775/lattices/dspm032_dsp2013_22.lat.gz´.
2020-07-17 23:55:35,621 decode: Utterance `dspm032_dsp2013_22´ -- 49 of job 4
2020-07-17 23:55:46,624 __iter__: Reading lattice file `/tmp/54746775/lattices/dspm033_dsp2013_23.lat.gz´.
2020-07-17 23:55:46,675 decode: Utterance `dspm033_dsp2013_23´ -- 50 of job 4
2020-07-17 23:55:48,249 __iter__: Reading lattice file `/tmp/54746775/lattices/dspm033_dsp2013_48.lat.gz´.
2020-07-17 23:55:48,739 decode: Utterance `dspm033_dsp2013_48´ -- 51 of job 4
2020-07-17 23:56:06,363 __iter__: Reading lattice file `/tmp/54746775/lattices/dspm034_dsp2013_08.lat.gz´.
2020-07-17 23:56:06,650 decode: Utterance `dspm034_dsp2013_08´ -- 52 of job 4
2020-07-17 23:56:15,085 __iter__: Reading lattice file `/tmp/54746775/lattices/dspm034_dsp2013_18.lat.gz´.
2020-07-17 23:56:15,117 decode: Utterance `dspm034_dsp2013_18´ -- 53 of job 4
2020-07-17 23:56:16,191 __iter__: Reading lattice file `/tmp/54746775/lattices/dspm036_dsp2013_32.lat.gz´.
2020-07-17 23:56:16,472 decode: Utterance `dspm036_dsp2013_32´ -- 54 of job 4
2020-07-17 23:56:23,720 __iter__: Reading lattice file `/tmp/54746775/lattices/dspm036_dsp2013_43.lat.gz´.
2020-07-17 23:56:23,968 decode: Utterance `dspm036_dsp2013_43´ -- 55 of job 4
2020-07-17 23:56:32,261 __iter__: Reading lattice file `/tmp/54746775/lattices/dspm039_dsp2013_10.lat.gz´.
2020-07-17 23:56:32,263 decode: Utterance `dspm039_dsp2013_10´ -- 56 of job 4
2020-07-17 23:56:32,366 __iter__: Reading lattice file `/tmp/54746775/lattices/dspm039_dsp2013_21.lat.gz´.
2020-07-17 23:56:32,375 decode: Utterance `dspm039_dsp2013_21´ -- 57 of job 4
2020-07-17 23:56:32,620 __iter__: Reading lattice file `/tmp/54746775/lattices/dspm040_dsp2013_04.lat.gz´.
2020-07-17 23:56:32,639 decode: Utterance `dspm040_dsp2013_04´ -- 58 of job 4
2020-07-17 23:56:33,280 __iter__: Reading lattice file `/tmp/54746775/lattices/dspm040_dsp2013_14.lat.gz´.
2020-07-17 23:56:33,290 decode: Utterance `dspm040_dsp2013_14´ -- 59 of job 4
2020-07-17 23:56:33,516 __iter__: Reading lattice file `/tmp/54746775/lattices/dspm042_dsp2013_04.lat.gz´.
2020-07-17 23:56:33,521 decode: Utterance `dspm042_dsp2013_04´ -- 60 of job 4
2020-07-17 23:56:33,713 __iter__: Reading lattice file `/tmp/54746775/lattices/dspm042_dsp2013_16.lat.gz´.
2020-07-17 23:56:33,718 decode: Utterance `dspm042_dsp2013_16´ -- 61 of job 4
2020-07-17 23:56:33,904 __iter__: Reading lattice file `/tmp/54746775/lattices/dspm043_dsp2013_06.lat.gz´.
2020-07-17 23:56:33,913 decode: Utterance `dspm043_dsp2013_06´ -- 62 of job 4
2020-07-17 23:56:34,205 __iter__: Reading lattice file `/tmp/54746775/lattices/dspm043_dsp2013_19.lat.gz´.
2020-07-17 23:56:34,215 decode: Utterance `dspm043_dsp2013_19´ -- 63 of job 4
2020-07-17 23:56:34,505 __iter__: Reading lattice file `/tmp/54746775/lattices/dspm043_dsp2013_37.lat.gz´.
2020-07-17 23:56:34,602 decode: Utterance `dspm043_dsp2013_37´ -- 64 of job 4
2020-07-17 23:56:37,536 __iter__: Reading lattice file `/tmp/54746775/lattices/dspm045_dsp2013_09.lat.gz´.
2020-07-17 23:56:37,643 decode: Utterance `dspm045_dsp2013_09´ -- 65 of job 4
2020-07-17 23:56:40,629 __iter__: Reading lattice file `/tmp/54746775/lattices/dspm045_dsp2013_19.lat.gz´.
2020-07-17 23:56:40,823 decode: Utterance `dspm045_dsp2013_19´ -- 66 of job 4
2020-07-17 23:56:48,244 __iter__: Reading lattice file `/tmp/54746775/lattices/dspm047_dsp2013_09.lat.gz´.
2020-07-17 23:56:48,393 decode: Utterance `dspm047_dsp2013_09´ -- 67 of job 4
2020-07-17 23:56:53,851 __iter__: Reading lattice file `/tmp/54746775/lattices/dspm047_dsp2013_19.lat.gz´.
2020-07-17 23:56:53,859 decode: Utterance `dspm047_dsp2013_19´ -- 68 of job 4
2020-07-17 23:56:54,084 __iter__: Reading lattice file `/tmp/54746775/lattices/dspm048_dsp2013_09.lat.gz´.
2020-07-17 23:56:54,154 decode: Utterance `dspm048_dsp2013_09´ -- 69 of job 4
2020-07-17 23:56:56,592 __iter__: Reading lattice file `/tmp/54746775/lattices/dspm048_dsp2013_19.lat.gz´.
2020-07-17 23:56:56,608 decode: Utterance `dspm048_dsp2013_19´ -- 70 of job 4
2020-07-17 23:56:56,983 __iter__: Reading lattice file `/tmp/54746775/lattices/dspm049_dsp2013_08.lat.gz´.
2020-07-17 23:56:58,103 decode: Utterance `dspm049_dsp2013_08´ -- 71 of job 4
2020-07-17 23:57:33,024 __iter__: Reading lattice file `/tmp/54746775/lattices/dspm049_dsp2013_18.lat.gz´.
2020-07-17 23:57:33,276 decode: Utterance `dspm049_dsp2013_18´ -- 72 of job 4
2020-07-17 23:57:40,015 __iter__: Reading lattice file `/tmp/54746775/lattices/dspm050_dsp2013_16.lat.gz´.
2020-07-17 23:57:40,607 decode: Utterance `dspm050_dsp2013_16´ -- 73 of job 4
2020-07-17 23:58:03,910 __iter__: Reading lattice file `/tmp/54746775/lattices/dspm050_dsp2013_28.lat.gz´.
2020-07-17 23:58:04,100 decode: Utterance `dspm050_dsp2013_28´ -- 74 of job 4
2020-07-17 23:58:09,905 __iter__: Reading lattice file `/tmp/54746775/lattices/dspm052_dsp2013_06.lat.gz´.
2020-07-17 23:58:09,967 decode: Utterance `dspm052_dsp2013_06´ -- 75 of job 4
2020-07-17 23:58:11,190 __iter__: Reading lattice file `/tmp/54746775/lattices/dspm052_dsp2013_16.lat.gz´.
2020-07-17 23:58:11,331 decode: Utterance `dspm052_dsp2013_16´ -- 76 of job 4
2020-07-17 23:58:17,147 __iter__: Reading lattice file `/tmp/54746775/lattices/dspm054_dsp2013_07.lat.gz´.
2020-07-17 23:58:17,948 decode: Utterance `dspm054_dsp2013_07´ -- 77 of job 4
2020-07-17 23:58:43,433 __iter__: Reading lattice file `/tmp/54746775/lattices/dspm054_dsp2013_18.lat.gz´.
2020-07-17 23:58:43,581 decode: Utterance `dspm054_dsp2013_18´ -- 78 of job 4
2020-07-17 23:58:48,776 __iter__: Reading lattice file `/tmp/54746775/lattices/dspm055_dsp2013_05.lat.gz´.
2020-07-17 23:58:48,866 decode: Utterance `dspm055_dsp2013_05´ -- 79 of job 4
2020-07-17 23:58:51,397 __iter__: Reading lattice file `/tmp/54746775/lattices/dspm055_dsp2013_15.lat.gz´.
2020-07-17 23:58:51,493 decode: Utterance `dspm055_dsp2013_15´ -- 80 of job 4
2020-07-17 23:58:55,392 __iter__: Reading lattice file `/tmp/54746775/lattices/dspm056_dsp2013_05.lat.gz´.
2020-07-17 23:58:55,409 decode: Utterance `dspm056_dsp2013_05´ -- 81 of job 4
2020-07-17 23:58:55,988 __iter__: Reading lattice file `/tmp/54746775/lattices/dspm056_dsp2013_15.lat.gz´.
2020-07-17 23:58:56,191 decode: Utterance `dspm056_dsp2013_15´ -- 82 of job 4
2020-07-17 23:59:02,050 __iter__: Reading lattice file `/tmp/54746775/lattices/dspm057_dsp2013_05.lat.gz´.
2020-07-17 23:59:02,565 decode: Utterance `dspm057_dsp2013_05´ -- 83 of job 4
2020-07-17 23:59:21,849 __iter__: Reading lattice file `/tmp/54746775/lattices/dspm057_dsp2013_15.lat.gz´.
2020-07-17 23:59:22,692 decode: Utterance `dspm057_dsp2013_15´ -- 84 of job 4
2020-07-17 23:59:52,556 __iter__: Reading lattice file `/tmp/54746775/lattices/dspm058_dsp2013_06.lat.gz´.
2020-07-17 23:59:52,582 decode: Utterance `dspm058_dsp2013_06´ -- 85 of job 4
2020-07-17 23:59:53,487 __iter__: Reading lattice file `/tmp/54746775/lattices/dspm058_dsp2013_17.lat.gz´.
2020-07-17 23:59:54,026 decode: Utterance `dspm058_dsp2013_17´ -- 86 of job 4
2020-07-18 00:00:10,191 __iter__: Reading lattice file `/tmp/54746775/lattices/radioanne_fym20071218_12.lat.gz´.
2020-07-18 00:00:11,241 decode: Utterance `radioanne_fym20071218_12´ -- 87 of job 4
2020-07-18 00:00:58,344 __iter__: Reading lattice file `/tmp/54746775/lattices/radiojake_kbk20120915_115.lat.gz´.
2020-07-18 00:00:58,381 decode: Utterance `radiojake_kbk20120915_115´ -- 88 of job 4
2020-07-18 00:00:59,724 __iter__: Reading lattice file `/tmp/54746775/lattices/radiojake_kbk20120915_25.lat.gz´.
2020-07-18 00:00:59,943 decode: Utterance `radiojake_kbk20120915_25´ -- 89 of job 4
2020-07-18 00:01:07,843 __iter__: Reading lattice file `/tmp/54746775/lattices/radiojake_kbk20120915_52.lat.gz´.
2020-07-18 00:01:08,186 decode: Utterance `radiojake_kbk20120915_52´ -- 90 of job 4
2020-07-18 00:01:35,597 __iter__: Reading lattice file `/tmp/54746775/lattices/radiojake_kbk20120915_82.lat.gz´.
2020-07-18 00:01:35,599 decode: Utterance `radiojake_kbk20120915_82´ -- 91 of job 4
2020-07-18 00:01:35,722 __iter__: Reading lattice file `/tmp/54746775/lattices/radiokassu_kbk20120915_112.lat.gz´.
2020-07-18 00:01:35,782 decode: Utterance `radiokassu_kbk20120915_112´ -- 92 of job 4
2020-07-18 00:01:37,405 __iter__: Reading lattice file `/tmp/54746775/lattices/radiokassu_kbk20120915_68.lat.gz´.
2020-07-18 00:01:37,699 decode: Utterance `radiokassu_kbk20120915_68´ -- 93 of job 4
2020-07-18 00:01:45,609 __iter__: Reading lattice file `/tmp/54746775/lattices/radionoona_fym20071218_17.lat.gz´.
2020-07-18 00:01:45,617 decode: Utterance `radionoona_fym20071218_17´ -- 94 of job 4
2020-07-18 00:01:45,884 __iter__: Reading lattice file `/tmp/54746775/lattices/radionoona_fym20071218_34.lat.gz´.
2020-07-18 00:01:45,885 decode: Utterance `radionoona_fym20071218_34´ -- 95 of job 4
2020-07-18 00:01:45,962 __iter__: Reading lattice file `/tmp/54746775/lattices/radioshaka_kbk20120915_13.lat.gz´.
2020-07-18 00:01:46,354 decode: Utterance `radioshaka_kbk20120915_13´ -- 96 of job 4
2020-07-18 00:01:57,159 __iter__: Reading lattice file `/tmp/54746775/lattices/radioshaka_kbk20120915_32.lat.gz´.
2020-07-18 00:01:57,272 decode: Utterance `radioshaka_kbk20120915_32´ -- 97 of job 4
2020-07-18 00:01:59,972 __iter__: Reading lattice file `/tmp/54746775/lattices/radioshaka_kbk20120915_62.lat.gz´.
2020-07-18 00:02:00,021 decode: Utterance `radioshaka_kbk20120915_62´ -- 98 of job 4
2020-07-18 00:02:00,969 __iter__: Reading lattice file `/tmp/54746775/lattices/radioshaka_kbk20120915_90.lat.gz´.
2020-07-18 00:02:01,074 decode: Utterance `radioshaka_kbk20120915_90´ -- 99 of job 4
/scratch/work/groszt1/envs/theanoLM/lib/python3.7/site-packages/theano/gpuarray/dnn.py:184: UserWarning: Your cuDNN version is more recent than Theano. If you encounter problems, try updating Theano or downgrading cuDNN to a version >= v5 and <= v7.
  warnings.warn("Your cuDNN version is more recent than "
Using cuDNN version 7600 on context None
Mapped name None to device cuda0: Tesla V100-PCIE-32GB (0000:3B:00.0)
/scratch/work/groszt1/envs/theanoLM/lib/python3.7/site-packages/h5py-2.9.0-py3.7-linux-x86_64.egg/h5py/_hl/dataset.py:313: H5pyDeprecationWarning: dataset.value has been deprecated. Use dataset[()] instead.
  "Use dataset[()] instead.", H5pyDeprecationWarning)
/scratch/work/groszt1/envs/theanoLM/lib/python3.7/site-packages/h5py-2.9.0-py3.7-linux-x86_64.egg/h5py/_hl/dataset.py:313: H5pyDeprecationWarning: dataset.value has been deprecated. Use dataset[()] instead.
  "Use dataset[()] instead.", H5pyDeprecationWarning)
decode_theanolm finished.
