EXPT_NAME theanolm-100k
EXPT_PARAMS expt10-seq40
EXPT_WORK_DIR /scratch/work/moisioa3/conv_lm/experiments/theanolm-100k/expt10-seq40
Experiment: theanolm-100k/expt10-seq40
Job ID: 54747197
Task ID: 77
Host: gpu23.int.triton.aalto.fi
Start date: Fri Jul 17 23:55:08 EEST 2020
Work directory: /scratch/work/moisioa3/conv_lm/experiments/theanolm-100k/expt10-seq40
Temporary directory: /tmp/54747197

Currently Loaded Modules:
  1) speech-scripts/2016.05.24-b928230   6) binutils/2.25-GCCcore-5.4.0
  2) srilm/default                       7) GCC/5.4.0-2.25
  3) cuda/10.0.130                       8) libgpuarray/2017.03.29-45c731f
  4) cudnn/7.4.2-cuda                    9) anaconda3/latest
  5) GCCcore/5.4.0

 

/tmp/54747197/lattices
floatX=float32,device=cuda0,base_compiledir=/tmp/theano,exception_verbosity=high,openmp=False
/scratch/work/groszt1/envs/theanoLM/lib/python3.7/site-packages/theano/gpuarray/dnn.py:184: UserWarning: Your cuDNN version is more recent than Theano. If you encounter problems, try updating Theano or downgrading cuDNN to a version >= v5 and <= v7.
  warnings.warn("Your cuDNN version is more recent than "
Using cuDNN version 7600 on context None
Mapped name None to device cuda0: Tesla P100-PCIE-16GB (0000:03:00.0)
TheanoLM 1.3.2
Theano 1.0.4
pygpu 0.7.6
==
+ srun --gres=gpu:1 theanolm decode /scratch/work/moisioa3/conv_lm/experiments/theanolm-100k/expt10-seq40/nnlm.h5 --lattice-list /tmp/54747197/lattices/lattice-list --output-file /scratch/work/moisioa3/conv_lm/experiments/theanolm-100k/expt10-seq40/decode/devel/lambda=1.0-lms=14/7.trn --output trn --nnlm-weight 1.0 --lm-scale 14 --max-tokens-per-node 62 --beam 650 --recombination-order 22 --num-jobs 10 --job 7 --shortlist --unk-penalty=-20
2020-07-17 23:55:19,627 get_default_device: Context None device="Tesla P100-PCIE-16GB" ID="0000:03:00.0"
2020-07-17 23:55:19,629 from_file: Reading vocabulary from network state.
2020-07-17 23:55:23,013 from_file: Number of words in vocabulary: 2427252
2020-07-17 23:55:23,013 from_file: Number of words in shortlist: 100003
2020-07-17 23:55:23,013 from_file: Number of word classes: 100003
2020-07-17 23:55:23,014 from_file: Building neural network.
2020-07-17 23:56:14,629 from_file: Restoring neural network state.
2020-07-17 23:56:15,442 decode: Building word lattice decoder.
2020-07-17 23:56:20,905 __iter__: Reading lattice file `/tmp/54747197/lattices/dspf004_dsp2013_09.lat.gz´.
2020-07-17 23:56:21,339 decode: Utterance `dspf004_dsp2013_09´ -- 1 of job 7
2020-07-17 23:56:36,403 __iter__: Reading lattice file `/tmp/54747197/lattices/dspf004_dsp2013_19.lat.gz´.
2020-07-17 23:56:37,607 decode: Utterance `dspf004_dsp2013_19´ -- 2 of job 7
2020-07-17 23:57:27,676 __iter__: Reading lattice file `/tmp/54747197/lattices/dspf007_dsp2013_08.lat.gz´.
2020-07-17 23:57:29,120 decode: Utterance `dspf007_dsp2013_08´ -- 3 of job 7
2020-07-17 23:58:10,648 __iter__: Reading lattice file `/tmp/54747197/lattices/dspf007_dsp2013_18.lat.gz´.
2020-07-17 23:58:10,904 decode: Utterance `dspf007_dsp2013_18´ -- 4 of job 7
2020-07-17 23:58:19,253 __iter__: Reading lattice file `/tmp/54747197/lattices/dspm001_dsp2013_08.lat.gz´.
2020-07-17 23:58:20,486 decode: Utterance `dspm001_dsp2013_08´ -- 5 of job 7
2020-07-17 23:59:04,163 __iter__: Reading lattice file `/tmp/54747197/lattices/dspm001_dsp2013_18.lat.gz´.
2020-07-17 23:59:04,263 decode: Utterance `dspm001_dsp2013_18´ -- 6 of job 7
2020-07-17 23:59:07,091 __iter__: Reading lattice file `/tmp/54747197/lattices/dspm004_dsp2013_08.lat.gz´.
2020-07-17 23:59:07,820 decode: Utterance `dspm004_dsp2013_08´ -- 7 of job 7
2020-07-17 23:59:34,028 __iter__: Reading lattice file `/tmp/54747197/lattices/dspm004_dsp2013_18.lat.gz´.
2020-07-17 23:59:34,380 decode: Utterance `dspm004_dsp2013_18´ -- 8 of job 7
2020-07-17 23:59:43,992 __iter__: Reading lattice file `/tmp/54747197/lattices/dspm005_dsp2013_08.lat.gz´.
2020-07-17 23:59:43,996 decode: Utterance `dspm005_dsp2013_08´ -- 9 of job 7
2020-07-17 23:59:44,164 __iter__: Reading lattice file `/tmp/54747197/lattices/dspm005_dsp2013_18.lat.gz´.
2020-07-17 23:59:44,579 decode: Utterance `dspm005_dsp2013_18´ -- 10 of job 7
2020-07-17 23:59:56,090 __iter__: Reading lattice file `/tmp/54747197/lattices/dspm006_dsp2013_08.lat.gz´.
2020-07-17 23:59:56,117 decode: Utterance `dspm006_dsp2013_08´ -- 11 of job 7
2020-07-17 23:59:56,969 __iter__: Reading lattice file `/tmp/54747197/lattices/dspm006_dsp2013_21.lat.gz´.
2020-07-17 23:59:57,107 decode: Utterance `dspm006_dsp2013_21´ -- 12 of job 7
2020-07-18 00:00:01,413 __iter__: Reading lattice file `/tmp/54747197/lattices/dspm007_dsp2013_07.lat.gz´.
2020-07-18 00:00:01,940 decode: Utterance `dspm007_dsp2013_07´ -- 13 of job 7
2020-07-18 00:00:18,152 __iter__: Reading lattice file `/tmp/54747197/lattices/dspm007_dsp2013_19.lat.gz´.
2020-07-18 00:00:18,291 decode: Utterance `dspm007_dsp2013_19´ -- 14 of job 7
2020-07-18 00:00:22,252 __iter__: Reading lattice file `/tmp/54747197/lattices/dspm007_dsp2013_29.lat.gz´.
2020-07-18 00:00:22,335 decode: Utterance `dspm007_dsp2013_29´ -- 15 of job 7
2020-07-18 00:00:25,065 __iter__: Reading lattice file `/tmp/54747197/lattices/dspm010_dsp2013_10.lat.gz´.
2020-07-18 00:00:27,412 decode: Utterance `dspm010_dsp2013_10´ -- 16 of job 7
2020-07-18 00:01:58,477 __iter__: Reading lattice file `/tmp/54747197/lattices/dspm010_dsp2013_26.lat.gz´.
2020-07-18 00:01:58,764 decode: Utterance `dspm010_dsp2013_26´ -- 17 of job 7
2020-07-18 00:02:07,189 __iter__: Reading lattice file `/tmp/54747197/lattices/dspm011_dsp2013_10.lat.gz´.
2020-07-18 00:02:07,193 decode: Utterance `dspm011_dsp2013_10´ -- 18 of job 7
2020-07-18 00:02:07,349 __iter__: Reading lattice file `/tmp/54747197/lattices/dspm011_dsp2013_20.lat.gz´.
2020-07-18 00:02:07,366 decode: Utterance `dspm011_dsp2013_20´ -- 19 of job 7
2020-07-18 00:02:07,987 __iter__: Reading lattice file `/tmp/54747197/lattices/dspm014_dsp2013_08.lat.gz´.
2020-07-18 00:02:08,235 decode: Utterance `dspm014_dsp2013_08´ -- 20 of job 7
2020-07-18 00:02:16,252 __iter__: Reading lattice file `/tmp/54747197/lattices/dspm014_dsp2013_27.lat.gz´.
2020-07-18 00:02:16,320 decode: Utterance `dspm014_dsp2013_27´ -- 21 of job 7
2020-07-18 00:02:17,428 __iter__: Reading lattice file `/tmp/54747197/lattices/dspm015_dsp2013_04.lat.gz´.
2020-07-18 00:02:18,180 decode: Utterance `dspm015_dsp2013_04´ -- 22 of job 7
2020-07-18 00:02:40,846 __iter__: Reading lattice file `/tmp/54747197/lattices/dspm015_dsp2013_14.lat.gz´.
2020-07-18 00:02:40,933 decode: Utterance `dspm015_dsp2013_14´ -- 23 of job 7
2020-07-18 00:02:43,503 __iter__: Reading lattice file `/tmp/54747197/lattices/dspm017_dsp2013_12.lat.gz´.
2020-07-18 00:02:45,211 decode: Utterance `dspm017_dsp2013_12´ -- 24 of job 7
2020-07-18 00:03:28,852 __iter__: Reading lattice file `/tmp/54747197/lattices/dspm017_dsp2013_49.lat.gz´.
2020-07-18 00:03:28,921 decode: Utterance `dspm017_dsp2013_49´ -- 25 of job 7
2020-07-18 00:03:30,925 __iter__: Reading lattice file `/tmp/54747197/lattices/dspm017_dsp2013_83.lat.gz´.
2020-07-18 00:03:30,989 decode: Utterance `dspm017_dsp2013_83´ -- 26 of job 7
2020-07-18 00:03:33,563 __iter__: Reading lattice file `/tmp/54747197/lattices/dspm018_dsp2013_10.lat.gz´.
2020-07-18 00:03:33,692 decode: Utterance `dspm018_dsp2013_10´ -- 27 of job 7
2020-07-18 00:03:37,428 __iter__: Reading lattice file `/tmp/54747197/lattices/dspm018_dsp2013_20.lat.gz´.
2020-07-18 00:03:37,639 decode: Utterance `dspm018_dsp2013_20´ -- 28 of job 7
2020-07-18 00:03:44,100 __iter__: Reading lattice file `/tmp/54747197/lattices/dspm019_dsp2013_08.lat.gz´.
2020-07-18 00:03:44,115 decode: Utterance `dspm019_dsp2013_08´ -- 29 of job 7
2020-07-18 00:03:44,459 __iter__: Reading lattice file `/tmp/54747197/lattices/dspm019_dsp2013_19.lat.gz´.
2020-07-18 00:03:44,676 decode: Utterance `dspm019_dsp2013_19´ -- 30 of job 7
2020-07-18 00:03:51,210 __iter__: Reading lattice file `/tmp/54747197/lattices/dspm021_dsp2013_09.lat.gz´.
2020-07-18 00:03:51,244 decode: Utterance `dspm021_dsp2013_09´ -- 31 of job 7
2020-07-18 00:03:52,425 __iter__: Reading lattice file `/tmp/54747197/lattices/dspm021_dsp2013_19.lat.gz´.
2020-07-18 00:03:52,765 decode: Utterance `dspm021_dsp2013_19´ -- 32 of job 7
2020-07-18 00:04:06,780 __iter__: Reading lattice file `/tmp/54747197/lattices/dspm022_dsp2013_05.lat.gz´.
2020-07-18 00:04:06,849 decode: Utterance `dspm022_dsp2013_05´ -- 33 of job 7
2020-07-18 00:04:09,002 __iter__: Reading lattice file `/tmp/54747197/lattices/dspm022_dsp2013_15.lat.gz´.
2020-07-18 00:04:09,045 decode: Utterance `dspm022_dsp2013_15´ -- 34 of job 7
2020-07-18 00:04:10,741 __iter__: Reading lattice file `/tmp/54747197/lattices/dspm022_dsp2013_25.lat.gz´.
2020-07-18 00:04:10,937 decode: Utterance `dspm022_dsp2013_25´ -- 35 of job 7
2020-07-18 00:04:18,152 __iter__: Reading lattice file `/tmp/54747197/lattices/dspm022_dsp2013_35.lat.gz´.
2020-07-18 00:04:18,690 decode: Utterance `dspm022_dsp2013_35´ -- 36 of job 7
2020-07-18 00:04:35,310 __iter__: Reading lattice file `/tmp/54747197/lattices/dspm024_dsp2013_11.lat.gz´.
2020-07-18 00:04:36,448 decode: Utterance `dspm024_dsp2013_11´ -- 37 of job 7
2020-07-18 00:05:19,608 __iter__: Reading lattice file `/tmp/54747197/lattices/dspm025_dsp2013_01.lat.gz´.
2020-07-18 00:05:19,798 decode: Utterance `dspm025_dsp2013_01´ -- 38 of job 7
2020-07-18 00:05:26,352 __iter__: Reading lattice file `/tmp/54747197/lattices/dspm025_dsp2013_18.lat.gz´.
2020-07-18 00:05:27,886 decode: Utterance `dspm025_dsp2013_18´ -- 39 of job 7
2020-07-18 00:06:17,159 __iter__: Reading lattice file `/tmp/54747197/lattices/dspm025_dsp2013_30.lat.gz´.
2020-07-18 00:06:17,166 decode: Utterance `dspm025_dsp2013_30´ -- 40 of job 7
2020-07-18 00:06:17,398 __iter__: Reading lattice file `/tmp/54747197/lattices/dspm026_dsp2013_10.lat.gz´.
2020-07-18 00:06:17,681 decode: Utterance `dspm026_dsp2013_10´ -- 41 of job 7
2020-07-18 00:06:27,504 __iter__: Reading lattice file `/tmp/54747197/lattices/dspm026_dsp2013_20.lat.gz´.
2020-07-18 00:06:27,545 decode: Utterance `dspm026_dsp2013_20´ -- 42 of job 7
2020-07-18 00:06:28,617 __iter__: Reading lattice file `/tmp/54747197/lattices/dspm028_dsp2013_10.lat.gz´.
2020-07-18 00:06:29,178 decode: Utterance `dspm028_dsp2013_10´ -- 43 of job 7
2020-07-18 00:06:44,307 __iter__: Reading lattice file `/tmp/54747197/lattices/dspm028_dsp2013_20.lat.gz´.
2020-07-18 00:06:44,340 decode: Utterance `dspm028_dsp2013_20´ -- 44 of job 7
2020-07-18 00:06:45,337 __iter__: Reading lattice file `/tmp/54747197/lattices/dspm031_dsp2013_10.lat.gz´.
2020-07-18 00:06:45,411 decode: Utterance `dspm031_dsp2013_10´ -- 45 of job 7
2020-07-18 00:06:47,456 __iter__: Reading lattice file `/tmp/54747197/lattices/dspm031_dsp2013_20.lat.gz´.
2020-07-18 00:06:47,461 decode: Utterance `dspm031_dsp2013_20´ -- 46 of job 7
2020-07-18 00:06:47,653 __iter__: Reading lattice file `/tmp/54747197/lattices/dspm032_dsp2013_05.lat.gz´.
2020-07-18 00:06:48,171 decode: Utterance `dspm032_dsp2013_05´ -- 47 of job 7
2020-07-18 00:07:06,880 __iter__: Reading lattice file `/tmp/54747197/lattices/dspm032_dsp2013_15.lat.gz´.
2020-07-18 00:07:06,899 decode: Utterance `dspm032_dsp2013_15´ -- 48 of job 7
2020-07-18 00:07:07,480 __iter__: Reading lattice file `/tmp/54747197/lattices/dspm033_dsp2013_01.lat.gz´.
2020-07-18 00:07:07,513 decode: Utterance `dspm033_dsp2013_01´ -- 49 of job 7
2020-07-18 00:07:08,752 __iter__: Reading lattice file `/tmp/54747197/lattices/dspm033_dsp2013_30.lat.gz´.
2020-07-18 00:07:09,677 decode: Utterance `dspm033_dsp2013_30´ -- 50 of job 7
2020-07-18 00:07:54,668 __iter__: Reading lattice file `/tmp/54747197/lattices/dspm034_dsp2013_01.lat.gz´.
2020-07-18 00:07:55,023 decode: Utterance `dspm034_dsp2013_01´ -- 51 of job 7
2020-07-18 00:08:03,738 __iter__: Reading lattice file `/tmp/54747197/lattices/dspm034_dsp2013_11.lat.gz´.
2020-07-18 00:08:03,983 decode: Utterance `dspm034_dsp2013_11´ -- 52 of job 7
2020-07-18 00:08:12,317 __iter__: Reading lattice file `/tmp/54747197/lattices/dspm036_dsp2013_01.lat.gz´.
2020-07-18 00:08:12,747 decode: Utterance `dspm036_dsp2013_01´ -- 53 of job 7
2020-07-18 00:08:26,489 __iter__: Reading lattice file `/tmp/54747197/lattices/dspm036_dsp2013_35.lat.gz´.
2020-07-18 00:08:27,825 decode: Utterance `dspm036_dsp2013_35´ -- 54 of job 7
2020-07-18 00:09:22,184 __iter__: Reading lattice file `/tmp/54747197/lattices/dspm039_dsp2013_02.lat.gz´.
2020-07-18 00:09:22,309 decode: Utterance `dspm039_dsp2013_02´ -- 55 of job 7
2020-07-18 00:09:27,948 __iter__: Reading lattice file `/tmp/54747197/lattices/dspm039_dsp2013_13.lat.gz´.
2020-07-18 00:09:28,111 decode: Utterance `dspm039_dsp2013_13´ -- 56 of job 7
2020-07-18 00:09:33,698 __iter__: Reading lattice file `/tmp/54747197/lattices/dspm039_dsp2013_24.lat.gz´.
2020-07-18 00:09:33,754 decode: Utterance `dspm039_dsp2013_24´ -- 57 of job 7
2020-07-18 00:09:36,344 __iter__: Reading lattice file `/tmp/54747197/lattices/dspm040_dsp2013_07.lat.gz´.
2020-07-18 00:09:36,524 decode: Utterance `dspm040_dsp2013_07´ -- 58 of job 7
2020-07-18 00:09:46,597 __iter__: Reading lattice file `/tmp/54747197/lattices/dspm040_dsp2013_17.lat.gz´.
2020-07-18 00:09:46,708 decode: Utterance `dspm040_dsp2013_17´ -- 59 of job 7
2020-07-18 00:09:51,883 __iter__: Reading lattice file `/tmp/54747197/lattices/dspm042_dsp2013_08.lat.gz´.
2020-07-18 00:09:51,915 decode: Utterance `dspm042_dsp2013_08´ -- 60 of job 7
2020-07-18 00:09:52,802 __iter__: Reading lattice file `/tmp/54747197/lattices/dspm042_dsp2013_19.lat.gz´.
2020-07-18 00:09:53,024 decode: Utterance `dspm042_dsp2013_19´ -- 61 of job 7
2020-07-18 00:09:59,640 __iter__: Reading lattice file `/tmp/54747197/lattices/dspm043_dsp2013_09.lat.gz´.
2020-07-18 00:09:59,650 decode: Utterance `dspm043_dsp2013_09´ -- 62 of job 7
2020-07-18 00:09:59,935 __iter__: Reading lattice file `/tmp/54747197/lattices/dspm043_dsp2013_23.lat.gz´.
2020-07-18 00:09:59,968 decode: Utterance `dspm043_dsp2013_23´ -- 63 of job 7
2020-07-18 00:10:01,096 __iter__: Reading lattice file `/tmp/54747197/lattices/dspm045_dsp2013_02.lat.gz´.
2020-07-18 00:10:01,217 decode: Utterance `dspm045_dsp2013_02´ -- 64 of job 7
2020-07-18 00:10:05,117 __iter__: Reading lattice file `/tmp/54747197/lattices/dspm045_dsp2013_12.lat.gz´.
2020-07-18 00:10:05,583 decode: Utterance `dspm045_dsp2013_12´ -- 65 of job 7
2020-07-18 00:10:19,161 __iter__: Reading lattice file `/tmp/54747197/lattices/dspm047_dsp2013_02.lat.gz´.
2020-07-18 00:10:19,195 decode: Utterance `dspm047_dsp2013_02´ -- 66 of job 7
2020-07-18 00:10:20,115 __iter__: Reading lattice file `/tmp/54747197/lattices/dspm047_dsp2013_12.lat.gz´.
2020-07-18 00:10:22,036 decode: Utterance `dspm047_dsp2013_12´ -- 67 of job 7
2020-07-18 00:11:19,150 __iter__: Reading lattice file `/tmp/54747197/lattices/dspm048_dsp2013_02.lat.gz´.
2020-07-18 00:11:19,158 decode: Utterance `dspm048_dsp2013_02´ -- 68 of job 7
2020-07-18 00:11:19,433 __iter__: Reading lattice file `/tmp/54747197/lattices/dspm048_dsp2013_12.lat.gz´.
2020-07-18 00:11:19,493 decode: Utterance `dspm048_dsp2013_12´ -- 69 of job 7
2020-07-18 00:11:21,305 __iter__: Reading lattice file `/tmp/54747197/lattices/dspm049_dsp2013_01.lat.gz´.
2020-07-18 00:11:21,576 decode: Utterance `dspm049_dsp2013_01´ -- 70 of job 7
2020-07-18 00:11:31,142 __iter__: Reading lattice file `/tmp/54747197/lattices/dspm049_dsp2013_11.lat.gz´.
2020-07-18 00:11:33,613 decode: Utterance `dspm049_dsp2013_11´ -- 71 of job 7
2020-07-18 00:12:47,420 __iter__: Reading lattice file `/tmp/54747197/lattices/dspm050_dsp2013_02.lat.gz´.
2020-07-18 00:12:47,551 decode: Utterance `dspm050_dsp2013_02´ -- 72 of job 7
2020-07-18 00:12:52,365 __iter__: Reading lattice file `/tmp/54747197/lattices/dspm050_dsp2013_19.lat.gz´.
2020-07-18 00:12:52,835 decode: Utterance `dspm050_dsp2013_19´ -- 73 of job 7
2020-07-18 00:13:11,676 __iter__: Reading lattice file `/tmp/54747197/lattices/dspm050_dsp2013_31.lat.gz´.
2020-07-18 00:13:12,229 decode: Utterance `dspm050_dsp2013_31´ -- 74 of job 7
2020-07-18 00:13:28,675 __iter__: Reading lattice file `/tmp/54747197/lattices/dspm052_dsp2013_09.lat.gz´.
2020-07-18 00:13:29,019 decode: Utterance `dspm052_dsp2013_09´ -- 75 of job 7
2020-07-18 00:13:41,317 __iter__: Reading lattice file `/tmp/54747197/lattices/dspm052_dsp2013_19.lat.gz´.
2020-07-18 00:13:42,438 decode: Utterance `dspm052_dsp2013_19´ -- 76 of job 7
2020-07-18 00:14:19,892 __iter__: Reading lattice file `/tmp/54747197/lattices/dspm054_dsp2013_10.lat.gz´.
2020-07-18 00:14:20,969 decode: Utterance `dspm054_dsp2013_10´ -- 77 of job 7
2020-07-18 00:14:55,417 __iter__: Reading lattice file `/tmp/54747197/lattices/dspm054_dsp2013_21.lat.gz´.
2020-07-18 00:14:55,948 decode: Utterance `dspm054_dsp2013_21´ -- 78 of job 7
2020-07-18 00:15:12,527 __iter__: Reading lattice file `/tmp/54747197/lattices/dspm055_dsp2013_08.lat.gz´.
2020-07-18 00:15:12,565 decode: Utterance `dspm055_dsp2013_08´ -- 79 of job 7
2020-07-18 00:15:13,537 __iter__: Reading lattice file `/tmp/54747197/lattices/dspm055_dsp2013_18.lat.gz´.
2020-07-18 00:15:13,772 decode: Utterance `dspm055_dsp2013_18´ -- 80 of job 7
2020-07-18 00:15:22,707 __iter__: Reading lattice file `/tmp/54747197/lattices/dspm056_dsp2013_08.lat.gz´.
2020-07-18 00:15:22,776 decode: Utterance `dspm056_dsp2013_08´ -- 81 of job 7
2020-07-18 00:15:24,484 __iter__: Reading lattice file `/tmp/54747197/lattices/dspm056_dsp2013_18.lat.gz´.
2020-07-18 00:15:24,573 decode: Utterance `dspm056_dsp2013_18´ -- 82 of job 7
2020-07-18 00:15:27,318 __iter__: Reading lattice file `/tmp/54747197/lattices/dspm057_dsp2013_08.lat.gz´.
2020-07-18 00:15:36,874 decode: Utterance `dspm057_dsp2013_08´ -- 83 of job 7
2020-07-18 00:21:27,402 __iter__: Reading lattice file `/tmp/54747197/lattices/dspm057_dsp2013_18.lat.gz´.
2020-07-18 00:21:27,565 decode: Utterance `dspm057_dsp2013_18´ -- 84 of job 7
2020-07-18 00:21:30,911 __iter__: Reading lattice file `/tmp/54747197/lattices/dspm058_dsp2013_09.lat.gz´.
2020-07-18 00:21:31,145 decode: Utterance `dspm058_dsp2013_09´ -- 85 of job 7
2020-07-18 00:21:38,156 __iter__: Reading lattice file `/tmp/54747197/lattices/dspm058_dsp2013_20.lat.gz´.
2020-07-18 00:21:39,557 decode: Utterance `dspm058_dsp2013_20´ -- 86 of job 7
2020-07-18 00:22:28,822 __iter__: Reading lattice file `/tmp/54747197/lattices/radioanne_fym20071218_23.lat.gz´.
2020-07-18 00:22:28,834 decode: Utterance `radioanne_fym20071218_23´ -- 87 of job 7
2020-07-18 00:22:29,040 __iter__: Reading lattice file `/tmp/54747197/lattices/radiojake_kbk20120915_118.lat.gz´.
2020-07-18 00:22:29,137 decode: Utterance `radiojake_kbk20120915_118´ -- 88 of job 7
2020-07-18 00:22:31,898 __iter__: Reading lattice file `/tmp/54747197/lattices/radiojake_kbk20120915_31.lat.gz´.
2020-07-18 00:22:32,182 decode: Utterance `radiojake_kbk20120915_31´ -- 89 of job 7
2020-07-18 00:22:41,395 __iter__: Reading lattice file `/tmp/54747197/lattices/radiojake_kbk20120915_56.lat.gz´.
2020-07-18 00:22:41,403 decode: Utterance `radiojake_kbk20120915_56´ -- 90 of job 7
2020-07-18 00:22:41,606 __iter__: Reading lattice file `/tmp/54747197/lattices/radiojake_kbk20120915_87.lat.gz´.
2020-07-18 00:22:41,670 decode: Utterance `radiojake_kbk20120915_87´ -- 91 of job 7
2020-07-18 00:22:43,957 __iter__: Reading lattice file `/tmp/54747197/lattices/radiokassu_kbk20120915_45.lat.gz´.
2020-07-18 00:22:44,126 decode: Utterance `radiokassu_kbk20120915_45´ -- 92 of job 7
2020-07-18 00:22:48,383 __iter__: Reading lattice file `/tmp/54747197/lattices/radiokassu_kbk20120915_70.lat.gz´.
2020-07-18 00:22:50,100 decode: Utterance `radiokassu_kbk20120915_70´ -- 93 of job 7
2020-07-18 00:23:37,362 __iter__: Reading lattice file `/tmp/54747197/lattices/radionoona_fym20071218_22.lat.gz´.
2020-07-18 00:23:37,390 decode: Utterance `radionoona_fym20071218_22´ -- 94 of job 7
2020-07-18 00:23:38,401 __iter__: Reading lattice file `/tmp/54747197/lattices/radionoona_fym20071218_9.lat.gz´.
2020-07-18 00:23:38,445 decode: Utterance `radionoona_fym20071218_9´ -- 95 of job 7
2020-07-18 00:23:39,670 __iter__: Reading lattice file `/tmp/54747197/lattices/radioshaka_kbk20120915_18.lat.gz´.
2020-07-18 00:23:39,770 decode: Utterance `radioshaka_kbk20120915_18´ -- 96 of job 7
2020-07-18 00:23:42,833 __iter__: Reading lattice file `/tmp/54747197/lattices/radioshaka_kbk20120915_38.lat.gz´.
2020-07-18 00:23:42,841 decode: Utterance `radioshaka_kbk20120915_38´ -- 97 of job 7
2020-07-18 00:23:43,108 __iter__: Reading lattice file `/tmp/54747197/lattices/radioshaka_kbk20120915_73.lat.gz´.
2020-07-18 00:23:45,418 decode: Utterance `radioshaka_kbk20120915_73´ -- 98 of job 7
2020-07-18 00:25:11,837 __iter__: Reading lattice file `/tmp/54747197/lattices/radioshaka_kbk20120915_98.lat.gz´.
2020-07-18 00:25:12,346 decode: Utterance `radioshaka_kbk20120915_98´ -- 99 of job 7
/scratch/work/groszt1/envs/theanoLM/lib/python3.7/site-packages/theano/gpuarray/dnn.py:184: UserWarning: Your cuDNN version is more recent than Theano. If you encounter problems, try updating Theano or downgrading cuDNN to a version >= v5 and <= v7.
  warnings.warn("Your cuDNN version is more recent than "
Using cuDNN version 7600 on context None
Mapped name None to device cuda0: Tesla P100-PCIE-16GB (0000:03:00.0)
/scratch/work/groszt1/envs/theanoLM/lib/python3.7/site-packages/h5py-2.9.0-py3.7-linux-x86_64.egg/h5py/_hl/dataset.py:313: H5pyDeprecationWarning: dataset.value has been deprecated. Use dataset[()] instead.
  "Use dataset[()] instead.", H5pyDeprecationWarning)
/scratch/work/groszt1/envs/theanoLM/lib/python3.7/site-packages/h5py-2.9.0-py3.7-linux-x86_64.egg/h5py/_hl/dataset.py:313: H5pyDeprecationWarning: dataset.value has been deprecated. Use dataset[()] instead.
  "Use dataset[()] instead.", H5pyDeprecationWarning)
decode_theanolm finished.
