EXPT_NAME theanolm-100k
EXPT_PARAMS expt10-seq40
EXPT_WORK_DIR /scratch/work/moisioa3/conv_lm/experiments/theanolm-100k/expt10-seq40
Experiment: theanolm-100k/expt10-seq40
Job ID: 54746558
Task ID: 19
Host: gpu25.int.triton.aalto.fi
Start date: Fri Jul 17 22:46:21 EEST 2020
Work directory: /scratch/work/moisioa3/conv_lm/experiments/theanolm-100k/expt10-seq40
Temporary directory: /tmp/54746558

Currently Loaded Modules:
  1) speech-scripts/2016.05.24-b928230   6) binutils/2.25-GCCcore-5.4.0
  2) srilm/default                       7) GCC/5.4.0-2.25
  3) cuda/10.0.130                       8) libgpuarray/2017.03.29-45c731f
  4) cudnn/7.4.2-cuda                    9) anaconda3/latest
  5) GCCcore/5.4.0

 

/tmp/54746558/lattices
floatX=float32,device=cuda0,base_compiledir=/tmp/theano,exception_verbosity=high,openmp=False
/scratch/work/groszt1/envs/theanoLM/lib/python3.7/site-packages/theano/gpuarray/dnn.py:184: UserWarning: Your cuDNN version is more recent than Theano. If you encounter problems, try updating Theano or downgrading cuDNN to a version >= v5 and <= v7.
  warnings.warn("Your cuDNN version is more recent than "
Using cuDNN version 7600 on context None
Mapped name None to device cuda0: Tesla P100-PCIE-16GB (0000:04:00.0)
TheanoLM 1.3.2
Theano 1.0.4
pygpu 0.7.6
==
+ srun --gres=gpu:1 theanolm decode /scratch/work/moisioa3/conv_lm/experiments/theanolm-100k/expt10-seq40/nnlm.h5 --lattice-list /tmp/54746558/lattices/lattice-list --output-file /scratch/work/moisioa3/conv_lm/experiments/theanolm-100k/expt10-seq40/decode/devel/lambda=0.5-lms=12/9.trn --output trn --nnlm-weight 0.5 --lm-scale 12 --max-tokens-per-node 62 --beam 650 --recombination-order 22 --num-jobs 10 --job 9 --shortlist --unk-penalty=-20
2020-07-17 22:46:43,183 get_default_device: Context None device="Tesla P100-PCIE-16GB" ID="0000:04:00.0"
2020-07-17 22:46:43,184 from_file: Reading vocabulary from network state.
2020-07-17 22:46:46,758 from_file: Number of words in vocabulary: 2427252
2020-07-17 22:46:46,758 from_file: Number of words in shortlist: 100003
2020-07-17 22:46:46,758 from_file: Number of word classes: 100003
2020-07-17 22:46:46,759 from_file: Building neural network.
2020-07-17 22:47:38,369 from_file: Restoring neural network state.
2020-07-17 22:47:39,754 decode: Building word lattice decoder.
2020-07-17 22:47:45,181 __iter__: Reading lattice file `/tmp/54746558/lattices/dspf004_dsp2013_11.lat.gz´.
2020-07-17 22:47:46,011 decode: Utterance `dspf004_dsp2013_11´ -- 1 of job 9
2020-07-17 22:48:35,679 __iter__: Reading lattice file `/tmp/54746558/lattices/dspf004_dsp2013_21.lat.gz´.
2020-07-17 22:48:36,188 decode: Utterance `dspf004_dsp2013_21´ -- 2 of job 9
2020-07-17 22:48:56,175 __iter__: Reading lattice file `/tmp/54746558/lattices/dspf007_dsp2013_10.lat.gz´.
2020-07-17 22:48:56,378 decode: Utterance `dspf007_dsp2013_10´ -- 3 of job 9
2020-07-17 22:49:02,778 __iter__: Reading lattice file `/tmp/54746558/lattices/dspf007_dsp2013_20.lat.gz´.
2020-07-17 22:49:02,821 decode: Utterance `dspf007_dsp2013_20´ -- 4 of job 9
2020-07-17 22:49:04,057 __iter__: Reading lattice file `/tmp/54746558/lattices/dspm001_dsp2013_10.lat.gz´.
2020-07-17 22:49:04,293 decode: Utterance `dspm001_dsp2013_10´ -- 5 of job 9
2020-07-17 22:49:14,168 __iter__: Reading lattice file `/tmp/54746558/lattices/dspm001_dsp2013_20.lat.gz´.
2020-07-17 22:49:15,152 decode: Utterance `dspm001_dsp2013_20´ -- 6 of job 9
2020-07-17 22:49:52,129 __iter__: Reading lattice file `/tmp/54746558/lattices/dspm004_dsp2013_10.lat.gz´.
2020-07-17 22:49:52,738 decode: Utterance `dspm004_dsp2013_10´ -- 7 of job 9
2020-07-17 22:50:17,089 __iter__: Reading lattice file `/tmp/54746558/lattices/dspm004_dsp2013_20.lat.gz´.
2020-07-17 22:50:17,362 decode: Utterance `dspm004_dsp2013_20´ -- 8 of job 9
2020-07-17 22:50:25,973 __iter__: Reading lattice file `/tmp/54746558/lattices/dspm005_dsp2013_10.lat.gz´.
2020-07-17 22:50:26,462 decode: Utterance `dspm005_dsp2013_10´ -- 9 of job 9
2020-07-17 22:50:39,819 __iter__: Reading lattice file `/tmp/54746558/lattices/dspm005_dsp2013_20.lat.gz´.
2020-07-17 22:50:40,123 decode: Utterance `dspm005_dsp2013_20´ -- 10 of job 9
2020-07-17 22:50:48,915 __iter__: Reading lattice file `/tmp/54746558/lattices/dspm006_dsp2013_10.lat.gz´.
2020-07-17 22:50:48,925 decode: Utterance `dspm006_dsp2013_10´ -- 11 of job 9
2020-07-17 22:50:49,213 __iter__: Reading lattice file `/tmp/54746558/lattices/dspm006_dsp2013_23.lat.gz´.
2020-07-17 22:50:49,222 decode: Utterance `dspm006_dsp2013_23´ -- 12 of job 9
2020-07-17 22:50:49,562 __iter__: Reading lattice file `/tmp/54746558/lattices/dspm007_dsp2013_11.lat.gz´.
2020-07-17 22:50:52,334 decode: Utterance `dspm007_dsp2013_11´ -- 13 of job 9
2020-07-17 22:52:40,481 __iter__: Reading lattice file `/tmp/54746558/lattices/dspm007_dsp2013_21.lat.gz´.
2020-07-17 22:52:40,624 decode: Utterance `dspm007_dsp2013_21´ -- 14 of job 9
2020-07-17 22:52:46,582 __iter__: Reading lattice file `/tmp/54746558/lattices/dspm010_dsp2013_02.lat.gz´.
2020-07-17 22:52:49,403 decode: Utterance `dspm010_dsp2013_02´ -- 15 of job 9
2020-07-17 22:54:20,639 __iter__: Reading lattice file `/tmp/54746558/lattices/dspm010_dsp2013_12.lat.gz´.
2020-07-17 22:54:20,851 decode: Utterance `dspm010_dsp2013_12´ -- 16 of job 9
2020-07-17 22:54:28,269 __iter__: Reading lattice file `/tmp/54746558/lattices/dspm011_dsp2013_02.lat.gz´.
2020-07-17 22:54:28,476 decode: Utterance `dspm011_dsp2013_02´ -- 17 of job 9
2020-07-17 22:54:34,498 __iter__: Reading lattice file `/tmp/54746558/lattices/dspm011_dsp2013_12.lat.gz´.
2020-07-17 22:54:34,623 decode: Utterance `dspm011_dsp2013_12´ -- 18 of job 9
2020-07-17 22:54:39,396 __iter__: Reading lattice file `/tmp/54746558/lattices/dspm011_dsp2013_22.lat.gz´.
2020-07-17 22:54:39,750 decode: Utterance `dspm011_dsp2013_22´ -- 19 of job 9
2020-07-17 22:54:50,950 __iter__: Reading lattice file `/tmp/54746558/lattices/dspm014_dsp2013_11.lat.gz´.
2020-07-17 22:54:51,094 decode: Utterance `dspm014_dsp2013_11´ -- 20 of job 9
2020-07-17 22:54:55,810 __iter__: Reading lattice file `/tmp/54746558/lattices/dspm014_dsp2013_29.lat.gz´.
2020-07-17 22:54:55,936 decode: Utterance `dspm014_dsp2013_29´ -- 21 of job 9
2020-07-17 22:55:01,029 __iter__: Reading lattice file `/tmp/54746558/lattices/dspm015_dsp2013_06.lat.gz´.
2020-07-17 22:55:03,609 decode: Utterance `dspm015_dsp2013_06´ -- 22 of job 9
2020-07-17 22:56:41,922 __iter__: Reading lattice file `/tmp/54746558/lattices/dspm015_dsp2013_16.lat.gz´.
2020-07-17 22:56:41,985 decode: Utterance `dspm015_dsp2013_16´ -- 23 of job 9
2020-07-17 22:56:43,635 __iter__: Reading lattice file `/tmp/54746558/lattices/dspm017_dsp2013_18.lat.gz´.
2020-07-17 22:56:43,783 decode: Utterance `dspm017_dsp2013_18´ -- 24 of job 9
2020-07-17 22:56:52,448 __iter__: Reading lattice file `/tmp/54746558/lattices/dspm017_dsp2013_53.lat.gz´.
2020-07-17 22:56:53,616 decode: Utterance `dspm017_dsp2013_53´ -- 25 of job 9
2020-07-17 22:57:40,974 __iter__: Reading lattice file `/tmp/54746558/lattices/dspm017_dsp2013_91.lat.gz´.
2020-07-17 22:57:40,982 decode: Utterance `dspm017_dsp2013_91´ -- 26 of job 9
2020-07-17 22:57:41,272 __iter__: Reading lattice file `/tmp/54746558/lattices/dspm018_dsp2013_12.lat.gz´.
2020-07-17 22:57:41,320 decode: Utterance `dspm018_dsp2013_12´ -- 27 of job 9
2020-07-17 22:57:42,699 __iter__: Reading lattice file `/tmp/54746558/lattices/dspm018_dsp2013_22.lat.gz´.
2020-07-17 22:57:42,834 decode: Utterance `dspm018_dsp2013_22´ -- 28 of job 9
2020-07-17 22:57:48,555 __iter__: Reading lattice file `/tmp/54746558/lattices/dspm019_dsp2013_10.lat.gz´.
2020-07-17 22:57:48,569 decode: Utterance `dspm019_dsp2013_10´ -- 29 of job 9
2020-07-17 22:57:49,034 __iter__: Reading lattice file `/tmp/54746558/lattices/dspm019_dsp2013_21.lat.gz´.
2020-07-17 22:57:49,168 decode: Utterance `dspm019_dsp2013_21´ -- 30 of job 9
2020-07-17 22:57:55,142 __iter__: Reading lattice file `/tmp/54746558/lattices/dspm021_dsp2013_11.lat.gz´.
2020-07-17 22:57:55,406 decode: Utterance `dspm021_dsp2013_11´ -- 31 of job 9
2020-07-17 22:58:03,399 __iter__: Reading lattice file `/tmp/54746558/lattices/dspm021_dsp2013_21.lat.gz´.
2020-07-17 22:58:03,781 decode: Utterance `dspm021_dsp2013_21´ -- 32 of job 9
2020-07-17 22:58:17,168 __iter__: Reading lattice file `/tmp/54746558/lattices/dspm022_dsp2013_07.lat.gz´.
2020-07-17 22:58:17,222 decode: Utterance `dspm022_dsp2013_07´ -- 33 of job 9
2020-07-17 22:58:18,527 __iter__: Reading lattice file `/tmp/54746558/lattices/dspm022_dsp2013_17.lat.gz´.
2020-07-17 22:58:18,630 decode: Utterance `dspm022_dsp2013_17´ -- 34 of job 9
2020-07-17 22:58:22,400 __iter__: Reading lattice file `/tmp/54746558/lattices/dspm022_dsp2013_27.lat.gz´.
2020-07-17 22:58:22,519 decode: Utterance `dspm022_dsp2013_27´ -- 35 of job 9
2020-07-17 22:58:27,617 __iter__: Reading lattice file `/tmp/54746558/lattices/dspm024_dsp2013_03.lat.gz´.
2020-07-17 22:58:28,037 decode: Utterance `dspm024_dsp2013_03´ -- 36 of job 9
2020-07-17 22:58:36,598 __iter__: Reading lattice file `/tmp/54746558/lattices/dspm024_dsp2013_13.lat.gz´.
2020-07-17 22:58:36,925 decode: Utterance `dspm024_dsp2013_13´ -- 37 of job 9
2020-07-17 22:58:47,785 __iter__: Reading lattice file `/tmp/54746558/lattices/dspm025_dsp2013_07.lat.gz´.
2020-07-17 22:58:48,148 decode: Utterance `dspm025_dsp2013_07´ -- 38 of job 9
2020-07-17 22:59:00,142 __iter__: Reading lattice file `/tmp/54746558/lattices/dspm025_dsp2013_20.lat.gz´.
2020-07-17 22:59:00,162 decode: Utterance `dspm025_dsp2013_20´ -- 39 of job 9
2020-07-17 22:59:00,797 __iter__: Reading lattice file `/tmp/54746558/lattices/dspm026_dsp2013_02.lat.gz´.
2020-07-17 22:59:00,848 decode: Utterance `dspm026_dsp2013_02´ -- 40 of job 9
2020-07-17 22:59:03,510 __iter__: Reading lattice file `/tmp/54746558/lattices/dspm026_dsp2013_12.lat.gz´.
2020-07-17 22:59:03,570 decode: Utterance `dspm026_dsp2013_12´ -- 41 of job 9
2020-07-17 22:59:06,166 __iter__: Reading lattice file `/tmp/54746558/lattices/dspm028_dsp2013_02.lat.gz´.
2020-07-17 22:59:06,313 decode: Utterance `dspm028_dsp2013_02´ -- 42 of job 9
2020-07-17 22:59:12,423 __iter__: Reading lattice file `/tmp/54746558/lattices/dspm028_dsp2013_12.lat.gz´.
2020-07-17 22:59:12,648 decode: Utterance `dspm028_dsp2013_12´ -- 43 of job 9
2020-07-17 22:59:20,901 __iter__: Reading lattice file `/tmp/54746558/lattices/dspm031_dsp2013_02.lat.gz´.
2020-07-17 22:59:20,986 decode: Utterance `dspm031_dsp2013_02´ -- 44 of job 9
2020-07-17 22:59:23,613 __iter__: Reading lattice file `/tmp/54746558/lattices/dspm031_dsp2013_12.lat.gz´.
2020-07-17 22:59:23,790 decode: Utterance `dspm031_dsp2013_12´ -- 45 of job 9
2020-07-17 22:59:30,929 __iter__: Reading lattice file `/tmp/54746558/lattices/dspm031_dsp2013_22.lat.gz´.
2020-07-17 22:59:31,409 decode: Utterance `dspm031_dsp2013_22´ -- 46 of job 9
2020-07-17 22:59:49,462 __iter__: Reading lattice file `/tmp/54746558/lattices/dspm032_dsp2013_07.lat.gz´.
2020-07-17 22:59:49,963 decode: Utterance `dspm032_dsp2013_07´ -- 47 of job 9
2020-07-17 23:00:15,038 __iter__: Reading lattice file `/tmp/54746558/lattices/dspm032_dsp2013_17.lat.gz´.
2020-07-17 23:00:15,076 decode: Utterance `dspm032_dsp2013_17´ -- 48 of job 9
2020-07-17 23:00:16,188 __iter__: Reading lattice file `/tmp/54746558/lattices/dspm033_dsp2013_10.lat.gz´.
2020-07-17 23:00:16,306 decode: Utterance `dspm033_dsp2013_10´ -- 49 of job 9
2020-07-17 23:00:20,284 __iter__: Reading lattice file `/tmp/54746558/lattices/dspm033_dsp2013_40.lat.gz´.
2020-07-17 23:00:21,521 decode: Utterance `dspm033_dsp2013_40´ -- 50 of job 9
2020-07-17 23:00:57,535 __iter__: Reading lattice file `/tmp/54746558/lattices/dspm034_dsp2013_03.lat.gz´.
2020-07-17 23:00:57,644 decode: Utterance `dspm034_dsp2013_03´ -- 51 of job 9
2020-07-17 23:01:00,216 __iter__: Reading lattice file `/tmp/54746558/lattices/dspm034_dsp2013_13.lat.gz´.
2020-07-17 23:01:00,305 decode: Utterance `dspm034_dsp2013_13´ -- 52 of job 9
2020-07-17 23:01:02,373 __iter__: Reading lattice file `/tmp/54746558/lattices/dspm036_dsp2013_26.lat.gz´.
2020-07-17 23:01:03,149 decode: Utterance `dspm036_dsp2013_26´ -- 53 of job 9
2020-07-17 23:01:36,782 __iter__: Reading lattice file `/tmp/54746558/lattices/dspm036_dsp2013_37.lat.gz´.
2020-07-17 23:01:37,352 decode: Utterance `dspm036_dsp2013_37´ -- 54 of job 9
2020-07-17 23:02:03,106 __iter__: Reading lattice file `/tmp/54746558/lattices/dspm039_dsp2013_04.lat.gz´.
2020-07-17 23:02:03,137 decode: Utterance `dspm039_dsp2013_04´ -- 55 of job 9
2020-07-17 23:02:04,516 __iter__: Reading lattice file `/tmp/54746558/lattices/dspm039_dsp2013_16.lat.gz´.
2020-07-17 23:02:04,640 decode: Utterance `dspm039_dsp2013_16´ -- 56 of job 9
2020-07-17 23:02:10,366 __iter__: Reading lattice file `/tmp/54746558/lattices/dspm039_dsp2013_26.lat.gz´.
2020-07-17 23:02:10,577 decode: Utterance `dspm039_dsp2013_26´ -- 57 of job 9
2020-07-17 23:02:20,423 __iter__: Reading lattice file `/tmp/54746558/lattices/dspm040_dsp2013_09.lat.gz´.
2020-07-17 23:02:20,426 decode: Utterance `dspm040_dsp2013_09´ -- 58 of job 9
2020-07-17 23:02:20,550 __iter__: Reading lattice file `/tmp/54746558/lattices/dspm040_dsp2013_19.lat.gz´.
2020-07-17 23:02:21,465 decode: Utterance `dspm040_dsp2013_19´ -- 59 of job 9
2020-07-17 23:02:48,186 __iter__: Reading lattice file `/tmp/54746558/lattices/dspm042_dsp2013_10.lat.gz´.
2020-07-17 23:02:48,198 decode: Utterance `dspm042_dsp2013_10´ -- 60 of job 9
2020-07-17 23:02:48,548 __iter__: Reading lattice file `/tmp/54746558/lattices/dspm042_dsp2013_21.lat.gz´.
2020-07-17 23:02:48,560 decode: Utterance `dspm042_dsp2013_21´ -- 61 of job 9
2020-07-17 23:02:49,040 __iter__: Reading lattice file `/tmp/54746558/lattices/dspm043_dsp2013_14.lat.gz´.
2020-07-17 23:02:49,130 decode: Utterance `dspm043_dsp2013_14´ -- 62 of job 9
2020-07-17 23:02:53,822 __iter__: Reading lattice file `/tmp/54746558/lattices/dspm043_dsp2013_28.lat.gz´.
2020-07-17 23:02:53,851 decode: Utterance `dspm043_dsp2013_28´ -- 63 of job 9
2020-07-17 23:02:54,686 __iter__: Reading lattice file `/tmp/54746558/lattices/dspm045_dsp2013_04.lat.gz´.
2020-07-17 23:02:55,010 decode: Utterance `dspm045_dsp2013_04´ -- 64 of job 9
2020-07-17 23:03:05,103 __iter__: Reading lattice file `/tmp/54746558/lattices/dspm045_dsp2013_14.lat.gz´.
2020-07-17 23:03:05,536 decode: Utterance `dspm045_dsp2013_14´ -- 65 of job 9
2020-07-17 23:03:16,627 __iter__: Reading lattice file `/tmp/54746558/lattices/dspm047_dsp2013_04.lat.gz´.
2020-07-17 23:03:16,692 decode: Utterance `dspm047_dsp2013_04´ -- 66 of job 9
2020-07-17 23:03:19,107 __iter__: Reading lattice file `/tmp/54746558/lattices/dspm047_dsp2013_14.lat.gz´.
2020-07-17 23:03:19,650 decode: Utterance `dspm047_dsp2013_14´ -- 67 of job 9
2020-07-17 23:03:33,649 __iter__: Reading lattice file `/tmp/54746558/lattices/dspm048_dsp2013_04.lat.gz´.
2020-07-17 23:03:33,680 decode: Utterance `dspm048_dsp2013_04´ -- 68 of job 9
2020-07-17 23:03:34,809 __iter__: Reading lattice file `/tmp/54746558/lattices/dspm048_dsp2013_14.lat.gz´.
2020-07-17 23:03:34,854 decode: Utterance `dspm048_dsp2013_14´ -- 69 of job 9
2020-07-17 23:03:36,000 __iter__: Reading lattice file `/tmp/54746558/lattices/dspm049_dsp2013_03.lat.gz´.
2020-07-17 23:03:36,796 decode: Utterance `dspm049_dsp2013_03´ -- 70 of job 9
2020-07-17 23:04:04,697 __iter__: Reading lattice file `/tmp/54746558/lattices/dspm049_dsp2013_13.lat.gz´.
2020-07-17 23:04:06,909 decode: Utterance `dspm049_dsp2013_13´ -- 71 of job 9
2020-07-17 23:05:23,793 __iter__: Reading lattice file `/tmp/54746558/lattices/dspm050_dsp2013_08.lat.gz´.
2020-07-17 23:05:23,960 decode: Utterance `dspm050_dsp2013_08´ -- 72 of job 9
2020-07-17 23:05:31,195 __iter__: Reading lattice file `/tmp/54746558/lattices/dspm050_dsp2013_22.lat.gz´.
2020-07-17 23:05:31,292 decode: Utterance `dspm050_dsp2013_22´ -- 73 of job 9
2020-07-17 23:05:34,218 __iter__: Reading lattice file `/tmp/54746558/lattices/dspm052_dsp2013_01.lat.gz´.
2020-07-17 23:05:34,687 decode: Utterance `dspm052_dsp2013_01´ -- 74 of job 9
2020-07-17 23:05:49,496 __iter__: Reading lattice file `/tmp/54746558/lattices/dspm052_dsp2013_11.lat.gz´.
2020-07-17 23:05:49,579 decode: Utterance `dspm052_dsp2013_11´ -- 75 of job 9
2020-07-17 23:05:52,108 __iter__: Reading lattice file `/tmp/54746558/lattices/dspm054_dsp2013_01.lat.gz´.
2020-07-17 23:05:52,511 decode: Utterance `dspm054_dsp2013_01´ -- 76 of job 9
2020-07-17 23:06:07,057 __iter__: Reading lattice file `/tmp/54746558/lattices/dspm054_dsp2013_13.lat.gz´.
2020-07-17 23:06:08,044 decode: Utterance `dspm054_dsp2013_13´ -- 77 of job 9
2020-07-17 23:06:47,407 __iter__: Reading lattice file `/tmp/54746558/lattices/dspm054_dsp2013_23.lat.gz´.
2020-07-17 23:06:47,519 decode: Utterance `dspm054_dsp2013_23´ -- 78 of job 9
2020-07-17 23:06:52,160 __iter__: Reading lattice file `/tmp/54746558/lattices/dspm055_dsp2013_10.lat.gz´.
2020-07-17 23:06:52,215 decode: Utterance `dspm055_dsp2013_10´ -- 79 of job 9
2020-07-17 23:06:53,695 __iter__: Reading lattice file `/tmp/54746558/lattices/dspm055_dsp2013_20.lat.gz´.
2020-07-17 23:06:53,709 decode: Utterance `dspm055_dsp2013_20´ -- 80 of job 9
2020-07-17 23:06:54,139 __iter__: Reading lattice file `/tmp/54746558/lattices/dspm056_dsp2013_10.lat.gz´.
2020-07-17 23:06:54,165 decode: Utterance `dspm056_dsp2013_10´ -- 81 of job 9
2020-07-17 23:06:54,878 __iter__: Reading lattice file `/tmp/54746558/lattices/dspm056_dsp2013_20.lat.gz´.
2020-07-17 23:06:54,898 decode: Utterance `dspm056_dsp2013_20´ -- 82 of job 9
2020-07-17 23:06:55,572 __iter__: Reading lattice file `/tmp/54746558/lattices/dspm057_dsp2013_10.lat.gz´.
2020-07-17 23:06:56,965 decode: Utterance `dspm057_dsp2013_10´ -- 83 of job 9
2020-07-17 23:08:17,587 __iter__: Reading lattice file `/tmp/54746558/lattices/dspm057_dsp2013_20.lat.gz´.
2020-07-17 23:08:17,935 decode: Utterance `dspm057_dsp2013_20´ -- 84 of job 9
2020-07-17 23:08:29,816 __iter__: Reading lattice file `/tmp/54746558/lattices/dspm058_dsp2013_11.lat.gz´.
2020-07-17 23:08:30,003 decode: Utterance `dspm058_dsp2013_11´ -- 85 of job 9
2020-07-17 23:08:35,552 __iter__: Reading lattice file `/tmp/54746558/lattices/dspm058_dsp2013_22.lat.gz´.
2020-07-17 23:08:35,682 decode: Utterance `dspm058_dsp2013_22´ -- 86 of job 9
2020-07-17 23:08:41,032 __iter__: Reading lattice file `/tmp/54746558/lattices/radioanne_fym20071218_28.lat.gz´.
2020-07-17 23:08:41,084 decode: Utterance `radioanne_fym20071218_28´ -- 87 of job 9
2020-07-17 23:08:42,516 __iter__: Reading lattice file `/tmp/54746558/lattices/radiojake_kbk20120915_14.lat.gz´.
2020-07-17 23:08:42,535 decode: Utterance `radiojake_kbk20120915_14´ -- 88 of job 9
2020-07-17 23:08:43,205 __iter__: Reading lattice file `/tmp/54746558/lattices/radiojake_kbk20120915_39.lat.gz´.
2020-07-17 23:08:43,212 decode: Utterance `radiojake_kbk20120915_39´ -- 89 of job 9
2020-07-17 23:08:43,394 __iter__: Reading lattice file `/tmp/54746558/lattices/radiojake_kbk20120915_65.lat.gz´.
2020-07-17 23:08:43,484 decode: Utterance `radiojake_kbk20120915_65´ -- 90 of job 9
2020-07-17 23:08:46,372 __iter__: Reading lattice file `/tmp/54746558/lattices/radiojake_kbk20120915_94.lat.gz´.
2020-07-17 23:08:46,431 decode: Utterance `radiojake_kbk20120915_94´ -- 91 of job 9
2020-07-17 23:08:49,169 __iter__: Reading lattice file `/tmp/54746558/lattices/radiokassu_kbk20120915_48.lat.gz´.
2020-07-17 23:08:49,504 decode: Utterance `radiokassu_kbk20120915_48´ -- 92 of job 9
2020-07-17 23:08:59,517 __iter__: Reading lattice file `/tmp/54746558/lattices/radiokassu_kbk20120915_72.lat.gz´.
2020-07-17 23:08:59,602 decode: Utterance `radiokassu_kbk20120915_72´ -- 93 of job 9
2020-07-17 23:09:01,563 __iter__: Reading lattice file `/tmp/54746558/lattices/radionoona_fym20071218_27.lat.gz´.
2020-07-17 23:09:01,602 decode: Utterance `radionoona_fym20071218_27´ -- 94 of job 9
2020-07-17 23:09:02,551 __iter__: Reading lattice file `/tmp/54746558/lattices/radioshaka_kbk20120915_102.lat.gz´.
2020-07-17 23:09:02,971 decode: Utterance `radioshaka_kbk20120915_102´ -- 95 of job 9
2020-07-17 23:09:26,540 __iter__: Reading lattice file `/tmp/54746558/lattices/radioshaka_kbk20120915_22.lat.gz´.
2020-07-17 23:09:27,302 decode: Utterance `radioshaka_kbk20120915_22´ -- 96 of job 9
2020-07-17 23:09:51,729 __iter__: Reading lattice file `/tmp/54746558/lattices/radioshaka_kbk20120915_42.lat.gz´.
2020-07-17 23:09:51,746 decode: Utterance `radioshaka_kbk20120915_42´ -- 97 of job 9
2020-07-17 23:09:52,088 __iter__: Reading lattice file `/tmp/54746558/lattices/radioshaka_kbk20120915_77.lat.gz´.
2020-07-17 23:09:52,126 decode: Utterance `radioshaka_kbk20120915_77´ -- 98 of job 9
/scratch/work/groszt1/envs/theanoLM/lib/python3.7/site-packages/theano/gpuarray/dnn.py:184: UserWarning: Your cuDNN version is more recent than Theano. If you encounter problems, try updating Theano or downgrading cuDNN to a version >= v5 and <= v7.
  warnings.warn("Your cuDNN version is more recent than "
Using cuDNN version 7600 on context None
Mapped name None to device cuda0: Tesla P100-PCIE-16GB (0000:04:00.0)
/scratch/work/groszt1/envs/theanoLM/lib/python3.7/site-packages/h5py-2.9.0-py3.7-linux-x86_64.egg/h5py/_hl/dataset.py:313: H5pyDeprecationWarning: dataset.value has been deprecated. Use dataset[()] instead.
  "Use dataset[()] instead.", H5pyDeprecationWarning)
/scratch/work/groszt1/envs/theanoLM/lib/python3.7/site-packages/h5py-2.9.0-py3.7-linux-x86_64.egg/h5py/_hl/dataset.py:313: H5pyDeprecationWarning: dataset.value has been deprecated. Use dataset[()] instead.
  "Use dataset[()] instead.", H5pyDeprecationWarning)
decode_theanolm finished.
