EXPT_NAME theanolm-100k
EXPT_PARAMS expt10-seq40
EXPT_WORK_DIR /scratch/work/moisioa3/conv_lm/experiments/theanolm-100k/expt10-seq40
Experiment: theanolm-100k/expt10-seq40
Job ID: 54746758
Task ID: 55
Host: gpu35.int.triton.aalto.fi
Start date: Fri Jul 17 23:37:57 EEST 2020
Work directory: /scratch/work/moisioa3/conv_lm/experiments/theanolm-100k/expt10-seq40
Temporary directory: /tmp/54746758

Currently Loaded Modules:
  1) speech-scripts/2016.05.24-b928230   6) binutils/2.25-GCCcore-5.4.0
  2) srilm/default                       7) GCC/5.4.0-2.25
  3) cuda/10.0.130                       8) libgpuarray/2017.03.29-45c731f
  4) cudnn/7.4.2-cuda                    9) anaconda3/latest
  5) GCCcore/5.4.0

 

/tmp/54746758/lattices
floatX=float32,device=cuda0,base_compiledir=/tmp/theano,exception_verbosity=high,openmp=False
/scratch/work/groszt1/envs/theanoLM/lib/python3.7/site-packages/theano/gpuarray/dnn.py:184: UserWarning: Your cuDNN version is more recent than Theano. If you encounter problems, try updating Theano or downgrading cuDNN to a version >= v5 and <= v7.
  warnings.warn("Your cuDNN version is more recent than "
Using cuDNN version 7600 on context None
Mapped name None to device cuda0: Tesla V100-PCIE-32GB (0000:86:00.0)
TheanoLM 1.3.2
Theano 1.0.4
pygpu 0.7.6
==
+ srun --gres=gpu:1 theanolm decode /scratch/work/moisioa3/conv_lm/experiments/theanolm-100k/expt10-seq40/nnlm.h5 --lattice-list /tmp/54746758/lattices/lattice-list --output-file /scratch/work/moisioa3/conv_lm/experiments/theanolm-100k/expt10-seq40/decode/devel/lambda=1.0-lms=12/5.trn --output trn --nnlm-weight 1.0 --lm-scale 12 --max-tokens-per-node 62 --beam 650 --recombination-order 22 --num-jobs 10 --job 5 --shortlist --unk-penalty=-20
2020-07-17 23:38:15,755 get_default_device: Context None device="Tesla V100-PCIE-32GB" ID="0000:86:00.0"
2020-07-17 23:38:15,757 from_file: Reading vocabulary from network state.
2020-07-17 23:38:18,347 from_file: Number of words in vocabulary: 2427252
2020-07-17 23:38:18,347 from_file: Number of words in shortlist: 100003
2020-07-17 23:38:18,347 from_file: Number of word classes: 100003
2020-07-17 23:38:18,347 from_file: Building neural network.
2020-07-17 23:38:52,300 from_file: Restoring neural network state.
2020-07-17 23:38:53,457 decode: Building word lattice decoder.
2020-07-17 23:39:11,848 __iter__: Reading lattice file `/tmp/54746758/lattices/dspf004_dsp2013_07.lat.gz´.
2020-07-17 23:39:11,932 decode: Utterance `dspf004_dsp2013_07´ -- 1 of job 5
2020-07-17 23:39:15,982 __iter__: Reading lattice file `/tmp/54746758/lattices/dspf004_dsp2013_17.lat.gz´.
2020-07-17 23:39:16,041 decode: Utterance `dspf004_dsp2013_17´ -- 2 of job 5
2020-07-17 23:39:18,152 __iter__: Reading lattice file `/tmp/54746758/lattices/dspf007_dsp2013_06.lat.gz´.
2020-07-17 23:39:18,237 decode: Utterance `dspf007_dsp2013_06´ -- 3 of job 5
2020-07-17 23:39:21,173 __iter__: Reading lattice file `/tmp/54746758/lattices/dspf007_dsp2013_16.lat.gz´.
2020-07-17 23:39:22,074 decode: Utterance `dspf007_dsp2013_16´ -- 4 of job 5
2020-07-17 23:39:51,061 __iter__: Reading lattice file `/tmp/54746758/lattices/dspm001_dsp2013_06.lat.gz´.
2020-07-17 23:39:51,137 decode: Utterance `dspm001_dsp2013_06´ -- 5 of job 5
2020-07-17 23:39:52,948 __iter__: Reading lattice file `/tmp/54746758/lattices/dspm001_dsp2013_16.lat.gz´.
2020-07-17 23:39:52,952 decode: Utterance `dspm001_dsp2013_16´ -- 6 of job 5
2020-07-17 23:39:53,074 __iter__: Reading lattice file `/tmp/54746758/lattices/dspm004_dsp2013_06.lat.gz´.
2020-07-17 23:39:53,462 decode: Utterance `dspm004_dsp2013_06´ -- 7 of job 5
2020-07-17 23:40:04,410 __iter__: Reading lattice file `/tmp/54746758/lattices/dspm004_dsp2013_16.lat.gz´.
2020-07-17 23:40:04,756 decode: Utterance `dspm004_dsp2013_16´ -- 8 of job 5
2020-07-17 23:40:16,389 __iter__: Reading lattice file `/tmp/54746758/lattices/dspm005_dsp2013_06.lat.gz´.
2020-07-17 23:40:16,481 decode: Utterance `dspm005_dsp2013_06´ -- 9 of job 5
2020-07-17 23:40:19,357 __iter__: Reading lattice file `/tmp/54746758/lattices/dspm005_dsp2013_16.lat.gz´.
2020-07-17 23:40:19,461 decode: Utterance `dspm005_dsp2013_16´ -- 10 of job 5
2020-07-17 23:40:22,694 __iter__: Reading lattice file `/tmp/54746758/lattices/dspm006_dsp2013_06.lat.gz´.
2020-07-17 23:40:22,739 decode: Utterance `dspm006_dsp2013_06´ -- 11 of job 5
2020-07-17 23:40:24,319 __iter__: Reading lattice file `/tmp/54746758/lattices/dspm006_dsp2013_19.lat.gz´.
2020-07-17 23:40:24,346 decode: Utterance `dspm006_dsp2013_19´ -- 12 of job 5
2020-07-17 23:40:25,221 __iter__: Reading lattice file `/tmp/54746758/lattices/dspm007_dsp2013_04.lat.gz´.
2020-07-17 23:40:25,644 decode: Utterance `dspm007_dsp2013_04´ -- 13 of job 5
2020-07-17 23:40:38,149 __iter__: Reading lattice file `/tmp/54746758/lattices/dspm007_dsp2013_17.lat.gz´.
2020-07-17 23:40:40,235 decode: Utterance `dspm007_dsp2013_17´ -- 14 of job 5
2020-07-17 23:41:43,891 __iter__: Reading lattice file `/tmp/54746758/lattices/dspm007_dsp2013_27.lat.gz´.
2020-07-17 23:41:43,917 decode: Utterance `dspm007_dsp2013_27´ -- 15 of job 5
2020-07-17 23:41:44,491 __iter__: Reading lattice file `/tmp/54746758/lattices/dspm010_dsp2013_08.lat.gz´.
2020-07-17 23:41:44,866 decode: Utterance `dspm010_dsp2013_08´ -- 16 of job 5
2020-07-17 23:42:07,918 __iter__: Reading lattice file `/tmp/54746758/lattices/dspm010_dsp2013_24.lat.gz´.
2020-07-17 23:42:11,334 decode: Utterance `dspm010_dsp2013_24´ -- 17 of job 5
2020-07-17 23:44:01,612 __iter__: Reading lattice file `/tmp/54746758/lattices/dspm011_dsp2013_08.lat.gz´.
2020-07-17 23:44:01,680 decode: Utterance `dspm011_dsp2013_08´ -- 18 of job 5
2020-07-17 23:44:03,710 __iter__: Reading lattice file `/tmp/54746758/lattices/dspm011_dsp2013_18.lat.gz´.
2020-07-17 23:44:03,870 decode: Utterance `dspm011_dsp2013_18´ -- 19 of job 5
2020-07-17 23:44:09,302 __iter__: Reading lattice file `/tmp/54746758/lattices/dspm014_dsp2013_02.lat.gz´.
2020-07-17 23:44:09,697 decode: Utterance `dspm014_dsp2013_02´ -- 20 of job 5
2020-07-17 23:44:23,238 __iter__: Reading lattice file `/tmp/54746758/lattices/dspm014_dsp2013_25.lat.gz´.
2020-07-17 23:44:23,292 decode: Utterance `dspm014_dsp2013_25´ -- 21 of job 5
2020-07-17 23:44:25,060 __iter__: Reading lattice file `/tmp/54746758/lattices/dspm015_dsp2013_02.lat.gz´.
2020-07-17 23:44:25,476 decode: Utterance `dspm015_dsp2013_02´ -- 22 of job 5
2020-07-17 23:44:35,291 __iter__: Reading lattice file `/tmp/54746758/lattices/dspm015_dsp2013_12.lat.gz´.
2020-07-17 23:44:35,375 decode: Utterance `dspm015_dsp2013_12´ -- 23 of job 5
2020-07-17 23:44:37,465 __iter__: Reading lattice file `/tmp/54746758/lattices/dspm017_dsp2013_103.lat.gz´.
2020-07-17 23:44:37,667 decode: Utterance `dspm017_dsp2013_103´ -- 24 of job 5
2020-07-17 23:44:43,487 __iter__: Reading lattice file `/tmp/54746758/lattices/dspm017_dsp2013_38.lat.gz´.
2020-07-17 23:44:45,067 decode: Utterance `dspm017_dsp2013_38´ -- 25 of job 5
2020-07-17 23:45:44,153 __iter__: Reading lattice file `/tmp/54746758/lattices/dspm017_dsp2013_79.lat.gz´.
2020-07-17 23:45:44,244 decode: Utterance `dspm017_dsp2013_79´ -- 26 of job 5
2020-07-17 23:45:47,369 __iter__: Reading lattice file `/tmp/54746758/lattices/dspm018_dsp2013_08.lat.gz´.
2020-07-17 23:45:47,419 decode: Utterance `dspm018_dsp2013_08´ -- 27 of job 5
2020-07-17 23:45:48,974 __iter__: Reading lattice file `/tmp/54746758/lattices/dspm018_dsp2013_18.lat.gz´.
2020-07-17 23:45:48,992 decode: Utterance `dspm018_dsp2013_18´ -- 28 of job 5
2020-07-17 23:45:49,592 __iter__: Reading lattice file `/tmp/54746758/lattices/dspm019_dsp2013_06.lat.gz´.
2020-07-17 23:45:49,617 decode: Utterance `dspm019_dsp2013_06´ -- 29 of job 5
2020-07-17 23:45:50,415 __iter__: Reading lattice file `/tmp/54746758/lattices/dspm019_dsp2013_17.lat.gz´.
2020-07-17 23:45:50,421 decode: Utterance `dspm019_dsp2013_17´ -- 30 of job 5
2020-07-17 23:45:50,620 __iter__: Reading lattice file `/tmp/54746758/lattices/dspm021_dsp2013_07.lat.gz´.
2020-07-17 23:45:50,878 decode: Utterance `dspm021_dsp2013_07´ -- 31 of job 5
2020-07-17 23:46:01,053 __iter__: Reading lattice file `/tmp/54746758/lattices/dspm021_dsp2013_17.lat.gz´.
2020-07-17 23:46:01,082 decode: Utterance `dspm021_dsp2013_17´ -- 32 of job 5
2020-07-17 23:46:02,087 __iter__: Reading lattice file `/tmp/54746758/lattices/dspm022_dsp2013_03.lat.gz´.
2020-07-17 23:46:02,163 decode: Utterance `dspm022_dsp2013_03´ -- 33 of job 5
2020-07-17 23:46:04,573 __iter__: Reading lattice file `/tmp/54746758/lattices/dspm022_dsp2013_13.lat.gz´.
2020-07-17 23:46:04,585 decode: Utterance `dspm022_dsp2013_13´ -- 34 of job 5
2020-07-17 23:46:04,996 __iter__: Reading lattice file `/tmp/54746758/lattices/dspm022_dsp2013_23.lat.gz´.
2020-07-17 23:46:05,024 decode: Utterance `dspm022_dsp2013_23´ -- 35 of job 5
2020-07-17 23:46:05,958 __iter__: Reading lattice file `/tmp/54746758/lattices/dspm022_dsp2013_33.lat.gz´.
2020-07-17 23:46:06,197 decode: Utterance `dspm022_dsp2013_33´ -- 36 of job 5
2020-07-17 23:46:14,493 __iter__: Reading lattice file `/tmp/54746758/lattices/dspm024_dsp2013_09.lat.gz´.
2020-07-17 23:46:15,109 decode: Utterance `dspm024_dsp2013_09´ -- 37 of job 5
2020-07-17 23:46:37,223 __iter__: Reading lattice file `/tmp/54746758/lattices/dspm024_dsp2013_20.lat.gz´.
2020-07-17 23:46:37,363 decode: Utterance `dspm024_dsp2013_20´ -- 38 of job 5
2020-07-17 23:46:41,814 __iter__: Reading lattice file `/tmp/54746758/lattices/dspm025_dsp2013_16.lat.gz´.
2020-07-17 23:46:41,836 decode: Utterance `dspm025_dsp2013_16´ -- 39 of job 5
2020-07-17 23:46:42,477 __iter__: Reading lattice file `/tmp/54746758/lattices/dspm025_dsp2013_28.lat.gz´.
2020-07-17 23:46:42,515 decode: Utterance `dspm025_dsp2013_28´ -- 40 of job 5
2020-07-17 23:46:43,642 __iter__: Reading lattice file `/tmp/54746758/lattices/dspm026_dsp2013_08.lat.gz´.
2020-07-17 23:46:43,770 decode: Utterance `dspm026_dsp2013_08´ -- 41 of job 5
2020-07-17 23:46:47,809 __iter__: Reading lattice file `/tmp/54746758/lattices/dspm026_dsp2013_18.lat.gz´.
2020-07-17 23:46:48,103 decode: Utterance `dspm026_dsp2013_18´ -- 42 of job 5
2020-07-17 23:46:58,824 __iter__: Reading lattice file `/tmp/54746758/lattices/dspm028_dsp2013_08.lat.gz´.
2020-07-17 23:46:59,742 decode: Utterance `dspm028_dsp2013_08´ -- 43 of job 5
2020-07-17 23:47:30,902 __iter__: Reading lattice file `/tmp/54746758/lattices/dspm028_dsp2013_18.lat.gz´.
2020-07-17 23:47:30,928 decode: Utterance `dspm028_dsp2013_18´ -- 44 of job 5
2020-07-17 23:47:31,655 __iter__: Reading lattice file `/tmp/54746758/lattices/dspm031_dsp2013_08.lat.gz´.
2020-07-17 23:47:31,660 decode: Utterance `dspm031_dsp2013_08´ -- 45 of job 5
2020-07-17 23:47:31,822 __iter__: Reading lattice file `/tmp/54746758/lattices/dspm031_dsp2013_18.lat.gz´.
2020-07-17 23:47:31,882 decode: Utterance `dspm031_dsp2013_18´ -- 46 of job 5
2020-07-17 23:47:33,592 __iter__: Reading lattice file `/tmp/54746758/lattices/dspm032_dsp2013_03.lat.gz´.
2020-07-17 23:47:33,594 decode: Utterance `dspm032_dsp2013_03´ -- 47 of job 5
2020-07-17 23:47:33,685 __iter__: Reading lattice file `/tmp/54746758/lattices/dspm032_dsp2013_13.lat.gz´.
2020-07-17 23:47:34,149 decode: Utterance `dspm032_dsp2013_13´ -- 48 of job 5
2020-07-17 23:47:45,651 __iter__: Reading lattice file `/tmp/54746758/lattices/dspm032_dsp2013_23.lat.gz´.
2020-07-17 23:47:45,652 decode: Utterance `dspm032_dsp2013_23´ -- 49 of job 5
2020-07-17 23:47:45,732 __iter__: Reading lattice file `/tmp/54746758/lattices/dspm033_dsp2013_28.lat.gz´.
2020-07-17 23:47:45,783 decode: Utterance `dspm033_dsp2013_28´ -- 50 of job 5
2020-07-17 23:47:47,313 __iter__: Reading lattice file `/tmp/54746758/lattices/dspm033_dsp2013_50.lat.gz´.
2020-07-17 23:47:48,566 decode: Utterance `dspm033_dsp2013_50´ -- 51 of job 5
2020-07-17 23:48:27,688 __iter__: Reading lattice file `/tmp/54746758/lattices/dspm034_dsp2013_09.lat.gz´.
2020-07-17 23:48:27,713 decode: Utterance `dspm034_dsp2013_09´ -- 52 of job 5
2020-07-17 23:48:28,673 __iter__: Reading lattice file `/tmp/54746758/lattices/dspm034_dsp2013_19.lat.gz´.
2020-07-17 23:48:28,677 decode: Utterance `dspm034_dsp2013_19´ -- 53 of job 5
2020-07-17 23:48:28,822 __iter__: Reading lattice file `/tmp/54746758/lattices/dspm036_dsp2013_33.lat.gz´.
2020-07-17 23:48:29,366 decode: Utterance `dspm036_dsp2013_33´ -- 54 of job 5
2020-07-17 23:48:45,725 __iter__: Reading lattice file `/tmp/54746758/lattices/dspm036_dsp2013_44.lat.gz´.
2020-07-17 23:48:46,060 decode: Utterance `dspm036_dsp2013_44´ -- 55 of job 5
2020-07-17 23:48:57,872 __iter__: Reading lattice file `/tmp/54746758/lattices/dspm039_dsp2013_11.lat.gz´.
2020-07-17 23:48:58,422 decode: Utterance `dspm039_dsp2013_11´ -- 56 of job 5
2020-07-17 23:49:16,307 __iter__: Reading lattice file `/tmp/54746758/lattices/dspm039_dsp2013_22.lat.gz´.
2020-07-17 23:49:16,385 decode: Utterance `dspm039_dsp2013_22´ -- 57 of job 5
2020-07-17 23:49:19,098 __iter__: Reading lattice file `/tmp/54746758/lattices/dspm040_dsp2013_05.lat.gz´.
2020-07-17 23:49:19,169 decode: Utterance `dspm040_dsp2013_05´ -- 58 of job 5
2020-07-17 23:49:21,209 __iter__: Reading lattice file `/tmp/54746758/lattices/dspm040_dsp2013_15.lat.gz´.
2020-07-17 23:49:21,330 decode: Utterance `dspm040_dsp2013_15´ -- 59 of job 5
2020-07-17 23:49:25,718 __iter__: Reading lattice file `/tmp/54746758/lattices/dspm042_dsp2013_05.lat.gz´.
2020-07-17 23:49:25,761 decode: Utterance `dspm042_dsp2013_05´ -- 60 of job 5
2020-07-17 23:49:27,105 __iter__: Reading lattice file `/tmp/54746758/lattices/dspm042_dsp2013_17.lat.gz´.
2020-07-17 23:49:27,114 decode: Utterance `dspm042_dsp2013_17´ -- 61 of job 5
2020-07-17 23:49:27,592 __iter__: Reading lattice file `/tmp/54746758/lattices/dspm043_dsp2013_07.lat.gz´.
2020-07-17 23:49:27,713 decode: Utterance `dspm043_dsp2013_07´ -- 62 of job 5
2020-07-17 23:49:31,658 __iter__: Reading lattice file `/tmp/54746758/lattices/dspm043_dsp2013_21.lat.gz´.
2020-07-17 23:49:31,784 decode: Utterance `dspm043_dsp2013_21´ -- 63 of job 5
2020-07-17 23:49:36,274 __iter__: Reading lattice file `/tmp/54746758/lattices/dspm043_dsp2013_39.lat.gz´.
2020-07-17 23:49:36,328 decode: Utterance `dspm043_dsp2013_39´ -- 64 of job 5
2020-07-17 23:49:38,159 __iter__: Reading lattice file `/tmp/54746758/lattices/dspm045_dsp2013_10.lat.gz´.
2020-07-17 23:49:38,270 decode: Utterance `dspm045_dsp2013_10´ -- 65 of job 5
2020-07-17 23:49:41,418 __iter__: Reading lattice file `/tmp/54746758/lattices/dspm045_dsp2013_20.lat.gz´.
2020-07-17 23:49:42,391 decode: Utterance `dspm045_dsp2013_20´ -- 66 of job 5
2020-07-17 23:50:15,042 __iter__: Reading lattice file `/tmp/54746758/lattices/dspm047_dsp2013_10.lat.gz´.
2020-07-17 23:50:15,065 decode: Utterance `dspm047_dsp2013_10´ -- 67 of job 5
2020-07-17 23:50:15,746 __iter__: Reading lattice file `/tmp/54746758/lattices/dspm047_dsp2013_20.lat.gz´.
2020-07-17 23:50:15,770 decode: Utterance `dspm047_dsp2013_20´ -- 68 of job 5
2020-07-17 23:50:16,322 __iter__: Reading lattice file `/tmp/54746758/lattices/dspm048_dsp2013_10.lat.gz´.
2020-07-17 23:50:16,520 decode: Utterance `dspm048_dsp2013_10´ -- 69 of job 5
2020-07-17 23:50:23,415 __iter__: Reading lattice file `/tmp/54746758/lattices/dspm048_dsp2013_20.lat.gz´.
2020-07-17 23:50:23,729 decode: Utterance `dspm048_dsp2013_20´ -- 70 of job 5
2020-07-17 23:50:35,430 __iter__: Reading lattice file `/tmp/54746758/lattices/dspm049_dsp2013_09.lat.gz´.
2020-07-17 23:50:36,646 decode: Utterance `dspm049_dsp2013_09´ -- 71 of job 5
2020-07-17 23:51:12,614 __iter__: Reading lattice file `/tmp/54746758/lattices/dspm049_dsp2013_19.lat.gz´.
2020-07-17 23:51:12,704 decode: Utterance `dspm049_dsp2013_19´ -- 72 of job 5
2020-07-17 23:51:15,232 __iter__: Reading lattice file `/tmp/54746758/lattices/dspm050_dsp2013_17.lat.gz´.
2020-07-17 23:51:15,273 decode: Utterance `dspm050_dsp2013_17´ -- 73 of job 5
2020-07-17 23:51:16,465 __iter__: Reading lattice file `/tmp/54746758/lattices/dspm050_dsp2013_29.lat.gz´.
2020-07-17 23:51:16,534 decode: Utterance `dspm050_dsp2013_29´ -- 74 of job 5
2020-07-17 23:51:17,580 __iter__: Reading lattice file `/tmp/54746758/lattices/dspm052_dsp2013_07.lat.gz´.
2020-07-17 23:51:17,606 decode: Utterance `dspm052_dsp2013_07´ -- 75 of job 5
2020-07-17 23:51:18,294 __iter__: Reading lattice file `/tmp/54746758/lattices/dspm052_dsp2013_17.lat.gz´.
2020-07-17 23:51:18,320 decode: Utterance `dspm052_dsp2013_17´ -- 76 of job 5
2020-07-17 23:51:19,027 __iter__: Reading lattice file `/tmp/54746758/lattices/dspm054_dsp2013_08.lat.gz´.
2020-07-17 23:51:19,153 decode: Utterance `dspm054_dsp2013_08´ -- 77 of job 5
2020-07-17 23:51:24,077 __iter__: Reading lattice file `/tmp/54746758/lattices/dspm054_dsp2013_19.lat.gz´.
2020-07-17 23:51:24,127 decode: Utterance `dspm054_dsp2013_19´ -- 78 of job 5
2020-07-17 23:51:25,630 __iter__: Reading lattice file `/tmp/54746758/lattices/dspm055_dsp2013_06.lat.gz´.
2020-07-17 23:51:25,638 decode: Utterance `dspm055_dsp2013_06´ -- 79 of job 5
2020-07-17 23:51:25,920 __iter__: Reading lattice file `/tmp/54746758/lattices/dspm055_dsp2013_16.lat.gz´.
2020-07-17 23:51:26,032 decode: Utterance `dspm055_dsp2013_16´ -- 80 of job 5
2020-07-17 23:51:29,759 __iter__: Reading lattice file `/tmp/54746758/lattices/dspm056_dsp2013_06.lat.gz´.
2020-07-17 23:51:29,813 decode: Utterance `dspm056_dsp2013_06´ -- 81 of job 5
2020-07-17 23:51:31,356 __iter__: Reading lattice file `/tmp/54746758/lattices/dspm056_dsp2013_16.lat.gz´.
2020-07-17 23:51:31,435 decode: Utterance `dspm056_dsp2013_16´ -- 82 of job 5
2020-07-17 23:51:33,574 __iter__: Reading lattice file `/tmp/54746758/lattices/dspm057_dsp2013_06.lat.gz´.
2020-07-17 23:51:33,817 decode: Utterance `dspm057_dsp2013_06´ -- 83 of job 5
2020-07-17 23:51:41,937 __iter__: Reading lattice file `/tmp/54746758/lattices/dspm057_dsp2013_16.lat.gz´.
2020-07-17 23:51:41,941 decode: Utterance `dspm057_dsp2013_16´ -- 84 of job 5
2020-07-17 23:51:42,095 __iter__: Reading lattice file `/tmp/54746758/lattices/dspm058_dsp2013_07.lat.gz´.
2020-07-17 23:51:42,451 decode: Utterance `dspm058_dsp2013_07´ -- 85 of job 5
2020-07-17 23:51:52,587 __iter__: Reading lattice file `/tmp/54746758/lattices/dspm058_dsp2013_18.lat.gz´.
2020-07-17 23:51:52,674 decode: Utterance `dspm058_dsp2013_18´ -- 86 of job 5
2020-07-17 23:51:55,542 __iter__: Reading lattice file `/tmp/54746758/lattices/radioanne_fym20071218_14.lat.gz´.
2020-07-17 23:51:55,624 decode: Utterance `radioanne_fym20071218_14´ -- 87 of job 5
2020-07-17 23:51:57,646 __iter__: Reading lattice file `/tmp/54746758/lattices/radiojake_kbk20120915_116.lat.gz´.
2020-07-17 23:51:57,860 decode: Utterance `radiojake_kbk20120915_116´ -- 88 of job 5
2020-07-17 23:52:04,157 __iter__: Reading lattice file `/tmp/54746758/lattices/radiojake_kbk20120915_26.lat.gz´.
2020-07-17 23:52:04,167 decode: Utterance `radiojake_kbk20120915_26´ -- 89 of job 5
2020-07-17 23:52:04,481 __iter__: Reading lattice file `/tmp/54746758/lattices/radiojake_kbk20120915_54.lat.gz´.
2020-07-17 23:52:04,500 decode: Utterance `radiojake_kbk20120915_54´ -- 90 of job 5
2020-07-17 23:52:05,175 __iter__: Reading lattice file `/tmp/54746758/lattices/radiojake_kbk20120915_85.lat.gz´.
2020-07-17 23:52:05,279 decode: Utterance `radiojake_kbk20120915_85´ -- 91 of job 5
2020-07-17 23:52:08,402 __iter__: Reading lattice file `/tmp/54746758/lattices/radiokassu_kbk20120915_113.lat.gz´.
2020-07-17 23:52:08,446 decode: Utterance `radiokassu_kbk20120915_113´ -- 92 of job 5
2020-07-17 23:52:09,744 __iter__: Reading lattice file `/tmp/54746758/lattices/radiokassu_kbk20120915_69.lat.gz´.
2020-07-17 23:52:09,789 decode: Utterance `radiokassu_kbk20120915_69´ -- 93 of job 5
2020-07-17 23:52:10,931 __iter__: Reading lattice file `/tmp/54746758/lattices/radionoona_fym20071218_20.lat.gz´.
2020-07-17 23:52:10,942 decode: Utterance `radionoona_fym20071218_20´ -- 94 of job 5
2020-07-17 23:52:11,213 __iter__: Reading lattice file `/tmp/54746758/lattices/radionoona_fym20071218_4.lat.gz´.
2020-07-17 23:52:11,255 decode: Utterance `radionoona_fym20071218_4´ -- 95 of job 5
2020-07-17 23:52:12,523 __iter__: Reading lattice file `/tmp/54746758/lattices/radioshaka_kbk20120915_15.lat.gz´.
2020-07-17 23:52:13,292 decode: Utterance `radioshaka_kbk20120915_15´ -- 96 of job 5
2020-07-17 23:52:35,820 __iter__: Reading lattice file `/tmp/54746758/lattices/radioshaka_kbk20120915_33.lat.gz´.
2020-07-17 23:52:35,825 decode: Utterance `radioshaka_kbk20120915_33´ -- 97 of job 5
2020-07-17 23:52:35,995 __iter__: Reading lattice file `/tmp/54746758/lattices/radioshaka_kbk20120915_64.lat.gz´.
2020-07-17 23:52:36,844 decode: Utterance `radioshaka_kbk20120915_64´ -- 98 of job 5
2020-07-17 23:53:06,413 __iter__: Reading lattice file `/tmp/54746758/lattices/radioshaka_kbk20120915_91.lat.gz´.
2020-07-17 23:53:06,480 decode: Utterance `radioshaka_kbk20120915_91´ -- 99 of job 5
/scratch/work/groszt1/envs/theanoLM/lib/python3.7/site-packages/theano/gpuarray/dnn.py:184: UserWarning: Your cuDNN version is more recent than Theano. If you encounter problems, try updating Theano or downgrading cuDNN to a version >= v5 and <= v7.
  warnings.warn("Your cuDNN version is more recent than "
Using cuDNN version 7600 on context None
Mapped name None to device cuda0: Tesla V100-PCIE-32GB (0000:86:00.0)
/scratch/work/groszt1/envs/theanoLM/lib/python3.7/site-packages/h5py-2.9.0-py3.7-linux-x86_64.egg/h5py/_hl/dataset.py:313: H5pyDeprecationWarning: dataset.value has been deprecated. Use dataset[()] instead.
  "Use dataset[()] instead.", H5pyDeprecationWarning)
/scratch/work/groszt1/envs/theanoLM/lib/python3.7/site-packages/h5py-2.9.0-py3.7-linux-x86_64.egg/h5py/_hl/dataset.py:313: H5pyDeprecationWarning: dataset.value has been deprecated. Use dataset[()] instead.
  "Use dataset[()] instead.", H5pyDeprecationWarning)
decode_theanolm finished.
