# Running on csl6.int.triton.aalto.fi
# Started at Wed Jun 17 10:25:34 EEST 2020
# SLURMD_NODENAME=csl6
# SLURM_CHECKPOINT_IMAGE_DIR=/var/slurm/checkpoint
# SLURM_CLUSTER_NAME=triton
# SLURM_CPUS_ON_NODE=16
# SLURM_CPUS_PER_TASK=16
# SLURM_EXPORT_ENV=PATH,LIBRARY_PATH,LD_LIBRARY_PATH,CUDA_HOME,CUDA_PATH,PYTHONPATH
# SLURM_GET_USER_ENV=1
# SLURM_GTIDS=0
# SLURM_JOBID=53989422
# SLURM_JOB_ACCOUNT=elec
# SLURM_JOB_CPUS_PER_NODE=16
# SLURM_JOB_GID=1026695
# SLURM_JOB_ID=53989422
# SLURM_JOB_NAME=acc.0.8.sh
# SLURM_JOB_NODELIST=csl6
# SLURM_JOB_NUM_NODES=1
# SLURM_JOB_PARTITION=batch-csl
# SLURM_JOB_QOS=normal
# SLURM_JOB_UID=1026695
# SLURM_JOB_USER=moisioa3
# SLURM_LOCALID=0
# SLURM_MEM_PER_CPU=3072
# SLURM_NNODES=1
# SLURM_NODEID=0
# SLURM_NODELIST=csl6
# SLURM_NODE_ALIASES='(null)'
# SLURM_OPEN_MODE=a
# SLURM_PRIO_PROCESS=0
# SLURM_PROCID=0
# SLURM_SUBMIT_DIR=/scratch/work/moisioa3/conv_lm/experiments/kaldi-am/chain
# SLURM_SUBMIT_HOST=login2.triton.aalto.fi
# SLURM_TASKS_PER_NODE=1
# SLURM_TASK_PID=164621
# SLURM_TOPOLOGY_ADDR=s0-0..s1-11.csl6
# SLURM_TOPOLOGY_ADDR_PATTERN=switch.switch.switch.node
# SLURM_WORKING_CLUSTER=triton:install2.int.triton.aalto.fi:6817:8448
# ivector-extractor-sum-accs --parallel=true "ivector-extractor-acc-stats --num-threads=4 /scratch/work/moisioa3/conv_lm/experiments/kaldi-am/chain/ivectors/extractor/0.ie 'ark,s,cs:splice-feats --left-context=3 --right-context=3 scp:/scratch/work/moisioa3/conv_lm/experiments/kaldi-am/mmi/data/am-train/split40/29/feats.scp ark:- | transform-feats /scratch/work/moisioa3/conv_lm/experiments/kaldi-am/chain/ivectors/extractor/final.mat ark:- ark:- | subsample-feats --n=2 ark:- ark:- |' 'ark,s,cs:gunzip -c /scratch/work/moisioa3/conv_lm/experiments/kaldi-am/chain/ivectors/extractor/post.29.gz|' -|" "ivector-extractor-acc-stats --num-threads=4 /scratch/work/moisioa3/conv_lm/experiments/kaldi-am/chain/ivectors/extractor/0.ie 'ark,s,cs:splice-feats --left-context=3 --right-context=3 scp:/scratch/work/moisioa3/conv_lm/experiments/kaldi-am/mmi/data/am-train/split40/30/feats.scp ark:- | transform-feats /scratch/work/moisioa3/conv_lm/experiments/kaldi-am/chain/ivectors/extractor/final.mat ark:- ark:- | subsample-feats --n=2 ark:- ark:- |' 'ark,s,cs:gunzip -c /scratch/work/moisioa3/conv_lm/experiments/kaldi-am/chain/ivectors/extractor/post.30.gz|' -|" "ivector-extractor-acc-stats --num-threads=4 /scratch/work/moisioa3/conv_lm/experiments/kaldi-am/chain/ivectors/extractor/0.ie 'ark,s,cs:splice-feats --left-context=3 --right-context=3 scp:/scratch/work/moisioa3/conv_lm/experiments/kaldi-am/mmi/data/am-train/split40/31/feats.scp ark:- | transform-feats /scratch/work/moisioa3/conv_lm/experiments/kaldi-am/chain/ivectors/extractor/final.mat ark:- ark:- | subsample-feats --n=2 ark:- ark:- |' 'ark,s,cs:gunzip -c /scratch/work/moisioa3/conv_lm/experiments/kaldi-am/chain/ivectors/extractor/post.31.gz|' -|" "ivector-extractor-acc-stats --num-threads=4 /scratch/work/moisioa3/conv_lm/experiments/kaldi-am/chain/ivectors/extractor/0.ie 'ark,s,cs:splice-feats --left-context=3 --right-context=3 scp:/scratch/work/moisioa3/conv_lm/experiments/kaldi-am/mmi/data/am-train/split40/32/feats.scp ark:- | transform-feats /scratch/work/moisioa3/conv_lm/experiments/kaldi-am/chain/ivectors/extractor/final.mat ark:- ark:- | subsample-feats --n=2 ark:- ark:- |' 'ark,s,cs:gunzip -c /scratch/work/moisioa3/conv_lm/experiments/kaldi-am/chain/ivectors/extractor/post.32.gz|' -|" /scratch/work/moisioa3/conv_lm/experiments/kaldi-am/chain/ivectors/extractor/acc.0.8 
ivector-extractor-sum-accs --parallel=true "ivector-extractor-acc-stats --num-threads=4 /scratch/work/moisioa3/conv_lm/experiments/kaldi-am/chain/ivectors/extractor/0.ie 'ark,s,cs:splice-feats --left-context=3 --right-context=3 scp:/scratch/work/moisioa3/conv_lm/experiments/kaldi-am/mmi/data/am-train/split40/29/feats.scp ark:- | transform-feats /scratch/work/moisioa3/conv_lm/experiments/kaldi-am/chain/ivectors/extractor/final.mat ark:- ark:- | subsample-feats --n=2 ark:- ark:- |' 'ark,s,cs:gunzip -c /scratch/work/moisioa3/conv_lm/experiments/kaldi-am/chain/ivectors/extractor/post.29.gz|' -|" "ivector-extractor-acc-stats --num-threads=4 /scratch/work/moisioa3/conv_lm/experiments/kaldi-am/chain/ivectors/extractor/0.ie 'ark,s,cs:splice-feats --left-context=3 --right-context=3 scp:/scratch/work/moisioa3/conv_lm/experiments/kaldi-am/mmi/data/am-train/split40/30/feats.scp ark:- | transform-feats /scratch/work/moisioa3/conv_lm/experiments/kaldi-am/chain/ivectors/extractor/final.mat ark:- ark:- | subsample-feats --n=2 ark:- ark:- |' 'ark,s,cs:gunzip -c /scratch/work/moisioa3/conv_lm/experiments/kaldi-am/chain/ivectors/extractor/post.30.gz|' -|" "ivector-extractor-acc-stats --num-threads=4 /scratch/work/moisioa3/conv_lm/experiments/kaldi-am/chain/ivectors/extractor/0.ie 'ark,s,cs:splice-feats --left-context=3 --right-context=3 scp:/scratch/work/moisioa3/conv_lm/experiments/kaldi-am/mmi/data/am-train/split40/31/feats.scp ark:- | transform-feats /scratch/work/moisioa3/conv_lm/experiments/kaldi-am/chain/ivectors/extractor/final.mat ark:- ark:- | subsample-feats --n=2 ark:- ark:- |' 'ark,s,cs:gunzip -c /scratch/work/moisioa3/conv_lm/experiments/kaldi-am/chain/ivectors/extractor/post.31.gz|' -|" "ivector-extractor-acc-stats --num-threads=4 /scratch/work/moisioa3/conv_lm/experiments/kaldi-am/chain/ivectors/extractor/0.ie 'ark,s,cs:splice-feats --left-context=3 --right-context=3 scp:/scratch/work/moisioa3/conv_lm/experiments/kaldi-am/mmi/data/am-train/split40/32/feats.scp ark:- | transform-feats /scratch/work/moisioa3/conv_lm/experiments/kaldi-am/chain/ivectors/extractor/final.mat ark:- ark:- | subsample-feats --n=2 ark:- ark:- |' 'ark,s,cs:gunzip -c /scratch/work/moisioa3/conv_lm/experiments/kaldi-am/chain/ivectors/extractor/post.32.gz|' -|" /scratch/work/moisioa3/conv_lm/experiments/kaldi-am/chain/ivectors/extractor/acc.0.8 
ivector-extractor-acc-stats --num-threads=4 /scratch/work/moisioa3/conv_lm/experiments/kaldi-am/chain/ivectors/extractor/0.ie 'ark,s,cs:splice-feats --left-context=3 --right-context=3 scp:/scratch/work/moisioa3/conv_lm/experiments/kaldi-am/mmi/data/am-train/split40/30/feats.scp ark:- | transform-feats /scratch/work/moisioa3/conv_lm/experiments/kaldi-am/chain/ivectors/extractor/final.mat ark:- ark:- | subsample-feats --n=2 ark:- ark:- |' 'ark,s,cs:gunzip -c /scratch/work/moisioa3/conv_lm/experiments/kaldi-am/chain/ivectors/extractor/post.30.gz|' - 
ivector-extractor-acc-stats --num-threads=4 /scratch/work/moisioa3/conv_lm/experiments/kaldi-am/chain/ivectors/extractor/0.ie 'ark,s,cs:splice-feats --left-context=3 --right-context=3 scp:/scratch/work/moisioa3/conv_lm/experiments/kaldi-am/mmi/data/am-train/split40/32/feats.scp ark:- | transform-feats /scratch/work/moisioa3/conv_lm/experiments/kaldi-am/chain/ivectors/extractor/final.mat ark:- ark:- | subsample-feats --n=2 ark:- ark:- |' 'ark,s,cs:gunzip -c /scratch/work/moisioa3/conv_lm/experiments/kaldi-am/chain/ivectors/extractor/post.32.gz|' - 
ivector-extractor-acc-stats --num-threads=4 /scratch/work/moisioa3/conv_lm/experiments/kaldi-am/chain/ivectors/extractor/0.ie 'ark,s,cs:splice-feats --left-context=3 --right-context=3 scp:/scratch/work/moisioa3/conv_lm/experiments/kaldi-am/mmi/data/am-train/split40/29/feats.scp ark:- | transform-feats /scratch/work/moisioa3/conv_lm/experiments/kaldi-am/chain/ivectors/extractor/final.mat ark:- ark:- | subsample-feats --n=2 ark:- ark:- |' 'ark,s,cs:gunzip -c /scratch/work/moisioa3/conv_lm/experiments/kaldi-am/chain/ivectors/extractor/post.29.gz|' - 
ivector-extractor-acc-stats --num-threads=4 /scratch/work/moisioa3/conv_lm/experiments/kaldi-am/chain/ivectors/extractor/0.ie 'ark,s,cs:splice-feats --left-context=3 --right-context=3 scp:/scratch/work/moisioa3/conv_lm/experiments/kaldi-am/mmi/data/am-train/split40/31/feats.scp ark:- | transform-feats /scratch/work/moisioa3/conv_lm/experiments/kaldi-am/chain/ivectors/extractor/final.mat ark:- ark:- | subsample-feats --n=2 ark:- ark:- |' 'ark,s,cs:gunzip -c /scratch/work/moisioa3/conv_lm/experiments/kaldi-am/chain/ivectors/extractor/post.31.gz|' - 
transform-feats /scratch/work/moisioa3/conv_lm/experiments/kaldi-am/chain/ivectors/extractor/final.mat ark:- ark:- 
transform-feats /scratch/work/moisioa3/conv_lm/experiments/kaldi-am/chain/ivectors/extractor/final.mat ark:- ark:- 
transform-feats /scratch/work/moisioa3/conv_lm/experiments/kaldi-am/chain/ivectors/extractor/final.mat ark:- ark:- 
subsample-feats --n=2 ark:- ark:- 
splice-feats --left-context=3 --right-context=3 scp:/scratch/work/moisioa3/conv_lm/experiments/kaldi-am/mmi/data/am-train/split40/32/feats.scp ark:- 
subsample-feats --n=2 ark:- ark:- 
splice-feats --left-context=3 --right-context=3 scp:/scratch/work/moisioa3/conv_lm/experiments/kaldi-am/mmi/data/am-train/split40/30/feats.scp ark:- 
subsample-feats --n=2 ark:- ark:- 
transform-feats /scratch/work/moisioa3/conv_lm/experiments/kaldi-am/chain/ivectors/extractor/final.mat ark:- ark:- 
splice-feats --left-context=3 --right-context=3 scp:/scratch/work/moisioa3/conv_lm/experiments/kaldi-am/mmi/data/am-train/split40/31/feats.scp ark:- 
splice-feats --left-context=3 --right-context=3 scp:/scratch/work/moisioa3/conv_lm/experiments/kaldi-am/mmi/data/am-train/split40/29/feats.scp ark:- 
subsample-feats --n=2 ark:- ark:- 
LOG (ivector-extractor-acc-stats[5.5.433~1-7637d]:ComputeDerivedVars():ivector-extractor.cc:183) Computing derived variables for iVector extractor
LOG (ivector-extractor-acc-stats[5.5.433~1-7637d]:ComputeDerivedVars():ivector-extractor.cc:183) Computing derived variables for iVector extractor
LOG (ivector-extractor-acc-stats[5.5.433~1-7637d]:ComputeDerivedVars():ivector-extractor.cc:183) Computing derived variables for iVector extractor
LOG (ivector-extractor-acc-stats[5.5.433~1-7637d]:ComputeDerivedVars():ivector-extractor.cc:183) Computing derived variables for iVector extractor
LOG (ivector-extractor-acc-stats[5.5.433~1-7637d]:ComputeDerivedVars():ivector-extractor.cc:204) Done.
LOG (ivector-extractor-acc-stats[5.5.433~1-7637d]:ComputeDerivedVars():ivector-extractor.cc:204) Done.
LOG (ivector-extractor-acc-stats[5.5.433~1-7637d]:ComputeDerivedVars():ivector-extractor.cc:204) Done.
LOG (ivector-extractor-acc-stats[5.5.433~1-7637d]:ComputeDerivedVars():ivector-extractor.cc:204) Done.
LOG (transform-feats[5.5.433~1-7637d]:main():transform-feats.cc:158) Overall average [pseudo-]logdet is -92.858 over 183874 frames.
LOG (transform-feats[5.5.433~1-7637d]:main():transform-feats.cc:161) Applied transform to 284 utterances; 0 had errors.
LOG (subsample-feats[5.5.433~1-7637d]:main():subsample-feats.cc:115) Processed 284 feature matrices; 0 with errors.
LOG (subsample-feats[5.5.433~1-7637d]:main():subsample-feats.cc:117) Processed 183874 input frames and 91999 output frames.
LOG (transform-feats[5.5.433~1-7637d]:main():transform-feats.cc:158) Overall average [pseudo-]logdet is -92.858 over 269617 frames.
LOG (transform-feats[5.5.433~1-7637d]:main():transform-feats.cc:161) Applied transform to 266 utterances; 0 had errors.
LOG (subsample-feats[5.5.433~1-7637d]:main():subsample-feats.cc:115) Processed 266 feature matrices; 0 with errors.
LOG (subsample-feats[5.5.433~1-7637d]:main():subsample-feats.cc:117) Processed 269617 input frames and 134878 output frames.
LOG (ivector-extractor-acc-stats[5.5.433~1-7637d]:main():ivector-extractor-acc-stats.cc:151) Done 284 files, 0 with errors.  Total frames 91999
LOG (transform-feats[5.5.433~1-7637d]:main():transform-feats.cc:158) Overall average [pseudo-]logdet is -92.858 over 176636 frames.
LOG (transform-feats[5.5.433~1-7637d]:main():transform-feats.cc:161) Applied transform to 296 utterances; 0 had errors.
LOG (subsample-feats[5.5.433~1-7637d]:main():subsample-feats.cc:115) Processed 296 feature matrices; 0 with errors.
LOG (subsample-feats[5.5.433~1-7637d]:main():subsample-feats.cc:117) Processed 176636 input frames and 88394 output frames.
LOG (ivector-extractor-acc-stats[5.5.433~1-7637d]:main():ivector-extractor-acc-stats.cc:151) Done 266 files, 0 with errors.  Total frames 134878
LOG (ivector-extractor-acc-stats[5.5.433~1-7637d]:main():ivector-extractor-acc-stats.cc:159) Wrote stats to -
LOG (ivector-extractor-acc-stats[5.5.433~1-7637d]:main():ivector-extractor-acc-stats.cc:159) Wrote stats to -
LOG (transform-feats[5.5.433~1-7637d]:main():transform-feats.cc:158) Overall average [pseudo-]logdet is -92.858 over 253280 frames.
LOG (transform-feats[5.5.433~1-7637d]:main():transform-feats.cc:161) Applied transform to 289 utterances; 0 had errors.
LOG (subsample-feats[5.5.433~1-7637d]:main():subsample-feats.cc:115) Processed 289 feature matrices; 0 with errors.
LOG (subsample-feats[5.5.433~1-7637d]:main():subsample-feats.cc:117) Processed 253280 input frames and 126707 output frames.
LOG (ivector-extractor-acc-stats[5.5.433~1-7637d]:main():ivector-extractor-acc-stats.cc:151) Done 289 files, 0 with errors.  Total frames 126707
LOG (ivector-extractor-acc-stats[5.5.433~1-7637d]:main():ivector-extractor-acc-stats.cc:159) Wrote stats to -
LOG (ivector-extractor-acc-stats[5.5.433~1-7637d]:main():ivector-extractor-acc-stats.cc:151) Done 296 files, 0 with errors.  Total frames 88394
LOG (ivector-extractor-acc-stats[5.5.433~1-7637d]:main():ivector-extractor-acc-stats.cc:159) Wrote stats to -
LOG (ivector-extractor-sum-accs[5.5.433~1-7637d]:main():ivector-extractor-sum-accs.cc:83) Wrote summed stats to /scratch/work/moisioa3/conv_lm/experiments/kaldi-am/chain/ivectors/extractor/acc.0.8
# Accounting: begin_time=1592378734
# Accounting: end_time=1592378741
# Accounting: time=7 threads=1
# Finished at Wed Jun 17 10:25:41 EEST 2020 with status 0
