# Running on skl41.int.triton.aalto.fi
# Started at Wed Jun 17 10:24:22 EEST 2020
# SLURMD_NODENAME=skl41
# SLURM_CHECKPOINT_IMAGE_DIR=/var/slurm/checkpoint
# SLURM_CLUSTER_NAME=triton
# SLURM_CPUS_ON_NODE=1
# SLURM_EXPORT_ENV=PATH,LIBRARY_PATH,LD_LIBRARY_PATH,CUDA_HOME,CUDA_PATH,PYTHONPATH
# SLURM_GET_USER_ENV=1
# SLURM_GTIDS=0
# SLURM_JOBID=53989368
# SLURM_JOB_ACCOUNT=elec
# SLURM_JOB_CPUS_PER_NODE=1
# SLURM_JOB_GID=1026695
# SLURM_JOB_ID=53989368
# SLURM_JOB_NAME=init.sh
# SLURM_JOB_NODELIST=skl41
# SLURM_JOB_NUM_NODES=1
# SLURM_JOB_PARTITION=batch-skl
# SLURM_JOB_QOS=normal
# SLURM_JOB_UID=1026695
# SLURM_JOB_USER=moisioa3
# SLURM_LOCALID=0
# SLURM_MEM_PER_CPU=3072
# SLURM_NNODES=1
# SLURM_NODEID=0
# SLURM_NODELIST=skl41
# SLURM_NODE_ALIASES='(null)'
# SLURM_OPEN_MODE=a
# SLURM_PRIO_PROCESS=0
# SLURM_PROCID=0
# SLURM_SUBMIT_DIR=/scratch/work/moisioa3/conv_lm/experiments/kaldi-am/chain
# SLURM_SUBMIT_HOST=login2.triton.aalto.fi
# SLURM_TASKS_PER_NODE=1
# SLURM_TASK_PID=79446
# SLURM_TOPOLOGY_ADDR=s0-0..s1-6.skl41
# SLURM_TOPOLOGY_ADDR_PATTERN=switch.switch.switch.node
# SLURM_WORKING_CLUSTER=triton:install2.int.triton.aalto.fi:6817:8448
# ivector-extractor-init --ivector-dim=100 --use-weights=false "gmm-global-to-fgmm /scratch/work/moisioa3/conv_lm/experiments/kaldi-am/chain/ivectors/extractor/final.dubm -|" /scratch/work/moisioa3/conv_lm/experiments/kaldi-am/chain/ivectors/extractor/0.ie 
ivector-extractor-init --ivector-dim=100 --use-weights=false 'gmm-global-to-fgmm /scratch/work/moisioa3/conv_lm/experiments/kaldi-am/chain/ivectors/extractor/final.dubm -|' /scratch/work/moisioa3/conv_lm/experiments/kaldi-am/chain/ivectors/extractor/0.ie 
gmm-global-to-fgmm /scratch/work/moisioa3/conv_lm/experiments/kaldi-am/chain/ivectors/extractor/final.dubm - 
LOG (gmm-global-to-fgmm[5.5.433~1-7637d]:main():gmm-global-to-fgmm.cc:58) Written full GMM to -
LOG (ivector-extractor-init[5.5.433~1-7637d]:ComputeDerivedVars():ivector-extractor.cc:183) Computing derived variables for iVector extractor
LOG (ivector-extractor-init[5.5.433~1-7637d]:ComputeDerivedVars():ivector-extractor.cc:204) Done.
LOG (ivector-extractor-init[5.5.433~1-7637d]:main():ivector-extractor-init.cc:62) Initialized iVector extractor with iVector dimension 100 and wrote it to /scratch/work/moisioa3/conv_lm/experiments/kaldi-am/chain/ivectors/extractor/0.ie
# Accounting: begin_time=1592378662
# Accounting: end_time=1592378663
# Accounting: time=1 threads=1
# Finished at Wed Jun 17 10:24:23 EEST 2020 with status 0
