EXPT_NAME theanolm-100k
EXPT_PARAMS expt10-seed3
EXPT_WORK_DIR /scratch/work/moisioa3/conv_lm/experiments/theanolm-100k/expt10-seed3
Experiment: theanolm-100k/expt10-seed3
Job ID: 54744671
Task ID: 17
Host: gpu7.int.triton.aalto.fi
Start date: Fri Jul 17 16:59:49 EEST 2020
Work directory: /scratch/work/moisioa3/conv_lm/experiments/theanolm-100k/expt10-seed3
Temporary directory: /tmp/54744671

Currently Loaded Modules:
  1) speech-scripts/2016.05.24-b928230   6) binutils/2.25-GCCcore-5.4.0
  2) srilm/default                       7) GCC/5.4.0-2.25
  3) cuda/10.0.130                       8) libgpuarray/2017.03.29-45c731f
  4) cudnn/7.4.2-cuda                    9) anaconda3/latest
  5) GCCcore/5.4.0

 

/tmp/54744671/lattices
floatX=float32,device=cuda0,base_compiledir=/tmp/theano,exception_verbosity=high,openmp=False
INFO (theano.gof.compilelock): Waiting for existing lock by unknown process (I am process '218808')
INFO (theano.gof.compilelock): To manually release the lock, delete /tmp/theano/compiledir_Linux-3.10-el7.x86_64-x86_64-with-centos-7.8.2003-Core-x86_64-3.7.3-64/lock_dir
INFO (theano.gof.compilelock): Waiting for existing lock by unknown process (I am process '218808')
INFO (theano.gof.compilelock): To manually release the lock, delete /tmp/theano/compiledir_Linux-3.10-el7.x86_64-x86_64-with-centos-7.8.2003-Core-x86_64-3.7.3-64/lock_dir
/scratch/work/groszt1/envs/theanoLM/lib/python3.7/site-packages/theano/gpuarray/dnn.py:184: UserWarning: Your cuDNN version is more recent than Theano. If you encounter problems, try updating Theano or downgrading cuDNN to a version >= v5 and <= v7.
  warnings.warn("Your cuDNN version is more recent than "
Using cuDNN version 7600 on context None
Mapped name None to device cuda0: Tesla V100-PCIE-32GB (0000:3B:00.0)
TheanoLM 1.3.2
Theano 1.0.4
pygpu 0.7.6
==
+ srun --gres=gpu:1 theanolm decode /scratch/work/moisioa3/conv_lm/experiments/theanolm-100k/expt10-seed3/nnlm.h5 --lattice-list /tmp/54744671/lattices/lattice-list --output-file /scratch/work/moisioa3/conv_lm/experiments/theanolm-100k/expt10-seed3/decode/devel/lambda=0.5-lms=12/7.trn --output trn --nnlm-weight 0.5 --lm-scale 12 --max-tokens-per-node 62 --beam 650 --recombination-order 22 --num-jobs 10 --job 7 --shortlist --unk-penalty=-20
2020-07-17 17:00:25,739 get_default_device: Context None device="Tesla V100-PCIE-32GB" ID="0000:3B:00.0"
2020-07-17 17:00:25,740 from_file: Reading vocabulary from network state.
2020-07-17 17:00:28,519 from_file: Number of words in vocabulary: 2427252
2020-07-17 17:00:28,520 from_file: Number of words in shortlist: 100003
2020-07-17 17:00:28,520 from_file: Number of word classes: 100003
2020-07-17 17:00:28,520 from_file: Building neural network.
2020-07-17 17:01:12,274 from_file: Restoring neural network state.
2020-07-17 17:01:13,000 decode: Building word lattice decoder.
2020-07-17 17:01:22,566 __iter__: Reading lattice file `/tmp/54744671/lattices/dspf004_dsp2013_09.lat.gz´.
2020-07-17 17:01:22,954 decode: Utterance `dspf004_dsp2013_09´ -- 1 of job 7
2020-07-17 17:01:35,049 __iter__: Reading lattice file `/tmp/54744671/lattices/dspf004_dsp2013_19.lat.gz´.
2020-07-17 17:01:35,888 decode: Utterance `dspf004_dsp2013_19´ -- 2 of job 7
2020-07-17 17:02:19,113 __iter__: Reading lattice file `/tmp/54744671/lattices/dspf007_dsp2013_08.lat.gz´.
2020-07-17 17:02:20,122 decode: Utterance `dspf007_dsp2013_08´ -- 3 of job 7
2020-07-17 17:03:06,459 __iter__: Reading lattice file `/tmp/54744671/lattices/dspf007_dsp2013_18.lat.gz´.
2020-07-17 17:03:06,639 decode: Utterance `dspf007_dsp2013_18´ -- 4 of job 7
2020-07-17 17:03:14,605 __iter__: Reading lattice file `/tmp/54744671/lattices/dspm001_dsp2013_08.lat.gz´.
2020-07-17 17:03:15,471 decode: Utterance `dspm001_dsp2013_08´ -- 5 of job 7
2020-07-17 17:03:51,845 __iter__: Reading lattice file `/tmp/54744671/lattices/dspm001_dsp2013_18.lat.gz´.
2020-07-17 17:03:51,917 decode: Utterance `dspm001_dsp2013_18´ -- 6 of job 7
2020-07-17 17:03:54,157 __iter__: Reading lattice file `/tmp/54744671/lattices/dspm004_dsp2013_08.lat.gz´.
2020-07-17 17:03:54,670 decode: Utterance `dspm004_dsp2013_08´ -- 7 of job 7
2020-07-17 17:04:18,636 __iter__: Reading lattice file `/tmp/54744671/lattices/dspm004_dsp2013_18.lat.gz´.
2020-07-17 17:04:18,886 decode: Utterance `dspm004_dsp2013_18´ -- 8 of job 7
2020-07-17 17:04:27,730 __iter__: Reading lattice file `/tmp/54744671/lattices/dspm005_dsp2013_08.lat.gz´.
2020-07-17 17:04:27,733 decode: Utterance `dspm005_dsp2013_08´ -- 9 of job 7
2020-07-17 17:04:27,870 __iter__: Reading lattice file `/tmp/54744671/lattices/dspm005_dsp2013_18.lat.gz´.
2020-07-17 17:04:28,164 decode: Utterance `dspm005_dsp2013_18´ -- 10 of job 7
2020-07-17 17:04:37,785 __iter__: Reading lattice file `/tmp/54744671/lattices/dspm006_dsp2013_08.lat.gz´.
2020-07-17 17:04:37,805 decode: Utterance `dspm006_dsp2013_08´ -- 11 of job 7
2020-07-17 17:04:38,480 __iter__: Reading lattice file `/tmp/54744671/lattices/dspm006_dsp2013_21.lat.gz´.
2020-07-17 17:04:38,580 decode: Utterance `dspm006_dsp2013_21´ -- 12 of job 7
2020-07-17 17:04:42,128 __iter__: Reading lattice file `/tmp/54744671/lattices/dspm007_dsp2013_07.lat.gz´.
2020-07-17 17:04:42,495 decode: Utterance `dspm007_dsp2013_07´ -- 13 of job 7
2020-07-17 17:04:54,472 __iter__: Reading lattice file `/tmp/54744671/lattices/dspm007_dsp2013_19.lat.gz´.
2020-07-17 17:04:54,568 decode: Utterance `dspm007_dsp2013_19´ -- 14 of job 7
2020-07-17 17:04:57,599 __iter__: Reading lattice file `/tmp/54744671/lattices/dspm007_dsp2013_29.lat.gz´.
2020-07-17 17:04:57,660 decode: Utterance `dspm007_dsp2013_29´ -- 15 of job 7
2020-07-17 17:05:00,114 __iter__: Reading lattice file `/tmp/54744671/lattices/dspm010_dsp2013_10.lat.gz´.
2020-07-17 17:05:01,761 decode: Utterance `dspm010_dsp2013_10´ -- 16 of job 7
2020-07-17 17:06:30,410 __iter__: Reading lattice file `/tmp/54744671/lattices/dspm010_dsp2013_26.lat.gz´.
2020-07-17 17:06:30,619 decode: Utterance `dspm010_dsp2013_26´ -- 17 of job 7
2020-07-17 17:06:37,505 __iter__: Reading lattice file `/tmp/54744671/lattices/dspm011_dsp2013_10.lat.gz´.
2020-07-17 17:06:37,508 decode: Utterance `dspm011_dsp2013_10´ -- 18 of job 7
2020-07-17 17:06:37,628 __iter__: Reading lattice file `/tmp/54744671/lattices/dspm011_dsp2013_20.lat.gz´.
2020-07-17 17:06:37,641 decode: Utterance `dspm011_dsp2013_20´ -- 19 of job 7
2020-07-17 17:06:38,054 __iter__: Reading lattice file `/tmp/54744671/lattices/dspm014_dsp2013_08.lat.gz´.
2020-07-17 17:06:38,225 decode: Utterance `dspm014_dsp2013_08´ -- 20 of job 7
2020-07-17 17:06:45,179 __iter__: Reading lattice file `/tmp/54744671/lattices/dspm014_dsp2013_27.lat.gz´.
2020-07-17 17:06:45,226 decode: Utterance `dspm014_dsp2013_27´ -- 21 of job 7
2020-07-17 17:06:46,069 __iter__: Reading lattice file `/tmp/54744671/lattices/dspm015_dsp2013_04.lat.gz´.
2020-07-17 17:06:46,600 decode: Utterance `dspm015_dsp2013_04´ -- 22 of job 7
2020-07-17 17:07:04,690 __iter__: Reading lattice file `/tmp/54744671/lattices/dspm015_dsp2013_14.lat.gz´.
2020-07-17 17:07:04,752 decode: Utterance `dspm015_dsp2013_14´ -- 23 of job 7
2020-07-17 17:07:06,709 __iter__: Reading lattice file `/tmp/54744671/lattices/dspm017_dsp2013_12.lat.gz´.
2020-07-17 17:07:07,833 decode: Utterance `dspm017_dsp2013_12´ -- 24 of job 7
2020-07-17 17:07:43,504 __iter__: Reading lattice file `/tmp/54744671/lattices/dspm017_dsp2013_49.lat.gz´.
2020-07-17 17:07:43,551 decode: Utterance `dspm017_dsp2013_49´ -- 25 of job 7
2020-07-17 17:07:45,187 __iter__: Reading lattice file `/tmp/54744671/lattices/dspm017_dsp2013_83.lat.gz´.
2020-07-17 17:07:45,232 decode: Utterance `dspm017_dsp2013_83´ -- 26 of job 7
2020-07-17 17:07:47,651 __iter__: Reading lattice file `/tmp/54744671/lattices/dspm018_dsp2013_10.lat.gz´.
2020-07-17 17:07:47,741 decode: Utterance `dspm018_dsp2013_10´ -- 27 of job 7
2020-07-17 17:07:50,798 __iter__: Reading lattice file `/tmp/54744671/lattices/dspm018_dsp2013_20.lat.gz´.
2020-07-17 17:07:50,947 decode: Utterance `dspm018_dsp2013_20´ -- 28 of job 7
2020-07-17 17:07:56,882 __iter__: Reading lattice file `/tmp/54744671/lattices/dspm019_dsp2013_08.lat.gz´.
2020-07-17 17:07:56,893 decode: Utterance `dspm019_dsp2013_08´ -- 29 of job 7
2020-07-17 17:07:57,162 __iter__: Reading lattice file `/tmp/54744671/lattices/dspm019_dsp2013_19.lat.gz´.
2020-07-17 17:07:57,314 decode: Utterance `dspm019_dsp2013_19´ -- 30 of job 7
2020-07-17 17:08:03,005 __iter__: Reading lattice file `/tmp/54744671/lattices/dspm021_dsp2013_09.lat.gz´.
2020-07-17 17:08:03,029 decode: Utterance `dspm021_dsp2013_09´ -- 31 of job 7
2020-07-17 17:08:03,889 __iter__: Reading lattice file `/tmp/54744671/lattices/dspm021_dsp2013_19.lat.gz´.
2020-07-17 17:08:04,125 decode: Utterance `dspm021_dsp2013_19´ -- 32 of job 7
2020-07-17 17:08:17,359 __iter__: Reading lattice file `/tmp/54744671/lattices/dspm022_dsp2013_05.lat.gz´.
2020-07-17 17:08:17,408 decode: Utterance `dspm022_dsp2013_05´ -- 33 of job 7
2020-07-17 17:08:19,165 __iter__: Reading lattice file `/tmp/54744671/lattices/dspm022_dsp2013_15.lat.gz´.
2020-07-17 17:08:19,194 decode: Utterance `dspm022_dsp2013_15´ -- 34 of job 7
2020-07-17 17:08:20,535 __iter__: Reading lattice file `/tmp/54744671/lattices/dspm022_dsp2013_25.lat.gz´.
2020-07-17 17:08:20,672 decode: Utterance `dspm022_dsp2013_25´ -- 35 of job 7
2020-07-17 17:08:28,612 __iter__: Reading lattice file `/tmp/54744671/lattices/dspm022_dsp2013_35.lat.gz´.
2020-07-17 17:08:28,984 decode: Utterance `dspm022_dsp2013_35´ -- 36 of job 7
2020-07-17 17:08:44,391 __iter__: Reading lattice file `/tmp/54744671/lattices/dspm024_dsp2013_11.lat.gz´.
2020-07-17 17:08:45,190 decode: Utterance `dspm024_dsp2013_11´ -- 37 of job 7
2020-07-17 17:09:32,507 __iter__: Reading lattice file `/tmp/54744671/lattices/dspm025_dsp2013_01.lat.gz´.
2020-07-17 17:09:32,641 decode: Utterance `dspm025_dsp2013_01´ -- 38 of job 7
2020-07-17 17:09:37,929 __iter__: Reading lattice file `/tmp/54744671/lattices/dspm025_dsp2013_18.lat.gz´.
2020-07-17 17:09:39,000 decode: Utterance `dspm025_dsp2013_18´ -- 39 of job 7
2020-07-17 17:10:26,455 __iter__: Reading lattice file `/tmp/54744671/lattices/dspm025_dsp2013_30.lat.gz´.
2020-07-17 17:10:26,460 decode: Utterance `dspm025_dsp2013_30´ -- 40 of job 7
2020-07-17 17:10:26,648 __iter__: Reading lattice file `/tmp/54744671/lattices/dspm026_dsp2013_10.lat.gz´.
2020-07-17 17:10:26,843 decode: Utterance `dspm026_dsp2013_10´ -- 41 of job 7
2020-07-17 17:10:36,713 __iter__: Reading lattice file `/tmp/54744671/lattices/dspm026_dsp2013_20.lat.gz´.
2020-07-17 17:10:36,741 decode: Utterance `dspm026_dsp2013_20´ -- 42 of job 7
2020-07-17 17:10:37,620 __iter__: Reading lattice file `/tmp/54744671/lattices/dspm028_dsp2013_10.lat.gz´.
2020-07-17 17:10:38,013 decode: Utterance `dspm028_dsp2013_10´ -- 43 of job 7
2020-07-17 17:10:50,100 __iter__: Reading lattice file `/tmp/54744671/lattices/dspm028_dsp2013_20.lat.gz´.
2020-07-17 17:10:50,124 decode: Utterance `dspm028_dsp2013_20´ -- 44 of job 7
2020-07-17 17:10:50,893 __iter__: Reading lattice file `/tmp/54744671/lattices/dspm031_dsp2013_10.lat.gz´.
2020-07-17 17:10:50,945 decode: Utterance `dspm031_dsp2013_10´ -- 45 of job 7
2020-07-17 17:10:52,549 __iter__: Reading lattice file `/tmp/54744671/lattices/dspm031_dsp2013_20.lat.gz´.
2020-07-17 17:10:52,553 decode: Utterance `dspm031_dsp2013_20´ -- 46 of job 7
2020-07-17 17:10:52,698 __iter__: Reading lattice file `/tmp/54744671/lattices/dspm032_dsp2013_05.lat.gz´.
2020-07-17 17:10:53,063 decode: Utterance `dspm032_dsp2013_05´ -- 47 of job 7
2020-07-17 17:11:09,219 __iter__: Reading lattice file `/tmp/54744671/lattices/dspm032_dsp2013_15.lat.gz´.
2020-07-17 17:11:09,232 decode: Utterance `dspm032_dsp2013_15´ -- 48 of job 7
2020-07-17 17:11:09,663 __iter__: Reading lattice file `/tmp/54744671/lattices/dspm033_dsp2013_01.lat.gz´.
2020-07-17 17:11:09,686 decode: Utterance `dspm033_dsp2013_01´ -- 49 of job 7
2020-07-17 17:11:10,704 __iter__: Reading lattice file `/tmp/54744671/lattices/dspm033_dsp2013_30.lat.gz´.
2020-07-17 17:11:11,356 decode: Utterance `dspm033_dsp2013_30´ -- 50 of job 7
2020-07-17 17:11:51,211 __iter__: Reading lattice file `/tmp/54744671/lattices/dspm034_dsp2013_01.lat.gz´.
2020-07-17 17:11:51,452 decode: Utterance `dspm034_dsp2013_01´ -- 51 of job 7
2020-07-17 17:11:58,234 __iter__: Reading lattice file `/tmp/54744671/lattices/dspm034_dsp2013_11.lat.gz´.
2020-07-17 17:11:58,411 decode: Utterance `dspm034_dsp2013_11´ -- 52 of job 7
2020-07-17 17:12:07,363 __iter__: Reading lattice file `/tmp/54744671/lattices/dspm036_dsp2013_01.lat.gz´.
2020-07-17 17:12:07,666 decode: Utterance `dspm036_dsp2013_01´ -- 53 of job 7
2020-07-17 17:12:21,700 __iter__: Reading lattice file `/tmp/54744671/lattices/dspm036_dsp2013_35.lat.gz´.
2020-07-17 17:12:22,643 decode: Utterance `dspm036_dsp2013_35´ -- 54 of job 7
2020-07-17 17:13:08,681 __iter__: Reading lattice file `/tmp/54744671/lattices/dspm039_dsp2013_02.lat.gz´.
2020-07-17 17:13:08,770 decode: Utterance `dspm039_dsp2013_02´ -- 55 of job 7
2020-07-17 17:13:13,933 __iter__: Reading lattice file `/tmp/54744671/lattices/dspm039_dsp2013_13.lat.gz´.
2020-07-17 17:13:14,049 decode: Utterance `dspm039_dsp2013_13´ -- 56 of job 7
2020-07-17 17:13:21,513 __iter__: Reading lattice file `/tmp/54744671/lattices/dspm039_dsp2013_24.lat.gz´.
2020-07-17 17:13:21,576 decode: Utterance `dspm039_dsp2013_24´ -- 57 of job 7
2020-07-17 17:13:23,462 __iter__: Reading lattice file `/tmp/54744671/lattices/dspm040_dsp2013_07.lat.gz´.
2020-07-17 17:13:23,589 decode: Utterance `dspm040_dsp2013_07´ -- 58 of job 7
2020-07-17 17:13:32,134 __iter__: Reading lattice file `/tmp/54744671/lattices/dspm040_dsp2013_17.lat.gz´.
2020-07-17 17:13:32,213 decode: Utterance `dspm040_dsp2013_17´ -- 59 of job 7
2020-07-17 17:13:36,020 __iter__: Reading lattice file `/tmp/54744671/lattices/dspm042_dsp2013_08.lat.gz´.
2020-07-17 17:13:36,043 decode: Utterance `dspm042_dsp2013_08´ -- 60 of job 7
2020-07-17 17:13:36,740 __iter__: Reading lattice file `/tmp/54744671/lattices/dspm042_dsp2013_19.lat.gz´.
2020-07-17 17:13:36,896 decode: Utterance `dspm042_dsp2013_19´ -- 61 of job 7
2020-07-17 17:13:42,279 __iter__: Reading lattice file `/tmp/54744671/lattices/dspm043_dsp2013_09.lat.gz´.
2020-07-17 17:13:42,287 decode: Utterance `dspm043_dsp2013_09´ -- 62 of job 7
2020-07-17 17:13:42,500 __iter__: Reading lattice file `/tmp/54744671/lattices/dspm043_dsp2013_23.lat.gz´.
2020-07-17 17:13:42,524 decode: Utterance `dspm043_dsp2013_23´ -- 63 of job 7
2020-07-17 17:13:43,397 __iter__: Reading lattice file `/tmp/54744671/lattices/dspm045_dsp2013_02.lat.gz´.
2020-07-17 17:13:43,482 decode: Utterance `dspm045_dsp2013_02´ -- 64 of job 7
2020-07-17 17:13:46,880 __iter__: Reading lattice file `/tmp/54744671/lattices/dspm045_dsp2013_12.lat.gz´.
2020-07-17 17:13:47,205 decode: Utterance `dspm045_dsp2013_12´ -- 65 of job 7
2020-07-17 17:13:58,369 __iter__: Reading lattice file `/tmp/54744671/lattices/dspm047_dsp2013_02.lat.gz´.
2020-07-17 17:13:58,392 decode: Utterance `dspm047_dsp2013_02´ -- 66 of job 7
2020-07-17 17:13:59,089 __iter__: Reading lattice file `/tmp/54744671/lattices/dspm047_dsp2013_12.lat.gz´.
2020-07-17 17:14:00,431 decode: Utterance `dspm047_dsp2013_12´ -- 67 of job 7
2020-07-17 17:14:44,324 __iter__: Reading lattice file `/tmp/54744671/lattices/dspm048_dsp2013_02.lat.gz´.
2020-07-17 17:14:44,329 decode: Utterance `dspm048_dsp2013_02´ -- 68 of job 7
2020-07-17 17:14:44,533 __iter__: Reading lattice file `/tmp/54744671/lattices/dspm048_dsp2013_12.lat.gz´.
2020-07-17 17:14:44,575 decode: Utterance `dspm048_dsp2013_12´ -- 69 of job 7
2020-07-17 17:14:46,122 __iter__: Reading lattice file `/tmp/54744671/lattices/dspm049_dsp2013_01.lat.gz´.
2020-07-17 17:14:46,314 decode: Utterance `dspm049_dsp2013_01´ -- 70 of job 7
2020-07-17 17:14:55,815 __iter__: Reading lattice file `/tmp/54744671/lattices/dspm049_dsp2013_11.lat.gz´.
2020-07-17 17:14:57,563 decode: Utterance `dspm049_dsp2013_11´ -- 71 of job 7
2020-07-17 17:15:58,137 __iter__: Reading lattice file `/tmp/54744671/lattices/dspm050_dsp2013_02.lat.gz´.
2020-07-17 17:15:58,231 decode: Utterance `dspm050_dsp2013_02´ -- 72 of job 7
2020-07-17 17:16:02,812 __iter__: Reading lattice file `/tmp/54744671/lattices/dspm050_dsp2013_19.lat.gz´.
2020-07-17 17:16:03,142 decode: Utterance `dspm050_dsp2013_19´ -- 73 of job 7
2020-07-17 17:16:17,499 __iter__: Reading lattice file `/tmp/54744671/lattices/dspm050_dsp2013_31.lat.gz´.
2020-07-17 17:16:17,895 decode: Utterance `dspm050_dsp2013_31´ -- 74 of job 7
2020-07-17 17:16:30,994 __iter__: Reading lattice file `/tmp/54744671/lattices/dspm052_dsp2013_09.lat.gz´.
2020-07-17 17:16:31,233 decode: Utterance `dspm052_dsp2013_09´ -- 75 of job 7
2020-07-17 17:16:41,102 __iter__: Reading lattice file `/tmp/54744671/lattices/dspm052_dsp2013_19.lat.gz´.
2020-07-17 17:16:41,896 decode: Utterance `dspm052_dsp2013_19´ -- 76 of job 7
2020-07-17 17:17:23,579 __iter__: Reading lattice file `/tmp/54744671/lattices/dspm054_dsp2013_10.lat.gz´.
2020-07-17 17:17:24,344 decode: Utterance `dspm054_dsp2013_10´ -- 77 of job 7
2020-07-17 17:17:53,513 __iter__: Reading lattice file `/tmp/54744671/lattices/dspm054_dsp2013_21.lat.gz´.
2020-07-17 17:17:53,897 decode: Utterance `dspm054_dsp2013_21´ -- 78 of job 7
2020-07-17 17:18:06,522 __iter__: Reading lattice file `/tmp/54744671/lattices/dspm055_dsp2013_08.lat.gz´.
2020-07-17 17:18:06,549 decode: Utterance `dspm055_dsp2013_08´ -- 79 of job 7
2020-07-17 17:18:07,354 __iter__: Reading lattice file `/tmp/54744671/lattices/dspm055_dsp2013_18.lat.gz´.
2020-07-17 17:18:07,520 decode: Utterance `dspm055_dsp2013_18´ -- 80 of job 7
2020-07-17 17:18:16,014 __iter__: Reading lattice file `/tmp/54744671/lattices/dspm056_dsp2013_08.lat.gz´.
2020-07-17 17:18:16,063 decode: Utterance `dspm056_dsp2013_08´ -- 81 of job 7
2020-07-17 17:18:17,409 __iter__: Reading lattice file `/tmp/54744671/lattices/dspm056_dsp2013_18.lat.gz´.
2020-07-17 17:18:17,472 decode: Utterance `dspm056_dsp2013_18´ -- 82 of job 7
2020-07-17 17:18:19,643 __iter__: Reading lattice file `/tmp/54744671/lattices/dspm057_dsp2013_08.lat.gz´.
2020-07-17 17:18:26,416 decode: Utterance `dspm057_dsp2013_08´ -- 83 of job 7
2020-07-17 17:23:10,616 __iter__: Reading lattice file `/tmp/54744671/lattices/dspm057_dsp2013_18.lat.gz´.
2020-07-17 17:23:10,730 decode: Utterance `dspm057_dsp2013_18´ -- 84 of job 7
2020-07-17 17:23:13,338 __iter__: Reading lattice file `/tmp/54744671/lattices/dspm058_dsp2013_09.lat.gz´.
2020-07-17 17:23:13,502 decode: Utterance `dspm058_dsp2013_09´ -- 85 of job 7
2020-07-17 17:23:19,669 __iter__: Reading lattice file `/tmp/54744671/lattices/dspm058_dsp2013_20.lat.gz´.
2020-07-17 17:23:20,651 decode: Utterance `dspm058_dsp2013_20´ -- 86 of job 7
2020-07-17 17:24:01,200 __iter__: Reading lattice file `/tmp/54744671/lattices/radioanne_fym20071218_23.lat.gz´.
2020-07-17 17:24:01,209 decode: Utterance `radioanne_fym20071218_23´ -- 87 of job 7
2020-07-17 17:24:01,375 __iter__: Reading lattice file `/tmp/54744671/lattices/radiojake_kbk20120915_118.lat.gz´.
2020-07-17 17:24:01,443 decode: Utterance `radiojake_kbk20120915_118´ -- 88 of job 7
2020-07-17 17:24:03,542 __iter__: Reading lattice file `/tmp/54744671/lattices/radiojake_kbk20120915_31.lat.gz´.
2020-07-17 17:24:03,746 decode: Utterance `radiojake_kbk20120915_31´ -- 89 of job 7
2020-07-17 17:24:11,494 __iter__: Reading lattice file `/tmp/54744671/lattices/radiojake_kbk20120915_56.lat.gz´.
2020-07-17 17:24:11,500 decode: Utterance `radiojake_kbk20120915_56´ -- 90 of job 7
2020-07-17 17:24:11,663 __iter__: Reading lattice file `/tmp/54744671/lattices/radiojake_kbk20120915_87.lat.gz´.
2020-07-17 17:24:11,710 decode: Utterance `radiojake_kbk20120915_87´ -- 91 of job 7
2020-07-17 17:24:13,895 __iter__: Reading lattice file `/tmp/54744671/lattices/radiokassu_kbk20120915_45.lat.gz´.
2020-07-17 17:24:14,016 decode: Utterance `radiokassu_kbk20120915_45´ -- 92 of job 7
2020-07-17 17:24:17,641 __iter__: Reading lattice file `/tmp/54744671/lattices/radiokassu_kbk20120915_70.lat.gz´.
2020-07-17 17:24:18,875 decode: Utterance `radiokassu_kbk20120915_70´ -- 93 of job 7
2020-07-17 17:25:10,300 __iter__: Reading lattice file `/tmp/54744671/lattices/radionoona_fym20071218_22.lat.gz´.
2020-07-17 17:25:10,322 decode: Utterance `radionoona_fym20071218_22´ -- 94 of job 7
2020-07-17 17:25:11,095 __iter__: Reading lattice file `/tmp/54744671/lattices/radionoona_fym20071218_9.lat.gz´.
2020-07-17 17:25:11,129 decode: Utterance `radionoona_fym20071218_9´ -- 95 of job 7
2020-07-17 17:25:12,082 __iter__: Reading lattice file `/tmp/54744671/lattices/radioshaka_kbk20120915_18.lat.gz´.
2020-07-17 17:25:12,156 decode: Utterance `radioshaka_kbk20120915_18´ -- 96 of job 7
2020-07-17 17:25:14,792 __iter__: Reading lattice file `/tmp/54744671/lattices/radioshaka_kbk20120915_38.lat.gz´.
2020-07-17 17:25:14,798 decode: Utterance `radioshaka_kbk20120915_38´ -- 97 of job 7
2020-07-17 17:25:15,010 __iter__: Reading lattice file `/tmp/54744671/lattices/radioshaka_kbk20120915_73.lat.gz´.
2020-07-17 17:25:16,674 decode: Utterance `radioshaka_kbk20120915_73´ -- 98 of job 7
2020-07-17 17:26:22,244 __iter__: Reading lattice file `/tmp/54744671/lattices/radioshaka_kbk20120915_98.lat.gz´.
2020-07-17 17:26:22,608 decode: Utterance `radioshaka_kbk20120915_98´ -- 99 of job 7
/scratch/work/groszt1/envs/theanoLM/lib/python3.7/site-packages/theano/gpuarray/dnn.py:184: UserWarning: Your cuDNN version is more recent than Theano. If you encounter problems, try updating Theano or downgrading cuDNN to a version >= v5 and <= v7.
  warnings.warn("Your cuDNN version is more recent than "
Using cuDNN version 7600 on context None
Mapped name None to device cuda0: Tesla V100-PCIE-32GB (0000:3B:00.0)
/scratch/work/groszt1/envs/theanoLM/lib/python3.7/site-packages/h5py-2.9.0-py3.7-linux-x86_64.egg/h5py/_hl/dataset.py:313: H5pyDeprecationWarning: dataset.value has been deprecated. Use dataset[()] instead.
  "Use dataset[()] instead.", H5pyDeprecationWarning)
/scratch/work/groszt1/envs/theanoLM/lib/python3.7/site-packages/h5py-2.9.0-py3.7-linux-x86_64.egg/h5py/_hl/dataset.py:313: H5pyDeprecationWarning: dataset.value has been deprecated. Use dataset[()] instead.
  "Use dataset[()] instead.", H5pyDeprecationWarning)
decode_theanolm finished.
