EXPT_NAME theanolm-100k
EXPT_PARAMS expt10-seed3
EXPT_WORK_DIR /scratch/work/moisioa3/conv_lm/experiments/theanolm-100k/expt10-seed3
Experiment: theanolm-100k/expt10-seed3
Job ID: 54745203
Task ID: 63
Host: gpu21.int.triton.aalto.fi
Start date: Fri Jul 17 17:59:22 EEST 2020
Work directory: /scratch/work/moisioa3/conv_lm/experiments/theanolm-100k/expt10-seed3
Temporary directory: /tmp/54745203

Currently Loaded Modules:
  1) speech-scripts/2016.05.24-b928230   6) binutils/2.25-GCCcore-5.4.0
  2) srilm/default                       7) GCC/5.4.0-2.25
  3) cuda/10.0.130                       8) libgpuarray/2017.03.29-45c731f
  4) cudnn/7.4.2-cuda                    9) anaconda3/latest
  5) GCCcore/5.4.0

 

/tmp/54745203/lattices
floatX=float32,device=cuda0,base_compiledir=/tmp/theano,exception_verbosity=high,openmp=False
/scratch/work/groszt1/envs/theanoLM/lib/python3.7/site-packages/theano/gpuarray/dnn.py:184: UserWarning: Your cuDNN version is more recent than Theano. If you encounter problems, try updating Theano or downgrading cuDNN to a version >= v5 and <= v7.
  warnings.warn("Your cuDNN version is more recent than "
Using cuDNN version 7600 on context None
Mapped name None to device cuda0: Tesla K80 (0000:88:00.0)
TheanoLM 1.3.2
Theano 1.0.4
pygpu 0.7.6
==
+ srun --gres=gpu:1 theanolm decode /scratch/work/moisioa3/conv_lm/experiments/theanolm-100k/expt10-seed3/nnlm.h5 --lattice-list /tmp/54745203/lattices/lattice-list --output-file /scratch/work/moisioa3/conv_lm/experiments/theanolm-100k/expt10-seed3/decode/devel/lambda=1.0-lms=13/3.trn --output trn --nnlm-weight 1.0 --lm-scale 13 --max-tokens-per-node 62 --beam 650 --recombination-order 22 --num-jobs 10 --job 3 --shortlist --unk-penalty=-20
2020-07-17 17:59:33,705 get_default_device: Context None device="Tesla K80" ID="0000:88:00.0"
2020-07-17 17:59:33,706 from_file: Reading vocabulary from network state.
2020-07-17 17:59:37,157 from_file: Number of words in vocabulary: 2427252
2020-07-17 17:59:37,157 from_file: Number of words in shortlist: 100003
2020-07-17 17:59:37,157 from_file: Number of word classes: 100003
2020-07-17 17:59:37,157 from_file: Building neural network.
2020-07-17 18:00:31,883 from_file: Restoring neural network state.
2020-07-17 18:00:32,694 decode: Building word lattice decoder.
2020-07-17 18:00:38,254 __iter__: Reading lattice file `/tmp/54745203/lattices/dspf004_dsp2013_05.lat.gz´.
2020-07-17 18:00:38,343 decode: Utterance `dspf004_dsp2013_05´ -- 1 of job 3
2020-07-17 18:00:46,606 __iter__: Reading lattice file `/tmp/54745203/lattices/dspf004_dsp2013_15.lat.gz´.
2020-07-17 18:00:47,292 decode: Utterance `dspf004_dsp2013_15´ -- 2 of job 3
2020-07-17 18:01:53,818 __iter__: Reading lattice file `/tmp/54745203/lattices/dspf007_dsp2013_04.lat.gz´.
2020-07-17 18:01:54,238 decode: Utterance `dspf007_dsp2013_04´ -- 3 of job 3
2020-07-17 18:02:31,230 __iter__: Reading lattice file `/tmp/54745203/lattices/dspf007_dsp2013_14.lat.gz´.
2020-07-17 18:02:31,453 decode: Utterance `dspf007_dsp2013_14´ -- 4 of job 3
2020-07-17 18:02:56,857 __iter__: Reading lattice file `/tmp/54745203/lattices/dspm001_dsp2013_04.lat.gz´.
2020-07-17 18:02:57,008 decode: Utterance `dspm001_dsp2013_04´ -- 5 of job 3
2020-07-17 18:03:11,200 __iter__: Reading lattice file `/tmp/54745203/lattices/dspm001_dsp2013_14.lat.gz´.
2020-07-17 18:03:11,300 decode: Utterance `dspm001_dsp2013_14´ -- 6 of job 3
2020-07-17 18:03:17,354 __iter__: Reading lattice file `/tmp/54745203/lattices/dspm004_dsp2013_04.lat.gz´.
2020-07-17 18:03:18,017 decode: Utterance `dspm004_dsp2013_04´ -- 7 of job 3
2020-07-17 18:04:19,611 __iter__: Reading lattice file `/tmp/54745203/lattices/dspm004_dsp2013_14.lat.gz´.
2020-07-17 18:04:19,802 decode: Utterance `dspm004_dsp2013_14´ -- 8 of job 3
2020-07-17 18:04:37,127 __iter__: Reading lattice file `/tmp/54745203/lattices/dspm005_dsp2013_04.lat.gz´.
2020-07-17 18:04:37,162 decode: Utterance `dspm005_dsp2013_04´ -- 9 of job 3
2020-07-17 18:04:39,664 __iter__: Reading lattice file `/tmp/54745203/lattices/dspm005_dsp2013_14.lat.gz´.
2020-07-17 18:04:39,943 decode: Utterance `dspm005_dsp2013_14´ -- 10 of job 3
2020-07-17 18:05:02,887 __iter__: Reading lattice file `/tmp/54745203/lattices/dspm006_dsp2013_04.lat.gz´.
2020-07-17 18:05:02,935 decode: Utterance `dspm006_dsp2013_04´ -- 11 of job 3
2020-07-17 18:05:05,985 __iter__: Reading lattice file `/tmp/54745203/lattices/dspm006_dsp2013_16.lat.gz´.
2020-07-17 18:05:06,023 decode: Utterance `dspm006_dsp2013_16´ -- 12 of job 3
2020-07-17 18:05:10,248 __iter__: Reading lattice file `/tmp/54745203/lattices/dspm007_dsp2013_01.lat.gz´.
2020-07-17 18:05:10,619 decode: Utterance `dspm007_dsp2013_01´ -- 13 of job 3
2020-07-17 18:05:43,444 __iter__: Reading lattice file `/tmp/54745203/lattices/dspm007_dsp2013_15.lat.gz´.
2020-07-17 18:05:44,042 decode: Utterance `dspm007_dsp2013_15´ -- 14 of job 3
2020-07-17 18:06:42,199 __iter__: Reading lattice file `/tmp/54745203/lattices/dspm007_dsp2013_25.lat.gz´.
2020-07-17 18:06:42,544 decode: Utterance `dspm007_dsp2013_25´ -- 15 of job 3
2020-07-17 18:07:09,697 __iter__: Reading lattice file `/tmp/54745203/lattices/dspm010_dsp2013_06.lat.gz´.
2020-07-17 18:07:09,798 decode: Utterance `dspm010_dsp2013_06´ -- 16 of job 3
2020-07-17 18:07:17,932 __iter__: Reading lattice file `/tmp/54745203/lattices/dspm010_dsp2013_19.lat.gz´.
2020-07-17 18:07:19,498 decode: Utterance `dspm010_dsp2013_19´ -- 17 of job 3
2020-07-17 18:09:36,270 __iter__: Reading lattice file `/tmp/54745203/lattices/dspm011_dsp2013_06.lat.gz´.
2020-07-17 18:09:38,431 decode: Utterance `dspm011_dsp2013_06´ -- 18 of job 3
2020-07-17 18:12:22,110 __iter__: Reading lattice file `/tmp/54745203/lattices/dspm011_dsp2013_16.lat.gz´.
2020-07-17 18:12:22,181 decode: Utterance `dspm011_dsp2013_16´ -- 19 of job 3
2020-07-17 18:12:26,269 __iter__: Reading lattice file `/tmp/54745203/lattices/dspm011_dsp2013_26.lat.gz´.
2020-07-17 18:12:26,900 decode: Utterance `dspm011_dsp2013_26´ -- 20 of job 3
2020-07-17 18:13:24,710 __iter__: Reading lattice file `/tmp/54745203/lattices/dspm014_dsp2013_23.lat.gz´.
2020-07-17 18:13:24,743 decode: Utterance `dspm014_dsp2013_23´ -- 21 of job 3
2020-07-17 18:13:27,172 __iter__: Reading lattice file `/tmp/54745203/lattices/dspm014_dsp2013_33.lat.gz´.
2020-07-17 18:13:27,243 decode: Utterance `dspm014_dsp2013_33´ -- 22 of job 3
2020-07-17 18:13:35,276 __iter__: Reading lattice file `/tmp/54745203/lattices/dspm015_dsp2013_10.lat.gz´.
2020-07-17 18:13:35,529 decode: Utterance `dspm015_dsp2013_10´ -- 23 of job 3
2020-07-17 18:13:53,923 __iter__: Reading lattice file `/tmp/54745203/lattices/dspm015_dsp2013_20.lat.gz´.
2020-07-17 18:13:53,950 decode: Utterance `dspm015_dsp2013_20´ -- 24 of job 3
2020-07-17 18:14:01,675 __iter__: Reading lattice file `/tmp/54745203/lattices/dspm017_dsp2013_32.lat.gz´.
2020-07-17 18:14:01,758 decode: Utterance `dspm017_dsp2013_32´ -- 25 of job 3
2020-07-17 18:14:02,905 __iter__: Reading lattice file `/tmp/54745203/lattices/dspm017_dsp2013_73.lat.gz´.
2020-07-17 18:14:04,686 decode: Utterance `dspm017_dsp2013_73´ -- 26 of job 3
2020-07-17 18:17:04,653 __iter__: Reading lattice file `/tmp/54745203/lattices/dspm018_dsp2013_06.lat.gz´.
2020-07-17 18:17:04,798 decode: Utterance `dspm018_dsp2013_06´ -- 27 of job 3
2020-07-17 18:17:16,034 __iter__: Reading lattice file `/tmp/54745203/lattices/dspm018_dsp2013_16.lat.gz´.
2020-07-17 18:17:16,047 decode: Utterance `dspm018_dsp2013_16´ -- 28 of job 3
2020-07-17 18:17:16,910 __iter__: Reading lattice file `/tmp/54745203/lattices/dspm019_dsp2013_04.lat.gz´.
2020-07-17 18:17:16,915 decode: Utterance `dspm019_dsp2013_04´ -- 29 of job 3
2020-07-17 18:17:17,291 __iter__: Reading lattice file `/tmp/54745203/lattices/dspm019_dsp2013_14.lat.gz´.
2020-07-17 18:17:17,529 decode: Utterance `dspm019_dsp2013_14´ -- 30 of job 3
2020-07-17 18:17:36,713 __iter__: Reading lattice file `/tmp/54745203/lattices/dspm021_dsp2013_04.lat.gz´.
2020-07-17 18:17:36,787 decode: Utterance `dspm021_dsp2013_04´ -- 31 of job 3
2020-07-17 18:17:45,352 __iter__: Reading lattice file `/tmp/54745203/lattices/dspm021_dsp2013_15.lat.gz´.
2020-07-17 18:17:45,448 decode: Utterance `dspm021_dsp2013_15´ -- 32 of job 3
2020-07-17 18:17:54,144 __iter__: Reading lattice file `/tmp/54745203/lattices/dspm022_dsp2013_01.lat.gz´.
2020-07-17 18:17:54,215 decode: Utterance `dspm022_dsp2013_01´ -- 33 of job 3
2020-07-17 18:17:59,658 __iter__: Reading lattice file `/tmp/54745203/lattices/dspm022_dsp2013_11.lat.gz´.
2020-07-17 18:17:59,718 decode: Utterance `dspm022_dsp2013_11´ -- 34 of job 3
2020-07-17 18:18:04,551 __iter__: Reading lattice file `/tmp/54745203/lattices/dspm022_dsp2013_21.lat.gz´.
2020-07-17 18:18:04,609 decode: Utterance `dspm022_dsp2013_21´ -- 35 of job 3
2020-07-17 18:18:10,258 __iter__: Reading lattice file `/tmp/54745203/lattices/dspm022_dsp2013_31.lat.gz´.
2020-07-17 18:18:10,439 decode: Utterance `dspm022_dsp2013_31´ -- 36 of job 3
2020-07-17 18:18:25,284 __iter__: Reading lattice file `/tmp/54745203/lattices/dspm024_dsp2013_07.lat.gz´.
2020-07-17 18:18:25,682 decode: Utterance `dspm024_dsp2013_07´ -- 37 of job 3
2020-07-17 18:18:59,554 __iter__: Reading lattice file `/tmp/54745203/lattices/dspm024_dsp2013_18.lat.gz´.
2020-07-17 18:18:59,690 decode: Utterance `dspm024_dsp2013_18´ -- 38 of job 3
2020-07-17 18:19:12,392 __iter__: Reading lattice file `/tmp/54745203/lattices/dspm025_dsp2013_13.lat.gz´.
2020-07-17 18:19:12,465 decode: Utterance `dspm025_dsp2013_13´ -- 39 of job 3
2020-07-17 18:19:18,151 __iter__: Reading lattice file `/tmp/54745203/lattices/dspm025_dsp2013_26.lat.gz´.
2020-07-17 18:19:19,951 decode: Utterance `dspm025_dsp2013_26´ -- 40 of job 3
2020-07-17 18:21:45,461 __iter__: Reading lattice file `/tmp/54745203/lattices/dspm026_dsp2013_06.lat.gz´.
2020-07-17 18:21:45,771 decode: Utterance `dspm026_dsp2013_06´ -- 41 of job 3
2020-07-17 18:22:10,741 __iter__: Reading lattice file `/tmp/54745203/lattices/dspm026_dsp2013_16.lat.gz´.
2020-07-17 18:22:10,816 decode: Utterance `dspm026_dsp2013_16´ -- 42 of job 3
2020-07-17 18:22:17,448 __iter__: Reading lattice file `/tmp/54745203/lattices/dspm028_dsp2013_06.lat.gz´.
2020-07-17 18:22:17,833 decode: Utterance `dspm028_dsp2013_06´ -- 43 of job 3
2020-07-17 18:22:47,378 __iter__: Reading lattice file `/tmp/54745203/lattices/dspm028_dsp2013_16.lat.gz´.
2020-07-17 18:22:47,469 decode: Utterance `dspm028_dsp2013_16´ -- 44 of job 3
2020-07-17 18:22:55,086 __iter__: Reading lattice file `/tmp/54745203/lattices/dspm031_dsp2013_06.lat.gz´.
2020-07-17 18:22:55,236 decode: Utterance `dspm031_dsp2013_06´ -- 45 of job 3
2020-07-17 18:23:06,263 __iter__: Reading lattice file `/tmp/54745203/lattices/dspm031_dsp2013_16.lat.gz´.
2020-07-17 18:23:06,406 decode: Utterance `dspm031_dsp2013_16´ -- 46 of job 3
2020-07-17 18:23:19,632 __iter__: Reading lattice file `/tmp/54745203/lattices/dspm032_dsp2013_01.lat.gz´.
2020-07-17 18:23:20,179 decode: Utterance `dspm032_dsp2013_01´ -- 47 of job 3
2020-07-17 18:24:17,703 __iter__: Reading lattice file `/tmp/54745203/lattices/dspm032_dsp2013_11.lat.gz´.
2020-07-17 18:24:17,838 decode: Utterance `dspm032_dsp2013_11´ -- 48 of job 3
2020-07-17 18:24:31,169 __iter__: Reading lattice file `/tmp/54745203/lattices/dspm032_dsp2013_21.lat.gz´.
2020-07-17 18:24:31,285 decode: Utterance `dspm032_dsp2013_21´ -- 49 of job 3
2020-07-17 18:24:42,794 __iter__: Reading lattice file `/tmp/54745203/lattices/dspm033_dsp2013_19.lat.gz´.
2020-07-17 18:24:43,924 decode: Utterance `dspm033_dsp2013_19´ -- 50 of job 3
2020-07-17 18:26:25,601 __iter__: Reading lattice file `/tmp/54745203/lattices/dspm033_dsp2013_45.lat.gz´.
2020-07-17 18:26:25,937 decode: Utterance `dspm033_dsp2013_45´ -- 51 of job 3
2020-07-17 18:26:56,406 __iter__: Reading lattice file `/tmp/54745203/lattices/dspm034_dsp2013_07.lat.gz´.
2020-07-17 18:26:56,515 decode: Utterance `dspm034_dsp2013_07´ -- 52 of job 3
2020-07-17 18:27:04,568 __iter__: Reading lattice file `/tmp/54745203/lattices/dspm034_dsp2013_17.lat.gz´.
2020-07-17 18:27:04,609 decode: Utterance `dspm034_dsp2013_17´ -- 53 of job 3
2020-07-17 18:27:07,570 __iter__: Reading lattice file `/tmp/54745203/lattices/dspm036_dsp2013_31.lat.gz´.
2020-07-17 18:27:07,659 decode: Utterance `dspm036_dsp2013_31´ -- 54 of job 3
2020-07-17 18:27:15,454 __iter__: Reading lattice file `/tmp/54745203/lattices/dspm036_dsp2013_42.lat.gz´.
2020-07-17 18:27:15,872 decode: Utterance `dspm036_dsp2013_42´ -- 55 of job 3
2020-07-17 18:27:56,869 __iter__: Reading lattice file `/tmp/54745203/lattices/dspm039_dsp2013_09.lat.gz´.
2020-07-17 18:27:56,906 decode: Utterance `dspm039_dsp2013_09´ -- 56 of job 3
2020-07-17 18:27:59,950 __iter__: Reading lattice file `/tmp/54745203/lattices/dspm039_dsp2013_20.lat.gz´.
2020-07-17 18:28:00,133 decode: Utterance `dspm039_dsp2013_20´ -- 57 of job 3
2020-07-17 18:28:16,573 __iter__: Reading lattice file `/tmp/54745203/lattices/dspm040_dsp2013_03.lat.gz´.
2020-07-17 18:28:16,648 decode: Utterance `dspm040_dsp2013_03´ -- 58 of job 3
2020-07-17 18:28:21,459 __iter__: Reading lattice file `/tmp/54745203/lattices/dspm040_dsp2013_13.lat.gz´.
2020-07-17 18:28:21,475 decode: Utterance `dspm040_dsp2013_13´ -- 59 of job 3
2020-07-17 18:28:22,102 __iter__: Reading lattice file `/tmp/54745203/lattices/dspm042_dsp2013_03.lat.gz´.
2020-07-17 18:28:22,131 decode: Utterance `dspm042_dsp2013_03´ -- 60 of job 3
2020-07-17 18:28:24,671 __iter__: Reading lattice file `/tmp/54745203/lattices/dspm042_dsp2013_15.lat.gz´.
2020-07-17 18:28:24,881 decode: Utterance `dspm042_dsp2013_15´ -- 61 of job 3
2020-07-17 18:28:43,327 __iter__: Reading lattice file `/tmp/54745203/lattices/dspm043_dsp2013_05.lat.gz´.
2020-07-17 18:28:43,346 decode: Utterance `dspm043_dsp2013_05´ -- 62 of job 3
2020-07-17 18:28:44,763 __iter__: Reading lattice file `/tmp/54745203/lattices/dspm043_dsp2013_18.lat.gz´.
2020-07-17 18:28:44,817 decode: Utterance `dspm043_dsp2013_18´ -- 63 of job 3
2020-07-17 18:28:49,283 __iter__: Reading lattice file `/tmp/54745203/lattices/dspm043_dsp2013_34.lat.gz´.
2020-07-17 18:28:49,357 decode: Utterance `dspm043_dsp2013_34´ -- 64 of job 3
2020-07-17 18:28:55,406 __iter__: Reading lattice file `/tmp/54745203/lattices/dspm045_dsp2013_08.lat.gz´.
2020-07-17 18:28:55,457 decode: Utterance `dspm045_dsp2013_08´ -- 65 of job 3
2020-07-17 18:29:00,536 __iter__: Reading lattice file `/tmp/54745203/lattices/dspm045_dsp2013_18.lat.gz´.
2020-07-17 18:29:00,672 decode: Utterance `dspm045_dsp2013_18´ -- 66 of job 3
2020-07-17 18:29:10,926 __iter__: Reading lattice file `/tmp/54745203/lattices/dspm047_dsp2013_08.lat.gz´.
2020-07-17 18:29:11,292 decode: Utterance `dspm047_dsp2013_08´ -- 67 of job 3
2020-07-17 18:29:47,714 __iter__: Reading lattice file `/tmp/54745203/lattices/dspm047_dsp2013_18.lat.gz´.
2020-07-17 18:29:47,800 decode: Utterance `dspm047_dsp2013_18´ -- 68 of job 3
2020-07-17 18:29:54,680 __iter__: Reading lattice file `/tmp/54745203/lattices/dspm048_dsp2013_08.lat.gz´.
2020-07-17 18:29:55,948 decode: Utterance `dspm048_dsp2013_08´ -- 69 of job 3
2020-07-17 18:31:57,788 __iter__: Reading lattice file `/tmp/54745203/lattices/dspm048_dsp2013_18.lat.gz´.
2020-07-17 18:31:58,206 decode: Utterance `dspm048_dsp2013_18´ -- 70 of job 3
2020-07-17 18:32:19,969 __iter__: Reading lattice file `/tmp/54745203/lattices/dspm049_dsp2013_07.lat.gz´.
2020-07-17 18:32:22,816 decode: Utterance `dspm049_dsp2013_07´ -- 71 of job 3
2020-07-17 18:35:51,731 __iter__: Reading lattice file `/tmp/54745203/lattices/dspm049_dsp2013_17.lat.gz´.
2020-07-17 18:35:52,100 decode: Utterance `dspm049_dsp2013_17´ -- 72 of job 3
2020-07-17 18:36:31,370 __iter__: Reading lattice file `/tmp/54745203/lattices/dspm050_dsp2013_14.lat.gz´.
2020-07-17 18:36:31,391 decode: Utterance `dspm050_dsp2013_14´ -- 73 of job 3
2020-07-17 18:36:32,433 __iter__: Reading lattice file `/tmp/54745203/lattices/dspm050_dsp2013_27.lat.gz´.
2020-07-17 18:36:32,590 decode: Utterance `dspm050_dsp2013_27´ -- 74 of job 3
2020-07-17 18:36:53,920 __iter__: Reading lattice file `/tmp/54745203/lattices/dspm052_dsp2013_05.lat.gz´.
2020-07-17 18:36:55,522 decode: Utterance `dspm052_dsp2013_05´ -- 75 of job 3
2020-07-17 18:39:42,592 __iter__: Reading lattice file `/tmp/54745203/lattices/dspm052_dsp2013_15.lat.gz´.
2020-07-17 18:39:42,929 decode: Utterance `dspm052_dsp2013_15´ -- 76 of job 3
2020-07-17 18:40:09,929 __iter__: Reading lattice file `/tmp/54745203/lattices/dspm054_dsp2013_06.lat.gz´.
2020-07-17 18:40:10,033 decode: Utterance `dspm054_dsp2013_06´ -- 77 of job 3
2020-07-17 18:40:19,413 __iter__: Reading lattice file `/tmp/54745203/lattices/dspm054_dsp2013_17.lat.gz´.
2020-07-17 18:40:20,038 decode: Utterance `dspm054_dsp2013_17´ -- 78 of job 3
2020-07-17 18:41:18,515 __iter__: Reading lattice file `/tmp/54745203/lattices/dspm055_dsp2013_04.lat.gz´.
2020-07-17 18:41:18,525 decode: Utterance `dspm055_dsp2013_04´ -- 79 of job 3
2020-07-17 18:41:19,197 __iter__: Reading lattice file `/tmp/54745203/lattices/dspm055_dsp2013_14.lat.gz´.
2020-07-17 18:41:19,234 decode: Utterance `dspm055_dsp2013_14´ -- 80 of job 3
2020-07-17 18:41:23,569 __iter__: Reading lattice file `/tmp/54745203/lattices/dspm056_dsp2013_04.lat.gz´.
2020-07-17 18:41:23,597 decode: Utterance `dspm056_dsp2013_04´ -- 81 of job 3
2020-07-17 18:41:25,817 __iter__: Reading lattice file `/tmp/54745203/lattices/dspm056_dsp2013_14.lat.gz´.
2020-07-17 18:41:26,034 decode: Utterance `dspm056_dsp2013_14´ -- 82 of job 3
2020-07-17 18:41:45,177 __iter__: Reading lattice file `/tmp/54745203/lattices/dspm057_dsp2013_04.lat.gz´.
2020-07-17 18:41:45,223 decode: Utterance `dspm057_dsp2013_04´ -- 83 of job 3
2020-07-17 18:41:48,030 __iter__: Reading lattice file `/tmp/54745203/lattices/dspm057_dsp2013_14.lat.gz´.
2020-07-17 18:41:48,504 decode: Utterance `dspm057_dsp2013_14´ -- 84 of job 3
2020-07-17 18:42:24,442 __iter__: Reading lattice file `/tmp/54745203/lattices/dspm058_dsp2013_05.lat.gz´.
2020-07-17 18:42:24,940 decode: Utterance `dspm058_dsp2013_05´ -- 85 of job 3
2020-07-17 18:43:10,751 __iter__: Reading lattice file `/tmp/54745203/lattices/dspm058_dsp2013_16.lat.gz´.
2020-07-17 18:43:11,359 decode: Utterance `dspm058_dsp2013_16´ -- 86 of job 3
2020-07-17 18:43:58,109 __iter__: Reading lattice file `/tmp/54745203/lattices/radioanne_fym20071218_10.lat.gz´.
2020-07-17 18:43:58,143 decode: Utterance `radioanne_fym20071218_10´ -- 87 of job 3
2020-07-17 18:43:59,907 __iter__: Reading lattice file `/tmp/54745203/lattices/radiojake_kbk20120915_108.lat.gz´.
2020-07-17 18:44:00,453 decode: Utterance `radiojake_kbk20120915_108´ -- 88 of job 3
2020-07-17 18:44:52,861 __iter__: Reading lattice file `/tmp/54745203/lattices/radiojake_kbk20120915_24.lat.gz´.
2020-07-17 18:44:52,870 decode: Utterance `radiojake_kbk20120915_24´ -- 89 of job 3
2020-07-17 18:44:53,402 __iter__: Reading lattice file `/tmp/54745203/lattices/radiojake_kbk20120915_50.lat.gz´.
2020-07-17 18:44:53,409 decode: Utterance `radiojake_kbk20120915_50´ -- 90 of job 3
2020-07-17 18:44:53,674 __iter__: Reading lattice file `/tmp/54745203/lattices/radiojake_kbk20120915_79.lat.gz´.
2020-07-17 18:44:54,072 decode: Utterance `radiojake_kbk20120915_79´ -- 91 of job 3
2020-07-17 18:45:50,464 __iter__: Reading lattice file `/tmp/54745203/lattices/radiokassu_kbk20120915_111.lat.gz´.
2020-07-17 18:45:51,370 decode: Utterance `radiokassu_kbk20120915_111´ -- 92 of job 3
2020-07-17 18:47:10,984 __iter__: Reading lattice file `/tmp/54745203/lattices/radiokassu_kbk20120915_5.lat.gz´.
2020-07-17 18:47:11,052 decode: Utterance `radiokassu_kbk20120915_5´ -- 93 of job 3
2020-07-17 18:47:16,054 __iter__: Reading lattice file `/tmp/54745203/lattices/radionoona_fym20071218_15.lat.gz´.
2020-07-17 18:47:16,073 decode: Utterance `radionoona_fym20071218_15´ -- 94 of job 3
2020-07-17 18:47:17,945 __iter__: Reading lattice file `/tmp/54745203/lattices/radionoona_fym20071218_33.lat.gz´.
2020-07-17 18:47:17,973 decode: Utterance `radionoona_fym20071218_33´ -- 95 of job 3
2020-07-17 18:47:20,283 __iter__: Reading lattice file `/tmp/54745203/lattices/radioshaka_kbk20120915_110.lat.gz´.
2020-07-17 18:47:20,428 decode: Utterance `radioshaka_kbk20120915_110´ -- 96 of job 3
2020-07-17 18:47:27,659 __iter__: Reading lattice file `/tmp/54745203/lattices/radioshaka_kbk20120915_30.lat.gz´.
2020-07-17 18:47:28,433 decode: Utterance `radioshaka_kbk20120915_30´ -- 97 of job 3
2020-07-17 18:48:37,697 __iter__: Reading lattice file `/tmp/54745203/lattices/radioshaka_kbk20120915_61.lat.gz´.
2020-07-17 18:48:38,518 decode: Utterance `radioshaka_kbk20120915_61´ -- 98 of job 3
2020-07-17 18:49:31,055 __iter__: Reading lattice file `/tmp/54745203/lattices/radioshaka_kbk20120915_89.lat.gz´.
2020-07-17 18:49:31,590 decode: Utterance `radioshaka_kbk20120915_89´ -- 99 of job 3
/scratch/work/groszt1/envs/theanoLM/lib/python3.7/site-packages/theano/gpuarray/dnn.py:184: UserWarning: Your cuDNN version is more recent than Theano. If you encounter problems, try updating Theano or downgrading cuDNN to a version >= v5 and <= v7.
  warnings.warn("Your cuDNN version is more recent than "
Using cuDNN version 7600 on context None
Mapped name None to device cuda0: Tesla K80 (0000:88:00.0)
/scratch/work/groszt1/envs/theanoLM/lib/python3.7/site-packages/h5py-2.9.0-py3.7-linux-x86_64.egg/h5py/_hl/dataset.py:313: H5pyDeprecationWarning: dataset.value has been deprecated. Use dataset[()] instead.
  "Use dataset[()] instead.", H5pyDeprecationWarning)
/scratch/work/groszt1/envs/theanoLM/lib/python3.7/site-packages/h5py-2.9.0-py3.7-linux-x86_64.egg/h5py/_hl/dataset.py:313: H5pyDeprecationWarning: dataset.value has been deprecated. Use dataset[()] instead.
  "Use dataset[()] instead.", H5pyDeprecationWarning)
decode_theanolm finished.
