EXPT_NAME theanolm-100k
EXPT_PARAMS expt10-seed3
EXPT_WORK_DIR /scratch/work/moisioa3/conv_lm/experiments/theanolm-100k/expt10-seed3
Experiment: theanolm-100k/expt10-seed3
Job ID: 54744922
Task ID: 50
Host: gpu35.int.triton.aalto.fi
Start date: Fri Jul 17 17:47:18 EEST 2020
Work directory: /scratch/work/moisioa3/conv_lm/experiments/theanolm-100k/expt10-seed3
Temporary directory: /tmp/54744922

Currently Loaded Modules:
  1) speech-scripts/2016.05.24-b928230   6) binutils/2.25-GCCcore-5.4.0
  2) srilm/default                       7) GCC/5.4.0-2.25
  3) cuda/10.0.130                       8) libgpuarray/2017.03.29-45c731f
  4) cudnn/7.4.2-cuda                    9) anaconda3/latest
  5) GCCcore/5.4.0

 

/tmp/54744922/lattices
floatX=float32,device=cuda0,base_compiledir=/tmp/theano,exception_verbosity=high,openmp=False
/scratch/work/groszt1/envs/theanoLM/lib/python3.7/site-packages/theano/gpuarray/dnn.py:184: UserWarning: Your cuDNN version is more recent than Theano. If you encounter problems, try updating Theano or downgrading cuDNN to a version >= v5 and <= v7.
  warnings.warn("Your cuDNN version is more recent than "
Using cuDNN version 7600 on context None
Mapped name None to device cuda0: Tesla V100-PCIE-32GB (0000:3B:00.0)
TheanoLM 1.3.2
Theano 1.0.4
pygpu 0.7.6
==
+ srun --gres=gpu:1 theanolm decode /scratch/work/moisioa3/conv_lm/experiments/theanolm-100k/expt10-seed3/nnlm.h5 --lattice-list /tmp/54744922/lattices/lattice-list --output-file /scratch/work/moisioa3/conv_lm/experiments/theanolm-100k/expt10-seed3/decode/devel/lambda=1.0-lms=12/0.trn --output trn --nnlm-weight 1.0 --lm-scale 12 --max-tokens-per-node 62 --beam 650 --recombination-order 22 --num-jobs 10 --job 0 --shortlist --unk-penalty=-20
2020-07-17 17:47:29,349 get_default_device: Context None device="Tesla V100-PCIE-32GB" ID="0000:3B:00.0"
2020-07-17 17:47:29,350 from_file: Reading vocabulary from network state.
2020-07-17 17:47:31,904 from_file: Number of words in vocabulary: 2427252
2020-07-17 17:47:31,904 from_file: Number of words in shortlist: 100003
2020-07-17 17:47:31,904 from_file: Number of word classes: 100003
2020-07-17 17:47:31,904 from_file: Building neural network.
2020-07-17 17:48:06,305 from_file: Restoring neural network state.
2020-07-17 17:48:07,044 decode: Building word lattice decoder.
2020-07-17 17:48:11,157 __iter__: Reading lattice file `/tmp/54744922/lattices/dspf004_dsp2013_01.lat.gz´.
2020-07-17 17:48:11,618 decode: Utterance `dspf004_dsp2013_01´ -- 1 of job 0
2020-07-17 17:48:26,571 __iter__: Reading lattice file `/tmp/54744922/lattices/dspf004_dsp2013_12.lat.gz´.
2020-07-17 17:48:27,334 decode: Utterance `dspf004_dsp2013_12´ -- 2 of job 0
2020-07-17 17:49:03,152 __iter__: Reading lattice file `/tmp/54744922/lattices/dspf007_dsp2013_01.lat.gz´.
2020-07-17 17:49:04,714 decode: Utterance `dspf007_dsp2013_01´ -- 3 of job 0
2020-07-17 17:49:56,720 __iter__: Reading lattice file `/tmp/54744922/lattices/dspf007_dsp2013_11.lat.gz´.
2020-07-17 17:49:57,518 decode: Utterance `dspf007_dsp2013_11´ -- 4 of job 0
2020-07-17 17:50:25,898 __iter__: Reading lattice file `/tmp/54744922/lattices/dspm001_dsp2013_01.lat.gz´.
2020-07-17 17:50:26,361 decode: Utterance `dspm001_dsp2013_01´ -- 5 of job 0
2020-07-17 17:50:39,662 __iter__: Reading lattice file `/tmp/54744922/lattices/dspm001_dsp2013_11.lat.gz´.
2020-07-17 17:50:39,980 decode: Utterance `dspm001_dsp2013_11´ -- 6 of job 0
2020-07-17 17:50:50,926 __iter__: Reading lattice file `/tmp/54744922/lattices/dspm004_dsp2013_01.lat.gz´.
2020-07-17 17:50:51,067 decode: Utterance `dspm004_dsp2013_01´ -- 7 of job 0
2020-07-17 17:50:54,238 __iter__: Reading lattice file `/tmp/54744922/lattices/dspm004_dsp2013_11.lat.gz´.
2020-07-17 17:50:55,947 decode: Utterance `dspm004_dsp2013_11´ -- 8 of job 0
2020-07-17 17:51:51,057 __iter__: Reading lattice file `/tmp/54744922/lattices/dspm005_dsp2013_01.lat.gz´.
2020-07-17 17:51:51,073 decode: Utterance `dspm005_dsp2013_01´ -- 9 of job 0
2020-07-17 17:51:51,522 __iter__: Reading lattice file `/tmp/54744922/lattices/dspm005_dsp2013_11.lat.gz´.
2020-07-17 17:51:51,574 decode: Utterance `dspm005_dsp2013_11´ -- 10 of job 0
2020-07-17 17:51:53,061 __iter__: Reading lattice file `/tmp/54744922/lattices/dspm005_dsp2013_21.lat.gz´.
2020-07-17 17:51:53,359 decode: Utterance `dspm005_dsp2013_21´ -- 11 of job 0
2020-07-17 17:52:01,184 __iter__: Reading lattice file `/tmp/54744922/lattices/dspm006_dsp2013_11.lat.gz´.
2020-07-17 17:52:01,203 decode: Utterance `dspm006_dsp2013_11´ -- 12 of job 0
2020-07-17 17:52:01,853 __iter__: Reading lattice file `/tmp/54744922/lattices/dspm006_dsp2013_24.lat.gz´.
2020-07-17 17:52:01,858 decode: Utterance `dspm006_dsp2013_24´ -- 13 of job 0
2020-07-17 17:52:02,043 __iter__: Reading lattice file `/tmp/54744922/lattices/dspm007_dsp2013_12.lat.gz´.
2020-07-17 17:52:02,454 decode: Utterance `dspm007_dsp2013_12´ -- 14 of job 0
2020-07-17 17:52:17,325 __iter__: Reading lattice file `/tmp/54744922/lattices/dspm007_dsp2013_22.lat.gz´.
2020-07-17 17:52:17,370 decode: Utterance `dspm007_dsp2013_22´ -- 15 of job 0
2020-07-17 17:52:18,754 __iter__: Reading lattice file `/tmp/54744922/lattices/dspm010_dsp2013_03.lat.gz´.
2020-07-17 17:52:19,695 decode: Utterance `dspm010_dsp2013_03´ -- 16 of job 0
2020-07-17 17:52:55,897 __iter__: Reading lattice file `/tmp/54744922/lattices/dspm010_dsp2013_13.lat.gz´.
2020-07-17 17:52:55,961 decode: Utterance `dspm010_dsp2013_13´ -- 17 of job 0
2020-07-17 17:52:58,463 __iter__: Reading lattice file `/tmp/54744922/lattices/dspm011_dsp2013_03.lat.gz´.
2020-07-17 17:52:58,507 decode: Utterance `dspm011_dsp2013_03´ -- 18 of job 0
2020-07-17 17:52:59,702 __iter__: Reading lattice file `/tmp/54744922/lattices/dspm011_dsp2013_13.lat.gz´.
2020-07-17 17:52:59,707 decode: Utterance `dspm011_dsp2013_13´ -- 19 of job 0
2020-07-17 17:52:59,871 __iter__: Reading lattice file `/tmp/54744922/lattices/dspm011_dsp2013_23.lat.gz´.
2020-07-17 17:52:59,997 decode: Utterance `dspm011_dsp2013_23´ -- 20 of job 0
2020-07-17 17:53:02,431 __iter__: Reading lattice file `/tmp/54744922/lattices/dspm014_dsp2013_12.lat.gz´.
2020-07-17 17:53:02,499 decode: Utterance `dspm014_dsp2013_12´ -- 21 of job 0
2020-07-17 17:53:04,559 __iter__: Reading lattice file `/tmp/54744922/lattices/dspm014_dsp2013_30.lat.gz´.
2020-07-17 17:53:04,702 decode: Utterance `dspm014_dsp2013_30´ -- 22 of job 0
2020-07-17 17:53:08,200 __iter__: Reading lattice file `/tmp/54744922/lattices/dspm015_dsp2013_07.lat.gz´.
2020-07-17 17:53:08,588 decode: Utterance `dspm015_dsp2013_07´ -- 23 of job 0
2020-07-17 17:53:20,702 __iter__: Reading lattice file `/tmp/54744922/lattices/dspm015_dsp2013_17.lat.gz´.
2020-07-17 17:53:20,758 decode: Utterance `dspm015_dsp2013_17´ -- 24 of job 0
2020-07-17 17:53:22,689 __iter__: Reading lattice file `/tmp/54744922/lattices/dspm017_dsp2013_20.lat.gz´.
2020-07-17 17:53:22,851 decode: Utterance `dspm017_dsp2013_20´ -- 25 of job 0
2020-07-17 17:53:27,996 __iter__: Reading lattice file `/tmp/54744922/lattices/dspm017_dsp2013_55.lat.gz´.
2020-07-17 17:53:28,891 decode: Utterance `dspm017_dsp2013_55´ -- 26 of job 0
2020-07-17 17:54:03,111 __iter__: Reading lattice file `/tmp/54744922/lattices/dspm017_dsp2013_97.lat.gz´.
2020-07-17 17:54:04,453 decode: Utterance `dspm017_dsp2013_97´ -- 27 of job 0
2020-07-17 17:55:03,863 __iter__: Reading lattice file `/tmp/54744922/lattices/dspm018_dsp2013_13.lat.gz´.
2020-07-17 17:55:03,866 decode: Utterance `dspm018_dsp2013_13´ -- 28 of job 0
2020-07-17 17:55:03,993 __iter__: Reading lattice file `/tmp/54744922/lattices/dspm018_dsp2013_23.lat.gz´.
2020-07-17 17:55:04,019 decode: Utterance `dspm018_dsp2013_23´ -- 29 of job 0
2020-07-17 17:55:04,758 __iter__: Reading lattice file `/tmp/54744922/lattices/dspm019_dsp2013_11.lat.gz´.
2020-07-17 17:55:04,801 decode: Utterance `dspm019_dsp2013_11´ -- 30 of job 0
2020-07-17 17:55:06,243 __iter__: Reading lattice file `/tmp/54744922/lattices/dspm021_dsp2013_01.lat.gz´.
2020-07-17 17:55:06,347 decode: Utterance `dspm021_dsp2013_01´ -- 31 of job 0
2020-07-17 17:55:09,810 __iter__: Reading lattice file `/tmp/54744922/lattices/dspm021_dsp2013_12.lat.gz´.
2020-07-17 17:55:09,889 decode: Utterance `dspm021_dsp2013_12´ -- 32 of job 0
2020-07-17 17:55:13,173 __iter__: Reading lattice file `/tmp/54744922/lattices/dspm021_dsp2013_23.lat.gz´.
2020-07-17 17:55:13,487 decode: Utterance `dspm021_dsp2013_23´ -- 33 of job 0
2020-07-17 17:55:24,176 __iter__: Reading lattice file `/tmp/54744922/lattices/dspm022_dsp2013_08.lat.gz´.
2020-07-17 17:55:24,207 decode: Utterance `dspm022_dsp2013_08´ -- 34 of job 0
2020-07-17 17:55:24,846 __iter__: Reading lattice file `/tmp/54744922/lattices/dspm022_dsp2013_18.lat.gz´.
2020-07-17 17:55:24,879 decode: Utterance `dspm022_dsp2013_18´ -- 35 of job 0
2020-07-17 17:55:25,738 __iter__: Reading lattice file `/tmp/54744922/lattices/dspm022_dsp2013_28.lat.gz´.
2020-07-17 17:55:27,944 decode: Utterance `dspm022_dsp2013_28´ -- 36 of job 0
2020-07-17 17:57:00,793 __iter__: Reading lattice file `/tmp/54744922/lattices/dspm024_dsp2013_04.lat.gz´.
2020-07-17 17:57:00,836 decode: Utterance `dspm024_dsp2013_04´ -- 37 of job 0
2020-07-17 17:57:02,107 __iter__: Reading lattice file `/tmp/54744922/lattices/dspm024_dsp2013_14.lat.gz´.
2020-07-17 17:57:02,115 decode: Utterance `dspm024_dsp2013_14´ -- 38 of job 0
2020-07-17 17:57:02,337 __iter__: Reading lattice file `/tmp/54744922/lattices/dspm025_dsp2013_09.lat.gz´.
2020-07-17 17:57:02,356 decode: Utterance `dspm025_dsp2013_09´ -- 39 of job 0
2020-07-17 17:57:02,779 __iter__: Reading lattice file `/tmp/54744922/lattices/dspm025_dsp2013_21.lat.gz´.
2020-07-17 17:57:03,021 decode: Utterance `dspm025_dsp2013_21´ -- 40 of job 0
2020-07-17 17:57:10,836 __iter__: Reading lattice file `/tmp/54744922/lattices/dspm026_dsp2013_03.lat.gz´.
2020-07-17 17:57:10,868 decode: Utterance `dspm026_dsp2013_03´ -- 41 of job 0
2020-07-17 17:57:11,848 __iter__: Reading lattice file `/tmp/54744922/lattices/dspm026_dsp2013_13.lat.gz´.
2020-07-17 17:57:11,901 decode: Utterance `dspm026_dsp2013_13´ -- 42 of job 0
2020-07-17 17:57:13,411 __iter__: Reading lattice file `/tmp/54744922/lattices/dspm028_dsp2013_03.lat.gz´.
2020-07-17 17:57:13,684 decode: Utterance `dspm028_dsp2013_03´ -- 43 of job 0
2020-07-17 17:57:21,586 __iter__: Reading lattice file `/tmp/54744922/lattices/dspm028_dsp2013_13.lat.gz´.
2020-07-17 17:57:21,688 decode: Utterance `dspm028_dsp2013_13´ -- 44 of job 0
2020-07-17 17:57:24,585 __iter__: Reading lattice file `/tmp/54744922/lattices/dspm031_dsp2013_03.lat.gz´.
2020-07-17 17:57:24,598 decode: Utterance `dspm031_dsp2013_03´ -- 45 of job 0
2020-07-17 17:57:25,001 __iter__: Reading lattice file `/tmp/54744922/lattices/dspm031_dsp2013_13.lat.gz´.
2020-07-17 17:57:25,406 decode: Utterance `dspm031_dsp2013_13´ -- 46 of job 0
2020-07-17 17:57:37,605 __iter__: Reading lattice file `/tmp/54744922/lattices/dspm031_dsp2013_23.lat.gz´.
2020-07-17 17:57:37,709 decode: Utterance `dspm031_dsp2013_23´ -- 47 of job 0
2020-07-17 17:57:41,806 __iter__: Reading lattice file `/tmp/54744922/lattices/dspm032_dsp2013_08.lat.gz´.
2020-07-17 17:57:41,831 decode: Utterance `dspm032_dsp2013_08´ -- 48 of job 0
2020-07-17 17:57:42,659 __iter__: Reading lattice file `/tmp/54744922/lattices/dspm032_dsp2013_18.lat.gz´.
2020-07-17 17:57:42,784 decode: Utterance `dspm032_dsp2013_18´ -- 49 of job 0
2020-07-17 17:57:46,655 __iter__: Reading lattice file `/tmp/54744922/lattices/dspm033_dsp2013_12.lat.gz´.
2020-07-17 17:57:46,774 decode: Utterance `dspm033_dsp2013_12´ -- 50 of job 0
2020-07-17 17:57:50,534 __iter__: Reading lattice file `/tmp/54744922/lattices/dspm033_dsp2013_42.lat.gz´.
2020-07-17 17:57:50,613 decode: Utterance `dspm033_dsp2013_42´ -- 51 of job 0
2020-07-17 17:57:53,665 __iter__: Reading lattice file `/tmp/54744922/lattices/dspm034_dsp2013_04.lat.gz´.
2020-07-17 17:57:53,975 decode: Utterance `dspm034_dsp2013_04´ -- 52 of job 0
2020-07-17 17:58:04,201 __iter__: Reading lattice file `/tmp/54744922/lattices/dspm034_dsp2013_14.lat.gz´.
2020-07-17 17:58:04,237 decode: Utterance `dspm034_dsp2013_14´ -- 53 of job 0
2020-07-17 17:58:05,079 __iter__: Reading lattice file `/tmp/54744922/lattices/dspm036_dsp2013_28.lat.gz´.
2020-07-17 17:58:05,213 decode: Utterance `dspm036_dsp2013_28´ -- 54 of job 0
2020-07-17 17:58:11,277 __iter__: Reading lattice file `/tmp/54744922/lattices/dspm036_dsp2013_39.lat.gz´.
2020-07-17 17:58:11,593 decode: Utterance `dspm036_dsp2013_39´ -- 55 of job 0
2020-07-17 17:58:25,563 __iter__: Reading lattice file `/tmp/54744922/lattices/dspm039_dsp2013_05.lat.gz´.
2020-07-17 17:58:25,672 decode: Utterance `dspm039_dsp2013_05´ -- 56 of job 0
2020-07-17 17:58:28,756 __iter__: Reading lattice file `/tmp/54744922/lattices/dspm039_dsp2013_17.lat.gz´.
2020-07-17 17:58:28,955 decode: Utterance `dspm039_dsp2013_17´ -- 57 of job 0
2020-07-17 17:58:36,160 __iter__: Reading lattice file `/tmp/54744922/lattices/dspm039_dsp2013_27.lat.gz´.
2020-07-17 17:58:36,628 decode: Utterance `dspm039_dsp2013_27´ -- 58 of job 0
2020-07-17 17:58:53,846 __iter__: Reading lattice file `/tmp/54744922/lattices/dspm040_dsp2013_10.lat.gz´.
2020-07-17 17:58:54,294 decode: Utterance `dspm040_dsp2013_10´ -- 59 of job 0
2020-07-17 17:59:08,560 __iter__: Reading lattice file `/tmp/54744922/lattices/dspm040_dsp2013_20.lat.gz´.
2020-07-17 17:59:08,736 decode: Utterance `dspm040_dsp2013_20´ -- 60 of job 0
2020-07-17 17:59:15,210 __iter__: Reading lattice file `/tmp/54744922/lattices/dspm042_dsp2013_12.lat.gz´.
2020-07-17 17:59:15,313 decode: Utterance `dspm042_dsp2013_12´ -- 61 of job 0
2020-07-17 17:59:18,566 __iter__: Reading lattice file `/tmp/54744922/lattices/dspm042_dsp2013_22.lat.gz´.
2020-07-17 17:59:18,570 decode: Utterance `dspm042_dsp2013_22´ -- 62 of job 0
2020-07-17 17:59:18,717 __iter__: Reading lattice file `/tmp/54744922/lattices/dspm043_dsp2013_15.lat.gz´.
2020-07-17 17:59:18,727 decode: Utterance `dspm043_dsp2013_15´ -- 63 of job 0
2020-07-17 17:59:19,005 __iter__: Reading lattice file `/tmp/54744922/lattices/dspm043_dsp2013_30.lat.gz´.
2020-07-17 17:59:19,343 decode: Utterance `dspm043_dsp2013_30´ -- 64 of job 0
2020-07-17 17:59:31,653 __iter__: Reading lattice file `/tmp/54744922/lattices/dspm045_dsp2013_05.lat.gz´.
2020-07-17 17:59:31,819 decode: Utterance `dspm045_dsp2013_05´ -- 65 of job 0
2020-07-17 17:59:36,690 __iter__: Reading lattice file `/tmp/54744922/lattices/dspm045_dsp2013_15.lat.gz´.
2020-07-17 17:59:36,941 decode: Utterance `dspm045_dsp2013_15´ -- 66 of job 0
2020-07-17 17:59:43,890 __iter__: Reading lattice file `/tmp/54744922/lattices/dspm047_dsp2013_05.lat.gz´.
2020-07-17 17:59:44,046 decode: Utterance `dspm047_dsp2013_05´ -- 67 of job 0
2020-07-17 17:59:47,786 __iter__: Reading lattice file `/tmp/54744922/lattices/dspm047_dsp2013_15.lat.gz´.
2020-07-17 17:59:47,924 decode: Utterance `dspm047_dsp2013_15´ -- 68 of job 0
2020-07-17 17:59:52,636 __iter__: Reading lattice file `/tmp/54744922/lattices/dspm048_dsp2013_05.lat.gz´.
2020-07-17 17:59:52,674 decode: Utterance `dspm048_dsp2013_05´ -- 69 of job 0
2020-07-17 17:59:53,802 __iter__: Reading lattice file `/tmp/54744922/lattices/dspm048_dsp2013_15.lat.gz´.
2020-07-17 17:59:53,936 decode: Utterance `dspm048_dsp2013_15´ -- 70 of job 0
2020-07-17 17:59:58,039 __iter__: Reading lattice file `/tmp/54744922/lattices/dspm049_dsp2013_04.lat.gz´.
2020-07-17 17:59:58,363 decode: Utterance `dspm049_dsp2013_04´ -- 71 of job 0
2020-07-17 18:00:07,942 __iter__: Reading lattice file `/tmp/54744922/lattices/dspm049_dsp2013_14.lat.gz´.
2020-07-17 18:00:09,681 decode: Utterance `dspm049_dsp2013_14´ -- 72 of job 0
2020-07-17 18:01:10,648 __iter__: Reading lattice file `/tmp/54744922/lattices/dspm050_dsp2013_09.lat.gz´.
2020-07-17 18:01:10,671 decode: Utterance `dspm050_dsp2013_09´ -- 73 of job 0
2020-07-17 18:01:11,909 __iter__: Reading lattice file `/tmp/54744922/lattices/dspm050_dsp2013_23.lat.gz´.
2020-07-17 18:01:12,046 decode: Utterance `dspm050_dsp2013_23´ -- 74 of job 0
2020-07-17 18:01:17,610 __iter__: Reading lattice file `/tmp/54744922/lattices/dspm052_dsp2013_02.lat.gz´.
2020-07-17 18:01:17,951 decode: Utterance `dspm052_dsp2013_02´ -- 75 of job 0
2020-07-17 18:01:29,966 __iter__: Reading lattice file `/tmp/54744922/lattices/dspm052_dsp2013_12.lat.gz´.
2020-07-17 18:01:30,266 decode: Utterance `dspm052_dsp2013_12´ -- 76 of job 0
2020-07-17 18:01:38,610 __iter__: Reading lattice file `/tmp/54744922/lattices/dspm054_dsp2013_02.lat.gz´.
2020-07-17 18:01:39,304 decode: Utterance `dspm054_dsp2013_02´ -- 77 of job 0
2020-07-17 18:02:04,029 __iter__: Reading lattice file `/tmp/54744922/lattices/dspm054_dsp2013_14.lat.gz´.
2020-07-17 18:02:04,173 decode: Utterance `dspm054_dsp2013_14´ -- 78 of job 0
2020-07-17 18:02:07,929 __iter__: Reading lattice file `/tmp/54744922/lattices/dspm055_dsp2013_01.lat.gz´.
2020-07-17 18:02:07,959 decode: Utterance `dspm055_dsp2013_01´ -- 79 of job 0
2020-07-17 18:02:08,719 __iter__: Reading lattice file `/tmp/54744922/lattices/dspm055_dsp2013_11.lat.gz´.
2020-07-17 18:02:08,842 decode: Utterance `dspm055_dsp2013_11´ -- 80 of job 0
2020-07-17 18:02:13,989 __iter__: Reading lattice file `/tmp/54744922/lattices/dspm056_dsp2013_01.lat.gz´.
2020-07-17 18:02:14,234 decode: Utterance `dspm056_dsp2013_01´ -- 81 of job 0
2020-07-17 18:02:20,977 __iter__: Reading lattice file `/tmp/54744922/lattices/dspm056_dsp2013_11.lat.gz´.
2020-07-17 18:02:21,138 decode: Utterance `dspm056_dsp2013_11´ -- 82 of job 0
2020-07-17 18:02:25,995 __iter__: Reading lattice file `/tmp/54744922/lattices/dspm057_dsp2013_01.lat.gz´.
2020-07-17 18:02:26,453 decode: Utterance `dspm057_dsp2013_01´ -- 83 of job 0
2020-07-17 18:02:36,603 __iter__: Reading lattice file `/tmp/54744922/lattices/dspm057_dsp2013_11.lat.gz´.
2020-07-17 18:02:36,996 decode: Utterance `dspm057_dsp2013_11´ -- 84 of job 0
2020-07-17 18:02:48,783 __iter__: Reading lattice file `/tmp/54744922/lattices/dspm058_dsp2013_01.lat.gz´.
2020-07-17 18:02:48,815 decode: Utterance `dspm058_dsp2013_01´ -- 85 of job 0
2020-07-17 18:02:49,475 __iter__: Reading lattice file `/tmp/54744922/lattices/dspm058_dsp2013_12.lat.gz´.
2020-07-17 18:02:49,856 decode: Utterance `dspm058_dsp2013_12´ -- 86 of job 0
2020-07-17 18:03:03,038 __iter__: Reading lattice file `/tmp/54744922/lattices/dspm058_dsp2013_23.lat.gz´.
2020-07-17 18:03:03,106 decode: Utterance `dspm058_dsp2013_23´ -- 87 of job 0
2020-07-17 18:03:05,057 __iter__: Reading lattice file `/tmp/54744922/lattices/radioanne_fym20071218_30.lat.gz´.
2020-07-17 18:03:05,069 decode: Utterance `radioanne_fym20071218_30´ -- 88 of job 0
2020-07-17 18:03:05,277 __iter__: Reading lattice file `/tmp/54744922/lattices/radiojake_kbk20120915_17.lat.gz´.
2020-07-17 18:03:06,609 decode: Utterance `radiojake_kbk20120915_17´ -- 89 of job 0
2020-07-17 18:04:02,564 __iter__: Reading lattice file `/tmp/54744922/lattices/radiojake_kbk20120915_3.lat.gz´.
2020-07-17 18:04:02,916 decode: Utterance `radiojake_kbk20120915_3´ -- 90 of job 0
2020-07-17 18:04:13,989 __iter__: Reading lattice file `/tmp/54744922/lattices/radiojake_kbk20120915_67.lat.gz´.
2020-07-17 18:04:14,117 decode: Utterance `radiojake_kbk20120915_67´ -- 91 of job 0
2020-07-17 18:04:18,374 __iter__: Reading lattice file `/tmp/54744922/lattices/radiojake_kbk20120915_95.lat.gz´.
2020-07-17 18:04:18,486 decode: Utterance `radiojake_kbk20120915_95´ -- 92 of job 0
2020-07-17 18:04:24,348 __iter__: Reading lattice file `/tmp/54744922/lattices/radiokassu_kbk20120915_49.lat.gz´.
2020-07-17 18:04:24,810 decode: Utterance `radiokassu_kbk20120915_49´ -- 93 of job 0
2020-07-17 18:04:40,918 __iter__: Reading lattice file `/tmp/54744922/lattices/radiokassu_kbk20120915_7.lat.gz´.
2020-07-17 18:04:41,218 decode: Utterance `radiokassu_kbk20120915_7´ -- 94 of job 0
2020-07-17 18:04:50,934 __iter__: Reading lattice file `/tmp/54744922/lattices/radionoona_fym20071218_29.lat.gz´.
2020-07-17 18:04:50,962 decode: Utterance `radionoona_fym20071218_29´ -- 95 of job 0
2020-07-17 18:04:51,651 __iter__: Reading lattice file `/tmp/54744922/lattices/radioshaka_kbk20120915_106.lat.gz´.
2020-07-17 18:04:53,811 decode: Utterance `radioshaka_kbk20120915_106´ -- 96 of job 0
2020-07-17 18:06:01,779 __iter__: Reading lattice file `/tmp/54744922/lattices/radioshaka_kbk20120915_23.lat.gz´.
2020-07-17 18:06:02,288 decode: Utterance `radioshaka_kbk20120915_23´ -- 97 of job 0
2020-07-17 18:06:17,532 __iter__: Reading lattice file `/tmp/54744922/lattices/radioshaka_kbk20120915_57.lat.gz´.
2020-07-17 18:06:17,565 decode: Utterance `radioshaka_kbk20120915_57´ -- 98 of job 0
2020-07-17 18:06:18,181 __iter__: Reading lattice file `/tmp/54744922/lattices/radioshaka_kbk20120915_81.lat.gz´.
2020-07-17 18:06:18,363 decode: Utterance `radioshaka_kbk20120915_81´ -- 99 of job 0
/scratch/work/groszt1/envs/theanoLM/lib/python3.7/site-packages/theano/gpuarray/dnn.py:184: UserWarning: Your cuDNN version is more recent than Theano. If you encounter problems, try updating Theano or downgrading cuDNN to a version >= v5 and <= v7.
  warnings.warn("Your cuDNN version is more recent than "
Using cuDNN version 7600 on context None
Mapped name None to device cuda0: Tesla V100-PCIE-32GB (0000:3B:00.0)
/scratch/work/groszt1/envs/theanoLM/lib/python3.7/site-packages/h5py-2.9.0-py3.7-linux-x86_64.egg/h5py/_hl/dataset.py:313: H5pyDeprecationWarning: dataset.value has been deprecated. Use dataset[()] instead.
  "Use dataset[()] instead.", H5pyDeprecationWarning)
/scratch/work/groszt1/envs/theanoLM/lib/python3.7/site-packages/h5py-2.9.0-py3.7-linux-x86_64.egg/h5py/_hl/dataset.py:313: H5pyDeprecationWarning: dataset.value has been deprecated. Use dataset[()] instead.
  "Use dataset[()] instead.", H5pyDeprecationWarning)
decode_theanolm finished.
