EXPT_NAME theanolm-100k
EXPT_PARAMS expt10-seed3
EXPT_WORK_DIR /scratch/work/moisioa3/conv_lm/experiments/theanolm-100k/expt10-seed3
Experiment: theanolm-100k/expt10-seed3
Job ID: 54744594
Task ID: 7
Host: gpu21.int.triton.aalto.fi
Start date: Fri Jul 17 16:44:35 EEST 2020
Work directory: /scratch/work/moisioa3/conv_lm/experiments/theanolm-100k/expt10-seed3
Temporary directory: /tmp/54744594

Currently Loaded Modules:
  1) speech-scripts/2016.05.24-b928230   6) binutils/2.25-GCCcore-5.4.0
  2) srilm/default                       7) GCC/5.4.0-2.25
  3) cuda/10.0.130                       8) libgpuarray/2017.03.29-45c731f
  4) cudnn/7.4.2-cuda                    9) anaconda3/latest
  5) GCCcore/5.4.0

 

/tmp/54744594/lattices
floatX=float32,device=cuda0,base_compiledir=/tmp/theano,exception_verbosity=high,openmp=False
/scratch/work/groszt1/envs/theanoLM/lib/python3.7/site-packages/theano/gpuarray/dnn.py:184: UserWarning: Your cuDNN version is more recent than Theano. If you encounter problems, try updating Theano or downgrading cuDNN to a version >= v5 and <= v7.
  warnings.warn("Your cuDNN version is more recent than "
Using cuDNN version 7600 on context None
Mapped name None to device cuda0: Tesla K80 (0000:89:00.0)
TheanoLM 1.3.2
Theano 1.0.4
pygpu 0.7.6
==
+ srun --gres=gpu:1 theanolm decode /scratch/work/moisioa3/conv_lm/experiments/theanolm-100k/expt10-seed3/nnlm.h5 --lattice-list /tmp/54744594/lattices/lattice-list --output-file /scratch/work/moisioa3/conv_lm/experiments/theanolm-100k/expt10-seed3/decode/devel/lambda=0.5-lms=11/7.trn --output trn --nnlm-weight 0.5 --lm-scale 11 --max-tokens-per-node 62 --beam 650 --recombination-order 22 --num-jobs 10 --job 7 --shortlist --unk-penalty=-20
2020-07-17 16:45:18,881 get_default_device: Context None device="Tesla K80" ID="0000:89:00.0"
2020-07-17 16:45:18,883 from_file: Reading vocabulary from network state.
2020-07-17 16:45:22,286 from_file: Number of words in vocabulary: 2427252
2020-07-17 16:45:22,287 from_file: Number of words in shortlist: 100003
2020-07-17 16:45:22,287 from_file: Number of word classes: 100003
2020-07-17 16:45:22,287 from_file: Building neural network.
2020-07-17 16:46:29,506 from_file: Restoring neural network state.
2020-07-17 16:46:30,274 decode: Building word lattice decoder.
/scratch/work/groszt1/envs/theanoLM/lib/python3.7/site-packages/theano/gpuarray/dnn.py:184: UserWarning: Your cuDNN version is more recent than Theano. If you encounter problems, try updating Theano or downgrading cuDNN to a version >= v5 and <= v7.
  warnings.warn("Your cuDNN version is more recent than "
Using cuDNN version 7600 on context None
Mapped name None to device cuda0: Tesla K80 (0000:89:00.0)
/scratch/work/groszt1/envs/theanoLM/lib/python3.7/site-packages/h5py-2.9.0-py3.7-linux-x86_64.egg/h5py/_hl/dataset.py:313: H5pyDeprecationWarning: dataset.value has been deprecated. Use dataset[()] instead.
  "Use dataset[()] instead.", H5pyDeprecationWarning)
/scratch/work/groszt1/envs/theanoLM/lib/python3.7/site-packages/h5py-2.9.0-py3.7-linux-x86_64.egg/h5py/_hl/dataset.py:313: H5pyDeprecationWarning: dataset.value has been deprecated. Use dataset[()] instead.
  "Use dataset[()] instead.", H5pyDeprecationWarning)
INFO (theano.gof.compilelock): Waiting for existing lock by process '22312' (I am process '22369')
2020-07-17 16:46:37,079 lock: Waiting for existing lock by process '22312' (I am process '22369')
INFO (theano.gof.compilelock): To manually release the lock, delete /tmp/theano/compiledir_Linux-3.10-el7.x86_64-x86_64-with-centos-7.8.2003-Core-x86_64-3.7.3-64/lock_dir
2020-07-17 16:46:37,080 lock: To manually release the lock, delete /tmp/theano/compiledir_Linux-3.10-el7.x86_64-x86_64-with-centos-7.8.2003-Core-x86_64-3.7.3-64/lock_dir
2020-07-17 16:46:49,984 __iter__: Reading lattice file `/tmp/54744594/lattices/dspf004_dsp2013_09.lat.gz´.
2020-07-17 16:46:50,519 decode: Utterance `dspf004_dsp2013_09´ -- 1 of job 7
2020-07-17 16:47:36,343 __iter__: Reading lattice file `/tmp/54744594/lattices/dspf004_dsp2013_19.lat.gz´.
2020-07-17 16:47:37,591 decode: Utterance `dspf004_dsp2013_19´ -- 2 of job 7
2020-07-17 16:50:09,049 __iter__: Reading lattice file `/tmp/54744594/lattices/dspf007_dsp2013_08.lat.gz´.
2020-07-17 16:50:10,575 decode: Utterance `dspf007_dsp2013_08´ -- 3 of job 7
2020-07-17 16:52:59,223 __iter__: Reading lattice file `/tmp/54744594/lattices/dspf007_dsp2013_18.lat.gz´.
2020-07-17 16:52:59,493 decode: Utterance `dspf007_dsp2013_18´ -- 4 of job 7
2020-07-17 16:53:29,800 __iter__: Reading lattice file `/tmp/54744594/lattices/dspm001_dsp2013_08.lat.gz´.
2020-07-17 16:53:31,091 decode: Utterance `dspm001_dsp2013_08´ -- 5 of job 7
2020-07-17 16:55:43,182 __iter__: Reading lattice file `/tmp/54744594/lattices/dspm001_dsp2013_18.lat.gz´.
2020-07-17 16:55:43,289 decode: Utterance `dspm001_dsp2013_18´ -- 6 of job 7
2020-07-17 16:55:53,001 __iter__: Reading lattice file `/tmp/54744594/lattices/dspm004_dsp2013_08.lat.gz´.
2020-07-17 16:55:53,766 decode: Utterance `dspm004_dsp2013_08´ -- 7 of job 7
2020-07-17 16:57:21,743 __iter__: Reading lattice file `/tmp/54744594/lattices/dspm004_dsp2013_18.lat.gz´.
2020-07-17 16:57:22,114 decode: Utterance `dspm004_dsp2013_18´ -- 8 of job 7
2020-07-17 16:57:59,526 __iter__: Reading lattice file `/tmp/54744594/lattices/dspm005_dsp2013_08.lat.gz´.
2020-07-17 16:57:59,531 decode: Utterance `dspm005_dsp2013_08´ -- 9 of job 7
2020-07-17 16:57:59,900 __iter__: Reading lattice file `/tmp/54744594/lattices/dspm005_dsp2013_18.lat.gz´.
2020-07-17 16:58:00,338 decode: Utterance `dspm005_dsp2013_18´ -- 10 of job 7
2020-07-17 16:58:36,390 __iter__: Reading lattice file `/tmp/54744594/lattices/dspm006_dsp2013_08.lat.gz´.
2020-07-17 16:58:36,419 decode: Utterance `dspm006_dsp2013_08´ -- 11 of job 7
2020-07-17 16:58:38,877 __iter__: Reading lattice file `/tmp/54744594/lattices/dspm006_dsp2013_21.lat.gz´.
2020-07-17 16:58:39,025 decode: Utterance `dspm006_dsp2013_21´ -- 12 of job 7
2020-07-17 16:58:52,007 __iter__: Reading lattice file `/tmp/54744594/lattices/dspm007_dsp2013_07.lat.gz´.
2020-07-17 16:58:52,553 decode: Utterance `dspm007_dsp2013_07´ -- 13 of job 7
2020-07-17 16:59:56,050 __iter__: Reading lattice file `/tmp/54744594/lattices/dspm007_dsp2013_19.lat.gz´.
2020-07-17 16:59:56,193 decode: Utterance `dspm007_dsp2013_19´ -- 14 of job 7
2020-07-17 17:00:07,815 __iter__: Reading lattice file `/tmp/54744594/lattices/dspm007_dsp2013_29.lat.gz´.
2020-07-17 17:00:07,905 decode: Utterance `dspm007_dsp2013_29´ -- 15 of job 7
2020-07-17 17:00:17,912 __iter__: Reading lattice file `/tmp/54744594/lattices/dspm010_dsp2013_10.lat.gz´.
2020-07-17 17:00:20,394 decode: Utterance `dspm010_dsp2013_10´ -- 16 of job 7
2020-07-17 17:05:39,939 __iter__: Reading lattice file `/tmp/54744594/lattices/dspm010_dsp2013_26.lat.gz´.
2020-07-17 17:05:40,254 decode: Utterance `dspm010_dsp2013_26´ -- 17 of job 7
2020-07-17 17:06:05,708 __iter__: Reading lattice file `/tmp/54744594/lattices/dspm011_dsp2013_10.lat.gz´.
2020-07-17 17:06:05,713 decode: Utterance `dspm011_dsp2013_10´ -- 18 of job 7
2020-07-17 17:06:06,042 __iter__: Reading lattice file `/tmp/54744594/lattices/dspm011_dsp2013_20.lat.gz´.
2020-07-17 17:06:06,060 decode: Utterance `dspm011_dsp2013_20´ -- 19 of job 7
2020-07-17 17:06:08,334 __iter__: Reading lattice file `/tmp/54744594/lattices/dspm014_dsp2013_08.lat.gz´.
2020-07-17 17:06:08,591 decode: Utterance `dspm014_dsp2013_08´ -- 20 of job 7
2020-07-17 17:06:36,680 __iter__: Reading lattice file `/tmp/54744594/lattices/dspm014_dsp2013_27.lat.gz´.
2020-07-17 17:06:36,751 decode: Utterance `dspm014_dsp2013_27´ -- 21 of job 7
2020-07-17 17:06:39,816 __iter__: Reading lattice file `/tmp/54744594/lattices/dspm015_dsp2013_04.lat.gz´.
2020-07-17 17:06:40,615 decode: Utterance `dspm015_dsp2013_04´ -- 22 of job 7
2020-07-17 17:07:50,585 __iter__: Reading lattice file `/tmp/54744594/lattices/dspm015_dsp2013_14.lat.gz´.
2020-07-17 17:07:50,679 decode: Utterance `dspm015_dsp2013_14´ -- 23 of job 7
2020-07-17 17:07:58,388 __iter__: Reading lattice file `/tmp/54744594/lattices/dspm017_dsp2013_12.lat.gz´.
2020-07-17 17:08:00,088 decode: Utterance `dspm017_dsp2013_12´ -- 24 of job 7
2020-07-17 17:10:24,603 __iter__: Reading lattice file `/tmp/54744594/lattices/dspm017_dsp2013_49.lat.gz´.
2020-07-17 17:10:24,675 decode: Utterance `dspm017_dsp2013_49´ -- 25 of job 7
2020-07-17 17:10:30,811 __iter__: Reading lattice file `/tmp/54744594/lattices/dspm017_dsp2013_83.lat.gz´.
2020-07-17 17:10:30,879 decode: Utterance `dspm017_dsp2013_83´ -- 26 of job 7
2020-07-17 17:10:39,544 __iter__: Reading lattice file `/tmp/54744594/lattices/dspm018_dsp2013_10.lat.gz´.
2020-07-17 17:10:39,681 decode: Utterance `dspm018_dsp2013_10´ -- 27 of job 7
2020-07-17 17:10:52,142 __iter__: Reading lattice file `/tmp/54744594/lattices/dspm018_dsp2013_20.lat.gz´.
2020-07-17 17:10:52,365 decode: Utterance `dspm018_dsp2013_20´ -- 28 of job 7
2020-07-17 17:11:14,778 __iter__: Reading lattice file `/tmp/54744594/lattices/dspm019_dsp2013_08.lat.gz´.
2020-07-17 17:11:14,794 decode: Utterance `dspm019_dsp2013_08´ -- 29 of job 7
2020-07-17 17:11:15,659 __iter__: Reading lattice file `/tmp/54744594/lattices/dspm019_dsp2013_19.lat.gz´.
2020-07-17 17:11:15,889 decode: Utterance `dspm019_dsp2013_19´ -- 30 of job 7
2020-07-17 17:11:39,891 __iter__: Reading lattice file `/tmp/54744594/lattices/dspm021_dsp2013_09.lat.gz´.
2020-07-17 17:11:39,926 decode: Utterance `dspm021_dsp2013_09´ -- 31 of job 7
2020-07-17 17:11:44,175 __iter__: Reading lattice file `/tmp/54744594/lattices/dspm021_dsp2013_19.lat.gz´.
2020-07-17 17:11:44,530 decode: Utterance `dspm021_dsp2013_19´ -- 32 of job 7
2020-07-17 17:12:34,058 __iter__: Reading lattice file `/tmp/54744594/lattices/dspm022_dsp2013_05.lat.gz´.
2020-07-17 17:12:34,131 decode: Utterance `dspm022_dsp2013_05´ -- 33 of job 7
2020-07-17 17:12:41,201 __iter__: Reading lattice file `/tmp/54744594/lattices/dspm022_dsp2013_15.lat.gz´.
2020-07-17 17:12:41,245 decode: Utterance `dspm022_dsp2013_15´ -- 34 of job 7
2020-07-17 17:12:45,965 __iter__: Reading lattice file `/tmp/54744594/lattices/dspm022_dsp2013_25.lat.gz´.
2020-07-17 17:12:46,169 decode: Utterance `dspm022_dsp2013_25´ -- 35 of job 7
2020-07-17 17:13:15,779 __iter__: Reading lattice file `/tmp/54744594/lattices/dspm022_dsp2013_35.lat.gz´.
2020-07-17 17:13:21,495 decode: Utterance `dspm022_dsp2013_35´ -- 36 of job 7
2020-07-17 17:14:19,454 __iter__: Reading lattice file `/tmp/54744594/lattices/dspm024_dsp2013_11.lat.gz´.
2020-07-17 17:14:20,639 decode: Utterance `dspm024_dsp2013_11´ -- 37 of job 7
2020-07-17 17:17:07,546 __iter__: Reading lattice file `/tmp/54744594/lattices/dspm025_dsp2013_01.lat.gz´.
2020-07-17 17:17:07,746 decode: Utterance `dspm025_dsp2013_01´ -- 38 of job 7
2020-07-17 17:17:29,609 __iter__: Reading lattice file `/tmp/54744594/lattices/dspm025_dsp2013_18.lat.gz´.
2020-07-17 17:17:31,198 decode: Utterance `dspm025_dsp2013_18´ -- 39 of job 7
2020-07-17 17:20:36,669 __iter__: Reading lattice file `/tmp/54744594/lattices/dspm025_dsp2013_30.lat.gz´.
2020-07-17 17:20:36,677 decode: Utterance `dspm025_dsp2013_30´ -- 40 of job 7
2020-07-17 17:20:37,176 __iter__: Reading lattice file `/tmp/54744594/lattices/dspm026_dsp2013_10.lat.gz´.
2020-07-17 17:20:37,465 decode: Utterance `dspm026_dsp2013_10´ -- 41 of job 7
2020-07-17 17:21:12,032 __iter__: Reading lattice file `/tmp/54744594/lattices/dspm026_dsp2013_20.lat.gz´.
2020-07-17 17:21:12,074 decode: Utterance `dspm026_dsp2013_20´ -- 42 of job 7
2020-07-17 17:21:15,525 __iter__: Reading lattice file `/tmp/54744594/lattices/dspm028_dsp2013_10.lat.gz´.
2020-07-17 17:21:16,102 decode: Utterance `dspm028_dsp2013_10´ -- 43 of job 7
2020-07-17 17:22:04,381 __iter__: Reading lattice file `/tmp/54744594/lattices/dspm028_dsp2013_20.lat.gz´.
2020-07-17 17:22:04,416 decode: Utterance `dspm028_dsp2013_20´ -- 44 of job 7
2020-07-17 17:22:07,635 __iter__: Reading lattice file `/tmp/54744594/lattices/dspm031_dsp2013_10.lat.gz´.
2020-07-17 17:22:07,711 decode: Utterance `dspm031_dsp2013_10´ -- 45 of job 7
2020-07-17 17:22:13,733 __iter__: Reading lattice file `/tmp/54744594/lattices/dspm031_dsp2013_20.lat.gz´.
2020-07-17 17:22:13,738 decode: Utterance `dspm031_dsp2013_20´ -- 46 of job 7
2020-07-17 17:22:14,248 __iter__: Reading lattice file `/tmp/54744594/lattices/dspm032_dsp2013_05.lat.gz´.
2020-07-17 17:22:14,786 decode: Utterance `dspm032_dsp2013_05´ -- 47 of job 7
2020-07-17 17:23:13,668 __iter__: Reading lattice file `/tmp/54744594/lattices/dspm032_dsp2013_15.lat.gz´.
2020-07-17 17:23:13,687 decode: Utterance `dspm032_dsp2013_15´ -- 48 of job 7
2020-07-17 17:23:15,464 __iter__: Reading lattice file `/tmp/54744594/lattices/dspm033_dsp2013_01.lat.gz´.
2020-07-17 17:23:15,498 decode: Utterance `dspm033_dsp2013_01´ -- 49 of job 7
2020-07-17 17:23:19,144 __iter__: Reading lattice file `/tmp/54744594/lattices/dspm033_dsp2013_30.lat.gz´.
2020-07-17 17:23:20,106 decode: Utterance `dspm033_dsp2013_30´ -- 50 of job 7
2020-07-17 17:25:35,228 __iter__: Reading lattice file `/tmp/54744594/lattices/dspm034_dsp2013_01.lat.gz´.
2020-07-17 17:25:35,586 decode: Utterance `dspm034_dsp2013_01´ -- 51 of job 7
2020-07-17 17:25:59,997 __iter__: Reading lattice file `/tmp/54744594/lattices/dspm034_dsp2013_11.lat.gz´.
2020-07-17 17:26:00,261 decode: Utterance `dspm034_dsp2013_11´ -- 52 of job 7
2020-07-17 17:26:33,227 __iter__: Reading lattice file `/tmp/54744594/lattices/dspm036_dsp2013_01.lat.gz´.
2020-07-17 17:26:33,673 decode: Utterance `dspm036_dsp2013_01´ -- 53 of job 7
2020-07-17 17:27:27,599 __iter__: Reading lattice file `/tmp/54744594/lattices/dspm036_dsp2013_35.lat.gz´.
2020-07-17 17:27:28,997 decode: Utterance `dspm036_dsp2013_35´ -- 54 of job 7
2020-07-17 17:30:14,196 __iter__: Reading lattice file `/tmp/54744594/lattices/dspm039_dsp2013_02.lat.gz´.
2020-07-17 17:30:14,329 decode: Utterance `dspm039_dsp2013_02´ -- 55 of job 7
2020-07-17 17:30:33,150 __iter__: Reading lattice file `/tmp/54744594/lattices/dspm039_dsp2013_13.lat.gz´.
2020-07-17 17:30:33,329 decode: Utterance `dspm039_dsp2013_13´ -- 56 of job 7
2020-07-17 17:30:52,225 __iter__: Reading lattice file `/tmp/54744594/lattices/dspm039_dsp2013_24.lat.gz´.
2020-07-17 17:30:52,285 decode: Utterance `dspm039_dsp2013_24´ -- 57 of job 7
2020-07-17 17:31:00,465 __iter__: Reading lattice file `/tmp/54744594/lattices/dspm040_dsp2013_07.lat.gz´.
2020-07-17 17:31:00,656 decode: Utterance `dspm040_dsp2013_07´ -- 58 of job 7
2020-07-17 17:31:29,598 __iter__: Reading lattice file `/tmp/54744594/lattices/dspm040_dsp2013_17.lat.gz´.
2020-07-17 17:31:29,715 decode: Utterance `dspm040_dsp2013_17´ -- 59 of job 7
2020-07-17 17:31:45,717 __iter__: Reading lattice file `/tmp/54744594/lattices/dspm042_dsp2013_08.lat.gz´.
2020-07-17 17:31:45,751 decode: Utterance `dspm042_dsp2013_08´ -- 60 of job 7
2020-07-17 17:31:48,193 __iter__: Reading lattice file `/tmp/54744594/lattices/dspm042_dsp2013_19.lat.gz´.
2020-07-17 17:31:48,428 decode: Utterance `dspm042_dsp2013_19´ -- 61 of job 7
2020-07-17 17:32:11,498 __iter__: Reading lattice file `/tmp/54744594/lattices/dspm043_dsp2013_09.lat.gz´.
2020-07-17 17:32:11,509 decode: Utterance `dspm043_dsp2013_09´ -- 62 of job 7
2020-07-17 17:32:12,179 __iter__: Reading lattice file `/tmp/54744594/lattices/dspm043_dsp2013_23.lat.gz´.
2020-07-17 17:32:12,215 decode: Utterance `dspm043_dsp2013_23´ -- 63 of job 7
2020-07-17 17:32:15,918 __iter__: Reading lattice file `/tmp/54744594/lattices/dspm045_dsp2013_02.lat.gz´.
2020-07-17 17:32:16,044 decode: Utterance `dspm045_dsp2013_02´ -- 64 of job 7
2020-07-17 17:32:30,053 __iter__: Reading lattice file `/tmp/54744594/lattices/dspm045_dsp2013_12.lat.gz´.
2020-07-17 17:32:30,536 decode: Utterance `dspm045_dsp2013_12´ -- 65 of job 7
2020-07-17 17:33:17,310 __iter__: Reading lattice file `/tmp/54744594/lattices/dspm047_dsp2013_02.lat.gz´.
2020-07-17 17:33:17,345 decode: Utterance `dspm047_dsp2013_02´ -- 66 of job 7
2020-07-17 17:33:20,283 __iter__: Reading lattice file `/tmp/54744594/lattices/dspm047_dsp2013_12.lat.gz´.
2020-07-17 17:33:22,272 decode: Utterance `dspm047_dsp2013_12´ -- 67 of job 7
2020-07-17 17:36:06,792 __iter__: Reading lattice file `/tmp/54744594/lattices/dspm048_dsp2013_02.lat.gz´.
2020-07-17 17:36:06,800 decode: Utterance `dspm048_dsp2013_02´ -- 68 of job 7
2020-07-17 17:36:07,510 __iter__: Reading lattice file `/tmp/54744594/lattices/dspm048_dsp2013_12.lat.gz´.
2020-07-17 17:36:07,574 decode: Utterance `dspm048_dsp2013_12´ -- 69 of job 7
2020-07-17 17:36:13,587 __iter__: Reading lattice file `/tmp/54744594/lattices/dspm049_dsp2013_01.lat.gz´.
2020-07-17 17:36:13,874 decode: Utterance `dspm049_dsp2013_01´ -- 70 of job 7
2020-07-17 17:36:49,700 __iter__: Reading lattice file `/tmp/54744594/lattices/dspm049_dsp2013_11.lat.gz´.
2020-07-17 17:36:52,306 decode: Utterance `dspm049_dsp2013_11´ -- 71 of job 7
2020-07-17 17:40:19,149 __iter__: Reading lattice file `/tmp/54744594/lattices/dspm050_dsp2013_02.lat.gz´.
2020-07-17 17:40:19,289 decode: Utterance `dspm050_dsp2013_02´ -- 72 of job 7
2020-07-17 17:40:35,968 __iter__: Reading lattice file `/tmp/54744594/lattices/dspm050_dsp2013_19.lat.gz´.
2020-07-17 17:40:36,460 decode: Utterance `dspm050_dsp2013_19´ -- 73 of job 7
2020-07-17 17:41:21,024 __iter__: Reading lattice file `/tmp/54744594/lattices/dspm050_dsp2013_31.lat.gz´.
2020-07-17 17:41:21,610 decode: Utterance `dspm050_dsp2013_31´ -- 74 of job 7
2020-07-17 17:42:12,841 __iter__: Reading lattice file `/tmp/54744594/lattices/dspm052_dsp2013_09.lat.gz´.
2020-07-17 17:42:13,199 decode: Utterance `dspm052_dsp2013_09´ -- 75 of job 7
2020-07-17 17:42:49,490 __iter__: Reading lattice file `/tmp/54744594/lattices/dspm052_dsp2013_19.lat.gz´.
2020-07-17 17:42:50,682 decode: Utterance `dspm052_dsp2013_19´ -- 76 of job 7
2020-07-17 17:45:25,886 __iter__: Reading lattice file `/tmp/54744594/lattices/dspm054_dsp2013_10.lat.gz´.
2020-07-17 17:45:27,017 decode: Utterance `dspm054_dsp2013_10´ -- 77 of job 7
2020-07-17 17:47:12,237 __iter__: Reading lattice file `/tmp/54744594/lattices/dspm054_dsp2013_21.lat.gz´.
2020-07-17 17:47:12,807 decode: Utterance `dspm054_dsp2013_21´ -- 78 of job 7
2020-07-17 17:48:02,850 __iter__: Reading lattice file `/tmp/54744594/lattices/dspm055_dsp2013_08.lat.gz´.
2020-07-17 17:48:02,890 decode: Utterance `dspm055_dsp2013_08´ -- 79 of job 7
2020-07-17 17:48:05,721 __iter__: Reading lattice file `/tmp/54744594/lattices/dspm055_dsp2013_18.lat.gz´.
2020-07-17 17:48:05,969 decode: Utterance `dspm055_dsp2013_18´ -- 80 of job 7
2020-07-17 17:48:38,394 __iter__: Reading lattice file `/tmp/54744594/lattices/dspm056_dsp2013_08.lat.gz´.
2020-07-17 17:48:38,467 decode: Utterance `dspm056_dsp2013_08´ -- 81 of job 7
2020-07-17 17:48:43,362 __iter__: Reading lattice file `/tmp/54744594/lattices/dspm056_dsp2013_18.lat.gz´.
2020-07-17 17:48:43,456 decode: Utterance `dspm056_dsp2013_18´ -- 82 of job 7
2020-07-17 17:48:51,787 __iter__: Reading lattice file `/tmp/54744594/lattices/dspm057_dsp2013_08.lat.gz´.
2020-07-17 17:49:01,861 decode: Utterance `dspm057_dsp2013_08´ -- 83 of job 7
2020-07-17 18:06:09,707 __iter__: Reading lattice file `/tmp/54744594/lattices/dspm057_dsp2013_18.lat.gz´.
2020-07-17 18:06:09,877 decode: Utterance `dspm057_dsp2013_18´ -- 84 of job 7
2020-07-17 18:06:18,838 __iter__: Reading lattice file `/tmp/54744594/lattices/dspm058_dsp2013_09.lat.gz´.
2020-07-17 18:06:19,081 decode: Utterance `dspm058_dsp2013_09´ -- 85 of job 7
2020-07-17 18:06:42,929 __iter__: Reading lattice file `/tmp/54744594/lattices/dspm058_dsp2013_20.lat.gz´.
2020-07-17 18:06:44,395 decode: Utterance `dspm058_dsp2013_20´ -- 86 of job 7
2020-07-17 18:09:24,020 __iter__: Reading lattice file `/tmp/54744594/lattices/radioanne_fym20071218_23.lat.gz´.
2020-07-17 18:09:24,033 decode: Utterance `radioanne_fym20071218_23´ -- 87 of job 7
2020-07-17 18:09:24,455 __iter__: Reading lattice file `/tmp/54744594/lattices/radiojake_kbk20120915_118.lat.gz´.
2020-07-17 18:09:24,556 decode: Utterance `radiojake_kbk20120915_118´ -- 88 of job 7
2020-07-17 18:09:32,740 __iter__: Reading lattice file `/tmp/54744594/lattices/radiojake_kbk20120915_31.lat.gz´.
2020-07-17 18:09:33,042 decode: Utterance `radiojake_kbk20120915_31´ -- 89 of job 7
2020-07-17 18:10:02,615 __iter__: Reading lattice file `/tmp/54744594/lattices/radiojake_kbk20120915_56.lat.gz´.
2020-07-17 18:10:02,624 decode: Utterance `radiojake_kbk20120915_56´ -- 90 of job 7
2020-07-17 18:10:03,100 __iter__: Reading lattice file `/tmp/54744594/lattices/radiojake_kbk20120915_87.lat.gz´.
2020-07-17 18:10:03,170 decode: Utterance `radiojake_kbk20120915_87´ -- 91 of job 7
2020-07-17 18:10:13,402 __iter__: Reading lattice file `/tmp/54744594/lattices/radiokassu_kbk20120915_45.lat.gz´.
2020-07-17 18:10:13,582 decode: Utterance `radiokassu_kbk20120915_45´ -- 92 of job 7
2020-07-17 18:10:27,009 __iter__: Reading lattice file `/tmp/54744594/lattices/radiokassu_kbk20120915_70.lat.gz´.
2020-07-17 18:10:28,840 decode: Utterance `radiokassu_kbk20120915_70´ -- 93 of job 7
2020-07-17 18:13:28,177 __iter__: Reading lattice file `/tmp/54744594/lattices/radionoona_fym20071218_22.lat.gz´.
2020-07-17 18:13:28,209 decode: Utterance `radionoona_fym20071218_22´ -- 94 of job 7
2020-07-17 18:13:30,931 __iter__: Reading lattice file `/tmp/54744594/lattices/radionoona_fym20071218_9.lat.gz´.
2020-07-17 18:13:30,981 decode: Utterance `radionoona_fym20071218_9´ -- 95 of job 7
2020-07-17 18:13:34,691 __iter__: Reading lattice file `/tmp/54744594/lattices/radioshaka_kbk20120915_18.lat.gz´.
2020-07-17 18:13:34,801 decode: Utterance `radioshaka_kbk20120915_18´ -- 96 of job 7
2020-07-17 18:13:46,562 __iter__: Reading lattice file `/tmp/54744594/lattices/radioshaka_kbk20120915_38.lat.gz´.
2020-07-17 18:13:46,571 decode: Utterance `radioshaka_kbk20120915_38´ -- 97 of job 7
2020-07-17 18:13:47,214 __iter__: Reading lattice file `/tmp/54744594/lattices/radioshaka_kbk20120915_73.lat.gz´.
2020-07-17 18:13:49,695 decode: Utterance `radioshaka_kbk20120915_73´ -- 98 of job 7
2020-07-17 18:18:05,616 __iter__: Reading lattice file `/tmp/54744594/lattices/radioshaka_kbk20120915_98.lat.gz´.
2020-07-17 18:18:06,160 decode: Utterance `radioshaka_kbk20120915_98´ -- 99 of job 7
decode_theanolm finished.
