EXPT_NAME theanolm-100k
EXPT_PARAMS expt10-seed3
EXPT_WORK_DIR /scratch/work/moisioa3/conv_lm/experiments/theanolm-100k/expt10-seed3
Experiment: theanolm-100k/expt10-seed3
Job ID: 54745232
Task ID: 70
Host: gpu7.int.triton.aalto.fi
Start date: Fri Jul 17 18:05:41 EEST 2020
Work directory: /scratch/work/moisioa3/conv_lm/experiments/theanolm-100k/expt10-seed3
Temporary directory: /tmp/54745232

Currently Loaded Modules:
  1) speech-scripts/2016.05.24-b928230   6) binutils/2.25-GCCcore-5.4.0
  2) srilm/default                       7) GCC/5.4.0-2.25
  3) cuda/10.0.130                       8) libgpuarray/2017.03.29-45c731f
  4) cudnn/7.4.2-cuda                    9) anaconda3/latest
  5) GCCcore/5.4.0

 

/tmp/54745232/lattices
floatX=float32,device=cuda0,base_compiledir=/tmp/theano,exception_verbosity=high,openmp=False
/scratch/work/groszt1/envs/theanoLM/lib/python3.7/site-packages/theano/gpuarray/dnn.py:184: UserWarning: Your cuDNN version is more recent than Theano. If you encounter problems, try updating Theano or downgrading cuDNN to a version >= v5 and <= v7.
  warnings.warn("Your cuDNN version is more recent than "
Using cuDNN version 7600 on context None
Mapped name None to device cuda0: Tesla V100-PCIE-32GB (0000:3B:00.0)
TheanoLM 1.3.2
Theano 1.0.4
pygpu 0.7.6
==
+ srun --gres=gpu:1 theanolm decode /scratch/work/moisioa3/conv_lm/experiments/theanolm-100k/expt10-seed3/nnlm.h5 --lattice-list /tmp/54745232/lattices/lattice-list --output-file /scratch/work/moisioa3/conv_lm/experiments/theanolm-100k/expt10-seed3/decode/devel/lambda=1.0-lms=14/0.trn --output trn --nnlm-weight 1.0 --lm-scale 14 --max-tokens-per-node 62 --beam 650 --recombination-order 22 --num-jobs 10 --job 0 --shortlist --unk-penalty=-20
2020-07-17 18:05:52,723 get_default_device: Context None device="Tesla V100-PCIE-32GB" ID="0000:3B:00.0"
2020-07-17 18:05:52,724 from_file: Reading vocabulary from network state.
2020-07-17 18:05:55,497 from_file: Number of words in vocabulary: 2427252
2020-07-17 18:05:55,497 from_file: Number of words in shortlist: 100003
2020-07-17 18:05:55,497 from_file: Number of word classes: 100003
2020-07-17 18:05:55,497 from_file: Building neural network.
2020-07-17 18:06:30,448 from_file: Restoring neural network state.
2020-07-17 18:06:31,644 decode: Building word lattice decoder.
2020-07-17 18:06:35,758 __iter__: Reading lattice file `/tmp/54745232/lattices/dspf004_dsp2013_01.lat.gz´.
2020-07-17 18:06:36,216 decode: Utterance `dspf004_dsp2013_01´ -- 1 of job 0
2020-07-17 18:06:50,832 __iter__: Reading lattice file `/tmp/54745232/lattices/dspf004_dsp2013_12.lat.gz´.
2020-07-17 18:06:51,588 decode: Utterance `dspf004_dsp2013_12´ -- 2 of job 0
2020-07-17 18:07:28,798 __iter__: Reading lattice file `/tmp/54745232/lattices/dspf007_dsp2013_01.lat.gz´.
2020-07-17 18:07:30,354 decode: Utterance `dspf007_dsp2013_01´ -- 3 of job 0
2020-07-17 18:08:22,876 __iter__: Reading lattice file `/tmp/54745232/lattices/dspf007_dsp2013_11.lat.gz´.
2020-07-17 18:08:23,667 decode: Utterance `dspf007_dsp2013_11´ -- 4 of job 0
2020-07-17 18:08:52,060 __iter__: Reading lattice file `/tmp/54745232/lattices/dspm001_dsp2013_01.lat.gz´.
2020-07-17 18:08:52,520 decode: Utterance `dspm001_dsp2013_01´ -- 5 of job 0
2020-07-17 18:09:05,774 __iter__: Reading lattice file `/tmp/54745232/lattices/dspm001_dsp2013_11.lat.gz´.
2020-07-17 18:09:06,091 decode: Utterance `dspm001_dsp2013_11´ -- 6 of job 0
2020-07-17 18:09:16,981 __iter__: Reading lattice file `/tmp/54745232/lattices/dspm004_dsp2013_01.lat.gz´.
2020-07-17 18:09:17,121 decode: Utterance `dspm004_dsp2013_01´ -- 7 of job 0
2020-07-17 18:09:20,278 __iter__: Reading lattice file `/tmp/54745232/lattices/dspm004_dsp2013_11.lat.gz´.
2020-07-17 18:09:21,971 decode: Utterance `dspm004_dsp2013_11´ -- 8 of job 0
2020-07-17 18:10:17,724 __iter__: Reading lattice file `/tmp/54745232/lattices/dspm005_dsp2013_01.lat.gz´.
2020-07-17 18:10:17,740 decode: Utterance `dspm005_dsp2013_01´ -- 9 of job 0
2020-07-17 18:10:18,204 __iter__: Reading lattice file `/tmp/54745232/lattices/dspm005_dsp2013_11.lat.gz´.
2020-07-17 18:10:18,256 decode: Utterance `dspm005_dsp2013_11´ -- 10 of job 0
2020-07-17 18:10:19,748 __iter__: Reading lattice file `/tmp/54745232/lattices/dspm005_dsp2013_21.lat.gz´.
2020-07-17 18:10:20,042 decode: Utterance `dspm005_dsp2013_21´ -- 11 of job 0
2020-07-17 18:10:27,842 __iter__: Reading lattice file `/tmp/54745232/lattices/dspm006_dsp2013_11.lat.gz´.
2020-07-17 18:10:27,861 decode: Utterance `dspm006_dsp2013_11´ -- 12 of job 0
2020-07-17 18:10:28,513 __iter__: Reading lattice file `/tmp/54745232/lattices/dspm006_dsp2013_24.lat.gz´.
2020-07-17 18:10:28,518 decode: Utterance `dspm006_dsp2013_24´ -- 13 of job 0
2020-07-17 18:10:28,709 __iter__: Reading lattice file `/tmp/54745232/lattices/dspm007_dsp2013_12.lat.gz´.
2020-07-17 18:10:29,115 decode: Utterance `dspm007_dsp2013_12´ -- 14 of job 0
2020-07-17 18:10:43,915 __iter__: Reading lattice file `/tmp/54745232/lattices/dspm007_dsp2013_22.lat.gz´.
2020-07-17 18:10:43,959 decode: Utterance `dspm007_dsp2013_22´ -- 15 of job 0
2020-07-17 18:10:45,341 __iter__: Reading lattice file `/tmp/54745232/lattices/dspm010_dsp2013_03.lat.gz´.
2020-07-17 18:10:46,272 decode: Utterance `dspm010_dsp2013_03´ -- 16 of job 0
2020-07-17 18:11:21,549 __iter__: Reading lattice file `/tmp/54745232/lattices/dspm010_dsp2013_13.lat.gz´.
2020-07-17 18:11:21,612 decode: Utterance `dspm010_dsp2013_13´ -- 17 of job 0
2020-07-17 18:11:24,123 __iter__: Reading lattice file `/tmp/54745232/lattices/dspm011_dsp2013_03.lat.gz´.
2020-07-17 18:11:24,166 decode: Utterance `dspm011_dsp2013_03´ -- 18 of job 0
2020-07-17 18:11:25,354 __iter__: Reading lattice file `/tmp/54745232/lattices/dspm011_dsp2013_13.lat.gz´.
2020-07-17 18:11:25,359 decode: Utterance `dspm011_dsp2013_13´ -- 19 of job 0
2020-07-17 18:11:25,524 __iter__: Reading lattice file `/tmp/54745232/lattices/dspm011_dsp2013_23.lat.gz´.
2020-07-17 18:11:25,649 decode: Utterance `dspm011_dsp2013_23´ -- 20 of job 0
2020-07-17 18:11:27,977 __iter__: Reading lattice file `/tmp/54745232/lattices/dspm014_dsp2013_12.lat.gz´.
2020-07-17 18:11:28,044 decode: Utterance `dspm014_dsp2013_12´ -- 21 of job 0
2020-07-17 18:11:30,087 __iter__: Reading lattice file `/tmp/54745232/lattices/dspm014_dsp2013_30.lat.gz´.
2020-07-17 18:11:30,228 decode: Utterance `dspm014_dsp2013_30´ -- 22 of job 0
2020-07-17 18:11:33,703 __iter__: Reading lattice file `/tmp/54745232/lattices/dspm015_dsp2013_07.lat.gz´.
2020-07-17 18:11:34,087 decode: Utterance `dspm015_dsp2013_07´ -- 23 of job 0
2020-07-17 18:11:46,026 __iter__: Reading lattice file `/tmp/54745232/lattices/dspm015_dsp2013_17.lat.gz´.
2020-07-17 18:11:46,081 decode: Utterance `dspm015_dsp2013_17´ -- 24 of job 0
2020-07-17 18:11:47,984 __iter__: Reading lattice file `/tmp/54745232/lattices/dspm017_dsp2013_20.lat.gz´.
2020-07-17 18:11:48,144 decode: Utterance `dspm017_dsp2013_20´ -- 25 of job 0
2020-07-17 18:11:53,259 __iter__: Reading lattice file `/tmp/54745232/lattices/dspm017_dsp2013_55.lat.gz´.
2020-07-17 18:11:54,140 decode: Utterance `dspm017_dsp2013_55´ -- 26 of job 0
2020-07-17 18:12:29,135 __iter__: Reading lattice file `/tmp/54745232/lattices/dspm017_dsp2013_97.lat.gz´.
2020-07-17 18:12:30,449 decode: Utterance `dspm017_dsp2013_97´ -- 27 of job 0
2020-07-17 18:13:27,089 __iter__: Reading lattice file `/tmp/54745232/lattices/dspm018_dsp2013_13.lat.gz´.
2020-07-17 18:13:27,091 decode: Utterance `dspm018_dsp2013_13´ -- 28 of job 0
2020-07-17 18:13:27,224 __iter__: Reading lattice file `/tmp/54745232/lattices/dspm018_dsp2013_23.lat.gz´.
2020-07-17 18:13:27,250 decode: Utterance `dspm018_dsp2013_23´ -- 29 of job 0
2020-07-17 18:13:27,982 __iter__: Reading lattice file `/tmp/54745232/lattices/dspm019_dsp2013_11.lat.gz´.
2020-07-17 18:13:28,024 decode: Utterance `dspm019_dsp2013_11´ -- 30 of job 0
2020-07-17 18:13:29,459 __iter__: Reading lattice file `/tmp/54745232/lattices/dspm021_dsp2013_01.lat.gz´.
2020-07-17 18:13:29,561 decode: Utterance `dspm021_dsp2013_01´ -- 31 of job 0
2020-07-17 18:13:32,914 __iter__: Reading lattice file `/tmp/54745232/lattices/dspm021_dsp2013_12.lat.gz´.
2020-07-17 18:13:32,992 decode: Utterance `dspm021_dsp2013_12´ -- 32 of job 0
2020-07-17 18:13:36,126 __iter__: Reading lattice file `/tmp/54745232/lattices/dspm021_dsp2013_23.lat.gz´.
2020-07-17 18:13:36,436 decode: Utterance `dspm021_dsp2013_23´ -- 33 of job 0
2020-07-17 18:13:46,926 __iter__: Reading lattice file `/tmp/54745232/lattices/dspm022_dsp2013_08.lat.gz´.
2020-07-17 18:13:46,957 decode: Utterance `dspm022_dsp2013_08´ -- 34 of job 0
2020-07-17 18:13:47,580 __iter__: Reading lattice file `/tmp/54745232/lattices/dspm022_dsp2013_18.lat.gz´.
2020-07-17 18:13:47,613 decode: Utterance `dspm022_dsp2013_18´ -- 35 of job 0
2020-07-17 18:13:48,455 __iter__: Reading lattice file `/tmp/54745232/lattices/dspm022_dsp2013_28.lat.gz´.
2020-07-17 18:13:50,631 decode: Utterance `dspm022_dsp2013_28´ -- 36 of job 0
2020-07-17 18:15:23,903 __iter__: Reading lattice file `/tmp/54745232/lattices/dspm024_dsp2013_04.lat.gz´.
2020-07-17 18:15:23,946 decode: Utterance `dspm024_dsp2013_04´ -- 37 of job 0
2020-07-17 18:15:25,213 __iter__: Reading lattice file `/tmp/54745232/lattices/dspm024_dsp2013_14.lat.gz´.
2020-07-17 18:15:25,221 decode: Utterance `dspm024_dsp2013_14´ -- 38 of job 0
2020-07-17 18:15:25,439 __iter__: Reading lattice file `/tmp/54745232/lattices/dspm025_dsp2013_09.lat.gz´.
2020-07-17 18:15:25,457 decode: Utterance `dspm025_dsp2013_09´ -- 39 of job 0
2020-07-17 18:15:25,874 __iter__: Reading lattice file `/tmp/54745232/lattices/dspm025_dsp2013_21.lat.gz´.
2020-07-17 18:15:26,113 decode: Utterance `dspm025_dsp2013_21´ -- 40 of job 0
2020-07-17 18:15:33,882 __iter__: Reading lattice file `/tmp/54745232/lattices/dspm026_dsp2013_03.lat.gz´.
2020-07-17 18:15:33,912 decode: Utterance `dspm026_dsp2013_03´ -- 41 of job 0
2020-07-17 18:15:34,883 __iter__: Reading lattice file `/tmp/54745232/lattices/dspm026_dsp2013_13.lat.gz´.
2020-07-17 18:15:34,935 decode: Utterance `dspm026_dsp2013_13´ -- 42 of job 0
2020-07-17 18:15:36,429 __iter__: Reading lattice file `/tmp/54745232/lattices/dspm028_dsp2013_03.lat.gz´.
2020-07-17 18:15:36,697 decode: Utterance `dspm028_dsp2013_03´ -- 43 of job 0
2020-07-17 18:15:44,490 __iter__: Reading lattice file `/tmp/54745232/lattices/dspm028_dsp2013_13.lat.gz´.
2020-07-17 18:15:44,591 decode: Utterance `dspm028_dsp2013_13´ -- 44 of job 0
2020-07-17 18:15:47,487 __iter__: Reading lattice file `/tmp/54745232/lattices/dspm031_dsp2013_03.lat.gz´.
2020-07-17 18:15:47,500 decode: Utterance `dspm031_dsp2013_03´ -- 45 of job 0
2020-07-17 18:15:47,900 __iter__: Reading lattice file `/tmp/54745232/lattices/dspm031_dsp2013_13.lat.gz´.
2020-07-17 18:15:48,298 decode: Utterance `dspm031_dsp2013_13´ -- 46 of job 0
2020-07-17 18:16:00,473 __iter__: Reading lattice file `/tmp/54745232/lattices/dspm031_dsp2013_23.lat.gz´.
2020-07-17 18:16:00,577 decode: Utterance `dspm031_dsp2013_23´ -- 47 of job 0
2020-07-17 18:16:04,503 __iter__: Reading lattice file `/tmp/54745232/lattices/dspm032_dsp2013_08.lat.gz´.
2020-07-17 18:16:04,528 decode: Utterance `dspm032_dsp2013_08´ -- 48 of job 0
2020-07-17 18:16:05,352 __iter__: Reading lattice file `/tmp/54745232/lattices/dspm032_dsp2013_18.lat.gz´.
2020-07-17 18:16:05,474 decode: Utterance `dspm032_dsp2013_18´ -- 49 of job 0
2020-07-17 18:16:09,324 __iter__: Reading lattice file `/tmp/54745232/lattices/dspm033_dsp2013_12.lat.gz´.
2020-07-17 18:16:09,442 decode: Utterance `dspm033_dsp2013_12´ -- 50 of job 0
2020-07-17 18:16:13,132 __iter__: Reading lattice file `/tmp/54745232/lattices/dspm033_dsp2013_42.lat.gz´.
2020-07-17 18:16:13,209 decode: Utterance `dspm033_dsp2013_42´ -- 51 of job 0
2020-07-17 18:16:16,254 __iter__: Reading lattice file `/tmp/54745232/lattices/dspm034_dsp2013_04.lat.gz´.
2020-07-17 18:16:16,561 decode: Utterance `dspm034_dsp2013_04´ -- 52 of job 0
2020-07-17 18:16:26,578 __iter__: Reading lattice file `/tmp/54745232/lattices/dspm034_dsp2013_14.lat.gz´.
2020-07-17 18:16:26,612 decode: Utterance `dspm034_dsp2013_14´ -- 53 of job 0
2020-07-17 18:16:27,450 __iter__: Reading lattice file `/tmp/54745232/lattices/dspm036_dsp2013_28.lat.gz´.
2020-07-17 18:16:27,582 decode: Utterance `dspm036_dsp2013_28´ -- 54 of job 0
2020-07-17 18:16:33,667 __iter__: Reading lattice file `/tmp/54745232/lattices/dspm036_dsp2013_39.lat.gz´.
2020-07-17 18:16:33,980 decode: Utterance `dspm036_dsp2013_39´ -- 55 of job 0
2020-07-17 18:16:49,728 __iter__: Reading lattice file `/tmp/54745232/lattices/dspm039_dsp2013_05.lat.gz´.
2020-07-17 18:16:49,836 decode: Utterance `dspm039_dsp2013_05´ -- 56 of job 0
2020-07-17 18:16:52,928 __iter__: Reading lattice file `/tmp/54745232/lattices/dspm039_dsp2013_17.lat.gz´.
2020-07-17 18:16:53,125 decode: Utterance `dspm039_dsp2013_17´ -- 57 of job 0
2020-07-17 18:17:00,292 __iter__: Reading lattice file `/tmp/54745232/lattices/dspm039_dsp2013_27.lat.gz´.
2020-07-17 18:17:00,753 decode: Utterance `dspm039_dsp2013_27´ -- 58 of job 0
2020-07-17 18:17:18,094 __iter__: Reading lattice file `/tmp/54745232/lattices/dspm040_dsp2013_10.lat.gz´.
2020-07-17 18:17:18,541 decode: Utterance `dspm040_dsp2013_10´ -- 59 of job 0
2020-07-17 18:17:32,787 __iter__: Reading lattice file `/tmp/54745232/lattices/dspm040_dsp2013_20.lat.gz´.
2020-07-17 18:17:32,961 decode: Utterance `dspm040_dsp2013_20´ -- 60 of job 0
2020-07-17 18:17:39,408 __iter__: Reading lattice file `/tmp/54745232/lattices/dspm042_dsp2013_12.lat.gz´.
2020-07-17 18:17:39,510 decode: Utterance `dspm042_dsp2013_12´ -- 61 of job 0
2020-07-17 18:17:42,754 __iter__: Reading lattice file `/tmp/54745232/lattices/dspm042_dsp2013_22.lat.gz´.
2020-07-17 18:17:42,758 decode: Utterance `dspm042_dsp2013_22´ -- 62 of job 0
2020-07-17 18:17:42,906 __iter__: Reading lattice file `/tmp/54745232/lattices/dspm043_dsp2013_15.lat.gz´.
2020-07-17 18:17:42,916 decode: Utterance `dspm043_dsp2013_15´ -- 63 of job 0
2020-07-17 18:17:43,196 __iter__: Reading lattice file `/tmp/54745232/lattices/dspm043_dsp2013_30.lat.gz´.
2020-07-17 18:17:43,529 decode: Utterance `dspm043_dsp2013_30´ -- 64 of job 0
2020-07-17 18:17:55,866 __iter__: Reading lattice file `/tmp/54745232/lattices/dspm045_dsp2013_05.lat.gz´.
2020-07-17 18:17:56,028 decode: Utterance `dspm045_dsp2013_05´ -- 65 of job 0
2020-07-17 18:18:00,891 __iter__: Reading lattice file `/tmp/54745232/lattices/dspm045_dsp2013_15.lat.gz´.
2020-07-17 18:18:01,138 decode: Utterance `dspm045_dsp2013_15´ -- 66 of job 0
2020-07-17 18:18:08,117 __iter__: Reading lattice file `/tmp/54745232/lattices/dspm047_dsp2013_05.lat.gz´.
2020-07-17 18:18:08,271 decode: Utterance `dspm047_dsp2013_05´ -- 67 of job 0
2020-07-17 18:18:12,014 __iter__: Reading lattice file `/tmp/54745232/lattices/dspm047_dsp2013_15.lat.gz´.
2020-07-17 18:18:12,149 decode: Utterance `dspm047_dsp2013_15´ -- 68 of job 0
2020-07-17 18:18:16,906 __iter__: Reading lattice file `/tmp/54745232/lattices/dspm048_dsp2013_05.lat.gz´.
2020-07-17 18:18:16,944 decode: Utterance `dspm048_dsp2013_05´ -- 69 of job 0
2020-07-17 18:18:18,083 __iter__: Reading lattice file `/tmp/54745232/lattices/dspm048_dsp2013_15.lat.gz´.
2020-07-17 18:18:18,216 decode: Utterance `dspm048_dsp2013_15´ -- 70 of job 0
2020-07-17 18:18:22,588 __iter__: Reading lattice file `/tmp/54745232/lattices/dspm049_dsp2013_04.lat.gz´.
2020-07-17 18:18:22,908 decode: Utterance `dspm049_dsp2013_04´ -- 71 of job 0
2020-07-17 18:18:32,543 __iter__: Reading lattice file `/tmp/54745232/lattices/dspm049_dsp2013_14.lat.gz´.
2020-07-17 18:18:34,254 decode: Utterance `dspm049_dsp2013_14´ -- 72 of job 0
2020-07-17 18:19:34,521 __iter__: Reading lattice file `/tmp/54745232/lattices/dspm050_dsp2013_09.lat.gz´.
2020-07-17 18:19:34,544 decode: Utterance `dspm050_dsp2013_09´ -- 73 of job 0
2020-07-17 18:19:35,764 __iter__: Reading lattice file `/tmp/54745232/lattices/dspm050_dsp2013_23.lat.gz´.
2020-07-17 18:19:35,899 decode: Utterance `dspm050_dsp2013_23´ -- 74 of job 0
2020-07-17 18:19:41,391 __iter__: Reading lattice file `/tmp/54745232/lattices/dspm052_dsp2013_02.lat.gz´.
2020-07-17 18:19:41,726 decode: Utterance `dspm052_dsp2013_02´ -- 75 of job 0
2020-07-17 18:19:53,257 __iter__: Reading lattice file `/tmp/54745232/lattices/dspm052_dsp2013_12.lat.gz´.
2020-07-17 18:19:53,551 decode: Utterance `dspm052_dsp2013_12´ -- 76 of job 0
2020-07-17 18:20:01,788 __iter__: Reading lattice file `/tmp/54745232/lattices/dspm054_dsp2013_02.lat.gz´.
2020-07-17 18:20:02,470 decode: Utterance `dspm054_dsp2013_02´ -- 77 of job 0
2020-07-17 18:20:27,043 __iter__: Reading lattice file `/tmp/54745232/lattices/dspm054_dsp2013_14.lat.gz´.
2020-07-17 18:20:27,183 decode: Utterance `dspm054_dsp2013_14´ -- 78 of job 0
2020-07-17 18:20:30,904 __iter__: Reading lattice file `/tmp/54745232/lattices/dspm055_dsp2013_01.lat.gz´.
2020-07-17 18:20:30,933 decode: Utterance `dspm055_dsp2013_01´ -- 79 of job 0
2020-07-17 18:20:31,684 __iter__: Reading lattice file `/tmp/54745232/lattices/dspm055_dsp2013_11.lat.gz´.
2020-07-17 18:20:31,805 decode: Utterance `dspm055_dsp2013_11´ -- 80 of job 0
2020-07-17 18:20:36,810 __iter__: Reading lattice file `/tmp/54745232/lattices/dspm056_dsp2013_01.lat.gz´.
2020-07-17 18:20:37,052 decode: Utterance `dspm056_dsp2013_01´ -- 81 of job 0
2020-07-17 18:20:43,777 __iter__: Reading lattice file `/tmp/54745232/lattices/dspm056_dsp2013_11.lat.gz´.
2020-07-17 18:20:43,935 decode: Utterance `dspm056_dsp2013_11´ -- 82 of job 0
2020-07-17 18:20:48,779 __iter__: Reading lattice file `/tmp/54745232/lattices/dspm057_dsp2013_01.lat.gz´.
2020-07-17 18:20:49,228 decode: Utterance `dspm057_dsp2013_01´ -- 83 of job 0
2020-07-17 18:20:59,251 __iter__: Reading lattice file `/tmp/54745232/lattices/dspm057_dsp2013_11.lat.gz´.
2020-07-17 18:20:59,635 decode: Utterance `dspm057_dsp2013_11´ -- 84 of job 0
2020-07-17 18:21:11,603 __iter__: Reading lattice file `/tmp/54745232/lattices/dspm058_dsp2013_01.lat.gz´.
2020-07-17 18:21:11,635 decode: Utterance `dspm058_dsp2013_01´ -- 85 of job 0
2020-07-17 18:21:12,304 __iter__: Reading lattice file `/tmp/54745232/lattices/dspm058_dsp2013_12.lat.gz´.
2020-07-17 18:21:12,678 decode: Utterance `dspm058_dsp2013_12´ -- 86 of job 0
2020-07-17 18:21:25,507 __iter__: Reading lattice file `/tmp/54745232/lattices/dspm058_dsp2013_23.lat.gz´.
2020-07-17 18:21:25,574 decode: Utterance `dspm058_dsp2013_23´ -- 87 of job 0
2020-07-17 18:21:27,500 __iter__: Reading lattice file `/tmp/54745232/lattices/radioanne_fym20071218_30.lat.gz´.
2020-07-17 18:21:27,512 decode: Utterance `radioanne_fym20071218_30´ -- 88 of job 0
2020-07-17 18:21:27,711 __iter__: Reading lattice file `/tmp/54745232/lattices/radiojake_kbk20120915_17.lat.gz´.
2020-07-17 18:21:29,018 decode: Utterance `radiojake_kbk20120915_17´ -- 89 of job 0
2020-07-17 18:22:23,947 __iter__: Reading lattice file `/tmp/54745232/lattices/radiojake_kbk20120915_3.lat.gz´.
2020-07-17 18:22:24,292 decode: Utterance `radiojake_kbk20120915_3´ -- 90 of job 0
2020-07-17 18:22:35,342 __iter__: Reading lattice file `/tmp/54745232/lattices/radiojake_kbk20120915_67.lat.gz´.
2020-07-17 18:22:35,469 decode: Utterance `radiojake_kbk20120915_67´ -- 91 of job 0
2020-07-17 18:22:40,058 __iter__: Reading lattice file `/tmp/54745232/lattices/radiojake_kbk20120915_95.lat.gz´.
2020-07-17 18:22:40,168 decode: Utterance `radiojake_kbk20120915_95´ -- 92 of job 0
2020-07-17 18:22:46,078 __iter__: Reading lattice file `/tmp/54745232/lattices/radiokassu_kbk20120915_49.lat.gz´.
2020-07-17 18:22:46,535 decode: Utterance `radiokassu_kbk20120915_49´ -- 93 of job 0
2020-07-17 18:23:02,685 __iter__: Reading lattice file `/tmp/54745232/lattices/radiokassu_kbk20120915_7.lat.gz´.
2020-07-17 18:23:02,980 decode: Utterance `radiokassu_kbk20120915_7´ -- 94 of job 0
2020-07-17 18:23:12,671 __iter__: Reading lattice file `/tmp/54745232/lattices/radionoona_fym20071218_29.lat.gz´.
2020-07-17 18:23:12,699 decode: Utterance `radionoona_fym20071218_29´ -- 95 of job 0
2020-07-17 18:23:13,393 __iter__: Reading lattice file `/tmp/54745232/lattices/radioshaka_kbk20120915_106.lat.gz´.
2020-07-17 18:23:15,526 decode: Utterance `radioshaka_kbk20120915_106´ -- 96 of job 0
2020-07-17 18:24:22,989 __iter__: Reading lattice file `/tmp/54745232/lattices/radioshaka_kbk20120915_23.lat.gz´.
2020-07-17 18:24:23,491 decode: Utterance `radioshaka_kbk20120915_23´ -- 97 of job 0
2020-07-17 18:24:38,559 __iter__: Reading lattice file `/tmp/54745232/lattices/radioshaka_kbk20120915_57.lat.gz´.
2020-07-17 18:24:38,591 decode: Utterance `radioshaka_kbk20120915_57´ -- 98 of job 0
2020-07-17 18:24:39,193 __iter__: Reading lattice file `/tmp/54745232/lattices/radioshaka_kbk20120915_81.lat.gz´.
2020-07-17 18:24:39,375 decode: Utterance `radioshaka_kbk20120915_81´ -- 99 of job 0
/scratch/work/groszt1/envs/theanoLM/lib/python3.7/site-packages/theano/gpuarray/dnn.py:184: UserWarning: Your cuDNN version is more recent than Theano. If you encounter problems, try updating Theano or downgrading cuDNN to a version >= v5 and <= v7.
  warnings.warn("Your cuDNN version is more recent than "
Using cuDNN version 7600 on context None
Mapped name None to device cuda0: Tesla V100-PCIE-32GB (0000:3B:00.0)
/scratch/work/groszt1/envs/theanoLM/lib/python3.7/site-packages/h5py-2.9.0-py3.7-linux-x86_64.egg/h5py/_hl/dataset.py:313: H5pyDeprecationWarning: dataset.value has been deprecated. Use dataset[()] instead.
  "Use dataset[()] instead.", H5pyDeprecationWarning)
/scratch/work/groszt1/envs/theanoLM/lib/python3.7/site-packages/h5py-2.9.0-py3.7-linux-x86_64.egg/h5py/_hl/dataset.py:313: H5pyDeprecationWarning: dataset.value has been deprecated. Use dataset[()] instead.
  "Use dataset[()] instead.", H5pyDeprecationWarning)
decode_theanolm finished.
