EXPT_NAME theanolm-100k
EXPT_PARAMS expt10-seed3
EXPT_WORK_DIR /scratch/work/moisioa3/conv_lm/experiments/theanolm-100k/expt10-seed3
Experiment: theanolm-100k/expt10-seed3
Job ID: 54744911
Task ID: 48
Host: gpu20.int.triton.aalto.fi
Start date: Fri Jul 17 17:44:41 EEST 2020
Work directory: /scratch/work/moisioa3/conv_lm/experiments/theanolm-100k/expt10-seed3
Temporary directory: /tmp/54744911

Currently Loaded Modules:
  1) speech-scripts/2016.05.24-b928230   6) binutils/2.25-GCCcore-5.4.0
  2) srilm/default                       7) GCC/5.4.0-2.25
  3) cuda/10.0.130                       8) libgpuarray/2017.03.29-45c731f
  4) cudnn/7.4.2-cuda                    9) anaconda3/latest
  5) GCCcore/5.4.0

 

/tmp/54744911/lattices
floatX=float32,device=cuda0,base_compiledir=/tmp/theano,exception_verbosity=high,openmp=False
/scratch/work/groszt1/envs/theanoLM/lib/python3.7/site-packages/theano/gpuarray/dnn.py:184: UserWarning: Your cuDNN version is more recent than Theano. If you encounter problems, try updating Theano or downgrading cuDNN to a version >= v5 and <= v7.
  warnings.warn("Your cuDNN version is more recent than "
Using cuDNN version 7600 on context None
Mapped name None to device cuda0: Tesla K80 (0000:88:00.0)
TheanoLM 1.3.2
Theano 1.0.4
pygpu 0.7.6
==
+ srun --gres=gpu:1 theanolm decode /scratch/work/moisioa3/conv_lm/experiments/theanolm-100k/expt10-seed3/nnlm.h5 --lattice-list /tmp/54744911/lattices/lattice-list --output-file /scratch/work/moisioa3/conv_lm/experiments/theanolm-100k/expt10-seed3/decode/devel/lambda=1.0-lms=11/8.trn --output trn --nnlm-weight 1.0 --lm-scale 11 --max-tokens-per-node 62 --beam 650 --recombination-order 22 --num-jobs 10 --job 8 --shortlist --unk-penalty=-20
2020-07-17 17:44:53,715 get_default_device: Context None device="Tesla K80" ID="0000:88:00.0"
2020-07-17 17:44:53,716 from_file: Reading vocabulary from network state.
2020-07-17 17:44:57,185 from_file: Number of words in vocabulary: 2427252
2020-07-17 17:44:57,186 from_file: Number of words in shortlist: 100003
2020-07-17 17:44:57,186 from_file: Number of word classes: 100003
2020-07-17 17:44:57,186 from_file: Building neural network.
2020-07-17 17:45:52,069 from_file: Restoring neural network state.
2020-07-17 17:45:52,849 decode: Building word lattice decoder.
2020-07-17 17:45:58,447 __iter__: Reading lattice file `/tmp/54744911/lattices/dspf004_dsp2013_10.lat.gz´.
2020-07-17 17:45:59,093 decode: Utterance `dspf004_dsp2013_10´ -- 1 of job 8
2020-07-17 17:46:45,764 __iter__: Reading lattice file `/tmp/54744911/lattices/dspf004_dsp2013_20.lat.gz´.
2020-07-17 17:46:46,555 decode: Utterance `dspf004_dsp2013_20´ -- 2 of job 8
2020-07-17 17:48:09,245 __iter__: Reading lattice file `/tmp/54744911/lattices/dspf007_dsp2013_09.lat.gz´.
2020-07-17 17:48:09,355 decode: Utterance `dspf007_dsp2013_09´ -- 3 of job 8
2020-07-17 17:48:18,976 __iter__: Reading lattice file `/tmp/54744911/lattices/dspf007_dsp2013_19.lat.gz´.
2020-07-17 17:48:19,036 decode: Utterance `dspf007_dsp2013_19´ -- 4 of job 8
2020-07-17 17:48:23,896 __iter__: Reading lattice file `/tmp/54744911/lattices/dspm001_dsp2013_09.lat.gz´.
2020-07-17 17:48:24,266 decode: Utterance `dspm001_dsp2013_09´ -- 5 of job 8
2020-07-17 17:49:06,025 __iter__: Reading lattice file `/tmp/54744911/lattices/dspm001_dsp2013_19.lat.gz´.
2020-07-17 17:49:06,076 decode: Utterance `dspm001_dsp2013_19´ -- 6 of job 8
2020-07-17 17:49:11,493 __iter__: Reading lattice file `/tmp/54744911/lattices/dspm004_dsp2013_09.lat.gz´.
2020-07-17 17:49:12,041 decode: Utterance `dspm004_dsp2013_09´ -- 7 of job 8
2020-07-17 17:49:56,554 __iter__: Reading lattice file `/tmp/54744911/lattices/dspm004_dsp2013_19.lat.gz´.
2020-07-17 17:49:56,752 decode: Utterance `dspm004_dsp2013_19´ -- 8 of job 8
2020-07-17 17:50:12,897 __iter__: Reading lattice file `/tmp/54744911/lattices/dspm005_dsp2013_09.lat.gz´.
2020-07-17 17:50:13,043 decode: Utterance `dspm005_dsp2013_09´ -- 9 of job 8
2020-07-17 17:50:22,566 __iter__: Reading lattice file `/tmp/54744911/lattices/dspm005_dsp2013_19.lat.gz´.
2020-07-17 17:50:22,837 decode: Utterance `dspm005_dsp2013_19´ -- 10 of job 8
2020-07-17 17:50:42,601 __iter__: Reading lattice file `/tmp/54744911/lattices/dspm006_dsp2013_09.lat.gz´.
2020-07-17 17:50:42,605 decode: Utterance `dspm006_dsp2013_09´ -- 11 of job 8
2020-07-17 17:50:42,808 __iter__: Reading lattice file `/tmp/54744911/lattices/dspm006_dsp2013_22.lat.gz´.
2020-07-17 17:50:42,815 decode: Utterance `dspm006_dsp2013_22´ -- 12 of job 8
2020-07-17 17:50:43,327 __iter__: Reading lattice file `/tmp/54744911/lattices/dspm007_dsp2013_10.lat.gz´.
2020-07-17 17:50:43,373 decode: Utterance `dspm007_dsp2013_10´ -- 13 of job 8
2020-07-17 17:50:47,364 __iter__: Reading lattice file `/tmp/54744911/lattices/dspm007_dsp2013_20.lat.gz´.
2020-07-17 17:50:48,486 decode: Utterance `dspm007_dsp2013_20´ -- 14 of job 8
2020-07-17 17:52:48,305 __iter__: Reading lattice file `/tmp/54744911/lattices/dspm010_dsp2013_01.lat.gz´.
2020-07-17 17:52:50,198 decode: Utterance `dspm010_dsp2013_01´ -- 15 of job 8
2020-07-17 17:55:13,608 __iter__: Reading lattice file `/tmp/54744911/lattices/dspm010_dsp2013_11.lat.gz´.
2020-07-17 17:55:15,696 decode: Utterance `dspm010_dsp2013_11´ -- 16 of job 8
2020-07-17 17:57:53,568 __iter__: Reading lattice file `/tmp/54744911/lattices/dspm011_dsp2013_01.lat.gz´.
2020-07-17 17:57:53,622 decode: Utterance `dspm011_dsp2013_01´ -- 17 of job 8
2020-07-17 17:57:56,250 __iter__: Reading lattice file `/tmp/54744911/lattices/dspm011_dsp2013_11.lat.gz´.
2020-07-17 17:57:56,437 decode: Utterance `dspm011_dsp2013_11´ -- 18 of job 8
2020-07-17 17:58:20,460 __iter__: Reading lattice file `/tmp/54744911/lattices/dspm011_dsp2013_21.lat.gz´.
2020-07-17 17:58:20,491 decode: Utterance `dspm011_dsp2013_21´ -- 19 of job 8
2020-07-17 17:58:23,360 __iter__: Reading lattice file `/tmp/54744911/lattices/dspm014_dsp2013_10.lat.gz´.
2020-07-17 17:58:26,508 decode: Utterance `dspm014_dsp2013_10´ -- 20 of job 8
2020-07-17 18:02:06,843 __iter__: Reading lattice file `/tmp/54744911/lattices/dspm014_dsp2013_28.lat.gz´.
2020-07-17 18:02:06,939 decode: Utterance `dspm014_dsp2013_28´ -- 21 of job 8
2020-07-17 18:02:14,976 __iter__: Reading lattice file `/tmp/54744911/lattices/dspm015_dsp2013_05.lat.gz´.
2020-07-17 18:02:15,555 decode: Utterance `dspm015_dsp2013_05´ -- 22 of job 8
2020-07-17 18:03:04,533 __iter__: Reading lattice file `/tmp/54744911/lattices/dspm015_dsp2013_15.lat.gz´.
2020-07-17 18:03:04,754 decode: Utterance `dspm015_dsp2013_15´ -- 23 of job 8
2020-07-17 18:03:21,334 __iter__: Reading lattice file `/tmp/54744911/lattices/dspm017_dsp2013_16.lat.gz´.
2020-07-17 18:03:22,108 decode: Utterance `dspm017_dsp2013_16´ -- 24 of job 8
2020-07-17 18:05:15,855 __iter__: Reading lattice file `/tmp/54744911/lattices/dspm017_dsp2013_51.lat.gz´.
2020-07-17 18:05:15,924 decode: Utterance `dspm017_dsp2013_51´ -- 25 of job 8
2020-07-17 18:05:22,391 __iter__: Reading lattice file `/tmp/54744911/lattices/dspm017_dsp2013_85.lat.gz´.
2020-07-17 18:05:23,527 decode: Utterance `dspm017_dsp2013_85´ -- 26 of job 8
2020-07-17 18:07:37,086 __iter__: Reading lattice file `/tmp/54744911/lattices/dspm018_dsp2013_11.lat.gz´.
2020-07-17 18:07:37,404 decode: Utterance `dspm018_dsp2013_11´ -- 27 of job 8
2020-07-17 18:08:04,050 __iter__: Reading lattice file `/tmp/54744911/lattices/dspm018_dsp2013_21.lat.gz´.
2020-07-17 18:08:04,065 decode: Utterance `dspm018_dsp2013_21´ -- 28 of job 8
2020-07-17 18:08:04,979 __iter__: Reading lattice file `/tmp/54744911/lattices/dspm019_dsp2013_09.lat.gz´.
2020-07-17 18:08:05,003 decode: Utterance `dspm019_dsp2013_09´ -- 29 of job 8
2020-07-17 18:08:06,975 __iter__: Reading lattice file `/tmp/54744911/lattices/dspm019_dsp2013_20.lat.gz´.
2020-07-17 18:08:07,136 decode: Utterance `dspm019_dsp2013_20´ -- 30 of job 8
2020-07-17 18:08:21,271 __iter__: Reading lattice file `/tmp/54744911/lattices/dspm021_dsp2013_10.lat.gz´.
2020-07-17 18:08:21,298 decode: Utterance `dspm021_dsp2013_10´ -- 31 of job 8
2020-07-17 18:08:24,508 __iter__: Reading lattice file `/tmp/54744911/lattices/dspm021_dsp2013_20.lat.gz´.
2020-07-17 18:08:24,534 decode: Utterance `dspm021_dsp2013_20´ -- 32 of job 8
2020-07-17 18:08:26,504 __iter__: Reading lattice file `/tmp/54744911/lattices/dspm022_dsp2013_06.lat.gz´.
2020-07-17 18:08:26,508 decode: Utterance `dspm022_dsp2013_06´ -- 33 of job 8
2020-07-17 18:08:26,797 __iter__: Reading lattice file `/tmp/54744911/lattices/dspm022_dsp2013_16.lat.gz´.
2020-07-17 18:08:26,900 decode: Utterance `dspm022_dsp2013_16´ -- 34 of job 8
2020-07-17 18:08:37,897 __iter__: Reading lattice file `/tmp/54744911/lattices/dspm022_dsp2013_26.lat.gz´.
2020-07-17 18:08:38,445 decode: Utterance `dspm022_dsp2013_26´ -- 35 of job 8
2020-07-17 18:09:25,010 __iter__: Reading lattice file `/tmp/54744911/lattices/dspm024_dsp2013_01.lat.gz´.
2020-07-17 18:09:25,190 decode: Utterance `dspm024_dsp2013_01´ -- 36 of job 8
2020-07-17 18:09:37,530 __iter__: Reading lattice file `/tmp/54744911/lattices/dspm024_dsp2013_12.lat.gz´.
2020-07-17 18:09:37,748 decode: Utterance `dspm024_dsp2013_12´ -- 37 of job 8
2020-07-17 18:09:55,746 __iter__: Reading lattice file `/tmp/54744911/lattices/dspm025_dsp2013_03.lat.gz´.
2020-07-17 18:09:55,772 decode: Utterance `dspm025_dsp2013_03´ -- 38 of job 8
2020-07-17 18:09:57,744 __iter__: Reading lattice file `/tmp/54744911/lattices/dspm025_dsp2013_19.lat.gz´.
2020-07-17 18:09:57,781 decode: Utterance `dspm025_dsp2013_19´ -- 39 of job 8
2020-07-17 18:10:01,488 __iter__: Reading lattice file `/tmp/54744911/lattices/dspm026_dsp2013_01.lat.gz´.
2020-07-17 18:10:01,623 decode: Utterance `dspm026_dsp2013_01´ -- 40 of job 8
2020-07-17 18:10:16,661 __iter__: Reading lattice file `/tmp/54744911/lattices/dspm026_dsp2013_11.lat.gz´.
2020-07-17 18:10:16,835 decode: Utterance `dspm026_dsp2013_11´ -- 41 of job 8
2020-07-17 18:10:31,050 __iter__: Reading lattice file `/tmp/54744911/lattices/dspm028_dsp2013_01.lat.gz´.
2020-07-17 18:10:31,180 decode: Utterance `dspm028_dsp2013_01´ -- 42 of job 8
2020-07-17 18:10:41,397 __iter__: Reading lattice file `/tmp/54744911/lattices/dspm028_dsp2013_11.lat.gz´.
2020-07-17 18:10:41,811 decode: Utterance `dspm028_dsp2013_11´ -- 43 of job 8
2020-07-17 18:11:06,062 __iter__: Reading lattice file `/tmp/54744911/lattices/dspm031_dsp2013_01.lat.gz´.
2020-07-17 18:11:06,093 decode: Utterance `dspm031_dsp2013_01´ -- 44 of job 8
2020-07-17 18:11:08,411 __iter__: Reading lattice file `/tmp/54744911/lattices/dspm031_dsp2013_11.lat.gz´.
2020-07-17 18:11:08,446 decode: Utterance `dspm031_dsp2013_11´ -- 45 of job 8
2020-07-17 18:11:11,667 __iter__: Reading lattice file `/tmp/54744911/lattices/dspm031_dsp2013_21.lat.gz´.
2020-07-17 18:11:11,672 decode: Utterance `dspm031_dsp2013_21´ -- 46 of job 8
2020-07-17 18:11:12,051 __iter__: Reading lattice file `/tmp/54744911/lattices/dspm032_dsp2013_06.lat.gz´.
2020-07-17 18:11:13,424 decode: Utterance `dspm032_dsp2013_06´ -- 47 of job 8
2020-07-17 18:13:15,740 __iter__: Reading lattice file `/tmp/54744911/lattices/dspm032_dsp2013_16.lat.gz´.
2020-07-17 18:13:16,329 decode: Utterance `dspm032_dsp2013_16´ -- 48 of job 8
2020-07-17 18:14:04,288 __iter__: Reading lattice file `/tmp/54744911/lattices/dspm033_dsp2013_03.lat.gz´.
2020-07-17 18:14:04,415 decode: Utterance `dspm033_dsp2013_03´ -- 49 of job 8
2020-07-17 18:14:14,092 __iter__: Reading lattice file `/tmp/54744911/lattices/dspm033_dsp2013_32.lat.gz´.
2020-07-17 18:14:14,184 decode: Utterance `dspm033_dsp2013_32´ -- 50 of job 8
2020-07-17 18:14:21,328 __iter__: Reading lattice file `/tmp/54744911/lattices/dspm034_dsp2013_02.lat.gz´.
2020-07-17 18:14:21,355 decode: Utterance `dspm034_dsp2013_02´ -- 51 of job 8
2020-07-17 18:14:23,423 __iter__: Reading lattice file `/tmp/54744911/lattices/dspm034_dsp2013_12.lat.gz´.
2020-07-17 18:14:23,585 decode: Utterance `dspm034_dsp2013_12´ -- 52 of job 8
2020-07-17 18:14:36,035 __iter__: Reading lattice file `/tmp/54744911/lattices/dspm036_dsp2013_03.lat.gz´.
2020-07-17 18:14:36,148 decode: Utterance `dspm036_dsp2013_03´ -- 53 of job 8
2020-07-17 18:14:45,254 __iter__: Reading lattice file `/tmp/54744911/lattices/dspm036_dsp2013_36.lat.gz´.
2020-07-17 18:14:48,487 decode: Utterance `dspm036_dsp2013_36´ -- 54 of job 8
2020-07-17 18:19:02,127 __iter__: Reading lattice file `/tmp/54744911/lattices/dspm039_dsp2013_03.lat.gz´.
2020-07-17 18:19:02,159 decode: Utterance `dspm039_dsp2013_03´ -- 55 of job 8
2020-07-17 18:19:04,588 __iter__: Reading lattice file `/tmp/54744911/lattices/dspm039_dsp2013_15.lat.gz´.
2020-07-17 18:19:04,723 decode: Utterance `dspm039_dsp2013_15´ -- 56 of job 8
2020-07-17 18:19:16,834 __iter__: Reading lattice file `/tmp/54744911/lattices/dspm039_dsp2013_25.lat.gz´.
2020-07-17 18:19:16,956 decode: Utterance `dspm039_dsp2013_25´ -- 57 of job 8
2020-07-17 18:19:28,333 __iter__: Reading lattice file `/tmp/54744911/lattices/dspm040_dsp2013_08.lat.gz´.
2020-07-17 18:19:28,381 decode: Utterance `dspm040_dsp2013_08´ -- 58 of job 8
2020-07-17 18:19:30,963 __iter__: Reading lattice file `/tmp/54744911/lattices/dspm040_dsp2013_18.lat.gz´.
2020-07-17 18:19:30,973 decode: Utterance `dspm040_dsp2013_18´ -- 59 of job 8
2020-07-17 18:19:32,351 __iter__: Reading lattice file `/tmp/54744911/lattices/dspm042_dsp2013_09.lat.gz´.
2020-07-17 18:19:32,468 decode: Utterance `dspm042_dsp2013_09´ -- 60 of job 8
2020-07-17 18:19:40,819 __iter__: Reading lattice file `/tmp/54744911/lattices/dspm042_dsp2013_20.lat.gz´.
2020-07-17 18:19:40,846 decode: Utterance `dspm042_dsp2013_20´ -- 61 of job 8
2020-07-17 18:19:42,474 __iter__: Reading lattice file `/tmp/54744911/lattices/dspm043_dsp2013_13.lat.gz´.
2020-07-17 18:19:42,734 decode: Utterance `dspm043_dsp2013_13´ -- 62 of job 8
2020-07-17 18:20:16,278 __iter__: Reading lattice file `/tmp/54744911/lattices/dspm043_dsp2013_26.lat.gz´.
2020-07-17 18:20:16,301 decode: Utterance `dspm043_dsp2013_26´ -- 63 of job 8
2020-07-17 18:20:18,391 __iter__: Reading lattice file `/tmp/54744911/lattices/dspm045_dsp2013_03.lat.gz´.
2020-07-17 18:20:19,198 decode: Utterance `dspm045_dsp2013_03´ -- 64 of job 8
2020-07-17 18:21:36,862 __iter__: Reading lattice file `/tmp/54744911/lattices/dspm045_dsp2013_13.lat.gz´.
2020-07-17 18:21:38,479 decode: Utterance `dspm045_dsp2013_13´ -- 65 of job 8
2020-07-17 18:23:47,098 __iter__: Reading lattice file `/tmp/54744911/lattices/dspm047_dsp2013_03.lat.gz´.
2020-07-17 18:23:47,346 decode: Utterance `dspm047_dsp2013_03´ -- 66 of job 8
2020-07-17 18:24:10,933 __iter__: Reading lattice file `/tmp/54744911/lattices/dspm047_dsp2013_13.lat.gz´.
2020-07-17 18:24:11,286 decode: Utterance `dspm047_dsp2013_13´ -- 67 of job 8
2020-07-17 18:24:43,251 __iter__: Reading lattice file `/tmp/54744911/lattices/dspm048_dsp2013_03.lat.gz´.
2020-07-17 18:24:43,570 decode: Utterance `dspm048_dsp2013_03´ -- 68 of job 8
2020-07-17 18:25:10,362 __iter__: Reading lattice file `/tmp/54744911/lattices/dspm048_dsp2013_13.lat.gz´.
2020-07-17 18:25:10,539 decode: Utterance `dspm048_dsp2013_13´ -- 69 of job 8
2020-07-17 18:25:24,292 __iter__: Reading lattice file `/tmp/54744911/lattices/dspm049_dsp2013_02.lat.gz´.
2020-07-17 18:25:24,643 decode: Utterance `dspm049_dsp2013_02´ -- 70 of job 8
2020-07-17 18:25:55,144 __iter__: Reading lattice file `/tmp/54744911/lattices/dspm049_dsp2013_12.lat.gz´.
2020-07-17 18:25:56,070 decode: Utterance `dspm049_dsp2013_12´ -- 71 of job 8
2020-07-17 18:27:02,412 __iter__: Reading lattice file `/tmp/54744911/lattices/dspm050_dsp2013_03.lat.gz´.
2020-07-17 18:27:02,721 decode: Utterance `dspm050_dsp2013_03´ -- 72 of job 8
2020-07-17 18:27:25,824 __iter__: Reading lattice file `/tmp/54744911/lattices/dspm050_dsp2013_21.lat.gz´.
2020-07-17 18:27:26,351 decode: Utterance `dspm050_dsp2013_21´ -- 73 of job 8
2020-07-17 18:28:15,917 __iter__: Reading lattice file `/tmp/54744911/lattices/dspm050_dsp2013_32.lat.gz´.
2020-07-17 18:28:15,985 decode: Utterance `dspm050_dsp2013_32´ -- 74 of job 8
2020-07-17 18:28:20,943 __iter__: Reading lattice file `/tmp/54744911/lattices/dspm052_dsp2013_10.lat.gz´.
2020-07-17 18:28:21,961 decode: Utterance `dspm052_dsp2013_10´ -- 75 of job 8
2020-07-17 18:29:54,986 __iter__: Reading lattice file `/tmp/54744911/lattices/dspm052_dsp2013_20.lat.gz´.
2020-07-17 18:29:55,126 decode: Utterance `dspm052_dsp2013_20´ -- 76 of job 8
2020-07-17 18:30:06,562 __iter__: Reading lattice file `/tmp/54744911/lattices/dspm054_dsp2013_12.lat.gz´.
2020-07-17 18:30:06,737 decode: Utterance `dspm054_dsp2013_12´ -- 77 of job 8
2020-07-17 18:30:20,185 __iter__: Reading lattice file `/tmp/54744911/lattices/dspm054_dsp2013_22.lat.gz´.
2020-07-17 18:30:20,728 decode: Utterance `dspm054_dsp2013_22´ -- 78 of job 8
2020-07-17 18:31:06,217 __iter__: Reading lattice file `/tmp/54744911/lattices/dspm055_dsp2013_09.lat.gz´.
2020-07-17 18:31:06,631 decode: Utterance `dspm055_dsp2013_09´ -- 79 of job 8
2020-07-17 18:31:44,581 __iter__: Reading lattice file `/tmp/54744911/lattices/dspm055_dsp2013_19.lat.gz´.
2020-07-17 18:31:44,630 decode: Utterance `dspm055_dsp2013_19´ -- 80 of job 8
2020-07-17 18:31:48,215 __iter__: Reading lattice file `/tmp/54744911/lattices/dspm056_dsp2013_09.lat.gz´.
2020-07-17 18:31:48,473 decode: Utterance `dspm056_dsp2013_09´ -- 81 of job 8
2020-07-17 18:32:07,894 __iter__: Reading lattice file `/tmp/54744911/lattices/dspm056_dsp2013_19.lat.gz´.
2020-07-17 18:32:08,850 decode: Utterance `dspm056_dsp2013_19´ -- 82 of job 8
2020-07-17 18:33:19,142 __iter__: Reading lattice file `/tmp/54744911/lattices/dspm057_dsp2013_09.lat.gz´.
2020-07-17 18:33:20,156 decode: Utterance `dspm057_dsp2013_09´ -- 83 of job 8
2020-07-17 18:34:37,434 __iter__: Reading lattice file `/tmp/54744911/lattices/dspm057_dsp2013_19.lat.gz´.
2020-07-17 18:34:38,089 decode: Utterance `dspm057_dsp2013_19´ -- 84 of job 8
2020-07-17 18:35:34,768 __iter__: Reading lattice file `/tmp/54744911/lattices/dspm058_dsp2013_10.lat.gz´.
2020-07-17 18:35:34,821 decode: Utterance `dspm058_dsp2013_10´ -- 85 of job 8
2020-07-17 18:35:38,255 __iter__: Reading lattice file `/tmp/54744911/lattices/dspm058_dsp2013_21.lat.gz´.
2020-07-17 18:35:38,399 decode: Utterance `dspm058_dsp2013_21´ -- 86 of job 8
2020-07-17 18:35:48,393 __iter__: Reading lattice file `/tmp/54744911/lattices/radioanne_fym20071218_26.lat.gz´.
2020-07-17 18:35:48,541 decode: Utterance `radioanne_fym20071218_26´ -- 87 of job 8
2020-07-17 18:36:05,316 __iter__: Reading lattice file `/tmp/54744911/lattices/radiojake_kbk20120915_12.lat.gz´.
2020-07-17 18:36:05,567 decode: Utterance `radiojake_kbk20120915_12´ -- 88 of job 8
2020-07-17 18:36:29,333 __iter__: Reading lattice file `/tmp/54744911/lattices/radiojake_kbk20120915_36.lat.gz´.
2020-07-17 18:36:29,336 decode: Utterance `radiojake_kbk20120915_36´ -- 89 of job 8
2020-07-17 18:36:29,509 __iter__: Reading lattice file `/tmp/54744911/lattices/radiojake_kbk20120915_59.lat.gz´.
2020-07-17 18:36:29,560 decode: Utterance `radiojake_kbk20120915_59´ -- 90 of job 8
2020-07-17 18:36:33,292 __iter__: Reading lattice file `/tmp/54744911/lattices/radiojake_kbk20120915_8.lat.gz´.
2020-07-17 18:36:33,627 decode: Utterance `radiojake_kbk20120915_8´ -- 91 of job 8
2020-07-17 18:37:10,299 __iter__: Reading lattice file `/tmp/54744911/lattices/radiokassu_kbk20120915_46.lat.gz´.
2020-07-17 18:37:10,631 decode: Utterance `radiokassu_kbk20120915_46´ -- 92 of job 8
2020-07-17 18:37:42,661 __iter__: Reading lattice file `/tmp/54744911/lattices/radiokassu_kbk20120915_71.lat.gz´.
2020-07-17 18:37:43,187 decode: Utterance `radiokassu_kbk20120915_71´ -- 93 of job 8
2020-07-17 18:38:12,461 __iter__: Reading lattice file `/tmp/54744911/lattices/radionoona_fym20071218_24.lat.gz´.
2020-07-17 18:38:12,499 decode: Utterance `radionoona_fym20071218_24´ -- 94 of job 8
2020-07-17 18:38:15,867 __iter__: Reading lattice file `/tmp/54744911/lattices/radioshaka_kbk20120915_100.lat.gz´.
2020-07-17 18:38:15,898 decode: Utterance `radioshaka_kbk20120915_100´ -- 95 of job 8
2020-07-17 18:38:18,859 __iter__: Reading lattice file `/tmp/54744911/lattices/radioshaka_kbk20120915_20.lat.gz´.
2020-07-17 18:38:19,412 decode: Utterance `radioshaka_kbk20120915_20´ -- 96 of job 8
2020-07-17 18:38:58,263 __iter__: Reading lattice file `/tmp/54744911/lattices/radioshaka_kbk20120915_40.lat.gz´.
2020-07-17 18:39:01,788 decode: Utterance `radioshaka_kbk20120915_40´ -- 97 of job 8
2020-07-17 18:43:12,415 __iter__: Reading lattice file `/tmp/54744911/lattices/radioshaka_kbk20120915_75.lat.gz´.
2020-07-17 18:43:13,368 decode: Utterance `radioshaka_kbk20120915_75´ -- 98 of job 8
2020-07-17 18:44:32,672 __iter__: Reading lattice file `/tmp/54744911/lattices/radioshaka_kbk20120915_9.lat.gz´.
2020-07-17 18:44:32,720 decode: Utterance `radioshaka_kbk20120915_9´ -- 99 of job 8
/scratch/work/groszt1/envs/theanoLM/lib/python3.7/site-packages/theano/gpuarray/dnn.py:184: UserWarning: Your cuDNN version is more recent than Theano. If you encounter problems, try updating Theano or downgrading cuDNN to a version >= v5 and <= v7.
  warnings.warn("Your cuDNN version is more recent than "
Using cuDNN version 7600 on context None
Mapped name None to device cuda0: Tesla K80 (0000:88:00.0)
/scratch/work/groszt1/envs/theanoLM/lib/python3.7/site-packages/h5py-2.9.0-py3.7-linux-x86_64.egg/h5py/_hl/dataset.py:313: H5pyDeprecationWarning: dataset.value has been deprecated. Use dataset[()] instead.
  "Use dataset[()] instead.", H5pyDeprecationWarning)
/scratch/work/groszt1/envs/theanoLM/lib/python3.7/site-packages/h5py-2.9.0-py3.7-linux-x86_64.egg/h5py/_hl/dataset.py:313: H5pyDeprecationWarning: dataset.value has been deprecated. Use dataset[()] instead.
  "Use dataset[()] instead.", H5pyDeprecationWarning)
decode_theanolm finished.
