EXPT_NAME theanolm-100k
EXPT_PARAMS expt10-seed3
EXPT_WORK_DIR /scratch/work/moisioa3/conv_lm/experiments/theanolm-100k/expt10-seed3
Experiment: theanolm-100k/expt10-seed3
Job ID: 54744867
Task ID: 39
Host: gpu7.int.triton.aalto.fi
Start date: Fri Jul 17 17:39:37 EEST 2020
Work directory: /scratch/work/moisioa3/conv_lm/experiments/theanolm-100k/expt10-seed3
Temporary directory: /tmp/54744867

Currently Loaded Modules:
  1) speech-scripts/2016.05.24-b928230   6) binutils/2.25-GCCcore-5.4.0
  2) srilm/default                       7) GCC/5.4.0-2.25
  3) cuda/10.0.130                       8) libgpuarray/2017.03.29-45c731f
  4) cudnn/7.4.2-cuda                    9) anaconda3/latest
  5) GCCcore/5.4.0

 

/tmp/54744867/lattices
floatX=float32,device=cuda0,base_compiledir=/tmp/theano,exception_verbosity=high,openmp=False
/scratch/work/groszt1/envs/theanoLM/lib/python3.7/site-packages/theano/gpuarray/dnn.py:184: UserWarning: Your cuDNN version is more recent than Theano. If you encounter problems, try updating Theano or downgrading cuDNN to a version >= v5 and <= v7.
  warnings.warn("Your cuDNN version is more recent than "
Using cuDNN version 7600 on context None
Mapped name None to device cuda0: Tesla V100-PCIE-32GB (0000:AF:00.0)
TheanoLM 1.3.2
Theano 1.0.4
pygpu 0.7.6
==
+ srun --gres=gpu:1 theanolm decode /scratch/work/moisioa3/conv_lm/experiments/theanolm-100k/expt10-seed3/nnlm.h5 --lattice-list /tmp/54744867/lattices/lattice-list --output-file /scratch/work/moisioa3/conv_lm/experiments/theanolm-100k/expt10-seed3/decode/devel/lambda=0.5-lms=14/9.trn --output trn --nnlm-weight 0.5 --lm-scale 14 --max-tokens-per-node 62 --beam 650 --recombination-order 22 --num-jobs 10 --job 9 --shortlist --unk-penalty=-20
2020-07-17 17:39:46,901 get_default_device: Context None device="Tesla V100-PCIE-32GB" ID="0000:AF:00.0"
2020-07-17 17:39:46,902 from_file: Reading vocabulary from network state.
2020-07-17 17:39:49,508 from_file: Number of words in vocabulary: 2427252
2020-07-17 17:39:49,508 from_file: Number of words in shortlist: 100003
2020-07-17 17:39:49,508 from_file: Number of word classes: 100003
2020-07-17 17:39:49,508 from_file: Building neural network.
2020-07-17 17:40:24,114 from_file: Restoring neural network state.
2020-07-17 17:40:24,840 decode: Building word lattice decoder.
2020-07-17 17:40:28,945 __iter__: Reading lattice file `/tmp/54744867/lattices/dspf004_dsp2013_11.lat.gz´.
2020-07-17 17:40:29,624 decode: Utterance `dspf004_dsp2013_11´ -- 1 of job 9
2020-07-17 17:41:10,008 __iter__: Reading lattice file `/tmp/54744867/lattices/dspf004_dsp2013_21.lat.gz´.
2020-07-17 17:41:10,356 decode: Utterance `dspf004_dsp2013_21´ -- 2 of job 9
2020-07-17 17:41:25,185 __iter__: Reading lattice file `/tmp/54744867/lattices/dspf007_dsp2013_10.lat.gz´.
2020-07-17 17:41:25,327 decode: Utterance `dspf007_dsp2013_10´ -- 3 of job 9
2020-07-17 17:41:30,954 __iter__: Reading lattice file `/tmp/54744867/lattices/dspf007_dsp2013_20.lat.gz´.
2020-07-17 17:41:30,983 decode: Utterance `dspf007_dsp2013_20´ -- 4 of job 9
2020-07-17 17:41:31,914 __iter__: Reading lattice file `/tmp/54744867/lattices/dspm001_dsp2013_10.lat.gz´.
2020-07-17 17:41:32,078 decode: Utterance `dspm001_dsp2013_10´ -- 5 of job 9
2020-07-17 17:41:39,661 __iter__: Reading lattice file `/tmp/54744867/lattices/dspm001_dsp2013_20.lat.gz´.
2020-07-17 17:41:40,339 decode: Utterance `dspm001_dsp2013_20´ -- 6 of job 9
2020-07-17 17:42:08,047 __iter__: Reading lattice file `/tmp/54744867/lattices/dspm004_dsp2013_10.lat.gz´.
2020-07-17 17:42:08,484 decode: Utterance `dspm004_dsp2013_10´ -- 7 of job 9
2020-07-17 17:42:26,856 __iter__: Reading lattice file `/tmp/54744867/lattices/dspm004_dsp2013_20.lat.gz´.
2020-07-17 17:42:27,051 decode: Utterance `dspm004_dsp2013_20´ -- 8 of job 9
2020-07-17 17:42:33,465 __iter__: Reading lattice file `/tmp/54744867/lattices/dspm005_dsp2013_10.lat.gz´.
2020-07-17 17:42:33,803 decode: Utterance `dspm005_dsp2013_10´ -- 9 of job 9
2020-07-17 17:42:44,051 __iter__: Reading lattice file `/tmp/54744867/lattices/dspm005_dsp2013_20.lat.gz´.
2020-07-17 17:42:44,261 decode: Utterance `dspm005_dsp2013_20´ -- 10 of job 9
2020-07-17 17:42:50,833 __iter__: Reading lattice file `/tmp/54744867/lattices/dspm006_dsp2013_10.lat.gz´.
2020-07-17 17:42:50,839 decode: Utterance `dspm006_dsp2013_10´ -- 11 of job 9
2020-07-17 17:42:51,057 __iter__: Reading lattice file `/tmp/54744867/lattices/dspm006_dsp2013_23.lat.gz´.
2020-07-17 17:42:51,064 decode: Utterance `dspm006_dsp2013_23´ -- 12 of job 9
2020-07-17 17:42:51,313 __iter__: Reading lattice file `/tmp/54744867/lattices/dspm007_dsp2013_11.lat.gz´.
2020-07-17 17:42:53,234 decode: Utterance `dspm007_dsp2013_11´ -- 13 of job 9
2020-07-17 17:44:13,293 __iter__: Reading lattice file `/tmp/54744867/lattices/dspm007_dsp2013_21.lat.gz´.
2020-07-17 17:44:13,394 decode: Utterance `dspm007_dsp2013_21´ -- 14 of job 9
2020-07-17 17:44:17,916 __iter__: Reading lattice file `/tmp/54744867/lattices/dspm010_dsp2013_02.lat.gz´.
2020-07-17 17:44:19,858 decode: Utterance `dspm010_dsp2013_02´ -- 15 of job 9
2020-07-17 17:45:30,854 __iter__: Reading lattice file `/tmp/54744867/lattices/dspm010_dsp2013_12.lat.gz´.
2020-07-17 17:45:31,001 decode: Utterance `dspm010_dsp2013_12´ -- 16 of job 9
2020-07-17 17:45:36,689 __iter__: Reading lattice file `/tmp/54744867/lattices/dspm011_dsp2013_02.lat.gz´.
2020-07-17 17:45:36,830 decode: Utterance `dspm011_dsp2013_02´ -- 17 of job 9
2020-07-17 17:45:41,343 __iter__: Reading lattice file `/tmp/54744867/lattices/dspm011_dsp2013_12.lat.gz´.
2020-07-17 17:45:41,428 decode: Utterance `dspm011_dsp2013_12´ -- 18 of job 9
2020-07-17 17:45:44,800 __iter__: Reading lattice file `/tmp/54744867/lattices/dspm011_dsp2013_22.lat.gz´.
2020-07-17 17:45:45,046 decode: Utterance `dspm011_dsp2013_22´ -- 19 of job 9
2020-07-17 17:45:53,544 __iter__: Reading lattice file `/tmp/54744867/lattices/dspm014_dsp2013_11.lat.gz´.
2020-07-17 17:45:53,643 decode: Utterance `dspm014_dsp2013_11´ -- 20 of job 9
2020-07-17 17:45:57,181 __iter__: Reading lattice file `/tmp/54744867/lattices/dspm014_dsp2013_29.lat.gz´.
2020-07-17 17:45:57,265 decode: Utterance `dspm014_dsp2013_29´ -- 21 of job 9
2020-07-17 17:46:01,028 __iter__: Reading lattice file `/tmp/54744867/lattices/dspm015_dsp2013_06.lat.gz´.
2020-07-17 17:46:02,796 decode: Utterance `dspm015_dsp2013_06´ -- 22 of job 9
2020-07-17 17:47:18,217 __iter__: Reading lattice file `/tmp/54744867/lattices/dspm015_dsp2013_16.lat.gz´.
2020-07-17 17:47:18,261 decode: Utterance `dspm015_dsp2013_16´ -- 23 of job 9
2020-07-17 17:47:19,534 __iter__: Reading lattice file `/tmp/54744867/lattices/dspm017_dsp2013_18.lat.gz´.
2020-07-17 17:47:19,637 decode: Utterance `dspm017_dsp2013_18´ -- 24 of job 9
2020-07-17 17:47:26,010 __iter__: Reading lattice file `/tmp/54744867/lattices/dspm017_dsp2013_53.lat.gz´.
2020-07-17 17:47:26,812 decode: Utterance `dspm017_dsp2013_53´ -- 25 of job 9
2020-07-17 17:48:02,455 __iter__: Reading lattice file `/tmp/54744867/lattices/dspm017_dsp2013_91.lat.gz´.
2020-07-17 17:48:02,461 decode: Utterance `dspm017_dsp2013_91´ -- 26 of job 9
2020-07-17 17:48:02,683 __iter__: Reading lattice file `/tmp/54744867/lattices/dspm018_dsp2013_12.lat.gz´.
2020-07-17 17:48:02,716 decode: Utterance `dspm018_dsp2013_12´ -- 27 of job 9
2020-07-17 17:48:03,786 __iter__: Reading lattice file `/tmp/54744867/lattices/dspm018_dsp2013_22.lat.gz´.
2020-07-17 17:48:03,876 decode: Utterance `dspm018_dsp2013_22´ -- 28 of job 9
2020-07-17 17:48:07,961 __iter__: Reading lattice file `/tmp/54744867/lattices/dspm019_dsp2013_10.lat.gz´.
2020-07-17 17:48:07,971 decode: Utterance `dspm019_dsp2013_10´ -- 29 of job 9
2020-07-17 17:48:08,309 __iter__: Reading lattice file `/tmp/54744867/lattices/dspm019_dsp2013_21.lat.gz´.
2020-07-17 17:48:08,400 decode: Utterance `dspm019_dsp2013_21´ -- 30 of job 9
2020-07-17 17:48:12,776 __iter__: Reading lattice file `/tmp/54744867/lattices/dspm021_dsp2013_11.lat.gz´.
2020-07-17 17:48:12,958 decode: Utterance `dspm021_dsp2013_11´ -- 31 of job 9
2020-07-17 17:48:19,081 __iter__: Reading lattice file `/tmp/54744867/lattices/dspm021_dsp2013_21.lat.gz´.
2020-07-17 17:48:19,345 decode: Utterance `dspm021_dsp2013_21´ -- 32 of job 9
2020-07-17 17:48:29,559 __iter__: Reading lattice file `/tmp/54744867/lattices/dspm022_dsp2013_07.lat.gz´.
2020-07-17 17:48:29,596 decode: Utterance `dspm022_dsp2013_07´ -- 33 of job 9
2020-07-17 17:48:30,577 __iter__: Reading lattice file `/tmp/54744867/lattices/dspm022_dsp2013_17.lat.gz´.
2020-07-17 17:48:30,648 decode: Utterance `dspm022_dsp2013_17´ -- 34 of job 9
2020-07-17 17:48:33,533 __iter__: Reading lattice file `/tmp/54744867/lattices/dspm022_dsp2013_27.lat.gz´.
2020-07-17 17:48:33,615 decode: Utterance `dspm022_dsp2013_27´ -- 35 of job 9
2020-07-17 17:48:37,383 __iter__: Reading lattice file `/tmp/54744867/lattices/dspm024_dsp2013_03.lat.gz´.
2020-07-17 17:48:37,669 decode: Utterance `dspm024_dsp2013_03´ -- 36 of job 9
2020-07-17 17:48:43,967 __iter__: Reading lattice file `/tmp/54744867/lattices/dspm024_dsp2013_13.lat.gz´.
2020-07-17 17:48:44,191 decode: Utterance `dspm024_dsp2013_13´ -- 37 of job 9
2020-07-17 17:48:52,326 __iter__: Reading lattice file `/tmp/54744867/lattices/dspm025_dsp2013_07.lat.gz´.
2020-07-17 17:48:52,574 decode: Utterance `dspm025_dsp2013_07´ -- 38 of job 9
2020-07-17 17:49:01,272 __iter__: Reading lattice file `/tmp/54744867/lattices/dspm025_dsp2013_20.lat.gz´.
2020-07-17 17:49:01,286 decode: Utterance `dspm025_dsp2013_20´ -- 39 of job 9
2020-07-17 17:49:01,767 __iter__: Reading lattice file `/tmp/54744867/lattices/dspm026_dsp2013_02.lat.gz´.
2020-07-17 17:49:01,801 decode: Utterance `dspm026_dsp2013_02´ -- 40 of job 9
2020-07-17 17:49:03,791 __iter__: Reading lattice file `/tmp/54744867/lattices/dspm026_dsp2013_12.lat.gz´.
2020-07-17 17:49:03,834 decode: Utterance `dspm026_dsp2013_12´ -- 41 of job 9
2020-07-17 17:49:05,760 __iter__: Reading lattice file `/tmp/54744867/lattices/dspm028_dsp2013_02.lat.gz´.
2020-07-17 17:49:05,864 decode: Utterance `dspm028_dsp2013_02´ -- 42 of job 9
2020-07-17 17:49:10,514 __iter__: Reading lattice file `/tmp/54744867/lattices/dspm028_dsp2013_12.lat.gz´.
2020-07-17 17:49:10,670 decode: Utterance `dspm028_dsp2013_12´ -- 43 of job 9
2020-07-17 17:49:16,823 __iter__: Reading lattice file `/tmp/54744867/lattices/dspm031_dsp2013_02.lat.gz´.
2020-07-17 17:49:16,882 decode: Utterance `dspm031_dsp2013_02´ -- 44 of job 9
2020-07-17 17:49:18,887 __iter__: Reading lattice file `/tmp/54744867/lattices/dspm031_dsp2013_12.lat.gz´.
2020-07-17 17:49:19,011 decode: Utterance `dspm031_dsp2013_12´ -- 45 of job 9
2020-07-17 17:49:24,823 __iter__: Reading lattice file `/tmp/54744867/lattices/dspm031_dsp2013_22.lat.gz´.
2020-07-17 17:49:25,151 decode: Utterance `dspm031_dsp2013_22´ -- 46 of job 9
2020-07-17 17:49:38,844 __iter__: Reading lattice file `/tmp/54744867/lattices/dspm032_dsp2013_07.lat.gz´.
2020-07-17 17:49:39,191 decode: Utterance `dspm032_dsp2013_07´ -- 47 of job 9
2020-07-17 17:49:57,772 __iter__: Reading lattice file `/tmp/54744867/lattices/dspm032_dsp2013_17.lat.gz´.
2020-07-17 17:49:57,798 decode: Utterance `dspm032_dsp2013_17´ -- 48 of job 9
2020-07-17 17:49:58,628 __iter__: Reading lattice file `/tmp/54744867/lattices/dspm033_dsp2013_10.lat.gz´.
2020-07-17 17:49:58,710 decode: Utterance `dspm033_dsp2013_10´ -- 49 of job 9
2020-07-17 17:50:01,669 __iter__: Reading lattice file `/tmp/54744867/lattices/dspm033_dsp2013_40.lat.gz´.
2020-07-17 17:50:02,517 decode: Utterance `dspm033_dsp2013_40´ -- 50 of job 9
2020-07-17 17:50:30,476 __iter__: Reading lattice file `/tmp/54744867/lattices/dspm034_dsp2013_03.lat.gz´.
2020-07-17 17:50:30,550 decode: Utterance `dspm034_dsp2013_03´ -- 51 of job 9
2020-07-17 17:50:32,537 __iter__: Reading lattice file `/tmp/54744867/lattices/dspm034_dsp2013_13.lat.gz´.
2020-07-17 17:50:32,598 decode: Utterance `dspm034_dsp2013_13´ -- 52 of job 9
2020-07-17 17:50:34,166 __iter__: Reading lattice file `/tmp/54744867/lattices/dspm036_dsp2013_26.lat.gz´.
2020-07-17 17:50:34,703 decode: Utterance `dspm036_dsp2013_26´ -- 53 of job 9
2020-07-17 17:50:59,251 __iter__: Reading lattice file `/tmp/54744867/lattices/dspm036_dsp2013_37.lat.gz´.
2020-07-17 17:50:59,642 decode: Utterance `dspm036_dsp2013_37´ -- 54 of job 9
2020-07-17 17:51:19,589 __iter__: Reading lattice file `/tmp/54744867/lattices/dspm039_dsp2013_04.lat.gz´.
2020-07-17 17:51:19,611 decode: Utterance `dspm039_dsp2013_04´ -- 55 of job 9
2020-07-17 17:51:20,653 __iter__: Reading lattice file `/tmp/54744867/lattices/dspm039_dsp2013_16.lat.gz´.
2020-07-17 17:51:20,739 decode: Utterance `dspm039_dsp2013_16´ -- 56 of job 9
2020-07-17 17:51:25,024 __iter__: Reading lattice file `/tmp/54744867/lattices/dspm039_dsp2013_26.lat.gz´.
2020-07-17 17:51:25,174 decode: Utterance `dspm039_dsp2013_26´ -- 57 of job 9
2020-07-17 17:51:32,754 __iter__: Reading lattice file `/tmp/54744867/lattices/dspm040_dsp2013_09.lat.gz´.
2020-07-17 17:51:32,756 decode: Utterance `dspm040_dsp2013_09´ -- 58 of job 9
2020-07-17 17:51:32,860 __iter__: Reading lattice file `/tmp/54744867/lattices/dspm040_dsp2013_19.lat.gz´.
2020-07-17 17:51:33,547 decode: Utterance `dspm040_dsp2013_19´ -- 59 of job 9
2020-07-17 17:51:53,588 __iter__: Reading lattice file `/tmp/54744867/lattices/dspm042_dsp2013_10.lat.gz´.
2020-07-17 17:51:53,596 decode: Utterance `dspm042_dsp2013_10´ -- 60 of job 9
2020-07-17 17:51:53,837 __iter__: Reading lattice file `/tmp/54744867/lattices/dspm042_dsp2013_21.lat.gz´.
2020-07-17 17:51:53,845 decode: Utterance `dspm042_dsp2013_21´ -- 61 of job 9
2020-07-17 17:51:54,170 __iter__: Reading lattice file `/tmp/54744867/lattices/dspm043_dsp2013_14.lat.gz´.
2020-07-17 17:51:54,232 decode: Utterance `dspm043_dsp2013_14´ -- 62 of job 9
2020-07-17 17:51:57,682 __iter__: Reading lattice file `/tmp/54744867/lattices/dspm043_dsp2013_28.lat.gz´.
2020-07-17 17:51:57,701 decode: Utterance `dspm043_dsp2013_28´ -- 63 of job 9
2020-07-17 17:51:58,311 __iter__: Reading lattice file `/tmp/54744867/lattices/dspm045_dsp2013_04.lat.gz´.
2020-07-17 17:51:58,535 decode: Utterance `dspm045_dsp2013_04´ -- 64 of job 9
2020-07-17 17:52:06,167 __iter__: Reading lattice file `/tmp/54744867/lattices/dspm045_dsp2013_14.lat.gz´.
2020-07-17 17:52:06,462 decode: Utterance `dspm045_dsp2013_14´ -- 65 of job 9
2020-07-17 17:52:14,985 __iter__: Reading lattice file `/tmp/54744867/lattices/dspm047_dsp2013_04.lat.gz´.
2020-07-17 17:52:15,030 decode: Utterance `dspm047_dsp2013_04´ -- 66 of job 9
2020-07-17 17:52:16,840 __iter__: Reading lattice file `/tmp/54744867/lattices/dspm047_dsp2013_14.lat.gz´.
2020-07-17 17:52:17,216 decode: Utterance `dspm047_dsp2013_14´ -- 67 of job 9
2020-07-17 17:52:27,869 __iter__: Reading lattice file `/tmp/54744867/lattices/dspm048_dsp2013_04.lat.gz´.
2020-07-17 17:52:27,890 decode: Utterance `dspm048_dsp2013_04´ -- 68 of job 9
2020-07-17 17:52:28,683 __iter__: Reading lattice file `/tmp/54744867/lattices/dspm048_dsp2013_14.lat.gz´.
2020-07-17 17:52:28,714 decode: Utterance `dspm048_dsp2013_14´ -- 69 of job 9
2020-07-17 17:52:29,575 __iter__: Reading lattice file `/tmp/54744867/lattices/dspm049_dsp2013_03.lat.gz´.
2020-07-17 17:52:30,121 decode: Utterance `dspm049_dsp2013_03´ -- 70 of job 9
2020-07-17 17:52:50,975 __iter__: Reading lattice file `/tmp/54744867/lattices/dspm049_dsp2013_13.lat.gz´.
2020-07-17 17:52:52,510 decode: Utterance `dspm049_dsp2013_13´ -- 71 of job 9
2020-07-17 17:53:53,228 __iter__: Reading lattice file `/tmp/54744867/lattices/dspm050_dsp2013_08.lat.gz´.
2020-07-17 17:53:53,340 decode: Utterance `dspm050_dsp2013_08´ -- 72 of job 9
2020-07-17 17:53:58,520 __iter__: Reading lattice file `/tmp/54744867/lattices/dspm050_dsp2013_22.lat.gz´.
2020-07-17 17:53:58,586 decode: Utterance `dspm050_dsp2013_22´ -- 73 of job 9
2020-07-17 17:54:00,685 __iter__: Reading lattice file `/tmp/54744867/lattices/dspm052_dsp2013_01.lat.gz´.
2020-07-17 17:54:01,005 decode: Utterance `dspm052_dsp2013_01´ -- 74 of job 9
2020-07-17 17:54:11,952 __iter__: Reading lattice file `/tmp/54744867/lattices/dspm052_dsp2013_11.lat.gz´.
2020-07-17 17:54:12,010 decode: Utterance `dspm052_dsp2013_11´ -- 75 of job 9
2020-07-17 17:54:13,877 __iter__: Reading lattice file `/tmp/54744867/lattices/dspm054_dsp2013_01.lat.gz´.
2020-07-17 17:54:14,157 decode: Utterance `dspm054_dsp2013_01´ -- 76 of job 9
2020-07-17 17:54:25,181 __iter__: Reading lattice file `/tmp/54744867/lattices/dspm054_dsp2013_13.lat.gz´.
2020-07-17 17:54:25,867 decode: Utterance `dspm054_dsp2013_13´ -- 77 of job 9
2020-07-17 17:54:55,067 __iter__: Reading lattice file `/tmp/54744867/lattices/dspm054_dsp2013_23.lat.gz´.
2020-07-17 17:54:55,143 decode: Utterance `dspm054_dsp2013_23´ -- 78 of job 9
2020-07-17 17:54:58,771 __iter__: Reading lattice file `/tmp/54744867/lattices/dspm055_dsp2013_10.lat.gz´.
2020-07-17 17:54:58,809 decode: Utterance `dspm055_dsp2013_10´ -- 79 of job 9
2020-07-17 17:54:59,924 __iter__: Reading lattice file `/tmp/54744867/lattices/dspm055_dsp2013_20.lat.gz´.
2020-07-17 17:54:59,933 decode: Utterance `dspm055_dsp2013_20´ -- 80 of job 9
2020-07-17 17:55:00,255 __iter__: Reading lattice file `/tmp/54744867/lattices/dspm056_dsp2013_10.lat.gz´.
2020-07-17 17:55:00,273 decode: Utterance `dspm056_dsp2013_10´ -- 81 of job 9
2020-07-17 17:55:00,813 __iter__: Reading lattice file `/tmp/54744867/lattices/dspm056_dsp2013_20.lat.gz´.
2020-07-17 17:55:00,826 decode: Utterance `dspm056_dsp2013_20´ -- 82 of job 9
2020-07-17 17:55:01,318 __iter__: Reading lattice file `/tmp/54744867/lattices/dspm057_dsp2013_10.lat.gz´.
2020-07-17 17:55:02,275 decode: Utterance `dspm057_dsp2013_10´ -- 83 of job 9
2020-07-17 17:56:02,303 __iter__: Reading lattice file `/tmp/54744867/lattices/dspm057_dsp2013_20.lat.gz´.
2020-07-17 17:56:02,545 decode: Utterance `dspm057_dsp2013_20´ -- 84 of job 9
2020-07-17 17:56:11,331 __iter__: Reading lattice file `/tmp/54744867/lattices/dspm058_dsp2013_11.lat.gz´.
2020-07-17 17:56:11,460 decode: Utterance `dspm058_dsp2013_11´ -- 85 of job 9
2020-07-17 17:56:15,652 __iter__: Reading lattice file `/tmp/54744867/lattices/dspm058_dsp2013_22.lat.gz´.
2020-07-17 17:56:15,742 decode: Utterance `dspm058_dsp2013_22´ -- 86 of job 9
2020-07-17 17:56:19,794 __iter__: Reading lattice file `/tmp/54744867/lattices/radioanne_fym20071218_28.lat.gz´.
2020-07-17 17:56:19,830 decode: Utterance `radioanne_fym20071218_28´ -- 87 of job 9
2020-07-17 17:56:20,892 __iter__: Reading lattice file `/tmp/54744867/lattices/radiojake_kbk20120915_14.lat.gz´.
2020-07-17 17:56:20,906 decode: Utterance `radiojake_kbk20120915_14´ -- 88 of job 9
2020-07-17 17:56:21,317 __iter__: Reading lattice file `/tmp/54744867/lattices/radiojake_kbk20120915_39.lat.gz´.
2020-07-17 17:56:21,322 decode: Utterance `radiojake_kbk20120915_39´ -- 89 of job 9
2020-07-17 17:56:21,459 __iter__: Reading lattice file `/tmp/54744867/lattices/radiojake_kbk20120915_65.lat.gz´.
2020-07-17 17:56:21,520 decode: Utterance `radiojake_kbk20120915_65´ -- 90 of job 9
2020-07-17 17:56:23,663 __iter__: Reading lattice file `/tmp/54744867/lattices/radiojake_kbk20120915_94.lat.gz´.
2020-07-17 17:56:23,703 decode: Utterance `radiojake_kbk20120915_94´ -- 91 of job 9
2020-07-17 17:56:25,753 __iter__: Reading lattice file `/tmp/54744867/lattices/radiokassu_kbk20120915_48.lat.gz´.
2020-07-17 17:56:25,981 decode: Utterance `radiokassu_kbk20120915_48´ -- 92 of job 9
2020-07-17 17:56:33,572 __iter__: Reading lattice file `/tmp/54744867/lattices/radiokassu_kbk20120915_72.lat.gz´.
2020-07-17 17:56:33,629 decode: Utterance `radiokassu_kbk20120915_72´ -- 93 of job 9
2020-07-17 17:56:35,044 __iter__: Reading lattice file `/tmp/54744867/lattices/radionoona_fym20071218_27.lat.gz´.
2020-07-17 17:56:35,072 decode: Utterance `radionoona_fym20071218_27´ -- 94 of job 9
2020-07-17 17:56:35,791 __iter__: Reading lattice file `/tmp/54744867/lattices/radioshaka_kbk20120915_102.lat.gz´.
2020-07-17 17:56:36,079 decode: Utterance `radioshaka_kbk20120915_102´ -- 95 of job 9
2020-07-17 17:56:53,943 __iter__: Reading lattice file `/tmp/54744867/lattices/radioshaka_kbk20120915_22.lat.gz´.
2020-07-17 17:56:54,464 decode: Utterance `radioshaka_kbk20120915_22´ -- 96 of job 9
2020-07-17 17:57:12,835 __iter__: Reading lattice file `/tmp/54744867/lattices/radioshaka_kbk20120915_42.lat.gz´.
2020-07-17 17:57:12,847 decode: Utterance `radioshaka_kbk20120915_42´ -- 97 of job 9
2020-07-17 17:57:13,103 __iter__: Reading lattice file `/tmp/54744867/lattices/radioshaka_kbk20120915_77.lat.gz´.
2020-07-17 17:57:13,128 decode: Utterance `radioshaka_kbk20120915_77´ -- 98 of job 9
/scratch/work/groszt1/envs/theanoLM/lib/python3.7/site-packages/theano/gpuarray/dnn.py:184: UserWarning: Your cuDNN version is more recent than Theano. If you encounter problems, try updating Theano or downgrading cuDNN to a version >= v5 and <= v7.
  warnings.warn("Your cuDNN version is more recent than "
Using cuDNN version 7600 on context None
Mapped name None to device cuda0: Tesla V100-PCIE-32GB (0000:AF:00.0)
/scratch/work/groszt1/envs/theanoLM/lib/python3.7/site-packages/h5py-2.9.0-py3.7-linux-x86_64.egg/h5py/_hl/dataset.py:313: H5pyDeprecationWarning: dataset.value has been deprecated. Use dataset[()] instead.
  "Use dataset[()] instead.", H5pyDeprecationWarning)
/scratch/work/groszt1/envs/theanoLM/lib/python3.7/site-packages/h5py-2.9.0-py3.7-linux-x86_64.egg/h5py/_hl/dataset.py:313: H5pyDeprecationWarning: dataset.value has been deprecated. Use dataset[()] instead.
  "Use dataset[()] instead.", H5pyDeprecationWarning)
decode_theanolm finished.
