EXPT_NAME theanolm-100k
EXPT_PARAMS expt10-seed3
EXPT_WORK_DIR /scratch/work/moisioa3/conv_lm/experiments/theanolm-100k/expt10-seed3
Experiment: theanolm-100k/expt10-seed3
Job ID: 54744591
Task ID: 4
Host: gpu22.int.triton.aalto.fi
Start date: Fri Jul 17 16:44:36 EEST 2020
Work directory: /scratch/work/moisioa3/conv_lm/experiments/theanolm-100k/expt10-seed3
Temporary directory: /tmp/54744591

Currently Loaded Modules:
  1) speech-scripts/2016.05.24-b928230   6) binutils/2.25-GCCcore-5.4.0
  2) srilm/default                       7) GCC/5.4.0-2.25
  3) cuda/10.0.130                       8) libgpuarray/2017.03.29-45c731f
  4) cudnn/7.4.2-cuda                    9) anaconda3/latest
  5) GCCcore/5.4.0

 

/tmp/54744591/lattices
floatX=float32,device=cuda0,base_compiledir=/tmp/theano,exception_verbosity=high,openmp=False
/scratch/work/groszt1/envs/theanoLM/lib/python3.7/site-packages/theano/gpuarray/dnn.py:184: UserWarning: Your cuDNN version is more recent than Theano. If you encounter problems, try updating Theano or downgrading cuDNN to a version >= v5 and <= v7.
  warnings.warn("Your cuDNN version is more recent than "
Using cuDNN version 7600 on context None
Mapped name None to device cuda0: Tesla K80 (0000:89:00.0)
TheanoLM 1.3.2
Theano 1.0.4
pygpu 0.7.6
==
+ srun --gres=gpu:1 theanolm decode /scratch/work/moisioa3/conv_lm/experiments/theanolm-100k/expt10-seed3/nnlm.h5 --lattice-list /tmp/54744591/lattices/lattice-list --output-file /scratch/work/moisioa3/conv_lm/experiments/theanolm-100k/expt10-seed3/decode/devel/lambda=0.5-lms=11/4.trn --output trn --nnlm-weight 0.5 --lm-scale 11 --max-tokens-per-node 62 --beam 650 --recombination-order 22 --num-jobs 10 --job 4 --shortlist --unk-penalty=-20
2020-07-17 16:45:11,349 get_default_device: Context None device="Tesla K80" ID="0000:89:00.0"
2020-07-17 16:45:11,368 from_file: Reading vocabulary from network state.
2020-07-17 16:45:15,617 from_file: Number of words in vocabulary: 2427252
2020-07-17 16:45:15,617 from_file: Number of words in shortlist: 100003
2020-07-17 16:45:15,618 from_file: Number of word classes: 100003
2020-07-17 16:45:15,618 from_file: Building neural network.
2020-07-17 16:46:13,073 from_file: Restoring neural network state.
2020-07-17 16:46:14,418 decode: Building word lattice decoder.
2020-07-17 16:46:45,250 __iter__: Reading lattice file `/tmp/54744591/lattices/dspf004_dsp2013_06.lat.gz´.
2020-07-17 16:46:45,509 decode: Utterance `dspf004_dsp2013_06´ -- 1 of job 4
2020-07-17 16:47:12,634 __iter__: Reading lattice file `/tmp/54744591/lattices/dspf004_dsp2013_16.lat.gz´.
2020-07-17 16:47:13,288 decode: Utterance `dspf004_dsp2013_16´ -- 2 of job 4
2020-07-17 16:49:08,254 __iter__: Reading lattice file `/tmp/54744591/lattices/dspf007_dsp2013_05.lat.gz´.
2020-07-17 16:49:09,289 decode: Utterance `dspf007_dsp2013_05´ -- 3 of job 4
2020-07-17 16:51:31,563 __iter__: Reading lattice file `/tmp/54744591/lattices/dspf007_dsp2013_15.lat.gz´.
2020-07-17 16:51:32,188 decode: Utterance `dspf007_dsp2013_15´ -- 4 of job 4
2020-07-17 16:52:25,348 __iter__: Reading lattice file `/tmp/54744591/lattices/dspm001_dsp2013_05.lat.gz´.
2020-07-17 16:52:25,386 decode: Utterance `dspm001_dsp2013_05´ -- 5 of job 4
2020-07-17 16:52:27,963 __iter__: Reading lattice file `/tmp/54744591/lattices/dspm001_dsp2013_15.lat.gz´.
2020-07-17 16:52:27,991 decode: Utterance `dspm001_dsp2013_15´ -- 6 of job 4
2020-07-17 16:52:30,077 __iter__: Reading lattice file `/tmp/54744591/lattices/dspm004_dsp2013_05.lat.gz´.
2020-07-17 16:52:30,343 decode: Utterance `dspm004_dsp2013_05´ -- 7 of job 4
2020-07-17 16:52:59,595 __iter__: Reading lattice file `/tmp/54744591/lattices/dspm004_dsp2013_15.lat.gz´.
2020-07-17 16:52:59,795 decode: Utterance `dspm004_dsp2013_15´ -- 8 of job 4
2020-07-17 16:53:24,019 __iter__: Reading lattice file `/tmp/54744591/lattices/dspm005_dsp2013_05.lat.gz´.
2020-07-17 16:53:24,058 decode: Utterance `dspm005_dsp2013_05´ -- 9 of job 4
2020-07-17 16:53:26,836 __iter__: Reading lattice file `/tmp/54744591/lattices/dspm005_dsp2013_15.lat.gz´.
2020-07-17 16:53:27,137 decode: Utterance `dspm005_dsp2013_15´ -- 10 of job 4
2020-07-17 16:53:48,525 __iter__: Reading lattice file `/tmp/54744591/lattices/dspm006_dsp2013_05.lat.gz´.
2020-07-17 16:53:48,534 decode: Utterance `dspm006_dsp2013_05´ -- 11 of job 4
2020-07-17 16:53:49,293 __iter__: Reading lattice file `/tmp/54744591/lattices/dspm006_dsp2013_17.lat.gz´.
2020-07-17 16:53:49,326 decode: Utterance `dspm006_dsp2013_17´ -- 12 of job 4
2020-07-17 16:53:52,043 __iter__: Reading lattice file `/tmp/54744591/lattices/dspm007_dsp2013_02.lat.gz´.
2020-07-17 16:53:52,308 decode: Utterance `dspm007_dsp2013_02´ -- 13 of job 4
2020-07-17 16:54:17,992 __iter__: Reading lattice file `/tmp/54744591/lattices/dspm007_dsp2013_16.lat.gz´.
2020-07-17 16:54:18,723 decode: Utterance `dspm007_dsp2013_16´ -- 14 of job 4
2020-07-17 16:55:24,043 __iter__: Reading lattice file `/tmp/54744591/lattices/dspm007_dsp2013_26.lat.gz´.
2020-07-17 16:55:24,305 decode: Utterance `dspm007_dsp2013_26´ -- 15 of job 4
2020-07-17 16:55:54,318 __iter__: Reading lattice file `/tmp/54744591/lattices/dspm010_dsp2013_07.lat.gz´.
2020-07-17 16:55:56,228 decode: Utterance `dspm010_dsp2013_07´ -- 16 of job 4
2020-07-17 16:58:23,076 __iter__: Reading lattice file `/tmp/54744591/lattices/dspm010_dsp2013_20.lat.gz´.
2020-07-17 16:58:25,124 decode: Utterance `dspm010_dsp2013_20´ -- 17 of job 4
2020-07-17 17:01:40,727 __iter__: Reading lattice file `/tmp/54744591/lattices/dspm011_dsp2013_07.lat.gz´.
2020-07-17 17:01:40,772 decode: Utterance `dspm011_dsp2013_07´ -- 18 of job 4
2020-07-17 17:01:45,255 __iter__: Reading lattice file `/tmp/54744591/lattices/dspm011_dsp2013_17.lat.gz´.
2020-07-17 17:01:45,293 decode: Utterance `dspm011_dsp2013_17´ -- 19 of job 4
2020-07-17 17:01:47,272 __iter__: Reading lattice file `/tmp/54744591/lattices/dspm014_dsp2013_01.lat.gz´.
2020-07-17 17:01:47,930 decode: Utterance `dspm014_dsp2013_01´ -- 20 of job 4
2020-07-17 17:03:08,700 __iter__: Reading lattice file `/tmp/54744591/lattices/dspm014_dsp2013_24.lat.gz´.
2020-07-17 17:03:09,263 decode: Utterance `dspm014_dsp2013_24´ -- 21 of job 4
2020-07-17 17:04:27,895 __iter__: Reading lattice file `/tmp/54744591/lattices/dspm015_dsp2013_01.lat.gz´.
2020-07-17 17:04:30,590 decode: Utterance `dspm015_dsp2013_01´ -- 22 of job 4
2020-07-17 17:08:43,457 __iter__: Reading lattice file `/tmp/54744591/lattices/dspm015_dsp2013_11.lat.gz´.
2020-07-17 17:08:44,128 decode: Utterance `dspm015_dsp2013_11´ -- 23 of job 4
2020-07-17 17:09:38,865 __iter__: Reading lattice file `/tmp/54744591/lattices/dspm017_dsp2013_101.lat.gz´.
2020-07-17 17:09:39,627 decode: Utterance `dspm017_dsp2013_101´ -- 24 of job 4
2020-07-17 17:11:01,762 __iter__: Reading lattice file `/tmp/54744591/lattices/dspm017_dsp2013_34.lat.gz´.
2020-07-17 17:11:02,291 decode: Utterance `dspm017_dsp2013_34´ -- 25 of job 4
2020-07-17 17:11:39,203 __iter__: Reading lattice file `/tmp/54744591/lattices/dspm017_dsp2013_77.lat.gz´.
2020-07-17 17:11:40,226 decode: Utterance `dspm017_dsp2013_77´ -- 26 of job 4
2020-07-17 17:13:25,511 __iter__: Reading lattice file `/tmp/54744591/lattices/dspm018_dsp2013_07.lat.gz´.
2020-07-17 17:13:25,839 decode: Utterance `dspm018_dsp2013_07´ -- 27 of job 4
2020-07-17 17:14:00,234 __iter__: Reading lattice file `/tmp/54744591/lattices/dspm018_dsp2013_17.lat.gz´.
2020-07-17 17:14:00,263 decode: Utterance `dspm018_dsp2013_17´ -- 28 of job 4
2020-07-17 17:14:02,718 __iter__: Reading lattice file `/tmp/54744591/lattices/dspm019_dsp2013_05.lat.gz´.
2020-07-17 17:14:02,726 decode: Utterance `dspm019_dsp2013_05´ -- 29 of job 4
2020-07-17 17:14:03,172 __iter__: Reading lattice file `/tmp/54744591/lattices/dspm019_dsp2013_15.lat.gz´.
2020-07-17 17:14:03,234 decode: Utterance `dspm019_dsp2013_15´ -- 30 of job 4
2020-07-17 17:14:08,137 __iter__: Reading lattice file `/tmp/54744591/lattices/dspm021_dsp2013_06.lat.gz´.
2020-07-17 17:14:09,149 decode: Utterance `dspm021_dsp2013_06´ -- 31 of job 4
2020-07-17 17:17:31,944 __iter__: Reading lattice file `/tmp/54744591/lattices/dspm021_dsp2013_16.lat.gz´.
2020-07-17 17:17:31,970 decode: Utterance `dspm021_dsp2013_16´ -- 32 of job 4
2020-07-17 17:17:34,173 __iter__: Reading lattice file `/tmp/54744591/lattices/dspm022_dsp2013_02.lat.gz´.
2020-07-17 17:17:34,206 decode: Utterance `dspm022_dsp2013_02´ -- 33 of job 4
2020-07-17 17:17:37,396 __iter__: Reading lattice file `/tmp/54744591/lattices/dspm022_dsp2013_12.lat.gz´.
2020-07-17 17:17:37,515 decode: Utterance `dspm022_dsp2013_12´ -- 34 of job 4
2020-07-17 17:17:53,439 __iter__: Reading lattice file `/tmp/54744591/lattices/dspm022_dsp2013_22.lat.gz´.
2020-07-17 17:17:53,526 decode: Utterance `dspm022_dsp2013_22´ -- 35 of job 4
2020-07-17 17:18:03,277 __iter__: Reading lattice file `/tmp/54744591/lattices/dspm022_dsp2013_32.lat.gz´.
2020-07-17 17:18:03,469 decode: Utterance `dspm022_dsp2013_32´ -- 36 of job 4
2020-07-17 17:18:22,586 __iter__: Reading lattice file `/tmp/54744591/lattices/dspm024_dsp2013_08.lat.gz´.
2020-07-17 17:18:23,194 decode: Utterance `dspm024_dsp2013_08´ -- 37 of job 4
2020-07-17 17:19:21,157 __iter__: Reading lattice file `/tmp/54744591/lattices/dspm024_dsp2013_19.lat.gz´.
2020-07-17 17:19:21,232 decode: Utterance `dspm024_dsp2013_19´ -- 38 of job 4
2020-07-17 17:19:27,247 __iter__: Reading lattice file `/tmp/54744591/lattices/dspm025_dsp2013_14.lat.gz´.
2020-07-17 17:19:27,316 decode: Utterance `dspm025_dsp2013_14´ -- 39 of job 4
2020-07-17 17:19:34,484 __iter__: Reading lattice file `/tmp/54744591/lattices/dspm025_dsp2013_27.lat.gz´.
2020-07-17 17:19:36,333 decode: Utterance `dspm025_dsp2013_27´ -- 40 of job 4
2020-07-17 17:23:04,100 __iter__: Reading lattice file `/tmp/54744591/lattices/dspm026_dsp2013_07.lat.gz´.
2020-07-17 17:23:04,197 decode: Utterance `dspm026_dsp2013_07´ -- 41 of job 4
2020-07-17 17:23:15,604 __iter__: Reading lattice file `/tmp/54744591/lattices/dspm026_dsp2013_17.lat.gz´.
2020-07-17 17:23:15,719 decode: Utterance `dspm026_dsp2013_17´ -- 42 of job 4
2020-07-17 17:23:29,677 __iter__: Reading lattice file `/tmp/54744591/lattices/dspm028_dsp2013_07.lat.gz´.
2020-07-17 17:23:30,482 decode: Utterance `dspm028_dsp2013_07´ -- 43 of job 4
2020-07-17 17:24:45,352 __iter__: Reading lattice file `/tmp/54744591/lattices/dspm028_dsp2013_17.lat.gz´.
2020-07-17 17:24:45,373 decode: Utterance `dspm028_dsp2013_17´ -- 44 of job 4
2020-07-17 17:24:46,618 __iter__: Reading lattice file `/tmp/54744591/lattices/dspm031_dsp2013_07.lat.gz´.
2020-07-17 17:24:46,853 decode: Utterance `dspm031_dsp2013_07´ -- 45 of job 4
2020-07-17 17:25:08,654 __iter__: Reading lattice file `/tmp/54744591/lattices/dspm031_dsp2013_17.lat.gz´.
2020-07-17 17:25:08,765 decode: Utterance `dspm031_dsp2013_17´ -- 46 of job 4
2020-07-17 17:25:19,694 __iter__: Reading lattice file `/tmp/54744591/lattices/dspm032_dsp2013_02.lat.gz´.
2020-07-17 17:25:19,736 decode: Utterance `dspm032_dsp2013_02´ -- 47 of job 4
2020-07-17 17:25:23,796 __iter__: Reading lattice file `/tmp/54744591/lattices/dspm032_dsp2013_12.lat.gz´.
2020-07-17 17:25:24,299 decode: Utterance `dspm032_dsp2013_12´ -- 48 of job 4
2020-07-17 17:26:36,427 __iter__: Reading lattice file `/tmp/54744591/lattices/dspm032_dsp2013_22.lat.gz´.
2020-07-17 17:26:36,920 decode: Utterance `dspm032_dsp2013_22´ -- 49 of job 4
2020-07-17 17:27:19,183 __iter__: Reading lattice file `/tmp/54744591/lattices/dspm033_dsp2013_23.lat.gz´.
2020-07-17 17:27:19,256 decode: Utterance `dspm033_dsp2013_23´ -- 50 of job 4
2020-07-17 17:27:26,710 __iter__: Reading lattice file `/tmp/54744591/lattices/dspm033_dsp2013_48.lat.gz´.
2020-07-17 17:27:27,404 decode: Utterance `dspm033_dsp2013_48´ -- 51 of job 4
2020-07-17 17:28:36,452 __iter__: Reading lattice file `/tmp/54744591/lattices/dspm034_dsp2013_08.lat.gz´.
2020-07-17 17:28:36,860 decode: Utterance `dspm034_dsp2013_08´ -- 52 of job 4
2020-07-17 17:29:11,686 __iter__: Reading lattice file `/tmp/54744591/lattices/dspm034_dsp2013_18.lat.gz´.
2020-07-17 17:29:11,732 decode: Utterance `dspm034_dsp2013_18´ -- 53 of job 4
2020-07-17 17:29:16,409 __iter__: Reading lattice file `/tmp/54744591/lattices/dspm036_dsp2013_32.lat.gz´.
2020-07-17 17:29:16,805 decode: Utterance `dspm036_dsp2013_32´ -- 54 of job 4
2020-07-17 17:29:44,970 __iter__: Reading lattice file `/tmp/54744591/lattices/dspm036_dsp2013_43.lat.gz´.
2020-07-17 17:29:45,321 decode: Utterance `dspm036_dsp2013_43´ -- 55 of job 4
2020-07-17 17:30:17,530 __iter__: Reading lattice file `/tmp/54744591/lattices/dspm039_dsp2013_10.lat.gz´.
2020-07-17 17:30:17,533 decode: Utterance `dspm039_dsp2013_10´ -- 56 of job 4
2020-07-17 17:30:17,726 __iter__: Reading lattice file `/tmp/54744591/lattices/dspm039_dsp2013_21.lat.gz´.
2020-07-17 17:30:17,737 decode: Utterance `dspm039_dsp2013_21´ -- 57 of job 4
2020-07-17 17:30:18,897 __iter__: Reading lattice file `/tmp/54744591/lattices/dspm040_dsp2013_04.lat.gz´.
2020-07-17 17:30:18,924 decode: Utterance `dspm040_dsp2013_04´ -- 58 of job 4
2020-07-17 17:30:21,828 __iter__: Reading lattice file `/tmp/54744591/lattices/dspm040_dsp2013_14.lat.gz´.
2020-07-17 17:30:21,841 decode: Utterance `dspm040_dsp2013_14´ -- 59 of job 4
2020-07-17 17:30:22,496 __iter__: Reading lattice file `/tmp/54744591/lattices/dspm042_dsp2013_04.lat.gz´.
2020-07-17 17:30:22,504 decode: Utterance `dspm042_dsp2013_04´ -- 60 of job 4
2020-07-17 17:30:23,161 __iter__: Reading lattice file `/tmp/54744591/lattices/dspm042_dsp2013_16.lat.gz´.
2020-07-17 17:30:23,168 decode: Utterance `dspm042_dsp2013_16´ -- 61 of job 4
2020-07-17 17:30:23,964 __iter__: Reading lattice file `/tmp/54744591/lattices/dspm043_dsp2013_06.lat.gz´.
2020-07-17 17:30:23,976 decode: Utterance `dspm043_dsp2013_06´ -- 62 of job 4
2020-07-17 17:30:25,079 __iter__: Reading lattice file `/tmp/54744591/lattices/dspm043_dsp2013_19.lat.gz´.
2020-07-17 17:30:25,092 decode: Utterance `dspm043_dsp2013_19´ -- 63 of job 4
2020-07-17 17:30:26,418 __iter__: Reading lattice file `/tmp/54744591/lattices/dspm043_dsp2013_37.lat.gz´.
2020-07-17 17:30:26,556 decode: Utterance `dspm043_dsp2013_37´ -- 64 of job 4
2020-07-17 17:30:38,931 __iter__: Reading lattice file `/tmp/54744591/lattices/dspm045_dsp2013_09.lat.gz´.
2020-07-17 17:30:39,082 decode: Utterance `dspm045_dsp2013_09´ -- 65 of job 4
2020-07-17 17:30:52,420 __iter__: Reading lattice file `/tmp/54744591/lattices/dspm045_dsp2013_19.lat.gz´.
2020-07-17 17:30:52,694 decode: Utterance `dspm045_dsp2013_19´ -- 66 of job 4
2020-07-17 17:31:25,861 __iter__: Reading lattice file `/tmp/54744591/lattices/dspm047_dsp2013_09.lat.gz´.
2020-07-17 17:31:26,071 decode: Utterance `dspm047_dsp2013_09´ -- 67 of job 4
2020-07-17 17:31:48,760 __iter__: Reading lattice file `/tmp/54744591/lattices/dspm047_dsp2013_19.lat.gz´.
2020-07-17 17:31:48,773 decode: Utterance `dspm047_dsp2013_19´ -- 68 of job 4
2020-07-17 17:31:49,448 __iter__: Reading lattice file `/tmp/54744591/lattices/dspm048_dsp2013_09.lat.gz´.
2020-07-17 17:31:49,547 decode: Utterance `dspm048_dsp2013_09´ -- 69 of job 4
2020-07-17 17:32:00,316 __iter__: Reading lattice file `/tmp/54744591/lattices/dspm048_dsp2013_19.lat.gz´.
2020-07-17 17:32:00,339 decode: Utterance `dspm048_dsp2013_19´ -- 70 of job 4
2020-07-17 17:32:01,643 __iter__: Reading lattice file `/tmp/54744591/lattices/dspm049_dsp2013_08.lat.gz´.
2020-07-17 17:32:03,227 decode: Utterance `dspm049_dsp2013_08´ -- 71 of job 4
2020-07-17 17:34:15,173 __iter__: Reading lattice file `/tmp/54744591/lattices/dspm049_dsp2013_18.lat.gz´.
2020-07-17 17:34:15,532 decode: Utterance `dspm049_dsp2013_18´ -- 72 of job 4
2020-07-17 17:34:42,166 __iter__: Reading lattice file `/tmp/54744591/lattices/dspm050_dsp2013_16.lat.gz´.
2020-07-17 17:34:43,007 decode: Utterance `dspm050_dsp2013_16´ -- 73 of job 4
2020-07-17 17:36:24,878 __iter__: Reading lattice file `/tmp/54744591/lattices/dspm050_dsp2013_28.lat.gz´.
2020-07-17 17:36:25,148 decode: Utterance `dspm050_dsp2013_28´ -- 74 of job 4
2020-07-17 17:36:50,716 __iter__: Reading lattice file `/tmp/54744591/lattices/dspm052_dsp2013_06.lat.gz´.
2020-07-17 17:36:50,803 decode: Utterance `dspm052_dsp2013_06´ -- 75 of job 4
2020-07-17 17:36:57,297 __iter__: Reading lattice file `/tmp/54744591/lattices/dspm052_dsp2013_16.lat.gz´.
2020-07-17 17:36:57,497 decode: Utterance `dspm052_dsp2013_16´ -- 76 of job 4
2020-07-17 17:37:26,362 __iter__: Reading lattice file `/tmp/54744591/lattices/dspm054_dsp2013_07.lat.gz´.
2020-07-17 17:37:27,496 decode: Utterance `dspm054_dsp2013_07´ -- 77 of job 4
2020-07-17 17:39:19,024 __iter__: Reading lattice file `/tmp/54744591/lattices/dspm054_dsp2013_18.lat.gz´.
2020-07-17 17:39:19,236 decode: Utterance `dspm054_dsp2013_18´ -- 78 of job 4
2020-07-17 17:39:44,733 __iter__: Reading lattice file `/tmp/54744591/lattices/dspm055_dsp2013_05.lat.gz´.
2020-07-17 17:39:44,859 decode: Utterance `dspm055_dsp2013_05´ -- 79 of job 4
2020-07-17 17:39:55,219 __iter__: Reading lattice file `/tmp/54744591/lattices/dspm055_dsp2013_15.lat.gz´.
2020-07-17 17:39:55,356 decode: Utterance `dspm055_dsp2013_15´ -- 80 of job 4
2020-07-17 17:40:16,270 __iter__: Reading lattice file `/tmp/54744591/lattices/dspm056_dsp2013_05.lat.gz´.
2020-07-17 17:40:16,295 decode: Utterance `dspm056_dsp2013_05´ -- 81 of job 4
2020-07-17 17:40:18,964 __iter__: Reading lattice file `/tmp/54744591/lattices/dspm056_dsp2013_15.lat.gz´.
2020-07-17 17:40:19,249 decode: Utterance `dspm056_dsp2013_15´ -- 82 of job 4
2020-07-17 17:40:44,785 __iter__: Reading lattice file `/tmp/54744591/lattices/dspm057_dsp2013_05.lat.gz´.
2020-07-17 17:40:45,513 decode: Utterance `dspm057_dsp2013_05´ -- 83 of job 4
2020-07-17 17:42:05,019 __iter__: Reading lattice file `/tmp/54744591/lattices/dspm057_dsp2013_15.lat.gz´.
2020-07-17 17:42:06,218 decode: Utterance `dspm057_dsp2013_15´ -- 84 of job 4
2020-07-17 17:44:04,760 __iter__: Reading lattice file `/tmp/54744591/lattices/dspm058_dsp2013_06.lat.gz´.
2020-07-17 17:44:04,801 decode: Utterance `dspm058_dsp2013_06´ -- 85 of job 4
2020-07-17 17:44:08,680 __iter__: Reading lattice file `/tmp/54744591/lattices/dspm058_dsp2013_17.lat.gz´.
2020-07-17 17:44:09,464 decode: Utterance `dspm058_dsp2013_17´ -- 86 of job 4
2020-07-17 17:45:27,553 __iter__: Reading lattice file `/tmp/54744591/lattices/radioanne_fym20071218_12.lat.gz´.
2020-07-17 17:45:29,037 decode: Utterance `radioanne_fym20071218_12´ -- 87 of job 4
2020-07-17 17:48:53,762 __iter__: Reading lattice file `/tmp/54744591/lattices/radiojake_kbk20120915_115.lat.gz´.
2020-07-17 17:48:53,813 decode: Utterance `radiojake_kbk20120915_115´ -- 88 of job 4
2020-07-17 17:49:00,097 __iter__: Reading lattice file `/tmp/54744591/lattices/radiojake_kbk20120915_25.lat.gz´.
2020-07-17 17:49:00,405 decode: Utterance `radiojake_kbk20120915_25´ -- 89 of job 4
2020-07-17 17:49:30,681 __iter__: Reading lattice file `/tmp/54744591/lattices/radiojake_kbk20120915_52.lat.gz´.
2020-07-17 17:49:31,163 decode: Utterance `radiojake_kbk20120915_52´ -- 90 of job 4
2020-07-17 17:51:07,533 __iter__: Reading lattice file `/tmp/54744591/lattices/radiojake_kbk20120915_82.lat.gz´.
2020-07-17 17:51:07,535 decode: Utterance `radiojake_kbk20120915_82´ -- 91 of job 4
2020-07-17 17:51:07,680 __iter__: Reading lattice file `/tmp/54744591/lattices/radiokassu_kbk20120915_112.lat.gz´.
2020-07-17 17:51:07,758 decode: Utterance `radiokassu_kbk20120915_112´ -- 92 of job 4
2020-07-17 17:51:15,091 __iter__: Reading lattice file `/tmp/54744591/lattices/radiokassu_kbk20120915_68.lat.gz´.
2020-07-17 17:51:15,506 decode: Utterance `radiokassu_kbk20120915_68´ -- 93 of job 4
2020-07-17 17:51:47,466 __iter__: Reading lattice file `/tmp/54744591/lattices/radionoona_fym20071218_17.lat.gz´.
2020-07-17 17:51:47,478 decode: Utterance `radionoona_fym20071218_17´ -- 94 of job 4
2020-07-17 17:51:48,326 __iter__: Reading lattice file `/tmp/54744591/lattices/radionoona_fym20071218_34.lat.gz´.
2020-07-17 17:51:48,327 decode: Utterance `radionoona_fym20071218_34´ -- 95 of job 4
2020-07-17 17:51:48,437 __iter__: Reading lattice file `/tmp/54744591/lattices/radioshaka_kbk20120915_13.lat.gz´.
2020-07-17 17:51:48,946 decode: Utterance `radioshaka_kbk20120915_13´ -- 96 of job 4
2020-07-17 17:52:36,377 __iter__: Reading lattice file `/tmp/54744591/lattices/radioshaka_kbk20120915_32.lat.gz´.
2020-07-17 17:52:36,536 decode: Utterance `radioshaka_kbk20120915_32´ -- 97 of job 4
2020-07-17 17:52:51,981 __iter__: Reading lattice file `/tmp/54744591/lattices/radioshaka_kbk20120915_62.lat.gz´.
2020-07-17 17:52:52,051 decode: Utterance `radioshaka_kbk20120915_62´ -- 98 of job 4
2020-07-17 17:52:55,449 __iter__: Reading lattice file `/tmp/54744591/lattices/radioshaka_kbk20120915_90.lat.gz´.
2020-07-17 17:52:55,597 decode: Utterance `radioshaka_kbk20120915_90´ -- 99 of job 4
/scratch/work/groszt1/envs/theanoLM/lib/python3.7/site-packages/theano/gpuarray/dnn.py:184: UserWarning: Your cuDNN version is more recent than Theano. If you encounter problems, try updating Theano or downgrading cuDNN to a version >= v5 and <= v7.
  warnings.warn("Your cuDNN version is more recent than "
Using cuDNN version 7600 on context None
Mapped name None to device cuda0: Tesla K80 (0000:89:00.0)
/scratch/work/groszt1/envs/theanoLM/lib/python3.7/site-packages/h5py-2.9.0-py3.7-linux-x86_64.egg/h5py/_hl/dataset.py:313: H5pyDeprecationWarning: dataset.value has been deprecated. Use dataset[()] instead.
  "Use dataset[()] instead.", H5pyDeprecationWarning)
/scratch/work/groszt1/envs/theanoLM/lib/python3.7/site-packages/h5py-2.9.0-py3.7-linux-x86_64.egg/h5py/_hl/dataset.py:313: H5pyDeprecationWarning: dataset.value has been deprecated. Use dataset[()] instead.
  "Use dataset[()] instead.", H5pyDeprecationWarning)
decode_theanolm finished.
