Experiment: theanolm-morph-42k/expt2-sampled
Job ID: 55131981
Task ID: 118
Host: gpu8.int.triton.aalto.fi
Start date: Thu Aug 20 15:52:40 EEST 2020
Work directory: /scratch/work/moisioa3/conv_lm/experiments/theanolm-morph-42k/expt2-sampled
Temporary directory: /tmp/55131981

Currently Loaded Modules:
  1) speech-scripts/2016.05.24-b928230   6) binutils/2.25-GCCcore-5.4.0
  2) srilm/default                       7) GCC/5.4.0-2.25
  3) cuda/10.0.130                       8) libgpuarray/2017.03.29-45c731f
  4) cudnn/7.4.2-cuda                    9) anaconda3/latest
  5) GCCcore/5.4.0

 

/tmp/55131981/lattices
floatX=float32,device=cuda0,base_compiledir=/tmp/theano,exception_verbosity=high,openmp=False
/scratch/work/groszt1/envs/theanoLM/lib/python3.7/site-packages/theano/gpuarray/dnn.py:184: UserWarning: Your cuDNN version is more recent than Theano. If you encounter problems, try updating Theano or downgrading cuDNN to a version >= v5 and <= v7.
  warnings.warn("Your cuDNN version is more recent than "
Using cuDNN version 7600 on context None
Mapped name None to device cuda0: Tesla V100-PCIE-32GB (0000:18:00.0)
TheanoLM 1.3.2
Theano 1.0.4
pygpu 0.7.6
==
+ srun --gres=gpu:1 theanolm decode /scratch/work/moisioa3/conv_lm/experiments/theanolm-morph-42k/expt2-sampled/nnlm.h5 --lattice-list /tmp/55131981/lattices/lattice-list --output-file /scratch/work/moisioa3/conv_lm/experiments/theanolm-morph-42k/expt2-sampled/decode/devel/lambda=0.5-lms=9/118.trn --output trn --nnlm-weight 0.5 --lm-scale 9 --max-tokens-per-node 62 --beam 650 --recombination-order 22 --num-jobs 128 --job 118 --unk-penalty=-20
2020-08-20 15:52:52,653 get_default_device: Context None device="Tesla V100-PCIE-32GB" ID="0000:18:00.0"
2020-08-20 15:52:52,654 from_file: Reading vocabulary from network state.
2020-08-20 15:52:52,861 from_file: Number of words in vocabulary: 42699
2020-08-20 15:52:52,861 from_file: Number of words in shortlist: 42699
2020-08-20 15:52:52,861 from_file: Number of word classes: 42699
2020-08-20 15:52:52,861 from_file: Building neural network.
2020-08-20 15:53:21,378 from_file: Restoring neural network state.
2020-08-20 15:53:21,843 decode: Building word lattice decoder.
2020-08-20 15:53:41,230 __iter__: Reading lattice file `/tmp/55131981/lattices/dspm006_dsp2013_22.lat.gz´.
2020-08-20 15:53:41,238 decode: Utterance `dspm006_dsp2013_22´ -- 1 of job 118
2020-08-20 15:53:41,906 __iter__: Reading lattice file `/tmp/55131981/lattices/dspm017_dsp2013_42.lat.gz´.
2020-08-20 15:53:42,260 decode: Utterance `dspm017_dsp2013_42´ -- 2 of job 118
2020-08-20 15:53:54,610 __iter__: Reading lattice file `/tmp/55131981/lattices/dspm024_dsp2013_19.lat.gz´.
2020-08-20 15:53:54,829 decode: Utterance `dspm024_dsp2013_19´ -- 3 of job 118
2020-08-20 15:53:59,044 __iter__: Reading lattice file `/tmp/55131981/lattices/dspm033_dsp2013_44.lat.gz´.
2020-08-20 15:53:59,949 decode: Utterance `dspm033_dsp2013_44´ -- 4 of job 118
2020-08-20 15:54:29,381 __iter__: Reading lattice file `/tmp/55131981/lattices/dspm043_dsp2013_30.lat.gz´.
2020-08-20 15:54:30,028 decode: Utterance `dspm043_dsp2013_30´ -- 5 of job 118
2020-08-20 15:54:47,177 __iter__: Reading lattice file `/tmp/55131981/lattices/dspm052_dsp2013_20.lat.gz´.
2020-08-20 15:54:47,535 decode: Utterance `dspm052_dsp2013_20´ -- 6 of job 118
2020-08-20 15:54:56,713 __iter__: Reading lattice file `/tmp/55131981/lattices/radiojake_kbk20120915_2.lat.gz´.
2020-08-20 15:54:57,850 decode: Utterance `radiojake_kbk20120915_2´ -- 7 of job 118
/scratch/work/groszt1/envs/theanoLM/lib/python3.7/site-packages/theano/gpuarray/dnn.py:184: UserWarning: Your cuDNN version is more recent than Theano. If you encounter problems, try updating Theano or downgrading cuDNN to a version >= v5 and <= v7.
  warnings.warn("Your cuDNN version is more recent than "
Using cuDNN version 7600 on context None
Mapped name None to device cuda0: Tesla V100-PCIE-32GB (0000:18:00.0)
/scratch/work/groszt1/envs/theanoLM/lib/python3.7/site-packages/h5py-2.9.0-py3.7-linux-x86_64.egg/h5py/_hl/dataset.py:313: H5pyDeprecationWarning: dataset.value has been deprecated. Use dataset[()] instead.
  "Use dataset[()] instead.", H5pyDeprecationWarning)
/scratch/work/groszt1/envs/theanoLM/lib/python3.7/site-packages/h5py-2.9.0-py3.7-linux-x86_64.egg/h5py/_hl/dataset.py:313: H5pyDeprecationWarning: dataset.value has been deprecated. Use dataset[()] instead.
  "Use dataset[()] instead.", H5pyDeprecationWarning)
decode_theanolm finished.
/tmp/55131981/lattices
floatX=float32,device=cuda0,base_compiledir=/tmp/theano,exception_verbosity=high,openmp=False
/scratch/work/groszt1/envs/theanoLM/lib/python3.7/site-packages/theano/gpuarray/dnn.py:184: UserWarning: Your cuDNN version is more recent than Theano. If you encounter problems, try updating Theano or downgrading cuDNN to a version >= v5 and <= v7.
  warnings.warn("Your cuDNN version is more recent than "
Using cuDNN version 7600 on context None
Mapped name None to device cuda0: Tesla V100-PCIE-32GB (0000:18:00.0)
TheanoLM 1.3.2
Theano 1.0.4
pygpu 0.7.6
==
+ srun --gres=gpu:1 theanolm decode /scratch/work/moisioa3/conv_lm/experiments/theanolm-morph-42k/expt2-sampled/nnlm.h5 --lattice-list /tmp/55131981/lattices/lattice-list --output-file /scratch/work/moisioa3/conv_lm/experiments/theanolm-morph-42k/expt2-sampled/decode/devel/lambda=0.5-lms=10/118.trn --output trn --nnlm-weight 0.5 --lm-scale 10 --max-tokens-per-node 62 --beam 650 --recombination-order 22 --num-jobs 128 --job 118 --unk-penalty=-20
2020-08-20 15:55:43,353 get_default_device: Context None device="Tesla V100-PCIE-32GB" ID="0000:18:00.0"
2020-08-20 15:55:43,354 from_file: Reading vocabulary from network state.
2020-08-20 15:55:43,558 from_file: Number of words in vocabulary: 42699
2020-08-20 15:55:43,559 from_file: Number of words in shortlist: 42699
2020-08-20 15:55:43,559 from_file: Number of word classes: 42699
2020-08-20 15:55:43,559 from_file: Building neural network.
2020-08-20 15:56:12,194 from_file: Restoring neural network state.
2020-08-20 15:56:12,792 decode: Building word lattice decoder.
2020-08-20 15:56:16,858 __iter__: Reading lattice file `/tmp/55131981/lattices/dspm006_dsp2013_22.lat.gz´.
2020-08-20 15:56:16,866 decode: Utterance `dspm006_dsp2013_22´ -- 1 of job 118
2020-08-20 15:56:17,092 __iter__: Reading lattice file `/tmp/55131981/lattices/dspm017_dsp2013_42.lat.gz´.
2020-08-20 15:56:17,436 decode: Utterance `dspm017_dsp2013_42´ -- 2 of job 118
2020-08-20 15:56:30,321 __iter__: Reading lattice file `/tmp/55131981/lattices/dspm024_dsp2013_19.lat.gz´.
2020-08-20 15:56:30,531 decode: Utterance `dspm024_dsp2013_19´ -- 3 of job 118
2020-08-20 15:56:34,844 __iter__: Reading lattice file `/tmp/55131981/lattices/dspm033_dsp2013_44.lat.gz´.
2020-08-20 15:56:35,711 decode: Utterance `dspm033_dsp2013_44´ -- 4 of job 118
2020-08-20 15:57:05,426 __iter__: Reading lattice file `/tmp/55131981/lattices/dspm043_dsp2013_30.lat.gz´.
2020-08-20 15:57:06,044 decode: Utterance `dspm043_dsp2013_30´ -- 5 of job 118
2020-08-20 15:57:23,250 __iter__: Reading lattice file `/tmp/55131981/lattices/dspm052_dsp2013_20.lat.gz´.
2020-08-20 15:57:23,593 decode: Utterance `dspm052_dsp2013_20´ -- 6 of job 118
2020-08-20 15:57:32,653 __iter__: Reading lattice file `/tmp/55131981/lattices/radiojake_kbk20120915_2.lat.gz´.
2020-08-20 15:57:33,743 decode: Utterance `radiojake_kbk20120915_2´ -- 7 of job 118
/scratch/work/groszt1/envs/theanoLM/lib/python3.7/site-packages/theano/gpuarray/dnn.py:184: UserWarning: Your cuDNN version is more recent than Theano. If you encounter problems, try updating Theano or downgrading cuDNN to a version >= v5 and <= v7.
  warnings.warn("Your cuDNN version is more recent than "
Using cuDNN version 7600 on context None
Mapped name None to device cuda0: Tesla V100-PCIE-32GB (0000:18:00.0)
/scratch/work/groszt1/envs/theanoLM/lib/python3.7/site-packages/h5py-2.9.0-py3.7-linux-x86_64.egg/h5py/_hl/dataset.py:313: H5pyDeprecationWarning: dataset.value has been deprecated. Use dataset[()] instead.
  "Use dataset[()] instead.", H5pyDeprecationWarning)
/scratch/work/groszt1/envs/theanoLM/lib/python3.7/site-packages/h5py-2.9.0-py3.7-linux-x86_64.egg/h5py/_hl/dataset.py:313: H5pyDeprecationWarning: dataset.value has been deprecated. Use dataset[()] instead.
  "Use dataset[()] instead.", H5pyDeprecationWarning)
decode_theanolm finished.
/tmp/55131981/lattices
floatX=float32,device=cuda0,base_compiledir=/tmp/theano,exception_verbosity=high,openmp=False
/scratch/work/groszt1/envs/theanoLM/lib/python3.7/site-packages/theano/gpuarray/dnn.py:184: UserWarning: Your cuDNN version is more recent than Theano. If you encounter problems, try updating Theano or downgrading cuDNN to a version >= v5 and <= v7.
  warnings.warn("Your cuDNN version is more recent than "
Using cuDNN version 7600 on context None
Mapped name None to device cuda0: Tesla V100-PCIE-32GB (0000:18:00.0)
TheanoLM 1.3.2
Theano 1.0.4
pygpu 0.7.6
==
+ srun --gres=gpu:1 theanolm decode /scratch/work/moisioa3/conv_lm/experiments/theanolm-morph-42k/expt2-sampled/nnlm.h5 --lattice-list /tmp/55131981/lattices/lattice-list --output-file /scratch/work/moisioa3/conv_lm/experiments/theanolm-morph-42k/expt2-sampled/decode/devel/lambda=1.0-lms=9/118.trn --output trn --nnlm-weight 1.0 --lm-scale 9 --max-tokens-per-node 62 --beam 650 --recombination-order 22 --num-jobs 128 --job 118 --unk-penalty=-20
2020-08-20 15:58:20,217 get_default_device: Context None device="Tesla V100-PCIE-32GB" ID="0000:18:00.0"
2020-08-20 15:58:20,218 from_file: Reading vocabulary from network state.
2020-08-20 15:58:20,438 from_file: Number of words in vocabulary: 42699
2020-08-20 15:58:20,438 from_file: Number of words in shortlist: 42699
2020-08-20 15:58:20,439 from_file: Number of word classes: 42699
2020-08-20 15:58:20,439 from_file: Building neural network.
2020-08-20 15:58:49,025 from_file: Restoring neural network state.
2020-08-20 15:58:49,609 decode: Building word lattice decoder.
2020-08-20 15:58:53,664 __iter__: Reading lattice file `/tmp/55131981/lattices/dspm006_dsp2013_22.lat.gz´.
2020-08-20 15:58:53,672 decode: Utterance `dspm006_dsp2013_22´ -- 1 of job 118
2020-08-20 15:58:53,893 __iter__: Reading lattice file `/tmp/55131981/lattices/dspm017_dsp2013_42.lat.gz´.
2020-08-20 15:58:54,229 decode: Utterance `dspm017_dsp2013_42´ -- 2 of job 118
2020-08-20 15:59:02,741 __iter__: Reading lattice file `/tmp/55131981/lattices/dspm024_dsp2013_19.lat.gz´.
2020-08-20 15:59:02,947 decode: Utterance `dspm024_dsp2013_19´ -- 3 of job 118
2020-08-20 15:59:06,852 __iter__: Reading lattice file `/tmp/55131981/lattices/dspm033_dsp2013_44.lat.gz´.
2020-08-20 15:59:07,703 decode: Utterance `dspm033_dsp2013_44´ -- 4 of job 118
2020-08-20 15:59:34,719 __iter__: Reading lattice file `/tmp/55131981/lattices/dspm043_dsp2013_30.lat.gz´.
2020-08-20 15:59:35,325 decode: Utterance `dspm043_dsp2013_30´ -- 5 of job 118
2020-08-20 15:59:51,870 __iter__: Reading lattice file `/tmp/55131981/lattices/dspm052_dsp2013_20.lat.gz´.
2020-08-20 15:59:52,206 decode: Utterance `dspm052_dsp2013_20´ -- 6 of job 118
2020-08-20 16:00:01,146 __iter__: Reading lattice file `/tmp/55131981/lattices/radiojake_kbk20120915_2.lat.gz´.
2020-08-20 16:00:02,219 decode: Utterance `radiojake_kbk20120915_2´ -- 7 of job 118
/scratch/work/groszt1/envs/theanoLM/lib/python3.7/site-packages/theano/gpuarray/dnn.py:184: UserWarning: Your cuDNN version is more recent than Theano. If you encounter problems, try updating Theano or downgrading cuDNN to a version >= v5 and <= v7.
  warnings.warn("Your cuDNN version is more recent than "
Using cuDNN version 7600 on context None
Mapped name None to device cuda0: Tesla V100-PCIE-32GB (0000:18:00.0)
/scratch/work/groszt1/envs/theanoLM/lib/python3.7/site-packages/h5py-2.9.0-py3.7-linux-x86_64.egg/h5py/_hl/dataset.py:313: H5pyDeprecationWarning: dataset.value has been deprecated. Use dataset[()] instead.
  "Use dataset[()] instead.", H5pyDeprecationWarning)
/scratch/work/groszt1/envs/theanoLM/lib/python3.7/site-packages/h5py-2.9.0-py3.7-linux-x86_64.egg/h5py/_hl/dataset.py:313: H5pyDeprecationWarning: dataset.value has been deprecated. Use dataset[()] instead.
  "Use dataset[()] instead.", H5pyDeprecationWarning)
decode_theanolm finished.
/tmp/55131981/lattices
floatX=float32,device=cuda0,base_compiledir=/tmp/theano,exception_verbosity=high,openmp=False
/scratch/work/groszt1/envs/theanoLM/lib/python3.7/site-packages/theano/gpuarray/dnn.py:184: UserWarning: Your cuDNN version is more recent than Theano. If you encounter problems, try updating Theano or downgrading cuDNN to a version >= v5 and <= v7.
  warnings.warn("Your cuDNN version is more recent than "
Using cuDNN version 7600 on context None
Mapped name None to device cuda0: Tesla V100-PCIE-32GB (0000:18:00.0)
TheanoLM 1.3.2
Theano 1.0.4
pygpu 0.7.6
==
+ srun --gres=gpu:1 theanolm decode /scratch/work/moisioa3/conv_lm/experiments/theanolm-morph-42k/expt2-sampled/nnlm.h5 --lattice-list /tmp/55131981/lattices/lattice-list --output-file /scratch/work/moisioa3/conv_lm/experiments/theanolm-morph-42k/expt2-sampled/decode/devel/lambda=1.0-lms=10/118.trn --output trn --nnlm-weight 1.0 --lm-scale 10 --max-tokens-per-node 62 --beam 650 --recombination-order 22 --num-jobs 128 --job 118 --unk-penalty=-20
2020-08-20 16:00:41,349 get_default_device: Context None device="Tesla V100-PCIE-32GB" ID="0000:18:00.0"
2020-08-20 16:00:41,350 from_file: Reading vocabulary from network state.
2020-08-20 16:00:41,563 from_file: Number of words in vocabulary: 42699
2020-08-20 16:00:41,563 from_file: Number of words in shortlist: 42699
2020-08-20 16:00:41,563 from_file: Number of word classes: 42699
2020-08-20 16:00:41,563 from_file: Building neural network.
2020-08-20 16:01:10,028 from_file: Restoring neural network state.
2020-08-20 16:01:10,593 decode: Building word lattice decoder.
2020-08-20 16:01:14,790 __iter__: Reading lattice file `/tmp/55131981/lattices/dspm006_dsp2013_22.lat.gz´.
2020-08-20 16:01:14,798 decode: Utterance `dspm006_dsp2013_22´ -- 1 of job 118
2020-08-20 16:01:15,020 __iter__: Reading lattice file `/tmp/55131981/lattices/dspm017_dsp2013_42.lat.gz´.
2020-08-20 16:01:15,360 decode: Utterance `dspm017_dsp2013_42´ -- 2 of job 118
2020-08-20 16:01:23,959 __iter__: Reading lattice file `/tmp/55131981/lattices/dspm024_dsp2013_19.lat.gz´.
2020-08-20 16:01:24,169 decode: Utterance `dspm024_dsp2013_19´ -- 3 of job 118
2020-08-20 16:01:28,038 __iter__: Reading lattice file `/tmp/55131981/lattices/dspm033_dsp2013_44.lat.gz´.
2020-08-20 16:01:28,903 decode: Utterance `dspm033_dsp2013_44´ -- 4 of job 118
2020-08-20 16:01:56,314 __iter__: Reading lattice file `/tmp/55131981/lattices/dspm043_dsp2013_30.lat.gz´.
2020-08-20 16:01:56,925 decode: Utterance `dspm043_dsp2013_30´ -- 5 of job 118
2020-08-20 16:02:13,645 __iter__: Reading lattice file `/tmp/55131981/lattices/dspm052_dsp2013_20.lat.gz´.
2020-08-20 16:02:14,002 decode: Utterance `dspm052_dsp2013_20´ -- 6 of job 118
2020-08-20 16:02:23,205 __iter__: Reading lattice file `/tmp/55131981/lattices/radiojake_kbk20120915_2.lat.gz´.
2020-08-20 16:02:24,302 decode: Utterance `radiojake_kbk20120915_2´ -- 7 of job 118
/scratch/work/groszt1/envs/theanoLM/lib/python3.7/site-packages/theano/gpuarray/dnn.py:184: UserWarning: Your cuDNN version is more recent than Theano. If you encounter problems, try updating Theano or downgrading cuDNN to a version >= v5 and <= v7.
  warnings.warn("Your cuDNN version is more recent than "
Using cuDNN version 7600 on context None
Mapped name None to device cuda0: Tesla V100-PCIE-32GB (0000:18:00.0)
/scratch/work/groszt1/envs/theanoLM/lib/python3.7/site-packages/h5py-2.9.0-py3.7-linux-x86_64.egg/h5py/_hl/dataset.py:313: H5pyDeprecationWarning: dataset.value has been deprecated. Use dataset[()] instead.
  "Use dataset[()] instead.", H5pyDeprecationWarning)
/scratch/work/groszt1/envs/theanoLM/lib/python3.7/site-packages/h5py-2.9.0-py3.7-linux-x86_64.egg/h5py/_hl/dataset.py:313: H5pyDeprecationWarning: dataset.value has been deprecated. Use dataset[()] instead.
  "Use dataset[()] instead.", H5pyDeprecationWarning)
decode_theanolm finished.
decode devel finished.
