Experiment: theanolm-morph-42k/expt2-sampled
Job ID: 55088477
Task ID: 63
Host: gpu8.int.triton.aalto.fi
Start date: Sat Aug 15 09:52:30 EEST 2020
Work directory: /scratch/work/moisioa3/conv_lm/experiments/theanolm-morph-42k/expt2-sampled
Temporary directory: /tmp/55088477

Currently Loaded Modules:
  1) speech-scripts/2016.05.24-b928230   6) binutils/2.25-GCCcore-5.4.0
  2) srilm/default                       7) GCC/5.4.0-2.25
  3) cuda/10.0.130                       8) libgpuarray/2017.03.29-45c731f
  4) cudnn/7.4.2-cuda                    9) anaconda3/latest
  5) GCCcore/5.4.0

 

/tmp/55088477/lattices
floatX=float32,device=cuda0,base_compiledir=/tmp/theano,exception_verbosity=high,openmp=False
/scratch/work/groszt1/envs/theanoLM/lib/python3.7/site-packages/theano/gpuarray/dnn.py:184: UserWarning: Your cuDNN version is more recent than Theano. If you encounter problems, try updating Theano or downgrading cuDNN to a version >= v5 and <= v7.
  warnings.warn("Your cuDNN version is more recent than "
Using cuDNN version 7600 on context None
Mapped name None to device cuda0: Tesla V100-PCIE-32GB (0000:AF:00.0)
TheanoLM 1.3.2
Theano 1.0.4
pygpu 0.7.6
==
+ srun --gres=gpu:1 theanolm decode /scratch/work/moisioa3/conv_lm/experiments/theanolm-morph-42k/expt2-sampled/nnlm.h5 --lattice-list /tmp/55088477/lattices/lattice-list --output-file /scratch/work/moisioa3/conv_lm/experiments/theanolm-morph-42k/expt2-sampled/decode/devel/lambda=0.5-lms=8/63.trn --output trn --nnlm-weight 0.5 --lm-scale 8 --max-tokens-per-node 62 --beam 650 --recombination-order 22 --num-jobs 128 --job 63 --unk-penalty=-20
2020-08-15 09:52:41,932 get_default_device: Context None device="Tesla V100-PCIE-32GB" ID="0000:AF:00.0"
2020-08-15 09:52:41,933 from_file: Reading vocabulary from network state.
2020-08-15 09:52:42,133 from_file: Number of words in vocabulary: 42699
2020-08-15 09:52:42,133 from_file: Number of words in shortlist: 42699
2020-08-15 09:52:42,133 from_file: Number of word classes: 42699
2020-08-15 09:52:42,133 from_file: Building neural network.
2020-08-15 09:53:10,804 from_file: Restoring neural network state.
2020-08-15 09:53:11,168 decode: Building word lattice decoder.
2020-08-15 09:53:15,204 __iter__: Reading lattice file `/tmp/55088477/lattices/dspm004_dsp2013_04.lat.gz´.
2020-08-15 09:53:15,845 decode: Utterance `dspm004_dsp2013_04´ -- 1 of job 63
2020-08-15 09:53:39,824 __iter__: Reading lattice file `/tmp/55088477/lattices/dspm011_dsp2013_24.lat.gz´.
2020-08-15 09:53:40,024 decode: Utterance `dspm011_dsp2013_24´ -- 2 of job 63
2020-08-15 09:53:43,887 __iter__: Reading lattice file `/tmp/55088477/lattices/dspm021_dsp2013_21.lat.gz´.
2020-08-15 09:53:44,302 decode: Utterance `dspm021_dsp2013_21´ -- 3 of job 63
2020-08-15 09:53:54,662 __iter__: Reading lattice file `/tmp/55088477/lattices/dspm031_dsp2013_10.lat.gz´.
2020-08-15 09:53:54,707 decode: Utterance `dspm031_dsp2013_10´ -- 4 of job 63
2020-08-15 09:53:55,829 __iter__: Reading lattice file `/tmp/55088477/lattices/dspm040_dsp2013_05.lat.gz´.
2020-08-15 09:53:55,980 decode: Utterance `dspm040_dsp2013_05´ -- 5 of job 63
2020-08-15 09:53:59,268 __iter__: Reading lattice file `/tmp/55088477/lattices/dspm049_dsp2013_07.lat.gz´.
2020-08-15 09:54:02,742 decode: Utterance `dspm049_dsp2013_07´ -- 6 of job 63
2020-08-15 09:56:08,137 __iter__: Reading lattice file `/tmp/55088477/lattices/dspm057_dsp2013_12.lat.gz´.
2020-08-15 09:56:08,499 decode: Utterance `dspm057_dsp2013_12´ -- 7 of job 63
2020-08-15 09:56:18,169 __iter__: Reading lattice file `/tmp/55088477/lattices/radioshaka_kbk20120915_22.lat.gz´.
2020-08-15 09:56:19,653 decode: Utterance `radioshaka_kbk20120915_22´ -- 8 of job 63
/scratch/work/groszt1/envs/theanoLM/lib/python3.7/site-packages/theano/gpuarray/dnn.py:184: UserWarning: Your cuDNN version is more recent than Theano. If you encounter problems, try updating Theano or downgrading cuDNN to a version >= v5 and <= v7.
  warnings.warn("Your cuDNN version is more recent than "
Using cuDNN version 7600 on context None
Mapped name None to device cuda0: Tesla V100-PCIE-32GB (0000:AF:00.0)
/scratch/work/groszt1/envs/theanoLM/lib/python3.7/site-packages/h5py-2.9.0-py3.7-linux-x86_64.egg/h5py/_hl/dataset.py:313: H5pyDeprecationWarning: dataset.value has been deprecated. Use dataset[()] instead.
  "Use dataset[()] instead.", H5pyDeprecationWarning)
/scratch/work/groszt1/envs/theanoLM/lib/python3.7/site-packages/h5py-2.9.0-py3.7-linux-x86_64.egg/h5py/_hl/dataset.py:313: H5pyDeprecationWarning: dataset.value has been deprecated. Use dataset[()] instead.
  "Use dataset[()] instead.", H5pyDeprecationWarning)
decode_theanolm finished.
/tmp/55088477/lattices
floatX=float32,device=cuda0,base_compiledir=/tmp/theano,exception_verbosity=high,openmp=False
/scratch/work/groszt1/envs/theanoLM/lib/python3.7/site-packages/theano/gpuarray/dnn.py:184: UserWarning: Your cuDNN version is more recent than Theano. If you encounter problems, try updating Theano or downgrading cuDNN to a version >= v5 and <= v7.
  warnings.warn("Your cuDNN version is more recent than "
Using cuDNN version 7600 on context None
Mapped name None to device cuda0: Tesla V100-PCIE-32GB (0000:AF:00.0)
TheanoLM 1.3.2
Theano 1.0.4
pygpu 0.7.6
==
+ srun --gres=gpu:1 theanolm decode /scratch/work/moisioa3/conv_lm/experiments/theanolm-morph-42k/expt2-sampled/nnlm.h5 --lattice-list /tmp/55088477/lattices/lattice-list --output-file /scratch/work/moisioa3/conv_lm/experiments/theanolm-morph-42k/expt2-sampled/decode/devel/lambda=0.5-lms=9/63.trn --output trn --nnlm-weight 0.5 --lm-scale 9 --max-tokens-per-node 62 --beam 650 --recombination-order 22 --num-jobs 128 --job 63 --unk-penalty=-20
2020-08-15 09:57:19,009 get_default_device: Context None device="Tesla V100-PCIE-32GB" ID="0000:AF:00.0"
2020-08-15 09:57:19,010 from_file: Reading vocabulary from network state.
2020-08-15 09:57:19,207 from_file: Number of words in vocabulary: 42699
2020-08-15 09:57:19,208 from_file: Number of words in shortlist: 42699
2020-08-15 09:57:19,208 from_file: Number of word classes: 42699
2020-08-15 09:57:19,208 from_file: Building neural network.
2020-08-15 09:57:48,291 from_file: Restoring neural network state.
2020-08-15 09:57:48,651 decode: Building word lattice decoder.
2020-08-15 09:57:52,668 __iter__: Reading lattice file `/tmp/55088477/lattices/dspm004_dsp2013_04.lat.gz´.
2020-08-15 09:57:53,296 decode: Utterance `dspm004_dsp2013_04´ -- 1 of job 63
2020-08-15 09:58:16,950 __iter__: Reading lattice file `/tmp/55088477/lattices/dspm011_dsp2013_24.lat.gz´.
2020-08-15 09:58:17,145 decode: Utterance `dspm011_dsp2013_24´ -- 2 of job 63
2020-08-15 09:58:20,953 __iter__: Reading lattice file `/tmp/55088477/lattices/dspm021_dsp2013_21.lat.gz´.
2020-08-15 09:58:21,358 decode: Utterance `dspm021_dsp2013_21´ -- 3 of job 63
2020-08-15 09:58:31,813 __iter__: Reading lattice file `/tmp/55088477/lattices/dspm031_dsp2013_10.lat.gz´.
2020-08-15 09:58:31,857 decode: Utterance `dspm031_dsp2013_10´ -- 4 of job 63
2020-08-15 09:58:32,985 __iter__: Reading lattice file `/tmp/55088477/lattices/dspm040_dsp2013_05.lat.gz´.
2020-08-15 09:58:33,133 decode: Utterance `dspm040_dsp2013_05´ -- 5 of job 63
2020-08-15 09:58:36,505 __iter__: Reading lattice file `/tmp/55088477/lattices/dspm049_dsp2013_07.lat.gz´.
2020-08-15 09:58:39,944 decode: Utterance `dspm049_dsp2013_07´ -- 6 of job 63
2020-08-15 10:00:48,542 __iter__: Reading lattice file `/tmp/55088477/lattices/dspm057_dsp2013_12.lat.gz´.
2020-08-15 10:00:48,898 decode: Utterance `dspm057_dsp2013_12´ -- 7 of job 63
2020-08-15 10:00:58,889 __iter__: Reading lattice file `/tmp/55088477/lattices/radioshaka_kbk20120915_22.lat.gz´.
2020-08-15 10:01:00,353 decode: Utterance `radioshaka_kbk20120915_22´ -- 8 of job 63
/scratch/work/groszt1/envs/theanoLM/lib/python3.7/site-packages/theano/gpuarray/dnn.py:184: UserWarning: Your cuDNN version is more recent than Theano. If you encounter problems, try updating Theano or downgrading cuDNN to a version >= v5 and <= v7.
  warnings.warn("Your cuDNN version is more recent than "
Using cuDNN version 7600 on context None
Mapped name None to device cuda0: Tesla V100-PCIE-32GB (0000:AF:00.0)
/scratch/work/groszt1/envs/theanoLM/lib/python3.7/site-packages/h5py-2.9.0-py3.7-linux-x86_64.egg/h5py/_hl/dataset.py:313: H5pyDeprecationWarning: dataset.value has been deprecated. Use dataset[()] instead.
  "Use dataset[()] instead.", H5pyDeprecationWarning)
/scratch/work/groszt1/envs/theanoLM/lib/python3.7/site-packages/h5py-2.9.0-py3.7-linux-x86_64.egg/h5py/_hl/dataset.py:313: H5pyDeprecationWarning: dataset.value has been deprecated. Use dataset[()] instead.
  "Use dataset[()] instead.", H5pyDeprecationWarning)
decode_theanolm finished.
/tmp/55088477/lattices
floatX=float32,device=cuda0,base_compiledir=/tmp/theano,exception_verbosity=high,openmp=False
/scratch/work/groszt1/envs/theanoLM/lib/python3.7/site-packages/theano/gpuarray/dnn.py:184: UserWarning: Your cuDNN version is more recent than Theano. If you encounter problems, try updating Theano or downgrading cuDNN to a version >= v5 and <= v7.
  warnings.warn("Your cuDNN version is more recent than "
Using cuDNN version 7600 on context None
Mapped name None to device cuda0: Tesla V100-PCIE-32GB (0000:AF:00.0)
TheanoLM 1.3.2
Theano 1.0.4
pygpu 0.7.6
==
+ srun --gres=gpu:1 theanolm decode /scratch/work/moisioa3/conv_lm/experiments/theanolm-morph-42k/expt2-sampled/nnlm.h5 --lattice-list /tmp/55088477/lattices/lattice-list --output-file /scratch/work/moisioa3/conv_lm/experiments/theanolm-morph-42k/expt2-sampled/decode/devel/lambda=0.5-lms=10/63.trn --output trn --nnlm-weight 0.5 --lm-scale 10 --max-tokens-per-node 62 --beam 650 --recombination-order 22 --num-jobs 128 --job 63 --unk-penalty=-20
2020-08-15 10:01:57,924 get_default_device: Context None device="Tesla V100-PCIE-32GB" ID="0000:AF:00.0"
2020-08-15 10:01:57,924 from_file: Reading vocabulary from network state.
2020-08-15 10:01:58,126 from_file: Number of words in vocabulary: 42699
2020-08-15 10:01:58,126 from_file: Number of words in shortlist: 42699
2020-08-15 10:01:58,126 from_file: Number of word classes: 42699
2020-08-15 10:01:58,126 from_file: Building neural network.
2020-08-15 10:02:26,733 from_file: Restoring neural network state.
2020-08-15 10:02:27,089 decode: Building word lattice decoder.
2020-08-15 10:02:31,096 __iter__: Reading lattice file `/tmp/55088477/lattices/dspm004_dsp2013_04.lat.gz´.
2020-08-15 10:02:31,733 decode: Utterance `dspm004_dsp2013_04´ -- 1 of job 63
2020-08-15 10:02:55,892 __iter__: Reading lattice file `/tmp/55088477/lattices/dspm011_dsp2013_24.lat.gz´.
2020-08-15 10:02:56,089 decode: Utterance `dspm011_dsp2013_24´ -- 2 of job 63
2020-08-15 10:02:59,947 __iter__: Reading lattice file `/tmp/55088477/lattices/dspm021_dsp2013_21.lat.gz´.
2020-08-15 10:03:00,357 decode: Utterance `dspm021_dsp2013_21´ -- 3 of job 63
2020-08-15 10:03:11,029 __iter__: Reading lattice file `/tmp/55088477/lattices/dspm031_dsp2013_10.lat.gz´.
2020-08-15 10:03:11,074 decode: Utterance `dspm031_dsp2013_10´ -- 4 of job 63
2020-08-15 10:03:12,213 __iter__: Reading lattice file `/tmp/55088477/lattices/dspm040_dsp2013_05.lat.gz´.
2020-08-15 10:03:12,362 decode: Utterance `dspm040_dsp2013_05´ -- 5 of job 63
2020-08-15 10:03:15,809 __iter__: Reading lattice file `/tmp/55088477/lattices/dspm049_dsp2013_07.lat.gz´.
2020-08-15 10:03:19,250 decode: Utterance `dspm049_dsp2013_07´ -- 6 of job 63
2020-08-15 10:05:26,456 __iter__: Reading lattice file `/tmp/55088477/lattices/dspm057_dsp2013_12.lat.gz´.
2020-08-15 10:05:26,814 decode: Utterance `dspm057_dsp2013_12´ -- 7 of job 63
2020-08-15 10:05:36,682 __iter__: Reading lattice file `/tmp/55088477/lattices/radioshaka_kbk20120915_22.lat.gz´.
2020-08-15 10:05:38,145 decode: Utterance `radioshaka_kbk20120915_22´ -- 8 of job 63
/scratch/work/groszt1/envs/theanoLM/lib/python3.7/site-packages/theano/gpuarray/dnn.py:184: UserWarning: Your cuDNN version is more recent than Theano. If you encounter problems, try updating Theano or downgrading cuDNN to a version >= v5 and <= v7.
  warnings.warn("Your cuDNN version is more recent than "
Using cuDNN version 7600 on context None
Mapped name None to device cuda0: Tesla V100-PCIE-32GB (0000:AF:00.0)
/scratch/work/groszt1/envs/theanoLM/lib/python3.7/site-packages/h5py-2.9.0-py3.7-linux-x86_64.egg/h5py/_hl/dataset.py:313: H5pyDeprecationWarning: dataset.value has been deprecated. Use dataset[()] instead.
  "Use dataset[()] instead.", H5pyDeprecationWarning)
/scratch/work/groszt1/envs/theanoLM/lib/python3.7/site-packages/h5py-2.9.0-py3.7-linux-x86_64.egg/h5py/_hl/dataset.py:313: H5pyDeprecationWarning: dataset.value has been deprecated. Use dataset[()] instead.
  "Use dataset[()] instead.", H5pyDeprecationWarning)
decode_theanolm finished.
/tmp/55088477/lattices
floatX=float32,device=cuda0,base_compiledir=/tmp/theano,exception_verbosity=high,openmp=False
/scratch/work/groszt1/envs/theanoLM/lib/python3.7/site-packages/theano/gpuarray/dnn.py:184: UserWarning: Your cuDNN version is more recent than Theano. If you encounter problems, try updating Theano or downgrading cuDNN to a version >= v5 and <= v7.
  warnings.warn("Your cuDNN version is more recent than "
Using cuDNN version 7600 on context None
Mapped name None to device cuda0: Tesla V100-PCIE-32GB (0000:AF:00.0)
TheanoLM 1.3.2
Theano 1.0.4
pygpu 0.7.6
==
+ srun --gres=gpu:1 theanolm decode /scratch/work/moisioa3/conv_lm/experiments/theanolm-morph-42k/expt2-sampled/nnlm.h5 --lattice-list /tmp/55088477/lattices/lattice-list --output-file /scratch/work/moisioa3/conv_lm/experiments/theanolm-morph-42k/expt2-sampled/decode/devel/lambda=0.5-lms=11/63.trn --output trn --nnlm-weight 0.5 --lm-scale 11 --max-tokens-per-node 62 --beam 650 --recombination-order 22 --num-jobs 128 --job 63 --unk-penalty=-20
2020-08-15 10:06:36,573 get_default_device: Context None device="Tesla V100-PCIE-32GB" ID="0000:AF:00.0"
2020-08-15 10:06:36,574 from_file: Reading vocabulary from network state.
2020-08-15 10:06:36,774 from_file: Number of words in vocabulary: 42699
2020-08-15 10:06:36,774 from_file: Number of words in shortlist: 42699
2020-08-15 10:06:36,775 from_file: Number of word classes: 42699
2020-08-15 10:06:36,775 from_file: Building neural network.
2020-08-15 10:07:05,850 from_file: Restoring neural network state.
2020-08-15 10:07:06,214 decode: Building word lattice decoder.
2020-08-15 10:07:10,360 __iter__: Reading lattice file `/tmp/55088477/lattices/dspm004_dsp2013_04.lat.gz´.
2020-08-15 10:07:11,020 decode: Utterance `dspm004_dsp2013_04´ -- 1 of job 63
2020-08-15 10:07:35,975 __iter__: Reading lattice file `/tmp/55088477/lattices/dspm011_dsp2013_24.lat.gz´.
2020-08-15 10:07:36,172 decode: Utterance `dspm011_dsp2013_24´ -- 2 of job 63
2020-08-15 10:07:39,980 __iter__: Reading lattice file `/tmp/55088477/lattices/dspm021_dsp2013_21.lat.gz´.
2020-08-15 10:07:40,396 decode: Utterance `dspm021_dsp2013_21´ -- 3 of job 63
2020-08-15 10:07:51,096 __iter__: Reading lattice file `/tmp/55088477/lattices/dspm031_dsp2013_10.lat.gz´.
2020-08-15 10:07:51,140 decode: Utterance `dspm031_dsp2013_10´ -- 4 of job 63
2020-08-15 10:07:52,263 __iter__: Reading lattice file `/tmp/55088477/lattices/dspm040_dsp2013_05.lat.gz´.
2020-08-15 10:07:52,412 decode: Utterance `dspm040_dsp2013_05´ -- 5 of job 63
2020-08-15 10:07:55,840 __iter__: Reading lattice file `/tmp/55088477/lattices/dspm049_dsp2013_07.lat.gz´.
2020-08-15 10:07:59,303 decode: Utterance `dspm049_dsp2013_07´ -- 6 of job 63
2020-08-15 10:10:08,084 __iter__: Reading lattice file `/tmp/55088477/lattices/dspm057_dsp2013_12.lat.gz´.
2020-08-15 10:10:08,447 decode: Utterance `dspm057_dsp2013_12´ -- 7 of job 63
2020-08-15 10:10:18,486 __iter__: Reading lattice file `/tmp/55088477/lattices/radioshaka_kbk20120915_22.lat.gz´.
2020-08-15 10:10:19,963 decode: Utterance `radioshaka_kbk20120915_22´ -- 8 of job 63
/scratch/work/groszt1/envs/theanoLM/lib/python3.7/site-packages/theano/gpuarray/dnn.py:184: UserWarning: Your cuDNN version is more recent than Theano. If you encounter problems, try updating Theano or downgrading cuDNN to a version >= v5 and <= v7.
  warnings.warn("Your cuDNN version is more recent than "
Using cuDNN version 7600 on context None
Mapped name None to device cuda0: Tesla V100-PCIE-32GB (0000:AF:00.0)
/scratch/work/groszt1/envs/theanoLM/lib/python3.7/site-packages/h5py-2.9.0-py3.7-linux-x86_64.egg/h5py/_hl/dataset.py:313: H5pyDeprecationWarning: dataset.value has been deprecated. Use dataset[()] instead.
  "Use dataset[()] instead.", H5pyDeprecationWarning)
/scratch/work/groszt1/envs/theanoLM/lib/python3.7/site-packages/h5py-2.9.0-py3.7-linux-x86_64.egg/h5py/_hl/dataset.py:313: H5pyDeprecationWarning: dataset.value has been deprecated. Use dataset[()] instead.
  "Use dataset[()] instead.", H5pyDeprecationWarning)
decode_theanolm finished.
/tmp/55088477/lattices
floatX=float32,device=cuda0,base_compiledir=/tmp/theano,exception_verbosity=high,openmp=False
/scratch/work/groszt1/envs/theanoLM/lib/python3.7/site-packages/theano/gpuarray/dnn.py:184: UserWarning: Your cuDNN version is more recent than Theano. If you encounter problems, try updating Theano or downgrading cuDNN to a version >= v5 and <= v7.
  warnings.warn("Your cuDNN version is more recent than "
Using cuDNN version 7600 on context None
Mapped name None to device cuda0: Tesla V100-PCIE-32GB (0000:AF:00.0)
TheanoLM 1.3.2
Theano 1.0.4
pygpu 0.7.6
==
+ srun --gres=gpu:1 theanolm decode /scratch/work/moisioa3/conv_lm/experiments/theanolm-morph-42k/expt2-sampled/nnlm.h5 --lattice-list /tmp/55088477/lattices/lattice-list --output-file /scratch/work/moisioa3/conv_lm/experiments/theanolm-morph-42k/expt2-sampled/decode/devel/lambda=0.5-lms=12/63.trn --output trn --nnlm-weight 0.5 --lm-scale 12 --max-tokens-per-node 62 --beam 650 --recombination-order 22 --num-jobs 128 --job 63 --unk-penalty=-20
2020-08-15 10:11:19,730 get_default_device: Context None device="Tesla V100-PCIE-32GB" ID="0000:AF:00.0"
2020-08-15 10:11:19,732 from_file: Reading vocabulary from network state.
2020-08-15 10:11:19,933 from_file: Number of words in vocabulary: 42699
2020-08-15 10:11:19,934 from_file: Number of words in shortlist: 42699
2020-08-15 10:11:19,934 from_file: Number of word classes: 42699
2020-08-15 10:11:19,934 from_file: Building neural network.
2020-08-15 10:11:48,523 from_file: Restoring neural network state.
2020-08-15 10:11:48,886 decode: Building word lattice decoder.
2020-08-15 10:11:52,976 __iter__: Reading lattice file `/tmp/55088477/lattices/dspm004_dsp2013_04.lat.gz´.
2020-08-15 10:11:53,544 decode: Utterance `dspm004_dsp2013_04´ -- 1 of job 63
2020-08-15 10:12:18,687 __iter__: Reading lattice file `/tmp/55088477/lattices/dspm011_dsp2013_24.lat.gz´.
2020-08-15 10:12:18,887 decode: Utterance `dspm011_dsp2013_24´ -- 2 of job 63
2020-08-15 10:12:22,709 __iter__: Reading lattice file `/tmp/55088477/lattices/dspm021_dsp2013_21.lat.gz´.
2020-08-15 10:12:23,118 decode: Utterance `dspm021_dsp2013_21´ -- 3 of job 63
2020-08-15 10:12:33,965 __iter__: Reading lattice file `/tmp/55088477/lattices/dspm031_dsp2013_10.lat.gz´.
2020-08-15 10:12:34,009 decode: Utterance `dspm031_dsp2013_10´ -- 4 of job 63
2020-08-15 10:12:35,134 __iter__: Reading lattice file `/tmp/55088477/lattices/dspm040_dsp2013_05.lat.gz´.
2020-08-15 10:12:35,284 decode: Utterance `dspm040_dsp2013_05´ -- 5 of job 63
2020-08-15 10:12:38,748 __iter__: Reading lattice file `/tmp/55088477/lattices/dspm049_dsp2013_07.lat.gz´.
2020-08-15 10:12:42,204 decode: Utterance `dspm049_dsp2013_07´ -- 6 of job 63
2020-08-15 10:14:52,738 __iter__: Reading lattice file `/tmp/55088477/lattices/dspm057_dsp2013_12.lat.gz´.
2020-08-15 10:14:53,104 decode: Utterance `dspm057_dsp2013_12´ -- 7 of job 63
2020-08-15 10:15:03,419 __iter__: Reading lattice file `/tmp/55088477/lattices/radioshaka_kbk20120915_22.lat.gz´.
2020-08-15 10:15:04,892 decode: Utterance `radioshaka_kbk20120915_22´ -- 8 of job 63
/scratch/work/groszt1/envs/theanoLM/lib/python3.7/site-packages/theano/gpuarray/dnn.py:184: UserWarning: Your cuDNN version is more recent than Theano. If you encounter problems, try updating Theano or downgrading cuDNN to a version >= v5 and <= v7.
  warnings.warn("Your cuDNN version is more recent than "
Using cuDNN version 7600 on context None
Mapped name None to device cuda0: Tesla V100-PCIE-32GB (0000:AF:00.0)
/scratch/work/groszt1/envs/theanoLM/lib/python3.7/site-packages/h5py-2.9.0-py3.7-linux-x86_64.egg/h5py/_hl/dataset.py:313: H5pyDeprecationWarning: dataset.value has been deprecated. Use dataset[()] instead.
  "Use dataset[()] instead.", H5pyDeprecationWarning)
/scratch/work/groszt1/envs/theanoLM/lib/python3.7/site-packages/h5py-2.9.0-py3.7-linux-x86_64.egg/h5py/_hl/dataset.py:313: H5pyDeprecationWarning: dataset.value has been deprecated. Use dataset[()] instead.
  "Use dataset[()] instead.", H5pyDeprecationWarning)
decode_theanolm finished.
/tmp/55088477/lattices
floatX=float32,device=cuda0,base_compiledir=/tmp/theano,exception_verbosity=high,openmp=False
/scratch/work/groszt1/envs/theanoLM/lib/python3.7/site-packages/theano/gpuarray/dnn.py:184: UserWarning: Your cuDNN version is more recent than Theano. If you encounter problems, try updating Theano or downgrading cuDNN to a version >= v5 and <= v7.
  warnings.warn("Your cuDNN version is more recent than "
Using cuDNN version 7600 on context None
Mapped name None to device cuda0: Tesla V100-PCIE-32GB (0000:AF:00.0)
TheanoLM 1.3.2
Theano 1.0.4
pygpu 0.7.6
==
+ srun --gres=gpu:1 theanolm decode /scratch/work/moisioa3/conv_lm/experiments/theanolm-morph-42k/expt2-sampled/nnlm.h5 --lattice-list /tmp/55088477/lattices/lattice-list --output-file /scratch/work/moisioa3/conv_lm/experiments/theanolm-morph-42k/expt2-sampled/decode/devel/lambda=1.0-lms=8/63.trn --output trn --nnlm-weight 1.0 --lm-scale 8 --max-tokens-per-node 62 --beam 650 --recombination-order 22 --num-jobs 128 --job 63 --unk-penalty=-20
2020-08-15 10:16:05,358 get_default_device: Context None device="Tesla V100-PCIE-32GB" ID="0000:AF:00.0"
2020-08-15 10:16:05,359 from_file: Reading vocabulary from network state.
2020-08-15 10:16:05,560 from_file: Number of words in vocabulary: 42699
2020-08-15 10:16:05,560 from_file: Number of words in shortlist: 42699
2020-08-15 10:16:05,561 from_file: Number of word classes: 42699
2020-08-15 10:16:05,561 from_file: Building neural network.
2020-08-15 10:16:34,156 from_file: Restoring neural network state.
2020-08-15 10:16:34,516 decode: Building word lattice decoder.
2020-08-15 10:16:38,533 __iter__: Reading lattice file `/tmp/55088477/lattices/dspm004_dsp2013_04.lat.gz´.
2020-08-15 10:16:39,186 decode: Utterance `dspm004_dsp2013_04´ -- 1 of job 63
2020-08-15 10:16:57,436 __iter__: Reading lattice file `/tmp/55088477/lattices/dspm011_dsp2013_24.lat.gz´.
2020-08-15 10:16:57,637 decode: Utterance `dspm011_dsp2013_24´ -- 2 of job 63
2020-08-15 10:17:01,327 __iter__: Reading lattice file `/tmp/55088477/lattices/dspm021_dsp2013_21.lat.gz´.
2020-08-15 10:17:01,746 decode: Utterance `dspm021_dsp2013_21´ -- 3 of job 63
2020-08-15 10:17:11,700 __iter__: Reading lattice file `/tmp/55088477/lattices/dspm031_dsp2013_10.lat.gz´.
2020-08-15 10:17:11,745 decode: Utterance `dspm031_dsp2013_10´ -- 4 of job 63
2020-08-15 10:17:12,872 __iter__: Reading lattice file `/tmp/55088477/lattices/dspm040_dsp2013_05.lat.gz´.
2020-08-15 10:17:13,027 decode: Utterance `dspm040_dsp2013_05´ -- 5 of job 63
2020-08-15 10:17:16,322 __iter__: Reading lattice file `/tmp/55088477/lattices/dspm049_dsp2013_07.lat.gz´.
2020-08-15 10:17:19,876 decode: Utterance `dspm049_dsp2013_07´ -- 6 of job 63
2020-08-15 10:19:07,033 __iter__: Reading lattice file `/tmp/55088477/lattices/dspm057_dsp2013_12.lat.gz´.
2020-08-15 10:19:07,401 decode: Utterance `dspm057_dsp2013_12´ -- 7 of job 63
2020-08-15 10:19:15,523 __iter__: Reading lattice file `/tmp/55088477/lattices/radioshaka_kbk20120915_22.lat.gz´.
2020-08-15 10:19:17,035 decode: Utterance `radioshaka_kbk20120915_22´ -- 8 of job 63
/scratch/work/groszt1/envs/theanoLM/lib/python3.7/site-packages/theano/gpuarray/dnn.py:184: UserWarning: Your cuDNN version is more recent than Theano. If you encounter problems, try updating Theano or downgrading cuDNN to a version >= v5 and <= v7.
  warnings.warn("Your cuDNN version is more recent than "
Using cuDNN version 7600 on context None
Mapped name None to device cuda0: Tesla V100-PCIE-32GB (0000:AF:00.0)
/scratch/work/groszt1/envs/theanoLM/lib/python3.7/site-packages/h5py-2.9.0-py3.7-linux-x86_64.egg/h5py/_hl/dataset.py:313: H5pyDeprecationWarning: dataset.value has been deprecated. Use dataset[()] instead.
  "Use dataset[()] instead.", H5pyDeprecationWarning)
/scratch/work/groszt1/envs/theanoLM/lib/python3.7/site-packages/h5py-2.9.0-py3.7-linux-x86_64.egg/h5py/_hl/dataset.py:313: H5pyDeprecationWarning: dataset.value has been deprecated. Use dataset[()] instead.
  "Use dataset[()] instead.", H5pyDeprecationWarning)
decode_theanolm finished.
/tmp/55088477/lattices
floatX=float32,device=cuda0,base_compiledir=/tmp/theano,exception_verbosity=high,openmp=False
/scratch/work/groszt1/envs/theanoLM/lib/python3.7/site-packages/theano/gpuarray/dnn.py:184: UserWarning: Your cuDNN version is more recent than Theano. If you encounter problems, try updating Theano or downgrading cuDNN to a version >= v5 and <= v7.
  warnings.warn("Your cuDNN version is more recent than "
Using cuDNN version 7600 on context None
Mapped name None to device cuda0: Tesla V100-PCIE-32GB (0000:AF:00.0)
TheanoLM 1.3.2
Theano 1.0.4
pygpu 0.7.6
==
+ srun --gres=gpu:1 theanolm decode /scratch/work/moisioa3/conv_lm/experiments/theanolm-morph-42k/expt2-sampled/nnlm.h5 --lattice-list /tmp/55088477/lattices/lattice-list --output-file /scratch/work/moisioa3/conv_lm/experiments/theanolm-morph-42k/expt2-sampled/decode/devel/lambda=1.0-lms=9/63.trn --output trn --nnlm-weight 1.0 --lm-scale 9 --max-tokens-per-node 62 --beam 650 --recombination-order 22 --num-jobs 128 --job 63 --unk-penalty=-20
2020-08-15 10:20:05,083 get_default_device: Context None device="Tesla V100-PCIE-32GB" ID="0000:AF:00.0"
2020-08-15 10:20:05,084 from_file: Reading vocabulary from network state.
2020-08-15 10:20:05,285 from_file: Number of words in vocabulary: 42699
2020-08-15 10:20:05,286 from_file: Number of words in shortlist: 42699
2020-08-15 10:20:05,286 from_file: Number of word classes: 42699
2020-08-15 10:20:05,286 from_file: Building neural network.
2020-08-15 10:20:34,005 from_file: Restoring neural network state.
2020-08-15 10:20:34,371 decode: Building word lattice decoder.
2020-08-15 10:20:38,560 __iter__: Reading lattice file `/tmp/55088477/lattices/dspm004_dsp2013_04.lat.gz´.
2020-08-15 10:20:39,128 decode: Utterance `dspm004_dsp2013_04´ -- 1 of job 63
2020-08-15 10:20:57,764 __iter__: Reading lattice file `/tmp/55088477/lattices/dspm011_dsp2013_24.lat.gz´.
2020-08-15 10:20:57,960 decode: Utterance `dspm011_dsp2013_24´ -- 2 of job 63
2020-08-15 10:21:01,610 __iter__: Reading lattice file `/tmp/55088477/lattices/dspm021_dsp2013_21.lat.gz´.
2020-08-15 10:21:02,021 decode: Utterance `dspm021_dsp2013_21´ -- 3 of job 63
2020-08-15 10:21:11,773 __iter__: Reading lattice file `/tmp/55088477/lattices/dspm031_dsp2013_10.lat.gz´.
2020-08-15 10:21:11,817 decode: Utterance `dspm031_dsp2013_10´ -- 4 of job 63
2020-08-15 10:21:12,912 __iter__: Reading lattice file `/tmp/55088477/lattices/dspm040_dsp2013_05.lat.gz´.
2020-08-15 10:21:13,062 decode: Utterance `dspm040_dsp2013_05´ -- 5 of job 63
2020-08-15 10:21:16,279 __iter__: Reading lattice file `/tmp/55088477/lattices/dspm049_dsp2013_07.lat.gz´.
2020-08-15 10:21:19,767 decode: Utterance `dspm049_dsp2013_07´ -- 6 of job 63
2020-08-15 10:23:06,372 __iter__: Reading lattice file `/tmp/55088477/lattices/dspm057_dsp2013_12.lat.gz´.
2020-08-15 10:23:06,734 decode: Utterance `dspm057_dsp2013_12´ -- 7 of job 63
2020-08-15 10:23:14,786 __iter__: Reading lattice file `/tmp/55088477/lattices/radioshaka_kbk20120915_22.lat.gz´.
2020-08-15 10:23:16,265 decode: Utterance `radioshaka_kbk20120915_22´ -- 8 of job 63
/scratch/work/groszt1/envs/theanoLM/lib/python3.7/site-packages/theano/gpuarray/dnn.py:184: UserWarning: Your cuDNN version is more recent than Theano. If you encounter problems, try updating Theano or downgrading cuDNN to a version >= v5 and <= v7.
  warnings.warn("Your cuDNN version is more recent than "
Using cuDNN version 7600 on context None
Mapped name None to device cuda0: Tesla V100-PCIE-32GB (0000:AF:00.0)
/scratch/work/groszt1/envs/theanoLM/lib/python3.7/site-packages/h5py-2.9.0-py3.7-linux-x86_64.egg/h5py/_hl/dataset.py:313: H5pyDeprecationWarning: dataset.value has been deprecated. Use dataset[()] instead.
  "Use dataset[()] instead.", H5pyDeprecationWarning)
/scratch/work/groszt1/envs/theanoLM/lib/python3.7/site-packages/h5py-2.9.0-py3.7-linux-x86_64.egg/h5py/_hl/dataset.py:313: H5pyDeprecationWarning: dataset.value has been deprecated. Use dataset[()] instead.
  "Use dataset[()] instead.", H5pyDeprecationWarning)
decode_theanolm finished.
/tmp/55088477/lattices
floatX=float32,device=cuda0,base_compiledir=/tmp/theano,exception_verbosity=high,openmp=False
/scratch/work/groszt1/envs/theanoLM/lib/python3.7/site-packages/theano/gpuarray/dnn.py:184: UserWarning: Your cuDNN version is more recent than Theano. If you encounter problems, try updating Theano or downgrading cuDNN to a version >= v5 and <= v7.
  warnings.warn("Your cuDNN version is more recent than "
Using cuDNN version 7600 on context None
Mapped name None to device cuda0: Tesla V100-PCIE-32GB (0000:AF:00.0)
TheanoLM 1.3.2
Theano 1.0.4
pygpu 0.7.6
==
+ srun --gres=gpu:1 theanolm decode /scratch/work/moisioa3/conv_lm/experiments/theanolm-morph-42k/expt2-sampled/nnlm.h5 --lattice-list /tmp/55088477/lattices/lattice-list --output-file /scratch/work/moisioa3/conv_lm/experiments/theanolm-morph-42k/expt2-sampled/decode/devel/lambda=1.0-lms=10/63.trn --output trn --nnlm-weight 1.0 --lm-scale 10 --max-tokens-per-node 62 --beam 650 --recombination-order 22 --num-jobs 128 --job 63 --unk-penalty=-20
2020-08-15 10:24:04,571 get_default_device: Context None device="Tesla V100-PCIE-32GB" ID="0000:AF:00.0"
2020-08-15 10:24:04,572 from_file: Reading vocabulary from network state.
2020-08-15 10:24:04,768 from_file: Number of words in vocabulary: 42699
2020-08-15 10:24:04,768 from_file: Number of words in shortlist: 42699
2020-08-15 10:24:04,768 from_file: Number of word classes: 42699
2020-08-15 10:24:04,768 from_file: Building neural network.
2020-08-15 10:24:33,895 from_file: Restoring neural network state.
2020-08-15 10:24:34,251 decode: Building word lattice decoder.
2020-08-15 10:24:38,336 __iter__: Reading lattice file `/tmp/55088477/lattices/dspm004_dsp2013_04.lat.gz´.
2020-08-15 10:24:38,908 decode: Utterance `dspm004_dsp2013_04´ -- 1 of job 63
2020-08-15 10:24:57,278 __iter__: Reading lattice file `/tmp/55088477/lattices/dspm011_dsp2013_24.lat.gz´.
2020-08-15 10:24:57,475 decode: Utterance `dspm011_dsp2013_24´ -- 2 of job 63
2020-08-15 10:25:01,125 __iter__: Reading lattice file `/tmp/55088477/lattices/dspm021_dsp2013_21.lat.gz´.
2020-08-15 10:25:01,538 decode: Utterance `dspm021_dsp2013_21´ -- 3 of job 63
2020-08-15 10:25:11,287 __iter__: Reading lattice file `/tmp/55088477/lattices/dspm031_dsp2013_10.lat.gz´.
2020-08-15 10:25:11,332 decode: Utterance `dspm031_dsp2013_10´ -- 4 of job 63
2020-08-15 10:25:12,426 __iter__: Reading lattice file `/tmp/55088477/lattices/dspm040_dsp2013_05.lat.gz´.
2020-08-15 10:25:12,576 decode: Utterance `dspm040_dsp2013_05´ -- 5 of job 63
2020-08-15 10:25:15,820 __iter__: Reading lattice file `/tmp/55088477/lattices/dspm049_dsp2013_07.lat.gz´.
2020-08-15 10:25:19,310 decode: Utterance `dspm049_dsp2013_07´ -- 6 of job 63
2020-08-15 10:27:06,372 __iter__: Reading lattice file `/tmp/55088477/lattices/dspm057_dsp2013_12.lat.gz´.
2020-08-15 10:27:06,736 decode: Utterance `dspm057_dsp2013_12´ -- 7 of job 63
2020-08-15 10:27:14,654 __iter__: Reading lattice file `/tmp/55088477/lattices/radioshaka_kbk20120915_22.lat.gz´.
2020-08-15 10:27:16,149 decode: Utterance `radioshaka_kbk20120915_22´ -- 8 of job 63
/scratch/work/groszt1/envs/theanoLM/lib/python3.7/site-packages/theano/gpuarray/dnn.py:184: UserWarning: Your cuDNN version is more recent than Theano. If you encounter problems, try updating Theano or downgrading cuDNN to a version >= v5 and <= v7.
  warnings.warn("Your cuDNN version is more recent than "
Using cuDNN version 7600 on context None
Mapped name None to device cuda0: Tesla V100-PCIE-32GB (0000:AF:00.0)
/scratch/work/groszt1/envs/theanoLM/lib/python3.7/site-packages/h5py-2.9.0-py3.7-linux-x86_64.egg/h5py/_hl/dataset.py:313: H5pyDeprecationWarning: dataset.value has been deprecated. Use dataset[()] instead.
  "Use dataset[()] instead.", H5pyDeprecationWarning)
/scratch/work/groszt1/envs/theanoLM/lib/python3.7/site-packages/h5py-2.9.0-py3.7-linux-x86_64.egg/h5py/_hl/dataset.py:313: H5pyDeprecationWarning: dataset.value has been deprecated. Use dataset[()] instead.
  "Use dataset[()] instead.", H5pyDeprecationWarning)
decode_theanolm finished.
/tmp/55088477/lattices
floatX=float32,device=cuda0,base_compiledir=/tmp/theano,exception_verbosity=high,openmp=False
/scratch/work/groszt1/envs/theanoLM/lib/python3.7/site-packages/theano/gpuarray/dnn.py:184: UserWarning: Your cuDNN version is more recent than Theano. If you encounter problems, try updating Theano or downgrading cuDNN to a version >= v5 and <= v7.
  warnings.warn("Your cuDNN version is more recent than "
Using cuDNN version 7600 on context None
Mapped name None to device cuda0: Tesla V100-PCIE-32GB (0000:AF:00.0)
TheanoLM 1.3.2
Theano 1.0.4
pygpu 0.7.6
==
+ srun --gres=gpu:1 theanolm decode /scratch/work/moisioa3/conv_lm/experiments/theanolm-morph-42k/expt2-sampled/nnlm.h5 --lattice-list /tmp/55088477/lattices/lattice-list --output-file /scratch/work/moisioa3/conv_lm/experiments/theanolm-morph-42k/expt2-sampled/decode/devel/lambda=1.0-lms=11/63.trn --output trn --nnlm-weight 1.0 --lm-scale 11 --max-tokens-per-node 62 --beam 650 --recombination-order 22 --num-jobs 128 --job 63 --unk-penalty=-20
2020-08-15 10:28:04,497 get_default_device: Context None device="Tesla V100-PCIE-32GB" ID="0000:AF:00.0"
2020-08-15 10:28:04,498 from_file: Reading vocabulary from network state.
2020-08-15 10:28:04,699 from_file: Number of words in vocabulary: 42699
2020-08-15 10:28:04,700 from_file: Number of words in shortlist: 42699
2020-08-15 10:28:04,700 from_file: Number of word classes: 42699
2020-08-15 10:28:04,700 from_file: Building neural network.
2020-08-15 10:28:33,164 from_file: Restoring neural network state.
2020-08-15 10:28:33,523 decode: Building word lattice decoder.
2020-08-15 10:28:37,583 __iter__: Reading lattice file `/tmp/55088477/lattices/dspm004_dsp2013_04.lat.gz´.
2020-08-15 10:28:38,161 decode: Utterance `dspm004_dsp2013_04´ -- 1 of job 63
2020-08-15 10:28:56,507 __iter__: Reading lattice file `/tmp/55088477/lattices/dspm011_dsp2013_24.lat.gz´.
2020-08-15 10:28:56,707 decode: Utterance `dspm011_dsp2013_24´ -- 2 of job 63
2020-08-15 10:29:00,347 __iter__: Reading lattice file `/tmp/55088477/lattices/dspm021_dsp2013_21.lat.gz´.
2020-08-15 10:29:00,761 decode: Utterance `dspm021_dsp2013_21´ -- 3 of job 63
2020-08-15 10:29:10,419 __iter__: Reading lattice file `/tmp/55088477/lattices/dspm031_dsp2013_10.lat.gz´.
2020-08-15 10:29:10,464 decode: Utterance `dspm031_dsp2013_10´ -- 4 of job 63
2020-08-15 10:29:11,553 __iter__: Reading lattice file `/tmp/55088477/lattices/dspm040_dsp2013_05.lat.gz´.
2020-08-15 10:29:11,705 decode: Utterance `dspm040_dsp2013_05´ -- 5 of job 63
2020-08-15 10:29:14,933 __iter__: Reading lattice file `/tmp/55088477/lattices/dspm049_dsp2013_07.lat.gz´.
2020-08-15 10:29:18,457 decode: Utterance `dspm049_dsp2013_07´ -- 6 of job 63
2020-08-15 10:31:03,188 __iter__: Reading lattice file `/tmp/55088477/lattices/dspm057_dsp2013_12.lat.gz´.
2020-08-15 10:31:03,554 decode: Utterance `dspm057_dsp2013_12´ -- 7 of job 63
2020-08-15 10:31:11,385 __iter__: Reading lattice file `/tmp/55088477/lattices/radioshaka_kbk20120915_22.lat.gz´.
2020-08-15 10:31:12,884 decode: Utterance `radioshaka_kbk20120915_22´ -- 8 of job 63
/scratch/work/groszt1/envs/theanoLM/lib/python3.7/site-packages/theano/gpuarray/dnn.py:184: UserWarning: Your cuDNN version is more recent than Theano. If you encounter problems, try updating Theano or downgrading cuDNN to a version >= v5 and <= v7.
  warnings.warn("Your cuDNN version is more recent than "
Using cuDNN version 7600 on context None
Mapped name None to device cuda0: Tesla V100-PCIE-32GB (0000:AF:00.0)
/scratch/work/groszt1/envs/theanoLM/lib/python3.7/site-packages/h5py-2.9.0-py3.7-linux-x86_64.egg/h5py/_hl/dataset.py:313: H5pyDeprecationWarning: dataset.value has been deprecated. Use dataset[()] instead.
  "Use dataset[()] instead.", H5pyDeprecationWarning)
/scratch/work/groszt1/envs/theanoLM/lib/python3.7/site-packages/h5py-2.9.0-py3.7-linux-x86_64.egg/h5py/_hl/dataset.py:313: H5pyDeprecationWarning: dataset.value has been deprecated. Use dataset[()] instead.
  "Use dataset[()] instead.", H5pyDeprecationWarning)
decode_theanolm finished.
/tmp/55088477/lattices
floatX=float32,device=cuda0,base_compiledir=/tmp/theano,exception_verbosity=high,openmp=False
/scratch/work/groszt1/envs/theanoLM/lib/python3.7/site-packages/theano/gpuarray/dnn.py:184: UserWarning: Your cuDNN version is more recent than Theano. If you encounter problems, try updating Theano or downgrading cuDNN to a version >= v5 and <= v7.
  warnings.warn("Your cuDNN version is more recent than "
Using cuDNN version 7600 on context None
Mapped name None to device cuda0: Tesla V100-PCIE-32GB (0000:AF:00.0)
TheanoLM 1.3.2
Theano 1.0.4
pygpu 0.7.6
==
+ srun --gres=gpu:1 theanolm decode /scratch/work/moisioa3/conv_lm/experiments/theanolm-morph-42k/expt2-sampled/nnlm.h5 --lattice-list /tmp/55088477/lattices/lattice-list --output-file /scratch/work/moisioa3/conv_lm/experiments/theanolm-morph-42k/expt2-sampled/decode/devel/lambda=1.0-lms=12/63.trn --output trn --nnlm-weight 1.0 --lm-scale 12 --max-tokens-per-node 62 --beam 650 --recombination-order 22 --num-jobs 128 --job 63 --unk-penalty=-20
2020-08-15 10:32:02,039 get_default_device: Context None device="Tesla V100-PCIE-32GB" ID="0000:AF:00.0"
2020-08-15 10:32:02,040 from_file: Reading vocabulary from network state.
2020-08-15 10:32:02,231 from_file: Number of words in vocabulary: 42699
2020-08-15 10:32:02,231 from_file: Number of words in shortlist: 42699
2020-08-15 10:32:02,231 from_file: Number of word classes: 42699
2020-08-15 10:32:02,231 from_file: Building neural network.
2020-08-15 10:32:30,715 from_file: Restoring neural network state.
2020-08-15 10:32:31,074 decode: Building word lattice decoder.
2020-08-15 10:32:35,189 __iter__: Reading lattice file `/tmp/55088477/lattices/dspm004_dsp2013_04.lat.gz´.
2020-08-15 10:32:35,757 decode: Utterance `dspm004_dsp2013_04´ -- 1 of job 63
2020-08-15 10:32:54,104 __iter__: Reading lattice file `/tmp/55088477/lattices/dspm011_dsp2013_24.lat.gz´.
2020-08-15 10:32:54,300 decode: Utterance `dspm011_dsp2013_24´ -- 2 of job 63
2020-08-15 10:32:57,948 __iter__: Reading lattice file `/tmp/55088477/lattices/dspm021_dsp2013_21.lat.gz´.
2020-08-15 10:32:58,356 decode: Utterance `dspm021_dsp2013_21´ -- 3 of job 63
2020-08-15 10:33:08,123 __iter__: Reading lattice file `/tmp/55088477/lattices/dspm031_dsp2013_10.lat.gz´.
2020-08-15 10:33:08,168 decode: Utterance `dspm031_dsp2013_10´ -- 4 of job 63
2020-08-15 10:33:09,257 __iter__: Reading lattice file `/tmp/55088477/lattices/dspm040_dsp2013_05.lat.gz´.
2020-08-15 10:33:09,406 decode: Utterance `dspm040_dsp2013_05´ -- 5 of job 63
2020-08-15 10:33:12,687 __iter__: Reading lattice file `/tmp/55088477/lattices/dspm049_dsp2013_07.lat.gz´.
2020-08-15 10:33:16,176 decode: Utterance `dspm049_dsp2013_07´ -- 6 of job 63
2020-08-15 10:35:02,612 __iter__: Reading lattice file `/tmp/55088477/lattices/dspm057_dsp2013_12.lat.gz´.
2020-08-15 10:35:02,974 decode: Utterance `dspm057_dsp2013_12´ -- 7 of job 63
2020-08-15 10:35:10,959 __iter__: Reading lattice file `/tmp/55088477/lattices/radioshaka_kbk20120915_22.lat.gz´.
2020-08-15 10:35:12,441 decode: Utterance `radioshaka_kbk20120915_22´ -- 8 of job 63
/scratch/work/groszt1/envs/theanoLM/lib/python3.7/site-packages/theano/gpuarray/dnn.py:184: UserWarning: Your cuDNN version is more recent than Theano. If you encounter problems, try updating Theano or downgrading cuDNN to a version >= v5 and <= v7.
  warnings.warn("Your cuDNN version is more recent than "
Using cuDNN version 7600 on context None
Mapped name None to device cuda0: Tesla V100-PCIE-32GB (0000:AF:00.0)
/scratch/work/groszt1/envs/theanoLM/lib/python3.7/site-packages/h5py-2.9.0-py3.7-linux-x86_64.egg/h5py/_hl/dataset.py:313: H5pyDeprecationWarning: dataset.value has been deprecated. Use dataset[()] instead.
  "Use dataset[()] instead.", H5pyDeprecationWarning)
/scratch/work/groszt1/envs/theanoLM/lib/python3.7/site-packages/h5py-2.9.0-py3.7-linux-x86_64.egg/h5py/_hl/dataset.py:313: H5pyDeprecationWarning: dataset.value has been deprecated. Use dataset[()] instead.
  "Use dataset[()] instead.", H5pyDeprecationWarning)
decode_theanolm finished.
decode devel finished.
