Experiment: theanolm-morph-42k/expt2-sampled
Job ID: 55132972
Task ID: 28
Host: gpu24.int.triton.aalto.fi
Start date: Thu Aug 20 17:40:50 EEST 2020
Work directory: /scratch/work/moisioa3/conv_lm/experiments/theanolm-morph-42k/expt2-sampled
Temporary directory: /tmp/55132972

Currently Loaded Modules:
  1) speech-scripts/2016.05.24-b928230   6) binutils/2.25-GCCcore-5.4.0
  2) srilm/default                       7) GCC/5.4.0-2.25
  3) cuda/10.0.130                       8) libgpuarray/2017.03.29-45c731f
  4) cudnn/7.4.2-cuda                    9) anaconda3/latest
  5) GCCcore/5.4.0

 

/tmp/55132972/lattices
floatX=float32,device=cuda0,base_compiledir=/tmp/theano,exception_verbosity=high,openmp=False
/scratch/work/groszt1/envs/theanoLM/lib/python3.7/site-packages/theano/gpuarray/dnn.py:184: UserWarning: Your cuDNN version is more recent than Theano. If you encounter problems, try updating Theano or downgrading cuDNN to a version >= v5 and <= v7.
  warnings.warn("Your cuDNN version is more recent than "
Using cuDNN version 7600 on context None
Mapped name None to device cuda0: Tesla P100-PCIE-16GB (0000:82:00.0)
TheanoLM 1.3.2
Theano 1.0.4
pygpu 0.7.6
==
+ srun --gres=gpu:1 theanolm decode /scratch/work/moisioa3/conv_lm/experiments/theanolm-morph-42k/expt2-sampled/nnlm.h5 --lattice-list /tmp/55132972/lattices/lattice-list --output-file /scratch/work/moisioa3/conv_lm/experiments/theanolm-morph-42k/expt2-sampled/decode/eval/lambda=0.5-lms=9/28.trn --output trn --nnlm-weight 0.5 --lm-scale 9 --max-tokens-per-node 62 --beam 650 --recombination-order 22 --num-jobs 128 --job 28 --unk-penalty=-20
2020-08-20 17:41:04,489 get_default_device: Context None device="Tesla P100-PCIE-16GB" ID="0000:82:00.0"
2020-08-20 17:41:04,492 from_file: Reading vocabulary from network state.
2020-08-20 17:41:04,737 from_file: Number of words in vocabulary: 42699
2020-08-20 17:41:04,738 from_file: Number of words in shortlist: 42699
2020-08-20 17:41:04,738 from_file: Number of word classes: 42699
2020-08-20 17:41:04,738 from_file: Building neural network.
2020-08-20 17:41:53,376 from_file: Restoring neural network state.
2020-08-20 17:41:54,275 decode: Building word lattice decoder.
2020-08-20 17:42:29,800 __iter__: Reading lattice file `/tmp/55132972/lattices/dspf002_dsp2013_09.lat.gz´.
2020-08-20 17:42:31,142 decode: Utterance `dspf002_dsp2013_09´ -- 1 of job 28
2020-08-20 17:43:10,177 __iter__: Reading lattice file `/tmp/55132972/lattices/dspm038_dsp2013_23.lat.gz´.
2020-08-20 17:43:10,302 decode: Utterance `dspm038_dsp2013_23´ -- 2 of job 28
2020-08-20 17:43:13,339 __iter__: Reading lattice file `/tmp/55132972/lattices/radiohenri_aamushow20100713_24.lat.gz´.
2020-08-20 17:43:13,344 decode: Utterance `radiohenri_aamushow20100713_24´ -- 3 of job 28
2020-08-20 17:43:13,455 __iter__: Reading lattice file `/tmp/55132972/lattices/radioporni_puhujainkulma20120930_119.lat.gz´.
2020-08-20 17:43:14,397 decode: Utterance `radioporni_puhujainkulma20120930_119´ -- 4 of job 28
2020-08-20 17:43:55,878 __iter__: Reading lattice file `/tmp/55132972/lattices/radioruudolf_aamushow20120720_95.lat.gz´.
2020-08-20 17:43:56,407 decode: Utterance `radioruudolf_aamushow20120720_95´ -- 5 of job 28
/scratch/work/groszt1/envs/theanoLM/lib/python3.7/site-packages/theano/gpuarray/dnn.py:184: UserWarning: Your cuDNN version is more recent than Theano. If you encounter problems, try updating Theano or downgrading cuDNN to a version >= v5 and <= v7.
  warnings.warn("Your cuDNN version is more recent than "
Using cuDNN version 7600 on context None
Mapped name None to device cuda0: Tesla P100-PCIE-16GB (0000:82:00.0)
/scratch/work/groszt1/envs/theanoLM/lib/python3.7/site-packages/h5py-2.9.0-py3.7-linux-x86_64.egg/h5py/_hl/dataset.py:313: H5pyDeprecationWarning: dataset.value has been deprecated. Use dataset[()] instead.
  "Use dataset[()] instead.", H5pyDeprecationWarning)
/scratch/work/groszt1/envs/theanoLM/lib/python3.7/site-packages/h5py-2.9.0-py3.7-linux-x86_64.egg/h5py/_hl/dataset.py:313: H5pyDeprecationWarning: dataset.value has been deprecated. Use dataset[()] instead.
  "Use dataset[()] instead.", H5pyDeprecationWarning)
decode_theanolm finished.
/tmp/55132972/lattices
floatX=float32,device=cuda0,base_compiledir=/tmp/theano,exception_verbosity=high,openmp=False
/scratch/work/groszt1/envs/theanoLM/lib/python3.7/site-packages/theano/gpuarray/dnn.py:184: UserWarning: Your cuDNN version is more recent than Theano. If you encounter problems, try updating Theano or downgrading cuDNN to a version >= v5 and <= v7.
  warnings.warn("Your cuDNN version is more recent than "
Using cuDNN version 7600 on context None
Mapped name None to device cuda0: Tesla P100-PCIE-16GB (0000:82:00.0)
TheanoLM 1.3.2
Theano 1.0.4
pygpu 0.7.6
==
+ srun --gres=gpu:1 theanolm decode /scratch/work/moisioa3/conv_lm/experiments/theanolm-morph-42k/expt2-sampled/nnlm.h5 --lattice-list /tmp/55132972/lattices/lattice-list --output-file /scratch/work/moisioa3/conv_lm/experiments/theanolm-morph-42k/expt2-sampled/decode/eval/lambda=0.5-lms=10/28.trn --output trn --nnlm-weight 0.5 --lm-scale 10 --max-tokens-per-node 62 --beam 650 --recombination-order 22 --num-jobs 128 --job 28 --unk-penalty=-20
2020-08-20 17:44:29,862 get_default_device: Context None device="Tesla P100-PCIE-16GB" ID="0000:82:00.0"
2020-08-20 17:44:29,863 from_file: Reading vocabulary from network state.
2020-08-20 17:44:30,157 from_file: Number of words in vocabulary: 42699
2020-08-20 17:44:30,157 from_file: Number of words in shortlist: 42699
2020-08-20 17:44:30,157 from_file: Number of word classes: 42699
2020-08-20 17:44:30,157 from_file: Building neural network.
2020-08-20 17:45:16,571 from_file: Restoring neural network state.
2020-08-20 17:45:16,901 decode: Building word lattice decoder.
2020-08-20 17:45:22,035 __iter__: Reading lattice file `/tmp/55132972/lattices/dspf002_dsp2013_09.lat.gz´.
2020-08-20 17:45:23,454 decode: Utterance `dspf002_dsp2013_09´ -- 1 of job 28
2020-08-20 17:46:05,056 __iter__: Reading lattice file `/tmp/55132972/lattices/dspm038_dsp2013_23.lat.gz´.
2020-08-20 17:46:05,183 decode: Utterance `dspm038_dsp2013_23´ -- 2 of job 28
2020-08-20 17:46:08,197 __iter__: Reading lattice file `/tmp/55132972/lattices/radiohenri_aamushow20100713_24.lat.gz´.
2020-08-20 17:46:08,202 decode: Utterance `radiohenri_aamushow20100713_24´ -- 3 of job 28
2020-08-20 17:46:08,317 __iter__: Reading lattice file `/tmp/55132972/lattices/radioporni_puhujainkulma20120930_119.lat.gz´.
2020-08-20 17:46:09,284 decode: Utterance `radioporni_puhujainkulma20120930_119´ -- 4 of job 28
2020-08-20 17:46:50,645 __iter__: Reading lattice file `/tmp/55132972/lattices/radioruudolf_aamushow20120720_95.lat.gz´.
2020-08-20 17:46:51,183 decode: Utterance `radioruudolf_aamushow20120720_95´ -- 5 of job 28
/scratch/work/groszt1/envs/theanoLM/lib/python3.7/site-packages/theano/gpuarray/dnn.py:184: UserWarning: Your cuDNN version is more recent than Theano. If you encounter problems, try updating Theano or downgrading cuDNN to a version >= v5 and <= v7.
  warnings.warn("Your cuDNN version is more recent than "
Using cuDNN version 7600 on context None
Mapped name None to device cuda0: Tesla P100-PCIE-16GB (0000:82:00.0)
/scratch/work/groszt1/envs/theanoLM/lib/python3.7/site-packages/h5py-2.9.0-py3.7-linux-x86_64.egg/h5py/_hl/dataset.py:313: H5pyDeprecationWarning: dataset.value has been deprecated. Use dataset[()] instead.
  "Use dataset[()] instead.", H5pyDeprecationWarning)
/scratch/work/groszt1/envs/theanoLM/lib/python3.7/site-packages/h5py-2.9.0-py3.7-linux-x86_64.egg/h5py/_hl/dataset.py:313: H5pyDeprecationWarning: dataset.value has been deprecated. Use dataset[()] instead.
  "Use dataset[()] instead.", H5pyDeprecationWarning)
decode_theanolm finished.
/tmp/55132972/lattices
floatX=float32,device=cuda0,base_compiledir=/tmp/theano,exception_verbosity=high,openmp=False
/scratch/work/groszt1/envs/theanoLM/lib/python3.7/site-packages/theano/gpuarray/dnn.py:184: UserWarning: Your cuDNN version is more recent than Theano. If you encounter problems, try updating Theano or downgrading cuDNN to a version >= v5 and <= v7.
  warnings.warn("Your cuDNN version is more recent than "
Using cuDNN version 7600 on context None
Mapped name None to device cuda0: Tesla P100-PCIE-16GB (0000:82:00.0)
TheanoLM 1.3.2
Theano 1.0.4
pygpu 0.7.6
==
+ srun --gres=gpu:1 theanolm decode /scratch/work/moisioa3/conv_lm/experiments/theanolm-morph-42k/expt2-sampled/nnlm.h5 --lattice-list /tmp/55132972/lattices/lattice-list --output-file /scratch/work/moisioa3/conv_lm/experiments/theanolm-morph-42k/expt2-sampled/decode/eval/lambda=1.0-lms=9/28.trn --output trn --nnlm-weight 1.0 --lm-scale 9 --max-tokens-per-node 62 --beam 650 --recombination-order 22 --num-jobs 128 --job 28 --unk-penalty=-20
2020-08-20 17:47:15,181 get_default_device: Context None device="Tesla P100-PCIE-16GB" ID="0000:82:00.0"
2020-08-20 17:47:15,183 from_file: Reading vocabulary from network state.
2020-08-20 17:47:15,458 from_file: Number of words in vocabulary: 42699
2020-08-20 17:47:15,459 from_file: Number of words in shortlist: 42699
2020-08-20 17:47:15,459 from_file: Number of word classes: 42699
2020-08-20 17:47:15,459 from_file: Building neural network.
2020-08-20 17:48:00,970 from_file: Restoring neural network state.
2020-08-20 17:48:01,312 decode: Building word lattice decoder.
2020-08-20 17:48:06,833 __iter__: Reading lattice file `/tmp/55132972/lattices/dspf002_dsp2013_09.lat.gz´.
2020-08-20 17:48:08,276 decode: Utterance `dspf002_dsp2013_09´ -- 1 of job 28
2020-08-20 17:48:43,990 __iter__: Reading lattice file `/tmp/55132972/lattices/dspm038_dsp2013_23.lat.gz´.
2020-08-20 17:48:44,115 decode: Utterance `dspm038_dsp2013_23´ -- 2 of job 28
2020-08-20 17:48:47,291 __iter__: Reading lattice file `/tmp/55132972/lattices/radiohenri_aamushow20100713_24.lat.gz´.
2020-08-20 17:48:47,296 decode: Utterance `radiohenri_aamushow20100713_24´ -- 3 of job 28
2020-08-20 17:48:47,404 __iter__: Reading lattice file `/tmp/55132972/lattices/radioporni_puhujainkulma20120930_119.lat.gz´.
2020-08-20 17:48:48,412 decode: Utterance `radioporni_puhujainkulma20120930_119´ -- 4 of job 28
2020-08-20 17:49:24,867 __iter__: Reading lattice file `/tmp/55132972/lattices/radioruudolf_aamushow20120720_95.lat.gz´.
2020-08-20 17:49:25,382 decode: Utterance `radioruudolf_aamushow20120720_95´ -- 5 of job 28
/scratch/work/groszt1/envs/theanoLM/lib/python3.7/site-packages/theano/gpuarray/dnn.py:184: UserWarning: Your cuDNN version is more recent than Theano. If you encounter problems, try updating Theano or downgrading cuDNN to a version >= v5 and <= v7.
  warnings.warn("Your cuDNN version is more recent than "
Using cuDNN version 7600 on context None
Mapped name None to device cuda0: Tesla P100-PCIE-16GB (0000:82:00.0)
/scratch/work/groszt1/envs/theanoLM/lib/python3.7/site-packages/h5py-2.9.0-py3.7-linux-x86_64.egg/h5py/_hl/dataset.py:313: H5pyDeprecationWarning: dataset.value has been deprecated. Use dataset[()] instead.
  "Use dataset[()] instead.", H5pyDeprecationWarning)
/scratch/work/groszt1/envs/theanoLM/lib/python3.7/site-packages/h5py-2.9.0-py3.7-linux-x86_64.egg/h5py/_hl/dataset.py:313: H5pyDeprecationWarning: dataset.value has been deprecated. Use dataset[()] instead.
  "Use dataset[()] instead.", H5pyDeprecationWarning)
decode_theanolm finished.
/tmp/55132972/lattices
floatX=float32,device=cuda0,base_compiledir=/tmp/theano,exception_verbosity=high,openmp=False
/scratch/work/groszt1/envs/theanoLM/lib/python3.7/site-packages/theano/gpuarray/dnn.py:184: UserWarning: Your cuDNN version is more recent than Theano. If you encounter problems, try updating Theano or downgrading cuDNN to a version >= v5 and <= v7.
  warnings.warn("Your cuDNN version is more recent than "
Using cuDNN version 7600 on context None
Mapped name None to device cuda0: Tesla P100-PCIE-16GB (0000:82:00.0)
TheanoLM 1.3.2
Theano 1.0.4
pygpu 0.7.6
==
+ srun --gres=gpu:1 theanolm decode /scratch/work/moisioa3/conv_lm/experiments/theanolm-morph-42k/expt2-sampled/nnlm.h5 --lattice-list /tmp/55132972/lattices/lattice-list --output-file /scratch/work/moisioa3/conv_lm/experiments/theanolm-morph-42k/expt2-sampled/decode/eval/lambda=1.0-lms=10/28.trn --output trn --nnlm-weight 1.0 --lm-scale 10 --max-tokens-per-node 62 --beam 650 --recombination-order 22 --num-jobs 128 --job 28 --unk-penalty=-20
2020-08-20 17:49:55,679 get_default_device: Context None device="Tesla P100-PCIE-16GB" ID="0000:82:00.0"
2020-08-20 17:49:55,683 from_file: Reading vocabulary from network state.
2020-08-20 17:49:55,983 from_file: Number of words in vocabulary: 42699
2020-08-20 17:49:55,983 from_file: Number of words in shortlist: 42699
2020-08-20 17:49:55,983 from_file: Number of word classes: 42699
2020-08-20 17:49:55,983 from_file: Building neural network.
2020-08-20 17:50:41,955 from_file: Restoring neural network state.
2020-08-20 17:50:42,301 decode: Building word lattice decoder.
2020-08-20 17:50:56,600 __iter__: Reading lattice file `/tmp/55132972/lattices/dspf002_dsp2013_09.lat.gz´.
2020-08-20 17:50:58,073 decode: Utterance `dspf002_dsp2013_09´ -- 1 of job 28
2020-08-20 17:51:35,900 __iter__: Reading lattice file `/tmp/55132972/lattices/dspm038_dsp2013_23.lat.gz´.
2020-08-20 17:51:36,030 decode: Utterance `dspm038_dsp2013_23´ -- 2 of job 28
2020-08-20 17:51:38,852 __iter__: Reading lattice file `/tmp/55132972/lattices/radiohenri_aamushow20100713_24.lat.gz´.
2020-08-20 17:51:38,857 decode: Utterance `radiohenri_aamushow20100713_24´ -- 3 of job 28
2020-08-20 17:51:38,969 __iter__: Reading lattice file `/tmp/55132972/lattices/radioporni_puhujainkulma20120930_119.lat.gz´.
2020-08-20 17:51:39,934 decode: Utterance `radioporni_puhujainkulma20120930_119´ -- 4 of job 28
2020-08-20 17:52:14,243 __iter__: Reading lattice file `/tmp/55132972/lattices/radioruudolf_aamushow20120720_95.lat.gz´.
2020-08-20 17:52:14,806 decode: Utterance `radioruudolf_aamushow20120720_95´ -- 5 of job 28
/scratch/work/groszt1/envs/theanoLM/lib/python3.7/site-packages/theano/gpuarray/dnn.py:184: UserWarning: Your cuDNN version is more recent than Theano. If you encounter problems, try updating Theano or downgrading cuDNN to a version >= v5 and <= v7.
  warnings.warn("Your cuDNN version is more recent than "
Using cuDNN version 7600 on context None
Mapped name None to device cuda0: Tesla P100-PCIE-16GB (0000:82:00.0)
/scratch/work/groszt1/envs/theanoLM/lib/python3.7/site-packages/h5py-2.9.0-py3.7-linux-x86_64.egg/h5py/_hl/dataset.py:313: H5pyDeprecationWarning: dataset.value has been deprecated. Use dataset[()] instead.
  "Use dataset[()] instead.", H5pyDeprecationWarning)
/scratch/work/groszt1/envs/theanoLM/lib/python3.7/site-packages/h5py-2.9.0-py3.7-linux-x86_64.egg/h5py/_hl/dataset.py:313: H5pyDeprecationWarning: dataset.value has been deprecated. Use dataset[()] instead.
  "Use dataset[()] instead.", H5pyDeprecationWarning)
decode_theanolm finished.
decode eval finished.
