Experiment: theanolm-morph-42k/expt2-sampled
Job ID: 55088283
Task ID: 24
Host: gpu22.int.triton.aalto.fi
Start date: Sat Aug 15 09:09:11 EEST 2020
Work directory: /scratch/work/moisioa3/conv_lm/experiments/theanolm-morph-42k/expt2-sampled
Temporary directory: /tmp/55088283

Currently Loaded Modules:
  1) speech-scripts/2016.05.24-b928230   6) binutils/2.25-GCCcore-5.4.0
  2) srilm/default                       7) GCC/5.4.0-2.25
  3) cuda/10.0.130                       8) libgpuarray/2017.03.29-45c731f
  4) cudnn/7.4.2-cuda                    9) anaconda3/latest
  5) GCCcore/5.4.0

 

/tmp/55088283/lattices
floatX=float32,device=cuda0,base_compiledir=/tmp/theano,exception_verbosity=high,openmp=False
INFO (theano.gof.compilelock): Waiting for existing lock by process '5960' (I am process '5956')
INFO (theano.gof.compilelock): To manually release the lock, delete /tmp/theano/compiledir_Linux-3.10-el7.x86_64-x86_64-with-centos-7.8.2003-Core-x86_64-3.7.3-64/lock_dir
/scratch/work/groszt1/envs/theanoLM/lib/python3.7/site-packages/theano/gpuarray/dnn.py:184: UserWarning: Your cuDNN version is more recent than Theano. If you encounter problems, try updating Theano or downgrading cuDNN to a version >= v5 and <= v7.
  warnings.warn("Your cuDNN version is more recent than "
Using cuDNN version 7600 on context None
Mapped name None to device cuda0: Tesla K80 (0000:89:00.0)
TheanoLM 1.3.2
Theano 1.0.4
pygpu 0.7.6
==
+ srun --gres=gpu:1 theanolm decode /scratch/work/moisioa3/conv_lm/experiments/theanolm-morph-42k/expt2-sampled/nnlm.h5 --lattice-list /tmp/55088283/lattices/lattice-list --output-file /scratch/work/moisioa3/conv_lm/experiments/theanolm-morph-42k/expt2-sampled/decode/devel/lambda=0.5-lms=8/24.trn --output trn --nnlm-weight 0.5 --lm-scale 8 --max-tokens-per-node 62 --beam 650 --recombination-order 22 --num-jobs 128 --job 24 --unk-penalty=-20
2020-08-15 09:09:49,164 get_default_device: Context None device="Tesla K80" ID="0000:89:00.0"
2020-08-15 09:09:49,165 from_file: Reading vocabulary from network state.
2020-08-15 09:09:49,400 from_file: Number of words in vocabulary: 42699
2020-08-15 09:09:49,400 from_file: Number of words in shortlist: 42699
2020-08-15 09:09:49,400 from_file: Number of word classes: 42699
2020-08-15 09:09:49,400 from_file: Building neural network.
2020-08-15 09:10:37,768 from_file: Restoring neural network state.
2020-08-15 09:10:38,119 decode: Building word lattice decoder.
2020-08-15 09:10:51,641 __iter__: Reading lattice file `/tmp/55088283/lattices/dspf007_dsp2013_05.lat.gz´.
2020-08-15 09:10:53,068 decode: Utterance `dspf007_dsp2013_05´ -- 1 of job 24
2020-08-15 09:12:38,960 __iter__: Reading lattice file `/tmp/55088283/lattices/dspm010_dsp2013_05.lat.gz´.
2020-08-15 09:12:42,994 decode: Utterance `dspm010_dsp2013_05´ -- 2 of job 24
2020-08-15 09:14:57,068 __iter__: Reading lattice file `/tmp/55088283/lattices/dspm018_dsp2013_23.lat.gz´.
2020-08-15 09:14:57,129 decode: Utterance `dspm018_dsp2013_23´ -- 3 of job 24
2020-08-15 09:15:00,134 __iter__: Reading lattice file `/tmp/55088283/lattices/dspm026_dsp2013_11.lat.gz´.
2020-08-15 09:15:00,470 decode: Utterance `dspm026_dsp2013_11´ -- 4 of job 24
2020-08-15 09:15:21,526 __iter__: Reading lattice file `/tmp/55088283/lattices/dspm036_dsp2013_34.lat.gz´.
2020-08-15 09:15:22,107 decode: Utterance `dspm036_dsp2013_34´ -- 5 of job 24
2020-08-15 09:16:06,003 __iter__: Reading lattice file `/tmp/55088283/lattices/dspm047_dsp2013_09.lat.gz´.
2020-08-15 09:16:06,890 decode: Utterance `dspm047_dsp2013_09´ -- 6 of job 24
2020-08-15 09:17:13,611 __iter__: Reading lattice file `/tmp/55088283/lattices/dspm055_dsp2013_13.lat.gz´.
2020-08-15 09:17:13,710 decode: Utterance `dspm055_dsp2013_13´ -- 7 of job 24
2020-08-15 09:17:22,254 __iter__: Reading lattice file `/tmp/55088283/lattices/radiokassu_kbk20120915_49.lat.gz´.
2020-08-15 09:17:23,349 decode: Utterance `radiokassu_kbk20120915_49´ -- 8 of job 24
/scratch/work/groszt1/envs/theanoLM/lib/python3.7/site-packages/theano/gpuarray/dnn.py:184: UserWarning: Your cuDNN version is more recent than Theano. If you encounter problems, try updating Theano or downgrading cuDNN to a version >= v5 and <= v7.
  warnings.warn("Your cuDNN version is more recent than "
Using cuDNN version 7600 on context None
Mapped name None to device cuda0: Tesla K80 (0000:89:00.0)
/scratch/work/groszt1/envs/theanoLM/lib/python3.7/site-packages/h5py-2.9.0-py3.7-linux-x86_64.egg/h5py/_hl/dataset.py:313: H5pyDeprecationWarning: dataset.value has been deprecated. Use dataset[()] instead.
  "Use dataset[()] instead.", H5pyDeprecationWarning)
/scratch/work/groszt1/envs/theanoLM/lib/python3.7/site-packages/h5py-2.9.0-py3.7-linux-x86_64.egg/h5py/_hl/dataset.py:313: H5pyDeprecationWarning: dataset.value has been deprecated. Use dataset[()] instead.
  "Use dataset[()] instead.", H5pyDeprecationWarning)
decode_theanolm finished.
/tmp/55088283/lattices
floatX=float32,device=cuda0,base_compiledir=/tmp/theano,exception_verbosity=high,openmp=False
/scratch/work/groszt1/envs/theanoLM/lib/python3.7/site-packages/theano/gpuarray/dnn.py:184: UserWarning: Your cuDNN version is more recent than Theano. If you encounter problems, try updating Theano or downgrading cuDNN to a version >= v5 and <= v7.
  warnings.warn("Your cuDNN version is more recent than "
Using cuDNN version 7600 on context None
Mapped name None to device cuda0: Tesla K80 (0000:89:00.0)
TheanoLM 1.3.2
Theano 1.0.4
pygpu 0.7.6
==
+ srun --gres=gpu:1 theanolm decode /scratch/work/moisioa3/conv_lm/experiments/theanolm-morph-42k/expt2-sampled/nnlm.h5 --lattice-list /tmp/55088283/lattices/lattice-list --output-file /scratch/work/moisioa3/conv_lm/experiments/theanolm-morph-42k/expt2-sampled/decode/devel/lambda=0.5-lms=9/24.trn --output trn --nnlm-weight 0.5 --lm-scale 9 --max-tokens-per-node 62 --beam 650 --recombination-order 22 --num-jobs 128 --job 24 --unk-penalty=-20
2020-08-15 09:19:02,748 get_default_device: Context None device="Tesla K80" ID="0000:89:00.0"
2020-08-15 09:19:02,749 from_file: Reading vocabulary from network state.
2020-08-15 09:19:02,991 from_file: Number of words in vocabulary: 42699
2020-08-15 09:19:02,991 from_file: Number of words in shortlist: 42699
2020-08-15 09:19:02,991 from_file: Number of word classes: 42699
2020-08-15 09:19:02,992 from_file: Building neural network.
2020-08-15 09:19:40,185 from_file: Restoring neural network state.
2020-08-15 09:19:40,538 decode: Building word lattice decoder.
2020-08-15 09:19:45,471 __iter__: Reading lattice file `/tmp/55088283/lattices/dspf007_dsp2013_05.lat.gz´.
2020-08-15 09:19:47,027 decode: Utterance `dspf007_dsp2013_05´ -- 1 of job 24
2020-08-15 09:21:35,130 __iter__: Reading lattice file `/tmp/55088283/lattices/dspm010_dsp2013_05.lat.gz´.
2020-08-15 09:21:39,092 decode: Utterance `dspm010_dsp2013_05´ -- 2 of job 24
2020-08-15 09:23:53,566 __iter__: Reading lattice file `/tmp/55088283/lattices/dspm018_dsp2013_23.lat.gz´.
2020-08-15 09:23:53,626 decode: Utterance `dspm018_dsp2013_23´ -- 3 of job 24
2020-08-15 09:23:56,664 __iter__: Reading lattice file `/tmp/55088283/lattices/dspm026_dsp2013_11.lat.gz´.
2020-08-15 09:23:57,022 decode: Utterance `dspm026_dsp2013_11´ -- 4 of job 24
2020-08-15 09:24:18,641 __iter__: Reading lattice file `/tmp/55088283/lattices/dspm036_dsp2013_34.lat.gz´.
2020-08-15 09:24:19,161 decode: Utterance `dspm036_dsp2013_34´ -- 5 of job 24
2020-08-15 09:25:03,567 __iter__: Reading lattice file `/tmp/55088283/lattices/dspm047_dsp2013_09.lat.gz´.
2020-08-15 09:25:04,378 decode: Utterance `dspm047_dsp2013_09´ -- 6 of job 24
2020-08-15 09:26:13,406 __iter__: Reading lattice file `/tmp/55088283/lattices/dspm055_dsp2013_13.lat.gz´.
2020-08-15 09:26:13,504 decode: Utterance `dspm055_dsp2013_13´ -- 7 of job 24
2020-08-15 09:26:22,462 __iter__: Reading lattice file `/tmp/55088283/lattices/radiokassu_kbk20120915_49.lat.gz´.
2020-08-15 09:26:23,548 decode: Utterance `radiokassu_kbk20120915_49´ -- 8 of job 24
/scratch/work/groszt1/envs/theanoLM/lib/python3.7/site-packages/theano/gpuarray/dnn.py:184: UserWarning: Your cuDNN version is more recent than Theano. If you encounter problems, try updating Theano or downgrading cuDNN to a version >= v5 and <= v7.
  warnings.warn("Your cuDNN version is more recent than "
Using cuDNN version 7600 on context None
Mapped name None to device cuda0: Tesla K80 (0000:89:00.0)
/scratch/work/groszt1/envs/theanoLM/lib/python3.7/site-packages/h5py-2.9.0-py3.7-linux-x86_64.egg/h5py/_hl/dataset.py:313: H5pyDeprecationWarning: dataset.value has been deprecated. Use dataset[()] instead.
  "Use dataset[()] instead.", H5pyDeprecationWarning)
/scratch/work/groszt1/envs/theanoLM/lib/python3.7/site-packages/h5py-2.9.0-py3.7-linux-x86_64.egg/h5py/_hl/dataset.py:313: H5pyDeprecationWarning: dataset.value has been deprecated. Use dataset[()] instead.
  "Use dataset[()] instead.", H5pyDeprecationWarning)
decode_theanolm finished.
/tmp/55088283/lattices
floatX=float32,device=cuda0,base_compiledir=/tmp/theano,exception_verbosity=high,openmp=False
/scratch/work/groszt1/envs/theanoLM/lib/python3.7/site-packages/theano/gpuarray/dnn.py:184: UserWarning: Your cuDNN version is more recent than Theano. If you encounter problems, try updating Theano or downgrading cuDNN to a version >= v5 and <= v7.
  warnings.warn("Your cuDNN version is more recent than "
Using cuDNN version 7600 on context None
Mapped name None to device cuda0: Tesla K80 (0000:89:00.0)
TheanoLM 1.3.2
Theano 1.0.4
pygpu 0.7.6
==
+ srun --gres=gpu:1 theanolm decode /scratch/work/moisioa3/conv_lm/experiments/theanolm-morph-42k/expt2-sampled/nnlm.h5 --lattice-list /tmp/55088283/lattices/lattice-list --output-file /scratch/work/moisioa3/conv_lm/experiments/theanolm-morph-42k/expt2-sampled/decode/devel/lambda=0.5-lms=10/24.trn --output trn --nnlm-weight 0.5 --lm-scale 10 --max-tokens-per-node 62 --beam 650 --recombination-order 22 --num-jobs 128 --job 24 --unk-penalty=-20
2020-08-15 09:28:06,178 get_default_device: Context None device="Tesla K80" ID="0000:89:00.0"
2020-08-15 09:28:06,179 from_file: Reading vocabulary from network state.
2020-08-15 09:28:06,431 from_file: Number of words in vocabulary: 42699
2020-08-15 09:28:06,431 from_file: Number of words in shortlist: 42699
2020-08-15 09:28:06,432 from_file: Number of word classes: 42699
2020-08-15 09:28:06,432 from_file: Building neural network.
2020-08-15 09:28:45,351 from_file: Restoring neural network state.
2020-08-15 09:28:45,703 decode: Building word lattice decoder.
2020-08-15 09:28:50,555 __iter__: Reading lattice file `/tmp/55088283/lattices/dspf007_dsp2013_05.lat.gz´.
2020-08-15 09:28:51,937 decode: Utterance `dspf007_dsp2013_05´ -- 1 of job 24
2020-08-15 09:30:39,473 __iter__: Reading lattice file `/tmp/55088283/lattices/dspm010_dsp2013_05.lat.gz´.
2020-08-15 09:30:43,349 decode: Utterance `dspm010_dsp2013_05´ -- 2 of job 24
2020-08-15 09:32:58,098 __iter__: Reading lattice file `/tmp/55088283/lattices/dspm018_dsp2013_23.lat.gz´.
2020-08-15 09:32:58,157 decode: Utterance `dspm018_dsp2013_23´ -- 3 of job 24
2020-08-15 09:33:01,169 __iter__: Reading lattice file `/tmp/55088283/lattices/dspm026_dsp2013_11.lat.gz´.
2020-08-15 09:33:01,494 decode: Utterance `dspm026_dsp2013_11´ -- 4 of job 24
2020-08-15 09:33:23,470 __iter__: Reading lattice file `/tmp/55088283/lattices/dspm036_dsp2013_34.lat.gz´.
2020-08-15 09:33:23,978 decode: Utterance `dspm036_dsp2013_34´ -- 5 of job 24
2020-08-15 09:34:08,618 __iter__: Reading lattice file `/tmp/55088283/lattices/dspm047_dsp2013_09.lat.gz´.
2020-08-15 09:34:09,488 decode: Utterance `dspm047_dsp2013_09´ -- 6 of job 24
2020-08-15 09:35:18,436 __iter__: Reading lattice file `/tmp/55088283/lattices/dspm055_dsp2013_13.lat.gz´.
2020-08-15 09:35:18,530 decode: Utterance `dspm055_dsp2013_13´ -- 7 of job 24
2020-08-15 09:35:27,314 __iter__: Reading lattice file `/tmp/55088283/lattices/radiokassu_kbk20120915_49.lat.gz´.
2020-08-15 09:35:28,364 decode: Utterance `radiokassu_kbk20120915_49´ -- 8 of job 24
/scratch/work/groszt1/envs/theanoLM/lib/python3.7/site-packages/theano/gpuarray/dnn.py:184: UserWarning: Your cuDNN version is more recent than Theano. If you encounter problems, try updating Theano or downgrading cuDNN to a version >= v5 and <= v7.
  warnings.warn("Your cuDNN version is more recent than "
Using cuDNN version 7600 on context None
Mapped name None to device cuda0: Tesla K80 (0000:89:00.0)
/scratch/work/groszt1/envs/theanoLM/lib/python3.7/site-packages/h5py-2.9.0-py3.7-linux-x86_64.egg/h5py/_hl/dataset.py:313: H5pyDeprecationWarning: dataset.value has been deprecated. Use dataset[()] instead.
  "Use dataset[()] instead.", H5pyDeprecationWarning)
/scratch/work/groszt1/envs/theanoLM/lib/python3.7/site-packages/h5py-2.9.0-py3.7-linux-x86_64.egg/h5py/_hl/dataset.py:313: H5pyDeprecationWarning: dataset.value has been deprecated. Use dataset[()] instead.
  "Use dataset[()] instead.", H5pyDeprecationWarning)
decode_theanolm finished.
/tmp/55088283/lattices
floatX=float32,device=cuda0,base_compiledir=/tmp/theano,exception_verbosity=high,openmp=False
/scratch/work/groszt1/envs/theanoLM/lib/python3.7/site-packages/theano/gpuarray/dnn.py:184: UserWarning: Your cuDNN version is more recent than Theano. If you encounter problems, try updating Theano or downgrading cuDNN to a version >= v5 and <= v7.
  warnings.warn("Your cuDNN version is more recent than "
Using cuDNN version 7600 on context None
Mapped name None to device cuda0: Tesla K80 (0000:89:00.0)
TheanoLM 1.3.2
Theano 1.0.4
pygpu 0.7.6
==
+ srun --gres=gpu:1 theanolm decode /scratch/work/moisioa3/conv_lm/experiments/theanolm-morph-42k/expt2-sampled/nnlm.h5 --lattice-list /tmp/55088283/lattices/lattice-list --output-file /scratch/work/moisioa3/conv_lm/experiments/theanolm-morph-42k/expt2-sampled/decode/devel/lambda=0.5-lms=11/24.trn --output trn --nnlm-weight 0.5 --lm-scale 11 --max-tokens-per-node 62 --beam 650 --recombination-order 22 --num-jobs 128 --job 24 --unk-penalty=-20
2020-08-15 09:37:10,967 get_default_device: Context None device="Tesla K80" ID="0000:89:00.0"
2020-08-15 09:37:10,968 from_file: Reading vocabulary from network state.
2020-08-15 09:37:11,213 from_file: Number of words in vocabulary: 42699
2020-08-15 09:37:11,213 from_file: Number of words in shortlist: 42699
2020-08-15 09:37:11,213 from_file: Number of word classes: 42699
2020-08-15 09:37:11,213 from_file: Building neural network.
2020-08-15 09:37:50,438 from_file: Restoring neural network state.
2020-08-15 09:37:50,794 decode: Building word lattice decoder.
2020-08-15 09:37:55,645 __iter__: Reading lattice file `/tmp/55088283/lattices/dspf007_dsp2013_05.lat.gz´.
2020-08-15 09:37:57,024 decode: Utterance `dspf007_dsp2013_05´ -- 1 of job 24
2020-08-15 09:39:45,556 __iter__: Reading lattice file `/tmp/55088283/lattices/dspm010_dsp2013_05.lat.gz´.
2020-08-15 09:39:49,686 decode: Utterance `dspm010_dsp2013_05´ -- 2 of job 24
2020-08-15 09:42:06,111 __iter__: Reading lattice file `/tmp/55088283/lattices/dspm018_dsp2013_23.lat.gz´.
2020-08-15 09:42:06,173 decode: Utterance `dspm018_dsp2013_23´ -- 3 of job 24
2020-08-15 09:42:09,562 __iter__: Reading lattice file `/tmp/55088283/lattices/dspm026_dsp2013_11.lat.gz´.
2020-08-15 09:42:09,891 decode: Utterance `dspm026_dsp2013_11´ -- 4 of job 24
2020-08-15 09:42:32,327 __iter__: Reading lattice file `/tmp/55088283/lattices/dspm036_dsp2013_34.lat.gz´.
2020-08-15 09:42:32,840 decode: Utterance `dspm036_dsp2013_34´ -- 5 of job 24
2020-08-15 09:43:18,728 __iter__: Reading lattice file `/tmp/55088283/lattices/dspm047_dsp2013_09.lat.gz´.
2020-08-15 09:43:19,523 decode: Utterance `dspm047_dsp2013_09´ -- 6 of job 24
2020-08-15 09:44:30,942 __iter__: Reading lattice file `/tmp/55088283/lattices/dspm055_dsp2013_13.lat.gz´.
2020-08-15 09:44:31,037 decode: Utterance `dspm055_dsp2013_13´ -- 7 of job 24
2020-08-15 09:44:40,076 __iter__: Reading lattice file `/tmp/55088283/lattices/radiokassu_kbk20120915_49.lat.gz´.
2020-08-15 09:44:41,139 decode: Utterance `radiokassu_kbk20120915_49´ -- 8 of job 24
/scratch/work/groszt1/envs/theanoLM/lib/python3.7/site-packages/theano/gpuarray/dnn.py:184: UserWarning: Your cuDNN version is more recent than Theano. If you encounter problems, try updating Theano or downgrading cuDNN to a version >= v5 and <= v7.
  warnings.warn("Your cuDNN version is more recent than "
Using cuDNN version 7600 on context None
Mapped name None to device cuda0: Tesla K80 (0000:89:00.0)
/scratch/work/groszt1/envs/theanoLM/lib/python3.7/site-packages/h5py-2.9.0-py3.7-linux-x86_64.egg/h5py/_hl/dataset.py:313: H5pyDeprecationWarning: dataset.value has been deprecated. Use dataset[()] instead.
  "Use dataset[()] instead.", H5pyDeprecationWarning)
/scratch/work/groszt1/envs/theanoLM/lib/python3.7/site-packages/h5py-2.9.0-py3.7-linux-x86_64.egg/h5py/_hl/dataset.py:313: H5pyDeprecationWarning: dataset.value has been deprecated. Use dataset[()] instead.
  "Use dataset[()] instead.", H5pyDeprecationWarning)
decode_theanolm finished.
/tmp/55088283/lattices
floatX=float32,device=cuda0,base_compiledir=/tmp/theano,exception_verbosity=high,openmp=False
/scratch/work/groszt1/envs/theanoLM/lib/python3.7/site-packages/theano/gpuarray/dnn.py:184: UserWarning: Your cuDNN version is more recent than Theano. If you encounter problems, try updating Theano or downgrading cuDNN to a version >= v5 and <= v7.
  warnings.warn("Your cuDNN version is more recent than "
Using cuDNN version 7600 on context None
Mapped name None to device cuda0: Tesla K80 (0000:89:00.0)
TheanoLM 1.3.2
Theano 1.0.4
pygpu 0.7.6
==
+ srun --gres=gpu:1 theanolm decode /scratch/work/moisioa3/conv_lm/experiments/theanolm-morph-42k/expt2-sampled/nnlm.h5 --lattice-list /tmp/55088283/lattices/lattice-list --output-file /scratch/work/moisioa3/conv_lm/experiments/theanolm-morph-42k/expt2-sampled/decode/devel/lambda=0.5-lms=12/24.trn --output trn --nnlm-weight 0.5 --lm-scale 12 --max-tokens-per-node 62 --beam 650 --recombination-order 22 --num-jobs 128 --job 24 --unk-penalty=-20
2020-08-15 09:46:24,835 get_default_device: Context None device="Tesla K80" ID="0000:89:00.0"
2020-08-15 09:46:24,836 from_file: Reading vocabulary from network state.
2020-08-15 09:46:25,080 from_file: Number of words in vocabulary: 42699
2020-08-15 09:46:25,081 from_file: Number of words in shortlist: 42699
2020-08-15 09:46:25,081 from_file: Number of word classes: 42699
2020-08-15 09:46:25,081 from_file: Building neural network.
2020-08-15 09:47:03,590 from_file: Restoring neural network state.
2020-08-15 09:47:03,942 decode: Building word lattice decoder.
2020-08-15 09:47:08,857 __iter__: Reading lattice file `/tmp/55088283/lattices/dspf007_dsp2013_05.lat.gz´.
2020-08-15 09:47:10,239 decode: Utterance `dspf007_dsp2013_05´ -- 1 of job 24
2020-08-15 09:48:59,345 __iter__: Reading lattice file `/tmp/55088283/lattices/dspm010_dsp2013_05.lat.gz´.
2020-08-15 09:49:03,235 decode: Utterance `dspm010_dsp2013_05´ -- 2 of job 24
2020-08-15 09:51:17,797 __iter__: Reading lattice file `/tmp/55088283/lattices/dspm018_dsp2013_23.lat.gz´.
2020-08-15 09:51:17,861 decode: Utterance `dspm018_dsp2013_23´ -- 3 of job 24
2020-08-15 09:51:21,201 __iter__: Reading lattice file `/tmp/55088283/lattices/dspm026_dsp2013_11.lat.gz´.
2020-08-15 09:51:21,524 decode: Utterance `dspm026_dsp2013_11´ -- 4 of job 24
2020-08-15 09:51:43,940 __iter__: Reading lattice file `/tmp/55088283/lattices/dspm036_dsp2013_34.lat.gz´.
2020-08-15 09:51:44,446 decode: Utterance `dspm036_dsp2013_34´ -- 5 of job 24
2020-08-15 09:52:30,745 __iter__: Reading lattice file `/tmp/55088283/lattices/dspm047_dsp2013_09.lat.gz´.
2020-08-15 09:52:31,530 decode: Utterance `dspm047_dsp2013_09´ -- 6 of job 24
2020-08-15 09:53:47,169 __iter__: Reading lattice file `/tmp/55088283/lattices/dspm055_dsp2013_13.lat.gz´.
2020-08-15 09:53:47,263 decode: Utterance `dspm055_dsp2013_13´ -- 7 of job 24
2020-08-15 09:53:56,350 __iter__: Reading lattice file `/tmp/55088283/lattices/radiokassu_kbk20120915_49.lat.gz´.
2020-08-15 09:53:57,393 decode: Utterance `radiokassu_kbk20120915_49´ -- 8 of job 24
/scratch/work/groszt1/envs/theanoLM/lib/python3.7/site-packages/theano/gpuarray/dnn.py:184: UserWarning: Your cuDNN version is more recent than Theano. If you encounter problems, try updating Theano or downgrading cuDNN to a version >= v5 and <= v7.
  warnings.warn("Your cuDNN version is more recent than "
Using cuDNN version 7600 on context None
Mapped name None to device cuda0: Tesla K80 (0000:89:00.0)
/scratch/work/groszt1/envs/theanoLM/lib/python3.7/site-packages/h5py-2.9.0-py3.7-linux-x86_64.egg/h5py/_hl/dataset.py:313: H5pyDeprecationWarning: dataset.value has been deprecated. Use dataset[()] instead.
  "Use dataset[()] instead.", H5pyDeprecationWarning)
/scratch/work/groszt1/envs/theanoLM/lib/python3.7/site-packages/h5py-2.9.0-py3.7-linux-x86_64.egg/h5py/_hl/dataset.py:313: H5pyDeprecationWarning: dataset.value has been deprecated. Use dataset[()] instead.
  "Use dataset[()] instead.", H5pyDeprecationWarning)
decode_theanolm finished.
/tmp/55088283/lattices
floatX=float32,device=cuda0,base_compiledir=/tmp/theano,exception_verbosity=high,openmp=False
/scratch/work/groszt1/envs/theanoLM/lib/python3.7/site-packages/theano/gpuarray/dnn.py:184: UserWarning: Your cuDNN version is more recent than Theano. If you encounter problems, try updating Theano or downgrading cuDNN to a version >= v5 and <= v7.
  warnings.warn("Your cuDNN version is more recent than "
Using cuDNN version 7600 on context None
Mapped name None to device cuda0: Tesla K80 (0000:89:00.0)
TheanoLM 1.3.2
Theano 1.0.4
pygpu 0.7.6
==
+ srun --gres=gpu:1 theanolm decode /scratch/work/moisioa3/conv_lm/experiments/theanolm-morph-42k/expt2-sampled/nnlm.h5 --lattice-list /tmp/55088283/lattices/lattice-list --output-file /scratch/work/moisioa3/conv_lm/experiments/theanolm-morph-42k/expt2-sampled/decode/devel/lambda=1.0-lms=8/24.trn --output trn --nnlm-weight 1.0 --lm-scale 8 --max-tokens-per-node 62 --beam 650 --recombination-order 22 --num-jobs 128 --job 24 --unk-penalty=-20
2020-08-15 09:55:43,254 get_default_device: Context None device="Tesla K80" ID="0000:89:00.0"
2020-08-15 09:55:43,255 from_file: Reading vocabulary from network state.
2020-08-15 09:55:43,513 from_file: Number of words in vocabulary: 42699
2020-08-15 09:55:43,513 from_file: Number of words in shortlist: 42699
2020-08-15 09:55:43,513 from_file: Number of word classes: 42699
2020-08-15 09:55:43,513 from_file: Building neural network.
2020-08-15 09:56:23,376 from_file: Restoring neural network state.
2020-08-15 09:56:23,737 decode: Building word lattice decoder.
2020-08-15 09:56:28,675 __iter__: Reading lattice file `/tmp/55088283/lattices/dspf007_dsp2013_05.lat.gz´.
2020-08-15 09:56:30,044 decode: Utterance `dspf007_dsp2013_05´ -- 1 of job 24
2020-08-15 09:58:07,883 __iter__: Reading lattice file `/tmp/55088283/lattices/dspm010_dsp2013_05.lat.gz´.
2020-08-15 09:58:11,838 decode: Utterance `dspm010_dsp2013_05´ -- 2 of job 24
2020-08-15 10:00:25,868 __iter__: Reading lattice file `/tmp/55088283/lattices/dspm018_dsp2013_23.lat.gz´.
2020-08-15 10:00:25,926 decode: Utterance `dspm018_dsp2013_23´ -- 3 of job 24
2020-08-15 10:00:28,938 __iter__: Reading lattice file `/tmp/55088283/lattices/dspm026_dsp2013_11.lat.gz´.
2020-08-15 10:00:29,262 decode: Utterance `dspm026_dsp2013_11´ -- 4 of job 24
2020-08-15 10:00:48,593 __iter__: Reading lattice file `/tmp/55088283/lattices/dspm036_dsp2013_34.lat.gz´.
2020-08-15 10:00:49,102 decode: Utterance `dspm036_dsp2013_34´ -- 5 of job 24
2020-08-15 10:01:29,313 __iter__: Reading lattice file `/tmp/55088283/lattices/dspm047_dsp2013_09.lat.gz´.
2020-08-15 10:01:30,103 decode: Utterance `dspm047_dsp2013_09´ -- 6 of job 24
2020-08-15 10:02:31,445 __iter__: Reading lattice file `/tmp/55088283/lattices/dspm055_dsp2013_13.lat.gz´.
2020-08-15 10:02:31,540 decode: Utterance `dspm055_dsp2013_13´ -- 7 of job 24
2020-08-15 10:02:38,740 __iter__: Reading lattice file `/tmp/55088283/lattices/radiokassu_kbk20120915_49.lat.gz´.
2020-08-15 10:02:39,787 decode: Utterance `radiokassu_kbk20120915_49´ -- 8 of job 24
/scratch/work/groszt1/envs/theanoLM/lib/python3.7/site-packages/theano/gpuarray/dnn.py:184: UserWarning: Your cuDNN version is more recent than Theano. If you encounter problems, try updating Theano or downgrading cuDNN to a version >= v5 and <= v7.
  warnings.warn("Your cuDNN version is more recent than "
Using cuDNN version 7600 on context None
Mapped name None to device cuda0: Tesla K80 (0000:89:00.0)
/scratch/work/groszt1/envs/theanoLM/lib/python3.7/site-packages/h5py-2.9.0-py3.7-linux-x86_64.egg/h5py/_hl/dataset.py:313: H5pyDeprecationWarning: dataset.value has been deprecated. Use dataset[()] instead.
  "Use dataset[()] instead.", H5pyDeprecationWarning)
/scratch/work/groszt1/envs/theanoLM/lib/python3.7/site-packages/h5py-2.9.0-py3.7-linux-x86_64.egg/h5py/_hl/dataset.py:313: H5pyDeprecationWarning: dataset.value has been deprecated. Use dataset[()] instead.
  "Use dataset[()] instead.", H5pyDeprecationWarning)
decode_theanolm finished.
/tmp/55088283/lattices
floatX=float32,device=cuda0,base_compiledir=/tmp/theano,exception_verbosity=high,openmp=False
/scratch/work/groszt1/envs/theanoLM/lib/python3.7/site-packages/theano/gpuarray/dnn.py:184: UserWarning: Your cuDNN version is more recent than Theano. If you encounter problems, try updating Theano or downgrading cuDNN to a version >= v5 and <= v7.
  warnings.warn("Your cuDNN version is more recent than "
Using cuDNN version 7600 on context None
Mapped name None to device cuda0: Tesla K80 (0000:89:00.0)
TheanoLM 1.3.2
Theano 1.0.4
pygpu 0.7.6
==
+ srun --gres=gpu:1 theanolm decode /scratch/work/moisioa3/conv_lm/experiments/theanolm-morph-42k/expt2-sampled/nnlm.h5 --lattice-list /tmp/55088283/lattices/lattice-list --output-file /scratch/work/moisioa3/conv_lm/experiments/theanolm-morph-42k/expt2-sampled/decode/devel/lambda=1.0-lms=9/24.trn --output trn --nnlm-weight 1.0 --lm-scale 9 --max-tokens-per-node 62 --beam 650 --recombination-order 22 --num-jobs 128 --job 24 --unk-penalty=-20
2020-08-15 10:04:06,737 get_default_device: Context None device="Tesla K80" ID="0000:89:00.0"
2020-08-15 10:04:06,738 from_file: Reading vocabulary from network state.
2020-08-15 10:04:07,000 from_file: Number of words in vocabulary: 42699
2020-08-15 10:04:07,000 from_file: Number of words in shortlist: 42699
2020-08-15 10:04:07,000 from_file: Number of word classes: 42699
2020-08-15 10:04:07,000 from_file: Building neural network.
2020-08-15 10:04:45,191 from_file: Restoring neural network state.
2020-08-15 10:04:45,549 decode: Building word lattice decoder.
2020-08-15 10:04:50,470 __iter__: Reading lattice file `/tmp/55088283/lattices/dspf007_dsp2013_05.lat.gz´.
2020-08-15 10:04:51,848 decode: Utterance `dspf007_dsp2013_05´ -- 1 of job 24
2020-08-15 10:06:28,513 __iter__: Reading lattice file `/tmp/55088283/lattices/dspm010_dsp2013_05.lat.gz´.
2020-08-15 10:06:32,398 decode: Utterance `dspm010_dsp2013_05´ -- 2 of job 24
2020-08-15 10:08:46,382 __iter__: Reading lattice file `/tmp/55088283/lattices/dspm018_dsp2013_23.lat.gz´.
2020-08-15 10:08:46,441 decode: Utterance `dspm018_dsp2013_23´ -- 3 of job 24
2020-08-15 10:08:49,459 __iter__: Reading lattice file `/tmp/55088283/lattices/dspm026_dsp2013_11.lat.gz´.
2020-08-15 10:08:49,783 decode: Utterance `dspm026_dsp2013_11´ -- 4 of job 24
2020-08-15 10:09:08,936 __iter__: Reading lattice file `/tmp/55088283/lattices/dspm036_dsp2013_34.lat.gz´.
2020-08-15 10:09:09,444 decode: Utterance `dspm036_dsp2013_34´ -- 5 of job 24
2020-08-15 10:09:49,262 __iter__: Reading lattice file `/tmp/55088283/lattices/dspm047_dsp2013_09.lat.gz´.
2020-08-15 10:09:50,055 decode: Utterance `dspm047_dsp2013_09´ -- 6 of job 24
2020-08-15 10:10:51,153 __iter__: Reading lattice file `/tmp/55088283/lattices/dspm055_dsp2013_13.lat.gz´.
2020-08-15 10:10:51,248 decode: Utterance `dspm055_dsp2013_13´ -- 7 of job 24
2020-08-15 10:10:58,464 __iter__: Reading lattice file `/tmp/55088283/lattices/radiokassu_kbk20120915_49.lat.gz´.
2020-08-15 10:10:59,520 decode: Utterance `radiokassu_kbk20120915_49´ -- 8 of job 24
/scratch/work/groszt1/envs/theanoLM/lib/python3.7/site-packages/theano/gpuarray/dnn.py:184: UserWarning: Your cuDNN version is more recent than Theano. If you encounter problems, try updating Theano or downgrading cuDNN to a version >= v5 and <= v7.
  warnings.warn("Your cuDNN version is more recent than "
Using cuDNN version 7600 on context None
Mapped name None to device cuda0: Tesla K80 (0000:89:00.0)
/scratch/work/groszt1/envs/theanoLM/lib/python3.7/site-packages/h5py-2.9.0-py3.7-linux-x86_64.egg/h5py/_hl/dataset.py:313: H5pyDeprecationWarning: dataset.value has been deprecated. Use dataset[()] instead.
  "Use dataset[()] instead.", H5pyDeprecationWarning)
/scratch/work/groszt1/envs/theanoLM/lib/python3.7/site-packages/h5py-2.9.0-py3.7-linux-x86_64.egg/h5py/_hl/dataset.py:313: H5pyDeprecationWarning: dataset.value has been deprecated. Use dataset[()] instead.
  "Use dataset[()] instead.", H5pyDeprecationWarning)
decode_theanolm finished.
/tmp/55088283/lattices
floatX=float32,device=cuda0,base_compiledir=/tmp/theano,exception_verbosity=high,openmp=False
/scratch/work/groszt1/envs/theanoLM/lib/python3.7/site-packages/theano/gpuarray/dnn.py:184: UserWarning: Your cuDNN version is more recent than Theano. If you encounter problems, try updating Theano or downgrading cuDNN to a version >= v5 and <= v7.
  warnings.warn("Your cuDNN version is more recent than "
Using cuDNN version 7600 on context None
Mapped name None to device cuda0: Tesla K80 (0000:89:00.0)
TheanoLM 1.3.2
Theano 1.0.4
pygpu 0.7.6
==
+ srun --gres=gpu:1 theanolm decode /scratch/work/moisioa3/conv_lm/experiments/theanolm-morph-42k/expt2-sampled/nnlm.h5 --lattice-list /tmp/55088283/lattices/lattice-list --output-file /scratch/work/moisioa3/conv_lm/experiments/theanolm-morph-42k/expt2-sampled/decode/devel/lambda=1.0-lms=10/24.trn --output trn --nnlm-weight 1.0 --lm-scale 10 --max-tokens-per-node 62 --beam 650 --recombination-order 22 --num-jobs 128 --job 24 --unk-penalty=-20
2020-08-15 10:12:26,033 get_default_device: Context None device="Tesla K80" ID="0000:89:00.0"
2020-08-15 10:12:26,034 from_file: Reading vocabulary from network state.
2020-08-15 10:12:26,280 from_file: Number of words in vocabulary: 42699
2020-08-15 10:12:26,280 from_file: Number of words in shortlist: 42699
2020-08-15 10:12:26,280 from_file: Number of word classes: 42699
2020-08-15 10:12:26,280 from_file: Building neural network.
2020-08-15 10:13:04,294 from_file: Restoring neural network state.
2020-08-15 10:13:04,701 decode: Building word lattice decoder.
2020-08-15 10:13:09,541 __iter__: Reading lattice file `/tmp/55088283/lattices/dspf007_dsp2013_05.lat.gz´.
2020-08-15 10:13:10,936 decode: Utterance `dspf007_dsp2013_05´ -- 1 of job 24
2020-08-15 10:14:48,959 __iter__: Reading lattice file `/tmp/55088283/lattices/dspm010_dsp2013_05.lat.gz´.
2020-08-15 10:14:52,933 decode: Utterance `dspm010_dsp2013_05´ -- 2 of job 24
2020-08-15 10:17:07,708 __iter__: Reading lattice file `/tmp/55088283/lattices/dspm018_dsp2013_23.lat.gz´.
2020-08-15 10:17:07,768 decode: Utterance `dspm018_dsp2013_23´ -- 3 of job 24
2020-08-15 10:17:10,790 __iter__: Reading lattice file `/tmp/55088283/lattices/dspm026_dsp2013_11.lat.gz´.
2020-08-15 10:17:11,122 decode: Utterance `dspm026_dsp2013_11´ -- 4 of job 24
2020-08-15 10:17:30,328 __iter__: Reading lattice file `/tmp/55088283/lattices/dspm036_dsp2013_34.lat.gz´.
2020-08-15 10:17:30,846 decode: Utterance `dspm036_dsp2013_34´ -- 5 of job 24
2020-08-15 10:18:09,830 __iter__: Reading lattice file `/tmp/55088283/lattices/dspm047_dsp2013_09.lat.gz´.
2020-08-15 10:18:10,633 decode: Utterance `dspm047_dsp2013_09´ -- 6 of job 24
2020-08-15 10:19:11,712 __iter__: Reading lattice file `/tmp/55088283/lattices/dspm055_dsp2013_13.lat.gz´.
2020-08-15 10:19:11,808 decode: Utterance `dspm055_dsp2013_13´ -- 7 of job 24
2020-08-15 10:19:18,980 __iter__: Reading lattice file `/tmp/55088283/lattices/radiokassu_kbk20120915_49.lat.gz´.
2020-08-15 10:19:20,055 decode: Utterance `radiokassu_kbk20120915_49´ -- 8 of job 24
/scratch/work/groszt1/envs/theanoLM/lib/python3.7/site-packages/theano/gpuarray/dnn.py:184: UserWarning: Your cuDNN version is more recent than Theano. If you encounter problems, try updating Theano or downgrading cuDNN to a version >= v5 and <= v7.
  warnings.warn("Your cuDNN version is more recent than "
Using cuDNN version 7600 on context None
Mapped name None to device cuda0: Tesla K80 (0000:89:00.0)
/scratch/work/groszt1/envs/theanoLM/lib/python3.7/site-packages/h5py-2.9.0-py3.7-linux-x86_64.egg/h5py/_hl/dataset.py:313: H5pyDeprecationWarning: dataset.value has been deprecated. Use dataset[()] instead.
  "Use dataset[()] instead.", H5pyDeprecationWarning)
/scratch/work/groszt1/envs/theanoLM/lib/python3.7/site-packages/h5py-2.9.0-py3.7-linux-x86_64.egg/h5py/_hl/dataset.py:313: H5pyDeprecationWarning: dataset.value has been deprecated. Use dataset[()] instead.
  "Use dataset[()] instead.", H5pyDeprecationWarning)
decode_theanolm finished.
/tmp/55088283/lattices
floatX=float32,device=cuda0,base_compiledir=/tmp/theano,exception_verbosity=high,openmp=False
/scratch/work/groszt1/envs/theanoLM/lib/python3.7/site-packages/theano/gpuarray/dnn.py:184: UserWarning: Your cuDNN version is more recent than Theano. If you encounter problems, try updating Theano or downgrading cuDNN to a version >= v5 and <= v7.
  warnings.warn("Your cuDNN version is more recent than "
Using cuDNN version 7600 on context None
Mapped name None to device cuda0: Tesla K80 (0000:89:00.0)
TheanoLM 1.3.2
Theano 1.0.4
pygpu 0.7.6
==
+ srun --gres=gpu:1 theanolm decode /scratch/work/moisioa3/conv_lm/experiments/theanolm-morph-42k/expt2-sampled/nnlm.h5 --lattice-list /tmp/55088283/lattices/lattice-list --output-file /scratch/work/moisioa3/conv_lm/experiments/theanolm-morph-42k/expt2-sampled/decode/devel/lambda=1.0-lms=11/24.trn --output trn --nnlm-weight 1.0 --lm-scale 11 --max-tokens-per-node 62 --beam 650 --recombination-order 22 --num-jobs 128 --job 24 --unk-penalty=-20
2020-08-15 10:20:47,347 get_default_device: Context None device="Tesla K80" ID="0000:89:00.0"
2020-08-15 10:20:47,349 from_file: Reading vocabulary from network state.
2020-08-15 10:20:47,602 from_file: Number of words in vocabulary: 42699
2020-08-15 10:20:47,602 from_file: Number of words in shortlist: 42699
2020-08-15 10:20:47,602 from_file: Number of word classes: 42699
2020-08-15 10:20:47,602 from_file: Building neural network.
2020-08-15 10:21:24,808 from_file: Restoring neural network state.
2020-08-15 10:21:25,454 decode: Building word lattice decoder.
2020-08-15 10:21:30,446 __iter__: Reading lattice file `/tmp/55088283/lattices/dspf007_dsp2013_05.lat.gz´.
2020-08-15 10:21:31,878 decode: Utterance `dspf007_dsp2013_05´ -- 1 of job 24
2020-08-15 10:23:09,092 __iter__: Reading lattice file `/tmp/55088283/lattices/dspm010_dsp2013_05.lat.gz´.
2020-08-15 10:23:13,071 decode: Utterance `dspm010_dsp2013_05´ -- 2 of job 24
2020-08-15 10:25:27,422 __iter__: Reading lattice file `/tmp/55088283/lattices/dspm018_dsp2013_23.lat.gz´.
2020-08-15 10:25:27,482 decode: Utterance `dspm018_dsp2013_23´ -- 3 of job 24
2020-08-15 10:25:30,509 __iter__: Reading lattice file `/tmp/55088283/lattices/dspm026_dsp2013_11.lat.gz´.
2020-08-15 10:25:30,843 decode: Utterance `dspm026_dsp2013_11´ -- 4 of job 24
2020-08-15 10:25:50,095 __iter__: Reading lattice file `/tmp/55088283/lattices/dspm036_dsp2013_34.lat.gz´.
2020-08-15 10:25:50,617 decode: Utterance `dspm036_dsp2013_34´ -- 5 of job 24
2020-08-15 10:26:29,648 __iter__: Reading lattice file `/tmp/55088283/lattices/dspm047_dsp2013_09.lat.gz´.
2020-08-15 10:26:30,459 decode: Utterance `dspm047_dsp2013_09´ -- 6 of job 24
2020-08-15 10:27:32,367 __iter__: Reading lattice file `/tmp/55088283/lattices/dspm055_dsp2013_13.lat.gz´.
2020-08-15 10:27:32,466 decode: Utterance `dspm055_dsp2013_13´ -- 7 of job 24
2020-08-15 10:27:39,627 __iter__: Reading lattice file `/tmp/55088283/lattices/radiokassu_kbk20120915_49.lat.gz´.
2020-08-15 10:27:40,713 decode: Utterance `radiokassu_kbk20120915_49´ -- 8 of job 24
/scratch/work/groszt1/envs/theanoLM/lib/python3.7/site-packages/theano/gpuarray/dnn.py:184: UserWarning: Your cuDNN version is more recent than Theano. If you encounter problems, try updating Theano or downgrading cuDNN to a version >= v5 and <= v7.
  warnings.warn("Your cuDNN version is more recent than "
Using cuDNN version 7600 on context None
Mapped name None to device cuda0: Tesla K80 (0000:89:00.0)
/scratch/work/groszt1/envs/theanoLM/lib/python3.7/site-packages/h5py-2.9.0-py3.7-linux-x86_64.egg/h5py/_hl/dataset.py:313: H5pyDeprecationWarning: dataset.value has been deprecated. Use dataset[()] instead.
  "Use dataset[()] instead.", H5pyDeprecationWarning)
/scratch/work/groszt1/envs/theanoLM/lib/python3.7/site-packages/h5py-2.9.0-py3.7-linux-x86_64.egg/h5py/_hl/dataset.py:313: H5pyDeprecationWarning: dataset.value has been deprecated. Use dataset[()] instead.
  "Use dataset[()] instead.", H5pyDeprecationWarning)
decode_theanolm finished.
/tmp/55088283/lattices
floatX=float32,device=cuda0,base_compiledir=/tmp/theano,exception_verbosity=high,openmp=False
/scratch/work/groszt1/envs/theanoLM/lib/python3.7/site-packages/theano/gpuarray/dnn.py:184: UserWarning: Your cuDNN version is more recent than Theano. If you encounter problems, try updating Theano or downgrading cuDNN to a version >= v5 and <= v7.
  warnings.warn("Your cuDNN version is more recent than "
Using cuDNN version 7600 on context None
Mapped name None to device cuda0: Tesla K80 (0000:89:00.0)
TheanoLM 1.3.2
Theano 1.0.4
pygpu 0.7.6
==
+ srun --gres=gpu:1 theanolm decode /scratch/work/moisioa3/conv_lm/experiments/theanolm-morph-42k/expt2-sampled/nnlm.h5 --lattice-list /tmp/55088283/lattices/lattice-list --output-file /scratch/work/moisioa3/conv_lm/experiments/theanolm-morph-42k/expt2-sampled/decode/devel/lambda=1.0-lms=12/24.trn --output trn --nnlm-weight 1.0 --lm-scale 12 --max-tokens-per-node 62 --beam 650 --recombination-order 22 --num-jobs 128 --job 24 --unk-penalty=-20
2020-08-15 10:29:07,989 get_default_device: Context None device="Tesla K80" ID="0000:89:00.0"
2020-08-15 10:29:07,990 from_file: Reading vocabulary from network state.
2020-08-15 10:29:08,235 from_file: Number of words in vocabulary: 42699
2020-08-15 10:29:08,236 from_file: Number of words in shortlist: 42699
2020-08-15 10:29:08,236 from_file: Number of word classes: 42699
2020-08-15 10:29:08,236 from_file: Building neural network.
2020-08-15 10:29:47,001 from_file: Restoring neural network state.
2020-08-15 10:29:47,327 decode: Building word lattice decoder.
2020-08-15 10:29:52,527 __iter__: Reading lattice file `/tmp/55088283/lattices/dspf007_dsp2013_05.lat.gz´.
2020-08-15 10:29:53,952 decode: Utterance `dspf007_dsp2013_05´ -- 1 of job 24
2020-08-15 10:31:31,238 __iter__: Reading lattice file `/tmp/55088283/lattices/dspm010_dsp2013_05.lat.gz´.
2020-08-15 10:31:35,157 decode: Utterance `dspm010_dsp2013_05´ -- 2 of job 24
2020-08-15 10:33:49,408 __iter__: Reading lattice file `/tmp/55088283/lattices/dspm018_dsp2013_23.lat.gz´.
2020-08-15 10:33:49,467 decode: Utterance `dspm018_dsp2013_23´ -- 3 of job 24
2020-08-15 10:33:52,487 __iter__: Reading lattice file `/tmp/55088283/lattices/dspm026_dsp2013_11.lat.gz´.
2020-08-15 10:33:52,814 decode: Utterance `dspm026_dsp2013_11´ -- 4 of job 24
2020-08-15 10:34:12,046 __iter__: Reading lattice file `/tmp/55088283/lattices/dspm036_dsp2013_34.lat.gz´.
2020-08-15 10:34:12,558 decode: Utterance `dspm036_dsp2013_34´ -- 5 of job 24
2020-08-15 10:34:51,420 __iter__: Reading lattice file `/tmp/55088283/lattices/dspm047_dsp2013_09.lat.gz´.
2020-08-15 10:34:52,219 decode: Utterance `dspm047_dsp2013_09´ -- 6 of job 24
2020-08-15 10:35:54,185 __iter__: Reading lattice file `/tmp/55088283/lattices/dspm055_dsp2013_13.lat.gz´.
2020-08-15 10:35:54,281 decode: Utterance `dspm055_dsp2013_13´ -- 7 of job 24
2020-08-15 10:36:01,481 __iter__: Reading lattice file `/tmp/55088283/lattices/radiokassu_kbk20120915_49.lat.gz´.
2020-08-15 10:36:02,543 decode: Utterance `radiokassu_kbk20120915_49´ -- 8 of job 24
/scratch/work/groszt1/envs/theanoLM/lib/python3.7/site-packages/theano/gpuarray/dnn.py:184: UserWarning: Your cuDNN version is more recent than Theano. If you encounter problems, try updating Theano or downgrading cuDNN to a version >= v5 and <= v7.
  warnings.warn("Your cuDNN version is more recent than "
Using cuDNN version 7600 on context None
Mapped name None to device cuda0: Tesla K80 (0000:89:00.0)
/scratch/work/groszt1/envs/theanoLM/lib/python3.7/site-packages/h5py-2.9.0-py3.7-linux-x86_64.egg/h5py/_hl/dataset.py:313: H5pyDeprecationWarning: dataset.value has been deprecated. Use dataset[()] instead.
  "Use dataset[()] instead.", H5pyDeprecationWarning)
/scratch/work/groszt1/envs/theanoLM/lib/python3.7/site-packages/h5py-2.9.0-py3.7-linux-x86_64.egg/h5py/_hl/dataset.py:313: H5pyDeprecationWarning: dataset.value has been deprecated. Use dataset[()] instead.
  "Use dataset[()] instead.", H5pyDeprecationWarning)
decode_theanolm finished.
decode devel finished.
