Experiment: theanolm-morph-42k/expt2-sampled
Job ID: 55131980
Task ID: 117
Host: gpu33.int.triton.aalto.fi
Start date: Thu Aug 20 15:52:40 EEST 2020
Work directory: /scratch/work/moisioa3/conv_lm/experiments/theanolm-morph-42k/expt2-sampled
Temporary directory: /tmp/55131980

Currently Loaded Modules:
  1) speech-scripts/2016.05.24-b928230   6) binutils/2.25-GCCcore-5.4.0
  2) srilm/default                       7) GCC/5.4.0-2.25
  3) cuda/10.0.130                       8) libgpuarray/2017.03.29-45c731f
  4) cudnn/7.4.2-cuda                    9) anaconda3/latest
  5) GCCcore/5.4.0

 

/tmp/55131980/lattices
floatX=float32,device=cuda0,base_compiledir=/tmp/theano,exception_verbosity=high,openmp=False
/scratch/work/groszt1/envs/theanoLM/lib/python3.7/site-packages/theano/gpuarray/dnn.py:184: UserWarning: Your cuDNN version is more recent than Theano. If you encounter problems, try updating Theano or downgrading cuDNN to a version >= v5 and <= v7.
  warnings.warn("Your cuDNN version is more recent than "
Using cuDNN version 7600 on context None
Mapped name None to device cuda0: Tesla V100-PCIE-32GB (0000:AF:00.0)
TheanoLM 1.3.2
Theano 1.0.4
pygpu 0.7.6
==
+ srun --gres=gpu:1 theanolm decode /scratch/work/moisioa3/conv_lm/experiments/theanolm-morph-42k/expt2-sampled/nnlm.h5 --lattice-list /tmp/55131980/lattices/lattice-list --output-file /scratch/work/moisioa3/conv_lm/experiments/theanolm-morph-42k/expt2-sampled/decode/devel/lambda=0.5-lms=9/117.trn --output trn --nnlm-weight 0.5 --lm-scale 9 --max-tokens-per-node 62 --beam 650 --recombination-order 22 --num-jobs 128 --job 117 --unk-penalty=-20
2020-08-20 15:52:50,025 get_default_device: Context None device="Tesla V100-PCIE-32GB" ID="0000:AF:00.0"
2020-08-20 15:52:50,026 from_file: Reading vocabulary from network state.
2020-08-20 15:52:50,228 from_file: Number of words in vocabulary: 42699
2020-08-20 15:52:50,228 from_file: Number of words in shortlist: 42699
2020-08-20 15:52:50,228 from_file: Number of word classes: 42699
2020-08-20 15:52:50,228 from_file: Building neural network.
2020-08-20 15:53:19,405 from_file: Restoring neural network state.
2020-08-20 15:53:19,765 decode: Building word lattice decoder.
2020-08-20 15:53:23,923 __iter__: Reading lattice file `/tmp/55131980/lattices/dspm006_dsp2013_21.lat.gz´.
2020-08-20 15:53:23,986 decode: Utterance `dspm006_dsp2013_21´ -- 1 of job 117
2020-08-20 15:53:26,063 __iter__: Reading lattice file `/tmp/55131980/lattices/dspm017_dsp2013_38.lat.gz´.
2020-08-20 15:53:28,488 decode: Utterance `dspm017_dsp2013_38´ -- 2 of job 117
2020-08-20 15:55:15,205 __iter__: Reading lattice file `/tmp/55131980/lattices/dspm024_dsp2013_18.lat.gz´.
2020-08-20 15:55:15,426 decode: Utterance `dspm024_dsp2013_18´ -- 3 of job 117
2020-08-20 15:55:20,730 __iter__: Reading lattice file `/tmp/55131980/lattices/dspm033_dsp2013_43.lat.gz´.
2020-08-20 15:55:21,444 decode: Utterance `dspm033_dsp2013_43´ -- 4 of job 117
2020-08-20 15:55:43,735 __iter__: Reading lattice file `/tmp/55131980/lattices/dspm043_dsp2013_28.lat.gz´.
2020-08-20 15:55:43,760 decode: Utterance `dspm043_dsp2013_28´ -- 5 of job 117
2020-08-20 15:55:44,385 __iter__: Reading lattice file `/tmp/55131980/lattices/dspm052_dsp2013_19.lat.gz´.
2020-08-20 15:55:45,107 decode: Utterance `dspm052_dsp2013_19´ -- 6 of job 117
2020-08-20 15:56:16,235 __iter__: Reading lattice file `/tmp/55131980/lattices/radiojake_kbk20120915_26.lat.gz´.
2020-08-20 15:56:16,293 decode: Utterance `radiojake_kbk20120915_26´ -- 7 of job 117
/scratch/work/groszt1/envs/theanoLM/lib/python3.7/site-packages/theano/gpuarray/dnn.py:184: UserWarning: Your cuDNN version is more recent than Theano. If you encounter problems, try updating Theano or downgrading cuDNN to a version >= v5 and <= v7.
  warnings.warn("Your cuDNN version is more recent than "
Using cuDNN version 7600 on context None
Mapped name None to device cuda0: Tesla V100-PCIE-32GB (0000:AF:00.0)
/scratch/work/groszt1/envs/theanoLM/lib/python3.7/site-packages/h5py-2.9.0-py3.7-linux-x86_64.egg/h5py/_hl/dataset.py:313: H5pyDeprecationWarning: dataset.value has been deprecated. Use dataset[()] instead.
  "Use dataset[()] instead.", H5pyDeprecationWarning)
/scratch/work/groszt1/envs/theanoLM/lib/python3.7/site-packages/h5py-2.9.0-py3.7-linux-x86_64.egg/h5py/_hl/dataset.py:313: H5pyDeprecationWarning: dataset.value has been deprecated. Use dataset[()] instead.
  "Use dataset[()] instead.", H5pyDeprecationWarning)
decode_theanolm finished.
/tmp/55131980/lattices
floatX=float32,device=cuda0,base_compiledir=/tmp/theano,exception_verbosity=high,openmp=False
/scratch/work/groszt1/envs/theanoLM/lib/python3.7/site-packages/theano/gpuarray/dnn.py:184: UserWarning: Your cuDNN version is more recent than Theano. If you encounter problems, try updating Theano or downgrading cuDNN to a version >= v5 and <= v7.
  warnings.warn("Your cuDNN version is more recent than "
Using cuDNN version 7600 on context None
Mapped name None to device cuda0: Tesla V100-PCIE-32GB (0000:AF:00.0)
TheanoLM 1.3.2
Theano 1.0.4
pygpu 0.7.6
==
+ srun --gres=gpu:1 theanolm decode /scratch/work/moisioa3/conv_lm/experiments/theanolm-morph-42k/expt2-sampled/nnlm.h5 --lattice-list /tmp/55131980/lattices/lattice-list --output-file /scratch/work/moisioa3/conv_lm/experiments/theanolm-morph-42k/expt2-sampled/decode/devel/lambda=0.5-lms=10/117.trn --output trn --nnlm-weight 0.5 --lm-scale 10 --max-tokens-per-node 62 --beam 650 --recombination-order 22 --num-jobs 128 --job 117 --unk-penalty=-20
2020-08-20 15:56:25,089 get_default_device: Context None device="Tesla V100-PCIE-32GB" ID="0000:AF:00.0"
2020-08-20 15:56:25,090 from_file: Reading vocabulary from network state.
2020-08-20 15:56:25,302 from_file: Number of words in vocabulary: 42699
2020-08-20 15:56:25,302 from_file: Number of words in shortlist: 42699
2020-08-20 15:56:25,302 from_file: Number of word classes: 42699
2020-08-20 15:56:25,302 from_file: Building neural network.
2020-08-20 15:56:53,624 from_file: Restoring neural network state.
2020-08-20 15:56:53,971 decode: Building word lattice decoder.
2020-08-20 15:56:57,871 __iter__: Reading lattice file `/tmp/55131980/lattices/dspm006_dsp2013_21.lat.gz´.
2020-08-20 15:56:57,930 decode: Utterance `dspm006_dsp2013_21´ -- 1 of job 117
2020-08-20 15:56:59,963 __iter__: Reading lattice file `/tmp/55131980/lattices/dspm017_dsp2013_38.lat.gz´.
2020-08-20 15:57:02,256 decode: Utterance `dspm017_dsp2013_38´ -- 2 of job 117
2020-08-20 15:58:51,443 __iter__: Reading lattice file `/tmp/55131980/lattices/dspm024_dsp2013_18.lat.gz´.
2020-08-20 15:58:51,658 decode: Utterance `dspm024_dsp2013_18´ -- 3 of job 117
2020-08-20 15:58:56,976 __iter__: Reading lattice file `/tmp/55131980/lattices/dspm033_dsp2013_43.lat.gz´.
2020-08-20 15:58:57,665 decode: Utterance `dspm033_dsp2013_43´ -- 4 of job 117
2020-08-20 15:59:20,812 __iter__: Reading lattice file `/tmp/55131980/lattices/dspm043_dsp2013_28.lat.gz´.
2020-08-20 15:59:20,838 decode: Utterance `dspm043_dsp2013_28´ -- 5 of job 117
2020-08-20 15:59:21,469 __iter__: Reading lattice file `/tmp/55131980/lattices/dspm052_dsp2013_19.lat.gz´.
2020-08-20 15:59:22,168 decode: Utterance `dspm052_dsp2013_19´ -- 6 of job 117
2020-08-20 15:59:53,846 __iter__: Reading lattice file `/tmp/55131980/lattices/radiojake_kbk20120915_26.lat.gz´.
2020-08-20 15:59:53,901 decode: Utterance `radiojake_kbk20120915_26´ -- 7 of job 117
/scratch/work/groszt1/envs/theanoLM/lib/python3.7/site-packages/theano/gpuarray/dnn.py:184: UserWarning: Your cuDNN version is more recent than Theano. If you encounter problems, try updating Theano or downgrading cuDNN to a version >= v5 and <= v7.
  warnings.warn("Your cuDNN version is more recent than "
Using cuDNN version 7600 on context None
Mapped name None to device cuda0: Tesla V100-PCIE-32GB (0000:AF:00.0)
/scratch/work/groszt1/envs/theanoLM/lib/python3.7/site-packages/h5py-2.9.0-py3.7-linux-x86_64.egg/h5py/_hl/dataset.py:313: H5pyDeprecationWarning: dataset.value has been deprecated. Use dataset[()] instead.
  "Use dataset[()] instead.", H5pyDeprecationWarning)
/scratch/work/groszt1/envs/theanoLM/lib/python3.7/site-packages/h5py-2.9.0-py3.7-linux-x86_64.egg/h5py/_hl/dataset.py:313: H5pyDeprecationWarning: dataset.value has been deprecated. Use dataset[()] instead.
  "Use dataset[()] instead.", H5pyDeprecationWarning)
decode_theanolm finished.
/tmp/55131980/lattices
floatX=float32,device=cuda0,base_compiledir=/tmp/theano,exception_verbosity=high,openmp=False
/scratch/work/groszt1/envs/theanoLM/lib/python3.7/site-packages/theano/gpuarray/dnn.py:184: UserWarning: Your cuDNN version is more recent than Theano. If you encounter problems, try updating Theano or downgrading cuDNN to a version >= v5 and <= v7.
  warnings.warn("Your cuDNN version is more recent than "
Using cuDNN version 7600 on context None
Mapped name None to device cuda0: Tesla V100-PCIE-32GB (0000:AF:00.0)
TheanoLM 1.3.2
Theano 1.0.4
pygpu 0.7.6
==
+ srun --gres=gpu:1 theanolm decode /scratch/work/moisioa3/conv_lm/experiments/theanolm-morph-42k/expt2-sampled/nnlm.h5 --lattice-list /tmp/55131980/lattices/lattice-list --output-file /scratch/work/moisioa3/conv_lm/experiments/theanolm-morph-42k/expt2-sampled/decode/devel/lambda=1.0-lms=9/117.trn --output trn --nnlm-weight 1.0 --lm-scale 9 --max-tokens-per-node 62 --beam 650 --recombination-order 22 --num-jobs 128 --job 117 --unk-penalty=-20
2020-08-20 16:00:02,450 get_default_device: Context None device="Tesla V100-PCIE-32GB" ID="0000:AF:00.0"
2020-08-20 16:00:02,452 from_file: Reading vocabulary from network state.
2020-08-20 16:00:02,655 from_file: Number of words in vocabulary: 42699
2020-08-20 16:00:02,656 from_file: Number of words in shortlist: 42699
2020-08-20 16:00:02,656 from_file: Number of word classes: 42699
2020-08-20 16:00:02,656 from_file: Building neural network.
2020-08-20 16:00:31,240 from_file: Restoring neural network state.
2020-08-20 16:00:31,600 decode: Building word lattice decoder.
2020-08-20 16:00:35,627 __iter__: Reading lattice file `/tmp/55131980/lattices/dspm006_dsp2013_21.lat.gz´.
2020-08-20 16:00:35,686 decode: Utterance `dspm006_dsp2013_21´ -- 1 of job 117
2020-08-20 16:00:37,647 __iter__: Reading lattice file `/tmp/55131980/lattices/dspm017_dsp2013_38.lat.gz´.
2020-08-20 16:00:40,011 decode: Utterance `dspm017_dsp2013_38´ -- 2 of job 117
2020-08-20 16:02:00,766 __iter__: Reading lattice file `/tmp/55131980/lattices/dspm024_dsp2013_18.lat.gz´.
2020-08-20 16:02:00,988 decode: Utterance `dspm024_dsp2013_18´ -- 3 of job 117
2020-08-20 16:02:06,210 __iter__: Reading lattice file `/tmp/55131980/lattices/dspm033_dsp2013_43.lat.gz´.
2020-08-20 16:02:06,923 decode: Utterance `dspm033_dsp2013_43´ -- 4 of job 117
2020-08-20 16:02:25,081 __iter__: Reading lattice file `/tmp/55131980/lattices/dspm043_dsp2013_28.lat.gz´.
2020-08-20 16:02:25,106 decode: Utterance `dspm043_dsp2013_28´ -- 5 of job 117
2020-08-20 16:02:25,647 __iter__: Reading lattice file `/tmp/55131980/lattices/dspm052_dsp2013_19.lat.gz´.
2020-08-20 16:02:26,367 decode: Utterance `dspm052_dsp2013_19´ -- 6 of job 117
2020-08-20 16:02:48,403 __iter__: Reading lattice file `/tmp/55131980/lattices/radiojake_kbk20120915_26.lat.gz´.
2020-08-20 16:02:48,460 decode: Utterance `radiojake_kbk20120915_26´ -- 7 of job 117
/scratch/work/groszt1/envs/theanoLM/lib/python3.7/site-packages/theano/gpuarray/dnn.py:184: UserWarning: Your cuDNN version is more recent than Theano. If you encounter problems, try updating Theano or downgrading cuDNN to a version >= v5 and <= v7.
  warnings.warn("Your cuDNN version is more recent than "
Using cuDNN version 7600 on context None
Mapped name None to device cuda0: Tesla V100-PCIE-32GB (0000:AF:00.0)
/scratch/work/groszt1/envs/theanoLM/lib/python3.7/site-packages/h5py-2.9.0-py3.7-linux-x86_64.egg/h5py/_hl/dataset.py:313: H5pyDeprecationWarning: dataset.value has been deprecated. Use dataset[()] instead.
  "Use dataset[()] instead.", H5pyDeprecationWarning)
/scratch/work/groszt1/envs/theanoLM/lib/python3.7/site-packages/h5py-2.9.0-py3.7-linux-x86_64.egg/h5py/_hl/dataset.py:313: H5pyDeprecationWarning: dataset.value has been deprecated. Use dataset[()] instead.
  "Use dataset[()] instead.", H5pyDeprecationWarning)
decode_theanolm finished.
/tmp/55131980/lattices
floatX=float32,device=cuda0,base_compiledir=/tmp/theano,exception_verbosity=high,openmp=False
/scratch/work/groszt1/envs/theanoLM/lib/python3.7/site-packages/theano/gpuarray/dnn.py:184: UserWarning: Your cuDNN version is more recent than Theano. If you encounter problems, try updating Theano or downgrading cuDNN to a version >= v5 and <= v7.
  warnings.warn("Your cuDNN version is more recent than "
Using cuDNN version 7600 on context None
Mapped name None to device cuda0: Tesla V100-PCIE-32GB (0000:AF:00.0)
TheanoLM 1.3.2
Theano 1.0.4
pygpu 0.7.6
==
+ srun --gres=gpu:1 theanolm decode /scratch/work/moisioa3/conv_lm/experiments/theanolm-morph-42k/expt2-sampled/nnlm.h5 --lattice-list /tmp/55131980/lattices/lattice-list --output-file /scratch/work/moisioa3/conv_lm/experiments/theanolm-morph-42k/expt2-sampled/decode/devel/lambda=1.0-lms=10/117.trn --output trn --nnlm-weight 1.0 --lm-scale 10 --max-tokens-per-node 62 --beam 650 --recombination-order 22 --num-jobs 128 --job 117 --unk-penalty=-20
2020-08-20 16:02:58,547 get_default_device: Context None device="Tesla V100-PCIE-32GB" ID="0000:AF:00.0"
2020-08-20 16:02:58,548 from_file: Reading vocabulary from network state.
2020-08-20 16:02:58,756 from_file: Number of words in vocabulary: 42699
2020-08-20 16:02:58,757 from_file: Number of words in shortlist: 42699
2020-08-20 16:02:58,757 from_file: Number of word classes: 42699
2020-08-20 16:02:58,757 from_file: Building neural network.
2020-08-20 16:03:27,336 from_file: Restoring neural network state.
2020-08-20 16:03:27,706 decode: Building word lattice decoder.
2020-08-20 16:03:31,741 __iter__: Reading lattice file `/tmp/55131980/lattices/dspm006_dsp2013_21.lat.gz´.
2020-08-20 16:03:31,799 decode: Utterance `dspm006_dsp2013_21´ -- 1 of job 117
2020-08-20 16:03:33,730 __iter__: Reading lattice file `/tmp/55131980/lattices/dspm017_dsp2013_38.lat.gz´.
2020-08-20 16:03:36,030 decode: Utterance `dspm017_dsp2013_38´ -- 2 of job 117
2020-08-20 16:04:57,583 __iter__: Reading lattice file `/tmp/55131980/lattices/dspm024_dsp2013_18.lat.gz´.
2020-08-20 16:04:57,800 decode: Utterance `dspm024_dsp2013_18´ -- 3 of job 117
2020-08-20 16:05:02,993 __iter__: Reading lattice file `/tmp/55131980/lattices/dspm033_dsp2013_43.lat.gz´.
2020-08-20 16:05:03,685 decode: Utterance `dspm033_dsp2013_43´ -- 4 of job 117
2020-08-20 16:05:21,748 __iter__: Reading lattice file `/tmp/55131980/lattices/dspm043_dsp2013_28.lat.gz´.
2020-08-20 16:05:21,773 decode: Utterance `dspm043_dsp2013_28´ -- 5 of job 117
2020-08-20 16:05:22,313 __iter__: Reading lattice file `/tmp/55131980/lattices/dspm052_dsp2013_19.lat.gz´.
2020-08-20 16:05:23,014 decode: Utterance `dspm052_dsp2013_19´ -- 6 of job 117
2020-08-20 16:05:45,040 __iter__: Reading lattice file `/tmp/55131980/lattices/radiojake_kbk20120915_26.lat.gz´.
2020-08-20 16:05:45,095 decode: Utterance `radiojake_kbk20120915_26´ -- 7 of job 117
/scratch/work/groszt1/envs/theanoLM/lib/python3.7/site-packages/theano/gpuarray/dnn.py:184: UserWarning: Your cuDNN version is more recent than Theano. If you encounter problems, try updating Theano or downgrading cuDNN to a version >= v5 and <= v7.
  warnings.warn("Your cuDNN version is more recent than "
Using cuDNN version 7600 on context None
Mapped name None to device cuda0: Tesla V100-PCIE-32GB (0000:AF:00.0)
/scratch/work/groszt1/envs/theanoLM/lib/python3.7/site-packages/h5py-2.9.0-py3.7-linux-x86_64.egg/h5py/_hl/dataset.py:313: H5pyDeprecationWarning: dataset.value has been deprecated. Use dataset[()] instead.
  "Use dataset[()] instead.", H5pyDeprecationWarning)
/scratch/work/groszt1/envs/theanoLM/lib/python3.7/site-packages/h5py-2.9.0-py3.7-linux-x86_64.egg/h5py/_hl/dataset.py:313: H5pyDeprecationWarning: dataset.value has been deprecated. Use dataset[()] instead.
  "Use dataset[()] instead.", H5pyDeprecationWarning)
decode_theanolm finished.
decode devel finished.
