Experiment: theanolm-morph-42k/expt2-sampled
Job ID: 55133010
Task ID: 61
Host: gpu27.int.triton.aalto.fi
Start date: Thu Aug 20 17:53:18 EEST 2020
Work directory: /scratch/work/moisioa3/conv_lm/experiments/theanolm-morph-42k/expt2-sampled
Temporary directory: /tmp/55133010

Currently Loaded Modules:
  1) speech-scripts/2016.05.24-b928230   6) binutils/2.25-GCCcore-5.4.0
  2) srilm/default                       7) GCC/5.4.0-2.25
  3) cuda/10.0.130                       8) libgpuarray/2017.03.29-45c731f
  4) cudnn/7.4.2-cuda                    9) anaconda3/latest
  5) GCCcore/5.4.0

 

/tmp/55133010/lattices
floatX=float32,device=cuda0,base_compiledir=/tmp/theano,exception_verbosity=high,openmp=False
/scratch/work/groszt1/envs/theanoLM/lib/python3.7/site-packages/theano/gpuarray/dnn.py:184: UserWarning: Your cuDNN version is more recent than Theano. If you encounter problems, try updating Theano or downgrading cuDNN to a version >= v5 and <= v7.
  warnings.warn("Your cuDNN version is more recent than "
Using cuDNN version 7600 on context None
Mapped name None to device cuda0: Tesla P100-PCIE-16GB (0000:83:00.0)
TheanoLM 1.3.2
Theano 1.0.4
pygpu 0.7.6
==
+ srun --gres=gpu:1 theanolm decode /scratch/work/moisioa3/conv_lm/experiments/theanolm-morph-42k/expt2-sampled/nnlm.h5 --lattice-list /tmp/55133010/lattices/lattice-list --output-file /scratch/work/moisioa3/conv_lm/experiments/theanolm-morph-42k/expt2-sampled/decode/eval/lambda=0.5-lms=9/61.trn --output trn --nnlm-weight 0.5 --lm-scale 9 --max-tokens-per-node 62 --beam 650 --recombination-order 22 --num-jobs 128 --job 61 --unk-penalty=-20
2020-08-20 17:53:30,749 get_default_device: Context None device="Tesla P100-PCIE-16GB" ID="0000:83:00.0"
2020-08-20 17:53:30,750 from_file: Reading vocabulary from network state.
2020-08-20 17:53:31,019 from_file: Number of words in vocabulary: 42699
2020-08-20 17:53:31,019 from_file: Number of words in shortlist: 42699
2020-08-20 17:53:31,020 from_file: Number of word classes: 42699
2020-08-20 17:53:31,020 from_file: Building neural network.
2020-08-20 17:54:14,494 from_file: Restoring neural network state.
2020-08-20 17:54:14,837 decode: Building word lattice decoder.
2020-08-20 17:54:20,128 __iter__: Reading lattice file `/tmp/55133010/lattices/dspm009_dsp2013_02.lat.gz´.
2020-08-20 17:54:21,343 decode: Utterance `dspm009_dsp2013_02´ -- 1 of job 61
2020-08-20 17:55:00,565 __iter__: Reading lattice file `/tmp/55133010/lattices/dspm051_dsp2013_05.lat.gz´.
2020-08-20 17:55:00,622 decode: Utterance `dspm051_dsp2013_05´ -- 2 of job 61
2020-08-20 17:55:01,563 __iter__: Reading lattice file `/tmp/55133010/lattices/radiojuha_puhujainkulma20120930_15.lat.gz´.
2020-08-20 17:55:02,073 decode: Utterance `radiojuha_puhujainkulma20120930_15´ -- 3 of job 61
2020-08-20 17:55:11,963 __iter__: Reading lattice file `/tmp/55133010/lattices/radioporni_puhujainkulma20120930_8.lat.gz´.
2020-08-20 17:55:13,280 decode: Utterance `radioporni_puhujainkulma20120930_8´ -- 4 of job 61
/scratch/work/groszt1/envs/theanoLM/lib/python3.7/site-packages/theano/gpuarray/dnn.py:184: UserWarning: Your cuDNN version is more recent than Theano. If you encounter problems, try updating Theano or downgrading cuDNN to a version >= v5 and <= v7.
  warnings.warn("Your cuDNN version is more recent than "
Using cuDNN version 7600 on context None
Mapped name None to device cuda0: Tesla P100-PCIE-16GB (0000:83:00.0)
/scratch/work/groszt1/envs/theanoLM/lib/python3.7/site-packages/h5py-2.9.0-py3.7-linux-x86_64.egg/h5py/_hl/dataset.py:313: H5pyDeprecationWarning: dataset.value has been deprecated. Use dataset[()] instead.
  "Use dataset[()] instead.", H5pyDeprecationWarning)
/scratch/work/groszt1/envs/theanoLM/lib/python3.7/site-packages/h5py-2.9.0-py3.7-linux-x86_64.egg/h5py/_hl/dataset.py:313: H5pyDeprecationWarning: dataset.value has been deprecated. Use dataset[()] instead.
  "Use dataset[()] instead.", H5pyDeprecationWarning)
decode_theanolm finished.
/tmp/55133010/lattices
floatX=float32,device=cuda0,base_compiledir=/tmp/theano,exception_verbosity=high,openmp=False
/scratch/work/groszt1/envs/theanoLM/lib/python3.7/site-packages/theano/gpuarray/dnn.py:184: UserWarning: Your cuDNN version is more recent than Theano. If you encounter problems, try updating Theano or downgrading cuDNN to a version >= v5 and <= v7.
  warnings.warn("Your cuDNN version is more recent than "
Using cuDNN version 7600 on context None
Mapped name None to device cuda0: Tesla P100-PCIE-16GB (0000:83:00.0)
TheanoLM 1.3.2
Theano 1.0.4
pygpu 0.7.6
==
+ srun --gres=gpu:1 theanolm decode /scratch/work/moisioa3/conv_lm/experiments/theanolm-morph-42k/expt2-sampled/nnlm.h5 --lattice-list /tmp/55133010/lattices/lattice-list --output-file /scratch/work/moisioa3/conv_lm/experiments/theanolm-morph-42k/expt2-sampled/decode/eval/lambda=0.5-lms=10/61.trn --output trn --nnlm-weight 0.5 --lm-scale 10 --max-tokens-per-node 62 --beam 650 --recombination-order 22 --num-jobs 128 --job 61 --unk-penalty=-20
2020-08-20 17:56:07,744 get_default_device: Context None device="Tesla P100-PCIE-16GB" ID="0000:83:00.0"
2020-08-20 17:56:07,745 from_file: Reading vocabulary from network state.
2020-08-20 17:56:08,001 from_file: Number of words in vocabulary: 42699
2020-08-20 17:56:08,001 from_file: Number of words in shortlist: 42699
2020-08-20 17:56:08,001 from_file: Number of word classes: 42699
2020-08-20 17:56:08,001 from_file: Building neural network.
2020-08-20 17:56:52,788 from_file: Restoring neural network state.
2020-08-20 17:56:53,123 decode: Building word lattice decoder.
2020-08-20 17:56:58,730 __iter__: Reading lattice file `/tmp/55133010/lattices/dspm009_dsp2013_02.lat.gz´.
2020-08-20 17:57:00,038 decode: Utterance `dspm009_dsp2013_02´ -- 1 of job 61
2020-08-20 17:57:39,131 __iter__: Reading lattice file `/tmp/55133010/lattices/dspm051_dsp2013_05.lat.gz´.
2020-08-20 17:57:39,187 decode: Utterance `dspm051_dsp2013_05´ -- 2 of job 61
2020-08-20 17:57:40,082 __iter__: Reading lattice file `/tmp/55133010/lattices/radiojuha_puhujainkulma20120930_15.lat.gz´.
2020-08-20 17:57:40,598 decode: Utterance `radiojuha_puhujainkulma20120930_15´ -- 3 of job 61
2020-08-20 17:57:50,228 __iter__: Reading lattice file `/tmp/55133010/lattices/radioporni_puhujainkulma20120930_8.lat.gz´.
2020-08-20 17:57:51,583 decode: Utterance `radioporni_puhujainkulma20120930_8´ -- 4 of job 61
/scratch/work/groszt1/envs/theanoLM/lib/python3.7/site-packages/theano/gpuarray/dnn.py:184: UserWarning: Your cuDNN version is more recent than Theano. If you encounter problems, try updating Theano or downgrading cuDNN to a version >= v5 and <= v7.
  warnings.warn("Your cuDNN version is more recent than "
Using cuDNN version 7600 on context None
Mapped name None to device cuda0: Tesla P100-PCIE-16GB (0000:83:00.0)
/scratch/work/groszt1/envs/theanoLM/lib/python3.7/site-packages/h5py-2.9.0-py3.7-linux-x86_64.egg/h5py/_hl/dataset.py:313: H5pyDeprecationWarning: dataset.value has been deprecated. Use dataset[()] instead.
  "Use dataset[()] instead.", H5pyDeprecationWarning)
/scratch/work/groszt1/envs/theanoLM/lib/python3.7/site-packages/h5py-2.9.0-py3.7-linux-x86_64.egg/h5py/_hl/dataset.py:313: H5pyDeprecationWarning: dataset.value has been deprecated. Use dataset[()] instead.
  "Use dataset[()] instead.", H5pyDeprecationWarning)
decode_theanolm finished.
/tmp/55133010/lattices
floatX=float32,device=cuda0,base_compiledir=/tmp/theano,exception_verbosity=high,openmp=False
/scratch/work/groszt1/envs/theanoLM/lib/python3.7/site-packages/theano/gpuarray/dnn.py:184: UserWarning: Your cuDNN version is more recent than Theano. If you encounter problems, try updating Theano or downgrading cuDNN to a version >= v5 and <= v7.
  warnings.warn("Your cuDNN version is more recent than "
Using cuDNN version 7600 on context None
Mapped name None to device cuda0: Tesla P100-PCIE-16GB (0000:83:00.0)
TheanoLM 1.3.2
Theano 1.0.4
pygpu 0.7.6
==
+ srun --gres=gpu:1 theanolm decode /scratch/work/moisioa3/conv_lm/experiments/theanolm-morph-42k/expt2-sampled/nnlm.h5 --lattice-list /tmp/55133010/lattices/lattice-list --output-file /scratch/work/moisioa3/conv_lm/experiments/theanolm-morph-42k/expt2-sampled/decode/eval/lambda=1.0-lms=9/61.trn --output trn --nnlm-weight 1.0 --lm-scale 9 --max-tokens-per-node 62 --beam 650 --recombination-order 22 --num-jobs 128 --job 61 --unk-penalty=-20
2020-08-20 17:58:49,635 get_default_device: Context None device="Tesla P100-PCIE-16GB" ID="0000:83:00.0"
2020-08-20 17:58:49,637 from_file: Reading vocabulary from network state.
2020-08-20 17:58:49,932 from_file: Number of words in vocabulary: 42699
2020-08-20 17:58:49,933 from_file: Number of words in shortlist: 42699
2020-08-20 17:58:49,933 from_file: Number of word classes: 42699
2020-08-20 17:58:49,933 from_file: Building neural network.
2020-08-20 17:59:33,724 from_file: Restoring neural network state.
2020-08-20 17:59:34,081 decode: Building word lattice decoder.
2020-08-20 17:59:39,711 __iter__: Reading lattice file `/tmp/55133010/lattices/dspm009_dsp2013_02.lat.gz´.
2020-08-20 17:59:41,006 decode: Utterance `dspm009_dsp2013_02´ -- 1 of job 61
2020-08-20 18:00:12,886 __iter__: Reading lattice file `/tmp/55133010/lattices/dspm051_dsp2013_05.lat.gz´.
2020-08-20 18:00:12,941 decode: Utterance `dspm051_dsp2013_05´ -- 2 of job 61
2020-08-20 18:00:13,907 __iter__: Reading lattice file `/tmp/55133010/lattices/radiojuha_puhujainkulma20120930_15.lat.gz´.
2020-08-20 18:00:14,421 decode: Utterance `radiojuha_puhujainkulma20120930_15´ -- 3 of job 61
2020-08-20 18:00:24,498 __iter__: Reading lattice file `/tmp/55133010/lattices/radioporni_puhujainkulma20120930_8.lat.gz´.
2020-08-20 18:00:25,878 decode: Utterance `radioporni_puhujainkulma20120930_8´ -- 4 of job 61
/scratch/work/groszt1/envs/theanoLM/lib/python3.7/site-packages/theano/gpuarray/dnn.py:184: UserWarning: Your cuDNN version is more recent than Theano. If you encounter problems, try updating Theano or downgrading cuDNN to a version >= v5 and <= v7.
  warnings.warn("Your cuDNN version is more recent than "
Using cuDNN version 7600 on context None
Mapped name None to device cuda0: Tesla P100-PCIE-16GB (0000:83:00.0)
/scratch/work/groszt1/envs/theanoLM/lib/python3.7/site-packages/h5py-2.9.0-py3.7-linux-x86_64.egg/h5py/_hl/dataset.py:313: H5pyDeprecationWarning: dataset.value has been deprecated. Use dataset[()] instead.
  "Use dataset[()] instead.", H5pyDeprecationWarning)
/scratch/work/groszt1/envs/theanoLM/lib/python3.7/site-packages/h5py-2.9.0-py3.7-linux-x86_64.egg/h5py/_hl/dataset.py:313: H5pyDeprecationWarning: dataset.value has been deprecated. Use dataset[()] instead.
  "Use dataset[()] instead.", H5pyDeprecationWarning)
decode_theanolm finished.
/tmp/55133010/lattices
floatX=float32,device=cuda0,base_compiledir=/tmp/theano,exception_verbosity=high,openmp=False
/scratch/work/groszt1/envs/theanoLM/lib/python3.7/site-packages/theano/gpuarray/dnn.py:184: UserWarning: Your cuDNN version is more recent than Theano. If you encounter problems, try updating Theano or downgrading cuDNN to a version >= v5 and <= v7.
  warnings.warn("Your cuDNN version is more recent than "
Using cuDNN version 7600 on context None
Mapped name None to device cuda0: Tesla P100-PCIE-16GB (0000:83:00.0)
TheanoLM 1.3.2
Theano 1.0.4
pygpu 0.7.6
==
+ srun --gres=gpu:1 theanolm decode /scratch/work/moisioa3/conv_lm/experiments/theanolm-morph-42k/expt2-sampled/nnlm.h5 --lattice-list /tmp/55133010/lattices/lattice-list --output-file /scratch/work/moisioa3/conv_lm/experiments/theanolm-morph-42k/expt2-sampled/decode/eval/lambda=1.0-lms=10/61.trn --output trn --nnlm-weight 1.0 --lm-scale 10 --max-tokens-per-node 62 --beam 650 --recombination-order 22 --num-jobs 128 --job 61 --unk-penalty=-20
2020-08-20 18:01:07,826 get_default_device: Context None device="Tesla P100-PCIE-16GB" ID="0000:83:00.0"
2020-08-20 18:01:07,828 from_file: Reading vocabulary from network state.
2020-08-20 18:01:08,079 from_file: Number of words in vocabulary: 42699
2020-08-20 18:01:08,079 from_file: Number of words in shortlist: 42699
2020-08-20 18:01:08,079 from_file: Number of word classes: 42699
2020-08-20 18:01:08,079 from_file: Building neural network.
/scratch/work/groszt1/envs/theanoLM/lib/python3.7/site-packages/theano/gpuarray/dnn.py:184: UserWarning: Your cuDNN version is more recent than Theano. If you encounter problems, try updating Theano or downgrading cuDNN to a version >= v5 and <= v7.
  warnings.warn("Your cuDNN version is more recent than "
Using cuDNN version 7600 on context None
Mapped name None to device cuda0: Tesla P100-PCIE-16GB (0000:83:00.0)
/scratch/work/groszt1/envs/theanoLM/lib/python3.7/site-packages/h5py-2.9.0-py3.7-linux-x86_64.egg/h5py/_hl/dataset.py:313: H5pyDeprecationWarning: dataset.value has been deprecated. Use dataset[()] instead.
  "Use dataset[()] instead.", H5pyDeprecationWarning)
INFO (theano.gof.compilelock): Waiting for existing lock by process '2561' (I am process '2621')
2020-08-20 18:02:05,033 lock: Waiting for existing lock by process '2561' (I am process '2621')
INFO (theano.gof.compilelock): To manually release the lock, delete /tmp/theano/compiledir_Linux-3.10-el7.x86_64-x86_64-with-centos-7.8.2003-Core-x86_64-3.7.3-64/lock_dir
2020-08-20 18:02:05,033 lock: To manually release the lock, delete /tmp/theano/compiledir_Linux-3.10-el7.x86_64-x86_64-with-centos-7.8.2003-Core-x86_64-3.7.3-64/lock_dir
2020-08-20 18:02:12,841 from_file: Restoring neural network state.
2020-08-20 18:02:13,169 decode: Building word lattice decoder.
2020-08-20 18:02:18,509 __iter__: Reading lattice file `/tmp/55133010/lattices/dspm009_dsp2013_02.lat.gz´.
2020-08-20 18:02:19,797 decode: Utterance `dspm009_dsp2013_02´ -- 1 of job 61
2020-08-20 18:02:51,532 __iter__: Reading lattice file `/tmp/55133010/lattices/dspm051_dsp2013_05.lat.gz´.
2020-08-20 18:02:51,591 decode: Utterance `dspm051_dsp2013_05´ -- 2 of job 61
2020-08-20 18:02:52,582 __iter__: Reading lattice file `/tmp/55133010/lattices/radiojuha_puhujainkulma20120930_15.lat.gz´.
2020-08-20 18:02:53,103 decode: Utterance `radiojuha_puhujainkulma20120930_15´ -- 3 of job 61
2020-08-20 18:03:03,232 __iter__: Reading lattice file `/tmp/55133010/lattices/radioporni_puhujainkulma20120930_8.lat.gz´.
2020-08-20 18:03:04,614 decode: Utterance `radioporni_puhujainkulma20120930_8´ -- 4 of job 61
/scratch/work/groszt1/envs/theanoLM/lib/python3.7/site-packages/h5py-2.9.0-py3.7-linux-x86_64.egg/h5py/_hl/dataset.py:313: H5pyDeprecationWarning: dataset.value has been deprecated. Use dataset[()] instead.
  "Use dataset[()] instead.", H5pyDeprecationWarning)
decode_theanolm finished.
decode eval finished.
