Experiment: theanolm-morph-42k/expt2-sampled
Job ID: 55131988
Task ID: 123
Host: gpu23.int.triton.aalto.fi
Start date: Thu Aug 20 15:53:34 EEST 2020
Work directory: /scratch/work/moisioa3/conv_lm/experiments/theanolm-morph-42k/expt2-sampled
Temporary directory: /tmp/55131988

Currently Loaded Modules:
  1) speech-scripts/2016.05.24-b928230   6) binutils/2.25-GCCcore-5.4.0
  2) srilm/default                       7) GCC/5.4.0-2.25
  3) cuda/10.0.130                       8) libgpuarray/2017.03.29-45c731f
  4) cudnn/7.4.2-cuda                    9) anaconda3/latest
  5) GCCcore/5.4.0

 

/tmp/55131988/lattices
floatX=float32,device=cuda0,base_compiledir=/tmp/theano,exception_verbosity=high,openmp=False
/scratch/work/groszt1/envs/theanoLM/lib/python3.7/site-packages/theano/gpuarray/dnn.py:184: UserWarning: Your cuDNN version is more recent than Theano. If you encounter problems, try updating Theano or downgrading cuDNN to a version >= v5 and <= v7.
  warnings.warn("Your cuDNN version is more recent than "
Using cuDNN version 7600 on context None
Mapped name None to device cuda0: Tesla P100-PCIE-16GB (0000:83:00.0)
TheanoLM 1.3.2
Theano 1.0.4
pygpu 0.7.6
==
+ srun --gres=gpu:1 theanolm decode /scratch/work/moisioa3/conv_lm/experiments/theanolm-morph-42k/expt2-sampled/nnlm.h5 --lattice-list /tmp/55131988/lattices/lattice-list --output-file /scratch/work/moisioa3/conv_lm/experiments/theanolm-morph-42k/expt2-sampled/decode/devel/lambda=0.5-lms=9/123.trn --output trn --nnlm-weight 0.5 --lm-scale 9 --max-tokens-per-node 62 --beam 650 --recombination-order 22 --num-jobs 128 --job 123 --unk-penalty=-20
2020-08-20 15:53:46,157 get_default_device: Context None device="Tesla P100-PCIE-16GB" ID="0000:83:00.0"
2020-08-20 15:53:46,158 from_file: Reading vocabulary from network state.
2020-08-20 15:53:46,439 from_file: Number of words in vocabulary: 42699
2020-08-20 15:53:46,440 from_file: Number of words in shortlist: 42699
2020-08-20 15:53:46,440 from_file: Number of word classes: 42699
2020-08-20 15:53:46,440 from_file: Building neural network.
2020-08-20 15:54:29,769 from_file: Restoring neural network state.
2020-08-20 15:54:30,156 decode: Building word lattice decoder.
2020-08-20 15:54:40,921 __iter__: Reading lattice file `/tmp/55131988/lattices/dspm007_dsp2013_01.lat.gz´.
2020-08-20 15:54:41,960 decode: Utterance `dspm007_dsp2013_01´ -- 1 of job 123
2020-08-20 15:55:13,676 __iter__: Reading lattice file `/tmp/55131988/lattices/dspm017_dsp2013_61.lat.gz´.
2020-08-20 15:55:14,072 decode: Utterance `dspm017_dsp2013_61´ -- 2 of job 123
2020-08-20 15:55:27,391 __iter__: Reading lattice file `/tmp/55131988/lattices/dspm025_dsp2013_07.lat.gz´.
2020-08-20 15:55:28,447 decode: Utterance `dspm025_dsp2013_07´ -- 3 of job 123
2020-08-20 15:56:08,763 __iter__: Reading lattice file `/tmp/55131988/lattices/dspm034_dsp2013_01.lat.gz´.
2020-08-20 15:56:09,033 decode: Utterance `dspm034_dsp2013_01´ -- 4 of job 123
2020-08-20 15:56:13,708 __iter__: Reading lattice file `/tmp/55131988/lattices/dspm043_dsp2013_39.lat.gz´.
2020-08-20 15:56:13,813 decode: Utterance `dspm043_dsp2013_39´ -- 5 of job 123
2020-08-20 15:56:17,658 __iter__: Reading lattice file `/tmp/55131988/lattices/dspm054_dsp2013_06.lat.gz´.
2020-08-20 15:56:17,860 decode: Utterance `dspm054_dsp2013_06´ -- 6 of job 123
2020-08-20 15:56:22,877 __iter__: Reading lattice file `/tmp/55131988/lattices/radiojake_kbk20120915_44.lat.gz´.
2020-08-20 15:56:22,971 decode: Utterance `radiojake_kbk20120915_44´ -- 7 of job 123
/scratch/work/groszt1/envs/theanoLM/lib/python3.7/site-packages/theano/gpuarray/dnn.py:184: UserWarning: Your cuDNN version is more recent than Theano. If you encounter problems, try updating Theano or downgrading cuDNN to a version >= v5 and <= v7.
  warnings.warn("Your cuDNN version is more recent than "
Using cuDNN version 7600 on context None
Mapped name None to device cuda0: Tesla P100-PCIE-16GB (0000:83:00.0)
/scratch/work/groszt1/envs/theanoLM/lib/python3.7/site-packages/h5py-2.9.0-py3.7-linux-x86_64.egg/h5py/_hl/dataset.py:313: H5pyDeprecationWarning: dataset.value has been deprecated. Use dataset[()] instead.
  "Use dataset[()] instead.", H5pyDeprecationWarning)
/scratch/work/groszt1/envs/theanoLM/lib/python3.7/site-packages/h5py-2.9.0-py3.7-linux-x86_64.egg/h5py/_hl/dataset.py:313: H5pyDeprecationWarning: dataset.value has been deprecated. Use dataset[()] instead.
  "Use dataset[()] instead.", H5pyDeprecationWarning)
decode_theanolm finished.
/tmp/55131988/lattices
floatX=float32,device=cuda0,base_compiledir=/tmp/theano,exception_verbosity=high,openmp=False
/scratch/work/groszt1/envs/theanoLM/lib/python3.7/site-packages/theano/gpuarray/dnn.py:184: UserWarning: Your cuDNN version is more recent than Theano. If you encounter problems, try updating Theano or downgrading cuDNN to a version >= v5 and <= v7.
  warnings.warn("Your cuDNN version is more recent than "
Using cuDNN version 7600 on context None
Mapped name None to device cuda0: Tesla P100-PCIE-16GB (0000:83:00.0)
TheanoLM 1.3.2
Theano 1.0.4
pygpu 0.7.6
==
+ srun --gres=gpu:1 theanolm decode /scratch/work/moisioa3/conv_lm/experiments/theanolm-morph-42k/expt2-sampled/nnlm.h5 --lattice-list /tmp/55131988/lattices/lattice-list --output-file /scratch/work/moisioa3/conv_lm/experiments/theanolm-morph-42k/expt2-sampled/decode/devel/lambda=0.5-lms=10/123.trn --output trn --nnlm-weight 0.5 --lm-scale 10 --max-tokens-per-node 62 --beam 650 --recombination-order 22 --num-jobs 128 --job 123 --unk-penalty=-20
2020-08-20 15:56:32,967 get_default_device: Context None device="Tesla P100-PCIE-16GB" ID="0000:83:00.0"
2020-08-20 15:56:32,968 from_file: Reading vocabulary from network state.
2020-08-20 15:56:33,274 from_file: Number of words in vocabulary: 42699
2020-08-20 15:56:33,275 from_file: Number of words in shortlist: 42699
2020-08-20 15:56:33,275 from_file: Number of word classes: 42699
2020-08-20 15:56:33,275 from_file: Building neural network.
2020-08-20 15:57:16,033 from_file: Restoring neural network state.
2020-08-20 15:57:16,379 decode: Building word lattice decoder.
2020-08-20 15:57:21,950 __iter__: Reading lattice file `/tmp/55131988/lattices/dspm007_dsp2013_01.lat.gz´.
2020-08-20 15:57:23,002 decode: Utterance `dspm007_dsp2013_01´ -- 1 of job 123
2020-08-20 15:57:54,738 __iter__: Reading lattice file `/tmp/55131988/lattices/dspm017_dsp2013_61.lat.gz´.
2020-08-20 15:57:55,159 decode: Utterance `dspm017_dsp2013_61´ -- 2 of job 123
2020-08-20 15:58:08,532 __iter__: Reading lattice file `/tmp/55131988/lattices/dspm025_dsp2013_07.lat.gz´.
2020-08-20 15:58:09,668 decode: Utterance `dspm025_dsp2013_07´ -- 3 of job 123
2020-08-20 15:58:49,655 __iter__: Reading lattice file `/tmp/55131988/lattices/dspm034_dsp2013_01.lat.gz´.
2020-08-20 15:58:49,937 decode: Utterance `dspm034_dsp2013_01´ -- 4 of job 123
2020-08-20 15:58:54,340 __iter__: Reading lattice file `/tmp/55131988/lattices/dspm043_dsp2013_39.lat.gz´.
2020-08-20 15:58:54,452 decode: Utterance `dspm043_dsp2013_39´ -- 5 of job 123
2020-08-20 15:58:58,169 __iter__: Reading lattice file `/tmp/55131988/lattices/dspm054_dsp2013_06.lat.gz´.
2020-08-20 15:58:58,376 decode: Utterance `dspm054_dsp2013_06´ -- 6 of job 123
2020-08-20 15:59:03,422 __iter__: Reading lattice file `/tmp/55131988/lattices/radiojake_kbk20120915_44.lat.gz´.
2020-08-20 15:59:03,520 decode: Utterance `radiojake_kbk20120915_44´ -- 7 of job 123
/scratch/work/groszt1/envs/theanoLM/lib/python3.7/site-packages/theano/gpuarray/dnn.py:184: UserWarning: Your cuDNN version is more recent than Theano. If you encounter problems, try updating Theano or downgrading cuDNN to a version >= v5 and <= v7.
  warnings.warn("Your cuDNN version is more recent than "
Using cuDNN version 7600 on context None
Mapped name None to device cuda0: Tesla P100-PCIE-16GB (0000:83:00.0)
/scratch/work/groszt1/envs/theanoLM/lib/python3.7/site-packages/h5py-2.9.0-py3.7-linux-x86_64.egg/h5py/_hl/dataset.py:313: H5pyDeprecationWarning: dataset.value has been deprecated. Use dataset[()] instead.
  "Use dataset[()] instead.", H5pyDeprecationWarning)
/scratch/work/groszt1/envs/theanoLM/lib/python3.7/site-packages/h5py-2.9.0-py3.7-linux-x86_64.egg/h5py/_hl/dataset.py:313: H5pyDeprecationWarning: dataset.value has been deprecated. Use dataset[()] instead.
  "Use dataset[()] instead.", H5pyDeprecationWarning)
decode_theanolm finished.
/tmp/55131988/lattices
floatX=float32,device=cuda0,base_compiledir=/tmp/theano,exception_verbosity=high,openmp=False
/scratch/work/groszt1/envs/theanoLM/lib/python3.7/site-packages/theano/gpuarray/dnn.py:184: UserWarning: Your cuDNN version is more recent than Theano. If you encounter problems, try updating Theano or downgrading cuDNN to a version >= v5 and <= v7.
  warnings.warn("Your cuDNN version is more recent than "
Using cuDNN version 7600 on context None
Mapped name None to device cuda0: Tesla P100-PCIE-16GB (0000:83:00.0)
TheanoLM 1.3.2
Theano 1.0.4
pygpu 0.7.6
==
+ srun --gres=gpu:1 theanolm decode /scratch/work/moisioa3/conv_lm/experiments/theanolm-morph-42k/expt2-sampled/nnlm.h5 --lattice-list /tmp/55131988/lattices/lattice-list --output-file /scratch/work/moisioa3/conv_lm/experiments/theanolm-morph-42k/expt2-sampled/decode/devel/lambda=1.0-lms=9/123.trn --output trn --nnlm-weight 1.0 --lm-scale 9 --max-tokens-per-node 62 --beam 650 --recombination-order 22 --num-jobs 128 --job 123 --unk-penalty=-20
2020-08-20 15:59:12,944 get_default_device: Context None device="Tesla P100-PCIE-16GB" ID="0000:83:00.0"
2020-08-20 15:59:12,945 from_file: Reading vocabulary from network state.
2020-08-20 15:59:13,244 from_file: Number of words in vocabulary: 42699
2020-08-20 15:59:13,244 from_file: Number of words in shortlist: 42699
2020-08-20 15:59:13,245 from_file: Number of word classes: 42699
2020-08-20 15:59:13,245 from_file: Building neural network.
2020-08-20 15:59:59,305 from_file: Restoring neural network state.
2020-08-20 15:59:59,664 decode: Building word lattice decoder.
2020-08-20 16:00:05,187 __iter__: Reading lattice file `/tmp/55131988/lattices/dspm007_dsp2013_01.lat.gz´.
2020-08-20 16:00:06,206 decode: Utterance `dspm007_dsp2013_01´ -- 1 of job 123
2020-08-20 16:00:34,038 __iter__: Reading lattice file `/tmp/55131988/lattices/dspm017_dsp2013_61.lat.gz´.
2020-08-20 16:00:34,460 decode: Utterance `dspm017_dsp2013_61´ -- 2 of job 123
2020-08-20 16:00:46,973 __iter__: Reading lattice file `/tmp/55131988/lattices/dspm025_dsp2013_07.lat.gz´.
2020-08-20 16:00:48,072 decode: Utterance `dspm025_dsp2013_07´ -- 3 of job 123
2020-08-20 16:01:12,181 __iter__: Reading lattice file `/tmp/55131988/lattices/dspm034_dsp2013_01.lat.gz´.
2020-08-20 16:01:12,449 decode: Utterance `dspm034_dsp2013_01´ -- 4 of job 123
2020-08-20 16:01:16,648 __iter__: Reading lattice file `/tmp/55131988/lattices/dspm043_dsp2013_39.lat.gz´.
2020-08-20 16:01:16,752 decode: Utterance `dspm043_dsp2013_39´ -- 5 of job 123
2020-08-20 16:01:20,013 __iter__: Reading lattice file `/tmp/55131988/lattices/dspm054_dsp2013_06.lat.gz´.
2020-08-20 16:01:20,209 decode: Utterance `dspm054_dsp2013_06´ -- 6 of job 123
2020-08-20 16:01:24,303 __iter__: Reading lattice file `/tmp/55131988/lattices/radiojake_kbk20120915_44.lat.gz´.
2020-08-20 16:01:24,392 decode: Utterance `radiojake_kbk20120915_44´ -- 7 of job 123
/scratch/work/groszt1/envs/theanoLM/lib/python3.7/site-packages/theano/gpuarray/dnn.py:184: UserWarning: Your cuDNN version is more recent than Theano. If you encounter problems, try updating Theano or downgrading cuDNN to a version >= v5 and <= v7.
  warnings.warn("Your cuDNN version is more recent than "
Using cuDNN version 7600 on context None
Mapped name None to device cuda0: Tesla P100-PCIE-16GB (0000:83:00.0)
/scratch/work/groszt1/envs/theanoLM/lib/python3.7/site-packages/h5py-2.9.0-py3.7-linux-x86_64.egg/h5py/_hl/dataset.py:313: H5pyDeprecationWarning: dataset.value has been deprecated. Use dataset[()] instead.
  "Use dataset[()] instead.", H5pyDeprecationWarning)
/scratch/work/groszt1/envs/theanoLM/lib/python3.7/site-packages/h5py-2.9.0-py3.7-linux-x86_64.egg/h5py/_hl/dataset.py:313: H5pyDeprecationWarning: dataset.value has been deprecated. Use dataset[()] instead.
  "Use dataset[()] instead.", H5pyDeprecationWarning)
decode_theanolm finished.
/tmp/55131988/lattices
floatX=float32,device=cuda0,base_compiledir=/tmp/theano,exception_verbosity=high,openmp=False
/scratch/work/groszt1/envs/theanoLM/lib/python3.7/site-packages/theano/gpuarray/dnn.py:184: UserWarning: Your cuDNN version is more recent than Theano. If you encounter problems, try updating Theano or downgrading cuDNN to a version >= v5 and <= v7.
  warnings.warn("Your cuDNN version is more recent than "
Using cuDNN version 7600 on context None
Mapped name None to device cuda0: Tesla P100-PCIE-16GB (0000:83:00.0)
TheanoLM 1.3.2
Theano 1.0.4
pygpu 0.7.6
==
+ srun --gres=gpu:1 theanolm decode /scratch/work/moisioa3/conv_lm/experiments/theanolm-morph-42k/expt2-sampled/nnlm.h5 --lattice-list /tmp/55131988/lattices/lattice-list --output-file /scratch/work/moisioa3/conv_lm/experiments/theanolm-morph-42k/expt2-sampled/decode/devel/lambda=1.0-lms=10/123.trn --output trn --nnlm-weight 1.0 --lm-scale 10 --max-tokens-per-node 62 --beam 650 --recombination-order 22 --num-jobs 128 --job 123 --unk-penalty=-20
2020-08-20 16:01:33,393 get_default_device: Context None device="Tesla P100-PCIE-16GB" ID="0000:83:00.0"
2020-08-20 16:01:33,395 from_file: Reading vocabulary from network state.
2020-08-20 16:01:33,679 from_file: Number of words in vocabulary: 42699
2020-08-20 16:01:33,679 from_file: Number of words in shortlist: 42699
2020-08-20 16:01:33,680 from_file: Number of word classes: 42699
2020-08-20 16:01:33,680 from_file: Building neural network.
2020-08-20 16:02:15,124 from_file: Restoring neural network state.
2020-08-20 16:02:15,455 decode: Building word lattice decoder.
2020-08-20 16:02:20,603 __iter__: Reading lattice file `/tmp/55131988/lattices/dspm007_dsp2013_01.lat.gz´.
2020-08-20 16:02:21,573 decode: Utterance `dspm007_dsp2013_01´ -- 1 of job 123
2020-08-20 16:02:47,814 __iter__: Reading lattice file `/tmp/55131988/lattices/dspm017_dsp2013_61.lat.gz´.
2020-08-20 16:02:48,231 decode: Utterance `dspm017_dsp2013_61´ -- 2 of job 123
2020-08-20 16:03:00,630 __iter__: Reading lattice file `/tmp/55131988/lattices/dspm025_dsp2013_07.lat.gz´.
2020-08-20 16:03:01,691 decode: Utterance `dspm025_dsp2013_07´ -- 3 of job 123
2020-08-20 16:03:26,413 __iter__: Reading lattice file `/tmp/55131988/lattices/dspm034_dsp2013_01.lat.gz´.
2020-08-20 16:03:26,665 decode: Utterance `dspm034_dsp2013_01´ -- 4 of job 123
2020-08-20 16:03:30,775 __iter__: Reading lattice file `/tmp/55131988/lattices/dspm043_dsp2013_39.lat.gz´.
2020-08-20 16:03:30,877 decode: Utterance `dspm043_dsp2013_39´ -- 5 of job 123
2020-08-20 16:03:33,995 __iter__: Reading lattice file `/tmp/55131988/lattices/dspm054_dsp2013_06.lat.gz´.
2020-08-20 16:03:34,179 decode: Utterance `dspm054_dsp2013_06´ -- 6 of job 123
2020-08-20 16:03:38,268 __iter__: Reading lattice file `/tmp/55131988/lattices/radiojake_kbk20120915_44.lat.gz´.
2020-08-20 16:03:38,357 decode: Utterance `radiojake_kbk20120915_44´ -- 7 of job 123
/scratch/work/groszt1/envs/theanoLM/lib/python3.7/site-packages/theano/gpuarray/dnn.py:184: UserWarning: Your cuDNN version is more recent than Theano. If you encounter problems, try updating Theano or downgrading cuDNN to a version >= v5 and <= v7.
  warnings.warn("Your cuDNN version is more recent than "
Using cuDNN version 7600 on context None
Mapped name None to device cuda0: Tesla P100-PCIE-16GB (0000:83:00.0)
/scratch/work/groszt1/envs/theanoLM/lib/python3.7/site-packages/h5py-2.9.0-py3.7-linux-x86_64.egg/h5py/_hl/dataset.py:313: H5pyDeprecationWarning: dataset.value has been deprecated. Use dataset[()] instead.
  "Use dataset[()] instead.", H5pyDeprecationWarning)
/scratch/work/groszt1/envs/theanoLM/lib/python3.7/site-packages/h5py-2.9.0-py3.7-linux-x86_64.egg/h5py/_hl/dataset.py:313: H5pyDeprecationWarning: dataset.value has been deprecated. Use dataset[()] instead.
  "Use dataset[()] instead.", H5pyDeprecationWarning)
decode_theanolm finished.
decode devel finished.
