Experiment: theanolm-morph-42k/expt2-sampled
Job ID: 55131973
Task ID: 113
Host: gpu33.int.triton.aalto.fi
Start date: Thu Aug 20 15:50:51 EEST 2020
Work directory: /scratch/work/moisioa3/conv_lm/experiments/theanolm-morph-42k/expt2-sampled
Temporary directory: /tmp/55131973

Currently Loaded Modules:
  1) speech-scripts/2016.05.24-b928230   6) binutils/2.25-GCCcore-5.4.0
  2) srilm/default                       7) GCC/5.4.0-2.25
  3) cuda/10.0.130                       8) libgpuarray/2017.03.29-45c731f
  4) cudnn/7.4.2-cuda                    9) anaconda3/latest
  5) GCCcore/5.4.0

 

/tmp/55131973/lattices
floatX=float32,device=cuda0,base_compiledir=/tmp/theano,exception_verbosity=high,openmp=False
/scratch/work/groszt1/envs/theanoLM/lib/python3.7/site-packages/theano/gpuarray/dnn.py:184: UserWarning: Your cuDNN version is more recent than Theano. If you encounter problems, try updating Theano or downgrading cuDNN to a version >= v5 and <= v7.
  warnings.warn("Your cuDNN version is more recent than "
Using cuDNN version 7600 on context None
Mapped name None to device cuda0: Tesla V100-PCIE-32GB (0000:18:00.0)
TheanoLM 1.3.2
Theano 1.0.4
pygpu 0.7.6
==
+ srun --gres=gpu:1 theanolm decode /scratch/work/moisioa3/conv_lm/experiments/theanolm-morph-42k/expt2-sampled/nnlm.h5 --lattice-list /tmp/55131973/lattices/lattice-list --output-file /scratch/work/moisioa3/conv_lm/experiments/theanolm-morph-42k/expt2-sampled/decode/devel/lambda=0.5-lms=9/113.trn --output trn --nnlm-weight 0.5 --lm-scale 9 --max-tokens-per-node 62 --beam 650 --recombination-order 22 --num-jobs 128 --job 113 --unk-penalty=-20
2020-08-20 15:51:02,043 get_default_device: Context None device="Tesla V100-PCIE-32GB" ID="0000:18:00.0"
2020-08-20 15:51:02,044 from_file: Reading vocabulary from network state.
2020-08-20 15:51:02,257 from_file: Number of words in vocabulary: 42699
2020-08-20 15:51:02,257 from_file: Number of words in shortlist: 42699
2020-08-20 15:51:02,257 from_file: Number of word classes: 42699
2020-08-20 15:51:02,257 from_file: Building neural network.
2020-08-20 15:51:31,393 from_file: Restoring neural network state.
2020-08-20 15:51:31,764 decode: Building word lattice decoder.
2020-08-20 15:51:44,395 __iter__: Reading lattice file `/tmp/55131973/lattices/dspm006_dsp2013_16.lat.gz´.
2020-08-20 15:51:44,472 decode: Utterance `dspm006_dsp2013_16´ -- 1 of job 113
2020-08-20 15:51:47,389 __iter__: Reading lattice file `/tmp/55131973/lattices/dspm017_dsp2013_22.lat.gz´.
2020-08-20 15:51:48,654 decode: Utterance `dspm017_dsp2013_22´ -- 2 of job 113
2020-08-20 15:52:30,014 __iter__: Reading lattice file `/tmp/55131973/lattices/dspm024_dsp2013_13.lat.gz´.
2020-08-20 15:52:30,632 decode: Utterance `dspm024_dsp2013_13´ -- 3 of job 113
2020-08-20 15:52:48,627 __iter__: Reading lattice file `/tmp/55131973/lattices/dspm033_dsp2013_30.lat.gz´.
2020-08-20 15:52:49,394 decode: Utterance `dspm033_dsp2013_30´ -- 4 of job 113
2020-08-20 15:53:13,705 __iter__: Reading lattice file `/tmp/55131973/lattices/dspm043_dsp2013_21.lat.gz´.
2020-08-20 15:53:13,922 decode: Utterance `dspm043_dsp2013_21´ -- 5 of job 113
2020-08-20 15:53:20,520 __iter__: Reading lattice file `/tmp/55131973/lattices/dspm052_dsp2013_15.lat.gz´.
2020-08-20 15:53:20,690 decode: Utterance `dspm052_dsp2013_15´ -- 6 of job 113
2020-08-20 15:53:26,109 __iter__: Reading lattice file `/tmp/55131973/lattices/radiojake_kbk20120915_1.lat.gz´.
2020-08-20 15:53:27,908 decode: Utterance `radiojake_kbk20120915_1´ -- 7 of job 113
/scratch/work/groszt1/envs/theanoLM/lib/python3.7/site-packages/theano/gpuarray/dnn.py:184: UserWarning: Your cuDNN version is more recent than Theano. If you encounter problems, try updating Theano or downgrading cuDNN to a version >= v5 and <= v7.
  warnings.warn("Your cuDNN version is more recent than "
Using cuDNN version 7600 on context None
Mapped name None to device cuda0: Tesla V100-PCIE-32GB (0000:18:00.0)
/scratch/work/groszt1/envs/theanoLM/lib/python3.7/site-packages/h5py-2.9.0-py3.7-linux-x86_64.egg/h5py/_hl/dataset.py:313: H5pyDeprecationWarning: dataset.value has been deprecated. Use dataset[()] instead.
  "Use dataset[()] instead.", H5pyDeprecationWarning)
/scratch/work/groszt1/envs/theanoLM/lib/python3.7/site-packages/h5py-2.9.0-py3.7-linux-x86_64.egg/h5py/_hl/dataset.py:313: H5pyDeprecationWarning: dataset.value has been deprecated. Use dataset[()] instead.
  "Use dataset[()] instead.", H5pyDeprecationWarning)
decode_theanolm finished.
/tmp/55131973/lattices
floatX=float32,device=cuda0,base_compiledir=/tmp/theano,exception_verbosity=high,openmp=False
/scratch/work/groszt1/envs/theanoLM/lib/python3.7/site-packages/theano/gpuarray/dnn.py:184: UserWarning: Your cuDNN version is more recent than Theano. If you encounter problems, try updating Theano or downgrading cuDNN to a version >= v5 and <= v7.
  warnings.warn("Your cuDNN version is more recent than "
Using cuDNN version 7600 on context None
Mapped name None to device cuda0: Tesla V100-PCIE-32GB (0000:18:00.0)
TheanoLM 1.3.2
Theano 1.0.4
pygpu 0.7.6
==
+ srun --gres=gpu:1 theanolm decode /scratch/work/moisioa3/conv_lm/experiments/theanolm-morph-42k/expt2-sampled/nnlm.h5 --lattice-list /tmp/55131973/lattices/lattice-list --output-file /scratch/work/moisioa3/conv_lm/experiments/theanolm-morph-42k/expt2-sampled/decode/devel/lambda=0.5-lms=10/113.trn --output trn --nnlm-weight 0.5 --lm-scale 10 --max-tokens-per-node 62 --beam 650 --recombination-order 22 --num-jobs 128 --job 113 --unk-penalty=-20
2020-08-20 15:54:21,327 get_default_device: Context None device="Tesla V100-PCIE-32GB" ID="0000:18:00.0"
2020-08-20 15:54:21,328 from_file: Reading vocabulary from network state.
2020-08-20 15:54:21,538 from_file: Number of words in vocabulary: 42699
2020-08-20 15:54:21,538 from_file: Number of words in shortlist: 42699
2020-08-20 15:54:21,538 from_file: Number of word classes: 42699
2020-08-20 15:54:21,538 from_file: Building neural network.
2020-08-20 15:54:51,021 from_file: Restoring neural network state.
2020-08-20 15:54:51,383 decode: Building word lattice decoder.
2020-08-20 15:54:55,499 __iter__: Reading lattice file `/tmp/55131973/lattices/dspm006_dsp2013_16.lat.gz´.
2020-08-20 15:54:55,578 decode: Utterance `dspm006_dsp2013_16´ -- 1 of job 113
2020-08-20 15:54:58,400 __iter__: Reading lattice file `/tmp/55131973/lattices/dspm017_dsp2013_22.lat.gz´.
2020-08-20 15:54:59,703 decode: Utterance `dspm017_dsp2013_22´ -- 2 of job 113
2020-08-20 15:55:41,515 __iter__: Reading lattice file `/tmp/55131973/lattices/dspm024_dsp2013_13.lat.gz´.
2020-08-20 15:55:42,151 decode: Utterance `dspm024_dsp2013_13´ -- 3 of job 113
2020-08-20 15:56:00,350 __iter__: Reading lattice file `/tmp/55131973/lattices/dspm033_dsp2013_30.lat.gz´.
2020-08-20 15:56:01,133 decode: Utterance `dspm033_dsp2013_30´ -- 4 of job 113
2020-08-20 15:56:25,248 __iter__: Reading lattice file `/tmp/55131973/lattices/dspm043_dsp2013_21.lat.gz´.
2020-08-20 15:56:25,469 decode: Utterance `dspm043_dsp2013_21´ -- 5 of job 113
2020-08-20 15:56:31,850 __iter__: Reading lattice file `/tmp/55131973/lattices/dspm052_dsp2013_15.lat.gz´.
2020-08-20 15:56:32,019 decode: Utterance `dspm052_dsp2013_15´ -- 6 of job 113
2020-08-20 15:56:37,254 __iter__: Reading lattice file `/tmp/55131973/lattices/radiojake_kbk20120915_1.lat.gz´.
2020-08-20 15:56:39,057 decode: Utterance `radiojake_kbk20120915_1´ -- 7 of job 113
/scratch/work/groszt1/envs/theanoLM/lib/python3.7/site-packages/theano/gpuarray/dnn.py:184: UserWarning: Your cuDNN version is more recent than Theano. If you encounter problems, try updating Theano or downgrading cuDNN to a version >= v5 and <= v7.
  warnings.warn("Your cuDNN version is more recent than "
Using cuDNN version 7600 on context None
Mapped name None to device cuda0: Tesla V100-PCIE-32GB (0000:18:00.0)
/scratch/work/groszt1/envs/theanoLM/lib/python3.7/site-packages/h5py-2.9.0-py3.7-linux-x86_64.egg/h5py/_hl/dataset.py:313: H5pyDeprecationWarning: dataset.value has been deprecated. Use dataset[()] instead.
  "Use dataset[()] instead.", H5pyDeprecationWarning)
/scratch/work/groszt1/envs/theanoLM/lib/python3.7/site-packages/h5py-2.9.0-py3.7-linux-x86_64.egg/h5py/_hl/dataset.py:313: H5pyDeprecationWarning: dataset.value has been deprecated. Use dataset[()] instead.
  "Use dataset[()] instead.", H5pyDeprecationWarning)
decode_theanolm finished.
/tmp/55131973/lattices
floatX=float32,device=cuda0,base_compiledir=/tmp/theano,exception_verbosity=high,openmp=False
/scratch/work/groszt1/envs/theanoLM/lib/python3.7/site-packages/theano/gpuarray/dnn.py:184: UserWarning: Your cuDNN version is more recent than Theano. If you encounter problems, try updating Theano or downgrading cuDNN to a version >= v5 and <= v7.
  warnings.warn("Your cuDNN version is more recent than "
Using cuDNN version 7600 on context None
Mapped name None to device cuda0: Tesla V100-PCIE-32GB (0000:18:00.0)
TheanoLM 1.3.2
Theano 1.0.4
pygpu 0.7.6
==
+ srun --gres=gpu:1 theanolm decode /scratch/work/moisioa3/conv_lm/experiments/theanolm-morph-42k/expt2-sampled/nnlm.h5 --lattice-list /tmp/55131973/lattices/lattice-list --output-file /scratch/work/moisioa3/conv_lm/experiments/theanolm-morph-42k/expt2-sampled/decode/devel/lambda=1.0-lms=9/113.trn --output trn --nnlm-weight 1.0 --lm-scale 9 --max-tokens-per-node 62 --beam 650 --recombination-order 22 --num-jobs 128 --job 113 --unk-penalty=-20
2020-08-20 15:57:32,872 get_default_device: Context None device="Tesla V100-PCIE-32GB" ID="0000:18:00.0"
2020-08-20 15:57:32,873 from_file: Reading vocabulary from network state.
2020-08-20 15:57:33,078 from_file: Number of words in vocabulary: 42699
2020-08-20 15:57:33,079 from_file: Number of words in shortlist: 42699
2020-08-20 15:57:33,079 from_file: Number of word classes: 42699
2020-08-20 15:57:33,079 from_file: Building neural network.
2020-08-20 15:58:01,845 from_file: Restoring neural network state.
2020-08-20 15:58:02,193 decode: Building word lattice decoder.
2020-08-20 15:58:06,182 __iter__: Reading lattice file `/tmp/55131973/lattices/dspm006_dsp2013_16.lat.gz´.
2020-08-20 15:58:06,258 decode: Utterance `dspm006_dsp2013_16´ -- 1 of job 113
2020-08-20 15:58:08,458 __iter__: Reading lattice file `/tmp/55131973/lattices/dspm017_dsp2013_22.lat.gz´.
2020-08-20 15:58:09,714 decode: Utterance `dspm017_dsp2013_22´ -- 2 of job 113
2020-08-20 15:58:45,743 __iter__: Reading lattice file `/tmp/55131973/lattices/dspm024_dsp2013_13.lat.gz´.
2020-08-20 15:58:46,330 decode: Utterance `dspm024_dsp2013_13´ -- 3 of job 113
2020-08-20 15:59:02,135 __iter__: Reading lattice file `/tmp/55131973/lattices/dspm033_dsp2013_30.lat.gz´.
2020-08-20 15:59:02,897 decode: Utterance `dspm033_dsp2013_30´ -- 4 of job 113
2020-08-20 15:59:24,068 __iter__: Reading lattice file `/tmp/55131973/lattices/dspm043_dsp2013_21.lat.gz´.
2020-08-20 15:59:24,284 decode: Utterance `dspm043_dsp2013_21´ -- 5 of job 113
2020-08-20 15:59:29,567 __iter__: Reading lattice file `/tmp/55131973/lattices/dspm052_dsp2013_15.lat.gz´.
2020-08-20 15:59:29,731 decode: Utterance `dspm052_dsp2013_15´ -- 6 of job 113
2020-08-20 15:59:34,207 __iter__: Reading lattice file `/tmp/55131973/lattices/radiojake_kbk20120915_1.lat.gz´.
2020-08-20 15:59:35,958 decode: Utterance `radiojake_kbk20120915_1´ -- 7 of job 113
/scratch/work/groszt1/envs/theanoLM/lib/python3.7/site-packages/theano/gpuarray/dnn.py:184: UserWarning: Your cuDNN version is more recent than Theano. If you encounter problems, try updating Theano or downgrading cuDNN to a version >= v5 and <= v7.
  warnings.warn("Your cuDNN version is more recent than "
Using cuDNN version 7600 on context None
Mapped name None to device cuda0: Tesla V100-PCIE-32GB (0000:18:00.0)
/scratch/work/groszt1/envs/theanoLM/lib/python3.7/site-packages/h5py-2.9.0-py3.7-linux-x86_64.egg/h5py/_hl/dataset.py:313: H5pyDeprecationWarning: dataset.value has been deprecated. Use dataset[()] instead.
  "Use dataset[()] instead.", H5pyDeprecationWarning)
/scratch/work/groszt1/envs/theanoLM/lib/python3.7/site-packages/h5py-2.9.0-py3.7-linux-x86_64.egg/h5py/_hl/dataset.py:313: H5pyDeprecationWarning: dataset.value has been deprecated. Use dataset[()] instead.
  "Use dataset[()] instead.", H5pyDeprecationWarning)
decode_theanolm finished.
/tmp/55131973/lattices
floatX=float32,device=cuda0,base_compiledir=/tmp/theano,exception_verbosity=high,openmp=False
/scratch/work/groszt1/envs/theanoLM/lib/python3.7/site-packages/theano/gpuarray/dnn.py:184: UserWarning: Your cuDNN version is more recent than Theano. If you encounter problems, try updating Theano or downgrading cuDNN to a version >= v5 and <= v7.
  warnings.warn("Your cuDNN version is more recent than "
Using cuDNN version 7600 on context None
Mapped name None to device cuda0: Tesla V100-PCIE-32GB (0000:18:00.0)
TheanoLM 1.3.2
Theano 1.0.4
pygpu 0.7.6
==
+ srun --gres=gpu:1 theanolm decode /scratch/work/moisioa3/conv_lm/experiments/theanolm-morph-42k/expt2-sampled/nnlm.h5 --lattice-list /tmp/55131973/lattices/lattice-list --output-file /scratch/work/moisioa3/conv_lm/experiments/theanolm-morph-42k/expt2-sampled/decode/devel/lambda=1.0-lms=10/113.trn --output trn --nnlm-weight 1.0 --lm-scale 10 --max-tokens-per-node 62 --beam 650 --recombination-order 22 --num-jobs 128 --job 113 --unk-penalty=-20
2020-08-20 16:00:25,465 get_default_device: Context None device="Tesla V100-PCIE-32GB" ID="0000:18:00.0"
2020-08-20 16:00:25,466 from_file: Reading vocabulary from network state.
2020-08-20 16:00:25,691 from_file: Number of words in vocabulary: 42699
2020-08-20 16:00:25,691 from_file: Number of words in shortlist: 42699
2020-08-20 16:00:25,691 from_file: Number of word classes: 42699
2020-08-20 16:00:25,691 from_file: Building neural network.
2020-08-20 16:00:54,174 from_file: Restoring neural network state.
2020-08-20 16:00:54,527 decode: Building word lattice decoder.
2020-08-20 16:00:58,634 __iter__: Reading lattice file `/tmp/55131973/lattices/dspm006_dsp2013_16.lat.gz´.
2020-08-20 16:00:58,712 decode: Utterance `dspm006_dsp2013_16´ -- 1 of job 113
2020-08-20 16:01:00,922 __iter__: Reading lattice file `/tmp/55131973/lattices/dspm017_dsp2013_22.lat.gz´.
2020-08-20 16:01:02,158 decode: Utterance `dspm017_dsp2013_22´ -- 2 of job 113
2020-08-20 16:01:38,129 __iter__: Reading lattice file `/tmp/55131973/lattices/dspm024_dsp2013_13.lat.gz´.
2020-08-20 16:01:38,705 decode: Utterance `dspm024_dsp2013_13´ -- 3 of job 113
2020-08-20 16:01:54,417 __iter__: Reading lattice file `/tmp/55131973/lattices/dspm033_dsp2013_30.lat.gz´.
2020-08-20 16:01:55,167 decode: Utterance `dspm033_dsp2013_30´ -- 4 of job 113
2020-08-20 16:02:16,454 __iter__: Reading lattice file `/tmp/55131973/lattices/dspm043_dsp2013_21.lat.gz´.
2020-08-20 16:02:16,666 decode: Utterance `dspm043_dsp2013_21´ -- 5 of job 113
2020-08-20 16:02:21,942 __iter__: Reading lattice file `/tmp/55131973/lattices/dspm052_dsp2013_15.lat.gz´.
2020-08-20 16:02:22,103 decode: Utterance `dspm052_dsp2013_15´ -- 6 of job 113
2020-08-20 16:02:26,639 __iter__: Reading lattice file `/tmp/55131973/lattices/radiojake_kbk20120915_1.lat.gz´.
2020-08-20 16:02:28,362 decode: Utterance `radiojake_kbk20120915_1´ -- 7 of job 113
/scratch/work/groszt1/envs/theanoLM/lib/python3.7/site-packages/theano/gpuarray/dnn.py:184: UserWarning: Your cuDNN version is more recent than Theano. If you encounter problems, try updating Theano or downgrading cuDNN to a version >= v5 and <= v7.
  warnings.warn("Your cuDNN version is more recent than "
Using cuDNN version 7600 on context None
Mapped name None to device cuda0: Tesla V100-PCIE-32GB (0000:18:00.0)
/scratch/work/groszt1/envs/theanoLM/lib/python3.7/site-packages/h5py-2.9.0-py3.7-linux-x86_64.egg/h5py/_hl/dataset.py:313: H5pyDeprecationWarning: dataset.value has been deprecated. Use dataset[()] instead.
  "Use dataset[()] instead.", H5pyDeprecationWarning)
/scratch/work/groszt1/envs/theanoLM/lib/python3.7/site-packages/h5py-2.9.0-py3.7-linux-x86_64.egg/h5py/_hl/dataset.py:313: H5pyDeprecationWarning: dataset.value has been deprecated. Use dataset[()] instead.
  "Use dataset[()] instead.", H5pyDeprecationWarning)
decode_theanolm finished.
decode devel finished.
