Experiment: theanolm-morph-42k/expt2-sampled
Job ID: 55103825
Task ID: 120
Host: gpu5.int.triton.aalto.fi
Start date: Mon Aug 17 17:33:27 EEST 2020
Work directory: /scratch/work/moisioa3/conv_lm/experiments/theanolm-morph-42k/expt2-sampled
Temporary directory: /tmp/55103825

Currently Loaded Modules:
  1) speech-scripts/2016.05.24-b928230   6) binutils/2.25-GCCcore-5.4.0
  2) srilm/default                       7) GCC/5.4.0-2.25
  3) cuda/10.0.130                       8) libgpuarray/2017.03.29-45c731f
  4) cudnn/7.4.2-cuda                    9) anaconda3/latest
  5) GCCcore/5.4.0

 

/tmp/55103825/lattices
floatX=float32,device=cuda0,base_compiledir=/tmp/theano,exception_verbosity=high,openmp=False
/scratch/work/groszt1/envs/theanoLM/lib/python3.7/site-packages/theano/gpuarray/dnn.py:184: UserWarning: Your cuDNN version is more recent than Theano. If you encounter problems, try updating Theano or downgrading cuDNN to a version >= v5 and <= v7.
  warnings.warn("Your cuDNN version is more recent than "
Using cuDNN version 7600 on context None
Mapped name None to device cuda0: Tesla V100-PCIE-32GB (0000:86:00.0)
TheanoLM 1.3.2
Theano 1.0.4
pygpu 0.7.6
==
+ srun --gres=gpu:1 theanolm decode /scratch/work/moisioa3/conv_lm/experiments/theanolm-morph-42k/expt2-sampled/nnlm.h5 --lattice-list /tmp/55103825/lattices/lattice-list --output-file /scratch/work/moisioa3/conv_lm/experiments/theanolm-morph-42k/expt2-sampled/decode/eval/lambda=0.5-lms=10/120.trn --output trn --nnlm-weight 0.5 --lm-scale 10 --max-tokens-per-node 62 --beam 650 --recombination-order 22 --num-jobs 128 --job 120 --unk-penalty=-20
2020-08-17 17:33:37,033 get_default_device: Context None device="Tesla V100-PCIE-32GB" ID="0000:86:00.0"
2020-08-17 17:33:37,034 from_file: Reading vocabulary from network state.
2020-08-17 17:33:37,256 from_file: Number of words in vocabulary: 42699
2020-08-17 17:33:37,256 from_file: Number of words in shortlist: 42699
2020-08-17 17:33:37,256 from_file: Number of word classes: 42699
2020-08-17 17:33:37,256 from_file: Building neural network.
2020-08-17 17:34:07,926 from_file: Restoring neural network state.
2020-08-17 17:34:08,283 decode: Building word lattice decoder.
2020-08-17 17:34:12,278 __iter__: Reading lattice file `/tmp/55103825/lattices/dspm030_dsp2013_1703.lat.gz´.
2020-08-17 17:34:12,320 decode: Utterance `dspm030_dsp2013_1703´ -- 1 of job 120
2020-08-17 17:34:13,512 __iter__: Reading lattice file `/tmp/55103825/lattices/radioerkka_puhujainkulma20120930_113.lat.gz´.
2020-08-17 17:34:13,524 decode: Utterance `radioerkka_puhujainkulma20120930_113´ -- 2 of job 120
2020-08-17 17:34:13,773 __iter__: Reading lattice file `/tmp/55103825/lattices/radiokatupaimen_aamushow20120720_70.lat.gz´.
2020-08-17 17:34:13,819 decode: Utterance `radiokatupaimen_aamushow20120720_70´ -- 3 of job 120
2020-08-17 17:34:16,341 __iter__: Reading lattice file `/tmp/55103825/lattices/radioruudolf_aamushow20120720_112.lat.gz´.
2020-08-17 17:34:16,358 decode: Utterance `radioruudolf_aamushow20120720_112´ -- 4 of job 120
/scratch/work/groszt1/envs/theanoLM/lib/python3.7/site-packages/theano/gpuarray/dnn.py:184: UserWarning: Your cuDNN version is more recent than Theano. If you encounter problems, try updating Theano or downgrading cuDNN to a version >= v5 and <= v7.
  warnings.warn("Your cuDNN version is more recent than "
Using cuDNN version 7600 on context None
Mapped name None to device cuda0: Tesla V100-PCIE-32GB (0000:86:00.0)
/scratch/work/groszt1/envs/theanoLM/lib/python3.7/site-packages/h5py-2.9.0-py3.7-linux-x86_64.egg/h5py/_hl/dataset.py:313: H5pyDeprecationWarning: dataset.value has been deprecated. Use dataset[()] instead.
  "Use dataset[()] instead.", H5pyDeprecationWarning)
/scratch/work/groszt1/envs/theanoLM/lib/python3.7/site-packages/h5py-2.9.0-py3.7-linux-x86_64.egg/h5py/_hl/dataset.py:313: H5pyDeprecationWarning: dataset.value has been deprecated. Use dataset[()] instead.
  "Use dataset[()] instead.", H5pyDeprecationWarning)
decode_theanolm finished.
/tmp/55103825/lattices
floatX=float32,device=cuda0,base_compiledir=/tmp/theano,exception_verbosity=high,openmp=False
/scratch/work/groszt1/envs/theanoLM/lib/python3.7/site-packages/theano/gpuarray/dnn.py:184: UserWarning: Your cuDNN version is more recent than Theano. If you encounter problems, try updating Theano or downgrading cuDNN to a version >= v5 and <= v7.
  warnings.warn("Your cuDNN version is more recent than "
Using cuDNN version 7600 on context None
Mapped name None to device cuda0: Tesla V100-PCIE-32GB (0000:86:00.0)
TheanoLM 1.3.2
Theano 1.0.4
pygpu 0.7.6
==
+ srun --gres=gpu:1 theanolm decode /scratch/work/moisioa3/conv_lm/experiments/theanolm-morph-42k/expt2-sampled/nnlm.h5 --lattice-list /tmp/55103825/lattices/lattice-list --output-file /scratch/work/moisioa3/conv_lm/experiments/theanolm-morph-42k/expt2-sampled/decode/eval/lambda=1.0-lms=10/120.trn --output trn --nnlm-weight 1.0 --lm-scale 10 --max-tokens-per-node 62 --beam 650 --recombination-order 22 --num-jobs 128 --job 120 --unk-penalty=-20
2020-08-17 17:34:22,926 get_default_device: Context None device="Tesla V100-PCIE-32GB" ID="0000:86:00.0"
2020-08-17 17:34:22,927 from_file: Reading vocabulary from network state.
2020-08-17 17:34:23,131 from_file: Number of words in vocabulary: 42699
2020-08-17 17:34:23,131 from_file: Number of words in shortlist: 42699
2020-08-17 17:34:23,131 from_file: Number of word classes: 42699
2020-08-17 17:34:23,131 from_file: Building neural network.
2020-08-17 17:34:51,256 from_file: Restoring neural network state.
2020-08-17 17:34:51,611 decode: Building word lattice decoder.
2020-08-17 17:34:55,497 __iter__: Reading lattice file `/tmp/55103825/lattices/dspm030_dsp2013_1703.lat.gz´.
2020-08-17 17:34:55,540 decode: Utterance `dspm030_dsp2013_1703´ -- 1 of job 120
2020-08-17 17:34:56,710 __iter__: Reading lattice file `/tmp/55103825/lattices/radioerkka_puhujainkulma20120930_113.lat.gz´.
2020-08-17 17:34:56,722 decode: Utterance `radioerkka_puhujainkulma20120930_113´ -- 2 of job 120
2020-08-17 17:34:56,959 __iter__: Reading lattice file `/tmp/55103825/lattices/radiokatupaimen_aamushow20120720_70.lat.gz´.
2020-08-17 17:34:57,005 decode: Utterance `radiokatupaimen_aamushow20120720_70´ -- 3 of job 120
2020-08-17 17:34:58,483 __iter__: Reading lattice file `/tmp/55103825/lattices/radioruudolf_aamushow20120720_112.lat.gz´.
2020-08-17 17:34:58,501 decode: Utterance `radioruudolf_aamushow20120720_112´ -- 4 of job 120
/scratch/work/groszt1/envs/theanoLM/lib/python3.7/site-packages/theano/gpuarray/dnn.py:184: UserWarning: Your cuDNN version is more recent than Theano. If you encounter problems, try updating Theano or downgrading cuDNN to a version >= v5 and <= v7.
  warnings.warn("Your cuDNN version is more recent than "
Using cuDNN version 7600 on context None
Mapped name None to device cuda0: Tesla V100-PCIE-32GB (0000:86:00.0)
/scratch/work/groszt1/envs/theanoLM/lib/python3.7/site-packages/h5py-2.9.0-py3.7-linux-x86_64.egg/h5py/_hl/dataset.py:313: H5pyDeprecationWarning: dataset.value has been deprecated. Use dataset[()] instead.
  "Use dataset[()] instead.", H5pyDeprecationWarning)
/scratch/work/groszt1/envs/theanoLM/lib/python3.7/site-packages/h5py-2.9.0-py3.7-linux-x86_64.egg/h5py/_hl/dataset.py:313: H5pyDeprecationWarning: dataset.value has been deprecated. Use dataset[()] instead.
  "Use dataset[()] instead.", H5pyDeprecationWarning)
decode_theanolm finished.
decode eval finished.
