Experiment: theanolm-morph-42k/expt2-sampled
Job ID: 55104043
Task ID: 79
Host: gpu27.int.triton.aalto.fi
Start date: Mon Aug 17 17:49:17 EEST 2020
Work directory: /scratch/work/moisioa3/conv_lm/experiments/theanolm-morph-42k/expt2-sampled
Temporary directory: /tmp/55104043

Currently Loaded Modules:
  1) speech-scripts/2016.05.24-b928230   6) binutils/2.25-GCCcore-5.4.0
  2) srilm/default                       7) GCC/5.4.0-2.25
  3) cuda/10.0.130                       8) libgpuarray/2017.03.29-45c731f
  4) cudnn/7.4.2-cuda                    9) anaconda3/latest
  5) GCCcore/5.4.0

 

/tmp/55104043/lattices
floatX=float32,device=cuda0,base_compiledir=/tmp/theano,exception_verbosity=high,openmp=False
/scratch/work/groszt1/envs/theanoLM/lib/python3.7/site-packages/theano/gpuarray/dnn.py:184: UserWarning: Your cuDNN version is more recent than Theano. If you encounter problems, try updating Theano or downgrading cuDNN to a version >= v5 and <= v7.
  warnings.warn("Your cuDNN version is more recent than "
Using cuDNN version 7600 on context None
Mapped name None to device cuda0: Tesla P100-PCIE-16GB (0000:04:00.0)
TheanoLM 1.3.2
Theano 1.0.4
pygpu 0.7.6
==
+ srun --gres=gpu:1 theanolm decode /scratch/work/moisioa3/conv_lm/experiments/theanolm-morph-42k/expt2-sampled/nnlm.h5 --lattice-list /tmp/55104043/lattices/lattice-list --output-file /scratch/work/moisioa3/conv_lm/experiments/theanolm-morph-42k/expt2-sampled/decode/eval/lambda=0.5-lms=10/79.trn --output trn --nnlm-weight 0.5 --lm-scale 10 --max-tokens-per-node 62 --beam 650 --recombination-order 22 --num-jobs 128 --job 79 --unk-penalty=-20
2020-08-17 17:49:28,518 get_default_device: Context None device="Tesla P100-PCIE-16GB" ID="0000:04:00.0"
2020-08-17 17:49:28,519 from_file: Reading vocabulary from network state.
2020-08-17 17:49:28,787 from_file: Number of words in vocabulary: 42699
2020-08-17 17:49:28,787 from_file: Number of words in shortlist: 42699
2020-08-17 17:49:28,788 from_file: Number of word classes: 42699
2020-08-17 17:49:28,788 from_file: Building neural network.
2020-08-17 17:50:14,052 from_file: Restoring neural network state.
2020-08-17 17:50:14,403 decode: Building word lattice decoder.
2020-08-17 17:50:19,434 __iter__: Reading lattice file `/tmp/55104043/lattices/dspm009_dsp2013_20.lat.gz´.
2020-08-17 17:50:19,536 decode: Utterance `dspm009_dsp2013_20´ -- 1 of job 79
2020-08-17 17:50:21,917 __iter__: Reading lattice file `/tmp/55104043/lattices/dspm053_dsp2013_05.lat.gz´.
2020-08-17 17:50:22,706 decode: Utterance `dspm053_dsp2013_05´ -- 2 of job 79
2020-08-17 17:50:43,815 __iter__: Reading lattice file `/tmp/55104043/lattices/radiokatupaimen_aamushow20120720_12.lat.gz´.
2020-08-17 17:50:43,850 decode: Utterance `radiokatupaimen_aamushow20120720_12´ -- 3 of job 79
2020-08-17 17:50:44,281 __iter__: Reading lattice file `/tmp/55104043/lattices/radioruudolf_aamushow20100713_41.lat.gz´.
2020-08-17 17:50:44,290 decode: Utterance `radioruudolf_aamushow20100713_41´ -- 4 of job 79
/scratch/work/groszt1/envs/theanoLM/lib/python3.7/site-packages/theano/gpuarray/dnn.py:184: UserWarning: Your cuDNN version is more recent than Theano. If you encounter problems, try updating Theano or downgrading cuDNN to a version >= v5 and <= v7.
  warnings.warn("Your cuDNN version is more recent than "
Using cuDNN version 7600 on context None
Mapped name None to device cuda0: Tesla P100-PCIE-16GB (0000:04:00.0)
/scratch/work/groszt1/envs/theanoLM/lib/python3.7/site-packages/h5py-2.9.0-py3.7-linux-x86_64.egg/h5py/_hl/dataset.py:313: H5pyDeprecationWarning: dataset.value has been deprecated. Use dataset[()] instead.
  "Use dataset[()] instead.", H5pyDeprecationWarning)
/scratch/work/groszt1/envs/theanoLM/lib/python3.7/site-packages/h5py-2.9.0-py3.7-linux-x86_64.egg/h5py/_hl/dataset.py:313: H5pyDeprecationWarning: dataset.value has been deprecated. Use dataset[()] instead.
  "Use dataset[()] instead.", H5pyDeprecationWarning)
decode_theanolm finished.
/tmp/55104043/lattices
floatX=float32,device=cuda0,base_compiledir=/tmp/theano,exception_verbosity=high,openmp=False
/scratch/work/groszt1/envs/theanoLM/lib/python3.7/site-packages/theano/gpuarray/dnn.py:184: UserWarning: Your cuDNN version is more recent than Theano. If you encounter problems, try updating Theano or downgrading cuDNN to a version >= v5 and <= v7.
  warnings.warn("Your cuDNN version is more recent than "
Using cuDNN version 7600 on context None
Mapped name None to device cuda0: Tesla P100-PCIE-16GB (0000:04:00.0)
TheanoLM 1.3.2
Theano 1.0.4
pygpu 0.7.6
==
+ srun --gres=gpu:1 theanolm decode /scratch/work/moisioa3/conv_lm/experiments/theanolm-morph-42k/expt2-sampled/nnlm.h5 --lattice-list /tmp/55104043/lattices/lattice-list --output-file /scratch/work/moisioa3/conv_lm/experiments/theanolm-morph-42k/expt2-sampled/decode/eval/lambda=1.0-lms=10/79.trn --output trn --nnlm-weight 1.0 --lm-scale 10 --max-tokens-per-node 62 --beam 650 --recombination-order 22 --num-jobs 128 --job 79 --unk-penalty=-20
2020-08-17 17:50:51,814 get_default_device: Context None device="Tesla P100-PCIE-16GB" ID="0000:04:00.0"
2020-08-17 17:50:51,815 from_file: Reading vocabulary from network state.
2020-08-17 17:50:52,107 from_file: Number of words in vocabulary: 42699
2020-08-17 17:50:52,107 from_file: Number of words in shortlist: 42699
2020-08-17 17:50:52,107 from_file: Number of word classes: 42699
2020-08-17 17:50:52,107 from_file: Building neural network.
2020-08-17 17:51:39,710 from_file: Restoring neural network state.
2020-08-17 17:51:40,034 decode: Building word lattice decoder.
2020-08-17 17:51:45,213 __iter__: Reading lattice file `/tmp/55104043/lattices/dspm009_dsp2013_20.lat.gz´.
2020-08-17 17:51:45,307 decode: Utterance `dspm009_dsp2013_20´ -- 1 of job 79
2020-08-17 17:51:47,508 __iter__: Reading lattice file `/tmp/55104043/lattices/dspm053_dsp2013_05.lat.gz´.
2020-08-17 17:51:48,252 decode: Utterance `dspm053_dsp2013_05´ -- 2 of job 79
2020-08-17 17:52:06,612 __iter__: Reading lattice file `/tmp/55104043/lattices/radiokatupaimen_aamushow20120720_12.lat.gz´.
2020-08-17 17:52:06,643 decode: Utterance `radiokatupaimen_aamushow20120720_12´ -- 3 of job 79
2020-08-17 17:52:07,065 __iter__: Reading lattice file `/tmp/55104043/lattices/radioruudolf_aamushow20100713_41.lat.gz´.
2020-08-17 17:52:07,074 decode: Utterance `radioruudolf_aamushow20100713_41´ -- 4 of job 79
/scratch/work/groszt1/envs/theanoLM/lib/python3.7/site-packages/theano/gpuarray/dnn.py:184: UserWarning: Your cuDNN version is more recent than Theano. If you encounter problems, try updating Theano or downgrading cuDNN to a version >= v5 and <= v7.
  warnings.warn("Your cuDNN version is more recent than "
Using cuDNN version 7600 on context None
Mapped name None to device cuda0: Tesla P100-PCIE-16GB (0000:04:00.0)
/scratch/work/groszt1/envs/theanoLM/lib/python3.7/site-packages/h5py-2.9.0-py3.7-linux-x86_64.egg/h5py/_hl/dataset.py:313: H5pyDeprecationWarning: dataset.value has been deprecated. Use dataset[()] instead.
  "Use dataset[()] instead.", H5pyDeprecationWarning)
/scratch/work/groszt1/envs/theanoLM/lib/python3.7/site-packages/h5py-2.9.0-py3.7-linux-x86_64.egg/h5py/_hl/dataset.py:313: H5pyDeprecationWarning: dataset.value has been deprecated. Use dataset[()] instead.
  "Use dataset[()] instead.", H5pyDeprecationWarning)
decode_theanolm finished.
decode eval finished.
