Experiment: theanolm-morph-42k/expt2-sampled
Job ID: 55103532
Task ID: 5
Host: gpu32.int.triton.aalto.fi
Start date: Mon Aug 17 17:24:44 EEST 2020
Work directory: /scratch/work/moisioa3/conv_lm/experiments/theanolm-morph-42k/expt2-sampled
Temporary directory: /tmp/55103532

Currently Loaded Modules:
  1) speech-scripts/2016.05.24-b928230   6) binutils/2.25-GCCcore-5.4.0
  2) srilm/default                       7) GCC/5.4.0-2.25
  3) cuda/10.0.130                       8) libgpuarray/2017.03.29-45c731f
  4) cudnn/7.4.2-cuda                    9) anaconda3/latest
  5) GCCcore/5.4.0

 

/tmp/55103532/lattices
floatX=float32,device=cuda0,base_compiledir=/tmp/theano,exception_verbosity=high,openmp=False
/scratch/work/groszt1/envs/theanoLM/lib/python3.7/site-packages/theano/gpuarray/dnn.py:184: UserWarning: Your cuDNN version is more recent than Theano. If you encounter problems, try updating Theano or downgrading cuDNN to a version >= v5 and <= v7.
  warnings.warn("Your cuDNN version is more recent than "
Using cuDNN version 7600 on context None
Mapped name None to device cuda0: Tesla V100-PCIE-32GB (0000:3B:00.0)
TheanoLM 1.3.2
Theano 1.0.4
pygpu 0.7.6
==
+ srun --gres=gpu:1 theanolm decode /scratch/work/moisioa3/conv_lm/experiments/theanolm-morph-42k/expt2-sampled/nnlm.h5 --lattice-list /tmp/55103532/lattices/lattice-list --output-file /scratch/work/moisioa3/conv_lm/experiments/theanolm-morph-42k/expt2-sampled/decode/eval/lambda=0.5-lms=10/5.trn --output trn --nnlm-weight 0.5 --lm-scale 10 --max-tokens-per-node 62 --beam 650 --recombination-order 22 --num-jobs 128 --job 5 --unk-penalty=-20
2020-08-17 17:25:35,223 get_default_device: Context None device="Tesla V100-PCIE-32GB" ID="0000:3B:00.0"
2020-08-17 17:25:35,224 from_file: Reading vocabulary from network state.
2020-08-17 17:25:35,447 from_file: Number of words in vocabulary: 42699
2020-08-17 17:25:35,447 from_file: Number of words in shortlist: 42699
2020-08-17 17:25:35,447 from_file: Number of word classes: 42699
2020-08-17 17:25:35,447 from_file: Building neural network.
/scratch/work/groszt1/envs/theanoLM/lib/python3.7/site-packages/theano/gpuarray/dnn.py:184: UserWarning: Your cuDNN version is more recent than Theano. If you encounter problems, try updating Theano or downgrading cuDNN to a version >= v5 and <= v7.
  warnings.warn("Your cuDNN version is more recent than "
Using cuDNN version 7600 on context None
Mapped name None to device cuda0: Tesla V100-PCIE-32GB (0000:3B:00.0)
/scratch/work/groszt1/envs/theanoLM/lib/python3.7/site-packages/h5py-2.9.0-py3.7-linux-x86_64.egg/h5py/_hl/dataset.py:313: H5pyDeprecationWarning: dataset.value has been deprecated. Use dataset[()] instead.
  "Use dataset[()] instead.", H5pyDeprecationWarning)
INFO (theano.gof.compilelock): Waiting for existing lock by process '102210' (I am process '102170')
2020-08-17 17:26:13,794 lock: Waiting for existing lock by process '102210' (I am process '102170')
INFO (theano.gof.compilelock): To manually release the lock, delete /tmp/theano/compiledir_Linux-3.10-el7.x86_64-x86_64-with-centos-7.8.2003-Core-x86_64-3.7.3-64/lock_dir
2020-08-17 17:26:13,794 lock: To manually release the lock, delete /tmp/theano/compiledir_Linux-3.10-el7.x86_64-x86_64-with-centos-7.8.2003-Core-x86_64-3.7.3-64/lock_dir
INFO (theano.gof.compilelock): Waiting for existing lock by process '102210' (I am process '102170')
2020-08-17 17:26:20,684 lock: Waiting for existing lock by process '102210' (I am process '102170')
INFO (theano.gof.compilelock): To manually release the lock, delete /tmp/theano/compiledir_Linux-3.10-el7.x86_64-x86_64-with-centos-7.8.2003-Core-x86_64-3.7.3-64/lock_dir
2020-08-17 17:26:20,684 lock: To manually release the lock, delete /tmp/theano/compiledir_Linux-3.10-el7.x86_64-x86_64-with-centos-7.8.2003-Core-x86_64-3.7.3-64/lock_dir
INFO (theano.gof.compilelock): Waiting for existing lock by process '102058' (I am process '102170')
2020-08-17 17:26:28,396 lock: Waiting for existing lock by process '102058' (I am process '102170')
INFO (theano.gof.compilelock): To manually release the lock, delete /tmp/theano/compiledir_Linux-3.10-el7.x86_64-x86_64-with-centos-7.8.2003-Core-x86_64-3.7.3-64/lock_dir
2020-08-17 17:26:28,396 lock: To manually release the lock, delete /tmp/theano/compiledir_Linux-3.10-el7.x86_64-x86_64-with-centos-7.8.2003-Core-x86_64-3.7.3-64/lock_dir
2020-08-17 17:26:38,317 from_file: Restoring neural network state.
2020-08-17 17:26:38,679 decode: Building word lattice decoder.
2020-08-17 17:26:42,693 __iter__: Reading lattice file `/tmp/55103532/lattices/dspf001_dsp2013_06.lat.gz´.
2020-08-17 17:26:42,713 decode: Utterance `dspf001_dsp2013_06´ -- 1 of job 5
2020-08-17 17:26:43,330 __iter__: Reading lattice file `/tmp/55103532/lattices/dspm030_dsp2013_1725.lat.gz´.
2020-08-17 17:26:43,741 decode: Utterance `dspm030_dsp2013_1725´ -- 2 of job 5
2020-08-17 17:26:55,750 __iter__: Reading lattice file `/tmp/55103532/lattices/radioerkka_puhujainkulma20120930_69.lat.gz´.
2020-08-17 17:26:56,081 decode: Utterance `radioerkka_puhujainkulma20120930_69´ -- 3 of job 5
2020-08-17 17:27:04,329 __iter__: Reading lattice file `/tmp/55103532/lattices/radiokatupaimen_aamushow20120720_8.lat.gz´.
2020-08-17 17:27:04,395 decode: Utterance `radiokatupaimen_aamushow20120720_8´ -- 4 of job 5
2020-08-17 17:27:05,974 __iter__: Reading lattice file `/tmp/55103532/lattices/radioruudolf_aamushow20120720_30.lat.gz´.
2020-08-17 17:27:08,813 decode: Utterance `radioruudolf_aamushow20120720_30´ -- 5 of job 5
/scratch/work/groszt1/envs/theanoLM/lib/python3.7/site-packages/h5py-2.9.0-py3.7-linux-x86_64.egg/h5py/_hl/dataset.py:313: H5pyDeprecationWarning: dataset.value has been deprecated. Use dataset[()] instead.
  "Use dataset[()] instead.", H5pyDeprecationWarning)
decode_theanolm finished.
/tmp/55103532/lattices
floatX=float32,device=cuda0,base_compiledir=/tmp/theano,exception_verbosity=high,openmp=False
/scratch/work/groszt1/envs/theanoLM/lib/python3.7/site-packages/theano/gpuarray/dnn.py:184: UserWarning: Your cuDNN version is more recent than Theano. If you encounter problems, try updating Theano or downgrading cuDNN to a version >= v5 and <= v7.
  warnings.warn("Your cuDNN version is more recent than "
Using cuDNN version 7600 on context None
Mapped name None to device cuda0: Tesla V100-PCIE-32GB (0000:3B:00.0)
TheanoLM 1.3.2
Theano 1.0.4
pygpu 0.7.6
==
+ srun --gres=gpu:1 theanolm decode /scratch/work/moisioa3/conv_lm/experiments/theanolm-morph-42k/expt2-sampled/nnlm.h5 --lattice-list /tmp/55103532/lattices/lattice-list --output-file /scratch/work/moisioa3/conv_lm/experiments/theanolm-morph-42k/expt2-sampled/decode/eval/lambda=1.0-lms=10/5.trn --output trn --nnlm-weight 1.0 --lm-scale 10 --max-tokens-per-node 62 --beam 650 --recombination-order 22 --num-jobs 128 --job 5 --unk-penalty=-20
2020-08-17 17:28:28,469 get_default_device: Context None device="Tesla V100-PCIE-32GB" ID="0000:3B:00.0"
2020-08-17 17:28:28,470 from_file: Reading vocabulary from network state.
2020-08-17 17:28:28,692 from_file: Number of words in vocabulary: 42699
2020-08-17 17:28:28,693 from_file: Number of words in shortlist: 42699
2020-08-17 17:28:28,693 from_file: Number of word classes: 42699
2020-08-17 17:28:28,693 from_file: Building neural network.
2020-08-17 17:28:59,867 from_file: Restoring neural network state.
2020-08-17 17:29:00,236 decode: Building word lattice decoder.
/scratch/work/groszt1/envs/theanoLM/lib/python3.7/site-packages/theano/gpuarray/dnn.py:184: UserWarning: Your cuDNN version is more recent than Theano. If you encounter problems, try updating Theano or downgrading cuDNN to a version >= v5 and <= v7.
  warnings.warn("Your cuDNN version is more recent than "
Using cuDNN version 7600 on context None
Mapped name None to device cuda0: Tesla V100-PCIE-32GB (0000:3B:00.0)
/scratch/work/groszt1/envs/theanoLM/lib/python3.7/site-packages/h5py-2.9.0-py3.7-linux-x86_64.egg/h5py/_hl/dataset.py:313: H5pyDeprecationWarning: dataset.value has been deprecated. Use dataset[()] instead.
  "Use dataset[()] instead.", H5pyDeprecationWarning)
/scratch/work/groszt1/envs/theanoLM/lib/python3.7/site-packages/h5py-2.9.0-py3.7-linux-x86_64.egg/h5py/_hl/dataset.py:313: H5pyDeprecationWarning: dataset.value has been deprecated. Use dataset[()] instead.
  "Use dataset[()] instead.", H5pyDeprecationWarning)
INFO (theano.gof.compilelock): Waiting for existing lock by process '105207' (I am process '104360')
2020-08-17 17:29:10,002 lock: Waiting for existing lock by process '105207' (I am process '104360')
INFO (theano.gof.compilelock): To manually release the lock, delete /tmp/theano/compiledir_Linux-3.10-el7.x86_64-x86_64-with-centos-7.8.2003-Core-x86_64-3.7.3-64/lock_dir
2020-08-17 17:29:10,002 lock: To manually release the lock, delete /tmp/theano/compiledir_Linux-3.10-el7.x86_64-x86_64-with-centos-7.8.2003-Core-x86_64-3.7.3-64/lock_dir
2020-08-17 17:29:24,083 __iter__: Reading lattice file `/tmp/55103532/lattices/dspf001_dsp2013_06.lat.gz´.
2020-08-17 17:29:24,103 decode: Utterance `dspf001_dsp2013_06´ -- 1 of job 5
2020-08-17 17:29:24,681 __iter__: Reading lattice file `/tmp/55103532/lattices/dspm030_dsp2013_1725.lat.gz´.
2020-08-17 17:29:25,087 decode: Utterance `dspm030_dsp2013_1725´ -- 2 of job 5
2020-08-17 17:29:35,667 __iter__: Reading lattice file `/tmp/55103532/lattices/radioerkka_puhujainkulma20120930_69.lat.gz´.
2020-08-17 17:29:35,990 decode: Utterance `radioerkka_puhujainkulma20120930_69´ -- 3 of job 5
2020-08-17 17:29:43,742 __iter__: Reading lattice file `/tmp/55103532/lattices/radiokatupaimen_aamushow20120720_8.lat.gz´.
2020-08-17 17:29:43,808 decode: Utterance `radiokatupaimen_aamushow20120720_8´ -- 4 of job 5
2020-08-17 17:29:45,363 __iter__: Reading lattice file `/tmp/55103532/lattices/radioruudolf_aamushow20120720_30.lat.gz´.
2020-08-17 17:29:48,198 decode: Utterance `radioruudolf_aamushow20120720_30´ -- 5 of job 5
decode_theanolm finished.
decode eval finished.
