Experiment: theanolm-morph-42k/expt2-sampled
Job ID: 55088463
Task ID: 59
Host: gpu3.int.triton.aalto.fi
Start date: Sat Aug 15 09:49:36 EEST 2020
Work directory: /scratch/work/moisioa3/conv_lm/experiments/theanolm-morph-42k/expt2-sampled
Temporary directory: /tmp/55088463

Currently Loaded Modules:
  1) speech-scripts/2016.05.24-b928230   6) binutils/2.25-GCCcore-5.4.0
  2) srilm/default                       7) GCC/5.4.0-2.25
  3) cuda/10.0.130                       8) libgpuarray/2017.03.29-45c731f
  4) cudnn/7.4.2-cuda                    9) anaconda3/latest
  5) GCCcore/5.4.0

 

/tmp/55088463/lattices
floatX=float32,device=cuda0,base_compiledir=/tmp/theano,exception_verbosity=high,openmp=False
/scratch/work/groszt1/envs/theanoLM/lib/python3.7/site-packages/theano/gpuarray/dnn.py:184: UserWarning: Your cuDNN version is more recent than Theano. If you encounter problems, try updating Theano or downgrading cuDNN to a version >= v5 and <= v7.
  warnings.warn("Your cuDNN version is more recent than "
Using cuDNN version 7600 on context None
Mapped name None to device cuda0: Tesla V100-PCIE-32GB (0000:AF:00.0)
TheanoLM 1.3.2
Theano 1.0.4
pygpu 0.7.6
==
+ srun --gres=gpu:1 theanolm decode /scratch/work/moisioa3/conv_lm/experiments/theanolm-morph-42k/expt2-sampled/nnlm.h5 --lattice-list /tmp/55088463/lattices/lattice-list --output-file /scratch/work/moisioa3/conv_lm/experiments/theanolm-morph-42k/expt2-sampled/decode/devel/lambda=0.5-lms=8/59.trn --output trn --nnlm-weight 0.5 --lm-scale 8 --max-tokens-per-node 62 --beam 650 --recombination-order 22 --num-jobs 128 --job 59 --unk-penalty=-20
2020-08-15 09:49:46,579 get_default_device: Context None device="Tesla V100-PCIE-32GB" ID="0000:AF:00.0"
2020-08-15 09:49:46,580 from_file: Reading vocabulary from network state.
2020-08-15 09:49:46,794 from_file: Number of words in vocabulary: 42699
2020-08-15 09:49:46,794 from_file: Number of words in shortlist: 42699
2020-08-15 09:49:46,794 from_file: Number of word classes: 42699
2020-08-15 09:49:46,794 from_file: Building neural network.
2020-08-15 09:50:15,684 from_file: Restoring neural network state.
2020-08-15 09:50:16,042 decode: Building word lattice decoder.
2020-08-15 09:50:20,004 __iter__: Reading lattice file `/tmp/55088463/lattices/dspm001_dsp2013_20.lat.gz´.
2020-08-15 09:50:20,821 decode: Utterance `dspm001_dsp2013_20´ -- 1 of job 59
2020-08-15 09:50:50,723 __iter__: Reading lattice file `/tmp/55088463/lattices/dspm011_dsp2013_20.lat.gz´.
2020-08-15 09:50:50,740 decode: Utterance `dspm011_dsp2013_20´ -- 2 of job 59
2020-08-15 09:50:51,159 __iter__: Reading lattice file `/tmp/55088463/lattices/dspm021_dsp2013_17.lat.gz´.
2020-08-15 09:50:51,236 decode: Utterance `dspm021_dsp2013_17´ -- 3 of job 59
2020-08-15 09:50:54,277 __iter__: Reading lattice file `/tmp/55088463/lattices/dspm031_dsp2013_06.lat.gz´.
2020-08-15 09:50:54,394 decode: Utterance `dspm031_dsp2013_06´ -- 4 of job 59
2020-08-15 09:50:56,667 __iter__: Reading lattice file `/tmp/55088463/lattices/dspm040_dsp2013_01.lat.gz´.
2020-08-15 09:50:57,492 decode: Utterance `dspm040_dsp2013_01´ -- 5 of job 59
2020-08-15 09:51:24,109 __iter__: Reading lattice file `/tmp/55088463/lattices/dspm049_dsp2013_03.lat.gz´.
2020-08-15 09:51:24,890 decode: Utterance `dspm049_dsp2013_03´ -- 6 of job 59
2020-08-15 09:51:49,341 __iter__: Reading lattice file `/tmp/55088463/lattices/dspm057_dsp2013_08.lat.gz´.
2020-08-15 09:51:55,463 decode: Utterance `dspm057_dsp2013_08´ -- 7 of job 59
2020-08-15 09:56:31,177 __iter__: Reading lattice file `/tmp/55088463/lattices/radioshaka_kbk20120915_15.lat.gz´.
2020-08-15 09:56:32,114 decode: Utterance `radioshaka_kbk20120915_15´ -- 8 of job 59
/scratch/work/groszt1/envs/theanoLM/lib/python3.7/site-packages/theano/gpuarray/dnn.py:184: UserWarning: Your cuDNN version is more recent than Theano. If you encounter problems, try updating Theano or downgrading cuDNN to a version >= v5 and <= v7.
  warnings.warn("Your cuDNN version is more recent than "
Using cuDNN version 7600 on context None
Mapped name None to device cuda0: Tesla V100-PCIE-32GB (0000:AF:00.0)
/scratch/work/groszt1/envs/theanoLM/lib/python3.7/site-packages/h5py-2.9.0-py3.7-linux-x86_64.egg/h5py/_hl/dataset.py:313: H5pyDeprecationWarning: dataset.value has been deprecated. Use dataset[()] instead.
  "Use dataset[()] instead.", H5pyDeprecationWarning)
/scratch/work/groszt1/envs/theanoLM/lib/python3.7/site-packages/h5py-2.9.0-py3.7-linux-x86_64.egg/h5py/_hl/dataset.py:313: H5pyDeprecationWarning: dataset.value has been deprecated. Use dataset[()] instead.
  "Use dataset[()] instead.", H5pyDeprecationWarning)
decode_theanolm finished.
/tmp/55088463/lattices
floatX=float32,device=cuda0,base_compiledir=/tmp/theano,exception_verbosity=high,openmp=False
/scratch/work/groszt1/envs/theanoLM/lib/python3.7/site-packages/theano/gpuarray/dnn.py:184: UserWarning: Your cuDNN version is more recent than Theano. If you encounter problems, try updating Theano or downgrading cuDNN to a version >= v5 and <= v7.
  warnings.warn("Your cuDNN version is more recent than "
Using cuDNN version 7600 on context None
Mapped name None to device cuda0: Tesla V100-PCIE-32GB (0000:AF:00.0)
TheanoLM 1.3.2
Theano 1.0.4
pygpu 0.7.6
==
+ srun --gres=gpu:1 theanolm decode /scratch/work/moisioa3/conv_lm/experiments/theanolm-morph-42k/expt2-sampled/nnlm.h5 --lattice-list /tmp/55088463/lattices/lattice-list --output-file /scratch/work/moisioa3/conv_lm/experiments/theanolm-morph-42k/expt2-sampled/decode/devel/lambda=0.5-lms=9/59.trn --output trn --nnlm-weight 0.5 --lm-scale 9 --max-tokens-per-node 62 --beam 650 --recombination-order 22 --num-jobs 128 --job 59 --unk-penalty=-20
2020-08-15 09:57:24,799 get_default_device: Context None device="Tesla V100-PCIE-32GB" ID="0000:AF:00.0"
2020-08-15 09:57:24,800 from_file: Reading vocabulary from network state.
2020-08-15 09:57:25,009 from_file: Number of words in vocabulary: 42699
2020-08-15 09:57:25,010 from_file: Number of words in shortlist: 42699
2020-08-15 09:57:25,010 from_file: Number of word classes: 42699
2020-08-15 09:57:25,010 from_file: Building neural network.
2020-08-15 09:57:53,644 from_file: Restoring neural network state.
2020-08-15 09:57:54,004 decode: Building word lattice decoder.
2020-08-15 09:57:58,050 __iter__: Reading lattice file `/tmp/55088463/lattices/dspm001_dsp2013_20.lat.gz´.
2020-08-15 09:57:58,906 decode: Utterance `dspm001_dsp2013_20´ -- 1 of job 59
2020-08-15 09:58:29,278 __iter__: Reading lattice file `/tmp/55088463/lattices/dspm011_dsp2013_20.lat.gz´.
2020-08-15 09:58:29,295 decode: Utterance `dspm011_dsp2013_20´ -- 2 of job 59
2020-08-15 09:58:29,718 __iter__: Reading lattice file `/tmp/55088463/lattices/dspm021_dsp2013_17.lat.gz´.
2020-08-15 09:58:29,798 decode: Utterance `dspm021_dsp2013_17´ -- 3 of job 59
2020-08-15 09:58:32,905 __iter__: Reading lattice file `/tmp/55088463/lattices/dspm031_dsp2013_06.lat.gz´.
2020-08-15 09:58:33,025 decode: Utterance `dspm031_dsp2013_06´ -- 4 of job 59
2020-08-15 09:58:35,295 __iter__: Reading lattice file `/tmp/55088463/lattices/dspm040_dsp2013_01.lat.gz´.
2020-08-15 09:58:36,146 decode: Utterance `dspm040_dsp2013_01´ -- 5 of job 59
2020-08-15 09:59:03,028 __iter__: Reading lattice file `/tmp/55088463/lattices/dspm049_dsp2013_03.lat.gz´.
2020-08-15 09:59:03,832 decode: Utterance `dspm049_dsp2013_03´ -- 6 of job 59
2020-08-15 09:59:28,835 __iter__: Reading lattice file `/tmp/55088463/lattices/dspm057_dsp2013_08.lat.gz´.
2020-08-15 09:59:35,139 decode: Utterance `dspm057_dsp2013_08´ -- 7 of job 59
2020-08-15 10:04:15,274 __iter__: Reading lattice file `/tmp/55088463/lattices/radioshaka_kbk20120915_15.lat.gz´.
2020-08-15 10:04:16,241 decode: Utterance `radioshaka_kbk20120915_15´ -- 8 of job 59
/scratch/work/groszt1/envs/theanoLM/lib/python3.7/site-packages/theano/gpuarray/dnn.py:184: UserWarning: Your cuDNN version is more recent than Theano. If you encounter problems, try updating Theano or downgrading cuDNN to a version >= v5 and <= v7.
  warnings.warn("Your cuDNN version is more recent than "
Using cuDNN version 7600 on context None
Mapped name None to device cuda0: Tesla V100-PCIE-32GB (0000:AF:00.0)
/scratch/work/groszt1/envs/theanoLM/lib/python3.7/site-packages/h5py-2.9.0-py3.7-linux-x86_64.egg/h5py/_hl/dataset.py:313: H5pyDeprecationWarning: dataset.value has been deprecated. Use dataset[()] instead.
  "Use dataset[()] instead.", H5pyDeprecationWarning)
/scratch/work/groszt1/envs/theanoLM/lib/python3.7/site-packages/h5py-2.9.0-py3.7-linux-x86_64.egg/h5py/_hl/dataset.py:313: H5pyDeprecationWarning: dataset.value has been deprecated. Use dataset[()] instead.
  "Use dataset[()] instead.", H5pyDeprecationWarning)
decode_theanolm finished.
/tmp/55088463/lattices
floatX=float32,device=cuda0,base_compiledir=/tmp/theano,exception_verbosity=high,openmp=False
/scratch/work/groszt1/envs/theanoLM/lib/python3.7/site-packages/theano/gpuarray/dnn.py:184: UserWarning: Your cuDNN version is more recent than Theano. If you encounter problems, try updating Theano or downgrading cuDNN to a version >= v5 and <= v7.
  warnings.warn("Your cuDNN version is more recent than "
Using cuDNN version 7600 on context None
Mapped name None to device cuda0: Tesla V100-PCIE-32GB (0000:AF:00.0)
TheanoLM 1.3.2
Theano 1.0.4
pygpu 0.7.6
==
+ srun --gres=gpu:1 theanolm decode /scratch/work/moisioa3/conv_lm/experiments/theanolm-morph-42k/expt2-sampled/nnlm.h5 --lattice-list /tmp/55088463/lattices/lattice-list --output-file /scratch/work/moisioa3/conv_lm/experiments/theanolm-morph-42k/expt2-sampled/decode/devel/lambda=0.5-lms=10/59.trn --output trn --nnlm-weight 0.5 --lm-scale 10 --max-tokens-per-node 62 --beam 650 --recombination-order 22 --num-jobs 128 --job 59 --unk-penalty=-20
2020-08-15 10:05:04,386 get_default_device: Context None device="Tesla V100-PCIE-32GB" ID="0000:AF:00.0"
2020-08-15 10:05:04,386 from_file: Reading vocabulary from network state.
2020-08-15 10:05:04,594 from_file: Number of words in vocabulary: 42699
2020-08-15 10:05:04,594 from_file: Number of words in shortlist: 42699
2020-08-15 10:05:04,595 from_file: Number of word classes: 42699
2020-08-15 10:05:04,595 from_file: Building neural network.
2020-08-15 10:05:33,012 from_file: Restoring neural network state.
2020-08-15 10:05:33,371 decode: Building word lattice decoder.
2020-08-15 10:05:37,341 __iter__: Reading lattice file `/tmp/55088463/lattices/dspm001_dsp2013_20.lat.gz´.
2020-08-15 10:05:38,196 decode: Utterance `dspm001_dsp2013_20´ -- 1 of job 59
2020-08-15 10:06:08,909 __iter__: Reading lattice file `/tmp/55088463/lattices/dspm011_dsp2013_20.lat.gz´.
2020-08-15 10:06:08,927 decode: Utterance `dspm011_dsp2013_20´ -- 2 of job 59
2020-08-15 10:06:09,361 __iter__: Reading lattice file `/tmp/55088463/lattices/dspm021_dsp2013_17.lat.gz´.
2020-08-15 10:06:09,443 decode: Utterance `dspm021_dsp2013_17´ -- 3 of job 59
2020-08-15 10:06:12,640 __iter__: Reading lattice file `/tmp/55088463/lattices/dspm031_dsp2013_06.lat.gz´.
2020-08-15 10:06:12,761 decode: Utterance `dspm031_dsp2013_06´ -- 4 of job 59
2020-08-15 10:06:15,029 __iter__: Reading lattice file `/tmp/55088463/lattices/dspm040_dsp2013_01.lat.gz´.
2020-08-15 10:06:15,891 decode: Utterance `dspm040_dsp2013_01´ -- 5 of job 59
2020-08-15 10:06:43,585 __iter__: Reading lattice file `/tmp/55088463/lattices/dspm049_dsp2013_03.lat.gz´.
2020-08-15 10:06:44,401 decode: Utterance `dspm049_dsp2013_03´ -- 6 of job 59
2020-08-15 10:07:09,617 __iter__: Reading lattice file `/tmp/55088463/lattices/dspm057_dsp2013_08.lat.gz´.
2020-08-15 10:07:15,988 decode: Utterance `dspm057_dsp2013_08´ -- 7 of job 59
2020-08-15 10:12:07,226 __iter__: Reading lattice file `/tmp/55088463/lattices/radioshaka_kbk20120915_15.lat.gz´.
2020-08-15 10:12:08,223 decode: Utterance `radioshaka_kbk20120915_15´ -- 8 of job 59
/scratch/work/groszt1/envs/theanoLM/lib/python3.7/site-packages/theano/gpuarray/dnn.py:184: UserWarning: Your cuDNN version is more recent than Theano. If you encounter problems, try updating Theano or downgrading cuDNN to a version >= v5 and <= v7.
  warnings.warn("Your cuDNN version is more recent than "
Using cuDNN version 7600 on context None
Mapped name None to device cuda0: Tesla V100-PCIE-32GB (0000:AF:00.0)
/scratch/work/groszt1/envs/theanoLM/lib/python3.7/site-packages/h5py-2.9.0-py3.7-linux-x86_64.egg/h5py/_hl/dataset.py:313: H5pyDeprecationWarning: dataset.value has been deprecated. Use dataset[()] instead.
  "Use dataset[()] instead.", H5pyDeprecationWarning)
/scratch/work/groszt1/envs/theanoLM/lib/python3.7/site-packages/h5py-2.9.0-py3.7-linux-x86_64.egg/h5py/_hl/dataset.py:313: H5pyDeprecationWarning: dataset.value has been deprecated. Use dataset[()] instead.
  "Use dataset[()] instead.", H5pyDeprecationWarning)
decode_theanolm finished.
/tmp/55088463/lattices
floatX=float32,device=cuda0,base_compiledir=/tmp/theano,exception_verbosity=high,openmp=False
/scratch/work/groszt1/envs/theanoLM/lib/python3.7/site-packages/theano/gpuarray/dnn.py:184: UserWarning: Your cuDNN version is more recent than Theano. If you encounter problems, try updating Theano or downgrading cuDNN to a version >= v5 and <= v7.
  warnings.warn("Your cuDNN version is more recent than "
Using cuDNN version 7600 on context None
Mapped name None to device cuda0: Tesla V100-PCIE-32GB (0000:AF:00.0)
TheanoLM 1.3.2
Theano 1.0.4
pygpu 0.7.6
==
+ srun --gres=gpu:1 theanolm decode /scratch/work/moisioa3/conv_lm/experiments/theanolm-morph-42k/expt2-sampled/nnlm.h5 --lattice-list /tmp/55088463/lattices/lattice-list --output-file /scratch/work/moisioa3/conv_lm/experiments/theanolm-morph-42k/expt2-sampled/decode/devel/lambda=0.5-lms=11/59.trn --output trn --nnlm-weight 0.5 --lm-scale 11 --max-tokens-per-node 62 --beam 650 --recombination-order 22 --num-jobs 128 --job 59 --unk-penalty=-20
2020-08-15 10:12:57,484 get_default_device: Context None device="Tesla V100-PCIE-32GB" ID="0000:AF:00.0"
2020-08-15 10:12:57,485 from_file: Reading vocabulary from network state.
2020-08-15 10:12:57,668 from_file: Number of words in vocabulary: 42699
2020-08-15 10:12:57,669 from_file: Number of words in shortlist: 42699
2020-08-15 10:12:57,669 from_file: Number of word classes: 42699
2020-08-15 10:12:57,669 from_file: Building neural network.
2020-08-15 10:13:26,064 from_file: Restoring neural network state.
2020-08-15 10:13:26,423 decode: Building word lattice decoder.
2020-08-15 10:13:30,382 __iter__: Reading lattice file `/tmp/55088463/lattices/dspm001_dsp2013_20.lat.gz´.
2020-08-15 10:13:31,217 decode: Utterance `dspm001_dsp2013_20´ -- 1 of job 59
2020-08-15 10:14:03,154 __iter__: Reading lattice file `/tmp/55088463/lattices/dspm011_dsp2013_20.lat.gz´.
2020-08-15 10:14:03,171 decode: Utterance `dspm011_dsp2013_20´ -- 2 of job 59
2020-08-15 10:14:03,614 __iter__: Reading lattice file `/tmp/55088463/lattices/dspm021_dsp2013_17.lat.gz´.
2020-08-15 10:14:03,692 decode: Utterance `dspm021_dsp2013_17´ -- 3 of job 59
2020-08-15 10:14:07,002 __iter__: Reading lattice file `/tmp/55088463/lattices/dspm031_dsp2013_06.lat.gz´.
2020-08-15 10:14:07,120 decode: Utterance `dspm031_dsp2013_06´ -- 4 of job 59
2020-08-15 10:14:09,394 __iter__: Reading lattice file `/tmp/55088463/lattices/dspm040_dsp2013_01.lat.gz´.
2020-08-15 10:14:10,229 decode: Utterance `dspm040_dsp2013_01´ -- 5 of job 59
2020-08-15 10:14:37,530 __iter__: Reading lattice file `/tmp/55088463/lattices/dspm049_dsp2013_03.lat.gz´.
2020-08-15 10:14:38,322 decode: Utterance `dspm049_dsp2013_03´ -- 6 of job 59
2020-08-15 10:15:03,581 __iter__: Reading lattice file `/tmp/55088463/lattices/dspm057_dsp2013_08.lat.gz´.
2020-08-15 10:15:09,788 decode: Utterance `dspm057_dsp2013_08´ -- 7 of job 59
2020-08-15 10:20:07,093 __iter__: Reading lattice file `/tmp/55088463/lattices/radioshaka_kbk20120915_15.lat.gz´.
2020-08-15 10:20:08,059 decode: Utterance `radioshaka_kbk20120915_15´ -- 8 of job 59
/scratch/work/groszt1/envs/theanoLM/lib/python3.7/site-packages/theano/gpuarray/dnn.py:184: UserWarning: Your cuDNN version is more recent than Theano. If you encounter problems, try updating Theano or downgrading cuDNN to a version >= v5 and <= v7.
  warnings.warn("Your cuDNN version is more recent than "
Using cuDNN version 7600 on context None
Mapped name None to device cuda0: Tesla V100-PCIE-32GB (0000:AF:00.0)
/scratch/work/groszt1/envs/theanoLM/lib/python3.7/site-packages/h5py-2.9.0-py3.7-linux-x86_64.egg/h5py/_hl/dataset.py:313: H5pyDeprecationWarning: dataset.value has been deprecated. Use dataset[()] instead.
  "Use dataset[()] instead.", H5pyDeprecationWarning)
/scratch/work/groszt1/envs/theanoLM/lib/python3.7/site-packages/h5py-2.9.0-py3.7-linux-x86_64.egg/h5py/_hl/dataset.py:313: H5pyDeprecationWarning: dataset.value has been deprecated. Use dataset[()] instead.
  "Use dataset[()] instead.", H5pyDeprecationWarning)
decode_theanolm finished.
/tmp/55088463/lattices
floatX=float32,device=cuda0,base_compiledir=/tmp/theano,exception_verbosity=high,openmp=False
/scratch/work/groszt1/envs/theanoLM/lib/python3.7/site-packages/theano/gpuarray/dnn.py:184: UserWarning: Your cuDNN version is more recent than Theano. If you encounter problems, try updating Theano or downgrading cuDNN to a version >= v5 and <= v7.
  warnings.warn("Your cuDNN version is more recent than "
Using cuDNN version 7600 on context None
Mapped name None to device cuda0: Tesla V100-PCIE-32GB (0000:AF:00.0)
TheanoLM 1.3.2
Theano 1.0.4
pygpu 0.7.6
==
+ srun --gres=gpu:1 theanolm decode /scratch/work/moisioa3/conv_lm/experiments/theanolm-morph-42k/expt2-sampled/nnlm.h5 --lattice-list /tmp/55088463/lattices/lattice-list --output-file /scratch/work/moisioa3/conv_lm/experiments/theanolm-morph-42k/expt2-sampled/decode/devel/lambda=0.5-lms=12/59.trn --output trn --nnlm-weight 0.5 --lm-scale 12 --max-tokens-per-node 62 --beam 650 --recombination-order 22 --num-jobs 128 --job 59 --unk-penalty=-20
2020-08-15 10:20:58,459 get_default_device: Context None device="Tesla V100-PCIE-32GB" ID="0000:AF:00.0"
2020-08-15 10:20:58,460 from_file: Reading vocabulary from network state.
2020-08-15 10:20:58,658 from_file: Number of words in vocabulary: 42699
2020-08-15 10:20:58,658 from_file: Number of words in shortlist: 42699
2020-08-15 10:20:58,658 from_file: Number of word classes: 42699
2020-08-15 10:20:58,658 from_file: Building neural network.
2020-08-15 10:21:27,227 from_file: Restoring neural network state.
2020-08-15 10:21:27,585 decode: Building word lattice decoder.
2020-08-15 10:21:31,567 __iter__: Reading lattice file `/tmp/55088463/lattices/dspm001_dsp2013_20.lat.gz´.
2020-08-15 10:21:32,395 decode: Utterance `dspm001_dsp2013_20´ -- 1 of job 59
2020-08-15 10:22:04,417 __iter__: Reading lattice file `/tmp/55088463/lattices/dspm011_dsp2013_20.lat.gz´.
2020-08-15 10:22:04,435 decode: Utterance `dspm011_dsp2013_20´ -- 2 of job 59
2020-08-15 10:22:04,871 __iter__: Reading lattice file `/tmp/55088463/lattices/dspm021_dsp2013_17.lat.gz´.
2020-08-15 10:22:04,950 decode: Utterance `dspm021_dsp2013_17´ -- 3 of job 59
2020-08-15 10:22:08,184 __iter__: Reading lattice file `/tmp/55088463/lattices/dspm031_dsp2013_06.lat.gz´.
2020-08-15 10:22:08,302 decode: Utterance `dspm031_dsp2013_06´ -- 4 of job 59
2020-08-15 10:22:10,565 __iter__: Reading lattice file `/tmp/55088463/lattices/dspm040_dsp2013_01.lat.gz´.
2020-08-15 10:22:11,402 decode: Utterance `dspm040_dsp2013_01´ -- 5 of job 59
2020-08-15 10:22:39,158 __iter__: Reading lattice file `/tmp/55088463/lattices/dspm049_dsp2013_03.lat.gz´.
2020-08-15 10:22:39,951 decode: Utterance `dspm049_dsp2013_03´ -- 6 of job 59
2020-08-15 10:23:06,504 __iter__: Reading lattice file `/tmp/55088463/lattices/dspm057_dsp2013_08.lat.gz´.
2020-08-15 10:23:12,735 decode: Utterance `dspm057_dsp2013_08´ -- 7 of job 59
2020-08-15 10:28:14,605 __iter__: Reading lattice file `/tmp/55088463/lattices/radioshaka_kbk20120915_15.lat.gz´.
2020-08-15 10:28:15,575 decode: Utterance `radioshaka_kbk20120915_15´ -- 8 of job 59
/scratch/work/groszt1/envs/theanoLM/lib/python3.7/site-packages/theano/gpuarray/dnn.py:184: UserWarning: Your cuDNN version is more recent than Theano. If you encounter problems, try updating Theano or downgrading cuDNN to a version >= v5 and <= v7.
  warnings.warn("Your cuDNN version is more recent than "
Using cuDNN version 7600 on context None
Mapped name None to device cuda0: Tesla V100-PCIE-32GB (0000:AF:00.0)
/scratch/work/groszt1/envs/theanoLM/lib/python3.7/site-packages/h5py-2.9.0-py3.7-linux-x86_64.egg/h5py/_hl/dataset.py:313: H5pyDeprecationWarning: dataset.value has been deprecated. Use dataset[()] instead.
  "Use dataset[()] instead.", H5pyDeprecationWarning)
/scratch/work/groszt1/envs/theanoLM/lib/python3.7/site-packages/h5py-2.9.0-py3.7-linux-x86_64.egg/h5py/_hl/dataset.py:313: H5pyDeprecationWarning: dataset.value has been deprecated. Use dataset[()] instead.
  "Use dataset[()] instead.", H5pyDeprecationWarning)
decode_theanolm finished.
/tmp/55088463/lattices
floatX=float32,device=cuda0,base_compiledir=/tmp/theano,exception_verbosity=high,openmp=False
/scratch/work/groszt1/envs/theanoLM/lib/python3.7/site-packages/theano/gpuarray/dnn.py:184: UserWarning: Your cuDNN version is more recent than Theano. If you encounter problems, try updating Theano or downgrading cuDNN to a version >= v5 and <= v7.
  warnings.warn("Your cuDNN version is more recent than "
Using cuDNN version 7600 on context None
Mapped name None to device cuda0: Tesla V100-PCIE-32GB (0000:AF:00.0)
TheanoLM 1.3.2
Theano 1.0.4
pygpu 0.7.6
==
+ srun --gres=gpu:1 theanolm decode /scratch/work/moisioa3/conv_lm/experiments/theanolm-morph-42k/expt2-sampled/nnlm.h5 --lattice-list /tmp/55088463/lattices/lattice-list --output-file /scratch/work/moisioa3/conv_lm/experiments/theanolm-morph-42k/expt2-sampled/decode/devel/lambda=1.0-lms=8/59.trn --output trn --nnlm-weight 1.0 --lm-scale 8 --max-tokens-per-node 62 --beam 650 --recombination-order 22 --num-jobs 128 --job 59 --unk-penalty=-20
2020-08-15 10:29:18,690 get_default_device: Context None device="Tesla V100-PCIE-32GB" ID="0000:AF:00.0"
2020-08-15 10:29:18,691 from_file: Reading vocabulary from network state.
2020-08-15 10:29:18,888 from_file: Number of words in vocabulary: 42699
2020-08-15 10:29:18,888 from_file: Number of words in shortlist: 42699
2020-08-15 10:29:18,888 from_file: Number of word classes: 42699
2020-08-15 10:29:18,888 from_file: Building neural network.
2020-08-15 10:29:47,363 from_file: Restoring neural network state.
2020-08-15 10:29:47,719 decode: Building word lattice decoder.
2020-08-15 10:29:51,698 __iter__: Reading lattice file `/tmp/55088463/lattices/dspm001_dsp2013_20.lat.gz´.
2020-08-15 10:29:52,538 decode: Utterance `dspm001_dsp2013_20´ -- 1 of job 59
2020-08-15 10:30:19,382 __iter__: Reading lattice file `/tmp/55088463/lattices/dspm011_dsp2013_20.lat.gz´.
2020-08-15 10:30:19,399 decode: Utterance `dspm011_dsp2013_20´ -- 2 of job 59
2020-08-15 10:30:19,814 __iter__: Reading lattice file `/tmp/55088463/lattices/dspm021_dsp2013_17.lat.gz´.
2020-08-15 10:30:19,894 decode: Utterance `dspm021_dsp2013_17´ -- 3 of job 59
2020-08-15 10:30:22,591 __iter__: Reading lattice file `/tmp/55088463/lattices/dspm031_dsp2013_06.lat.gz´.
2020-08-15 10:30:22,710 decode: Utterance `dspm031_dsp2013_06´ -- 4 of job 59
2020-08-15 10:30:24,959 __iter__: Reading lattice file `/tmp/55088463/lattices/dspm040_dsp2013_01.lat.gz´.
2020-08-15 10:30:25,805 decode: Utterance `dspm040_dsp2013_01´ -- 5 of job 59
2020-08-15 10:30:49,341 __iter__: Reading lattice file `/tmp/55088463/lattices/dspm049_dsp2013_03.lat.gz´.
2020-08-15 10:30:50,140 decode: Utterance `dspm049_dsp2013_03´ -- 6 of job 59
2020-08-15 10:31:09,546 __iter__: Reading lattice file `/tmp/55088463/lattices/dspm057_dsp2013_08.lat.gz´.
2020-08-15 10:31:15,813 decode: Utterance `dspm057_dsp2013_08´ -- 7 of job 59
2020-08-15 10:35:11,619 __iter__: Reading lattice file `/tmp/55088463/lattices/radioshaka_kbk20120915_15.lat.gz´.
2020-08-15 10:35:12,581 decode: Utterance `radioshaka_kbk20120915_15´ -- 8 of job 59
/scratch/work/groszt1/envs/theanoLM/lib/python3.7/site-packages/theano/gpuarray/dnn.py:184: UserWarning: Your cuDNN version is more recent than Theano. If you encounter problems, try updating Theano or downgrading cuDNN to a version >= v5 and <= v7.
  warnings.warn("Your cuDNN version is more recent than "
Using cuDNN version 7600 on context None
Mapped name None to device cuda0: Tesla V100-PCIE-32GB (0000:AF:00.0)
/scratch/work/groszt1/envs/theanoLM/lib/python3.7/site-packages/h5py-2.9.0-py3.7-linux-x86_64.egg/h5py/_hl/dataset.py:313: H5pyDeprecationWarning: dataset.value has been deprecated. Use dataset[()] instead.
  "Use dataset[()] instead.", H5pyDeprecationWarning)
/scratch/work/groszt1/envs/theanoLM/lib/python3.7/site-packages/h5py-2.9.0-py3.7-linux-x86_64.egg/h5py/_hl/dataset.py:313: H5pyDeprecationWarning: dataset.value has been deprecated. Use dataset[()] instead.
  "Use dataset[()] instead.", H5pyDeprecationWarning)
decode_theanolm finished.
/tmp/55088463/lattices
floatX=float32,device=cuda0,base_compiledir=/tmp/theano,exception_verbosity=high,openmp=False
/scratch/work/groszt1/envs/theanoLM/lib/python3.7/site-packages/theano/gpuarray/dnn.py:184: UserWarning: Your cuDNN version is more recent than Theano. If you encounter problems, try updating Theano or downgrading cuDNN to a version >= v5 and <= v7.
  warnings.warn("Your cuDNN version is more recent than "
Using cuDNN version 7600 on context None
Mapped name None to device cuda0: Tesla V100-PCIE-32GB (0000:AF:00.0)
TheanoLM 1.3.2
Theano 1.0.4
pygpu 0.7.6
==
+ srun --gres=gpu:1 theanolm decode /scratch/work/moisioa3/conv_lm/experiments/theanolm-morph-42k/expt2-sampled/nnlm.h5 --lattice-list /tmp/55088463/lattices/lattice-list --output-file /scratch/work/moisioa3/conv_lm/experiments/theanolm-morph-42k/expt2-sampled/decode/devel/lambda=1.0-lms=9/59.trn --output trn --nnlm-weight 1.0 --lm-scale 9 --max-tokens-per-node 62 --beam 650 --recombination-order 22 --num-jobs 128 --job 59 --unk-penalty=-20
2020-08-15 10:35:54,870 get_default_device: Context None device="Tesla V100-PCIE-32GB" ID="0000:AF:00.0"
2020-08-15 10:35:54,871 from_file: Reading vocabulary from network state.
2020-08-15 10:35:55,062 from_file: Number of words in vocabulary: 42699
2020-08-15 10:35:55,063 from_file: Number of words in shortlist: 42699
2020-08-15 10:35:55,063 from_file: Number of word classes: 42699
2020-08-15 10:35:55,063 from_file: Building neural network.
2020-08-15 10:36:23,553 from_file: Restoring neural network state.
2020-08-15 10:36:23,909 decode: Building word lattice decoder.
2020-08-15 10:36:27,916 __iter__: Reading lattice file `/tmp/55088463/lattices/dspm001_dsp2013_20.lat.gz´.
2020-08-15 10:36:28,762 decode: Utterance `dspm001_dsp2013_20´ -- 1 of job 59
2020-08-15 10:36:55,675 __iter__: Reading lattice file `/tmp/55088463/lattices/dspm011_dsp2013_20.lat.gz´.
2020-08-15 10:36:55,693 decode: Utterance `dspm011_dsp2013_20´ -- 2 of job 59
2020-08-15 10:36:56,113 __iter__: Reading lattice file `/tmp/55088463/lattices/dspm021_dsp2013_17.lat.gz´.
2020-08-15 10:36:56,193 decode: Utterance `dspm021_dsp2013_17´ -- 3 of job 59
2020-08-15 10:36:58,886 __iter__: Reading lattice file `/tmp/55088463/lattices/dspm031_dsp2013_06.lat.gz´.
2020-08-15 10:36:59,006 decode: Utterance `dspm031_dsp2013_06´ -- 4 of job 59
2020-08-15 10:37:01,260 __iter__: Reading lattice file `/tmp/55088463/lattices/dspm040_dsp2013_01.lat.gz´.
2020-08-15 10:37:02,109 decode: Utterance `dspm040_dsp2013_01´ -- 5 of job 59
2020-08-15 10:37:25,627 __iter__: Reading lattice file `/tmp/55088463/lattices/dspm049_dsp2013_03.lat.gz´.
2020-08-15 10:37:26,430 decode: Utterance `dspm049_dsp2013_03´ -- 6 of job 59
2020-08-15 10:37:45,832 __iter__: Reading lattice file `/tmp/55088463/lattices/dspm057_dsp2013_08.lat.gz´.
2020-08-15 10:37:52,150 decode: Utterance `dspm057_dsp2013_08´ -- 7 of job 59
2020-08-15 10:41:48,136 __iter__: Reading lattice file `/tmp/55088463/lattices/radioshaka_kbk20120915_15.lat.gz´.
2020-08-15 10:41:49,103 decode: Utterance `radioshaka_kbk20120915_15´ -- 8 of job 59
/scratch/work/groszt1/envs/theanoLM/lib/python3.7/site-packages/theano/gpuarray/dnn.py:184: UserWarning: Your cuDNN version is more recent than Theano. If you encounter problems, try updating Theano or downgrading cuDNN to a version >= v5 and <= v7.
  warnings.warn("Your cuDNN version is more recent than "
Using cuDNN version 7600 on context None
Mapped name None to device cuda0: Tesla V100-PCIE-32GB (0000:AF:00.0)
/scratch/work/groszt1/envs/theanoLM/lib/python3.7/site-packages/h5py-2.9.0-py3.7-linux-x86_64.egg/h5py/_hl/dataset.py:313: H5pyDeprecationWarning: dataset.value has been deprecated. Use dataset[()] instead.
  "Use dataset[()] instead.", H5pyDeprecationWarning)
/scratch/work/groszt1/envs/theanoLM/lib/python3.7/site-packages/h5py-2.9.0-py3.7-linux-x86_64.egg/h5py/_hl/dataset.py:313: H5pyDeprecationWarning: dataset.value has been deprecated. Use dataset[()] instead.
  "Use dataset[()] instead.", H5pyDeprecationWarning)
decode_theanolm finished.
/tmp/55088463/lattices
floatX=float32,device=cuda0,base_compiledir=/tmp/theano,exception_verbosity=high,openmp=False
/scratch/work/groszt1/envs/theanoLM/lib/python3.7/site-packages/theano/gpuarray/dnn.py:184: UserWarning: Your cuDNN version is more recent than Theano. If you encounter problems, try updating Theano or downgrading cuDNN to a version >= v5 and <= v7.
  warnings.warn("Your cuDNN version is more recent than "
Using cuDNN version 7600 on context None
Mapped name None to device cuda0: Tesla V100-PCIE-32GB (0000:AF:00.0)
TheanoLM 1.3.2
Theano 1.0.4
pygpu 0.7.6
==
+ srun --gres=gpu:1 theanolm decode /scratch/work/moisioa3/conv_lm/experiments/theanolm-morph-42k/expt2-sampled/nnlm.h5 --lattice-list /tmp/55088463/lattices/lattice-list --output-file /scratch/work/moisioa3/conv_lm/experiments/theanolm-morph-42k/expt2-sampled/decode/devel/lambda=1.0-lms=10/59.trn --output trn --nnlm-weight 1.0 --lm-scale 10 --max-tokens-per-node 62 --beam 650 --recombination-order 22 --num-jobs 128 --job 59 --unk-penalty=-20
2020-08-15 10:42:31,429 get_default_device: Context None device="Tesla V100-PCIE-32GB" ID="0000:AF:00.0"
2020-08-15 10:42:31,430 from_file: Reading vocabulary from network state.
2020-08-15 10:42:31,631 from_file: Number of words in vocabulary: 42699
2020-08-15 10:42:31,631 from_file: Number of words in shortlist: 42699
2020-08-15 10:42:31,631 from_file: Number of word classes: 42699
2020-08-15 10:42:31,631 from_file: Building neural network.
2020-08-15 10:43:00,083 from_file: Restoring neural network state.
2020-08-15 10:43:00,442 decode: Building word lattice decoder.
2020-08-15 10:43:04,458 __iter__: Reading lattice file `/tmp/55088463/lattices/dspm001_dsp2013_20.lat.gz´.
2020-08-15 10:43:05,298 decode: Utterance `dspm001_dsp2013_20´ -- 1 of job 59
2020-08-15 10:43:32,508 __iter__: Reading lattice file `/tmp/55088463/lattices/dspm011_dsp2013_20.lat.gz´.
2020-08-15 10:43:32,525 decode: Utterance `dspm011_dsp2013_20´ -- 2 of job 59
2020-08-15 10:43:32,961 __iter__: Reading lattice file `/tmp/55088463/lattices/dspm021_dsp2013_17.lat.gz´.
2020-08-15 10:43:33,041 decode: Utterance `dspm021_dsp2013_17´ -- 3 of job 59
2020-08-15 10:43:35,790 __iter__: Reading lattice file `/tmp/55088463/lattices/dspm031_dsp2013_06.lat.gz´.
2020-08-15 10:43:35,909 decode: Utterance `dspm031_dsp2013_06´ -- 4 of job 59
2020-08-15 10:43:38,186 __iter__: Reading lattice file `/tmp/55088463/lattices/dspm040_dsp2013_01.lat.gz´.
2020-08-15 10:43:39,030 decode: Utterance `dspm040_dsp2013_01´ -- 5 of job 59
2020-08-15 10:44:02,556 __iter__: Reading lattice file `/tmp/55088463/lattices/dspm049_dsp2013_03.lat.gz´.
2020-08-15 10:44:03,355 decode: Utterance `dspm049_dsp2013_03´ -- 6 of job 59
2020-08-15 10:44:22,619 __iter__: Reading lattice file `/tmp/55088463/lattices/dspm057_dsp2013_08.lat.gz´.
2020-08-15 10:44:28,888 decode: Utterance `dspm057_dsp2013_08´ -- 7 of job 59
2020-08-15 10:48:24,763 __iter__: Reading lattice file `/tmp/55088463/lattices/radioshaka_kbk20120915_15.lat.gz´.
2020-08-15 10:48:25,721 decode: Utterance `radioshaka_kbk20120915_15´ -- 8 of job 59
/scratch/work/groszt1/envs/theanoLM/lib/python3.7/site-packages/theano/gpuarray/dnn.py:184: UserWarning: Your cuDNN version is more recent than Theano. If you encounter problems, try updating Theano or downgrading cuDNN to a version >= v5 and <= v7.
  warnings.warn("Your cuDNN version is more recent than "
Using cuDNN version 7600 on context None
Mapped name None to device cuda0: Tesla V100-PCIE-32GB (0000:AF:00.0)
/scratch/work/groszt1/envs/theanoLM/lib/python3.7/site-packages/h5py-2.9.0-py3.7-linux-x86_64.egg/h5py/_hl/dataset.py:313: H5pyDeprecationWarning: dataset.value has been deprecated. Use dataset[()] instead.
  "Use dataset[()] instead.", H5pyDeprecationWarning)
/scratch/work/groszt1/envs/theanoLM/lib/python3.7/site-packages/h5py-2.9.0-py3.7-linux-x86_64.egg/h5py/_hl/dataset.py:313: H5pyDeprecationWarning: dataset.value has been deprecated. Use dataset[()] instead.
  "Use dataset[()] instead.", H5pyDeprecationWarning)
decode_theanolm finished.
/tmp/55088463/lattices
floatX=float32,device=cuda0,base_compiledir=/tmp/theano,exception_verbosity=high,openmp=False
/scratch/work/groszt1/envs/theanoLM/lib/python3.7/site-packages/theano/gpuarray/dnn.py:184: UserWarning: Your cuDNN version is more recent than Theano. If you encounter problems, try updating Theano or downgrading cuDNN to a version >= v5 and <= v7.
  warnings.warn("Your cuDNN version is more recent than "
Using cuDNN version 7600 on context None
Mapped name None to device cuda0: Tesla V100-PCIE-32GB (0000:AF:00.0)
TheanoLM 1.3.2
Theano 1.0.4
pygpu 0.7.6
==
+ srun --gres=gpu:1 theanolm decode /scratch/work/moisioa3/conv_lm/experiments/theanolm-morph-42k/expt2-sampled/nnlm.h5 --lattice-list /tmp/55088463/lattices/lattice-list --output-file /scratch/work/moisioa3/conv_lm/experiments/theanolm-morph-42k/expt2-sampled/decode/devel/lambda=1.0-lms=11/59.trn --output trn --nnlm-weight 1.0 --lm-scale 11 --max-tokens-per-node 62 --beam 650 --recombination-order 22 --num-jobs 128 --job 59 --unk-penalty=-20
2020-08-15 10:49:08,687 get_default_device: Context None device="Tesla V100-PCIE-32GB" ID="0000:AF:00.0"
2020-08-15 10:49:08,688 from_file: Reading vocabulary from network state.
2020-08-15 10:49:08,889 from_file: Number of words in vocabulary: 42699
2020-08-15 10:49:08,889 from_file: Number of words in shortlist: 42699
2020-08-15 10:49:08,890 from_file: Number of word classes: 42699
2020-08-15 10:49:08,890 from_file: Building neural network.
2020-08-15 10:49:37,346 from_file: Restoring neural network state.
2020-08-15 10:49:37,709 decode: Building word lattice decoder.
2020-08-15 10:49:41,705 __iter__: Reading lattice file `/tmp/55088463/lattices/dspm001_dsp2013_20.lat.gz´.
2020-08-15 10:49:42,541 decode: Utterance `dspm001_dsp2013_20´ -- 1 of job 59
2020-08-15 10:50:09,576 __iter__: Reading lattice file `/tmp/55088463/lattices/dspm011_dsp2013_20.lat.gz´.
2020-08-15 10:50:09,593 decode: Utterance `dspm011_dsp2013_20´ -- 2 of job 59
2020-08-15 10:50:10,014 __iter__: Reading lattice file `/tmp/55088463/lattices/dspm021_dsp2013_17.lat.gz´.
2020-08-15 10:50:10,094 decode: Utterance `dspm021_dsp2013_17´ -- 3 of job 59
2020-08-15 10:50:12,783 __iter__: Reading lattice file `/tmp/55088463/lattices/dspm031_dsp2013_06.lat.gz´.
2020-08-15 10:50:12,901 decode: Utterance `dspm031_dsp2013_06´ -- 4 of job 59
2020-08-15 10:50:15,154 __iter__: Reading lattice file `/tmp/55088463/lattices/dspm040_dsp2013_01.lat.gz´.
2020-08-15 10:50:15,995 decode: Utterance `dspm040_dsp2013_01´ -- 5 of job 59
2020-08-15 10:50:39,492 __iter__: Reading lattice file `/tmp/55088463/lattices/dspm049_dsp2013_03.lat.gz´.
2020-08-15 10:50:40,288 decode: Utterance `dspm049_dsp2013_03´ -- 6 of job 59
2020-08-15 10:50:59,595 __iter__: Reading lattice file `/tmp/55088463/lattices/dspm057_dsp2013_08.lat.gz´.
2020-08-15 10:51:05,834 decode: Utterance `dspm057_dsp2013_08´ -- 7 of job 59
2020-08-15 10:55:04,387 __iter__: Reading lattice file `/tmp/55088463/lattices/radioshaka_kbk20120915_15.lat.gz´.
2020-08-15 10:55:05,343 decode: Utterance `radioshaka_kbk20120915_15´ -- 8 of job 59
/scratch/work/groszt1/envs/theanoLM/lib/python3.7/site-packages/theano/gpuarray/dnn.py:184: UserWarning: Your cuDNN version is more recent than Theano. If you encounter problems, try updating Theano or downgrading cuDNN to a version >= v5 and <= v7.
  warnings.warn("Your cuDNN version is more recent than "
Using cuDNN version 7600 on context None
Mapped name None to device cuda0: Tesla V100-PCIE-32GB (0000:AF:00.0)
/scratch/work/groszt1/envs/theanoLM/lib/python3.7/site-packages/h5py-2.9.0-py3.7-linux-x86_64.egg/h5py/_hl/dataset.py:313: H5pyDeprecationWarning: dataset.value has been deprecated. Use dataset[()] instead.
  "Use dataset[()] instead.", H5pyDeprecationWarning)
/scratch/work/groszt1/envs/theanoLM/lib/python3.7/site-packages/h5py-2.9.0-py3.7-linux-x86_64.egg/h5py/_hl/dataset.py:313: H5pyDeprecationWarning: dataset.value has been deprecated. Use dataset[()] instead.
  "Use dataset[()] instead.", H5pyDeprecationWarning)
decode_theanolm finished.
/tmp/55088463/lattices
floatX=float32,device=cuda0,base_compiledir=/tmp/theano,exception_verbosity=high,openmp=False
/scratch/work/groszt1/envs/theanoLM/lib/python3.7/site-packages/theano/gpuarray/dnn.py:184: UserWarning: Your cuDNN version is more recent than Theano. If you encounter problems, try updating Theano or downgrading cuDNN to a version >= v5 and <= v7.
  warnings.warn("Your cuDNN version is more recent than "
Using cuDNN version 7600 on context None
Mapped name None to device cuda0: Tesla V100-PCIE-32GB (0000:AF:00.0)
TheanoLM 1.3.2
Theano 1.0.4
pygpu 0.7.6
==
+ srun --gres=gpu:1 theanolm decode /scratch/work/moisioa3/conv_lm/experiments/theanolm-morph-42k/expt2-sampled/nnlm.h5 --lattice-list /tmp/55088463/lattices/lattice-list --output-file /scratch/work/moisioa3/conv_lm/experiments/theanolm-morph-42k/expt2-sampled/decode/devel/lambda=1.0-lms=12/59.trn --output trn --nnlm-weight 1.0 --lm-scale 12 --max-tokens-per-node 62 --beam 650 --recombination-order 22 --num-jobs 128 --job 59 --unk-penalty=-20
2020-08-15 10:55:47,109 get_default_device: Context None device="Tesla V100-PCIE-32GB" ID="0000:AF:00.0"
2020-08-15 10:55:47,110 from_file: Reading vocabulary from network state.
2020-08-15 10:55:47,303 from_file: Number of words in vocabulary: 42699
2020-08-15 10:55:47,304 from_file: Number of words in shortlist: 42699
2020-08-15 10:55:47,304 from_file: Number of word classes: 42699
2020-08-15 10:55:47,304 from_file: Building neural network.
2020-08-15 10:56:15,689 from_file: Restoring neural network state.
2020-08-15 10:56:16,044 decode: Building word lattice decoder.
2020-08-15 10:56:20,046 __iter__: Reading lattice file `/tmp/55088463/lattices/dspm001_dsp2013_20.lat.gz´.
2020-08-15 10:56:20,885 decode: Utterance `dspm001_dsp2013_20´ -- 1 of job 59
2020-08-15 10:56:47,919 __iter__: Reading lattice file `/tmp/55088463/lattices/dspm011_dsp2013_20.lat.gz´.
2020-08-15 10:56:47,937 decode: Utterance `dspm011_dsp2013_20´ -- 2 of job 59
2020-08-15 10:56:48,366 __iter__: Reading lattice file `/tmp/55088463/lattices/dspm021_dsp2013_17.lat.gz´.
2020-08-15 10:56:48,447 decode: Utterance `dspm021_dsp2013_17´ -- 3 of job 59
2020-08-15 10:56:51,189 __iter__: Reading lattice file `/tmp/55088463/lattices/dspm031_dsp2013_06.lat.gz´.
2020-08-15 10:56:51,308 decode: Utterance `dspm031_dsp2013_06´ -- 4 of job 59
2020-08-15 10:56:53,594 __iter__: Reading lattice file `/tmp/55088463/lattices/dspm040_dsp2013_01.lat.gz´.
2020-08-15 10:56:54,442 decode: Utterance `dspm040_dsp2013_01´ -- 5 of job 59
2020-08-15 10:57:17,991 __iter__: Reading lattice file `/tmp/55088463/lattices/dspm049_dsp2013_03.lat.gz´.
2020-08-15 10:57:18,791 decode: Utterance `dspm049_dsp2013_03´ -- 6 of job 59
2020-08-15 10:57:38,220 __iter__: Reading lattice file `/tmp/55088463/lattices/dspm057_dsp2013_08.lat.gz´.
2020-08-15 10:57:44,497 decode: Utterance `dspm057_dsp2013_08´ -- 7 of job 59
2020-08-15 11:01:39,558 __iter__: Reading lattice file `/tmp/55088463/lattices/radioshaka_kbk20120915_15.lat.gz´.
2020-08-15 11:01:40,517 decode: Utterance `radioshaka_kbk20120915_15´ -- 8 of job 59
/scratch/work/groszt1/envs/theanoLM/lib/python3.7/site-packages/theano/gpuarray/dnn.py:184: UserWarning: Your cuDNN version is more recent than Theano. If you encounter problems, try updating Theano or downgrading cuDNN to a version >= v5 and <= v7.
  warnings.warn("Your cuDNN version is more recent than "
Using cuDNN version 7600 on context None
Mapped name None to device cuda0: Tesla V100-PCIE-32GB (0000:AF:00.0)
/scratch/work/groszt1/envs/theanoLM/lib/python3.7/site-packages/h5py-2.9.0-py3.7-linux-x86_64.egg/h5py/_hl/dataset.py:313: H5pyDeprecationWarning: dataset.value has been deprecated. Use dataset[()] instead.
  "Use dataset[()] instead.", H5pyDeprecationWarning)
/scratch/work/groszt1/envs/theanoLM/lib/python3.7/site-packages/h5py-2.9.0-py3.7-linux-x86_64.egg/h5py/_hl/dataset.py:313: H5pyDeprecationWarning: dataset.value has been deprecated. Use dataset[()] instead.
  "Use dataset[()] instead.", H5pyDeprecationWarning)
decode_theanolm finished.
decode devel finished.
