Experiment: theanolm-morph-42k/expt2-sampled
Job ID: 55131153
Task ID: 38
Host: gpu10.int.triton.aalto.fi
Start date: Thu Aug 20 15:27:51 EEST 2020
Work directory: /scratch/work/moisioa3/conv_lm/experiments/theanolm-morph-42k/expt2-sampled
Temporary directory: /tmp/55131153

Currently Loaded Modules:
  1) speech-scripts/2016.05.24-b928230   6) binutils/2.25-GCCcore-5.4.0
  2) srilm/default                       7) GCC/5.4.0-2.25
  3) cuda/10.0.130                       8) libgpuarray/2017.03.29-45c731f
  4) cudnn/7.4.2-cuda                    9) anaconda3/latest
  5) GCCcore/5.4.0

 

/tmp/55131153/lattices
floatX=float32,device=cuda0,base_compiledir=/tmp/theano,exception_verbosity=high,openmp=False
/scratch/work/groszt1/envs/theanoLM/lib/python3.7/site-packages/theano/gpuarray/dnn.py:184: UserWarning: Your cuDNN version is more recent than Theano. If you encounter problems, try updating Theano or downgrading cuDNN to a version >= v5 and <= v7.
  warnings.warn("Your cuDNN version is more recent than "
Using cuDNN version 7600 on context None
Mapped name None to device cuda0: Tesla V100-PCIE-32GB (0000:AF:00.0)
TheanoLM 1.3.2
Theano 1.0.4
pygpu 0.7.6
==
+ srun --gres=gpu:1 theanolm decode /scratch/work/moisioa3/conv_lm/experiments/theanolm-morph-42k/expt2-sampled/nnlm.h5 --lattice-list /tmp/55131153/lattices/lattice-list --output-file /scratch/work/moisioa3/conv_lm/experiments/theanolm-morph-42k/expt2-sampled/decode/devel/lambda=0.5-lms=9/38.trn --output trn --nnlm-weight 0.5 --lm-scale 9 --max-tokens-per-node 62 --beam 650 --recombination-order 22 --num-jobs 128 --job 38 --unk-penalty=-20
2020-08-20 15:28:03,944 get_default_device: Context None device="Tesla V100-PCIE-32GB" ID="0000:AF:00.0"
2020-08-20 15:28:03,945 from_file: Reading vocabulary from network state.
2020-08-20 15:28:04,171 from_file: Number of words in vocabulary: 42699
2020-08-20 15:28:04,171 from_file: Number of words in shortlist: 42699
2020-08-20 15:28:04,171 from_file: Number of word classes: 42699
2020-08-20 15:28:04,171 from_file: Building neural network.
2020-08-20 15:28:33,615 from_file: Restoring neural network state.
2020-08-20 15:28:34,000 decode: Building word lattice decoder.
2020-08-20 15:28:53,965 __iter__: Reading lattice file `/tmp/55131153/lattices/dspf007_dsp2013_19.lat.gz´.
2020-08-20 15:28:54,046 decode: Utterance `dspf007_dsp2013_19´ -- 1 of job 38
2020-08-20 15:28:56,857 __iter__: Reading lattice file `/tmp/55131153/lattices/dspm010_dsp2013_25.lat.gz´.
2020-08-20 15:28:58,293 decode: Utterance `dspm010_dsp2013_25´ -- 2 of job 38
2020-08-20 15:29:51,526 __iter__: Reading lattice file `/tmp/55131153/lattices/dspm019_dsp2013_15.lat.gz´.
2020-08-20 15:29:51,660 decode: Utterance `dspm019_dsp2013_15´ -- 3 of job 38
2020-08-20 15:29:55,074 __iter__: Reading lattice file `/tmp/55131153/lattices/dspm028_dsp2013_05.lat.gz´.
2020-08-20 15:29:55,205 decode: Utterance `dspm028_dsp2013_05´ -- 4 of job 38
2020-08-20 15:29:58,303 __iter__: Reading lattice file `/tmp/55131153/lattices/dspm039_dsp2013_05.lat.gz´.
2020-08-20 15:29:58,439 decode: Utterance `dspm039_dsp2013_05´ -- 5 of job 38
2020-08-20 15:30:01,692 __iter__: Reading lattice file `/tmp/55131153/lattices/dspm048_dsp2013_03.lat.gz´.
2020-08-20 15:30:01,862 decode: Utterance `dspm048_dsp2013_03´ -- 6 of job 38
2020-08-20 15:30:06,542 __iter__: Reading lattice file `/tmp/55131153/lattices/dspm056_dsp2013_07.lat.gz´.
2020-08-20 15:30:06,716 decode: Utterance `dspm056_dsp2013_07´ -- 7 of job 38
2020-08-20 15:30:10,339 __iter__: Reading lattice file `/tmp/55131153/lattices/radionoona_fym20071218_17.lat.gz´.
2020-08-20 15:30:10,351 decode: Utterance `radionoona_fym20071218_17´ -- 8 of job 38
/scratch/work/groszt1/envs/theanoLM/lib/python3.7/site-packages/theano/gpuarray/dnn.py:184: UserWarning: Your cuDNN version is more recent than Theano. If you encounter problems, try updating Theano or downgrading cuDNN to a version >= v5 and <= v7.
  warnings.warn("Your cuDNN version is more recent than "
Using cuDNN version 7600 on context None
Mapped name None to device cuda0: Tesla V100-PCIE-32GB (0000:AF:00.0)
/scratch/work/groszt1/envs/theanoLM/lib/python3.7/site-packages/h5py-2.9.0-py3.7-linux-x86_64.egg/h5py/_hl/dataset.py:313: H5pyDeprecationWarning: dataset.value has been deprecated. Use dataset[()] instead.
  "Use dataset[()] instead.", H5pyDeprecationWarning)
/scratch/work/groszt1/envs/theanoLM/lib/python3.7/site-packages/h5py-2.9.0-py3.7-linux-x86_64.egg/h5py/_hl/dataset.py:313: H5pyDeprecationWarning: dataset.value has been deprecated. Use dataset[()] instead.
  "Use dataset[()] instead.", H5pyDeprecationWarning)
decode_theanolm finished.
/tmp/55131153/lattices
floatX=float32,device=cuda0,base_compiledir=/tmp/theano,exception_verbosity=high,openmp=False
/scratch/work/groszt1/envs/theanoLM/lib/python3.7/site-packages/theano/gpuarray/dnn.py:184: UserWarning: Your cuDNN version is more recent than Theano. If you encounter problems, try updating Theano or downgrading cuDNN to a version >= v5 and <= v7.
  warnings.warn("Your cuDNN version is more recent than "
Using cuDNN version 7600 on context None
Mapped name None to device cuda0: Tesla V100-PCIE-32GB (0000:AF:00.0)
TheanoLM 1.3.2
Theano 1.0.4
pygpu 0.7.6
==
+ srun --gres=gpu:1 theanolm decode /scratch/work/moisioa3/conv_lm/experiments/theanolm-morph-42k/expt2-sampled/nnlm.h5 --lattice-list /tmp/55131153/lattices/lattice-list --output-file /scratch/work/moisioa3/conv_lm/experiments/theanolm-morph-42k/expt2-sampled/decode/devel/lambda=0.5-lms=10/38.trn --output trn --nnlm-weight 0.5 --lm-scale 10 --max-tokens-per-node 62 --beam 650 --recombination-order 22 --num-jobs 128 --job 38 --unk-penalty=-20
2020-08-20 15:30:17,792 get_default_device: Context None device="Tesla V100-PCIE-32GB" ID="0000:AF:00.0"
2020-08-20 15:30:17,793 from_file: Reading vocabulary from network state.
2020-08-20 15:30:18,019 from_file: Number of words in vocabulary: 42699
2020-08-20 15:30:18,020 from_file: Number of words in shortlist: 42699
2020-08-20 15:30:18,020 from_file: Number of word classes: 42699
2020-08-20 15:30:18,020 from_file: Building neural network.
2020-08-20 15:30:47,329 from_file: Restoring neural network state.
2020-08-20 15:30:47,726 decode: Building word lattice decoder.
2020-08-20 15:30:51,900 __iter__: Reading lattice file `/tmp/55131153/lattices/dspf007_dsp2013_19.lat.gz´.
2020-08-20 15:30:51,983 decode: Utterance `dspf007_dsp2013_19´ -- 1 of job 38
2020-08-20 15:30:54,372 __iter__: Reading lattice file `/tmp/55131153/lattices/dspm010_dsp2013_25.lat.gz´.
2020-08-20 15:30:55,817 decode: Utterance `dspm010_dsp2013_25´ -- 2 of job 38
2020-08-20 15:31:49,527 __iter__: Reading lattice file `/tmp/55131153/lattices/dspm019_dsp2013_15.lat.gz´.
2020-08-20 15:31:49,662 decode: Utterance `dspm019_dsp2013_15´ -- 3 of job 38
2020-08-20 15:31:53,052 __iter__: Reading lattice file `/tmp/55131153/lattices/dspm028_dsp2013_05.lat.gz´.
2020-08-20 15:31:53,184 decode: Utterance `dspm028_dsp2013_05´ -- 4 of job 38
2020-08-20 15:31:56,293 __iter__: Reading lattice file `/tmp/55131153/lattices/dspm039_dsp2013_05.lat.gz´.
2020-08-20 15:31:56,428 decode: Utterance `dspm039_dsp2013_05´ -- 5 of job 38
2020-08-20 15:31:59,723 __iter__: Reading lattice file `/tmp/55131153/lattices/dspm048_dsp2013_03.lat.gz´.
2020-08-20 15:31:59,893 decode: Utterance `dspm048_dsp2013_03´ -- 6 of job 38
2020-08-20 15:32:04,583 __iter__: Reading lattice file `/tmp/55131153/lattices/dspm056_dsp2013_07.lat.gz´.
2020-08-20 15:32:04,757 decode: Utterance `dspm056_dsp2013_07´ -- 7 of job 38
2020-08-20 15:32:08,365 __iter__: Reading lattice file `/tmp/55131153/lattices/radionoona_fym20071218_17.lat.gz´.
2020-08-20 15:32:08,377 decode: Utterance `radionoona_fym20071218_17´ -- 8 of job 38
/scratch/work/groszt1/envs/theanoLM/lib/python3.7/site-packages/theano/gpuarray/dnn.py:184: UserWarning: Your cuDNN version is more recent than Theano. If you encounter problems, try updating Theano or downgrading cuDNN to a version >= v5 and <= v7.
  warnings.warn("Your cuDNN version is more recent than "
Using cuDNN version 7600 on context None
Mapped name None to device cuda0: Tesla V100-PCIE-32GB (0000:AF:00.0)
/scratch/work/groszt1/envs/theanoLM/lib/python3.7/site-packages/h5py-2.9.0-py3.7-linux-x86_64.egg/h5py/_hl/dataset.py:313: H5pyDeprecationWarning: dataset.value has been deprecated. Use dataset[()] instead.
  "Use dataset[()] instead.", H5pyDeprecationWarning)
/scratch/work/groszt1/envs/theanoLM/lib/python3.7/site-packages/h5py-2.9.0-py3.7-linux-x86_64.egg/h5py/_hl/dataset.py:313: H5pyDeprecationWarning: dataset.value has been deprecated. Use dataset[()] instead.
  "Use dataset[()] instead.", H5pyDeprecationWarning)
decode_theanolm finished.
/tmp/55131153/lattices
floatX=float32,device=cuda0,base_compiledir=/tmp/theano,exception_verbosity=high,openmp=False
/scratch/work/groszt1/envs/theanoLM/lib/python3.7/site-packages/theano/gpuarray/dnn.py:184: UserWarning: Your cuDNN version is more recent than Theano. If you encounter problems, try updating Theano or downgrading cuDNN to a version >= v5 and <= v7.
  warnings.warn("Your cuDNN version is more recent than "
Using cuDNN version 7600 on context None
Mapped name None to device cuda0: Tesla V100-PCIE-32GB (0000:AF:00.0)
TheanoLM 1.3.2
Theano 1.0.4
pygpu 0.7.6
==
+ srun --gres=gpu:1 theanolm decode /scratch/work/moisioa3/conv_lm/experiments/theanolm-morph-42k/expt2-sampled/nnlm.h5 --lattice-list /tmp/55131153/lattices/lattice-list --output-file /scratch/work/moisioa3/conv_lm/experiments/theanolm-morph-42k/expt2-sampled/decode/devel/lambda=1.0-lms=9/38.trn --output trn --nnlm-weight 1.0 --lm-scale 9 --max-tokens-per-node 62 --beam 650 --recombination-order 22 --num-jobs 128 --job 38 --unk-penalty=-20
2020-08-20 15:32:15,725 get_default_device: Context None device="Tesla V100-PCIE-32GB" ID="0000:AF:00.0"
2020-08-20 15:32:15,726 from_file: Reading vocabulary from network state.
2020-08-20 15:32:15,952 from_file: Number of words in vocabulary: 42699
2020-08-20 15:32:15,952 from_file: Number of words in shortlist: 42699
2020-08-20 15:32:15,952 from_file: Number of word classes: 42699
2020-08-20 15:32:15,952 from_file: Building neural network.
2020-08-20 15:32:45,194 from_file: Restoring neural network state.
2020-08-20 15:32:45,575 decode: Building word lattice decoder.
2020-08-20 15:32:49,700 __iter__: Reading lattice file `/tmp/55131153/lattices/dspf007_dsp2013_19.lat.gz´.
2020-08-20 15:32:49,780 decode: Utterance `dspf007_dsp2013_19´ -- 1 of job 38
2020-08-20 15:32:51,690 __iter__: Reading lattice file `/tmp/55131153/lattices/dspm010_dsp2013_25.lat.gz´.
2020-08-20 15:32:53,109 decode: Utterance `dspm010_dsp2013_25´ -- 2 of job 38
2020-08-20 15:33:29,179 __iter__: Reading lattice file `/tmp/55131153/lattices/dspm019_dsp2013_15.lat.gz´.
2020-08-20 15:33:29,311 decode: Utterance `dspm019_dsp2013_15´ -- 3 of job 38
2020-08-20 15:33:32,302 __iter__: Reading lattice file `/tmp/55131153/lattices/dspm028_dsp2013_05.lat.gz´.
2020-08-20 15:33:32,431 decode: Utterance `dspm028_dsp2013_05´ -- 4 of job 38
2020-08-20 15:33:35,253 __iter__: Reading lattice file `/tmp/55131153/lattices/dspm039_dsp2013_05.lat.gz´.
2020-08-20 15:33:35,386 decode: Utterance `dspm039_dsp2013_05´ -- 5 of job 38
2020-08-20 15:33:38,549 __iter__: Reading lattice file `/tmp/55131153/lattices/dspm048_dsp2013_03.lat.gz´.
2020-08-20 15:33:38,717 decode: Utterance `dspm048_dsp2013_03´ -- 6 of job 38
2020-08-20 15:33:42,934 __iter__: Reading lattice file `/tmp/55131153/lattices/dspm056_dsp2013_07.lat.gz´.
2020-08-20 15:33:43,107 decode: Utterance `dspm056_dsp2013_07´ -- 7 of job 38
2020-08-20 15:33:46,742 __iter__: Reading lattice file `/tmp/55131153/lattices/radionoona_fym20071218_17.lat.gz´.
2020-08-20 15:33:46,754 decode: Utterance `radionoona_fym20071218_17´ -- 8 of job 38
/scratch/work/groszt1/envs/theanoLM/lib/python3.7/site-packages/theano/gpuarray/dnn.py:184: UserWarning: Your cuDNN version is more recent than Theano. If you encounter problems, try updating Theano or downgrading cuDNN to a version >= v5 and <= v7.
  warnings.warn("Your cuDNN version is more recent than "
Using cuDNN version 7600 on context None
Mapped name None to device cuda0: Tesla V100-PCIE-32GB (0000:AF:00.0)
/scratch/work/groszt1/envs/theanoLM/lib/python3.7/site-packages/h5py-2.9.0-py3.7-linux-x86_64.egg/h5py/_hl/dataset.py:313: H5pyDeprecationWarning: dataset.value has been deprecated. Use dataset[()] instead.
  "Use dataset[()] instead.", H5pyDeprecationWarning)
/scratch/work/groszt1/envs/theanoLM/lib/python3.7/site-packages/h5py-2.9.0-py3.7-linux-x86_64.egg/h5py/_hl/dataset.py:313: H5pyDeprecationWarning: dataset.value has been deprecated. Use dataset[()] instead.
  "Use dataset[()] instead.", H5pyDeprecationWarning)
decode_theanolm finished.
/tmp/55131153/lattices
floatX=float32,device=cuda0,base_compiledir=/tmp/theano,exception_verbosity=high,openmp=False
/scratch/work/groszt1/envs/theanoLM/lib/python3.7/site-packages/theano/gpuarray/dnn.py:184: UserWarning: Your cuDNN version is more recent than Theano. If you encounter problems, try updating Theano or downgrading cuDNN to a version >= v5 and <= v7.
  warnings.warn("Your cuDNN version is more recent than "
Using cuDNN version 7600 on context None
Mapped name None to device cuda0: Tesla V100-PCIE-32GB (0000:AF:00.0)
TheanoLM 1.3.2
Theano 1.0.4
pygpu 0.7.6
==
+ srun --gres=gpu:1 theanolm decode /scratch/work/moisioa3/conv_lm/experiments/theanolm-morph-42k/expt2-sampled/nnlm.h5 --lattice-list /tmp/55131153/lattices/lattice-list --output-file /scratch/work/moisioa3/conv_lm/experiments/theanolm-morph-42k/expt2-sampled/decode/devel/lambda=1.0-lms=10/38.trn --output trn --nnlm-weight 1.0 --lm-scale 10 --max-tokens-per-node 62 --beam 650 --recombination-order 22 --num-jobs 128 --job 38 --unk-penalty=-20
2020-08-20 15:33:54,146 get_default_device: Context None device="Tesla V100-PCIE-32GB" ID="0000:AF:00.0"
2020-08-20 15:33:54,147 from_file: Reading vocabulary from network state.
2020-08-20 15:33:54,373 from_file: Number of words in vocabulary: 42699
2020-08-20 15:33:54,374 from_file: Number of words in shortlist: 42699
2020-08-20 15:33:54,374 from_file: Number of word classes: 42699
2020-08-20 15:33:54,374 from_file: Building neural network.
2020-08-20 15:34:23,824 from_file: Restoring neural network state.
2020-08-20 15:34:24,209 decode: Building word lattice decoder.
2020-08-20 15:34:28,297 __iter__: Reading lattice file `/tmp/55131153/lattices/dspf007_dsp2013_19.lat.gz´.
2020-08-20 15:34:28,378 decode: Utterance `dspf007_dsp2013_19´ -- 1 of job 38
2020-08-20 15:34:30,277 __iter__: Reading lattice file `/tmp/55131153/lattices/dspm010_dsp2013_25.lat.gz´.
2020-08-20 15:34:31,700 decode: Utterance `dspm010_dsp2013_25´ -- 2 of job 38
2020-08-20 15:35:08,470 __iter__: Reading lattice file `/tmp/55131153/lattices/dspm019_dsp2013_15.lat.gz´.
2020-08-20 15:35:08,603 decode: Utterance `dspm019_dsp2013_15´ -- 3 of job 38
2020-08-20 15:35:11,599 __iter__: Reading lattice file `/tmp/55131153/lattices/dspm028_dsp2013_05.lat.gz´.
2020-08-20 15:35:11,729 decode: Utterance `dspm028_dsp2013_05´ -- 4 of job 38
2020-08-20 15:35:14,562 __iter__: Reading lattice file `/tmp/55131153/lattices/dspm039_dsp2013_05.lat.gz´.
2020-08-20 15:35:14,696 decode: Utterance `dspm039_dsp2013_05´ -- 5 of job 38
2020-08-20 15:35:17,863 __iter__: Reading lattice file `/tmp/55131153/lattices/dspm048_dsp2013_03.lat.gz´.
2020-08-20 15:35:18,031 decode: Utterance `dspm048_dsp2013_03´ -- 6 of job 38
2020-08-20 15:35:22,280 __iter__: Reading lattice file `/tmp/55131153/lattices/dspm056_dsp2013_07.lat.gz´.
2020-08-20 15:35:22,454 decode: Utterance `dspm056_dsp2013_07´ -- 7 of job 38
2020-08-20 15:35:26,076 __iter__: Reading lattice file `/tmp/55131153/lattices/radionoona_fym20071218_17.lat.gz´.
2020-08-20 15:35:26,088 decode: Utterance `radionoona_fym20071218_17´ -- 8 of job 38
/scratch/work/groszt1/envs/theanoLM/lib/python3.7/site-packages/theano/gpuarray/dnn.py:184: UserWarning: Your cuDNN version is more recent than Theano. If you encounter problems, try updating Theano or downgrading cuDNN to a version >= v5 and <= v7.
  warnings.warn("Your cuDNN version is more recent than "
Using cuDNN version 7600 on context None
Mapped name None to device cuda0: Tesla V100-PCIE-32GB (0000:AF:00.0)
/scratch/work/groszt1/envs/theanoLM/lib/python3.7/site-packages/h5py-2.9.0-py3.7-linux-x86_64.egg/h5py/_hl/dataset.py:313: H5pyDeprecationWarning: dataset.value has been deprecated. Use dataset[()] instead.
  "Use dataset[()] instead.", H5pyDeprecationWarning)
/scratch/work/groszt1/envs/theanoLM/lib/python3.7/site-packages/h5py-2.9.0-py3.7-linux-x86_64.egg/h5py/_hl/dataset.py:313: H5pyDeprecationWarning: dataset.value has been deprecated. Use dataset[()] instead.
  "Use dataset[()] instead.", H5pyDeprecationWarning)
decode_theanolm finished.
decode devel finished.
