Experiment: theanolm-morph-42k/expt2-sampled
Job ID: 55088298
Task ID: 39
Host: gpu20.int.triton.aalto.fi
Start date: Sat Aug 15 09:09:12 EEST 2020
Work directory: /scratch/work/moisioa3/conv_lm/experiments/theanolm-morph-42k/expt2-sampled
Temporary directory: /tmp/55088298

Currently Loaded Modules:
  1) speech-scripts/2016.05.24-b928230   6) binutils/2.25-GCCcore-5.4.0
  2) srilm/default                       7) GCC/5.4.0-2.25
  3) cuda/10.0.130                       8) libgpuarray/2017.03.29-45c731f
  4) cudnn/7.4.2-cuda                    9) anaconda3/latest
  5) GCCcore/5.4.0

 

/tmp/55088298/lattices
floatX=float32,device=cuda0,base_compiledir=/tmp/theano,exception_verbosity=high,openmp=False
INFO (theano.gof.compilelock): Waiting for existing lock by process '6353' (I am process '6347')
INFO (theano.gof.compilelock): To manually release the lock, delete /tmp/theano/compiledir_Linux-3.10-el7.x86_64-x86_64-with-centos-7.8.2003-Core-x86_64-3.7.3-64/lock_dir
INFO (theano.gof.compilelock): Waiting for existing lock by process '6354' (I am process '6347')
INFO (theano.gof.compilelock): To manually release the lock, delete /tmp/theano/compiledir_Linux-3.10-el7.x86_64-x86_64-with-centos-7.8.2003-Core-x86_64-3.7.3-64/lock_dir
WARNING (theano.gof.compilelock): Refreshing lock failed, we release the lock before raising again the exception
WARNING (theano.gof.compilelock): Something wrong happened: <class 'FileNotFoundError'> [Errno 2] No such file or directory: '/tmp/theano/compiledir_Linux-3.10-el7.x86_64-x86_64-with-centos-7.8.2003-Core-x86_64-3.7.3-64/lock_dir/lock'
/scratch/work/groszt1/envs/theanoLM/lib/python3.7/site-packages/theano/gpuarray/dnn.py:184: UserWarning: Your cuDNN version is more recent than Theano. If you encounter problems, try updating Theano or downgrading cuDNN to a version >= v5 and <= v7.
  warnings.warn("Your cuDNN version is more recent than "
Using cuDNN version 7600 on context None
Mapped name None to device cuda0: Tesla K80 (0000:88:00.0)
TheanoLM 1.3.2
Theano 1.0.4
pygpu 0.7.6
==
+ srun --gres=gpu:1 theanolm decode /scratch/work/moisioa3/conv_lm/experiments/theanolm-morph-42k/expt2-sampled/nnlm.h5 --lattice-list /tmp/55088298/lattices/lattice-list --output-file /scratch/work/moisioa3/conv_lm/experiments/theanolm-morph-42k/expt2-sampled/decode/devel/lambda=0.5-lms=8/39.trn --output trn --nnlm-weight 0.5 --lm-scale 8 --max-tokens-per-node 62 --beam 650 --recombination-order 22 --num-jobs 128 --job 39 --unk-penalty=-20
2020-08-15 09:10:09,097 get_default_device: Context None device="Tesla K80" ID="0000:88:00.0"
2020-08-15 09:10:09,099 from_file: Reading vocabulary from network state.
2020-08-15 09:10:09,337 from_file: Number of words in vocabulary: 42699
2020-08-15 09:10:09,337 from_file: Number of words in shortlist: 42699
2020-08-15 09:10:09,337 from_file: Number of word classes: 42699
2020-08-15 09:10:09,338 from_file: Building neural network.
2020-08-15 09:10:55,038 from_file: Restoring neural network state.
2020-08-15 09:10:55,342 decode: Building word lattice decoder.
2020-08-15 09:11:00,367 __iter__: Reading lattice file `/tmp/55088298/lattices/dspf007_dsp2013_20.lat.gz´.
2020-08-15 09:11:00,467 decode: Utterance `dspf007_dsp2013_20´ -- 1 of job 39
2020-08-15 09:11:07,424 __iter__: Reading lattice file `/tmp/55088298/lattices/dspm010_dsp2013_26.lat.gz´.
2020-08-15 09:11:08,272 decode: Utterance `dspm010_dsp2013_26´ -- 2 of job 39
2020-08-15 09:12:03,538 __iter__: Reading lattice file `/tmp/55088298/lattices/dspm019_dsp2013_17.lat.gz´.
2020-08-15 09:12:03,555 decode: Utterance `dspm019_dsp2013_17´ -- 3 of job 39
2020-08-15 09:12:04,604 __iter__: Reading lattice file `/tmp/55088298/lattices/dspm028_dsp2013_06.lat.gz´.
2020-08-15 09:12:05,006 decode: Utterance `dspm028_dsp2013_06´ -- 4 of job 39
2020-08-15 09:12:25,009 __iter__: Reading lattice file `/tmp/55088298/lattices/dspm039_dsp2013_07.lat.gz´.
2020-08-15 09:12:25,035 decode: Utterance `dspm039_dsp2013_07´ -- 5 of job 39
2020-08-15 09:12:26,329 __iter__: Reading lattice file `/tmp/55088298/lattices/dspm048_dsp2013_04.lat.gz´.
2020-08-15 09:12:26,363 decode: Utterance `dspm048_dsp2013_04´ -- 6 of job 39
2020-08-15 09:12:28,732 __iter__: Reading lattice file `/tmp/55088298/lattices/dspm056_dsp2013_08.lat.gz´.
2020-08-15 09:12:28,816 decode: Utterance `dspm056_dsp2013_08´ -- 7 of job 39
2020-08-15 09:12:32,854 __iter__: Reading lattice file `/tmp/55088298/lattices/radionoona_fym20071218_20.lat.gz´.
2020-08-15 09:12:32,890 decode: Utterance `radionoona_fym20071218_20´ -- 8 of job 39
/scratch/work/groszt1/envs/theanoLM/lib/python3.7/site-packages/theano/gpuarray/dnn.py:184: UserWarning: Your cuDNN version is more recent than Theano. If you encounter problems, try updating Theano or downgrading cuDNN to a version >= v5 and <= v7.
  warnings.warn("Your cuDNN version is more recent than "
Using cuDNN version 7600 on context None
Mapped name None to device cuda0: Tesla K80 (0000:88:00.0)
/scratch/work/groszt1/envs/theanoLM/lib/python3.7/site-packages/h5py-2.9.0-py3.7-linux-x86_64.egg/h5py/_hl/dataset.py:313: H5pyDeprecationWarning: dataset.value has been deprecated. Use dataset[()] instead.
  "Use dataset[()] instead.", H5pyDeprecationWarning)
/scratch/work/groszt1/envs/theanoLM/lib/python3.7/site-packages/h5py-2.9.0-py3.7-linux-x86_64.egg/h5py/_hl/dataset.py:313: H5pyDeprecationWarning: dataset.value has been deprecated. Use dataset[()] instead.
  "Use dataset[()] instead.", H5pyDeprecationWarning)
decode_theanolm finished.
/tmp/55088298/lattices
floatX=float32,device=cuda0,base_compiledir=/tmp/theano,exception_verbosity=high,openmp=False
/scratch/work/groszt1/envs/theanoLM/lib/python3.7/site-packages/theano/gpuarray/dnn.py:184: UserWarning: Your cuDNN version is more recent than Theano. If you encounter problems, try updating Theano or downgrading cuDNN to a version >= v5 and <= v7.
  warnings.warn("Your cuDNN version is more recent than "
Using cuDNN version 7600 on context None
Mapped name None to device cuda0: Tesla K80 (0000:88:00.0)
TheanoLM 1.3.2
Theano 1.0.4
pygpu 0.7.6
==
+ srun --gres=gpu:1 theanolm decode /scratch/work/moisioa3/conv_lm/experiments/theanolm-morph-42k/expt2-sampled/nnlm.h5 --lattice-list /tmp/55088298/lattices/lattice-list --output-file /scratch/work/moisioa3/conv_lm/experiments/theanolm-morph-42k/expt2-sampled/decode/devel/lambda=0.5-lms=9/39.trn --output trn --nnlm-weight 0.5 --lm-scale 9 --max-tokens-per-node 62 --beam 650 --recombination-order 22 --num-jobs 128 --job 39 --unk-penalty=-20
2020-08-15 09:12:40,926 get_default_device: Context None device="Tesla K80" ID="0000:88:00.0"
2020-08-15 09:12:40,928 from_file: Reading vocabulary from network state.
2020-08-15 09:12:41,173 from_file: Number of words in vocabulary: 42699
2020-08-15 09:12:41,173 from_file: Number of words in shortlist: 42699
2020-08-15 09:12:41,174 from_file: Number of word classes: 42699
2020-08-15 09:12:41,174 from_file: Building neural network.
2020-08-15 09:13:18,729 from_file: Restoring neural network state.
2020-08-15 09:13:19,044 decode: Building word lattice decoder.
2020-08-15 09:13:24,089 __iter__: Reading lattice file `/tmp/55088298/lattices/dspf007_dsp2013_20.lat.gz´.
2020-08-15 09:13:24,191 decode: Utterance `dspf007_dsp2013_20´ -- 1 of job 39
2020-08-15 09:13:31,166 __iter__: Reading lattice file `/tmp/55088298/lattices/dspm010_dsp2013_26.lat.gz´.
2020-08-15 09:13:31,919 decode: Utterance `dspm010_dsp2013_26´ -- 2 of job 39
2020-08-15 09:14:30,009 __iter__: Reading lattice file `/tmp/55088298/lattices/dspm019_dsp2013_17.lat.gz´.
2020-08-15 09:14:30,025 decode: Utterance `dspm019_dsp2013_17´ -- 3 of job 39
2020-08-15 09:14:31,088 __iter__: Reading lattice file `/tmp/55088298/lattices/dspm028_dsp2013_06.lat.gz´.
2020-08-15 09:14:31,485 decode: Utterance `dspm028_dsp2013_06´ -- 4 of job 39
2020-08-15 09:14:51,553 __iter__: Reading lattice file `/tmp/55088298/lattices/dspm039_dsp2013_07.lat.gz´.
2020-08-15 09:14:51,580 decode: Utterance `dspm039_dsp2013_07´ -- 5 of job 39
2020-08-15 09:14:52,872 __iter__: Reading lattice file `/tmp/55088298/lattices/dspm048_dsp2013_04.lat.gz´.
2020-08-15 09:14:52,906 decode: Utterance `dspm048_dsp2013_04´ -- 6 of job 39
2020-08-15 09:14:55,301 __iter__: Reading lattice file `/tmp/55088298/lattices/dspm056_dsp2013_08.lat.gz´.
2020-08-15 09:14:55,386 decode: Utterance `dspm056_dsp2013_08´ -- 7 of job 39
2020-08-15 09:14:59,482 __iter__: Reading lattice file `/tmp/55088298/lattices/radionoona_fym20071218_20.lat.gz´.
2020-08-15 09:14:59,519 decode: Utterance `radionoona_fym20071218_20´ -- 8 of job 39
/scratch/work/groszt1/envs/theanoLM/lib/python3.7/site-packages/theano/gpuarray/dnn.py:184: UserWarning: Your cuDNN version is more recent than Theano. If you encounter problems, try updating Theano or downgrading cuDNN to a version >= v5 and <= v7.
  warnings.warn("Your cuDNN version is more recent than "
Using cuDNN version 7600 on context None
Mapped name None to device cuda0: Tesla K80 (0000:88:00.0)
/scratch/work/groszt1/envs/theanoLM/lib/python3.7/site-packages/h5py-2.9.0-py3.7-linux-x86_64.egg/h5py/_hl/dataset.py:313: H5pyDeprecationWarning: dataset.value has been deprecated. Use dataset[()] instead.
  "Use dataset[()] instead.", H5pyDeprecationWarning)
/scratch/work/groszt1/envs/theanoLM/lib/python3.7/site-packages/h5py-2.9.0-py3.7-linux-x86_64.egg/h5py/_hl/dataset.py:313: H5pyDeprecationWarning: dataset.value has been deprecated. Use dataset[()] instead.
  "Use dataset[()] instead.", H5pyDeprecationWarning)
decode_theanolm finished.
/tmp/55088298/lattices
floatX=float32,device=cuda0,base_compiledir=/tmp/theano,exception_verbosity=high,openmp=False
/scratch/work/groszt1/envs/theanoLM/lib/python3.7/site-packages/theano/gpuarray/dnn.py:184: UserWarning: Your cuDNN version is more recent than Theano. If you encounter problems, try updating Theano or downgrading cuDNN to a version >= v5 and <= v7.
  warnings.warn("Your cuDNN version is more recent than "
Using cuDNN version 7600 on context None
Mapped name None to device cuda0: Tesla K80 (0000:88:00.0)
TheanoLM 1.3.2
Theano 1.0.4
pygpu 0.7.6
==
+ srun --gres=gpu:1 theanolm decode /scratch/work/moisioa3/conv_lm/experiments/theanolm-morph-42k/expt2-sampled/nnlm.h5 --lattice-list /tmp/55088298/lattices/lattice-list --output-file /scratch/work/moisioa3/conv_lm/experiments/theanolm-morph-42k/expt2-sampled/decode/devel/lambda=0.5-lms=10/39.trn --output trn --nnlm-weight 0.5 --lm-scale 10 --max-tokens-per-node 62 --beam 650 --recombination-order 22 --num-jobs 128 --job 39 --unk-penalty=-20
2020-08-15 09:15:08,262 get_default_device: Context None device="Tesla K80" ID="0000:88:00.0"
2020-08-15 09:15:08,263 from_file: Reading vocabulary from network state.
2020-08-15 09:15:08,507 from_file: Number of words in vocabulary: 42699
2020-08-15 09:15:08,507 from_file: Number of words in shortlist: 42699
2020-08-15 09:15:08,507 from_file: Number of word classes: 42699
2020-08-15 09:15:08,507 from_file: Building neural network.
2020-08-15 09:15:47,152 from_file: Restoring neural network state.
2020-08-15 09:15:47,470 decode: Building word lattice decoder.
2020-08-15 09:15:53,959 __iter__: Reading lattice file `/tmp/55088298/lattices/dspf007_dsp2013_20.lat.gz´.
2020-08-15 09:15:54,059 decode: Utterance `dspf007_dsp2013_20´ -- 1 of job 39
2020-08-15 09:16:01,111 __iter__: Reading lattice file `/tmp/55088298/lattices/dspm010_dsp2013_26.lat.gz´.
2020-08-15 09:16:01,867 decode: Utterance `dspm010_dsp2013_26´ -- 2 of job 39
2020-08-15 09:17:00,216 __iter__: Reading lattice file `/tmp/55088298/lattices/dspm019_dsp2013_17.lat.gz´.
2020-08-15 09:17:00,233 decode: Utterance `dspm019_dsp2013_17´ -- 3 of job 39
2020-08-15 09:17:01,274 __iter__: Reading lattice file `/tmp/55088298/lattices/dspm028_dsp2013_06.lat.gz´.
2020-08-15 09:17:01,660 decode: Utterance `dspm028_dsp2013_06´ -- 4 of job 39
2020-08-15 09:17:21,674 __iter__: Reading lattice file `/tmp/55088298/lattices/dspm039_dsp2013_07.lat.gz´.
2020-08-15 09:17:21,700 decode: Utterance `dspm039_dsp2013_07´ -- 5 of job 39
2020-08-15 09:17:22,998 __iter__: Reading lattice file `/tmp/55088298/lattices/dspm048_dsp2013_04.lat.gz´.
2020-08-15 09:17:23,031 decode: Utterance `dspm048_dsp2013_04´ -- 6 of job 39
2020-08-15 09:17:25,425 __iter__: Reading lattice file `/tmp/55088298/lattices/dspm056_dsp2013_08.lat.gz´.
2020-08-15 09:17:25,515 decode: Utterance `dspm056_dsp2013_08´ -- 7 of job 39
2020-08-15 09:17:29,677 __iter__: Reading lattice file `/tmp/55088298/lattices/radionoona_fym20071218_20.lat.gz´.
2020-08-15 09:17:29,713 decode: Utterance `radionoona_fym20071218_20´ -- 8 of job 39
/scratch/work/groszt1/envs/theanoLM/lib/python3.7/site-packages/theano/gpuarray/dnn.py:184: UserWarning: Your cuDNN version is more recent than Theano. If you encounter problems, try updating Theano or downgrading cuDNN to a version >= v5 and <= v7.
  warnings.warn("Your cuDNN version is more recent than "
Using cuDNN version 7600 on context None
Mapped name None to device cuda0: Tesla K80 (0000:88:00.0)
/scratch/work/groszt1/envs/theanoLM/lib/python3.7/site-packages/h5py-2.9.0-py3.7-linux-x86_64.egg/h5py/_hl/dataset.py:313: H5pyDeprecationWarning: dataset.value has been deprecated. Use dataset[()] instead.
  "Use dataset[()] instead.", H5pyDeprecationWarning)
/scratch/work/groszt1/envs/theanoLM/lib/python3.7/site-packages/h5py-2.9.0-py3.7-linux-x86_64.egg/h5py/_hl/dataset.py:313: H5pyDeprecationWarning: dataset.value has been deprecated. Use dataset[()] instead.
  "Use dataset[()] instead.", H5pyDeprecationWarning)
decode_theanolm finished.
/tmp/55088298/lattices
floatX=float32,device=cuda0,base_compiledir=/tmp/theano,exception_verbosity=high,openmp=False
/scratch/work/groszt1/envs/theanoLM/lib/python3.7/site-packages/theano/gpuarray/dnn.py:184: UserWarning: Your cuDNN version is more recent than Theano. If you encounter problems, try updating Theano or downgrading cuDNN to a version >= v5 and <= v7.
  warnings.warn("Your cuDNN version is more recent than "
Using cuDNN version 7600 on context None
Mapped name None to device cuda0: Tesla K80 (0000:88:00.0)
TheanoLM 1.3.2
Theano 1.0.4
pygpu 0.7.6
==
+ srun --gres=gpu:1 theanolm decode /scratch/work/moisioa3/conv_lm/experiments/theanolm-morph-42k/expt2-sampled/nnlm.h5 --lattice-list /tmp/55088298/lattices/lattice-list --output-file /scratch/work/moisioa3/conv_lm/experiments/theanolm-morph-42k/expt2-sampled/decode/devel/lambda=0.5-lms=11/39.trn --output trn --nnlm-weight 0.5 --lm-scale 11 --max-tokens-per-node 62 --beam 650 --recombination-order 22 --num-jobs 128 --job 39 --unk-penalty=-20
2020-08-15 09:17:38,580 get_default_device: Context None device="Tesla K80" ID="0000:88:00.0"
2020-08-15 09:17:38,581 from_file: Reading vocabulary from network state.
2020-08-15 09:17:38,831 from_file: Number of words in vocabulary: 42699
2020-08-15 09:17:38,831 from_file: Number of words in shortlist: 42699
2020-08-15 09:17:38,831 from_file: Number of word classes: 42699
2020-08-15 09:17:38,831 from_file: Building neural network.
2020-08-15 09:18:18,723 from_file: Restoring neural network state.
2020-08-15 09:18:19,039 decode: Building word lattice decoder.
2020-08-15 09:18:24,343 __iter__: Reading lattice file `/tmp/55088298/lattices/dspf007_dsp2013_20.lat.gz´.
2020-08-15 09:18:24,441 decode: Utterance `dspf007_dsp2013_20´ -- 1 of job 39
2020-08-15 09:18:31,679 __iter__: Reading lattice file `/tmp/55088298/lattices/dspm010_dsp2013_26.lat.gz´.
2020-08-15 09:18:32,478 decode: Utterance `dspm010_dsp2013_26´ -- 2 of job 39
2020-08-15 09:19:30,839 __iter__: Reading lattice file `/tmp/55088298/lattices/dspm019_dsp2013_17.lat.gz´.
2020-08-15 09:19:30,856 decode: Utterance `dspm019_dsp2013_17´ -- 3 of job 39
2020-08-15 09:19:31,888 __iter__: Reading lattice file `/tmp/55088298/lattices/dspm028_dsp2013_06.lat.gz´.
2020-08-15 09:19:32,264 decode: Utterance `dspm028_dsp2013_06´ -- 4 of job 39
2020-08-15 09:19:52,318 __iter__: Reading lattice file `/tmp/55088298/lattices/dspm039_dsp2013_07.lat.gz´.
2020-08-15 09:19:52,344 decode: Utterance `dspm039_dsp2013_07´ -- 5 of job 39
2020-08-15 09:19:53,654 __iter__: Reading lattice file `/tmp/55088298/lattices/dspm048_dsp2013_04.lat.gz´.
2020-08-15 09:19:53,693 decode: Utterance `dspm048_dsp2013_04´ -- 6 of job 39
2020-08-15 09:19:56,103 __iter__: Reading lattice file `/tmp/55088298/lattices/dspm056_dsp2013_08.lat.gz´.
2020-08-15 09:19:56,184 decode: Utterance `dspm056_dsp2013_08´ -- 7 of job 39
2020-08-15 09:20:00,398 __iter__: Reading lattice file `/tmp/55088298/lattices/radionoona_fym20071218_20.lat.gz´.
2020-08-15 09:20:00,432 decode: Utterance `radionoona_fym20071218_20´ -- 8 of job 39
/scratch/work/groszt1/envs/theanoLM/lib/python3.7/site-packages/theano/gpuarray/dnn.py:184: UserWarning: Your cuDNN version is more recent than Theano. If you encounter problems, try updating Theano or downgrading cuDNN to a version >= v5 and <= v7.
  warnings.warn("Your cuDNN version is more recent than "
Using cuDNN version 7600 on context None
Mapped name None to device cuda0: Tesla K80 (0000:88:00.0)
/scratch/work/groszt1/envs/theanoLM/lib/python3.7/site-packages/h5py-2.9.0-py3.7-linux-x86_64.egg/h5py/_hl/dataset.py:313: H5pyDeprecationWarning: dataset.value has been deprecated. Use dataset[()] instead.
  "Use dataset[()] instead.", H5pyDeprecationWarning)
/scratch/work/groszt1/envs/theanoLM/lib/python3.7/site-packages/h5py-2.9.0-py3.7-linux-x86_64.egg/h5py/_hl/dataset.py:313: H5pyDeprecationWarning: dataset.value has been deprecated. Use dataset[()] instead.
  "Use dataset[()] instead.", H5pyDeprecationWarning)
decode_theanolm finished.
/tmp/55088298/lattices
floatX=float32,device=cuda0,base_compiledir=/tmp/theano,exception_verbosity=high,openmp=False
/scratch/work/groszt1/envs/theanoLM/lib/python3.7/site-packages/theano/gpuarray/dnn.py:184: UserWarning: Your cuDNN version is more recent than Theano. If you encounter problems, try updating Theano or downgrading cuDNN to a version >= v5 and <= v7.
  warnings.warn("Your cuDNN version is more recent than "
Using cuDNN version 7600 on context None
Mapped name None to device cuda0: Tesla K80 (0000:88:00.0)
TheanoLM 1.3.2
Theano 1.0.4
pygpu 0.7.6
==
+ srun --gres=gpu:1 theanolm decode /scratch/work/moisioa3/conv_lm/experiments/theanolm-morph-42k/expt2-sampled/nnlm.h5 --lattice-list /tmp/55088298/lattices/lattice-list --output-file /scratch/work/moisioa3/conv_lm/experiments/theanolm-morph-42k/expt2-sampled/decode/devel/lambda=0.5-lms=12/39.trn --output trn --nnlm-weight 0.5 --lm-scale 12 --max-tokens-per-node 62 --beam 650 --recombination-order 22 --num-jobs 128 --job 39 --unk-penalty=-20
2020-08-15 09:20:08,671 get_default_device: Context None device="Tesla K80" ID="0000:88:00.0"
2020-08-15 09:20:08,673 from_file: Reading vocabulary from network state.
2020-08-15 09:20:08,919 from_file: Number of words in vocabulary: 42699
2020-08-15 09:20:08,919 from_file: Number of words in shortlist: 42699
2020-08-15 09:20:08,919 from_file: Number of word classes: 42699
2020-08-15 09:20:08,919 from_file: Building neural network.
2020-08-15 09:20:47,934 from_file: Restoring neural network state.
2020-08-15 09:20:48,250 decode: Building word lattice decoder.
2020-08-15 09:20:53,412 __iter__: Reading lattice file `/tmp/55088298/lattices/dspf007_dsp2013_20.lat.gz´.
2020-08-15 09:20:53,511 decode: Utterance `dspf007_dsp2013_20´ -- 1 of job 39
2020-08-15 09:21:00,632 __iter__: Reading lattice file `/tmp/55088298/lattices/dspm010_dsp2013_26.lat.gz´.
2020-08-15 09:21:01,382 decode: Utterance `dspm010_dsp2013_26´ -- 2 of job 39
2020-08-15 09:22:00,431 __iter__: Reading lattice file `/tmp/55088298/lattices/dspm019_dsp2013_17.lat.gz´.
2020-08-15 09:22:00,447 decode: Utterance `dspm019_dsp2013_17´ -- 3 of job 39
2020-08-15 09:22:01,472 __iter__: Reading lattice file `/tmp/55088298/lattices/dspm028_dsp2013_06.lat.gz´.
2020-08-15 09:22:01,864 decode: Utterance `dspm028_dsp2013_06´ -- 4 of job 39
2020-08-15 09:22:22,666 __iter__: Reading lattice file `/tmp/55088298/lattices/dspm039_dsp2013_07.lat.gz´.
2020-08-15 09:22:22,692 decode: Utterance `dspm039_dsp2013_07´ -- 5 of job 39
2020-08-15 09:22:24,041 __iter__: Reading lattice file `/tmp/55088298/lattices/dspm048_dsp2013_04.lat.gz´.
2020-08-15 09:22:24,074 decode: Utterance `dspm048_dsp2013_04´ -- 6 of job 39
2020-08-15 09:22:26,506 __iter__: Reading lattice file `/tmp/55088298/lattices/dspm056_dsp2013_08.lat.gz´.
2020-08-15 09:22:26,589 decode: Utterance `dspm056_dsp2013_08´ -- 7 of job 39
2020-08-15 09:22:30,990 __iter__: Reading lattice file `/tmp/55088298/lattices/radionoona_fym20071218_20.lat.gz´.
2020-08-15 09:22:31,026 decode: Utterance `radionoona_fym20071218_20´ -- 8 of job 39
/scratch/work/groszt1/envs/theanoLM/lib/python3.7/site-packages/theano/gpuarray/dnn.py:184: UserWarning: Your cuDNN version is more recent than Theano. If you encounter problems, try updating Theano or downgrading cuDNN to a version >= v5 and <= v7.
  warnings.warn("Your cuDNN version is more recent than "
Using cuDNN version 7600 on context None
Mapped name None to device cuda0: Tesla K80 (0000:88:00.0)
/scratch/work/groszt1/envs/theanoLM/lib/python3.7/site-packages/h5py-2.9.0-py3.7-linux-x86_64.egg/h5py/_hl/dataset.py:313: H5pyDeprecationWarning: dataset.value has been deprecated. Use dataset[()] instead.
  "Use dataset[()] instead.", H5pyDeprecationWarning)
/scratch/work/groszt1/envs/theanoLM/lib/python3.7/site-packages/h5py-2.9.0-py3.7-linux-x86_64.egg/h5py/_hl/dataset.py:313: H5pyDeprecationWarning: dataset.value has been deprecated. Use dataset[()] instead.
  "Use dataset[()] instead.", H5pyDeprecationWarning)
decode_theanolm finished.
/tmp/55088298/lattices
floatX=float32,device=cuda0,base_compiledir=/tmp/theano,exception_verbosity=high,openmp=False
/scratch/work/groszt1/envs/theanoLM/lib/python3.7/site-packages/theano/gpuarray/dnn.py:184: UserWarning: Your cuDNN version is more recent than Theano. If you encounter problems, try updating Theano or downgrading cuDNN to a version >= v5 and <= v7.
  warnings.warn("Your cuDNN version is more recent than "
Using cuDNN version 7600 on context None
Mapped name None to device cuda0: Tesla K80 (0000:88:00.0)
TheanoLM 1.3.2
Theano 1.0.4
pygpu 0.7.6
==
+ srun --gres=gpu:1 theanolm decode /scratch/work/moisioa3/conv_lm/experiments/theanolm-morph-42k/expt2-sampled/nnlm.h5 --lattice-list /tmp/55088298/lattices/lattice-list --output-file /scratch/work/moisioa3/conv_lm/experiments/theanolm-morph-42k/expt2-sampled/decode/devel/lambda=1.0-lms=8/39.trn --output trn --nnlm-weight 1.0 --lm-scale 8 --max-tokens-per-node 62 --beam 650 --recombination-order 22 --num-jobs 128 --job 39 --unk-penalty=-20
2020-08-15 09:22:39,254 get_default_device: Context None device="Tesla K80" ID="0000:88:00.0"
2020-08-15 09:22:39,255 from_file: Reading vocabulary from network state.
2020-08-15 09:22:39,519 from_file: Number of words in vocabulary: 42699
2020-08-15 09:22:39,519 from_file: Number of words in shortlist: 42699
2020-08-15 09:22:39,519 from_file: Number of word classes: 42699
2020-08-15 09:22:39,519 from_file: Building neural network.
2020-08-15 09:23:17,924 from_file: Restoring neural network state.
2020-08-15 09:23:18,263 decode: Building word lattice decoder.
2020-08-15 09:23:23,440 __iter__: Reading lattice file `/tmp/55088298/lattices/dspf007_dsp2013_20.lat.gz´.
2020-08-15 09:23:23,544 decode: Utterance `dspf007_dsp2013_20´ -- 1 of job 39
2020-08-15 09:23:30,022 __iter__: Reading lattice file `/tmp/55088298/lattices/dspm010_dsp2013_26.lat.gz´.
2020-08-15 09:23:30,934 decode: Utterance `dspm010_dsp2013_26´ -- 2 of job 39
2020-08-15 09:24:14,357 __iter__: Reading lattice file `/tmp/55088298/lattices/dspm019_dsp2013_17.lat.gz´.
2020-08-15 09:24:14,375 decode: Utterance `dspm019_dsp2013_17´ -- 3 of job 39
2020-08-15 09:24:15,348 __iter__: Reading lattice file `/tmp/55088298/lattices/dspm028_dsp2013_06.lat.gz´.
2020-08-15 09:24:15,775 decode: Utterance `dspm028_dsp2013_06´ -- 4 of job 39
2020-08-15 09:24:35,291 __iter__: Reading lattice file `/tmp/55088298/lattices/dspm039_dsp2013_07.lat.gz´.
2020-08-15 09:24:35,318 decode: Utterance `dspm039_dsp2013_07´ -- 5 of job 39
2020-08-15 09:24:36,562 __iter__: Reading lattice file `/tmp/55088298/lattices/dspm048_dsp2013_04.lat.gz´.
2020-08-15 09:24:36,597 decode: Utterance `dspm048_dsp2013_04´ -- 6 of job 39
2020-08-15 09:24:38,854 __iter__: Reading lattice file `/tmp/55088298/lattices/dspm056_dsp2013_08.lat.gz´.
2020-08-15 09:24:38,947 decode: Utterance `dspm056_dsp2013_08´ -- 7 of job 39
2020-08-15 09:24:42,642 __iter__: Reading lattice file `/tmp/55088298/lattices/radionoona_fym20071218_20.lat.gz´.
2020-08-15 09:24:42,678 decode: Utterance `radionoona_fym20071218_20´ -- 8 of job 39
/scratch/work/groszt1/envs/theanoLM/lib/python3.7/site-packages/theano/gpuarray/dnn.py:184: UserWarning: Your cuDNN version is more recent than Theano. If you encounter problems, try updating Theano or downgrading cuDNN to a version >= v5 and <= v7.
  warnings.warn("Your cuDNN version is more recent than "
Using cuDNN version 7600 on context None
Mapped name None to device cuda0: Tesla K80 (0000:88:00.0)
/scratch/work/groszt1/envs/theanoLM/lib/python3.7/site-packages/h5py-2.9.0-py3.7-linux-x86_64.egg/h5py/_hl/dataset.py:313: H5pyDeprecationWarning: dataset.value has been deprecated. Use dataset[()] instead.
  "Use dataset[()] instead.", H5pyDeprecationWarning)
/scratch/work/groszt1/envs/theanoLM/lib/python3.7/site-packages/h5py-2.9.0-py3.7-linux-x86_64.egg/h5py/_hl/dataset.py:313: H5pyDeprecationWarning: dataset.value has been deprecated. Use dataset[()] instead.
  "Use dataset[()] instead.", H5pyDeprecationWarning)
decode_theanolm finished.
/tmp/55088298/lattices
floatX=float32,device=cuda0,base_compiledir=/tmp/theano,exception_verbosity=high,openmp=False
/scratch/work/groszt1/envs/theanoLM/lib/python3.7/site-packages/theano/gpuarray/dnn.py:184: UserWarning: Your cuDNN version is more recent than Theano. If you encounter problems, try updating Theano or downgrading cuDNN to a version >= v5 and <= v7.
  warnings.warn("Your cuDNN version is more recent than "
Using cuDNN version 7600 on context None
Mapped name None to device cuda0: Tesla K80 (0000:88:00.0)
TheanoLM 1.3.2
Theano 1.0.4
pygpu 0.7.6
==
+ srun --gres=gpu:1 theanolm decode /scratch/work/moisioa3/conv_lm/experiments/theanolm-morph-42k/expt2-sampled/nnlm.h5 --lattice-list /tmp/55088298/lattices/lattice-list --output-file /scratch/work/moisioa3/conv_lm/experiments/theanolm-morph-42k/expt2-sampled/decode/devel/lambda=1.0-lms=9/39.trn --output trn --nnlm-weight 1.0 --lm-scale 9 --max-tokens-per-node 62 --beam 650 --recombination-order 22 --num-jobs 128 --job 39 --unk-penalty=-20
2020-08-15 09:24:50,811 get_default_device: Context None device="Tesla K80" ID="0000:88:00.0"
2020-08-15 09:24:50,812 from_file: Reading vocabulary from network state.
2020-08-15 09:24:51,062 from_file: Number of words in vocabulary: 42699
2020-08-15 09:24:51,063 from_file: Number of words in shortlist: 42699
2020-08-15 09:24:51,063 from_file: Number of word classes: 42699
2020-08-15 09:24:51,063 from_file: Building neural network.
2020-08-15 09:25:28,739 from_file: Restoring neural network state.
2020-08-15 09:25:29,055 decode: Building word lattice decoder.
2020-08-15 09:25:34,135 __iter__: Reading lattice file `/tmp/55088298/lattices/dspf007_dsp2013_20.lat.gz´.
2020-08-15 09:25:34,237 decode: Utterance `dspf007_dsp2013_20´ -- 1 of job 39
2020-08-15 09:25:40,681 __iter__: Reading lattice file `/tmp/55088298/lattices/dspm010_dsp2013_26.lat.gz´.
2020-08-15 09:25:41,449 decode: Utterance `dspm010_dsp2013_26´ -- 2 of job 39
2020-08-15 09:26:33,313 __iter__: Reading lattice file `/tmp/55088298/lattices/dspm019_dsp2013_17.lat.gz´.
2020-08-15 09:26:33,331 decode: Utterance `dspm019_dsp2013_17´ -- 3 of job 39
2020-08-15 09:26:34,409 __iter__: Reading lattice file `/tmp/55088298/lattices/dspm028_dsp2013_06.lat.gz´.
2020-08-15 09:26:34,807 decode: Utterance `dspm028_dsp2013_06´ -- 4 of job 39
2020-08-15 09:26:54,314 __iter__: Reading lattice file `/tmp/55088298/lattices/dspm039_dsp2013_07.lat.gz´.
2020-08-15 09:26:54,342 decode: Utterance `dspm039_dsp2013_07´ -- 5 of job 39
2020-08-15 09:26:55,579 __iter__: Reading lattice file `/tmp/55088298/lattices/dspm048_dsp2013_04.lat.gz´.
2020-08-15 09:26:55,613 decode: Utterance `dspm048_dsp2013_04´ -- 6 of job 39
2020-08-15 09:26:57,838 __iter__: Reading lattice file `/tmp/55088298/lattices/dspm056_dsp2013_08.lat.gz´.
2020-08-15 09:26:57,924 decode: Utterance `dspm056_dsp2013_08´ -- 7 of job 39
2020-08-15 09:27:01,693 __iter__: Reading lattice file `/tmp/55088298/lattices/radionoona_fym20071218_20.lat.gz´.
2020-08-15 09:27:01,731 decode: Utterance `radionoona_fym20071218_20´ -- 8 of job 39
/scratch/work/groszt1/envs/theanoLM/lib/python3.7/site-packages/theano/gpuarray/dnn.py:184: UserWarning: Your cuDNN version is more recent than Theano. If you encounter problems, try updating Theano or downgrading cuDNN to a version >= v5 and <= v7.
  warnings.warn("Your cuDNN version is more recent than "
Using cuDNN version 7600 on context None
Mapped name None to device cuda0: Tesla K80 (0000:88:00.0)
/scratch/work/groszt1/envs/theanoLM/lib/python3.7/site-packages/h5py-2.9.0-py3.7-linux-x86_64.egg/h5py/_hl/dataset.py:313: H5pyDeprecationWarning: dataset.value has been deprecated. Use dataset[()] instead.
  "Use dataset[()] instead.", H5pyDeprecationWarning)
/scratch/work/groszt1/envs/theanoLM/lib/python3.7/site-packages/h5py-2.9.0-py3.7-linux-x86_64.egg/h5py/_hl/dataset.py:313: H5pyDeprecationWarning: dataset.value has been deprecated. Use dataset[()] instead.
  "Use dataset[()] instead.", H5pyDeprecationWarning)
decode_theanolm finished.
/tmp/55088298/lattices
floatX=float32,device=cuda0,base_compiledir=/tmp/theano,exception_verbosity=high,openmp=False
/scratch/work/groszt1/envs/theanoLM/lib/python3.7/site-packages/theano/gpuarray/dnn.py:184: UserWarning: Your cuDNN version is more recent than Theano. If you encounter problems, try updating Theano or downgrading cuDNN to a version >= v5 and <= v7.
  warnings.warn("Your cuDNN version is more recent than "
Using cuDNN version 7600 on context None
Mapped name None to device cuda0: Tesla K80 (0000:88:00.0)
TheanoLM 1.3.2
Theano 1.0.4
pygpu 0.7.6
==
+ srun --gres=gpu:1 theanolm decode /scratch/work/moisioa3/conv_lm/experiments/theanolm-morph-42k/expt2-sampled/nnlm.h5 --lattice-list /tmp/55088298/lattices/lattice-list --output-file /scratch/work/moisioa3/conv_lm/experiments/theanolm-morph-42k/expt2-sampled/decode/devel/lambda=1.0-lms=10/39.trn --output trn --nnlm-weight 1.0 --lm-scale 10 --max-tokens-per-node 62 --beam 650 --recombination-order 22 --num-jobs 128 --job 39 --unk-penalty=-20
2020-08-15 09:27:09,908 get_default_device: Context None device="Tesla K80" ID="0000:88:00.0"
2020-08-15 09:27:09,909 from_file: Reading vocabulary from network state.
2020-08-15 09:27:10,153 from_file: Number of words in vocabulary: 42699
2020-08-15 09:27:10,153 from_file: Number of words in shortlist: 42699
2020-08-15 09:27:10,153 from_file: Number of word classes: 42699
2020-08-15 09:27:10,153 from_file: Building neural network.
2020-08-15 09:27:48,440 from_file: Restoring neural network state.
2020-08-15 09:27:48,752 decode: Building word lattice decoder.
2020-08-15 09:27:53,806 __iter__: Reading lattice file `/tmp/55088298/lattices/dspf007_dsp2013_20.lat.gz´.
2020-08-15 09:27:53,907 decode: Utterance `dspf007_dsp2013_20´ -- 1 of job 39
2020-08-15 09:28:00,337 __iter__: Reading lattice file `/tmp/55088298/lattices/dspm010_dsp2013_26.lat.gz´.
2020-08-15 09:28:01,064 decode: Utterance `dspm010_dsp2013_26´ -- 2 of job 39
2020-08-15 09:28:48,764 __iter__: Reading lattice file `/tmp/55088298/lattices/dspm019_dsp2013_17.lat.gz´.
2020-08-15 09:28:48,780 decode: Utterance `dspm019_dsp2013_17´ -- 3 of job 39
2020-08-15 09:28:49,753 __iter__: Reading lattice file `/tmp/55088298/lattices/dspm028_dsp2013_06.lat.gz´.
2020-08-15 09:28:50,129 decode: Utterance `dspm028_dsp2013_06´ -- 4 of job 39
2020-08-15 09:29:09,566 __iter__: Reading lattice file `/tmp/55088298/lattices/dspm039_dsp2013_07.lat.gz´.
2020-08-15 09:29:09,593 decode: Utterance `dspm039_dsp2013_07´ -- 5 of job 39
2020-08-15 09:29:10,859 __iter__: Reading lattice file `/tmp/55088298/lattices/dspm048_dsp2013_04.lat.gz´.
2020-08-15 09:29:10,896 decode: Utterance `dspm048_dsp2013_04´ -- 6 of job 39
2020-08-15 09:29:13,139 __iter__: Reading lattice file `/tmp/55088298/lattices/dspm056_dsp2013_08.lat.gz´.
2020-08-15 09:29:13,221 decode: Utterance `dspm056_dsp2013_08´ -- 7 of job 39
2020-08-15 09:29:16,989 __iter__: Reading lattice file `/tmp/55088298/lattices/radionoona_fym20071218_20.lat.gz´.
2020-08-15 09:29:17,024 decode: Utterance `radionoona_fym20071218_20´ -- 8 of job 39
/scratch/work/groszt1/envs/theanoLM/lib/python3.7/site-packages/theano/gpuarray/dnn.py:184: UserWarning: Your cuDNN version is more recent than Theano. If you encounter problems, try updating Theano or downgrading cuDNN to a version >= v5 and <= v7.
  warnings.warn("Your cuDNN version is more recent than "
Using cuDNN version 7600 on context None
Mapped name None to device cuda0: Tesla K80 (0000:88:00.0)
/scratch/work/groszt1/envs/theanoLM/lib/python3.7/site-packages/h5py-2.9.0-py3.7-linux-x86_64.egg/h5py/_hl/dataset.py:313: H5pyDeprecationWarning: dataset.value has been deprecated. Use dataset[()] instead.
  "Use dataset[()] instead.", H5pyDeprecationWarning)
/scratch/work/groszt1/envs/theanoLM/lib/python3.7/site-packages/h5py-2.9.0-py3.7-linux-x86_64.egg/h5py/_hl/dataset.py:313: H5pyDeprecationWarning: dataset.value has been deprecated. Use dataset[()] instead.
  "Use dataset[()] instead.", H5pyDeprecationWarning)
decode_theanolm finished.
/tmp/55088298/lattices
floatX=float32,device=cuda0,base_compiledir=/tmp/theano,exception_verbosity=high,openmp=False
/scratch/work/groszt1/envs/theanoLM/lib/python3.7/site-packages/theano/gpuarray/dnn.py:184: UserWarning: Your cuDNN version is more recent than Theano. If you encounter problems, try updating Theano or downgrading cuDNN to a version >= v5 and <= v7.
  warnings.warn("Your cuDNN version is more recent than "
Using cuDNN version 7600 on context None
Mapped name None to device cuda0: Tesla K80 (0000:88:00.0)
TheanoLM 1.3.2
Theano 1.0.4
pygpu 0.7.6
==
+ srun --gres=gpu:1 theanolm decode /scratch/work/moisioa3/conv_lm/experiments/theanolm-morph-42k/expt2-sampled/nnlm.h5 --lattice-list /tmp/55088298/lattices/lattice-list --output-file /scratch/work/moisioa3/conv_lm/experiments/theanolm-morph-42k/expt2-sampled/decode/devel/lambda=1.0-lms=11/39.trn --output trn --nnlm-weight 1.0 --lm-scale 11 --max-tokens-per-node 62 --beam 650 --recombination-order 22 --num-jobs 128 --job 39 --unk-penalty=-20
2020-08-15 09:29:25,316 get_default_device: Context None device="Tesla K80" ID="0000:88:00.0"
2020-08-15 09:29:25,318 from_file: Reading vocabulary from network state.
2020-08-15 09:29:25,564 from_file: Number of words in vocabulary: 42699
2020-08-15 09:29:25,565 from_file: Number of words in shortlist: 42699
2020-08-15 09:29:25,565 from_file: Number of word classes: 42699
2020-08-15 09:29:25,565 from_file: Building neural network.
2020-08-15 09:30:03,225 from_file: Restoring neural network state.
2020-08-15 09:30:03,538 decode: Building word lattice decoder.
2020-08-15 09:30:08,708 __iter__: Reading lattice file `/tmp/55088298/lattices/dspf007_dsp2013_20.lat.gz´.
2020-08-15 09:30:08,808 decode: Utterance `dspf007_dsp2013_20´ -- 1 of job 39
2020-08-15 09:30:15,132 __iter__: Reading lattice file `/tmp/55088298/lattices/dspm010_dsp2013_26.lat.gz´.
2020-08-15 09:30:15,873 decode: Utterance `dspm010_dsp2013_26´ -- 2 of job 39
2020-08-15 09:31:04,763 __iter__: Reading lattice file `/tmp/55088298/lattices/dspm019_dsp2013_17.lat.gz´.
2020-08-15 09:31:04,780 decode: Utterance `dspm019_dsp2013_17´ -- 3 of job 39
2020-08-15 09:31:05,749 __iter__: Reading lattice file `/tmp/55088298/lattices/dspm028_dsp2013_06.lat.gz´.
2020-08-15 09:31:06,136 decode: Utterance `dspm028_dsp2013_06´ -- 4 of job 39
2020-08-15 09:31:25,572 __iter__: Reading lattice file `/tmp/55088298/lattices/dspm039_dsp2013_07.lat.gz´.
2020-08-15 09:31:25,598 decode: Utterance `dspm039_dsp2013_07´ -- 5 of job 39
2020-08-15 09:31:26,853 __iter__: Reading lattice file `/tmp/55088298/lattices/dspm048_dsp2013_04.lat.gz´.
2020-08-15 09:31:26,887 decode: Utterance `dspm048_dsp2013_04´ -- 6 of job 39
2020-08-15 09:31:29,103 __iter__: Reading lattice file `/tmp/55088298/lattices/dspm056_dsp2013_08.lat.gz´.
2020-08-15 09:31:29,187 decode: Utterance `dspm056_dsp2013_08´ -- 7 of job 39
2020-08-15 09:31:32,948 __iter__: Reading lattice file `/tmp/55088298/lattices/radionoona_fym20071218_20.lat.gz´.
2020-08-15 09:31:32,984 decode: Utterance `radionoona_fym20071218_20´ -- 8 of job 39
/scratch/work/groszt1/envs/theanoLM/lib/python3.7/site-packages/theano/gpuarray/dnn.py:184: UserWarning: Your cuDNN version is more recent than Theano. If you encounter problems, try updating Theano or downgrading cuDNN to a version >= v5 and <= v7.
  warnings.warn("Your cuDNN version is more recent than "
Using cuDNN version 7600 on context None
Mapped name None to device cuda0: Tesla K80 (0000:88:00.0)
/scratch/work/groszt1/envs/theanoLM/lib/python3.7/site-packages/h5py-2.9.0-py3.7-linux-x86_64.egg/h5py/_hl/dataset.py:313: H5pyDeprecationWarning: dataset.value has been deprecated. Use dataset[()] instead.
  "Use dataset[()] instead.", H5pyDeprecationWarning)
/scratch/work/groszt1/envs/theanoLM/lib/python3.7/site-packages/h5py-2.9.0-py3.7-linux-x86_64.egg/h5py/_hl/dataset.py:313: H5pyDeprecationWarning: dataset.value has been deprecated. Use dataset[()] instead.
  "Use dataset[()] instead.", H5pyDeprecationWarning)
decode_theanolm finished.
/tmp/55088298/lattices
floatX=float32,device=cuda0,base_compiledir=/tmp/theano,exception_verbosity=high,openmp=False
/scratch/work/groszt1/envs/theanoLM/lib/python3.7/site-packages/theano/gpuarray/dnn.py:184: UserWarning: Your cuDNN version is more recent than Theano. If you encounter problems, try updating Theano or downgrading cuDNN to a version >= v5 and <= v7.
  warnings.warn("Your cuDNN version is more recent than "
Using cuDNN version 7600 on context None
Mapped name None to device cuda0: Tesla K80 (0000:88:00.0)
TheanoLM 1.3.2
Theano 1.0.4
pygpu 0.7.6
==
+ srun --gres=gpu:1 theanolm decode /scratch/work/moisioa3/conv_lm/experiments/theanolm-morph-42k/expt2-sampled/nnlm.h5 --lattice-list /tmp/55088298/lattices/lattice-list --output-file /scratch/work/moisioa3/conv_lm/experiments/theanolm-morph-42k/expt2-sampled/decode/devel/lambda=1.0-lms=12/39.trn --output trn --nnlm-weight 1.0 --lm-scale 12 --max-tokens-per-node 62 --beam 650 --recombination-order 22 --num-jobs 128 --job 39 --unk-penalty=-20
2020-08-15 09:31:41,181 get_default_device: Context None device="Tesla K80" ID="0000:88:00.0"
2020-08-15 09:31:41,182 from_file: Reading vocabulary from network state.
2020-08-15 09:31:41,439 from_file: Number of words in vocabulary: 42699
2020-08-15 09:31:41,439 from_file: Number of words in shortlist: 42699
2020-08-15 09:31:41,440 from_file: Number of word classes: 42699
2020-08-15 09:31:41,440 from_file: Building neural network.
2020-08-15 09:32:19,890 from_file: Restoring neural network state.
2020-08-15 09:32:20,197 decode: Building word lattice decoder.
2020-08-15 09:32:25,219 __iter__: Reading lattice file `/tmp/55088298/lattices/dspf007_dsp2013_20.lat.gz´.
2020-08-15 09:32:25,318 decode: Utterance `dspf007_dsp2013_20´ -- 1 of job 39
2020-08-15 09:32:31,664 __iter__: Reading lattice file `/tmp/55088298/lattices/dspm010_dsp2013_26.lat.gz´.
2020-08-15 09:32:32,430 decode: Utterance `dspm010_dsp2013_26´ -- 2 of job 39
2020-08-15 09:33:20,949 __iter__: Reading lattice file `/tmp/55088298/lattices/dspm019_dsp2013_17.lat.gz´.
2020-08-15 09:33:20,966 decode: Utterance `dspm019_dsp2013_17´ -- 3 of job 39
2020-08-15 09:33:21,933 __iter__: Reading lattice file `/tmp/55088298/lattices/dspm028_dsp2013_06.lat.gz´.
2020-08-15 09:33:22,320 decode: Utterance `dspm028_dsp2013_06´ -- 4 of job 39
2020-08-15 09:33:41,651 __iter__: Reading lattice file `/tmp/55088298/lattices/dspm039_dsp2013_07.lat.gz´.
2020-08-15 09:33:41,677 decode: Utterance `dspm039_dsp2013_07´ -- 5 of job 39
2020-08-15 09:33:42,939 __iter__: Reading lattice file `/tmp/55088298/lattices/dspm048_dsp2013_04.lat.gz´.
2020-08-15 09:33:42,972 decode: Utterance `dspm048_dsp2013_04´ -- 6 of job 39
2020-08-15 09:33:45,211 __iter__: Reading lattice file `/tmp/55088298/lattices/dspm056_dsp2013_08.lat.gz´.
2020-08-15 09:33:45,294 decode: Utterance `dspm056_dsp2013_08´ -- 7 of job 39
2020-08-15 09:33:49,073 __iter__: Reading lattice file `/tmp/55088298/lattices/radionoona_fym20071218_20.lat.gz´.
2020-08-15 09:33:49,109 decode: Utterance `radionoona_fym20071218_20´ -- 8 of job 39
/scratch/work/groszt1/envs/theanoLM/lib/python3.7/site-packages/theano/gpuarray/dnn.py:184: UserWarning: Your cuDNN version is more recent than Theano. If you encounter problems, try updating Theano or downgrading cuDNN to a version >= v5 and <= v7.
  warnings.warn("Your cuDNN version is more recent than "
Using cuDNN version 7600 on context None
Mapped name None to device cuda0: Tesla K80 (0000:88:00.0)
/scratch/work/groszt1/envs/theanoLM/lib/python3.7/site-packages/h5py-2.9.0-py3.7-linux-x86_64.egg/h5py/_hl/dataset.py:313: H5pyDeprecationWarning: dataset.value has been deprecated. Use dataset[()] instead.
  "Use dataset[()] instead.", H5pyDeprecationWarning)
/scratch/work/groszt1/envs/theanoLM/lib/python3.7/site-packages/h5py-2.9.0-py3.7-linux-x86_64.egg/h5py/_hl/dataset.py:313: H5pyDeprecationWarning: dataset.value has been deprecated. Use dataset[()] instead.
  "Use dataset[()] instead.", H5pyDeprecationWarning)
decode_theanolm finished.
decode devel finished.
