Experiment: theanolm-morph-42k/expt2-sampled
Job ID: 55088275
Task ID: 16
Host: gpu24.int.triton.aalto.fi
Start date: Sat Aug 15 09:09:11 EEST 2020
Work directory: /scratch/work/moisioa3/conv_lm/experiments/theanolm-morph-42k/expt2-sampled
Temporary directory: /tmp/55088275

Currently Loaded Modules:
  1) speech-scripts/2016.05.24-b928230   6) binutils/2.25-GCCcore-5.4.0
  2) srilm/default                       7) GCC/5.4.0-2.25
  3) cuda/10.0.130                       8) libgpuarray/2017.03.29-45c731f
  4) cudnn/7.4.2-cuda                    9) anaconda3/latest
  5) GCCcore/5.4.0

 

/tmp/55088275/lattices
floatX=float32,device=cuda0,base_compiledir=/tmp/theano,exception_verbosity=high,openmp=False
/scratch/work/groszt1/envs/theanoLM/lib/python3.7/site-packages/theano/gpuarray/dnn.py:184: UserWarning: Your cuDNN version is more recent than Theano. If you encounter problems, try updating Theano or downgrading cuDNN to a version >= v5 and <= v7.
  warnings.warn("Your cuDNN version is more recent than "
Using cuDNN version 7600 on context None
Mapped name None to device cuda0: Tesla P100-PCIE-16GB (0000:83:00.0)
TheanoLM 1.3.2
Theano 1.0.4
pygpu 0.7.6
==
+ srun --gres=gpu:1 theanolm decode /scratch/work/moisioa3/conv_lm/experiments/theanolm-morph-42k/expt2-sampled/nnlm.h5 --lattice-list /tmp/55088275/lattices/lattice-list --output-file /scratch/work/moisioa3/conv_lm/experiments/theanolm-morph-42k/expt2-sampled/decode/devel/lambda=0.5-lms=8/16.trn --output trn --nnlm-weight 0.5 --lm-scale 8 --max-tokens-per-node 62 --beam 650 --recombination-order 22 --num-jobs 128 --job 16 --unk-penalty=-20
2020-08-15 09:09:27,575 get_default_device: Context None device="Tesla P100-PCIE-16GB" ID="0000:83:00.0"
2020-08-15 09:09:27,577 from_file: Reading vocabulary from network state.
2020-08-15 09:09:27,838 from_file: Number of words in vocabulary: 42699
2020-08-15 09:09:27,839 from_file: Number of words in shortlist: 42699
2020-08-15 09:09:27,839 from_file: Number of word classes: 42699
2020-08-15 09:09:27,839 from_file: Building neural network.
2020-08-15 09:10:11,362 from_file: Restoring neural network state.
2020-08-15 09:10:12,015 decode: Building word lattice decoder.
/scratch/work/groszt1/envs/theanoLM/lib/python3.7/site-packages/theano/gpuarray/dnn.py:184: UserWarning: Your cuDNN version is more recent than Theano. If you encounter problems, try updating Theano or downgrading cuDNN to a version >= v5 and <= v7.
  warnings.warn("Your cuDNN version is more recent than "
Using cuDNN version 7600 on context None
Mapped name None to device cuda0: Tesla P100-PCIE-16GB (0000:83:00.0)
/scratch/work/groszt1/envs/theanoLM/lib/python3.7/site-packages/h5py-2.9.0-py3.7-linux-x86_64.egg/h5py/_hl/dataset.py:313: H5pyDeprecationWarning: dataset.value has been deprecated. Use dataset[()] instead.
  "Use dataset[()] instead.", H5pyDeprecationWarning)
/scratch/work/groszt1/envs/theanoLM/lib/python3.7/site-packages/h5py-2.9.0-py3.7-linux-x86_64.egg/h5py/_hl/dataset.py:313: H5pyDeprecationWarning: dataset.value has been deprecated. Use dataset[()] instead.
  "Use dataset[()] instead.", H5pyDeprecationWarning)
INFO (theano.gof.compilelock): Waiting for existing lock by process '8379' (I am process '8182')
2020-08-15 09:10:35,796 lock: Waiting for existing lock by process '8379' (I am process '8182')
INFO (theano.gof.compilelock): To manually release the lock, delete /tmp/theano/compiledir_Linux-3.10-el7.x86_64-x86_64-with-centos-7.8.2003-Core-x86_64-3.7.3-64/lock_dir
2020-08-15 09:10:35,797 lock: To manually release the lock, delete /tmp/theano/compiledir_Linux-3.10-el7.x86_64-x86_64-with-centos-7.8.2003-Core-x86_64-3.7.3-64/lock_dir
INFO (theano.gof.compilelock): Waiting for existing lock by process '8379' (I am process '8182')
2020-08-15 09:10:43,798 lock: Waiting for existing lock by process '8379' (I am process '8182')
INFO (theano.gof.compilelock): To manually release the lock, delete /tmp/theano/compiledir_Linux-3.10-el7.x86_64-x86_64-with-centos-7.8.2003-Core-x86_64-3.7.3-64/lock_dir
2020-08-15 09:10:43,798 lock: To manually release the lock, delete /tmp/theano/compiledir_Linux-3.10-el7.x86_64-x86_64-with-centos-7.8.2003-Core-x86_64-3.7.3-64/lock_dir
2020-08-15 09:10:54,486 __iter__: Reading lattice file `/tmp/55088275/lattices/dspf004_dsp2013_18.lat.gz´.
2020-08-15 09:10:56,151 decode: Utterance `dspf004_dsp2013_18´ -- 1 of job 16
2020-08-15 09:11:33,947 __iter__: Reading lattice file `/tmp/55088275/lattices/dspm007_dsp2013_26.lat.gz´.
2020-08-15 09:11:34,597 decode: Utterance `dspm007_dsp2013_26´ -- 2 of job 16
2020-08-15 09:11:54,234 __iter__: Reading lattice file `/tmp/55088275/lattices/dspm018_dsp2013_15.lat.gz´.
2020-08-15 09:11:54,330 decode: Utterance `dspm018_dsp2013_15´ -- 3 of job 16
2020-08-15 09:11:56,571 __iter__: Reading lattice file `/tmp/55088275/lattices/dspm026_dsp2013_03.lat.gz´.
2020-08-15 09:11:56,659 decode: Utterance `dspm026_dsp2013_03´ -- 4 of job 16
2020-08-15 09:11:59,024 __iter__: Reading lattice file `/tmp/55088275/lattices/dspm036_dsp2013_03.lat.gz´.
2020-08-15 09:11:59,209 decode: Utterance `dspm036_dsp2013_03´ -- 5 of job 16
2020-08-15 09:12:04,000 __iter__: Reading lattice file `/tmp/55088275/lattices/dspm047_dsp2013_01.lat.gz´.
2020-08-15 09:12:04,086 decode: Utterance `dspm047_dsp2013_01´ -- 6 of job 16
2020-08-15 09:12:05,748 __iter__: Reading lattice file `/tmp/55088275/lattices/dspm055_dsp2013_05.lat.gz´.
2020-08-15 09:12:05,887 decode: Utterance `dspm055_dsp2013_05´ -- 7 of job 16
2020-08-15 09:12:09,196 __iter__: Reading lattice file `/tmp/55088275/lattices/radiokassu_kbk20120915_103.lat.gz´.
2020-08-15 09:12:09,385 decode: Utterance `radiokassu_kbk20120915_103´ -- 8 of job 16
decode_theanolm finished.
/tmp/55088275/lattices
floatX=float32,device=cuda0,base_compiledir=/tmp/theano,exception_verbosity=high,openmp=False
/scratch/work/groszt1/envs/theanoLM/lib/python3.7/site-packages/theano/gpuarray/dnn.py:184: UserWarning: Your cuDNN version is more recent than Theano. If you encounter problems, try updating Theano or downgrading cuDNN to a version >= v5 and <= v7.
  warnings.warn("Your cuDNN version is more recent than "
Using cuDNN version 7600 on context None
Mapped name None to device cuda0: Tesla P100-PCIE-16GB (0000:83:00.0)
TheanoLM 1.3.2
Theano 1.0.4
pygpu 0.7.6
==
+ srun --gres=gpu:1 theanolm decode /scratch/work/moisioa3/conv_lm/experiments/theanolm-morph-42k/expt2-sampled/nnlm.h5 --lattice-list /tmp/55088275/lattices/lattice-list --output-file /scratch/work/moisioa3/conv_lm/experiments/theanolm-morph-42k/expt2-sampled/decode/devel/lambda=0.5-lms=9/16.trn --output trn --nnlm-weight 0.5 --lm-scale 9 --max-tokens-per-node 62 --beam 650 --recombination-order 22 --num-jobs 128 --job 16 --unk-penalty=-20
2020-08-15 09:12:22,760 get_default_device: Context None device="Tesla P100-PCIE-16GB" ID="0000:83:00.0"
2020-08-15 09:12:22,762 from_file: Reading vocabulary from network state.
2020-08-15 09:12:23,028 from_file: Number of words in vocabulary: 42699
2020-08-15 09:12:23,028 from_file: Number of words in shortlist: 42699
2020-08-15 09:12:23,028 from_file: Number of word classes: 42699
2020-08-15 09:12:23,029 from_file: Building neural network.
2020-08-15 09:13:04,414 from_file: Restoring neural network state.
2020-08-15 09:13:04,779 decode: Building word lattice decoder.
2020-08-15 09:13:09,964 __iter__: Reading lattice file `/tmp/55088275/lattices/dspf004_dsp2013_18.lat.gz´.
2020-08-15 09:13:11,652 decode: Utterance `dspf004_dsp2013_18´ -- 1 of job 16
2020-08-15 09:13:49,452 __iter__: Reading lattice file `/tmp/55088275/lattices/dspm007_dsp2013_26.lat.gz´.
2020-08-15 09:13:50,112 decode: Utterance `dspm007_dsp2013_26´ -- 2 of job 16
2020-08-15 09:14:10,174 __iter__: Reading lattice file `/tmp/55088275/lattices/dspm018_dsp2013_15.lat.gz´.
2020-08-15 09:14:10,271 decode: Utterance `dspm018_dsp2013_15´ -- 3 of job 16
2020-08-15 09:14:12,754 __iter__: Reading lattice file `/tmp/55088275/lattices/dspm026_dsp2013_03.lat.gz´.
2020-08-15 09:14:12,842 decode: Utterance `dspm026_dsp2013_03´ -- 4 of job 16
2020-08-15 09:14:15,237 __iter__: Reading lattice file `/tmp/55088275/lattices/dspm036_dsp2013_03.lat.gz´.
2020-08-15 09:14:15,427 decode: Utterance `dspm036_dsp2013_03´ -- 5 of job 16
2020-08-15 09:14:20,195 __iter__: Reading lattice file `/tmp/55088275/lattices/dspm047_dsp2013_01.lat.gz´.
2020-08-15 09:14:20,284 decode: Utterance `dspm047_dsp2013_01´ -- 6 of job 16
2020-08-15 09:14:21,953 __iter__: Reading lattice file `/tmp/55088275/lattices/dspm055_dsp2013_05.lat.gz´.
2020-08-15 09:14:22,093 decode: Utterance `dspm055_dsp2013_05´ -- 7 of job 16
2020-08-15 09:14:25,400 __iter__: Reading lattice file `/tmp/55088275/lattices/radiokassu_kbk20120915_103.lat.gz´.
2020-08-15 09:14:25,591 decode: Utterance `radiokassu_kbk20120915_103´ -- 8 of job 16
/scratch/work/groszt1/envs/theanoLM/lib/python3.7/site-packages/theano/gpuarray/dnn.py:184: UserWarning: Your cuDNN version is more recent than Theano. If you encounter problems, try updating Theano or downgrading cuDNN to a version >= v5 and <= v7.
  warnings.warn("Your cuDNN version is more recent than "
Using cuDNN version 7600 on context None
Mapped name None to device cuda0: Tesla P100-PCIE-16GB (0000:83:00.0)
/scratch/work/groszt1/envs/theanoLM/lib/python3.7/site-packages/h5py-2.9.0-py3.7-linux-x86_64.egg/h5py/_hl/dataset.py:313: H5pyDeprecationWarning: dataset.value has been deprecated. Use dataset[()] instead.
  "Use dataset[()] instead.", H5pyDeprecationWarning)
/scratch/work/groszt1/envs/theanoLM/lib/python3.7/site-packages/h5py-2.9.0-py3.7-linux-x86_64.egg/h5py/_hl/dataset.py:313: H5pyDeprecationWarning: dataset.value has been deprecated. Use dataset[()] instead.
  "Use dataset[()] instead.", H5pyDeprecationWarning)
decode_theanolm finished.
/tmp/55088275/lattices
floatX=float32,device=cuda0,base_compiledir=/tmp/theano,exception_verbosity=high,openmp=False
/scratch/work/groszt1/envs/theanoLM/lib/python3.7/site-packages/theano/gpuarray/dnn.py:184: UserWarning: Your cuDNN version is more recent than Theano. If you encounter problems, try updating Theano or downgrading cuDNN to a version >= v5 and <= v7.
  warnings.warn("Your cuDNN version is more recent than "
Using cuDNN version 7600 on context None
Mapped name None to device cuda0: Tesla P100-PCIE-16GB (0000:83:00.0)
TheanoLM 1.3.2
Theano 1.0.4
pygpu 0.7.6
==
+ srun --gres=gpu:1 theanolm decode /scratch/work/moisioa3/conv_lm/experiments/theanolm-morph-42k/expt2-sampled/nnlm.h5 --lattice-list /tmp/55088275/lattices/lattice-list --output-file /scratch/work/moisioa3/conv_lm/experiments/theanolm-morph-42k/expt2-sampled/decode/devel/lambda=0.5-lms=10/16.trn --output trn --nnlm-weight 0.5 --lm-scale 10 --max-tokens-per-node 62 --beam 650 --recombination-order 22 --num-jobs 128 --job 16 --unk-penalty=-20
2020-08-15 09:14:47,718 get_default_device: Context None device="Tesla P100-PCIE-16GB" ID="0000:83:00.0"
2020-08-15 09:14:47,720 from_file: Reading vocabulary from network state.
2020-08-15 09:14:48,011 from_file: Number of words in vocabulary: 42699
2020-08-15 09:14:48,011 from_file: Number of words in shortlist: 42699
2020-08-15 09:14:48,011 from_file: Number of word classes: 42699
2020-08-15 09:14:48,011 from_file: Building neural network.
2020-08-15 09:15:31,234 from_file: Restoring neural network state.
2020-08-15 09:15:31,572 decode: Building word lattice decoder.
2020-08-15 09:15:36,744 __iter__: Reading lattice file `/tmp/55088275/lattices/dspf004_dsp2013_18.lat.gz´.
2020-08-15 09:15:38,453 decode: Utterance `dspf004_dsp2013_18´ -- 1 of job 16
2020-08-15 09:16:16,677 __iter__: Reading lattice file `/tmp/55088275/lattices/dspm007_dsp2013_26.lat.gz´.
2020-08-15 09:16:17,353 decode: Utterance `dspm007_dsp2013_26´ -- 2 of job 16
2020-08-15 09:16:38,266 __iter__: Reading lattice file `/tmp/55088275/lattices/dspm018_dsp2013_15.lat.gz´.
2020-08-15 09:16:38,367 decode: Utterance `dspm018_dsp2013_15´ -- 3 of job 16
2020-08-15 09:16:41,029 __iter__: Reading lattice file `/tmp/55088275/lattices/dspm026_dsp2013_03.lat.gz´.
2020-08-15 09:16:41,120 decode: Utterance `dspm026_dsp2013_03´ -- 4 of job 16
2020-08-15 09:16:43,552 __iter__: Reading lattice file `/tmp/55088275/lattices/dspm036_dsp2013_03.lat.gz´.
2020-08-15 09:16:43,744 decode: Utterance `dspm036_dsp2013_03´ -- 5 of job 16
2020-08-15 09:16:48,522 __iter__: Reading lattice file `/tmp/55088275/lattices/dspm047_dsp2013_01.lat.gz´.
2020-08-15 09:16:48,612 decode: Utterance `dspm047_dsp2013_01´ -- 6 of job 16
2020-08-15 09:16:50,286 __iter__: Reading lattice file `/tmp/55088275/lattices/dspm055_dsp2013_05.lat.gz´.
2020-08-15 09:16:50,426 decode: Utterance `dspm055_dsp2013_05´ -- 7 of job 16
2020-08-15 09:16:53,705 __iter__: Reading lattice file `/tmp/55088275/lattices/radiokassu_kbk20120915_103.lat.gz´.
2020-08-15 09:16:53,900 decode: Utterance `radiokassu_kbk20120915_103´ -- 8 of job 16
/scratch/work/groszt1/envs/theanoLM/lib/python3.7/site-packages/theano/gpuarray/dnn.py:184: UserWarning: Your cuDNN version is more recent than Theano. If you encounter problems, try updating Theano or downgrading cuDNN to a version >= v5 and <= v7.
  warnings.warn("Your cuDNN version is more recent than "
Using cuDNN version 7600 on context None
Mapped name None to device cuda0: Tesla P100-PCIE-16GB (0000:83:00.0)
/scratch/work/groszt1/envs/theanoLM/lib/python3.7/site-packages/h5py-2.9.0-py3.7-linux-x86_64.egg/h5py/_hl/dataset.py:313: H5pyDeprecationWarning: dataset.value has been deprecated. Use dataset[()] instead.
  "Use dataset[()] instead.", H5pyDeprecationWarning)
/scratch/work/groszt1/envs/theanoLM/lib/python3.7/site-packages/h5py-2.9.0-py3.7-linux-x86_64.egg/h5py/_hl/dataset.py:313: H5pyDeprecationWarning: dataset.value has been deprecated. Use dataset[()] instead.
  "Use dataset[()] instead.", H5pyDeprecationWarning)
decode_theanolm finished.
/tmp/55088275/lattices
floatX=float32,device=cuda0,base_compiledir=/tmp/theano,exception_verbosity=high,openmp=False
/scratch/work/groszt1/envs/theanoLM/lib/python3.7/site-packages/theano/gpuarray/dnn.py:184: UserWarning: Your cuDNN version is more recent than Theano. If you encounter problems, try updating Theano or downgrading cuDNN to a version >= v5 and <= v7.
  warnings.warn("Your cuDNN version is more recent than "
Using cuDNN version 7600 on context None
Mapped name None to device cuda0: Tesla P100-PCIE-16GB (0000:83:00.0)
TheanoLM 1.3.2
Theano 1.0.4
pygpu 0.7.6
==
+ srun --gres=gpu:1 theanolm decode /scratch/work/moisioa3/conv_lm/experiments/theanolm-morph-42k/expt2-sampled/nnlm.h5 --lattice-list /tmp/55088275/lattices/lattice-list --output-file /scratch/work/moisioa3/conv_lm/experiments/theanolm-morph-42k/expt2-sampled/decode/devel/lambda=0.5-lms=11/16.trn --output trn --nnlm-weight 0.5 --lm-scale 11 --max-tokens-per-node 62 --beam 650 --recombination-order 22 --num-jobs 128 --job 16 --unk-penalty=-20
2020-08-15 09:17:06,447 get_default_device: Context None device="Tesla P100-PCIE-16GB" ID="0000:83:00.0"
2020-08-15 09:17:06,448 from_file: Reading vocabulary from network state.
2020-08-15 09:17:06,723 from_file: Number of words in vocabulary: 42699
2020-08-15 09:17:06,723 from_file: Number of words in shortlist: 42699
2020-08-15 09:17:06,723 from_file: Number of word classes: 42699
2020-08-15 09:17:06,723 from_file: Building neural network.
2020-08-15 09:17:48,250 from_file: Restoring neural network state.
2020-08-15 09:17:48,590 decode: Building word lattice decoder.
2020-08-15 09:17:53,756 __iter__: Reading lattice file `/tmp/55088275/lattices/dspf004_dsp2013_18.lat.gz´.
2020-08-15 09:17:55,383 decode: Utterance `dspf004_dsp2013_18´ -- 1 of job 16
2020-08-15 09:18:33,883 __iter__: Reading lattice file `/tmp/55088275/lattices/dspm007_dsp2013_26.lat.gz´.
2020-08-15 09:18:34,536 decode: Utterance `dspm007_dsp2013_26´ -- 2 of job 16
2020-08-15 09:18:55,921 __iter__: Reading lattice file `/tmp/55088275/lattices/dspm018_dsp2013_15.lat.gz´.
2020-08-15 09:18:56,019 decode: Utterance `dspm018_dsp2013_15´ -- 3 of job 16
2020-08-15 09:18:58,832 __iter__: Reading lattice file `/tmp/55088275/lattices/dspm026_dsp2013_03.lat.gz´.
2020-08-15 09:18:58,920 decode: Utterance `dspm026_dsp2013_03´ -- 4 of job 16
2020-08-15 09:19:01,438 __iter__: Reading lattice file `/tmp/55088275/lattices/dspm036_dsp2013_03.lat.gz´.
2020-08-15 09:19:01,626 decode: Utterance `dspm036_dsp2013_03´ -- 5 of job 16
2020-08-15 09:19:06,441 __iter__: Reading lattice file `/tmp/55088275/lattices/dspm047_dsp2013_01.lat.gz´.
2020-08-15 09:19:06,528 decode: Utterance `dspm047_dsp2013_01´ -- 6 of job 16
2020-08-15 09:19:08,244 __iter__: Reading lattice file `/tmp/55088275/lattices/dspm055_dsp2013_05.lat.gz´.
2020-08-15 09:19:08,383 decode: Utterance `dspm055_dsp2013_05´ -- 7 of job 16
2020-08-15 09:19:11,714 __iter__: Reading lattice file `/tmp/55088275/lattices/radiokassu_kbk20120915_103.lat.gz´.
2020-08-15 09:19:11,905 decode: Utterance `radiokassu_kbk20120915_103´ -- 8 of job 16
/scratch/work/groszt1/envs/theanoLM/lib/python3.7/site-packages/theano/gpuarray/dnn.py:184: UserWarning: Your cuDNN version is more recent than Theano. If you encounter problems, try updating Theano or downgrading cuDNN to a version >= v5 and <= v7.
  warnings.warn("Your cuDNN version is more recent than "
Using cuDNN version 7600 on context None
Mapped name None to device cuda0: Tesla P100-PCIE-16GB (0000:83:00.0)
/scratch/work/groszt1/envs/theanoLM/lib/python3.7/site-packages/h5py-2.9.0-py3.7-linux-x86_64.egg/h5py/_hl/dataset.py:313: H5pyDeprecationWarning: dataset.value has been deprecated. Use dataset[()] instead.
  "Use dataset[()] instead.", H5pyDeprecationWarning)
/scratch/work/groszt1/envs/theanoLM/lib/python3.7/site-packages/h5py-2.9.0-py3.7-linux-x86_64.egg/h5py/_hl/dataset.py:313: H5pyDeprecationWarning: dataset.value has been deprecated. Use dataset[()] instead.
  "Use dataset[()] instead.", H5pyDeprecationWarning)
decode_theanolm finished.
/tmp/55088275/lattices
floatX=float32,device=cuda0,base_compiledir=/tmp/theano,exception_verbosity=high,openmp=False
/scratch/work/groszt1/envs/theanoLM/lib/python3.7/site-packages/theano/gpuarray/dnn.py:184: UserWarning: Your cuDNN version is more recent than Theano. If you encounter problems, try updating Theano or downgrading cuDNN to a version >= v5 and <= v7.
  warnings.warn("Your cuDNN version is more recent than "
Using cuDNN version 7600 on context None
Mapped name None to device cuda0: Tesla P100-PCIE-16GB (0000:83:00.0)
TheanoLM 1.3.2
Theano 1.0.4
pygpu 0.7.6
==
+ srun --gres=gpu:1 theanolm decode /scratch/work/moisioa3/conv_lm/experiments/theanolm-morph-42k/expt2-sampled/nnlm.h5 --lattice-list /tmp/55088275/lattices/lattice-list --output-file /scratch/work/moisioa3/conv_lm/experiments/theanolm-morph-42k/expt2-sampled/decode/devel/lambda=0.5-lms=12/16.trn --output trn --nnlm-weight 0.5 --lm-scale 12 --max-tokens-per-node 62 --beam 650 --recombination-order 22 --num-jobs 128 --job 16 --unk-penalty=-20
2020-08-15 09:19:25,035 get_default_device: Context None device="Tesla P100-PCIE-16GB" ID="0000:83:00.0"
2020-08-15 09:19:25,036 from_file: Reading vocabulary from network state.
2020-08-15 09:19:25,324 from_file: Number of words in vocabulary: 42699
2020-08-15 09:19:25,324 from_file: Number of words in shortlist: 42699
2020-08-15 09:19:25,324 from_file: Number of word classes: 42699
2020-08-15 09:19:25,325 from_file: Building neural network.
2020-08-15 09:20:08,030 from_file: Restoring neural network state.
2020-08-15 09:20:08,376 decode: Building word lattice decoder.
2020-08-15 09:20:13,585 __iter__: Reading lattice file `/tmp/55088275/lattices/dspf004_dsp2013_18.lat.gz´.
2020-08-15 09:20:15,228 decode: Utterance `dspf004_dsp2013_18´ -- 1 of job 16
2020-08-15 09:20:54,459 __iter__: Reading lattice file `/tmp/55088275/lattices/dspm007_dsp2013_26.lat.gz´.
2020-08-15 09:20:55,103 decode: Utterance `dspm007_dsp2013_26´ -- 2 of job 16
2020-08-15 09:21:16,989 __iter__: Reading lattice file `/tmp/55088275/lattices/dspm018_dsp2013_15.lat.gz´.
2020-08-15 09:21:17,085 decode: Utterance `dspm018_dsp2013_15´ -- 3 of job 16
2020-08-15 09:21:19,956 __iter__: Reading lattice file `/tmp/55088275/lattices/dspm026_dsp2013_03.lat.gz´.
2020-08-15 09:21:20,041 decode: Utterance `dspm026_dsp2013_03´ -- 4 of job 16
2020-08-15 09:21:22,572 __iter__: Reading lattice file `/tmp/55088275/lattices/dspm036_dsp2013_03.lat.gz´.
2020-08-15 09:21:22,757 decode: Utterance `dspm036_dsp2013_03´ -- 5 of job 16
2020-08-15 09:21:27,556 __iter__: Reading lattice file `/tmp/55088275/lattices/dspm047_dsp2013_01.lat.gz´.
2020-08-15 09:21:27,643 decode: Utterance `dspm047_dsp2013_01´ -- 6 of job 16
2020-08-15 09:21:29,364 __iter__: Reading lattice file `/tmp/55088275/lattices/dspm055_dsp2013_05.lat.gz´.
2020-08-15 09:21:29,501 decode: Utterance `dspm055_dsp2013_05´ -- 7 of job 16
2020-08-15 09:21:32,809 __iter__: Reading lattice file `/tmp/55088275/lattices/radiokassu_kbk20120915_103.lat.gz´.
2020-08-15 09:21:32,995 decode: Utterance `radiokassu_kbk20120915_103´ -- 8 of job 16
/scratch/work/groszt1/envs/theanoLM/lib/python3.7/site-packages/theano/gpuarray/dnn.py:184: UserWarning: Your cuDNN version is more recent than Theano. If you encounter problems, try updating Theano or downgrading cuDNN to a version >= v5 and <= v7.
  warnings.warn("Your cuDNN version is more recent than "
Using cuDNN version 7600 on context None
Mapped name None to device cuda0: Tesla P100-PCIE-16GB (0000:83:00.0)
/scratch/work/groszt1/envs/theanoLM/lib/python3.7/site-packages/h5py-2.9.0-py3.7-linux-x86_64.egg/h5py/_hl/dataset.py:313: H5pyDeprecationWarning: dataset.value has been deprecated. Use dataset[()] instead.
  "Use dataset[()] instead.", H5pyDeprecationWarning)
/scratch/work/groszt1/envs/theanoLM/lib/python3.7/site-packages/h5py-2.9.0-py3.7-linux-x86_64.egg/h5py/_hl/dataset.py:313: H5pyDeprecationWarning: dataset.value has been deprecated. Use dataset[()] instead.
  "Use dataset[()] instead.", H5pyDeprecationWarning)
decode_theanolm finished.
/tmp/55088275/lattices
floatX=float32,device=cuda0,base_compiledir=/tmp/theano,exception_verbosity=high,openmp=False
/scratch/work/groszt1/envs/theanoLM/lib/python3.7/site-packages/theano/gpuarray/dnn.py:184: UserWarning: Your cuDNN version is more recent than Theano. If you encounter problems, try updating Theano or downgrading cuDNN to a version >= v5 and <= v7.
  warnings.warn("Your cuDNN version is more recent than "
Using cuDNN version 7600 on context None
Mapped name None to device cuda0: Tesla P100-PCIE-16GB (0000:83:00.0)
TheanoLM 1.3.2
Theano 1.0.4
pygpu 0.7.6
==
+ srun --gres=gpu:1 theanolm decode /scratch/work/moisioa3/conv_lm/experiments/theanolm-morph-42k/expt2-sampled/nnlm.h5 --lattice-list /tmp/55088275/lattices/lattice-list --output-file /scratch/work/moisioa3/conv_lm/experiments/theanolm-morph-42k/expt2-sampled/decode/devel/lambda=1.0-lms=8/16.trn --output trn --nnlm-weight 1.0 --lm-scale 8 --max-tokens-per-node 62 --beam 650 --recombination-order 22 --num-jobs 128 --job 16 --unk-penalty=-20
2020-08-15 09:21:45,758 get_default_device: Context None device="Tesla P100-PCIE-16GB" ID="0000:83:00.0"
2020-08-15 09:21:45,759 from_file: Reading vocabulary from network state.
2020-08-15 09:21:46,022 from_file: Number of words in vocabulary: 42699
2020-08-15 09:21:46,023 from_file: Number of words in shortlist: 42699
2020-08-15 09:21:46,023 from_file: Number of word classes: 42699
2020-08-15 09:21:46,023 from_file: Building neural network.
2020-08-15 09:22:27,684 from_file: Restoring neural network state.
2020-08-15 09:22:28,020 decode: Building word lattice decoder.
2020-08-15 09:22:33,237 __iter__: Reading lattice file `/tmp/55088275/lattices/dspf004_dsp2013_18.lat.gz´.
2020-08-15 09:22:34,903 decode: Utterance `dspf004_dsp2013_18´ -- 1 of job 16
2020-08-15 09:23:11,136 __iter__: Reading lattice file `/tmp/55088275/lattices/dspm007_dsp2013_26.lat.gz´.
2020-08-15 09:23:11,789 decode: Utterance `dspm007_dsp2013_26´ -- 2 of job 16
2020-08-15 09:23:26,436 __iter__: Reading lattice file `/tmp/55088275/lattices/dspm018_dsp2013_15.lat.gz´.
2020-08-15 09:23:26,532 decode: Utterance `dspm018_dsp2013_15´ -- 3 of job 16
2020-08-15 09:23:28,503 __iter__: Reading lattice file `/tmp/55088275/lattices/dspm026_dsp2013_03.lat.gz´.
2020-08-15 09:23:28,590 decode: Utterance `dspm026_dsp2013_03´ -- 4 of job 16
2020-08-15 09:23:30,374 __iter__: Reading lattice file `/tmp/55088275/lattices/dspm036_dsp2013_03.lat.gz´.
2020-08-15 09:23:30,563 decode: Utterance `dspm036_dsp2013_03´ -- 5 of job 16
2020-08-15 09:23:34,952 __iter__: Reading lattice file `/tmp/55088275/lattices/dspm047_dsp2013_01.lat.gz´.
2020-08-15 09:23:35,039 decode: Utterance `dspm047_dsp2013_01´ -- 6 of job 16
2020-08-15 09:23:36,591 __iter__: Reading lattice file `/tmp/55088275/lattices/dspm055_dsp2013_05.lat.gz´.
2020-08-15 09:23:36,731 decode: Utterance `dspm055_dsp2013_05´ -- 7 of job 16
2020-08-15 09:23:39,911 __iter__: Reading lattice file `/tmp/55088275/lattices/radiokassu_kbk20120915_103.lat.gz´.
2020-08-15 09:23:40,099 decode: Utterance `radiokassu_kbk20120915_103´ -- 8 of job 16
/scratch/work/groszt1/envs/theanoLM/lib/python3.7/site-packages/theano/gpuarray/dnn.py:184: UserWarning: Your cuDNN version is more recent than Theano. If you encounter problems, try updating Theano or downgrading cuDNN to a version >= v5 and <= v7.
  warnings.warn("Your cuDNN version is more recent than "
Using cuDNN version 7600 on context None
Mapped name None to device cuda0: Tesla P100-PCIE-16GB (0000:83:00.0)
/scratch/work/groszt1/envs/theanoLM/lib/python3.7/site-packages/h5py-2.9.0-py3.7-linux-x86_64.egg/h5py/_hl/dataset.py:313: H5pyDeprecationWarning: dataset.value has been deprecated. Use dataset[()] instead.
  "Use dataset[()] instead.", H5pyDeprecationWarning)
/scratch/work/groszt1/envs/theanoLM/lib/python3.7/site-packages/h5py-2.9.0-py3.7-linux-x86_64.egg/h5py/_hl/dataset.py:313: H5pyDeprecationWarning: dataset.value has been deprecated. Use dataset[()] instead.
  "Use dataset[()] instead.", H5pyDeprecationWarning)
decode_theanolm finished.
/tmp/55088275/lattices
floatX=float32,device=cuda0,base_compiledir=/tmp/theano,exception_verbosity=high,openmp=False
/scratch/work/groszt1/envs/theanoLM/lib/python3.7/site-packages/theano/gpuarray/dnn.py:184: UserWarning: Your cuDNN version is more recent than Theano. If you encounter problems, try updating Theano or downgrading cuDNN to a version >= v5 and <= v7.
  warnings.warn("Your cuDNN version is more recent than "
Using cuDNN version 7600 on context None
Mapped name None to device cuda0: Tesla P100-PCIE-16GB (0000:83:00.0)
TheanoLM 1.3.2
Theano 1.0.4
pygpu 0.7.6
==
+ srun --gres=gpu:1 theanolm decode /scratch/work/moisioa3/conv_lm/experiments/theanolm-morph-42k/expt2-sampled/nnlm.h5 --lattice-list /tmp/55088275/lattices/lattice-list --output-file /scratch/work/moisioa3/conv_lm/experiments/theanolm-morph-42k/expt2-sampled/decode/devel/lambda=1.0-lms=9/16.trn --output trn --nnlm-weight 1.0 --lm-scale 9 --max-tokens-per-node 62 --beam 650 --recombination-order 22 --num-jobs 128 --job 16 --unk-penalty=-20
2020-08-15 09:23:51,060 get_default_device: Context None device="Tesla P100-PCIE-16GB" ID="0000:83:00.0"
2020-08-15 09:23:51,062 from_file: Reading vocabulary from network state.
2020-08-15 09:23:51,342 from_file: Number of words in vocabulary: 42699
2020-08-15 09:23:51,343 from_file: Number of words in shortlist: 42699
2020-08-15 09:23:51,343 from_file: Number of word classes: 42699
2020-08-15 09:23:51,343 from_file: Building neural network.
2020-08-15 09:24:34,180 from_file: Restoring neural network state.
2020-08-15 09:24:34,552 decode: Building word lattice decoder.
2020-08-15 09:24:39,978 __iter__: Reading lattice file `/tmp/55088275/lattices/dspf004_dsp2013_18.lat.gz´.
2020-08-15 09:24:41,661 decode: Utterance `dspf004_dsp2013_18´ -- 1 of job 16
2020-08-15 09:25:17,574 __iter__: Reading lattice file `/tmp/55088275/lattices/dspm007_dsp2013_26.lat.gz´.
2020-08-15 09:25:18,223 decode: Utterance `dspm007_dsp2013_26´ -- 2 of job 16
2020-08-15 09:25:32,702 __iter__: Reading lattice file `/tmp/55088275/lattices/dspm018_dsp2013_15.lat.gz´.
2020-08-15 09:25:32,799 decode: Utterance `dspm018_dsp2013_15´ -- 3 of job 16
2020-08-15 09:25:34,768 __iter__: Reading lattice file `/tmp/55088275/lattices/dspm026_dsp2013_03.lat.gz´.
2020-08-15 09:25:34,855 decode: Utterance `dspm026_dsp2013_03´ -- 4 of job 16
2020-08-15 09:25:36,640 __iter__: Reading lattice file `/tmp/55088275/lattices/dspm036_dsp2013_03.lat.gz´.
2020-08-15 09:25:36,827 decode: Utterance `dspm036_dsp2013_03´ -- 5 of job 16
2020-08-15 09:25:41,122 __iter__: Reading lattice file `/tmp/55088275/lattices/dspm047_dsp2013_01.lat.gz´.
2020-08-15 09:25:41,210 decode: Utterance `dspm047_dsp2013_01´ -- 6 of job 16
2020-08-15 09:25:42,747 __iter__: Reading lattice file `/tmp/55088275/lattices/dspm055_dsp2013_05.lat.gz´.
2020-08-15 09:25:42,885 decode: Utterance `dspm055_dsp2013_05´ -- 7 of job 16
2020-08-15 09:25:46,031 __iter__: Reading lattice file `/tmp/55088275/lattices/radiokassu_kbk20120915_103.lat.gz´.
2020-08-15 09:25:46,218 decode: Utterance `radiokassu_kbk20120915_103´ -- 8 of job 16
/scratch/work/groszt1/envs/theanoLM/lib/python3.7/site-packages/theano/gpuarray/dnn.py:184: UserWarning: Your cuDNN version is more recent than Theano. If you encounter problems, try updating Theano or downgrading cuDNN to a version >= v5 and <= v7.
  warnings.warn("Your cuDNN version is more recent than "
Using cuDNN version 7600 on context None
Mapped name None to device cuda0: Tesla P100-PCIE-16GB (0000:83:00.0)
/scratch/work/groszt1/envs/theanoLM/lib/python3.7/site-packages/h5py-2.9.0-py3.7-linux-x86_64.egg/h5py/_hl/dataset.py:313: H5pyDeprecationWarning: dataset.value has been deprecated. Use dataset[()] instead.
  "Use dataset[()] instead.", H5pyDeprecationWarning)
/scratch/work/groszt1/envs/theanoLM/lib/python3.7/site-packages/h5py-2.9.0-py3.7-linux-x86_64.egg/h5py/_hl/dataset.py:313: H5pyDeprecationWarning: dataset.value has been deprecated. Use dataset[()] instead.
  "Use dataset[()] instead.", H5pyDeprecationWarning)
decode_theanolm finished.
/tmp/55088275/lattices
floatX=float32,device=cuda0,base_compiledir=/tmp/theano,exception_verbosity=high,openmp=False
/scratch/work/groszt1/envs/theanoLM/lib/python3.7/site-packages/theano/gpuarray/dnn.py:184: UserWarning: Your cuDNN version is more recent than Theano. If you encounter problems, try updating Theano or downgrading cuDNN to a version >= v5 and <= v7.
  warnings.warn("Your cuDNN version is more recent than "
Using cuDNN version 7600 on context None
Mapped name None to device cuda0: Tesla P100-PCIE-16GB (0000:83:00.0)
TheanoLM 1.3.2
Theano 1.0.4
pygpu 0.7.6
==
+ srun --gres=gpu:1 theanolm decode /scratch/work/moisioa3/conv_lm/experiments/theanolm-morph-42k/expt2-sampled/nnlm.h5 --lattice-list /tmp/55088275/lattices/lattice-list --output-file /scratch/work/moisioa3/conv_lm/experiments/theanolm-morph-42k/expt2-sampled/decode/devel/lambda=1.0-lms=10/16.trn --output trn --nnlm-weight 1.0 --lm-scale 10 --max-tokens-per-node 62 --beam 650 --recombination-order 22 --num-jobs 128 --job 16 --unk-penalty=-20
2020-08-15 09:25:57,174 get_default_device: Context None device="Tesla P100-PCIE-16GB" ID="0000:83:00.0"
2020-08-15 09:25:57,175 from_file: Reading vocabulary from network state.
2020-08-15 09:25:57,446 from_file: Number of words in vocabulary: 42699
2020-08-15 09:25:57,447 from_file: Number of words in shortlist: 42699
2020-08-15 09:25:57,447 from_file: Number of word classes: 42699
2020-08-15 09:25:57,447 from_file: Building neural network.
2020-08-15 09:26:39,050 from_file: Restoring neural network state.
2020-08-15 09:26:39,388 decode: Building word lattice decoder.
2020-08-15 09:26:53,033 __iter__: Reading lattice file `/tmp/55088275/lattices/dspf004_dsp2013_18.lat.gz´.
2020-08-15 09:26:54,676 decode: Utterance `dspf004_dsp2013_18´ -- 1 of job 16
2020-08-15 09:27:30,921 __iter__: Reading lattice file `/tmp/55088275/lattices/dspm007_dsp2013_26.lat.gz´.
2020-08-15 09:27:31,560 decode: Utterance `dspm007_dsp2013_26´ -- 2 of job 16
2020-08-15 09:27:46,306 __iter__: Reading lattice file `/tmp/55088275/lattices/dspm018_dsp2013_15.lat.gz´.
2020-08-15 09:27:46,402 decode: Utterance `dspm018_dsp2013_15´ -- 3 of job 16
2020-08-15 09:27:48,384 __iter__: Reading lattice file `/tmp/55088275/lattices/dspm026_dsp2013_03.lat.gz´.
2020-08-15 09:27:48,469 decode: Utterance `dspm026_dsp2013_03´ -- 4 of job 16
2020-08-15 09:27:50,256 __iter__: Reading lattice file `/tmp/55088275/lattices/dspm036_dsp2013_03.lat.gz´.
2020-08-15 09:27:50,440 decode: Utterance `dspm036_dsp2013_03´ -- 5 of job 16
2020-08-15 09:27:54,758 __iter__: Reading lattice file `/tmp/55088275/lattices/dspm047_dsp2013_01.lat.gz´.
2020-08-15 09:27:54,844 decode: Utterance `dspm047_dsp2013_01´ -- 6 of job 16
2020-08-15 09:27:56,399 __iter__: Reading lattice file `/tmp/55088275/lattices/dspm055_dsp2013_05.lat.gz´.
2020-08-15 09:27:56,536 decode: Utterance `dspm055_dsp2013_05´ -- 7 of job 16
2020-08-15 09:27:59,692 __iter__: Reading lattice file `/tmp/55088275/lattices/radiokassu_kbk20120915_103.lat.gz´.
2020-08-15 09:27:59,877 decode: Utterance `radiokassu_kbk20120915_103´ -- 8 of job 16
/scratch/work/groszt1/envs/theanoLM/lib/python3.7/site-packages/theano/gpuarray/dnn.py:184: UserWarning: Your cuDNN version is more recent than Theano. If you encounter problems, try updating Theano or downgrading cuDNN to a version >= v5 and <= v7.
  warnings.warn("Your cuDNN version is more recent than "
Using cuDNN version 7600 on context None
Mapped name None to device cuda0: Tesla P100-PCIE-16GB (0000:83:00.0)
/scratch/work/groszt1/envs/theanoLM/lib/python3.7/site-packages/h5py-2.9.0-py3.7-linux-x86_64.egg/h5py/_hl/dataset.py:313: H5pyDeprecationWarning: dataset.value has been deprecated. Use dataset[()] instead.
  "Use dataset[()] instead.", H5pyDeprecationWarning)
/scratch/work/groszt1/envs/theanoLM/lib/python3.7/site-packages/h5py-2.9.0-py3.7-linux-x86_64.egg/h5py/_hl/dataset.py:313: H5pyDeprecationWarning: dataset.value has been deprecated. Use dataset[()] instead.
  "Use dataset[()] instead.", H5pyDeprecationWarning)
decode_theanolm finished.
/tmp/55088275/lattices
floatX=float32,device=cuda0,base_compiledir=/tmp/theano,exception_verbosity=high,openmp=False
/scratch/work/groszt1/envs/theanoLM/lib/python3.7/site-packages/theano/gpuarray/dnn.py:184: UserWarning: Your cuDNN version is more recent than Theano. If you encounter problems, try updating Theano or downgrading cuDNN to a version >= v5 and <= v7.
  warnings.warn("Your cuDNN version is more recent than "
Using cuDNN version 7600 on context None
Mapped name None to device cuda0: Tesla P100-PCIE-16GB (0000:83:00.0)
TheanoLM 1.3.2
Theano 1.0.4
pygpu 0.7.6
==
+ srun --gres=gpu:1 theanolm decode /scratch/work/moisioa3/conv_lm/experiments/theanolm-morph-42k/expt2-sampled/nnlm.h5 --lattice-list /tmp/55088275/lattices/lattice-list --output-file /scratch/work/moisioa3/conv_lm/experiments/theanolm-morph-42k/expt2-sampled/decode/devel/lambda=1.0-lms=11/16.trn --output trn --nnlm-weight 1.0 --lm-scale 11 --max-tokens-per-node 62 --beam 650 --recombination-order 22 --num-jobs 128 --job 16 --unk-penalty=-20
2020-08-15 09:28:12,498 get_default_device: Context None device="Tesla P100-PCIE-16GB" ID="0000:83:00.0"
2020-08-15 09:28:12,499 from_file: Reading vocabulary from network state.
2020-08-15 09:28:12,775 from_file: Number of words in vocabulary: 42699
2020-08-15 09:28:12,776 from_file: Number of words in shortlist: 42699
2020-08-15 09:28:12,776 from_file: Number of word classes: 42699
2020-08-15 09:28:12,776 from_file: Building neural network.
2020-08-15 09:28:54,090 from_file: Restoring neural network state.
2020-08-15 09:28:54,455 decode: Building word lattice decoder.
2020-08-15 09:28:59,687 __iter__: Reading lattice file `/tmp/55088275/lattices/dspf004_dsp2013_18.lat.gz´.
2020-08-15 09:29:01,350 decode: Utterance `dspf004_dsp2013_18´ -- 1 of job 16
2020-08-15 09:29:39,564 __iter__: Reading lattice file `/tmp/55088275/lattices/dspm007_dsp2013_26.lat.gz´.
2020-08-15 09:29:40,231 decode: Utterance `dspm007_dsp2013_26´ -- 2 of job 16
2020-08-15 09:29:55,326 __iter__: Reading lattice file `/tmp/55088275/lattices/dspm018_dsp2013_15.lat.gz´.
2020-08-15 09:29:55,421 decode: Utterance `dspm018_dsp2013_15´ -- 3 of job 16
2020-08-15 09:29:57,385 __iter__: Reading lattice file `/tmp/55088275/lattices/dspm026_dsp2013_03.lat.gz´.
2020-08-15 09:29:57,470 decode: Utterance `dspm026_dsp2013_03´ -- 4 of job 16
2020-08-15 09:29:59,251 __iter__: Reading lattice file `/tmp/55088275/lattices/dspm036_dsp2013_03.lat.gz´.
2020-08-15 09:29:59,433 decode: Utterance `dspm036_dsp2013_03´ -- 5 of job 16
2020-08-15 09:30:03,671 __iter__: Reading lattice file `/tmp/55088275/lattices/dspm047_dsp2013_01.lat.gz´.
2020-08-15 09:30:03,752 decode: Utterance `dspm047_dsp2013_01´ -- 6 of job 16
2020-08-15 09:30:05,294 __iter__: Reading lattice file `/tmp/55088275/lattices/dspm055_dsp2013_05.lat.gz´.
2020-08-15 09:30:05,429 decode: Utterance `dspm055_dsp2013_05´ -- 7 of job 16
2020-08-15 09:30:08,553 __iter__: Reading lattice file `/tmp/55088275/lattices/radiokassu_kbk20120915_103.lat.gz´.
2020-08-15 09:30:08,735 decode: Utterance `radiokassu_kbk20120915_103´ -- 8 of job 16
/scratch/work/groszt1/envs/theanoLM/lib/python3.7/site-packages/theano/gpuarray/dnn.py:184: UserWarning: Your cuDNN version is more recent than Theano. If you encounter problems, try updating Theano or downgrading cuDNN to a version >= v5 and <= v7.
  warnings.warn("Your cuDNN version is more recent than "
Using cuDNN version 7600 on context None
Mapped name None to device cuda0: Tesla P100-PCIE-16GB (0000:83:00.0)
/scratch/work/groszt1/envs/theanoLM/lib/python3.7/site-packages/h5py-2.9.0-py3.7-linux-x86_64.egg/h5py/_hl/dataset.py:313: H5pyDeprecationWarning: dataset.value has been deprecated. Use dataset[()] instead.
  "Use dataset[()] instead.", H5pyDeprecationWarning)
/scratch/work/groszt1/envs/theanoLM/lib/python3.7/site-packages/h5py-2.9.0-py3.7-linux-x86_64.egg/h5py/_hl/dataset.py:313: H5pyDeprecationWarning: dataset.value has been deprecated. Use dataset[()] instead.
  "Use dataset[()] instead.", H5pyDeprecationWarning)
decode_theanolm finished.
/tmp/55088275/lattices
floatX=float32,device=cuda0,base_compiledir=/tmp/theano,exception_verbosity=high,openmp=False
/scratch/work/groszt1/envs/theanoLM/lib/python3.7/site-packages/theano/gpuarray/dnn.py:184: UserWarning: Your cuDNN version is more recent than Theano. If you encounter problems, try updating Theano or downgrading cuDNN to a version >= v5 and <= v7.
  warnings.warn("Your cuDNN version is more recent than "
Using cuDNN version 7600 on context None
Mapped name None to device cuda0: Tesla P100-PCIE-16GB (0000:83:00.0)
TheanoLM 1.3.2
Theano 1.0.4
pygpu 0.7.6
==
+ srun --gres=gpu:1 theanolm decode /scratch/work/moisioa3/conv_lm/experiments/theanolm-morph-42k/expt2-sampled/nnlm.h5 --lattice-list /tmp/55088275/lattices/lattice-list --output-file /scratch/work/moisioa3/conv_lm/experiments/theanolm-morph-42k/expt2-sampled/decode/devel/lambda=1.0-lms=12/16.trn --output trn --nnlm-weight 1.0 --lm-scale 12 --max-tokens-per-node 62 --beam 650 --recombination-order 22 --num-jobs 128 --job 16 --unk-penalty=-20
2020-08-15 09:30:19,678 get_default_device: Context None device="Tesla P100-PCIE-16GB" ID="0000:83:00.0"
2020-08-15 09:30:19,679 from_file: Reading vocabulary from network state.
2020-08-15 09:30:19,960 from_file: Number of words in vocabulary: 42699
2020-08-15 09:30:19,961 from_file: Number of words in shortlist: 42699
2020-08-15 09:30:19,961 from_file: Number of word classes: 42699
2020-08-15 09:30:19,961 from_file: Building neural network.
2020-08-15 09:31:01,470 from_file: Restoring neural network state.
2020-08-15 09:31:01,837 decode: Building word lattice decoder.
2020-08-15 09:31:07,096 __iter__: Reading lattice file `/tmp/55088275/lattices/dspf004_dsp2013_18.lat.gz´.
2020-08-15 09:31:08,788 decode: Utterance `dspf004_dsp2013_18´ -- 1 of job 16
2020-08-15 09:31:44,819 __iter__: Reading lattice file `/tmp/55088275/lattices/dspm007_dsp2013_26.lat.gz´.
2020-08-15 09:31:45,471 decode: Utterance `dspm007_dsp2013_26´ -- 2 of job 16
2020-08-15 09:32:00,248 __iter__: Reading lattice file `/tmp/55088275/lattices/dspm018_dsp2013_15.lat.gz´.
2020-08-15 09:32:00,347 decode: Utterance `dspm018_dsp2013_15´ -- 3 of job 16
2020-08-15 09:32:02,323 __iter__: Reading lattice file `/tmp/55088275/lattices/dspm026_dsp2013_03.lat.gz´.
2020-08-15 09:32:02,411 decode: Utterance `dspm026_dsp2013_03´ -- 4 of job 16
2020-08-15 09:32:04,192 __iter__: Reading lattice file `/tmp/55088275/lattices/dspm036_dsp2013_03.lat.gz´.
2020-08-15 09:32:04,383 decode: Utterance `dspm036_dsp2013_03´ -- 5 of job 16
2020-08-15 09:32:08,712 __iter__: Reading lattice file `/tmp/55088275/lattices/dspm047_dsp2013_01.lat.gz´.
2020-08-15 09:32:08,800 decode: Utterance `dspm047_dsp2013_01´ -- 6 of job 16
2020-08-15 09:32:10,355 __iter__: Reading lattice file `/tmp/55088275/lattices/dspm055_dsp2013_05.lat.gz´.
2020-08-15 09:32:10,495 decode: Utterance `dspm055_dsp2013_05´ -- 7 of job 16
2020-08-15 09:32:13,642 __iter__: Reading lattice file `/tmp/55088275/lattices/radiokassu_kbk20120915_103.lat.gz´.
2020-08-15 09:32:13,833 decode: Utterance `radiokassu_kbk20120915_103´ -- 8 of job 16
/scratch/work/groszt1/envs/theanoLM/lib/python3.7/site-packages/theano/gpuarray/dnn.py:184: UserWarning: Your cuDNN version is more recent than Theano. If you encounter problems, try updating Theano or downgrading cuDNN to a version >= v5 and <= v7.
  warnings.warn("Your cuDNN version is more recent than "
Using cuDNN version 7600 on context None
Mapped name None to device cuda0: Tesla P100-PCIE-16GB (0000:83:00.0)
/scratch/work/groszt1/envs/theanoLM/lib/python3.7/site-packages/h5py-2.9.0-py3.7-linux-x86_64.egg/h5py/_hl/dataset.py:313: H5pyDeprecationWarning: dataset.value has been deprecated. Use dataset[()] instead.
  "Use dataset[()] instead.", H5pyDeprecationWarning)
/scratch/work/groszt1/envs/theanoLM/lib/python3.7/site-packages/h5py-2.9.0-py3.7-linux-x86_64.egg/h5py/_hl/dataset.py:313: H5pyDeprecationWarning: dataset.value has been deprecated. Use dataset[()] instead.
  "Use dataset[()] instead.", H5pyDeprecationWarning)
decode_theanolm finished.
decode devel finished.
