Experiment: theanolm-morph-42k/expt2-sampled
Job ID: 55133333
Task ID: 98
Host: gpu26.int.triton.aalto.fi
Start date: Thu Aug 20 19:26:35 EEST 2020
Work directory: /scratch/work/moisioa3/conv_lm/experiments/theanolm-morph-42k/expt2-sampled
Temporary directory: /tmp/55133333

Currently Loaded Modules:
  1) speech-scripts/2016.05.24-b928230   6) binutils/2.25-GCCcore-5.4.0
  2) srilm/default                       7) GCC/5.4.0-2.25
  3) cuda/10.0.130                       8) libgpuarray/2017.03.29-45c731f
  4) cudnn/7.4.2-cuda                    9) anaconda3/latest
  5) GCCcore/5.4.0

 

/tmp/55133333/lattices
floatX=float32,device=cuda0,base_compiledir=/tmp/theano,exception_verbosity=high,openmp=False
/scratch/work/groszt1/envs/theanoLM/lib/python3.7/site-packages/theano/gpuarray/dnn.py:184: UserWarning: Your cuDNN version is more recent than Theano. If you encounter problems, try updating Theano or downgrading cuDNN to a version >= v5 and <= v7.
  warnings.warn("Your cuDNN version is more recent than "
Using cuDNN version 7600 on context None
Mapped name None to device cuda0: Tesla P100-PCIE-16GB (0000:83:00.0)
TheanoLM 1.3.2
Theano 1.0.4
pygpu 0.7.6
==
+ srun --gres=gpu:1 theanolm decode /scratch/work/moisioa3/conv_lm/experiments/theanolm-morph-42k/expt2-sampled/nnlm.h5 --lattice-list /tmp/55133333/lattices/lattice-list --output-file /scratch/work/moisioa3/conv_lm/experiments/theanolm-morph-42k/expt2-sampled/decode/eval/lambda=0.5-lms=9/98.trn --output trn --nnlm-weight 0.5 --lm-scale 9 --max-tokens-per-node 62 --beam 650 --recombination-order 22 --num-jobs 128 --job 98 --unk-penalty=-20
2020-08-20 19:26:56,217 get_default_device: Context None device="Tesla P100-PCIE-16GB" ID="0000:83:00.0"
2020-08-20 19:26:56,218 from_file: Reading vocabulary from network state.
2020-08-20 19:26:56,487 from_file: Number of words in vocabulary: 42699
2020-08-20 19:26:56,487 from_file: Number of words in shortlist: 42699
2020-08-20 19:26:56,487 from_file: Number of word classes: 42699
2020-08-20 19:26:56,487 from_file: Building neural network.
2020-08-20 19:27:47,208 from_file: Restoring neural network state.
2020-08-20 19:27:47,579 decode: Building word lattice decoder.
2020-08-20 19:27:53,306 __iter__: Reading lattice file `/tmp/55133333/lattices/dspm013_dsp2013_23.lat.gz´.
2020-08-20 19:27:53,684 decode: Utterance `dspm013_dsp2013_23´ -- 1 of job 98
2020-08-20 19:28:02,907 __iter__: Reading lattice file `/tmp/55133333/lattices/dspm053_dsp2013_24.lat.gz´.
2020-08-20 19:28:02,940 decode: Utterance `dspm053_dsp2013_24´ -- 2 of job 98
2020-08-20 19:28:03,554 __iter__: Reading lattice file `/tmp/55133333/lattices/radiokatupaimen_aamushow20120720_41.lat.gz´.
2020-08-20 19:28:03,581 decode: Utterance `radiokatupaimen_aamushow20120720_41´ -- 3 of job 98
2020-08-20 19:28:04,094 __iter__: Reading lattice file `/tmp/55133333/lattices/radioruudolf_aamushow20100713_69.lat.gz´.
2020-08-20 19:28:04,584 decode: Utterance `radioruudolf_aamushow20100713_69´ -- 4 of job 98
/scratch/work/groszt1/envs/theanoLM/lib/python3.7/site-packages/theano/gpuarray/dnn.py:184: UserWarning: Your cuDNN version is more recent than Theano. If you encounter problems, try updating Theano or downgrading cuDNN to a version >= v5 and <= v7.
  warnings.warn("Your cuDNN version is more recent than "
Using cuDNN version 7600 on context None
Mapped name None to device cuda0: Tesla P100-PCIE-16GB (0000:83:00.0)
/scratch/work/groszt1/envs/theanoLM/lib/python3.7/site-packages/h5py-2.9.0-py3.7-linux-x86_64.egg/h5py/_hl/dataset.py:313: H5pyDeprecationWarning: dataset.value has been deprecated. Use dataset[()] instead.
  "Use dataset[()] instead.", H5pyDeprecationWarning)
/scratch/work/groszt1/envs/theanoLM/lib/python3.7/site-packages/h5py-2.9.0-py3.7-linux-x86_64.egg/h5py/_hl/dataset.py:313: H5pyDeprecationWarning: dataset.value has been deprecated. Use dataset[()] instead.
  "Use dataset[()] instead.", H5pyDeprecationWarning)
decode_theanolm finished.
/tmp/55133333/lattices
floatX=float32,device=cuda0,base_compiledir=/tmp/theano,exception_verbosity=high,openmp=False
/scratch/work/groszt1/envs/theanoLM/lib/python3.7/site-packages/theano/gpuarray/dnn.py:184: UserWarning: Your cuDNN version is more recent than Theano. If you encounter problems, try updating Theano or downgrading cuDNN to a version >= v5 and <= v7.
  warnings.warn("Your cuDNN version is more recent than "
Using cuDNN version 7600 on context None
Mapped name None to device cuda0: Tesla P100-PCIE-16GB (0000:83:00.0)
TheanoLM 1.3.2
Theano 1.0.4
pygpu 0.7.6
==
+ srun --gres=gpu:1 theanolm decode /scratch/work/moisioa3/conv_lm/experiments/theanolm-morph-42k/expt2-sampled/nnlm.h5 --lattice-list /tmp/55133333/lattices/lattice-list --output-file /scratch/work/moisioa3/conv_lm/experiments/theanolm-morph-42k/expt2-sampled/decode/eval/lambda=1.0-lms=9/98.trn --output trn --nnlm-weight 1.0 --lm-scale 9 --max-tokens-per-node 62 --beam 650 --recombination-order 22 --num-jobs 128 --job 98 --unk-penalty=-20
2020-08-20 19:28:26,172 get_default_device: Context None device="Tesla P100-PCIE-16GB" ID="0000:83:00.0"
2020-08-20 19:28:26,173 from_file: Reading vocabulary from network state.
2020-08-20 19:28:26,440 from_file: Number of words in vocabulary: 42699
2020-08-20 19:28:26,440 from_file: Number of words in shortlist: 42699
2020-08-20 19:28:26,440 from_file: Number of word classes: 42699
2020-08-20 19:28:26,440 from_file: Building neural network.
2020-08-20 19:29:08,906 from_file: Restoring neural network state.
2020-08-20 19:29:09,261 decode: Building word lattice decoder.
2020-08-20 19:29:14,670 __iter__: Reading lattice file `/tmp/55133333/lattices/dspm013_dsp2013_23.lat.gz´.
2020-08-20 19:29:15,054 decode: Utterance `dspm013_dsp2013_23´ -- 1 of job 98
2020-08-20 19:29:22,723 __iter__: Reading lattice file `/tmp/55133333/lattices/dspm053_dsp2013_24.lat.gz´.
2020-08-20 19:29:22,755 decode: Utterance `dspm053_dsp2013_24´ -- 2 of job 98
2020-08-20 19:29:23,402 __iter__: Reading lattice file `/tmp/55133333/lattices/radiokatupaimen_aamushow20120720_41.lat.gz´.
2020-08-20 19:29:23,434 decode: Utterance `radiokatupaimen_aamushow20120720_41´ -- 3 of job 98
2020-08-20 19:29:23,979 __iter__: Reading lattice file `/tmp/55133333/lattices/radioruudolf_aamushow20100713_69.lat.gz´.
2020-08-20 19:29:24,488 decode: Utterance `radioruudolf_aamushow20100713_69´ -- 4 of job 98
/scratch/work/groszt1/envs/theanoLM/lib/python3.7/site-packages/theano/gpuarray/dnn.py:184: UserWarning: Your cuDNN version is more recent than Theano. If you encounter problems, try updating Theano or downgrading cuDNN to a version >= v5 and <= v7.
  warnings.warn("Your cuDNN version is more recent than "
Using cuDNN version 7600 on context None
Mapped name None to device cuda0: Tesla P100-PCIE-16GB (0000:83:00.0)
/scratch/work/groszt1/envs/theanoLM/lib/python3.7/site-packages/h5py-2.9.0-py3.7-linux-x86_64.egg/h5py/_hl/dataset.py:313: H5pyDeprecationWarning: dataset.value has been deprecated. Use dataset[()] instead.
  "Use dataset[()] instead.", H5pyDeprecationWarning)
/scratch/work/groszt1/envs/theanoLM/lib/python3.7/site-packages/h5py-2.9.0-py3.7-linux-x86_64.egg/h5py/_hl/dataset.py:313: H5pyDeprecationWarning: dataset.value has been deprecated. Use dataset[()] instead.
  "Use dataset[()] instead.", H5pyDeprecationWarning)
decode_theanolm finished.
decode eval finished.
