Experiment: theanolm-morph-42k/expt2-sampled
Job ID: 55133067
Task ID: 105
Host: gpu24.int.triton.aalto.fi
Start date: Thu Aug 20 18:09:49 EEST 2020
Work directory: /scratch/work/moisioa3/conv_lm/experiments/theanolm-morph-42k/expt2-sampled
Temporary directory: /tmp/55133067

Currently Loaded Modules:
  1) speech-scripts/2016.05.24-b928230   6) binutils/2.25-GCCcore-5.4.0
  2) srilm/default                       7) GCC/5.4.0-2.25
  3) cuda/10.0.130                       8) libgpuarray/2017.03.29-45c731f
  4) cudnn/7.4.2-cuda                    9) anaconda3/latest
  5) GCCcore/5.4.0

 

/tmp/55133067/lattices
floatX=float32,device=cuda0,base_compiledir=/tmp/theano,exception_verbosity=high,openmp=False
/scratch/work/groszt1/envs/theanoLM/lib/python3.7/site-packages/theano/gpuarray/dnn.py:184: UserWarning: Your cuDNN version is more recent than Theano. If you encounter problems, try updating Theano or downgrading cuDNN to a version >= v5 and <= v7.
  warnings.warn("Your cuDNN version is more recent than "
Using cuDNN version 7600 on context None
Mapped name None to device cuda0: Tesla P100-PCIE-16GB (0000:83:00.0)
TheanoLM 1.3.2
Theano 1.0.4
pygpu 0.7.6
==
+ srun --gres=gpu:1 theanolm decode /scratch/work/moisioa3/conv_lm/experiments/theanolm-morph-42k/expt2-sampled/nnlm.h5 --lattice-list /tmp/55133067/lattices/lattice-list --output-file /scratch/work/moisioa3/conv_lm/experiments/theanolm-morph-42k/expt2-sampled/decode/eval/lambda=0.5-lms=9/105.trn --output trn --nnlm-weight 0.5 --lm-scale 9 --max-tokens-per-node 62 --beam 650 --recombination-order 22 --num-jobs 128 --job 105 --unk-penalty=-20
2020-08-20 18:10:09,635 get_default_device: Context None device="Tesla P100-PCIE-16GB" ID="0000:83:00.0"
2020-08-20 18:10:09,636 from_file: Reading vocabulary from network state.
2020-08-20 18:10:09,882 from_file: Number of words in vocabulary: 42699
2020-08-20 18:10:09,882 from_file: Number of words in shortlist: 42699
2020-08-20 18:10:09,882 from_file: Number of word classes: 42699
2020-08-20 18:10:09,883 from_file: Building neural network.
2020-08-20 18:10:53,711 from_file: Restoring neural network state.
2020-08-20 18:10:54,063 decode: Building word lattice decoder.
2020-08-20 18:10:59,547 __iter__: Reading lattice file `/tmp/55133067/lattices/dspm023_dsp2013_21.lat.gz´.
2020-08-20 18:10:59,702 decode: Utterance `dspm023_dsp2013_21´ -- 1 of job 105
2020-08-20 18:11:03,334 __iter__: Reading lattice file `/tmp/55133067/lattices/radioerkka_puhujainkulma20120909_32.lat.gz´.
2020-08-20 18:11:03,801 decode: Utterance `radioerkka_puhujainkulma20120909_32´ -- 2 of job 105
2020-08-20 18:11:14,146 __iter__: Reading lattice file `/tmp/55133067/lattices/radiokatupaimen_aamushow20120720_51.lat.gz´.
2020-08-20 18:11:14,771 decode: Utterance `radiokatupaimen_aamushow20120720_51´ -- 3 of job 105
2020-08-20 18:11:34,615 __iter__: Reading lattice file `/tmp/55133067/lattices/radioruudolf_aamushow20100713_77.lat.gz´.
2020-08-20 18:11:34,656 decode: Utterance `radioruudolf_aamushow20100713_77´ -- 4 of job 105
/scratch/work/groszt1/envs/theanoLM/lib/python3.7/site-packages/theano/gpuarray/dnn.py:184: UserWarning: Your cuDNN version is more recent than Theano. If you encounter problems, try updating Theano or downgrading cuDNN to a version >= v5 and <= v7.
  warnings.warn("Your cuDNN version is more recent than "
Using cuDNN version 7600 on context None
Mapped name None to device cuda0: Tesla P100-PCIE-16GB (0000:83:00.0)
/scratch/work/groszt1/envs/theanoLM/lib/python3.7/site-packages/h5py-2.9.0-py3.7-linux-x86_64.egg/h5py/_hl/dataset.py:313: H5pyDeprecationWarning: dataset.value has been deprecated. Use dataset[()] instead.
  "Use dataset[()] instead.", H5pyDeprecationWarning)
/scratch/work/groszt1/envs/theanoLM/lib/python3.7/site-packages/h5py-2.9.0-py3.7-linux-x86_64.egg/h5py/_hl/dataset.py:313: H5pyDeprecationWarning: dataset.value has been deprecated. Use dataset[()] instead.
  "Use dataset[()] instead.", H5pyDeprecationWarning)
decode_theanolm finished.
/tmp/55133067/lattices
floatX=float32,device=cuda0,base_compiledir=/tmp/theano,exception_verbosity=high,openmp=False
/scratch/work/groszt1/envs/theanoLM/lib/python3.7/site-packages/theano/gpuarray/dnn.py:184: UserWarning: Your cuDNN version is more recent than Theano. If you encounter problems, try updating Theano or downgrading cuDNN to a version >= v5 and <= v7.
  warnings.warn("Your cuDNN version is more recent than "
Using cuDNN version 7600 on context None
Mapped name None to device cuda0: Tesla P100-PCIE-16GB (0000:83:00.0)
TheanoLM 1.3.2
Theano 1.0.4
pygpu 0.7.6
==
+ srun --gres=gpu:1 theanolm decode /scratch/work/moisioa3/conv_lm/experiments/theanolm-morph-42k/expt2-sampled/nnlm.h5 --lattice-list /tmp/55133067/lattices/lattice-list --output-file /scratch/work/moisioa3/conv_lm/experiments/theanolm-morph-42k/expt2-sampled/decode/eval/lambda=0.5-lms=10/105.trn --output trn --nnlm-weight 0.5 --lm-scale 10 --max-tokens-per-node 62 --beam 650 --recombination-order 22 --num-jobs 128 --job 105 --unk-penalty=-20
2020-08-20 18:11:43,942 get_default_device: Context None device="Tesla P100-PCIE-16GB" ID="0000:83:00.0"
2020-08-20 18:11:43,943 from_file: Reading vocabulary from network state.
2020-08-20 18:11:44,204 from_file: Number of words in vocabulary: 42699
2020-08-20 18:11:44,204 from_file: Number of words in shortlist: 42699
2020-08-20 18:11:44,204 from_file: Number of word classes: 42699
2020-08-20 18:11:44,204 from_file: Building neural network.
2020-08-20 18:12:32,630 from_file: Restoring neural network state.
2020-08-20 18:12:32,966 decode: Building word lattice decoder.
2020-08-20 18:12:38,351 __iter__: Reading lattice file `/tmp/55133067/lattices/dspm023_dsp2013_21.lat.gz´.
2020-08-20 18:12:38,500 decode: Utterance `dspm023_dsp2013_21´ -- 1 of job 105
2020-08-20 18:12:42,096 __iter__: Reading lattice file `/tmp/55133067/lattices/radioerkka_puhujainkulma20120909_32.lat.gz´.
2020-08-20 18:12:42,563 decode: Utterance `radioerkka_puhujainkulma20120909_32´ -- 2 of job 105
2020-08-20 18:12:52,750 __iter__: Reading lattice file `/tmp/55133067/lattices/radiokatupaimen_aamushow20120720_51.lat.gz´.
2020-08-20 18:12:53,389 decode: Utterance `radiokatupaimen_aamushow20120720_51´ -- 3 of job 105
2020-08-20 18:13:12,374 __iter__: Reading lattice file `/tmp/55133067/lattices/radioruudolf_aamushow20100713_77.lat.gz´.
2020-08-20 18:13:12,412 decode: Utterance `radioruudolf_aamushow20100713_77´ -- 4 of job 105
/scratch/work/groszt1/envs/theanoLM/lib/python3.7/site-packages/theano/gpuarray/dnn.py:184: UserWarning: Your cuDNN version is more recent than Theano. If you encounter problems, try updating Theano or downgrading cuDNN to a version >= v5 and <= v7.
  warnings.warn("Your cuDNN version is more recent than "
Using cuDNN version 7600 on context None
Mapped name None to device cuda0: Tesla P100-PCIE-16GB (0000:83:00.0)
/scratch/work/groszt1/envs/theanoLM/lib/python3.7/site-packages/h5py-2.9.0-py3.7-linux-x86_64.egg/h5py/_hl/dataset.py:313: H5pyDeprecationWarning: dataset.value has been deprecated. Use dataset[()] instead.
  "Use dataset[()] instead.", H5pyDeprecationWarning)
/scratch/work/groszt1/envs/theanoLM/lib/python3.7/site-packages/h5py-2.9.0-py3.7-linux-x86_64.egg/h5py/_hl/dataset.py:313: H5pyDeprecationWarning: dataset.value has been deprecated. Use dataset[()] instead.
  "Use dataset[()] instead.", H5pyDeprecationWarning)
decode_theanolm finished.
/tmp/55133067/lattices
floatX=float32,device=cuda0,base_compiledir=/tmp/theano,exception_verbosity=high,openmp=False
/scratch/work/groszt1/envs/theanoLM/lib/python3.7/site-packages/theano/gpuarray/dnn.py:184: UserWarning: Your cuDNN version is more recent than Theano. If you encounter problems, try updating Theano or downgrading cuDNN to a version >= v5 and <= v7.
  warnings.warn("Your cuDNN version is more recent than "
Using cuDNN version 7600 on context None
Mapped name None to device cuda0: Tesla P100-PCIE-16GB (0000:83:00.0)
TheanoLM 1.3.2
Theano 1.0.4
pygpu 0.7.6
==
+ srun --gres=gpu:1 theanolm decode /scratch/work/moisioa3/conv_lm/experiments/theanolm-morph-42k/expt2-sampled/nnlm.h5 --lattice-list /tmp/55133067/lattices/lattice-list --output-file /scratch/work/moisioa3/conv_lm/experiments/theanolm-morph-42k/expt2-sampled/decode/eval/lambda=1.0-lms=9/105.trn --output trn --nnlm-weight 1.0 --lm-scale 9 --max-tokens-per-node 62 --beam 650 --recombination-order 22 --num-jobs 128 --job 105 --unk-penalty=-20
2020-08-20 18:13:19,770 get_default_device: Context None device="Tesla P100-PCIE-16GB" ID="0000:83:00.0"
2020-08-20 18:13:19,772 from_file: Reading vocabulary from network state.
2020-08-20 18:13:20,037 from_file: Number of words in vocabulary: 42699
2020-08-20 18:13:20,038 from_file: Number of words in shortlist: 42699
2020-08-20 18:13:20,038 from_file: Number of word classes: 42699
2020-08-20 18:13:20,038 from_file: Building neural network.
2020-08-20 18:14:04,017 from_file: Restoring neural network state.
2020-08-20 18:14:04,384 decode: Building word lattice decoder.
2020-08-20 18:14:09,984 __iter__: Reading lattice file `/tmp/55133067/lattices/dspm023_dsp2013_21.lat.gz´.
2020-08-20 18:14:10,135 decode: Utterance `dspm023_dsp2013_21´ -- 1 of job 105
2020-08-20 18:14:13,619 __iter__: Reading lattice file `/tmp/55133067/lattices/radioerkka_puhujainkulma20120909_32.lat.gz´.
2020-08-20 18:14:14,088 decode: Utterance `radioerkka_puhujainkulma20120909_32´ -- 2 of job 105
2020-08-20 18:14:23,371 __iter__: Reading lattice file `/tmp/55133067/lattices/radiokatupaimen_aamushow20120720_51.lat.gz´.
2020-08-20 18:14:24,011 decode: Utterance `radiokatupaimen_aamushow20120720_51´ -- 3 of job 105
2020-08-20 18:14:41,211 __iter__: Reading lattice file `/tmp/55133067/lattices/radioruudolf_aamushow20100713_77.lat.gz´.
2020-08-20 18:14:41,252 decode: Utterance `radioruudolf_aamushow20100713_77´ -- 4 of job 105
/scratch/work/groszt1/envs/theanoLM/lib/python3.7/site-packages/theano/gpuarray/dnn.py:184: UserWarning: Your cuDNN version is more recent than Theano. If you encounter problems, try updating Theano or downgrading cuDNN to a version >= v5 and <= v7.
  warnings.warn("Your cuDNN version is more recent than "
Using cuDNN version 7600 on context None
Mapped name None to device cuda0: Tesla P100-PCIE-16GB (0000:83:00.0)
/scratch/work/groszt1/envs/theanoLM/lib/python3.7/site-packages/h5py-2.9.0-py3.7-linux-x86_64.egg/h5py/_hl/dataset.py:313: H5pyDeprecationWarning: dataset.value has been deprecated. Use dataset[()] instead.
  "Use dataset[()] instead.", H5pyDeprecationWarning)
/scratch/work/groszt1/envs/theanoLM/lib/python3.7/site-packages/h5py-2.9.0-py3.7-linux-x86_64.egg/h5py/_hl/dataset.py:313: H5pyDeprecationWarning: dataset.value has been deprecated. Use dataset[()] instead.
  "Use dataset[()] instead.", H5pyDeprecationWarning)
decode_theanolm finished.
/tmp/55133067/lattices
floatX=float32,device=cuda0,base_compiledir=/tmp/theano,exception_verbosity=high,openmp=False
/scratch/work/groszt1/envs/theanoLM/lib/python3.7/site-packages/theano/gpuarray/dnn.py:184: UserWarning: Your cuDNN version is more recent than Theano. If you encounter problems, try updating Theano or downgrading cuDNN to a version >= v5 and <= v7.
  warnings.warn("Your cuDNN version is more recent than "
Using cuDNN version 7600 on context None
Mapped name None to device cuda0: Tesla P100-PCIE-16GB (0000:83:00.0)
TheanoLM 1.3.2
Theano 1.0.4
pygpu 0.7.6
==
+ srun --gres=gpu:1 theanolm decode /scratch/work/moisioa3/conv_lm/experiments/theanolm-morph-42k/expt2-sampled/nnlm.h5 --lattice-list /tmp/55133067/lattices/lattice-list --output-file /scratch/work/moisioa3/conv_lm/experiments/theanolm-morph-42k/expt2-sampled/decode/eval/lambda=1.0-lms=10/105.trn --output trn --nnlm-weight 1.0 --lm-scale 10 --max-tokens-per-node 62 --beam 650 --recombination-order 22 --num-jobs 128 --job 105 --unk-penalty=-20
2020-08-20 18:14:48,986 get_default_device: Context None device="Tesla P100-PCIE-16GB" ID="0000:83:00.0"
2020-08-20 18:14:48,987 from_file: Reading vocabulary from network state.
2020-08-20 18:14:49,246 from_file: Number of words in vocabulary: 42699
2020-08-20 18:14:49,246 from_file: Number of words in shortlist: 42699
2020-08-20 18:14:49,246 from_file: Number of word classes: 42699
2020-08-20 18:14:49,246 from_file: Building neural network.
2020-08-20 18:15:33,071 from_file: Restoring neural network state.
2020-08-20 18:15:33,412 decode: Building word lattice decoder.
2020-08-20 18:15:38,955 __iter__: Reading lattice file `/tmp/55133067/lattices/dspm023_dsp2013_21.lat.gz´.
2020-08-20 18:15:39,194 decode: Utterance `dspm023_dsp2013_21´ -- 1 of job 105
2020-08-20 18:15:42,714 __iter__: Reading lattice file `/tmp/55133067/lattices/radioerkka_puhujainkulma20120909_32.lat.gz´.
2020-08-20 18:15:43,179 decode: Utterance `radioerkka_puhujainkulma20120909_32´ -- 2 of job 105
2020-08-20 18:15:52,571 __iter__: Reading lattice file `/tmp/55133067/lattices/radiokatupaimen_aamushow20120720_51.lat.gz´.
2020-08-20 18:15:53,179 decode: Utterance `radiokatupaimen_aamushow20120720_51´ -- 3 of job 105
2020-08-20 18:16:10,283 __iter__: Reading lattice file `/tmp/55133067/lattices/radioruudolf_aamushow20100713_77.lat.gz´.
2020-08-20 18:16:10,321 decode: Utterance `radioruudolf_aamushow20100713_77´ -- 4 of job 105
/scratch/work/groszt1/envs/theanoLM/lib/python3.7/site-packages/theano/gpuarray/dnn.py:184: UserWarning: Your cuDNN version is more recent than Theano. If you encounter problems, try updating Theano or downgrading cuDNN to a version >= v5 and <= v7.
  warnings.warn("Your cuDNN version is more recent than "
Using cuDNN version 7600 on context None
Mapped name None to device cuda0: Tesla P100-PCIE-16GB (0000:83:00.0)
/scratch/work/groszt1/envs/theanoLM/lib/python3.7/site-packages/h5py-2.9.0-py3.7-linux-x86_64.egg/h5py/_hl/dataset.py:313: H5pyDeprecationWarning: dataset.value has been deprecated. Use dataset[()] instead.
  "Use dataset[()] instead.", H5pyDeprecationWarning)
/scratch/work/groszt1/envs/theanoLM/lib/python3.7/site-packages/h5py-2.9.0-py3.7-linux-x86_64.egg/h5py/_hl/dataset.py:313: H5pyDeprecationWarning: dataset.value has been deprecated. Use dataset[()] instead.
  "Use dataset[()] instead.", H5pyDeprecationWarning)
decode_theanolm finished.
decode eval finished.
