Experiment: theanolm-morph-42k/expt2-sampled
Job ID: 55088775
Task ID: 123
Host: gpu25.int.triton.aalto.fi
Start date: Sat Aug 15 10:55:57 EEST 2020
Work directory: /scratch/work/moisioa3/conv_lm/experiments/theanolm-morph-42k/expt2-sampled
Temporary directory: /tmp/55088775

Currently Loaded Modules:
  1) speech-scripts/2016.05.24-b928230   6) binutils/2.25-GCCcore-5.4.0
  2) srilm/default                       7) GCC/5.4.0-2.25
  3) cuda/10.0.130                       8) libgpuarray/2017.03.29-45c731f
  4) cudnn/7.4.2-cuda                    9) anaconda3/latest
  5) GCCcore/5.4.0

 

/tmp/55088775/lattices
floatX=float32,device=cuda0,base_compiledir=/tmp/theano,exception_verbosity=high,openmp=False
/scratch/work/groszt1/envs/theanoLM/lib/python3.7/site-packages/theano/gpuarray/dnn.py:184: UserWarning: Your cuDNN version is more recent than Theano. If you encounter problems, try updating Theano or downgrading cuDNN to a version >= v5 and <= v7.
  warnings.warn("Your cuDNN version is more recent than "
Using cuDNN version 7600 on context None
Mapped name None to device cuda0: Tesla P100-PCIE-16GB (0000:03:00.0)
TheanoLM 1.3.2
Theano 1.0.4
pygpu 0.7.6
==
+ srun --gres=gpu:1 theanolm decode /scratch/work/moisioa3/conv_lm/experiments/theanolm-morph-42k/expt2-sampled/nnlm.h5 --lattice-list /tmp/55088775/lattices/lattice-list --output-file /scratch/work/moisioa3/conv_lm/experiments/theanolm-morph-42k/expt2-sampled/decode/devel/lambda=0.5-lms=8/123.trn --output trn --nnlm-weight 0.5 --lm-scale 8 --max-tokens-per-node 62 --beam 650 --recombination-order 22 --num-jobs 128 --job 123 --unk-penalty=-20
2020-08-15 10:56:18,798 get_default_device: Context None device="Tesla P100-PCIE-16GB" ID="0000:03:00.0"
2020-08-15 10:56:18,800 from_file: Reading vocabulary from network state.
2020-08-15 10:56:19,066 from_file: Number of words in vocabulary: 42699
2020-08-15 10:56:19,066 from_file: Number of words in shortlist: 42699
2020-08-15 10:56:19,066 from_file: Number of word classes: 42699
2020-08-15 10:56:19,066 from_file: Building neural network.
2020-08-15 10:57:04,270 from_file: Restoring neural network state.
2020-08-15 10:57:04,626 decode: Building word lattice decoder.
2020-08-15 10:57:10,776 __iter__: Reading lattice file `/tmp/55088775/lattices/dspm007_dsp2013_01.lat.gz´.
2020-08-15 10:57:11,514 decode: Utterance `dspm007_dsp2013_01´ -- 1 of job 123
2020-08-15 10:57:36,437 __iter__: Reading lattice file `/tmp/55088775/lattices/dspm017_dsp2013_61.lat.gz´.
2020-08-15 10:57:36,769 decode: Utterance `dspm017_dsp2013_61´ -- 2 of job 123
2020-08-15 10:57:46,760 __iter__: Reading lattice file `/tmp/55088775/lattices/dspm025_dsp2013_07.lat.gz´.
2020-08-15 10:57:47,788 decode: Utterance `dspm025_dsp2013_07´ -- 3 of job 123
2020-08-15 10:58:23,130 __iter__: Reading lattice file `/tmp/55088775/lattices/dspm034_dsp2013_01.lat.gz´.
2020-08-15 10:58:23,467 decode: Utterance `dspm034_dsp2013_01´ -- 4 of job 123
2020-08-15 10:58:29,993 __iter__: Reading lattice file `/tmp/55088775/lattices/dspm043_dsp2013_39.lat.gz´.
2020-08-15 10:58:30,096 decode: Utterance `dspm043_dsp2013_39´ -- 5 of job 123
2020-08-15 10:58:33,772 __iter__: Reading lattice file `/tmp/55088775/lattices/dspm054_dsp2013_06.lat.gz´.
2020-08-15 10:58:33,976 decode: Utterance `dspm054_dsp2013_06´ -- 6 of job 123
2020-08-15 10:58:39,245 __iter__: Reading lattice file `/tmp/55088775/lattices/radiojake_kbk20120915_44.lat.gz´.
2020-08-15 10:58:39,331 decode: Utterance `radiojake_kbk20120915_44´ -- 7 of job 123
/scratch/work/groszt1/envs/theanoLM/lib/python3.7/site-packages/theano/gpuarray/dnn.py:184: UserWarning: Your cuDNN version is more recent than Theano. If you encounter problems, try updating Theano or downgrading cuDNN to a version >= v5 and <= v7.
  warnings.warn("Your cuDNN version is more recent than "
Using cuDNN version 7600 on context None
Mapped name None to device cuda0: Tesla P100-PCIE-16GB (0000:03:00.0)
/scratch/work/groszt1/envs/theanoLM/lib/python3.7/site-packages/h5py-2.9.0-py3.7-linux-x86_64.egg/h5py/_hl/dataset.py:313: H5pyDeprecationWarning: dataset.value has been deprecated. Use dataset[()] instead.
  "Use dataset[()] instead.", H5pyDeprecationWarning)
/scratch/work/groszt1/envs/theanoLM/lib/python3.7/site-packages/h5py-2.9.0-py3.7-linux-x86_64.egg/h5py/_hl/dataset.py:313: H5pyDeprecationWarning: dataset.value has been deprecated. Use dataset[()] instead.
  "Use dataset[()] instead.", H5pyDeprecationWarning)
decode_theanolm finished.
/tmp/55088775/lattices
floatX=float32,device=cuda0,base_compiledir=/tmp/theano,exception_verbosity=high,openmp=False
/scratch/work/groszt1/envs/theanoLM/lib/python3.7/site-packages/theano/gpuarray/dnn.py:184: UserWarning: Your cuDNN version is more recent than Theano. If you encounter problems, try updating Theano or downgrading cuDNN to a version >= v5 and <= v7.
  warnings.warn("Your cuDNN version is more recent than "
Using cuDNN version 7600 on context None
Mapped name None to device cuda0: Tesla P100-PCIE-16GB (0000:03:00.0)
TheanoLM 1.3.2
Theano 1.0.4
pygpu 0.7.6
==
+ srun --gres=gpu:1 theanolm decode /scratch/work/moisioa3/conv_lm/experiments/theanolm-morph-42k/expt2-sampled/nnlm.h5 --lattice-list /tmp/55088775/lattices/lattice-list --output-file /scratch/work/moisioa3/conv_lm/experiments/theanolm-morph-42k/expt2-sampled/decode/devel/lambda=0.5-lms=9/123.trn --output trn --nnlm-weight 0.5 --lm-scale 9 --max-tokens-per-node 62 --beam 650 --recombination-order 22 --num-jobs 128 --job 123 --unk-penalty=-20
2020-08-15 10:58:49,926 get_default_device: Context None device="Tesla P100-PCIE-16GB" ID="0000:03:00.0"
2020-08-15 10:58:49,927 from_file: Reading vocabulary from network state.
2020-08-15 10:58:50,177 from_file: Number of words in vocabulary: 42699
2020-08-15 10:58:50,177 from_file: Number of words in shortlist: 42699
2020-08-15 10:58:50,177 from_file: Number of word classes: 42699
2020-08-15 10:58:50,178 from_file: Building neural network.
2020-08-15 10:59:34,581 from_file: Restoring neural network state.
2020-08-15 10:59:34,919 decode: Building word lattice decoder.
2020-08-15 10:59:40,318 __iter__: Reading lattice file `/tmp/55088775/lattices/dspm007_dsp2013_01.lat.gz´.
2020-08-15 10:59:41,044 decode: Utterance `dspm007_dsp2013_01´ -- 1 of job 123
2020-08-15 11:00:01,465 __iter__: Reading lattice file `/tmp/55088775/lattices/dspm017_dsp2013_61.lat.gz´.
2020-08-15 11:00:01,817 decode: Utterance `dspm017_dsp2013_61´ -- 2 of job 123
2020-08-15 11:00:12,381 __iter__: Reading lattice file `/tmp/55088775/lattices/dspm025_dsp2013_07.lat.gz´.
2020-08-15 11:00:13,453 decode: Utterance `dspm025_dsp2013_07´ -- 3 of job 123
2020-08-15 11:00:47,633 __iter__: Reading lattice file `/tmp/55088775/lattices/dspm034_dsp2013_01.lat.gz´.
2020-08-15 11:00:47,989 decode: Utterance `dspm034_dsp2013_01´ -- 4 of job 123
2020-08-15 11:00:53,744 __iter__: Reading lattice file `/tmp/55088775/lattices/dspm043_dsp2013_39.lat.gz´.
2020-08-15 11:00:53,851 decode: Utterance `dspm043_dsp2013_39´ -- 5 of job 123
2020-08-15 11:00:57,288 __iter__: Reading lattice file `/tmp/55088775/lattices/dspm054_dsp2013_06.lat.gz´.
2020-08-15 11:00:57,528 decode: Utterance `dspm054_dsp2013_06´ -- 6 of job 123
2020-08-15 11:01:02,501 __iter__: Reading lattice file `/tmp/55088775/lattices/radiojake_kbk20120915_44.lat.gz´.
2020-08-15 11:01:02,588 decode: Utterance `radiojake_kbk20120915_44´ -- 7 of job 123
/scratch/work/groszt1/envs/theanoLM/lib/python3.7/site-packages/theano/gpuarray/dnn.py:184: UserWarning: Your cuDNN version is more recent than Theano. If you encounter problems, try updating Theano or downgrading cuDNN to a version >= v5 and <= v7.
  warnings.warn("Your cuDNN version is more recent than "
Using cuDNN version 7600 on context None
Mapped name None to device cuda0: Tesla P100-PCIE-16GB (0000:03:00.0)
/scratch/work/groszt1/envs/theanoLM/lib/python3.7/site-packages/h5py-2.9.0-py3.7-linux-x86_64.egg/h5py/_hl/dataset.py:313: H5pyDeprecationWarning: dataset.value has been deprecated. Use dataset[()] instead.
  "Use dataset[()] instead.", H5pyDeprecationWarning)
/scratch/work/groszt1/envs/theanoLM/lib/python3.7/site-packages/h5py-2.9.0-py3.7-linux-x86_64.egg/h5py/_hl/dataset.py:313: H5pyDeprecationWarning: dataset.value has been deprecated. Use dataset[()] instead.
  "Use dataset[()] instead.", H5pyDeprecationWarning)
decode_theanolm finished.
/tmp/55088775/lattices
floatX=float32,device=cuda0,base_compiledir=/tmp/theano,exception_verbosity=high,openmp=False
/scratch/work/groszt1/envs/theanoLM/lib/python3.7/site-packages/theano/gpuarray/dnn.py:184: UserWarning: Your cuDNN version is more recent than Theano. If you encounter problems, try updating Theano or downgrading cuDNN to a version >= v5 and <= v7.
  warnings.warn("Your cuDNN version is more recent than "
Using cuDNN version 7600 on context None
Mapped name None to device cuda0: Tesla P100-PCIE-16GB (0000:03:00.0)
TheanoLM 1.3.2
Theano 1.0.4
pygpu 0.7.6
==
+ srun --gres=gpu:1 theanolm decode /scratch/work/moisioa3/conv_lm/experiments/theanolm-morph-42k/expt2-sampled/nnlm.h5 --lattice-list /tmp/55088775/lattices/lattice-list --output-file /scratch/work/moisioa3/conv_lm/experiments/theanolm-morph-42k/expt2-sampled/decode/devel/lambda=0.5-lms=10/123.trn --output trn --nnlm-weight 0.5 --lm-scale 10 --max-tokens-per-node 62 --beam 650 --recombination-order 22 --num-jobs 128 --job 123 --unk-penalty=-20
2020-08-15 11:01:12,918 get_default_device: Context None device="Tesla P100-PCIE-16GB" ID="0000:03:00.0"
2020-08-15 11:01:12,919 from_file: Reading vocabulary from network state.
2020-08-15 11:01:13,176 from_file: Number of words in vocabulary: 42699
2020-08-15 11:01:13,177 from_file: Number of words in shortlist: 42699
2020-08-15 11:01:13,177 from_file: Number of word classes: 42699
2020-08-15 11:01:13,177 from_file: Building neural network.
2020-08-15 11:02:00,389 from_file: Restoring neural network state.
2020-08-15 11:02:00,737 decode: Building word lattice decoder.
2020-08-15 11:02:06,053 __iter__: Reading lattice file `/tmp/55088775/lattices/dspm007_dsp2013_01.lat.gz´.
2020-08-15 11:02:06,745 decode: Utterance `dspm007_dsp2013_01´ -- 1 of job 123
2020-08-15 11:02:27,410 __iter__: Reading lattice file `/tmp/55088775/lattices/dspm017_dsp2013_61.lat.gz´.
2020-08-15 11:02:27,743 decode: Utterance `dspm017_dsp2013_61´ -- 2 of job 123
2020-08-15 11:02:39,257 __iter__: Reading lattice file `/tmp/55088775/lattices/dspm025_dsp2013_07.lat.gz´.
2020-08-15 11:02:40,300 decode: Utterance `dspm025_dsp2013_07´ -- 3 of job 123
2020-08-15 11:03:16,918 __iter__: Reading lattice file `/tmp/55088775/lattices/dspm034_dsp2013_01.lat.gz´.
2020-08-15 11:03:17,269 decode: Utterance `dspm034_dsp2013_01´ -- 4 of job 123
2020-08-15 11:03:22,988 __iter__: Reading lattice file `/tmp/55088775/lattices/dspm043_dsp2013_39.lat.gz´.
2020-08-15 11:03:23,090 decode: Utterance `dspm043_dsp2013_39´ -- 5 of job 123
2020-08-15 11:03:26,614 __iter__: Reading lattice file `/tmp/55088775/lattices/dspm054_dsp2013_06.lat.gz´.
2020-08-15 11:03:26,832 decode: Utterance `dspm054_dsp2013_06´ -- 6 of job 123
2020-08-15 11:03:31,905 __iter__: Reading lattice file `/tmp/55088775/lattices/radiojake_kbk20120915_44.lat.gz´.
2020-08-15 11:03:31,988 decode: Utterance `radiojake_kbk20120915_44´ -- 7 of job 123
/scratch/work/groszt1/envs/theanoLM/lib/python3.7/site-packages/theano/gpuarray/dnn.py:184: UserWarning: Your cuDNN version is more recent than Theano. If you encounter problems, try updating Theano or downgrading cuDNN to a version >= v5 and <= v7.
  warnings.warn("Your cuDNN version is more recent than "
Using cuDNN version 7600 on context None
Mapped name None to device cuda0: Tesla P100-PCIE-16GB (0000:03:00.0)
/scratch/work/groszt1/envs/theanoLM/lib/python3.7/site-packages/h5py-2.9.0-py3.7-linux-x86_64.egg/h5py/_hl/dataset.py:313: H5pyDeprecationWarning: dataset.value has been deprecated. Use dataset[()] instead.
  "Use dataset[()] instead.", H5pyDeprecationWarning)
/scratch/work/groszt1/envs/theanoLM/lib/python3.7/site-packages/h5py-2.9.0-py3.7-linux-x86_64.egg/h5py/_hl/dataset.py:313: H5pyDeprecationWarning: dataset.value has been deprecated. Use dataset[()] instead.
  "Use dataset[()] instead.", H5pyDeprecationWarning)
decode_theanolm finished.
/tmp/55088775/lattices
floatX=float32,device=cuda0,base_compiledir=/tmp/theano,exception_verbosity=high,openmp=False
/scratch/work/groszt1/envs/theanoLM/lib/python3.7/site-packages/theano/gpuarray/dnn.py:184: UserWarning: Your cuDNN version is more recent than Theano. If you encounter problems, try updating Theano or downgrading cuDNN to a version >= v5 and <= v7.
  warnings.warn("Your cuDNN version is more recent than "
Using cuDNN version 7600 on context None
Mapped name None to device cuda0: Tesla P100-PCIE-16GB (0000:03:00.0)
TheanoLM 1.3.2
Theano 1.0.4
pygpu 0.7.6
==
+ srun --gres=gpu:1 theanolm decode /scratch/work/moisioa3/conv_lm/experiments/theanolm-morph-42k/expt2-sampled/nnlm.h5 --lattice-list /tmp/55088775/lattices/lattice-list --output-file /scratch/work/moisioa3/conv_lm/experiments/theanolm-morph-42k/expt2-sampled/decode/devel/lambda=0.5-lms=11/123.trn --output trn --nnlm-weight 0.5 --lm-scale 11 --max-tokens-per-node 62 --beam 650 --recombination-order 22 --num-jobs 128 --job 123 --unk-penalty=-20
2020-08-15 11:03:41,719 get_default_device: Context None device="Tesla P100-PCIE-16GB" ID="0000:03:00.0"
2020-08-15 11:03:41,720 from_file: Reading vocabulary from network state.
2020-08-15 11:03:41,988 from_file: Number of words in vocabulary: 42699
2020-08-15 11:03:41,988 from_file: Number of words in shortlist: 42699
2020-08-15 11:03:41,988 from_file: Number of word classes: 42699
2020-08-15 11:03:41,988 from_file: Building neural network.
2020-08-15 11:04:27,236 from_file: Restoring neural network state.
2020-08-15 11:04:27,585 decode: Building word lattice decoder.
2020-08-15 11:04:33,039 __iter__: Reading lattice file `/tmp/55088775/lattices/dspm007_dsp2013_01.lat.gz´.
2020-08-15 11:04:33,759 decode: Utterance `dspm007_dsp2013_01´ -- 1 of job 123
2020-08-15 11:04:54,223 __iter__: Reading lattice file `/tmp/55088775/lattices/dspm017_dsp2013_61.lat.gz´.
2020-08-15 11:04:54,561 decode: Utterance `dspm017_dsp2013_61´ -- 2 of job 123
2020-08-15 11:05:04,722 __iter__: Reading lattice file `/tmp/55088775/lattices/dspm025_dsp2013_07.lat.gz´.
2020-08-15 11:05:05,720 decode: Utterance `dspm025_dsp2013_07´ -- 3 of job 123
2020-08-15 11:05:38,866 __iter__: Reading lattice file `/tmp/55088775/lattices/dspm034_dsp2013_01.lat.gz´.
2020-08-15 11:05:39,229 decode: Utterance `dspm034_dsp2013_01´ -- 4 of job 123
2020-08-15 11:05:45,090 __iter__: Reading lattice file `/tmp/55088775/lattices/dspm043_dsp2013_39.lat.gz´.
2020-08-15 11:05:45,192 decode: Utterance `dspm043_dsp2013_39´ -- 5 of job 123
2020-08-15 11:05:48,678 __iter__: Reading lattice file `/tmp/55088775/lattices/dspm054_dsp2013_06.lat.gz´.
2020-08-15 11:05:48,873 decode: Utterance `dspm054_dsp2013_06´ -- 6 of job 123
2020-08-15 11:05:54,495 __iter__: Reading lattice file `/tmp/55088775/lattices/radiojake_kbk20120915_44.lat.gz´.
2020-08-15 11:05:54,578 decode: Utterance `radiojake_kbk20120915_44´ -- 7 of job 123
/scratch/work/groszt1/envs/theanoLM/lib/python3.7/site-packages/theano/gpuarray/dnn.py:184: UserWarning: Your cuDNN version is more recent than Theano. If you encounter problems, try updating Theano or downgrading cuDNN to a version >= v5 and <= v7.
  warnings.warn("Your cuDNN version is more recent than "
Using cuDNN version 7600 on context None
Mapped name None to device cuda0: Tesla P100-PCIE-16GB (0000:03:00.0)
/scratch/work/groszt1/envs/theanoLM/lib/python3.7/site-packages/h5py-2.9.0-py3.7-linux-x86_64.egg/h5py/_hl/dataset.py:313: H5pyDeprecationWarning: dataset.value has been deprecated. Use dataset[()] instead.
  "Use dataset[()] instead.", H5pyDeprecationWarning)
/scratch/work/groszt1/envs/theanoLM/lib/python3.7/site-packages/h5py-2.9.0-py3.7-linux-x86_64.egg/h5py/_hl/dataset.py:313: H5pyDeprecationWarning: dataset.value has been deprecated. Use dataset[()] instead.
  "Use dataset[()] instead.", H5pyDeprecationWarning)
decode_theanolm finished.
/tmp/55088775/lattices
floatX=float32,device=cuda0,base_compiledir=/tmp/theano,exception_verbosity=high,openmp=False
/scratch/work/groszt1/envs/theanoLM/lib/python3.7/site-packages/theano/gpuarray/dnn.py:184: UserWarning: Your cuDNN version is more recent than Theano. If you encounter problems, try updating Theano or downgrading cuDNN to a version >= v5 and <= v7.
  warnings.warn("Your cuDNN version is more recent than "
Using cuDNN version 7600 on context None
Mapped name None to device cuda0: Tesla P100-PCIE-16GB (0000:03:00.0)
TheanoLM 1.3.2
Theano 1.0.4
pygpu 0.7.6
==
+ srun --gres=gpu:1 theanolm decode /scratch/work/moisioa3/conv_lm/experiments/theanolm-morph-42k/expt2-sampled/nnlm.h5 --lattice-list /tmp/55088775/lattices/lattice-list --output-file /scratch/work/moisioa3/conv_lm/experiments/theanolm-morph-42k/expt2-sampled/decode/devel/lambda=0.5-lms=12/123.trn --output trn --nnlm-weight 0.5 --lm-scale 12 --max-tokens-per-node 62 --beam 650 --recombination-order 22 --num-jobs 128 --job 123 --unk-penalty=-20
2020-08-15 11:06:04,728 get_default_device: Context None device="Tesla P100-PCIE-16GB" ID="0000:03:00.0"
2020-08-15 11:06:04,729 from_file: Reading vocabulary from network state.
2020-08-15 11:06:04,981 from_file: Number of words in vocabulary: 42699
2020-08-15 11:06:04,981 from_file: Number of words in shortlist: 42699
2020-08-15 11:06:04,982 from_file: Number of word classes: 42699
2020-08-15 11:06:04,982 from_file: Building neural network.
2020-08-15 11:06:46,589 from_file: Restoring neural network state.
2020-08-15 11:06:46,949 decode: Building word lattice decoder.
2020-08-15 11:06:52,515 __iter__: Reading lattice file `/tmp/55088775/lattices/dspm007_dsp2013_01.lat.gz´.
2020-08-15 11:06:53,232 decode: Utterance `dspm007_dsp2013_01´ -- 1 of job 123
2020-08-15 11:07:14,680 __iter__: Reading lattice file `/tmp/55088775/lattices/dspm017_dsp2013_61.lat.gz´.
2020-08-15 11:07:15,016 decode: Utterance `dspm017_dsp2013_61´ -- 2 of job 123
2020-08-15 11:07:24,965 __iter__: Reading lattice file `/tmp/55088775/lattices/dspm025_dsp2013_07.lat.gz´.
2020-08-15 11:07:25,950 decode: Utterance `dspm025_dsp2013_07´ -- 3 of job 123
2020-08-15 11:07:58,705 __iter__: Reading lattice file `/tmp/55088775/lattices/dspm034_dsp2013_01.lat.gz´.
2020-08-15 11:07:59,029 decode: Utterance `dspm034_dsp2013_01´ -- 4 of job 123
2020-08-15 11:08:04,601 __iter__: Reading lattice file `/tmp/55088775/lattices/dspm043_dsp2013_39.lat.gz´.
2020-08-15 11:08:04,696 decode: Utterance `dspm043_dsp2013_39´ -- 5 of job 123
2020-08-15 11:08:08,025 __iter__: Reading lattice file `/tmp/55088775/lattices/dspm054_dsp2013_06.lat.gz´.
2020-08-15 11:08:08,214 decode: Utterance `dspm054_dsp2013_06´ -- 6 of job 123
2020-08-15 11:08:13,672 __iter__: Reading lattice file `/tmp/55088775/lattices/radiojake_kbk20120915_44.lat.gz´.
2020-08-15 11:08:13,748 decode: Utterance `radiojake_kbk20120915_44´ -- 7 of job 123
/scratch/work/groszt1/envs/theanoLM/lib/python3.7/site-packages/theano/gpuarray/dnn.py:184: UserWarning: Your cuDNN version is more recent than Theano. If you encounter problems, try updating Theano or downgrading cuDNN to a version >= v5 and <= v7.
  warnings.warn("Your cuDNN version is more recent than "
Using cuDNN version 7600 on context None
Mapped name None to device cuda0: Tesla P100-PCIE-16GB (0000:03:00.0)
/scratch/work/groszt1/envs/theanoLM/lib/python3.7/site-packages/h5py-2.9.0-py3.7-linux-x86_64.egg/h5py/_hl/dataset.py:313: H5pyDeprecationWarning: dataset.value has been deprecated. Use dataset[()] instead.
  "Use dataset[()] instead.", H5pyDeprecationWarning)
/scratch/work/groszt1/envs/theanoLM/lib/python3.7/site-packages/h5py-2.9.0-py3.7-linux-x86_64.egg/h5py/_hl/dataset.py:313: H5pyDeprecationWarning: dataset.value has been deprecated. Use dataset[()] instead.
  "Use dataset[()] instead.", H5pyDeprecationWarning)
decode_theanolm finished.
/tmp/55088775/lattices
floatX=float32,device=cuda0,base_compiledir=/tmp/theano,exception_verbosity=high,openmp=False
/scratch/work/groszt1/envs/theanoLM/lib/python3.7/site-packages/theano/gpuarray/dnn.py:184: UserWarning: Your cuDNN version is more recent than Theano. If you encounter problems, try updating Theano or downgrading cuDNN to a version >= v5 and <= v7.
  warnings.warn("Your cuDNN version is more recent than "
Using cuDNN version 7600 on context None
Mapped name None to device cuda0: Tesla P100-PCIE-16GB (0000:03:00.0)
TheanoLM 1.3.2
Theano 1.0.4
pygpu 0.7.6
==
+ srun --gres=gpu:1 theanolm decode /scratch/work/moisioa3/conv_lm/experiments/theanolm-morph-42k/expt2-sampled/nnlm.h5 --lattice-list /tmp/55088775/lattices/lattice-list --output-file /scratch/work/moisioa3/conv_lm/experiments/theanolm-morph-42k/expt2-sampled/decode/devel/lambda=1.0-lms=8/123.trn --output trn --nnlm-weight 1.0 --lm-scale 8 --max-tokens-per-node 62 --beam 650 --recombination-order 22 --num-jobs 128 --job 123 --unk-penalty=-20
2020-08-15 11:08:22,930 get_default_device: Context None device="Tesla P100-PCIE-16GB" ID="0000:03:00.0"
2020-08-15 11:08:22,931 from_file: Reading vocabulary from network state.
2020-08-15 11:08:23,192 from_file: Number of words in vocabulary: 42699
2020-08-15 11:08:23,192 from_file: Number of words in shortlist: 42699
2020-08-15 11:08:23,192 from_file: Number of word classes: 42699
2020-08-15 11:08:23,192 from_file: Building neural network.
2020-08-15 11:09:04,386 from_file: Restoring neural network state.
2020-08-15 11:09:04,769 decode: Building word lattice decoder.
2020-08-15 11:09:10,019 __iter__: Reading lattice file `/tmp/55088775/lattices/dspm007_dsp2013_01.lat.gz´.
2020-08-15 11:09:10,719 decode: Utterance `dspm007_dsp2013_01´ -- 1 of job 123
2020-08-15 11:09:28,862 __iter__: Reading lattice file `/tmp/55088775/lattices/dspm017_dsp2013_61.lat.gz´.
2020-08-15 11:09:29,177 decode: Utterance `dspm017_dsp2013_61´ -- 2 of job 123
2020-08-15 11:09:38,355 __iter__: Reading lattice file `/tmp/55088775/lattices/dspm025_dsp2013_07.lat.gz´.
2020-08-15 11:09:39,367 decode: Utterance `dspm025_dsp2013_07´ -- 3 of job 123
2020-08-15 11:10:05,242 __iter__: Reading lattice file `/tmp/55088775/lattices/dspm034_dsp2013_01.lat.gz´.
2020-08-15 11:10:05,592 decode: Utterance `dspm034_dsp2013_01´ -- 4 of job 123
2020-08-15 11:10:11,399 __iter__: Reading lattice file `/tmp/55088775/lattices/dspm043_dsp2013_39.lat.gz´.
2020-08-15 11:10:11,496 decode: Utterance `dspm043_dsp2013_39´ -- 5 of job 123
2020-08-15 11:10:14,574 __iter__: Reading lattice file `/tmp/55088775/lattices/dspm054_dsp2013_06.lat.gz´.
2020-08-15 11:10:14,769 decode: Utterance `dspm054_dsp2013_06´ -- 6 of job 123
2020-08-15 11:10:19,031 __iter__: Reading lattice file `/tmp/55088775/lattices/radiojake_kbk20120915_44.lat.gz´.
2020-08-15 11:10:19,113 decode: Utterance `radiojake_kbk20120915_44´ -- 7 of job 123
/scratch/work/groszt1/envs/theanoLM/lib/python3.7/site-packages/theano/gpuarray/dnn.py:184: UserWarning: Your cuDNN version is more recent than Theano. If you encounter problems, try updating Theano or downgrading cuDNN to a version >= v5 and <= v7.
  warnings.warn("Your cuDNN version is more recent than "
Using cuDNN version 7600 on context None
Mapped name None to device cuda0: Tesla P100-PCIE-16GB (0000:03:00.0)
/scratch/work/groszt1/envs/theanoLM/lib/python3.7/site-packages/h5py-2.9.0-py3.7-linux-x86_64.egg/h5py/_hl/dataset.py:313: H5pyDeprecationWarning: dataset.value has been deprecated. Use dataset[()] instead.
  "Use dataset[()] instead.", H5pyDeprecationWarning)
/scratch/work/groszt1/envs/theanoLM/lib/python3.7/site-packages/h5py-2.9.0-py3.7-linux-x86_64.egg/h5py/_hl/dataset.py:313: H5pyDeprecationWarning: dataset.value has been deprecated. Use dataset[()] instead.
  "Use dataset[()] instead.", H5pyDeprecationWarning)
decode_theanolm finished.
/tmp/55088775/lattices
floatX=float32,device=cuda0,base_compiledir=/tmp/theano,exception_verbosity=high,openmp=False
/scratch/work/groszt1/envs/theanoLM/lib/python3.7/site-packages/theano/gpuarray/dnn.py:184: UserWarning: Your cuDNN version is more recent than Theano. If you encounter problems, try updating Theano or downgrading cuDNN to a version >= v5 and <= v7.
  warnings.warn("Your cuDNN version is more recent than "
Using cuDNN version 7600 on context None
Mapped name None to device cuda0: Tesla P100-PCIE-16GB (0000:03:00.0)
TheanoLM 1.3.2
Theano 1.0.4
pygpu 0.7.6
==
+ srun --gres=gpu:1 theanolm decode /scratch/work/moisioa3/conv_lm/experiments/theanolm-morph-42k/expt2-sampled/nnlm.h5 --lattice-list /tmp/55088775/lattices/lattice-list --output-file /scratch/work/moisioa3/conv_lm/experiments/theanolm-morph-42k/expt2-sampled/decode/devel/lambda=1.0-lms=9/123.trn --output trn --nnlm-weight 1.0 --lm-scale 9 --max-tokens-per-node 62 --beam 650 --recombination-order 22 --num-jobs 128 --job 123 --unk-penalty=-20
2020-08-15 11:10:28,913 get_default_device: Context None device="Tesla P100-PCIE-16GB" ID="0000:03:00.0"
2020-08-15 11:10:28,914 from_file: Reading vocabulary from network state.
2020-08-15 11:10:29,153 from_file: Number of words in vocabulary: 42699
2020-08-15 11:10:29,153 from_file: Number of words in shortlist: 42699
2020-08-15 11:10:29,153 from_file: Number of word classes: 42699
2020-08-15 11:10:29,153 from_file: Building neural network.
2020-08-15 11:11:12,020 from_file: Restoring neural network state.
2020-08-15 11:11:12,356 decode: Building word lattice decoder.
2020-08-15 11:11:17,455 __iter__: Reading lattice file `/tmp/55088775/lattices/dspm007_dsp2013_01.lat.gz´.
2020-08-15 11:11:18,081 decode: Utterance `dspm007_dsp2013_01´ -- 1 of job 123
2020-08-15 11:11:36,092 __iter__: Reading lattice file `/tmp/55088775/lattices/dspm017_dsp2013_61.lat.gz´.
2020-08-15 11:11:36,407 decode: Utterance `dspm017_dsp2013_61´ -- 2 of job 123
2020-08-15 11:11:45,585 __iter__: Reading lattice file `/tmp/55088775/lattices/dspm025_dsp2013_07.lat.gz´.
2020-08-15 11:11:46,555 decode: Utterance `dspm025_dsp2013_07´ -- 3 of job 123
2020-08-15 11:12:11,293 __iter__: Reading lattice file `/tmp/55088775/lattices/dspm034_dsp2013_01.lat.gz´.
2020-08-15 11:12:11,622 decode: Utterance `dspm034_dsp2013_01´ -- 4 of job 123
2020-08-15 11:12:17,120 __iter__: Reading lattice file `/tmp/55088775/lattices/dspm043_dsp2013_39.lat.gz´.
2020-08-15 11:12:17,218 decode: Utterance `dspm043_dsp2013_39´ -- 5 of job 123
2020-08-15 11:12:20,168 __iter__: Reading lattice file `/tmp/55088775/lattices/dspm054_dsp2013_06.lat.gz´.
2020-08-15 11:12:20,357 decode: Utterance `dspm054_dsp2013_06´ -- 6 of job 123
2020-08-15 11:12:24,393 __iter__: Reading lattice file `/tmp/55088775/lattices/radiojake_kbk20120915_44.lat.gz´.
2020-08-15 11:12:24,471 decode: Utterance `radiojake_kbk20120915_44´ -- 7 of job 123
/scratch/work/groszt1/envs/theanoLM/lib/python3.7/site-packages/theano/gpuarray/dnn.py:184: UserWarning: Your cuDNN version is more recent than Theano. If you encounter problems, try updating Theano or downgrading cuDNN to a version >= v5 and <= v7.
  warnings.warn("Your cuDNN version is more recent than "
Using cuDNN version 7600 on context None
Mapped name None to device cuda0: Tesla P100-PCIE-16GB (0000:03:00.0)
/scratch/work/groszt1/envs/theanoLM/lib/python3.7/site-packages/h5py-2.9.0-py3.7-linux-x86_64.egg/h5py/_hl/dataset.py:313: H5pyDeprecationWarning: dataset.value has been deprecated. Use dataset[()] instead.
  "Use dataset[()] instead.", H5pyDeprecationWarning)
/scratch/work/groszt1/envs/theanoLM/lib/python3.7/site-packages/h5py-2.9.0-py3.7-linux-x86_64.egg/h5py/_hl/dataset.py:313: H5pyDeprecationWarning: dataset.value has been deprecated. Use dataset[()] instead.
  "Use dataset[()] instead.", H5pyDeprecationWarning)
decode_theanolm finished.
/tmp/55088775/lattices
floatX=float32,device=cuda0,base_compiledir=/tmp/theano,exception_verbosity=high,openmp=False
/scratch/work/groszt1/envs/theanoLM/lib/python3.7/site-packages/theano/gpuarray/dnn.py:184: UserWarning: Your cuDNN version is more recent than Theano. If you encounter problems, try updating Theano or downgrading cuDNN to a version >= v5 and <= v7.
  warnings.warn("Your cuDNN version is more recent than "
Using cuDNN version 7600 on context None
Mapped name None to device cuda0: Tesla P100-PCIE-16GB (0000:03:00.0)
TheanoLM 1.3.2
Theano 1.0.4
pygpu 0.7.6
==
+ srun --gres=gpu:1 theanolm decode /scratch/work/moisioa3/conv_lm/experiments/theanolm-morph-42k/expt2-sampled/nnlm.h5 --lattice-list /tmp/55088775/lattices/lattice-list --output-file /scratch/work/moisioa3/conv_lm/experiments/theanolm-morph-42k/expt2-sampled/decode/devel/lambda=1.0-lms=10/123.trn --output trn --nnlm-weight 1.0 --lm-scale 10 --max-tokens-per-node 62 --beam 650 --recombination-order 22 --num-jobs 128 --job 123 --unk-penalty=-20
2020-08-15 11:12:34,827 get_default_device: Context None device="Tesla P100-PCIE-16GB" ID="0000:03:00.0"
2020-08-15 11:12:34,828 from_file: Reading vocabulary from network state.
2020-08-15 11:12:35,088 from_file: Number of words in vocabulary: 42699
2020-08-15 11:12:35,088 from_file: Number of words in shortlist: 42699
2020-08-15 11:12:35,088 from_file: Number of word classes: 42699
2020-08-15 11:12:35,089 from_file: Building neural network.
2020-08-15 11:13:16,315 from_file: Restoring neural network state.
2020-08-15 11:13:16,694 decode: Building word lattice decoder.
2020-08-15 11:13:21,996 __iter__: Reading lattice file `/tmp/55088775/lattices/dspm007_dsp2013_01.lat.gz´.
2020-08-15 11:13:22,714 decode: Utterance `dspm007_dsp2013_01´ -- 1 of job 123
2020-08-15 11:13:41,007 __iter__: Reading lattice file `/tmp/55088775/lattices/dspm017_dsp2013_61.lat.gz´.
2020-08-15 11:13:41,333 decode: Utterance `dspm017_dsp2013_61´ -- 2 of job 123
2020-08-15 11:13:50,610 __iter__: Reading lattice file `/tmp/55088775/lattices/dspm025_dsp2013_07.lat.gz´.
2020-08-15 11:13:51,615 decode: Utterance `dspm025_dsp2013_07´ -- 3 of job 123
2020-08-15 11:14:17,284 __iter__: Reading lattice file `/tmp/55088775/lattices/dspm034_dsp2013_01.lat.gz´.
2020-08-15 11:14:17,632 decode: Utterance `dspm034_dsp2013_01´ -- 4 of job 123
2020-08-15 11:14:23,505 __iter__: Reading lattice file `/tmp/55088775/lattices/dspm043_dsp2013_39.lat.gz´.
2020-08-15 11:14:23,608 decode: Utterance `dspm043_dsp2013_39´ -- 5 of job 123
2020-08-15 11:14:26,729 __iter__: Reading lattice file `/tmp/55088775/lattices/dspm054_dsp2013_06.lat.gz´.
2020-08-15 11:14:26,934 decode: Utterance `dspm054_dsp2013_06´ -- 6 of job 123
2020-08-15 11:14:31,217 __iter__: Reading lattice file `/tmp/55088775/lattices/radiojake_kbk20120915_44.lat.gz´.
2020-08-15 11:14:31,294 decode: Utterance `radiojake_kbk20120915_44´ -- 7 of job 123
/scratch/work/groszt1/envs/theanoLM/lib/python3.7/site-packages/theano/gpuarray/dnn.py:184: UserWarning: Your cuDNN version is more recent than Theano. If you encounter problems, try updating Theano or downgrading cuDNN to a version >= v5 and <= v7.
  warnings.warn("Your cuDNN version is more recent than "
Using cuDNN version 7600 on context None
Mapped name None to device cuda0: Tesla P100-PCIE-16GB (0000:03:00.0)
/scratch/work/groszt1/envs/theanoLM/lib/python3.7/site-packages/h5py-2.9.0-py3.7-linux-x86_64.egg/h5py/_hl/dataset.py:313: H5pyDeprecationWarning: dataset.value has been deprecated. Use dataset[()] instead.
  "Use dataset[()] instead.", H5pyDeprecationWarning)
/scratch/work/groszt1/envs/theanoLM/lib/python3.7/site-packages/h5py-2.9.0-py3.7-linux-x86_64.egg/h5py/_hl/dataset.py:313: H5pyDeprecationWarning: dataset.value has been deprecated. Use dataset[()] instead.
  "Use dataset[()] instead.", H5pyDeprecationWarning)
decode_theanolm finished.
/tmp/55088775/lattices
floatX=float32,device=cuda0,base_compiledir=/tmp/theano,exception_verbosity=high,openmp=False
/scratch/work/groszt1/envs/theanoLM/lib/python3.7/site-packages/theano/gpuarray/dnn.py:184: UserWarning: Your cuDNN version is more recent than Theano. If you encounter problems, try updating Theano or downgrading cuDNN to a version >= v5 and <= v7.
  warnings.warn("Your cuDNN version is more recent than "
Using cuDNN version 7600 on context None
Mapped name None to device cuda0: Tesla P100-PCIE-16GB (0000:03:00.0)
TheanoLM 1.3.2
Theano 1.0.4
pygpu 0.7.6
==
+ srun --gres=gpu:1 theanolm decode /scratch/work/moisioa3/conv_lm/experiments/theanolm-morph-42k/expt2-sampled/nnlm.h5 --lattice-list /tmp/55088775/lattices/lattice-list --output-file /scratch/work/moisioa3/conv_lm/experiments/theanolm-morph-42k/expt2-sampled/decode/devel/lambda=1.0-lms=11/123.trn --output trn --nnlm-weight 1.0 --lm-scale 11 --max-tokens-per-node 62 --beam 650 --recombination-order 22 --num-jobs 128 --job 123 --unk-penalty=-20
2020-08-15 11:14:40,683 get_default_device: Context None device="Tesla P100-PCIE-16GB" ID="0000:03:00.0"
2020-08-15 11:14:40,684 from_file: Reading vocabulary from network state.
2020-08-15 11:14:40,930 from_file: Number of words in vocabulary: 42699
2020-08-15 11:14:40,931 from_file: Number of words in shortlist: 42699
2020-08-15 11:14:40,931 from_file: Number of word classes: 42699
2020-08-15 11:14:40,931 from_file: Building neural network.
2020-08-15 11:15:19,308 from_file: Restoring neural network state.
2020-08-15 11:15:19,645 decode: Building word lattice decoder.
2020-08-15 11:15:24,599 __iter__: Reading lattice file `/tmp/55088775/lattices/dspm007_dsp2013_01.lat.gz´.
2020-08-15 11:15:25,298 decode: Utterance `dspm007_dsp2013_01´ -- 1 of job 123
2020-08-15 11:15:43,005 __iter__: Reading lattice file `/tmp/55088775/lattices/dspm017_dsp2013_61.lat.gz´.
2020-08-15 11:15:43,327 decode: Utterance `dspm017_dsp2013_61´ -- 2 of job 123
2020-08-15 11:15:52,287 __iter__: Reading lattice file `/tmp/55088775/lattices/dspm025_dsp2013_07.lat.gz´.
2020-08-15 11:15:53,214 decode: Utterance `dspm025_dsp2013_07´ -- 3 of job 123
2020-08-15 11:16:17,236 __iter__: Reading lattice file `/tmp/55088775/lattices/dspm034_dsp2013_01.lat.gz´.
2020-08-15 11:16:17,546 decode: Utterance `dspm034_dsp2013_01´ -- 4 of job 123
2020-08-15 11:16:22,950 __iter__: Reading lattice file `/tmp/55088775/lattices/dspm043_dsp2013_39.lat.gz´.
2020-08-15 11:16:23,041 decode: Utterance `dspm043_dsp2013_39´ -- 5 of job 123
2020-08-15 11:16:25,860 __iter__: Reading lattice file `/tmp/55088775/lattices/dspm054_dsp2013_06.lat.gz´.
2020-08-15 11:16:26,037 decode: Utterance `dspm054_dsp2013_06´ -- 6 of job 123
2020-08-15 11:16:29,953 __iter__: Reading lattice file `/tmp/55088775/lattices/radiojake_kbk20120915_44.lat.gz´.
2020-08-15 11:16:30,026 decode: Utterance `radiojake_kbk20120915_44´ -- 7 of job 123
/scratch/work/groszt1/envs/theanoLM/lib/python3.7/site-packages/theano/gpuarray/dnn.py:184: UserWarning: Your cuDNN version is more recent than Theano. If you encounter problems, try updating Theano or downgrading cuDNN to a version >= v5 and <= v7.
  warnings.warn("Your cuDNN version is more recent than "
Using cuDNN version 7600 on context None
Mapped name None to device cuda0: Tesla P100-PCIE-16GB (0000:03:00.0)
/scratch/work/groszt1/envs/theanoLM/lib/python3.7/site-packages/h5py-2.9.0-py3.7-linux-x86_64.egg/h5py/_hl/dataset.py:313: H5pyDeprecationWarning: dataset.value has been deprecated. Use dataset[()] instead.
  "Use dataset[()] instead.", H5pyDeprecationWarning)
/scratch/work/groszt1/envs/theanoLM/lib/python3.7/site-packages/h5py-2.9.0-py3.7-linux-x86_64.egg/h5py/_hl/dataset.py:313: H5pyDeprecationWarning: dataset.value has been deprecated. Use dataset[()] instead.
  "Use dataset[()] instead.", H5pyDeprecationWarning)
decode_theanolm finished.
/tmp/55088775/lattices
floatX=float32,device=cuda0,base_compiledir=/tmp/theano,exception_verbosity=high,openmp=False
/scratch/work/groszt1/envs/theanoLM/lib/python3.7/site-packages/theano/gpuarray/dnn.py:184: UserWarning: Your cuDNN version is more recent than Theano. If you encounter problems, try updating Theano or downgrading cuDNN to a version >= v5 and <= v7.
  warnings.warn("Your cuDNN version is more recent than "
Using cuDNN version 7600 on context None
Mapped name None to device cuda0: Tesla P100-PCIE-16GB (0000:03:00.0)
TheanoLM 1.3.2
Theano 1.0.4
pygpu 0.7.6
==
+ srun --gres=gpu:1 theanolm decode /scratch/work/moisioa3/conv_lm/experiments/theanolm-morph-42k/expt2-sampled/nnlm.h5 --lattice-list /tmp/55088775/lattices/lattice-list --output-file /scratch/work/moisioa3/conv_lm/experiments/theanolm-morph-42k/expt2-sampled/decode/devel/lambda=1.0-lms=12/123.trn --output trn --nnlm-weight 1.0 --lm-scale 12 --max-tokens-per-node 62 --beam 650 --recombination-order 22 --num-jobs 128 --job 123 --unk-penalty=-20
2020-08-15 11:16:38,839 get_default_device: Context None device="Tesla P100-PCIE-16GB" ID="0000:03:00.0"
2020-08-15 11:16:38,840 from_file: Reading vocabulary from network state.
2020-08-15 11:16:39,070 from_file: Number of words in vocabulary: 42699
2020-08-15 11:16:39,070 from_file: Number of words in shortlist: 42699
2020-08-15 11:16:39,071 from_file: Number of word classes: 42699
2020-08-15 11:16:39,071 from_file: Building neural network.
2020-08-15 11:17:17,325 from_file: Restoring neural network state.
2020-08-15 11:17:17,658 decode: Building word lattice decoder.
2020-08-15 11:17:22,620 __iter__: Reading lattice file `/tmp/55088775/lattices/dspm007_dsp2013_01.lat.gz´.
2020-08-15 11:17:23,288 decode: Utterance `dspm007_dsp2013_01´ -- 1 of job 123
2020-08-15 11:17:41,165 __iter__: Reading lattice file `/tmp/55088775/lattices/dspm017_dsp2013_61.lat.gz´.
2020-08-15 11:17:41,461 decode: Utterance `dspm017_dsp2013_61´ -- 2 of job 123
2020-08-15 11:17:50,355 __iter__: Reading lattice file `/tmp/55088775/lattices/dspm025_dsp2013_07.lat.gz´.
2020-08-15 11:17:51,377 decode: Utterance `dspm025_dsp2013_07´ -- 3 of job 123
2020-08-15 11:18:16,073 __iter__: Reading lattice file `/tmp/55088775/lattices/dspm034_dsp2013_01.lat.gz´.
2020-08-15 11:18:16,405 decode: Utterance `dspm034_dsp2013_01´ -- 4 of job 123
2020-08-15 11:18:22,195 __iter__: Reading lattice file `/tmp/55088775/lattices/dspm043_dsp2013_39.lat.gz´.
2020-08-15 11:18:22,291 decode: Utterance `dspm043_dsp2013_39´ -- 5 of job 123
2020-08-15 11:18:25,327 __iter__: Reading lattice file `/tmp/55088775/lattices/dspm054_dsp2013_06.lat.gz´.
2020-08-15 11:18:25,519 decode: Utterance `dspm054_dsp2013_06´ -- 6 of job 123
2020-08-15 11:18:29,756 __iter__: Reading lattice file `/tmp/55088775/lattices/radiojake_kbk20120915_44.lat.gz´.
2020-08-15 11:18:29,833 decode: Utterance `radiojake_kbk20120915_44´ -- 7 of job 123
/scratch/work/groszt1/envs/theanoLM/lib/python3.7/site-packages/theano/gpuarray/dnn.py:184: UserWarning: Your cuDNN version is more recent than Theano. If you encounter problems, try updating Theano or downgrading cuDNN to a version >= v5 and <= v7.
  warnings.warn("Your cuDNN version is more recent than "
Using cuDNN version 7600 on context None
Mapped name None to device cuda0: Tesla P100-PCIE-16GB (0000:03:00.0)
/scratch/work/groszt1/envs/theanoLM/lib/python3.7/site-packages/h5py-2.9.0-py3.7-linux-x86_64.egg/h5py/_hl/dataset.py:313: H5pyDeprecationWarning: dataset.value has been deprecated. Use dataset[()] instead.
  "Use dataset[()] instead.", H5pyDeprecationWarning)
/scratch/work/groszt1/envs/theanoLM/lib/python3.7/site-packages/h5py-2.9.0-py3.7-linux-x86_64.egg/h5py/_hl/dataset.py:313: H5pyDeprecationWarning: dataset.value has been deprecated. Use dataset[()] instead.
  "Use dataset[()] instead.", H5pyDeprecationWarning)
decode_theanolm finished.
decode devel finished.
