Experiment: theanolm-morph-42k/expt2-sampled
Job ID: 55088566
Task ID: 84
Host: gpu25.int.triton.aalto.fi
Start date: Sat Aug 15 10:12:09 EEST 2020
Work directory: /scratch/work/moisioa3/conv_lm/experiments/theanolm-morph-42k/expt2-sampled
Temporary directory: /tmp/55088566

Currently Loaded Modules:
  1) speech-scripts/2016.05.24-b928230   6) binutils/2.25-GCCcore-5.4.0
  2) srilm/default                       7) GCC/5.4.0-2.25
  3) cuda/10.0.130                       8) libgpuarray/2017.03.29-45c731f
  4) cudnn/7.4.2-cuda                    9) anaconda3/latest
  5) GCCcore/5.4.0

 

/tmp/55088566/lattices
floatX=float32,device=cuda0,base_compiledir=/tmp/theano,exception_verbosity=high,openmp=False
/scratch/work/groszt1/envs/theanoLM/lib/python3.7/site-packages/theano/gpuarray/dnn.py:184: UserWarning: Your cuDNN version is more recent than Theano. If you encounter problems, try updating Theano or downgrading cuDNN to a version >= v5 and <= v7.
  warnings.warn("Your cuDNN version is more recent than "
Using cuDNN version 7600 on context None
Mapped name None to device cuda0: Tesla P100-PCIE-16GB (0000:03:00.0)
TheanoLM 1.3.2
Theano 1.0.4
pygpu 0.7.6
==
+ srun --gres=gpu:1 theanolm decode /scratch/work/moisioa3/conv_lm/experiments/theanolm-morph-42k/expt2-sampled/nnlm.h5 --lattice-list /tmp/55088566/lattices/lattice-list --output-file /scratch/work/moisioa3/conv_lm/experiments/theanolm-morph-42k/expt2-sampled/decode/devel/lambda=0.5-lms=8/84.trn --output trn --nnlm-weight 0.5 --lm-scale 8 --max-tokens-per-node 62 --beam 650 --recombination-order 22 --num-jobs 128 --job 84 --unk-penalty=-20
2020-08-15 10:12:21,177 get_default_device: Context None device="Tesla P100-PCIE-16GB" ID="0000:03:00.0"
2020-08-15 10:12:21,178 from_file: Reading vocabulary from network state.
2020-08-15 10:12:21,439 from_file: Number of words in vocabulary: 42699
2020-08-15 10:12:21,439 from_file: Number of words in shortlist: 42699
2020-08-15 10:12:21,439 from_file: Number of word classes: 42699
2020-08-15 10:12:21,439 from_file: Building neural network.
2020-08-15 10:13:07,683 from_file: Restoring neural network state.
2020-08-15 10:13:08,078 decode: Building word lattice decoder.
2020-08-15 10:13:14,046 __iter__: Reading lattice file `/tmp/55088566/lattices/dspm005_dsp2013_05.lat.gz´.
2020-08-15 10:13:14,107 decode: Utterance `dspm005_dsp2013_05´ -- 1 of job 84
2020-08-15 10:13:15,269 __iter__: Reading lattice file `/tmp/55088566/lattices/dspm014_dsp2013_32.lat.gz´.
2020-08-15 10:13:15,286 decode: Utterance `dspm014_dsp2013_32´ -- 2 of job 84
2020-08-15 10:13:15,737 __iter__: Reading lattice file `/tmp/55088566/lattices/dspm022_dsp2013_18.lat.gz´.
2020-08-15 10:13:15,826 decode: Utterance `dspm022_dsp2013_18´ -- 3 of job 84
2020-08-15 10:13:17,552 __iter__: Reading lattice file `/tmp/55088566/lattices/dspm032_dsp2013_06.lat.gz´.
2020-08-15 10:13:19,182 decode: Utterance `dspm032_dsp2013_06´ -- 4 of job 84
2020-08-15 10:13:54,392 __iter__: Reading lattice file `/tmp/55088566/lattices/dspm042_dsp2013_07.lat.gz´.
2020-08-15 10:13:54,643 decode: Utterance `dspm042_dsp2013_07´ -- 5 of job 84
2020-08-15 10:14:03,364 __iter__: Reading lattice file `/tmp/55088566/lattices/dspm050_dsp2013_16.lat.gz´.
2020-08-15 10:14:04,290 decode: Utterance `dspm050_dsp2013_16´ -- 6 of job 84
2020-08-15 10:14:45,958 __iter__: Reading lattice file `/tmp/55088566/lattices/dspm058_dsp2013_15.lat.gz´.
2020-08-15 10:14:47,479 decode: Utterance `dspm058_dsp2013_15´ -- 7 of job 84
2020-08-15 10:15:36,377 __iter__: Reading lattice file `/tmp/55088566/lattices/radioshaka_kbk20120915_81.lat.gz´.
2020-08-15 10:15:37,809 decode: Utterance `radioshaka_kbk20120915_81´ -- 8 of job 84
/scratch/work/groszt1/envs/theanoLM/lib/python3.7/site-packages/theano/gpuarray/dnn.py:184: UserWarning: Your cuDNN version is more recent than Theano. If you encounter problems, try updating Theano or downgrading cuDNN to a version >= v5 and <= v7.
  warnings.warn("Your cuDNN version is more recent than "
Using cuDNN version 7600 on context None
Mapped name None to device cuda0: Tesla P100-PCIE-16GB (0000:03:00.0)
/scratch/work/groszt1/envs/theanoLM/lib/python3.7/site-packages/h5py-2.9.0-py3.7-linux-x86_64.egg/h5py/_hl/dataset.py:313: H5pyDeprecationWarning: dataset.value has been deprecated. Use dataset[()] instead.
  "Use dataset[()] instead.", H5pyDeprecationWarning)
/scratch/work/groszt1/envs/theanoLM/lib/python3.7/site-packages/h5py-2.9.0-py3.7-linux-x86_64.egg/h5py/_hl/dataset.py:313: H5pyDeprecationWarning: dataset.value has been deprecated. Use dataset[()] instead.
  "Use dataset[()] instead.", H5pyDeprecationWarning)
decode_theanolm finished.
/tmp/55088566/lattices
floatX=float32,device=cuda0,base_compiledir=/tmp/theano,exception_verbosity=high,openmp=False
/scratch/work/groszt1/envs/theanoLM/lib/python3.7/site-packages/theano/gpuarray/dnn.py:184: UserWarning: Your cuDNN version is more recent than Theano. If you encounter problems, try updating Theano or downgrading cuDNN to a version >= v5 and <= v7.
  warnings.warn("Your cuDNN version is more recent than "
Using cuDNN version 7600 on context None
Mapped name None to device cuda0: Tesla P100-PCIE-16GB (0000:03:00.0)
TheanoLM 1.3.2
Theano 1.0.4
pygpu 0.7.6
==
+ srun --gres=gpu:1 theanolm decode /scratch/work/moisioa3/conv_lm/experiments/theanolm-morph-42k/expt2-sampled/nnlm.h5 --lattice-list /tmp/55088566/lattices/lattice-list --output-file /scratch/work/moisioa3/conv_lm/experiments/theanolm-morph-42k/expt2-sampled/decode/devel/lambda=0.5-lms=9/84.trn --output trn --nnlm-weight 0.5 --lm-scale 9 --max-tokens-per-node 62 --beam 650 --recombination-order 22 --num-jobs 128 --job 84 --unk-penalty=-20
2020-08-15 10:16:43,223 get_default_device: Context None device="Tesla P100-PCIE-16GB" ID="0000:03:00.0"
2020-08-15 10:16:43,224 from_file: Reading vocabulary from network state.
2020-08-15 10:16:43,485 from_file: Number of words in vocabulary: 42699
2020-08-15 10:16:43,486 from_file: Number of words in shortlist: 42699
2020-08-15 10:16:43,486 from_file: Number of word classes: 42699
2020-08-15 10:16:43,486 from_file: Building neural network.
2020-08-15 10:17:33,455 from_file: Restoring neural network state.
2020-08-15 10:17:33,840 decode: Building word lattice decoder.
2020-08-15 10:17:39,310 __iter__: Reading lattice file `/tmp/55088566/lattices/dspm005_dsp2013_05.lat.gz´.
2020-08-15 10:17:39,365 decode: Utterance `dspm005_dsp2013_05´ -- 1 of job 84
2020-08-15 10:17:40,427 __iter__: Reading lattice file `/tmp/55088566/lattices/dspm014_dsp2013_32.lat.gz´.
2020-08-15 10:17:40,443 decode: Utterance `dspm014_dsp2013_32´ -- 2 of job 84
2020-08-15 10:17:40,853 __iter__: Reading lattice file `/tmp/55088566/lattices/dspm022_dsp2013_18.lat.gz´.
2020-08-15 10:17:40,940 decode: Utterance `dspm022_dsp2013_18´ -- 3 of job 84
2020-08-15 10:17:42,673 __iter__: Reading lattice file `/tmp/55088566/lattices/dspm032_dsp2013_06.lat.gz´.
2020-08-15 10:17:44,288 decode: Utterance `dspm032_dsp2013_06´ -- 4 of job 84
2020-08-15 10:18:18,311 __iter__: Reading lattice file `/tmp/55088566/lattices/dspm042_dsp2013_07.lat.gz´.
2020-08-15 10:18:18,555 decode: Utterance `dspm042_dsp2013_07´ -- 5 of job 84
2020-08-15 10:18:26,925 __iter__: Reading lattice file `/tmp/55088566/lattices/dspm050_dsp2013_16.lat.gz´.
2020-08-15 10:18:27,861 decode: Utterance `dspm050_dsp2013_16´ -- 6 of job 84
2020-08-15 10:19:08,307 __iter__: Reading lattice file `/tmp/55088566/lattices/dspm058_dsp2013_15.lat.gz´.
2020-08-15 10:19:09,890 decode: Utterance `dspm058_dsp2013_15´ -- 7 of job 84
2020-08-15 10:19:59,467 __iter__: Reading lattice file `/tmp/55088566/lattices/radioshaka_kbk20120915_81.lat.gz´.
2020-08-15 10:20:00,903 decode: Utterance `radioshaka_kbk20120915_81´ -- 8 of job 84
/scratch/work/groszt1/envs/theanoLM/lib/python3.7/site-packages/theano/gpuarray/dnn.py:184: UserWarning: Your cuDNN version is more recent than Theano. If you encounter problems, try updating Theano or downgrading cuDNN to a version >= v5 and <= v7.
  warnings.warn("Your cuDNN version is more recent than "
Using cuDNN version 7600 on context None
Mapped name None to device cuda0: Tesla P100-PCIE-16GB (0000:03:00.0)
/scratch/work/groszt1/envs/theanoLM/lib/python3.7/site-packages/h5py-2.9.0-py3.7-linux-x86_64.egg/h5py/_hl/dataset.py:313: H5pyDeprecationWarning: dataset.value has been deprecated. Use dataset[()] instead.
  "Use dataset[()] instead.", H5pyDeprecationWarning)
/scratch/work/groszt1/envs/theanoLM/lib/python3.7/site-packages/h5py-2.9.0-py3.7-linux-x86_64.egg/h5py/_hl/dataset.py:313: H5pyDeprecationWarning: dataset.value has been deprecated. Use dataset[()] instead.
  "Use dataset[()] instead.", H5pyDeprecationWarning)
decode_theanolm finished.
/tmp/55088566/lattices
floatX=float32,device=cuda0,base_compiledir=/tmp/theano,exception_verbosity=high,openmp=False
/scratch/work/groszt1/envs/theanoLM/lib/python3.7/site-packages/theano/gpuarray/dnn.py:184: UserWarning: Your cuDNN version is more recent than Theano. If you encounter problems, try updating Theano or downgrading cuDNN to a version >= v5 and <= v7.
  warnings.warn("Your cuDNN version is more recent than "
Using cuDNN version 7600 on context None
Mapped name None to device cuda0: Tesla P100-PCIE-16GB (0000:03:00.0)
TheanoLM 1.3.2
Theano 1.0.4
pygpu 0.7.6
==
+ srun --gres=gpu:1 theanolm decode /scratch/work/moisioa3/conv_lm/experiments/theanolm-morph-42k/expt2-sampled/nnlm.h5 --lattice-list /tmp/55088566/lattices/lattice-list --output-file /scratch/work/moisioa3/conv_lm/experiments/theanolm-morph-42k/expt2-sampled/decode/devel/lambda=0.5-lms=10/84.trn --output trn --nnlm-weight 0.5 --lm-scale 10 --max-tokens-per-node 62 --beam 650 --recombination-order 22 --num-jobs 128 --job 84 --unk-penalty=-20
2020-08-15 10:21:10,655 get_default_device: Context None device="Tesla P100-PCIE-16GB" ID="0000:03:00.0"
2020-08-15 10:21:10,658 from_file: Reading vocabulary from network state.
2020-08-15 10:21:10,989 from_file: Number of words in vocabulary: 42699
2020-08-15 10:21:10,990 from_file: Number of words in shortlist: 42699
2020-08-15 10:21:10,990 from_file: Number of word classes: 42699
2020-08-15 10:21:10,990 from_file: Building neural network.
2020-08-15 10:22:00,595 from_file: Restoring neural network state.
2020-08-15 10:22:00,945 decode: Building word lattice decoder.
2020-08-15 10:22:06,227 __iter__: Reading lattice file `/tmp/55088566/lattices/dspm005_dsp2013_05.lat.gz´.
2020-08-15 10:22:06,282 decode: Utterance `dspm005_dsp2013_05´ -- 1 of job 84
2020-08-15 10:22:07,330 __iter__: Reading lattice file `/tmp/55088566/lattices/dspm014_dsp2013_32.lat.gz´.
2020-08-15 10:22:07,345 decode: Utterance `dspm014_dsp2013_32´ -- 2 of job 84
2020-08-15 10:22:07,711 __iter__: Reading lattice file `/tmp/55088566/lattices/dspm022_dsp2013_18.lat.gz´.
2020-08-15 10:22:07,794 decode: Utterance `dspm022_dsp2013_18´ -- 3 of job 84
2020-08-15 10:22:09,438 __iter__: Reading lattice file `/tmp/55088566/lattices/dspm032_dsp2013_06.lat.gz´.
2020-08-15 10:22:11,010 decode: Utterance `dspm032_dsp2013_06´ -- 4 of job 84
2020-08-15 10:22:45,108 __iter__: Reading lattice file `/tmp/55088566/lattices/dspm042_dsp2013_07.lat.gz´.
2020-08-15 10:22:45,352 decode: Utterance `dspm042_dsp2013_07´ -- 5 of job 84
2020-08-15 10:22:53,846 __iter__: Reading lattice file `/tmp/55088566/lattices/dspm050_dsp2013_16.lat.gz´.
2020-08-15 10:22:54,778 decode: Utterance `dspm050_dsp2013_16´ -- 6 of job 84
2020-08-15 10:23:35,914 __iter__: Reading lattice file `/tmp/55088566/lattices/dspm058_dsp2013_15.lat.gz´.
2020-08-15 10:23:37,449 decode: Utterance `dspm058_dsp2013_15´ -- 7 of job 84
2020-08-15 10:24:29,423 __iter__: Reading lattice file `/tmp/55088566/lattices/radioshaka_kbk20120915_81.lat.gz´.
2020-08-15 10:24:30,901 decode: Utterance `radioshaka_kbk20120915_81´ -- 8 of job 84
/scratch/work/groszt1/envs/theanoLM/lib/python3.7/site-packages/theano/gpuarray/dnn.py:184: UserWarning: Your cuDNN version is more recent than Theano. If you encounter problems, try updating Theano or downgrading cuDNN to a version >= v5 and <= v7.
  warnings.warn("Your cuDNN version is more recent than "
Using cuDNN version 7600 on context None
Mapped name None to device cuda0: Tesla P100-PCIE-16GB (0000:03:00.0)
/scratch/work/groszt1/envs/theanoLM/lib/python3.7/site-packages/h5py-2.9.0-py3.7-linux-x86_64.egg/h5py/_hl/dataset.py:313: H5pyDeprecationWarning: dataset.value has been deprecated. Use dataset[()] instead.
  "Use dataset[()] instead.", H5pyDeprecationWarning)
/scratch/work/groszt1/envs/theanoLM/lib/python3.7/site-packages/h5py-2.9.0-py3.7-linux-x86_64.egg/h5py/_hl/dataset.py:313: H5pyDeprecationWarning: dataset.value has been deprecated. Use dataset[()] instead.
  "Use dataset[()] instead.", H5pyDeprecationWarning)
decode_theanolm finished.
/tmp/55088566/lattices
floatX=float32,device=cuda0,base_compiledir=/tmp/theano,exception_verbosity=high,openmp=False
/scratch/work/groszt1/envs/theanoLM/lib/python3.7/site-packages/theano/gpuarray/dnn.py:184: UserWarning: Your cuDNN version is more recent than Theano. If you encounter problems, try updating Theano or downgrading cuDNN to a version >= v5 and <= v7.
  warnings.warn("Your cuDNN version is more recent than "
Using cuDNN version 7600 on context None
Mapped name None to device cuda0: Tesla P100-PCIE-16GB (0000:03:00.0)
TheanoLM 1.3.2
Theano 1.0.4
pygpu 0.7.6
==
+ srun --gres=gpu:1 theanolm decode /scratch/work/moisioa3/conv_lm/experiments/theanolm-morph-42k/expt2-sampled/nnlm.h5 --lattice-list /tmp/55088566/lattices/lattice-list --output-file /scratch/work/moisioa3/conv_lm/experiments/theanolm-morph-42k/expt2-sampled/decode/devel/lambda=0.5-lms=11/84.trn --output trn --nnlm-weight 0.5 --lm-scale 11 --max-tokens-per-node 62 --beam 650 --recombination-order 22 --num-jobs 128 --job 84 --unk-penalty=-20
2020-08-15 10:25:50,676 get_default_device: Context None device="Tesla P100-PCIE-16GB" ID="0000:03:00.0"
2020-08-15 10:25:50,677 from_file: Reading vocabulary from network state.
2020-08-15 10:25:50,927 from_file: Number of words in vocabulary: 42699
2020-08-15 10:25:50,927 from_file: Number of words in shortlist: 42699
2020-08-15 10:25:50,927 from_file: Number of word classes: 42699
2020-08-15 10:25:50,927 from_file: Building neural network.
2020-08-15 10:26:34,828 from_file: Restoring neural network state.
2020-08-15 10:26:35,186 decode: Building word lattice decoder.
2020-08-15 10:26:40,595 __iter__: Reading lattice file `/tmp/55088566/lattices/dspm005_dsp2013_05.lat.gz´.
2020-08-15 10:26:40,653 decode: Utterance `dspm005_dsp2013_05´ -- 1 of job 84
2020-08-15 10:26:41,722 __iter__: Reading lattice file `/tmp/55088566/lattices/dspm014_dsp2013_32.lat.gz´.
2020-08-15 10:26:41,738 decode: Utterance `dspm014_dsp2013_32´ -- 2 of job 84
2020-08-15 10:26:42,110 __iter__: Reading lattice file `/tmp/55088566/lattices/dspm022_dsp2013_18.lat.gz´.
2020-08-15 10:26:42,197 decode: Utterance `dspm022_dsp2013_18´ -- 3 of job 84
2020-08-15 10:26:43,869 __iter__: Reading lattice file `/tmp/55088566/lattices/dspm032_dsp2013_06.lat.gz´.
2020-08-15 10:26:45,476 decode: Utterance `dspm032_dsp2013_06´ -- 4 of job 84
2020-08-15 10:27:20,652 __iter__: Reading lattice file `/tmp/55088566/lattices/dspm042_dsp2013_07.lat.gz´.
2020-08-15 10:27:20,901 decode: Utterance `dspm042_dsp2013_07´ -- 5 of job 84
2020-08-15 10:27:30,159 __iter__: Reading lattice file `/tmp/55088566/lattices/dspm050_dsp2013_16.lat.gz´.
2020-08-15 10:27:31,098 decode: Utterance `dspm050_dsp2013_16´ -- 6 of job 84
2020-08-15 10:28:13,151 __iter__: Reading lattice file `/tmp/55088566/lattices/dspm058_dsp2013_15.lat.gz´.
2020-08-15 10:28:14,683 decode: Utterance `dspm058_dsp2013_15´ -- 7 of job 84
2020-08-15 10:29:05,266 __iter__: Reading lattice file `/tmp/55088566/lattices/radioshaka_kbk20120915_81.lat.gz´.
2020-08-15 10:29:06,737 decode: Utterance `radioshaka_kbk20120915_81´ -- 8 of job 84
/scratch/work/groszt1/envs/theanoLM/lib/python3.7/site-packages/theano/gpuarray/dnn.py:184: UserWarning: Your cuDNN version is more recent than Theano. If you encounter problems, try updating Theano or downgrading cuDNN to a version >= v5 and <= v7.
  warnings.warn("Your cuDNN version is more recent than "
Using cuDNN version 7600 on context None
Mapped name None to device cuda0: Tesla P100-PCIE-16GB (0000:03:00.0)
/scratch/work/groszt1/envs/theanoLM/lib/python3.7/site-packages/h5py-2.9.0-py3.7-linux-x86_64.egg/h5py/_hl/dataset.py:313: H5pyDeprecationWarning: dataset.value has been deprecated. Use dataset[()] instead.
  "Use dataset[()] instead.", H5pyDeprecationWarning)
/scratch/work/groszt1/envs/theanoLM/lib/python3.7/site-packages/h5py-2.9.0-py3.7-linux-x86_64.egg/h5py/_hl/dataset.py:313: H5pyDeprecationWarning: dataset.value has been deprecated. Use dataset[()] instead.
  "Use dataset[()] instead.", H5pyDeprecationWarning)
decode_theanolm finished.
/tmp/55088566/lattices
floatX=float32,device=cuda0,base_compiledir=/tmp/theano,exception_verbosity=high,openmp=False
/scratch/work/groszt1/envs/theanoLM/lib/python3.7/site-packages/theano/gpuarray/dnn.py:184: UserWarning: Your cuDNN version is more recent than Theano. If you encounter problems, try updating Theano or downgrading cuDNN to a version >= v5 and <= v7.
  warnings.warn("Your cuDNN version is more recent than "
Using cuDNN version 7600 on context None
Mapped name None to device cuda0: Tesla P100-PCIE-16GB (0000:03:00.0)
TheanoLM 1.3.2
Theano 1.0.4
pygpu 0.7.6
==
+ srun --gres=gpu:1 theanolm decode /scratch/work/moisioa3/conv_lm/experiments/theanolm-morph-42k/expt2-sampled/nnlm.h5 --lattice-list /tmp/55088566/lattices/lattice-list --output-file /scratch/work/moisioa3/conv_lm/experiments/theanolm-morph-42k/expt2-sampled/decode/devel/lambda=0.5-lms=12/84.trn --output trn --nnlm-weight 0.5 --lm-scale 12 --max-tokens-per-node 62 --beam 650 --recombination-order 22 --num-jobs 128 --job 84 --unk-penalty=-20
2020-08-15 10:30:27,676 get_default_device: Context None device="Tesla P100-PCIE-16GB" ID="0000:03:00.0"
2020-08-15 10:30:27,677 from_file: Reading vocabulary from network state.
2020-08-15 10:30:27,944 from_file: Number of words in vocabulary: 42699
2020-08-15 10:30:27,944 from_file: Number of words in shortlist: 42699
2020-08-15 10:30:27,945 from_file: Number of word classes: 42699
2020-08-15 10:30:27,945 from_file: Building neural network.
2020-08-15 10:31:12,095 from_file: Restoring neural network state.
2020-08-15 10:31:12,449 decode: Building word lattice decoder.
2020-08-15 10:31:17,745 __iter__: Reading lattice file `/tmp/55088566/lattices/dspm005_dsp2013_05.lat.gz´.
2020-08-15 10:31:17,877 decode: Utterance `dspm005_dsp2013_05´ -- 1 of job 84
2020-08-15 10:31:18,855 __iter__: Reading lattice file `/tmp/55088566/lattices/dspm014_dsp2013_32.lat.gz´.
2020-08-15 10:31:18,870 decode: Utterance `dspm014_dsp2013_32´ -- 2 of job 84
2020-08-15 10:31:19,243 __iter__: Reading lattice file `/tmp/55088566/lattices/dspm022_dsp2013_18.lat.gz´.
2020-08-15 10:31:19,327 decode: Utterance `dspm022_dsp2013_18´ -- 3 of job 84
2020-08-15 10:31:20,987 __iter__: Reading lattice file `/tmp/55088566/lattices/dspm032_dsp2013_06.lat.gz´.
2020-08-15 10:31:22,543 decode: Utterance `dspm032_dsp2013_06´ -- 4 of job 84
2020-08-15 10:31:56,774 __iter__: Reading lattice file `/tmp/55088566/lattices/dspm042_dsp2013_07.lat.gz´.
2020-08-15 10:31:57,013 decode: Utterance `dspm042_dsp2013_07´ -- 5 of job 84
2020-08-15 10:32:05,577 __iter__: Reading lattice file `/tmp/55088566/lattices/dspm050_dsp2013_16.lat.gz´.
2020-08-15 10:32:06,456 decode: Utterance `dspm050_dsp2013_16´ -- 6 of job 84
2020-08-15 10:32:48,549 __iter__: Reading lattice file `/tmp/55088566/lattices/dspm058_dsp2013_15.lat.gz´.
2020-08-15 10:32:50,082 decode: Utterance `dspm058_dsp2013_15´ -- 7 of job 84
2020-08-15 10:33:43,156 __iter__: Reading lattice file `/tmp/55088566/lattices/radioshaka_kbk20120915_81.lat.gz´.
2020-08-15 10:33:44,605 decode: Utterance `radioshaka_kbk20120915_81´ -- 8 of job 84
/scratch/work/groszt1/envs/theanoLM/lib/python3.7/site-packages/theano/gpuarray/dnn.py:184: UserWarning: Your cuDNN version is more recent than Theano. If you encounter problems, try updating Theano or downgrading cuDNN to a version >= v5 and <= v7.
  warnings.warn("Your cuDNN version is more recent than "
Using cuDNN version 7600 on context None
Mapped name None to device cuda0: Tesla P100-PCIE-16GB (0000:03:00.0)
/scratch/work/groszt1/envs/theanoLM/lib/python3.7/site-packages/h5py-2.9.0-py3.7-linux-x86_64.egg/h5py/_hl/dataset.py:313: H5pyDeprecationWarning: dataset.value has been deprecated. Use dataset[()] instead.
  "Use dataset[()] instead.", H5pyDeprecationWarning)
/scratch/work/groszt1/envs/theanoLM/lib/python3.7/site-packages/h5py-2.9.0-py3.7-linux-x86_64.egg/h5py/_hl/dataset.py:313: H5pyDeprecationWarning: dataset.value has been deprecated. Use dataset[()] instead.
  "Use dataset[()] instead.", H5pyDeprecationWarning)
decode_theanolm finished.
/tmp/55088566/lattices
floatX=float32,device=cuda0,base_compiledir=/tmp/theano,exception_verbosity=high,openmp=False
/scratch/work/groszt1/envs/theanoLM/lib/python3.7/site-packages/theano/gpuarray/dnn.py:184: UserWarning: Your cuDNN version is more recent than Theano. If you encounter problems, try updating Theano or downgrading cuDNN to a version >= v5 and <= v7.
  warnings.warn("Your cuDNN version is more recent than "
Using cuDNN version 7600 on context None
Mapped name None to device cuda0: Tesla P100-PCIE-16GB (0000:03:00.0)
TheanoLM 1.3.2
Theano 1.0.4
pygpu 0.7.6
==
+ srun --gres=gpu:1 theanolm decode /scratch/work/moisioa3/conv_lm/experiments/theanolm-morph-42k/expt2-sampled/nnlm.h5 --lattice-list /tmp/55088566/lattices/lattice-list --output-file /scratch/work/moisioa3/conv_lm/experiments/theanolm-morph-42k/expt2-sampled/decode/devel/lambda=1.0-lms=8/84.trn --output trn --nnlm-weight 1.0 --lm-scale 8 --max-tokens-per-node 62 --beam 650 --recombination-order 22 --num-jobs 128 --job 84 --unk-penalty=-20
2020-08-15 10:34:56,898 get_default_device: Context None device="Tesla P100-PCIE-16GB" ID="0000:03:00.0"
2020-08-15 10:34:56,900 from_file: Reading vocabulary from network state.
2020-08-15 10:34:57,187 from_file: Number of words in vocabulary: 42699
2020-08-15 10:34:57,187 from_file: Number of words in shortlist: 42699
2020-08-15 10:34:57,188 from_file: Number of word classes: 42699
2020-08-15 10:34:57,188 from_file: Building neural network.
2020-08-15 10:35:43,652 from_file: Restoring neural network state.
2020-08-15 10:35:43,997 decode: Building word lattice decoder.
2020-08-15 10:35:49,373 __iter__: Reading lattice file `/tmp/55088566/lattices/dspm005_dsp2013_05.lat.gz´.
2020-08-15 10:35:49,429 decode: Utterance `dspm005_dsp2013_05´ -- 1 of job 84
2020-08-15 10:35:50,485 __iter__: Reading lattice file `/tmp/55088566/lattices/dspm014_dsp2013_32.lat.gz´.
2020-08-15 10:35:50,500 decode: Utterance `dspm014_dsp2013_32´ -- 2 of job 84
2020-08-15 10:35:50,874 __iter__: Reading lattice file `/tmp/55088566/lattices/dspm022_dsp2013_18.lat.gz´.
2020-08-15 10:35:50,959 decode: Utterance `dspm022_dsp2013_18´ -- 3 of job 84
2020-08-15 10:35:52,616 __iter__: Reading lattice file `/tmp/55088566/lattices/dspm032_dsp2013_06.lat.gz´.
2020-08-15 10:35:54,203 decode: Utterance `dspm032_dsp2013_06´ -- 4 of job 84
2020-08-15 10:36:28,759 __iter__: Reading lattice file `/tmp/55088566/lattices/dspm042_dsp2013_07.lat.gz´.
2020-08-15 10:36:28,996 decode: Utterance `dspm042_dsp2013_07´ -- 5 of job 84
2020-08-15 10:36:36,054 __iter__: Reading lattice file `/tmp/55088566/lattices/dspm050_dsp2013_16.lat.gz´.
2020-08-15 10:36:37,006 decode: Utterance `dspm050_dsp2013_16´ -- 6 of job 84
2020-08-15 10:37:15,288 __iter__: Reading lattice file `/tmp/55088566/lattices/dspm058_dsp2013_15.lat.gz´.
2020-08-15 10:37:16,779 decode: Utterance `dspm058_dsp2013_15´ -- 7 of job 84
2020-08-15 10:37:55,362 __iter__: Reading lattice file `/tmp/55088566/lattices/radioshaka_kbk20120915_81.lat.gz´.
2020-08-15 10:37:56,778 decode: Utterance `radioshaka_kbk20120915_81´ -- 8 of job 84
/scratch/work/groszt1/envs/theanoLM/lib/python3.7/site-packages/theano/gpuarray/dnn.py:184: UserWarning: Your cuDNN version is more recent than Theano. If you encounter problems, try updating Theano or downgrading cuDNN to a version >= v5 and <= v7.
  warnings.warn("Your cuDNN version is more recent than "
Using cuDNN version 7600 on context None
Mapped name None to device cuda0: Tesla P100-PCIE-16GB (0000:03:00.0)
/scratch/work/groszt1/envs/theanoLM/lib/python3.7/site-packages/h5py-2.9.0-py3.7-linux-x86_64.egg/h5py/_hl/dataset.py:313: H5pyDeprecationWarning: dataset.value has been deprecated. Use dataset[()] instead.
  "Use dataset[()] instead.", H5pyDeprecationWarning)
/scratch/work/groszt1/envs/theanoLM/lib/python3.7/site-packages/h5py-2.9.0-py3.7-linux-x86_64.egg/h5py/_hl/dataset.py:313: H5pyDeprecationWarning: dataset.value has been deprecated. Use dataset[()] instead.
  "Use dataset[()] instead.", H5pyDeprecationWarning)
decode_theanolm finished.
/tmp/55088566/lattices
floatX=float32,device=cuda0,base_compiledir=/tmp/theano,exception_verbosity=high,openmp=False
/scratch/work/groszt1/envs/theanoLM/lib/python3.7/site-packages/theano/gpuarray/dnn.py:184: UserWarning: Your cuDNN version is more recent than Theano. If you encounter problems, try updating Theano or downgrading cuDNN to a version >= v5 and <= v7.
  warnings.warn("Your cuDNN version is more recent than "
Using cuDNN version 7600 on context None
Mapped name None to device cuda0: Tesla P100-PCIE-16GB (0000:03:00.0)
TheanoLM 1.3.2
Theano 1.0.4
pygpu 0.7.6
==
+ srun --gres=gpu:1 theanolm decode /scratch/work/moisioa3/conv_lm/experiments/theanolm-morph-42k/expt2-sampled/nnlm.h5 --lattice-list /tmp/55088566/lattices/lattice-list --output-file /scratch/work/moisioa3/conv_lm/experiments/theanolm-morph-42k/expt2-sampled/decode/devel/lambda=1.0-lms=9/84.trn --output trn --nnlm-weight 1.0 --lm-scale 9 --max-tokens-per-node 62 --beam 650 --recombination-order 22 --num-jobs 128 --job 84 --unk-penalty=-20
2020-08-15 10:39:02,964 get_default_device: Context None device="Tesla P100-PCIE-16GB" ID="0000:03:00.0"
2020-08-15 10:39:02,965 from_file: Reading vocabulary from network state.
2020-08-15 10:39:03,217 from_file: Number of words in vocabulary: 42699
2020-08-15 10:39:03,218 from_file: Number of words in shortlist: 42699
2020-08-15 10:39:03,218 from_file: Number of word classes: 42699
2020-08-15 10:39:03,218 from_file: Building neural network.
2020-08-15 10:39:48,464 from_file: Restoring neural network state.
2020-08-15 10:39:48,869 decode: Building word lattice decoder.
2020-08-15 10:39:54,550 __iter__: Reading lattice file `/tmp/55088566/lattices/dspm005_dsp2013_05.lat.gz´.
2020-08-15 10:39:54,601 decode: Utterance `dspm005_dsp2013_05´ -- 1 of job 84
2020-08-15 10:39:55,635 __iter__: Reading lattice file `/tmp/55088566/lattices/dspm014_dsp2013_32.lat.gz´.
2020-08-15 10:39:55,649 decode: Utterance `dspm014_dsp2013_32´ -- 2 of job 84
2020-08-15 10:39:56,015 __iter__: Reading lattice file `/tmp/55088566/lattices/dspm022_dsp2013_18.lat.gz´.
2020-08-15 10:39:56,095 decode: Utterance `dspm022_dsp2013_18´ -- 3 of job 84
2020-08-15 10:39:57,705 __iter__: Reading lattice file `/tmp/55088566/lattices/dspm032_dsp2013_06.lat.gz´.
2020-08-15 10:39:59,163 decode: Utterance `dspm032_dsp2013_06´ -- 4 of job 84
2020-08-15 10:40:35,839 __iter__: Reading lattice file `/tmp/55088566/lattices/dspm042_dsp2013_07.lat.gz´.
2020-08-15 10:40:36,088 decode: Utterance `dspm042_dsp2013_07´ -- 5 of job 84
2020-08-15 10:40:43,363 __iter__: Reading lattice file `/tmp/55088566/lattices/dspm050_dsp2013_16.lat.gz´.
2020-08-15 10:40:44,320 decode: Utterance `dspm050_dsp2013_16´ -- 6 of job 84
2020-08-15 10:41:18,119 __iter__: Reading lattice file `/tmp/55088566/lattices/dspm058_dsp2013_15.lat.gz´.
2020-08-15 10:41:19,630 decode: Utterance `dspm058_dsp2013_15´ -- 7 of job 84
2020-08-15 10:41:58,805 __iter__: Reading lattice file `/tmp/55088566/lattices/radioshaka_kbk20120915_81.lat.gz´.
2020-08-15 10:42:00,232 decode: Utterance `radioshaka_kbk20120915_81´ -- 8 of job 84
/scratch/work/groszt1/envs/theanoLM/lib/python3.7/site-packages/theano/gpuarray/dnn.py:184: UserWarning: Your cuDNN version is more recent than Theano. If you encounter problems, try updating Theano or downgrading cuDNN to a version >= v5 and <= v7.
  warnings.warn("Your cuDNN version is more recent than "
Using cuDNN version 7600 on context None
Mapped name None to device cuda0: Tesla P100-PCIE-16GB (0000:03:00.0)
/scratch/work/groszt1/envs/theanoLM/lib/python3.7/site-packages/h5py-2.9.0-py3.7-linux-x86_64.egg/h5py/_hl/dataset.py:313: H5pyDeprecationWarning: dataset.value has been deprecated. Use dataset[()] instead.
  "Use dataset[()] instead.", H5pyDeprecationWarning)
/scratch/work/groszt1/envs/theanoLM/lib/python3.7/site-packages/h5py-2.9.0-py3.7-linux-x86_64.egg/h5py/_hl/dataset.py:313: H5pyDeprecationWarning: dataset.value has been deprecated. Use dataset[()] instead.
  "Use dataset[()] instead.", H5pyDeprecationWarning)
decode_theanolm finished.
/tmp/55088566/lattices
floatX=float32,device=cuda0,base_compiledir=/tmp/theano,exception_verbosity=high,openmp=False
/scratch/work/groszt1/envs/theanoLM/lib/python3.7/site-packages/theano/gpuarray/dnn.py:184: UserWarning: Your cuDNN version is more recent than Theano. If you encounter problems, try updating Theano or downgrading cuDNN to a version >= v5 and <= v7.
  warnings.warn("Your cuDNN version is more recent than "
Using cuDNN version 7600 on context None
Mapped name None to device cuda0: Tesla P100-PCIE-16GB (0000:03:00.0)
TheanoLM 1.3.2
Theano 1.0.4
pygpu 0.7.6
==
+ srun --gres=gpu:1 theanolm decode /scratch/work/moisioa3/conv_lm/experiments/theanolm-morph-42k/expt2-sampled/nnlm.h5 --lattice-list /tmp/55088566/lattices/lattice-list --output-file /scratch/work/moisioa3/conv_lm/experiments/theanolm-morph-42k/expt2-sampled/decode/devel/lambda=1.0-lms=10/84.trn --output trn --nnlm-weight 1.0 --lm-scale 10 --max-tokens-per-node 62 --beam 650 --recombination-order 22 --num-jobs 128 --job 84 --unk-penalty=-20
2020-08-15 10:43:18,474 get_default_device: Context None device="Tesla P100-PCIE-16GB" ID="0000:03:00.0"
2020-08-15 10:43:18,475 from_file: Reading vocabulary from network state.
2020-08-15 10:43:18,747 from_file: Number of words in vocabulary: 42699
2020-08-15 10:43:18,748 from_file: Number of words in shortlist: 42699
2020-08-15 10:43:18,748 from_file: Number of word classes: 42699
2020-08-15 10:43:18,748 from_file: Building neural network.
2020-08-15 10:44:02,224 from_file: Restoring neural network state.
2020-08-15 10:44:02,597 decode: Building word lattice decoder.
2020-08-15 10:44:08,593 __iter__: Reading lattice file `/tmp/55088566/lattices/dspm005_dsp2013_05.lat.gz´.
2020-08-15 10:44:08,749 decode: Utterance `dspm005_dsp2013_05´ -- 1 of job 84
2020-08-15 10:44:09,839 __iter__: Reading lattice file `/tmp/55088566/lattices/dspm014_dsp2013_32.lat.gz´.
2020-08-15 10:44:09,855 decode: Utterance `dspm014_dsp2013_32´ -- 2 of job 84
2020-08-15 10:44:10,275 __iter__: Reading lattice file `/tmp/55088566/lattices/dspm022_dsp2013_18.lat.gz´.
2020-08-15 10:44:10,368 decode: Utterance `dspm022_dsp2013_18´ -- 3 of job 84
2020-08-15 10:44:12,229 __iter__: Reading lattice file `/tmp/55088566/lattices/dspm032_dsp2013_06.lat.gz´.
2020-08-15 10:44:13,955 decode: Utterance `dspm032_dsp2013_06´ -- 4 of job 84
2020-08-15 10:44:51,851 __iter__: Reading lattice file `/tmp/55088566/lattices/dspm042_dsp2013_07.lat.gz´.
2020-08-15 10:44:52,105 decode: Utterance `dspm042_dsp2013_07´ -- 5 of job 84
2020-08-15 10:44:59,112 __iter__: Reading lattice file `/tmp/55088566/lattices/dspm050_dsp2013_16.lat.gz´.
2020-08-15 10:45:00,085 decode: Utterance `dspm050_dsp2013_16´ -- 6 of job 84
2020-08-15 10:45:33,518 __iter__: Reading lattice file `/tmp/55088566/lattices/dspm058_dsp2013_15.lat.gz´.
2020-08-15 10:45:35,094 decode: Utterance `dspm058_dsp2013_15´ -- 7 of job 84
2020-08-15 10:46:16,514 __iter__: Reading lattice file `/tmp/55088566/lattices/radioshaka_kbk20120915_81.lat.gz´.
2020-08-15 10:46:17,960 decode: Utterance `radioshaka_kbk20120915_81´ -- 8 of job 84
/scratch/work/groszt1/envs/theanoLM/lib/python3.7/site-packages/theano/gpuarray/dnn.py:184: UserWarning: Your cuDNN version is more recent than Theano. If you encounter problems, try updating Theano or downgrading cuDNN to a version >= v5 and <= v7.
  warnings.warn("Your cuDNN version is more recent than "
Using cuDNN version 7600 on context None
Mapped name None to device cuda0: Tesla P100-PCIE-16GB (0000:03:00.0)
/scratch/work/groszt1/envs/theanoLM/lib/python3.7/site-packages/h5py-2.9.0-py3.7-linux-x86_64.egg/h5py/_hl/dataset.py:313: H5pyDeprecationWarning: dataset.value has been deprecated. Use dataset[()] instead.
  "Use dataset[()] instead.", H5pyDeprecationWarning)
/scratch/work/groszt1/envs/theanoLM/lib/python3.7/site-packages/h5py-2.9.0-py3.7-linux-x86_64.egg/h5py/_hl/dataset.py:313: H5pyDeprecationWarning: dataset.value has been deprecated. Use dataset[()] instead.
  "Use dataset[()] instead.", H5pyDeprecationWarning)
decode_theanolm finished.
/tmp/55088566/lattices
floatX=float32,device=cuda0,base_compiledir=/tmp/theano,exception_verbosity=high,openmp=False
/scratch/work/groszt1/envs/theanoLM/lib/python3.7/site-packages/theano/gpuarray/dnn.py:184: UserWarning: Your cuDNN version is more recent than Theano. If you encounter problems, try updating Theano or downgrading cuDNN to a version >= v5 and <= v7.
  warnings.warn("Your cuDNN version is more recent than "
Using cuDNN version 7600 on context None
Mapped name None to device cuda0: Tesla P100-PCIE-16GB (0000:03:00.0)
TheanoLM 1.3.2
Theano 1.0.4
pygpu 0.7.6
==
+ srun --gres=gpu:1 theanolm decode /scratch/work/moisioa3/conv_lm/experiments/theanolm-morph-42k/expt2-sampled/nnlm.h5 --lattice-list /tmp/55088566/lattices/lattice-list --output-file /scratch/work/moisioa3/conv_lm/experiments/theanolm-morph-42k/expt2-sampled/decode/devel/lambda=1.0-lms=11/84.trn --output trn --nnlm-weight 1.0 --lm-scale 11 --max-tokens-per-node 62 --beam 650 --recombination-order 22 --num-jobs 128 --job 84 --unk-penalty=-20
2020-08-15 10:47:34,653 get_default_device: Context None device="Tesla P100-PCIE-16GB" ID="0000:03:00.0"
2020-08-15 10:47:34,655 from_file: Reading vocabulary from network state.
2020-08-15 10:47:34,910 from_file: Number of words in vocabulary: 42699
2020-08-15 10:47:34,910 from_file: Number of words in shortlist: 42699
2020-08-15 10:47:34,910 from_file: Number of word classes: 42699
2020-08-15 10:47:34,910 from_file: Building neural network.
2020-08-15 10:48:19,423 from_file: Restoring neural network state.
2020-08-15 10:48:19,774 decode: Building word lattice decoder.
2020-08-15 10:48:25,244 __iter__: Reading lattice file `/tmp/55088566/lattices/dspm005_dsp2013_05.lat.gz´.
2020-08-15 10:48:25,299 decode: Utterance `dspm005_dsp2013_05´ -- 1 of job 84
2020-08-15 10:48:26,285 __iter__: Reading lattice file `/tmp/55088566/lattices/dspm014_dsp2013_32.lat.gz´.
2020-08-15 10:48:26,301 decode: Utterance `dspm014_dsp2013_32´ -- 2 of job 84
2020-08-15 10:48:26,670 __iter__: Reading lattice file `/tmp/55088566/lattices/dspm022_dsp2013_18.lat.gz´.
2020-08-15 10:48:26,756 decode: Utterance `dspm022_dsp2013_18´ -- 3 of job 84
2020-08-15 10:48:28,381 __iter__: Reading lattice file `/tmp/55088566/lattices/dspm032_dsp2013_06.lat.gz´.
2020-08-15 10:48:29,956 decode: Utterance `dspm032_dsp2013_06´ -- 4 of job 84
2020-08-15 10:49:06,816 __iter__: Reading lattice file `/tmp/55088566/lattices/dspm042_dsp2013_07.lat.gz´.
2020-08-15 10:49:07,068 decode: Utterance `dspm042_dsp2013_07´ -- 5 of job 84
2020-08-15 10:49:15,257 __iter__: Reading lattice file `/tmp/55088566/lattices/dspm050_dsp2013_16.lat.gz´.
2020-08-15 10:49:16,348 decode: Utterance `dspm050_dsp2013_16´ -- 6 of job 84
2020-08-15 10:49:52,705 __iter__: Reading lattice file `/tmp/55088566/lattices/dspm058_dsp2013_15.lat.gz´.
2020-08-15 10:49:54,176 decode: Utterance `dspm058_dsp2013_15´ -- 7 of job 84
2020-08-15 10:50:32,509 __iter__: Reading lattice file `/tmp/55088566/lattices/radioshaka_kbk20120915_81.lat.gz´.
2020-08-15 10:50:33,924 decode: Utterance `radioshaka_kbk20120915_81´ -- 8 of job 84
/scratch/work/groszt1/envs/theanoLM/lib/python3.7/site-packages/theano/gpuarray/dnn.py:184: UserWarning: Your cuDNN version is more recent than Theano. If you encounter problems, try updating Theano or downgrading cuDNN to a version >= v5 and <= v7.
  warnings.warn("Your cuDNN version is more recent than "
Using cuDNN version 7600 on context None
Mapped name None to device cuda0: Tesla P100-PCIE-16GB (0000:03:00.0)
/scratch/work/groszt1/envs/theanoLM/lib/python3.7/site-packages/h5py-2.9.0-py3.7-linux-x86_64.egg/h5py/_hl/dataset.py:313: H5pyDeprecationWarning: dataset.value has been deprecated. Use dataset[()] instead.
  "Use dataset[()] instead.", H5pyDeprecationWarning)
/scratch/work/groszt1/envs/theanoLM/lib/python3.7/site-packages/h5py-2.9.0-py3.7-linux-x86_64.egg/h5py/_hl/dataset.py:313: H5pyDeprecationWarning: dataset.value has been deprecated. Use dataset[()] instead.
  "Use dataset[()] instead.", H5pyDeprecationWarning)
decode_theanolm finished.
/tmp/55088566/lattices
floatX=float32,device=cuda0,base_compiledir=/tmp/theano,exception_verbosity=high,openmp=False
/scratch/work/groszt1/envs/theanoLM/lib/python3.7/site-packages/theano/gpuarray/dnn.py:184: UserWarning: Your cuDNN version is more recent than Theano. If you encounter problems, try updating Theano or downgrading cuDNN to a version >= v5 and <= v7.
  warnings.warn("Your cuDNN version is more recent than "
Using cuDNN version 7600 on context None
Mapped name None to device cuda0: Tesla P100-PCIE-16GB (0000:03:00.0)
TheanoLM 1.3.2
Theano 1.0.4
pygpu 0.7.6
==
+ srun --gres=gpu:1 theanolm decode /scratch/work/moisioa3/conv_lm/experiments/theanolm-morph-42k/expt2-sampled/nnlm.h5 --lattice-list /tmp/55088566/lattices/lattice-list --output-file /scratch/work/moisioa3/conv_lm/experiments/theanolm-morph-42k/expt2-sampled/decode/devel/lambda=1.0-lms=12/84.trn --output trn --nnlm-weight 1.0 --lm-scale 12 --max-tokens-per-node 62 --beam 650 --recombination-order 22 --num-jobs 128 --job 84 --unk-penalty=-20
2020-08-15 10:51:52,597 get_default_device: Context None device="Tesla P100-PCIE-16GB" ID="0000:03:00.0"
2020-08-15 10:51:52,598 from_file: Reading vocabulary from network state.
2020-08-15 10:51:52,859 from_file: Number of words in vocabulary: 42699
2020-08-15 10:51:52,859 from_file: Number of words in shortlist: 42699
2020-08-15 10:51:52,860 from_file: Number of word classes: 42699
2020-08-15 10:51:52,860 from_file: Building neural network.
2020-08-15 10:52:36,375 from_file: Restoring neural network state.
2020-08-15 10:52:36,760 decode: Building word lattice decoder.
2020-08-15 10:52:42,549 __iter__: Reading lattice file `/tmp/55088566/lattices/dspm005_dsp2013_05.lat.gz´.
2020-08-15 10:52:42,607 decode: Utterance `dspm005_dsp2013_05´ -- 1 of job 84
2020-08-15 10:52:43,634 __iter__: Reading lattice file `/tmp/55088566/lattices/dspm014_dsp2013_32.lat.gz´.
2020-08-15 10:52:43,650 decode: Utterance `dspm014_dsp2013_32´ -- 2 of job 84
2020-08-15 10:52:44,034 __iter__: Reading lattice file `/tmp/55088566/lattices/dspm022_dsp2013_18.lat.gz´.
2020-08-15 10:52:44,120 decode: Utterance `dspm022_dsp2013_18´ -- 3 of job 84
2020-08-15 10:52:45,891 __iter__: Reading lattice file `/tmp/55088566/lattices/dspm032_dsp2013_06.lat.gz´.
2020-08-15 10:52:47,500 decode: Utterance `dspm032_dsp2013_06´ -- 4 of job 84
2020-08-15 10:53:24,913 __iter__: Reading lattice file `/tmp/55088566/lattices/dspm042_dsp2013_07.lat.gz´.
2020-08-15 10:53:25,154 decode: Utterance `dspm042_dsp2013_07´ -- 5 of job 84
2020-08-15 10:53:31,989 __iter__: Reading lattice file `/tmp/55088566/lattices/dspm050_dsp2013_16.lat.gz´.
2020-08-15 10:53:32,899 decode: Utterance `dspm050_dsp2013_16´ -- 6 of job 84
2020-08-15 10:54:07,438 __iter__: Reading lattice file `/tmp/55088566/lattices/dspm058_dsp2013_15.lat.gz´.
2020-08-15 10:54:08,999 decode: Utterance `dspm058_dsp2013_15´ -- 7 of job 84
2020-08-15 10:54:51,017 __iter__: Reading lattice file `/tmp/55088566/lattices/radioshaka_kbk20120915_81.lat.gz´.
2020-08-15 10:54:52,382 decode: Utterance `radioshaka_kbk20120915_81´ -- 8 of job 84
/scratch/work/groszt1/envs/theanoLM/lib/python3.7/site-packages/theano/gpuarray/dnn.py:184: UserWarning: Your cuDNN version is more recent than Theano. If you encounter problems, try updating Theano or downgrading cuDNN to a version >= v5 and <= v7.
  warnings.warn("Your cuDNN version is more recent than "
Using cuDNN version 7600 on context None
Mapped name None to device cuda0: Tesla P100-PCIE-16GB (0000:03:00.0)
/scratch/work/groszt1/envs/theanoLM/lib/python3.7/site-packages/h5py-2.9.0-py3.7-linux-x86_64.egg/h5py/_hl/dataset.py:313: H5pyDeprecationWarning: dataset.value has been deprecated. Use dataset[()] instead.
  "Use dataset[()] instead.", H5pyDeprecationWarning)
/scratch/work/groszt1/envs/theanoLM/lib/python3.7/site-packages/h5py-2.9.0-py3.7-linux-x86_64.egg/h5py/_hl/dataset.py:313: H5pyDeprecationWarning: dataset.value has been deprecated. Use dataset[()] instead.
  "Use dataset[()] instead.", H5pyDeprecationWarning)
decode_theanolm finished.
decode devel finished.
