Experiment: theanolm-morph-42k/expt2-sampled
Job ID: 55131033
Task ID: 30
Host: gpu20.int.triton.aalto.fi
Start date: Thu Aug 20 15:18:39 EEST 2020
Work directory: /scratch/work/moisioa3/conv_lm/experiments/theanolm-morph-42k/expt2-sampled
Temporary directory: /tmp/55131033

Currently Loaded Modules:
  1) speech-scripts/2016.05.24-b928230   6) binutils/2.25-GCCcore-5.4.0
  2) srilm/default                       7) GCC/5.4.0-2.25
  3) cuda/10.0.130                       8) libgpuarray/2017.03.29-45c731f
  4) cudnn/7.4.2-cuda                    9) anaconda3/latest
  5) GCCcore/5.4.0

 

/tmp/55131033/lattices
floatX=float32,device=cuda0,base_compiledir=/tmp/theano,exception_verbosity=high,openmp=False
/scratch/work/groszt1/envs/theanoLM/lib/python3.7/site-packages/theano/gpuarray/dnn.py:184: UserWarning: Your cuDNN version is more recent than Theano. If you encounter problems, try updating Theano or downgrading cuDNN to a version >= v5 and <= v7.
  warnings.warn("Your cuDNN version is more recent than "
Using cuDNN version 7600 on context None
Mapped name None to device cuda0: Tesla K80 (0000:05:00.0)
TheanoLM 1.3.2
Theano 1.0.4
pygpu 0.7.6
==
+ srun --gres=gpu:1 theanolm decode /scratch/work/moisioa3/conv_lm/experiments/theanolm-morph-42k/expt2-sampled/nnlm.h5 --lattice-list /tmp/55131033/lattices/lattice-list --output-file /scratch/work/moisioa3/conv_lm/experiments/theanolm-morph-42k/expt2-sampled/decode/devel/lambda=0.5-lms=9/30.trn --output trn --nnlm-weight 0.5 --lm-scale 9 --max-tokens-per-node 62 --beam 650 --recombination-order 22 --num-jobs 128 --job 30 --unk-penalty=-20
2020-08-20 15:18:52,184 get_default_device: Context None device="Tesla K80" ID="0000:05:00.0"
2020-08-20 15:18:52,185 from_file: Reading vocabulary from network state.
2020-08-20 15:18:52,463 from_file: Number of words in vocabulary: 42699
2020-08-20 15:18:52,464 from_file: Number of words in shortlist: 42699
2020-08-20 15:18:52,464 from_file: Number of word classes: 42699
2020-08-20 15:18:52,464 from_file: Building neural network.
2020-08-20 15:19:36,894 from_file: Restoring neural network state.
2020-08-20 15:19:37,218 decode: Building word lattice decoder.
2020-08-20 15:20:03,741 __iter__: Reading lattice file `/tmp/55131033/lattices/dspf007_dsp2013_11.lat.gz´.
2020-08-20 15:20:06,387 decode: Utterance `dspf007_dsp2013_11´ -- 1 of job 30
2020-08-20 15:22:34,112 __iter__: Reading lattice file `/tmp/55131033/lattices/dspm010_dsp2013_11.lat.gz´.
2020-08-20 15:22:35,495 decode: Utterance `dspm010_dsp2013_11´ -- 2 of job 30
2020-08-20 15:23:45,242 __iter__: Reading lattice file `/tmp/55131033/lattices/dspm019_dsp2013_07.lat.gz´.
2020-08-20 15:23:45,713 decode: Utterance `dspm019_dsp2013_07´ -- 3 of job 30
2020-08-20 15:24:07,579 __iter__: Reading lattice file `/tmp/55131033/lattices/dspm026_dsp2013_17.lat.gz´.
2020-08-20 15:24:07,767 decode: Utterance `dspm026_dsp2013_17´ -- 4 of job 30
2020-08-20 15:24:18,717 __iter__: Reading lattice file `/tmp/55131033/lattices/dspm036_dsp2013_41.lat.gz´.
2020-08-20 15:24:20,339 decode: Utterance `dspm036_dsp2013_41´ -- 5 of job 30
2020-08-20 15:26:17,856 __iter__: Reading lattice file `/tmp/55131033/lattices/dspm047_dsp2013_15.lat.gz´.
2020-08-20 15:26:18,104 decode: Utterance `dspm047_dsp2013_15´ -- 6 of job 30
2020-08-20 15:26:36,869 __iter__: Reading lattice file `/tmp/55131033/lattices/dspm055_dsp2013_19.lat.gz´.
2020-08-20 15:26:36,940 decode: Utterance `dspm055_dsp2013_19´ -- 7 of job 30
2020-08-20 15:26:39,733 __iter__: Reading lattice file `/tmp/55131033/lattices/radiokassu_kbk20120915_6.lat.gz´.
2020-08-20 15:26:40,874 decode: Utterance `radiokassu_kbk20120915_6´ -- 8 of job 30
/scratch/work/groszt1/envs/theanoLM/lib/python3.7/site-packages/theano/gpuarray/dnn.py:184: UserWarning: Your cuDNN version is more recent than Theano. If you encounter problems, try updating Theano or downgrading cuDNN to a version >= v5 and <= v7.
  warnings.warn("Your cuDNN version is more recent than "
Using cuDNN version 7600 on context None
Mapped name None to device cuda0: Tesla K80 (0000:05:00.0)
/scratch/work/groszt1/envs/theanoLM/lib/python3.7/site-packages/h5py-2.9.0-py3.7-linux-x86_64.egg/h5py/_hl/dataset.py:313: H5pyDeprecationWarning: dataset.value has been deprecated. Use dataset[()] instead.
  "Use dataset[()] instead.", H5pyDeprecationWarning)
/scratch/work/groszt1/envs/theanoLM/lib/python3.7/site-packages/h5py-2.9.0-py3.7-linux-x86_64.egg/h5py/_hl/dataset.py:313: H5pyDeprecationWarning: dataset.value has been deprecated. Use dataset[()] instead.
  "Use dataset[()] instead.", H5pyDeprecationWarning)
decode_theanolm finished.
/tmp/55131033/lattices
floatX=float32,device=cuda0,base_compiledir=/tmp/theano,exception_verbosity=high,openmp=False
/scratch/work/groszt1/envs/theanoLM/lib/python3.7/site-packages/theano/gpuarray/dnn.py:184: UserWarning: Your cuDNN version is more recent than Theano. If you encounter problems, try updating Theano or downgrading cuDNN to a version >= v5 and <= v7.
  warnings.warn("Your cuDNN version is more recent than "
Using cuDNN version 7600 on context None
Mapped name None to device cuda0: Tesla K80 (0000:05:00.0)
TheanoLM 1.3.2
Theano 1.0.4
pygpu 0.7.6
==
+ srun --gres=gpu:1 theanolm decode /scratch/work/moisioa3/conv_lm/experiments/theanolm-morph-42k/expt2-sampled/nnlm.h5 --lattice-list /tmp/55131033/lattices/lattice-list --output-file /scratch/work/moisioa3/conv_lm/experiments/theanolm-morph-42k/expt2-sampled/decode/devel/lambda=0.5-lms=10/30.trn --output trn --nnlm-weight 0.5 --lm-scale 10 --max-tokens-per-node 62 --beam 650 --recombination-order 22 --num-jobs 128 --job 30 --unk-penalty=-20
2020-08-20 15:28:12,913 get_default_device: Context None device="Tesla K80" ID="0000:05:00.0"
2020-08-20 15:28:12,914 from_file: Reading vocabulary from network state.
2020-08-20 15:28:13,199 from_file: Number of words in vocabulary: 42699
2020-08-20 15:28:13,199 from_file: Number of words in shortlist: 42699
2020-08-20 15:28:13,200 from_file: Number of word classes: 42699
2020-08-20 15:28:13,200 from_file: Building neural network.
2020-08-20 15:28:57,391 from_file: Restoring neural network state.
2020-08-20 15:28:57,715 decode: Building word lattice decoder.
2020-08-20 15:29:03,224 __iter__: Reading lattice file `/tmp/55131033/lattices/dspf007_dsp2013_11.lat.gz´.
2020-08-20 15:29:05,787 decode: Utterance `dspf007_dsp2013_11´ -- 1 of job 30
2020-08-20 15:31:40,825 __iter__: Reading lattice file `/tmp/55131033/lattices/dspm010_dsp2013_11.lat.gz´.
2020-08-20 15:31:42,164 decode: Utterance `dspm010_dsp2013_11´ -- 2 of job 30
2020-08-20 15:32:52,456 __iter__: Reading lattice file `/tmp/55131033/lattices/dspm019_dsp2013_07.lat.gz´.
2020-08-20 15:32:52,912 decode: Utterance `dspm019_dsp2013_07´ -- 3 of job 30
2020-08-20 15:33:14,915 __iter__: Reading lattice file `/tmp/55131033/lattices/dspm026_dsp2013_17.lat.gz´.
2020-08-20 15:33:15,098 decode: Utterance `dspm026_dsp2013_17´ -- 4 of job 30
2020-08-20 15:33:26,218 __iter__: Reading lattice file `/tmp/55131033/lattices/dspm036_dsp2013_41.lat.gz´.
2020-08-20 15:33:27,792 decode: Utterance `dspm036_dsp2013_41´ -- 5 of job 30
2020-08-20 15:35:33,249 __iter__: Reading lattice file `/tmp/55131033/lattices/dspm047_dsp2013_15.lat.gz´.
2020-08-20 15:35:33,492 decode: Utterance `dspm047_dsp2013_15´ -- 6 of job 30
2020-08-20 15:35:52,609 __iter__: Reading lattice file `/tmp/55131033/lattices/dspm055_dsp2013_19.lat.gz´.
2020-08-20 15:35:52,675 decode: Utterance `dspm055_dsp2013_19´ -- 7 of job 30
2020-08-20 15:35:55,539 __iter__: Reading lattice file `/tmp/55131033/lattices/radiokassu_kbk20120915_6.lat.gz´.
2020-08-20 15:35:56,651 decode: Utterance `radiokassu_kbk20120915_6´ -- 8 of job 30
/scratch/work/groszt1/envs/theanoLM/lib/python3.7/site-packages/theano/gpuarray/dnn.py:184: UserWarning: Your cuDNN version is more recent than Theano. If you encounter problems, try updating Theano or downgrading cuDNN to a version >= v5 and <= v7.
  warnings.warn("Your cuDNN version is more recent than "
Using cuDNN version 7600 on context None
Mapped name None to device cuda0: Tesla K80 (0000:05:00.0)
/scratch/work/groszt1/envs/theanoLM/lib/python3.7/site-packages/h5py-2.9.0-py3.7-linux-x86_64.egg/h5py/_hl/dataset.py:313: H5pyDeprecationWarning: dataset.value has been deprecated. Use dataset[()] instead.
  "Use dataset[()] instead.", H5pyDeprecationWarning)
/scratch/work/groszt1/envs/theanoLM/lib/python3.7/site-packages/h5py-2.9.0-py3.7-linux-x86_64.egg/h5py/_hl/dataset.py:313: H5pyDeprecationWarning: dataset.value has been deprecated. Use dataset[()] instead.
  "Use dataset[()] instead.", H5pyDeprecationWarning)
decode_theanolm finished.
/tmp/55131033/lattices
floatX=float32,device=cuda0,base_compiledir=/tmp/theano,exception_verbosity=high,openmp=False
/scratch/work/groszt1/envs/theanoLM/lib/python3.7/site-packages/theano/gpuarray/dnn.py:184: UserWarning: Your cuDNN version is more recent than Theano. If you encounter problems, try updating Theano or downgrading cuDNN to a version >= v5 and <= v7.
  warnings.warn("Your cuDNN version is more recent than "
Using cuDNN version 7600 on context None
Mapped name None to device cuda0: Tesla K80 (0000:05:00.0)
TheanoLM 1.3.2
Theano 1.0.4
pygpu 0.7.6
==
+ srun --gres=gpu:1 theanolm decode /scratch/work/moisioa3/conv_lm/experiments/theanolm-morph-42k/expt2-sampled/nnlm.h5 --lattice-list /tmp/55131033/lattices/lattice-list --output-file /scratch/work/moisioa3/conv_lm/experiments/theanolm-morph-42k/expt2-sampled/decode/devel/lambda=1.0-lms=9/30.trn --output trn --nnlm-weight 1.0 --lm-scale 9 --max-tokens-per-node 62 --beam 650 --recombination-order 22 --num-jobs 128 --job 30 --unk-penalty=-20
2020-08-20 15:37:30,722 get_default_device: Context None device="Tesla K80" ID="0000:05:00.0"
2020-08-20 15:37:30,723 from_file: Reading vocabulary from network state.
2020-08-20 15:37:31,018 from_file: Number of words in vocabulary: 42699
2020-08-20 15:37:31,018 from_file: Number of words in shortlist: 42699
2020-08-20 15:37:31,018 from_file: Number of word classes: 42699
2020-08-20 15:37:31,019 from_file: Building neural network.
2020-08-20 15:38:16,264 from_file: Restoring neural network state.
2020-08-20 15:38:16,600 decode: Building word lattice decoder.
2020-08-20 15:38:22,350 __iter__: Reading lattice file `/tmp/55131033/lattices/dspf007_dsp2013_11.lat.gz´.
2020-08-20 15:38:24,956 decode: Utterance `dspf007_dsp2013_11´ -- 1 of job 30
2020-08-20 15:40:37,358 __iter__: Reading lattice file `/tmp/55131033/lattices/dspm010_dsp2013_11.lat.gz´.
2020-08-20 15:40:38,869 decode: Utterance `dspm010_dsp2013_11´ -- 2 of job 30
2020-08-20 15:41:49,523 __iter__: Reading lattice file `/tmp/55131033/lattices/dspm019_dsp2013_07.lat.gz´.
2020-08-20 15:41:49,982 decode: Utterance `dspm019_dsp2013_07´ -- 3 of job 30
2020-08-20 15:42:12,082 __iter__: Reading lattice file `/tmp/55131033/lattices/dspm026_dsp2013_17.lat.gz´.
2020-08-20 15:42:12,287 decode: Utterance `dspm026_dsp2013_17´ -- 4 of job 30
2020-08-20 15:42:23,008 __iter__: Reading lattice file `/tmp/55131033/lattices/dspm036_dsp2013_41.lat.gz´.
2020-08-20 15:42:24,598 decode: Utterance `dspm036_dsp2013_41´ -- 5 of job 30
2020-08-20 15:44:06,320 __iter__: Reading lattice file `/tmp/55131033/lattices/dspm047_dsp2013_15.lat.gz´.
2020-08-20 15:44:06,562 decode: Utterance `dspm047_dsp2013_15´ -- 6 of job 30
2020-08-20 15:44:22,718 __iter__: Reading lattice file `/tmp/55131033/lattices/dspm055_dsp2013_19.lat.gz´.
2020-08-20 15:44:22,787 decode: Utterance `dspm055_dsp2013_19´ -- 7 of job 30
2020-08-20 15:44:25,418 __iter__: Reading lattice file `/tmp/55131033/lattices/radiokassu_kbk20120915_6.lat.gz´.
2020-08-20 15:44:26,525 decode: Utterance `radiokassu_kbk20120915_6´ -- 8 of job 30
/scratch/work/groszt1/envs/theanoLM/lib/python3.7/site-packages/theano/gpuarray/dnn.py:184: UserWarning: Your cuDNN version is more recent than Theano. If you encounter problems, try updating Theano or downgrading cuDNN to a version >= v5 and <= v7.
  warnings.warn("Your cuDNN version is more recent than "
Using cuDNN version 7600 on context None
Mapped name None to device cuda0: Tesla K80 (0000:05:00.0)
/scratch/work/groszt1/envs/theanoLM/lib/python3.7/site-packages/h5py-2.9.0-py3.7-linux-x86_64.egg/h5py/_hl/dataset.py:313: H5pyDeprecationWarning: dataset.value has been deprecated. Use dataset[()] instead.
  "Use dataset[()] instead.", H5pyDeprecationWarning)
/scratch/work/groszt1/envs/theanoLM/lib/python3.7/site-packages/h5py-2.9.0-py3.7-linux-x86_64.egg/h5py/_hl/dataset.py:313: H5pyDeprecationWarning: dataset.value has been deprecated. Use dataset[()] instead.
  "Use dataset[()] instead.", H5pyDeprecationWarning)
decode_theanolm finished.
/tmp/55131033/lattices
floatX=float32,device=cuda0,base_compiledir=/tmp/theano,exception_verbosity=high,openmp=False
/scratch/work/groszt1/envs/theanoLM/lib/python3.7/site-packages/theano/gpuarray/dnn.py:184: UserWarning: Your cuDNN version is more recent than Theano. If you encounter problems, try updating Theano or downgrading cuDNN to a version >= v5 and <= v7.
  warnings.warn("Your cuDNN version is more recent than "
Using cuDNN version 7600 on context None
Mapped name None to device cuda0: Tesla K80 (0000:05:00.0)
TheanoLM 1.3.2
Theano 1.0.4
pygpu 0.7.6
==
+ srun --gres=gpu:1 theanolm decode /scratch/work/moisioa3/conv_lm/experiments/theanolm-morph-42k/expt2-sampled/nnlm.h5 --lattice-list /tmp/55131033/lattices/lattice-list --output-file /scratch/work/moisioa3/conv_lm/experiments/theanolm-morph-42k/expt2-sampled/decode/devel/lambda=1.0-lms=10/30.trn --output trn --nnlm-weight 1.0 --lm-scale 10 --max-tokens-per-node 62 --beam 650 --recombination-order 22 --num-jobs 128 --job 30 --unk-penalty=-20
2020-08-20 15:45:57,752 get_default_device: Context None device="Tesla K80" ID="0000:05:00.0"
2020-08-20 15:45:57,753 from_file: Reading vocabulary from network state.
2020-08-20 15:45:58,040 from_file: Number of words in vocabulary: 42699
2020-08-20 15:45:58,044 from_file: Number of words in shortlist: 42699
2020-08-20 15:45:58,044 from_file: Number of word classes: 42699
2020-08-20 15:45:58,044 from_file: Building neural network.
2020-08-20 15:46:52,122 from_file: Restoring neural network state.
2020-08-20 15:46:52,472 decode: Building word lattice decoder.
2020-08-20 15:47:06,688 __iter__: Reading lattice file `/tmp/55131033/lattices/dspf007_dsp2013_11.lat.gz´.
2020-08-20 15:47:09,179 decode: Utterance `dspf007_dsp2013_11´ -- 1 of job 30
2020-08-20 15:49:19,778 __iter__: Reading lattice file `/tmp/55131033/lattices/dspm010_dsp2013_11.lat.gz´.
2020-08-20 15:49:21,112 decode: Utterance `dspm010_dsp2013_11´ -- 2 of job 30
2020-08-20 15:50:27,618 __iter__: Reading lattice file `/tmp/55131033/lattices/dspm019_dsp2013_07.lat.gz´.
2020-08-20 15:50:28,073 decode: Utterance `dspm019_dsp2013_07´ -- 3 of job 30
2020-08-20 15:50:49,701 __iter__: Reading lattice file `/tmp/55131033/lattices/dspm026_dsp2013_17.lat.gz´.
2020-08-20 15:50:49,883 decode: Utterance `dspm026_dsp2013_17´ -- 4 of job 30
2020-08-20 15:51:00,316 __iter__: Reading lattice file `/tmp/55131033/lattices/dspm036_dsp2013_41.lat.gz´.
2020-08-20 15:51:01,910 decode: Utterance `dspm036_dsp2013_41´ -- 5 of job 30
2020-08-20 15:52:45,659 __iter__: Reading lattice file `/tmp/55131033/lattices/dspm047_dsp2013_15.lat.gz´.
2020-08-20 15:52:45,899 decode: Utterance `dspm047_dsp2013_15´ -- 6 of job 30
2020-08-20 15:53:01,903 __iter__: Reading lattice file `/tmp/55131033/lattices/dspm055_dsp2013_19.lat.gz´.
2020-08-20 15:53:01,971 decode: Utterance `dspm055_dsp2013_19´ -- 7 of job 30
2020-08-20 15:53:04,599 __iter__: Reading lattice file `/tmp/55131033/lattices/radiokassu_kbk20120915_6.lat.gz´.
2020-08-20 15:53:05,702 decode: Utterance `radiokassu_kbk20120915_6´ -- 8 of job 30
/scratch/work/groszt1/envs/theanoLM/lib/python3.7/site-packages/theano/gpuarray/dnn.py:184: UserWarning: Your cuDNN version is more recent than Theano. If you encounter problems, try updating Theano or downgrading cuDNN to a version >= v5 and <= v7.
  warnings.warn("Your cuDNN version is more recent than "
Using cuDNN version 7600 on context None
Mapped name None to device cuda0: Tesla K80 (0000:05:00.0)
/scratch/work/groszt1/envs/theanoLM/lib/python3.7/site-packages/h5py-2.9.0-py3.7-linux-x86_64.egg/h5py/_hl/dataset.py:313: H5pyDeprecationWarning: dataset.value has been deprecated. Use dataset[()] instead.
  "Use dataset[()] instead.", H5pyDeprecationWarning)
/scratch/work/groszt1/envs/theanoLM/lib/python3.7/site-packages/h5py-2.9.0-py3.7-linux-x86_64.egg/h5py/_hl/dataset.py:313: H5pyDeprecationWarning: dataset.value has been deprecated. Use dataset[()] instead.
  "Use dataset[()] instead.", H5pyDeprecationWarning)
decode_theanolm finished.
decode devel finished.
