Experiment: theanolm-morph-42k/expt2-sampled
Job ID: 55133338
Task ID: 102
Host: gpu10.int.triton.aalto.fi
Start date: Thu Aug 20 19:27:05 EEST 2020
Work directory: /scratch/work/moisioa3/conv_lm/experiments/theanolm-morph-42k/expt2-sampled
Temporary directory: /tmp/55133338

Currently Loaded Modules:
  1) speech-scripts/2016.05.24-b928230   6) binutils/2.25-GCCcore-5.4.0
  2) srilm/default                       7) GCC/5.4.0-2.25
  3) cuda/10.0.130                       8) libgpuarray/2017.03.29-45c731f
  4) cudnn/7.4.2-cuda                    9) anaconda3/latest
  5) GCCcore/5.4.0

 

/tmp/55133338/lattices
floatX=float32,device=cuda0,base_compiledir=/tmp/theano,exception_verbosity=high,openmp=False
/scratch/work/groszt1/envs/theanoLM/lib/python3.7/site-packages/theano/gpuarray/dnn.py:184: UserWarning: Your cuDNN version is more recent than Theano. If you encounter problems, try updating Theano or downgrading cuDNN to a version >= v5 and <= v7.
  warnings.warn("Your cuDNN version is more recent than "
Using cuDNN version 7600 on context None
Mapped name None to device cuda0: Tesla V100-PCIE-32GB (0000:86:00.0)
TheanoLM 1.3.2
Theano 1.0.4
pygpu 0.7.6
==
+ srun --gres=gpu:1 theanolm decode /scratch/work/moisioa3/conv_lm/experiments/theanolm-morph-42k/expt2-sampled/nnlm.h5 --lattice-list /tmp/55133338/lattices/lattice-list --output-file /scratch/work/moisioa3/conv_lm/experiments/theanolm-morph-42k/expt2-sampled/decode/eval/lambda=0.5-lms=9/102.trn --output trn --nnlm-weight 0.5 --lm-scale 9 --max-tokens-per-node 62 --beam 650 --recombination-order 22 --num-jobs 128 --job 102 --unk-penalty=-20
2020-08-20 19:27:16,768 get_default_device: Context None device="Tesla V100-PCIE-32GB" ID="0000:86:00.0"
2020-08-20 19:27:16,769 from_file: Reading vocabulary from network state.
2020-08-20 19:27:16,995 from_file: Number of words in vocabulary: 42699
2020-08-20 19:27:16,996 from_file: Number of words in shortlist: 42699
2020-08-20 19:27:16,996 from_file: Number of word classes: 42699
2020-08-20 19:27:16,996 from_file: Building neural network.
2020-08-20 19:27:45,835 from_file: Restoring neural network state.
2020-08-20 19:27:46,217 decode: Building word lattice decoder.
2020-08-20 19:28:05,934 __iter__: Reading lattice file `/tmp/55133338/lattices/dspm023_dsp2013_18.lat.gz´.
2020-08-20 19:28:05,989 decode: Utterance `dspm023_dsp2013_18´ -- 1 of job 102
2020-08-20 19:28:08,243 __iter__: Reading lattice file `/tmp/55133338/lattices/radioerkka_puhujainkulma20120909_24.lat.gz´.
2020-08-20 19:28:09,950 decode: Utterance `radioerkka_puhujainkulma20120909_24´ -- 2 of job 102
2020-08-20 19:29:21,146 __iter__: Reading lattice file `/tmp/55133338/lattices/radiokatupaimen_aamushow20120720_46.lat.gz´.
2020-08-20 19:29:21,158 decode: Utterance `radiokatupaimen_aamushow20120720_46´ -- 3 of job 102
2020-08-20 19:29:21,678 __iter__: Reading lattice file `/tmp/55133338/lattices/radioruudolf_aamushow20100713_73.lat.gz´.
2020-08-20 19:29:21,744 decode: Utterance `radioruudolf_aamushow20100713_73´ -- 4 of job 102
/scratch/work/groszt1/envs/theanoLM/lib/python3.7/site-packages/theano/gpuarray/dnn.py:184: UserWarning: Your cuDNN version is more recent than Theano. If you encounter problems, try updating Theano or downgrading cuDNN to a version >= v5 and <= v7.
  warnings.warn("Your cuDNN version is more recent than "
Using cuDNN version 7600 on context None
Mapped name None to device cuda0: Tesla V100-PCIE-32GB (0000:86:00.0)
/scratch/work/groszt1/envs/theanoLM/lib/python3.7/site-packages/h5py-2.9.0-py3.7-linux-x86_64.egg/h5py/_hl/dataset.py:313: H5pyDeprecationWarning: dataset.value has been deprecated. Use dataset[()] instead.
  "Use dataset[()] instead.", H5pyDeprecationWarning)
/scratch/work/groszt1/envs/theanoLM/lib/python3.7/site-packages/h5py-2.9.0-py3.7-linux-x86_64.egg/h5py/_hl/dataset.py:313: H5pyDeprecationWarning: dataset.value has been deprecated. Use dataset[()] instead.
  "Use dataset[()] instead.", H5pyDeprecationWarning)
decode_theanolm finished.
/tmp/55133338/lattices
floatX=float32,device=cuda0,base_compiledir=/tmp/theano,exception_verbosity=high,openmp=False
/scratch/work/groszt1/envs/theanoLM/lib/python3.7/site-packages/theano/gpuarray/dnn.py:184: UserWarning: Your cuDNN version is more recent than Theano. If you encounter problems, try updating Theano or downgrading cuDNN to a version >= v5 and <= v7.
  warnings.warn("Your cuDNN version is more recent than "
Using cuDNN version 7600 on context None
Mapped name None to device cuda0: Tesla V100-PCIE-32GB (0000:86:00.0)
TheanoLM 1.3.2
Theano 1.0.4
pygpu 0.7.6
==
+ srun --gres=gpu:1 theanolm decode /scratch/work/moisioa3/conv_lm/experiments/theanolm-morph-42k/expt2-sampled/nnlm.h5 --lattice-list /tmp/55133338/lattices/lattice-list --output-file /scratch/work/moisioa3/conv_lm/experiments/theanolm-morph-42k/expt2-sampled/decode/eval/lambda=1.0-lms=9/102.trn --output trn --nnlm-weight 1.0 --lm-scale 9 --max-tokens-per-node 62 --beam 650 --recombination-order 22 --num-jobs 128 --job 102 --unk-penalty=-20
2020-08-20 19:29:30,988 get_default_device: Context None device="Tesla V100-PCIE-32GB" ID="0000:86:00.0"
2020-08-20 19:29:30,989 from_file: Reading vocabulary from network state.
2020-08-20 19:29:31,221 from_file: Number of words in vocabulary: 42699
2020-08-20 19:29:31,222 from_file: Number of words in shortlist: 42699
2020-08-20 19:29:31,222 from_file: Number of word classes: 42699
2020-08-20 19:29:31,222 from_file: Building neural network.
2020-08-20 19:30:00,082 from_file: Restoring neural network state.
2020-08-20 19:30:00,459 decode: Building word lattice decoder.
2020-08-20 19:30:04,513 __iter__: Reading lattice file `/tmp/55133338/lattices/dspm023_dsp2013_18.lat.gz´.
2020-08-20 19:30:04,568 decode: Utterance `dspm023_dsp2013_18´ -- 1 of job 102
2020-08-20 19:30:06,270 __iter__: Reading lattice file `/tmp/55133338/lattices/radioerkka_puhujainkulma20120909_24.lat.gz´.
2020-08-20 19:30:07,991 decode: Utterance `radioerkka_puhujainkulma20120909_24´ -- 2 of job 102
2020-08-20 19:31:07,660 __iter__: Reading lattice file `/tmp/55133338/lattices/radiokatupaimen_aamushow20120720_46.lat.gz´.
2020-08-20 19:31:07,672 decode: Utterance `radiokatupaimen_aamushow20120720_46´ -- 3 of job 102
2020-08-20 19:31:08,179 __iter__: Reading lattice file `/tmp/55133338/lattices/radioruudolf_aamushow20100713_73.lat.gz´.
2020-08-20 19:31:08,245 decode: Utterance `radioruudolf_aamushow20100713_73´ -- 4 of job 102
/scratch/work/groszt1/envs/theanoLM/lib/python3.7/site-packages/theano/gpuarray/dnn.py:184: UserWarning: Your cuDNN version is more recent than Theano. If you encounter problems, try updating Theano or downgrading cuDNN to a version >= v5 and <= v7.
  warnings.warn("Your cuDNN version is more recent than "
Using cuDNN version 7600 on context None
Mapped name None to device cuda0: Tesla V100-PCIE-32GB (0000:86:00.0)
/scratch/work/groszt1/envs/theanoLM/lib/python3.7/site-packages/h5py-2.9.0-py3.7-linux-x86_64.egg/h5py/_hl/dataset.py:313: H5pyDeprecationWarning: dataset.value has been deprecated. Use dataset[()] instead.
  "Use dataset[()] instead.", H5pyDeprecationWarning)
/scratch/work/groszt1/envs/theanoLM/lib/python3.7/site-packages/h5py-2.9.0-py3.7-linux-x86_64.egg/h5py/_hl/dataset.py:313: H5pyDeprecationWarning: dataset.value has been deprecated. Use dataset[()] instead.
  "Use dataset[()] instead.", H5pyDeprecationWarning)
decode_theanolm finished.
decode eval finished.
