Experiment: theanolm-morph-42k/expt2-sampled
Job ID: 55088734
Task ID: 112
Host: gpu23.int.triton.aalto.fi
Start date: Sat Aug 15 10:50:20 EEST 2020
Work directory: /scratch/work/moisioa3/conv_lm/experiments/theanolm-morph-42k/expt2-sampled
Temporary directory: /tmp/55088734

Currently Loaded Modules:
  1) speech-scripts/2016.05.24-b928230   6) binutils/2.25-GCCcore-5.4.0
  2) srilm/default                       7) GCC/5.4.0-2.25
  3) cuda/10.0.130                       8) libgpuarray/2017.03.29-45c731f
  4) cudnn/7.4.2-cuda                    9) anaconda3/latest
  5) GCCcore/5.4.0

 

/tmp/55088734/lattices
floatX=float32,device=cuda0,base_compiledir=/tmp/theano,exception_verbosity=high,openmp=False
/scratch/work/groszt1/envs/theanoLM/lib/python3.7/site-packages/theano/gpuarray/dnn.py:184: UserWarning: Your cuDNN version is more recent than Theano. If you encounter problems, try updating Theano or downgrading cuDNN to a version >= v5 and <= v7.
  warnings.warn("Your cuDNN version is more recent than "
Using cuDNN version 7600 on context None
Mapped name None to device cuda0: Tesla P100-PCIE-16GB (0000:83:00.0)
TheanoLM 1.3.2
Theano 1.0.4
pygpu 0.7.6
==
+ srun --gres=gpu:1 theanolm decode /scratch/work/moisioa3/conv_lm/experiments/theanolm-morph-42k/expt2-sampled/nnlm.h5 --lattice-list /tmp/55088734/lattices/lattice-list --output-file /scratch/work/moisioa3/conv_lm/experiments/theanolm-morph-42k/expt2-sampled/decode/devel/lambda=0.5-lms=8/112.trn --output trn --nnlm-weight 0.5 --lm-scale 8 --max-tokens-per-node 62 --beam 650 --recombination-order 22 --num-jobs 128 --job 112 --unk-penalty=-20
2020-08-15 10:50:32,823 get_default_device: Context None device="Tesla P100-PCIE-16GB" ID="0000:83:00.0"
2020-08-15 10:50:32,824 from_file: Reading vocabulary from network state.
2020-08-15 10:50:33,082 from_file: Number of words in vocabulary: 42699
2020-08-15 10:50:33,083 from_file: Number of words in shortlist: 42699
2020-08-15 10:50:33,083 from_file: Number of word classes: 42699
2020-08-15 10:50:33,083 from_file: Building neural network.
2020-08-15 10:51:20,130 from_file: Restoring neural network state.
2020-08-15 10:51:20,476 decode: Building word lattice decoder.
2020-08-15 10:51:34,240 __iter__: Reading lattice file `/tmp/55088734/lattices/dspm006_dsp2013_14.lat.gz´.
2020-08-15 10:51:34,304 decode: Utterance `dspm006_dsp2013_14´ -- 1 of job 112
2020-08-15 10:51:35,770 __iter__: Reading lattice file `/tmp/55088734/lattices/dspm017_dsp2013_20.lat.gz´.
2020-08-15 10:51:36,091 decode: Utterance `dspm017_dsp2013_20´ -- 2 of job 112
2020-08-15 10:51:44,999 __iter__: Reading lattice file `/tmp/55088734/lattices/dspm024_dsp2013_12.lat.gz´.
2020-08-15 10:51:45,277 decode: Utterance `dspm024_dsp2013_12´ -- 3 of job 112
2020-08-15 10:51:53,351 __iter__: Reading lattice file `/tmp/55088734/lattices/dspm033_dsp2013_29.lat.gz´.
2020-08-15 10:51:53,656 decode: Utterance `dspm033_dsp2013_29´ -- 4 of job 112
2020-08-15 10:52:00,856 __iter__: Reading lattice file `/tmp/55088734/lattices/dspm043_dsp2013_19.lat.gz´.
2020-08-15 10:52:00,871 decode: Utterance `dspm043_dsp2013_19´ -- 5 of job 112
2020-08-15 10:52:01,158 __iter__: Reading lattice file `/tmp/55088734/lattices/dspm052_dsp2013_14.lat.gz´.
2020-08-15 10:52:01,364 decode: Utterance `dspm052_dsp2013_14´ -- 6 of job 112
2020-08-15 10:52:08,546 __iter__: Reading lattice file `/tmp/55088734/lattices/radiojake_kbk20120915_17.lat.gz´.
2020-08-15 10:52:10,403 decode: Utterance `radiojake_kbk20120915_17´ -- 7 of job 112
/scratch/work/groszt1/envs/theanoLM/lib/python3.7/site-packages/theano/gpuarray/dnn.py:184: UserWarning: Your cuDNN version is more recent than Theano. If you encounter problems, try updating Theano or downgrading cuDNN to a version >= v5 and <= v7.
  warnings.warn("Your cuDNN version is more recent than "
Using cuDNN version 7600 on context None
Mapped name None to device cuda0: Tesla P100-PCIE-16GB (0000:83:00.0)
/scratch/work/groszt1/envs/theanoLM/lib/python3.7/site-packages/h5py-2.9.0-py3.7-linux-x86_64.egg/h5py/_hl/dataset.py:313: H5pyDeprecationWarning: dataset.value has been deprecated. Use dataset[()] instead.
  "Use dataset[()] instead.", H5pyDeprecationWarning)
/scratch/work/groszt1/envs/theanoLM/lib/python3.7/site-packages/h5py-2.9.0-py3.7-linux-x86_64.egg/h5py/_hl/dataset.py:313: H5pyDeprecationWarning: dataset.value has been deprecated. Use dataset[()] instead.
  "Use dataset[()] instead.", H5pyDeprecationWarning)
decode_theanolm finished.
/tmp/55088734/lattices
floatX=float32,device=cuda0,base_compiledir=/tmp/theano,exception_verbosity=high,openmp=False
/scratch/work/groszt1/envs/theanoLM/lib/python3.7/site-packages/theano/gpuarray/dnn.py:184: UserWarning: Your cuDNN version is more recent than Theano. If you encounter problems, try updating Theano or downgrading cuDNN to a version >= v5 and <= v7.
  warnings.warn("Your cuDNN version is more recent than "
Using cuDNN version 7600 on context None
Mapped name None to device cuda0: Tesla P100-PCIE-16GB (0000:83:00.0)
TheanoLM 1.3.2
Theano 1.0.4
pygpu 0.7.6
==
+ srun --gres=gpu:1 theanolm decode /scratch/work/moisioa3/conv_lm/experiments/theanolm-morph-42k/expt2-sampled/nnlm.h5 --lattice-list /tmp/55088734/lattices/lattice-list --output-file /scratch/work/moisioa3/conv_lm/experiments/theanolm-morph-42k/expt2-sampled/decode/devel/lambda=0.5-lms=9/112.trn --output trn --nnlm-weight 0.5 --lm-scale 9 --max-tokens-per-node 62 --beam 650 --recombination-order 22 --num-jobs 128 --job 112 --unk-penalty=-20
2020-08-15 10:53:18,553 get_default_device: Context None device="Tesla P100-PCIE-16GB" ID="0000:83:00.0"
2020-08-15 10:53:18,554 from_file: Reading vocabulary from network state.
2020-08-15 10:53:18,794 from_file: Number of words in vocabulary: 42699
2020-08-15 10:53:18,794 from_file: Number of words in shortlist: 42699
2020-08-15 10:53:18,794 from_file: Number of word classes: 42699
2020-08-15 10:53:18,794 from_file: Building neural network.
2020-08-15 10:54:02,432 from_file: Restoring neural network state.
2020-08-15 10:54:02,822 decode: Building word lattice decoder.
2020-08-15 10:54:08,504 __iter__: Reading lattice file `/tmp/55088734/lattices/dspm006_dsp2013_14.lat.gz´.
2020-08-15 10:54:08,569 decode: Utterance `dspm006_dsp2013_14´ -- 1 of job 112
2020-08-15 10:54:10,104 __iter__: Reading lattice file `/tmp/55088734/lattices/dspm017_dsp2013_20.lat.gz´.
2020-08-15 10:54:10,427 decode: Utterance `dspm017_dsp2013_20´ -- 2 of job 112
2020-08-15 10:54:20,197 __iter__: Reading lattice file `/tmp/55088734/lattices/dspm024_dsp2013_12.lat.gz´.
2020-08-15 10:54:20,478 decode: Utterance `dspm024_dsp2013_12´ -- 3 of job 112
2020-08-15 10:54:28,465 __iter__: Reading lattice file `/tmp/55088734/lattices/dspm033_dsp2013_29.lat.gz´.
2020-08-15 10:54:28,752 decode: Utterance `dspm033_dsp2013_29´ -- 4 of job 112
2020-08-15 10:54:35,916 __iter__: Reading lattice file `/tmp/55088734/lattices/dspm043_dsp2013_19.lat.gz´.
2020-08-15 10:54:35,931 decode: Utterance `dspm043_dsp2013_19´ -- 5 of job 112
2020-08-15 10:54:36,257 __iter__: Reading lattice file `/tmp/55088734/lattices/dspm052_dsp2013_14.lat.gz´.
2020-08-15 10:54:36,453 decode: Utterance `dspm052_dsp2013_14´ -- 6 of job 112
2020-08-15 10:54:43,577 __iter__: Reading lattice file `/tmp/55088734/lattices/radiojake_kbk20120915_17.lat.gz´.
2020-08-15 10:54:45,380 decode: Utterance `radiojake_kbk20120915_17´ -- 7 of job 112
/scratch/work/groszt1/envs/theanoLM/lib/python3.7/site-packages/theano/gpuarray/dnn.py:184: UserWarning: Your cuDNN version is more recent than Theano. If you encounter problems, try updating Theano or downgrading cuDNN to a version >= v5 and <= v7.
  warnings.warn("Your cuDNN version is more recent than "
Using cuDNN version 7600 on context None
Mapped name None to device cuda0: Tesla P100-PCIE-16GB (0000:83:00.0)
/scratch/work/groszt1/envs/theanoLM/lib/python3.7/site-packages/h5py-2.9.0-py3.7-linux-x86_64.egg/h5py/_hl/dataset.py:313: H5pyDeprecationWarning: dataset.value has been deprecated. Use dataset[()] instead.
  "Use dataset[()] instead.", H5pyDeprecationWarning)
/scratch/work/groszt1/envs/theanoLM/lib/python3.7/site-packages/h5py-2.9.0-py3.7-linux-x86_64.egg/h5py/_hl/dataset.py:313: H5pyDeprecationWarning: dataset.value has been deprecated. Use dataset[()] instead.
  "Use dataset[()] instead.", H5pyDeprecationWarning)
decode_theanolm finished.
/tmp/55088734/lattices
floatX=float32,device=cuda0,base_compiledir=/tmp/theano,exception_verbosity=high,openmp=False
/scratch/work/groszt1/envs/theanoLM/lib/python3.7/site-packages/theano/gpuarray/dnn.py:184: UserWarning: Your cuDNN version is more recent than Theano. If you encounter problems, try updating Theano or downgrading cuDNN to a version >= v5 and <= v7.
  warnings.warn("Your cuDNN version is more recent than "
Using cuDNN version 7600 on context None
Mapped name None to device cuda0: Tesla P100-PCIE-16GB (0000:83:00.0)
TheanoLM 1.3.2
Theano 1.0.4
pygpu 0.7.6
==
+ srun --gres=gpu:1 theanolm decode /scratch/work/moisioa3/conv_lm/experiments/theanolm-morph-42k/expt2-sampled/nnlm.h5 --lattice-list /tmp/55088734/lattices/lattice-list --output-file /scratch/work/moisioa3/conv_lm/experiments/theanolm-morph-42k/expt2-sampled/decode/devel/lambda=0.5-lms=10/112.trn --output trn --nnlm-weight 0.5 --lm-scale 10 --max-tokens-per-node 62 --beam 650 --recombination-order 22 --num-jobs 128 --job 112 --unk-penalty=-20
2020-08-15 10:55:52,478 get_default_device: Context None device="Tesla P100-PCIE-16GB" ID="0000:83:00.0"
2020-08-15 10:55:52,479 from_file: Reading vocabulary from network state.
2020-08-15 10:55:52,747 from_file: Number of words in vocabulary: 42699
2020-08-15 10:55:52,747 from_file: Number of words in shortlist: 42699
2020-08-15 10:55:52,748 from_file: Number of word classes: 42699
2020-08-15 10:55:52,748 from_file: Building neural network.
2020-08-15 10:56:36,316 from_file: Restoring neural network state.
2020-08-15 10:56:36,672 decode: Building word lattice decoder.
2020-08-15 10:56:42,339 __iter__: Reading lattice file `/tmp/55088734/lattices/dspm006_dsp2013_14.lat.gz´.
2020-08-15 10:56:42,398 decode: Utterance `dspm006_dsp2013_14´ -- 1 of job 112
2020-08-15 10:56:43,961 __iter__: Reading lattice file `/tmp/55088734/lattices/dspm017_dsp2013_20.lat.gz´.
2020-08-15 10:56:44,285 decode: Utterance `dspm017_dsp2013_20´ -- 2 of job 112
2020-08-15 10:56:54,573 __iter__: Reading lattice file `/tmp/55088734/lattices/dspm024_dsp2013_12.lat.gz´.
2020-08-15 10:56:54,842 decode: Utterance `dspm024_dsp2013_12´ -- 3 of job 112
2020-08-15 10:57:03,286 __iter__: Reading lattice file `/tmp/55088734/lattices/dspm033_dsp2013_29.lat.gz´.
2020-08-15 10:57:03,560 decode: Utterance `dspm033_dsp2013_29´ -- 4 of job 112
2020-08-15 10:57:11,358 __iter__: Reading lattice file `/tmp/55088734/lattices/dspm043_dsp2013_19.lat.gz´.
2020-08-15 10:57:11,373 decode: Utterance `dspm043_dsp2013_19´ -- 5 of job 112
2020-08-15 10:57:11,699 __iter__: Reading lattice file `/tmp/55088734/lattices/dspm052_dsp2013_14.lat.gz´.
2020-08-15 10:57:11,897 decode: Utterance `dspm052_dsp2013_14´ -- 6 of job 112
2020-08-15 10:57:19,575 __iter__: Reading lattice file `/tmp/55088734/lattices/radiojake_kbk20120915_17.lat.gz´.
2020-08-15 10:57:21,374 decode: Utterance `radiojake_kbk20120915_17´ -- 7 of job 112
/scratch/work/groszt1/envs/theanoLM/lib/python3.7/site-packages/theano/gpuarray/dnn.py:184: UserWarning: Your cuDNN version is more recent than Theano. If you encounter problems, try updating Theano or downgrading cuDNN to a version >= v5 and <= v7.
  warnings.warn("Your cuDNN version is more recent than "
Using cuDNN version 7600 on context None
Mapped name None to device cuda0: Tesla P100-PCIE-16GB (0000:83:00.0)
/scratch/work/groszt1/envs/theanoLM/lib/python3.7/site-packages/h5py-2.9.0-py3.7-linux-x86_64.egg/h5py/_hl/dataset.py:313: H5pyDeprecationWarning: dataset.value has been deprecated. Use dataset[()] instead.
  "Use dataset[()] instead.", H5pyDeprecationWarning)
/scratch/work/groszt1/envs/theanoLM/lib/python3.7/site-packages/h5py-2.9.0-py3.7-linux-x86_64.egg/h5py/_hl/dataset.py:313: H5pyDeprecationWarning: dataset.value has been deprecated. Use dataset[()] instead.
  "Use dataset[()] instead.", H5pyDeprecationWarning)
decode_theanolm finished.
/tmp/55088734/lattices
floatX=float32,device=cuda0,base_compiledir=/tmp/theano,exception_verbosity=high,openmp=False
/scratch/work/groszt1/envs/theanoLM/lib/python3.7/site-packages/theano/gpuarray/dnn.py:184: UserWarning: Your cuDNN version is more recent than Theano. If you encounter problems, try updating Theano or downgrading cuDNN to a version >= v5 and <= v7.
  warnings.warn("Your cuDNN version is more recent than "
Using cuDNN version 7600 on context None
Mapped name None to device cuda0: Tesla P100-PCIE-16GB (0000:83:00.0)
TheanoLM 1.3.2
Theano 1.0.4
pygpu 0.7.6
==
+ srun --gres=gpu:1 theanolm decode /scratch/work/moisioa3/conv_lm/experiments/theanolm-morph-42k/expt2-sampled/nnlm.h5 --lattice-list /tmp/55088734/lattices/lattice-list --output-file /scratch/work/moisioa3/conv_lm/experiments/theanolm-morph-42k/expt2-sampled/decode/devel/lambda=0.5-lms=11/112.trn --output trn --nnlm-weight 0.5 --lm-scale 11 --max-tokens-per-node 62 --beam 650 --recombination-order 22 --num-jobs 128 --job 112 --unk-penalty=-20
2020-08-15 10:58:32,818 get_default_device: Context None device="Tesla P100-PCIE-16GB" ID="0000:83:00.0"
2020-08-15 10:58:32,819 from_file: Reading vocabulary from network state.
2020-08-15 10:58:33,088 from_file: Number of words in vocabulary: 42699
2020-08-15 10:58:33,089 from_file: Number of words in shortlist: 42699
2020-08-15 10:58:33,089 from_file: Number of word classes: 42699
2020-08-15 10:58:33,089 from_file: Building neural network.
2020-08-15 10:59:15,670 from_file: Restoring neural network state.
2020-08-15 10:59:16,031 decode: Building word lattice decoder.
2020-08-15 10:59:21,286 __iter__: Reading lattice file `/tmp/55088734/lattices/dspm006_dsp2013_14.lat.gz´.
2020-08-15 10:59:21,345 decode: Utterance `dspm006_dsp2013_14´ -- 1 of job 112
2020-08-15 10:59:22,880 __iter__: Reading lattice file `/tmp/55088734/lattices/dspm017_dsp2013_20.lat.gz´.
2020-08-15 10:59:23,194 decode: Utterance `dspm017_dsp2013_20´ -- 2 of job 112
2020-08-15 10:59:33,144 __iter__: Reading lattice file `/tmp/55088734/lattices/dspm024_dsp2013_12.lat.gz´.
2020-08-15 10:59:33,411 decode: Utterance `dspm024_dsp2013_12´ -- 3 of job 112
2020-08-15 10:59:41,608 __iter__: Reading lattice file `/tmp/55088734/lattices/dspm033_dsp2013_29.lat.gz´.
2020-08-15 10:59:41,898 decode: Utterance `dspm033_dsp2013_29´ -- 4 of job 112
2020-08-15 10:59:49,638 __iter__: Reading lattice file `/tmp/55088734/lattices/dspm043_dsp2013_19.lat.gz´.
2020-08-15 10:59:49,652 decode: Utterance `dspm043_dsp2013_19´ -- 5 of job 112
2020-08-15 10:59:49,984 __iter__: Reading lattice file `/tmp/55088734/lattices/dspm052_dsp2013_14.lat.gz´.
2020-08-15 10:59:50,184 decode: Utterance `dspm052_dsp2013_14´ -- 6 of job 112
2020-08-15 10:59:57,901 __iter__: Reading lattice file `/tmp/55088734/lattices/radiojake_kbk20120915_17.lat.gz´.
2020-08-15 10:59:59,691 decode: Utterance `radiojake_kbk20120915_17´ -- 7 of job 112
/scratch/work/groszt1/envs/theanoLM/lib/python3.7/site-packages/theano/gpuarray/dnn.py:184: UserWarning: Your cuDNN version is more recent than Theano. If you encounter problems, try updating Theano or downgrading cuDNN to a version >= v5 and <= v7.
  warnings.warn("Your cuDNN version is more recent than "
Using cuDNN version 7600 on context None
Mapped name None to device cuda0: Tesla P100-PCIE-16GB (0000:83:00.0)
/scratch/work/groszt1/envs/theanoLM/lib/python3.7/site-packages/h5py-2.9.0-py3.7-linux-x86_64.egg/h5py/_hl/dataset.py:313: H5pyDeprecationWarning: dataset.value has been deprecated. Use dataset[()] instead.
  "Use dataset[()] instead.", H5pyDeprecationWarning)
/scratch/work/groszt1/envs/theanoLM/lib/python3.7/site-packages/h5py-2.9.0-py3.7-linux-x86_64.egg/h5py/_hl/dataset.py:313: H5pyDeprecationWarning: dataset.value has been deprecated. Use dataset[()] instead.
  "Use dataset[()] instead.", H5pyDeprecationWarning)
decode_theanolm finished.
/tmp/55088734/lattices
floatX=float32,device=cuda0,base_compiledir=/tmp/theano,exception_verbosity=high,openmp=False
/scratch/work/groszt1/envs/theanoLM/lib/python3.7/site-packages/theano/gpuarray/dnn.py:184: UserWarning: Your cuDNN version is more recent than Theano. If you encounter problems, try updating Theano or downgrading cuDNN to a version >= v5 and <= v7.
  warnings.warn("Your cuDNN version is more recent than "
Using cuDNN version 7600 on context None
Mapped name None to device cuda0: Tesla P100-PCIE-16GB (0000:83:00.0)
TheanoLM 1.3.2
Theano 1.0.4
pygpu 0.7.6
==
+ srun --gres=gpu:1 theanolm decode /scratch/work/moisioa3/conv_lm/experiments/theanolm-morph-42k/expt2-sampled/nnlm.h5 --lattice-list /tmp/55088734/lattices/lattice-list --output-file /scratch/work/moisioa3/conv_lm/experiments/theanolm-morph-42k/expt2-sampled/decode/devel/lambda=0.5-lms=12/112.trn --output trn --nnlm-weight 0.5 --lm-scale 12 --max-tokens-per-node 62 --beam 650 --recombination-order 22 --num-jobs 128 --job 112 --unk-penalty=-20
2020-08-15 11:01:23,271 get_default_device: Context None device="Tesla P100-PCIE-16GB" ID="0000:83:00.0"
2020-08-15 11:01:23,272 from_file: Reading vocabulary from network state.
2020-08-15 11:01:23,533 from_file: Number of words in vocabulary: 42699
2020-08-15 11:01:23,533 from_file: Number of words in shortlist: 42699
2020-08-15 11:01:23,533 from_file: Number of word classes: 42699
2020-08-15 11:01:23,534 from_file: Building neural network.
2020-08-15 11:02:06,252 from_file: Restoring neural network state.
2020-08-15 11:02:06,604 decode: Building word lattice decoder.
2020-08-15 11:02:11,948 __iter__: Reading lattice file `/tmp/55088734/lattices/dspm006_dsp2013_14.lat.gz´.
2020-08-15 11:02:12,009 decode: Utterance `dspm006_dsp2013_14´ -- 1 of job 112
2020-08-15 11:02:13,535 __iter__: Reading lattice file `/tmp/55088734/lattices/dspm017_dsp2013_20.lat.gz´.
2020-08-15 11:02:13,847 decode: Utterance `dspm017_dsp2013_20´ -- 2 of job 112
2020-08-15 11:02:24,010 __iter__: Reading lattice file `/tmp/55088734/lattices/dspm024_dsp2013_12.lat.gz´.
2020-08-15 11:02:24,282 decode: Utterance `dspm024_dsp2013_12´ -- 3 of job 112
2020-08-15 11:02:32,341 __iter__: Reading lattice file `/tmp/55088734/lattices/dspm033_dsp2013_29.lat.gz´.
2020-08-15 11:02:32,632 decode: Utterance `dspm033_dsp2013_29´ -- 4 of job 112
2020-08-15 11:02:39,901 __iter__: Reading lattice file `/tmp/55088734/lattices/dspm043_dsp2013_19.lat.gz´.
2020-08-15 11:02:39,916 decode: Utterance `dspm043_dsp2013_19´ -- 5 of job 112
2020-08-15 11:02:40,244 __iter__: Reading lattice file `/tmp/55088734/lattices/dspm052_dsp2013_14.lat.gz´.
2020-08-15 11:02:40,442 decode: Utterance `dspm052_dsp2013_14´ -- 6 of job 112
2020-08-15 11:02:47,756 __iter__: Reading lattice file `/tmp/55088734/lattices/radiojake_kbk20120915_17.lat.gz´.
2020-08-15 11:02:49,542 decode: Utterance `radiojake_kbk20120915_17´ -- 7 of job 112
/scratch/work/groszt1/envs/theanoLM/lib/python3.7/site-packages/theano/gpuarray/dnn.py:184: UserWarning: Your cuDNN version is more recent than Theano. If you encounter problems, try updating Theano or downgrading cuDNN to a version >= v5 and <= v7.
  warnings.warn("Your cuDNN version is more recent than "
Using cuDNN version 7600 on context None
Mapped name None to device cuda0: Tesla P100-PCIE-16GB (0000:83:00.0)
/scratch/work/groszt1/envs/theanoLM/lib/python3.7/site-packages/h5py-2.9.0-py3.7-linux-x86_64.egg/h5py/_hl/dataset.py:313: H5pyDeprecationWarning: dataset.value has been deprecated. Use dataset[()] instead.
  "Use dataset[()] instead.", H5pyDeprecationWarning)
/scratch/work/groszt1/envs/theanoLM/lib/python3.7/site-packages/h5py-2.9.0-py3.7-linux-x86_64.egg/h5py/_hl/dataset.py:313: H5pyDeprecationWarning: dataset.value has been deprecated. Use dataset[()] instead.
  "Use dataset[()] instead.", H5pyDeprecationWarning)
decode_theanolm finished.
/tmp/55088734/lattices
floatX=float32,device=cuda0,base_compiledir=/tmp/theano,exception_verbosity=high,openmp=False
/scratch/work/groszt1/envs/theanoLM/lib/python3.7/site-packages/theano/gpuarray/dnn.py:184: UserWarning: Your cuDNN version is more recent than Theano. If you encounter problems, try updating Theano or downgrading cuDNN to a version >= v5 and <= v7.
  warnings.warn("Your cuDNN version is more recent than "
Using cuDNN version 7600 on context None
Mapped name None to device cuda0: Tesla P100-PCIE-16GB (0000:83:00.0)
TheanoLM 1.3.2
Theano 1.0.4
pygpu 0.7.6
==
+ srun --gres=gpu:1 theanolm decode /scratch/work/moisioa3/conv_lm/experiments/theanolm-morph-42k/expt2-sampled/nnlm.h5 --lattice-list /tmp/55088734/lattices/lattice-list --output-file /scratch/work/moisioa3/conv_lm/experiments/theanolm-morph-42k/expt2-sampled/decode/devel/lambda=1.0-lms=8/112.trn --output trn --nnlm-weight 1.0 --lm-scale 8 --max-tokens-per-node 62 --beam 650 --recombination-order 22 --num-jobs 128 --job 112 --unk-penalty=-20
2020-08-15 11:04:02,189 get_default_device: Context None device="Tesla P100-PCIE-16GB" ID="0000:83:00.0"
2020-08-15 11:04:02,191 from_file: Reading vocabulary from network state.
2020-08-15 11:04:02,458 from_file: Number of words in vocabulary: 42699
2020-08-15 11:04:02,458 from_file: Number of words in shortlist: 42699
2020-08-15 11:04:02,459 from_file: Number of word classes: 42699
2020-08-15 11:04:02,459 from_file: Building neural network.
2020-08-15 11:04:45,640 from_file: Restoring neural network state.
2020-08-15 11:04:45,974 decode: Building word lattice decoder.
2020-08-15 11:04:51,295 __iter__: Reading lattice file `/tmp/55088734/lattices/dspm006_dsp2013_14.lat.gz´.
2020-08-15 11:04:51,356 decode: Utterance `dspm006_dsp2013_14´ -- 1 of job 112
2020-08-15 11:04:52,752 __iter__: Reading lattice file `/tmp/55088734/lattices/dspm017_dsp2013_20.lat.gz´.
2020-08-15 11:04:53,067 decode: Utterance `dspm017_dsp2013_20´ -- 2 of job 112
2020-08-15 11:05:01,258 __iter__: Reading lattice file `/tmp/55088734/lattices/dspm024_dsp2013_12.lat.gz´.
2020-08-15 11:05:01,528 decode: Utterance `dspm024_dsp2013_12´ -- 3 of job 112
2020-08-15 11:05:08,754 __iter__: Reading lattice file `/tmp/55088734/lattices/dspm033_dsp2013_29.lat.gz´.
2020-08-15 11:05:09,045 decode: Utterance `dspm033_dsp2013_29´ -- 4 of job 112
2020-08-15 11:05:14,768 __iter__: Reading lattice file `/tmp/55088734/lattices/dspm043_dsp2013_19.lat.gz´.
2020-08-15 11:05:14,783 decode: Utterance `dspm043_dsp2013_19´ -- 5 of job 112
2020-08-15 11:05:15,071 __iter__: Reading lattice file `/tmp/55088734/lattices/dspm052_dsp2013_14.lat.gz´.
2020-08-15 11:05:15,270 decode: Utterance `dspm052_dsp2013_14´ -- 6 of job 112
2020-08-15 11:05:21,654 __iter__: Reading lattice file `/tmp/55088734/lattices/radiojake_kbk20120915_17.lat.gz´.
2020-08-15 11:05:23,464 decode: Utterance `radiojake_kbk20120915_17´ -- 7 of job 112
/scratch/work/groszt1/envs/theanoLM/lib/python3.7/site-packages/theano/gpuarray/dnn.py:184: UserWarning: Your cuDNN version is more recent than Theano. If you encounter problems, try updating Theano or downgrading cuDNN to a version >= v5 and <= v7.
  warnings.warn("Your cuDNN version is more recent than "
Using cuDNN version 7600 on context None
Mapped name None to device cuda0: Tesla P100-PCIE-16GB (0000:83:00.0)
/scratch/work/groszt1/envs/theanoLM/lib/python3.7/site-packages/h5py-2.9.0-py3.7-linux-x86_64.egg/h5py/_hl/dataset.py:313: H5pyDeprecationWarning: dataset.value has been deprecated. Use dataset[()] instead.
  "Use dataset[()] instead.", H5pyDeprecationWarning)
/scratch/work/groszt1/envs/theanoLM/lib/python3.7/site-packages/h5py-2.9.0-py3.7-linux-x86_64.egg/h5py/_hl/dataset.py:313: H5pyDeprecationWarning: dataset.value has been deprecated. Use dataset[()] instead.
  "Use dataset[()] instead.", H5pyDeprecationWarning)
decode_theanolm finished.
/tmp/55088734/lattices
floatX=float32,device=cuda0,base_compiledir=/tmp/theano,exception_verbosity=high,openmp=False
/scratch/work/groszt1/envs/theanoLM/lib/python3.7/site-packages/theano/gpuarray/dnn.py:184: UserWarning: Your cuDNN version is more recent than Theano. If you encounter problems, try updating Theano or downgrading cuDNN to a version >= v5 and <= v7.
  warnings.warn("Your cuDNN version is more recent than "
Using cuDNN version 7600 on context None
Mapped name None to device cuda0: Tesla P100-PCIE-16GB (0000:83:00.0)
TheanoLM 1.3.2
Theano 1.0.4
pygpu 0.7.6
==
+ srun --gres=gpu:1 theanolm decode /scratch/work/moisioa3/conv_lm/experiments/theanolm-morph-42k/expt2-sampled/nnlm.h5 --lattice-list /tmp/55088734/lattices/lattice-list --output-file /scratch/work/moisioa3/conv_lm/experiments/theanolm-morph-42k/expt2-sampled/decode/devel/lambda=1.0-lms=9/112.trn --output trn --nnlm-weight 1.0 --lm-scale 9 --max-tokens-per-node 62 --beam 650 --recombination-order 22 --num-jobs 128 --job 112 --unk-penalty=-20
2020-08-15 11:06:21,288 get_default_device: Context None device="Tesla P100-PCIE-16GB" ID="0000:83:00.0"
2020-08-15 11:06:21,290 from_file: Reading vocabulary from network state.
2020-08-15 11:06:21,563 from_file: Number of words in vocabulary: 42699
2020-08-15 11:06:21,563 from_file: Number of words in shortlist: 42699
2020-08-15 11:06:21,563 from_file: Number of word classes: 42699
2020-08-15 11:06:21,563 from_file: Building neural network.
2020-08-15 11:07:05,918 from_file: Restoring neural network state.
2020-08-15 11:07:06,300 decode: Building word lattice decoder.
2020-08-15 11:07:11,482 __iter__: Reading lattice file `/tmp/55088734/lattices/dspm006_dsp2013_14.lat.gz´.
2020-08-15 11:07:11,539 decode: Utterance `dspm006_dsp2013_14´ -- 1 of job 112
2020-08-15 11:07:12,915 __iter__: Reading lattice file `/tmp/55088734/lattices/dspm017_dsp2013_20.lat.gz´.
2020-08-15 11:07:13,213 decode: Utterance `dspm017_dsp2013_20´ -- 2 of job 112
2020-08-15 11:07:21,189 __iter__: Reading lattice file `/tmp/55088734/lattices/dspm024_dsp2013_12.lat.gz´.
2020-08-15 11:07:21,448 decode: Utterance `dspm024_dsp2013_12´ -- 3 of job 112
2020-08-15 11:07:28,554 __iter__: Reading lattice file `/tmp/55088734/lattices/dspm033_dsp2013_29.lat.gz´.
2020-08-15 11:07:28,817 decode: Utterance `dspm033_dsp2013_29´ -- 4 of job 112
2020-08-15 11:07:34,381 __iter__: Reading lattice file `/tmp/55088734/lattices/dspm043_dsp2013_19.lat.gz´.
2020-08-15 11:07:34,396 decode: Utterance `dspm043_dsp2013_19´ -- 5 of job 112
2020-08-15 11:07:34,674 __iter__: Reading lattice file `/tmp/55088734/lattices/dspm052_dsp2013_14.lat.gz´.
2020-08-15 11:07:34,862 decode: Utterance `dspm052_dsp2013_14´ -- 6 of job 112
2020-08-15 11:07:40,997 __iter__: Reading lattice file `/tmp/55088734/lattices/radiojake_kbk20120915_17.lat.gz´.
2020-08-15 11:07:42,747 decode: Utterance `radiojake_kbk20120915_17´ -- 7 of job 112
/scratch/work/groszt1/envs/theanoLM/lib/python3.7/site-packages/theano/gpuarray/dnn.py:184: UserWarning: Your cuDNN version is more recent than Theano. If you encounter problems, try updating Theano or downgrading cuDNN to a version >= v5 and <= v7.
  warnings.warn("Your cuDNN version is more recent than "
Using cuDNN version 7600 on context None
Mapped name None to device cuda0: Tesla P100-PCIE-16GB (0000:83:00.0)
/scratch/work/groszt1/envs/theanoLM/lib/python3.7/site-packages/h5py-2.9.0-py3.7-linux-x86_64.egg/h5py/_hl/dataset.py:313: H5pyDeprecationWarning: dataset.value has been deprecated. Use dataset[()] instead.
  "Use dataset[()] instead.", H5pyDeprecationWarning)
/scratch/work/groszt1/envs/theanoLM/lib/python3.7/site-packages/h5py-2.9.0-py3.7-linux-x86_64.egg/h5py/_hl/dataset.py:313: H5pyDeprecationWarning: dataset.value has been deprecated. Use dataset[()] instead.
  "Use dataset[()] instead.", H5pyDeprecationWarning)
decode_theanolm finished.
/tmp/55088734/lattices
floatX=float32,device=cuda0,base_compiledir=/tmp/theano,exception_verbosity=high,openmp=False
/scratch/work/groszt1/envs/theanoLM/lib/python3.7/site-packages/theano/gpuarray/dnn.py:184: UserWarning: Your cuDNN version is more recent than Theano. If you encounter problems, try updating Theano or downgrading cuDNN to a version >= v5 and <= v7.
  warnings.warn("Your cuDNN version is more recent than "
Using cuDNN version 7600 on context None
Mapped name None to device cuda0: Tesla P100-PCIE-16GB (0000:83:00.0)
TheanoLM 1.3.2
Theano 1.0.4
pygpu 0.7.6
==
+ srun --gres=gpu:1 theanolm decode /scratch/work/moisioa3/conv_lm/experiments/theanolm-morph-42k/expt2-sampled/nnlm.h5 --lattice-list /tmp/55088734/lattices/lattice-list --output-file /scratch/work/moisioa3/conv_lm/experiments/theanolm-morph-42k/expt2-sampled/decode/devel/lambda=1.0-lms=10/112.trn --output trn --nnlm-weight 1.0 --lm-scale 10 --max-tokens-per-node 62 --beam 650 --recombination-order 22 --num-jobs 128 --job 112 --unk-penalty=-20
2020-08-15 11:08:36,759 get_default_device: Context None device="Tesla P100-PCIE-16GB" ID="0000:83:00.0"
2020-08-15 11:08:36,760 from_file: Reading vocabulary from network state.
2020-08-15 11:08:37,025 from_file: Number of words in vocabulary: 42699
2020-08-15 11:08:37,025 from_file: Number of words in shortlist: 42699
2020-08-15 11:08:37,025 from_file: Number of word classes: 42699
2020-08-15 11:08:37,026 from_file: Building neural network.
2020-08-15 11:09:18,811 from_file: Restoring neural network state.
2020-08-15 11:09:19,169 decode: Building word lattice decoder.
2020-08-15 11:09:24,656 __iter__: Reading lattice file `/tmp/55088734/lattices/dspm006_dsp2013_14.lat.gz´.
2020-08-15 11:09:24,716 decode: Utterance `dspm006_dsp2013_14´ -- 1 of job 112
2020-08-15 11:09:26,201 __iter__: Reading lattice file `/tmp/55088734/lattices/dspm017_dsp2013_20.lat.gz´.
2020-08-15 11:09:26,508 decode: Utterance `dspm017_dsp2013_20´ -- 2 of job 112
2020-08-15 11:09:35,014 __iter__: Reading lattice file `/tmp/55088734/lattices/dspm024_dsp2013_12.lat.gz´.
2020-08-15 11:09:35,271 decode: Utterance `dspm024_dsp2013_12´ -- 3 of job 112
2020-08-15 11:09:42,712 __iter__: Reading lattice file `/tmp/55088734/lattices/dspm033_dsp2013_29.lat.gz´.
2020-08-15 11:09:42,977 decode: Utterance `dspm033_dsp2013_29´ -- 4 of job 112
2020-08-15 11:09:48,592 __iter__: Reading lattice file `/tmp/55088734/lattices/dspm043_dsp2013_19.lat.gz´.
2020-08-15 11:09:48,606 decode: Utterance `dspm043_dsp2013_19´ -- 5 of job 112
2020-08-15 11:09:48,905 __iter__: Reading lattice file `/tmp/55088734/lattices/dspm052_dsp2013_14.lat.gz´.
2020-08-15 11:09:49,086 decode: Utterance `dspm052_dsp2013_14´ -- 6 of job 112
2020-08-15 11:09:55,245 __iter__: Reading lattice file `/tmp/55088734/lattices/radiojake_kbk20120915_17.lat.gz´.
2020-08-15 11:09:56,942 decode: Utterance `radiojake_kbk20120915_17´ -- 7 of job 112
/scratch/work/groszt1/envs/theanoLM/lib/python3.7/site-packages/theano/gpuarray/dnn.py:184: UserWarning: Your cuDNN version is more recent than Theano. If you encounter problems, try updating Theano or downgrading cuDNN to a version >= v5 and <= v7.
  warnings.warn("Your cuDNN version is more recent than "
Using cuDNN version 7600 on context None
Mapped name None to device cuda0: Tesla P100-PCIE-16GB (0000:83:00.0)
/scratch/work/groszt1/envs/theanoLM/lib/python3.7/site-packages/h5py-2.9.0-py3.7-linux-x86_64.egg/h5py/_hl/dataset.py:313: H5pyDeprecationWarning: dataset.value has been deprecated. Use dataset[()] instead.
  "Use dataset[()] instead.", H5pyDeprecationWarning)
/scratch/work/groszt1/envs/theanoLM/lib/python3.7/site-packages/h5py-2.9.0-py3.7-linux-x86_64.egg/h5py/_hl/dataset.py:313: H5pyDeprecationWarning: dataset.value has been deprecated. Use dataset[()] instead.
  "Use dataset[()] instead.", H5pyDeprecationWarning)
decode_theanolm finished.
/tmp/55088734/lattices
floatX=float32,device=cuda0,base_compiledir=/tmp/theano,exception_verbosity=high,openmp=False
/scratch/work/groszt1/envs/theanoLM/lib/python3.7/site-packages/theano/gpuarray/dnn.py:184: UserWarning: Your cuDNN version is more recent than Theano. If you encounter problems, try updating Theano or downgrading cuDNN to a version >= v5 and <= v7.
  warnings.warn("Your cuDNN version is more recent than "
Using cuDNN version 7600 on context None
Mapped name None to device cuda0: Tesla P100-PCIE-16GB (0000:83:00.0)
TheanoLM 1.3.2
Theano 1.0.4
pygpu 0.7.6
==
+ srun --gres=gpu:1 theanolm decode /scratch/work/moisioa3/conv_lm/experiments/theanolm-morph-42k/expt2-sampled/nnlm.h5 --lattice-list /tmp/55088734/lattices/lattice-list --output-file /scratch/work/moisioa3/conv_lm/experiments/theanolm-morph-42k/expt2-sampled/decode/devel/lambda=1.0-lms=11/112.trn --output trn --nnlm-weight 1.0 --lm-scale 11 --max-tokens-per-node 62 --beam 650 --recombination-order 22 --num-jobs 128 --job 112 --unk-penalty=-20
2020-08-15 11:10:50,903 get_default_device: Context None device="Tesla P100-PCIE-16GB" ID="0000:83:00.0"
2020-08-15 11:10:50,905 from_file: Reading vocabulary from network state.
2020-08-15 11:10:51,180 from_file: Number of words in vocabulary: 42699
2020-08-15 11:10:51,181 from_file: Number of words in shortlist: 42699
2020-08-15 11:10:51,181 from_file: Number of word classes: 42699
2020-08-15 11:10:51,181 from_file: Building neural network.
2020-08-15 11:11:32,129 from_file: Restoring neural network state.
2020-08-15 11:11:32,471 decode: Building word lattice decoder.
2020-08-15 11:11:37,694 __iter__: Reading lattice file `/tmp/55088734/lattices/dspm006_dsp2013_14.lat.gz´.
2020-08-15 11:11:37,753 decode: Utterance `dspm006_dsp2013_14´ -- 1 of job 112
2020-08-15 11:11:39,153 __iter__: Reading lattice file `/tmp/55088734/lattices/dspm017_dsp2013_20.lat.gz´.
2020-08-15 11:11:39,450 decode: Utterance `dspm017_dsp2013_20´ -- 2 of job 112
2020-08-15 11:11:47,385 __iter__: Reading lattice file `/tmp/55088734/lattices/dspm024_dsp2013_12.lat.gz´.
2020-08-15 11:11:47,641 decode: Utterance `dspm024_dsp2013_12´ -- 3 of job 112
2020-08-15 11:11:54,731 __iter__: Reading lattice file `/tmp/55088734/lattices/dspm033_dsp2013_29.lat.gz´.
2020-08-15 11:11:55,005 decode: Utterance `dspm033_dsp2013_29´ -- 4 of job 112
2020-08-15 11:12:00,629 __iter__: Reading lattice file `/tmp/55088734/lattices/dspm043_dsp2013_19.lat.gz´.
2020-08-15 11:12:00,644 decode: Utterance `dspm043_dsp2013_19´ -- 5 of job 112
2020-08-15 11:12:00,922 __iter__: Reading lattice file `/tmp/55088734/lattices/dspm052_dsp2013_14.lat.gz´.
2020-08-15 11:12:01,109 decode: Utterance `dspm052_dsp2013_14´ -- 6 of job 112
2020-08-15 11:12:07,161 __iter__: Reading lattice file `/tmp/55088734/lattices/radiojake_kbk20120915_17.lat.gz´.
2020-08-15 11:12:08,813 decode: Utterance `radiojake_kbk20120915_17´ -- 7 of job 112
/scratch/work/groszt1/envs/theanoLM/lib/python3.7/site-packages/theano/gpuarray/dnn.py:184: UserWarning: Your cuDNN version is more recent than Theano. If you encounter problems, try updating Theano or downgrading cuDNN to a version >= v5 and <= v7.
  warnings.warn("Your cuDNN version is more recent than "
Using cuDNN version 7600 on context None
Mapped name None to device cuda0: Tesla P100-PCIE-16GB (0000:83:00.0)
/scratch/work/groszt1/envs/theanoLM/lib/python3.7/site-packages/h5py-2.9.0-py3.7-linux-x86_64.egg/h5py/_hl/dataset.py:313: H5pyDeprecationWarning: dataset.value has been deprecated. Use dataset[()] instead.
  "Use dataset[()] instead.", H5pyDeprecationWarning)
/scratch/work/groszt1/envs/theanoLM/lib/python3.7/site-packages/h5py-2.9.0-py3.7-linux-x86_64.egg/h5py/_hl/dataset.py:313: H5pyDeprecationWarning: dataset.value has been deprecated. Use dataset[()] instead.
  "Use dataset[()] instead.", H5pyDeprecationWarning)
decode_theanolm finished.
/tmp/55088734/lattices
floatX=float32,device=cuda0,base_compiledir=/tmp/theano,exception_verbosity=high,openmp=False
/scratch/work/groszt1/envs/theanoLM/lib/python3.7/site-packages/theano/gpuarray/dnn.py:184: UserWarning: Your cuDNN version is more recent than Theano. If you encounter problems, try updating Theano or downgrading cuDNN to a version >= v5 and <= v7.
  warnings.warn("Your cuDNN version is more recent than "
Using cuDNN version 7600 on context None
Mapped name None to device cuda0: Tesla P100-PCIE-16GB (0000:83:00.0)
TheanoLM 1.3.2
Theano 1.0.4
pygpu 0.7.6
==
+ srun --gres=gpu:1 theanolm decode /scratch/work/moisioa3/conv_lm/experiments/theanolm-morph-42k/expt2-sampled/nnlm.h5 --lattice-list /tmp/55088734/lattices/lattice-list --output-file /scratch/work/moisioa3/conv_lm/experiments/theanolm-morph-42k/expt2-sampled/decode/devel/lambda=1.0-lms=12/112.trn --output trn --nnlm-weight 1.0 --lm-scale 12 --max-tokens-per-node 62 --beam 650 --recombination-order 22 --num-jobs 128 --job 112 --unk-penalty=-20
2020-08-15 11:13:00,917 get_default_device: Context None device="Tesla P100-PCIE-16GB" ID="0000:83:00.0"
2020-08-15 11:13:00,918 from_file: Reading vocabulary from network state.
2020-08-15 11:13:01,163 from_file: Number of words in vocabulary: 42699
2020-08-15 11:13:01,163 from_file: Number of words in shortlist: 42699
2020-08-15 11:13:01,164 from_file: Number of word classes: 42699
2020-08-15 11:13:01,164 from_file: Building neural network.
2020-08-15 11:13:39,453 from_file: Restoring neural network state.
2020-08-15 11:13:39,834 decode: Building word lattice decoder.
2020-08-15 11:13:44,689 __iter__: Reading lattice file `/tmp/55088734/lattices/dspm006_dsp2013_14.lat.gz´.
2020-08-15 11:13:44,741 decode: Utterance `dspm006_dsp2013_14´ -- 1 of job 112
2020-08-15 11:13:46,082 __iter__: Reading lattice file `/tmp/55088734/lattices/dspm017_dsp2013_20.lat.gz´.
2020-08-15 11:13:46,346 decode: Utterance `dspm017_dsp2013_20´ -- 2 of job 112
2020-08-15 11:13:53,908 __iter__: Reading lattice file `/tmp/55088734/lattices/dspm024_dsp2013_12.lat.gz´.
2020-08-15 11:13:54,135 decode: Utterance `dspm024_dsp2013_12´ -- 3 of job 112
2020-08-15 11:14:00,951 __iter__: Reading lattice file `/tmp/55088734/lattices/dspm033_dsp2013_29.lat.gz´.
2020-08-15 11:14:01,196 decode: Utterance `dspm033_dsp2013_29´ -- 4 of job 112
2020-08-15 11:14:06,634 __iter__: Reading lattice file `/tmp/55088734/lattices/dspm043_dsp2013_19.lat.gz´.
2020-08-15 11:14:06,655 decode: Utterance `dspm043_dsp2013_19´ -- 5 of job 112
2020-08-15 11:14:06,926 __iter__: Reading lattice file `/tmp/55088734/lattices/dspm052_dsp2013_14.lat.gz´.
2020-08-15 11:14:07,091 decode: Utterance `dspm052_dsp2013_14´ -- 6 of job 112
2020-08-15 11:14:12,930 __iter__: Reading lattice file `/tmp/55088734/lattices/radiojake_kbk20120915_17.lat.gz´.
2020-08-15 11:14:14,440 decode: Utterance `radiojake_kbk20120915_17´ -- 7 of job 112
/scratch/work/groszt1/envs/theanoLM/lib/python3.7/site-packages/theano/gpuarray/dnn.py:184: UserWarning: Your cuDNN version is more recent than Theano. If you encounter problems, try updating Theano or downgrading cuDNN to a version >= v5 and <= v7.
  warnings.warn("Your cuDNN version is more recent than "
Using cuDNN version 7600 on context None
Mapped name None to device cuda0: Tesla P100-PCIE-16GB (0000:83:00.0)
/scratch/work/groszt1/envs/theanoLM/lib/python3.7/site-packages/h5py-2.9.0-py3.7-linux-x86_64.egg/h5py/_hl/dataset.py:313: H5pyDeprecationWarning: dataset.value has been deprecated. Use dataset[()] instead.
  "Use dataset[()] instead.", H5pyDeprecationWarning)
/scratch/work/groszt1/envs/theanoLM/lib/python3.7/site-packages/h5py-2.9.0-py3.7-linux-x86_64.egg/h5py/_hl/dataset.py:313: H5pyDeprecationWarning: dataset.value has been deprecated. Use dataset[()] instead.
  "Use dataset[()] instead.", H5pyDeprecationWarning)
decode_theanolm finished.
decode devel finished.
