Experiment: theanolm-morph-42k/expt2-sampled
Job ID: 55103577
Task ID: 43
Host: gpu27.int.triton.aalto.fi
Start date: Mon Aug 17 17:25:32 EEST 2020
Work directory: /scratch/work/moisioa3/conv_lm/experiments/theanolm-morph-42k/expt2-sampled
Temporary directory: /tmp/55103577

Currently Loaded Modules:
  1) speech-scripts/2016.05.24-b928230   6) binutils/2.25-GCCcore-5.4.0
  2) srilm/default                       7) GCC/5.4.0-2.25
  3) cuda/10.0.130                       8) libgpuarray/2017.03.29-45c731f
  4) cudnn/7.4.2-cuda                    9) anaconda3/latest
  5) GCCcore/5.4.0

 

/tmp/55103577/lattices
floatX=float32,device=cuda0,base_compiledir=/tmp/theano,exception_verbosity=high,openmp=False
/scratch/work/groszt1/envs/theanoLM/lib/python3.7/site-packages/theano/gpuarray/dnn.py:184: UserWarning: Your cuDNN version is more recent than Theano. If you encounter problems, try updating Theano or downgrading cuDNN to a version >= v5 and <= v7.
  warnings.warn("Your cuDNN version is more recent than "
Using cuDNN version 7600 on context None
Mapped name None to device cuda0: Tesla P100-PCIE-16GB (0000:03:00.0)
TheanoLM 1.3.2
Theano 1.0.4
pygpu 0.7.6
==
+ srun --gres=gpu:1 theanolm decode /scratch/work/moisioa3/conv_lm/experiments/theanolm-morph-42k/expt2-sampled/nnlm.h5 --lattice-list /tmp/55103577/lattices/lattice-list --output-file /scratch/work/moisioa3/conv_lm/experiments/theanolm-morph-42k/expt2-sampled/decode/eval/lambda=0.5-lms=10/43.trn --output trn --nnlm-weight 0.5 --lm-scale 10 --max-tokens-per-node 62 --beam 650 --recombination-order 22 --num-jobs 128 --job 43 --unk-penalty=-20
2020-08-17 17:25:42,149 get_default_device: Context None device="Tesla P100-PCIE-16GB" ID="0000:03:00.0"
2020-08-17 17:25:42,150 from_file: Reading vocabulary from network state.
2020-08-17 17:25:42,428 from_file: Number of words in vocabulary: 42699
2020-08-17 17:25:42,428 from_file: Number of words in shortlist: 42699
2020-08-17 17:25:42,429 from_file: Number of word classes: 42699
2020-08-17 17:25:42,429 from_file: Building neural network.
/scratch/work/groszt1/envs/theanoLM/lib/python3.7/site-packages/theano/gpuarray/dnn.py:184: UserWarning: Your cuDNN version is more recent than Theano. If you encounter problems, try updating Theano or downgrading cuDNN to a version >= v5 and <= v7.
  warnings.warn("Your cuDNN version is more recent than "
Using cuDNN version 7600 on context None
Mapped name None to device cuda0: Tesla P100-PCIE-16GB (0000:03:00.0)
/scratch/work/groszt1/envs/theanoLM/lib/python3.7/site-packages/h5py-2.9.0-py3.7-linux-x86_64.egg/h5py/_hl/dataset.py:313: H5pyDeprecationWarning: dataset.value has been deprecated. Use dataset[()] instead.
  "Use dataset[()] instead.", H5pyDeprecationWarning)
INFO (theano.gof.compilelock): Waiting for existing lock by process '23275' (I am process '23251')
2020-08-17 17:26:43,960 lock: Waiting for existing lock by process '23275' (I am process '23251')
INFO (theano.gof.compilelock): To manually release the lock, delete /tmp/theano/compiledir_Linux-3.10-el7.x86_64-x86_64-with-centos-7.8.2003-Core-x86_64-3.7.3-64/lock_dir
2020-08-17 17:26:43,961 lock: To manually release the lock, delete /tmp/theano/compiledir_Linux-3.10-el7.x86_64-x86_64-with-centos-7.8.2003-Core-x86_64-3.7.3-64/lock_dir
2020-08-17 17:26:51,660 from_file: Restoring neural network state.
2020-08-17 17:26:51,973 decode: Building word lattice decoder.
2020-08-17 17:26:58,604 __iter__: Reading lattice file `/tmp/55103577/lattices/dspm003_dsp2013_07.lat.gz´.
2020-08-17 17:26:58,716 decode: Utterance `dspm003_dsp2013_07´ -- 1 of job 43
2020-08-17 17:27:02,403 __iter__: Reading lattice file `/tmp/55103577/lattices/dspm041_dsp2013_09.lat.gz´.
2020-08-17 17:27:02,450 decode: Utterance `dspm041_dsp2013_09´ -- 2 of job 43
2020-08-17 17:27:03,434 __iter__: Reading lattice file `/tmp/55103577/lattices/radiohenri_aamushow20100713_57.lat.gz´.
2020-08-17 17:27:03,462 decode: Utterance `radiohenri_aamushow20100713_57´ -- 3 of job 43
2020-08-17 17:27:04,161 __iter__: Reading lattice file `/tmp/55103577/lattices/radioporni_puhujainkulma20120930_3.lat.gz´.
2020-08-17 17:27:04,328 decode: Utterance `radioporni_puhujainkulma20120930_3´ -- 4 of job 43
/scratch/work/groszt1/envs/theanoLM/lib/python3.7/site-packages/h5py-2.9.0-py3.7-linux-x86_64.egg/h5py/_hl/dataset.py:313: H5pyDeprecationWarning: dataset.value has been deprecated. Use dataset[()] instead.
  "Use dataset[()] instead.", H5pyDeprecationWarning)
decode_theanolm finished.
/tmp/55103577/lattices
floatX=float32,device=cuda0,base_compiledir=/tmp/theano,exception_verbosity=high,openmp=False
/scratch/work/groszt1/envs/theanoLM/lib/python3.7/site-packages/theano/gpuarray/dnn.py:184: UserWarning: Your cuDNN version is more recent than Theano. If you encounter problems, try updating Theano or downgrading cuDNN to a version >= v5 and <= v7.
  warnings.warn("Your cuDNN version is more recent than "
Using cuDNN version 7600 on context None
Mapped name None to device cuda0: Tesla P100-PCIE-16GB (0000:03:00.0)
TheanoLM 1.3.2
Theano 1.0.4
pygpu 0.7.6
==
+ srun --gres=gpu:1 theanolm decode /scratch/work/moisioa3/conv_lm/experiments/theanolm-morph-42k/expt2-sampled/nnlm.h5 --lattice-list /tmp/55103577/lattices/lattice-list --output-file /scratch/work/moisioa3/conv_lm/experiments/theanolm-morph-42k/expt2-sampled/decode/eval/lambda=1.0-lms=10/43.trn --output trn --nnlm-weight 1.0 --lm-scale 10 --max-tokens-per-node 62 --beam 650 --recombination-order 22 --num-jobs 128 --job 43 --unk-penalty=-20
2020-08-17 17:27:17,243 get_default_device: Context None device="Tesla P100-PCIE-16GB" ID="0000:03:00.0"
2020-08-17 17:27:17,245 from_file: Reading vocabulary from network state.
2020-08-17 17:27:17,519 from_file: Number of words in vocabulary: 42699
2020-08-17 17:27:17,519 from_file: Number of words in shortlist: 42699
2020-08-17 17:27:17,520 from_file: Number of word classes: 42699
2020-08-17 17:27:17,520 from_file: Building neural network.
2020-08-17 17:28:00,348 from_file: Restoring neural network state.
2020-08-17 17:28:00,686 decode: Building word lattice decoder.
2020-08-17 17:28:05,746 __iter__: Reading lattice file `/tmp/55103577/lattices/dspm003_dsp2013_07.lat.gz´.
2020-08-17 17:28:05,861 decode: Utterance `dspm003_dsp2013_07´ -- 1 of job 43
2020-08-17 17:28:08,835 __iter__: Reading lattice file `/tmp/55103577/lattices/dspm041_dsp2013_09.lat.gz´.
2020-08-17 17:28:08,881 decode: Utterance `dspm041_dsp2013_09´ -- 2 of job 43
2020-08-17 17:28:09,827 __iter__: Reading lattice file `/tmp/55103577/lattices/radiohenri_aamushow20100713_57.lat.gz´.
2020-08-17 17:28:09,857 decode: Utterance `radiohenri_aamushow20100713_57´ -- 3 of job 43
2020-08-17 17:28:10,400 __iter__: Reading lattice file `/tmp/55103577/lattices/radioporni_puhujainkulma20120930_3.lat.gz´.
2020-08-17 17:28:10,580 decode: Utterance `radioporni_puhujainkulma20120930_3´ -- 4 of job 43
/scratch/work/groszt1/envs/theanoLM/lib/python3.7/site-packages/theano/gpuarray/dnn.py:184: UserWarning: Your cuDNN version is more recent than Theano. If you encounter problems, try updating Theano or downgrading cuDNN to a version >= v5 and <= v7.
  warnings.warn("Your cuDNN version is more recent than "
Using cuDNN version 7600 on context None
Mapped name None to device cuda0: Tesla P100-PCIE-16GB (0000:03:00.0)
/scratch/work/groszt1/envs/theanoLM/lib/python3.7/site-packages/h5py-2.9.0-py3.7-linux-x86_64.egg/h5py/_hl/dataset.py:313: H5pyDeprecationWarning: dataset.value has been deprecated. Use dataset[()] instead.
  "Use dataset[()] instead.", H5pyDeprecationWarning)
/scratch/work/groszt1/envs/theanoLM/lib/python3.7/site-packages/h5py-2.9.0-py3.7-linux-x86_64.egg/h5py/_hl/dataset.py:313: H5pyDeprecationWarning: dataset.value has been deprecated. Use dataset[()] instead.
  "Use dataset[()] instead.", H5pyDeprecationWarning)
decode_theanolm finished.
decode eval finished.
