Experiment: theanolm-morph-42k/expt2-sampled
Job ID: 55088645
Task ID: 94
Host: gpu25.int.triton.aalto.fi
Start date: Sat Aug 15 10:29:23 EEST 2020
Work directory: /scratch/work/moisioa3/conv_lm/experiments/theanolm-morph-42k/expt2-sampled
Temporary directory: /tmp/55088645

Currently Loaded Modules:
  1) speech-scripts/2016.05.24-b928230   6) binutils/2.25-GCCcore-5.4.0
  2) srilm/default                       7) GCC/5.4.0-2.25
  3) cuda/10.0.130                       8) libgpuarray/2017.03.29-45c731f
  4) cudnn/7.4.2-cuda                    9) anaconda3/latest
  5) GCCcore/5.4.0

 

/tmp/55088645/lattices
floatX=float32,device=cuda0,base_compiledir=/tmp/theano,exception_verbosity=high,openmp=False
/scratch/work/groszt1/envs/theanoLM/lib/python3.7/site-packages/theano/gpuarray/dnn.py:184: UserWarning: Your cuDNN version is more recent than Theano. If you encounter problems, try updating Theano or downgrading cuDNN to a version >= v5 and <= v7.
  warnings.warn("Your cuDNN version is more recent than "
Using cuDNN version 7600 on context None
Mapped name None to device cuda0: Tesla P100-PCIE-16GB (0000:83:00.0)
TheanoLM 1.3.2
Theano 1.0.4
pygpu 0.7.6
==
+ srun --gres=gpu:1 theanolm decode /scratch/work/moisioa3/conv_lm/experiments/theanolm-morph-42k/expt2-sampled/nnlm.h5 --lattice-list /tmp/55088645/lattices/lattice-list --output-file /scratch/work/moisioa3/conv_lm/experiments/theanolm-morph-42k/expt2-sampled/decode/devel/lambda=0.5-lms=8/94.trn --output trn --nnlm-weight 0.5 --lm-scale 8 --max-tokens-per-node 62 --beam 650 --recombination-order 22 --num-jobs 128 --job 94 --unk-penalty=-20
2020-08-15 10:29:45,764 get_default_device: Context None device="Tesla P100-PCIE-16GB" ID="0000:83:00.0"
2020-08-15 10:29:45,765 from_file: Reading vocabulary from network state.
2020-08-15 10:29:46,027 from_file: Number of words in vocabulary: 42699
2020-08-15 10:29:46,028 from_file: Number of words in shortlist: 42699
2020-08-15 10:29:46,028 from_file: Number of word classes: 42699
2020-08-15 10:29:46,028 from_file: Building neural network.
2020-08-15 10:30:29,908 from_file: Restoring neural network state.
2020-08-15 10:30:30,300 decode: Building word lattice decoder.
2020-08-15 10:30:36,234 __iter__: Reading lattice file `/tmp/55088645/lattices/dspm005_dsp2013_15.lat.gz´.
2020-08-15 10:30:37,296 decode: Utterance `dspm005_dsp2013_15´ -- 1 of job 94
2020-08-15 10:30:56,599 __iter__: Reading lattice file `/tmp/55088645/lattices/dspm015_dsp2013_09.lat.gz´.
2020-08-15 10:30:56,818 decode: Utterance `dspm015_dsp2013_09´ -- 2 of job 94
2020-08-15 10:31:02,510 __iter__: Reading lattice file `/tmp/55088645/lattices/dspm022_dsp2013_28.lat.gz´.
2020-08-15 10:31:05,634 decode: Utterance `dspm022_dsp2013_28´ -- 3 of job 94
2020-08-15 10:33:03,915 __iter__: Reading lattice file `/tmp/55088645/lattices/dspm032_dsp2013_16.lat.gz´.
2020-08-15 10:33:04,799 decode: Utterance `dspm032_dsp2013_16´ -- 4 of job 94
2020-08-15 10:33:39,362 __iter__: Reading lattice file `/tmp/55088645/lattices/dspm042_dsp2013_18.lat.gz´.
2020-08-15 10:33:39,530 decode: Utterance `dspm042_dsp2013_18´ -- 5 of job 94
2020-08-15 10:33:46,029 __iter__: Reading lattice file `/tmp/55088645/lattices/dspm050_dsp2013_28.lat.gz´.
2020-08-15 10:33:46,174 decode: Utterance `dspm050_dsp2013_28´ -- 6 of job 94
2020-08-15 10:33:49,895 __iter__: Reading lattice file `/tmp/55088645/lattices/dspm058_dsp2013_25.lat.gz´.
2020-08-15 10:33:50,546 decode: Utterance `dspm058_dsp2013_25´ -- 7 of job 94
/scratch/work/groszt1/envs/theanoLM/lib/python3.7/site-packages/theano/gpuarray/dnn.py:184: UserWarning: Your cuDNN version is more recent than Theano. If you encounter problems, try updating Theano or downgrading cuDNN to a version >= v5 and <= v7.
  warnings.warn("Your cuDNN version is more recent than "
Using cuDNN version 7600 on context None
Mapped name None to device cuda0: Tesla P100-PCIE-16GB (0000:83:00.0)
/scratch/work/groszt1/envs/theanoLM/lib/python3.7/site-packages/h5py-2.9.0-py3.7-linux-x86_64.egg/h5py/_hl/dataset.py:313: H5pyDeprecationWarning: dataset.value has been deprecated. Use dataset[()] instead.
  "Use dataset[()] instead.", H5pyDeprecationWarning)
/scratch/work/groszt1/envs/theanoLM/lib/python3.7/site-packages/h5py-2.9.0-py3.7-linux-x86_64.egg/h5py/_hl/dataset.py:313: H5pyDeprecationWarning: dataset.value has been deprecated. Use dataset[()] instead.
  "Use dataset[()] instead.", H5pyDeprecationWarning)
decode_theanolm finished.
/tmp/55088645/lattices
floatX=float32,device=cuda0,base_compiledir=/tmp/theano,exception_verbosity=high,openmp=False
/scratch/work/groszt1/envs/theanoLM/lib/python3.7/site-packages/theano/gpuarray/dnn.py:184: UserWarning: Your cuDNN version is more recent than Theano. If you encounter problems, try updating Theano or downgrading cuDNN to a version >= v5 and <= v7.
  warnings.warn("Your cuDNN version is more recent than "
Using cuDNN version 7600 on context None
Mapped name None to device cuda0: Tesla P100-PCIE-16GB (0000:83:00.0)
TheanoLM 1.3.2
Theano 1.0.4
pygpu 0.7.6
==
+ srun --gres=gpu:1 theanolm decode /scratch/work/moisioa3/conv_lm/experiments/theanolm-morph-42k/expt2-sampled/nnlm.h5 --lattice-list /tmp/55088645/lattices/lattice-list --output-file /scratch/work/moisioa3/conv_lm/experiments/theanolm-morph-42k/expt2-sampled/decode/devel/lambda=0.5-lms=9/94.trn --output trn --nnlm-weight 0.5 --lm-scale 9 --max-tokens-per-node 62 --beam 650 --recombination-order 22 --num-jobs 128 --job 94 --unk-penalty=-20
2020-08-15 10:34:24,353 get_default_device: Context None device="Tesla P100-PCIE-16GB" ID="0000:83:00.0"
2020-08-15 10:34:24,354 from_file: Reading vocabulary from network state.
2020-08-15 10:34:24,624 from_file: Number of words in vocabulary: 42699
2020-08-15 10:34:24,624 from_file: Number of words in shortlist: 42699
2020-08-15 10:34:24,624 from_file: Number of word classes: 42699
2020-08-15 10:34:24,624 from_file: Building neural network.
2020-08-15 10:35:10,653 from_file: Restoring neural network state.
2020-08-15 10:35:11,011 decode: Building word lattice decoder.
2020-08-15 10:35:17,120 __iter__: Reading lattice file `/tmp/55088645/lattices/dspm005_dsp2013_15.lat.gz´.
2020-08-15 10:35:18,089 decode: Utterance `dspm005_dsp2013_15´ -- 1 of job 94
2020-08-15 10:35:36,631 __iter__: Reading lattice file `/tmp/55088645/lattices/dspm015_dsp2013_09.lat.gz´.
2020-08-15 10:35:36,871 decode: Utterance `dspm015_dsp2013_09´ -- 2 of job 94
2020-08-15 10:35:42,334 __iter__: Reading lattice file `/tmp/55088645/lattices/dspm022_dsp2013_28.lat.gz´.
2020-08-15 10:35:45,555 decode: Utterance `dspm022_dsp2013_28´ -- 3 of job 94
2020-08-15 10:37:49,924 __iter__: Reading lattice file `/tmp/55088645/lattices/dspm032_dsp2013_16.lat.gz´.
2020-08-15 10:37:50,817 decode: Utterance `dspm032_dsp2013_16´ -- 4 of job 94
2020-08-15 10:38:22,822 __iter__: Reading lattice file `/tmp/55088645/lattices/dspm042_dsp2013_18.lat.gz´.
2020-08-15 10:38:22,993 decode: Utterance `dspm042_dsp2013_18´ -- 5 of job 94
2020-08-15 10:38:29,413 __iter__: Reading lattice file `/tmp/55088645/lattices/dspm050_dsp2013_28.lat.gz´.
2020-08-15 10:38:29,561 decode: Utterance `dspm050_dsp2013_28´ -- 6 of job 94
2020-08-15 10:38:33,330 __iter__: Reading lattice file `/tmp/55088645/lattices/dspm058_dsp2013_25.lat.gz´.
2020-08-15 10:38:34,016 decode: Utterance `dspm058_dsp2013_25´ -- 7 of job 94
/scratch/work/groszt1/envs/theanoLM/lib/python3.7/site-packages/theano/gpuarray/dnn.py:184: UserWarning: Your cuDNN version is more recent than Theano. If you encounter problems, try updating Theano or downgrading cuDNN to a version >= v5 and <= v7.
  warnings.warn("Your cuDNN version is more recent than "
Using cuDNN version 7600 on context None
Mapped name None to device cuda0: Tesla P100-PCIE-16GB (0000:83:00.0)
/scratch/work/groszt1/envs/theanoLM/lib/python3.7/site-packages/h5py-2.9.0-py3.7-linux-x86_64.egg/h5py/_hl/dataset.py:313: H5pyDeprecationWarning: dataset.value has been deprecated. Use dataset[()] instead.
  "Use dataset[()] instead.", H5pyDeprecationWarning)
/scratch/work/groszt1/envs/theanoLM/lib/python3.7/site-packages/h5py-2.9.0-py3.7-linux-x86_64.egg/h5py/_hl/dataset.py:313: H5pyDeprecationWarning: dataset.value has been deprecated. Use dataset[()] instead.
  "Use dataset[()] instead.", H5pyDeprecationWarning)
decode_theanolm finished.
/tmp/55088645/lattices
floatX=float32,device=cuda0,base_compiledir=/tmp/theano,exception_verbosity=high,openmp=False
/scratch/work/groszt1/envs/theanoLM/lib/python3.7/site-packages/theano/gpuarray/dnn.py:184: UserWarning: Your cuDNN version is more recent than Theano. If you encounter problems, try updating Theano or downgrading cuDNN to a version >= v5 and <= v7.
  warnings.warn("Your cuDNN version is more recent than "
Using cuDNN version 7600 on context None
Mapped name None to device cuda0: Tesla P100-PCIE-16GB (0000:83:00.0)
TheanoLM 1.3.2
Theano 1.0.4
pygpu 0.7.6
==
+ srun --gres=gpu:1 theanolm decode /scratch/work/moisioa3/conv_lm/experiments/theanolm-morph-42k/expt2-sampled/nnlm.h5 --lattice-list /tmp/55088645/lattices/lattice-list --output-file /scratch/work/moisioa3/conv_lm/experiments/theanolm-morph-42k/expt2-sampled/decode/devel/lambda=0.5-lms=10/94.trn --output trn --nnlm-weight 0.5 --lm-scale 10 --max-tokens-per-node 62 --beam 650 --recombination-order 22 --num-jobs 128 --job 94 --unk-penalty=-20
INFO (theano.gof.compilelock): Waiting for existing lock by process '11108' (I am process '11275')
INFO (theano.gof.compilelock): To manually release the lock, delete /tmp/theano/compiledir_Linux-3.10-el7.x86_64-x86_64-with-centos-7.8.2003-Core-x86_64-3.7.3-64/lock_dir
2020-08-15 10:39:16,319 get_default_device: Context None device="Tesla P100-PCIE-16GB" ID="0000:83:00.0"
2020-08-15 10:39:16,321 from_file: Reading vocabulary from network state.
2020-08-15 10:39:16,599 from_file: Number of words in vocabulary: 42699
2020-08-15 10:39:16,599 from_file: Number of words in shortlist: 42699
2020-08-15 10:39:16,600 from_file: Number of word classes: 42699
2020-08-15 10:39:16,600 from_file: Building neural network.
2020-08-15 10:40:01,451 from_file: Restoring neural network state.
2020-08-15 10:40:01,825 decode: Building word lattice decoder.
2020-08-15 10:40:07,034 __iter__: Reading lattice file `/tmp/55088645/lattices/dspm005_dsp2013_15.lat.gz´.
2020-08-15 10:40:07,932 decode: Utterance `dspm005_dsp2013_15´ -- 1 of job 94
2020-08-15 10:40:26,799 __iter__: Reading lattice file `/tmp/55088645/lattices/dspm015_dsp2013_09.lat.gz´.
2020-08-15 10:40:27,042 decode: Utterance `dspm015_dsp2013_09´ -- 2 of job 94
2020-08-15 10:40:33,188 __iter__: Reading lattice file `/tmp/55088645/lattices/dspm022_dsp2013_28.lat.gz´.
2020-08-15 10:40:36,421 decode: Utterance `dspm022_dsp2013_28´ -- 3 of job 94
2020-08-15 10:42:46,850 __iter__: Reading lattice file `/tmp/55088645/lattices/dspm032_dsp2013_16.lat.gz´.
2020-08-15 10:42:47,736 decode: Utterance `dspm032_dsp2013_16´ -- 4 of job 94
2020-08-15 10:43:21,150 __iter__: Reading lattice file `/tmp/55088645/lattices/dspm042_dsp2013_18.lat.gz´.
2020-08-15 10:43:21,322 decode: Utterance `dspm042_dsp2013_18´ -- 5 of job 94
2020-08-15 10:43:27,945 __iter__: Reading lattice file `/tmp/55088645/lattices/dspm050_dsp2013_28.lat.gz´.
2020-08-15 10:43:28,089 decode: Utterance `dspm050_dsp2013_28´ -- 6 of job 94
2020-08-15 10:43:31,889 __iter__: Reading lattice file `/tmp/55088645/lattices/dspm058_dsp2013_25.lat.gz´.
2020-08-15 10:43:32,567 decode: Utterance `dspm058_dsp2013_25´ -- 7 of job 94
/scratch/work/groszt1/envs/theanoLM/lib/python3.7/site-packages/theano/gpuarray/dnn.py:184: UserWarning: Your cuDNN version is more recent than Theano. If you encounter problems, try updating Theano or downgrading cuDNN to a version >= v5 and <= v7.
  warnings.warn("Your cuDNN version is more recent than "
Using cuDNN version 7600 on context None
Mapped name None to device cuda0: Tesla P100-PCIE-16GB (0000:83:00.0)
/scratch/work/groszt1/envs/theanoLM/lib/python3.7/site-packages/h5py-2.9.0-py3.7-linux-x86_64.egg/h5py/_hl/dataset.py:313: H5pyDeprecationWarning: dataset.value has been deprecated. Use dataset[()] instead.
  "Use dataset[()] instead.", H5pyDeprecationWarning)
/scratch/work/groszt1/envs/theanoLM/lib/python3.7/site-packages/h5py-2.9.0-py3.7-linux-x86_64.egg/h5py/_hl/dataset.py:313: H5pyDeprecationWarning: dataset.value has been deprecated. Use dataset[()] instead.
  "Use dataset[()] instead.", H5pyDeprecationWarning)
decode_theanolm finished.
/tmp/55088645/lattices
floatX=float32,device=cuda0,base_compiledir=/tmp/theano,exception_verbosity=high,openmp=False
/scratch/work/groszt1/envs/theanoLM/lib/python3.7/site-packages/theano/gpuarray/dnn.py:184: UserWarning: Your cuDNN version is more recent than Theano. If you encounter problems, try updating Theano or downgrading cuDNN to a version >= v5 and <= v7.
  warnings.warn("Your cuDNN version is more recent than "
Using cuDNN version 7600 on context None
Mapped name None to device cuda0: Tesla P100-PCIE-16GB (0000:83:00.0)
TheanoLM 1.3.2
Theano 1.0.4
pygpu 0.7.6
==
+ srun --gres=gpu:1 theanolm decode /scratch/work/moisioa3/conv_lm/experiments/theanolm-morph-42k/expt2-sampled/nnlm.h5 --lattice-list /tmp/55088645/lattices/lattice-list --output-file /scratch/work/moisioa3/conv_lm/experiments/theanolm-morph-42k/expt2-sampled/decode/devel/lambda=0.5-lms=11/94.trn --output trn --nnlm-weight 0.5 --lm-scale 11 --max-tokens-per-node 62 --beam 650 --recombination-order 22 --num-jobs 128 --job 94 --unk-penalty=-20
2020-08-15 10:43:58,600 get_default_device: Context None device="Tesla P100-PCIE-16GB" ID="0000:83:00.0"
2020-08-15 10:43:58,602 from_file: Reading vocabulary from network state.
2020-08-15 10:43:58,881 from_file: Number of words in vocabulary: 42699
2020-08-15 10:43:58,881 from_file: Number of words in shortlist: 42699
2020-08-15 10:43:58,881 from_file: Number of word classes: 42699
2020-08-15 10:43:58,881 from_file: Building neural network.
2020-08-15 10:44:52,445 from_file: Restoring neural network state.
2020-08-15 10:44:52,801 decode: Building word lattice decoder.
2020-08-15 10:44:58,615 __iter__: Reading lattice file `/tmp/55088645/lattices/dspm005_dsp2013_15.lat.gz´.
2020-08-15 10:44:59,634 decode: Utterance `dspm005_dsp2013_15´ -- 1 of job 94
2020-08-15 10:45:17,187 __iter__: Reading lattice file `/tmp/55088645/lattices/dspm015_dsp2013_09.lat.gz´.
2020-08-15 10:45:17,416 decode: Utterance `dspm015_dsp2013_09´ -- 2 of job 94
2020-08-15 10:45:23,166 __iter__: Reading lattice file `/tmp/55088645/lattices/dspm022_dsp2013_28.lat.gz´.
2020-08-15 10:45:26,316 decode: Utterance `dspm022_dsp2013_28´ -- 3 of job 94
2020-08-15 10:47:42,018 __iter__: Reading lattice file `/tmp/55088645/lattices/dspm032_dsp2013_16.lat.gz´.
2020-08-15 10:47:42,921 decode: Utterance `dspm032_dsp2013_16´ -- 4 of job 94
2020-08-15 10:48:18,614 __iter__: Reading lattice file `/tmp/55088645/lattices/dspm042_dsp2013_18.lat.gz´.
2020-08-15 10:48:18,778 decode: Utterance `dspm042_dsp2013_18´ -- 5 of job 94
2020-08-15 10:48:25,106 __iter__: Reading lattice file `/tmp/55088645/lattices/dspm050_dsp2013_28.lat.gz´.
2020-08-15 10:48:25,243 decode: Utterance `dspm050_dsp2013_28´ -- 6 of job 94
2020-08-15 10:48:28,869 __iter__: Reading lattice file `/tmp/55088645/lattices/dspm058_dsp2013_25.lat.gz´.
2020-08-15 10:48:29,494 decode: Utterance `dspm058_dsp2013_25´ -- 7 of job 94
/scratch/work/groszt1/envs/theanoLM/lib/python3.7/site-packages/theano/gpuarray/dnn.py:184: UserWarning: Your cuDNN version is more recent than Theano. If you encounter problems, try updating Theano or downgrading cuDNN to a version >= v5 and <= v7.
  warnings.warn("Your cuDNN version is more recent than "
Using cuDNN version 7600 on context None
Mapped name None to device cuda0: Tesla P100-PCIE-16GB (0000:83:00.0)
/scratch/work/groszt1/envs/theanoLM/lib/python3.7/site-packages/h5py-2.9.0-py3.7-linux-x86_64.egg/h5py/_hl/dataset.py:313: H5pyDeprecationWarning: dataset.value has been deprecated. Use dataset[()] instead.
  "Use dataset[()] instead.", H5pyDeprecationWarning)
/scratch/work/groszt1/envs/theanoLM/lib/python3.7/site-packages/h5py-2.9.0-py3.7-linux-x86_64.egg/h5py/_hl/dataset.py:313: H5pyDeprecationWarning: dataset.value has been deprecated. Use dataset[()] instead.
  "Use dataset[()] instead.", H5pyDeprecationWarning)
decode_theanolm finished.
/tmp/55088645/lattices
floatX=float32,device=cuda0,base_compiledir=/tmp/theano,exception_verbosity=high,openmp=False
/scratch/work/groszt1/envs/theanoLM/lib/python3.7/site-packages/theano/gpuarray/dnn.py:184: UserWarning: Your cuDNN version is more recent than Theano. If you encounter problems, try updating Theano or downgrading cuDNN to a version >= v5 and <= v7.
  warnings.warn("Your cuDNN version is more recent than "
Using cuDNN version 7600 on context None
Mapped name None to device cuda0: Tesla P100-PCIE-16GB (0000:83:00.0)
TheanoLM 1.3.2
Theano 1.0.4
pygpu 0.7.6
==
+ srun --gres=gpu:1 theanolm decode /scratch/work/moisioa3/conv_lm/experiments/theanolm-morph-42k/expt2-sampled/nnlm.h5 --lattice-list /tmp/55088645/lattices/lattice-list --output-file /scratch/work/moisioa3/conv_lm/experiments/theanolm-morph-42k/expt2-sampled/decode/devel/lambda=0.5-lms=12/94.trn --output trn --nnlm-weight 0.5 --lm-scale 12 --max-tokens-per-node 62 --beam 650 --recombination-order 22 --num-jobs 128 --job 94 --unk-penalty=-20
2020-08-15 10:48:55,428 get_default_device: Context None device="Tesla P100-PCIE-16GB" ID="0000:83:00.0"
2020-08-15 10:48:55,429 from_file: Reading vocabulary from network state.
2020-08-15 10:48:55,691 from_file: Number of words in vocabulary: 42699
2020-08-15 10:48:55,691 from_file: Number of words in shortlist: 42699
2020-08-15 10:48:55,691 from_file: Number of word classes: 42699
2020-08-15 10:48:55,691 from_file: Building neural network.
2020-08-15 10:49:45,846 from_file: Restoring neural network state.
2020-08-15 10:49:46,191 decode: Building word lattice decoder.
2020-08-15 10:49:51,604 __iter__: Reading lattice file `/tmp/55088645/lattices/dspm005_dsp2013_15.lat.gz´.
2020-08-15 10:49:52,481 decode: Utterance `dspm005_dsp2013_15´ -- 1 of job 94
2020-08-15 10:50:10,069 __iter__: Reading lattice file `/tmp/55088645/lattices/dspm015_dsp2013_09.lat.gz´.
2020-08-15 10:50:10,297 decode: Utterance `dspm015_dsp2013_09´ -- 2 of job 94
2020-08-15 10:50:16,073 __iter__: Reading lattice file `/tmp/55088645/lattices/dspm022_dsp2013_28.lat.gz´.
2020-08-15 10:50:19,133 decode: Utterance `dspm022_dsp2013_28´ -- 3 of job 94
2020-08-15 10:52:42,137 __iter__: Reading lattice file `/tmp/55088645/lattices/dspm032_dsp2013_16.lat.gz´.
2020-08-15 10:52:43,024 decode: Utterance `dspm032_dsp2013_16´ -- 4 of job 94
2020-08-15 10:53:19,947 __iter__: Reading lattice file `/tmp/55088645/lattices/dspm042_dsp2013_18.lat.gz´.
2020-08-15 10:53:20,112 decode: Utterance `dspm042_dsp2013_18´ -- 5 of job 94
2020-08-15 10:53:26,755 __iter__: Reading lattice file `/tmp/55088645/lattices/dspm050_dsp2013_28.lat.gz´.
2020-08-15 10:53:26,905 decode: Utterance `dspm050_dsp2013_28´ -- 6 of job 94
2020-08-15 10:53:30,638 __iter__: Reading lattice file `/tmp/55088645/lattices/dspm058_dsp2013_25.lat.gz´.
2020-08-15 10:53:31,265 decode: Utterance `dspm058_dsp2013_25´ -- 7 of job 94
/scratch/work/groszt1/envs/theanoLM/lib/python3.7/site-packages/theano/gpuarray/dnn.py:184: UserWarning: Your cuDNN version is more recent than Theano. If you encounter problems, try updating Theano or downgrading cuDNN to a version >= v5 and <= v7.
  warnings.warn("Your cuDNN version is more recent than "
Using cuDNN version 7600 on context None
Mapped name None to device cuda0: Tesla P100-PCIE-16GB (0000:83:00.0)
/scratch/work/groszt1/envs/theanoLM/lib/python3.7/site-packages/h5py-2.9.0-py3.7-linux-x86_64.egg/h5py/_hl/dataset.py:313: H5pyDeprecationWarning: dataset.value has been deprecated. Use dataset[()] instead.
  "Use dataset[()] instead.", H5pyDeprecationWarning)
/scratch/work/groszt1/envs/theanoLM/lib/python3.7/site-packages/h5py-2.9.0-py3.7-linux-x86_64.egg/h5py/_hl/dataset.py:313: H5pyDeprecationWarning: dataset.value has been deprecated. Use dataset[()] instead.
  "Use dataset[()] instead.", H5pyDeprecationWarning)
decode_theanolm finished.
/tmp/55088645/lattices
floatX=float32,device=cuda0,base_compiledir=/tmp/theano,exception_verbosity=high,openmp=False
/scratch/work/groszt1/envs/theanoLM/lib/python3.7/site-packages/theano/gpuarray/dnn.py:184: UserWarning: Your cuDNN version is more recent than Theano. If you encounter problems, try updating Theano or downgrading cuDNN to a version >= v5 and <= v7.
  warnings.warn("Your cuDNN version is more recent than "
Using cuDNN version 7600 on context None
Mapped name None to device cuda0: Tesla P100-PCIE-16GB (0000:83:00.0)
TheanoLM 1.3.2
Theano 1.0.4
pygpu 0.7.6
==
+ srun --gres=gpu:1 theanolm decode /scratch/work/moisioa3/conv_lm/experiments/theanolm-morph-42k/expt2-sampled/nnlm.h5 --lattice-list /tmp/55088645/lattices/lattice-list --output-file /scratch/work/moisioa3/conv_lm/experiments/theanolm-morph-42k/expt2-sampled/decode/devel/lambda=1.0-lms=8/94.trn --output trn --nnlm-weight 1.0 --lm-scale 8 --max-tokens-per-node 62 --beam 650 --recombination-order 22 --num-jobs 128 --job 94 --unk-penalty=-20
2020-08-15 10:53:59,605 get_default_device: Context None device="Tesla P100-PCIE-16GB" ID="0000:83:00.0"
2020-08-15 10:53:59,606 from_file: Reading vocabulary from network state.
2020-08-15 10:53:59,869 from_file: Number of words in vocabulary: 42699
2020-08-15 10:53:59,869 from_file: Number of words in shortlist: 42699
2020-08-15 10:53:59,869 from_file: Number of word classes: 42699
2020-08-15 10:53:59,869 from_file: Building neural network.
2020-08-15 10:54:46,616 from_file: Restoring neural network state.
2020-08-15 10:54:46,992 decode: Building word lattice decoder.
2020-08-15 10:54:52,294 __iter__: Reading lattice file `/tmp/55088645/lattices/dspm005_dsp2013_15.lat.gz´.
2020-08-15 10:54:53,187 decode: Utterance `dspm005_dsp2013_15´ -- 1 of job 94
2020-08-15 10:55:10,638 __iter__: Reading lattice file `/tmp/55088645/lattices/dspm015_dsp2013_09.lat.gz´.
2020-08-15 10:55:10,876 decode: Utterance `dspm015_dsp2013_09´ -- 2 of job 94
2020-08-15 10:55:16,565 __iter__: Reading lattice file `/tmp/55088645/lattices/dspm022_dsp2013_28.lat.gz´.
2020-08-15 10:55:19,787 decode: Utterance `dspm022_dsp2013_28´ -- 3 of job 94
2020-08-15 10:57:17,283 __iter__: Reading lattice file `/tmp/55088645/lattices/dspm032_dsp2013_16.lat.gz´.
2020-08-15 10:57:18,184 decode: Utterance `dspm032_dsp2013_16´ -- 4 of job 94
2020-08-15 10:57:42,274 __iter__: Reading lattice file `/tmp/55088645/lattices/dspm042_dsp2013_18.lat.gz´.
2020-08-15 10:57:42,439 decode: Utterance `dspm042_dsp2013_18´ -- 5 of job 94
2020-08-15 10:57:47,513 __iter__: Reading lattice file `/tmp/55088645/lattices/dspm050_dsp2013_28.lat.gz´.
2020-08-15 10:57:47,655 decode: Utterance `dspm050_dsp2013_28´ -- 6 of job 94
2020-08-15 10:57:50,397 __iter__: Reading lattice file `/tmp/55088645/lattices/dspm058_dsp2013_25.lat.gz´.
2020-08-15 10:57:51,047 decode: Utterance `dspm058_dsp2013_25´ -- 7 of job 94
/scratch/work/groszt1/envs/theanoLM/lib/python3.7/site-packages/theano/gpuarray/dnn.py:184: UserWarning: Your cuDNN version is more recent than Theano. If you encounter problems, try updating Theano or downgrading cuDNN to a version >= v5 and <= v7.
  warnings.warn("Your cuDNN version is more recent than "
Using cuDNN version 7600 on context None
Mapped name None to device cuda0: Tesla P100-PCIE-16GB (0000:83:00.0)
/scratch/work/groszt1/envs/theanoLM/lib/python3.7/site-packages/h5py-2.9.0-py3.7-linux-x86_64.egg/h5py/_hl/dataset.py:313: H5pyDeprecationWarning: dataset.value has been deprecated. Use dataset[()] instead.
  "Use dataset[()] instead.", H5pyDeprecationWarning)
/scratch/work/groszt1/envs/theanoLM/lib/python3.7/site-packages/h5py-2.9.0-py3.7-linux-x86_64.egg/h5py/_hl/dataset.py:313: H5pyDeprecationWarning: dataset.value has been deprecated. Use dataset[()] instead.
  "Use dataset[()] instead.", H5pyDeprecationWarning)
decode_theanolm finished.
/tmp/55088645/lattices
floatX=float32,device=cuda0,base_compiledir=/tmp/theano,exception_verbosity=high,openmp=False
/scratch/work/groszt1/envs/theanoLM/lib/python3.7/site-packages/theano/gpuarray/dnn.py:184: UserWarning: Your cuDNN version is more recent than Theano. If you encounter problems, try updating Theano or downgrading cuDNN to a version >= v5 and <= v7.
  warnings.warn("Your cuDNN version is more recent than "
Using cuDNN version 7600 on context None
Mapped name None to device cuda0: Tesla P100-PCIE-16GB (0000:83:00.0)
TheanoLM 1.3.2
Theano 1.0.4
pygpu 0.7.6
==
+ srun --gres=gpu:1 theanolm decode /scratch/work/moisioa3/conv_lm/experiments/theanolm-morph-42k/expt2-sampled/nnlm.h5 --lattice-list /tmp/55088645/lattices/lattice-list --output-file /scratch/work/moisioa3/conv_lm/experiments/theanolm-morph-42k/expt2-sampled/decode/devel/lambda=1.0-lms=9/94.trn --output trn --nnlm-weight 1.0 --lm-scale 9 --max-tokens-per-node 62 --beam 650 --recombination-order 22 --num-jobs 128 --job 94 --unk-penalty=-20
2020-08-15 10:58:12,682 get_default_device: Context None device="Tesla P100-PCIE-16GB" ID="0000:83:00.0"
2020-08-15 10:58:12,683 from_file: Reading vocabulary from network state.
2020-08-15 10:58:12,947 from_file: Number of words in vocabulary: 42699
2020-08-15 10:58:12,948 from_file: Number of words in shortlist: 42699
2020-08-15 10:58:12,948 from_file: Number of word classes: 42699
2020-08-15 10:58:12,948 from_file: Building neural network.
2020-08-15 10:59:00,315 from_file: Restoring neural network state.
2020-08-15 10:59:00,699 decode: Building word lattice decoder.
2020-08-15 10:59:06,609 __iter__: Reading lattice file `/tmp/55088645/lattices/dspm005_dsp2013_15.lat.gz´.
2020-08-15 10:59:07,536 decode: Utterance `dspm005_dsp2013_15´ -- 1 of job 94
2020-08-15 10:59:26,852 __iter__: Reading lattice file `/tmp/55088645/lattices/dspm015_dsp2013_09.lat.gz´.
2020-08-15 10:59:27,090 decode: Utterance `dspm015_dsp2013_09´ -- 2 of job 94
2020-08-15 10:59:32,676 __iter__: Reading lattice file `/tmp/55088645/lattices/dspm022_dsp2013_28.lat.gz´.
2020-08-15 10:59:35,754 decode: Utterance `dspm022_dsp2013_28´ -- 3 of job 94
2020-08-15 11:01:29,602 __iter__: Reading lattice file `/tmp/55088645/lattices/dspm032_dsp2013_16.lat.gz´.
2020-08-15 11:01:30,497 decode: Utterance `dspm032_dsp2013_16´ -- 4 of job 94
2020-08-15 11:01:57,138 __iter__: Reading lattice file `/tmp/55088645/lattices/dspm042_dsp2013_18.lat.gz´.
2020-08-15 11:01:57,302 decode: Utterance `dspm042_dsp2013_18´ -- 5 of job 94
2020-08-15 11:02:02,322 __iter__: Reading lattice file `/tmp/55088645/lattices/dspm050_dsp2013_28.lat.gz´.
2020-08-15 11:02:02,455 decode: Utterance `dspm050_dsp2013_28´ -- 6 of job 94
2020-08-15 11:02:05,166 __iter__: Reading lattice file `/tmp/55088645/lattices/dspm058_dsp2013_25.lat.gz´.
2020-08-15 11:02:05,794 decode: Utterance `dspm058_dsp2013_25´ -- 7 of job 94
/scratch/work/groszt1/envs/theanoLM/lib/python3.7/site-packages/theano/gpuarray/dnn.py:184: UserWarning: Your cuDNN version is more recent than Theano. If you encounter problems, try updating Theano or downgrading cuDNN to a version >= v5 and <= v7.
  warnings.warn("Your cuDNN version is more recent than "
Using cuDNN version 7600 on context None
Mapped name None to device cuda0: Tesla P100-PCIE-16GB (0000:83:00.0)
/scratch/work/groszt1/envs/theanoLM/lib/python3.7/site-packages/h5py-2.9.0-py3.7-linux-x86_64.egg/h5py/_hl/dataset.py:313: H5pyDeprecationWarning: dataset.value has been deprecated. Use dataset[()] instead.
  "Use dataset[()] instead.", H5pyDeprecationWarning)
/scratch/work/groszt1/envs/theanoLM/lib/python3.7/site-packages/h5py-2.9.0-py3.7-linux-x86_64.egg/h5py/_hl/dataset.py:313: H5pyDeprecationWarning: dataset.value has been deprecated. Use dataset[()] instead.
  "Use dataset[()] instead.", H5pyDeprecationWarning)
decode_theanolm finished.
/tmp/55088645/lattices
floatX=float32,device=cuda0,base_compiledir=/tmp/theano,exception_verbosity=high,openmp=False
/scratch/work/groszt1/envs/theanoLM/lib/python3.7/site-packages/theano/gpuarray/dnn.py:184: UserWarning: Your cuDNN version is more recent than Theano. If you encounter problems, try updating Theano or downgrading cuDNN to a version >= v5 and <= v7.
  warnings.warn("Your cuDNN version is more recent than "
Using cuDNN version 7600 on context None
Mapped name None to device cuda0: Tesla P100-PCIE-16GB (0000:83:00.0)
TheanoLM 1.3.2
Theano 1.0.4
pygpu 0.7.6
==
+ srun --gres=gpu:1 theanolm decode /scratch/work/moisioa3/conv_lm/experiments/theanolm-morph-42k/expt2-sampled/nnlm.h5 --lattice-list /tmp/55088645/lattices/lattice-list --output-file /scratch/work/moisioa3/conv_lm/experiments/theanolm-morph-42k/expt2-sampled/decode/devel/lambda=1.0-lms=10/94.trn --output trn --nnlm-weight 1.0 --lm-scale 10 --max-tokens-per-node 62 --beam 650 --recombination-order 22 --num-jobs 128 --job 94 --unk-penalty=-20
2020-08-15 11:02:28,264 get_default_device: Context None device="Tesla P100-PCIE-16GB" ID="0000:83:00.0"
2020-08-15 11:02:28,265 from_file: Reading vocabulary from network state.
2020-08-15 11:02:28,529 from_file: Number of words in vocabulary: 42699
2020-08-15 11:02:28,529 from_file: Number of words in shortlist: 42699
2020-08-15 11:02:28,530 from_file: Number of word classes: 42699
2020-08-15 11:02:28,530 from_file: Building neural network.
2020-08-15 11:03:15,039 from_file: Restoring neural network state.
2020-08-15 11:03:15,387 decode: Building word lattice decoder.
2020-08-15 11:03:20,735 __iter__: Reading lattice file `/tmp/55088645/lattices/dspm005_dsp2013_15.lat.gz´.
2020-08-15 11:03:21,639 decode: Utterance `dspm005_dsp2013_15´ -- 1 of job 94
2020-08-15 11:03:38,404 __iter__: Reading lattice file `/tmp/55088645/lattices/dspm015_dsp2013_09.lat.gz´.
2020-08-15 11:03:38,636 decode: Utterance `dspm015_dsp2013_09´ -- 2 of job 94
2020-08-15 11:03:44,224 __iter__: Reading lattice file `/tmp/55088645/lattices/dspm022_dsp2013_28.lat.gz´.
2020-08-15 11:03:47,407 decode: Utterance `dspm022_dsp2013_28´ -- 3 of job 94
2020-08-15 11:05:36,605 __iter__: Reading lattice file `/tmp/55088645/lattices/dspm032_dsp2013_16.lat.gz´.
2020-08-15 11:05:37,426 decode: Utterance `dspm032_dsp2013_16´ -- 4 of job 94
2020-08-15 11:06:00,581 __iter__: Reading lattice file `/tmp/55088645/lattices/dspm042_dsp2013_18.lat.gz´.
2020-08-15 11:06:00,746 decode: Utterance `dspm042_dsp2013_18´ -- 5 of job 94
2020-08-15 11:06:05,929 __iter__: Reading lattice file `/tmp/55088645/lattices/dspm050_dsp2013_28.lat.gz´.
2020-08-15 11:06:06,069 decode: Utterance `dspm050_dsp2013_28´ -- 6 of job 94
2020-08-15 11:06:09,152 __iter__: Reading lattice file `/tmp/55088645/lattices/dspm058_dsp2013_25.lat.gz´.
2020-08-15 11:06:09,771 decode: Utterance `dspm058_dsp2013_25´ -- 7 of job 94
/scratch/work/groszt1/envs/theanoLM/lib/python3.7/site-packages/theano/gpuarray/dnn.py:184: UserWarning: Your cuDNN version is more recent than Theano. If you encounter problems, try updating Theano or downgrading cuDNN to a version >= v5 and <= v7.
  warnings.warn("Your cuDNN version is more recent than "
Using cuDNN version 7600 on context None
Mapped name None to device cuda0: Tesla P100-PCIE-16GB (0000:83:00.0)
/scratch/work/groszt1/envs/theanoLM/lib/python3.7/site-packages/h5py-2.9.0-py3.7-linux-x86_64.egg/h5py/_hl/dataset.py:313: H5pyDeprecationWarning: dataset.value has been deprecated. Use dataset[()] instead.
  "Use dataset[()] instead.", H5pyDeprecationWarning)
/scratch/work/groszt1/envs/theanoLM/lib/python3.7/site-packages/h5py-2.9.0-py3.7-linux-x86_64.egg/h5py/_hl/dataset.py:313: H5pyDeprecationWarning: dataset.value has been deprecated. Use dataset[()] instead.
  "Use dataset[()] instead.", H5pyDeprecationWarning)
decode_theanolm finished.
/tmp/55088645/lattices
floatX=float32,device=cuda0,base_compiledir=/tmp/theano,exception_verbosity=high,openmp=False
/scratch/work/groszt1/envs/theanoLM/lib/python3.7/site-packages/theano/gpuarray/dnn.py:184: UserWarning: Your cuDNN version is more recent than Theano. If you encounter problems, try updating Theano or downgrading cuDNN to a version >= v5 and <= v7.
  warnings.warn("Your cuDNN version is more recent than "
Using cuDNN version 7600 on context None
Mapped name None to device cuda0: Tesla P100-PCIE-16GB (0000:83:00.0)
TheanoLM 1.3.2
Theano 1.0.4
pygpu 0.7.6
==
+ srun --gres=gpu:1 theanolm decode /scratch/work/moisioa3/conv_lm/experiments/theanolm-morph-42k/expt2-sampled/nnlm.h5 --lattice-list /tmp/55088645/lattices/lattice-list --output-file /scratch/work/moisioa3/conv_lm/experiments/theanolm-morph-42k/expt2-sampled/decode/devel/lambda=1.0-lms=11/94.trn --output trn --nnlm-weight 1.0 --lm-scale 11 --max-tokens-per-node 62 --beam 650 --recombination-order 22 --num-jobs 128 --job 94 --unk-penalty=-20
2020-08-15 11:06:42,782 get_default_device: Context None device="Tesla P100-PCIE-16GB" ID="0000:83:00.0"
2020-08-15 11:06:42,783 from_file: Reading vocabulary from network state.
2020-08-15 11:06:43,029 from_file: Number of words in vocabulary: 42699
2020-08-15 11:06:43,029 from_file: Number of words in shortlist: 42699
2020-08-15 11:06:43,030 from_file: Number of word classes: 42699
2020-08-15 11:06:43,030 from_file: Building neural network.
2020-08-15 11:07:23,864 from_file: Restoring neural network state.
2020-08-15 11:07:24,203 decode: Building word lattice decoder.
2020-08-15 11:07:29,425 __iter__: Reading lattice file `/tmp/55088645/lattices/dspm005_dsp2013_15.lat.gz´.
2020-08-15 11:07:30,297 decode: Utterance `dspm005_dsp2013_15´ -- 1 of job 94
2020-08-15 11:07:46,501 __iter__: Reading lattice file `/tmp/55088645/lattices/dspm015_dsp2013_09.lat.gz´.
2020-08-15 11:07:46,723 decode: Utterance `dspm015_dsp2013_09´ -- 2 of job 94
2020-08-15 11:07:51,984 __iter__: Reading lattice file `/tmp/55088645/lattices/dspm022_dsp2013_28.lat.gz´.
2020-08-15 11:07:54,889 decode: Utterance `dspm022_dsp2013_28´ -- 3 of job 94
2020-08-15 11:09:41,041 __iter__: Reading lattice file `/tmp/55088645/lattices/dspm032_dsp2013_16.lat.gz´.
2020-08-15 11:09:41,879 decode: Utterance `dspm032_dsp2013_16´ -- 4 of job 94
2020-08-15 11:10:04,193 __iter__: Reading lattice file `/tmp/55088645/lattices/dspm042_dsp2013_18.lat.gz´.
2020-08-15 11:10:04,353 decode: Utterance `dspm042_dsp2013_18´ -- 5 of job 94
2020-08-15 11:10:09,411 __iter__: Reading lattice file `/tmp/55088645/lattices/dspm050_dsp2013_28.lat.gz´.
2020-08-15 11:10:09,549 decode: Utterance `dspm050_dsp2013_28´ -- 6 of job 94
2020-08-15 11:10:12,346 __iter__: Reading lattice file `/tmp/55088645/lattices/dspm058_dsp2013_25.lat.gz´.
2020-08-15 11:10:12,962 decode: Utterance `dspm058_dsp2013_25´ -- 7 of job 94
/scratch/work/groszt1/envs/theanoLM/lib/python3.7/site-packages/theano/gpuarray/dnn.py:184: UserWarning: Your cuDNN version is more recent than Theano. If you encounter problems, try updating Theano or downgrading cuDNN to a version >= v5 and <= v7.
  warnings.warn("Your cuDNN version is more recent than "
Using cuDNN version 7600 on context None
Mapped name None to device cuda0: Tesla P100-PCIE-16GB (0000:83:00.0)
/scratch/work/groszt1/envs/theanoLM/lib/python3.7/site-packages/h5py-2.9.0-py3.7-linux-x86_64.egg/h5py/_hl/dataset.py:313: H5pyDeprecationWarning: dataset.value has been deprecated. Use dataset[()] instead.
  "Use dataset[()] instead.", H5pyDeprecationWarning)
/scratch/work/groszt1/envs/theanoLM/lib/python3.7/site-packages/h5py-2.9.0-py3.7-linux-x86_64.egg/h5py/_hl/dataset.py:313: H5pyDeprecationWarning: dataset.value has been deprecated. Use dataset[()] instead.
  "Use dataset[()] instead.", H5pyDeprecationWarning)
decode_theanolm finished.
/tmp/55088645/lattices
floatX=float32,device=cuda0,base_compiledir=/tmp/theano,exception_verbosity=high,openmp=False
/scratch/work/groszt1/envs/theanoLM/lib/python3.7/site-packages/theano/gpuarray/dnn.py:184: UserWarning: Your cuDNN version is more recent than Theano. If you encounter problems, try updating Theano or downgrading cuDNN to a version >= v5 and <= v7.
  warnings.warn("Your cuDNN version is more recent than "
Using cuDNN version 7600 on context None
Mapped name None to device cuda0: Tesla P100-PCIE-16GB (0000:83:00.0)
TheanoLM 1.3.2
Theano 1.0.4
pygpu 0.7.6
==
+ srun --gres=gpu:1 theanolm decode /scratch/work/moisioa3/conv_lm/experiments/theanolm-morph-42k/expt2-sampled/nnlm.h5 --lattice-list /tmp/55088645/lattices/lattice-list --output-file /scratch/work/moisioa3/conv_lm/experiments/theanolm-morph-42k/expt2-sampled/decode/devel/lambda=1.0-lms=12/94.trn --output trn --nnlm-weight 1.0 --lm-scale 12 --max-tokens-per-node 62 --beam 650 --recombination-order 22 --num-jobs 128 --job 94 --unk-penalty=-20
2020-08-15 11:10:35,447 get_default_device: Context None device="Tesla P100-PCIE-16GB" ID="0000:83:00.0"
2020-08-15 11:10:35,449 from_file: Reading vocabulary from network state.
2020-08-15 11:10:35,711 from_file: Number of words in vocabulary: 42699
2020-08-15 11:10:35,711 from_file: Number of words in shortlist: 42699
2020-08-15 11:10:35,711 from_file: Number of word classes: 42699
2020-08-15 11:10:35,711 from_file: Building neural network.
2020-08-15 11:11:25,962 from_file: Restoring neural network state.
2020-08-15 11:11:26,301 decode: Building word lattice decoder.
2020-08-15 11:11:31,518 __iter__: Reading lattice file `/tmp/55088645/lattices/dspm005_dsp2013_15.lat.gz´.
2020-08-15 11:11:32,395 decode: Utterance `dspm005_dsp2013_15´ -- 1 of job 94
2020-08-15 11:11:48,735 __iter__: Reading lattice file `/tmp/55088645/lattices/dspm015_dsp2013_09.lat.gz´.
2020-08-15 11:11:48,955 decode: Utterance `dspm015_dsp2013_09´ -- 2 of job 94
2020-08-15 11:11:54,157 __iter__: Reading lattice file `/tmp/55088645/lattices/dspm022_dsp2013_28.lat.gz´.
2020-08-15 11:11:57,018 decode: Utterance `dspm022_dsp2013_28´ -- 3 of job 94
2020-08-15 11:13:44,076 __iter__: Reading lattice file `/tmp/55088645/lattices/dspm032_dsp2013_16.lat.gz´.
2020-08-15 11:13:44,899 decode: Utterance `dspm032_dsp2013_16´ -- 4 of job 94
2020-08-15 11:14:06,557 __iter__: Reading lattice file `/tmp/55088645/lattices/dspm042_dsp2013_18.lat.gz´.
2020-08-15 11:14:06,714 decode: Utterance `dspm042_dsp2013_18´ -- 5 of job 94
2020-08-15 11:14:11,644 __iter__: Reading lattice file `/tmp/55088645/lattices/dspm050_dsp2013_28.lat.gz´.
2020-08-15 11:14:11,775 decode: Utterance `dspm050_dsp2013_28´ -- 6 of job 94
2020-08-15 11:14:14,585 __iter__: Reading lattice file `/tmp/55088645/lattices/dspm058_dsp2013_25.lat.gz´.
2020-08-15 11:14:15,202 decode: Utterance `dspm058_dsp2013_25´ -- 7 of job 94
/scratch/work/groszt1/envs/theanoLM/lib/python3.7/site-packages/theano/gpuarray/dnn.py:184: UserWarning: Your cuDNN version is more recent than Theano. If you encounter problems, try updating Theano or downgrading cuDNN to a version >= v5 and <= v7.
  warnings.warn("Your cuDNN version is more recent than "
Using cuDNN version 7600 on context None
Mapped name None to device cuda0: Tesla P100-PCIE-16GB (0000:83:00.0)
/scratch/work/groszt1/envs/theanoLM/lib/python3.7/site-packages/h5py-2.9.0-py3.7-linux-x86_64.egg/h5py/_hl/dataset.py:313: H5pyDeprecationWarning: dataset.value has been deprecated. Use dataset[()] instead.
  "Use dataset[()] instead.", H5pyDeprecationWarning)
/scratch/work/groszt1/envs/theanoLM/lib/python3.7/site-packages/h5py-2.9.0-py3.7-linux-x86_64.egg/h5py/_hl/dataset.py:313: H5pyDeprecationWarning: dataset.value has been deprecated. Use dataset[()] instead.
  "Use dataset[()] instead.", H5pyDeprecationWarning)
decode_theanolm finished.
decode devel finished.
