Experiment: theanolm-morph-42k/expt2-sampled
Job ID: 55103954
Task ID: 11
Host: gpu32.int.triton.aalto.fi
Start date: Mon Aug 17 17:45:16 EEST 2020
Work directory: /scratch/work/moisioa3/conv_lm/experiments/theanolm-morph-42k/expt2-sampled
Temporary directory: /tmp/55103954

Currently Loaded Modules:
  1) speech-scripts/2016.05.24-b928230   6) binutils/2.25-GCCcore-5.4.0
  2) srilm/default                       7) GCC/5.4.0-2.25
  3) cuda/10.0.130                       8) libgpuarray/2017.03.29-45c731f
  4) cudnn/7.4.2-cuda                    9) anaconda3/latest
  5) GCCcore/5.4.0

 

/tmp/55103954/lattices
floatX=float32,device=cuda0,base_compiledir=/tmp/theano,exception_verbosity=high,openmp=False
INFO (theano.gof.compilelock): Waiting for existing lock by process '113095' (I am process '113094')
INFO (theano.gof.compilelock): To manually release the lock, delete /tmp/theano/compiledir_Linux-3.10-el7.x86_64-x86_64-with-centos-7.8.2003-Core-x86_64-3.7.3-64/lock_dir
/scratch/work/groszt1/envs/theanoLM/lib/python3.7/site-packages/theano/gpuarray/dnn.py:184: UserWarning: Your cuDNN version is more recent than Theano. If you encounter problems, try updating Theano or downgrading cuDNN to a version >= v5 and <= v7.
  warnings.warn("Your cuDNN version is more recent than "
Using cuDNN version 7600 on context None
Mapped name None to device cuda0: Tesla V100-PCIE-32GB (0000:AF:00.0)
TheanoLM 1.3.2
Theano 1.0.4
pygpu 0.7.6
==
+ srun --gres=gpu:1 theanolm decode /scratch/work/moisioa3/conv_lm/experiments/theanolm-morph-42k/expt2-sampled/nnlm.h5 --lattice-list /tmp/55103954/lattices/lattice-list --output-file /scratch/work/moisioa3/conv_lm/experiments/theanolm-morph-42k/expt2-sampled/decode/eval/lambda=0.5-lms=10/11.trn --output trn --nnlm-weight 0.5 --lm-scale 10 --max-tokens-per-node 62 --beam 650 --recombination-order 22 --num-jobs 128 --job 11 --unk-penalty=-20
2020-08-17 17:45:53,175 get_default_device: Context None device="Tesla V100-PCIE-32GB" ID="0000:AF:00.0"
2020-08-17 17:45:53,176 from_file: Reading vocabulary from network state.
2020-08-17 17:45:53,392 from_file: Number of words in vocabulary: 42699
2020-08-17 17:45:53,392 from_file: Number of words in shortlist: 42699
2020-08-17 17:45:53,392 from_file: Number of word classes: 42699
2020-08-17 17:45:53,392 from_file: Building neural network.
2020-08-17 17:46:30,842 from_file: Restoring neural network state.
2020-08-17 17:46:31,199 decode: Building word lattice decoder.
2020-08-17 17:46:42,729 __iter__: Reading lattice file `/tmp/55103954/lattices/dspf001_dsp2013_12.lat.gz´.
2020-08-17 17:46:43,464 decode: Utterance `dspf001_dsp2013_12´ -- 1 of job 11
2020-08-17 17:47:20,723 __iter__: Reading lattice file `/tmp/55103954/lattices/dspm030_dsp2013_1732.lat.gz´.
2020-08-17 17:47:20,793 decode: Utterance `dspm030_dsp2013_1732´ -- 2 of job 11
2020-08-17 17:47:23,386 __iter__: Reading lattice file `/tmp/55103954/lattices/radioerkka_puhujainkulma20120930_86.lat.gz´.
2020-08-17 17:47:25,169 decode: Utterance `radioerkka_puhujainkulma20120930_86´ -- 3 of job 11
2020-08-17 17:48:26,725 __iter__: Reading lattice file `/tmp/55103954/lattices/radiokatupaimen_aamushow20120720_9.lat.gz´.
2020-08-17 17:48:26,739 decode: Utterance `radiokatupaimen_aamushow20120720_9´ -- 4 of job 11
2020-08-17 17:48:27,065 __iter__: Reading lattice file `/tmp/55103954/lattices/radioruudolf_aamushow20120720_52.lat.gz´.
2020-08-17 17:48:27,075 decode: Utterance `radioruudolf_aamushow20120720_52´ -- 5 of job 11
/scratch/work/groszt1/envs/theanoLM/lib/python3.7/site-packages/theano/gpuarray/dnn.py:184: UserWarning: Your cuDNN version is more recent than Theano. If you encounter problems, try updating Theano or downgrading cuDNN to a version >= v5 and <= v7.
  warnings.warn("Your cuDNN version is more recent than "
Using cuDNN version 7600 on context None
Mapped name None to device cuda0: Tesla V100-PCIE-32GB (0000:AF:00.0)
/scratch/work/groszt1/envs/theanoLM/lib/python3.7/site-packages/h5py-2.9.0-py3.7-linux-x86_64.egg/h5py/_hl/dataset.py:313: H5pyDeprecationWarning: dataset.value has been deprecated. Use dataset[()] instead.
  "Use dataset[()] instead.", H5pyDeprecationWarning)
/scratch/work/groszt1/envs/theanoLM/lib/python3.7/site-packages/h5py-2.9.0-py3.7-linux-x86_64.egg/h5py/_hl/dataset.py:313: H5pyDeprecationWarning: dataset.value has been deprecated. Use dataset[()] instead.
  "Use dataset[()] instead.", H5pyDeprecationWarning)
decode_theanolm finished.
/tmp/55103954/lattices
floatX=float32,device=cuda0,base_compiledir=/tmp/theano,exception_verbosity=high,openmp=False
/scratch/work/groszt1/envs/theanoLM/lib/python3.7/site-packages/theano/gpuarray/dnn.py:184: UserWarning: Your cuDNN version is more recent than Theano. If you encounter problems, try updating Theano or downgrading cuDNN to a version >= v5 and <= v7.
  warnings.warn("Your cuDNN version is more recent than "
Using cuDNN version 7600 on context None
Mapped name None to device cuda0: Tesla V100-PCIE-32GB (0000:AF:00.0)
TheanoLM 1.3.2
Theano 1.0.4
pygpu 0.7.6
==
+ srun --gres=gpu:1 theanolm decode /scratch/work/moisioa3/conv_lm/experiments/theanolm-morph-42k/expt2-sampled/nnlm.h5 --lattice-list /tmp/55103954/lattices/lattice-list --output-file /scratch/work/moisioa3/conv_lm/experiments/theanolm-morph-42k/expt2-sampled/decode/eval/lambda=1.0-lms=10/11.trn --output trn --nnlm-weight 1.0 --lm-scale 10 --max-tokens-per-node 62 --beam 650 --recombination-order 22 --num-jobs 128 --job 11 --unk-penalty=-20
2020-08-17 17:48:34,024 get_default_device: Context None device="Tesla V100-PCIE-32GB" ID="0000:AF:00.0"
2020-08-17 17:48:34,025 from_file: Reading vocabulary from network state.
2020-08-17 17:48:34,241 from_file: Number of words in vocabulary: 42699
2020-08-17 17:48:34,242 from_file: Number of words in shortlist: 42699
2020-08-17 17:48:34,242 from_file: Number of word classes: 42699
2020-08-17 17:48:34,242 from_file: Building neural network.
2020-08-17 17:49:03,603 from_file: Restoring neural network state.
2020-08-17 17:49:03,966 decode: Building word lattice decoder.
2020-08-17 17:49:07,964 __iter__: Reading lattice file `/tmp/55103954/lattices/dspf001_dsp2013_12.lat.gz´.
2020-08-17 17:49:08,725 decode: Utterance `dspf001_dsp2013_12´ -- 1 of job 11
2020-08-17 17:49:36,266 __iter__: Reading lattice file `/tmp/55103954/lattices/dspm030_dsp2013_1732.lat.gz´.
2020-08-17 17:49:36,337 decode: Utterance `dspm030_dsp2013_1732´ -- 2 of job 11
2020-08-17 17:49:38,800 __iter__: Reading lattice file `/tmp/55103954/lattices/radioerkka_puhujainkulma20120930_86.lat.gz´.
2020-08-17 17:49:40,596 decode: Utterance `radioerkka_puhujainkulma20120930_86´ -- 3 of job 11
2020-08-17 17:50:35,976 __iter__: Reading lattice file `/tmp/55103954/lattices/radiokatupaimen_aamushow20120720_9.lat.gz´.
2020-08-17 17:50:35,990 decode: Utterance `radiokatupaimen_aamushow20120720_9´ -- 4 of job 11
2020-08-17 17:50:36,303 __iter__: Reading lattice file `/tmp/55103954/lattices/radioruudolf_aamushow20120720_52.lat.gz´.
2020-08-17 17:50:36,313 decode: Utterance `radioruudolf_aamushow20120720_52´ -- 5 of job 11
/scratch/work/groszt1/envs/theanoLM/lib/python3.7/site-packages/theano/gpuarray/dnn.py:184: UserWarning: Your cuDNN version is more recent than Theano. If you encounter problems, try updating Theano or downgrading cuDNN to a version >= v5 and <= v7.
  warnings.warn("Your cuDNN version is more recent than "
Using cuDNN version 7600 on context None
Mapped name None to device cuda0: Tesla V100-PCIE-32GB (0000:AF:00.0)
/scratch/work/groszt1/envs/theanoLM/lib/python3.7/site-packages/h5py-2.9.0-py3.7-linux-x86_64.egg/h5py/_hl/dataset.py:313: H5pyDeprecationWarning: dataset.value has been deprecated. Use dataset[()] instead.
  "Use dataset[()] instead.", H5pyDeprecationWarning)
/scratch/work/groszt1/envs/theanoLM/lib/python3.7/site-packages/h5py-2.9.0-py3.7-linux-x86_64.egg/h5py/_hl/dataset.py:313: H5pyDeprecationWarning: dataset.value has been deprecated. Use dataset[()] instead.
  "Use dataset[()] instead.", H5pyDeprecationWarning)
decode_theanolm finished.
decode eval finished.
