Experiment: theanolm-morph-42k/expt2-sampled
Job ID: 55133074
Task ID: 109
Host: gpu24.int.triton.aalto.fi
Start date: Thu Aug 20 18:10:55 EEST 2020
Work directory: /scratch/work/moisioa3/conv_lm/experiments/theanolm-morph-42k/expt2-sampled
Temporary directory: /tmp/55133074

Currently Loaded Modules:
  1) speech-scripts/2016.05.24-b928230   6) binutils/2.25-GCCcore-5.4.0
  2) srilm/default                       7) GCC/5.4.0-2.25
  3) cuda/10.0.130                       8) libgpuarray/2017.03.29-45c731f
  4) cudnn/7.4.2-cuda                    9) anaconda3/latest
  5) GCCcore/5.4.0

 

/tmp/55133074/lattices
floatX=float32,device=cuda0,base_compiledir=/tmp/theano,exception_verbosity=high,openmp=False
/scratch/work/groszt1/envs/theanoLM/lib/python3.7/site-packages/theano/gpuarray/dnn.py:184: UserWarning: Your cuDNN version is more recent than Theano. If you encounter problems, try updating Theano or downgrading cuDNN to a version >= v5 and <= v7.
  warnings.warn("Your cuDNN version is more recent than "
Using cuDNN version 7600 on context None
Mapped name None to device cuda0: Tesla P100-PCIE-16GB (0000:82:00.0)
TheanoLM 1.3.2
Theano 1.0.4
pygpu 0.7.6
==
+ srun --gres=gpu:1 theanolm decode /scratch/work/moisioa3/conv_lm/experiments/theanolm-morph-42k/expt2-sampled/nnlm.h5 --lattice-list /tmp/55133074/lattices/lattice-list --output-file /scratch/work/moisioa3/conv_lm/experiments/theanolm-morph-42k/expt2-sampled/decode/eval/lambda=0.5-lms=9/109.trn --output trn --nnlm-weight 0.5 --lm-scale 9 --max-tokens-per-node 62 --beam 650 --recombination-order 22 --num-jobs 128 --job 109 --unk-penalty=-20
2020-08-20 18:11:06,646 get_default_device: Context None device="Tesla P100-PCIE-16GB" ID="0000:82:00.0"
2020-08-20 18:11:06,647 from_file: Reading vocabulary from network state.
2020-08-20 18:11:06,893 from_file: Number of words in vocabulary: 42699
2020-08-20 18:11:06,894 from_file: Number of words in shortlist: 42699
2020-08-20 18:11:06,894 from_file: Number of word classes: 42699
2020-08-20 18:11:06,894 from_file: Building neural network.
2020-08-20 18:11:50,086 from_file: Restoring neural network state.
2020-08-20 18:11:50,509 decode: Building word lattice decoder.
2020-08-20 18:11:56,348 __iter__: Reading lattice file `/tmp/55133074/lattices/dspm023_dsp2013_25.lat.gz´.
2020-08-20 18:11:56,380 decode: Utterance `dspm023_dsp2013_25´ -- 1 of job 109
2020-08-20 18:11:57,173 __iter__: Reading lattice file `/tmp/55133074/lattices/radioerkka_puhujainkulma20120909_8.lat.gz´.
2020-08-20 18:11:58,080 decode: Utterance `radioerkka_puhujainkulma20120909_8´ -- 2 of job 109
2020-08-20 18:12:34,512 __iter__: Reading lattice file `/tmp/55133074/lattices/radiokatupaimen_aamushow20120720_56.lat.gz´.
2020-08-20 18:12:35,942 decode: Utterance `radiokatupaimen_aamushow20120720_56´ -- 3 of job 109
2020-08-20 18:13:24,102 __iter__: Reading lattice file `/tmp/55133074/lattices/radioruudolf_aamushow20100713_80.lat.gz´.
2020-08-20 18:13:24,147 decode: Utterance `radioruudolf_aamushow20100713_80´ -- 4 of job 109
/scratch/work/groszt1/envs/theanoLM/lib/python3.7/site-packages/theano/gpuarray/dnn.py:184: UserWarning: Your cuDNN version is more recent than Theano. If you encounter problems, try updating Theano or downgrading cuDNN to a version >= v5 and <= v7.
  warnings.warn("Your cuDNN version is more recent than "
Using cuDNN version 7600 on context None
Mapped name None to device cuda0: Tesla P100-PCIE-16GB (0000:82:00.0)
/scratch/work/groszt1/envs/theanoLM/lib/python3.7/site-packages/h5py-2.9.0-py3.7-linux-x86_64.egg/h5py/_hl/dataset.py:313: H5pyDeprecationWarning: dataset.value has been deprecated. Use dataset[()] instead.
  "Use dataset[()] instead.", H5pyDeprecationWarning)
/scratch/work/groszt1/envs/theanoLM/lib/python3.7/site-packages/h5py-2.9.0-py3.7-linux-x86_64.egg/h5py/_hl/dataset.py:313: H5pyDeprecationWarning: dataset.value has been deprecated. Use dataset[()] instead.
  "Use dataset[()] instead.", H5pyDeprecationWarning)
decode_theanolm finished.
/tmp/55133074/lattices
floatX=float32,device=cuda0,base_compiledir=/tmp/theano,exception_verbosity=high,openmp=False
/scratch/work/groszt1/envs/theanoLM/lib/python3.7/site-packages/theano/gpuarray/dnn.py:184: UserWarning: Your cuDNN version is more recent than Theano. If you encounter problems, try updating Theano or downgrading cuDNN to a version >= v5 and <= v7.
  warnings.warn("Your cuDNN version is more recent than "
Using cuDNN version 7600 on context None
Mapped name None to device cuda0: Tesla P100-PCIE-16GB (0000:82:00.0)
TheanoLM 1.3.2
Theano 1.0.4
pygpu 0.7.6
==
+ srun --gres=gpu:1 theanolm decode /scratch/work/moisioa3/conv_lm/experiments/theanolm-morph-42k/expt2-sampled/nnlm.h5 --lattice-list /tmp/55133074/lattices/lattice-list --output-file /scratch/work/moisioa3/conv_lm/experiments/theanolm-morph-42k/expt2-sampled/decode/eval/lambda=0.5-lms=10/109.trn --output trn --nnlm-weight 0.5 --lm-scale 10 --max-tokens-per-node 62 --beam 650 --recombination-order 22 --num-jobs 128 --job 109 --unk-penalty=-20
2020-08-20 18:13:32,127 get_default_device: Context None device="Tesla P100-PCIE-16GB" ID="0000:82:00.0"
2020-08-20 18:13:32,128 from_file: Reading vocabulary from network state.
2020-08-20 18:13:32,399 from_file: Number of words in vocabulary: 42699
2020-08-20 18:13:32,399 from_file: Number of words in shortlist: 42699
2020-08-20 18:13:32,399 from_file: Number of word classes: 42699
2020-08-20 18:13:32,400 from_file: Building neural network.
2020-08-20 18:14:16,372 from_file: Restoring neural network state.
2020-08-20 18:14:16,740 decode: Building word lattice decoder.
2020-08-20 18:14:22,183 __iter__: Reading lattice file `/tmp/55133074/lattices/dspm023_dsp2013_25.lat.gz´.
2020-08-20 18:14:22,212 decode: Utterance `dspm023_dsp2013_25´ -- 1 of job 109
2020-08-20 18:14:22,971 __iter__: Reading lattice file `/tmp/55133074/lattices/radioerkka_puhujainkulma20120909_8.lat.gz´.
2020-08-20 18:14:23,805 decode: Utterance `radioerkka_puhujainkulma20120909_8´ -- 2 of job 109
2020-08-20 18:15:01,892 __iter__: Reading lattice file `/tmp/55133074/lattices/radiokatupaimen_aamushow20120720_56.lat.gz´.
2020-08-20 18:15:03,332 decode: Utterance `radiokatupaimen_aamushow20120720_56´ -- 3 of job 109
2020-08-20 18:15:53,886 __iter__: Reading lattice file `/tmp/55133074/lattices/radioruudolf_aamushow20100713_80.lat.gz´.
2020-08-20 18:15:53,930 decode: Utterance `radioruudolf_aamushow20100713_80´ -- 4 of job 109
/scratch/work/groszt1/envs/theanoLM/lib/python3.7/site-packages/theano/gpuarray/dnn.py:184: UserWarning: Your cuDNN version is more recent than Theano. If you encounter problems, try updating Theano or downgrading cuDNN to a version >= v5 and <= v7.
  warnings.warn("Your cuDNN version is more recent than "
Using cuDNN version 7600 on context None
Mapped name None to device cuda0: Tesla P100-PCIE-16GB (0000:82:00.0)
/scratch/work/groszt1/envs/theanoLM/lib/python3.7/site-packages/h5py-2.9.0-py3.7-linux-x86_64.egg/h5py/_hl/dataset.py:313: H5pyDeprecationWarning: dataset.value has been deprecated. Use dataset[()] instead.
  "Use dataset[()] instead.", H5pyDeprecationWarning)
/scratch/work/groszt1/envs/theanoLM/lib/python3.7/site-packages/h5py-2.9.0-py3.7-linux-x86_64.egg/h5py/_hl/dataset.py:313: H5pyDeprecationWarning: dataset.value has been deprecated. Use dataset[()] instead.
  "Use dataset[()] instead.", H5pyDeprecationWarning)
decode_theanolm finished.
/tmp/55133074/lattices
floatX=float32,device=cuda0,base_compiledir=/tmp/theano,exception_verbosity=high,openmp=False
/scratch/work/groszt1/envs/theanoLM/lib/python3.7/site-packages/theano/gpuarray/dnn.py:184: UserWarning: Your cuDNN version is more recent than Theano. If you encounter problems, try updating Theano or downgrading cuDNN to a version >= v5 and <= v7.
  warnings.warn("Your cuDNN version is more recent than "
Using cuDNN version 7600 on context None
Mapped name None to device cuda0: Tesla P100-PCIE-16GB (0000:82:00.0)
TheanoLM 1.3.2
Theano 1.0.4
pygpu 0.7.6
==
+ srun --gres=gpu:1 theanolm decode /scratch/work/moisioa3/conv_lm/experiments/theanolm-morph-42k/expt2-sampled/nnlm.h5 --lattice-list /tmp/55133074/lattices/lattice-list --output-file /scratch/work/moisioa3/conv_lm/experiments/theanolm-morph-42k/expt2-sampled/decode/eval/lambda=1.0-lms=9/109.trn --output trn --nnlm-weight 1.0 --lm-scale 9 --max-tokens-per-node 62 --beam 650 --recombination-order 22 --num-jobs 128 --job 109 --unk-penalty=-20
2020-08-20 18:16:03,567 get_default_device: Context None device="Tesla P100-PCIE-16GB" ID="0000:82:00.0"
2020-08-20 18:16:03,569 from_file: Reading vocabulary from network state.
2020-08-20 18:16:03,829 from_file: Number of words in vocabulary: 42699
2020-08-20 18:16:03,829 from_file: Number of words in shortlist: 42699
2020-08-20 18:16:03,829 from_file: Number of word classes: 42699
2020-08-20 18:16:03,830 from_file: Building neural network.
2020-08-20 18:16:44,246 from_file: Restoring neural network state.
2020-08-20 18:16:44,597 decode: Building word lattice decoder.
2020-08-20 18:16:49,984 __iter__: Reading lattice file `/tmp/55133074/lattices/dspm023_dsp2013_25.lat.gz´.
2020-08-20 18:16:50,012 decode: Utterance `dspm023_dsp2013_25´ -- 1 of job 109
2020-08-20 18:16:50,798 __iter__: Reading lattice file `/tmp/55133074/lattices/radioerkka_puhujainkulma20120909_8.lat.gz´.
2020-08-20 18:16:51,618 decode: Utterance `radioerkka_puhujainkulma20120909_8´ -- 2 of job 109
2020-08-20 18:17:13,515 __iter__: Reading lattice file `/tmp/55133074/lattices/radiokatupaimen_aamushow20120720_56.lat.gz´.
2020-08-20 18:17:14,863 decode: Utterance `radiokatupaimen_aamushow20120720_56´ -- 3 of job 109
2020-08-20 18:17:53,100 __iter__: Reading lattice file `/tmp/55133074/lattices/radioruudolf_aamushow20100713_80.lat.gz´.
2020-08-20 18:17:53,140 decode: Utterance `radioruudolf_aamushow20100713_80´ -- 4 of job 109
/scratch/work/groszt1/envs/theanoLM/lib/python3.7/site-packages/theano/gpuarray/dnn.py:184: UserWarning: Your cuDNN version is more recent than Theano. If you encounter problems, try updating Theano or downgrading cuDNN to a version >= v5 and <= v7.
  warnings.warn("Your cuDNN version is more recent than "
Using cuDNN version 7600 on context None
Mapped name None to device cuda0: Tesla P100-PCIE-16GB (0000:82:00.0)
/scratch/work/groszt1/envs/theanoLM/lib/python3.7/site-packages/h5py-2.9.0-py3.7-linux-x86_64.egg/h5py/_hl/dataset.py:313: H5pyDeprecationWarning: dataset.value has been deprecated. Use dataset[()] instead.
  "Use dataset[()] instead.", H5pyDeprecationWarning)
/scratch/work/groszt1/envs/theanoLM/lib/python3.7/site-packages/h5py-2.9.0-py3.7-linux-x86_64.egg/h5py/_hl/dataset.py:313: H5pyDeprecationWarning: dataset.value has been deprecated. Use dataset[()] instead.
  "Use dataset[()] instead.", H5pyDeprecationWarning)
decode_theanolm finished.
/tmp/55133074/lattices
floatX=float32,device=cuda0,base_compiledir=/tmp/theano,exception_verbosity=high,openmp=False
/scratch/work/groszt1/envs/theanoLM/lib/python3.7/site-packages/theano/gpuarray/dnn.py:184: UserWarning: Your cuDNN version is more recent than Theano. If you encounter problems, try updating Theano or downgrading cuDNN to a version >= v5 and <= v7.
  warnings.warn("Your cuDNN version is more recent than "
Using cuDNN version 7600 on context None
Mapped name None to device cuda0: Tesla P100-PCIE-16GB (0000:82:00.0)
TheanoLM 1.3.2
Theano 1.0.4
pygpu 0.7.6
==
+ srun --gres=gpu:1 theanolm decode /scratch/work/moisioa3/conv_lm/experiments/theanolm-morph-42k/expt2-sampled/nnlm.h5 --lattice-list /tmp/55133074/lattices/lattice-list --output-file /scratch/work/moisioa3/conv_lm/experiments/theanolm-morph-42k/expt2-sampled/decode/eval/lambda=1.0-lms=10/109.trn --output trn --nnlm-weight 1.0 --lm-scale 10 --max-tokens-per-node 62 --beam 650 --recombination-order 22 --num-jobs 128 --job 109 --unk-penalty=-20
2020-08-20 18:18:00,236 get_default_device: Context None device="Tesla P100-PCIE-16GB" ID="0000:82:00.0"
2020-08-20 18:18:00,237 from_file: Reading vocabulary from network state.
2020-08-20 18:18:00,469 from_file: Number of words in vocabulary: 42699
2020-08-20 18:18:00,469 from_file: Number of words in shortlist: 42699
2020-08-20 18:18:00,469 from_file: Number of word classes: 42699
2020-08-20 18:18:00,469 from_file: Building neural network.
2020-08-20 18:18:39,126 from_file: Restoring neural network state.
2020-08-20 18:18:39,459 decode: Building word lattice decoder.
2020-08-20 18:18:44,054 __iter__: Reading lattice file `/tmp/55133074/lattices/dspm023_dsp2013_25.lat.gz´.
2020-08-20 18:18:44,077 decode: Utterance `dspm023_dsp2013_25´ -- 1 of job 109
2020-08-20 18:18:44,756 __iter__: Reading lattice file `/tmp/55133074/lattices/radioerkka_puhujainkulma20120909_8.lat.gz´.
2020-08-20 18:18:45,472 decode: Utterance `radioerkka_puhujainkulma20120909_8´ -- 2 of job 109
2020-08-20 18:19:04,892 __iter__: Reading lattice file `/tmp/55133074/lattices/radiokatupaimen_aamushow20120720_56.lat.gz´.
2020-08-20 18:19:06,047 decode: Utterance `radiokatupaimen_aamushow20120720_56´ -- 3 of job 109
2020-08-20 18:19:41,219 __iter__: Reading lattice file `/tmp/55133074/lattices/radioruudolf_aamushow20100713_80.lat.gz´.
2020-08-20 18:19:41,255 decode: Utterance `radioruudolf_aamushow20100713_80´ -- 4 of job 109
/scratch/work/groszt1/envs/theanoLM/lib/python3.7/site-packages/theano/gpuarray/dnn.py:184: UserWarning: Your cuDNN version is more recent than Theano. If you encounter problems, try updating Theano or downgrading cuDNN to a version >= v5 and <= v7.
  warnings.warn("Your cuDNN version is more recent than "
Using cuDNN version 7600 on context None
Mapped name None to device cuda0: Tesla P100-PCIE-16GB (0000:82:00.0)
/scratch/work/groszt1/envs/theanoLM/lib/python3.7/site-packages/h5py-2.9.0-py3.7-linux-x86_64.egg/h5py/_hl/dataset.py:313: H5pyDeprecationWarning: dataset.value has been deprecated. Use dataset[()] instead.
  "Use dataset[()] instead.", H5pyDeprecationWarning)
/scratch/work/groszt1/envs/theanoLM/lib/python3.7/site-packages/h5py-2.9.0-py3.7-linux-x86_64.egg/h5py/_hl/dataset.py:313: H5pyDeprecationWarning: dataset.value has been deprecated. Use dataset[()] instead.
  "Use dataset[()] instead.", H5pyDeprecationWarning)
decode_theanolm finished.
decode eval finished.
