Experiment: theanolm-morph-42k/expt2-sampled
Job ID: 55103642
Task ID: 46
Host: gpu32.int.triton.aalto.fi
Start date: Mon Aug 17 17:27:31 EEST 2020
Work directory: /scratch/work/moisioa3/conv_lm/experiments/theanolm-morph-42k/expt2-sampled
Temporary directory: /tmp/55103642

Currently Loaded Modules:
  1) speech-scripts/2016.05.24-b928230   6) binutils/2.25-GCCcore-5.4.0
  2) srilm/default                       7) GCC/5.4.0-2.25
  3) cuda/10.0.130                       8) libgpuarray/2017.03.29-45c731f
  4) cudnn/7.4.2-cuda                    9) anaconda3/latest
  5) GCCcore/5.4.0

 

/tmp/55103642/lattices
floatX=float32,device=cuda0,base_compiledir=/tmp/theano,exception_verbosity=high,openmp=False
/scratch/work/groszt1/envs/theanoLM/lib/python3.7/site-packages/theano/gpuarray/dnn.py:184: UserWarning: Your cuDNN version is more recent than Theano. If you encounter problems, try updating Theano or downgrading cuDNN to a version >= v5 and <= v7.
  warnings.warn("Your cuDNN version is more recent than "
Using cuDNN version 7600 on context None
Mapped name None to device cuda0: Tesla V100-PCIE-32GB (0000:86:00.0)
TheanoLM 1.3.2
Theano 1.0.4
pygpu 0.7.6
==
+ srun --gres=gpu:1 theanolm decode /scratch/work/moisioa3/conv_lm/experiments/theanolm-morph-42k/expt2-sampled/nnlm.h5 --lattice-list /tmp/55103642/lattices/lattice-list --output-file /scratch/work/moisioa3/conv_lm/experiments/theanolm-morph-42k/expt2-sampled/decode/eval/lambda=0.5-lms=10/46.trn --output trn --nnlm-weight 0.5 --lm-scale 10 --max-tokens-per-node 62 --beam 650 --recombination-order 22 --num-jobs 128 --job 46 --unk-penalty=-20
2020-08-17 17:27:41,412 get_default_device: Context None device="Tesla V100-PCIE-32GB" ID="0000:86:00.0"
2020-08-17 17:27:41,413 from_file: Reading vocabulary from network state.
2020-08-17 17:27:41,639 from_file: Number of words in vocabulary: 42699
2020-08-17 17:27:41,639 from_file: Number of words in shortlist: 42699
2020-08-17 17:27:41,639 from_file: Number of word classes: 42699
2020-08-17 17:27:41,639 from_file: Building neural network.
2020-08-17 17:28:09,835 from_file: Restoring neural network state.
2020-08-17 17:28:10,194 decode: Building word lattice decoder.
2020-08-17 17:28:14,191 __iter__: Reading lattice file `/tmp/55103642/lattices/dspm003_dsp2013_10.lat.gz´.
2020-08-17 17:28:14,529 decode: Utterance `dspm003_dsp2013_10´ -- 1 of job 46
2020-08-17 17:28:23,167 __iter__: Reading lattice file `/tmp/55103642/lattices/dspm041_dsp2013_13.lat.gz´.
2020-08-17 17:28:23,674 decode: Utterance `dspm041_dsp2013_13´ -- 2 of job 46
2020-08-17 17:28:44,879 __iter__: Reading lattice file `/tmp/55103642/lattices/radiohenri_aamushow20100713_61.lat.gz´.
2020-08-17 17:28:44,892 decode: Utterance `radiohenri_aamushow20100713_61´ -- 3 of job 46
2020-08-17 17:28:45,261 __iter__: Reading lattice file `/tmp/55103642/lattices/radioporni_puhujainkulma20120930_46.lat.gz´.
2020-08-17 17:28:46,142 decode: Utterance `radioporni_puhujainkulma20120930_46´ -- 4 of job 46
/scratch/work/groszt1/envs/theanoLM/lib/python3.7/site-packages/theano/gpuarray/dnn.py:184: UserWarning: Your cuDNN version is more recent than Theano. If you encounter problems, try updating Theano or downgrading cuDNN to a version >= v5 and <= v7.
  warnings.warn("Your cuDNN version is more recent than "
Using cuDNN version 7600 on context None
Mapped name None to device cuda0: Tesla V100-PCIE-32GB (0000:86:00.0)
/scratch/work/groszt1/envs/theanoLM/lib/python3.7/site-packages/h5py-2.9.0-py3.7-linux-x86_64.egg/h5py/_hl/dataset.py:313: H5pyDeprecationWarning: dataset.value has been deprecated. Use dataset[()] instead.
  "Use dataset[()] instead.", H5pyDeprecationWarning)
/scratch/work/groszt1/envs/theanoLM/lib/python3.7/site-packages/h5py-2.9.0-py3.7-linux-x86_64.egg/h5py/_hl/dataset.py:313: H5pyDeprecationWarning: dataset.value has been deprecated. Use dataset[()] instead.
  "Use dataset[()] instead.", H5pyDeprecationWarning)
decode_theanolm finished.
/tmp/55103642/lattices
floatX=float32,device=cuda0,base_compiledir=/tmp/theano,exception_verbosity=high,openmp=False
/scratch/work/groszt1/envs/theanoLM/lib/python3.7/site-packages/theano/gpuarray/dnn.py:184: UserWarning: Your cuDNN version is more recent than Theano. If you encounter problems, try updating Theano or downgrading cuDNN to a version >= v5 and <= v7.
  warnings.warn("Your cuDNN version is more recent than "
Using cuDNN version 7600 on context None
Mapped name None to device cuda0: Tesla V100-PCIE-32GB (0000:86:00.0)
TheanoLM 1.3.2
Theano 1.0.4
pygpu 0.7.6
==
+ srun --gres=gpu:1 theanolm decode /scratch/work/moisioa3/conv_lm/experiments/theanolm-morph-42k/expt2-sampled/nnlm.h5 --lattice-list /tmp/55103642/lattices/lattice-list --output-file /scratch/work/moisioa3/conv_lm/experiments/theanolm-morph-42k/expt2-sampled/decode/eval/lambda=1.0-lms=10/46.trn --output trn --nnlm-weight 1.0 --lm-scale 10 --max-tokens-per-node 62 --beam 650 --recombination-order 22 --num-jobs 128 --job 46 --unk-penalty=-20
2020-08-17 17:29:34,765 get_default_device: Context None device="Tesla V100-PCIE-32GB" ID="0000:86:00.0"
2020-08-17 17:29:34,766 from_file: Reading vocabulary from network state.
2020-08-17 17:29:34,977 from_file: Number of words in vocabulary: 42699
2020-08-17 17:29:34,977 from_file: Number of words in shortlist: 42699
2020-08-17 17:29:34,977 from_file: Number of word classes: 42699
2020-08-17 17:29:34,978 from_file: Building neural network.
2020-08-17 17:30:04,254 from_file: Restoring neural network state.
2020-08-17 17:30:04,616 decode: Building word lattice decoder.
2020-08-17 17:30:08,638 __iter__: Reading lattice file `/tmp/55103642/lattices/dspm003_dsp2013_10.lat.gz´.
2020-08-17 17:30:08,921 decode: Utterance `dspm003_dsp2013_10´ -- 1 of job 46
2020-08-17 17:30:17,248 __iter__: Reading lattice file `/tmp/55103642/lattices/dspm041_dsp2013_13.lat.gz´.
2020-08-17 17:30:17,760 decode: Utterance `dspm041_dsp2013_13´ -- 2 of job 46
2020-08-17 17:30:33,680 __iter__: Reading lattice file `/tmp/55103642/lattices/radiohenri_aamushow20100713_61.lat.gz´.
2020-08-17 17:30:33,693 decode: Utterance `radiohenri_aamushow20100713_61´ -- 3 of job 46
2020-08-17 17:30:34,010 __iter__: Reading lattice file `/tmp/55103642/lattices/radioporni_puhujainkulma20120930_46.lat.gz´.
2020-08-17 17:30:34,901 decode: Utterance `radioporni_puhujainkulma20120930_46´ -- 4 of job 46
/scratch/work/groszt1/envs/theanoLM/lib/python3.7/site-packages/theano/gpuarray/dnn.py:184: UserWarning: Your cuDNN version is more recent than Theano. If you encounter problems, try updating Theano or downgrading cuDNN to a version >= v5 and <= v7.
  warnings.warn("Your cuDNN version is more recent than "
Using cuDNN version 7600 on context None
Mapped name None to device cuda0: Tesla V100-PCIE-32GB (0000:86:00.0)
/scratch/work/groszt1/envs/theanoLM/lib/python3.7/site-packages/h5py-2.9.0-py3.7-linux-x86_64.egg/h5py/_hl/dataset.py:313: H5pyDeprecationWarning: dataset.value has been deprecated. Use dataset[()] instead.
  "Use dataset[()] instead.", H5pyDeprecationWarning)
/scratch/work/groszt1/envs/theanoLM/lib/python3.7/site-packages/h5py-2.9.0-py3.7-linux-x86_64.egg/h5py/_hl/dataset.py:313: H5pyDeprecationWarning: dataset.value has been deprecated. Use dataset[()] instead.
  "Use dataset[()] instead.", H5pyDeprecationWarning)
decode_theanolm finished.
decode eval finished.
