Experiment: theanolm-morph-42k/expt2-sampled
Job ID: 55133336
Task ID: 101
Host: gpu27.int.triton.aalto.fi
Start date: Thu Aug 20 19:26:42 EEST 2020
Work directory: /scratch/work/moisioa3/conv_lm/experiments/theanolm-morph-42k/expt2-sampled
Temporary directory: /tmp/55133336

Currently Loaded Modules:
  1) speech-scripts/2016.05.24-b928230   6) binutils/2.25-GCCcore-5.4.0
  2) srilm/default                       7) GCC/5.4.0-2.25
  3) cuda/10.0.130                       8) libgpuarray/2017.03.29-45c731f
  4) cudnn/7.4.2-cuda                    9) anaconda3/latest
  5) GCCcore/5.4.0

 

/tmp/55133336/lattices
floatX=float32,device=cuda0,base_compiledir=/tmp/theano,exception_verbosity=high,openmp=False
/scratch/work/groszt1/envs/theanoLM/lib/python3.7/site-packages/theano/gpuarray/dnn.py:184: UserWarning: Your cuDNN version is more recent than Theano. If you encounter problems, try updating Theano or downgrading cuDNN to a version >= v5 and <= v7.
  warnings.warn("Your cuDNN version is more recent than "
Using cuDNN version 7600 on context None
Mapped name None to device cuda0: Tesla P100-PCIE-16GB (0000:03:00.0)
TheanoLM 1.3.2
Theano 1.0.4
pygpu 0.7.6
==
+ srun --gres=gpu:1 theanolm decode /scratch/work/moisioa3/conv_lm/experiments/theanolm-morph-42k/expt2-sampled/nnlm.h5 --lattice-list /tmp/55133336/lattices/lattice-list --output-file /scratch/work/moisioa3/conv_lm/experiments/theanolm-morph-42k/expt2-sampled/decode/eval/lambda=0.5-lms=9/101.trn --output trn --nnlm-weight 0.5 --lm-scale 9 --max-tokens-per-node 62 --beam 650 --recombination-order 22 --num-jobs 128 --job 101 --unk-penalty=-20
2020-08-20 19:26:52,989 get_default_device: Context None device="Tesla P100-PCIE-16GB" ID="0000:03:00.0"
2020-08-20 19:26:52,990 from_file: Reading vocabulary from network state.
2020-08-20 19:26:53,242 from_file: Number of words in vocabulary: 42699
2020-08-20 19:26:53,242 from_file: Number of words in shortlist: 42699
2020-08-20 19:26:53,242 from_file: Number of word classes: 42699
2020-08-20 19:26:53,242 from_file: Building neural network.
2020-08-20 19:27:47,646 from_file: Restoring neural network state.
2020-08-20 19:27:47,988 decode: Building word lattice decoder.
2020-08-20 19:27:53,519 __iter__: Reading lattice file `/tmp/55133336/lattices/dspm023_dsp2013_17.lat.gz´.
2020-08-20 19:27:53,907 decode: Utterance `dspm023_dsp2013_17´ -- 1 of job 101
2020-08-20 19:28:01,940 __iter__: Reading lattice file `/tmp/55133336/lattices/radioerkka_puhujainkulma20120909_17.lat.gz´.
2020-08-20 19:28:02,013 decode: Utterance `radioerkka_puhujainkulma20120909_17´ -- 2 of job 101
2020-08-20 19:28:04,168 __iter__: Reading lattice file `/tmp/55133336/lattices/radiokatupaimen_aamushow20120720_44.lat.gz´.
2020-08-20 19:28:04,268 decode: Utterance `radiokatupaimen_aamushow20120720_44´ -- 3 of job 101
2020-08-20 19:28:07,178 __iter__: Reading lattice file `/tmp/55133336/lattices/radioruudolf_aamushow20100713_72.lat.gz´.
2020-08-20 19:28:07,206 decode: Utterance `radioruudolf_aamushow20100713_72´ -- 4 of job 101
/scratch/work/groszt1/envs/theanoLM/lib/python3.7/site-packages/theano/gpuarray/dnn.py:184: UserWarning: Your cuDNN version is more recent than Theano. If you encounter problems, try updating Theano or downgrading cuDNN to a version >= v5 and <= v7.
  warnings.warn("Your cuDNN version is more recent than "
Using cuDNN version 7600 on context None
Mapped name None to device cuda0: Tesla P100-PCIE-16GB (0000:03:00.0)
/scratch/work/groszt1/envs/theanoLM/lib/python3.7/site-packages/h5py-2.9.0-py3.7-linux-x86_64.egg/h5py/_hl/dataset.py:313: H5pyDeprecationWarning: dataset.value has been deprecated. Use dataset[()] instead.
  "Use dataset[()] instead.", H5pyDeprecationWarning)
/scratch/work/groszt1/envs/theanoLM/lib/python3.7/site-packages/h5py-2.9.0-py3.7-linux-x86_64.egg/h5py/_hl/dataset.py:313: H5pyDeprecationWarning: dataset.value has been deprecated. Use dataset[()] instead.
  "Use dataset[()] instead.", H5pyDeprecationWarning)
decode_theanolm finished.
/tmp/55133336/lattices
floatX=float32,device=cuda0,base_compiledir=/tmp/theano,exception_verbosity=high,openmp=False
/scratch/work/groszt1/envs/theanoLM/lib/python3.7/site-packages/theano/gpuarray/dnn.py:184: UserWarning: Your cuDNN version is more recent than Theano. If you encounter problems, try updating Theano or downgrading cuDNN to a version >= v5 and <= v7.
  warnings.warn("Your cuDNN version is more recent than "
Using cuDNN version 7600 on context None
Mapped name None to device cuda0: Tesla P100-PCIE-16GB (0000:03:00.0)
TheanoLM 1.3.2
Theano 1.0.4
pygpu 0.7.6
==
+ srun --gres=gpu:1 theanolm decode /scratch/work/moisioa3/conv_lm/experiments/theanolm-morph-42k/expt2-sampled/nnlm.h5 --lattice-list /tmp/55133336/lattices/lattice-list --output-file /scratch/work/moisioa3/conv_lm/experiments/theanolm-morph-42k/expt2-sampled/decode/eval/lambda=1.0-lms=9/101.trn --output trn --nnlm-weight 1.0 --lm-scale 9 --max-tokens-per-node 62 --beam 650 --recombination-order 22 --num-jobs 128 --job 101 --unk-penalty=-20
2020-08-20 19:28:14,185 get_default_device: Context None device="Tesla P100-PCIE-16GB" ID="0000:03:00.0"
2020-08-20 19:28:14,186 from_file: Reading vocabulary from network state.
2020-08-20 19:28:14,447 from_file: Number of words in vocabulary: 42699
2020-08-20 19:28:14,447 from_file: Number of words in shortlist: 42699
2020-08-20 19:28:14,447 from_file: Number of word classes: 42699
2020-08-20 19:28:14,448 from_file: Building neural network.
2020-08-20 19:29:01,506 from_file: Restoring neural network state.
2020-08-20 19:29:01,845 decode: Building word lattice decoder.
2020-08-20 19:29:07,516 __iter__: Reading lattice file `/tmp/55133336/lattices/dspm023_dsp2013_17.lat.gz´.
2020-08-20 19:29:07,887 decode: Utterance `dspm023_dsp2013_17´ -- 1 of job 101
2020-08-20 19:29:15,524 __iter__: Reading lattice file `/tmp/55133336/lattices/radioerkka_puhujainkulma20120909_17.lat.gz´.
2020-08-20 19:29:15,600 decode: Utterance `radioerkka_puhujainkulma20120909_17´ -- 2 of job 101
2020-08-20 19:29:17,178 __iter__: Reading lattice file `/tmp/55133336/lattices/radiokatupaimen_aamushow20120720_44.lat.gz´.
2020-08-20 19:29:17,278 decode: Utterance `radiokatupaimen_aamushow20120720_44´ -- 3 of job 101
2020-08-20 19:29:19,826 __iter__: Reading lattice file `/tmp/55133336/lattices/radioruudolf_aamushow20100713_72.lat.gz´.
2020-08-20 19:29:19,857 decode: Utterance `radioruudolf_aamushow20100713_72´ -- 4 of job 101
/scratch/work/groszt1/envs/theanoLM/lib/python3.7/site-packages/theano/gpuarray/dnn.py:184: UserWarning: Your cuDNN version is more recent than Theano. If you encounter problems, try updating Theano or downgrading cuDNN to a version >= v5 and <= v7.
  warnings.warn("Your cuDNN version is more recent than "
Using cuDNN version 7600 on context None
Mapped name None to device cuda0: Tesla P100-PCIE-16GB (0000:03:00.0)
/scratch/work/groszt1/envs/theanoLM/lib/python3.7/site-packages/h5py-2.9.0-py3.7-linux-x86_64.egg/h5py/_hl/dataset.py:313: H5pyDeprecationWarning: dataset.value has been deprecated. Use dataset[()] instead.
  "Use dataset[()] instead.", H5pyDeprecationWarning)
/scratch/work/groszt1/envs/theanoLM/lib/python3.7/site-packages/h5py-2.9.0-py3.7-linux-x86_64.egg/h5py/_hl/dataset.py:313: H5pyDeprecationWarning: dataset.value has been deprecated. Use dataset[()] instead.
  "Use dataset[()] instead.", H5pyDeprecationWarning)
decode_theanolm finished.
decode eval finished.
