Experiment: theanolm-morph-42k/expt2-sampled
Job ID: 55133082
Task ID: 114
Host: gpu24.int.triton.aalto.fi
Start date: Thu Aug 20 18:12:04 EEST 2020
Work directory: /scratch/work/moisioa3/conv_lm/experiments/theanolm-morph-42k/expt2-sampled
Temporary directory: /tmp/55133082

Currently Loaded Modules:
  1) speech-scripts/2016.05.24-b928230   6) binutils/2.25-GCCcore-5.4.0
  2) srilm/default                       7) GCC/5.4.0-2.25
  3) cuda/10.0.130                       8) libgpuarray/2017.03.29-45c731f
  4) cudnn/7.4.2-cuda                    9) anaconda3/latest
  5) GCCcore/5.4.0

 

/tmp/55133082/lattices
floatX=float32,device=cuda0,base_compiledir=/tmp/theano,exception_verbosity=high,openmp=False
/scratch/work/groszt1/envs/theanoLM/lib/python3.7/site-packages/theano/gpuarray/dnn.py:184: UserWarning: Your cuDNN version is more recent than Theano. If you encounter problems, try updating Theano or downgrading cuDNN to a version >= v5 and <= v7.
  warnings.warn("Your cuDNN version is more recent than "
Using cuDNN version 7600 on context None
Mapped name None to device cuda0: Tesla P100-PCIE-16GB (0000:03:00.0)
TheanoLM 1.3.2
Theano 1.0.4
pygpu 0.7.6
==
+ srun --gres=gpu:1 theanolm decode /scratch/work/moisioa3/conv_lm/experiments/theanolm-morph-42k/expt2-sampled/nnlm.h5 --lattice-list /tmp/55133082/lattices/lattice-list --output-file /scratch/work/moisioa3/conv_lm/experiments/theanolm-morph-42k/expt2-sampled/decode/eval/lambda=0.5-lms=9/114.trn --output trn --nnlm-weight 0.5 --lm-scale 9 --max-tokens-per-node 62 --beam 650 --recombination-order 22 --num-jobs 128 --job 114 --unk-penalty=-20
2020-08-20 18:12:17,004 get_default_device: Context None device="Tesla P100-PCIE-16GB" ID="0000:03:00.0"
2020-08-20 18:12:17,005 from_file: Reading vocabulary from network state.
2020-08-20 18:12:17,243 from_file: Number of words in vocabulary: 42699
2020-08-20 18:12:17,244 from_file: Number of words in shortlist: 42699
2020-08-20 18:12:17,244 from_file: Number of word classes: 42699
2020-08-20 18:12:17,244 from_file: Building neural network.
2020-08-20 18:13:00,683 from_file: Restoring neural network state.
2020-08-20 18:13:01,023 decode: Building word lattice decoder.
2020-08-20 18:13:06,288 __iter__: Reading lattice file `/tmp/55133082/lattices/dspm023_dsp2013_30.lat.gz´.
2020-08-20 18:13:06,307 decode: Utterance `dspm023_dsp2013_30´ -- 1 of job 114
2020-08-20 18:13:06,918 __iter__: Reading lattice file `/tmp/55133082/lattices/radioerkka_puhujainkulma20120930_105.lat.gz´.
2020-08-20 18:13:06,922 decode: Utterance `radioerkka_puhujainkulma20120930_105´ -- 2 of job 114
2020-08-20 18:13:07,030 __iter__: Reading lattice file `/tmp/55133082/lattices/radiokatupaimen_aamushow20120720_61.lat.gz´.
2020-08-20 18:13:07,922 decode: Utterance `radiokatupaimen_aamushow20120720_61´ -- 3 of job 114
2020-08-20 18:13:38,268 __iter__: Reading lattice file `/tmp/55133082/lattices/radioruudolf_aamushow20100713_89.lat.gz´.
2020-08-20 18:13:38,621 decode: Utterance `radioruudolf_aamushow20100713_89´ -- 4 of job 114
/scratch/work/groszt1/envs/theanoLM/lib/python3.7/site-packages/theano/gpuarray/dnn.py:184: UserWarning: Your cuDNN version is more recent than Theano. If you encounter problems, try updating Theano or downgrading cuDNN to a version >= v5 and <= v7.
  warnings.warn("Your cuDNN version is more recent than "
Using cuDNN version 7600 on context None
Mapped name None to device cuda0: Tesla P100-PCIE-16GB (0000:03:00.0)
/scratch/work/groszt1/envs/theanoLM/lib/python3.7/site-packages/h5py-2.9.0-py3.7-linux-x86_64.egg/h5py/_hl/dataset.py:313: H5pyDeprecationWarning: dataset.value has been deprecated. Use dataset[()] instead.
  "Use dataset[()] instead.", H5pyDeprecationWarning)
/scratch/work/groszt1/envs/theanoLM/lib/python3.7/site-packages/h5py-2.9.0-py3.7-linux-x86_64.egg/h5py/_hl/dataset.py:313: H5pyDeprecationWarning: dataset.value has been deprecated. Use dataset[()] instead.
  "Use dataset[()] instead.", H5pyDeprecationWarning)
decode_theanolm finished.
/tmp/55133082/lattices
floatX=float32,device=cuda0,base_compiledir=/tmp/theano,exception_verbosity=high,openmp=False
/scratch/work/groszt1/envs/theanoLM/lib/python3.7/site-packages/theano/gpuarray/dnn.py:184: UserWarning: Your cuDNN version is more recent than Theano. If you encounter problems, try updating Theano or downgrading cuDNN to a version >= v5 and <= v7.
  warnings.warn("Your cuDNN version is more recent than "
Using cuDNN version 7600 on context None
Mapped name None to device cuda0: Tesla P100-PCIE-16GB (0000:03:00.0)
TheanoLM 1.3.2
Theano 1.0.4
pygpu 0.7.6
==
+ srun --gres=gpu:1 theanolm decode /scratch/work/moisioa3/conv_lm/experiments/theanolm-morph-42k/expt2-sampled/nnlm.h5 --lattice-list /tmp/55133082/lattices/lattice-list --output-file /scratch/work/moisioa3/conv_lm/experiments/theanolm-morph-42k/expt2-sampled/decode/eval/lambda=0.5-lms=10/114.trn --output trn --nnlm-weight 0.5 --lm-scale 10 --max-tokens-per-node 62 --beam 650 --recombination-order 22 --num-jobs 128 --job 114 --unk-penalty=-20
2020-08-20 18:13:54,673 get_default_device: Context None device="Tesla P100-PCIE-16GB" ID="0000:03:00.0"
2020-08-20 18:13:54,675 from_file: Reading vocabulary from network state.
2020-08-20 18:13:54,933 from_file: Number of words in vocabulary: 42699
2020-08-20 18:13:54,933 from_file: Number of words in shortlist: 42699
2020-08-20 18:13:54,934 from_file: Number of word classes: 42699
2020-08-20 18:13:54,934 from_file: Building neural network.
2020-08-20 18:14:37,457 from_file: Restoring neural network state.
2020-08-20 18:14:37,806 decode: Building word lattice decoder.
2020-08-20 18:14:43,450 __iter__: Reading lattice file `/tmp/55133082/lattices/dspm023_dsp2013_30.lat.gz´.
2020-08-20 18:14:43,470 decode: Utterance `dspm023_dsp2013_30´ -- 1 of job 114
2020-08-20 18:14:44,119 __iter__: Reading lattice file `/tmp/55133082/lattices/radioerkka_puhujainkulma20120930_105.lat.gz´.
2020-08-20 18:14:44,123 decode: Utterance `radioerkka_puhujainkulma20120930_105´ -- 2 of job 114
2020-08-20 18:14:44,239 __iter__: Reading lattice file `/tmp/55133082/lattices/radiokatupaimen_aamushow20120720_61.lat.gz´.
2020-08-20 18:14:45,267 decode: Utterance `radiokatupaimen_aamushow20120720_61´ -- 3 of job 114
2020-08-20 18:15:18,151 __iter__: Reading lattice file `/tmp/55133082/lattices/radioruudolf_aamushow20100713_89.lat.gz´.
2020-08-20 18:15:18,514 decode: Utterance `radioruudolf_aamushow20100713_89´ -- 4 of job 114
/scratch/work/groszt1/envs/theanoLM/lib/python3.7/site-packages/theano/gpuarray/dnn.py:184: UserWarning: Your cuDNN version is more recent than Theano. If you encounter problems, try updating Theano or downgrading cuDNN to a version >= v5 and <= v7.
  warnings.warn("Your cuDNN version is more recent than "
Using cuDNN version 7600 on context None
Mapped name None to device cuda0: Tesla P100-PCIE-16GB (0000:03:00.0)
/scratch/work/groszt1/envs/theanoLM/lib/python3.7/site-packages/h5py-2.9.0-py3.7-linux-x86_64.egg/h5py/_hl/dataset.py:313: H5pyDeprecationWarning: dataset.value has been deprecated. Use dataset[()] instead.
  "Use dataset[()] instead.", H5pyDeprecationWarning)
/scratch/work/groszt1/envs/theanoLM/lib/python3.7/site-packages/h5py-2.9.0-py3.7-linux-x86_64.egg/h5py/_hl/dataset.py:313: H5pyDeprecationWarning: dataset.value has been deprecated. Use dataset[()] instead.
  "Use dataset[()] instead.", H5pyDeprecationWarning)
decode_theanolm finished.
/tmp/55133082/lattices
floatX=float32,device=cuda0,base_compiledir=/tmp/theano,exception_verbosity=high,openmp=False
/scratch/work/groszt1/envs/theanoLM/lib/python3.7/site-packages/theano/gpuarray/dnn.py:184: UserWarning: Your cuDNN version is more recent than Theano. If you encounter problems, try updating Theano or downgrading cuDNN to a version >= v5 and <= v7.
  warnings.warn("Your cuDNN version is more recent than "
Using cuDNN version 7600 on context None
Mapped name None to device cuda0: Tesla P100-PCIE-16GB (0000:03:00.0)
TheanoLM 1.3.2
Theano 1.0.4
pygpu 0.7.6
==
+ srun --gres=gpu:1 theanolm decode /scratch/work/moisioa3/conv_lm/experiments/theanolm-morph-42k/expt2-sampled/nnlm.h5 --lattice-list /tmp/55133082/lattices/lattice-list --output-file /scratch/work/moisioa3/conv_lm/experiments/theanolm-morph-42k/expt2-sampled/decode/eval/lambda=1.0-lms=9/114.trn --output trn --nnlm-weight 1.0 --lm-scale 9 --max-tokens-per-node 62 --beam 650 --recombination-order 22 --num-jobs 128 --job 114 --unk-penalty=-20
2020-08-20 18:15:31,869 get_default_device: Context None device="Tesla P100-PCIE-16GB" ID="0000:03:00.0"
2020-08-20 18:15:31,870 from_file: Reading vocabulary from network state.
2020-08-20 18:15:32,140 from_file: Number of words in vocabulary: 42699
2020-08-20 18:15:32,140 from_file: Number of words in shortlist: 42699
2020-08-20 18:15:32,141 from_file: Number of word classes: 42699
2020-08-20 18:15:32,141 from_file: Building neural network.
2020-08-20 18:16:17,752 from_file: Restoring neural network state.
2020-08-20 18:16:18,092 decode: Building word lattice decoder.
2020-08-20 18:16:24,588 __iter__: Reading lattice file `/tmp/55133082/lattices/dspm023_dsp2013_30.lat.gz´.
2020-08-20 18:16:24,607 decode: Utterance `dspm023_dsp2013_30´ -- 1 of job 114
2020-08-20 18:16:25,180 __iter__: Reading lattice file `/tmp/55133082/lattices/radioerkka_puhujainkulma20120930_105.lat.gz´.
2020-08-20 18:16:25,184 decode: Utterance `radioerkka_puhujainkulma20120930_105´ -- 2 of job 114
2020-08-20 18:16:25,301 __iter__: Reading lattice file `/tmp/55133082/lattices/radiokatupaimen_aamushow20120720_61.lat.gz´.
2020-08-20 18:16:26,105 decode: Utterance `radiokatupaimen_aamushow20120720_61´ -- 3 of job 114
2020-08-20 18:16:53,154 __iter__: Reading lattice file `/tmp/55133082/lattices/radioruudolf_aamushow20100713_89.lat.gz´.
2020-08-20 18:16:53,487 decode: Utterance `radioruudolf_aamushow20100713_89´ -- 4 of job 114
/scratch/work/groszt1/envs/theanoLM/lib/python3.7/site-packages/theano/gpuarray/dnn.py:184: UserWarning: Your cuDNN version is more recent than Theano. If you encounter problems, try updating Theano or downgrading cuDNN to a version >= v5 and <= v7.
  warnings.warn("Your cuDNN version is more recent than "
Using cuDNN version 7600 on context None
Mapped name None to device cuda0: Tesla P100-PCIE-16GB (0000:03:00.0)
/scratch/work/groszt1/envs/theanoLM/lib/python3.7/site-packages/h5py-2.9.0-py3.7-linux-x86_64.egg/h5py/_hl/dataset.py:313: H5pyDeprecationWarning: dataset.value has been deprecated. Use dataset[()] instead.
  "Use dataset[()] instead.", H5pyDeprecationWarning)
/scratch/work/groszt1/envs/theanoLM/lib/python3.7/site-packages/h5py-2.9.0-py3.7-linux-x86_64.egg/h5py/_hl/dataset.py:313: H5pyDeprecationWarning: dataset.value has been deprecated. Use dataset[()] instead.
  "Use dataset[()] instead.", H5pyDeprecationWarning)
decode_theanolm finished.
/tmp/55133082/lattices
floatX=float32,device=cuda0,base_compiledir=/tmp/theano,exception_verbosity=high,openmp=False
/scratch/work/groszt1/envs/theanoLM/lib/python3.7/site-packages/theano/gpuarray/dnn.py:184: UserWarning: Your cuDNN version is more recent than Theano. If you encounter problems, try updating Theano or downgrading cuDNN to a version >= v5 and <= v7.
  warnings.warn("Your cuDNN version is more recent than "
Using cuDNN version 7600 on context None
Mapped name None to device cuda0: Tesla P100-PCIE-16GB (0000:03:00.0)
TheanoLM 1.3.2
Theano 1.0.4
pygpu 0.7.6
==
+ srun --gres=gpu:1 theanolm decode /scratch/work/moisioa3/conv_lm/experiments/theanolm-morph-42k/expt2-sampled/nnlm.h5 --lattice-list /tmp/55133082/lattices/lattice-list --output-file /scratch/work/moisioa3/conv_lm/experiments/theanolm-morph-42k/expt2-sampled/decode/eval/lambda=1.0-lms=10/114.trn --output trn --nnlm-weight 1.0 --lm-scale 10 --max-tokens-per-node 62 --beam 650 --recombination-order 22 --num-jobs 128 --job 114 --unk-penalty=-20
2020-08-20 18:17:06,667 get_default_device: Context None device="Tesla P100-PCIE-16GB" ID="0000:03:00.0"
2020-08-20 18:17:06,668 from_file: Reading vocabulary from network state.
2020-08-20 18:17:06,936 from_file: Number of words in vocabulary: 42699
2020-08-20 18:17:06,937 from_file: Number of words in shortlist: 42699
2020-08-20 18:17:06,937 from_file: Number of word classes: 42699
2020-08-20 18:17:06,937 from_file: Building neural network.
2020-08-20 18:17:48,088 from_file: Restoring neural network state.
2020-08-20 18:17:48,465 decode: Building word lattice decoder.
2020-08-20 18:17:53,765 __iter__: Reading lattice file `/tmp/55133082/lattices/dspm023_dsp2013_30.lat.gz´.
2020-08-20 18:17:53,784 decode: Utterance `dspm023_dsp2013_30´ -- 1 of job 114
2020-08-20 18:17:54,312 __iter__: Reading lattice file `/tmp/55133082/lattices/radioerkka_puhujainkulma20120930_105.lat.gz´.
2020-08-20 18:17:54,316 decode: Utterance `radioerkka_puhujainkulma20120930_105´ -- 2 of job 114
2020-08-20 18:17:54,426 __iter__: Reading lattice file `/tmp/55133082/lattices/radiokatupaimen_aamushow20120720_61.lat.gz´.
2020-08-20 18:17:55,318 decode: Utterance `radiokatupaimen_aamushow20120720_61´ -- 3 of job 114
2020-08-20 18:18:21,978 __iter__: Reading lattice file `/tmp/55133082/lattices/radioruudolf_aamushow20100713_89.lat.gz´.
2020-08-20 18:18:22,279 decode: Utterance `radioruudolf_aamushow20100713_89´ -- 4 of job 114
/scratch/work/groszt1/envs/theanoLM/lib/python3.7/site-packages/theano/gpuarray/dnn.py:184: UserWarning: Your cuDNN version is more recent than Theano. If you encounter problems, try updating Theano or downgrading cuDNN to a version >= v5 and <= v7.
  warnings.warn("Your cuDNN version is more recent than "
Using cuDNN version 7600 on context None
Mapped name None to device cuda0: Tesla P100-PCIE-16GB (0000:03:00.0)
/scratch/work/groszt1/envs/theanoLM/lib/python3.7/site-packages/h5py-2.9.0-py3.7-linux-x86_64.egg/h5py/_hl/dataset.py:313: H5pyDeprecationWarning: dataset.value has been deprecated. Use dataset[()] instead.
  "Use dataset[()] instead.", H5pyDeprecationWarning)
/scratch/work/groszt1/envs/theanoLM/lib/python3.7/site-packages/h5py-2.9.0-py3.7-linux-x86_64.egg/h5py/_hl/dataset.py:313: H5pyDeprecationWarning: dataset.value has been deprecated. Use dataset[()] instead.
  "Use dataset[()] instead.", H5pyDeprecationWarning)
decode_theanolm finished.
decode eval finished.
