Experiment: theanolm-morph-42k/expt2-sampled
Job ID: 55088286
Task ID: 27
Host: gpu21.int.triton.aalto.fi
Start date: Sat Aug 15 09:09:11 EEST 2020
Work directory: /scratch/work/moisioa3/conv_lm/experiments/theanolm-morph-42k/expt2-sampled
Temporary directory: /tmp/55088286

Currently Loaded Modules:
  1) speech-scripts/2016.05.24-b928230   6) binutils/2.25-GCCcore-5.4.0
  2) srilm/default                       7) GCC/5.4.0-2.25
  3) cuda/10.0.130                       8) libgpuarray/2017.03.29-45c731f
  4) cudnn/7.4.2-cuda                    9) anaconda3/latest
  5) GCCcore/5.4.0

 

/tmp/55088286/lattices
floatX=float32,device=cuda0,base_compiledir=/tmp/theano,exception_verbosity=high,openmp=False
INFO (theano.gof.compilelock): Waiting for existing lock by process '6851' (I am process '6852')
INFO (theano.gof.compilelock): To manually release the lock, delete /tmp/theano/compiledir_Linux-3.10-el7.x86_64-x86_64-with-centos-7.8.2003-Core-x86_64-3.7.3-64/lock_dir
INFO (theano.gof.compilelock): Waiting for existing lock by process '6843' (I am process '6852')
INFO (theano.gof.compilelock): To manually release the lock, delete /tmp/theano/compiledir_Linux-3.10-el7.x86_64-x86_64-with-centos-7.8.2003-Core-x86_64-3.7.3-64/lock_dir
INFO (theano.gof.compilelock): Waiting for existing lock by process '6853' (I am process '6852')
INFO (theano.gof.compilelock): To manually release the lock, delete /tmp/theano/compiledir_Linux-3.10-el7.x86_64-x86_64-with-centos-7.8.2003-Core-x86_64-3.7.3-64/lock_dir
/scratch/work/groszt1/envs/theanoLM/lib/python3.7/site-packages/theano/gpuarray/dnn.py:184: UserWarning: Your cuDNN version is more recent than Theano. If you encounter problems, try updating Theano or downgrading cuDNN to a version >= v5 and <= v7.
  warnings.warn("Your cuDNN version is more recent than "
Using cuDNN version 7600 on context None
Mapped name None to device cuda0: Tesla K80 (0000:09:00.0)
TheanoLM 1.3.2
Theano 1.0.4
pygpu 0.7.6
==
+ srun --gres=gpu:1 theanolm decode /scratch/work/moisioa3/conv_lm/experiments/theanolm-morph-42k/expt2-sampled/nnlm.h5 --lattice-list /tmp/55088286/lattices/lattice-list --output-file /scratch/work/moisioa3/conv_lm/experiments/theanolm-morph-42k/expt2-sampled/decode/devel/lambda=0.5-lms=8/27.trn --output trn --nnlm-weight 0.5 --lm-scale 8 --max-tokens-per-node 62 --beam 650 --recombination-order 22 --num-jobs 128 --job 27 --unk-penalty=-20
2020-08-15 09:10:09,873 get_default_device: Context None device="Tesla K80" ID="0000:09:00.0"
2020-08-15 09:10:09,875 from_file: Reading vocabulary from network state.
2020-08-15 09:10:10,255 from_file: Number of words in vocabulary: 42699
2020-08-15 09:10:10,255 from_file: Number of words in shortlist: 42699
2020-08-15 09:10:10,256 from_file: Number of word classes: 42699
2020-08-15 09:10:10,256 from_file: Building neural network.
2020-08-15 09:10:59,129 from_file: Restoring neural network state.
2020-08-15 09:10:59,448 decode: Building word lattice decoder.
2020-08-15 09:11:09,394 __iter__: Reading lattice file `/tmp/55088286/lattices/dspf007_dsp2013_08.lat.gz´.
2020-08-15 09:11:11,060 decode: Utterance `dspf007_dsp2013_08´ -- 1 of job 27
2020-08-15 09:13:30,024 __iter__: Reading lattice file `/tmp/55088286/lattices/dspm010_dsp2013_08.lat.gz´.
2020-08-15 09:13:30,777 decode: Utterance `dspm010_dsp2013_08´ -- 2 of job 27
2020-08-15 09:14:32,996 __iter__: Reading lattice file `/tmp/55088286/lattices/dspm019_dsp2013_04.lat.gz´.
2020-08-15 09:14:33,007 decode: Utterance `dspm019_dsp2013_04´ -- 3 of job 27
2020-08-15 09:14:33,467 __iter__: Reading lattice file `/tmp/55088286/lattices/dspm026_dsp2013_14.lat.gz´.
2020-08-15 09:14:34,512 decode: Utterance `dspm026_dsp2013_14´ -- 4 of job 27
2020-08-15 09:15:40,157 __iter__: Reading lattice file `/tmp/55088286/lattices/dspm036_dsp2013_37.lat.gz´.
2020-08-15 09:15:45,240 decode: Utterance `dspm036_dsp2013_37´ -- 5 of job 27
2020-08-15 09:21:27,222 __iter__: Reading lattice file `/tmp/55088286/lattices/dspm047_dsp2013_12.lat.gz´.
2020-08-15 09:21:28,974 decode: Utterance `dspm047_dsp2013_12´ -- 6 of job 27
2020-08-15 09:23:16,613 __iter__: Reading lattice file `/tmp/55088286/lattices/dspm055_dsp2013_16.lat.gz´.
2020-08-15 09:23:16,979 decode: Utterance `dspm055_dsp2013_16´ -- 7 of job 27
2020-08-15 09:23:37,139 __iter__: Reading lattice file `/tmp/55088286/lattices/radiokassu_kbk20120915_5.lat.gz´.
2020-08-15 09:23:37,175 decode: Utterance `radiokassu_kbk20120915_5´ -- 8 of job 27
/scratch/work/groszt1/envs/theanoLM/lib/python3.7/site-packages/theano/gpuarray/dnn.py:184: UserWarning: Your cuDNN version is more recent than Theano. If you encounter problems, try updating Theano or downgrading cuDNN to a version >= v5 and <= v7.
  warnings.warn("Your cuDNN version is more recent than "
Using cuDNN version 7600 on context None
Mapped name None to device cuda0: Tesla K80 (0000:09:00.0)
/scratch/work/groszt1/envs/theanoLM/lib/python3.7/site-packages/h5py-2.9.0-py3.7-linux-x86_64.egg/h5py/_hl/dataset.py:313: H5pyDeprecationWarning: dataset.value has been deprecated. Use dataset[()] instead.
  "Use dataset[()] instead.", H5pyDeprecationWarning)
/scratch/work/groszt1/envs/theanoLM/lib/python3.7/site-packages/h5py-2.9.0-py3.7-linux-x86_64.egg/h5py/_hl/dataset.py:313: H5pyDeprecationWarning: dataset.value has been deprecated. Use dataset[()] instead.
  "Use dataset[()] instead.", H5pyDeprecationWarning)
decode_theanolm finished.
/tmp/55088286/lattices
floatX=float32,device=cuda0,base_compiledir=/tmp/theano,exception_verbosity=high,openmp=False
/scratch/work/groszt1/envs/theanoLM/lib/python3.7/site-packages/theano/gpuarray/dnn.py:184: UserWarning: Your cuDNN version is more recent than Theano. If you encounter problems, try updating Theano or downgrading cuDNN to a version >= v5 and <= v7.
  warnings.warn("Your cuDNN version is more recent than "
Using cuDNN version 7600 on context None
Mapped name None to device cuda0: Tesla K80 (0000:09:00.0)
TheanoLM 1.3.2
Theano 1.0.4
pygpu 0.7.6
==
+ srun --gres=gpu:1 theanolm decode /scratch/work/moisioa3/conv_lm/experiments/theanolm-morph-42k/expt2-sampled/nnlm.h5 --lattice-list /tmp/55088286/lattices/lattice-list --output-file /scratch/work/moisioa3/conv_lm/experiments/theanolm-morph-42k/expt2-sampled/decode/devel/lambda=0.5-lms=9/27.trn --output trn --nnlm-weight 0.5 --lm-scale 9 --max-tokens-per-node 62 --beam 650 --recombination-order 22 --num-jobs 128 --job 27 --unk-penalty=-20
2020-08-15 09:23:46,545 get_default_device: Context None device="Tesla K80" ID="0000:09:00.0"
2020-08-15 09:23:46,546 from_file: Reading vocabulary from network state.
2020-08-15 09:23:46,830 from_file: Number of words in vocabulary: 42699
2020-08-15 09:23:46,830 from_file: Number of words in shortlist: 42699
2020-08-15 09:23:46,830 from_file: Number of word classes: 42699
2020-08-15 09:23:46,830 from_file: Building neural network.
2020-08-15 09:24:32,082 from_file: Restoring neural network state.
2020-08-15 09:24:32,415 decode: Building word lattice decoder.
2020-08-15 09:24:38,024 __iter__: Reading lattice file `/tmp/55088286/lattices/dspf007_dsp2013_08.lat.gz´.
2020-08-15 09:24:39,960 decode: Utterance `dspf007_dsp2013_08´ -- 1 of job 27
2020-08-15 09:27:01,620 __iter__: Reading lattice file `/tmp/55088286/lattices/dspm010_dsp2013_08.lat.gz´.
2020-08-15 09:27:02,294 decode: Utterance `dspm010_dsp2013_08´ -- 2 of job 27
2020-08-15 09:28:05,765 __iter__: Reading lattice file `/tmp/55088286/lattices/dspm019_dsp2013_04.lat.gz´.
2020-08-15 09:28:05,775 decode: Utterance `dspm019_dsp2013_04´ -- 3 of job 27
2020-08-15 09:28:06,234 __iter__: Reading lattice file `/tmp/55088286/lattices/dspm026_dsp2013_14.lat.gz´.
2020-08-15 09:28:07,247 decode: Utterance `dspm026_dsp2013_14´ -- 4 of job 27
2020-08-15 09:29:13,140 __iter__: Reading lattice file `/tmp/55088286/lattices/dspm036_dsp2013_37.lat.gz´.
2020-08-15 09:29:17,733 decode: Utterance `dspm036_dsp2013_37´ -- 5 of job 27
2020-08-15 09:35:03,157 __iter__: Reading lattice file `/tmp/55088286/lattices/dspm047_dsp2013_12.lat.gz´.
2020-08-15 09:35:04,896 decode: Utterance `dspm047_dsp2013_12´ -- 6 of job 27
2020-08-15 09:36:49,631 __iter__: Reading lattice file `/tmp/55088286/lattices/dspm055_dsp2013_16.lat.gz´.
2020-08-15 09:36:49,986 decode: Utterance `dspm055_dsp2013_16´ -- 7 of job 27
2020-08-15 09:37:10,899 __iter__: Reading lattice file `/tmp/55088286/lattices/radiokassu_kbk20120915_5.lat.gz´.
2020-08-15 09:37:10,937 decode: Utterance `radiokassu_kbk20120915_5´ -- 8 of job 27
/scratch/work/groszt1/envs/theanoLM/lib/python3.7/site-packages/theano/gpuarray/dnn.py:184: UserWarning: Your cuDNN version is more recent than Theano. If you encounter problems, try updating Theano or downgrading cuDNN to a version >= v5 and <= v7.
  warnings.warn("Your cuDNN version is more recent than "
Using cuDNN version 7600 on context None
Mapped name None to device cuda0: Tesla K80 (0000:09:00.0)
/scratch/work/groszt1/envs/theanoLM/lib/python3.7/site-packages/h5py-2.9.0-py3.7-linux-x86_64.egg/h5py/_hl/dataset.py:313: H5pyDeprecationWarning: dataset.value has been deprecated. Use dataset[()] instead.
  "Use dataset[()] instead.", H5pyDeprecationWarning)
/scratch/work/groszt1/envs/theanoLM/lib/python3.7/site-packages/h5py-2.9.0-py3.7-linux-x86_64.egg/h5py/_hl/dataset.py:313: H5pyDeprecationWarning: dataset.value has been deprecated. Use dataset[()] instead.
  "Use dataset[()] instead.", H5pyDeprecationWarning)
decode_theanolm finished.
/tmp/55088286/lattices
floatX=float32,device=cuda0,base_compiledir=/tmp/theano,exception_verbosity=high,openmp=False
/scratch/work/groszt1/envs/theanoLM/lib/python3.7/site-packages/theano/gpuarray/dnn.py:184: UserWarning: Your cuDNN version is more recent than Theano. If you encounter problems, try updating Theano or downgrading cuDNN to a version >= v5 and <= v7.
  warnings.warn("Your cuDNN version is more recent than "
Using cuDNN version 7600 on context None
Mapped name None to device cuda0: Tesla K80 (0000:09:00.0)
TheanoLM 1.3.2
Theano 1.0.4
pygpu 0.7.6
==
+ srun --gres=gpu:1 theanolm decode /scratch/work/moisioa3/conv_lm/experiments/theanolm-morph-42k/expt2-sampled/nnlm.h5 --lattice-list /tmp/55088286/lattices/lattice-list --output-file /scratch/work/moisioa3/conv_lm/experiments/theanolm-morph-42k/expt2-sampled/decode/devel/lambda=0.5-lms=10/27.trn --output trn --nnlm-weight 0.5 --lm-scale 10 --max-tokens-per-node 62 --beam 650 --recombination-order 22 --num-jobs 128 --job 27 --unk-penalty=-20
2020-08-15 09:37:20,340 get_default_device: Context None device="Tesla K80" ID="0000:09:00.0"
2020-08-15 09:37:20,342 from_file: Reading vocabulary from network state.
2020-08-15 09:37:20,630 from_file: Number of words in vocabulary: 42699
2020-08-15 09:37:20,631 from_file: Number of words in shortlist: 42699
2020-08-15 09:37:20,631 from_file: Number of word classes: 42699
2020-08-15 09:37:20,631 from_file: Building neural network.
2020-08-15 09:38:07,033 from_file: Restoring neural network state.
2020-08-15 09:38:07,375 decode: Building word lattice decoder.
2020-08-15 09:38:13,775 __iter__: Reading lattice file `/tmp/55088286/lattices/dspf007_dsp2013_08.lat.gz´.
2020-08-15 09:38:15,762 decode: Utterance `dspf007_dsp2013_08´ -- 1 of job 27
2020-08-15 09:40:40,142 __iter__: Reading lattice file `/tmp/55088286/lattices/dspm010_dsp2013_08.lat.gz´.
2020-08-15 09:40:40,874 decode: Utterance `dspm010_dsp2013_08´ -- 2 of job 27
2020-08-15 09:41:43,364 __iter__: Reading lattice file `/tmp/55088286/lattices/dspm019_dsp2013_04.lat.gz´.
2020-08-15 09:41:43,375 decode: Utterance `dspm019_dsp2013_04´ -- 3 of job 27
2020-08-15 09:41:43,832 __iter__: Reading lattice file `/tmp/55088286/lattices/dspm026_dsp2013_14.lat.gz´.
2020-08-15 09:41:44,859 decode: Utterance `dspm026_dsp2013_14´ -- 4 of job 27
2020-08-15 09:42:52,114 __iter__: Reading lattice file `/tmp/55088286/lattices/dspm036_dsp2013_37.lat.gz´.
2020-08-15 09:42:56,754 decode: Utterance `dspm036_dsp2013_37´ -- 5 of job 27
2020-08-15 09:48:46,864 __iter__: Reading lattice file `/tmp/55088286/lattices/dspm047_dsp2013_12.lat.gz´.
2020-08-15 09:48:48,589 decode: Utterance `dspm047_dsp2013_12´ -- 6 of job 27
2020-08-15 09:50:42,281 __iter__: Reading lattice file `/tmp/55088286/lattices/dspm055_dsp2013_16.lat.gz´.
2020-08-15 09:50:42,650 decode: Utterance `dspm055_dsp2013_16´ -- 7 of job 27
2020-08-15 09:51:03,731 __iter__: Reading lattice file `/tmp/55088286/lattices/radiokassu_kbk20120915_5.lat.gz´.
2020-08-15 09:51:03,766 decode: Utterance `radiokassu_kbk20120915_5´ -- 8 of job 27
/scratch/work/groszt1/envs/theanoLM/lib/python3.7/site-packages/theano/gpuarray/dnn.py:184: UserWarning: Your cuDNN version is more recent than Theano. If you encounter problems, try updating Theano or downgrading cuDNN to a version >= v5 and <= v7.
  warnings.warn("Your cuDNN version is more recent than "
Using cuDNN version 7600 on context None
Mapped name None to device cuda0: Tesla K80 (0000:09:00.0)
/scratch/work/groszt1/envs/theanoLM/lib/python3.7/site-packages/h5py-2.9.0-py3.7-linux-x86_64.egg/h5py/_hl/dataset.py:313: H5pyDeprecationWarning: dataset.value has been deprecated. Use dataset[()] instead.
  "Use dataset[()] instead.", H5pyDeprecationWarning)
/scratch/work/groszt1/envs/theanoLM/lib/python3.7/site-packages/h5py-2.9.0-py3.7-linux-x86_64.egg/h5py/_hl/dataset.py:313: H5pyDeprecationWarning: dataset.value has been deprecated. Use dataset[()] instead.
  "Use dataset[()] instead.", H5pyDeprecationWarning)
decode_theanolm finished.
/tmp/55088286/lattices
floatX=float32,device=cuda0,base_compiledir=/tmp/theano,exception_verbosity=high,openmp=False
/scratch/work/groszt1/envs/theanoLM/lib/python3.7/site-packages/theano/gpuarray/dnn.py:184: UserWarning: Your cuDNN version is more recent than Theano. If you encounter problems, try updating Theano or downgrading cuDNN to a version >= v5 and <= v7.
  warnings.warn("Your cuDNN version is more recent than "
Using cuDNN version 7600 on context None
Mapped name None to device cuda0: Tesla K80 (0000:09:00.0)
TheanoLM 1.3.2
Theano 1.0.4
pygpu 0.7.6
==
+ srun --gres=gpu:1 theanolm decode /scratch/work/moisioa3/conv_lm/experiments/theanolm-morph-42k/expt2-sampled/nnlm.h5 --lattice-list /tmp/55088286/lattices/lattice-list --output-file /scratch/work/moisioa3/conv_lm/experiments/theanolm-morph-42k/expt2-sampled/decode/devel/lambda=0.5-lms=11/27.trn --output trn --nnlm-weight 0.5 --lm-scale 11 --max-tokens-per-node 62 --beam 650 --recombination-order 22 --num-jobs 128 --job 27 --unk-penalty=-20
2020-08-15 09:51:14,161 get_default_device: Context None device="Tesla K80" ID="0000:09:00.0"
2020-08-15 09:51:14,162 from_file: Reading vocabulary from network state.
2020-08-15 09:51:14,441 from_file: Number of words in vocabulary: 42699
2020-08-15 09:51:14,441 from_file: Number of words in shortlist: 42699
2020-08-15 09:51:14,441 from_file: Number of word classes: 42699
2020-08-15 09:51:14,441 from_file: Building neural network.
2020-08-15 09:51:59,698 from_file: Restoring neural network state.
2020-08-15 09:52:00,060 decode: Building word lattice decoder.
2020-08-15 09:52:07,649 __iter__: Reading lattice file `/tmp/55088286/lattices/dspf007_dsp2013_08.lat.gz´.
2020-08-15 09:52:09,697 decode: Utterance `dspf007_dsp2013_08´ -- 1 of job 27
2020-08-15 09:54:31,153 __iter__: Reading lattice file `/tmp/55088286/lattices/dspm010_dsp2013_08.lat.gz´.
2020-08-15 09:54:31,840 decode: Utterance `dspm010_dsp2013_08´ -- 2 of job 27
2020-08-15 09:55:37,017 __iter__: Reading lattice file `/tmp/55088286/lattices/dspm019_dsp2013_04.lat.gz´.
2020-08-15 09:55:37,028 decode: Utterance `dspm019_dsp2013_04´ -- 3 of job 27
2020-08-15 09:55:37,503 __iter__: Reading lattice file `/tmp/55088286/lattices/dspm026_dsp2013_14.lat.gz´.
2020-08-15 09:55:38,546 decode: Utterance `dspm026_dsp2013_14´ -- 4 of job 27
2020-08-15 09:56:53,734 __iter__: Reading lattice file `/tmp/55088286/lattices/dspm036_dsp2013_37.lat.gz´.
2020-08-15 09:56:58,453 decode: Utterance `dspm036_dsp2013_37´ -- 5 of job 27
2020-08-15 10:02:56,650 __iter__: Reading lattice file `/tmp/55088286/lattices/dspm047_dsp2013_12.lat.gz´.
2020-08-15 10:02:58,425 decode: Utterance `dspm047_dsp2013_12´ -- 6 of job 27
2020-08-15 10:05:06,192 __iter__: Reading lattice file `/tmp/55088286/lattices/dspm055_dsp2013_16.lat.gz´.
2020-08-15 10:05:06,569 decode: Utterance `dspm055_dsp2013_16´ -- 7 of job 27
2020-08-15 10:05:27,530 __iter__: Reading lattice file `/tmp/55088286/lattices/radiokassu_kbk20120915_5.lat.gz´.
2020-08-15 10:05:27,567 decode: Utterance `radiokassu_kbk20120915_5´ -- 8 of job 27
/scratch/work/groszt1/envs/theanoLM/lib/python3.7/site-packages/theano/gpuarray/dnn.py:184: UserWarning: Your cuDNN version is more recent than Theano. If you encounter problems, try updating Theano or downgrading cuDNN to a version >= v5 and <= v7.
  warnings.warn("Your cuDNN version is more recent than "
Using cuDNN version 7600 on context None
Mapped name None to device cuda0: Tesla K80 (0000:09:00.0)
/scratch/work/groszt1/envs/theanoLM/lib/python3.7/site-packages/h5py-2.9.0-py3.7-linux-x86_64.egg/h5py/_hl/dataset.py:313: H5pyDeprecationWarning: dataset.value has been deprecated. Use dataset[()] instead.
  "Use dataset[()] instead.", H5pyDeprecationWarning)
/scratch/work/groszt1/envs/theanoLM/lib/python3.7/site-packages/h5py-2.9.0-py3.7-linux-x86_64.egg/h5py/_hl/dataset.py:313: H5pyDeprecationWarning: dataset.value has been deprecated. Use dataset[()] instead.
  "Use dataset[()] instead.", H5pyDeprecationWarning)
decode_theanolm finished.
/tmp/55088286/lattices
floatX=float32,device=cuda0,base_compiledir=/tmp/theano,exception_verbosity=high,openmp=False
/scratch/work/groszt1/envs/theanoLM/lib/python3.7/site-packages/theano/gpuarray/dnn.py:184: UserWarning: Your cuDNN version is more recent than Theano. If you encounter problems, try updating Theano or downgrading cuDNN to a version >= v5 and <= v7.
  warnings.warn("Your cuDNN version is more recent than "
Using cuDNN version 7600 on context None
Mapped name None to device cuda0: Tesla K80 (0000:09:00.0)
TheanoLM 1.3.2
Theano 1.0.4
pygpu 0.7.6
==
+ srun --gres=gpu:1 theanolm decode /scratch/work/moisioa3/conv_lm/experiments/theanolm-morph-42k/expt2-sampled/nnlm.h5 --lattice-list /tmp/55088286/lattices/lattice-list --output-file /scratch/work/moisioa3/conv_lm/experiments/theanolm-morph-42k/expt2-sampled/decode/devel/lambda=0.5-lms=12/27.trn --output trn --nnlm-weight 0.5 --lm-scale 12 --max-tokens-per-node 62 --beam 650 --recombination-order 22 --num-jobs 128 --job 27 --unk-penalty=-20
2020-08-15 10:05:37,382 get_default_device: Context None device="Tesla K80" ID="0000:09:00.0"
2020-08-15 10:05:37,383 from_file: Reading vocabulary from network state.
2020-08-15 10:05:37,658 from_file: Number of words in vocabulary: 42699
2020-08-15 10:05:37,658 from_file: Number of words in shortlist: 42699
2020-08-15 10:05:37,659 from_file: Number of word classes: 42699
2020-08-15 10:05:37,659 from_file: Building neural network.
2020-08-15 10:06:24,310 from_file: Restoring neural network state.
2020-08-15 10:06:24,694 decode: Building word lattice decoder.
2020-08-15 10:06:30,551 __iter__: Reading lattice file `/tmp/55088286/lattices/dspf007_dsp2013_08.lat.gz´.
2020-08-15 10:06:32,501 decode: Utterance `dspf007_dsp2013_08´ -- 1 of job 27
2020-08-15 10:08:52,688 __iter__: Reading lattice file `/tmp/55088286/lattices/dspm010_dsp2013_08.lat.gz´.
2020-08-15 10:08:53,366 decode: Utterance `dspm010_dsp2013_08´ -- 2 of job 27
2020-08-15 10:09:56,579 __iter__: Reading lattice file `/tmp/55088286/lattices/dspm019_dsp2013_04.lat.gz´.
2020-08-15 10:09:56,616 decode: Utterance `dspm019_dsp2013_04´ -- 3 of job 27
2020-08-15 10:09:57,096 __iter__: Reading lattice file `/tmp/55088286/lattices/dspm026_dsp2013_14.lat.gz´.
2020-08-15 10:09:58,112 decode: Utterance `dspm026_dsp2013_14´ -- 4 of job 27
2020-08-15 10:11:09,682 __iter__: Reading lattice file `/tmp/55088286/lattices/dspm036_dsp2013_37.lat.gz´.
2020-08-15 10:11:14,476 decode: Utterance `dspm036_dsp2013_37´ -- 5 of job 27
2020-08-15 10:17:28,900 __iter__: Reading lattice file `/tmp/55088286/lattices/dspm047_dsp2013_12.lat.gz´.
2020-08-15 10:17:30,628 decode: Utterance `dspm047_dsp2013_12´ -- 6 of job 27
2020-08-15 10:19:48,209 __iter__: Reading lattice file `/tmp/55088286/lattices/dspm055_dsp2013_16.lat.gz´.
2020-08-15 10:19:48,601 decode: Utterance `dspm055_dsp2013_16´ -- 7 of job 27
2020-08-15 10:20:10,093 __iter__: Reading lattice file `/tmp/55088286/lattices/radiokassu_kbk20120915_5.lat.gz´.
2020-08-15 10:20:10,130 decode: Utterance `radiokassu_kbk20120915_5´ -- 8 of job 27
/scratch/work/groszt1/envs/theanoLM/lib/python3.7/site-packages/theano/gpuarray/dnn.py:184: UserWarning: Your cuDNN version is more recent than Theano. If you encounter problems, try updating Theano or downgrading cuDNN to a version >= v5 and <= v7.
  warnings.warn("Your cuDNN version is more recent than "
Using cuDNN version 7600 on context None
Mapped name None to device cuda0: Tesla K80 (0000:09:00.0)
/scratch/work/groszt1/envs/theanoLM/lib/python3.7/site-packages/h5py-2.9.0-py3.7-linux-x86_64.egg/h5py/_hl/dataset.py:313: H5pyDeprecationWarning: dataset.value has been deprecated. Use dataset[()] instead.
  "Use dataset[()] instead.", H5pyDeprecationWarning)
/scratch/work/groszt1/envs/theanoLM/lib/python3.7/site-packages/h5py-2.9.0-py3.7-linux-x86_64.egg/h5py/_hl/dataset.py:313: H5pyDeprecationWarning: dataset.value has been deprecated. Use dataset[()] instead.
  "Use dataset[()] instead.", H5pyDeprecationWarning)
decode_theanolm finished.
/tmp/55088286/lattices
floatX=float32,device=cuda0,base_compiledir=/tmp/theano,exception_verbosity=high,openmp=False
/scratch/work/groszt1/envs/theanoLM/lib/python3.7/site-packages/theano/gpuarray/dnn.py:184: UserWarning: Your cuDNN version is more recent than Theano. If you encounter problems, try updating Theano or downgrading cuDNN to a version >= v5 and <= v7.
  warnings.warn("Your cuDNN version is more recent than "
Using cuDNN version 7600 on context None
Mapped name None to device cuda0: Tesla K80 (0000:09:00.0)
TheanoLM 1.3.2
Theano 1.0.4
pygpu 0.7.6
==
+ srun --gres=gpu:1 theanolm decode /scratch/work/moisioa3/conv_lm/experiments/theanolm-morph-42k/expt2-sampled/nnlm.h5 --lattice-list /tmp/55088286/lattices/lattice-list --output-file /scratch/work/moisioa3/conv_lm/experiments/theanolm-morph-42k/expt2-sampled/decode/devel/lambda=1.0-lms=8/27.trn --output trn --nnlm-weight 1.0 --lm-scale 8 --max-tokens-per-node 62 --beam 650 --recombination-order 22 --num-jobs 128 --job 27 --unk-penalty=-20
2020-08-15 10:20:20,048 get_default_device: Context None device="Tesla K80" ID="0000:09:00.0"
2020-08-15 10:20:20,050 from_file: Reading vocabulary from network state.
2020-08-15 10:20:20,320 from_file: Number of words in vocabulary: 42699
2020-08-15 10:20:20,320 from_file: Number of words in shortlist: 42699
2020-08-15 10:20:20,321 from_file: Number of word classes: 42699
2020-08-15 10:20:20,321 from_file: Building neural network.
2020-08-15 10:21:05,846 from_file: Restoring neural network state.
2020-08-15 10:21:06,183 decode: Building word lattice decoder.
2020-08-15 10:21:11,801 __iter__: Reading lattice file `/tmp/55088286/lattices/dspf007_dsp2013_08.lat.gz´.
2020-08-15 10:21:13,755 decode: Utterance `dspf007_dsp2013_08´ -- 1 of job 27
2020-08-15 10:23:12,697 __iter__: Reading lattice file `/tmp/55088286/lattices/dspm010_dsp2013_08.lat.gz´.
2020-08-15 10:23:13,386 decode: Utterance `dspm010_dsp2013_08´ -- 2 of job 27
2020-08-15 10:24:10,131 __iter__: Reading lattice file `/tmp/55088286/lattices/dspm019_dsp2013_04.lat.gz´.
2020-08-15 10:24:10,143 decode: Utterance `dspm019_dsp2013_04´ -- 3 of job 27
2020-08-15 10:24:10,645 __iter__: Reading lattice file `/tmp/55088286/lattices/dspm026_dsp2013_14.lat.gz´.
2020-08-15 10:24:11,760 decode: Utterance `dspm026_dsp2013_14´ -- 4 of job 27
2020-08-15 10:25:08,138 __iter__: Reading lattice file `/tmp/55088286/lattices/dspm036_dsp2013_37.lat.gz´.
2020-08-15 10:25:13,032 decode: Utterance `dspm036_dsp2013_37´ -- 5 of job 27
2020-08-15 10:30:03,178 __iter__: Reading lattice file `/tmp/55088286/lattices/dspm047_dsp2013_12.lat.gz´.
2020-08-15 10:30:04,931 decode: Utterance `dspm047_dsp2013_12´ -- 6 of job 27
2020-08-15 10:31:49,695 __iter__: Reading lattice file `/tmp/55088286/lattices/dspm055_dsp2013_16.lat.gz´.
2020-08-15 10:31:50,062 decode: Utterance `dspm055_dsp2013_16´ -- 7 of job 27
2020-08-15 10:32:10,145 __iter__: Reading lattice file `/tmp/55088286/lattices/radiokassu_kbk20120915_5.lat.gz´.
2020-08-15 10:32:10,181 decode: Utterance `radiokassu_kbk20120915_5´ -- 8 of job 27
/scratch/work/groszt1/envs/theanoLM/lib/python3.7/site-packages/theano/gpuarray/dnn.py:184: UserWarning: Your cuDNN version is more recent than Theano. If you encounter problems, try updating Theano or downgrading cuDNN to a version >= v5 and <= v7.
  warnings.warn("Your cuDNN version is more recent than "
Using cuDNN version 7600 on context None
Mapped name None to device cuda0: Tesla K80 (0000:09:00.0)
/scratch/work/groszt1/envs/theanoLM/lib/python3.7/site-packages/h5py-2.9.0-py3.7-linux-x86_64.egg/h5py/_hl/dataset.py:313: H5pyDeprecationWarning: dataset.value has been deprecated. Use dataset[()] instead.
  "Use dataset[()] instead.", H5pyDeprecationWarning)
/scratch/work/groszt1/envs/theanoLM/lib/python3.7/site-packages/h5py-2.9.0-py3.7-linux-x86_64.egg/h5py/_hl/dataset.py:313: H5pyDeprecationWarning: dataset.value has been deprecated. Use dataset[()] instead.
  "Use dataset[()] instead.", H5pyDeprecationWarning)
decode_theanolm finished.
/tmp/55088286/lattices
floatX=float32,device=cuda0,base_compiledir=/tmp/theano,exception_verbosity=high,openmp=False
/scratch/work/groszt1/envs/theanoLM/lib/python3.7/site-packages/theano/gpuarray/dnn.py:184: UserWarning: Your cuDNN version is more recent than Theano. If you encounter problems, try updating Theano or downgrading cuDNN to a version >= v5 and <= v7.
  warnings.warn("Your cuDNN version is more recent than "
Using cuDNN version 7600 on context None
Mapped name None to device cuda0: Tesla K80 (0000:09:00.0)
TheanoLM 1.3.2
Theano 1.0.4
pygpu 0.7.6
==
+ srun --gres=gpu:1 theanolm decode /scratch/work/moisioa3/conv_lm/experiments/theanolm-morph-42k/expt2-sampled/nnlm.h5 --lattice-list /tmp/55088286/lattices/lattice-list --output-file /scratch/work/moisioa3/conv_lm/experiments/theanolm-morph-42k/expt2-sampled/decode/devel/lambda=1.0-lms=9/27.trn --output trn --nnlm-weight 1.0 --lm-scale 9 --max-tokens-per-node 62 --beam 650 --recombination-order 22 --num-jobs 128 --job 27 --unk-penalty=-20
2020-08-15 10:32:19,271 get_default_device: Context None device="Tesla K80" ID="0000:09:00.0"
2020-08-15 10:32:19,273 from_file: Reading vocabulary from network state.
2020-08-15 10:32:19,544 from_file: Number of words in vocabulary: 42699
2020-08-15 10:32:19,544 from_file: Number of words in shortlist: 42699
2020-08-15 10:32:19,544 from_file: Number of word classes: 42699
2020-08-15 10:32:19,545 from_file: Building neural network.
2020-08-15 10:33:04,619 from_file: Restoring neural network state.
2020-08-15 10:33:05,254 decode: Building word lattice decoder.
2020-08-15 10:33:10,909 __iter__: Reading lattice file `/tmp/55088286/lattices/dspf007_dsp2013_08.lat.gz´.
2020-08-15 10:33:12,846 decode: Utterance `dspf007_dsp2013_08´ -- 1 of job 27
2020-08-15 10:35:15,209 __iter__: Reading lattice file `/tmp/55088286/lattices/dspm010_dsp2013_08.lat.gz´.
2020-08-15 10:35:15,950 decode: Utterance `dspm010_dsp2013_08´ -- 2 of job 27
2020-08-15 10:36:13,984 __iter__: Reading lattice file `/tmp/55088286/lattices/dspm019_dsp2013_04.lat.gz´.
2020-08-15 10:36:13,995 decode: Utterance `dspm019_dsp2013_04´ -- 3 of job 27
2020-08-15 10:36:14,463 __iter__: Reading lattice file `/tmp/55088286/lattices/dspm026_dsp2013_14.lat.gz´.
2020-08-15 10:36:15,481 decode: Utterance `dspm026_dsp2013_14´ -- 4 of job 27
2020-08-15 10:37:12,439 __iter__: Reading lattice file `/tmp/55088286/lattices/dspm036_dsp2013_37.lat.gz´.
2020-08-15 10:37:17,059 decode: Utterance `dspm036_dsp2013_37´ -- 5 of job 27
2020-08-15 10:42:09,081 __iter__: Reading lattice file `/tmp/55088286/lattices/dspm047_dsp2013_12.lat.gz´.
2020-08-15 10:42:10,837 decode: Utterance `dspm047_dsp2013_12´ -- 6 of job 27
2020-08-15 10:43:54,019 __iter__: Reading lattice file `/tmp/55088286/lattices/dspm055_dsp2013_16.lat.gz´.
2020-08-15 10:43:54,357 decode: Utterance `dspm055_dsp2013_16´ -- 7 of job 27
2020-08-15 10:44:14,654 __iter__: Reading lattice file `/tmp/55088286/lattices/radiokassu_kbk20120915_5.lat.gz´.
2020-08-15 10:44:14,690 decode: Utterance `radiokassu_kbk20120915_5´ -- 8 of job 27
/scratch/work/groszt1/envs/theanoLM/lib/python3.7/site-packages/theano/gpuarray/dnn.py:184: UserWarning: Your cuDNN version is more recent than Theano. If you encounter problems, try updating Theano or downgrading cuDNN to a version >= v5 and <= v7.
  warnings.warn("Your cuDNN version is more recent than "
Using cuDNN version 7600 on context None
Mapped name None to device cuda0: Tesla K80 (0000:09:00.0)
/scratch/work/groszt1/envs/theanoLM/lib/python3.7/site-packages/h5py-2.9.0-py3.7-linux-x86_64.egg/h5py/_hl/dataset.py:313: H5pyDeprecationWarning: dataset.value has been deprecated. Use dataset[()] instead.
  "Use dataset[()] instead.", H5pyDeprecationWarning)
/scratch/work/groszt1/envs/theanoLM/lib/python3.7/site-packages/h5py-2.9.0-py3.7-linux-x86_64.egg/h5py/_hl/dataset.py:313: H5pyDeprecationWarning: dataset.value has been deprecated. Use dataset[()] instead.
  "Use dataset[()] instead.", H5pyDeprecationWarning)
decode_theanolm finished.
/tmp/55088286/lattices
floatX=float32,device=cuda0,base_compiledir=/tmp/theano,exception_verbosity=high,openmp=False
/scratch/work/groszt1/envs/theanoLM/lib/python3.7/site-packages/theano/gpuarray/dnn.py:184: UserWarning: Your cuDNN version is more recent than Theano. If you encounter problems, try updating Theano or downgrading cuDNN to a version >= v5 and <= v7.
  warnings.warn("Your cuDNN version is more recent than "
Using cuDNN version 7600 on context None
Mapped name None to device cuda0: Tesla K80 (0000:09:00.0)
TheanoLM 1.3.2
Theano 1.0.4
pygpu 0.7.6
==
+ srun --gres=gpu:1 theanolm decode /scratch/work/moisioa3/conv_lm/experiments/theanolm-morph-42k/expt2-sampled/nnlm.h5 --lattice-list /tmp/55088286/lattices/lattice-list --output-file /scratch/work/moisioa3/conv_lm/experiments/theanolm-morph-42k/expt2-sampled/decode/devel/lambda=1.0-lms=10/27.trn --output trn --nnlm-weight 1.0 --lm-scale 10 --max-tokens-per-node 62 --beam 650 --recombination-order 22 --num-jobs 128 --job 27 --unk-penalty=-20
2020-08-15 10:44:25,235 get_default_device: Context None device="Tesla K80" ID="0000:09:00.0"
2020-08-15 10:44:25,236 from_file: Reading vocabulary from network state.
2020-08-15 10:44:25,513 from_file: Number of words in vocabulary: 42699
2020-08-15 10:44:25,513 from_file: Number of words in shortlist: 42699
2020-08-15 10:44:25,513 from_file: Number of word classes: 42699
2020-08-15 10:44:25,514 from_file: Building neural network.
2020-08-15 10:45:16,150 from_file: Restoring neural network state.
2020-08-15 10:45:16,534 decode: Building word lattice decoder.
2020-08-15 10:45:30,786 __iter__: Reading lattice file `/tmp/55088286/lattices/dspf007_dsp2013_08.lat.gz´.
2020-08-15 10:45:32,691 decode: Utterance `dspf007_dsp2013_08´ -- 1 of job 27
2020-08-15 10:47:30,593 __iter__: Reading lattice file `/tmp/55088286/lattices/dspm010_dsp2013_08.lat.gz´.
2020-08-15 10:47:31,321 decode: Utterance `dspm010_dsp2013_08´ -- 2 of job 27
2020-08-15 10:48:27,804 __iter__: Reading lattice file `/tmp/55088286/lattices/dspm019_dsp2013_04.lat.gz´.
2020-08-15 10:48:27,816 decode: Utterance `dspm019_dsp2013_04´ -- 3 of job 27
2020-08-15 10:48:28,284 __iter__: Reading lattice file `/tmp/55088286/lattices/dspm026_dsp2013_14.lat.gz´.
2020-08-15 10:48:29,361 decode: Utterance `dspm026_dsp2013_14´ -- 4 of job 27
2020-08-15 10:49:27,497 __iter__: Reading lattice file `/tmp/55088286/lattices/dspm036_dsp2013_37.lat.gz´.
2020-08-15 10:49:32,120 decode: Utterance `dspm036_dsp2013_37´ -- 5 of job 27
2020-08-15 10:54:25,411 __iter__: Reading lattice file `/tmp/55088286/lattices/dspm047_dsp2013_12.lat.gz´.
2020-08-15 10:54:27,115 decode: Utterance `dspm047_dsp2013_12´ -- 6 of job 27
2020-08-15 10:56:12,899 __iter__: Reading lattice file `/tmp/55088286/lattices/dspm055_dsp2013_16.lat.gz´.
2020-08-15 10:56:13,283 decode: Utterance `dspm055_dsp2013_16´ -- 7 of job 27
2020-08-15 10:56:34,079 __iter__: Reading lattice file `/tmp/55088286/lattices/radiokassu_kbk20120915_5.lat.gz´.
2020-08-15 10:56:34,117 decode: Utterance `radiokassu_kbk20120915_5´ -- 8 of job 27
/scratch/work/groszt1/envs/theanoLM/lib/python3.7/site-packages/theano/gpuarray/dnn.py:184: UserWarning: Your cuDNN version is more recent than Theano. If you encounter problems, try updating Theano or downgrading cuDNN to a version >= v5 and <= v7.
  warnings.warn("Your cuDNN version is more recent than "
Using cuDNN version 7600 on context None
Mapped name None to device cuda0: Tesla K80 (0000:09:00.0)
/scratch/work/groszt1/envs/theanoLM/lib/python3.7/site-packages/h5py-2.9.0-py3.7-linux-x86_64.egg/h5py/_hl/dataset.py:313: H5pyDeprecationWarning: dataset.value has been deprecated. Use dataset[()] instead.
  "Use dataset[()] instead.", H5pyDeprecationWarning)
/scratch/work/groszt1/envs/theanoLM/lib/python3.7/site-packages/h5py-2.9.0-py3.7-linux-x86_64.egg/h5py/_hl/dataset.py:313: H5pyDeprecationWarning: dataset.value has been deprecated. Use dataset[()] instead.
  "Use dataset[()] instead.", H5pyDeprecationWarning)
decode_theanolm finished.
/tmp/55088286/lattices
floatX=float32,device=cuda0,base_compiledir=/tmp/theano,exception_verbosity=high,openmp=False
/scratch/work/groszt1/envs/theanoLM/lib/python3.7/site-packages/theano/gpuarray/dnn.py:184: UserWarning: Your cuDNN version is more recent than Theano. If you encounter problems, try updating Theano or downgrading cuDNN to a version >= v5 and <= v7.
  warnings.warn("Your cuDNN version is more recent than "
Using cuDNN version 7600 on context None
Mapped name None to device cuda0: Tesla K80 (0000:09:00.0)
TheanoLM 1.3.2
Theano 1.0.4
pygpu 0.7.6
==
+ srun --gres=gpu:1 theanolm decode /scratch/work/moisioa3/conv_lm/experiments/theanolm-morph-42k/expt2-sampled/nnlm.h5 --lattice-list /tmp/55088286/lattices/lattice-list --output-file /scratch/work/moisioa3/conv_lm/experiments/theanolm-morph-42k/expt2-sampled/decode/devel/lambda=1.0-lms=11/27.trn --output trn --nnlm-weight 1.0 --lm-scale 11 --max-tokens-per-node 62 --beam 650 --recombination-order 22 --num-jobs 128 --job 27 --unk-penalty=-20
2020-08-15 10:56:43,888 get_default_device: Context None device="Tesla K80" ID="0000:09:00.0"
2020-08-15 10:56:43,889 from_file: Reading vocabulary from network state.
2020-08-15 10:56:44,163 from_file: Number of words in vocabulary: 42699
2020-08-15 10:56:44,164 from_file: Number of words in shortlist: 42699
2020-08-15 10:56:44,164 from_file: Number of word classes: 42699
2020-08-15 10:56:44,164 from_file: Building neural network.
2020-08-15 10:57:41,633 from_file: Restoring neural network state.
2020-08-15 10:57:42,005 decode: Building word lattice decoder.
2020-08-15 10:57:47,516 __iter__: Reading lattice file `/tmp/55088286/lattices/dspf007_dsp2013_08.lat.gz´.
2020-08-15 10:57:49,289 decode: Utterance `dspf007_dsp2013_08´ -- 1 of job 27
2020-08-15 10:59:49,445 __iter__: Reading lattice file `/tmp/55088286/lattices/dspm010_dsp2013_08.lat.gz´.
2020-08-15 10:59:50,122 decode: Utterance `dspm010_dsp2013_08´ -- 2 of job 27
2020-08-15 11:00:47,282 __iter__: Reading lattice file `/tmp/55088286/lattices/dspm019_dsp2013_04.lat.gz´.
2020-08-15 11:00:47,292 decode: Utterance `dspm019_dsp2013_04´ -- 3 of job 27
2020-08-15 11:00:47,824 __iter__: Reading lattice file `/tmp/55088286/lattices/dspm026_dsp2013_14.lat.gz´.
2020-08-15 11:00:49,058 decode: Utterance `dspm026_dsp2013_14´ -- 4 of job 27
2020-08-15 11:01:47,765 __iter__: Reading lattice file `/tmp/55088286/lattices/dspm036_dsp2013_37.lat.gz´.
2020-08-15 11:01:52,560 decode: Utterance `dspm036_dsp2013_37´ -- 5 of job 27
2020-08-15 11:06:42,137 __iter__: Reading lattice file `/tmp/55088286/lattices/dspm047_dsp2013_12.lat.gz´.
2020-08-15 11:06:43,876 decode: Utterance `dspm047_dsp2013_12´ -- 6 of job 27
2020-08-15 11:08:26,373 __iter__: Reading lattice file `/tmp/55088286/lattices/dspm055_dsp2013_16.lat.gz´.
2020-08-15 11:08:26,731 decode: Utterance `dspm055_dsp2013_16´ -- 7 of job 27
2020-08-15 11:08:46,502 __iter__: Reading lattice file `/tmp/55088286/lattices/radiokassu_kbk20120915_5.lat.gz´.
2020-08-15 11:08:46,540 decode: Utterance `radiokassu_kbk20120915_5´ -- 8 of job 27
/scratch/work/groszt1/envs/theanoLM/lib/python3.7/site-packages/theano/gpuarray/dnn.py:184: UserWarning: Your cuDNN version is more recent than Theano. If you encounter problems, try updating Theano or downgrading cuDNN to a version >= v5 and <= v7.
  warnings.warn("Your cuDNN version is more recent than "
Using cuDNN version 7600 on context None
Mapped name None to device cuda0: Tesla K80 (0000:09:00.0)
/scratch/work/groszt1/envs/theanoLM/lib/python3.7/site-packages/h5py-2.9.0-py3.7-linux-x86_64.egg/h5py/_hl/dataset.py:313: H5pyDeprecationWarning: dataset.value has been deprecated. Use dataset[()] instead.
  "Use dataset[()] instead.", H5pyDeprecationWarning)
/scratch/work/groszt1/envs/theanoLM/lib/python3.7/site-packages/h5py-2.9.0-py3.7-linux-x86_64.egg/h5py/_hl/dataset.py:313: H5pyDeprecationWarning: dataset.value has been deprecated. Use dataset[()] instead.
  "Use dataset[()] instead.", H5pyDeprecationWarning)
decode_theanolm finished.
/tmp/55088286/lattices
floatX=float32,device=cuda0,base_compiledir=/tmp/theano,exception_verbosity=high,openmp=False
/scratch/work/groszt1/envs/theanoLM/lib/python3.7/site-packages/theano/gpuarray/dnn.py:184: UserWarning: Your cuDNN version is more recent than Theano. If you encounter problems, try updating Theano or downgrading cuDNN to a version >= v5 and <= v7.
  warnings.warn("Your cuDNN version is more recent than "
Using cuDNN version 7600 on context None
Mapped name None to device cuda0: Tesla K80 (0000:09:00.0)
TheanoLM 1.3.2
Theano 1.0.4
pygpu 0.7.6
==
+ srun --gres=gpu:1 theanolm decode /scratch/work/moisioa3/conv_lm/experiments/theanolm-morph-42k/expt2-sampled/nnlm.h5 --lattice-list /tmp/55088286/lattices/lattice-list --output-file /scratch/work/moisioa3/conv_lm/experiments/theanolm-morph-42k/expt2-sampled/decode/devel/lambda=1.0-lms=12/27.trn --output trn --nnlm-weight 1.0 --lm-scale 12 --max-tokens-per-node 62 --beam 650 --recombination-order 22 --num-jobs 128 --job 27 --unk-penalty=-20
2020-08-15 11:08:56,294 get_default_device: Context None device="Tesla K80" ID="0000:09:00.0"
2020-08-15 11:08:56,295 from_file: Reading vocabulary from network state.
2020-08-15 11:08:56,567 from_file: Number of words in vocabulary: 42699
2020-08-15 11:08:56,567 from_file: Number of words in shortlist: 42699
2020-08-15 11:08:56,567 from_file: Number of word classes: 42699
2020-08-15 11:08:56,567 from_file: Building neural network.
2020-08-15 11:09:41,818 from_file: Restoring neural network state.
2020-08-15 11:09:42,168 decode: Building word lattice decoder.
2020-08-15 11:09:47,857 __iter__: Reading lattice file `/tmp/55088286/lattices/dspf007_dsp2013_08.lat.gz´.
2020-08-15 11:09:49,694 decode: Utterance `dspf007_dsp2013_08´ -- 1 of job 27
2020-08-15 11:11:45,700 __iter__: Reading lattice file `/tmp/55088286/lattices/dspm010_dsp2013_08.lat.gz´.
2020-08-15 11:11:46,372 decode: Utterance `dspm010_dsp2013_08´ -- 2 of job 27
2020-08-15 11:12:42,448 __iter__: Reading lattice file `/tmp/55088286/lattices/dspm019_dsp2013_04.lat.gz´.
2020-08-15 11:12:42,459 decode: Utterance `dspm019_dsp2013_04´ -- 3 of job 27
2020-08-15 11:12:43,005 __iter__: Reading lattice file `/tmp/55088286/lattices/dspm026_dsp2013_14.lat.gz´.
2020-08-15 11:12:44,008 decode: Utterance `dspm026_dsp2013_14´ -- 4 of job 27
2020-08-15 11:13:40,714 __iter__: Reading lattice file `/tmp/55088286/lattices/dspm036_dsp2013_37.lat.gz´.
2020-08-15 11:13:45,170 decode: Utterance `dspm036_dsp2013_37´ -- 5 of job 27
2020-08-15 11:18:27,738 __iter__: Reading lattice file `/tmp/55088286/lattices/dspm047_dsp2013_12.lat.gz´.
2020-08-15 11:18:29,347 decode: Utterance `dspm047_dsp2013_12´ -- 6 of job 27
2020-08-15 11:20:09,695 __iter__: Reading lattice file `/tmp/55088286/lattices/dspm055_dsp2013_16.lat.gz´.
2020-08-15 11:20:10,029 decode: Utterance `dspm055_dsp2013_16´ -- 7 of job 27
2020-08-15 11:20:28,940 __iter__: Reading lattice file `/tmp/55088286/lattices/radiokassu_kbk20120915_5.lat.gz´.
2020-08-15 11:20:28,973 decode: Utterance `radiokassu_kbk20120915_5´ -- 8 of job 27
/scratch/work/groszt1/envs/theanoLM/lib/python3.7/site-packages/theano/gpuarray/dnn.py:184: UserWarning: Your cuDNN version is more recent than Theano. If you encounter problems, try updating Theano or downgrading cuDNN to a version >= v5 and <= v7.
  warnings.warn("Your cuDNN version is more recent than "
Using cuDNN version 7600 on context None
Mapped name None to device cuda0: Tesla K80 (0000:09:00.0)
/scratch/work/groszt1/envs/theanoLM/lib/python3.7/site-packages/h5py-2.9.0-py3.7-linux-x86_64.egg/h5py/_hl/dataset.py:313: H5pyDeprecationWarning: dataset.value has been deprecated. Use dataset[()] instead.
  "Use dataset[()] instead.", H5pyDeprecationWarning)
/scratch/work/groszt1/envs/theanoLM/lib/python3.7/site-packages/h5py-2.9.0-py3.7-linux-x86_64.egg/h5py/_hl/dataset.py:313: H5pyDeprecationWarning: dataset.value has been deprecated. Use dataset[()] instead.
  "Use dataset[()] instead.", H5pyDeprecationWarning)
decode_theanolm finished.
decode devel finished.
