Experiment: theanolm-morph-42k/expt2-sampled
Job ID: 55132992
Task ID: 44
Host: gpu31.int.triton.aalto.fi
Start date: Thu Aug 20 17:47:54 EEST 2020
Work directory: /scratch/work/moisioa3/conv_lm/experiments/theanolm-morph-42k/expt2-sampled
Temporary directory: /tmp/55132992

Currently Loaded Modules:
  1) speech-scripts/2016.05.24-b928230   6) binutils/2.25-GCCcore-5.4.0
  2) srilm/default                       7) GCC/5.4.0-2.25
  3) cuda/10.0.130                       8) libgpuarray/2017.03.29-45c731f
  4) cudnn/7.4.2-cuda                    9) anaconda3/latest
  5) GCCcore/5.4.0

 

/tmp/55132992/lattices
floatX=float32,device=cuda0,base_compiledir=/tmp/theano,exception_verbosity=high,openmp=False
/scratch/work/groszt1/envs/theanoLM/lib/python3.7/site-packages/theano/gpuarray/dnn.py:184: UserWarning: Your cuDNN version is more recent than Theano. If you encounter problems, try updating Theano or downgrading cuDNN to a version >= v5 and <= v7.
  warnings.warn("Your cuDNN version is more recent than "
Using cuDNN version 7600 on context None
Mapped name None to device cuda0: Tesla V100-PCIE-32GB (0000:AF:00.0)
TheanoLM 1.3.2
Theano 1.0.4
pygpu 0.7.6
==
+ srun --gres=gpu:1 theanolm decode /scratch/work/moisioa3/conv_lm/experiments/theanolm-morph-42k/expt2-sampled/nnlm.h5 --lattice-list /tmp/55132992/lattices/lattice-list --output-file /scratch/work/moisioa3/conv_lm/experiments/theanolm-morph-42k/expt2-sampled/decode/eval/lambda=0.5-lms=9/44.trn --output trn --nnlm-weight 0.5 --lm-scale 9 --max-tokens-per-node 62 --beam 650 --recombination-order 22 --num-jobs 128 --job 44 --unk-penalty=-20
2020-08-20 17:48:03,577 get_default_device: Context None device="Tesla V100-PCIE-32GB" ID="0000:AF:00.0"
2020-08-20 17:48:03,578 from_file: Reading vocabulary from network state.
2020-08-20 17:48:03,768 from_file: Number of words in vocabulary: 42699
2020-08-20 17:48:03,768 from_file: Number of words in shortlist: 42699
2020-08-20 17:48:03,768 from_file: Number of word classes: 42699
2020-08-20 17:48:03,768 from_file: Building neural network.
2020-08-20 17:48:31,752 from_file: Restoring neural network state.
2020-08-20 17:48:32,103 decode: Building word lattice decoder.
2020-08-20 17:48:35,947 __iter__: Reading lattice file `/tmp/55132992/lattices/dspm003_dsp2013_08.lat.gz´.
2020-08-20 17:48:36,261 decode: Utterance `dspm003_dsp2013_08´ -- 1 of job 44
2020-08-20 17:48:46,777 __iter__: Reading lattice file `/tmp/55132992/lattices/dspm041_dsp2013_11.lat.gz´.
2020-08-20 17:48:47,082 decode: Utterance `dspm041_dsp2013_11´ -- 2 of job 44
2020-08-20 17:48:57,219 __iter__: Reading lattice file `/tmp/55132992/lattices/radiohenri_aamushow20100713_58.lat.gz´.
2020-08-20 17:48:57,225 decode: Utterance `radiohenri_aamushow20100713_58´ -- 3 of job 44
2020-08-20 17:48:57,379 __iter__: Reading lattice file `/tmp/55132992/lattices/radioporni_puhujainkulma20120930_41.lat.gz´.
2020-08-20 17:48:57,386 decode: Utterance `radioporni_puhujainkulma20120930_41´ -- 4 of job 44
/scratch/work/groszt1/envs/theanoLM/lib/python3.7/site-packages/theano/gpuarray/dnn.py:184: UserWarning: Your cuDNN version is more recent than Theano. If you encounter problems, try updating Theano or downgrading cuDNN to a version >= v5 and <= v7.
  warnings.warn("Your cuDNN version is more recent than "
Using cuDNN version 7600 on context None
Mapped name None to device cuda0: Tesla V100-PCIE-32GB (0000:AF:00.0)
/scratch/work/groszt1/envs/theanoLM/lib/python3.7/site-packages/h5py-2.9.0-py3.7-linux-x86_64.egg/h5py/_hl/dataset.py:313: H5pyDeprecationWarning: dataset.value has been deprecated. Use dataset[()] instead.
  "Use dataset[()] instead.", H5pyDeprecationWarning)
/scratch/work/groszt1/envs/theanoLM/lib/python3.7/site-packages/h5py-2.9.0-py3.7-linux-x86_64.egg/h5py/_hl/dataset.py:313: H5pyDeprecationWarning: dataset.value has been deprecated. Use dataset[()] instead.
  "Use dataset[()] instead.", H5pyDeprecationWarning)
decode_theanolm finished.
/tmp/55132992/lattices
floatX=float32,device=cuda0,base_compiledir=/tmp/theano,exception_verbosity=high,openmp=False
/scratch/work/groszt1/envs/theanoLM/lib/python3.7/site-packages/theano/gpuarray/dnn.py:184: UserWarning: Your cuDNN version is more recent than Theano. If you encounter problems, try updating Theano or downgrading cuDNN to a version >= v5 and <= v7.
  warnings.warn("Your cuDNN version is more recent than "
Using cuDNN version 7600 on context None
Mapped name None to device cuda0: Tesla V100-PCIE-32GB (0000:AF:00.0)
TheanoLM 1.3.2
Theano 1.0.4
pygpu 0.7.6
==
+ srun --gres=gpu:1 theanolm decode /scratch/work/moisioa3/conv_lm/experiments/theanolm-morph-42k/expt2-sampled/nnlm.h5 --lattice-list /tmp/55132992/lattices/lattice-list --output-file /scratch/work/moisioa3/conv_lm/experiments/theanolm-morph-42k/expt2-sampled/decode/eval/lambda=0.5-lms=10/44.trn --output trn --nnlm-weight 0.5 --lm-scale 10 --max-tokens-per-node 62 --beam 650 --recombination-order 22 --num-jobs 128 --job 44 --unk-penalty=-20
2020-08-20 17:49:03,663 get_default_device: Context None device="Tesla V100-PCIE-32GB" ID="0000:AF:00.0"
2020-08-20 17:49:03,664 from_file: Reading vocabulary from network state.
2020-08-20 17:49:03,877 from_file: Number of words in vocabulary: 42699
2020-08-20 17:49:03,877 from_file: Number of words in shortlist: 42699
2020-08-20 17:49:03,877 from_file: Number of word classes: 42699
2020-08-20 17:49:03,878 from_file: Building neural network.
2020-08-20 17:49:32,313 from_file: Restoring neural network state.
2020-08-20 17:49:32,667 decode: Building word lattice decoder.
2020-08-20 17:49:36,572 __iter__: Reading lattice file `/tmp/55132992/lattices/dspm003_dsp2013_08.lat.gz´.
2020-08-20 17:49:36,959 decode: Utterance `dspm003_dsp2013_08´ -- 1 of job 44
2020-08-20 17:49:47,897 __iter__: Reading lattice file `/tmp/55132992/lattices/dspm041_dsp2013_11.lat.gz´.
2020-08-20 17:49:48,204 decode: Utterance `dspm041_dsp2013_11´ -- 2 of job 44
2020-08-20 17:49:58,772 __iter__: Reading lattice file `/tmp/55132992/lattices/radiohenri_aamushow20100713_58.lat.gz´.
2020-08-20 17:49:58,777 decode: Utterance `radiohenri_aamushow20100713_58´ -- 3 of job 44
2020-08-20 17:49:58,925 __iter__: Reading lattice file `/tmp/55132992/lattices/radioporni_puhujainkulma20120930_41.lat.gz´.
2020-08-20 17:49:58,933 decode: Utterance `radioporni_puhujainkulma20120930_41´ -- 4 of job 44
/scratch/work/groszt1/envs/theanoLM/lib/python3.7/site-packages/theano/gpuarray/dnn.py:184: UserWarning: Your cuDNN version is more recent than Theano. If you encounter problems, try updating Theano or downgrading cuDNN to a version >= v5 and <= v7.
  warnings.warn("Your cuDNN version is more recent than "
Using cuDNN version 7600 on context None
Mapped name None to device cuda0: Tesla V100-PCIE-32GB (0000:AF:00.0)
/scratch/work/groszt1/envs/theanoLM/lib/python3.7/site-packages/h5py-2.9.0-py3.7-linux-x86_64.egg/h5py/_hl/dataset.py:313: H5pyDeprecationWarning: dataset.value has been deprecated. Use dataset[()] instead.
  "Use dataset[()] instead.", H5pyDeprecationWarning)
/scratch/work/groszt1/envs/theanoLM/lib/python3.7/site-packages/h5py-2.9.0-py3.7-linux-x86_64.egg/h5py/_hl/dataset.py:313: H5pyDeprecationWarning: dataset.value has been deprecated. Use dataset[()] instead.
  "Use dataset[()] instead.", H5pyDeprecationWarning)
decode_theanolm finished.
/tmp/55132992/lattices
floatX=float32,device=cuda0,base_compiledir=/tmp/theano,exception_verbosity=high,openmp=False
/scratch/work/groszt1/envs/theanoLM/lib/python3.7/site-packages/theano/gpuarray/dnn.py:184: UserWarning: Your cuDNN version is more recent than Theano. If you encounter problems, try updating Theano or downgrading cuDNN to a version >= v5 and <= v7.
  warnings.warn("Your cuDNN version is more recent than "
Using cuDNN version 7600 on context None
Mapped name None to device cuda0: Tesla V100-PCIE-32GB (0000:AF:00.0)
TheanoLM 1.3.2
Theano 1.0.4
pygpu 0.7.6
==
+ srun --gres=gpu:1 theanolm decode /scratch/work/moisioa3/conv_lm/experiments/theanolm-morph-42k/expt2-sampled/nnlm.h5 --lattice-list /tmp/55132992/lattices/lattice-list --output-file /scratch/work/moisioa3/conv_lm/experiments/theanolm-morph-42k/expt2-sampled/decode/eval/lambda=1.0-lms=9/44.trn --output trn --nnlm-weight 1.0 --lm-scale 9 --max-tokens-per-node 62 --beam 650 --recombination-order 22 --num-jobs 128 --job 44 --unk-penalty=-20
2020-08-20 17:50:24,514 get_default_device: Context None device="Tesla V100-PCIE-32GB" ID="0000:AF:00.0"
2020-08-20 17:50:24,515 from_file: Reading vocabulary from network state.
2020-08-20 17:50:24,714 from_file: Number of words in vocabulary: 42699
2020-08-20 17:50:24,714 from_file: Number of words in shortlist: 42699
2020-08-20 17:50:24,714 from_file: Number of word classes: 42699
2020-08-20 17:50:24,715 from_file: Building neural network.
2020-08-20 17:50:52,946 from_file: Restoring neural network state.
2020-08-20 17:50:53,299 decode: Building word lattice decoder.
2020-08-20 17:50:57,224 __iter__: Reading lattice file `/tmp/55132992/lattices/dspm003_dsp2013_08.lat.gz´.
2020-08-20 17:50:57,596 decode: Utterance `dspm003_dsp2013_08´ -- 1 of job 44
2020-08-20 17:51:06,535 __iter__: Reading lattice file `/tmp/55132992/lattices/dspm041_dsp2013_11.lat.gz´.
2020-08-20 17:51:06,833 decode: Utterance `dspm041_dsp2013_11´ -- 2 of job 44
2020-08-20 17:51:14,672 __iter__: Reading lattice file `/tmp/55132992/lattices/radiohenri_aamushow20100713_58.lat.gz´.
2020-08-20 17:51:14,677 decode: Utterance `radiohenri_aamushow20100713_58´ -- 3 of job 44
2020-08-20 17:51:14,818 __iter__: Reading lattice file `/tmp/55132992/lattices/radioporni_puhujainkulma20120930_41.lat.gz´.
2020-08-20 17:51:14,825 decode: Utterance `radioporni_puhujainkulma20120930_41´ -- 4 of job 44
/scratch/work/groszt1/envs/theanoLM/lib/python3.7/site-packages/theano/gpuarray/dnn.py:184: UserWarning: Your cuDNN version is more recent than Theano. If you encounter problems, try updating Theano or downgrading cuDNN to a version >= v5 and <= v7.
  warnings.warn("Your cuDNN version is more recent than "
Using cuDNN version 7600 on context None
Mapped name None to device cuda0: Tesla V100-PCIE-32GB (0000:AF:00.0)
/scratch/work/groszt1/envs/theanoLM/lib/python3.7/site-packages/h5py-2.9.0-py3.7-linux-x86_64.egg/h5py/_hl/dataset.py:313: H5pyDeprecationWarning: dataset.value has been deprecated. Use dataset[()] instead.
  "Use dataset[()] instead.", H5pyDeprecationWarning)
/scratch/work/groszt1/envs/theanoLM/lib/python3.7/site-packages/h5py-2.9.0-py3.7-linux-x86_64.egg/h5py/_hl/dataset.py:313: H5pyDeprecationWarning: dataset.value has been deprecated. Use dataset[()] instead.
  "Use dataset[()] instead.", H5pyDeprecationWarning)
decode_theanolm finished.
/tmp/55132992/lattices
floatX=float32,device=cuda0,base_compiledir=/tmp/theano,exception_verbosity=high,openmp=False
/scratch/work/groszt1/envs/theanoLM/lib/python3.7/site-packages/theano/gpuarray/dnn.py:184: UserWarning: Your cuDNN version is more recent than Theano. If you encounter problems, try updating Theano or downgrading cuDNN to a version >= v5 and <= v7.
  warnings.warn("Your cuDNN version is more recent than "
Using cuDNN version 7600 on context None
Mapped name None to device cuda0: Tesla V100-PCIE-32GB (0000:AF:00.0)
TheanoLM 1.3.2
Theano 1.0.4
pygpu 0.7.6
==
+ srun --gres=gpu:1 theanolm decode /scratch/work/moisioa3/conv_lm/experiments/theanolm-morph-42k/expt2-sampled/nnlm.h5 --lattice-list /tmp/55132992/lattices/lattice-list --output-file /scratch/work/moisioa3/conv_lm/experiments/theanolm-morph-42k/expt2-sampled/decode/eval/lambda=1.0-lms=10/44.trn --output trn --nnlm-weight 1.0 --lm-scale 10 --max-tokens-per-node 62 --beam 650 --recombination-order 22 --num-jobs 128 --job 44 --unk-penalty=-20
2020-08-20 17:51:30,756 get_default_device: Context None device="Tesla V100-PCIE-32GB" ID="0000:AF:00.0"
2020-08-20 17:51:30,757 from_file: Reading vocabulary from network state.
2020-08-20 17:51:30,974 from_file: Number of words in vocabulary: 42699
2020-08-20 17:51:30,974 from_file: Number of words in shortlist: 42699
2020-08-20 17:51:30,974 from_file: Number of word classes: 42699
2020-08-20 17:51:30,974 from_file: Building neural network.
2020-08-20 17:51:59,737 from_file: Restoring neural network state.
2020-08-20 17:52:00,094 decode: Building word lattice decoder.
2020-08-20 17:52:03,963 __iter__: Reading lattice file `/tmp/55132992/lattices/dspm003_dsp2013_08.lat.gz´.
2020-08-20 17:52:04,336 decode: Utterance `dspm003_dsp2013_08´ -- 1 of job 44
2020-08-20 17:52:13,216 __iter__: Reading lattice file `/tmp/55132992/lattices/dspm041_dsp2013_11.lat.gz´.
2020-08-20 17:52:13,518 decode: Utterance `dspm041_dsp2013_11´ -- 2 of job 44
2020-08-20 17:52:21,352 __iter__: Reading lattice file `/tmp/55132992/lattices/radiohenri_aamushow20100713_58.lat.gz´.
2020-08-20 17:52:21,357 decode: Utterance `radiohenri_aamushow20100713_58´ -- 3 of job 44
2020-08-20 17:52:21,493 __iter__: Reading lattice file `/tmp/55132992/lattices/radioporni_puhujainkulma20120930_41.lat.gz´.
2020-08-20 17:52:21,500 decode: Utterance `radioporni_puhujainkulma20120930_41´ -- 4 of job 44
/scratch/work/groszt1/envs/theanoLM/lib/python3.7/site-packages/theano/gpuarray/dnn.py:184: UserWarning: Your cuDNN version is more recent than Theano. If you encounter problems, try updating Theano or downgrading cuDNN to a version >= v5 and <= v7.
  warnings.warn("Your cuDNN version is more recent than "
Using cuDNN version 7600 on context None
Mapped name None to device cuda0: Tesla V100-PCIE-32GB (0000:AF:00.0)
/scratch/work/groszt1/envs/theanoLM/lib/python3.7/site-packages/h5py-2.9.0-py3.7-linux-x86_64.egg/h5py/_hl/dataset.py:313: H5pyDeprecationWarning: dataset.value has been deprecated. Use dataset[()] instead.
  "Use dataset[()] instead.", H5pyDeprecationWarning)
/scratch/work/groszt1/envs/theanoLM/lib/python3.7/site-packages/h5py-2.9.0-py3.7-linux-x86_64.egg/h5py/_hl/dataset.py:313: H5pyDeprecationWarning: dataset.value has been deprecated. Use dataset[()] instead.
  "Use dataset[()] instead.", H5pyDeprecationWarning)
decode_theanolm finished.
decode eval finished.
