Experiment: theanolm-morph-42k/expt2-sampled
Job ID: 55088464
Task ID: 60
Host: gpu26.int.triton.aalto.fi
Start date: Sat Aug 15 09:49:43 EEST 2020
Work directory: /scratch/work/moisioa3/conv_lm/experiments/theanolm-morph-42k/expt2-sampled
Temporary directory: /tmp/55088464

Currently Loaded Modules:
  1) speech-scripts/2016.05.24-b928230   6) binutils/2.25-GCCcore-5.4.0
  2) srilm/default                       7) GCC/5.4.0-2.25
  3) cuda/10.0.130                       8) libgpuarray/2017.03.29-45c731f
  4) cudnn/7.4.2-cuda                    9) anaconda3/latest
  5) GCCcore/5.4.0

 

/tmp/55088464/lattices
floatX=float32,device=cuda0,base_compiledir=/tmp/theano,exception_verbosity=high,openmp=False
/scratch/work/groszt1/envs/theanoLM/lib/python3.7/site-packages/theano/gpuarray/dnn.py:184: UserWarning: Your cuDNN version is more recent than Theano. If you encounter problems, try updating Theano or downgrading cuDNN to a version >= v5 and <= v7.
  warnings.warn("Your cuDNN version is more recent than "
Using cuDNN version 7600 on context None
Mapped name None to device cuda0: Tesla P100-PCIE-16GB (0000:03:00.0)
TheanoLM 1.3.2
Theano 1.0.4
pygpu 0.7.6
==
+ srun --gres=gpu:1 theanolm decode /scratch/work/moisioa3/conv_lm/experiments/theanolm-morph-42k/expt2-sampled/nnlm.h5 --lattice-list /tmp/55088464/lattices/lattice-list --output-file /scratch/work/moisioa3/conv_lm/experiments/theanolm-morph-42k/expt2-sampled/decode/devel/lambda=0.5-lms=8/60.trn --output trn --nnlm-weight 0.5 --lm-scale 8 --max-tokens-per-node 62 --beam 650 --recombination-order 22 --num-jobs 128 --job 60 --unk-penalty=-20
2020-08-15 09:50:04,994 get_default_device: Context None device="Tesla P100-PCIE-16GB" ID="0000:03:00.0"
2020-08-15 09:50:04,995 from_file: Reading vocabulary from network state.
2020-08-15 09:50:05,257 from_file: Number of words in vocabulary: 42699
2020-08-15 09:50:05,257 from_file: Number of words in shortlist: 42699
2020-08-15 09:50:05,257 from_file: Number of word classes: 42699
2020-08-15 09:50:05,258 from_file: Building neural network.
2020-08-15 09:50:46,681 from_file: Restoring neural network state.
2020-08-15 09:50:47,077 decode: Building word lattice decoder.
2020-08-15 09:50:52,237 __iter__: Reading lattice file `/tmp/55088464/lattices/dspm004_dsp2013_01.lat.gz´.
2020-08-15 09:50:52,766 decode: Utterance `dspm004_dsp2013_01´ -- 1 of job 60
2020-08-15 09:51:01,358 __iter__: Reading lattice file `/tmp/55088464/lattices/dspm011_dsp2013_21.lat.gz´.
2020-08-15 09:51:01,422 decode: Utterance `dspm011_dsp2013_21´ -- 2 of job 60
2020-08-15 09:51:03,011 __iter__: Reading lattice file `/tmp/55088464/lattices/dspm021_dsp2013_18.lat.gz´.
2020-08-15 09:51:03,613 decode: Utterance `dspm021_dsp2013_18´ -- 3 of job 60
2020-08-15 09:51:31,235 __iter__: Reading lattice file `/tmp/55088464/lattices/dspm031_dsp2013_07.lat.gz´.
2020-08-15 09:51:32,610 decode: Utterance `dspm031_dsp2013_07´ -- 4 of job 60
2020-08-15 09:52:02,766 __iter__: Reading lattice file `/tmp/55088464/lattices/dspm040_dsp2013_02.lat.gz´.
2020-08-15 09:52:03,061 decode: Utterance `dspm040_dsp2013_02´ -- 5 of job 60
2020-08-15 09:52:08,314 __iter__: Reading lattice file `/tmp/55088464/lattices/dspm049_dsp2013_04.lat.gz´.
2020-08-15 09:52:08,812 decode: Utterance `dspm049_dsp2013_04´ -- 6 of job 60
2020-08-15 09:52:24,129 __iter__: Reading lattice file `/tmp/55088464/lattices/dspm057_dsp2013_09.lat.gz´.
2020-08-15 09:52:24,794 decode: Utterance `dspm057_dsp2013_09´ -- 7 of job 60
2020-08-15 09:52:43,485 __iter__: Reading lattice file `/tmp/55088464/lattices/radioshaka_kbk20120915_16.lat.gz´.
2020-08-15 09:52:43,923 decode: Utterance `radioshaka_kbk20120915_16´ -- 8 of job 60
/scratch/work/groszt1/envs/theanoLM/lib/python3.7/site-packages/theano/gpuarray/dnn.py:184: UserWarning: Your cuDNN version is more recent than Theano. If you encounter problems, try updating Theano or downgrading cuDNN to a version >= v5 and <= v7.
  warnings.warn("Your cuDNN version is more recent than "
Using cuDNN version 7600 on context None
Mapped name None to device cuda0: Tesla P100-PCIE-16GB (0000:03:00.0)
/scratch/work/groszt1/envs/theanoLM/lib/python3.7/site-packages/h5py-2.9.0-py3.7-linux-x86_64.egg/h5py/_hl/dataset.py:313: H5pyDeprecationWarning: dataset.value has been deprecated. Use dataset[()] instead.
  "Use dataset[()] instead.", H5pyDeprecationWarning)
/scratch/work/groszt1/envs/theanoLM/lib/python3.7/site-packages/h5py-2.9.0-py3.7-linux-x86_64.egg/h5py/_hl/dataset.py:313: H5pyDeprecationWarning: dataset.value has been deprecated. Use dataset[()] instead.
  "Use dataset[()] instead.", H5pyDeprecationWarning)
decode_theanolm finished.
/tmp/55088464/lattices
floatX=float32,device=cuda0,base_compiledir=/tmp/theano,exception_verbosity=high,openmp=False
/scratch/work/groszt1/envs/theanoLM/lib/python3.7/site-packages/theano/gpuarray/dnn.py:184: UserWarning: Your cuDNN version is more recent than Theano. If you encounter problems, try updating Theano or downgrading cuDNN to a version >= v5 and <= v7.
  warnings.warn("Your cuDNN version is more recent than "
Using cuDNN version 7600 on context None
Mapped name None to device cuda0: Tesla P100-PCIE-16GB (0000:03:00.0)
TheanoLM 1.3.2
Theano 1.0.4
pygpu 0.7.6
==
+ srun --gres=gpu:1 theanolm decode /scratch/work/moisioa3/conv_lm/experiments/theanolm-morph-42k/expt2-sampled/nnlm.h5 --lattice-list /tmp/55088464/lattices/lattice-list --output-file /scratch/work/moisioa3/conv_lm/experiments/theanolm-morph-42k/expt2-sampled/decode/devel/lambda=0.5-lms=9/60.trn --output trn --nnlm-weight 0.5 --lm-scale 9 --max-tokens-per-node 62 --beam 650 --recombination-order 22 --num-jobs 128 --job 60 --unk-penalty=-20
2020-08-15 09:53:08,374 get_default_device: Context None device="Tesla P100-PCIE-16GB" ID="0000:03:00.0"
2020-08-15 09:53:08,375 from_file: Reading vocabulary from network state.
2020-08-15 09:53:08,642 from_file: Number of words in vocabulary: 42699
2020-08-15 09:53:08,642 from_file: Number of words in shortlist: 42699
2020-08-15 09:53:08,643 from_file: Number of word classes: 42699
2020-08-15 09:53:08,643 from_file: Building neural network.
2020-08-15 09:53:49,772 from_file: Restoring neural network state.
2020-08-15 09:53:50,106 decode: Building word lattice decoder.
2020-08-15 09:53:55,220 __iter__: Reading lattice file `/tmp/55088464/lattices/dspm004_dsp2013_01.lat.gz´.
2020-08-15 09:53:55,743 decode: Utterance `dspm004_dsp2013_01´ -- 1 of job 60
2020-08-15 09:54:04,480 __iter__: Reading lattice file `/tmp/55088464/lattices/dspm011_dsp2013_21.lat.gz´.
2020-08-15 09:54:04,543 decode: Utterance `dspm011_dsp2013_21´ -- 2 of job 60
2020-08-15 09:54:06,202 __iter__: Reading lattice file `/tmp/55088464/lattices/dspm021_dsp2013_18.lat.gz´.
2020-08-15 09:54:06,830 decode: Utterance `dspm021_dsp2013_18´ -- 3 of job 60
2020-08-15 09:54:34,650 __iter__: Reading lattice file `/tmp/55088464/lattices/dspm031_dsp2013_07.lat.gz´.
2020-08-15 09:54:36,008 decode: Utterance `dspm031_dsp2013_07´ -- 4 of job 60
2020-08-15 09:55:06,505 __iter__: Reading lattice file `/tmp/55088464/lattices/dspm040_dsp2013_02.lat.gz´.
2020-08-15 09:55:06,806 decode: Utterance `dspm040_dsp2013_02´ -- 5 of job 60
2020-08-15 09:55:12,100 __iter__: Reading lattice file `/tmp/55088464/lattices/dspm049_dsp2013_04.lat.gz´.
2020-08-15 09:55:12,589 decode: Utterance `dspm049_dsp2013_04´ -- 6 of job 60
2020-08-15 09:55:28,168 __iter__: Reading lattice file `/tmp/55088464/lattices/dspm057_dsp2013_09.lat.gz´.
2020-08-15 09:55:28,843 decode: Utterance `dspm057_dsp2013_09´ -- 7 of job 60
2020-08-15 09:55:48,357 __iter__: Reading lattice file `/tmp/55088464/lattices/radioshaka_kbk20120915_16.lat.gz´.
2020-08-15 09:55:48,811 decode: Utterance `radioshaka_kbk20120915_16´ -- 8 of job 60
/scratch/work/groszt1/envs/theanoLM/lib/python3.7/site-packages/theano/gpuarray/dnn.py:184: UserWarning: Your cuDNN version is more recent than Theano. If you encounter problems, try updating Theano or downgrading cuDNN to a version >= v5 and <= v7.
  warnings.warn("Your cuDNN version is more recent than "
Using cuDNN version 7600 on context None
Mapped name None to device cuda0: Tesla P100-PCIE-16GB (0000:03:00.0)
/scratch/work/groszt1/envs/theanoLM/lib/python3.7/site-packages/h5py-2.9.0-py3.7-linux-x86_64.egg/h5py/_hl/dataset.py:313: H5pyDeprecationWarning: dataset.value has been deprecated. Use dataset[()] instead.
  "Use dataset[()] instead.", H5pyDeprecationWarning)
/scratch/work/groszt1/envs/theanoLM/lib/python3.7/site-packages/h5py-2.9.0-py3.7-linux-x86_64.egg/h5py/_hl/dataset.py:313: H5pyDeprecationWarning: dataset.value has been deprecated. Use dataset[()] instead.
  "Use dataset[()] instead.", H5pyDeprecationWarning)
decode_theanolm finished.
/tmp/55088464/lattices
floatX=float32,device=cuda0,base_compiledir=/tmp/theano,exception_verbosity=high,openmp=False
/scratch/work/groszt1/envs/theanoLM/lib/python3.7/site-packages/theano/gpuarray/dnn.py:184: UserWarning: Your cuDNN version is more recent than Theano. If you encounter problems, try updating Theano or downgrading cuDNN to a version >= v5 and <= v7.
  warnings.warn("Your cuDNN version is more recent than "
Using cuDNN version 7600 on context None
Mapped name None to device cuda0: Tesla P100-PCIE-16GB (0000:03:00.0)
TheanoLM 1.3.2
Theano 1.0.4
pygpu 0.7.6
==
+ srun --gres=gpu:1 theanolm decode /scratch/work/moisioa3/conv_lm/experiments/theanolm-morph-42k/expt2-sampled/nnlm.h5 --lattice-list /tmp/55088464/lattices/lattice-list --output-file /scratch/work/moisioa3/conv_lm/experiments/theanolm-morph-42k/expt2-sampled/decode/devel/lambda=0.5-lms=10/60.trn --output trn --nnlm-weight 0.5 --lm-scale 10 --max-tokens-per-node 62 --beam 650 --recombination-order 22 --num-jobs 128 --job 60 --unk-penalty=-20
2020-08-15 09:56:17,038 get_default_device: Context None device="Tesla P100-PCIE-16GB" ID="0000:03:00.0"
2020-08-15 09:56:17,039 from_file: Reading vocabulary from network state.
2020-08-15 09:56:17,346 from_file: Number of words in vocabulary: 42699
2020-08-15 09:56:17,346 from_file: Number of words in shortlist: 42699
2020-08-15 09:56:17,346 from_file: Number of word classes: 42699
2020-08-15 09:56:17,346 from_file: Building neural network.
2020-08-15 09:56:59,088 from_file: Restoring neural network state.
2020-08-15 09:56:59,411 decode: Building word lattice decoder.
2020-08-15 09:57:04,551 __iter__: Reading lattice file `/tmp/55088464/lattices/dspm004_dsp2013_01.lat.gz´.
2020-08-15 09:57:05,052 decode: Utterance `dspm004_dsp2013_01´ -- 1 of job 60
2020-08-15 09:57:13,752 __iter__: Reading lattice file `/tmp/55088464/lattices/dspm011_dsp2013_21.lat.gz´.
2020-08-15 09:57:13,816 decode: Utterance `dspm011_dsp2013_21´ -- 2 of job 60
2020-08-15 09:57:15,497 __iter__: Reading lattice file `/tmp/55088464/lattices/dspm021_dsp2013_18.lat.gz´.
2020-08-15 09:57:16,127 decode: Utterance `dspm021_dsp2013_18´ -- 3 of job 60
2020-08-15 09:57:44,073 __iter__: Reading lattice file `/tmp/55088464/lattices/dspm031_dsp2013_07.lat.gz´.
2020-08-15 09:57:45,454 decode: Utterance `dspm031_dsp2013_07´ -- 4 of job 60
2020-08-15 09:58:16,180 __iter__: Reading lattice file `/tmp/55088464/lattices/dspm040_dsp2013_02.lat.gz´.
2020-08-15 09:58:16,472 decode: Utterance `dspm040_dsp2013_02´ -- 5 of job 60
2020-08-15 09:58:21,788 __iter__: Reading lattice file `/tmp/55088464/lattices/dspm049_dsp2013_04.lat.gz´.
2020-08-15 09:58:22,287 decode: Utterance `dspm049_dsp2013_04´ -- 6 of job 60
2020-08-15 09:58:38,364 __iter__: Reading lattice file `/tmp/55088464/lattices/dspm057_dsp2013_09.lat.gz´.
2020-08-15 09:58:39,048 decode: Utterance `dspm057_dsp2013_09´ -- 7 of job 60
2020-08-15 09:58:59,102 __iter__: Reading lattice file `/tmp/55088464/lattices/radioshaka_kbk20120915_16.lat.gz´.
2020-08-15 09:58:59,537 decode: Utterance `radioshaka_kbk20120915_16´ -- 8 of job 60
/scratch/work/groszt1/envs/theanoLM/lib/python3.7/site-packages/theano/gpuarray/dnn.py:184: UserWarning: Your cuDNN version is more recent than Theano. If you encounter problems, try updating Theano or downgrading cuDNN to a version >= v5 and <= v7.
  warnings.warn("Your cuDNN version is more recent than "
Using cuDNN version 7600 on context None
Mapped name None to device cuda0: Tesla P100-PCIE-16GB (0000:03:00.0)
/scratch/work/groszt1/envs/theanoLM/lib/python3.7/site-packages/h5py-2.9.0-py3.7-linux-x86_64.egg/h5py/_hl/dataset.py:313: H5pyDeprecationWarning: dataset.value has been deprecated. Use dataset[()] instead.
  "Use dataset[()] instead.", H5pyDeprecationWarning)
/scratch/work/groszt1/envs/theanoLM/lib/python3.7/site-packages/h5py-2.9.0-py3.7-linux-x86_64.egg/h5py/_hl/dataset.py:313: H5pyDeprecationWarning: dataset.value has been deprecated. Use dataset[()] instead.
  "Use dataset[()] instead.", H5pyDeprecationWarning)
decode_theanolm finished.
/tmp/55088464/lattices
floatX=float32,device=cuda0,base_compiledir=/tmp/theano,exception_verbosity=high,openmp=False
/scratch/work/groszt1/envs/theanoLM/lib/python3.7/site-packages/theano/gpuarray/dnn.py:184: UserWarning: Your cuDNN version is more recent than Theano. If you encounter problems, try updating Theano or downgrading cuDNN to a version >= v5 and <= v7.
  warnings.warn("Your cuDNN version is more recent than "
Using cuDNN version 7600 on context None
Mapped name None to device cuda0: Tesla P100-PCIE-16GB (0000:03:00.0)
TheanoLM 1.3.2
Theano 1.0.4
pygpu 0.7.6
==
+ srun --gres=gpu:1 theanolm decode /scratch/work/moisioa3/conv_lm/experiments/theanolm-morph-42k/expt2-sampled/nnlm.h5 --lattice-list /tmp/55088464/lattices/lattice-list --output-file /scratch/work/moisioa3/conv_lm/experiments/theanolm-morph-42k/expt2-sampled/decode/devel/lambda=0.5-lms=11/60.trn --output trn --nnlm-weight 0.5 --lm-scale 11 --max-tokens-per-node 62 --beam 650 --recombination-order 22 --num-jobs 128 --job 60 --unk-penalty=-20
2020-08-15 09:59:26,068 get_default_device: Context None device="Tesla P100-PCIE-16GB" ID="0000:03:00.0"
2020-08-15 09:59:26,069 from_file: Reading vocabulary from network state.
2020-08-15 09:59:26,361 from_file: Number of words in vocabulary: 42699
2020-08-15 09:59:26,361 from_file: Number of words in shortlist: 42699
2020-08-15 09:59:26,361 from_file: Number of word classes: 42699
2020-08-15 09:59:26,361 from_file: Building neural network.
2020-08-15 10:00:10,348 from_file: Restoring neural network state.
2020-08-15 10:00:10,686 decode: Building word lattice decoder.
2020-08-15 10:00:15,974 __iter__: Reading lattice file `/tmp/55088464/lattices/dspm004_dsp2013_01.lat.gz´.
2020-08-15 10:00:16,511 decode: Utterance `dspm004_dsp2013_01´ -- 1 of job 60
2020-08-15 10:00:25,346 __iter__: Reading lattice file `/tmp/55088464/lattices/dspm011_dsp2013_21.lat.gz´.
2020-08-15 10:00:25,411 decode: Utterance `dspm011_dsp2013_21´ -- 2 of job 60
2020-08-15 10:00:27,105 __iter__: Reading lattice file `/tmp/55088464/lattices/dspm021_dsp2013_18.lat.gz´.
2020-08-15 10:00:27,741 decode: Utterance `dspm021_dsp2013_18´ -- 3 of job 60
2020-08-15 10:00:55,602 __iter__: Reading lattice file `/tmp/55088464/lattices/dspm031_dsp2013_07.lat.gz´.
2020-08-15 10:00:57,013 decode: Utterance `dspm031_dsp2013_07´ -- 4 of job 60
2020-08-15 10:01:27,940 __iter__: Reading lattice file `/tmp/55088464/lattices/dspm040_dsp2013_02.lat.gz´.
2020-08-15 10:01:28,248 decode: Utterance `dspm040_dsp2013_02´ -- 5 of job 60
2020-08-15 10:01:33,568 __iter__: Reading lattice file `/tmp/55088464/lattices/dspm049_dsp2013_04.lat.gz´.
2020-08-15 10:01:34,084 decode: Utterance `dspm049_dsp2013_04´ -- 6 of job 60
2020-08-15 10:01:50,276 __iter__: Reading lattice file `/tmp/55088464/lattices/dspm057_dsp2013_09.lat.gz´.
2020-08-15 10:01:50,997 decode: Utterance `dspm057_dsp2013_09´ -- 7 of job 60
2020-08-15 10:02:12,343 __iter__: Reading lattice file `/tmp/55088464/lattices/radioshaka_kbk20120915_16.lat.gz´.
2020-08-15 10:02:12,820 decode: Utterance `radioshaka_kbk20120915_16´ -- 8 of job 60
/scratch/work/groszt1/envs/theanoLM/lib/python3.7/site-packages/theano/gpuarray/dnn.py:184: UserWarning: Your cuDNN version is more recent than Theano. If you encounter problems, try updating Theano or downgrading cuDNN to a version >= v5 and <= v7.
  warnings.warn("Your cuDNN version is more recent than "
Using cuDNN version 7600 on context None
Mapped name None to device cuda0: Tesla P100-PCIE-16GB (0000:03:00.0)
/scratch/work/groszt1/envs/theanoLM/lib/python3.7/site-packages/h5py-2.9.0-py3.7-linux-x86_64.egg/h5py/_hl/dataset.py:313: H5pyDeprecationWarning: dataset.value has been deprecated. Use dataset[()] instead.
  "Use dataset[()] instead.", H5pyDeprecationWarning)
/scratch/work/groszt1/envs/theanoLM/lib/python3.7/site-packages/h5py-2.9.0-py3.7-linux-x86_64.egg/h5py/_hl/dataset.py:313: H5pyDeprecationWarning: dataset.value has been deprecated. Use dataset[()] instead.
  "Use dataset[()] instead.", H5pyDeprecationWarning)
decode_theanolm finished.
/tmp/55088464/lattices
floatX=float32,device=cuda0,base_compiledir=/tmp/theano,exception_verbosity=high,openmp=False
/scratch/work/groszt1/envs/theanoLM/lib/python3.7/site-packages/theano/gpuarray/dnn.py:184: UserWarning: Your cuDNN version is more recent than Theano. If you encounter problems, try updating Theano or downgrading cuDNN to a version >= v5 and <= v7.
  warnings.warn("Your cuDNN version is more recent than "
Using cuDNN version 7600 on context None
Mapped name None to device cuda0: Tesla P100-PCIE-16GB (0000:03:00.0)
TheanoLM 1.3.2
Theano 1.0.4
pygpu 0.7.6
==
+ srun --gres=gpu:1 theanolm decode /scratch/work/moisioa3/conv_lm/experiments/theanolm-morph-42k/expt2-sampled/nnlm.h5 --lattice-list /tmp/55088464/lattices/lattice-list --output-file /scratch/work/moisioa3/conv_lm/experiments/theanolm-morph-42k/expt2-sampled/decode/devel/lambda=0.5-lms=12/60.trn --output trn --nnlm-weight 0.5 --lm-scale 12 --max-tokens-per-node 62 --beam 650 --recombination-order 22 --num-jobs 128 --job 60 --unk-penalty=-20
2020-08-15 10:02:41,002 get_default_device: Context None device="Tesla P100-PCIE-16GB" ID="0000:03:00.0"
2020-08-15 10:02:41,003 from_file: Reading vocabulary from network state.
2020-08-15 10:02:41,285 from_file: Number of words in vocabulary: 42699
2020-08-15 10:02:41,286 from_file: Number of words in shortlist: 42699
2020-08-15 10:02:41,286 from_file: Number of word classes: 42699
2020-08-15 10:02:41,286 from_file: Building neural network.
2020-08-15 10:03:26,401 from_file: Restoring neural network state.
2020-08-15 10:03:26,736 decode: Building word lattice decoder.
2020-08-15 10:03:32,251 __iter__: Reading lattice file `/tmp/55088464/lattices/dspm004_dsp2013_01.lat.gz´.
2020-08-15 10:03:32,795 decode: Utterance `dspm004_dsp2013_01´ -- 1 of job 60
2020-08-15 10:03:41,703 __iter__: Reading lattice file `/tmp/55088464/lattices/dspm011_dsp2013_21.lat.gz´.
2020-08-15 10:03:41,764 decode: Utterance `dspm011_dsp2013_21´ -- 2 of job 60
2020-08-15 10:03:43,466 __iter__: Reading lattice file `/tmp/55088464/lattices/dspm021_dsp2013_18.lat.gz´.
2020-08-15 10:03:44,085 decode: Utterance `dspm021_dsp2013_18´ -- 3 of job 60
2020-08-15 10:04:11,546 __iter__: Reading lattice file `/tmp/55088464/lattices/dspm031_dsp2013_07.lat.gz´.
2020-08-15 10:04:12,961 decode: Utterance `dspm031_dsp2013_07´ -- 4 of job 60
2020-08-15 10:04:44,272 __iter__: Reading lattice file `/tmp/55088464/lattices/dspm040_dsp2013_02.lat.gz´.
2020-08-15 10:04:44,579 decode: Utterance `dspm040_dsp2013_02´ -- 5 of job 60
2020-08-15 10:04:49,882 __iter__: Reading lattice file `/tmp/55088464/lattices/dspm049_dsp2013_04.lat.gz´.
2020-08-15 10:04:50,393 decode: Utterance `dspm049_dsp2013_04´ -- 6 of job 60
2020-08-15 10:05:07,101 __iter__: Reading lattice file `/tmp/55088464/lattices/dspm057_dsp2013_09.lat.gz´.
2020-08-15 10:05:07,813 decode: Utterance `dspm057_dsp2013_09´ -- 7 of job 60
2020-08-15 10:05:30,503 __iter__: Reading lattice file `/tmp/55088464/lattices/radioshaka_kbk20120915_16.lat.gz´.
2020-08-15 10:05:30,984 decode: Utterance `radioshaka_kbk20120915_16´ -- 8 of job 60
/scratch/work/groszt1/envs/theanoLM/lib/python3.7/site-packages/theano/gpuarray/dnn.py:184: UserWarning: Your cuDNN version is more recent than Theano. If you encounter problems, try updating Theano or downgrading cuDNN to a version >= v5 and <= v7.
  warnings.warn("Your cuDNN version is more recent than "
Using cuDNN version 7600 on context None
Mapped name None to device cuda0: Tesla P100-PCIE-16GB (0000:03:00.0)
/scratch/work/groszt1/envs/theanoLM/lib/python3.7/site-packages/h5py-2.9.0-py3.7-linux-x86_64.egg/h5py/_hl/dataset.py:313: H5pyDeprecationWarning: dataset.value has been deprecated. Use dataset[()] instead.
  "Use dataset[()] instead.", H5pyDeprecationWarning)
/scratch/work/groszt1/envs/theanoLM/lib/python3.7/site-packages/h5py-2.9.0-py3.7-linux-x86_64.egg/h5py/_hl/dataset.py:313: H5pyDeprecationWarning: dataset.value has been deprecated. Use dataset[()] instead.
  "Use dataset[()] instead.", H5pyDeprecationWarning)
decode_theanolm finished.
/tmp/55088464/lattices
floatX=float32,device=cuda0,base_compiledir=/tmp/theano,exception_verbosity=high,openmp=False
/scratch/work/groszt1/envs/theanoLM/lib/python3.7/site-packages/theano/gpuarray/dnn.py:184: UserWarning: Your cuDNN version is more recent than Theano. If you encounter problems, try updating Theano or downgrading cuDNN to a version >= v5 and <= v7.
  warnings.warn("Your cuDNN version is more recent than "
Using cuDNN version 7600 on context None
Mapped name None to device cuda0: Tesla P100-PCIE-16GB (0000:03:00.0)
TheanoLM 1.3.2
Theano 1.0.4
pygpu 0.7.6
==
+ srun --gres=gpu:1 theanolm decode /scratch/work/moisioa3/conv_lm/experiments/theanolm-morph-42k/expt2-sampled/nnlm.h5 --lattice-list /tmp/55088464/lattices/lattice-list --output-file /scratch/work/moisioa3/conv_lm/experiments/theanolm-morph-42k/expt2-sampled/decode/devel/lambda=1.0-lms=8/60.trn --output trn --nnlm-weight 1.0 --lm-scale 8 --max-tokens-per-node 62 --beam 650 --recombination-order 22 --num-jobs 128 --job 60 --unk-penalty=-20
2020-08-15 10:05:56,622 get_default_device: Context None device="Tesla P100-PCIE-16GB" ID="0000:03:00.0"
2020-08-15 10:05:56,623 from_file: Reading vocabulary from network state.
2020-08-15 10:05:56,906 from_file: Number of words in vocabulary: 42699
2020-08-15 10:05:56,906 from_file: Number of words in shortlist: 42699
2020-08-15 10:05:56,906 from_file: Number of word classes: 42699
2020-08-15 10:05:56,906 from_file: Building neural network.
2020-08-15 10:06:39,297 from_file: Restoring neural network state.
2020-08-15 10:06:39,627 decode: Building word lattice decoder.
2020-08-15 10:06:44,973 __iter__: Reading lattice file `/tmp/55088464/lattices/dspm004_dsp2013_01.lat.gz´.
2020-08-15 10:06:45,497 decode: Utterance `dspm004_dsp2013_01´ -- 1 of job 60
2020-08-15 10:06:53,409 __iter__: Reading lattice file `/tmp/55088464/lattices/dspm011_dsp2013_21.lat.gz´.
2020-08-15 10:06:53,473 decode: Utterance `dspm011_dsp2013_21´ -- 2 of job 60
2020-08-15 10:06:54,772 __iter__: Reading lattice file `/tmp/55088464/lattices/dspm021_dsp2013_18.lat.gz´.
2020-08-15 10:06:55,398 decode: Utterance `dspm021_dsp2013_18´ -- 3 of job 60
2020-08-15 10:07:18,260 __iter__: Reading lattice file `/tmp/55088464/lattices/dspm031_dsp2013_07.lat.gz´.
2020-08-15 10:07:19,642 decode: Utterance `dspm031_dsp2013_07´ -- 4 of job 60
2020-08-15 10:07:50,199 __iter__: Reading lattice file `/tmp/55088464/lattices/dspm040_dsp2013_02.lat.gz´.
2020-08-15 10:07:50,495 decode: Utterance `dspm040_dsp2013_02´ -- 5 of job 60
2020-08-15 10:07:55,717 __iter__: Reading lattice file `/tmp/55088464/lattices/dspm049_dsp2013_04.lat.gz´.
2020-08-15 10:07:56,235 decode: Utterance `dspm049_dsp2013_04´ -- 6 of job 60
2020-08-15 10:08:10,685 __iter__: Reading lattice file `/tmp/55088464/lattices/dspm057_dsp2013_09.lat.gz´.
2020-08-15 10:08:11,382 decode: Utterance `dspm057_dsp2013_09´ -- 7 of job 60
2020-08-15 10:08:29,123 __iter__: Reading lattice file `/tmp/55088464/lattices/radioshaka_kbk20120915_16.lat.gz´.
2020-08-15 10:08:29,559 decode: Utterance `radioshaka_kbk20120915_16´ -- 8 of job 60
/scratch/work/groszt1/envs/theanoLM/lib/python3.7/site-packages/theano/gpuarray/dnn.py:184: UserWarning: Your cuDNN version is more recent than Theano. If you encounter problems, try updating Theano or downgrading cuDNN to a version >= v5 and <= v7.
  warnings.warn("Your cuDNN version is more recent than "
Using cuDNN version 7600 on context None
Mapped name None to device cuda0: Tesla P100-PCIE-16GB (0000:03:00.0)
/scratch/work/groszt1/envs/theanoLM/lib/python3.7/site-packages/h5py-2.9.0-py3.7-linux-x86_64.egg/h5py/_hl/dataset.py:313: H5pyDeprecationWarning: dataset.value has been deprecated. Use dataset[()] instead.
  "Use dataset[()] instead.", H5pyDeprecationWarning)
/scratch/work/groszt1/envs/theanoLM/lib/python3.7/site-packages/h5py-2.9.0-py3.7-linux-x86_64.egg/h5py/_hl/dataset.py:313: H5pyDeprecationWarning: dataset.value has been deprecated. Use dataset[()] instead.
  "Use dataset[()] instead.", H5pyDeprecationWarning)
decode_theanolm finished.
/tmp/55088464/lattices
floatX=float32,device=cuda0,base_compiledir=/tmp/theano,exception_verbosity=high,openmp=False
/scratch/work/groszt1/envs/theanoLM/lib/python3.7/site-packages/theano/gpuarray/dnn.py:184: UserWarning: Your cuDNN version is more recent than Theano. If you encounter problems, try updating Theano or downgrading cuDNN to a version >= v5 and <= v7.
  warnings.warn("Your cuDNN version is more recent than "
Using cuDNN version 7600 on context None
Mapped name None to device cuda0: Tesla P100-PCIE-16GB (0000:03:00.0)
TheanoLM 1.3.2
Theano 1.0.4
pygpu 0.7.6
==
+ srun --gres=gpu:1 theanolm decode /scratch/work/moisioa3/conv_lm/experiments/theanolm-morph-42k/expt2-sampled/nnlm.h5 --lattice-list /tmp/55088464/lattices/lattice-list --output-file /scratch/work/moisioa3/conv_lm/experiments/theanolm-morph-42k/expt2-sampled/decode/devel/lambda=1.0-lms=9/60.trn --output trn --nnlm-weight 1.0 --lm-scale 9 --max-tokens-per-node 62 --beam 650 --recombination-order 22 --num-jobs 128 --job 60 --unk-penalty=-20
2020-08-15 10:08:52,971 get_default_device: Context None device="Tesla P100-PCIE-16GB" ID="0000:03:00.0"
2020-08-15 10:08:52,973 from_file: Reading vocabulary from network state.
2020-08-15 10:08:53,255 from_file: Number of words in vocabulary: 42699
2020-08-15 10:08:53,255 from_file: Number of words in shortlist: 42699
2020-08-15 10:08:53,256 from_file: Number of word classes: 42699
2020-08-15 10:08:53,256 from_file: Building neural network.
2020-08-15 10:09:35,663 from_file: Restoring neural network state.
2020-08-15 10:09:36,000 decode: Building word lattice decoder.
2020-08-15 10:09:41,278 __iter__: Reading lattice file `/tmp/55088464/lattices/dspm004_dsp2013_01.lat.gz´.
2020-08-15 10:09:41,803 decode: Utterance `dspm004_dsp2013_01´ -- 1 of job 60
2020-08-15 10:09:49,930 __iter__: Reading lattice file `/tmp/55088464/lattices/dspm011_dsp2013_21.lat.gz´.
2020-08-15 10:09:49,999 decode: Utterance `dspm011_dsp2013_21´ -- 2 of job 60
2020-08-15 10:09:51,350 __iter__: Reading lattice file `/tmp/55088464/lattices/dspm021_dsp2013_18.lat.gz´.
2020-08-15 10:09:51,976 decode: Utterance `dspm021_dsp2013_18´ -- 3 of job 60
2020-08-15 10:10:16,577 __iter__: Reading lattice file `/tmp/55088464/lattices/dspm031_dsp2013_07.lat.gz´.
2020-08-15 10:10:17,990 decode: Utterance `dspm031_dsp2013_07´ -- 4 of job 60
2020-08-15 10:10:50,371 __iter__: Reading lattice file `/tmp/55088464/lattices/dspm040_dsp2013_02.lat.gz´.
2020-08-15 10:10:50,655 decode: Utterance `dspm040_dsp2013_02´ -- 5 of job 60
2020-08-15 10:10:56,027 __iter__: Reading lattice file `/tmp/55088464/lattices/dspm049_dsp2013_04.lat.gz´.
2020-08-15 10:10:56,490 decode: Utterance `dspm049_dsp2013_04´ -- 6 of job 60
2020-08-15 10:11:10,869 __iter__: Reading lattice file `/tmp/55088464/lattices/dspm057_dsp2013_09.lat.gz´.
2020-08-15 10:11:11,540 decode: Utterance `dspm057_dsp2013_09´ -- 7 of job 60
2020-08-15 10:11:29,244 __iter__: Reading lattice file `/tmp/55088464/lattices/radioshaka_kbk20120915_16.lat.gz´.
2020-08-15 10:11:29,717 decode: Utterance `radioshaka_kbk20120915_16´ -- 8 of job 60
/scratch/work/groszt1/envs/theanoLM/lib/python3.7/site-packages/theano/gpuarray/dnn.py:184: UserWarning: Your cuDNN version is more recent than Theano. If you encounter problems, try updating Theano or downgrading cuDNN to a version >= v5 and <= v7.
  warnings.warn("Your cuDNN version is more recent than "
Using cuDNN version 7600 on context None
Mapped name None to device cuda0: Tesla P100-PCIE-16GB (0000:03:00.0)
/scratch/work/groszt1/envs/theanoLM/lib/python3.7/site-packages/h5py-2.9.0-py3.7-linux-x86_64.egg/h5py/_hl/dataset.py:313: H5pyDeprecationWarning: dataset.value has been deprecated. Use dataset[()] instead.
  "Use dataset[()] instead.", H5pyDeprecationWarning)
/scratch/work/groszt1/envs/theanoLM/lib/python3.7/site-packages/h5py-2.9.0-py3.7-linux-x86_64.egg/h5py/_hl/dataset.py:313: H5pyDeprecationWarning: dataset.value has been deprecated. Use dataset[()] instead.
  "Use dataset[()] instead.", H5pyDeprecationWarning)
decode_theanolm finished.
/tmp/55088464/lattices
floatX=float32,device=cuda0,base_compiledir=/tmp/theano,exception_verbosity=high,openmp=False
/scratch/work/groszt1/envs/theanoLM/lib/python3.7/site-packages/theano/gpuarray/dnn.py:184: UserWarning: Your cuDNN version is more recent than Theano. If you encounter problems, try updating Theano or downgrading cuDNN to a version >= v5 and <= v7.
  warnings.warn("Your cuDNN version is more recent than "
Using cuDNN version 7600 on context None
Mapped name None to device cuda0: Tesla P100-PCIE-16GB (0000:03:00.0)
TheanoLM 1.3.2
Theano 1.0.4
pygpu 0.7.6
==
+ srun --gres=gpu:1 theanolm decode /scratch/work/moisioa3/conv_lm/experiments/theanolm-morph-42k/expt2-sampled/nnlm.h5 --lattice-list /tmp/55088464/lattices/lattice-list --output-file /scratch/work/moisioa3/conv_lm/experiments/theanolm-morph-42k/expt2-sampled/decode/devel/lambda=1.0-lms=10/60.trn --output trn --nnlm-weight 1.0 --lm-scale 10 --max-tokens-per-node 62 --beam 650 --recombination-order 22 --num-jobs 128 --job 60 --unk-penalty=-20
2020-08-15 10:11:53,100 get_default_device: Context None device="Tesla P100-PCIE-16GB" ID="0000:03:00.0"
2020-08-15 10:11:53,102 from_file: Reading vocabulary from network state.
2020-08-15 10:11:53,415 from_file: Number of words in vocabulary: 42699
2020-08-15 10:11:53,415 from_file: Number of words in shortlist: 42699
2020-08-15 10:11:53,415 from_file: Number of word classes: 42699
2020-08-15 10:11:53,416 from_file: Building neural network.
2020-08-15 10:12:36,041 from_file: Restoring neural network state.
2020-08-15 10:12:36,380 decode: Building word lattice decoder.
2020-08-15 10:12:41,629 __iter__: Reading lattice file `/tmp/55088464/lattices/dspm004_dsp2013_01.lat.gz´.
2020-08-15 10:12:42,171 decode: Utterance `dspm004_dsp2013_01´ -- 1 of job 60
2020-08-15 10:12:50,211 __iter__: Reading lattice file `/tmp/55088464/lattices/dspm011_dsp2013_21.lat.gz´.
2020-08-15 10:12:50,276 decode: Utterance `dspm011_dsp2013_21´ -- 2 of job 60
2020-08-15 10:12:51,632 __iter__: Reading lattice file `/tmp/55088464/lattices/dspm021_dsp2013_18.lat.gz´.
2020-08-15 10:12:52,274 decode: Utterance `dspm021_dsp2013_18´ -- 3 of job 60
2020-08-15 10:13:17,355 __iter__: Reading lattice file `/tmp/55088464/lattices/dspm031_dsp2013_07.lat.gz´.
2020-08-15 10:13:18,779 decode: Utterance `dspm031_dsp2013_07´ -- 4 of job 60
2020-08-15 10:13:49,531 __iter__: Reading lattice file `/tmp/55088464/lattices/dspm040_dsp2013_02.lat.gz´.
2020-08-15 10:13:49,843 decode: Utterance `dspm040_dsp2013_02´ -- 5 of job 60
2020-08-15 10:13:55,151 __iter__: Reading lattice file `/tmp/55088464/lattices/dspm049_dsp2013_04.lat.gz´.
2020-08-15 10:13:55,667 decode: Utterance `dspm049_dsp2013_04´ -- 6 of job 60
2020-08-15 10:14:09,680 __iter__: Reading lattice file `/tmp/55088464/lattices/dspm057_dsp2013_09.lat.gz´.
2020-08-15 10:14:10,398 decode: Utterance `dspm057_dsp2013_09´ -- 7 of job 60
2020-08-15 10:14:27,910 __iter__: Reading lattice file `/tmp/55088464/lattices/radioshaka_kbk20120915_16.lat.gz´.
2020-08-15 10:14:28,385 decode: Utterance `radioshaka_kbk20120915_16´ -- 8 of job 60
/scratch/work/groszt1/envs/theanoLM/lib/python3.7/site-packages/theano/gpuarray/dnn.py:184: UserWarning: Your cuDNN version is more recent than Theano. If you encounter problems, try updating Theano or downgrading cuDNN to a version >= v5 and <= v7.
  warnings.warn("Your cuDNN version is more recent than "
Using cuDNN version 7600 on context None
Mapped name None to device cuda0: Tesla P100-PCIE-16GB (0000:03:00.0)
/scratch/work/groszt1/envs/theanoLM/lib/python3.7/site-packages/h5py-2.9.0-py3.7-linux-x86_64.egg/h5py/_hl/dataset.py:313: H5pyDeprecationWarning: dataset.value has been deprecated. Use dataset[()] instead.
  "Use dataset[()] instead.", H5pyDeprecationWarning)
/scratch/work/groszt1/envs/theanoLM/lib/python3.7/site-packages/h5py-2.9.0-py3.7-linux-x86_64.egg/h5py/_hl/dataset.py:313: H5pyDeprecationWarning: dataset.value has been deprecated. Use dataset[()] instead.
  "Use dataset[()] instead.", H5pyDeprecationWarning)
decode_theanolm finished.
/tmp/55088464/lattices
floatX=float32,device=cuda0,base_compiledir=/tmp/theano,exception_verbosity=high,openmp=False
/scratch/work/groszt1/envs/theanoLM/lib/python3.7/site-packages/theano/gpuarray/dnn.py:184: UserWarning: Your cuDNN version is more recent than Theano. If you encounter problems, try updating Theano or downgrading cuDNN to a version >= v5 and <= v7.
  warnings.warn("Your cuDNN version is more recent than "
Using cuDNN version 7600 on context None
Mapped name None to device cuda0: Tesla P100-PCIE-16GB (0000:03:00.0)
TheanoLM 1.3.2
Theano 1.0.4
pygpu 0.7.6
==
+ srun --gres=gpu:1 theanolm decode /scratch/work/moisioa3/conv_lm/experiments/theanolm-morph-42k/expt2-sampled/nnlm.h5 --lattice-list /tmp/55088464/lattices/lattice-list --output-file /scratch/work/moisioa3/conv_lm/experiments/theanolm-morph-42k/expt2-sampled/decode/devel/lambda=1.0-lms=11/60.trn --output trn --nnlm-weight 1.0 --lm-scale 11 --max-tokens-per-node 62 --beam 650 --recombination-order 22 --num-jobs 128 --job 60 --unk-penalty=-20
2020-08-15 10:14:52,065 get_default_device: Context None device="Tesla P100-PCIE-16GB" ID="0000:03:00.0"
2020-08-15 10:14:52,066 from_file: Reading vocabulary from network state.
2020-08-15 10:14:52,343 from_file: Number of words in vocabulary: 42699
2020-08-15 10:14:52,344 from_file: Number of words in shortlist: 42699
2020-08-15 10:14:52,344 from_file: Number of word classes: 42699
2020-08-15 10:14:52,344 from_file: Building neural network.
2020-08-15 10:15:34,551 from_file: Restoring neural network state.
2020-08-15 10:15:34,879 decode: Building word lattice decoder.
2020-08-15 10:15:40,061 __iter__: Reading lattice file `/tmp/55088464/lattices/dspm004_dsp2013_01.lat.gz´.
2020-08-15 10:15:40,576 decode: Utterance `dspm004_dsp2013_01´ -- 1 of job 60
2020-08-15 10:15:48,458 __iter__: Reading lattice file `/tmp/55088464/lattices/dspm011_dsp2013_21.lat.gz´.
2020-08-15 10:15:48,522 decode: Utterance `dspm011_dsp2013_21´ -- 2 of job 60
2020-08-15 10:15:49,867 __iter__: Reading lattice file `/tmp/55088464/lattices/dspm021_dsp2013_18.lat.gz´.
2020-08-15 10:15:50,497 decode: Utterance `dspm021_dsp2013_18´ -- 3 of job 60
2020-08-15 10:16:15,462 __iter__: Reading lattice file `/tmp/55088464/lattices/dspm031_dsp2013_07.lat.gz´.
2020-08-15 10:16:16,872 decode: Utterance `dspm031_dsp2013_07´ -- 4 of job 60
2020-08-15 10:16:48,570 __iter__: Reading lattice file `/tmp/55088464/lattices/dspm040_dsp2013_02.lat.gz´.
2020-08-15 10:16:48,890 decode: Utterance `dspm040_dsp2013_02´ -- 5 of job 60
2020-08-15 10:16:54,317 __iter__: Reading lattice file `/tmp/55088464/lattices/dspm049_dsp2013_04.lat.gz´.
2020-08-15 10:16:54,858 decode: Utterance `dspm049_dsp2013_04´ -- 6 of job 60
2020-08-15 10:17:08,082 __iter__: Reading lattice file `/tmp/55088464/lattices/dspm057_dsp2013_09.lat.gz´.
2020-08-15 10:17:08,795 decode: Utterance `dspm057_dsp2013_09´ -- 7 of job 60
2020-08-15 10:17:24,992 __iter__: Reading lattice file `/tmp/55088464/lattices/radioshaka_kbk20120915_16.lat.gz´.
2020-08-15 10:17:25,478 decode: Utterance `radioshaka_kbk20120915_16´ -- 8 of job 60
/scratch/work/groszt1/envs/theanoLM/lib/python3.7/site-packages/theano/gpuarray/dnn.py:184: UserWarning: Your cuDNN version is more recent than Theano. If you encounter problems, try updating Theano or downgrading cuDNN to a version >= v5 and <= v7.
  warnings.warn("Your cuDNN version is more recent than "
Using cuDNN version 7600 on context None
Mapped name None to device cuda0: Tesla P100-PCIE-16GB (0000:03:00.0)
/scratch/work/groszt1/envs/theanoLM/lib/python3.7/site-packages/h5py-2.9.0-py3.7-linux-x86_64.egg/h5py/_hl/dataset.py:313: H5pyDeprecationWarning: dataset.value has been deprecated. Use dataset[()] instead.
  "Use dataset[()] instead.", H5pyDeprecationWarning)
/scratch/work/groszt1/envs/theanoLM/lib/python3.7/site-packages/h5py-2.9.0-py3.7-linux-x86_64.egg/h5py/_hl/dataset.py:313: H5pyDeprecationWarning: dataset.value has been deprecated. Use dataset[()] instead.
  "Use dataset[()] instead.", H5pyDeprecationWarning)
decode_theanolm finished.
/tmp/55088464/lattices
floatX=float32,device=cuda0,base_compiledir=/tmp/theano,exception_verbosity=high,openmp=False
/scratch/work/groszt1/envs/theanoLM/lib/python3.7/site-packages/theano/gpuarray/dnn.py:184: UserWarning: Your cuDNN version is more recent than Theano. If you encounter problems, try updating Theano or downgrading cuDNN to a version >= v5 and <= v7.
  warnings.warn("Your cuDNN version is more recent than "
Using cuDNN version 7600 on context None
Mapped name None to device cuda0: Tesla P100-PCIE-16GB (0000:03:00.0)
TheanoLM 1.3.2
Theano 1.0.4
pygpu 0.7.6
==
+ srun --gres=gpu:1 theanolm decode /scratch/work/moisioa3/conv_lm/experiments/theanolm-morph-42k/expt2-sampled/nnlm.h5 --lattice-list /tmp/55088464/lattices/lattice-list --output-file /scratch/work/moisioa3/conv_lm/experiments/theanolm-morph-42k/expt2-sampled/decode/devel/lambda=1.0-lms=12/60.trn --output trn --nnlm-weight 1.0 --lm-scale 12 --max-tokens-per-node 62 --beam 650 --recombination-order 22 --num-jobs 128 --job 60 --unk-penalty=-20
2020-08-15 10:17:49,274 get_default_device: Context None device="Tesla P100-PCIE-16GB" ID="0000:03:00.0"
2020-08-15 10:17:49,275 from_file: Reading vocabulary from network state.
2020-08-15 10:17:49,557 from_file: Number of words in vocabulary: 42699
2020-08-15 10:17:49,558 from_file: Number of words in shortlist: 42699
2020-08-15 10:17:49,558 from_file: Number of word classes: 42699
2020-08-15 10:17:49,558 from_file: Building neural network.
2020-08-15 10:18:32,294 from_file: Restoring neural network state.
2020-08-15 10:18:32,642 decode: Building word lattice decoder.
2020-08-15 10:18:37,875 __iter__: Reading lattice file `/tmp/55088464/lattices/dspm004_dsp2013_01.lat.gz´.
2020-08-15 10:18:38,409 decode: Utterance `dspm004_dsp2013_01´ -- 1 of job 60
2020-08-15 10:18:46,375 __iter__: Reading lattice file `/tmp/55088464/lattices/dspm011_dsp2013_21.lat.gz´.
2020-08-15 10:18:46,440 decode: Utterance `dspm011_dsp2013_21´ -- 2 of job 60
2020-08-15 10:18:47,811 __iter__: Reading lattice file `/tmp/55088464/lattices/dspm021_dsp2013_18.lat.gz´.
2020-08-15 10:18:48,469 decode: Utterance `dspm021_dsp2013_18´ -- 3 of job 60
2020-08-15 10:19:15,909 __iter__: Reading lattice file `/tmp/55088464/lattices/dspm031_dsp2013_07.lat.gz´.
2020-08-15 10:19:17,362 decode: Utterance `dspm031_dsp2013_07´ -- 4 of job 60
2020-08-15 10:19:48,745 __iter__: Reading lattice file `/tmp/55088464/lattices/dspm040_dsp2013_02.lat.gz´.
2020-08-15 10:19:49,058 decode: Utterance `dspm040_dsp2013_02´ -- 5 of job 60
2020-08-15 10:19:54,324 __iter__: Reading lattice file `/tmp/55088464/lattices/dspm049_dsp2013_04.lat.gz´.
2020-08-15 10:19:54,847 decode: Utterance `dspm049_dsp2013_04´ -- 6 of job 60
2020-08-15 10:20:08,719 __iter__: Reading lattice file `/tmp/55088464/lattices/dspm057_dsp2013_09.lat.gz´.
2020-08-15 10:20:09,445 decode: Utterance `dspm057_dsp2013_09´ -- 7 of job 60
2020-08-15 10:20:25,850 __iter__: Reading lattice file `/tmp/55088464/lattices/radioshaka_kbk20120915_16.lat.gz´.
2020-08-15 10:20:26,326 decode: Utterance `radioshaka_kbk20120915_16´ -- 8 of job 60
/scratch/work/groszt1/envs/theanoLM/lib/python3.7/site-packages/theano/gpuarray/dnn.py:184: UserWarning: Your cuDNN version is more recent than Theano. If you encounter problems, try updating Theano or downgrading cuDNN to a version >= v5 and <= v7.
  warnings.warn("Your cuDNN version is more recent than "
Using cuDNN version 7600 on context None
Mapped name None to device cuda0: Tesla P100-PCIE-16GB (0000:03:00.0)
/scratch/work/groszt1/envs/theanoLM/lib/python3.7/site-packages/h5py-2.9.0-py3.7-linux-x86_64.egg/h5py/_hl/dataset.py:313: H5pyDeprecationWarning: dataset.value has been deprecated. Use dataset[()] instead.
  "Use dataset[()] instead.", H5pyDeprecationWarning)
/scratch/work/groszt1/envs/theanoLM/lib/python3.7/site-packages/h5py-2.9.0-py3.7-linux-x86_64.egg/h5py/_hl/dataset.py:313: H5pyDeprecationWarning: dataset.value has been deprecated. Use dataset[()] instead.
  "Use dataset[()] instead.", H5pyDeprecationWarning)
decode_theanolm finished.
decode devel finished.
