Experiment: theanolm-morph-42k/expt2-sampled
Job ID: 55088768
Task ID: 122
Host: gpu8.int.triton.aalto.fi
Start date: Sat Aug 15 10:54:47 EEST 2020
Work directory: /scratch/work/moisioa3/conv_lm/experiments/theanolm-morph-42k/expt2-sampled
Temporary directory: /tmp/55088768

Currently Loaded Modules:
  1) speech-scripts/2016.05.24-b928230   6) binutils/2.25-GCCcore-5.4.0
  2) srilm/default                       7) GCC/5.4.0-2.25
  3) cuda/10.0.130                       8) libgpuarray/2017.03.29-45c731f
  4) cudnn/7.4.2-cuda                    9) anaconda3/latest
  5) GCCcore/5.4.0

 

/tmp/55088768/lattices
floatX=float32,device=cuda0,base_compiledir=/tmp/theano,exception_verbosity=high,openmp=False
/scratch/work/groszt1/envs/theanoLM/lib/python3.7/site-packages/theano/gpuarray/dnn.py:184: UserWarning: Your cuDNN version is more recent than Theano. If you encounter problems, try updating Theano or downgrading cuDNN to a version >= v5 and <= v7.
  warnings.warn("Your cuDNN version is more recent than "
Using cuDNN version 7600 on context None
Mapped name None to device cuda0: Tesla V100-PCIE-32GB (0000:86:00.0)
TheanoLM 1.3.2
Theano 1.0.4
pygpu 0.7.6
==
+ srun --gres=gpu:1 theanolm decode /scratch/work/moisioa3/conv_lm/experiments/theanolm-morph-42k/expt2-sampled/nnlm.h5 --lattice-list /tmp/55088768/lattices/lattice-list --output-file /scratch/work/moisioa3/conv_lm/experiments/theanolm-morph-42k/expt2-sampled/decode/devel/lambda=0.5-lms=8/122.trn --output trn --nnlm-weight 0.5 --lm-scale 8 --max-tokens-per-node 62 --beam 650 --recombination-order 22 --num-jobs 128 --job 122 --unk-penalty=-20
2020-08-15 10:54:57,219 get_default_device: Context None device="Tesla V100-PCIE-32GB" ID="0000:86:00.0"
2020-08-15 10:54:57,220 from_file: Reading vocabulary from network state.
2020-08-15 10:54:57,415 from_file: Number of words in vocabulary: 42699
2020-08-15 10:54:57,416 from_file: Number of words in shortlist: 42699
2020-08-15 10:54:57,416 from_file: Number of word classes: 42699
2020-08-15 10:54:57,416 from_file: Building neural network.
2020-08-15 10:55:25,776 from_file: Restoring neural network state.
2020-08-15 10:55:26,135 decode: Building word lattice decoder.
2020-08-15 10:55:30,153 __iter__: Reading lattice file `/tmp/55088768/lattices/dspm006_dsp2013_26.lat.gz´.
2020-08-15 10:55:30,156 decode: Utterance `dspm006_dsp2013_26´ -- 1 of job 122
2020-08-15 10:55:30,261 __iter__: Reading lattice file `/tmp/55088768/lattices/dspm017_dsp2013_55.lat.gz´.
2020-08-15 10:55:31,212 decode: Utterance `dspm017_dsp2013_55´ -- 2 of job 122
2020-08-15 10:56:05,471 __iter__: Reading lattice file `/tmp/55088768/lattices/dspm025_dsp2013_03.lat.gz´.
2020-08-15 10:56:05,520 decode: Utterance `dspm025_dsp2013_03´ -- 3 of job 122
2020-08-15 10:56:06,889 __iter__: Reading lattice file `/tmp/55088768/lattices/dspm033_dsp2013_51.lat.gz´.
2020-08-15 10:56:07,330 decode: Utterance `dspm033_dsp2013_51´ -- 4 of job 122
2020-08-15 10:56:24,484 __iter__: Reading lattice file `/tmp/55088768/lattices/dspm043_dsp2013_37.lat.gz´.
2020-08-15 10:56:24,675 decode: Utterance `dspm043_dsp2013_37´ -- 5 of job 122
2020-08-15 10:56:31,085 __iter__: Reading lattice file `/tmp/55088768/lattices/dspm054_dsp2013_05.lat.gz´.
2020-08-15 10:56:31,584 decode: Utterance `dspm054_dsp2013_05´ -- 6 of job 122
2020-08-15 10:56:46,473 __iter__: Reading lattice file `/tmp/55088768/lattices/radiojake_kbk20120915_3.lat.gz´.
2020-08-15 10:56:46,967 decode: Utterance `radiojake_kbk20120915_3´ -- 7 of job 122
/scratch/work/groszt1/envs/theanoLM/lib/python3.7/site-packages/theano/gpuarray/dnn.py:184: UserWarning: Your cuDNN version is more recent than Theano. If you encounter problems, try updating Theano or downgrading cuDNN to a version >= v5 and <= v7.
  warnings.warn("Your cuDNN version is more recent than "
Using cuDNN version 7600 on context None
Mapped name None to device cuda0: Tesla V100-PCIE-32GB (0000:86:00.0)
/scratch/work/groszt1/envs/theanoLM/lib/python3.7/site-packages/h5py-2.9.0-py3.7-linux-x86_64.egg/h5py/_hl/dataset.py:313: H5pyDeprecationWarning: dataset.value has been deprecated. Use dataset[()] instead.
  "Use dataset[()] instead.", H5pyDeprecationWarning)
/scratch/work/groszt1/envs/theanoLM/lib/python3.7/site-packages/h5py-2.9.0-py3.7-linux-x86_64.egg/h5py/_hl/dataset.py:313: H5pyDeprecationWarning: dataset.value has been deprecated. Use dataset[()] instead.
  "Use dataset[()] instead.", H5pyDeprecationWarning)
decode_theanolm finished.
/tmp/55088768/lattices
floatX=float32,device=cuda0,base_compiledir=/tmp/theano,exception_verbosity=high,openmp=False
/scratch/work/groszt1/envs/theanoLM/lib/python3.7/site-packages/theano/gpuarray/dnn.py:184: UserWarning: Your cuDNN version is more recent than Theano. If you encounter problems, try updating Theano or downgrading cuDNN to a version >= v5 and <= v7.
  warnings.warn("Your cuDNN version is more recent than "
Using cuDNN version 7600 on context None
Mapped name None to device cuda0: Tesla V100-PCIE-32GB (0000:86:00.0)
TheanoLM 1.3.2
Theano 1.0.4
pygpu 0.7.6
==
+ srun --gres=gpu:1 theanolm decode /scratch/work/moisioa3/conv_lm/experiments/theanolm-morph-42k/expt2-sampled/nnlm.h5 --lattice-list /tmp/55088768/lattices/lattice-list --output-file /scratch/work/moisioa3/conv_lm/experiments/theanolm-morph-42k/expt2-sampled/decode/devel/lambda=0.5-lms=9/122.trn --output trn --nnlm-weight 0.5 --lm-scale 9 --max-tokens-per-node 62 --beam 650 --recombination-order 22 --num-jobs 128 --job 122 --unk-penalty=-20
2020-08-15 10:57:12,570 get_default_device: Context None device="Tesla V100-PCIE-32GB" ID="0000:86:00.0"
2020-08-15 10:57:12,571 from_file: Reading vocabulary from network state.
2020-08-15 10:57:12,772 from_file: Number of words in vocabulary: 42699
2020-08-15 10:57:12,772 from_file: Number of words in shortlist: 42699
2020-08-15 10:57:12,773 from_file: Number of word classes: 42699
2020-08-15 10:57:12,773 from_file: Building neural network.
2020-08-15 10:57:40,944 from_file: Restoring neural network state.
2020-08-15 10:57:41,304 decode: Building word lattice decoder.
2020-08-15 10:57:45,345 __iter__: Reading lattice file `/tmp/55088768/lattices/dspm006_dsp2013_26.lat.gz´.
2020-08-15 10:57:45,348 decode: Utterance `dspm006_dsp2013_26´ -- 1 of job 122
2020-08-15 10:57:45,454 __iter__: Reading lattice file `/tmp/55088768/lattices/dspm017_dsp2013_55.lat.gz´.
2020-08-15 10:57:46,409 decode: Utterance `dspm017_dsp2013_55´ -- 2 of job 122
2020-08-15 10:58:20,546 __iter__: Reading lattice file `/tmp/55088768/lattices/dspm025_dsp2013_03.lat.gz´.
2020-08-15 10:58:20,594 decode: Utterance `dspm025_dsp2013_03´ -- 3 of job 122
2020-08-15 10:58:21,952 __iter__: Reading lattice file `/tmp/55088768/lattices/dspm033_dsp2013_51.lat.gz´.
2020-08-15 10:58:22,398 decode: Utterance `dspm033_dsp2013_51´ -- 4 of job 122
2020-08-15 10:58:39,396 __iter__: Reading lattice file `/tmp/55088768/lattices/dspm043_dsp2013_37.lat.gz´.
2020-08-15 10:58:39,584 decode: Utterance `dspm043_dsp2013_37´ -- 5 of job 122
2020-08-15 10:58:45,686 __iter__: Reading lattice file `/tmp/55088768/lattices/dspm054_dsp2013_05.lat.gz´.
2020-08-15 10:58:46,176 decode: Utterance `dspm054_dsp2013_05´ -- 6 of job 122
2020-08-15 10:59:00,340 __iter__: Reading lattice file `/tmp/55088768/lattices/radiojake_kbk20120915_3.lat.gz´.
2020-08-15 10:59:00,841 decode: Utterance `radiojake_kbk20120915_3´ -- 7 of job 122
/scratch/work/groszt1/envs/theanoLM/lib/python3.7/site-packages/theano/gpuarray/dnn.py:184: UserWarning: Your cuDNN version is more recent than Theano. If you encounter problems, try updating Theano or downgrading cuDNN to a version >= v5 and <= v7.
  warnings.warn("Your cuDNN version is more recent than "
Using cuDNN version 7600 on context None
Mapped name None to device cuda0: Tesla V100-PCIE-32GB (0000:86:00.0)
/scratch/work/groszt1/envs/theanoLM/lib/python3.7/site-packages/h5py-2.9.0-py3.7-linux-x86_64.egg/h5py/_hl/dataset.py:313: H5pyDeprecationWarning: dataset.value has been deprecated. Use dataset[()] instead.
  "Use dataset[()] instead.", H5pyDeprecationWarning)
/scratch/work/groszt1/envs/theanoLM/lib/python3.7/site-packages/h5py-2.9.0-py3.7-linux-x86_64.egg/h5py/_hl/dataset.py:313: H5pyDeprecationWarning: dataset.value has been deprecated. Use dataset[()] instead.
  "Use dataset[()] instead.", H5pyDeprecationWarning)
decode_theanolm finished.
/tmp/55088768/lattices
floatX=float32,device=cuda0,base_compiledir=/tmp/theano,exception_verbosity=high,openmp=False
/scratch/work/groszt1/envs/theanoLM/lib/python3.7/site-packages/theano/gpuarray/dnn.py:184: UserWarning: Your cuDNN version is more recent than Theano. If you encounter problems, try updating Theano or downgrading cuDNN to a version >= v5 and <= v7.
  warnings.warn("Your cuDNN version is more recent than "
Using cuDNN version 7600 on context None
Mapped name None to device cuda0: Tesla V100-PCIE-32GB (0000:86:00.0)
TheanoLM 1.3.2
Theano 1.0.4
pygpu 0.7.6
==
+ srun --gres=gpu:1 theanolm decode /scratch/work/moisioa3/conv_lm/experiments/theanolm-morph-42k/expt2-sampled/nnlm.h5 --lattice-list /tmp/55088768/lattices/lattice-list --output-file /scratch/work/moisioa3/conv_lm/experiments/theanolm-morph-42k/expt2-sampled/decode/devel/lambda=0.5-lms=10/122.trn --output trn --nnlm-weight 0.5 --lm-scale 10 --max-tokens-per-node 62 --beam 650 --recombination-order 22 --num-jobs 128 --job 122 --unk-penalty=-20
2020-08-15 10:59:27,066 get_default_device: Context None device="Tesla V100-PCIE-32GB" ID="0000:86:00.0"
2020-08-15 10:59:27,067 from_file: Reading vocabulary from network state.
2020-08-15 10:59:27,271 from_file: Number of words in vocabulary: 42699
2020-08-15 10:59:27,271 from_file: Number of words in shortlist: 42699
2020-08-15 10:59:27,271 from_file: Number of word classes: 42699
2020-08-15 10:59:27,271 from_file: Building neural network.
2020-08-15 10:59:55,630 from_file: Restoring neural network state.
2020-08-15 10:59:55,988 decode: Building word lattice decoder.
2020-08-15 11:00:00,006 __iter__: Reading lattice file `/tmp/55088768/lattices/dspm006_dsp2013_26.lat.gz´.
2020-08-15 11:00:00,008 decode: Utterance `dspm006_dsp2013_26´ -- 1 of job 122
2020-08-15 11:00:00,116 __iter__: Reading lattice file `/tmp/55088768/lattices/dspm017_dsp2013_55.lat.gz´.
2020-08-15 11:00:01,098 decode: Utterance `dspm017_dsp2013_55´ -- 2 of job 122
2020-08-15 11:00:36,757 __iter__: Reading lattice file `/tmp/55088768/lattices/dspm025_dsp2013_03.lat.gz´.
2020-08-15 11:00:36,807 decode: Utterance `dspm025_dsp2013_03´ -- 3 of job 122
2020-08-15 11:00:38,191 __iter__: Reading lattice file `/tmp/55088768/lattices/dspm033_dsp2013_51.lat.gz´.
2020-08-15 11:00:38,642 decode: Utterance `dspm033_dsp2013_51´ -- 4 of job 122
2020-08-15 11:00:55,755 __iter__: Reading lattice file `/tmp/55088768/lattices/dspm043_dsp2013_37.lat.gz´.
2020-08-15 11:00:55,952 decode: Utterance `dspm043_dsp2013_37´ -- 5 of job 122
2020-08-15 11:01:02,133 __iter__: Reading lattice file `/tmp/55088768/lattices/dspm054_dsp2013_05.lat.gz´.
2020-08-15 11:01:02,637 decode: Utterance `dspm054_dsp2013_05´ -- 6 of job 122
2020-08-15 11:01:17,058 __iter__: Reading lattice file `/tmp/55088768/lattices/radiojake_kbk20120915_3.lat.gz´.
2020-08-15 11:01:17,569 decode: Utterance `radiojake_kbk20120915_3´ -- 7 of job 122
/scratch/work/groszt1/envs/theanoLM/lib/python3.7/site-packages/theano/gpuarray/dnn.py:184: UserWarning: Your cuDNN version is more recent than Theano. If you encounter problems, try updating Theano or downgrading cuDNN to a version >= v5 and <= v7.
  warnings.warn("Your cuDNN version is more recent than "
Using cuDNN version 7600 on context None
Mapped name None to device cuda0: Tesla V100-PCIE-32GB (0000:86:00.0)
/scratch/work/groszt1/envs/theanoLM/lib/python3.7/site-packages/h5py-2.9.0-py3.7-linux-x86_64.egg/h5py/_hl/dataset.py:313: H5pyDeprecationWarning: dataset.value has been deprecated. Use dataset[()] instead.
  "Use dataset[()] instead.", H5pyDeprecationWarning)
/scratch/work/groszt1/envs/theanoLM/lib/python3.7/site-packages/h5py-2.9.0-py3.7-linux-x86_64.egg/h5py/_hl/dataset.py:313: H5pyDeprecationWarning: dataset.value has been deprecated. Use dataset[()] instead.
  "Use dataset[()] instead.", H5pyDeprecationWarning)
decode_theanolm finished.
/tmp/55088768/lattices
floatX=float32,device=cuda0,base_compiledir=/tmp/theano,exception_verbosity=high,openmp=False
/scratch/work/groszt1/envs/theanoLM/lib/python3.7/site-packages/theano/gpuarray/dnn.py:184: UserWarning: Your cuDNN version is more recent than Theano. If you encounter problems, try updating Theano or downgrading cuDNN to a version >= v5 and <= v7.
  warnings.warn("Your cuDNN version is more recent than "
Using cuDNN version 7600 on context None
Mapped name None to device cuda0: Tesla V100-PCIE-32GB (0000:86:00.0)
TheanoLM 1.3.2
Theano 1.0.4
pygpu 0.7.6
==
+ srun --gres=gpu:1 theanolm decode /scratch/work/moisioa3/conv_lm/experiments/theanolm-morph-42k/expt2-sampled/nnlm.h5 --lattice-list /tmp/55088768/lattices/lattice-list --output-file /scratch/work/moisioa3/conv_lm/experiments/theanolm-morph-42k/expt2-sampled/decode/devel/lambda=0.5-lms=11/122.trn --output trn --nnlm-weight 0.5 --lm-scale 11 --max-tokens-per-node 62 --beam 650 --recombination-order 22 --num-jobs 128 --job 122 --unk-penalty=-20
2020-08-15 11:01:44,277 get_default_device: Context None device="Tesla V100-PCIE-32GB" ID="0000:86:00.0"
2020-08-15 11:01:44,278 from_file: Reading vocabulary from network state.
2020-08-15 11:01:44,479 from_file: Number of words in vocabulary: 42699
2020-08-15 11:01:44,479 from_file: Number of words in shortlist: 42699
2020-08-15 11:01:44,479 from_file: Number of word classes: 42699
2020-08-15 11:01:44,480 from_file: Building neural network.
2020-08-15 11:02:13,233 from_file: Restoring neural network state.
2020-08-15 11:02:13,634 decode: Building word lattice decoder.
2020-08-15 11:02:17,713 __iter__: Reading lattice file `/tmp/55088768/lattices/dspm006_dsp2013_26.lat.gz´.
2020-08-15 11:02:17,716 decode: Utterance `dspm006_dsp2013_26´ -- 1 of job 122
2020-08-15 11:02:17,821 __iter__: Reading lattice file `/tmp/55088768/lattices/dspm017_dsp2013_55.lat.gz´.
2020-08-15 11:02:18,810 decode: Utterance `dspm017_dsp2013_55´ -- 2 of job 122
2020-08-15 11:02:54,823 __iter__: Reading lattice file `/tmp/55088768/lattices/dspm025_dsp2013_03.lat.gz´.
2020-08-15 11:02:54,873 decode: Utterance `dspm025_dsp2013_03´ -- 3 of job 122
2020-08-15 11:02:56,228 __iter__: Reading lattice file `/tmp/55088768/lattices/dspm033_dsp2013_51.lat.gz´.
2020-08-15 11:02:56,685 decode: Utterance `dspm033_dsp2013_51´ -- 4 of job 122
2020-08-15 11:03:14,161 __iter__: Reading lattice file `/tmp/55088768/lattices/dspm043_dsp2013_37.lat.gz´.
2020-08-15 11:03:14,357 decode: Utterance `dspm043_dsp2013_37´ -- 5 of job 122
2020-08-15 11:03:20,519 __iter__: Reading lattice file `/tmp/55088768/lattices/dspm054_dsp2013_05.lat.gz´.
2020-08-15 11:03:21,027 decode: Utterance `dspm054_dsp2013_05´ -- 6 of job 122
2020-08-15 11:03:35,074 __iter__: Reading lattice file `/tmp/55088768/lattices/radiojake_kbk20120915_3.lat.gz´.
2020-08-15 11:03:35,588 decode: Utterance `radiojake_kbk20120915_3´ -- 7 of job 122
/scratch/work/groszt1/envs/theanoLM/lib/python3.7/site-packages/theano/gpuarray/dnn.py:184: UserWarning: Your cuDNN version is more recent than Theano. If you encounter problems, try updating Theano or downgrading cuDNN to a version >= v5 and <= v7.
  warnings.warn("Your cuDNN version is more recent than "
Using cuDNN version 7600 on context None
Mapped name None to device cuda0: Tesla V100-PCIE-32GB (0000:86:00.0)
/scratch/work/groszt1/envs/theanoLM/lib/python3.7/site-packages/h5py-2.9.0-py3.7-linux-x86_64.egg/h5py/_hl/dataset.py:313: H5pyDeprecationWarning: dataset.value has been deprecated. Use dataset[()] instead.
  "Use dataset[()] instead.", H5pyDeprecationWarning)
/scratch/work/groszt1/envs/theanoLM/lib/python3.7/site-packages/h5py-2.9.0-py3.7-linux-x86_64.egg/h5py/_hl/dataset.py:313: H5pyDeprecationWarning: dataset.value has been deprecated. Use dataset[()] instead.
  "Use dataset[()] instead.", H5pyDeprecationWarning)
decode_theanolm finished.
/tmp/55088768/lattices
floatX=float32,device=cuda0,base_compiledir=/tmp/theano,exception_verbosity=high,openmp=False
/scratch/work/groszt1/envs/theanoLM/lib/python3.7/site-packages/theano/gpuarray/dnn.py:184: UserWarning: Your cuDNN version is more recent than Theano. If you encounter problems, try updating Theano or downgrading cuDNN to a version >= v5 and <= v7.
  warnings.warn("Your cuDNN version is more recent than "
Using cuDNN version 7600 on context None
Mapped name None to device cuda0: Tesla V100-PCIE-32GB (0000:86:00.0)
TheanoLM 1.3.2
Theano 1.0.4
pygpu 0.7.6
==
+ srun --gres=gpu:1 theanolm decode /scratch/work/moisioa3/conv_lm/experiments/theanolm-morph-42k/expt2-sampled/nnlm.h5 --lattice-list /tmp/55088768/lattices/lattice-list --output-file /scratch/work/moisioa3/conv_lm/experiments/theanolm-morph-42k/expt2-sampled/decode/devel/lambda=0.5-lms=12/122.trn --output trn --nnlm-weight 0.5 --lm-scale 12 --max-tokens-per-node 62 --beam 650 --recombination-order 22 --num-jobs 128 --job 122 --unk-penalty=-20
2020-08-15 11:04:11,769 get_default_device: Context None device="Tesla V100-PCIE-32GB" ID="0000:86:00.0"
2020-08-15 11:04:11,771 from_file: Reading vocabulary from network state.
2020-08-15 11:04:11,970 from_file: Number of words in vocabulary: 42699
2020-08-15 11:04:11,971 from_file: Number of words in shortlist: 42699
2020-08-15 11:04:11,971 from_file: Number of word classes: 42699
2020-08-15 11:04:11,971 from_file: Building neural network.
2020-08-15 11:04:41,058 from_file: Restoring neural network state.
2020-08-15 11:04:41,430 decode: Building word lattice decoder.
2020-08-15 11:04:45,459 __iter__: Reading lattice file `/tmp/55088768/lattices/dspm006_dsp2013_26.lat.gz´.
2020-08-15 11:04:45,462 decode: Utterance `dspm006_dsp2013_26´ -- 1 of job 122
2020-08-15 11:04:45,565 __iter__: Reading lattice file `/tmp/55088768/lattices/dspm017_dsp2013_55.lat.gz´.
2020-08-15 11:04:46,519 decode: Utterance `dspm017_dsp2013_55´ -- 2 of job 122
2020-08-15 11:05:25,344 __iter__: Reading lattice file `/tmp/55088768/lattices/dspm025_dsp2013_03.lat.gz´.
2020-08-15 11:05:25,393 decode: Utterance `dspm025_dsp2013_03´ -- 3 of job 122
2020-08-15 11:05:26,765 __iter__: Reading lattice file `/tmp/55088768/lattices/dspm033_dsp2013_51.lat.gz´.
2020-08-15 11:05:27,208 decode: Utterance `dspm033_dsp2013_51´ -- 4 of job 122
2020-08-15 11:05:45,418 __iter__: Reading lattice file `/tmp/55088768/lattices/dspm043_dsp2013_37.lat.gz´.
2020-08-15 11:05:45,609 decode: Utterance `dspm043_dsp2013_37´ -- 5 of job 122
2020-08-15 11:05:51,866 __iter__: Reading lattice file `/tmp/55088768/lattices/dspm054_dsp2013_05.lat.gz´.
2020-08-15 11:05:52,358 decode: Utterance `dspm054_dsp2013_05´ -- 6 of job 122
2020-08-15 11:06:06,763 __iter__: Reading lattice file `/tmp/55088768/lattices/radiojake_kbk20120915_3.lat.gz´.
2020-08-15 11:06:07,262 decode: Utterance `radiojake_kbk20120915_3´ -- 7 of job 122
/scratch/work/groszt1/envs/theanoLM/lib/python3.7/site-packages/theano/gpuarray/dnn.py:184: UserWarning: Your cuDNN version is more recent than Theano. If you encounter problems, try updating Theano or downgrading cuDNN to a version >= v5 and <= v7.
  warnings.warn("Your cuDNN version is more recent than "
Using cuDNN version 7600 on context None
Mapped name None to device cuda0: Tesla V100-PCIE-32GB (0000:86:00.0)
/scratch/work/groszt1/envs/theanoLM/lib/python3.7/site-packages/h5py-2.9.0-py3.7-linux-x86_64.egg/h5py/_hl/dataset.py:313: H5pyDeprecationWarning: dataset.value has been deprecated. Use dataset[()] instead.
  "Use dataset[()] instead.", H5pyDeprecationWarning)
/scratch/work/groszt1/envs/theanoLM/lib/python3.7/site-packages/h5py-2.9.0-py3.7-linux-x86_64.egg/h5py/_hl/dataset.py:313: H5pyDeprecationWarning: dataset.value has been deprecated. Use dataset[()] instead.
  "Use dataset[()] instead.", H5pyDeprecationWarning)
decode_theanolm finished.
/tmp/55088768/lattices
floatX=float32,device=cuda0,base_compiledir=/tmp/theano,exception_verbosity=high,openmp=False
/scratch/work/groszt1/envs/theanoLM/lib/python3.7/site-packages/theano/gpuarray/dnn.py:184: UserWarning: Your cuDNN version is more recent than Theano. If you encounter problems, try updating Theano or downgrading cuDNN to a version >= v5 and <= v7.
  warnings.warn("Your cuDNN version is more recent than "
Using cuDNN version 7600 on context None
Mapped name None to device cuda0: Tesla V100-PCIE-32GB (0000:86:00.0)
TheanoLM 1.3.2
Theano 1.0.4
pygpu 0.7.6
==
+ srun --gres=gpu:1 theanolm decode /scratch/work/moisioa3/conv_lm/experiments/theanolm-morph-42k/expt2-sampled/nnlm.h5 --lattice-list /tmp/55088768/lattices/lattice-list --output-file /scratch/work/moisioa3/conv_lm/experiments/theanolm-morph-42k/expt2-sampled/decode/devel/lambda=1.0-lms=8/122.trn --output trn --nnlm-weight 1.0 --lm-scale 8 --max-tokens-per-node 62 --beam 650 --recombination-order 22 --num-jobs 128 --job 122 --unk-penalty=-20
2020-08-15 11:06:34,570 get_default_device: Context None device="Tesla V100-PCIE-32GB" ID="0000:86:00.0"
2020-08-15 11:06:34,571 from_file: Reading vocabulary from network state.
2020-08-15 11:06:34,774 from_file: Number of words in vocabulary: 42699
2020-08-15 11:06:34,774 from_file: Number of words in shortlist: 42699
2020-08-15 11:06:34,774 from_file: Number of word classes: 42699
2020-08-15 11:06:34,774 from_file: Building neural network.
2020-08-15 11:07:04,124 from_file: Restoring neural network state.
2020-08-15 11:07:04,485 decode: Building word lattice decoder.
2020-08-15 11:07:08,562 __iter__: Reading lattice file `/tmp/55088768/lattices/dspm006_dsp2013_26.lat.gz´.
2020-08-15 11:07:08,565 decode: Utterance `dspm006_dsp2013_26´ -- 1 of job 122
2020-08-15 11:07:08,670 __iter__: Reading lattice file `/tmp/55088768/lattices/dspm017_dsp2013_55.lat.gz´.
2020-08-15 11:07:09,640 decode: Utterance `dspm017_dsp2013_55´ -- 2 of job 122
2020-08-15 11:07:36,152 __iter__: Reading lattice file `/tmp/55088768/lattices/dspm025_dsp2013_03.lat.gz´.
2020-08-15 11:07:36,201 decode: Utterance `dspm025_dsp2013_03´ -- 3 of job 122
2020-08-15 11:07:37,556 __iter__: Reading lattice file `/tmp/55088768/lattices/dspm033_dsp2013_51.lat.gz´.
2020-08-15 11:07:38,005 decode: Utterance `dspm033_dsp2013_51´ -- 4 of job 122
2020-08-15 11:07:52,976 __iter__: Reading lattice file `/tmp/55088768/lattices/dspm043_dsp2013_37.lat.gz´.
2020-08-15 11:07:53,167 decode: Utterance `dspm043_dsp2013_37´ -- 5 of job 122
2020-08-15 11:07:59,086 __iter__: Reading lattice file `/tmp/55088768/lattices/dspm054_dsp2013_05.lat.gz´.
2020-08-15 11:07:59,584 decode: Utterance `dspm054_dsp2013_05´ -- 6 of job 122
2020-08-15 11:08:12,352 __iter__: Reading lattice file `/tmp/55088768/lattices/radiojake_kbk20120915_3.lat.gz´.
2020-08-15 11:08:12,854 decode: Utterance `radiojake_kbk20120915_3´ -- 7 of job 122
/scratch/work/groszt1/envs/theanoLM/lib/python3.7/site-packages/theano/gpuarray/dnn.py:184: UserWarning: Your cuDNN version is more recent than Theano. If you encounter problems, try updating Theano or downgrading cuDNN to a version >= v5 and <= v7.
  warnings.warn("Your cuDNN version is more recent than "
Using cuDNN version 7600 on context None
Mapped name None to device cuda0: Tesla V100-PCIE-32GB (0000:86:00.0)
/scratch/work/groszt1/envs/theanoLM/lib/python3.7/site-packages/h5py-2.9.0-py3.7-linux-x86_64.egg/h5py/_hl/dataset.py:313: H5pyDeprecationWarning: dataset.value has been deprecated. Use dataset[()] instead.
  "Use dataset[()] instead.", H5pyDeprecationWarning)
/scratch/work/groszt1/envs/theanoLM/lib/python3.7/site-packages/h5py-2.9.0-py3.7-linux-x86_64.egg/h5py/_hl/dataset.py:313: H5pyDeprecationWarning: dataset.value has been deprecated. Use dataset[()] instead.
  "Use dataset[()] instead.", H5pyDeprecationWarning)
decode_theanolm finished.
/tmp/55088768/lattices
floatX=float32,device=cuda0,base_compiledir=/tmp/theano,exception_verbosity=high,openmp=False
/scratch/work/groszt1/envs/theanoLM/lib/python3.7/site-packages/theano/gpuarray/dnn.py:184: UserWarning: Your cuDNN version is more recent than Theano. If you encounter problems, try updating Theano or downgrading cuDNN to a version >= v5 and <= v7.
  warnings.warn("Your cuDNN version is more recent than "
Using cuDNN version 7600 on context None
Mapped name None to device cuda0: Tesla V100-PCIE-32GB (0000:86:00.0)
TheanoLM 1.3.2
Theano 1.0.4
pygpu 0.7.6
==
+ srun --gres=gpu:1 theanolm decode /scratch/work/moisioa3/conv_lm/experiments/theanolm-morph-42k/expt2-sampled/nnlm.h5 --lattice-list /tmp/55088768/lattices/lattice-list --output-file /scratch/work/moisioa3/conv_lm/experiments/theanolm-morph-42k/expt2-sampled/decode/devel/lambda=1.0-lms=9/122.trn --output trn --nnlm-weight 1.0 --lm-scale 9 --max-tokens-per-node 62 --beam 650 --recombination-order 22 --num-jobs 128 --job 122 --unk-penalty=-20
2020-08-15 11:08:35,586 get_default_device: Context None device="Tesla V100-PCIE-32GB" ID="0000:86:00.0"
2020-08-15 11:08:35,587 from_file: Reading vocabulary from network state.
2020-08-15 11:08:35,784 from_file: Number of words in vocabulary: 42699
2020-08-15 11:08:35,784 from_file: Number of words in shortlist: 42699
2020-08-15 11:08:35,784 from_file: Number of word classes: 42699
2020-08-15 11:08:35,784 from_file: Building neural network.
2020-08-15 11:09:04,284 from_file: Restoring neural network state.
2020-08-15 11:09:04,654 decode: Building word lattice decoder.
2020-08-15 11:09:08,786 __iter__: Reading lattice file `/tmp/55088768/lattices/dspm006_dsp2013_26.lat.gz´.
2020-08-15 11:09:08,788 decode: Utterance `dspm006_dsp2013_26´ -- 1 of job 122
2020-08-15 11:09:08,902 __iter__: Reading lattice file `/tmp/55088768/lattices/dspm017_dsp2013_55.lat.gz´.
2020-08-15 11:09:09,861 decode: Utterance `dspm017_dsp2013_55´ -- 2 of job 122
2020-08-15 11:09:37,221 __iter__: Reading lattice file `/tmp/55088768/lattices/dspm025_dsp2013_03.lat.gz´.
2020-08-15 11:09:37,270 decode: Utterance `dspm025_dsp2013_03´ -- 3 of job 122
2020-08-15 11:09:38,651 __iter__: Reading lattice file `/tmp/55088768/lattices/dspm033_dsp2013_51.lat.gz´.
2020-08-15 11:09:39,091 decode: Utterance `dspm033_dsp2013_51´ -- 4 of job 122
2020-08-15 11:09:54,131 __iter__: Reading lattice file `/tmp/55088768/lattices/dspm043_dsp2013_37.lat.gz´.
2020-08-15 11:09:54,319 decode: Utterance `dspm043_dsp2013_37´ -- 5 of job 122
2020-08-15 11:10:00,187 __iter__: Reading lattice file `/tmp/55088768/lattices/dspm054_dsp2013_05.lat.gz´.
2020-08-15 11:10:00,673 decode: Utterance `dspm054_dsp2013_05´ -- 6 of job 122
2020-08-15 11:10:13,467 __iter__: Reading lattice file `/tmp/55088768/lattices/radiojake_kbk20120915_3.lat.gz´.
2020-08-15 11:10:13,960 decode: Utterance `radiojake_kbk20120915_3´ -- 7 of job 122
/scratch/work/groszt1/envs/theanoLM/lib/python3.7/site-packages/theano/gpuarray/dnn.py:184: UserWarning: Your cuDNN version is more recent than Theano. If you encounter problems, try updating Theano or downgrading cuDNN to a version >= v5 and <= v7.
  warnings.warn("Your cuDNN version is more recent than "
Using cuDNN version 7600 on context None
Mapped name None to device cuda0: Tesla V100-PCIE-32GB (0000:86:00.0)
/scratch/work/groszt1/envs/theanoLM/lib/python3.7/site-packages/h5py-2.9.0-py3.7-linux-x86_64.egg/h5py/_hl/dataset.py:313: H5pyDeprecationWarning: dataset.value has been deprecated. Use dataset[()] instead.
  "Use dataset[()] instead.", H5pyDeprecationWarning)
/scratch/work/groszt1/envs/theanoLM/lib/python3.7/site-packages/h5py-2.9.0-py3.7-linux-x86_64.egg/h5py/_hl/dataset.py:313: H5pyDeprecationWarning: dataset.value has been deprecated. Use dataset[()] instead.
  "Use dataset[()] instead.", H5pyDeprecationWarning)
decode_theanolm finished.
/tmp/55088768/lattices
floatX=float32,device=cuda0,base_compiledir=/tmp/theano,exception_verbosity=high,openmp=False
/scratch/work/groszt1/envs/theanoLM/lib/python3.7/site-packages/theano/gpuarray/dnn.py:184: UserWarning: Your cuDNN version is more recent than Theano. If you encounter problems, try updating Theano or downgrading cuDNN to a version >= v5 and <= v7.
  warnings.warn("Your cuDNN version is more recent than "
Using cuDNN version 7600 on context None
Mapped name None to device cuda0: Tesla V100-PCIE-32GB (0000:86:00.0)
TheanoLM 1.3.2
Theano 1.0.4
pygpu 0.7.6
==
+ srun --gres=gpu:1 theanolm decode /scratch/work/moisioa3/conv_lm/experiments/theanolm-morph-42k/expt2-sampled/nnlm.h5 --lattice-list /tmp/55088768/lattices/lattice-list --output-file /scratch/work/moisioa3/conv_lm/experiments/theanolm-morph-42k/expt2-sampled/decode/devel/lambda=1.0-lms=10/122.trn --output trn --nnlm-weight 1.0 --lm-scale 10 --max-tokens-per-node 62 --beam 650 --recombination-order 22 --num-jobs 128 --job 122 --unk-penalty=-20
2020-08-15 11:10:36,760 get_default_device: Context None device="Tesla V100-PCIE-32GB" ID="0000:86:00.0"
2020-08-15 11:10:36,761 from_file: Reading vocabulary from network state.
2020-08-15 11:10:36,959 from_file: Number of words in vocabulary: 42699
2020-08-15 11:10:36,959 from_file: Number of words in shortlist: 42699
2020-08-15 11:10:36,960 from_file: Number of word classes: 42699
2020-08-15 11:10:36,960 from_file: Building neural network.
2020-08-15 11:11:13,923 from_file: Restoring neural network state.
2020-08-15 11:11:14,276 decode: Building word lattice decoder.
2020-08-15 11:11:18,307 __iter__: Reading lattice file `/tmp/55088768/lattices/dspm006_dsp2013_26.lat.gz´.
2020-08-15 11:11:18,310 decode: Utterance `dspm006_dsp2013_26´ -- 1 of job 122
2020-08-15 11:11:18,430 __iter__: Reading lattice file `/tmp/55088768/lattices/dspm017_dsp2013_55.lat.gz´.
2020-08-15 11:11:19,377 decode: Utterance `dspm017_dsp2013_55´ -- 2 of job 122
2020-08-15 11:11:46,342 __iter__: Reading lattice file `/tmp/55088768/lattices/dspm025_dsp2013_03.lat.gz´.
2020-08-15 11:11:46,390 decode: Utterance `dspm025_dsp2013_03´ -- 3 of job 122
2020-08-15 11:11:47,773 __iter__: Reading lattice file `/tmp/55088768/lattices/dspm033_dsp2013_51.lat.gz´.
2020-08-15 11:11:48,213 decode: Utterance `dspm033_dsp2013_51´ -- 4 of job 122
2020-08-15 11:12:03,094 __iter__: Reading lattice file `/tmp/55088768/lattices/dspm043_dsp2013_37.lat.gz´.
2020-08-15 11:12:03,282 decode: Utterance `dspm043_dsp2013_37´ -- 5 of job 122
2020-08-15 11:12:09,091 __iter__: Reading lattice file `/tmp/55088768/lattices/dspm054_dsp2013_05.lat.gz´.
2020-08-15 11:12:09,577 decode: Utterance `dspm054_dsp2013_05´ -- 6 of job 122
2020-08-15 11:12:22,377 __iter__: Reading lattice file `/tmp/55088768/lattices/radiojake_kbk20120915_3.lat.gz´.
2020-08-15 11:12:22,869 decode: Utterance `radiojake_kbk20120915_3´ -- 7 of job 122
/scratch/work/groszt1/envs/theanoLM/lib/python3.7/site-packages/theano/gpuarray/dnn.py:184: UserWarning: Your cuDNN version is more recent than Theano. If you encounter problems, try updating Theano or downgrading cuDNN to a version >= v5 and <= v7.
  warnings.warn("Your cuDNN version is more recent than "
Using cuDNN version 7600 on context None
Mapped name None to device cuda0: Tesla V100-PCIE-32GB (0000:86:00.0)
/scratch/work/groszt1/envs/theanoLM/lib/python3.7/site-packages/h5py-2.9.0-py3.7-linux-x86_64.egg/h5py/_hl/dataset.py:313: H5pyDeprecationWarning: dataset.value has been deprecated. Use dataset[()] instead.
  "Use dataset[()] instead.", H5pyDeprecationWarning)
/scratch/work/groszt1/envs/theanoLM/lib/python3.7/site-packages/h5py-2.9.0-py3.7-linux-x86_64.egg/h5py/_hl/dataset.py:313: H5pyDeprecationWarning: dataset.value has been deprecated. Use dataset[()] instead.
  "Use dataset[()] instead.", H5pyDeprecationWarning)
decode_theanolm finished.
/tmp/55088768/lattices
floatX=float32,device=cuda0,base_compiledir=/tmp/theano,exception_verbosity=high,openmp=False
/scratch/work/groszt1/envs/theanoLM/lib/python3.7/site-packages/theano/gpuarray/dnn.py:184: UserWarning: Your cuDNN version is more recent than Theano. If you encounter problems, try updating Theano or downgrading cuDNN to a version >= v5 and <= v7.
  warnings.warn("Your cuDNN version is more recent than "
Using cuDNN version 7600 on context None
Mapped name None to device cuda0: Tesla V100-PCIE-32GB (0000:86:00.0)
TheanoLM 1.3.2
Theano 1.0.4
pygpu 0.7.6
==
+ srun --gres=gpu:1 theanolm decode /scratch/work/moisioa3/conv_lm/experiments/theanolm-morph-42k/expt2-sampled/nnlm.h5 --lattice-list /tmp/55088768/lattices/lattice-list --output-file /scratch/work/moisioa3/conv_lm/experiments/theanolm-morph-42k/expt2-sampled/decode/devel/lambda=1.0-lms=11/122.trn --output trn --nnlm-weight 1.0 --lm-scale 11 --max-tokens-per-node 62 --beam 650 --recombination-order 22 --num-jobs 128 --job 122 --unk-penalty=-20
2020-08-15 11:12:45,466 get_default_device: Context None device="Tesla V100-PCIE-32GB" ID="0000:86:00.0"
2020-08-15 11:12:45,467 from_file: Reading vocabulary from network state.
2020-08-15 11:12:45,672 from_file: Number of words in vocabulary: 42699
2020-08-15 11:12:45,672 from_file: Number of words in shortlist: 42699
2020-08-15 11:12:45,672 from_file: Number of word classes: 42699
2020-08-15 11:12:45,672 from_file: Building neural network.
2020-08-15 11:13:13,977 from_file: Restoring neural network state.
2020-08-15 11:13:14,329 decode: Building word lattice decoder.
2020-08-15 11:13:18,328 __iter__: Reading lattice file `/tmp/55088768/lattices/dspm006_dsp2013_26.lat.gz´.
2020-08-15 11:13:18,331 decode: Utterance `dspm006_dsp2013_26´ -- 1 of job 122
2020-08-15 11:13:18,439 __iter__: Reading lattice file `/tmp/55088768/lattices/dspm017_dsp2013_55.lat.gz´.
2020-08-15 11:13:19,413 decode: Utterance `dspm017_dsp2013_55´ -- 2 of job 122
2020-08-15 11:13:46,259 __iter__: Reading lattice file `/tmp/55088768/lattices/dspm025_dsp2013_03.lat.gz´.
2020-08-15 11:13:46,308 decode: Utterance `dspm025_dsp2013_03´ -- 3 of job 122
2020-08-15 11:13:47,674 __iter__: Reading lattice file `/tmp/55088768/lattices/dspm033_dsp2013_51.lat.gz´.
2020-08-15 11:13:48,125 decode: Utterance `dspm033_dsp2013_51´ -- 4 of job 122
2020-08-15 11:14:03,358 __iter__: Reading lattice file `/tmp/55088768/lattices/dspm043_dsp2013_37.lat.gz´.
2020-08-15 11:14:03,554 decode: Utterance `dspm043_dsp2013_37´ -- 5 of job 122
2020-08-15 11:14:09,598 __iter__: Reading lattice file `/tmp/55088768/lattices/dspm054_dsp2013_05.lat.gz´.
2020-08-15 11:14:10,102 decode: Utterance `dspm054_dsp2013_05´ -- 6 of job 122
2020-08-15 11:14:23,252 __iter__: Reading lattice file `/tmp/55088768/lattices/radiojake_kbk20120915_3.lat.gz´.
2020-08-15 11:14:23,756 decode: Utterance `radiojake_kbk20120915_3´ -- 7 of job 122
/scratch/work/groszt1/envs/theanoLM/lib/python3.7/site-packages/theano/gpuarray/dnn.py:184: UserWarning: Your cuDNN version is more recent than Theano. If you encounter problems, try updating Theano or downgrading cuDNN to a version >= v5 and <= v7.
  warnings.warn("Your cuDNN version is more recent than "
Using cuDNN version 7600 on context None
Mapped name None to device cuda0: Tesla V100-PCIE-32GB (0000:86:00.0)
/scratch/work/groszt1/envs/theanoLM/lib/python3.7/site-packages/h5py-2.9.0-py3.7-linux-x86_64.egg/h5py/_hl/dataset.py:313: H5pyDeprecationWarning: dataset.value has been deprecated. Use dataset[()] instead.
  "Use dataset[()] instead.", H5pyDeprecationWarning)
/scratch/work/groszt1/envs/theanoLM/lib/python3.7/site-packages/h5py-2.9.0-py3.7-linux-x86_64.egg/h5py/_hl/dataset.py:313: H5pyDeprecationWarning: dataset.value has been deprecated. Use dataset[()] instead.
  "Use dataset[()] instead.", H5pyDeprecationWarning)
decode_theanolm finished.
/tmp/55088768/lattices
floatX=float32,device=cuda0,base_compiledir=/tmp/theano,exception_verbosity=high,openmp=False
/scratch/work/groszt1/envs/theanoLM/lib/python3.7/site-packages/theano/gpuarray/dnn.py:184: UserWarning: Your cuDNN version is more recent than Theano. If you encounter problems, try updating Theano or downgrading cuDNN to a version >= v5 and <= v7.
  warnings.warn("Your cuDNN version is more recent than "
Using cuDNN version 7600 on context None
Mapped name None to device cuda0: Tesla V100-PCIE-32GB (0000:86:00.0)
TheanoLM 1.3.2
Theano 1.0.4
pygpu 0.7.6
==
+ srun --gres=gpu:1 theanolm decode /scratch/work/moisioa3/conv_lm/experiments/theanolm-morph-42k/expt2-sampled/nnlm.h5 --lattice-list /tmp/55088768/lattices/lattice-list --output-file /scratch/work/moisioa3/conv_lm/experiments/theanolm-morph-42k/expt2-sampled/decode/devel/lambda=1.0-lms=12/122.trn --output trn --nnlm-weight 1.0 --lm-scale 12 --max-tokens-per-node 62 --beam 650 --recombination-order 22 --num-jobs 128 --job 122 --unk-penalty=-20
2020-08-15 11:14:46,568 get_default_device: Context None device="Tesla V100-PCIE-32GB" ID="0000:86:00.0"
2020-08-15 11:14:46,569 from_file: Reading vocabulary from network state.
2020-08-15 11:14:46,772 from_file: Number of words in vocabulary: 42699
2020-08-15 11:14:46,772 from_file: Number of words in shortlist: 42699
2020-08-15 11:14:46,772 from_file: Number of word classes: 42699
2020-08-15 11:14:46,773 from_file: Building neural network.
2020-08-15 11:15:15,156 from_file: Restoring neural network state.
2020-08-15 11:15:15,512 decode: Building word lattice decoder.
2020-08-15 11:15:19,563 __iter__: Reading lattice file `/tmp/55088768/lattices/dspm006_dsp2013_26.lat.gz´.
2020-08-15 11:15:19,566 decode: Utterance `dspm006_dsp2013_26´ -- 1 of job 122
2020-08-15 11:15:19,671 __iter__: Reading lattice file `/tmp/55088768/lattices/dspm017_dsp2013_55.lat.gz´.
2020-08-15 11:15:20,649 decode: Utterance `dspm017_dsp2013_55´ -- 2 of job 122
2020-08-15 11:15:47,949 __iter__: Reading lattice file `/tmp/55088768/lattices/dspm025_dsp2013_03.lat.gz´.
2020-08-15 11:15:47,999 decode: Utterance `dspm025_dsp2013_03´ -- 3 of job 122
2020-08-15 11:15:49,384 __iter__: Reading lattice file `/tmp/55088768/lattices/dspm033_dsp2013_51.lat.gz´.
2020-08-15 11:15:49,837 decode: Utterance `dspm033_dsp2013_51´ -- 4 of job 122
2020-08-15 11:16:04,616 __iter__: Reading lattice file `/tmp/55088768/lattices/dspm043_dsp2013_37.lat.gz´.
2020-08-15 11:16:04,809 decode: Utterance `dspm043_dsp2013_37´ -- 5 of job 122
2020-08-15 11:16:10,472 __iter__: Reading lattice file `/tmp/55088768/lattices/dspm054_dsp2013_05.lat.gz´.
2020-08-15 11:16:10,974 decode: Utterance `dspm054_dsp2013_05´ -- 6 of job 122
2020-08-15 11:16:24,033 __iter__: Reading lattice file `/tmp/55088768/lattices/radiojake_kbk20120915_3.lat.gz´.
2020-08-15 11:16:24,541 decode: Utterance `radiojake_kbk20120915_3´ -- 7 of job 122
/scratch/work/groszt1/envs/theanoLM/lib/python3.7/site-packages/theano/gpuarray/dnn.py:184: UserWarning: Your cuDNN version is more recent than Theano. If you encounter problems, try updating Theano or downgrading cuDNN to a version >= v5 and <= v7.
  warnings.warn("Your cuDNN version is more recent than "
Using cuDNN version 7600 on context None
Mapped name None to device cuda0: Tesla V100-PCIE-32GB (0000:86:00.0)
/scratch/work/groszt1/envs/theanoLM/lib/python3.7/site-packages/h5py-2.9.0-py3.7-linux-x86_64.egg/h5py/_hl/dataset.py:313: H5pyDeprecationWarning: dataset.value has been deprecated. Use dataset[()] instead.
  "Use dataset[()] instead.", H5pyDeprecationWarning)
/scratch/work/groszt1/envs/theanoLM/lib/python3.7/site-packages/h5py-2.9.0-py3.7-linux-x86_64.egg/h5py/_hl/dataset.py:313: H5pyDeprecationWarning: dataset.value has been deprecated. Use dataset[()] instead.
  "Use dataset[()] instead.", H5pyDeprecationWarning)
decode_theanolm finished.
decode devel finished.
