Experiment: theanolm-morph-42k/expt2-sampled
Job ID: 55132930
Task ID: 4
Host: gpu26.int.triton.aalto.fi
Start date: Thu Aug 20 17:24:31 EEST 2020
Work directory: /scratch/work/moisioa3/conv_lm/experiments/theanolm-morph-42k/expt2-sampled
Temporary directory: /tmp/55132930

Currently Loaded Modules:
  1) speech-scripts/2016.05.24-b928230   6) binutils/2.25-GCCcore-5.4.0
  2) srilm/default                       7) GCC/5.4.0-2.25
  3) cuda/10.0.130                       8) libgpuarray/2017.03.29-45c731f
  4) cudnn/7.4.2-cuda                    9) anaconda3/latest
  5) GCCcore/5.4.0

 

/tmp/55132930/lattices
floatX=float32,device=cuda0,base_compiledir=/tmp/theano,exception_verbosity=high,openmp=False
/scratch/work/groszt1/envs/theanoLM/lib/python3.7/site-packages/theano/gpuarray/dnn.py:184: UserWarning: Your cuDNN version is more recent than Theano. If you encounter problems, try updating Theano or downgrading cuDNN to a version >= v5 and <= v7.
  warnings.warn("Your cuDNN version is more recent than "
Using cuDNN version 7600 on context None
Mapped name None to device cuda0: Tesla P100-PCIE-16GB (0000:04:00.0)
TheanoLM 1.3.2
Theano 1.0.4
pygpu 0.7.6
==
+ srun --gres=gpu:1 theanolm decode /scratch/work/moisioa3/conv_lm/experiments/theanolm-morph-42k/expt2-sampled/nnlm.h5 --lattice-list /tmp/55132930/lattices/lattice-list --output-file /scratch/work/moisioa3/conv_lm/experiments/theanolm-morph-42k/expt2-sampled/decode/eval/lambda=0.5-lms=9/4.trn --output trn --nnlm-weight 0.5 --lm-scale 9 --max-tokens-per-node 62 --beam 650 --recombination-order 22 --num-jobs 128 --job 4 --unk-penalty=-20
2020-08-20 17:24:45,674 get_default_device: Context None device="Tesla P100-PCIE-16GB" ID="0000:04:00.0"
2020-08-20 17:24:45,676 from_file: Reading vocabulary from network state.
2020-08-20 17:24:45,942 from_file: Number of words in vocabulary: 42699
2020-08-20 17:24:45,942 from_file: Number of words in shortlist: 42699
2020-08-20 17:24:45,942 from_file: Number of word classes: 42699
2020-08-20 17:24:45,942 from_file: Building neural network.
2020-08-20 17:25:25,333 from_file: Restoring neural network state.
2020-08-20 17:25:26,000 decode: Building word lattice decoder.
2020-08-20 17:25:51,939 __iter__: Reading lattice file `/tmp/55132930/lattices/dspf001_dsp2013_05.lat.gz´.
2020-08-20 17:25:52,133 decode: Utterance `dspf001_dsp2013_05´ -- 1 of job 4
2020-08-20 17:25:58,485 __iter__: Reading lattice file `/tmp/55132930/lattices/dspm030_dsp2013_1724.lat.gz´.
2020-08-20 17:25:59,044 decode: Utterance `dspm030_dsp2013_1724´ -- 2 of job 4
2020-08-20 17:26:11,157 __iter__: Reading lattice file `/tmp/55132930/lattices/radioerkka_puhujainkulma20120930_52.lat.gz´.
2020-08-20 17:26:11,500 decode: Utterance `radioerkka_puhujainkulma20120930_52´ -- 3 of job 4
2020-08-20 17:26:18,404 __iter__: Reading lattice file `/tmp/55132930/lattices/radiokatupaimen_aamushow20120720_88.lat.gz´.
2020-08-20 17:26:18,575 decode: Utterance `radiokatupaimen_aamushow20120720_88´ -- 4 of job 4
2020-08-20 17:26:22,242 __iter__: Reading lattice file `/tmp/55132930/lattices/radioruudolf_aamushow20120720_2.lat.gz´.
2020-08-20 17:26:22,472 decode: Utterance `radioruudolf_aamushow20120720_2´ -- 5 of job 4
/scratch/work/groszt1/envs/theanoLM/lib/python3.7/site-packages/theano/gpuarray/dnn.py:184: UserWarning: Your cuDNN version is more recent than Theano. If you encounter problems, try updating Theano or downgrading cuDNN to a version >= v5 and <= v7.
  warnings.warn("Your cuDNN version is more recent than "
Using cuDNN version 7600 on context None
Mapped name None to device cuda0: Tesla P100-PCIE-16GB (0000:04:00.0)
/scratch/work/groszt1/envs/theanoLM/lib/python3.7/site-packages/h5py-2.9.0-py3.7-linux-x86_64.egg/h5py/_hl/dataset.py:313: H5pyDeprecationWarning: dataset.value has been deprecated. Use dataset[()] instead.
  "Use dataset[()] instead.", H5pyDeprecationWarning)
/scratch/work/groszt1/envs/theanoLM/lib/python3.7/site-packages/h5py-2.9.0-py3.7-linux-x86_64.egg/h5py/_hl/dataset.py:313: H5pyDeprecationWarning: dataset.value has been deprecated. Use dataset[()] instead.
  "Use dataset[()] instead.", H5pyDeprecationWarning)
decode_theanolm finished.
/tmp/55132930/lattices
floatX=float32,device=cuda0,base_compiledir=/tmp/theano,exception_verbosity=high,openmp=False
/scratch/work/groszt1/envs/theanoLM/lib/python3.7/site-packages/theano/gpuarray/dnn.py:184: UserWarning: Your cuDNN version is more recent than Theano. If you encounter problems, try updating Theano or downgrading cuDNN to a version >= v5 and <= v7.
  warnings.warn("Your cuDNN version is more recent than "
Using cuDNN version 7600 on context None
Mapped name None to device cuda0: Tesla P100-PCIE-16GB (0000:04:00.0)
TheanoLM 1.3.2
Theano 1.0.4
pygpu 0.7.6
==
+ srun --gres=gpu:1 theanolm decode /scratch/work/moisioa3/conv_lm/experiments/theanolm-morph-42k/expt2-sampled/nnlm.h5 --lattice-list /tmp/55132930/lattices/lattice-list --output-file /scratch/work/moisioa3/conv_lm/experiments/theanolm-morph-42k/expt2-sampled/decode/eval/lambda=0.5-lms=10/4.trn --output trn --nnlm-weight 0.5 --lm-scale 10 --max-tokens-per-node 62 --beam 650 --recombination-order 22 --num-jobs 128 --job 4 --unk-penalty=-20
2020-08-20 17:26:38,195 get_default_device: Context None device="Tesla P100-PCIE-16GB" ID="0000:04:00.0"
2020-08-20 17:26:38,196 from_file: Reading vocabulary from network state.
2020-08-20 17:26:38,449 from_file: Number of words in vocabulary: 42699
2020-08-20 17:26:38,449 from_file: Number of words in shortlist: 42699
2020-08-20 17:26:38,449 from_file: Number of word classes: 42699
2020-08-20 17:26:38,449 from_file: Building neural network.
2020-08-20 17:27:17,719 from_file: Restoring neural network state.
2020-08-20 17:27:18,047 decode: Building word lattice decoder.
2020-08-20 17:27:22,949 __iter__: Reading lattice file `/tmp/55132930/lattices/dspf001_dsp2013_05.lat.gz´.
2020-08-20 17:27:23,147 decode: Utterance `dspf001_dsp2013_05´ -- 1 of job 4
2020-08-20 17:27:28,774 __iter__: Reading lattice file `/tmp/55132930/lattices/dspm030_dsp2013_1724.lat.gz´.
2020-08-20 17:27:29,358 decode: Utterance `dspm030_dsp2013_1724´ -- 2 of job 4
2020-08-20 17:27:41,820 __iter__: Reading lattice file `/tmp/55132930/lattices/radioerkka_puhujainkulma20120930_52.lat.gz´.
2020-08-20 17:27:42,179 decode: Utterance `radioerkka_puhujainkulma20120930_52´ -- 3 of job 4
2020-08-20 17:27:49,125 __iter__: Reading lattice file `/tmp/55132930/lattices/radiokatupaimen_aamushow20120720_88.lat.gz´.
2020-08-20 17:27:49,305 decode: Utterance `radiokatupaimen_aamushow20120720_88´ -- 4 of job 4
2020-08-20 17:27:52,957 __iter__: Reading lattice file `/tmp/55132930/lattices/radioruudolf_aamushow20120720_2.lat.gz´.
2020-08-20 17:27:53,192 decode: Utterance `radioruudolf_aamushow20120720_2´ -- 5 of job 4
/scratch/work/groszt1/envs/theanoLM/lib/python3.7/site-packages/theano/gpuarray/dnn.py:184: UserWarning: Your cuDNN version is more recent than Theano. If you encounter problems, try updating Theano or downgrading cuDNN to a version >= v5 and <= v7.
  warnings.warn("Your cuDNN version is more recent than "
Using cuDNN version 7600 on context None
Mapped name None to device cuda0: Tesla P100-PCIE-16GB (0000:04:00.0)
/scratch/work/groszt1/envs/theanoLM/lib/python3.7/site-packages/h5py-2.9.0-py3.7-linux-x86_64.egg/h5py/_hl/dataset.py:313: H5pyDeprecationWarning: dataset.value has been deprecated. Use dataset[()] instead.
  "Use dataset[()] instead.", H5pyDeprecationWarning)
/scratch/work/groszt1/envs/theanoLM/lib/python3.7/site-packages/h5py-2.9.0-py3.7-linux-x86_64.egg/h5py/_hl/dataset.py:313: H5pyDeprecationWarning: dataset.value has been deprecated. Use dataset[()] instead.
  "Use dataset[()] instead.", H5pyDeprecationWarning)
decode_theanolm finished.
/tmp/55132930/lattices
floatX=float32,device=cuda0,base_compiledir=/tmp/theano,exception_verbosity=high,openmp=False
/scratch/work/groszt1/envs/theanoLM/lib/python3.7/site-packages/theano/gpuarray/dnn.py:184: UserWarning: Your cuDNN version is more recent than Theano. If you encounter problems, try updating Theano or downgrading cuDNN to a version >= v5 and <= v7.
  warnings.warn("Your cuDNN version is more recent than "
Using cuDNN version 7600 on context None
Mapped name None to device cuda0: Tesla P100-PCIE-16GB (0000:04:00.0)
TheanoLM 1.3.2
Theano 1.0.4
pygpu 0.7.6
==
+ srun --gres=gpu:1 theanolm decode /scratch/work/moisioa3/conv_lm/experiments/theanolm-morph-42k/expt2-sampled/nnlm.h5 --lattice-list /tmp/55132930/lattices/lattice-list --output-file /scratch/work/moisioa3/conv_lm/experiments/theanolm-morph-42k/expt2-sampled/decode/eval/lambda=1.0-lms=9/4.trn --output trn --nnlm-weight 1.0 --lm-scale 9 --max-tokens-per-node 62 --beam 650 --recombination-order 22 --num-jobs 128 --job 4 --unk-penalty=-20
2020-08-20 17:28:08,768 get_default_device: Context None device="Tesla P100-PCIE-16GB" ID="0000:04:00.0"
2020-08-20 17:28:08,769 from_file: Reading vocabulary from network state.
2020-08-20 17:28:09,025 from_file: Number of words in vocabulary: 42699
2020-08-20 17:28:09,025 from_file: Number of words in shortlist: 42699
2020-08-20 17:28:09,026 from_file: Number of word classes: 42699
2020-08-20 17:28:09,026 from_file: Building neural network.
2020-08-20 17:28:48,259 from_file: Restoring neural network state.
2020-08-20 17:28:48,577 decode: Building word lattice decoder.
2020-08-20 17:28:53,478 __iter__: Reading lattice file `/tmp/55132930/lattices/dspf001_dsp2013_05.lat.gz´.
2020-08-20 17:28:53,677 decode: Utterance `dspf001_dsp2013_05´ -- 1 of job 4
2020-08-20 17:28:58,555 __iter__: Reading lattice file `/tmp/55132930/lattices/dspm030_dsp2013_1724.lat.gz´.
2020-08-20 17:28:59,146 decode: Utterance `dspm030_dsp2013_1724´ -- 2 of job 4
2020-08-20 17:29:09,901 __iter__: Reading lattice file `/tmp/55132930/lattices/radioerkka_puhujainkulma20120930_52.lat.gz´.
2020-08-20 17:29:10,265 decode: Utterance `radioerkka_puhujainkulma20120930_52´ -- 3 of job 4
2020-08-20 17:29:17,214 __iter__: Reading lattice file `/tmp/55132930/lattices/radiokatupaimen_aamushow20120720_88.lat.gz´.
2020-08-20 17:29:17,395 decode: Utterance `radiokatupaimen_aamushow20120720_88´ -- 4 of job 4
2020-08-20 17:29:21,029 __iter__: Reading lattice file `/tmp/55132930/lattices/radioruudolf_aamushow20120720_2.lat.gz´.
2020-08-20 17:29:21,263 decode: Utterance `radioruudolf_aamushow20120720_2´ -- 5 of job 4
/scratch/work/groszt1/envs/theanoLM/lib/python3.7/site-packages/theano/gpuarray/dnn.py:184: UserWarning: Your cuDNN version is more recent than Theano. If you encounter problems, try updating Theano or downgrading cuDNN to a version >= v5 and <= v7.
  warnings.warn("Your cuDNN version is more recent than "
Using cuDNN version 7600 on context None
Mapped name None to device cuda0: Tesla P100-PCIE-16GB (0000:04:00.0)
/scratch/work/groszt1/envs/theanoLM/lib/python3.7/site-packages/h5py-2.9.0-py3.7-linux-x86_64.egg/h5py/_hl/dataset.py:313: H5pyDeprecationWarning: dataset.value has been deprecated. Use dataset[()] instead.
  "Use dataset[()] instead.", H5pyDeprecationWarning)
/scratch/work/groszt1/envs/theanoLM/lib/python3.7/site-packages/h5py-2.9.0-py3.7-linux-x86_64.egg/h5py/_hl/dataset.py:313: H5pyDeprecationWarning: dataset.value has been deprecated. Use dataset[()] instead.
  "Use dataset[()] instead.", H5pyDeprecationWarning)
decode_theanolm finished.
/tmp/55132930/lattices
floatX=float32,device=cuda0,base_compiledir=/tmp/theano,exception_verbosity=high,openmp=False
/scratch/work/groszt1/envs/theanoLM/lib/python3.7/site-packages/theano/gpuarray/dnn.py:184: UserWarning: Your cuDNN version is more recent than Theano. If you encounter problems, try updating Theano or downgrading cuDNN to a version >= v5 and <= v7.
  warnings.warn("Your cuDNN version is more recent than "
Using cuDNN version 7600 on context None
Mapped name None to device cuda0: Tesla P100-PCIE-16GB (0000:04:00.0)
TheanoLM 1.3.2
Theano 1.0.4
pygpu 0.7.6
==
+ srun --gres=gpu:1 theanolm decode /scratch/work/moisioa3/conv_lm/experiments/theanolm-morph-42k/expt2-sampled/nnlm.h5 --lattice-list /tmp/55132930/lattices/lattice-list --output-file /scratch/work/moisioa3/conv_lm/experiments/theanolm-morph-42k/expt2-sampled/decode/eval/lambda=1.0-lms=10/4.trn --output trn --nnlm-weight 1.0 --lm-scale 10 --max-tokens-per-node 62 --beam 650 --recombination-order 22 --num-jobs 128 --job 4 --unk-penalty=-20
2020-08-20 17:29:34,281 get_default_device: Context None device="Tesla P100-PCIE-16GB" ID="0000:04:00.0"
2020-08-20 17:29:34,282 from_file: Reading vocabulary from network state.
2020-08-20 17:29:34,530 from_file: Number of words in vocabulary: 42699
2020-08-20 17:29:34,530 from_file: Number of words in shortlist: 42699
2020-08-20 17:29:34,530 from_file: Number of word classes: 42699
2020-08-20 17:29:34,531 from_file: Building neural network.
2020-08-20 17:30:13,808 from_file: Restoring neural network state.
2020-08-20 17:30:14,127 decode: Building word lattice decoder.
2020-08-20 17:30:19,021 __iter__: Reading lattice file `/tmp/55132930/lattices/dspf001_dsp2013_05.lat.gz´.
2020-08-20 17:30:19,209 decode: Utterance `dspf001_dsp2013_05´ -- 1 of job 4
2020-08-20 17:30:23,859 __iter__: Reading lattice file `/tmp/55132930/lattices/dspm030_dsp2013_1724.lat.gz´.
2020-08-20 17:30:24,428 decode: Utterance `dspm030_dsp2013_1724´ -- 2 of job 4
2020-08-20 17:30:34,989 __iter__: Reading lattice file `/tmp/55132930/lattices/radioerkka_puhujainkulma20120930_52.lat.gz´.
2020-08-20 17:30:35,340 decode: Utterance `radioerkka_puhujainkulma20120930_52´ -- 3 of job 4
2020-08-20 17:30:42,196 __iter__: Reading lattice file `/tmp/55132930/lattices/radiokatupaimen_aamushow20120720_88.lat.gz´.
2020-08-20 17:30:42,370 decode: Utterance `radiokatupaimen_aamushow20120720_88´ -- 4 of job 4
2020-08-20 17:30:45,938 __iter__: Reading lattice file `/tmp/55132930/lattices/radioruudolf_aamushow20120720_2.lat.gz´.
2020-08-20 17:30:46,168 decode: Utterance `radioruudolf_aamushow20120720_2´ -- 5 of job 4
/scratch/work/groszt1/envs/theanoLM/lib/python3.7/site-packages/theano/gpuarray/dnn.py:184: UserWarning: Your cuDNN version is more recent than Theano. If you encounter problems, try updating Theano or downgrading cuDNN to a version >= v5 and <= v7.
  warnings.warn("Your cuDNN version is more recent than "
Using cuDNN version 7600 on context None
Mapped name None to device cuda0: Tesla P100-PCIE-16GB (0000:04:00.0)
/scratch/work/groszt1/envs/theanoLM/lib/python3.7/site-packages/h5py-2.9.0-py3.7-linux-x86_64.egg/h5py/_hl/dataset.py:313: H5pyDeprecationWarning: dataset.value has been deprecated. Use dataset[()] instead.
  "Use dataset[()] instead.", H5pyDeprecationWarning)
/scratch/work/groszt1/envs/theanoLM/lib/python3.7/site-packages/h5py-2.9.0-py3.7-linux-x86_64.egg/h5py/_hl/dataset.py:313: H5pyDeprecationWarning: dataset.value has been deprecated. Use dataset[()] instead.
  "Use dataset[()] instead.", H5pyDeprecationWarning)
decode_theanolm finished.
decode eval finished.
