Experiment: theanolm-morph-42k/expt2-sampled
Job ID: 55088692
Task ID: 103
Host: gpu8.int.triton.aalto.fi
Start date: Sat Aug 15 10:39:23 EEST 2020
Work directory: /scratch/work/moisioa3/conv_lm/experiments/theanolm-morph-42k/expt2-sampled
Temporary directory: /tmp/55088692

Currently Loaded Modules:
  1) speech-scripts/2016.05.24-b928230   6) binutils/2.25-GCCcore-5.4.0
  2) srilm/default                       7) GCC/5.4.0-2.25
  3) cuda/10.0.130                       8) libgpuarray/2017.03.29-45c731f
  4) cudnn/7.4.2-cuda                    9) anaconda3/latest
  5) GCCcore/5.4.0

 

/tmp/55088692/lattices
floatX=float32,device=cuda0,base_compiledir=/tmp/theano,exception_verbosity=high,openmp=False
/scratch/work/groszt1/envs/theanoLM/lib/python3.7/site-packages/theano/gpuarray/dnn.py:184: UserWarning: Your cuDNN version is more recent than Theano. If you encounter problems, try updating Theano or downgrading cuDNN to a version >= v5 and <= v7.
  warnings.warn("Your cuDNN version is more recent than "
Using cuDNN version 7600 on context None
Mapped name None to device cuda0: Tesla V100-PCIE-32GB (0000:86:00.0)
TheanoLM 1.3.2
Theano 1.0.4
pygpu 0.7.6
==
+ srun --gres=gpu:1 theanolm decode /scratch/work/moisioa3/conv_lm/experiments/theanolm-morph-42k/expt2-sampled/nnlm.h5 --lattice-list /tmp/55088692/lattices/lattice-list --output-file /scratch/work/moisioa3/conv_lm/experiments/theanolm-morph-42k/expt2-sampled/decode/devel/lambda=0.5-lms=8/103.trn --output trn --nnlm-weight 0.5 --lm-scale 8 --max-tokens-per-node 62 --beam 650 --recombination-order 22 --num-jobs 128 --job 103 --unk-penalty=-20
2020-08-15 10:39:34,106 get_default_device: Context None device="Tesla V100-PCIE-32GB" ID="0000:86:00.0"
2020-08-15 10:39:34,107 from_file: Reading vocabulary from network state.
2020-08-15 10:39:34,313 from_file: Number of words in vocabulary: 42699
2020-08-15 10:39:34,313 from_file: Number of words in shortlist: 42699
2020-08-15 10:39:34,313 from_file: Number of word classes: 42699
2020-08-15 10:39:34,314 from_file: Building neural network.
2020-08-15 10:40:02,796 from_file: Restoring neural network state.
2020-08-15 10:40:03,160 decode: Building word lattice decoder.
2020-08-15 10:40:07,333 __iter__: Reading lattice file `/tmp/55088692/lattices/dspm006_dsp2013_04.lat.gz´.
2020-08-15 10:40:07,546 decode: Utterance `dspm006_dsp2013_04´ -- 1 of job 103
2020-08-15 10:40:12,272 __iter__: Reading lattice file `/tmp/55088692/lattices/dspm015_dsp2013_18.lat.gz´.
2020-08-15 10:40:12,368 decode: Utterance `dspm015_dsp2013_18´ -- 2 of job 103
2020-08-15 10:40:15,048 __iter__: Reading lattice file `/tmp/55088692/lattices/dspm024_dsp2013_03.lat.gz´.
2020-08-15 10:40:15,581 decode: Utterance `dspm024_dsp2013_03´ -- 3 of job 103
2020-08-15 10:40:26,706 __iter__: Reading lattice file `/tmp/55088692/lattices/dspm033_dsp2013_01.lat.gz´.
2020-08-15 10:40:26,813 decode: Utterance `dspm033_dsp2013_01´ -- 4 of job 103
2020-08-15 10:40:30,437 __iter__: Reading lattice file `/tmp/55088692/lattices/dspm043_dsp2013_07.lat.gz´.
2020-08-15 10:40:30,570 decode: Utterance `dspm043_dsp2013_07´ -- 5 of job 103
2020-08-15 10:40:33,894 __iter__: Reading lattice file `/tmp/55088692/lattices/dspm052_dsp2013_05.lat.gz´.
2020-08-15 10:40:34,536 decode: Utterance `dspm052_dsp2013_05´ -- 6 of job 103
2020-08-15 10:40:56,937 __iter__: Reading lattice file `/tmp/55088692/lattices/radioanne_fym20071218_36.lat.gz´.
2020-08-15 10:40:56,953 decode: Utterance `radioanne_fym20071218_36´ -- 7 of job 103
/scratch/work/groszt1/envs/theanoLM/lib/python3.7/site-packages/theano/gpuarray/dnn.py:184: UserWarning: Your cuDNN version is more recent than Theano. If you encounter problems, try updating Theano or downgrading cuDNN to a version >= v5 and <= v7.
  warnings.warn("Your cuDNN version is more recent than "
Using cuDNN version 7600 on context None
Mapped name None to device cuda0: Tesla V100-PCIE-32GB (0000:86:00.0)
/scratch/work/groszt1/envs/theanoLM/lib/python3.7/site-packages/h5py-2.9.0-py3.7-linux-x86_64.egg/h5py/_hl/dataset.py:313: H5pyDeprecationWarning: dataset.value has been deprecated. Use dataset[()] instead.
  "Use dataset[()] instead.", H5pyDeprecationWarning)
/scratch/work/groszt1/envs/theanoLM/lib/python3.7/site-packages/h5py-2.9.0-py3.7-linux-x86_64.egg/h5py/_hl/dataset.py:313: H5pyDeprecationWarning: dataset.value has been deprecated. Use dataset[()] instead.
  "Use dataset[()] instead.", H5pyDeprecationWarning)
decode_theanolm finished.
/tmp/55088692/lattices
floatX=float32,device=cuda0,base_compiledir=/tmp/theano,exception_verbosity=high,openmp=False
/scratch/work/groszt1/envs/theanoLM/lib/python3.7/site-packages/theano/gpuarray/dnn.py:184: UserWarning: Your cuDNN version is more recent than Theano. If you encounter problems, try updating Theano or downgrading cuDNN to a version >= v5 and <= v7.
  warnings.warn("Your cuDNN version is more recent than "
Using cuDNN version 7600 on context None
Mapped name None to device cuda0: Tesla V100-PCIE-32GB (0000:86:00.0)
TheanoLM 1.3.2
Theano 1.0.4
pygpu 0.7.6
==
+ srun --gres=gpu:1 theanolm decode /scratch/work/moisioa3/conv_lm/experiments/theanolm-morph-42k/expt2-sampled/nnlm.h5 --lattice-list /tmp/55088692/lattices/lattice-list --output-file /scratch/work/moisioa3/conv_lm/experiments/theanolm-morph-42k/expt2-sampled/decode/devel/lambda=0.5-lms=9/103.trn --output trn --nnlm-weight 0.5 --lm-scale 9 --max-tokens-per-node 62 --beam 650 --recombination-order 22 --num-jobs 128 --job 103 --unk-penalty=-20
2020-08-15 10:41:13,857 get_default_device: Context None device="Tesla V100-PCIE-32GB" ID="0000:86:00.0"
2020-08-15 10:41:13,858 from_file: Reading vocabulary from network state.
2020-08-15 10:41:14,055 from_file: Number of words in vocabulary: 42699
2020-08-15 10:41:14,056 from_file: Number of words in shortlist: 42699
2020-08-15 10:41:14,056 from_file: Number of word classes: 42699
2020-08-15 10:41:14,056 from_file: Building neural network.
2020-08-15 10:41:42,483 from_file: Restoring neural network state.
2020-08-15 10:41:42,841 decode: Building word lattice decoder.
2020-08-15 10:41:46,940 __iter__: Reading lattice file `/tmp/55088692/lattices/dspm006_dsp2013_04.lat.gz´.
2020-08-15 10:41:47,153 decode: Utterance `dspm006_dsp2013_04´ -- 1 of job 103
2020-08-15 10:41:51,878 __iter__: Reading lattice file `/tmp/55088692/lattices/dspm015_dsp2013_18.lat.gz´.
2020-08-15 10:41:51,974 decode: Utterance `dspm015_dsp2013_18´ -- 2 of job 103
2020-08-15 10:41:54,723 __iter__: Reading lattice file `/tmp/55088692/lattices/dspm024_dsp2013_03.lat.gz´.
2020-08-15 10:41:55,251 decode: Utterance `dspm024_dsp2013_03´ -- 3 of job 103
2020-08-15 10:42:05,982 __iter__: Reading lattice file `/tmp/55088692/lattices/dspm033_dsp2013_01.lat.gz´.
2020-08-15 10:42:06,086 decode: Utterance `dspm033_dsp2013_01´ -- 4 of job 103
2020-08-15 10:42:09,591 __iter__: Reading lattice file `/tmp/55088692/lattices/dspm043_dsp2013_07.lat.gz´.
2020-08-15 10:42:09,722 decode: Utterance `dspm043_dsp2013_07´ -- 5 of job 103
2020-08-15 10:42:12,905 __iter__: Reading lattice file `/tmp/55088692/lattices/dspm052_dsp2013_05.lat.gz´.
2020-08-15 10:42:13,539 decode: Utterance `dspm052_dsp2013_05´ -- 6 of job 103
2020-08-15 10:42:37,449 __iter__: Reading lattice file `/tmp/55088692/lattices/radioanne_fym20071218_36.lat.gz´.
2020-08-15 10:42:37,465 decode: Utterance `radioanne_fym20071218_36´ -- 7 of job 103
/scratch/work/groszt1/envs/theanoLM/lib/python3.7/site-packages/theano/gpuarray/dnn.py:184: UserWarning: Your cuDNN version is more recent than Theano. If you encounter problems, try updating Theano or downgrading cuDNN to a version >= v5 and <= v7.
  warnings.warn("Your cuDNN version is more recent than "
Using cuDNN version 7600 on context None
Mapped name None to device cuda0: Tesla V100-PCIE-32GB (0000:86:00.0)
/scratch/work/groszt1/envs/theanoLM/lib/python3.7/site-packages/h5py-2.9.0-py3.7-linux-x86_64.egg/h5py/_hl/dataset.py:313: H5pyDeprecationWarning: dataset.value has been deprecated. Use dataset[()] instead.
  "Use dataset[()] instead.", H5pyDeprecationWarning)
/scratch/work/groszt1/envs/theanoLM/lib/python3.7/site-packages/h5py-2.9.0-py3.7-linux-x86_64.egg/h5py/_hl/dataset.py:313: H5pyDeprecationWarning: dataset.value has been deprecated. Use dataset[()] instead.
  "Use dataset[()] instead.", H5pyDeprecationWarning)
decode_theanolm finished.
/tmp/55088692/lattices
floatX=float32,device=cuda0,base_compiledir=/tmp/theano,exception_verbosity=high,openmp=False
/scratch/work/groszt1/envs/theanoLM/lib/python3.7/site-packages/theano/gpuarray/dnn.py:184: UserWarning: Your cuDNN version is more recent than Theano. If you encounter problems, try updating Theano or downgrading cuDNN to a version >= v5 and <= v7.
  warnings.warn("Your cuDNN version is more recent than "
Using cuDNN version 7600 on context None
Mapped name None to device cuda0: Tesla V100-PCIE-32GB (0000:86:00.0)
TheanoLM 1.3.2
Theano 1.0.4
pygpu 0.7.6
==
+ srun --gres=gpu:1 theanolm decode /scratch/work/moisioa3/conv_lm/experiments/theanolm-morph-42k/expt2-sampled/nnlm.h5 --lattice-list /tmp/55088692/lattices/lattice-list --output-file /scratch/work/moisioa3/conv_lm/experiments/theanolm-morph-42k/expt2-sampled/decode/devel/lambda=0.5-lms=10/103.trn --output trn --nnlm-weight 0.5 --lm-scale 10 --max-tokens-per-node 62 --beam 650 --recombination-order 22 --num-jobs 128 --job 103 --unk-penalty=-20
2020-08-15 10:42:45,313 get_default_device: Context None device="Tesla V100-PCIE-32GB" ID="0000:86:00.0"
2020-08-15 10:42:45,314 from_file: Reading vocabulary from network state.
2020-08-15 10:42:45,520 from_file: Number of words in vocabulary: 42699
2020-08-15 10:42:45,520 from_file: Number of words in shortlist: 42699
2020-08-15 10:42:45,520 from_file: Number of word classes: 42699
2020-08-15 10:42:45,520 from_file: Building neural network.
2020-08-15 10:43:14,093 from_file: Restoring neural network state.
2020-08-15 10:43:14,448 decode: Building word lattice decoder.
2020-08-15 10:43:18,447 __iter__: Reading lattice file `/tmp/55088692/lattices/dspm006_dsp2013_04.lat.gz´.
2020-08-15 10:43:18,671 decode: Utterance `dspm006_dsp2013_04´ -- 1 of job 103
2020-08-15 10:43:23,389 __iter__: Reading lattice file `/tmp/55088692/lattices/dspm015_dsp2013_18.lat.gz´.
2020-08-15 10:43:23,487 decode: Utterance `dspm015_dsp2013_18´ -- 2 of job 103
2020-08-15 10:43:26,277 __iter__: Reading lattice file `/tmp/55088692/lattices/dspm024_dsp2013_03.lat.gz´.
2020-08-15 10:43:26,827 decode: Utterance `dspm024_dsp2013_03´ -- 3 of job 103
2020-08-15 10:43:37,631 __iter__: Reading lattice file `/tmp/55088692/lattices/dspm033_dsp2013_01.lat.gz´.
2020-08-15 10:43:37,739 decode: Utterance `dspm033_dsp2013_01´ -- 4 of job 103
2020-08-15 10:43:41,288 __iter__: Reading lattice file `/tmp/55088692/lattices/dspm043_dsp2013_07.lat.gz´.
2020-08-15 10:43:41,424 decode: Utterance `dspm043_dsp2013_07´ -- 5 of job 103
2020-08-15 10:43:44,618 __iter__: Reading lattice file `/tmp/55088692/lattices/dspm052_dsp2013_05.lat.gz´.
2020-08-15 10:43:45,276 decode: Utterance `dspm052_dsp2013_05´ -- 6 of job 103
2020-08-15 10:44:07,425 __iter__: Reading lattice file `/tmp/55088692/lattices/radioanne_fym20071218_36.lat.gz´.
2020-08-15 10:44:07,442 decode: Utterance `radioanne_fym20071218_36´ -- 7 of job 103
/scratch/work/groszt1/envs/theanoLM/lib/python3.7/site-packages/theano/gpuarray/dnn.py:184: UserWarning: Your cuDNN version is more recent than Theano. If you encounter problems, try updating Theano or downgrading cuDNN to a version >= v5 and <= v7.
  warnings.warn("Your cuDNN version is more recent than "
Using cuDNN version 7600 on context None
Mapped name None to device cuda0: Tesla V100-PCIE-32GB (0000:86:00.0)
/scratch/work/groszt1/envs/theanoLM/lib/python3.7/site-packages/h5py-2.9.0-py3.7-linux-x86_64.egg/h5py/_hl/dataset.py:313: H5pyDeprecationWarning: dataset.value has been deprecated. Use dataset[()] instead.
  "Use dataset[()] instead.", H5pyDeprecationWarning)
/scratch/work/groszt1/envs/theanoLM/lib/python3.7/site-packages/h5py-2.9.0-py3.7-linux-x86_64.egg/h5py/_hl/dataset.py:313: H5pyDeprecationWarning: dataset.value has been deprecated. Use dataset[()] instead.
  "Use dataset[()] instead.", H5pyDeprecationWarning)
decode_theanolm finished.
/tmp/55088692/lattices
floatX=float32,device=cuda0,base_compiledir=/tmp/theano,exception_verbosity=high,openmp=False
/scratch/work/groszt1/envs/theanoLM/lib/python3.7/site-packages/theano/gpuarray/dnn.py:184: UserWarning: Your cuDNN version is more recent than Theano. If you encounter problems, try updating Theano or downgrading cuDNN to a version >= v5 and <= v7.
  warnings.warn("Your cuDNN version is more recent than "
Using cuDNN version 7600 on context None
Mapped name None to device cuda0: Tesla V100-PCIE-32GB (0000:86:00.0)
TheanoLM 1.3.2
Theano 1.0.4
pygpu 0.7.6
==
+ srun --gres=gpu:1 theanolm decode /scratch/work/moisioa3/conv_lm/experiments/theanolm-morph-42k/expt2-sampled/nnlm.h5 --lattice-list /tmp/55088692/lattices/lattice-list --output-file /scratch/work/moisioa3/conv_lm/experiments/theanolm-morph-42k/expt2-sampled/decode/devel/lambda=0.5-lms=11/103.trn --output trn --nnlm-weight 0.5 --lm-scale 11 --max-tokens-per-node 62 --beam 650 --recombination-order 22 --num-jobs 128 --job 103 --unk-penalty=-20
2020-08-15 10:44:14,726 get_default_device: Context None device="Tesla V100-PCIE-32GB" ID="0000:86:00.0"
2020-08-15 10:44:14,727 from_file: Reading vocabulary from network state.
2020-08-15 10:44:14,923 from_file: Number of words in vocabulary: 42699
2020-08-15 10:44:14,924 from_file: Number of words in shortlist: 42699
2020-08-15 10:44:14,924 from_file: Number of word classes: 42699
2020-08-15 10:44:14,924 from_file: Building neural network.
2020-08-15 10:44:52,478 from_file: Restoring neural network state.
2020-08-15 10:44:52,839 decode: Building word lattice decoder.
2020-08-15 10:44:56,887 __iter__: Reading lattice file `/tmp/55088692/lattices/dspm006_dsp2013_04.lat.gz´.
2020-08-15 10:44:57,104 decode: Utterance `dspm006_dsp2013_04´ -- 1 of job 103
2020-08-15 10:45:01,791 __iter__: Reading lattice file `/tmp/55088692/lattices/dspm015_dsp2013_18.lat.gz´.
2020-08-15 10:45:01,889 decode: Utterance `dspm015_dsp2013_18´ -- 2 of job 103
2020-08-15 10:45:04,721 __iter__: Reading lattice file `/tmp/55088692/lattices/dspm024_dsp2013_03.lat.gz´.
2020-08-15 10:45:05,264 decode: Utterance `dspm024_dsp2013_03´ -- 3 of job 103
2020-08-15 10:45:16,087 __iter__: Reading lattice file `/tmp/55088692/lattices/dspm033_dsp2013_01.lat.gz´.
2020-08-15 10:45:16,193 decode: Utterance `dspm033_dsp2013_01´ -- 4 of job 103
2020-08-15 10:45:19,722 __iter__: Reading lattice file `/tmp/55088692/lattices/dspm043_dsp2013_07.lat.gz´.
2020-08-15 10:45:19,856 decode: Utterance `dspm043_dsp2013_07´ -- 5 of job 103
2020-08-15 10:45:23,069 __iter__: Reading lattice file `/tmp/55088692/lattices/dspm052_dsp2013_05.lat.gz´.
2020-08-15 10:45:23,716 decode: Utterance `dspm052_dsp2013_05´ -- 6 of job 103
2020-08-15 10:45:45,746 __iter__: Reading lattice file `/tmp/55088692/lattices/radioanne_fym20071218_36.lat.gz´.
2020-08-15 10:45:45,763 decode: Utterance `radioanne_fym20071218_36´ -- 7 of job 103
/scratch/work/groszt1/envs/theanoLM/lib/python3.7/site-packages/theano/gpuarray/dnn.py:184: UserWarning: Your cuDNN version is more recent than Theano. If you encounter problems, try updating Theano or downgrading cuDNN to a version >= v5 and <= v7.
  warnings.warn("Your cuDNN version is more recent than "
Using cuDNN version 7600 on context None
Mapped name None to device cuda0: Tesla V100-PCIE-32GB (0000:86:00.0)
/scratch/work/groszt1/envs/theanoLM/lib/python3.7/site-packages/h5py-2.9.0-py3.7-linux-x86_64.egg/h5py/_hl/dataset.py:313: H5pyDeprecationWarning: dataset.value has been deprecated. Use dataset[()] instead.
  "Use dataset[()] instead.", H5pyDeprecationWarning)
/scratch/work/groszt1/envs/theanoLM/lib/python3.7/site-packages/h5py-2.9.0-py3.7-linux-x86_64.egg/h5py/_hl/dataset.py:313: H5pyDeprecationWarning: dataset.value has been deprecated. Use dataset[()] instead.
  "Use dataset[()] instead.", H5pyDeprecationWarning)
decode_theanolm finished.
/tmp/55088692/lattices
floatX=float32,device=cuda0,base_compiledir=/tmp/theano,exception_verbosity=high,openmp=False
/scratch/work/groszt1/envs/theanoLM/lib/python3.7/site-packages/theano/gpuarray/dnn.py:184: UserWarning: Your cuDNN version is more recent than Theano. If you encounter problems, try updating Theano or downgrading cuDNN to a version >= v5 and <= v7.
  warnings.warn("Your cuDNN version is more recent than "
Using cuDNN version 7600 on context None
Mapped name None to device cuda0: Tesla V100-PCIE-32GB (0000:86:00.0)
TheanoLM 1.3.2
Theano 1.0.4
pygpu 0.7.6
==
+ srun --gres=gpu:1 theanolm decode /scratch/work/moisioa3/conv_lm/experiments/theanolm-morph-42k/expt2-sampled/nnlm.h5 --lattice-list /tmp/55088692/lattices/lattice-list --output-file /scratch/work/moisioa3/conv_lm/experiments/theanolm-morph-42k/expt2-sampled/decode/devel/lambda=0.5-lms=12/103.trn --output trn --nnlm-weight 0.5 --lm-scale 12 --max-tokens-per-node 62 --beam 650 --recombination-order 22 --num-jobs 128 --job 103 --unk-penalty=-20
2020-08-15 10:45:53,145 get_default_device: Context None device="Tesla V100-PCIE-32GB" ID="0000:86:00.0"
2020-08-15 10:45:53,146 from_file: Reading vocabulary from network state.
2020-08-15 10:45:53,342 from_file: Number of words in vocabulary: 42699
2020-08-15 10:45:53,342 from_file: Number of words in shortlist: 42699
2020-08-15 10:45:53,342 from_file: Number of word classes: 42699
2020-08-15 10:45:53,342 from_file: Building neural network.
2020-08-15 10:46:31,023 from_file: Restoring neural network state.
2020-08-15 10:46:31,379 decode: Building word lattice decoder.
2020-08-15 10:46:35,424 __iter__: Reading lattice file `/tmp/55088692/lattices/dspm006_dsp2013_04.lat.gz´.
2020-08-15 10:46:35,645 decode: Utterance `dspm006_dsp2013_04´ -- 1 of job 103
2020-08-15 10:46:40,369 __iter__: Reading lattice file `/tmp/55088692/lattices/dspm015_dsp2013_18.lat.gz´.
2020-08-15 10:46:40,469 decode: Utterance `dspm015_dsp2013_18´ -- 2 of job 103
2020-08-15 10:46:43,337 __iter__: Reading lattice file `/tmp/55088692/lattices/dspm024_dsp2013_03.lat.gz´.
2020-08-15 10:46:43,891 decode: Utterance `dspm024_dsp2013_03´ -- 3 of job 103
2020-08-15 10:46:54,993 __iter__: Reading lattice file `/tmp/55088692/lattices/dspm033_dsp2013_01.lat.gz´.
2020-08-15 10:46:55,102 decode: Utterance `dspm033_dsp2013_01´ -- 4 of job 103
2020-08-15 10:46:58,764 __iter__: Reading lattice file `/tmp/55088692/lattices/dspm043_dsp2013_07.lat.gz´.
2020-08-15 10:46:58,900 decode: Utterance `dspm043_dsp2013_07´ -- 5 of job 103
2020-08-15 10:47:02,139 __iter__: Reading lattice file `/tmp/55088692/lattices/dspm052_dsp2013_05.lat.gz´.
2020-08-15 10:47:02,802 decode: Utterance `dspm052_dsp2013_05´ -- 6 of job 103
2020-08-15 10:47:25,024 __iter__: Reading lattice file `/tmp/55088692/lattices/radioanne_fym20071218_36.lat.gz´.
2020-08-15 10:47:25,041 decode: Utterance `radioanne_fym20071218_36´ -- 7 of job 103
/scratch/work/groszt1/envs/theanoLM/lib/python3.7/site-packages/theano/gpuarray/dnn.py:184: UserWarning: Your cuDNN version is more recent than Theano. If you encounter problems, try updating Theano or downgrading cuDNN to a version >= v5 and <= v7.
  warnings.warn("Your cuDNN version is more recent than "
Using cuDNN version 7600 on context None
Mapped name None to device cuda0: Tesla V100-PCIE-32GB (0000:86:00.0)
/scratch/work/groszt1/envs/theanoLM/lib/python3.7/site-packages/h5py-2.9.0-py3.7-linux-x86_64.egg/h5py/_hl/dataset.py:313: H5pyDeprecationWarning: dataset.value has been deprecated. Use dataset[()] instead.
  "Use dataset[()] instead.", H5pyDeprecationWarning)
/scratch/work/groszt1/envs/theanoLM/lib/python3.7/site-packages/h5py-2.9.0-py3.7-linux-x86_64.egg/h5py/_hl/dataset.py:313: H5pyDeprecationWarning: dataset.value has been deprecated. Use dataset[()] instead.
  "Use dataset[()] instead.", H5pyDeprecationWarning)
decode_theanolm finished.
/tmp/55088692/lattices
floatX=float32,device=cuda0,base_compiledir=/tmp/theano,exception_verbosity=high,openmp=False
/scratch/work/groszt1/envs/theanoLM/lib/python3.7/site-packages/theano/gpuarray/dnn.py:184: UserWarning: Your cuDNN version is more recent than Theano. If you encounter problems, try updating Theano or downgrading cuDNN to a version >= v5 and <= v7.
  warnings.warn("Your cuDNN version is more recent than "
Using cuDNN version 7600 on context None
Mapped name None to device cuda0: Tesla V100-PCIE-32GB (0000:86:00.0)
TheanoLM 1.3.2
Theano 1.0.4
pygpu 0.7.6
==
+ srun --gres=gpu:1 theanolm decode /scratch/work/moisioa3/conv_lm/experiments/theanolm-morph-42k/expt2-sampled/nnlm.h5 --lattice-list /tmp/55088692/lattices/lattice-list --output-file /scratch/work/moisioa3/conv_lm/experiments/theanolm-morph-42k/expt2-sampled/decode/devel/lambda=1.0-lms=8/103.trn --output trn --nnlm-weight 1.0 --lm-scale 8 --max-tokens-per-node 62 --beam 650 --recombination-order 22 --num-jobs 128 --job 103 --unk-penalty=-20
2020-08-15 10:47:32,322 get_default_device: Context None device="Tesla V100-PCIE-32GB" ID="0000:86:00.0"
2020-08-15 10:47:32,323 from_file: Reading vocabulary from network state.
2020-08-15 10:47:32,520 from_file: Number of words in vocabulary: 42699
2020-08-15 10:47:32,520 from_file: Number of words in shortlist: 42699
2020-08-15 10:47:32,520 from_file: Number of word classes: 42699
2020-08-15 10:47:32,520 from_file: Building neural network.
2020-08-15 10:48:01,918 from_file: Restoring neural network state.
2020-08-15 10:48:02,275 decode: Building word lattice decoder.
2020-08-15 10:48:06,294 __iter__: Reading lattice file `/tmp/55088692/lattices/dspm006_dsp2013_04.lat.gz´.
2020-08-15 10:48:06,516 decode: Utterance `dspm006_dsp2013_04´ -- 1 of job 103
2020-08-15 10:48:11,221 __iter__: Reading lattice file `/tmp/55088692/lattices/dspm015_dsp2013_18.lat.gz´.
2020-08-15 10:48:11,320 decode: Utterance `dspm015_dsp2013_18´ -- 2 of job 103
2020-08-15 10:48:13,474 __iter__: Reading lattice file `/tmp/55088692/lattices/dspm024_dsp2013_03.lat.gz´.
2020-08-15 10:48:14,030 decode: Utterance `dspm024_dsp2013_03´ -- 3 of job 103
2020-08-15 10:48:24,547 __iter__: Reading lattice file `/tmp/55088692/lattices/dspm033_dsp2013_01.lat.gz´.
2020-08-15 10:48:24,657 decode: Utterance `dspm033_dsp2013_01´ -- 4 of job 103
2020-08-15 10:48:27,750 __iter__: Reading lattice file `/tmp/55088692/lattices/dspm043_dsp2013_07.lat.gz´.
2020-08-15 10:48:27,887 decode: Utterance `dspm043_dsp2013_07´ -- 5 of job 103
2020-08-15 10:48:31,102 __iter__: Reading lattice file `/tmp/55088692/lattices/dspm052_dsp2013_05.lat.gz´.
2020-08-15 10:48:31,771 decode: Utterance `dspm052_dsp2013_05´ -- 6 of job 103
2020-08-15 10:48:52,413 __iter__: Reading lattice file `/tmp/55088692/lattices/radioanne_fym20071218_36.lat.gz´.
2020-08-15 10:48:52,430 decode: Utterance `radioanne_fym20071218_36´ -- 7 of job 103
/scratch/work/groszt1/envs/theanoLM/lib/python3.7/site-packages/theano/gpuarray/dnn.py:184: UserWarning: Your cuDNN version is more recent than Theano. If you encounter problems, try updating Theano or downgrading cuDNN to a version >= v5 and <= v7.
  warnings.warn("Your cuDNN version is more recent than "
Using cuDNN version 7600 on context None
Mapped name None to device cuda0: Tesla V100-PCIE-32GB (0000:86:00.0)
/scratch/work/groszt1/envs/theanoLM/lib/python3.7/site-packages/h5py-2.9.0-py3.7-linux-x86_64.egg/h5py/_hl/dataset.py:313: H5pyDeprecationWarning: dataset.value has been deprecated. Use dataset[()] instead.
  "Use dataset[()] instead.", H5pyDeprecationWarning)
/scratch/work/groszt1/envs/theanoLM/lib/python3.7/site-packages/h5py-2.9.0-py3.7-linux-x86_64.egg/h5py/_hl/dataset.py:313: H5pyDeprecationWarning: dataset.value has been deprecated. Use dataset[()] instead.
  "Use dataset[()] instead.", H5pyDeprecationWarning)
decode_theanolm finished.
/tmp/55088692/lattices
floatX=float32,device=cuda0,base_compiledir=/tmp/theano,exception_verbosity=high,openmp=False
/scratch/work/groszt1/envs/theanoLM/lib/python3.7/site-packages/theano/gpuarray/dnn.py:184: UserWarning: Your cuDNN version is more recent than Theano. If you encounter problems, try updating Theano or downgrading cuDNN to a version >= v5 and <= v7.
  warnings.warn("Your cuDNN version is more recent than "
Using cuDNN version 7600 on context None
Mapped name None to device cuda0: Tesla V100-PCIE-32GB (0000:86:00.0)
TheanoLM 1.3.2
Theano 1.0.4
pygpu 0.7.6
==
+ srun --gres=gpu:1 theanolm decode /scratch/work/moisioa3/conv_lm/experiments/theanolm-morph-42k/expt2-sampled/nnlm.h5 --lattice-list /tmp/55088692/lattices/lattice-list --output-file /scratch/work/moisioa3/conv_lm/experiments/theanolm-morph-42k/expt2-sampled/decode/devel/lambda=1.0-lms=9/103.trn --output trn --nnlm-weight 1.0 --lm-scale 9 --max-tokens-per-node 62 --beam 650 --recombination-order 22 --num-jobs 128 --job 103 --unk-penalty=-20
2020-08-15 10:48:59,800 get_default_device: Context None device="Tesla V100-PCIE-32GB" ID="0000:86:00.0"
2020-08-15 10:48:59,801 from_file: Reading vocabulary from network state.
2020-08-15 10:48:59,995 from_file: Number of words in vocabulary: 42699
2020-08-15 10:48:59,995 from_file: Number of words in shortlist: 42699
2020-08-15 10:48:59,995 from_file: Number of word classes: 42699
2020-08-15 10:48:59,996 from_file: Building neural network.
2020-08-15 10:49:28,960 from_file: Restoring neural network state.
2020-08-15 10:49:29,321 decode: Building word lattice decoder.
2020-08-15 10:49:33,441 __iter__: Reading lattice file `/tmp/55088692/lattices/dspm006_dsp2013_04.lat.gz´.
2020-08-15 10:49:33,661 decode: Utterance `dspm006_dsp2013_04´ -- 1 of job 103
2020-08-15 10:49:38,436 __iter__: Reading lattice file `/tmp/55088692/lattices/dspm015_dsp2013_18.lat.gz´.
2020-08-15 10:49:38,534 decode: Utterance `dspm015_dsp2013_18´ -- 2 of job 103
2020-08-15 10:49:40,711 __iter__: Reading lattice file `/tmp/55088692/lattices/dspm024_dsp2013_03.lat.gz´.
2020-08-15 10:49:41,257 decode: Utterance `dspm024_dsp2013_03´ -- 3 of job 103
2020-08-15 10:49:51,683 __iter__: Reading lattice file `/tmp/55088692/lattices/dspm033_dsp2013_01.lat.gz´.
2020-08-15 10:49:51,790 decode: Utterance `dspm033_dsp2013_01´ -- 4 of job 103
2020-08-15 10:49:54,829 __iter__: Reading lattice file `/tmp/55088692/lattices/dspm043_dsp2013_07.lat.gz´.
2020-08-15 10:49:54,963 decode: Utterance `dspm043_dsp2013_07´ -- 5 of job 103
2020-08-15 10:49:58,078 __iter__: Reading lattice file `/tmp/55088692/lattices/dspm052_dsp2013_05.lat.gz´.
2020-08-15 10:49:58,732 decode: Utterance `dspm052_dsp2013_05´ -- 6 of job 103
2020-08-15 10:50:18,367 __iter__: Reading lattice file `/tmp/55088692/lattices/radioanne_fym20071218_36.lat.gz´.
2020-08-15 10:50:18,384 decode: Utterance `radioanne_fym20071218_36´ -- 7 of job 103
/scratch/work/groszt1/envs/theanoLM/lib/python3.7/site-packages/theano/gpuarray/dnn.py:184: UserWarning: Your cuDNN version is more recent than Theano. If you encounter problems, try updating Theano or downgrading cuDNN to a version >= v5 and <= v7.
  warnings.warn("Your cuDNN version is more recent than "
Using cuDNN version 7600 on context None
Mapped name None to device cuda0: Tesla V100-PCIE-32GB (0000:86:00.0)
/scratch/work/groszt1/envs/theanoLM/lib/python3.7/site-packages/h5py-2.9.0-py3.7-linux-x86_64.egg/h5py/_hl/dataset.py:313: H5pyDeprecationWarning: dataset.value has been deprecated. Use dataset[()] instead.
  "Use dataset[()] instead.", H5pyDeprecationWarning)
/scratch/work/groszt1/envs/theanoLM/lib/python3.7/site-packages/h5py-2.9.0-py3.7-linux-x86_64.egg/h5py/_hl/dataset.py:313: H5pyDeprecationWarning: dataset.value has been deprecated. Use dataset[()] instead.
  "Use dataset[()] instead.", H5pyDeprecationWarning)
decode_theanolm finished.
/tmp/55088692/lattices
floatX=float32,device=cuda0,base_compiledir=/tmp/theano,exception_verbosity=high,openmp=False
/scratch/work/groszt1/envs/theanoLM/lib/python3.7/site-packages/theano/gpuarray/dnn.py:184: UserWarning: Your cuDNN version is more recent than Theano. If you encounter problems, try updating Theano or downgrading cuDNN to a version >= v5 and <= v7.
  warnings.warn("Your cuDNN version is more recent than "
Using cuDNN version 7600 on context None
Mapped name None to device cuda0: Tesla V100-PCIE-32GB (0000:86:00.0)
TheanoLM 1.3.2
Theano 1.0.4
pygpu 0.7.6
==
+ srun --gres=gpu:1 theanolm decode /scratch/work/moisioa3/conv_lm/experiments/theanolm-morph-42k/expt2-sampled/nnlm.h5 --lattice-list /tmp/55088692/lattices/lattice-list --output-file /scratch/work/moisioa3/conv_lm/experiments/theanolm-morph-42k/expt2-sampled/decode/devel/lambda=1.0-lms=10/103.trn --output trn --nnlm-weight 1.0 --lm-scale 10 --max-tokens-per-node 62 --beam 650 --recombination-order 22 --num-jobs 128 --job 103 --unk-penalty=-20
2020-08-15 10:50:25,780 get_default_device: Context None device="Tesla V100-PCIE-32GB" ID="0000:86:00.0"
2020-08-15 10:50:25,782 from_file: Reading vocabulary from network state.
2020-08-15 10:50:25,976 from_file: Number of words in vocabulary: 42699
2020-08-15 10:50:25,976 from_file: Number of words in shortlist: 42699
2020-08-15 10:50:25,976 from_file: Number of word classes: 42699
2020-08-15 10:50:25,976 from_file: Building neural network.
2020-08-15 10:50:55,635 from_file: Restoring neural network state.
2020-08-15 10:50:56,010 decode: Building word lattice decoder.
2020-08-15 10:51:08,462 __iter__: Reading lattice file `/tmp/55088692/lattices/dspm006_dsp2013_04.lat.gz´.
2020-08-15 10:51:08,679 decode: Utterance `dspm006_dsp2013_04´ -- 1 of job 103
2020-08-15 10:51:13,403 __iter__: Reading lattice file `/tmp/55088692/lattices/dspm015_dsp2013_18.lat.gz´.
2020-08-15 10:51:13,501 decode: Utterance `dspm015_dsp2013_18´ -- 2 of job 103
2020-08-15 10:51:15,661 __iter__: Reading lattice file `/tmp/55088692/lattices/dspm024_dsp2013_03.lat.gz´.
2020-08-15 10:51:16,202 decode: Utterance `dspm024_dsp2013_03´ -- 3 of job 103
2020-08-15 10:51:26,814 __iter__: Reading lattice file `/tmp/55088692/lattices/dspm033_dsp2013_01.lat.gz´.
2020-08-15 10:51:26,922 decode: Utterance `dspm033_dsp2013_01´ -- 4 of job 103
2020-08-15 10:51:30,025 __iter__: Reading lattice file `/tmp/55088692/lattices/dspm043_dsp2013_07.lat.gz´.
2020-08-15 10:51:30,160 decode: Utterance `dspm043_dsp2013_07´ -- 5 of job 103
2020-08-15 10:51:33,326 __iter__: Reading lattice file `/tmp/55088692/lattices/dspm052_dsp2013_05.lat.gz´.
2020-08-15 10:51:33,976 decode: Utterance `dspm052_dsp2013_05´ -- 6 of job 103
2020-08-15 10:51:53,642 __iter__: Reading lattice file `/tmp/55088692/lattices/radioanne_fym20071218_36.lat.gz´.
2020-08-15 10:51:53,658 decode: Utterance `radioanne_fym20071218_36´ -- 7 of job 103
/scratch/work/groszt1/envs/theanoLM/lib/python3.7/site-packages/theano/gpuarray/dnn.py:184: UserWarning: Your cuDNN version is more recent than Theano. If you encounter problems, try updating Theano or downgrading cuDNN to a version >= v5 and <= v7.
  warnings.warn("Your cuDNN version is more recent than "
Using cuDNN version 7600 on context None
Mapped name None to device cuda0: Tesla V100-PCIE-32GB (0000:86:00.0)
/scratch/work/groszt1/envs/theanoLM/lib/python3.7/site-packages/h5py-2.9.0-py3.7-linux-x86_64.egg/h5py/_hl/dataset.py:313: H5pyDeprecationWarning: dataset.value has been deprecated. Use dataset[()] instead.
  "Use dataset[()] instead.", H5pyDeprecationWarning)
/scratch/work/groszt1/envs/theanoLM/lib/python3.7/site-packages/h5py-2.9.0-py3.7-linux-x86_64.egg/h5py/_hl/dataset.py:313: H5pyDeprecationWarning: dataset.value has been deprecated. Use dataset[()] instead.
  "Use dataset[()] instead.", H5pyDeprecationWarning)
decode_theanolm finished.
/tmp/55088692/lattices
floatX=float32,device=cuda0,base_compiledir=/tmp/theano,exception_verbosity=high,openmp=False
/scratch/work/groszt1/envs/theanoLM/lib/python3.7/site-packages/theano/gpuarray/dnn.py:184: UserWarning: Your cuDNN version is more recent than Theano. If you encounter problems, try updating Theano or downgrading cuDNN to a version >= v5 and <= v7.
  warnings.warn("Your cuDNN version is more recent than "
Using cuDNN version 7600 on context None
Mapped name None to device cuda0: Tesla V100-PCIE-32GB (0000:86:00.0)
TheanoLM 1.3.2
Theano 1.0.4
pygpu 0.7.6
==
+ srun --gres=gpu:1 theanolm decode /scratch/work/moisioa3/conv_lm/experiments/theanolm-morph-42k/expt2-sampled/nnlm.h5 --lattice-list /tmp/55088692/lattices/lattice-list --output-file /scratch/work/moisioa3/conv_lm/experiments/theanolm-morph-42k/expt2-sampled/decode/devel/lambda=1.0-lms=11/103.trn --output trn --nnlm-weight 1.0 --lm-scale 11 --max-tokens-per-node 62 --beam 650 --recombination-order 22 --num-jobs 128 --job 103 --unk-penalty=-20
2020-08-15 10:52:00,853 get_default_device: Context None device="Tesla V100-PCIE-32GB" ID="0000:86:00.0"
2020-08-15 10:52:00,853 from_file: Reading vocabulary from network state.
2020-08-15 10:52:01,053 from_file: Number of words in vocabulary: 42699
2020-08-15 10:52:01,054 from_file: Number of words in shortlist: 42699
2020-08-15 10:52:01,054 from_file: Number of word classes: 42699
2020-08-15 10:52:01,054 from_file: Building neural network.
2020-08-15 10:52:29,831 from_file: Restoring neural network state.
2020-08-15 10:52:30,196 decode: Building word lattice decoder.
2020-08-15 10:52:34,313 __iter__: Reading lattice file `/tmp/55088692/lattices/dspm006_dsp2013_04.lat.gz´.
2020-08-15 10:52:34,536 decode: Utterance `dspm006_dsp2013_04´ -- 1 of job 103
2020-08-15 10:52:39,335 __iter__: Reading lattice file `/tmp/55088692/lattices/dspm015_dsp2013_18.lat.gz´.
2020-08-15 10:52:39,432 decode: Utterance `dspm015_dsp2013_18´ -- 2 of job 103
2020-08-15 10:52:41,624 __iter__: Reading lattice file `/tmp/55088692/lattices/dspm024_dsp2013_03.lat.gz´.
2020-08-15 10:52:42,164 decode: Utterance `dspm024_dsp2013_03´ -- 3 of job 103
2020-08-15 10:52:52,595 __iter__: Reading lattice file `/tmp/55088692/lattices/dspm033_dsp2013_01.lat.gz´.
2020-08-15 10:52:52,701 decode: Utterance `dspm033_dsp2013_01´ -- 4 of job 103
2020-08-15 10:52:55,753 __iter__: Reading lattice file `/tmp/55088692/lattices/dspm043_dsp2013_07.lat.gz´.
2020-08-15 10:52:55,888 decode: Utterance `dspm043_dsp2013_07´ -- 5 of job 103
2020-08-15 10:52:59,010 __iter__: Reading lattice file `/tmp/55088692/lattices/dspm052_dsp2013_05.lat.gz´.
2020-08-15 10:52:59,657 decode: Utterance `dspm052_dsp2013_05´ -- 6 of job 103
2020-08-15 10:53:19,233 __iter__: Reading lattice file `/tmp/55088692/lattices/radioanne_fym20071218_36.lat.gz´.
2020-08-15 10:53:19,249 decode: Utterance `radioanne_fym20071218_36´ -- 7 of job 103
/scratch/work/groszt1/envs/theanoLM/lib/python3.7/site-packages/theano/gpuarray/dnn.py:184: UserWarning: Your cuDNN version is more recent than Theano. If you encounter problems, try updating Theano or downgrading cuDNN to a version >= v5 and <= v7.
  warnings.warn("Your cuDNN version is more recent than "
Using cuDNN version 7600 on context None
Mapped name None to device cuda0: Tesla V100-PCIE-32GB (0000:86:00.0)
/scratch/work/groszt1/envs/theanoLM/lib/python3.7/site-packages/h5py-2.9.0-py3.7-linux-x86_64.egg/h5py/_hl/dataset.py:313: H5pyDeprecationWarning: dataset.value has been deprecated. Use dataset[()] instead.
  "Use dataset[()] instead.", H5pyDeprecationWarning)
/scratch/work/groszt1/envs/theanoLM/lib/python3.7/site-packages/h5py-2.9.0-py3.7-linux-x86_64.egg/h5py/_hl/dataset.py:313: H5pyDeprecationWarning: dataset.value has been deprecated. Use dataset[()] instead.
  "Use dataset[()] instead.", H5pyDeprecationWarning)
decode_theanolm finished.
/tmp/55088692/lattices
floatX=float32,device=cuda0,base_compiledir=/tmp/theano,exception_verbosity=high,openmp=False
/scratch/work/groszt1/envs/theanoLM/lib/python3.7/site-packages/theano/gpuarray/dnn.py:184: UserWarning: Your cuDNN version is more recent than Theano. If you encounter problems, try updating Theano or downgrading cuDNN to a version >= v5 and <= v7.
  warnings.warn("Your cuDNN version is more recent than "
Using cuDNN version 7600 on context None
Mapped name None to device cuda0: Tesla V100-PCIE-32GB (0000:86:00.0)
TheanoLM 1.3.2
Theano 1.0.4
pygpu 0.7.6
==
+ srun --gres=gpu:1 theanolm decode /scratch/work/moisioa3/conv_lm/experiments/theanolm-morph-42k/expt2-sampled/nnlm.h5 --lattice-list /tmp/55088692/lattices/lattice-list --output-file /scratch/work/moisioa3/conv_lm/experiments/theanolm-morph-42k/expt2-sampled/decode/devel/lambda=1.0-lms=12/103.trn --output trn --nnlm-weight 1.0 --lm-scale 12 --max-tokens-per-node 62 --beam 650 --recombination-order 22 --num-jobs 128 --job 103 --unk-penalty=-20
2020-08-15 10:53:27,203 get_default_device: Context None device="Tesla V100-PCIE-32GB" ID="0000:86:00.0"
2020-08-15 10:53:27,204 from_file: Reading vocabulary from network state.
2020-08-15 10:53:27,406 from_file: Number of words in vocabulary: 42699
2020-08-15 10:53:27,406 from_file: Number of words in shortlist: 42699
2020-08-15 10:53:27,407 from_file: Number of word classes: 42699
2020-08-15 10:53:27,407 from_file: Building neural network.
2020-08-15 10:53:55,929 from_file: Restoring neural network state.
2020-08-15 10:53:56,298 decode: Building word lattice decoder.
2020-08-15 10:54:00,392 __iter__: Reading lattice file `/tmp/55088692/lattices/dspm006_dsp2013_04.lat.gz´.
2020-08-15 10:54:00,608 decode: Utterance `dspm006_dsp2013_04´ -- 1 of job 103
2020-08-15 10:54:05,399 __iter__: Reading lattice file `/tmp/55088692/lattices/dspm015_dsp2013_18.lat.gz´.
2020-08-15 10:54:05,496 decode: Utterance `dspm015_dsp2013_18´ -- 2 of job 103
2020-08-15 10:54:07,712 __iter__: Reading lattice file `/tmp/55088692/lattices/dspm024_dsp2013_03.lat.gz´.
2020-08-15 10:54:08,251 decode: Utterance `dspm024_dsp2013_03´ -- 3 of job 103
2020-08-15 10:54:18,946 __iter__: Reading lattice file `/tmp/55088692/lattices/dspm033_dsp2013_01.lat.gz´.
2020-08-15 10:54:19,053 decode: Utterance `dspm033_dsp2013_01´ -- 4 of job 103
2020-08-15 10:54:22,159 __iter__: Reading lattice file `/tmp/55088692/lattices/dspm043_dsp2013_07.lat.gz´.
2020-08-15 10:54:22,292 decode: Utterance `dspm043_dsp2013_07´ -- 5 of job 103
2020-08-15 10:54:25,475 __iter__: Reading lattice file `/tmp/55088692/lattices/dspm052_dsp2013_05.lat.gz´.
2020-08-15 10:54:26,117 decode: Utterance `dspm052_dsp2013_05´ -- 6 of job 103
2020-08-15 10:54:45,735 __iter__: Reading lattice file `/tmp/55088692/lattices/radioanne_fym20071218_36.lat.gz´.
2020-08-15 10:54:45,751 decode: Utterance `radioanne_fym20071218_36´ -- 7 of job 103
/scratch/work/groszt1/envs/theanoLM/lib/python3.7/site-packages/theano/gpuarray/dnn.py:184: UserWarning: Your cuDNN version is more recent than Theano. If you encounter problems, try updating Theano or downgrading cuDNN to a version >= v5 and <= v7.
  warnings.warn("Your cuDNN version is more recent than "
Using cuDNN version 7600 on context None
Mapped name None to device cuda0: Tesla V100-PCIE-32GB (0000:86:00.0)
/scratch/work/groszt1/envs/theanoLM/lib/python3.7/site-packages/h5py-2.9.0-py3.7-linux-x86_64.egg/h5py/_hl/dataset.py:313: H5pyDeprecationWarning: dataset.value has been deprecated. Use dataset[()] instead.
  "Use dataset[()] instead.", H5pyDeprecationWarning)
/scratch/work/groszt1/envs/theanoLM/lib/python3.7/site-packages/h5py-2.9.0-py3.7-linux-x86_64.egg/h5py/_hl/dataset.py:313: H5pyDeprecationWarning: dataset.value has been deprecated. Use dataset[()] instead.
  "Use dataset[()] instead.", H5pyDeprecationWarning)
decode_theanolm finished.
decode devel finished.
