Experiment: theanolm-morph-42k/expt2-sampled
Job ID: 55103555
Task ID: 28
Host: gpu5.int.triton.aalto.fi
Start date: Mon Aug 17 17:24:44 EEST 2020
Work directory: /scratch/work/moisioa3/conv_lm/experiments/theanolm-morph-42k/expt2-sampled
Temporary directory: /tmp/55103555

Currently Loaded Modules:
  1) speech-scripts/2016.05.24-b928230   6) binutils/2.25-GCCcore-5.4.0
  2) srilm/default                       7) GCC/5.4.0-2.25
  3) cuda/10.0.130                       8) libgpuarray/2017.03.29-45c731f
  4) cudnn/7.4.2-cuda                    9) anaconda3/latest
  5) GCCcore/5.4.0

 

/tmp/55103555/lattices
floatX=float32,device=cuda0,base_compiledir=/tmp/theano,exception_verbosity=high,openmp=False
/scratch/work/groszt1/envs/theanoLM/lib/python3.7/site-packages/theano/gpuarray/dnn.py:184: UserWarning: Your cuDNN version is more recent than Theano. If you encounter problems, try updating Theano or downgrading cuDNN to a version >= v5 and <= v7.
  warnings.warn("Your cuDNN version is more recent than "
Using cuDNN version 7600 on context None
Mapped name None to device cuda0: Tesla V100-PCIE-32GB (0000:18:00.0)
TheanoLM 1.3.2
Theano 1.0.4
pygpu 0.7.6
==
+ srun --gres=gpu:1 theanolm decode /scratch/work/moisioa3/conv_lm/experiments/theanolm-morph-42k/expt2-sampled/nnlm.h5 --lattice-list /tmp/55103555/lattices/lattice-list --output-file /scratch/work/moisioa3/conv_lm/experiments/theanolm-morph-42k/expt2-sampled/decode/eval/lambda=0.5-lms=10/28.trn --output trn --nnlm-weight 0.5 --lm-scale 10 --max-tokens-per-node 62 --beam 650 --recombination-order 22 --num-jobs 128 --job 28 --unk-penalty=-20
2020-08-17 17:25:44,870 get_default_device: Context None device="Tesla V100-PCIE-32GB" ID="0000:18:00.0"
2020-08-17 17:25:44,871 from_file: Reading vocabulary from network state.
2020-08-17 17:25:45,095 from_file: Number of words in vocabulary: 42699
2020-08-17 17:25:45,095 from_file: Number of words in shortlist: 42699
2020-08-17 17:25:45,095 from_file: Number of word classes: 42699
2020-08-17 17:25:45,096 from_file: Building neural network.
/scratch/work/groszt1/envs/theanoLM/lib/python3.7/site-packages/theano/gpuarray/dnn.py:184: UserWarning: Your cuDNN version is more recent than Theano. If you encounter problems, try updating Theano or downgrading cuDNN to a version >= v5 and <= v7.
  warnings.warn("Your cuDNN version is more recent than "
Using cuDNN version 7600 on context None
Mapped name None to device cuda0: Tesla V100-PCIE-32GB (0000:18:00.0)
/scratch/work/groszt1/envs/theanoLM/lib/python3.7/site-packages/h5py-2.9.0-py3.7-linux-x86_64.egg/h5py/_hl/dataset.py:313: H5pyDeprecationWarning: dataset.value has been deprecated. Use dataset[()] instead.
  "Use dataset[()] instead.", H5pyDeprecationWarning)
INFO (theano.gof.compilelock): Waiting for existing lock by process '138995' (I am process '138989')
2020-08-17 17:26:22,053 lock: Waiting for existing lock by process '138995' (I am process '138989')
INFO (theano.gof.compilelock): To manually release the lock, delete /tmp/theano/compiledir_Linux-3.10-el7.x86_64-x86_64-with-centos-7.8.2003-Core-x86_64-3.7.3-64/lock_dir
2020-08-17 17:26:22,053 lock: To manually release the lock, delete /tmp/theano/compiledir_Linux-3.10-el7.x86_64-x86_64-with-centos-7.8.2003-Core-x86_64-3.7.3-64/lock_dir
INFO (theano.gof.compilelock): Waiting for existing lock by process '138865' (I am process '138989')
2020-08-17 17:26:29,765 lock: Waiting for existing lock by process '138865' (I am process '138989')
INFO (theano.gof.compilelock): To manually release the lock, delete /tmp/theano/compiledir_Linux-3.10-el7.x86_64-x86_64-with-centos-7.8.2003-Core-x86_64-3.7.3-64/lock_dir
2020-08-17 17:26:29,765 lock: To manually release the lock, delete /tmp/theano/compiledir_Linux-3.10-el7.x86_64-x86_64-with-centos-7.8.2003-Core-x86_64-3.7.3-64/lock_dir
2020-08-17 17:26:39,659 from_file: Restoring neural network state.
2020-08-17 17:26:40,004 decode: Building word lattice decoder.
2020-08-17 17:26:43,839 __iter__: Reading lattice file `/tmp/55103555/lattices/dspf002_dsp2013_09.lat.gz´.
2020-08-17 17:26:44,740 decode: Utterance `dspf002_dsp2013_09´ -- 1 of job 28
2020-08-17 17:27:17,522 __iter__: Reading lattice file `/tmp/55103555/lattices/dspm038_dsp2013_23.lat.gz´.
2020-08-17 17:27:17,597 decode: Utterance `dspm038_dsp2013_23´ -- 2 of job 28
2020-08-17 17:27:19,749 __iter__: Reading lattice file `/tmp/55103555/lattices/radiohenri_aamushow20100713_24.lat.gz´.
2020-08-17 17:27:19,753 decode: Utterance `radiohenri_aamushow20100713_24´ -- 3 of job 28
2020-08-17 17:27:19,848 __iter__: Reading lattice file `/tmp/55103555/lattices/radioporni_puhujainkulma20120930_119.lat.gz´.
2020-08-17 17:27:20,425 decode: Utterance `radioporni_puhujainkulma20120930_119´ -- 4 of job 28
2020-08-17 17:27:47,670 __iter__: Reading lattice file `/tmp/55103555/lattices/radioruudolf_aamushow20120720_95.lat.gz´.
2020-08-17 17:27:48,038 decode: Utterance `radioruudolf_aamushow20120720_95´ -- 5 of job 28
/scratch/work/groszt1/envs/theanoLM/lib/python3.7/site-packages/h5py-2.9.0-py3.7-linux-x86_64.egg/h5py/_hl/dataset.py:313: H5pyDeprecationWarning: dataset.value has been deprecated. Use dataset[()] instead.
  "Use dataset[()] instead.", H5pyDeprecationWarning)
decode_theanolm finished.
/tmp/55103555/lattices
floatX=float32,device=cuda0,base_compiledir=/tmp/theano,exception_verbosity=high,openmp=False
/scratch/work/groszt1/envs/theanoLM/lib/python3.7/site-packages/theano/gpuarray/dnn.py:184: UserWarning: Your cuDNN version is more recent than Theano. If you encounter problems, try updating Theano or downgrading cuDNN to a version >= v5 and <= v7.
  warnings.warn("Your cuDNN version is more recent than "
Using cuDNN version 7600 on context None
Mapped name None to device cuda0: Tesla V100-PCIE-32GB (0000:18:00.0)
TheanoLM 1.3.2
Theano 1.0.4
pygpu 0.7.6
==
+ srun --gres=gpu:1 theanolm decode /scratch/work/moisioa3/conv_lm/experiments/theanolm-morph-42k/expt2-sampled/nnlm.h5 --lattice-list /tmp/55103555/lattices/lattice-list --output-file /scratch/work/moisioa3/conv_lm/experiments/theanolm-morph-42k/expt2-sampled/decode/eval/lambda=1.0-lms=10/28.trn --output trn --nnlm-weight 1.0 --lm-scale 10 --max-tokens-per-node 62 --beam 650 --recombination-order 22 --num-jobs 128 --job 28 --unk-penalty=-20
INFO (theano.gof.compilelock): Waiting for existing lock by process '140367' (I am process '140590')
INFO (theano.gof.compilelock): To manually release the lock, delete /tmp/theano/compiledir_Linux-3.10-el7.x86_64-x86_64-with-centos-7.8.2003-Core-x86_64-3.7.3-64/lock_dir
2020-08-17 17:28:34,166 get_default_device: Context None device="Tesla V100-PCIE-32GB" ID="0000:18:00.0"
2020-08-17 17:28:34,167 from_file: Reading vocabulary from network state.
2020-08-17 17:28:34,383 from_file: Number of words in vocabulary: 42699
2020-08-17 17:28:34,383 from_file: Number of words in shortlist: 42699
2020-08-17 17:28:34,383 from_file: Number of word classes: 42699
2020-08-17 17:28:34,384 from_file: Building neural network.
2020-08-17 17:29:03,849 from_file: Restoring neural network state.
2020-08-17 17:29:04,224 decode: Building word lattice decoder.
2020-08-17 17:29:08,355 __iter__: Reading lattice file `/tmp/55103555/lattices/dspf002_dsp2013_09.lat.gz´.
2020-08-17 17:29:09,375 decode: Utterance `dspf002_dsp2013_09´ -- 1 of job 28
2020-08-17 17:29:37,889 __iter__: Reading lattice file `/tmp/55103555/lattices/dspm038_dsp2013_23.lat.gz´.
2020-08-17 17:29:37,966 decode: Utterance `dspm038_dsp2013_23´ -- 2 of job 28
2020-08-17 17:29:39,996 __iter__: Reading lattice file `/tmp/55103555/lattices/radiohenri_aamushow20100713_24.lat.gz´.
2020-08-17 17:29:39,999 decode: Utterance `radiohenri_aamushow20100713_24´ -- 3 of job 28
2020-08-17 17:29:40,095 __iter__: Reading lattice file `/tmp/55103555/lattices/radioporni_puhujainkulma20120930_119.lat.gz´.
2020-08-17 17:29:40,686 decode: Utterance `radioporni_puhujainkulma20120930_119´ -- 4 of job 28
2020-08-17 17:30:03,324 __iter__: Reading lattice file `/tmp/55103555/lattices/radioruudolf_aamushow20120720_95.lat.gz´.
2020-08-17 17:30:03,676 decode: Utterance `radioruudolf_aamushow20120720_95´ -- 5 of job 28
/scratch/work/groszt1/envs/theanoLM/lib/python3.7/site-packages/theano/gpuarray/dnn.py:184: UserWarning: Your cuDNN version is more recent than Theano. If you encounter problems, try updating Theano or downgrading cuDNN to a version >= v5 and <= v7.
  warnings.warn("Your cuDNN version is more recent than "
Using cuDNN version 7600 on context None
Mapped name None to device cuda0: Tesla V100-PCIE-32GB (0000:18:00.0)
/scratch/work/groszt1/envs/theanoLM/lib/python3.7/site-packages/h5py-2.9.0-py3.7-linux-x86_64.egg/h5py/_hl/dataset.py:313: H5pyDeprecationWarning: dataset.value has been deprecated. Use dataset[()] instead.
  "Use dataset[()] instead.", H5pyDeprecationWarning)
/scratch/work/groszt1/envs/theanoLM/lib/python3.7/site-packages/h5py-2.9.0-py3.7-linux-x86_64.egg/h5py/_hl/dataset.py:313: H5pyDeprecationWarning: dataset.value has been deprecated. Use dataset[()] instead.
  "Use dataset[()] instead.", H5pyDeprecationWarning)
decode_theanolm finished.
decode eval finished.
