Experiment: theanolm-morph-42k/expt2-sampled
Job ID: 55104110
Task ID: 121
Host: gpu23.int.triton.aalto.fi
Start date: Mon Aug 17 17:51:53 EEST 2020
Work directory: /scratch/work/moisioa3/conv_lm/experiments/theanolm-morph-42k/expt2-sampled
Temporary directory: /tmp/55104110

Currently Loaded Modules:
  1) speech-scripts/2016.05.24-b928230   6) binutils/2.25-GCCcore-5.4.0
  2) srilm/default                       7) GCC/5.4.0-2.25
  3) cuda/10.0.130                       8) libgpuarray/2017.03.29-45c731f
  4) cudnn/7.4.2-cuda                    9) anaconda3/latest
  5) GCCcore/5.4.0

 

/tmp/55104110/lattices
floatX=float32,device=cuda0,base_compiledir=/tmp/theano,exception_verbosity=high,openmp=False
/scratch/work/groszt1/envs/theanoLM/lib/python3.7/site-packages/theano/gpuarray/dnn.py:184: UserWarning: Your cuDNN version is more recent than Theano. If you encounter problems, try updating Theano or downgrading cuDNN to a version >= v5 and <= v7.
  warnings.warn("Your cuDNN version is more recent than "
Using cuDNN version 7600 on context None
Mapped name None to device cuda0: Tesla P100-PCIE-16GB (0000:82:00.0)
TheanoLM 1.3.2
Theano 1.0.4
pygpu 0.7.6
==
+ srun --gres=gpu:1 theanolm decode /scratch/work/moisioa3/conv_lm/experiments/theanolm-morph-42k/expt2-sampled/nnlm.h5 --lattice-list /tmp/55104110/lattices/lattice-list --output-file /scratch/work/moisioa3/conv_lm/experiments/theanolm-morph-42k/expt2-sampled/decode/eval/lambda=0.5-lms=10/121.trn --output trn --nnlm-weight 0.5 --lm-scale 10 --max-tokens-per-node 62 --beam 650 --recombination-order 22 --num-jobs 128 --job 121 --unk-penalty=-20
2020-08-17 17:52:15,303 get_default_device: Context None device="Tesla P100-PCIE-16GB" ID="0000:82:00.0"
2020-08-17 17:52:15,304 from_file: Reading vocabulary from network state.
2020-08-17 17:52:15,557 from_file: Number of words in vocabulary: 42699
2020-08-17 17:52:15,558 from_file: Number of words in shortlist: 42699
2020-08-17 17:52:15,558 from_file: Number of word classes: 42699
2020-08-17 17:52:15,558 from_file: Building neural network.
/scratch/work/groszt1/envs/theanoLM/lib/python3.7/site-packages/theano/gpuarray/dnn.py:184: UserWarning: Your cuDNN version is more recent than Theano. If you encounter problems, try updating Theano or downgrading cuDNN to a version >= v5 and <= v7.
  warnings.warn("Your cuDNN version is more recent than "
Using cuDNN version 7600 on context None
Mapped name None to device cuda0: Tesla P100-PCIE-16GB (0000:82:00.0)
/scratch/work/groszt1/envs/theanoLM/lib/python3.7/site-packages/h5py-2.9.0-py3.7-linux-x86_64.egg/h5py/_hl/dataset.py:313: H5pyDeprecationWarning: dataset.value has been deprecated. Use dataset[()] instead.
  "Use dataset[()] instead.", H5pyDeprecationWarning)
INFO (theano.gof.compilelock): Waiting for existing lock by process '2451' (I am process '2545')
2020-08-17 17:53:14,540 lock: Waiting for existing lock by process '2451' (I am process '2545')
INFO (theano.gof.compilelock): To manually release the lock, delete /tmp/theano/compiledir_Linux-3.10-el7.x86_64-x86_64-with-centos-7.8.2003-Core-x86_64-3.7.3-64/lock_dir
2020-08-17 17:53:14,541 lock: To manually release the lock, delete /tmp/theano/compiledir_Linux-3.10-el7.x86_64-x86_64-with-centos-7.8.2003-Core-x86_64-3.7.3-64/lock_dir
INFO (theano.gof.compilelock): Waiting for existing lock by process '2451' (I am process '2545')
2020-08-17 17:53:21,431 lock: Waiting for existing lock by process '2451' (I am process '2545')
INFO (theano.gof.compilelock): To manually release the lock, delete /tmp/theano/compiledir_Linux-3.10-el7.x86_64-x86_64-with-centos-7.8.2003-Core-x86_64-3.7.3-64/lock_dir
2020-08-17 17:53:21,431 lock: To manually release the lock, delete /tmp/theano/compiledir_Linux-3.10-el7.x86_64-x86_64-with-centos-7.8.2003-Core-x86_64-3.7.3-64/lock_dir
2020-08-17 17:53:29,975 from_file: Restoring neural network state.
2020-08-17 17:53:30,302 decode: Building word lattice decoder.
2020-08-17 17:53:44,867 __iter__: Reading lattice file `/tmp/55104110/lattices/dspm030_dsp2013_1707.lat.gz´.
2020-08-17 17:53:45,592 decode: Utterance `dspm030_dsp2013_1707´ -- 1 of job 121
2020-08-17 17:54:12,097 __iter__: Reading lattice file `/tmp/55104110/lattices/radioerkka_puhujainkulma20120930_25.lat.gz´.
2020-08-17 17:54:12,106 decode: Utterance `radioerkka_puhujainkulma20120930_25´ -- 2 of job 121
2020-08-17 17:54:12,397 __iter__: Reading lattice file `/tmp/55104110/lattices/radiokatupaimen_aamushow20120720_71.lat.gz´.
2020-08-17 17:54:12,567 decode: Utterance `radiokatupaimen_aamushow20120720_71´ -- 3 of job 121
2020-08-17 17:54:16,120 __iter__: Reading lattice file `/tmp/55104110/lattices/radioruudolf_aamushow20120720_113.lat.gz´.
2020-08-17 17:54:16,701 decode: Utterance `radioruudolf_aamushow20120720_113´ -- 4 of job 121
/scratch/work/groszt1/envs/theanoLM/lib/python3.7/site-packages/h5py-2.9.0-py3.7-linux-x86_64.egg/h5py/_hl/dataset.py:313: H5pyDeprecationWarning: dataset.value has been deprecated. Use dataset[()] instead.
  "Use dataset[()] instead.", H5pyDeprecationWarning)
decode_theanolm finished.
/tmp/55104110/lattices
floatX=float32,device=cuda0,base_compiledir=/tmp/theano,exception_verbosity=high,openmp=False
/scratch/work/groszt1/envs/theanoLM/lib/python3.7/site-packages/theano/gpuarray/dnn.py:184: UserWarning: Your cuDNN version is more recent than Theano. If you encounter problems, try updating Theano or downgrading cuDNN to a version >= v5 and <= v7.
  warnings.warn("Your cuDNN version is more recent than "
Using cuDNN version 7600 on context None
Mapped name None to device cuda0: Tesla P100-PCIE-16GB (0000:82:00.0)
TheanoLM 1.3.2
Theano 1.0.4
pygpu 0.7.6
==
+ srun --gres=gpu:1 theanolm decode /scratch/work/moisioa3/conv_lm/experiments/theanolm-morph-42k/expt2-sampled/nnlm.h5 --lattice-list /tmp/55104110/lattices/lattice-list --output-file /scratch/work/moisioa3/conv_lm/experiments/theanolm-morph-42k/expt2-sampled/decode/eval/lambda=1.0-lms=10/121.trn --output trn --nnlm-weight 1.0 --lm-scale 10 --max-tokens-per-node 62 --beam 650 --recombination-order 22 --num-jobs 128 --job 121 --unk-penalty=-20
2020-08-17 17:54:54,979 get_default_device: Context None device="Tesla P100-PCIE-16GB" ID="0000:82:00.0"
2020-08-17 17:54:54,981 from_file: Reading vocabulary from network state.
2020-08-17 17:54:55,250 from_file: Number of words in vocabulary: 42699
2020-08-17 17:54:55,251 from_file: Number of words in shortlist: 42699
2020-08-17 17:54:55,251 from_file: Number of word classes: 42699
2020-08-17 17:54:55,251 from_file: Building neural network.
2020-08-17 17:55:36,660 from_file: Restoring neural network state.
2020-08-17 17:55:37,031 decode: Building word lattice decoder.
2020-08-17 17:55:42,244 __iter__: Reading lattice file `/tmp/55104110/lattices/dspm030_dsp2013_1707.lat.gz´.
2020-08-17 17:55:42,929 decode: Utterance `dspm030_dsp2013_1707´ -- 1 of job 121
2020-08-17 17:56:05,928 __iter__: Reading lattice file `/tmp/55104110/lattices/radioerkka_puhujainkulma20120930_25.lat.gz´.
2020-08-17 17:56:05,937 decode: Utterance `radioerkka_puhujainkulma20120930_25´ -- 2 of job 121
2020-08-17 17:56:06,186 __iter__: Reading lattice file `/tmp/55104110/lattices/radiokatupaimen_aamushow20120720_71.lat.gz´.
2020-08-17 17:56:06,346 decode: Utterance `radiokatupaimen_aamushow20120720_71´ -- 3 of job 121
2020-08-17 17:56:09,662 __iter__: Reading lattice file `/tmp/55104110/lattices/radioruudolf_aamushow20120720_113.lat.gz´.
2020-08-17 17:56:10,219 decode: Utterance `radioruudolf_aamushow20120720_113´ -- 4 of job 121
/scratch/work/groszt1/envs/theanoLM/lib/python3.7/site-packages/theano/gpuarray/dnn.py:184: UserWarning: Your cuDNN version is more recent than Theano. If you encounter problems, try updating Theano or downgrading cuDNN to a version >= v5 and <= v7.
  warnings.warn("Your cuDNN version is more recent than "
Using cuDNN version 7600 on context None
Mapped name None to device cuda0: Tesla P100-PCIE-16GB (0000:82:00.0)
/scratch/work/groszt1/envs/theanoLM/lib/python3.7/site-packages/h5py-2.9.0-py3.7-linux-x86_64.egg/h5py/_hl/dataset.py:313: H5pyDeprecationWarning: dataset.value has been deprecated. Use dataset[()] instead.
  "Use dataset[()] instead.", H5pyDeprecationWarning)
/scratch/work/groszt1/envs/theanoLM/lib/python3.7/site-packages/h5py-2.9.0-py3.7-linux-x86_64.egg/h5py/_hl/dataset.py:313: H5pyDeprecationWarning: dataset.value has been deprecated. Use dataset[()] instead.
  "Use dataset[()] instead.", H5pyDeprecationWarning)
decode_theanolm finished.
decode eval finished.
