Experiment: theanolm-morph-42k/expt2-sampled
Job ID: 55104023
Task ID: 63
Host: gpu29.int.triton.aalto.fi
Start date: Mon Aug 17 17:48:10 EEST 2020
Work directory: /scratch/work/moisioa3/conv_lm/experiments/theanolm-morph-42k/expt2-sampled
Temporary directory: /tmp/55104023

Currently Loaded Modules:
  1) speech-scripts/2016.05.24-b928230   6) binutils/2.25-GCCcore-5.4.0
  2) srilm/default                       7) GCC/5.4.0-2.25
  3) cuda/10.0.130                       8) libgpuarray/2017.03.29-45c731f
  4) cudnn/7.4.2-cuda                    9) anaconda3/latest
  5) GCCcore/5.4.0

 

/tmp/55104023/lattices
floatX=float32,device=cuda0,base_compiledir=/tmp/theano,exception_verbosity=high,openmp=False
/scratch/work/groszt1/envs/theanoLM/lib/python3.7/site-packages/theano/gpuarray/dnn.py:184: UserWarning: Your cuDNN version is more recent than Theano. If you encounter problems, try updating Theano or downgrading cuDNN to a version >= v5 and <= v7.
  warnings.warn("Your cuDNN version is more recent than "
Using cuDNN version 7600 on context None
Mapped name None to device cuda0: Tesla V100-PCIE-32GB (0000:86:00.0)
TheanoLM 1.3.2
Theano 1.0.4
pygpu 0.7.6
==
+ srun --gres=gpu:1 theanolm decode /scratch/work/moisioa3/conv_lm/experiments/theanolm-morph-42k/expt2-sampled/nnlm.h5 --lattice-list /tmp/55104023/lattices/lattice-list --output-file /scratch/work/moisioa3/conv_lm/experiments/theanolm-morph-42k/expt2-sampled/decode/eval/lambda=0.5-lms=10/63.trn --output trn --nnlm-weight 0.5 --lm-scale 10 --max-tokens-per-node 62 --beam 650 --recombination-order 22 --num-jobs 128 --job 63 --unk-penalty=-20
2020-08-17 17:48:19,423 get_default_device: Context None device="Tesla V100-PCIE-32GB" ID="0000:86:00.0"
2020-08-17 17:48:19,424 from_file: Reading vocabulary from network state.
2020-08-17 17:48:19,650 from_file: Number of words in vocabulary: 42699
2020-08-17 17:48:19,650 from_file: Number of words in shortlist: 42699
2020-08-17 17:48:19,650 from_file: Number of word classes: 42699
2020-08-17 17:48:19,650 from_file: Building neural network.
2020-08-17 17:48:48,887 from_file: Restoring neural network state.
2020-08-17 17:48:49,303 decode: Building word lattice decoder.
2020-08-17 17:48:53,478 __iter__: Reading lattice file `/tmp/55104023/lattices/dspm009_dsp2013_04.lat.gz´.
2020-08-17 17:48:55,224 decode: Utterance `dspm009_dsp2013_04´ -- 1 of job 63
2020-08-17 17:49:40,992 __iter__: Reading lattice file `/tmp/55104023/lattices/dspm051_dsp2013_07.lat.gz´.
2020-08-17 17:49:41,361 decode: Utterance `dspm051_dsp2013_07´ -- 2 of job 63
2020-08-17 17:49:54,215 __iter__: Reading lattice file `/tmp/55104023/lattices/radiojuha_puhujainkulma20120930_21.lat.gz´.
2020-08-17 17:49:54,217 decode: Utterance `radiojuha_puhujainkulma20120930_21´ -- 3 of job 63
2020-08-17 17:49:54,298 __iter__: Reading lattice file `/tmp/55104023/lattices/radioruudolf_aamushow20100713_10.lat.gz´.
2020-08-17 17:49:54,307 decode: Utterance `radioruudolf_aamushow20100713_10´ -- 4 of job 63
/scratch/work/groszt1/envs/theanoLM/lib/python3.7/site-packages/theano/gpuarray/dnn.py:184: UserWarning: Your cuDNN version is more recent than Theano. If you encounter problems, try updating Theano or downgrading cuDNN to a version >= v5 and <= v7.
  warnings.warn("Your cuDNN version is more recent than "
Using cuDNN version 7600 on context None
Mapped name None to device cuda0: Tesla V100-PCIE-32GB (0000:86:00.0)
/scratch/work/groszt1/envs/theanoLM/lib/python3.7/site-packages/h5py-2.9.0-py3.7-linux-x86_64.egg/h5py/_hl/dataset.py:313: H5pyDeprecationWarning: dataset.value has been deprecated. Use dataset[()] instead.
  "Use dataset[()] instead.", H5pyDeprecationWarning)
/scratch/work/groszt1/envs/theanoLM/lib/python3.7/site-packages/h5py-2.9.0-py3.7-linux-x86_64.egg/h5py/_hl/dataset.py:313: H5pyDeprecationWarning: dataset.value has been deprecated. Use dataset[()] instead.
  "Use dataset[()] instead.", H5pyDeprecationWarning)
decode_theanolm finished.
/tmp/55104023/lattices
floatX=float32,device=cuda0,base_compiledir=/tmp/theano,exception_verbosity=high,openmp=False
/scratch/work/groszt1/envs/theanoLM/lib/python3.7/site-packages/theano/gpuarray/dnn.py:184: UserWarning: Your cuDNN version is more recent than Theano. If you encounter problems, try updating Theano or downgrading cuDNN to a version >= v5 and <= v7.
  warnings.warn("Your cuDNN version is more recent than "
Using cuDNN version 7600 on context None
Mapped name None to device cuda0: Tesla V100-PCIE-32GB (0000:86:00.0)
TheanoLM 1.3.2
Theano 1.0.4
pygpu 0.7.6
==
+ srun --gres=gpu:1 theanolm decode /scratch/work/moisioa3/conv_lm/experiments/theanolm-morph-42k/expt2-sampled/nnlm.h5 --lattice-list /tmp/55104023/lattices/lattice-list --output-file /scratch/work/moisioa3/conv_lm/experiments/theanolm-morph-42k/expt2-sampled/decode/eval/lambda=1.0-lms=10/63.trn --output trn --nnlm-weight 1.0 --lm-scale 10 --max-tokens-per-node 62 --beam 650 --recombination-order 22 --num-jobs 128 --job 63 --unk-penalty=-20
2020-08-17 17:50:03,054 get_default_device: Context None device="Tesla V100-PCIE-32GB" ID="0000:86:00.0"
2020-08-17 17:50:03,055 from_file: Reading vocabulary from network state.
2020-08-17 17:50:03,277 from_file: Number of words in vocabulary: 42699
2020-08-17 17:50:03,277 from_file: Number of words in shortlist: 42699
2020-08-17 17:50:03,277 from_file: Number of word classes: 42699
2020-08-17 17:50:03,277 from_file: Building neural network.
2020-08-17 17:50:32,715 from_file: Restoring neural network state.
2020-08-17 17:50:33,153 decode: Building word lattice decoder.
2020-08-17 17:50:37,399 __iter__: Reading lattice file `/tmp/55104023/lattices/dspm009_dsp2013_04.lat.gz´.
2020-08-17 17:50:39,125 decode: Utterance `dspm009_dsp2013_04´ -- 1 of job 63
2020-08-17 17:51:22,122 __iter__: Reading lattice file `/tmp/55104023/lattices/dspm051_dsp2013_07.lat.gz´.
2020-08-17 17:51:22,483 decode: Utterance `dspm051_dsp2013_07´ -- 2 of job 63
2020-08-17 17:51:33,994 __iter__: Reading lattice file `/tmp/55104023/lattices/radiojuha_puhujainkulma20120930_21.lat.gz´.
2020-08-17 17:51:33,996 decode: Utterance `radiojuha_puhujainkulma20120930_21´ -- 3 of job 63
2020-08-17 17:51:34,074 __iter__: Reading lattice file `/tmp/55104023/lattices/radioruudolf_aamushow20100713_10.lat.gz´.
2020-08-17 17:51:34,082 decode: Utterance `radioruudolf_aamushow20100713_10´ -- 4 of job 63
/scratch/work/groszt1/envs/theanoLM/lib/python3.7/site-packages/theano/gpuarray/dnn.py:184: UserWarning: Your cuDNN version is more recent than Theano. If you encounter problems, try updating Theano or downgrading cuDNN to a version >= v5 and <= v7.
  warnings.warn("Your cuDNN version is more recent than "
Using cuDNN version 7600 on context None
Mapped name None to device cuda0: Tesla V100-PCIE-32GB (0000:86:00.0)
/scratch/work/groszt1/envs/theanoLM/lib/python3.7/site-packages/h5py-2.9.0-py3.7-linux-x86_64.egg/h5py/_hl/dataset.py:313: H5pyDeprecationWarning: dataset.value has been deprecated. Use dataset[()] instead.
  "Use dataset[()] instead.", H5pyDeprecationWarning)
/scratch/work/groszt1/envs/theanoLM/lib/python3.7/site-packages/h5py-2.9.0-py3.7-linux-x86_64.egg/h5py/_hl/dataset.py:313: H5pyDeprecationWarning: dataset.value has been deprecated. Use dataset[()] instead.
  "Use dataset[()] instead.", H5pyDeprecationWarning)
decode_theanolm finished.
decode eval finished.
