Experiment: theanolm-morph-42k/expt2-sampled
Job ID: 55103548
Task ID: 21
Host: gpu8.int.triton.aalto.fi
Start date: Mon Aug 17 17:24:44 EEST 2020
Work directory: /scratch/work/moisioa3/conv_lm/experiments/theanolm-morph-42k/expt2-sampled
Temporary directory: /tmp/55103548

Currently Loaded Modules:
  1) speech-scripts/2016.05.24-b928230   6) binutils/2.25-GCCcore-5.4.0
  2) srilm/default                       7) GCC/5.4.0-2.25
  3) cuda/10.0.130                       8) libgpuarray/2017.03.29-45c731f
  4) cudnn/7.4.2-cuda                    9) anaconda3/latest
  5) GCCcore/5.4.0

 

/tmp/55103548/lattices
floatX=float32,device=cuda0,base_compiledir=/tmp/theano,exception_verbosity=high,openmp=False
/scratch/work/groszt1/envs/theanoLM/lib/python3.7/site-packages/theano/gpuarray/dnn.py:184: UserWarning: Your cuDNN version is more recent than Theano. If you encounter problems, try updating Theano or downgrading cuDNN to a version >= v5 and <= v7.
  warnings.warn("Your cuDNN version is more recent than "
Using cuDNN version 7600 on context None
Mapped name None to device cuda0: Tesla V100-PCIE-32GB (0000:86:00.0)
TheanoLM 1.3.2
Theano 1.0.4
pygpu 0.7.6
==
+ srun --gres=gpu:1 theanolm decode /scratch/work/moisioa3/conv_lm/experiments/theanolm-morph-42k/expt2-sampled/nnlm.h5 --lattice-list /tmp/55103548/lattices/lattice-list --output-file /scratch/work/moisioa3/conv_lm/experiments/theanolm-morph-42k/expt2-sampled/decode/eval/lambda=0.5-lms=10/21.trn --output trn --nnlm-weight 0.5 --lm-scale 10 --max-tokens-per-node 62 --beam 650 --recombination-order 22 --num-jobs 128 --job 21 --unk-penalty=-20
2020-08-17 17:25:35,113 get_default_device: Context None device="Tesla V100-PCIE-32GB" ID="0000:86:00.0"
2020-08-17 17:25:35,114 from_file: Reading vocabulary from network state.
2020-08-17 17:25:35,315 from_file: Number of words in vocabulary: 42699
2020-08-17 17:25:35,315 from_file: Number of words in shortlist: 42699
2020-08-17 17:25:35,315 from_file: Number of word classes: 42699
2020-08-17 17:25:35,316 from_file: Building neural network.
2020-08-17 17:26:06,277 from_file: Restoring neural network state.
2020-08-17 17:26:06,642 decode: Building word lattice decoder.
/scratch/work/groszt1/envs/theanoLM/lib/python3.7/site-packages/theano/gpuarray/dnn.py:184: UserWarning: Your cuDNN version is more recent than Theano. If you encounter problems, try updating Theano or downgrading cuDNN to a version >= v5 and <= v7.
  warnings.warn("Your cuDNN version is more recent than "
Using cuDNN version 7600 on context None
Mapped name None to device cuda0: Tesla V100-PCIE-32GB (0000:86:00.0)
/scratch/work/groszt1/envs/theanoLM/lib/python3.7/site-packages/h5py-2.9.0-py3.7-linux-x86_64.egg/h5py/_hl/dataset.py:313: H5pyDeprecationWarning: dataset.value has been deprecated. Use dataset[()] instead.
  "Use dataset[()] instead.", H5pyDeprecationWarning)
/scratch/work/groszt1/envs/theanoLM/lib/python3.7/site-packages/h5py-2.9.0-py3.7-linux-x86_64.egg/h5py/_hl/dataset.py:313: H5pyDeprecationWarning: dataset.value has been deprecated. Use dataset[()] instead.
  "Use dataset[()] instead.", H5pyDeprecationWarning)
INFO (theano.gof.compilelock): Waiting for existing lock by process '56416' (I am process '56422')
2020-08-17 17:26:23,064 lock: Waiting for existing lock by process '56416' (I am process '56422')
INFO (theano.gof.compilelock): To manually release the lock, delete /tmp/theano/compiledir_Linux-3.10-el7.x86_64-x86_64-with-centos-7.8.2003-Core-x86_64-3.7.3-64/lock_dir
2020-08-17 17:26:23,064 lock: To manually release the lock, delete /tmp/theano/compiledir_Linux-3.10-el7.x86_64-x86_64-with-centos-7.8.2003-Core-x86_64-3.7.3-64/lock_dir
INFO (theano.gof.compilelock): Waiting for existing lock by process '56285' (I am process '56422')
2020-08-17 17:26:30,662 lock: Waiting for existing lock by process '56285' (I am process '56422')
INFO (theano.gof.compilelock): To manually release the lock, delete /tmp/theano/compiledir_Linux-3.10-el7.x86_64-x86_64-with-centos-7.8.2003-Core-x86_64-3.7.3-64/lock_dir
2020-08-17 17:26:30,662 lock: To manually release the lock, delete /tmp/theano/compiledir_Linux-3.10-el7.x86_64-x86_64-with-centos-7.8.2003-Core-x86_64-3.7.3-64/lock_dir
INFO (theano.gof.compilelock): Waiting for existing lock by process '56291' (I am process '56422')
2020-08-17 17:26:39,176 lock: Waiting for existing lock by process '56291' (I am process '56422')
INFO (theano.gof.compilelock): To manually release the lock, delete /tmp/theano/compiledir_Linux-3.10-el7.x86_64-x86_64-with-centos-7.8.2003-Core-x86_64-3.7.3-64/lock_dir
2020-08-17 17:26:39,176 lock: To manually release the lock, delete /tmp/theano/compiledir_Linux-3.10-el7.x86_64-x86_64-with-centos-7.8.2003-Core-x86_64-3.7.3-64/lock_dir
2020-08-17 17:26:49,774 __iter__: Reading lattice file `/tmp/55103548/lattices/dspf002_dsp2013_02.lat.gz´.
2020-08-17 17:26:49,926 decode: Utterance `dspf002_dsp2013_02´ -- 1 of job 21
2020-08-17 17:26:54,716 __iter__: Reading lattice file `/tmp/55103548/lattices/dspm038_dsp2013_16.lat.gz´.
2020-08-17 17:26:55,636 decode: Utterance `dspm038_dsp2013_16´ -- 2 of job 21
2020-08-17 17:27:29,125 __iter__: Reading lattice file `/tmp/55103548/lattices/radioerkka_puhujainkulma20120930_99.lat.gz´.
2020-08-17 17:27:29,193 decode: Utterance `radioerkka_puhujainkulma20120930_99´ -- 3 of job 21
2020-08-17 17:27:30,936 __iter__: Reading lattice file `/tmp/55103548/lattices/radioporni_puhujainkulma20120909_36.lat.gz´.
2020-08-17 17:27:32,752 decode: Utterance `radioporni_puhujainkulma20120909_36´ -- 4 of job 21
2020-08-17 17:28:31,291 __iter__: Reading lattice file `/tmp/55103548/lattices/radioruudolf_aamushow20120720_84.lat.gz´.
2020-08-17 17:28:31,561 decode: Utterance `radioruudolf_aamushow20120720_84´ -- 5 of job 21
decode_theanolm finished.
/tmp/55103548/lattices
floatX=float32,device=cuda0,base_compiledir=/tmp/theano,exception_verbosity=high,openmp=False
/scratch/work/groszt1/envs/theanoLM/lib/python3.7/site-packages/theano/gpuarray/dnn.py:184: UserWarning: Your cuDNN version is more recent than Theano. If you encounter problems, try updating Theano or downgrading cuDNN to a version >= v5 and <= v7.
  warnings.warn("Your cuDNN version is more recent than "
Using cuDNN version 7600 on context None
Mapped name None to device cuda0: Tesla V100-PCIE-32GB (0000:86:00.0)
TheanoLM 1.3.2
Theano 1.0.4
pygpu 0.7.6
==
+ srun --gres=gpu:1 theanolm decode /scratch/work/moisioa3/conv_lm/experiments/theanolm-morph-42k/expt2-sampled/nnlm.h5 --lattice-list /tmp/55103548/lattices/lattice-list --output-file /scratch/work/moisioa3/conv_lm/experiments/theanolm-morph-42k/expt2-sampled/decode/eval/lambda=1.0-lms=10/21.trn --output trn --nnlm-weight 1.0 --lm-scale 10 --max-tokens-per-node 62 --beam 650 --recombination-order 22 --num-jobs 128 --job 21 --unk-penalty=-20
2020-08-17 17:29:01,813 get_default_device: Context None device="Tesla V100-PCIE-32GB" ID="0000:86:00.0"
2020-08-17 17:29:01,814 from_file: Reading vocabulary from network state.
2020-08-17 17:29:02,025 from_file: Number of words in vocabulary: 42699
2020-08-17 17:29:02,026 from_file: Number of words in shortlist: 42699
2020-08-17 17:29:02,026 from_file: Number of word classes: 42699
2020-08-17 17:29:02,026 from_file: Building neural network.
2020-08-17 17:29:30,369 from_file: Restoring neural network state.
2020-08-17 17:29:30,729 decode: Building word lattice decoder.
2020-08-17 17:29:34,779 __iter__: Reading lattice file `/tmp/55103548/lattices/dspf002_dsp2013_02.lat.gz´.
2020-08-17 17:29:34,926 decode: Utterance `dspf002_dsp2013_02´ -- 1 of job 21
2020-08-17 17:29:39,223 __iter__: Reading lattice file `/tmp/55103548/lattices/dspm038_dsp2013_16.lat.gz´.
2020-08-17 17:29:40,104 decode: Utterance `dspm038_dsp2013_16´ -- 2 of job 21
2020-08-17 17:30:09,470 __iter__: Reading lattice file `/tmp/55103548/lattices/radioerkka_puhujainkulma20120930_99.lat.gz´.
2020-08-17 17:30:09,535 decode: Utterance `radioerkka_puhujainkulma20120930_99´ -- 3 of job 21
2020-08-17 17:30:11,214 __iter__: Reading lattice file `/tmp/55103548/lattices/radioporni_puhujainkulma20120909_36.lat.gz´.
2020-08-17 17:30:12,928 decode: Utterance `radioporni_puhujainkulma20120909_36´ -- 4 of job 21
2020-08-17 17:31:06,167 __iter__: Reading lattice file `/tmp/55103548/lattices/radioruudolf_aamushow20120720_84.lat.gz´.
2020-08-17 17:31:06,422 decode: Utterance `radioruudolf_aamushow20120720_84´ -- 5 of job 21
/scratch/work/groszt1/envs/theanoLM/lib/python3.7/site-packages/theano/gpuarray/dnn.py:184: UserWarning: Your cuDNN version is more recent than Theano. If you encounter problems, try updating Theano or downgrading cuDNN to a version >= v5 and <= v7.
  warnings.warn("Your cuDNN version is more recent than "
Using cuDNN version 7600 on context None
Mapped name None to device cuda0: Tesla V100-PCIE-32GB (0000:86:00.0)
/scratch/work/groszt1/envs/theanoLM/lib/python3.7/site-packages/h5py-2.9.0-py3.7-linux-x86_64.egg/h5py/_hl/dataset.py:313: H5pyDeprecationWarning: dataset.value has been deprecated. Use dataset[()] instead.
  "Use dataset[()] instead.", H5pyDeprecationWarning)
/scratch/work/groszt1/envs/theanoLM/lib/python3.7/site-packages/h5py-2.9.0-py3.7-linux-x86_64.egg/h5py/_hl/dataset.py:313: H5pyDeprecationWarning: dataset.value has been deprecated. Use dataset[()] instead.
  "Use dataset[()] instead.", H5pyDeprecationWarning)
decode_theanolm finished.
decode eval finished.
