Experiment: theanolm-morph-42k/expt2-sampled
Job ID: 55103530
Task ID: 3
Host: gpu33.int.triton.aalto.fi
Start date: Mon Aug 17 17:24:44 EEST 2020
Work directory: /scratch/work/moisioa3/conv_lm/experiments/theanolm-morph-42k/expt2-sampled
Temporary directory: /tmp/55103530

Currently Loaded Modules:
  1) speech-scripts/2016.05.24-b928230   6) binutils/2.25-GCCcore-5.4.0
  2) srilm/default                       7) GCC/5.4.0-2.25
  3) cuda/10.0.130                       8) libgpuarray/2017.03.29-45c731f
  4) cudnn/7.4.2-cuda                    9) anaconda3/latest
  5) GCCcore/5.4.0

 

/tmp/55103530/lattices
floatX=float32,device=cuda0,base_compiledir=/tmp/theano,exception_verbosity=high,openmp=False
/scratch/work/groszt1/envs/theanoLM/lib/python3.7/site-packages/theano/gpuarray/dnn.py:184: UserWarning: Your cuDNN version is more recent than Theano. If you encounter problems, try updating Theano or downgrading cuDNN to a version >= v5 and <= v7.
  warnings.warn("Your cuDNN version is more recent than "
Using cuDNN version 7600 on context None
Mapped name None to device cuda0: Tesla V100-PCIE-32GB (0000:AF:00.0)
TheanoLM 1.3.2
Theano 1.0.4
pygpu 0.7.6
==
+ srun --gres=gpu:1 theanolm decode /scratch/work/moisioa3/conv_lm/experiments/theanolm-morph-42k/expt2-sampled/nnlm.h5 --lattice-list /tmp/55103530/lattices/lattice-list --output-file /scratch/work/moisioa3/conv_lm/experiments/theanolm-morph-42k/expt2-sampled/decode/eval/lambda=0.5-lms=10/3.trn --output trn --nnlm-weight 0.5 --lm-scale 10 --max-tokens-per-node 62 --beam 650 --recombination-order 22 --num-jobs 128 --job 3 --unk-penalty=-20
2020-08-17 17:25:36,028 get_default_device: Context None device="Tesla V100-PCIE-32GB" ID="0000:AF:00.0"
2020-08-17 17:25:36,029 from_file: Reading vocabulary from network state.
2020-08-17 17:25:36,241 from_file: Number of words in vocabulary: 42699
2020-08-17 17:25:36,241 from_file: Number of words in shortlist: 42699
2020-08-17 17:25:36,241 from_file: Number of word classes: 42699
2020-08-17 17:25:36,241 from_file: Building neural network.
2020-08-17 17:26:13,065 from_file: Restoring neural network state.
2020-08-17 17:26:13,450 decode: Building word lattice decoder.
2020-08-17 17:26:25,488 __iter__: Reading lattice file `/tmp/55103530/lattices/dspf001_dsp2013_04.lat.gz´.
2020-08-17 17:26:25,621 decode: Utterance `dspf001_dsp2013_04´ -- 1 of job 3
2020-08-17 17:26:30,950 __iter__: Reading lattice file `/tmp/55103530/lattices/dspm030_dsp2013_1723.lat.gz´.
2020-08-17 17:26:31,019 decode: Utterance `dspm030_dsp2013_1723´ -- 2 of job 3
2020-08-17 17:26:32,636 __iter__: Reading lattice file `/tmp/55103530/lattices/radioerkka_puhujainkulma20120930_47.lat.gz´.
2020-08-17 17:26:32,749 decode: Utterance `radioerkka_puhujainkulma20120930_47´ -- 3 of job 3
2020-08-17 17:26:35,373 __iter__: Reading lattice file `/tmp/55103530/lattices/radiokatupaimen_aamushow20120720_87.lat.gz´.
2020-08-17 17:26:35,448 decode: Utterance `radiokatupaimen_aamushow20120720_87´ -- 4 of job 3
2020-08-17 17:26:37,311 __iter__: Reading lattice file `/tmp/55103530/lattices/radioruudolf_aamushow20120720_28.lat.gz´.
2020-08-17 17:26:37,538 decode: Utterance `radioruudolf_aamushow20120720_28´ -- 5 of job 3
/scratch/work/groszt1/envs/theanoLM/lib/python3.7/site-packages/theano/gpuarray/dnn.py:184: UserWarning: Your cuDNN version is more recent than Theano. If you encounter problems, try updating Theano or downgrading cuDNN to a version >= v5 and <= v7.
  warnings.warn("Your cuDNN version is more recent than "
Using cuDNN version 7600 on context None
Mapped name None to device cuda0: Tesla V100-PCIE-32GB (0000:AF:00.0)
/scratch/work/groszt1/envs/theanoLM/lib/python3.7/site-packages/h5py-2.9.0-py3.7-linux-x86_64.egg/h5py/_hl/dataset.py:313: H5pyDeprecationWarning: dataset.value has been deprecated. Use dataset[()] instead.
  "Use dataset[()] instead.", H5pyDeprecationWarning)
/scratch/work/groszt1/envs/theanoLM/lib/python3.7/site-packages/h5py-2.9.0-py3.7-linux-x86_64.egg/h5py/_hl/dataset.py:313: H5pyDeprecationWarning: dataset.value has been deprecated. Use dataset[()] instead.
  "Use dataset[()] instead.", H5pyDeprecationWarning)
decode_theanolm finished.
/tmp/55103530/lattices
floatX=float32,device=cuda0,base_compiledir=/tmp/theano,exception_verbosity=high,openmp=False
/scratch/work/groszt1/envs/theanoLM/lib/python3.7/site-packages/theano/gpuarray/dnn.py:184: UserWarning: Your cuDNN version is more recent than Theano. If you encounter problems, try updating Theano or downgrading cuDNN to a version >= v5 and <= v7.
  warnings.warn("Your cuDNN version is more recent than "
Using cuDNN version 7600 on context None
Mapped name None to device cuda0: Tesla V100-PCIE-32GB (0000:AF:00.0)
TheanoLM 1.3.2
Theano 1.0.4
pygpu 0.7.6
==
+ srun --gres=gpu:1 theanolm decode /scratch/work/moisioa3/conv_lm/experiments/theanolm-morph-42k/expt2-sampled/nnlm.h5 --lattice-list /tmp/55103530/lattices/lattice-list --output-file /scratch/work/moisioa3/conv_lm/experiments/theanolm-morph-42k/expt2-sampled/decode/eval/lambda=1.0-lms=10/3.trn --output trn --nnlm-weight 1.0 --lm-scale 10 --max-tokens-per-node 62 --beam 650 --recombination-order 22 --num-jobs 128 --job 3 --unk-penalty=-20
2020-08-17 17:26:53,830 get_default_device: Context None device="Tesla V100-PCIE-32GB" ID="0000:AF:00.0"
2020-08-17 17:26:53,833 from_file: Reading vocabulary from network state.
2020-08-17 17:26:54,042 from_file: Number of words in vocabulary: 42699
2020-08-17 17:26:54,042 from_file: Number of words in shortlist: 42699
2020-08-17 17:26:54,043 from_file: Number of word classes: 42699
2020-08-17 17:26:54,043 from_file: Building neural network.
2020-08-17 17:27:22,473 from_file: Restoring neural network state.
2020-08-17 17:27:22,854 decode: Building word lattice decoder.
2020-08-17 17:27:26,842 __iter__: Reading lattice file `/tmp/55103530/lattices/dspf001_dsp2013_04.lat.gz´.
2020-08-17 17:27:26,975 decode: Utterance `dspf001_dsp2013_04´ -- 1 of job 3
2020-08-17 17:27:31,272 __iter__: Reading lattice file `/tmp/55103530/lattices/dspm030_dsp2013_1723.lat.gz´.
2020-08-17 17:27:31,342 decode: Utterance `dspm030_dsp2013_1723´ -- 2 of job 3
2020-08-17 17:27:32,957 __iter__: Reading lattice file `/tmp/55103530/lattices/radioerkka_puhujainkulma20120930_47.lat.gz´.
2020-08-17 17:27:33,072 decode: Utterance `radioerkka_puhujainkulma20120930_47´ -- 3 of job 3
2020-08-17 17:27:35,438 __iter__: Reading lattice file `/tmp/55103530/lattices/radiokatupaimen_aamushow20120720_87.lat.gz´.
2020-08-17 17:27:35,513 decode: Utterance `radiokatupaimen_aamushow20120720_87´ -- 4 of job 3
2020-08-17 17:27:37,282 __iter__: Reading lattice file `/tmp/55103530/lattices/radioruudolf_aamushow20120720_28.lat.gz´.
2020-08-17 17:27:37,514 decode: Utterance `radioruudolf_aamushow20120720_28´ -- 5 of job 3
/scratch/work/groszt1/envs/theanoLM/lib/python3.7/site-packages/theano/gpuarray/dnn.py:184: UserWarning: Your cuDNN version is more recent than Theano. If you encounter problems, try updating Theano or downgrading cuDNN to a version >= v5 and <= v7.
  warnings.warn("Your cuDNN version is more recent than "
Using cuDNN version 7600 on context None
Mapped name None to device cuda0: Tesla V100-PCIE-32GB (0000:AF:00.0)
/scratch/work/groszt1/envs/theanoLM/lib/python3.7/site-packages/h5py-2.9.0-py3.7-linux-x86_64.egg/h5py/_hl/dataset.py:313: H5pyDeprecationWarning: dataset.value has been deprecated. Use dataset[()] instead.
  "Use dataset[()] instead.", H5pyDeprecationWarning)
/scratch/work/groszt1/envs/theanoLM/lib/python3.7/site-packages/h5py-2.9.0-py3.7-linux-x86_64.egg/h5py/_hl/dataset.py:313: H5pyDeprecationWarning: dataset.value has been deprecated. Use dataset[()] instead.
  "Use dataset[()] instead.", H5pyDeprecationWarning)
decode_theanolm finished.
decode eval finished.
