Experiment: theanolm-morph-42k/expt2-sampled
Job ID: 55088646
Task ID: 95
Host: gpu24.int.triton.aalto.fi
Start date: Sat Aug 15 10:29:33 EEST 2020
Work directory: /scratch/work/moisioa3/conv_lm/experiments/theanolm-morph-42k/expt2-sampled
Temporary directory: /tmp/55088646

Currently Loaded Modules:
  1) speech-scripts/2016.05.24-b928230   6) binutils/2.25-GCCcore-5.4.0
  2) srilm/default                       7) GCC/5.4.0-2.25
  3) cuda/10.0.130                       8) libgpuarray/2017.03.29-45c731f
  4) cudnn/7.4.2-cuda                    9) anaconda3/latest
  5) GCCcore/5.4.0

 

/tmp/55088646/lattices
floatX=float32,device=cuda0,base_compiledir=/tmp/theano,exception_verbosity=high,openmp=False
/scratch/work/groszt1/envs/theanoLM/lib/python3.7/site-packages/theano/gpuarray/dnn.py:184: UserWarning: Your cuDNN version is more recent than Theano. If you encounter problems, try updating Theano or downgrading cuDNN to a version >= v5 and <= v7.
  warnings.warn("Your cuDNN version is more recent than "
Using cuDNN version 7600 on context None
Mapped name None to device cuda0: Tesla P100-PCIE-16GB (0000:03:00.0)
TheanoLM 1.3.2
Theano 1.0.4
pygpu 0.7.6
==
+ srun --gres=gpu:1 theanolm decode /scratch/work/moisioa3/conv_lm/experiments/theanolm-morph-42k/expt2-sampled/nnlm.h5 --lattice-list /tmp/55088646/lattices/lattice-list --output-file /scratch/work/moisioa3/conv_lm/experiments/theanolm-morph-42k/expt2-sampled/decode/devel/lambda=0.5-lms=8/95.trn --output trn --nnlm-weight 0.5 --lm-scale 8 --max-tokens-per-node 62 --beam 650 --recombination-order 22 --num-jobs 128 --job 95 --unk-penalty=-20
2020-08-15 10:29:45,414 get_default_device: Context None device="Tesla P100-PCIE-16GB" ID="0000:03:00.0"
2020-08-15 10:29:45,415 from_file: Reading vocabulary from network state.
2020-08-15 10:29:45,685 from_file: Number of words in vocabulary: 42699
2020-08-15 10:29:45,685 from_file: Number of words in shortlist: 42699
2020-08-15 10:29:45,685 from_file: Number of word classes: 42699
2020-08-15 10:29:45,685 from_file: Building neural network.
2020-08-15 10:30:27,411 from_file: Restoring neural network state.
2020-08-15 10:30:27,772 decode: Building word lattice decoder.
2020-08-15 10:30:32,974 __iter__: Reading lattice file `/tmp/55088646/lattices/dspm005_dsp2013_16.lat.gz´.
2020-08-15 10:30:33,228 decode: Utterance `dspm005_dsp2013_16´ -- 1 of job 95
2020-08-15 10:30:37,446 __iter__: Reading lattice file `/tmp/55088646/lattices/dspm015_dsp2013_10.lat.gz´.
2020-08-15 10:30:37,629 decode: Utterance `dspm015_dsp2013_10´ -- 2 of job 95
2020-08-15 10:30:41,874 __iter__: Reading lattice file `/tmp/55088646/lattices/dspm022_dsp2013_29.lat.gz´.
2020-08-15 10:30:43,727 decode: Utterance `dspm022_dsp2013_29´ -- 3 of job 95
2020-08-15 10:31:27,451 __iter__: Reading lattice file `/tmp/55088646/lattices/dspm032_dsp2013_17.lat.gz´.
2020-08-15 10:31:27,502 decode: Utterance `dspm032_dsp2013_17´ -- 4 of job 95
2020-08-15 10:31:28,547 __iter__: Reading lattice file `/tmp/55088646/lattices/dspm042_dsp2013_19.lat.gz´.
2020-08-15 10:31:28,796 decode: Utterance `dspm042_dsp2013_19´ -- 5 of job 95
2020-08-15 10:31:33,907 __iter__: Reading lattice file `/tmp/55088646/lattices/dspm050_dsp2013_29.lat.gz´.
2020-08-15 10:31:34,017 decode: Utterance `dspm050_dsp2013_29´ -- 6 of job 95
2020-08-15 10:31:35,240 __iter__: Reading lattice file `/tmp/55088646/lattices/radioanne_fym20071218_10.lat.gz´.
2020-08-15 10:31:35,282 decode: Utterance `radioanne_fym20071218_10´ -- 7 of job 95
/scratch/work/groszt1/envs/theanoLM/lib/python3.7/site-packages/theano/gpuarray/dnn.py:184: UserWarning: Your cuDNN version is more recent than Theano. If you encounter problems, try updating Theano or downgrading cuDNN to a version >= v5 and <= v7.
  warnings.warn("Your cuDNN version is more recent than "
Using cuDNN version 7600 on context None
Mapped name None to device cuda0: Tesla P100-PCIE-16GB (0000:03:00.0)
/scratch/work/groszt1/envs/theanoLM/lib/python3.7/site-packages/h5py-2.9.0-py3.7-linux-x86_64.egg/h5py/_hl/dataset.py:313: H5pyDeprecationWarning: dataset.value has been deprecated. Use dataset[()] instead.
  "Use dataset[()] instead.", H5pyDeprecationWarning)
/scratch/work/groszt1/envs/theanoLM/lib/python3.7/site-packages/h5py-2.9.0-py3.7-linux-x86_64.egg/h5py/_hl/dataset.py:313: H5pyDeprecationWarning: dataset.value has been deprecated. Use dataset[()] instead.
  "Use dataset[()] instead.", H5pyDeprecationWarning)
decode_theanolm finished.
/tmp/55088646/lattices
floatX=float32,device=cuda0,base_compiledir=/tmp/theano,exception_verbosity=high,openmp=False
/scratch/work/groszt1/envs/theanoLM/lib/python3.7/site-packages/theano/gpuarray/dnn.py:184: UserWarning: Your cuDNN version is more recent than Theano. If you encounter problems, try updating Theano or downgrading cuDNN to a version >= v5 and <= v7.
  warnings.warn("Your cuDNN version is more recent than "
Using cuDNN version 7600 on context None
Mapped name None to device cuda0: Tesla P100-PCIE-16GB (0000:03:00.0)
TheanoLM 1.3.2
Theano 1.0.4
pygpu 0.7.6
==
+ srun --gres=gpu:1 theanolm decode /scratch/work/moisioa3/conv_lm/experiments/theanolm-morph-42k/expt2-sampled/nnlm.h5 --lattice-list /tmp/55088646/lattices/lattice-list --output-file /scratch/work/moisioa3/conv_lm/experiments/theanolm-morph-42k/expt2-sampled/decode/devel/lambda=0.5-lms=9/95.trn --output trn --nnlm-weight 0.5 --lm-scale 9 --max-tokens-per-node 62 --beam 650 --recombination-order 22 --num-jobs 128 --job 95 --unk-penalty=-20
2020-08-15 10:31:43,267 get_default_device: Context None device="Tesla P100-PCIE-16GB" ID="0000:03:00.0"
2020-08-15 10:31:43,268 from_file: Reading vocabulary from network state.
2020-08-15 10:31:43,522 from_file: Number of words in vocabulary: 42699
2020-08-15 10:31:43,523 from_file: Number of words in shortlist: 42699
2020-08-15 10:31:43,523 from_file: Number of word classes: 42699
2020-08-15 10:31:43,523 from_file: Building neural network.
2020-08-15 10:32:27,721 from_file: Restoring neural network state.
2020-08-15 10:32:28,092 decode: Building word lattice decoder.
2020-08-15 10:32:33,976 __iter__: Reading lattice file `/tmp/55088646/lattices/dspm005_dsp2013_16.lat.gz´.
2020-08-15 10:32:34,251 decode: Utterance `dspm005_dsp2013_16´ -- 1 of job 95
2020-08-15 10:32:39,068 __iter__: Reading lattice file `/tmp/55088646/lattices/dspm015_dsp2013_10.lat.gz´.
2020-08-15 10:32:39,255 decode: Utterance `dspm015_dsp2013_10´ -- 2 of job 95
2020-08-15 10:32:44,012 __iter__: Reading lattice file `/tmp/55088646/lattices/dspm022_dsp2013_29.lat.gz´.
2020-08-15 10:32:45,798 decode: Utterance `dspm022_dsp2013_29´ -- 3 of job 95
2020-08-15 10:33:31,042 __iter__: Reading lattice file `/tmp/55088646/lattices/dspm032_dsp2013_17.lat.gz´.
2020-08-15 10:33:31,092 decode: Utterance `dspm032_dsp2013_17´ -- 4 of job 95
2020-08-15 10:33:32,138 __iter__: Reading lattice file `/tmp/55088646/lattices/dspm042_dsp2013_19.lat.gz´.
2020-08-15 10:33:32,377 decode: Utterance `dspm042_dsp2013_19´ -- 5 of job 95
2020-08-15 10:33:37,552 __iter__: Reading lattice file `/tmp/55088646/lattices/dspm050_dsp2013_29.lat.gz´.
2020-08-15 10:33:37,663 decode: Utterance `dspm050_dsp2013_29´ -- 6 of job 95
2020-08-15 10:33:38,908 __iter__: Reading lattice file `/tmp/55088646/lattices/radioanne_fym20071218_10.lat.gz´.
2020-08-15 10:33:38,948 decode: Utterance `radioanne_fym20071218_10´ -- 7 of job 95
/scratch/work/groszt1/envs/theanoLM/lib/python3.7/site-packages/theano/gpuarray/dnn.py:184: UserWarning: Your cuDNN version is more recent than Theano. If you encounter problems, try updating Theano or downgrading cuDNN to a version >= v5 and <= v7.
  warnings.warn("Your cuDNN version is more recent than "
Using cuDNN version 7600 on context None
Mapped name None to device cuda0: Tesla P100-PCIE-16GB (0000:03:00.0)
/scratch/work/groszt1/envs/theanoLM/lib/python3.7/site-packages/h5py-2.9.0-py3.7-linux-x86_64.egg/h5py/_hl/dataset.py:313: H5pyDeprecationWarning: dataset.value has been deprecated. Use dataset[()] instead.
  "Use dataset[()] instead.", H5pyDeprecationWarning)
/scratch/work/groszt1/envs/theanoLM/lib/python3.7/site-packages/h5py-2.9.0-py3.7-linux-x86_64.egg/h5py/_hl/dataset.py:313: H5pyDeprecationWarning: dataset.value has been deprecated. Use dataset[()] instead.
  "Use dataset[()] instead.", H5pyDeprecationWarning)
decode_theanolm finished.
/tmp/55088646/lattices
floatX=float32,device=cuda0,base_compiledir=/tmp/theano,exception_verbosity=high,openmp=False
/scratch/work/groszt1/envs/theanoLM/lib/python3.7/site-packages/theano/gpuarray/dnn.py:184: UserWarning: Your cuDNN version is more recent than Theano. If you encounter problems, try updating Theano or downgrading cuDNN to a version >= v5 and <= v7.
  warnings.warn("Your cuDNN version is more recent than "
Using cuDNN version 7600 on context None
Mapped name None to device cuda0: Tesla P100-PCIE-16GB (0000:03:00.0)
TheanoLM 1.3.2
Theano 1.0.4
pygpu 0.7.6
==
+ srun --gres=gpu:1 theanolm decode /scratch/work/moisioa3/conv_lm/experiments/theanolm-morph-42k/expt2-sampled/nnlm.h5 --lattice-list /tmp/55088646/lattices/lattice-list --output-file /scratch/work/moisioa3/conv_lm/experiments/theanolm-morph-42k/expt2-sampled/decode/devel/lambda=0.5-lms=10/95.trn --output trn --nnlm-weight 0.5 --lm-scale 10 --max-tokens-per-node 62 --beam 650 --recombination-order 22 --num-jobs 128 --job 95 --unk-penalty=-20
2020-08-15 10:33:47,217 get_default_device: Context None device="Tesla P100-PCIE-16GB" ID="0000:03:00.0"
2020-08-15 10:33:47,218 from_file: Reading vocabulary from network state.
2020-08-15 10:33:47,478 from_file: Number of words in vocabulary: 42699
2020-08-15 10:33:47,479 from_file: Number of words in shortlist: 42699
2020-08-15 10:33:47,479 from_file: Number of word classes: 42699
2020-08-15 10:33:47,479 from_file: Building neural network.
2020-08-15 10:34:30,201 from_file: Restoring neural network state.
2020-08-15 10:34:30,551 decode: Building word lattice decoder.
2020-08-15 10:34:44,682 __iter__: Reading lattice file `/tmp/55088646/lattices/dspm005_dsp2013_16.lat.gz´.
2020-08-15 10:34:44,953 decode: Utterance `dspm005_dsp2013_16´ -- 1 of job 95
2020-08-15 10:34:49,934 __iter__: Reading lattice file `/tmp/55088646/lattices/dspm015_dsp2013_10.lat.gz´.
2020-08-15 10:34:50,124 decode: Utterance `dspm015_dsp2013_10´ -- 2 of job 95
2020-08-15 10:34:54,802 __iter__: Reading lattice file `/tmp/55088646/lattices/dspm022_dsp2013_29.lat.gz´.
2020-08-15 10:34:56,701 decode: Utterance `dspm022_dsp2013_29´ -- 3 of job 95
2020-08-15 10:35:43,288 __iter__: Reading lattice file `/tmp/55088646/lattices/dspm032_dsp2013_17.lat.gz´.
2020-08-15 10:35:43,339 decode: Utterance `dspm032_dsp2013_17´ -- 4 of job 95
2020-08-15 10:35:44,388 __iter__: Reading lattice file `/tmp/55088646/lattices/dspm042_dsp2013_19.lat.gz´.
2020-08-15 10:35:44,631 decode: Utterance `dspm042_dsp2013_19´ -- 5 of job 95
2020-08-15 10:35:49,852 __iter__: Reading lattice file `/tmp/55088646/lattices/dspm050_dsp2013_29.lat.gz´.
2020-08-15 10:35:49,964 decode: Utterance `dspm050_dsp2013_29´ -- 6 of job 95
2020-08-15 10:35:51,245 __iter__: Reading lattice file `/tmp/55088646/lattices/radioanne_fym20071218_10.lat.gz´.
2020-08-15 10:35:51,287 decode: Utterance `radioanne_fym20071218_10´ -- 7 of job 95
/scratch/work/groszt1/envs/theanoLM/lib/python3.7/site-packages/theano/gpuarray/dnn.py:184: UserWarning: Your cuDNN version is more recent than Theano. If you encounter problems, try updating Theano or downgrading cuDNN to a version >= v5 and <= v7.
  warnings.warn("Your cuDNN version is more recent than "
Using cuDNN version 7600 on context None
Mapped name None to device cuda0: Tesla P100-PCIE-16GB (0000:03:00.0)
/scratch/work/groszt1/envs/theanoLM/lib/python3.7/site-packages/h5py-2.9.0-py3.7-linux-x86_64.egg/h5py/_hl/dataset.py:313: H5pyDeprecationWarning: dataset.value has been deprecated. Use dataset[()] instead.
  "Use dataset[()] instead.", H5pyDeprecationWarning)
/scratch/work/groszt1/envs/theanoLM/lib/python3.7/site-packages/h5py-2.9.0-py3.7-linux-x86_64.egg/h5py/_hl/dataset.py:313: H5pyDeprecationWarning: dataset.value has been deprecated. Use dataset[()] instead.
  "Use dataset[()] instead.", H5pyDeprecationWarning)
decode_theanolm finished.
/tmp/55088646/lattices
floatX=float32,device=cuda0,base_compiledir=/tmp/theano,exception_verbosity=high,openmp=False
/scratch/work/groszt1/envs/theanoLM/lib/python3.7/site-packages/theano/gpuarray/dnn.py:184: UserWarning: Your cuDNN version is more recent than Theano. If you encounter problems, try updating Theano or downgrading cuDNN to a version >= v5 and <= v7.
  warnings.warn("Your cuDNN version is more recent than "
Using cuDNN version 7600 on context None
Mapped name None to device cuda0: Tesla P100-PCIE-16GB (0000:03:00.0)
TheanoLM 1.3.2
Theano 1.0.4
pygpu 0.7.6
==
+ srun --gres=gpu:1 theanolm decode /scratch/work/moisioa3/conv_lm/experiments/theanolm-morph-42k/expt2-sampled/nnlm.h5 --lattice-list /tmp/55088646/lattices/lattice-list --output-file /scratch/work/moisioa3/conv_lm/experiments/theanolm-morph-42k/expt2-sampled/decode/devel/lambda=0.5-lms=11/95.trn --output trn --nnlm-weight 0.5 --lm-scale 11 --max-tokens-per-node 62 --beam 650 --recombination-order 22 --num-jobs 128 --job 95 --unk-penalty=-20
2020-08-15 10:35:59,833 get_default_device: Context None device="Tesla P100-PCIE-16GB" ID="0000:03:00.0"
2020-08-15 10:35:59,834 from_file: Reading vocabulary from network state.
2020-08-15 10:36:00,101 from_file: Number of words in vocabulary: 42699
2020-08-15 10:36:00,101 from_file: Number of words in shortlist: 42699
2020-08-15 10:36:00,101 from_file: Number of word classes: 42699
2020-08-15 10:36:00,101 from_file: Building neural network.
2020-08-15 10:36:44,536 from_file: Restoring neural network state.
2020-08-15 10:36:44,904 decode: Building word lattice decoder.
2020-08-15 10:36:50,549 __iter__: Reading lattice file `/tmp/55088646/lattices/dspm005_dsp2013_16.lat.gz´.
2020-08-15 10:36:50,824 decode: Utterance `dspm005_dsp2013_16´ -- 1 of job 95
2020-08-15 10:36:55,276 __iter__: Reading lattice file `/tmp/55088646/lattices/dspm015_dsp2013_10.lat.gz´.
2020-08-15 10:36:55,443 decode: Utterance `dspm015_dsp2013_10´ -- 2 of job 95
2020-08-15 10:36:59,716 __iter__: Reading lattice file `/tmp/55088646/lattices/dspm022_dsp2013_29.lat.gz´.
2020-08-15 10:37:01,497 decode: Utterance `dspm022_dsp2013_29´ -- 3 of job 95
2020-08-15 10:37:49,120 __iter__: Reading lattice file `/tmp/55088646/lattices/dspm032_dsp2013_17.lat.gz´.
2020-08-15 10:37:49,171 decode: Utterance `dspm032_dsp2013_17´ -- 4 of job 95
2020-08-15 10:37:50,211 __iter__: Reading lattice file `/tmp/55088646/lattices/dspm042_dsp2013_19.lat.gz´.
2020-08-15 10:37:50,443 decode: Utterance `dspm042_dsp2013_19´ -- 5 of job 95
2020-08-15 10:37:55,661 __iter__: Reading lattice file `/tmp/55088646/lattices/dspm050_dsp2013_29.lat.gz´.
2020-08-15 10:37:55,773 decode: Utterance `dspm050_dsp2013_29´ -- 6 of job 95
2020-08-15 10:37:57,044 __iter__: Reading lattice file `/tmp/55088646/lattices/radioanne_fym20071218_10.lat.gz´.
2020-08-15 10:37:57,085 decode: Utterance `radioanne_fym20071218_10´ -- 7 of job 95
/scratch/work/groszt1/envs/theanoLM/lib/python3.7/site-packages/theano/gpuarray/dnn.py:184: UserWarning: Your cuDNN version is more recent than Theano. If you encounter problems, try updating Theano or downgrading cuDNN to a version >= v5 and <= v7.
  warnings.warn("Your cuDNN version is more recent than "
Using cuDNN version 7600 on context None
Mapped name None to device cuda0: Tesla P100-PCIE-16GB (0000:03:00.0)
/scratch/work/groszt1/envs/theanoLM/lib/python3.7/site-packages/h5py-2.9.0-py3.7-linux-x86_64.egg/h5py/_hl/dataset.py:313: H5pyDeprecationWarning: dataset.value has been deprecated. Use dataset[()] instead.
  "Use dataset[()] instead.", H5pyDeprecationWarning)
/scratch/work/groszt1/envs/theanoLM/lib/python3.7/site-packages/h5py-2.9.0-py3.7-linux-x86_64.egg/h5py/_hl/dataset.py:313: H5pyDeprecationWarning: dataset.value has been deprecated. Use dataset[()] instead.
  "Use dataset[()] instead.", H5pyDeprecationWarning)
decode_theanolm finished.
/tmp/55088646/lattices
floatX=float32,device=cuda0,base_compiledir=/tmp/theano,exception_verbosity=high,openmp=False
/scratch/work/groszt1/envs/theanoLM/lib/python3.7/site-packages/theano/gpuarray/dnn.py:184: UserWarning: Your cuDNN version is more recent than Theano. If you encounter problems, try updating Theano or downgrading cuDNN to a version >= v5 and <= v7.
  warnings.warn("Your cuDNN version is more recent than "
Using cuDNN version 7600 on context None
Mapped name None to device cuda0: Tesla P100-PCIE-16GB (0000:03:00.0)
TheanoLM 1.3.2
Theano 1.0.4
pygpu 0.7.6
==
+ srun --gres=gpu:1 theanolm decode /scratch/work/moisioa3/conv_lm/experiments/theanolm-morph-42k/expt2-sampled/nnlm.h5 --lattice-list /tmp/55088646/lattices/lattice-list --output-file /scratch/work/moisioa3/conv_lm/experiments/theanolm-morph-42k/expt2-sampled/decode/devel/lambda=0.5-lms=12/95.trn --output trn --nnlm-weight 0.5 --lm-scale 12 --max-tokens-per-node 62 --beam 650 --recombination-order 22 --num-jobs 128 --job 95 --unk-penalty=-20
2020-08-15 10:38:05,679 get_default_device: Context None device="Tesla P100-PCIE-16GB" ID="0000:03:00.0"
2020-08-15 10:38:05,680 from_file: Reading vocabulary from network state.
2020-08-15 10:38:05,948 from_file: Number of words in vocabulary: 42699
2020-08-15 10:38:05,949 from_file: Number of words in shortlist: 42699
2020-08-15 10:38:05,949 from_file: Number of word classes: 42699
2020-08-15 10:38:05,949 from_file: Building neural network.
2020-08-15 10:38:48,916 from_file: Restoring neural network state.
2020-08-15 10:38:49,272 decode: Building word lattice decoder.
2020-08-15 10:38:54,677 __iter__: Reading lattice file `/tmp/55088646/lattices/dspm005_dsp2013_16.lat.gz´.
2020-08-15 10:38:54,858 decode: Utterance `dspm005_dsp2013_16´ -- 1 of job 95
2020-08-15 10:38:59,233 __iter__: Reading lattice file `/tmp/55088646/lattices/dspm015_dsp2013_10.lat.gz´.
2020-08-15 10:38:59,413 decode: Utterance `dspm015_dsp2013_10´ -- 2 of job 95
2020-08-15 10:39:03,685 __iter__: Reading lattice file `/tmp/55088646/lattices/dspm022_dsp2013_29.lat.gz´.
2020-08-15 10:39:05,518 decode: Utterance `dspm022_dsp2013_29´ -- 3 of job 95
2020-08-15 10:39:52,689 __iter__: Reading lattice file `/tmp/55088646/lattices/dspm032_dsp2013_17.lat.gz´.
2020-08-15 10:39:52,741 decode: Utterance `dspm032_dsp2013_17´ -- 4 of job 95
2020-08-15 10:39:53,867 __iter__: Reading lattice file `/tmp/55088646/lattices/dspm042_dsp2013_19.lat.gz´.
2020-08-15 10:39:54,124 decode: Utterance `dspm042_dsp2013_19´ -- 5 of job 95
2020-08-15 10:39:59,589 __iter__: Reading lattice file `/tmp/55088646/lattices/dspm050_dsp2013_29.lat.gz´.
2020-08-15 10:39:59,706 decode: Utterance `dspm050_dsp2013_29´ -- 6 of job 95
2020-08-15 10:40:01,036 __iter__: Reading lattice file `/tmp/55088646/lattices/radioanne_fym20071218_10.lat.gz´.
2020-08-15 10:40:01,079 decode: Utterance `radioanne_fym20071218_10´ -- 7 of job 95
/scratch/work/groszt1/envs/theanoLM/lib/python3.7/site-packages/theano/gpuarray/dnn.py:184: UserWarning: Your cuDNN version is more recent than Theano. If you encounter problems, try updating Theano or downgrading cuDNN to a version >= v5 and <= v7.
  warnings.warn("Your cuDNN version is more recent than "
Using cuDNN version 7600 on context None
Mapped name None to device cuda0: Tesla P100-PCIE-16GB (0000:03:00.0)
/scratch/work/groszt1/envs/theanoLM/lib/python3.7/site-packages/h5py-2.9.0-py3.7-linux-x86_64.egg/h5py/_hl/dataset.py:313: H5pyDeprecationWarning: dataset.value has been deprecated. Use dataset[()] instead.
  "Use dataset[()] instead.", H5pyDeprecationWarning)
/scratch/work/groszt1/envs/theanoLM/lib/python3.7/site-packages/h5py-2.9.0-py3.7-linux-x86_64.egg/h5py/_hl/dataset.py:313: H5pyDeprecationWarning: dataset.value has been deprecated. Use dataset[()] instead.
  "Use dataset[()] instead.", H5pyDeprecationWarning)
decode_theanolm finished.
/tmp/55088646/lattices
floatX=float32,device=cuda0,base_compiledir=/tmp/theano,exception_verbosity=high,openmp=False
/scratch/work/groszt1/envs/theanoLM/lib/python3.7/site-packages/theano/gpuarray/dnn.py:184: UserWarning: Your cuDNN version is more recent than Theano. If you encounter problems, try updating Theano or downgrading cuDNN to a version >= v5 and <= v7.
  warnings.warn("Your cuDNN version is more recent than "
Using cuDNN version 7600 on context None
Mapped name None to device cuda0: Tesla P100-PCIE-16GB (0000:03:00.0)
TheanoLM 1.3.2
Theano 1.0.4
pygpu 0.7.6
==
+ srun --gres=gpu:1 theanolm decode /scratch/work/moisioa3/conv_lm/experiments/theanolm-morph-42k/expt2-sampled/nnlm.h5 --lattice-list /tmp/55088646/lattices/lattice-list --output-file /scratch/work/moisioa3/conv_lm/experiments/theanolm-morph-42k/expt2-sampled/decode/devel/lambda=1.0-lms=8/95.trn --output trn --nnlm-weight 1.0 --lm-scale 8 --max-tokens-per-node 62 --beam 650 --recombination-order 22 --num-jobs 128 --job 95 --unk-penalty=-20
2020-08-15 10:40:19,026 get_default_device: Context None device="Tesla P100-PCIE-16GB" ID="0000:03:00.0"
2020-08-15 10:40:19,027 from_file: Reading vocabulary from network state.
2020-08-15 10:40:19,289 from_file: Number of words in vocabulary: 42699
2020-08-15 10:40:19,289 from_file: Number of words in shortlist: 42699
2020-08-15 10:40:19,289 from_file: Number of word classes: 42699
2020-08-15 10:40:19,290 from_file: Building neural network.
2020-08-15 10:41:10,807 from_file: Restoring neural network state.
2020-08-15 10:41:11,130 decode: Building word lattice decoder.
2020-08-15 10:41:24,094 __iter__: Reading lattice file `/tmp/55088646/lattices/dspm005_dsp2013_16.lat.gz´.
2020-08-15 10:41:24,272 decode: Utterance `dspm005_dsp2013_16´ -- 1 of job 95
2020-08-15 10:41:28,368 __iter__: Reading lattice file `/tmp/55088646/lattices/dspm015_dsp2013_10.lat.gz´.
2020-08-15 10:41:28,549 decode: Utterance `dspm015_dsp2013_10´ -- 2 of job 95
2020-08-15 10:41:32,674 __iter__: Reading lattice file `/tmp/55088646/lattices/dspm022_dsp2013_29.lat.gz´.
2020-08-15 10:41:34,475 decode: Utterance `dspm022_dsp2013_29´ -- 3 of job 95
2020-08-15 10:42:21,833 __iter__: Reading lattice file `/tmp/55088646/lattices/dspm032_dsp2013_17.lat.gz´.
2020-08-15 10:42:21,883 decode: Utterance `dspm032_dsp2013_17´ -- 4 of job 95
2020-08-15 10:42:22,924 __iter__: Reading lattice file `/tmp/55088646/lattices/dspm042_dsp2013_19.lat.gz´.
2020-08-15 10:42:23,164 decode: Utterance `dspm042_dsp2013_19´ -- 5 of job 95
2020-08-15 10:42:28,219 __iter__: Reading lattice file `/tmp/55088646/lattices/dspm050_dsp2013_29.lat.gz´.
2020-08-15 10:42:28,331 decode: Utterance `dspm050_dsp2013_29´ -- 6 of job 95
2020-08-15 10:42:29,632 __iter__: Reading lattice file `/tmp/55088646/lattices/radioanne_fym20071218_10.lat.gz´.
2020-08-15 10:42:29,674 decode: Utterance `radioanne_fym20071218_10´ -- 7 of job 95
/scratch/work/groszt1/envs/theanoLM/lib/python3.7/site-packages/theano/gpuarray/dnn.py:184: UserWarning: Your cuDNN version is more recent than Theano. If you encounter problems, try updating Theano or downgrading cuDNN to a version >= v5 and <= v7.
  warnings.warn("Your cuDNN version is more recent than "
Using cuDNN version 7600 on context None
Mapped name None to device cuda0: Tesla P100-PCIE-16GB (0000:03:00.0)
/scratch/work/groszt1/envs/theanoLM/lib/python3.7/site-packages/h5py-2.9.0-py3.7-linux-x86_64.egg/h5py/_hl/dataset.py:313: H5pyDeprecationWarning: dataset.value has been deprecated. Use dataset[()] instead.
  "Use dataset[()] instead.", H5pyDeprecationWarning)
/scratch/work/groszt1/envs/theanoLM/lib/python3.7/site-packages/h5py-2.9.0-py3.7-linux-x86_64.egg/h5py/_hl/dataset.py:313: H5pyDeprecationWarning: dataset.value has been deprecated. Use dataset[()] instead.
  "Use dataset[()] instead.", H5pyDeprecationWarning)
decode_theanolm finished.
/tmp/55088646/lattices
floatX=float32,device=cuda0,base_compiledir=/tmp/theano,exception_verbosity=high,openmp=False
/scratch/work/groszt1/envs/theanoLM/lib/python3.7/site-packages/theano/gpuarray/dnn.py:184: UserWarning: Your cuDNN version is more recent than Theano. If you encounter problems, try updating Theano or downgrading cuDNN to a version >= v5 and <= v7.
  warnings.warn("Your cuDNN version is more recent than "
Using cuDNN version 7600 on context None
Mapped name None to device cuda0: Tesla P100-PCIE-16GB (0000:03:00.0)
TheanoLM 1.3.2
Theano 1.0.4
pygpu 0.7.6
==
+ srun --gres=gpu:1 theanolm decode /scratch/work/moisioa3/conv_lm/experiments/theanolm-morph-42k/expt2-sampled/nnlm.h5 --lattice-list /tmp/55088646/lattices/lattice-list --output-file /scratch/work/moisioa3/conv_lm/experiments/theanolm-morph-42k/expt2-sampled/decode/devel/lambda=1.0-lms=9/95.trn --output trn --nnlm-weight 1.0 --lm-scale 9 --max-tokens-per-node 62 --beam 650 --recombination-order 22 --num-jobs 128 --job 95 --unk-penalty=-20
2020-08-15 10:42:47,574 get_default_device: Context None device="Tesla P100-PCIE-16GB" ID="0000:03:00.0"
2020-08-15 10:42:47,575 from_file: Reading vocabulary from network state.
2020-08-15 10:42:47,849 from_file: Number of words in vocabulary: 42699
2020-08-15 10:42:47,849 from_file: Number of words in shortlist: 42699
2020-08-15 10:42:47,849 from_file: Number of word classes: 42699
2020-08-15 10:42:47,849 from_file: Building neural network.
2020-08-15 10:43:30,794 from_file: Restoring neural network state.
2020-08-15 10:43:31,138 decode: Building word lattice decoder.
2020-08-15 10:43:36,578 __iter__: Reading lattice file `/tmp/55088646/lattices/dspm005_dsp2013_16.lat.gz´.
2020-08-15 10:43:36,758 decode: Utterance `dspm005_dsp2013_16´ -- 1 of job 95
2020-08-15 10:43:40,739 __iter__: Reading lattice file `/tmp/55088646/lattices/dspm015_dsp2013_10.lat.gz´.
2020-08-15 10:43:40,920 decode: Utterance `dspm015_dsp2013_10´ -- 2 of job 95
2020-08-15 10:43:44,962 __iter__: Reading lattice file `/tmp/55088646/lattices/dspm022_dsp2013_29.lat.gz´.
2020-08-15 10:43:46,787 decode: Utterance `dspm022_dsp2013_29´ -- 3 of job 95
2020-08-15 10:44:34,271 __iter__: Reading lattice file `/tmp/55088646/lattices/dspm032_dsp2013_17.lat.gz´.
2020-08-15 10:44:34,324 decode: Utterance `dspm032_dsp2013_17´ -- 4 of job 95
2020-08-15 10:44:35,477 __iter__: Reading lattice file `/tmp/55088646/lattices/dspm042_dsp2013_19.lat.gz´.
2020-08-15 10:44:35,745 decode: Utterance `dspm042_dsp2013_19´ -- 5 of job 95
2020-08-15 10:44:41,170 __iter__: Reading lattice file `/tmp/55088646/lattices/dspm050_dsp2013_29.lat.gz´.
2020-08-15 10:44:41,277 decode: Utterance `dspm050_dsp2013_29´ -- 6 of job 95
2020-08-15 10:44:42,642 __iter__: Reading lattice file `/tmp/55088646/lattices/radioanne_fym20071218_10.lat.gz´.
2020-08-15 10:44:42,685 decode: Utterance `radioanne_fym20071218_10´ -- 7 of job 95
/scratch/work/groszt1/envs/theanoLM/lib/python3.7/site-packages/theano/gpuarray/dnn.py:184: UserWarning: Your cuDNN version is more recent than Theano. If you encounter problems, try updating Theano or downgrading cuDNN to a version >= v5 and <= v7.
  warnings.warn("Your cuDNN version is more recent than "
Using cuDNN version 7600 on context None
Mapped name None to device cuda0: Tesla P100-PCIE-16GB (0000:03:00.0)
/scratch/work/groszt1/envs/theanoLM/lib/python3.7/site-packages/h5py-2.9.0-py3.7-linux-x86_64.egg/h5py/_hl/dataset.py:313: H5pyDeprecationWarning: dataset.value has been deprecated. Use dataset[()] instead.
  "Use dataset[()] instead.", H5pyDeprecationWarning)
/scratch/work/groszt1/envs/theanoLM/lib/python3.7/site-packages/h5py-2.9.0-py3.7-linux-x86_64.egg/h5py/_hl/dataset.py:313: H5pyDeprecationWarning: dataset.value has been deprecated. Use dataset[()] instead.
  "Use dataset[()] instead.", H5pyDeprecationWarning)
decode_theanolm finished.
/tmp/55088646/lattices
floatX=float32,device=cuda0,base_compiledir=/tmp/theano,exception_verbosity=high,openmp=False
/scratch/work/groszt1/envs/theanoLM/lib/python3.7/site-packages/theano/gpuarray/dnn.py:184: UserWarning: Your cuDNN version is more recent than Theano. If you encounter problems, try updating Theano or downgrading cuDNN to a version >= v5 and <= v7.
  warnings.warn("Your cuDNN version is more recent than "
Using cuDNN version 7600 on context None
Mapped name None to device cuda0: Tesla P100-PCIE-16GB (0000:03:00.0)
TheanoLM 1.3.2
Theano 1.0.4
pygpu 0.7.6
==
+ srun --gres=gpu:1 theanolm decode /scratch/work/moisioa3/conv_lm/experiments/theanolm-morph-42k/expt2-sampled/nnlm.h5 --lattice-list /tmp/55088646/lattices/lattice-list --output-file /scratch/work/moisioa3/conv_lm/experiments/theanolm-morph-42k/expt2-sampled/decode/devel/lambda=1.0-lms=10/95.trn --output trn --nnlm-weight 1.0 --lm-scale 10 --max-tokens-per-node 62 --beam 650 --recombination-order 22 --num-jobs 128 --job 95 --unk-penalty=-20
2020-08-15 10:44:51,167 get_default_device: Context None device="Tesla P100-PCIE-16GB" ID="0000:03:00.0"
2020-08-15 10:44:51,168 from_file: Reading vocabulary from network state.
2020-08-15 10:44:51,424 from_file: Number of words in vocabulary: 42699
2020-08-15 10:44:51,424 from_file: Number of words in shortlist: 42699
2020-08-15 10:44:51,424 from_file: Number of word classes: 42699
2020-08-15 10:44:51,424 from_file: Building neural network.
2020-08-15 10:45:34,869 from_file: Restoring neural network state.
2020-08-15 10:45:35,215 decode: Building word lattice decoder.
2020-08-15 10:45:40,576 __iter__: Reading lattice file `/tmp/55088646/lattices/dspm005_dsp2013_16.lat.gz´.
2020-08-15 10:45:40,757 decode: Utterance `dspm005_dsp2013_16´ -- 1 of job 95
2020-08-15 10:45:44,650 __iter__: Reading lattice file `/tmp/55088646/lattices/dspm015_dsp2013_10.lat.gz´.
2020-08-15 10:45:44,821 decode: Utterance `dspm015_dsp2013_10´ -- 2 of job 95
2020-08-15 10:45:48,768 __iter__: Reading lattice file `/tmp/55088646/lattices/dspm022_dsp2013_29.lat.gz´.
2020-08-15 10:45:50,557 decode: Utterance `dspm022_dsp2013_29´ -- 3 of job 95
2020-08-15 10:46:37,460 __iter__: Reading lattice file `/tmp/55088646/lattices/dspm032_dsp2013_17.lat.gz´.
2020-08-15 10:46:37,513 decode: Utterance `dspm032_dsp2013_17´ -- 4 of job 95
2020-08-15 10:46:38,618 __iter__: Reading lattice file `/tmp/55088646/lattices/dspm042_dsp2013_19.lat.gz´.
2020-08-15 10:46:38,877 decode: Utterance `dspm042_dsp2013_19´ -- 5 of job 95
2020-08-15 10:46:44,534 __iter__: Reading lattice file `/tmp/55088646/lattices/dspm050_dsp2013_29.lat.gz´.
2020-08-15 10:46:44,649 decode: Utterance `dspm050_dsp2013_29´ -- 6 of job 95
2020-08-15 10:46:46,182 __iter__: Reading lattice file `/tmp/55088646/lattices/radioanne_fym20071218_10.lat.gz´.
2020-08-15 10:46:46,228 decode: Utterance `radioanne_fym20071218_10´ -- 7 of job 95
/scratch/work/groszt1/envs/theanoLM/lib/python3.7/site-packages/theano/gpuarray/dnn.py:184: UserWarning: Your cuDNN version is more recent than Theano. If you encounter problems, try updating Theano or downgrading cuDNN to a version >= v5 and <= v7.
  warnings.warn("Your cuDNN version is more recent than "
Using cuDNN version 7600 on context None
Mapped name None to device cuda0: Tesla P100-PCIE-16GB (0000:03:00.0)
/scratch/work/groszt1/envs/theanoLM/lib/python3.7/site-packages/h5py-2.9.0-py3.7-linux-x86_64.egg/h5py/_hl/dataset.py:313: H5pyDeprecationWarning: dataset.value has been deprecated. Use dataset[()] instead.
  "Use dataset[()] instead.", H5pyDeprecationWarning)
/scratch/work/groszt1/envs/theanoLM/lib/python3.7/site-packages/h5py-2.9.0-py3.7-linux-x86_64.egg/h5py/_hl/dataset.py:313: H5pyDeprecationWarning: dataset.value has been deprecated. Use dataset[()] instead.
  "Use dataset[()] instead.", H5pyDeprecationWarning)
decode_theanolm finished.
/tmp/55088646/lattices
floatX=float32,device=cuda0,base_compiledir=/tmp/theano,exception_verbosity=high,openmp=False
/scratch/work/groszt1/envs/theanoLM/lib/python3.7/site-packages/theano/gpuarray/dnn.py:184: UserWarning: Your cuDNN version is more recent than Theano. If you encounter problems, try updating Theano or downgrading cuDNN to a version >= v5 and <= v7.
  warnings.warn("Your cuDNN version is more recent than "
Using cuDNN version 7600 on context None
Mapped name None to device cuda0: Tesla P100-PCIE-16GB (0000:03:00.0)
TheanoLM 1.3.2
Theano 1.0.4
pygpu 0.7.6
==
+ srun --gres=gpu:1 theanolm decode /scratch/work/moisioa3/conv_lm/experiments/theanolm-morph-42k/expt2-sampled/nnlm.h5 --lattice-list /tmp/55088646/lattices/lattice-list --output-file /scratch/work/moisioa3/conv_lm/experiments/theanolm-morph-42k/expt2-sampled/decode/devel/lambda=1.0-lms=11/95.trn --output trn --nnlm-weight 1.0 --lm-scale 11 --max-tokens-per-node 62 --beam 650 --recombination-order 22 --num-jobs 128 --job 95 --unk-penalty=-20
2020-08-15 10:46:55,334 get_default_device: Context None device="Tesla P100-PCIE-16GB" ID="0000:03:00.0"
2020-08-15 10:46:55,335 from_file: Reading vocabulary from network state.
2020-08-15 10:46:55,587 from_file: Number of words in vocabulary: 42699
2020-08-15 10:46:55,587 from_file: Number of words in shortlist: 42699
2020-08-15 10:46:55,588 from_file: Number of word classes: 42699
2020-08-15 10:46:55,588 from_file: Building neural network.
2020-08-15 10:47:39,080 from_file: Restoring neural network state.
2020-08-15 10:47:39,430 decode: Building word lattice decoder.
2020-08-15 10:47:44,893 __iter__: Reading lattice file `/tmp/55088646/lattices/dspm005_dsp2013_16.lat.gz´.
2020-08-15 10:47:45,078 decode: Utterance `dspm005_dsp2013_16´ -- 1 of job 95
2020-08-15 10:47:48,965 __iter__: Reading lattice file `/tmp/55088646/lattices/dspm015_dsp2013_10.lat.gz´.
2020-08-15 10:47:49,146 decode: Utterance `dspm015_dsp2013_10´ -- 2 of job 95
2020-08-15 10:47:53,101 __iter__: Reading lattice file `/tmp/55088646/lattices/dspm022_dsp2013_29.lat.gz´.
2020-08-15 10:47:54,978 decode: Utterance `dspm022_dsp2013_29´ -- 3 of job 95
2020-08-15 10:48:42,917 __iter__: Reading lattice file `/tmp/55088646/lattices/dspm032_dsp2013_17.lat.gz´.
2020-08-15 10:48:42,975 decode: Utterance `dspm032_dsp2013_17´ -- 4 of job 95
2020-08-15 10:48:44,140 __iter__: Reading lattice file `/tmp/55088646/lattices/dspm042_dsp2013_19.lat.gz´.
2020-08-15 10:48:44,398 decode: Utterance `dspm042_dsp2013_19´ -- 5 of job 95
2020-08-15 10:48:50,152 __iter__: Reading lattice file `/tmp/55088646/lattices/dspm050_dsp2013_29.lat.gz´.
2020-08-15 10:48:50,270 decode: Utterance `dspm050_dsp2013_29´ -- 6 of job 95
2020-08-15 10:48:51,607 __iter__: Reading lattice file `/tmp/55088646/lattices/radioanne_fym20071218_10.lat.gz´.
2020-08-15 10:48:51,652 decode: Utterance `radioanne_fym20071218_10´ -- 7 of job 95
/scratch/work/groszt1/envs/theanoLM/lib/python3.7/site-packages/theano/gpuarray/dnn.py:184: UserWarning: Your cuDNN version is more recent than Theano. If you encounter problems, try updating Theano or downgrading cuDNN to a version >= v5 and <= v7.
  warnings.warn("Your cuDNN version is more recent than "
Using cuDNN version 7600 on context None
Mapped name None to device cuda0: Tesla P100-PCIE-16GB (0000:03:00.0)
/scratch/work/groszt1/envs/theanoLM/lib/python3.7/site-packages/h5py-2.9.0-py3.7-linux-x86_64.egg/h5py/_hl/dataset.py:313: H5pyDeprecationWarning: dataset.value has been deprecated. Use dataset[()] instead.
  "Use dataset[()] instead.", H5pyDeprecationWarning)
/scratch/work/groszt1/envs/theanoLM/lib/python3.7/site-packages/h5py-2.9.0-py3.7-linux-x86_64.egg/h5py/_hl/dataset.py:313: H5pyDeprecationWarning: dataset.value has been deprecated. Use dataset[()] instead.
  "Use dataset[()] instead.", H5pyDeprecationWarning)
decode_theanolm finished.
/tmp/55088646/lattices
floatX=float32,device=cuda0,base_compiledir=/tmp/theano,exception_verbosity=high,openmp=False
/scratch/work/groszt1/envs/theanoLM/lib/python3.7/site-packages/theano/gpuarray/dnn.py:184: UserWarning: Your cuDNN version is more recent than Theano. If you encounter problems, try updating Theano or downgrading cuDNN to a version >= v5 and <= v7.
  warnings.warn("Your cuDNN version is more recent than "
Using cuDNN version 7600 on context None
Mapped name None to device cuda0: Tesla P100-PCIE-16GB (0000:03:00.0)
TheanoLM 1.3.2
Theano 1.0.4
pygpu 0.7.6
==
+ srun --gres=gpu:1 theanolm decode /scratch/work/moisioa3/conv_lm/experiments/theanolm-morph-42k/expt2-sampled/nnlm.h5 --lattice-list /tmp/55088646/lattices/lattice-list --output-file /scratch/work/moisioa3/conv_lm/experiments/theanolm-morph-42k/expt2-sampled/decode/devel/lambda=1.0-lms=12/95.trn --output trn --nnlm-weight 1.0 --lm-scale 12 --max-tokens-per-node 62 --beam 650 --recombination-order 22 --num-jobs 128 --job 95 --unk-penalty=-20
2020-08-15 10:49:00,368 get_default_device: Context None device="Tesla P100-PCIE-16GB" ID="0000:03:00.0"
2020-08-15 10:49:00,370 from_file: Reading vocabulary from network state.
2020-08-15 10:49:00,632 from_file: Number of words in vocabulary: 42699
2020-08-15 10:49:00,633 from_file: Number of words in shortlist: 42699
2020-08-15 10:49:00,633 from_file: Number of word classes: 42699
2020-08-15 10:49:00,633 from_file: Building neural network.
2020-08-15 10:49:43,528 from_file: Restoring neural network state.
2020-08-15 10:49:43,863 decode: Building word lattice decoder.
2020-08-15 10:49:49,299 __iter__: Reading lattice file `/tmp/55088646/lattices/dspm005_dsp2013_16.lat.gz´.
2020-08-15 10:49:49,473 decode: Utterance `dspm005_dsp2013_16´ -- 1 of job 95
2020-08-15 10:49:53,325 __iter__: Reading lattice file `/tmp/55088646/lattices/dspm015_dsp2013_10.lat.gz´.
2020-08-15 10:49:53,499 decode: Utterance `dspm015_dsp2013_10´ -- 2 of job 95
2020-08-15 10:49:57,481 __iter__: Reading lattice file `/tmp/55088646/lattices/dspm022_dsp2013_29.lat.gz´.
2020-08-15 10:49:59,245 decode: Utterance `dspm022_dsp2013_29´ -- 3 of job 95
2020-08-15 10:50:44,420 __iter__: Reading lattice file `/tmp/55088646/lattices/dspm032_dsp2013_17.lat.gz´.
2020-08-15 10:50:44,471 decode: Utterance `dspm032_dsp2013_17´ -- 4 of job 95
2020-08-15 10:50:45,613 __iter__: Reading lattice file `/tmp/55088646/lattices/dspm042_dsp2013_19.lat.gz´.
2020-08-15 10:50:45,857 decode: Utterance `dspm042_dsp2013_19´ -- 5 of job 95
2020-08-15 10:50:51,060 __iter__: Reading lattice file `/tmp/55088646/lattices/dspm050_dsp2013_29.lat.gz´.
2020-08-15 10:50:51,174 decode: Utterance `dspm050_dsp2013_29´ -- 6 of job 95
2020-08-15 10:50:52,451 __iter__: Reading lattice file `/tmp/55088646/lattices/radioanne_fym20071218_10.lat.gz´.
2020-08-15 10:50:52,493 decode: Utterance `radioanne_fym20071218_10´ -- 7 of job 95
/scratch/work/groszt1/envs/theanoLM/lib/python3.7/site-packages/theano/gpuarray/dnn.py:184: UserWarning: Your cuDNN version is more recent than Theano. If you encounter problems, try updating Theano or downgrading cuDNN to a version >= v5 and <= v7.
  warnings.warn("Your cuDNN version is more recent than "
Using cuDNN version 7600 on context None
Mapped name None to device cuda0: Tesla P100-PCIE-16GB (0000:03:00.0)
/scratch/work/groszt1/envs/theanoLM/lib/python3.7/site-packages/h5py-2.9.0-py3.7-linux-x86_64.egg/h5py/_hl/dataset.py:313: H5pyDeprecationWarning: dataset.value has been deprecated. Use dataset[()] instead.
  "Use dataset[()] instead.", H5pyDeprecationWarning)
/scratch/work/groszt1/envs/theanoLM/lib/python3.7/site-packages/h5py-2.9.0-py3.7-linux-x86_64.egg/h5py/_hl/dataset.py:313: H5pyDeprecationWarning: dataset.value has been deprecated. Use dataset[()] instead.
  "Use dataset[()] instead.", H5pyDeprecationWarning)
decode_theanolm finished.
decode devel finished.
