Experiment: theanolm-morph-42k/expt2-sampled
Job ID: 55133279
Task ID: 56
Host: gpu25.int.triton.aalto.fi
Start date: Thu Aug 20 19:15:07 EEST 2020
Work directory: /scratch/work/moisioa3/conv_lm/experiments/theanolm-morph-42k/expt2-sampled
Temporary directory: /tmp/55133279

Currently Loaded Modules:
  1) speech-scripts/2016.05.24-b928230   6) binutils/2.25-GCCcore-5.4.0
  2) srilm/default                       7) GCC/5.4.0-2.25
  3) cuda/10.0.130                       8) libgpuarray/2017.03.29-45c731f
  4) cudnn/7.4.2-cuda                    9) anaconda3/latest
  5) GCCcore/5.4.0

 

/tmp/55133279/lattices
floatX=float32,device=cuda0,base_compiledir=/tmp/theano,exception_verbosity=high,openmp=False
/scratch/work/groszt1/envs/theanoLM/lib/python3.7/site-packages/theano/gpuarray/dnn.py:184: UserWarning: Your cuDNN version is more recent than Theano. If you encounter problems, try updating Theano or downgrading cuDNN to a version >= v5 and <= v7.
  warnings.warn("Your cuDNN version is more recent than "
Using cuDNN version 7600 on context None
Mapped name None to device cuda0: Tesla P100-PCIE-16GB (0000:83:00.0)
TheanoLM 1.3.2
Theano 1.0.4
pygpu 0.7.6
==
+ srun --gres=gpu:1 theanolm decode /scratch/work/moisioa3/conv_lm/experiments/theanolm-morph-42k/expt2-sampled/nnlm.h5 --lattice-list /tmp/55133279/lattices/lattice-list --output-file /scratch/work/moisioa3/conv_lm/experiments/theanolm-morph-42k/expt2-sampled/decode/eval/lambda=0.5-lms=9/56.trn --output trn --nnlm-weight 0.5 --lm-scale 9 --max-tokens-per-node 62 --beam 650 --recombination-order 22 --num-jobs 128 --job 56 --unk-penalty=-20
2020-08-20 19:15:18,836 get_default_device: Context None device="Tesla P100-PCIE-16GB" ID="0000:83:00.0"
2020-08-20 19:15:18,837 from_file: Reading vocabulary from network state.
2020-08-20 19:15:19,091 from_file: Number of words in vocabulary: 42699
2020-08-20 19:15:19,091 from_file: Number of words in shortlist: 42699
2020-08-20 19:15:19,091 from_file: Number of word classes: 42699
2020-08-20 19:15:19,092 from_file: Building neural network.
2020-08-20 19:16:06,961 from_file: Restoring neural network state.
2020-08-20 19:16:07,303 decode: Building word lattice decoder.
2020-08-20 19:16:12,938 __iter__: Reading lattice file `/tmp/55133279/lattices/dspm003_dsp2013_23.lat.gz´.
2020-08-20 19:16:15,374 decode: Utterance `dspm003_dsp2013_23´ -- 1 of job 56
2020-08-20 19:17:09,642 __iter__: Reading lattice file `/tmp/55133279/lattices/dspm041_dsp2013_24.lat.gz´.
2020-08-20 19:17:09,755 decode: Utterance `dspm041_dsp2013_24´ -- 2 of job 56
2020-08-20 19:17:13,226 __iter__: Reading lattice file `/tmp/55133279/lattices/radiojuha_puhujainkulma20120909_11.lat.gz´.
2020-08-20 19:17:14,123 decode: Utterance `radiojuha_puhujainkulma20120909_11´ -- 3 of job 56
2020-08-20 19:17:38,917 __iter__: Reading lattice file `/tmp/55133279/lattices/radioporni_puhujainkulma20120930_68.lat.gz´.
2020-08-20 19:17:38,992 decode: Utterance `radioporni_puhujainkulma20120930_68´ -- 4 of job 56
/scratch/work/groszt1/envs/theanoLM/lib/python3.7/site-packages/theano/gpuarray/dnn.py:184: UserWarning: Your cuDNN version is more recent than Theano. If you encounter problems, try updating Theano or downgrading cuDNN to a version >= v5 and <= v7.
  warnings.warn("Your cuDNN version is more recent than "
Using cuDNN version 7600 on context None
Mapped name None to device cuda0: Tesla P100-PCIE-16GB (0000:83:00.0)
/scratch/work/groszt1/envs/theanoLM/lib/python3.7/site-packages/h5py-2.9.0-py3.7-linux-x86_64.egg/h5py/_hl/dataset.py:313: H5pyDeprecationWarning: dataset.value has been deprecated. Use dataset[()] instead.
  "Use dataset[()] instead.", H5pyDeprecationWarning)
/scratch/work/groszt1/envs/theanoLM/lib/python3.7/site-packages/h5py-2.9.0-py3.7-linux-x86_64.egg/h5py/_hl/dataset.py:313: H5pyDeprecationWarning: dataset.value has been deprecated. Use dataset[()] instead.
  "Use dataset[()] instead.", H5pyDeprecationWarning)
decode_theanolm finished.
/tmp/55133279/lattices
floatX=float32,device=cuda0,base_compiledir=/tmp/theano,exception_verbosity=high,openmp=False
/scratch/work/groszt1/envs/theanoLM/lib/python3.7/site-packages/theano/gpuarray/dnn.py:184: UserWarning: Your cuDNN version is more recent than Theano. If you encounter problems, try updating Theano or downgrading cuDNN to a version >= v5 and <= v7.
  warnings.warn("Your cuDNN version is more recent than "
Using cuDNN version 7600 on context None
Mapped name None to device cuda0: Tesla P100-PCIE-16GB (0000:83:00.0)
TheanoLM 1.3.2
Theano 1.0.4
pygpu 0.7.6
==
+ srun --gres=gpu:1 theanolm decode /scratch/work/moisioa3/conv_lm/experiments/theanolm-morph-42k/expt2-sampled/nnlm.h5 --lattice-list /tmp/55133279/lattices/lattice-list --output-file /scratch/work/moisioa3/conv_lm/experiments/theanolm-morph-42k/expt2-sampled/decode/eval/lambda=1.0-lms=9/56.trn --output trn --nnlm-weight 1.0 --lm-scale 9 --max-tokens-per-node 62 --beam 650 --recombination-order 22 --num-jobs 128 --job 56 --unk-penalty=-20
2020-08-20 19:17:47,934 get_default_device: Context None device="Tesla P100-PCIE-16GB" ID="0000:83:00.0"
2020-08-20 19:17:47,935 from_file: Reading vocabulary from network state.
2020-08-20 19:17:48,223 from_file: Number of words in vocabulary: 42699
2020-08-20 19:17:48,224 from_file: Number of words in shortlist: 42699
2020-08-20 19:17:48,224 from_file: Number of word classes: 42699
2020-08-20 19:17:48,224 from_file: Building neural network.
2020-08-20 19:18:32,107 from_file: Restoring neural network state.
2020-08-20 19:18:32,449 decode: Building word lattice decoder.
2020-08-20 19:18:37,656 __iter__: Reading lattice file `/tmp/55133279/lattices/dspm003_dsp2013_23.lat.gz´.
2020-08-20 19:18:40,276 decode: Utterance `dspm003_dsp2013_23´ -- 1 of job 56
2020-08-20 19:19:36,802 __iter__: Reading lattice file `/tmp/55133279/lattices/dspm041_dsp2013_24.lat.gz´.
2020-08-20 19:19:36,915 decode: Utterance `dspm041_dsp2013_24´ -- 2 of job 56
2020-08-20 19:19:39,808 __iter__: Reading lattice file `/tmp/55133279/lattices/radiojuha_puhujainkulma20120909_11.lat.gz´.
2020-08-20 19:19:40,716 decode: Utterance `radiojuha_puhujainkulma20120909_11´ -- 3 of job 56
2020-08-20 19:20:02,853 __iter__: Reading lattice file `/tmp/55133279/lattices/radioporni_puhujainkulma20120930_68.lat.gz´.
2020-08-20 19:20:02,928 decode: Utterance `radioporni_puhujainkulma20120930_68´ -- 4 of job 56
/scratch/work/groszt1/envs/theanoLM/lib/python3.7/site-packages/theano/gpuarray/dnn.py:184: UserWarning: Your cuDNN version is more recent than Theano. If you encounter problems, try updating Theano or downgrading cuDNN to a version >= v5 and <= v7.
  warnings.warn("Your cuDNN version is more recent than "
Using cuDNN version 7600 on context None
Mapped name None to device cuda0: Tesla P100-PCIE-16GB (0000:83:00.0)
/scratch/work/groszt1/envs/theanoLM/lib/python3.7/site-packages/h5py-2.9.0-py3.7-linux-x86_64.egg/h5py/_hl/dataset.py:313: H5pyDeprecationWarning: dataset.value has been deprecated. Use dataset[()] instead.
  "Use dataset[()] instead.", H5pyDeprecationWarning)
/scratch/work/groszt1/envs/theanoLM/lib/python3.7/site-packages/h5py-2.9.0-py3.7-linux-x86_64.egg/h5py/_hl/dataset.py:313: H5pyDeprecationWarning: dataset.value has been deprecated. Use dataset[()] instead.
  "Use dataset[()] instead.", H5pyDeprecationWarning)
decode_theanolm finished.
decode eval finished.
