Experiment: theanolm-morph-42k/expt2-sampled
Job ID: 55131974
Task ID: 114
Host: gpu32.int.triton.aalto.fi
Start date: Thu Aug 20 15:51:11 EEST 2020
Work directory: /scratch/work/moisioa3/conv_lm/experiments/theanolm-morph-42k/expt2-sampled
Temporary directory: /tmp/55131974

Currently Loaded Modules:
  1) speech-scripts/2016.05.24-b928230   6) binutils/2.25-GCCcore-5.4.0
  2) srilm/default                       7) GCC/5.4.0-2.25
  3) cuda/10.0.130                       8) libgpuarray/2017.03.29-45c731f
  4) cudnn/7.4.2-cuda                    9) anaconda3/latest
  5) GCCcore/5.4.0

 

/tmp/55131974/lattices
floatX=float32,device=cuda0,base_compiledir=/tmp/theano,exception_verbosity=high,openmp=False
/scratch/work/groszt1/envs/theanoLM/lib/python3.7/site-packages/theano/gpuarray/dnn.py:184: UserWarning: Your cuDNN version is more recent than Theano. If you encounter problems, try updating Theano or downgrading cuDNN to a version >= v5 and <= v7.
  warnings.warn("Your cuDNN version is more recent than "
Using cuDNN version 7600 on context None
Mapped name None to device cuda0: Tesla V100-PCIE-32GB (0000:18:00.0)
TheanoLM 1.3.2
Theano 1.0.4
pygpu 0.7.6
==
+ srun --gres=gpu:1 theanolm decode /scratch/work/moisioa3/conv_lm/experiments/theanolm-morph-42k/expt2-sampled/nnlm.h5 --lattice-list /tmp/55131974/lattices/lattice-list --output-file /scratch/work/moisioa3/conv_lm/experiments/theanolm-morph-42k/expt2-sampled/decode/devel/lambda=0.5-lms=9/114.trn --output trn --nnlm-weight 0.5 --lm-scale 9 --max-tokens-per-node 62 --beam 650 --recombination-order 22 --num-jobs 128 --job 114 --unk-penalty=-20
2020-08-20 15:51:30,556 get_default_device: Context None device="Tesla V100-PCIE-32GB" ID="0000:18:00.0"
2020-08-20 15:51:30,558 from_file: Reading vocabulary from network state.
2020-08-20 15:51:30,775 from_file: Number of words in vocabulary: 42699
2020-08-20 15:51:30,776 from_file: Number of words in shortlist: 42699
2020-08-20 15:51:30,776 from_file: Number of word classes: 42699
2020-08-20 15:51:30,776 from_file: Building neural network.
2020-08-20 15:51:59,659 from_file: Restoring neural network state.
2020-08-20 15:52:00,043 decode: Building word lattice decoder.
2020-08-20 15:52:04,011 __iter__: Reading lattice file `/tmp/55131974/lattices/dspm006_dsp2013_17.lat.gz´.
2020-08-20 15:52:04,038 decode: Utterance `dspm006_dsp2013_17´ -- 1 of job 114
2020-08-20 15:52:04,660 __iter__: Reading lattice file `/tmp/55131974/lattices/dspm017_dsp2013_30.lat.gz´.
2020-08-20 15:52:04,859 decode: Utterance `dspm017_dsp2013_30´ -- 2 of job 114
2020-08-20 15:52:11,432 __iter__: Reading lattice file `/tmp/55131974/lattices/dspm024_dsp2013_14.lat.gz´.
2020-08-20 15:52:11,445 decode: Utterance `dspm024_dsp2013_14´ -- 3 of job 114
2020-08-20 15:52:11,759 __iter__: Reading lattice file `/tmp/55131974/lattices/dspm033_dsp2013_32.lat.gz´.
2020-08-20 15:52:11,860 decode: Utterance `dspm033_dsp2013_32´ -- 4 of job 114
2020-08-20 15:52:15,292 __iter__: Reading lattice file `/tmp/55131974/lattices/dspm043_dsp2013_22.lat.gz´.
2020-08-20 15:52:15,340 decode: Utterance `dspm043_dsp2013_22´ -- 5 of job 114
2020-08-20 15:52:16,454 __iter__: Reading lattice file `/tmp/55131974/lattices/dspm052_dsp2013_16.lat.gz´.
2020-08-20 15:52:16,531 decode: Utterance `dspm052_dsp2013_16´ -- 6 of job 114
2020-08-20 15:52:19,171 __iter__: Reading lattice file `/tmp/55131974/lattices/radiojake_kbk20120915_21.lat.gz´.
2020-08-20 15:52:19,207 decode: Utterance `radiojake_kbk20120915_21´ -- 7 of job 114
/scratch/work/groszt1/envs/theanoLM/lib/python3.7/site-packages/theano/gpuarray/dnn.py:184: UserWarning: Your cuDNN version is more recent than Theano. If you encounter problems, try updating Theano or downgrading cuDNN to a version >= v5 and <= v7.
  warnings.warn("Your cuDNN version is more recent than "
Using cuDNN version 7600 on context None
Mapped name None to device cuda0: Tesla V100-PCIE-32GB (0000:18:00.0)
/scratch/work/groszt1/envs/theanoLM/lib/python3.7/site-packages/h5py-2.9.0-py3.7-linux-x86_64.egg/h5py/_hl/dataset.py:313: H5pyDeprecationWarning: dataset.value has been deprecated. Use dataset[()] instead.
  "Use dataset[()] instead.", H5pyDeprecationWarning)
/scratch/work/groszt1/envs/theanoLM/lib/python3.7/site-packages/h5py-2.9.0-py3.7-linux-x86_64.egg/h5py/_hl/dataset.py:313: H5pyDeprecationWarning: dataset.value has been deprecated. Use dataset[()] instead.
  "Use dataset[()] instead.", H5pyDeprecationWarning)
decode_theanolm finished.
/tmp/55131974/lattices
floatX=float32,device=cuda0,base_compiledir=/tmp/theano,exception_verbosity=high,openmp=False
/scratch/work/groszt1/envs/theanoLM/lib/python3.7/site-packages/theano/gpuarray/dnn.py:184: UserWarning: Your cuDNN version is more recent than Theano. If you encounter problems, try updating Theano or downgrading cuDNN to a version >= v5 and <= v7.
  warnings.warn("Your cuDNN version is more recent than "
Using cuDNN version 7600 on context None
Mapped name None to device cuda0: Tesla V100-PCIE-32GB (0000:18:00.0)
TheanoLM 1.3.2
Theano 1.0.4
pygpu 0.7.6
==
+ srun --gres=gpu:1 theanolm decode /scratch/work/moisioa3/conv_lm/experiments/theanolm-morph-42k/expt2-sampled/nnlm.h5 --lattice-list /tmp/55131974/lattices/lattice-list --output-file /scratch/work/moisioa3/conv_lm/experiments/theanolm-morph-42k/expt2-sampled/decode/devel/lambda=0.5-lms=10/114.trn --output trn --nnlm-weight 0.5 --lm-scale 10 --max-tokens-per-node 62 --beam 650 --recombination-order 22 --num-jobs 128 --job 114 --unk-penalty=-20
2020-08-20 15:52:26,725 get_default_device: Context None device="Tesla V100-PCIE-32GB" ID="0000:18:00.0"
2020-08-20 15:52:26,726 from_file: Reading vocabulary from network state.
2020-08-20 15:52:26,953 from_file: Number of words in vocabulary: 42699
2020-08-20 15:52:26,954 from_file: Number of words in shortlist: 42699
2020-08-20 15:52:26,954 from_file: Number of word classes: 42699
2020-08-20 15:52:26,954 from_file: Building neural network.
2020-08-20 15:52:56,443 from_file: Restoring neural network state.
2020-08-20 15:52:56,809 decode: Building word lattice decoder.
2020-08-20 15:53:00,877 __iter__: Reading lattice file `/tmp/55131974/lattices/dspm006_dsp2013_17.lat.gz´.
2020-08-20 15:53:00,904 decode: Utterance `dspm006_dsp2013_17´ -- 1 of job 114
2020-08-20 15:53:01,550 __iter__: Reading lattice file `/tmp/55131974/lattices/dspm017_dsp2013_30.lat.gz´.
2020-08-20 15:53:01,753 decode: Utterance `dspm017_dsp2013_30´ -- 2 of job 114
2020-08-20 15:53:08,495 __iter__: Reading lattice file `/tmp/55131974/lattices/dspm024_dsp2013_14.lat.gz´.
2020-08-20 15:53:08,507 decode: Utterance `dspm024_dsp2013_14´ -- 3 of job 114
2020-08-20 15:53:08,827 __iter__: Reading lattice file `/tmp/55131974/lattices/dspm033_dsp2013_32.lat.gz´.
2020-08-20 15:53:08,924 decode: Utterance `dspm033_dsp2013_32´ -- 4 of job 114
2020-08-20 15:53:12,379 __iter__: Reading lattice file `/tmp/55131974/lattices/dspm043_dsp2013_22.lat.gz´.
2020-08-20 15:53:12,425 decode: Utterance `dspm043_dsp2013_22´ -- 5 of job 114
2020-08-20 15:53:13,521 __iter__: Reading lattice file `/tmp/55131974/lattices/dspm052_dsp2013_16.lat.gz´.
2020-08-20 15:53:13,595 decode: Utterance `dspm052_dsp2013_16´ -- 6 of job 114
2020-08-20 15:53:16,223 __iter__: Reading lattice file `/tmp/55131974/lattices/radiojake_kbk20120915_21.lat.gz´.
2020-08-20 15:53:16,259 decode: Utterance `radiojake_kbk20120915_21´ -- 7 of job 114
/scratch/work/groszt1/envs/theanoLM/lib/python3.7/site-packages/theano/gpuarray/dnn.py:184: UserWarning: Your cuDNN version is more recent than Theano. If you encounter problems, try updating Theano or downgrading cuDNN to a version >= v5 and <= v7.
  warnings.warn("Your cuDNN version is more recent than "
Using cuDNN version 7600 on context None
Mapped name None to device cuda0: Tesla V100-PCIE-32GB (0000:18:00.0)
/scratch/work/groszt1/envs/theanoLM/lib/python3.7/site-packages/h5py-2.9.0-py3.7-linux-x86_64.egg/h5py/_hl/dataset.py:313: H5pyDeprecationWarning: dataset.value has been deprecated. Use dataset[()] instead.
  "Use dataset[()] instead.", H5pyDeprecationWarning)
/scratch/work/groszt1/envs/theanoLM/lib/python3.7/site-packages/h5py-2.9.0-py3.7-linux-x86_64.egg/h5py/_hl/dataset.py:313: H5pyDeprecationWarning: dataset.value has been deprecated. Use dataset[()] instead.
  "Use dataset[()] instead.", H5pyDeprecationWarning)
decode_theanolm finished.
/tmp/55131974/lattices
floatX=float32,device=cuda0,base_compiledir=/tmp/theano,exception_verbosity=high,openmp=False
/scratch/work/groszt1/envs/theanoLM/lib/python3.7/site-packages/theano/gpuarray/dnn.py:184: UserWarning: Your cuDNN version is more recent than Theano. If you encounter problems, try updating Theano or downgrading cuDNN to a version >= v5 and <= v7.
  warnings.warn("Your cuDNN version is more recent than "
Using cuDNN version 7600 on context None
Mapped name None to device cuda0: Tesla V100-PCIE-32GB (0000:18:00.0)
TheanoLM 1.3.2
Theano 1.0.4
pygpu 0.7.6
==
+ srun --gres=gpu:1 theanolm decode /scratch/work/moisioa3/conv_lm/experiments/theanolm-morph-42k/expt2-sampled/nnlm.h5 --lattice-list /tmp/55131974/lattices/lattice-list --output-file /scratch/work/moisioa3/conv_lm/experiments/theanolm-morph-42k/expt2-sampled/decode/devel/lambda=1.0-lms=9/114.trn --output trn --nnlm-weight 1.0 --lm-scale 9 --max-tokens-per-node 62 --beam 650 --recombination-order 22 --num-jobs 128 --job 114 --unk-penalty=-20
2020-08-20 15:53:24,795 get_default_device: Context None device="Tesla V100-PCIE-32GB" ID="0000:18:00.0"
2020-08-20 15:53:24,796 from_file: Reading vocabulary from network state.
2020-08-20 15:53:25,022 from_file: Number of words in vocabulary: 42699
2020-08-20 15:53:25,022 from_file: Number of words in shortlist: 42699
2020-08-20 15:53:25,022 from_file: Number of word classes: 42699
2020-08-20 15:53:25,022 from_file: Building neural network.
2020-08-20 15:53:54,521 from_file: Restoring neural network state.
2020-08-20 15:53:54,886 decode: Building word lattice decoder.
2020-08-20 15:53:58,943 __iter__: Reading lattice file `/tmp/55131974/lattices/dspm006_dsp2013_17.lat.gz´.
2020-08-20 15:53:58,969 decode: Utterance `dspm006_dsp2013_17´ -- 1 of job 114
2020-08-20 15:53:59,575 __iter__: Reading lattice file `/tmp/55131974/lattices/dspm017_dsp2013_30.lat.gz´.
2020-08-20 15:53:59,774 decode: Utterance `dspm017_dsp2013_30´ -- 2 of job 114
2020-08-20 15:54:04,587 __iter__: Reading lattice file `/tmp/55131974/lattices/dspm024_dsp2013_14.lat.gz´.
2020-08-20 15:54:04,600 decode: Utterance `dspm024_dsp2013_14´ -- 3 of job 114
2020-08-20 15:54:04,891 __iter__: Reading lattice file `/tmp/55131974/lattices/dspm033_dsp2013_32.lat.gz´.
2020-08-20 15:54:04,989 decode: Utterance `dspm033_dsp2013_32´ -- 4 of job 114
2020-08-20 15:54:07,924 __iter__: Reading lattice file `/tmp/55131974/lattices/dspm043_dsp2013_22.lat.gz´.
2020-08-20 15:54:07,971 decode: Utterance `dspm043_dsp2013_22´ -- 5 of job 114
2020-08-20 15:54:09,054 __iter__: Reading lattice file `/tmp/55131974/lattices/dspm052_dsp2013_16.lat.gz´.
2020-08-20 15:54:09,129 decode: Utterance `dspm052_dsp2013_16´ -- 6 of job 114
2020-08-20 15:54:11,308 __iter__: Reading lattice file `/tmp/55131974/lattices/radiojake_kbk20120915_21.lat.gz´.
2020-08-20 15:54:11,345 decode: Utterance `radiojake_kbk20120915_21´ -- 7 of job 114
/scratch/work/groszt1/envs/theanoLM/lib/python3.7/site-packages/theano/gpuarray/dnn.py:184: UserWarning: Your cuDNN version is more recent than Theano. If you encounter problems, try updating Theano or downgrading cuDNN to a version >= v5 and <= v7.
  warnings.warn("Your cuDNN version is more recent than "
Using cuDNN version 7600 on context None
Mapped name None to device cuda0: Tesla V100-PCIE-32GB (0000:18:00.0)
/scratch/work/groszt1/envs/theanoLM/lib/python3.7/site-packages/h5py-2.9.0-py3.7-linux-x86_64.egg/h5py/_hl/dataset.py:313: H5pyDeprecationWarning: dataset.value has been deprecated. Use dataset[()] instead.
  "Use dataset[()] instead.", H5pyDeprecationWarning)
/scratch/work/groszt1/envs/theanoLM/lib/python3.7/site-packages/h5py-2.9.0-py3.7-linux-x86_64.egg/h5py/_hl/dataset.py:313: H5pyDeprecationWarning: dataset.value has been deprecated. Use dataset[()] instead.
  "Use dataset[()] instead.", H5pyDeprecationWarning)
decode_theanolm finished.
/tmp/55131974/lattices
floatX=float32,device=cuda0,base_compiledir=/tmp/theano,exception_verbosity=high,openmp=False
/scratch/work/groszt1/envs/theanoLM/lib/python3.7/site-packages/theano/gpuarray/dnn.py:184: UserWarning: Your cuDNN version is more recent than Theano. If you encounter problems, try updating Theano or downgrading cuDNN to a version >= v5 and <= v7.
  warnings.warn("Your cuDNN version is more recent than "
Using cuDNN version 7600 on context None
Mapped name None to device cuda0: Tesla V100-PCIE-32GB (0000:18:00.0)
TheanoLM 1.3.2
Theano 1.0.4
pygpu 0.7.6
==
+ srun --gres=gpu:1 theanolm decode /scratch/work/moisioa3/conv_lm/experiments/theanolm-morph-42k/expt2-sampled/nnlm.h5 --lattice-list /tmp/55131974/lattices/lattice-list --output-file /scratch/work/moisioa3/conv_lm/experiments/theanolm-morph-42k/expt2-sampled/decode/devel/lambda=1.0-lms=10/114.trn --output trn --nnlm-weight 1.0 --lm-scale 10 --max-tokens-per-node 62 --beam 650 --recombination-order 22 --num-jobs 128 --job 114 --unk-penalty=-20
2020-08-20 15:54:18,892 get_default_device: Context None device="Tesla V100-PCIE-32GB" ID="0000:18:00.0"
2020-08-20 15:54:18,893 from_file: Reading vocabulary from network state.
2020-08-20 15:54:19,102 from_file: Number of words in vocabulary: 42699
2020-08-20 15:54:19,102 from_file: Number of words in shortlist: 42699
2020-08-20 15:54:19,102 from_file: Number of word classes: 42699
2020-08-20 15:54:19,103 from_file: Building neural network.
2020-08-20 15:54:48,033 from_file: Restoring neural network state.
2020-08-20 15:54:48,416 decode: Building word lattice decoder.
2020-08-20 15:54:52,528 __iter__: Reading lattice file `/tmp/55131974/lattices/dspm006_dsp2013_17.lat.gz´.
2020-08-20 15:54:52,555 decode: Utterance `dspm006_dsp2013_17´ -- 1 of job 114
2020-08-20 15:54:53,145 __iter__: Reading lattice file `/tmp/55131974/lattices/dspm017_dsp2013_30.lat.gz´.
2020-08-20 15:54:53,349 decode: Utterance `dspm017_dsp2013_30´ -- 2 of job 114
2020-08-20 15:54:58,179 __iter__: Reading lattice file `/tmp/55131974/lattices/dspm024_dsp2013_14.lat.gz´.
2020-08-20 15:54:58,191 decode: Utterance `dspm024_dsp2013_14´ -- 3 of job 114
2020-08-20 15:54:58,480 __iter__: Reading lattice file `/tmp/55131974/lattices/dspm033_dsp2013_32.lat.gz´.
2020-08-20 15:54:58,579 decode: Utterance `dspm033_dsp2013_32´ -- 4 of job 114
2020-08-20 15:55:01,506 __iter__: Reading lattice file `/tmp/55131974/lattices/dspm043_dsp2013_22.lat.gz´.
2020-08-20 15:55:01,554 decode: Utterance `dspm043_dsp2013_22´ -- 5 of job 114
2020-08-20 15:55:02,630 __iter__: Reading lattice file `/tmp/55131974/lattices/dspm052_dsp2013_16.lat.gz´.
2020-08-20 15:55:02,706 decode: Utterance `dspm052_dsp2013_16´ -- 6 of job 114
2020-08-20 15:55:04,875 __iter__: Reading lattice file `/tmp/55131974/lattices/radiojake_kbk20120915_21.lat.gz´.
2020-08-20 15:55:04,912 decode: Utterance `radiojake_kbk20120915_21´ -- 7 of job 114
/scratch/work/groszt1/envs/theanoLM/lib/python3.7/site-packages/theano/gpuarray/dnn.py:184: UserWarning: Your cuDNN version is more recent than Theano. If you encounter problems, try updating Theano or downgrading cuDNN to a version >= v5 and <= v7.
  warnings.warn("Your cuDNN version is more recent than "
Using cuDNN version 7600 on context None
Mapped name None to device cuda0: Tesla V100-PCIE-32GB (0000:18:00.0)
/scratch/work/groszt1/envs/theanoLM/lib/python3.7/site-packages/h5py-2.9.0-py3.7-linux-x86_64.egg/h5py/_hl/dataset.py:313: H5pyDeprecationWarning: dataset.value has been deprecated. Use dataset[()] instead.
  "Use dataset[()] instead.", H5pyDeprecationWarning)
/scratch/work/groszt1/envs/theanoLM/lib/python3.7/site-packages/h5py-2.9.0-py3.7-linux-x86_64.egg/h5py/_hl/dataset.py:313: H5pyDeprecationWarning: dataset.value has been deprecated. Use dataset[()] instead.
  "Use dataset[()] instead.", H5pyDeprecationWarning)
decode_theanolm finished.
decode devel finished.
