Experiment: theanolm-morph-42k/expt2-sampled
Job ID: 55103527
Task ID: 0
Host: gpu35.int.triton.aalto.fi
Start date: Mon Aug 17 17:24:44 EEST 2020
Work directory: /scratch/work/moisioa3/conv_lm/experiments/theanolm-morph-42k/expt2-sampled
Temporary directory: /tmp/55103527

Currently Loaded Modules:
  1) speech-scripts/2016.05.24-b928230   6) binutils/2.25-GCCcore-5.4.0
  2) srilm/default                       7) GCC/5.4.0-2.25
  3) cuda/10.0.130                       8) libgpuarray/2017.03.29-45c731f
  4) cudnn/7.4.2-cuda                    9) anaconda3/latest
  5) GCCcore/5.4.0

 

/tmp/55103527/lattices
floatX=float32,device=cuda0,base_compiledir=/tmp/theano,exception_verbosity=high,openmp=False
/scratch/work/groszt1/envs/theanoLM/lib/python3.7/site-packages/theano/gpuarray/dnn.py:184: UserWarning: Your cuDNN version is more recent than Theano. If you encounter problems, try updating Theano or downgrading cuDNN to a version >= v5 and <= v7.
  warnings.warn("Your cuDNN version is more recent than "
Using cuDNN version 7600 on context None
Mapped name None to device cuda0: Tesla V100-PCIE-32GB (0000:86:00.0)
TheanoLM 1.3.2
Theano 1.0.4
pygpu 0.7.6
==
+ srun --gres=gpu:1 theanolm decode /scratch/work/moisioa3/conv_lm/experiments/theanolm-morph-42k/expt2-sampled/nnlm.h5 --lattice-list /tmp/55103527/lattices/lattice-list --output-file /scratch/work/moisioa3/conv_lm/experiments/theanolm-morph-42k/expt2-sampled/decode/eval/lambda=0.5-lms=10/0.trn --output trn --nnlm-weight 0.5 --lm-scale 10 --max-tokens-per-node 62 --beam 650 --recombination-order 22 --num-jobs 128 --job 0 --unk-penalty=-20
2020-08-17 17:25:32,493 get_default_device: Context None device="Tesla V100-PCIE-32GB" ID="0000:86:00.0"
2020-08-17 17:25:32,495 from_file: Reading vocabulary from network state.
2020-08-17 17:25:32,710 from_file: Number of words in vocabulary: 42699
2020-08-17 17:25:32,710 from_file: Number of words in shortlist: 42699
2020-08-17 17:25:32,710 from_file: Number of word classes: 42699
2020-08-17 17:25:32,711 from_file: Building neural network.
2020-08-17 17:26:01,108 from_file: Restoring neural network state.
2020-08-17 17:26:02,581 decode: Building word lattice decoder.
2020-08-17 17:26:22,425 __iter__: Reading lattice file `/tmp/55103527/lattices/dspf001_dsp2013_01.lat.gz´.
2020-08-17 17:26:22,552 decode: Utterance `dspf001_dsp2013_01´ -- 1 of job 0
2020-08-17 17:26:28,406 __iter__: Reading lattice file `/tmp/55103527/lattices/dspm030_dsp2013_1720.lat.gz´.
2020-08-17 17:26:29,144 decode: Utterance `dspm030_dsp2013_1720´ -- 2 of job 0
2020-08-17 17:26:47,284 __iter__: Reading lattice file `/tmp/55103527/lattices/radioerkka_puhujainkulma20120930_37.lat.gz´.
2020-08-17 17:26:47,286 decode: Utterance `radioerkka_puhujainkulma20120930_37´ -- 3 of job 0
2020-08-17 17:26:47,362 __iter__: Reading lattice file `/tmp/55103527/lattices/radiokatupaimen_aamushow20120720_82.lat.gz´.
2020-08-17 17:26:47,511 decode: Utterance `radiokatupaimen_aamushow20120720_82´ -- 4 of job 0
2020-08-17 17:26:51,767 __iter__: Reading lattice file `/tmp/55103527/lattices/radioruudolf_aamushow20120720_25.lat.gz´.
2020-08-17 17:26:51,865 decode: Utterance `radioruudolf_aamushow20120720_25´ -- 5 of job 0
/scratch/work/groszt1/envs/theanoLM/lib/python3.7/site-packages/theano/gpuarray/dnn.py:184: UserWarning: Your cuDNN version is more recent than Theano. If you encounter problems, try updating Theano or downgrading cuDNN to a version >= v5 and <= v7.
  warnings.warn("Your cuDNN version is more recent than "
Using cuDNN version 7600 on context None
Mapped name None to device cuda0: Tesla V100-PCIE-32GB (0000:86:00.0)
/scratch/work/groszt1/envs/theanoLM/lib/python3.7/site-packages/h5py-2.9.0-py3.7-linux-x86_64.egg/h5py/_hl/dataset.py:313: H5pyDeprecationWarning: dataset.value has been deprecated. Use dataset[()] instead.
  "Use dataset[()] instead.", H5pyDeprecationWarning)
/scratch/work/groszt1/envs/theanoLM/lib/python3.7/site-packages/h5py-2.9.0-py3.7-linux-x86_64.egg/h5py/_hl/dataset.py:313: H5pyDeprecationWarning: dataset.value has been deprecated. Use dataset[()] instead.
  "Use dataset[()] instead.", H5pyDeprecationWarning)
decode_theanolm finished.
/tmp/55103527/lattices
floatX=float32,device=cuda0,base_compiledir=/tmp/theano,exception_verbosity=high,openmp=False
/scratch/work/groszt1/envs/theanoLM/lib/python3.7/site-packages/theano/gpuarray/dnn.py:184: UserWarning: Your cuDNN version is more recent than Theano. If you encounter problems, try updating Theano or downgrading cuDNN to a version >= v5 and <= v7.
  warnings.warn("Your cuDNN version is more recent than "
Using cuDNN version 7600 on context None
Mapped name None to device cuda0: Tesla V100-PCIE-32GB (0000:86:00.0)
TheanoLM 1.3.2
Theano 1.0.4
pygpu 0.7.6
==
+ srun --gres=gpu:1 theanolm decode /scratch/work/moisioa3/conv_lm/experiments/theanolm-morph-42k/expt2-sampled/nnlm.h5 --lattice-list /tmp/55103527/lattices/lattice-list --output-file /scratch/work/moisioa3/conv_lm/experiments/theanolm-morph-42k/expt2-sampled/decode/eval/lambda=1.0-lms=10/0.trn --output trn --nnlm-weight 1.0 --lm-scale 10 --max-tokens-per-node 62 --beam 650 --recombination-order 22 --num-jobs 128 --job 0 --unk-penalty=-20
2020-08-17 17:27:03,993 get_default_device: Context None device="Tesla V100-PCIE-32GB" ID="0000:86:00.0"
2020-08-17 17:27:03,994 from_file: Reading vocabulary from network state.
2020-08-17 17:27:04,195 from_file: Number of words in vocabulary: 42699
2020-08-17 17:27:04,195 from_file: Number of words in shortlist: 42699
2020-08-17 17:27:04,195 from_file: Number of word classes: 42699
2020-08-17 17:27:04,195 from_file: Building neural network.
2020-08-17 17:27:32,323 from_file: Restoring neural network state.
2020-08-17 17:27:32,700 decode: Building word lattice decoder.
2020-08-17 17:27:36,689 __iter__: Reading lattice file `/tmp/55103527/lattices/dspf001_dsp2013_01.lat.gz´.
2020-08-17 17:27:36,816 decode: Utterance `dspf001_dsp2013_01´ -- 1 of job 0
2020-08-17 17:27:40,221 __iter__: Reading lattice file `/tmp/55103527/lattices/dspm030_dsp2013_1720.lat.gz´.
2020-08-17 17:27:40,980 decode: Utterance `dspm030_dsp2013_1720´ -- 2 of job 0
2020-08-17 17:27:57,987 __iter__: Reading lattice file `/tmp/55103527/lattices/radioerkka_puhujainkulma20120930_37.lat.gz´.
2020-08-17 17:27:57,989 decode: Utterance `radioerkka_puhujainkulma20120930_37´ -- 3 of job 0
2020-08-17 17:27:58,062 __iter__: Reading lattice file `/tmp/55103527/lattices/radiokatupaimen_aamushow20120720_82.lat.gz´.
2020-08-17 17:27:58,215 decode: Utterance `radiokatupaimen_aamushow20120720_82´ -- 4 of job 0
2020-08-17 17:28:02,414 __iter__: Reading lattice file `/tmp/55103527/lattices/radioruudolf_aamushow20120720_25.lat.gz´.
2020-08-17 17:28:02,514 decode: Utterance `radioruudolf_aamushow20120720_25´ -- 5 of job 0
/scratch/work/groszt1/envs/theanoLM/lib/python3.7/site-packages/theano/gpuarray/dnn.py:184: UserWarning: Your cuDNN version is more recent than Theano. If you encounter problems, try updating Theano or downgrading cuDNN to a version >= v5 and <= v7.
  warnings.warn("Your cuDNN version is more recent than "
Using cuDNN version 7600 on context None
Mapped name None to device cuda0: Tesla V100-PCIE-32GB (0000:86:00.0)
/scratch/work/groszt1/envs/theanoLM/lib/python3.7/site-packages/h5py-2.9.0-py3.7-linux-x86_64.egg/h5py/_hl/dataset.py:313: H5pyDeprecationWarning: dataset.value has been deprecated. Use dataset[()] instead.
  "Use dataset[()] instead.", H5pyDeprecationWarning)
/scratch/work/groszt1/envs/theanoLM/lib/python3.7/site-packages/h5py-2.9.0-py3.7-linux-x86_64.egg/h5py/_hl/dataset.py:313: H5pyDeprecationWarning: dataset.value has been deprecated. Use dataset[()] instead.
  "Use dataset[()] instead.", H5pyDeprecationWarning)
decode_theanolm finished.
decode eval finished.
