Experiment: theanolm-morph-42k/expt2-sampled
Job ID: 55088384
Task ID: 47
Host: gpu3.int.triton.aalto.fi
Start date: Sat Aug 15 09:30:26 EEST 2020
Work directory: /scratch/work/moisioa3/conv_lm/experiments/theanolm-morph-42k/expt2-sampled
Temporary directory: /tmp/55088384

Currently Loaded Modules:
  1) speech-scripts/2016.05.24-b928230   6) binutils/2.25-GCCcore-5.4.0
  2) srilm/default                       7) GCC/5.4.0-2.25
  3) cuda/10.0.130                       8) libgpuarray/2017.03.29-45c731f
  4) cudnn/7.4.2-cuda                    9) anaconda3/latest
  5) GCCcore/5.4.0

 

/tmp/55088384/lattices
floatX=float32,device=cuda0,base_compiledir=/tmp/theano,exception_verbosity=high,openmp=False
/scratch/work/groszt1/envs/theanoLM/lib/python3.7/site-packages/theano/gpuarray/dnn.py:184: UserWarning: Your cuDNN version is more recent than Theano. If you encounter problems, try updating Theano or downgrading cuDNN to a version >= v5 and <= v7.
  warnings.warn("Your cuDNN version is more recent than "
Using cuDNN version 7600 on context None
Mapped name None to device cuda0: Tesla V100-PCIE-32GB (0000:AF:00.0)
TheanoLM 1.3.2
Theano 1.0.4
pygpu 0.7.6
==
+ srun --gres=gpu:1 theanolm decode /scratch/work/moisioa3/conv_lm/experiments/theanolm-morph-42k/expt2-sampled/nnlm.h5 --lattice-list /tmp/55088384/lattices/lattice-list --output-file /scratch/work/moisioa3/conv_lm/experiments/theanolm-morph-42k/expt2-sampled/decode/devel/lambda=0.5-lms=8/47.trn --output trn --nnlm-weight 0.5 --lm-scale 8 --max-tokens-per-node 62 --beam 650 --recombination-order 22 --num-jobs 128 --job 47 --unk-penalty=-20
2020-08-15 09:30:37,610 get_default_device: Context None device="Tesla V100-PCIE-32GB" ID="0000:AF:00.0"
2020-08-15 09:30:37,611 from_file: Reading vocabulary from network state.
2020-08-15 09:30:37,823 from_file: Number of words in vocabulary: 42699
2020-08-15 09:30:37,823 from_file: Number of words in shortlist: 42699
2020-08-15 09:30:37,823 from_file: Number of word classes: 42699
2020-08-15 09:30:37,823 from_file: Building neural network.
2020-08-15 09:31:06,357 from_file: Restoring neural network state.
2020-08-15 09:31:06,715 decode: Building word lattice decoder.
2020-08-15 09:31:10,683 __iter__: Reading lattice file `/tmp/55088384/lattices/dspm001_dsp2013_08.lat.gz´.
2020-08-15 09:31:11,863 decode: Utterance `dspm001_dsp2013_08´ -- 1 of job 47
2020-08-15 09:31:45,607 __iter__: Reading lattice file `/tmp/55088384/lattices/dspm011_dsp2013_08.lat.gz´.
2020-08-15 09:31:45,795 decode: Utterance `dspm011_dsp2013_08´ -- 2 of job 47
2020-08-15 09:31:51,657 __iter__: Reading lattice file `/tmp/55088384/lattices/dspm021_dsp2013_04.lat.gz´.
2020-08-15 09:31:51,798 decode: Utterance `dspm021_dsp2013_04´ -- 3 of job 47
2020-08-15 09:31:56,328 __iter__: Reading lattice file `/tmp/55088384/lattices/dspm028_dsp2013_14.lat.gz´.
2020-08-15 09:31:56,595 decode: Utterance `dspm028_dsp2013_14´ -- 4 of job 47
2020-08-15 09:32:02,669 __iter__: Reading lattice file `/tmp/55088384/lattices/dspm039_dsp2013_16.lat.gz´.
2020-08-15 09:32:02,840 decode: Utterance `dspm039_dsp2013_16´ -- 5 of job 47
2020-08-15 09:32:07,900 __iter__: Reading lattice file `/tmp/55088384/lattices/dspm048_dsp2013_12.lat.gz´.
2020-08-15 09:32:08,410 decode: Utterance `dspm048_dsp2013_12´ -- 6 of job 47
2020-08-15 09:32:21,968 __iter__: Reading lattice file `/tmp/55088384/lattices/dspm056_dsp2013_16.lat.gz´.
2020-08-15 09:32:22,150 decode: Utterance `dspm056_dsp2013_16´ -- 7 of job 47
2020-08-15 09:32:26,510 __iter__: Reading lattice file `/tmp/55088384/lattices/radionoona_fym20071218_33.lat.gz´.
2020-08-15 09:32:26,538 decode: Utterance `radionoona_fym20071218_33´ -- 8 of job 47
/scratch/work/groszt1/envs/theanoLM/lib/python3.7/site-packages/theano/gpuarray/dnn.py:184: UserWarning: Your cuDNN version is more recent than Theano. If you encounter problems, try updating Theano or downgrading cuDNN to a version >= v5 and <= v7.
  warnings.warn("Your cuDNN version is more recent than "
Using cuDNN version 7600 on context None
Mapped name None to device cuda0: Tesla V100-PCIE-32GB (0000:AF:00.0)
/scratch/work/groszt1/envs/theanoLM/lib/python3.7/site-packages/h5py-2.9.0-py3.7-linux-x86_64.egg/h5py/_hl/dataset.py:313: H5pyDeprecationWarning: dataset.value has been deprecated. Use dataset[()] instead.
  "Use dataset[()] instead.", H5pyDeprecationWarning)
/scratch/work/groszt1/envs/theanoLM/lib/python3.7/site-packages/h5py-2.9.0-py3.7-linux-x86_64.egg/h5py/_hl/dataset.py:313: H5pyDeprecationWarning: dataset.value has been deprecated. Use dataset[()] instead.
  "Use dataset[()] instead.", H5pyDeprecationWarning)
decode_theanolm finished.
/tmp/55088384/lattices
floatX=float32,device=cuda0,base_compiledir=/tmp/theano,exception_verbosity=high,openmp=False
/scratch/work/groszt1/envs/theanoLM/lib/python3.7/site-packages/theano/gpuarray/dnn.py:184: UserWarning: Your cuDNN version is more recent than Theano. If you encounter problems, try updating Theano or downgrading cuDNN to a version >= v5 and <= v7.
  warnings.warn("Your cuDNN version is more recent than "
Using cuDNN version 7600 on context None
Mapped name None to device cuda0: Tesla V100-PCIE-32GB (0000:AF:00.0)
TheanoLM 1.3.2
Theano 1.0.4
pygpu 0.7.6
==
+ srun --gres=gpu:1 theanolm decode /scratch/work/moisioa3/conv_lm/experiments/theanolm-morph-42k/expt2-sampled/nnlm.h5 --lattice-list /tmp/55088384/lattices/lattice-list --output-file /scratch/work/moisioa3/conv_lm/experiments/theanolm-morph-42k/expt2-sampled/decode/devel/lambda=0.5-lms=9/47.trn --output trn --nnlm-weight 0.5 --lm-scale 9 --max-tokens-per-node 62 --beam 650 --recombination-order 22 --num-jobs 128 --job 47 --unk-penalty=-20
2020-08-15 09:32:34,040 get_default_device: Context None device="Tesla V100-PCIE-32GB" ID="0000:AF:00.0"
2020-08-15 09:32:34,041 from_file: Reading vocabulary from network state.
2020-08-15 09:32:34,273 from_file: Number of words in vocabulary: 42699
2020-08-15 09:32:34,274 from_file: Number of words in shortlist: 42699
2020-08-15 09:32:34,274 from_file: Number of word classes: 42699
2020-08-15 09:32:34,274 from_file: Building neural network.
2020-08-15 09:33:02,865 from_file: Restoring neural network state.
2020-08-15 09:33:03,217 decode: Building word lattice decoder.
2020-08-15 09:33:07,168 __iter__: Reading lattice file `/tmp/55088384/lattices/dspm001_dsp2013_08.lat.gz´.
2020-08-15 09:33:08,306 decode: Utterance `dspm001_dsp2013_08´ -- 1 of job 47
2020-08-15 09:33:44,015 __iter__: Reading lattice file `/tmp/55088384/lattices/dspm011_dsp2013_08.lat.gz´.
2020-08-15 09:33:44,197 decode: Utterance `dspm011_dsp2013_08´ -- 2 of job 47
2020-08-15 09:33:50,072 __iter__: Reading lattice file `/tmp/55088384/lattices/dspm021_dsp2013_04.lat.gz´.
2020-08-15 09:33:50,209 decode: Utterance `dspm021_dsp2013_04´ -- 3 of job 47
2020-08-15 09:33:54,761 __iter__: Reading lattice file `/tmp/55088384/lattices/dspm028_dsp2013_14.lat.gz´.
2020-08-15 09:33:55,020 decode: Utterance `dspm028_dsp2013_14´ -- 4 of job 47
2020-08-15 09:34:01,098 __iter__: Reading lattice file `/tmp/55088384/lattices/dspm039_dsp2013_16.lat.gz´.
2020-08-15 09:34:01,263 decode: Utterance `dspm039_dsp2013_16´ -- 5 of job 47
2020-08-15 09:34:06,409 __iter__: Reading lattice file `/tmp/55088384/lattices/dspm048_dsp2013_12.lat.gz´.
2020-08-15 09:34:06,901 decode: Utterance `dspm048_dsp2013_12´ -- 6 of job 47
2020-08-15 09:34:20,348 __iter__: Reading lattice file `/tmp/55088384/lattices/dspm056_dsp2013_16.lat.gz´.
2020-08-15 09:34:20,525 decode: Utterance `dspm056_dsp2013_16´ -- 7 of job 47
2020-08-15 09:34:24,795 __iter__: Reading lattice file `/tmp/55088384/lattices/radionoona_fym20071218_33.lat.gz´.
2020-08-15 09:34:24,822 decode: Utterance `radionoona_fym20071218_33´ -- 8 of job 47
/scratch/work/groszt1/envs/theanoLM/lib/python3.7/site-packages/theano/gpuarray/dnn.py:184: UserWarning: Your cuDNN version is more recent than Theano. If you encounter problems, try updating Theano or downgrading cuDNN to a version >= v5 and <= v7.
  warnings.warn("Your cuDNN version is more recent than "
Using cuDNN version 7600 on context None
Mapped name None to device cuda0: Tesla V100-PCIE-32GB (0000:AF:00.0)
/scratch/work/groszt1/envs/theanoLM/lib/python3.7/site-packages/h5py-2.9.0-py3.7-linux-x86_64.egg/h5py/_hl/dataset.py:313: H5pyDeprecationWarning: dataset.value has been deprecated. Use dataset[()] instead.
  "Use dataset[()] instead.", H5pyDeprecationWarning)
/scratch/work/groszt1/envs/theanoLM/lib/python3.7/site-packages/h5py-2.9.0-py3.7-linux-x86_64.egg/h5py/_hl/dataset.py:313: H5pyDeprecationWarning: dataset.value has been deprecated. Use dataset[()] instead.
  "Use dataset[()] instead.", H5pyDeprecationWarning)
decode_theanolm finished.
/tmp/55088384/lattices
floatX=float32,device=cuda0,base_compiledir=/tmp/theano,exception_verbosity=high,openmp=False
/scratch/work/groszt1/envs/theanoLM/lib/python3.7/site-packages/theano/gpuarray/dnn.py:184: UserWarning: Your cuDNN version is more recent than Theano. If you encounter problems, try updating Theano or downgrading cuDNN to a version >= v5 and <= v7.
  warnings.warn("Your cuDNN version is more recent than "
Using cuDNN version 7600 on context None
Mapped name None to device cuda0: Tesla V100-PCIE-32GB (0000:AF:00.0)
TheanoLM 1.3.2
Theano 1.0.4
pygpu 0.7.6
==
+ srun --gres=gpu:1 theanolm decode /scratch/work/moisioa3/conv_lm/experiments/theanolm-morph-42k/expt2-sampled/nnlm.h5 --lattice-list /tmp/55088384/lattices/lattice-list --output-file /scratch/work/moisioa3/conv_lm/experiments/theanolm-morph-42k/expt2-sampled/decode/devel/lambda=0.5-lms=10/47.trn --output trn --nnlm-weight 0.5 --lm-scale 10 --max-tokens-per-node 62 --beam 650 --recombination-order 22 --num-jobs 128 --job 47 --unk-penalty=-20
2020-08-15 09:34:32,289 get_default_device: Context None device="Tesla V100-PCIE-32GB" ID="0000:AF:00.0"
2020-08-15 09:34:32,290 from_file: Reading vocabulary from network state.
2020-08-15 09:34:32,500 from_file: Number of words in vocabulary: 42699
2020-08-15 09:34:32,500 from_file: Number of words in shortlist: 42699
2020-08-15 09:34:32,500 from_file: Number of word classes: 42699
2020-08-15 09:34:32,500 from_file: Building neural network.
2020-08-15 09:35:00,912 from_file: Restoring neural network state.
2020-08-15 09:35:01,268 decode: Building word lattice decoder.
2020-08-15 09:35:05,218 __iter__: Reading lattice file `/tmp/55088384/lattices/dspm001_dsp2013_08.lat.gz´.
2020-08-15 09:35:06,368 decode: Utterance `dspm001_dsp2013_08´ -- 1 of job 47
2020-08-15 09:35:43,022 __iter__: Reading lattice file `/tmp/55088384/lattices/dspm011_dsp2013_08.lat.gz´.
2020-08-15 09:35:43,205 decode: Utterance `dspm011_dsp2013_08´ -- 2 of job 47
2020-08-15 09:35:49,244 __iter__: Reading lattice file `/tmp/55088384/lattices/dspm021_dsp2013_04.lat.gz´.
2020-08-15 09:35:49,382 decode: Utterance `dspm021_dsp2013_04´ -- 3 of job 47
2020-08-15 09:35:54,046 __iter__: Reading lattice file `/tmp/55088384/lattices/dspm028_dsp2013_14.lat.gz´.
2020-08-15 09:35:54,305 decode: Utterance `dspm028_dsp2013_14´ -- 4 of job 47
2020-08-15 09:36:00,525 __iter__: Reading lattice file `/tmp/55088384/lattices/dspm039_dsp2013_16.lat.gz´.
2020-08-15 09:36:00,691 decode: Utterance `dspm039_dsp2013_16´ -- 5 of job 47
2020-08-15 09:36:05,978 __iter__: Reading lattice file `/tmp/55088384/lattices/dspm048_dsp2013_12.lat.gz´.
2020-08-15 09:36:06,471 decode: Utterance `dspm048_dsp2013_12´ -- 6 of job 47
2020-08-15 09:36:19,968 __iter__: Reading lattice file `/tmp/55088384/lattices/dspm056_dsp2013_16.lat.gz´.
2020-08-15 09:36:20,145 decode: Utterance `dspm056_dsp2013_16´ -- 7 of job 47
2020-08-15 09:36:24,425 __iter__: Reading lattice file `/tmp/55088384/lattices/radionoona_fym20071218_33.lat.gz´.
2020-08-15 09:36:24,453 decode: Utterance `radionoona_fym20071218_33´ -- 8 of job 47
/scratch/work/groszt1/envs/theanoLM/lib/python3.7/site-packages/theano/gpuarray/dnn.py:184: UserWarning: Your cuDNN version is more recent than Theano. If you encounter problems, try updating Theano or downgrading cuDNN to a version >= v5 and <= v7.
  warnings.warn("Your cuDNN version is more recent than "
Using cuDNN version 7600 on context None
Mapped name None to device cuda0: Tesla V100-PCIE-32GB (0000:AF:00.0)
/scratch/work/groszt1/envs/theanoLM/lib/python3.7/site-packages/h5py-2.9.0-py3.7-linux-x86_64.egg/h5py/_hl/dataset.py:313: H5pyDeprecationWarning: dataset.value has been deprecated. Use dataset[()] instead.
  "Use dataset[()] instead.", H5pyDeprecationWarning)
/scratch/work/groszt1/envs/theanoLM/lib/python3.7/site-packages/h5py-2.9.0-py3.7-linux-x86_64.egg/h5py/_hl/dataset.py:313: H5pyDeprecationWarning: dataset.value has been deprecated. Use dataset[()] instead.
  "Use dataset[()] instead.", H5pyDeprecationWarning)
decode_theanolm finished.
/tmp/55088384/lattices
floatX=float32,device=cuda0,base_compiledir=/tmp/theano,exception_verbosity=high,openmp=False
/scratch/work/groszt1/envs/theanoLM/lib/python3.7/site-packages/theano/gpuarray/dnn.py:184: UserWarning: Your cuDNN version is more recent than Theano. If you encounter problems, try updating Theano or downgrading cuDNN to a version >= v5 and <= v7.
  warnings.warn("Your cuDNN version is more recent than "
Using cuDNN version 7600 on context None
Mapped name None to device cuda0: Tesla V100-PCIE-32GB (0000:AF:00.0)
TheanoLM 1.3.2
Theano 1.0.4
pygpu 0.7.6
==
+ srun --gres=gpu:1 theanolm decode /scratch/work/moisioa3/conv_lm/experiments/theanolm-morph-42k/expt2-sampled/nnlm.h5 --lattice-list /tmp/55088384/lattices/lattice-list --output-file /scratch/work/moisioa3/conv_lm/experiments/theanolm-morph-42k/expt2-sampled/decode/devel/lambda=0.5-lms=11/47.trn --output trn --nnlm-weight 0.5 --lm-scale 11 --max-tokens-per-node 62 --beam 650 --recombination-order 22 --num-jobs 128 --job 47 --unk-penalty=-20
2020-08-15 09:36:31,807 get_default_device: Context None device="Tesla V100-PCIE-32GB" ID="0000:AF:00.0"
2020-08-15 09:36:31,808 from_file: Reading vocabulary from network state.
2020-08-15 09:36:32,020 from_file: Number of words in vocabulary: 42699
2020-08-15 09:36:32,020 from_file: Number of words in shortlist: 42699
2020-08-15 09:36:32,020 from_file: Number of word classes: 42699
2020-08-15 09:36:32,020 from_file: Building neural network.
2020-08-15 09:37:00,354 from_file: Restoring neural network state.
2020-08-15 09:37:00,709 decode: Building word lattice decoder.
2020-08-15 09:37:04,637 __iter__: Reading lattice file `/tmp/55088384/lattices/dspm001_dsp2013_08.lat.gz´.
2020-08-15 09:37:05,796 decode: Utterance `dspm001_dsp2013_08´ -- 1 of job 47
2020-08-15 09:37:42,466 __iter__: Reading lattice file `/tmp/55088384/lattices/dspm011_dsp2013_08.lat.gz´.
2020-08-15 09:37:42,652 decode: Utterance `dspm011_dsp2013_08´ -- 2 of job 47
2020-08-15 09:37:48,574 __iter__: Reading lattice file `/tmp/55088384/lattices/dspm021_dsp2013_04.lat.gz´.
2020-08-15 09:37:48,714 decode: Utterance `dspm021_dsp2013_04´ -- 3 of job 47
2020-08-15 09:37:53,257 __iter__: Reading lattice file `/tmp/55088384/lattices/dspm028_dsp2013_14.lat.gz´.
2020-08-15 09:37:53,519 decode: Utterance `dspm028_dsp2013_14´ -- 4 of job 47
2020-08-15 09:37:59,669 __iter__: Reading lattice file `/tmp/55088384/lattices/dspm039_dsp2013_16.lat.gz´.
2020-08-15 09:37:59,837 decode: Utterance `dspm039_dsp2013_16´ -- 5 of job 47
2020-08-15 09:38:05,078 __iter__: Reading lattice file `/tmp/55088384/lattices/dspm048_dsp2013_12.lat.gz´.
2020-08-15 09:38:05,578 decode: Utterance `dspm048_dsp2013_12´ -- 6 of job 47
2020-08-15 09:38:19,095 __iter__: Reading lattice file `/tmp/55088384/lattices/dspm056_dsp2013_16.lat.gz´.
2020-08-15 09:38:19,273 decode: Utterance `dspm056_dsp2013_16´ -- 7 of job 47
2020-08-15 09:38:23,592 __iter__: Reading lattice file `/tmp/55088384/lattices/radionoona_fym20071218_33.lat.gz´.
2020-08-15 09:38:23,620 decode: Utterance `radionoona_fym20071218_33´ -- 8 of job 47
/scratch/work/groszt1/envs/theanoLM/lib/python3.7/site-packages/theano/gpuarray/dnn.py:184: UserWarning: Your cuDNN version is more recent than Theano. If you encounter problems, try updating Theano or downgrading cuDNN to a version >= v5 and <= v7.
  warnings.warn("Your cuDNN version is more recent than "
Using cuDNN version 7600 on context None
Mapped name None to device cuda0: Tesla V100-PCIE-32GB (0000:AF:00.0)
/scratch/work/groszt1/envs/theanoLM/lib/python3.7/site-packages/h5py-2.9.0-py3.7-linux-x86_64.egg/h5py/_hl/dataset.py:313: H5pyDeprecationWarning: dataset.value has been deprecated. Use dataset[()] instead.
  "Use dataset[()] instead.", H5pyDeprecationWarning)
/scratch/work/groszt1/envs/theanoLM/lib/python3.7/site-packages/h5py-2.9.0-py3.7-linux-x86_64.egg/h5py/_hl/dataset.py:313: H5pyDeprecationWarning: dataset.value has been deprecated. Use dataset[()] instead.
  "Use dataset[()] instead.", H5pyDeprecationWarning)
decode_theanolm finished.
/tmp/55088384/lattices
floatX=float32,device=cuda0,base_compiledir=/tmp/theano,exception_verbosity=high,openmp=False
/scratch/work/groszt1/envs/theanoLM/lib/python3.7/site-packages/theano/gpuarray/dnn.py:184: UserWarning: Your cuDNN version is more recent than Theano. If you encounter problems, try updating Theano or downgrading cuDNN to a version >= v5 and <= v7.
  warnings.warn("Your cuDNN version is more recent than "
Using cuDNN version 7600 on context None
Mapped name None to device cuda0: Tesla V100-PCIE-32GB (0000:AF:00.0)
TheanoLM 1.3.2
Theano 1.0.4
pygpu 0.7.6
==
+ srun --gres=gpu:1 theanolm decode /scratch/work/moisioa3/conv_lm/experiments/theanolm-morph-42k/expt2-sampled/nnlm.h5 --lattice-list /tmp/55088384/lattices/lattice-list --output-file /scratch/work/moisioa3/conv_lm/experiments/theanolm-morph-42k/expt2-sampled/decode/devel/lambda=0.5-lms=12/47.trn --output trn --nnlm-weight 0.5 --lm-scale 12 --max-tokens-per-node 62 --beam 650 --recombination-order 22 --num-jobs 128 --job 47 --unk-penalty=-20
2020-08-15 09:38:31,135 get_default_device: Context None device="Tesla V100-PCIE-32GB" ID="0000:AF:00.0"
2020-08-15 09:38:31,136 from_file: Reading vocabulary from network state.
2020-08-15 09:38:31,344 from_file: Number of words in vocabulary: 42699
2020-08-15 09:38:31,344 from_file: Number of words in shortlist: 42699
2020-08-15 09:38:31,344 from_file: Number of word classes: 42699
2020-08-15 09:38:31,345 from_file: Building neural network.
2020-08-15 09:38:59,877 from_file: Restoring neural network state.
2020-08-15 09:39:00,249 decode: Building word lattice decoder.
2020-08-15 09:39:04,247 __iter__: Reading lattice file `/tmp/55088384/lattices/dspm001_dsp2013_08.lat.gz´.
2020-08-15 09:39:05,413 decode: Utterance `dspm001_dsp2013_08´ -- 1 of job 47
2020-08-15 09:39:42,942 __iter__: Reading lattice file `/tmp/55088384/lattices/dspm011_dsp2013_08.lat.gz´.
2020-08-15 09:39:43,131 decode: Utterance `dspm011_dsp2013_08´ -- 2 of job 47
2020-08-15 09:39:49,053 __iter__: Reading lattice file `/tmp/55088384/lattices/dspm021_dsp2013_04.lat.gz´.
2020-08-15 09:39:49,193 decode: Utterance `dspm021_dsp2013_04´ -- 3 of job 47
2020-08-15 09:39:53,704 __iter__: Reading lattice file `/tmp/55088384/lattices/dspm028_dsp2013_14.lat.gz´.
2020-08-15 09:39:53,969 decode: Utterance `dspm028_dsp2013_14´ -- 4 of job 47
2020-08-15 09:40:00,121 __iter__: Reading lattice file `/tmp/55088384/lattices/dspm039_dsp2013_16.lat.gz´.
2020-08-15 09:40:00,291 decode: Utterance `dspm039_dsp2013_16´ -- 5 of job 47
2020-08-15 09:40:05,546 __iter__: Reading lattice file `/tmp/55088384/lattices/dspm048_dsp2013_12.lat.gz´.
2020-08-15 09:40:06,050 decode: Utterance `dspm048_dsp2013_12´ -- 6 of job 47
2020-08-15 09:40:19,579 __iter__: Reading lattice file `/tmp/55088384/lattices/dspm056_dsp2013_16.lat.gz´.
2020-08-15 09:40:19,758 decode: Utterance `dspm056_dsp2013_16´ -- 7 of job 47
2020-08-15 09:40:24,123 __iter__: Reading lattice file `/tmp/55088384/lattices/radionoona_fym20071218_33.lat.gz´.
2020-08-15 09:40:24,151 decode: Utterance `radionoona_fym20071218_33´ -- 8 of job 47
/scratch/work/groszt1/envs/theanoLM/lib/python3.7/site-packages/theano/gpuarray/dnn.py:184: UserWarning: Your cuDNN version is more recent than Theano. If you encounter problems, try updating Theano or downgrading cuDNN to a version >= v5 and <= v7.
  warnings.warn("Your cuDNN version is more recent than "
Using cuDNN version 7600 on context None
Mapped name None to device cuda0: Tesla V100-PCIE-32GB (0000:AF:00.0)
/scratch/work/groszt1/envs/theanoLM/lib/python3.7/site-packages/h5py-2.9.0-py3.7-linux-x86_64.egg/h5py/_hl/dataset.py:313: H5pyDeprecationWarning: dataset.value has been deprecated. Use dataset[()] instead.
  "Use dataset[()] instead.", H5pyDeprecationWarning)
/scratch/work/groszt1/envs/theanoLM/lib/python3.7/site-packages/h5py-2.9.0-py3.7-linux-x86_64.egg/h5py/_hl/dataset.py:313: H5pyDeprecationWarning: dataset.value has been deprecated. Use dataset[()] instead.
  "Use dataset[()] instead.", H5pyDeprecationWarning)
decode_theanolm finished.
/tmp/55088384/lattices
floatX=float32,device=cuda0,base_compiledir=/tmp/theano,exception_verbosity=high,openmp=False
/scratch/work/groszt1/envs/theanoLM/lib/python3.7/site-packages/theano/gpuarray/dnn.py:184: UserWarning: Your cuDNN version is more recent than Theano. If you encounter problems, try updating Theano or downgrading cuDNN to a version >= v5 and <= v7.
  warnings.warn("Your cuDNN version is more recent than "
Using cuDNN version 7600 on context None
Mapped name None to device cuda0: Tesla V100-PCIE-32GB (0000:AF:00.0)
TheanoLM 1.3.2
Theano 1.0.4
pygpu 0.7.6
==
+ srun --gres=gpu:1 theanolm decode /scratch/work/moisioa3/conv_lm/experiments/theanolm-morph-42k/expt2-sampled/nnlm.h5 --lattice-list /tmp/55088384/lattices/lattice-list --output-file /scratch/work/moisioa3/conv_lm/experiments/theanolm-morph-42k/expt2-sampled/decode/devel/lambda=1.0-lms=8/47.trn --output trn --nnlm-weight 1.0 --lm-scale 8 --max-tokens-per-node 62 --beam 650 --recombination-order 22 --num-jobs 128 --job 47 --unk-penalty=-20
2020-08-15 09:40:32,883 get_default_device: Context None device="Tesla V100-PCIE-32GB" ID="0000:AF:00.0"
2020-08-15 09:40:32,884 from_file: Reading vocabulary from network state.
2020-08-15 09:40:33,090 from_file: Number of words in vocabulary: 42699
2020-08-15 09:40:33,090 from_file: Number of words in shortlist: 42699
2020-08-15 09:40:33,091 from_file: Number of word classes: 42699
2020-08-15 09:40:33,091 from_file: Building neural network.
2020-08-15 09:41:01,584 from_file: Restoring neural network state.
2020-08-15 09:41:01,945 decode: Building word lattice decoder.
2020-08-15 09:41:05,922 __iter__: Reading lattice file `/tmp/55088384/lattices/dspm001_dsp2013_08.lat.gz´.
2020-08-15 09:41:07,114 decode: Utterance `dspm001_dsp2013_08´ -- 1 of job 47
2020-08-15 09:41:37,864 __iter__: Reading lattice file `/tmp/55088384/lattices/dspm011_dsp2013_08.lat.gz´.
2020-08-15 09:41:38,055 decode: Utterance `dspm011_dsp2013_08´ -- 2 of job 47
2020-08-15 09:41:43,440 __iter__: Reading lattice file `/tmp/55088384/lattices/dspm021_dsp2013_04.lat.gz´.
2020-08-15 09:41:43,583 decode: Utterance `dspm021_dsp2013_04´ -- 3 of job 47
2020-08-15 09:41:47,046 __iter__: Reading lattice file `/tmp/55088384/lattices/dspm028_dsp2013_14.lat.gz´.
2020-08-15 09:41:47,316 decode: Utterance `dspm028_dsp2013_14´ -- 4 of job 47
2020-08-15 09:41:52,851 __iter__: Reading lattice file `/tmp/55088384/lattices/dspm039_dsp2013_16.lat.gz´.
2020-08-15 09:41:53,023 decode: Utterance `dspm039_dsp2013_16´ -- 5 of job 47
2020-08-15 09:41:57,569 __iter__: Reading lattice file `/tmp/55088384/lattices/dspm048_dsp2013_12.lat.gz´.
2020-08-15 09:41:58,082 decode: Utterance `dspm048_dsp2013_12´ -- 6 of job 47
2020-08-15 09:42:10,574 __iter__: Reading lattice file `/tmp/55088384/lattices/dspm056_dsp2013_16.lat.gz´.
2020-08-15 09:42:10,759 decode: Utterance `dspm056_dsp2013_16´ -- 7 of job 47
2020-08-15 09:42:14,797 __iter__: Reading lattice file `/tmp/55088384/lattices/radionoona_fym20071218_33.lat.gz´.
2020-08-15 09:42:14,826 decode: Utterance `radionoona_fym20071218_33´ -- 8 of job 47
/scratch/work/groszt1/envs/theanoLM/lib/python3.7/site-packages/theano/gpuarray/dnn.py:184: UserWarning: Your cuDNN version is more recent than Theano. If you encounter problems, try updating Theano or downgrading cuDNN to a version >= v5 and <= v7.
  warnings.warn("Your cuDNN version is more recent than "
Using cuDNN version 7600 on context None
Mapped name None to device cuda0: Tesla V100-PCIE-32GB (0000:AF:00.0)
/scratch/work/groszt1/envs/theanoLM/lib/python3.7/site-packages/h5py-2.9.0-py3.7-linux-x86_64.egg/h5py/_hl/dataset.py:313: H5pyDeprecationWarning: dataset.value has been deprecated. Use dataset[()] instead.
  "Use dataset[()] instead.", H5pyDeprecationWarning)
/scratch/work/groszt1/envs/theanoLM/lib/python3.7/site-packages/h5py-2.9.0-py3.7-linux-x86_64.egg/h5py/_hl/dataset.py:313: H5pyDeprecationWarning: dataset.value has been deprecated. Use dataset[()] instead.
  "Use dataset[()] instead.", H5pyDeprecationWarning)
decode_theanolm finished.
/tmp/55088384/lattices
floatX=float32,device=cuda0,base_compiledir=/tmp/theano,exception_verbosity=high,openmp=False
/scratch/work/groszt1/envs/theanoLM/lib/python3.7/site-packages/theano/gpuarray/dnn.py:184: UserWarning: Your cuDNN version is more recent than Theano. If you encounter problems, try updating Theano or downgrading cuDNN to a version >= v5 and <= v7.
  warnings.warn("Your cuDNN version is more recent than "
Using cuDNN version 7600 on context None
Mapped name None to device cuda0: Tesla V100-PCIE-32GB (0000:AF:00.0)
TheanoLM 1.3.2
Theano 1.0.4
pygpu 0.7.6
==
+ srun --gres=gpu:1 theanolm decode /scratch/work/moisioa3/conv_lm/experiments/theanolm-morph-42k/expt2-sampled/nnlm.h5 --lattice-list /tmp/55088384/lattices/lattice-list --output-file /scratch/work/moisioa3/conv_lm/experiments/theanolm-morph-42k/expt2-sampled/decode/devel/lambda=1.0-lms=9/47.trn --output trn --nnlm-weight 1.0 --lm-scale 9 --max-tokens-per-node 62 --beam 650 --recombination-order 22 --num-jobs 128 --job 47 --unk-penalty=-20
2020-08-15 09:42:22,238 get_default_device: Context None device="Tesla V100-PCIE-32GB" ID="0000:AF:00.0"
2020-08-15 09:42:22,239 from_file: Reading vocabulary from network state.
2020-08-15 09:42:22,449 from_file: Number of words in vocabulary: 42699
2020-08-15 09:42:22,449 from_file: Number of words in shortlist: 42699
2020-08-15 09:42:22,449 from_file: Number of word classes: 42699
2020-08-15 09:42:22,449 from_file: Building neural network.
2020-08-15 09:42:51,564 from_file: Restoring neural network state.
2020-08-15 09:42:51,921 decode: Building word lattice decoder.
2020-08-15 09:42:55,964 __iter__: Reading lattice file `/tmp/55088384/lattices/dspm001_dsp2013_08.lat.gz´.
2020-08-15 09:42:57,165 decode: Utterance `dspm001_dsp2013_08´ -- 1 of job 47
2020-08-15 09:43:27,842 __iter__: Reading lattice file `/tmp/55088384/lattices/dspm011_dsp2013_08.lat.gz´.
2020-08-15 09:43:28,030 decode: Utterance `dspm011_dsp2013_08´ -- 2 of job 47
2020-08-15 09:43:33,430 __iter__: Reading lattice file `/tmp/55088384/lattices/dspm021_dsp2013_04.lat.gz´.
2020-08-15 09:43:33,572 decode: Utterance `dspm021_dsp2013_04´ -- 3 of job 47
2020-08-15 09:43:37,044 __iter__: Reading lattice file `/tmp/55088384/lattices/dspm028_dsp2013_14.lat.gz´.
2020-08-15 09:43:37,312 decode: Utterance `dspm028_dsp2013_14´ -- 4 of job 47
2020-08-15 09:43:42,909 __iter__: Reading lattice file `/tmp/55088384/lattices/dspm039_dsp2013_16.lat.gz´.
2020-08-15 09:43:43,080 decode: Utterance `dspm039_dsp2013_16´ -- 5 of job 47
2020-08-15 09:43:47,622 __iter__: Reading lattice file `/tmp/55088384/lattices/dspm048_dsp2013_12.lat.gz´.
2020-08-15 09:43:48,131 decode: Utterance `dspm048_dsp2013_12´ -- 6 of job 47
2020-08-15 09:44:00,618 __iter__: Reading lattice file `/tmp/55088384/lattices/dspm056_dsp2013_16.lat.gz´.
2020-08-15 09:44:00,800 decode: Utterance `dspm056_dsp2013_16´ -- 7 of job 47
2020-08-15 09:44:04,838 __iter__: Reading lattice file `/tmp/55088384/lattices/radionoona_fym20071218_33.lat.gz´.
2020-08-15 09:44:04,866 decode: Utterance `radionoona_fym20071218_33´ -- 8 of job 47
/scratch/work/groszt1/envs/theanoLM/lib/python3.7/site-packages/theano/gpuarray/dnn.py:184: UserWarning: Your cuDNN version is more recent than Theano. If you encounter problems, try updating Theano or downgrading cuDNN to a version >= v5 and <= v7.
  warnings.warn("Your cuDNN version is more recent than "
Using cuDNN version 7600 on context None
Mapped name None to device cuda0: Tesla V100-PCIE-32GB (0000:AF:00.0)
/scratch/work/groszt1/envs/theanoLM/lib/python3.7/site-packages/h5py-2.9.0-py3.7-linux-x86_64.egg/h5py/_hl/dataset.py:313: H5pyDeprecationWarning: dataset.value has been deprecated. Use dataset[()] instead.
  "Use dataset[()] instead.", H5pyDeprecationWarning)
/scratch/work/groszt1/envs/theanoLM/lib/python3.7/site-packages/h5py-2.9.0-py3.7-linux-x86_64.egg/h5py/_hl/dataset.py:313: H5pyDeprecationWarning: dataset.value has been deprecated. Use dataset[()] instead.
  "Use dataset[()] instead.", H5pyDeprecationWarning)
decode_theanolm finished.
/tmp/55088384/lattices
floatX=float32,device=cuda0,base_compiledir=/tmp/theano,exception_verbosity=high,openmp=False
/scratch/work/groszt1/envs/theanoLM/lib/python3.7/site-packages/theano/gpuarray/dnn.py:184: UserWarning: Your cuDNN version is more recent than Theano. If you encounter problems, try updating Theano or downgrading cuDNN to a version >= v5 and <= v7.
  warnings.warn("Your cuDNN version is more recent than "
Using cuDNN version 7600 on context None
Mapped name None to device cuda0: Tesla V100-PCIE-32GB (0000:AF:00.0)
TheanoLM 1.3.2
Theano 1.0.4
pygpu 0.7.6
==
+ srun --gres=gpu:1 theanolm decode /scratch/work/moisioa3/conv_lm/experiments/theanolm-morph-42k/expt2-sampled/nnlm.h5 --lattice-list /tmp/55088384/lattices/lattice-list --output-file /scratch/work/moisioa3/conv_lm/experiments/theanolm-morph-42k/expt2-sampled/decode/devel/lambda=1.0-lms=10/47.trn --output trn --nnlm-weight 1.0 --lm-scale 10 --max-tokens-per-node 62 --beam 650 --recombination-order 22 --num-jobs 128 --job 47 --unk-penalty=-20
2020-08-15 09:44:12,207 get_default_device: Context None device="Tesla V100-PCIE-32GB" ID="0000:AF:00.0"
2020-08-15 09:44:12,208 from_file: Reading vocabulary from network state.
2020-08-15 09:44:12,418 from_file: Number of words in vocabulary: 42699
2020-08-15 09:44:12,418 from_file: Number of words in shortlist: 42699
2020-08-15 09:44:12,418 from_file: Number of word classes: 42699
2020-08-15 09:44:12,418 from_file: Building neural network.
2020-08-15 09:44:40,973 from_file: Restoring neural network state.
2020-08-15 09:44:41,338 decode: Building word lattice decoder.
2020-08-15 09:44:45,302 __iter__: Reading lattice file `/tmp/55088384/lattices/dspm001_dsp2013_08.lat.gz´.
2020-08-15 09:44:46,488 decode: Utterance `dspm001_dsp2013_08´ -- 1 of job 47
2020-08-15 09:45:17,108 __iter__: Reading lattice file `/tmp/55088384/lattices/dspm011_dsp2013_08.lat.gz´.
2020-08-15 09:45:17,297 decode: Utterance `dspm011_dsp2013_08´ -- 2 of job 47
2020-08-15 09:45:22,664 __iter__: Reading lattice file `/tmp/55088384/lattices/dspm021_dsp2013_04.lat.gz´.
2020-08-15 09:45:22,806 decode: Utterance `dspm021_dsp2013_04´ -- 3 of job 47
2020-08-15 09:45:26,269 __iter__: Reading lattice file `/tmp/55088384/lattices/dspm028_dsp2013_14.lat.gz´.
2020-08-15 09:45:26,538 decode: Utterance `dspm028_dsp2013_14´ -- 4 of job 47
2020-08-15 09:45:32,136 __iter__: Reading lattice file `/tmp/55088384/lattices/dspm039_dsp2013_16.lat.gz´.
2020-08-15 09:45:32,307 decode: Utterance `dspm039_dsp2013_16´ -- 5 of job 47
2020-08-15 09:45:36,836 __iter__: Reading lattice file `/tmp/55088384/lattices/dspm048_dsp2013_12.lat.gz´.
2020-08-15 09:45:37,346 decode: Utterance `dspm048_dsp2013_12´ -- 6 of job 47
2020-08-15 09:45:49,804 __iter__: Reading lattice file `/tmp/55088384/lattices/dspm056_dsp2013_16.lat.gz´.
2020-08-15 09:45:49,987 decode: Utterance `dspm056_dsp2013_16´ -- 7 of job 47
2020-08-15 09:45:54,016 __iter__: Reading lattice file `/tmp/55088384/lattices/radionoona_fym20071218_33.lat.gz´.
2020-08-15 09:45:54,044 decode: Utterance `radionoona_fym20071218_33´ -- 8 of job 47
/scratch/work/groszt1/envs/theanoLM/lib/python3.7/site-packages/theano/gpuarray/dnn.py:184: UserWarning: Your cuDNN version is more recent than Theano. If you encounter problems, try updating Theano or downgrading cuDNN to a version >= v5 and <= v7.
  warnings.warn("Your cuDNN version is more recent than "
Using cuDNN version 7600 on context None
Mapped name None to device cuda0: Tesla V100-PCIE-32GB (0000:AF:00.0)
/scratch/work/groszt1/envs/theanoLM/lib/python3.7/site-packages/h5py-2.9.0-py3.7-linux-x86_64.egg/h5py/_hl/dataset.py:313: H5pyDeprecationWarning: dataset.value has been deprecated. Use dataset[()] instead.
  "Use dataset[()] instead.", H5pyDeprecationWarning)
/scratch/work/groszt1/envs/theanoLM/lib/python3.7/site-packages/h5py-2.9.0-py3.7-linux-x86_64.egg/h5py/_hl/dataset.py:313: H5pyDeprecationWarning: dataset.value has been deprecated. Use dataset[()] instead.
  "Use dataset[()] instead.", H5pyDeprecationWarning)
decode_theanolm finished.
/tmp/55088384/lattices
floatX=float32,device=cuda0,base_compiledir=/tmp/theano,exception_verbosity=high,openmp=False
/scratch/work/groszt1/envs/theanoLM/lib/python3.7/site-packages/theano/gpuarray/dnn.py:184: UserWarning: Your cuDNN version is more recent than Theano. If you encounter problems, try updating Theano or downgrading cuDNN to a version >= v5 and <= v7.
  warnings.warn("Your cuDNN version is more recent than "
Using cuDNN version 7600 on context None
Mapped name None to device cuda0: Tesla V100-PCIE-32GB (0000:AF:00.0)
TheanoLM 1.3.2
Theano 1.0.4
pygpu 0.7.6
==
+ srun --gres=gpu:1 theanolm decode /scratch/work/moisioa3/conv_lm/experiments/theanolm-morph-42k/expt2-sampled/nnlm.h5 --lattice-list /tmp/55088384/lattices/lattice-list --output-file /scratch/work/moisioa3/conv_lm/experiments/theanolm-morph-42k/expt2-sampled/decode/devel/lambda=1.0-lms=11/47.trn --output trn --nnlm-weight 1.0 --lm-scale 11 --max-tokens-per-node 62 --beam 650 --recombination-order 22 --num-jobs 128 --job 47 --unk-penalty=-20
2020-08-15 09:46:02,581 get_default_device: Context None device="Tesla V100-PCIE-32GB" ID="0000:AF:00.0"
2020-08-15 09:46:02,583 from_file: Reading vocabulary from network state.
2020-08-15 09:46:02,790 from_file: Number of words in vocabulary: 42699
2020-08-15 09:46:02,790 from_file: Number of words in shortlist: 42699
2020-08-15 09:46:02,791 from_file: Number of word classes: 42699
2020-08-15 09:46:02,791 from_file: Building neural network.
2020-08-15 09:46:31,706 from_file: Restoring neural network state.
2020-08-15 09:46:32,066 decode: Building word lattice decoder.
2020-08-15 09:46:36,109 __iter__: Reading lattice file `/tmp/55088384/lattices/dspm001_dsp2013_08.lat.gz´.
2020-08-15 09:46:37,280 decode: Utterance `dspm001_dsp2013_08´ -- 1 of job 47
2020-08-15 09:47:07,789 __iter__: Reading lattice file `/tmp/55088384/lattices/dspm011_dsp2013_08.lat.gz´.
2020-08-15 09:47:07,976 decode: Utterance `dspm011_dsp2013_08´ -- 2 of job 47
2020-08-15 09:47:13,320 __iter__: Reading lattice file `/tmp/55088384/lattices/dspm021_dsp2013_04.lat.gz´.
2020-08-15 09:47:13,462 decode: Utterance `dspm021_dsp2013_04´ -- 3 of job 47
2020-08-15 09:47:16,910 __iter__: Reading lattice file `/tmp/55088384/lattices/dspm028_dsp2013_14.lat.gz´.
2020-08-15 09:47:17,175 decode: Utterance `dspm028_dsp2013_14´ -- 4 of job 47
2020-08-15 09:47:22,839 __iter__: Reading lattice file `/tmp/55088384/lattices/dspm039_dsp2013_16.lat.gz´.
2020-08-15 09:47:23,008 decode: Utterance `dspm039_dsp2013_16´ -- 5 of job 47
2020-08-15 09:47:27,520 __iter__: Reading lattice file `/tmp/55088384/lattices/dspm048_dsp2013_12.lat.gz´.
2020-08-15 09:47:28,023 decode: Utterance `dspm048_dsp2013_12´ -- 6 of job 47
2020-08-15 09:47:40,443 __iter__: Reading lattice file `/tmp/55088384/lattices/dspm056_dsp2013_16.lat.gz´.
2020-08-15 09:47:40,622 decode: Utterance `dspm056_dsp2013_16´ -- 7 of job 47
2020-08-15 09:47:44,631 __iter__: Reading lattice file `/tmp/55088384/lattices/radionoona_fym20071218_33.lat.gz´.
2020-08-15 09:47:44,659 decode: Utterance `radionoona_fym20071218_33´ -- 8 of job 47
/scratch/work/groszt1/envs/theanoLM/lib/python3.7/site-packages/theano/gpuarray/dnn.py:184: UserWarning: Your cuDNN version is more recent than Theano. If you encounter problems, try updating Theano or downgrading cuDNN to a version >= v5 and <= v7.
  warnings.warn("Your cuDNN version is more recent than "
Using cuDNN version 7600 on context None
Mapped name None to device cuda0: Tesla V100-PCIE-32GB (0000:AF:00.0)
/scratch/work/groszt1/envs/theanoLM/lib/python3.7/site-packages/h5py-2.9.0-py3.7-linux-x86_64.egg/h5py/_hl/dataset.py:313: H5pyDeprecationWarning: dataset.value has been deprecated. Use dataset[()] instead.
  "Use dataset[()] instead.", H5pyDeprecationWarning)
/scratch/work/groszt1/envs/theanoLM/lib/python3.7/site-packages/h5py-2.9.0-py3.7-linux-x86_64.egg/h5py/_hl/dataset.py:313: H5pyDeprecationWarning: dataset.value has been deprecated. Use dataset[()] instead.
  "Use dataset[()] instead.", H5pyDeprecationWarning)
decode_theanolm finished.
/tmp/55088384/lattices
floatX=float32,device=cuda0,base_compiledir=/tmp/theano,exception_verbosity=high,openmp=False
/scratch/work/groszt1/envs/theanoLM/lib/python3.7/site-packages/theano/gpuarray/dnn.py:184: UserWarning: Your cuDNN version is more recent than Theano. If you encounter problems, try updating Theano or downgrading cuDNN to a version >= v5 and <= v7.
  warnings.warn("Your cuDNN version is more recent than "
Using cuDNN version 7600 on context None
Mapped name None to device cuda0: Tesla V100-PCIE-32GB (0000:AF:00.0)
TheanoLM 1.3.2
Theano 1.0.4
pygpu 0.7.6
==
+ srun --gres=gpu:1 theanolm decode /scratch/work/moisioa3/conv_lm/experiments/theanolm-morph-42k/expt2-sampled/nnlm.h5 --lattice-list /tmp/55088384/lattices/lattice-list --output-file /scratch/work/moisioa3/conv_lm/experiments/theanolm-morph-42k/expt2-sampled/decode/devel/lambda=1.0-lms=12/47.trn --output trn --nnlm-weight 1.0 --lm-scale 12 --max-tokens-per-node 62 --beam 650 --recombination-order 22 --num-jobs 128 --job 47 --unk-penalty=-20
2020-08-15 09:47:52,117 get_default_device: Context None device="Tesla V100-PCIE-32GB" ID="0000:AF:00.0"
2020-08-15 09:47:52,118 from_file: Reading vocabulary from network state.
2020-08-15 09:47:52,327 from_file: Number of words in vocabulary: 42699
2020-08-15 09:47:52,327 from_file: Number of words in shortlist: 42699
2020-08-15 09:47:52,327 from_file: Number of word classes: 42699
2020-08-15 09:47:52,328 from_file: Building neural network.
2020-08-15 09:48:21,213 from_file: Restoring neural network state.
2020-08-15 09:48:21,570 decode: Building word lattice decoder.
2020-08-15 09:48:25,628 __iter__: Reading lattice file `/tmp/55088384/lattices/dspm001_dsp2013_08.lat.gz´.
2020-08-15 09:48:26,793 decode: Utterance `dspm001_dsp2013_08´ -- 1 of job 47
2020-08-15 09:48:57,444 __iter__: Reading lattice file `/tmp/55088384/lattices/dspm011_dsp2013_08.lat.gz´.
2020-08-15 09:48:57,630 decode: Utterance `dspm011_dsp2013_08´ -- 2 of job 47
2020-08-15 09:49:03,004 __iter__: Reading lattice file `/tmp/55088384/lattices/dspm021_dsp2013_04.lat.gz´.
2020-08-15 09:49:03,144 decode: Utterance `dspm021_dsp2013_04´ -- 3 of job 47
2020-08-15 09:49:06,592 __iter__: Reading lattice file `/tmp/55088384/lattices/dspm028_dsp2013_14.lat.gz´.
2020-08-15 09:49:06,855 decode: Utterance `dspm028_dsp2013_14´ -- 4 of job 47
2020-08-15 09:49:12,563 __iter__: Reading lattice file `/tmp/55088384/lattices/dspm039_dsp2013_16.lat.gz´.
2020-08-15 09:49:12,731 decode: Utterance `dspm039_dsp2013_16´ -- 5 of job 47
2020-08-15 09:49:17,267 __iter__: Reading lattice file `/tmp/55088384/lattices/dspm048_dsp2013_12.lat.gz´.
2020-08-15 09:49:17,769 decode: Utterance `dspm048_dsp2013_12´ -- 6 of job 47
2020-08-15 09:49:30,283 __iter__: Reading lattice file `/tmp/55088384/lattices/dspm056_dsp2013_16.lat.gz´.
2020-08-15 09:49:30,462 decode: Utterance `dspm056_dsp2013_16´ -- 7 of job 47
2020-08-15 09:49:34,481 __iter__: Reading lattice file `/tmp/55088384/lattices/radionoona_fym20071218_33.lat.gz´.
2020-08-15 09:49:34,509 decode: Utterance `radionoona_fym20071218_33´ -- 8 of job 47
/scratch/work/groszt1/envs/theanoLM/lib/python3.7/site-packages/theano/gpuarray/dnn.py:184: UserWarning: Your cuDNN version is more recent than Theano. If you encounter problems, try updating Theano or downgrading cuDNN to a version >= v5 and <= v7.
  warnings.warn("Your cuDNN version is more recent than "
Using cuDNN version 7600 on context None
Mapped name None to device cuda0: Tesla V100-PCIE-32GB (0000:AF:00.0)
/scratch/work/groszt1/envs/theanoLM/lib/python3.7/site-packages/h5py-2.9.0-py3.7-linux-x86_64.egg/h5py/_hl/dataset.py:313: H5pyDeprecationWarning: dataset.value has been deprecated. Use dataset[()] instead.
  "Use dataset[()] instead.", H5pyDeprecationWarning)
/scratch/work/groszt1/envs/theanoLM/lib/python3.7/site-packages/h5py-2.9.0-py3.7-linux-x86_64.egg/h5py/_hl/dataset.py:313: H5pyDeprecationWarning: dataset.value has been deprecated. Use dataset[()] instead.
  "Use dataset[()] instead.", H5pyDeprecationWarning)
decode_theanolm finished.
decode devel finished.
