Experiment: theanolm-morph-42k/expt2-sampled
Job ID: 55130965
Task ID: 3
Host: gpu20.int.triton.aalto.fi
Start date: Thu Aug 20 14:48:46 EEST 2020
Work directory: /scratch/work/moisioa3/conv_lm/experiments/theanolm-morph-42k/expt2-sampled
Temporary directory: /tmp/55130965

Currently Loaded Modules:
  1) speech-scripts/2016.05.24-b928230   6) binutils/2.25-GCCcore-5.4.0
  2) srilm/default                       7) GCC/5.4.0-2.25
  3) cuda/10.0.130                       8) libgpuarray/2017.03.29-45c731f
  4) cudnn/7.4.2-cuda                    9) anaconda3/latest
  5) GCCcore/5.4.0

 

/tmp/55130965/lattices
floatX=float32,device=cuda0,base_compiledir=/tmp/theano,exception_verbosity=high,openmp=False
/scratch/work/groszt1/envs/theanoLM/lib/python3.7/site-packages/theano/gpuarray/dnn.py:184: UserWarning: Your cuDNN version is more recent than Theano. If you encounter problems, try updating Theano or downgrading cuDNN to a version >= v5 and <= v7.
  warnings.warn("Your cuDNN version is more recent than "
Using cuDNN version 7600 on context None
Mapped name None to device cuda0: Tesla K80 (0000:05:00.0)
TheanoLM 1.3.2
Theano 1.0.4
pygpu 0.7.6
==
+ srun --gres=gpu:1 theanolm decode /scratch/work/moisioa3/conv_lm/experiments/theanolm-morph-42k/expt2-sampled/nnlm.h5 --lattice-list /tmp/55130965/lattices/lattice-list --output-file /scratch/work/moisioa3/conv_lm/experiments/theanolm-morph-42k/expt2-sampled/decode/devel/lambda=0.5-lms=9/3.trn --output trn --nnlm-weight 0.5 --lm-scale 9 --max-tokens-per-node 62 --beam 650 --recombination-order 22 --num-jobs 128 --job 3 --unk-penalty=-20
2020-08-20 14:49:39,347 get_default_device: Context None device="Tesla K80" ID="0000:05:00.0"
2020-08-20 14:49:39,349 from_file: Reading vocabulary from network state.
2020-08-20 14:49:39,794 from_file: Number of words in vocabulary: 42699
2020-08-20 14:49:39,795 from_file: Number of words in shortlist: 42699
2020-08-20 14:49:39,795 from_file: Number of word classes: 42699
2020-08-20 14:49:39,795 from_file: Building neural network.
2020-08-20 14:50:24,386 from_file: Restoring neural network state.
2020-08-20 14:50:25,037 decode: Building word lattice decoder.
2020-08-20 14:50:51,480 __iter__: Reading lattice file `/tmp/55130965/lattices/dspf004_dsp2013_05.lat.gz´.
2020-08-20 14:50:51,637 decode: Utterance `dspf004_dsp2013_05´ -- 1 of job 3
2020-08-20 14:51:04,278 __iter__: Reading lattice file `/tmp/55130965/lattices/dspm007_dsp2013_13.lat.gz´.
2020-08-20 14:51:04,804 decode: Utterance `dspm007_dsp2013_13´ -- 2 of job 3
2020-08-20 14:51:47,982 __iter__: Reading lattice file `/tmp/55130965/lattices/dspm017_dsp2013_91.lat.gz´.
2020-08-20 14:51:48,063 decode: Utterance `dspm017_dsp2013_91´ -- 3 of job 3
2020-08-20 14:51:52,325 __iter__: Reading lattice file `/tmp/55130965/lattices/dspm025_dsp2013_18.lat.gz´.
2020-08-20 14:51:53,307 decode: Utterance `dspm025_dsp2013_18´ -- 4 of job 3
2020-08-20 14:52:55,745 __iter__: Reading lattice file `/tmp/55130965/lattices/dspm034_dsp2013_09.lat.gz´.
2020-08-20 14:52:55,993 decode: Utterance `dspm034_dsp2013_09´ -- 5 of job 3
2020-08-20 14:53:11,416 __iter__: Reading lattice file `/tmp/55130965/lattices/dspm045_dsp2013_08.lat.gz´.
2020-08-20 14:53:11,479 decode: Utterance `dspm045_dsp2013_08´ -- 6 of job 3
2020-08-20 14:53:14,580 __iter__: Reading lattice file `/tmp/55130965/lattices/dspm054_dsp2013_15.lat.gz´.
2020-08-20 14:53:15,438 decode: Utterance `dspm054_dsp2013_15´ -- 7 of job 3
2020-08-20 14:53:58,907 __iter__: Reading lattice file `/tmp/55130965/lattices/radiojake_kbk20120915_65.lat.gz´.
2020-08-20 14:53:59,059 decode: Utterance `radiojake_kbk20120915_65´ -- 8 of job 3
/scratch/work/groszt1/envs/theanoLM/lib/python3.7/site-packages/theano/gpuarray/dnn.py:184: UserWarning: Your cuDNN version is more recent than Theano. If you encounter problems, try updating Theano or downgrading cuDNN to a version >= v5 and <= v7.
  warnings.warn("Your cuDNN version is more recent than "
Using cuDNN version 7600 on context None
Mapped name None to device cuda0: Tesla K80 (0000:05:00.0)
/scratch/work/groszt1/envs/theanoLM/lib/python3.7/site-packages/h5py-2.9.0-py3.7-linux-x86_64.egg/h5py/_hl/dataset.py:313: H5pyDeprecationWarning: dataset.value has been deprecated. Use dataset[()] instead.
  "Use dataset[()] instead.", H5pyDeprecationWarning)
/scratch/work/groszt1/envs/theanoLM/lib/python3.7/site-packages/h5py-2.9.0-py3.7-linux-x86_64.egg/h5py/_hl/dataset.py:313: H5pyDeprecationWarning: dataset.value has been deprecated. Use dataset[()] instead.
  "Use dataset[()] instead.", H5pyDeprecationWarning)
decode_theanolm finished.
/tmp/55130965/lattices
floatX=float32,device=cuda0,base_compiledir=/tmp/theano,exception_verbosity=high,openmp=False
/scratch/work/groszt1/envs/theanoLM/lib/python3.7/site-packages/theano/gpuarray/dnn.py:184: UserWarning: Your cuDNN version is more recent than Theano. If you encounter problems, try updating Theano or downgrading cuDNN to a version >= v5 and <= v7.
  warnings.warn("Your cuDNN version is more recent than "
Using cuDNN version 7600 on context None
Mapped name None to device cuda0: Tesla K80 (0000:05:00.0)
TheanoLM 1.3.2
Theano 1.0.4
pygpu 0.7.6
==
+ srun --gres=gpu:1 theanolm decode /scratch/work/moisioa3/conv_lm/experiments/theanolm-morph-42k/expt2-sampled/nnlm.h5 --lattice-list /tmp/55130965/lattices/lattice-list --output-file /scratch/work/moisioa3/conv_lm/experiments/theanolm-morph-42k/expt2-sampled/decode/devel/lambda=0.5-lms=10/3.trn --output trn --nnlm-weight 0.5 --lm-scale 10 --max-tokens-per-node 62 --beam 650 --recombination-order 22 --num-jobs 128 --job 3 --unk-penalty=-20
2020-08-20 14:54:15,152 get_default_device: Context None device="Tesla K80" ID="0000:05:00.0"
2020-08-20 14:54:15,153 from_file: Reading vocabulary from network state.
2020-08-20 14:54:15,436 from_file: Number of words in vocabulary: 42699
2020-08-20 14:54:15,436 from_file: Number of words in shortlist: 42699
2020-08-20 14:54:15,437 from_file: Number of word classes: 42699
2020-08-20 14:54:15,437 from_file: Building neural network.
2020-08-20 14:54:59,839 from_file: Restoring neural network state.
2020-08-20 14:55:00,173 decode: Building word lattice decoder.
2020-08-20 14:55:05,720 __iter__: Reading lattice file `/tmp/55130965/lattices/dspf004_dsp2013_05.lat.gz´.
2020-08-20 14:55:05,876 decode: Utterance `dspf004_dsp2013_05´ -- 1 of job 3
2020-08-20 14:55:18,126 __iter__: Reading lattice file `/tmp/55130965/lattices/dspm007_dsp2013_13.lat.gz´.
2020-08-20 14:55:18,654 decode: Utterance `dspm007_dsp2013_13´ -- 2 of job 3
2020-08-20 14:56:03,525 __iter__: Reading lattice file `/tmp/55130965/lattices/dspm017_dsp2013_91.lat.gz´.
2020-08-20 14:56:03,607 decode: Utterance `dspm017_dsp2013_91´ -- 3 of job 3
2020-08-20 14:56:07,861 __iter__: Reading lattice file `/tmp/55130965/lattices/dspm025_dsp2013_18.lat.gz´.
2020-08-20 14:56:08,854 decode: Utterance `dspm025_dsp2013_18´ -- 4 of job 3
2020-08-20 14:57:11,711 __iter__: Reading lattice file `/tmp/55130965/lattices/dspm034_dsp2013_09.lat.gz´.
2020-08-20 14:57:11,982 decode: Utterance `dspm034_dsp2013_09´ -- 5 of job 3
2020-08-20 14:57:27,465 __iter__: Reading lattice file `/tmp/55130965/lattices/dspm045_dsp2013_08.lat.gz´.
2020-08-20 14:57:27,529 decode: Utterance `dspm045_dsp2013_08´ -- 6 of job 3
2020-08-20 14:57:30,629 __iter__: Reading lattice file `/tmp/55130965/lattices/dspm054_dsp2013_15.lat.gz´.
2020-08-20 14:57:31,493 decode: Utterance `dspm054_dsp2013_15´ -- 7 of job 3
2020-08-20 14:58:16,205 __iter__: Reading lattice file `/tmp/55130965/lattices/radiojake_kbk20120915_65.lat.gz´.
2020-08-20 14:58:16,365 decode: Utterance `radiojake_kbk20120915_65´ -- 8 of job 3
/scratch/work/groszt1/envs/theanoLM/lib/python3.7/site-packages/theano/gpuarray/dnn.py:184: UserWarning: Your cuDNN version is more recent than Theano. If you encounter problems, try updating Theano or downgrading cuDNN to a version >= v5 and <= v7.
  warnings.warn("Your cuDNN version is more recent than "
Using cuDNN version 7600 on context None
Mapped name None to device cuda0: Tesla K80 (0000:05:00.0)
/scratch/work/groszt1/envs/theanoLM/lib/python3.7/site-packages/h5py-2.9.0-py3.7-linux-x86_64.egg/h5py/_hl/dataset.py:313: H5pyDeprecationWarning: dataset.value has been deprecated. Use dataset[()] instead.
  "Use dataset[()] instead.", H5pyDeprecationWarning)
/scratch/work/groszt1/envs/theanoLM/lib/python3.7/site-packages/h5py-2.9.0-py3.7-linux-x86_64.egg/h5py/_hl/dataset.py:313: H5pyDeprecationWarning: dataset.value has been deprecated. Use dataset[()] instead.
  "Use dataset[()] instead.", H5pyDeprecationWarning)
decode_theanolm finished.
/tmp/55130965/lattices
floatX=float32,device=cuda0,base_compiledir=/tmp/theano,exception_verbosity=high,openmp=False
/scratch/work/groszt1/envs/theanoLM/lib/python3.7/site-packages/theano/gpuarray/dnn.py:184: UserWarning: Your cuDNN version is more recent than Theano. If you encounter problems, try updating Theano or downgrading cuDNN to a version >= v5 and <= v7.
  warnings.warn("Your cuDNN version is more recent than "
Using cuDNN version 7600 on context None
Mapped name None to device cuda0: Tesla K80 (0000:05:00.0)
TheanoLM 1.3.2
Theano 1.0.4
pygpu 0.7.6
==
+ srun --gres=gpu:1 theanolm decode /scratch/work/moisioa3/conv_lm/experiments/theanolm-morph-42k/expt2-sampled/nnlm.h5 --lattice-list /tmp/55130965/lattices/lattice-list --output-file /scratch/work/moisioa3/conv_lm/experiments/theanolm-morph-42k/expt2-sampled/decode/devel/lambda=1.0-lms=9/3.trn --output trn --nnlm-weight 1.0 --lm-scale 9 --max-tokens-per-node 62 --beam 650 --recombination-order 22 --num-jobs 128 --job 3 --unk-penalty=-20
2020-08-20 14:58:32,500 get_default_device: Context None device="Tesla K80" ID="0000:05:00.0"
2020-08-20 14:58:32,502 from_file: Reading vocabulary from network state.
2020-08-20 14:58:32,789 from_file: Number of words in vocabulary: 42699
2020-08-20 14:58:32,790 from_file: Number of words in shortlist: 42699
2020-08-20 14:58:32,790 from_file: Number of word classes: 42699
2020-08-20 14:58:32,790 from_file: Building neural network.
2020-08-20 14:59:17,060 from_file: Restoring neural network state.
2020-08-20 14:59:17,411 decode: Building word lattice decoder.
2020-08-20 14:59:22,997 __iter__: Reading lattice file `/tmp/55130965/lattices/dspf004_dsp2013_05.lat.gz´.
2020-08-20 14:59:23,155 decode: Utterance `dspf004_dsp2013_05´ -- 1 of job 3
2020-08-20 14:59:33,995 __iter__: Reading lattice file `/tmp/55130965/lattices/dspm007_dsp2013_13.lat.gz´.
2020-08-20 14:59:34,531 decode: Utterance `dspm007_dsp2013_13´ -- 2 of job 3
2020-08-20 15:00:07,346 __iter__: Reading lattice file `/tmp/55130965/lattices/dspm017_dsp2013_91.lat.gz´.
2020-08-20 15:00:07,429 decode: Utterance `dspm017_dsp2013_91´ -- 3 of job 3
2020-08-20 15:00:11,663 __iter__: Reading lattice file `/tmp/55130965/lattices/dspm025_dsp2013_18.lat.gz´.
2020-08-20 15:00:12,669 decode: Utterance `dspm025_dsp2013_18´ -- 4 of job 3
2020-08-20 15:01:09,369 __iter__: Reading lattice file `/tmp/55130965/lattices/dspm034_dsp2013_09.lat.gz´.
2020-08-20 15:01:09,621 decode: Utterance `dspm034_dsp2013_09´ -- 5 of job 3
2020-08-20 15:01:24,289 __iter__: Reading lattice file `/tmp/55130965/lattices/dspm045_dsp2013_08.lat.gz´.
2020-08-20 15:01:24,354 decode: Utterance `dspm045_dsp2013_08´ -- 6 of job 3
2020-08-20 15:01:27,380 __iter__: Reading lattice file `/tmp/55130965/lattices/dspm054_dsp2013_15.lat.gz´.
2020-08-20 15:01:28,255 decode: Utterance `dspm054_dsp2013_15´ -- 7 of job 3
2020-08-20 15:02:09,487 __iter__: Reading lattice file `/tmp/55130965/lattices/radiojake_kbk20120915_65.lat.gz´.
2020-08-20 15:02:09,643 decode: Utterance `radiojake_kbk20120915_65´ -- 8 of job 3
/scratch/work/groszt1/envs/theanoLM/lib/python3.7/site-packages/theano/gpuarray/dnn.py:184: UserWarning: Your cuDNN version is more recent than Theano. If you encounter problems, try updating Theano or downgrading cuDNN to a version >= v5 and <= v7.
  warnings.warn("Your cuDNN version is more recent than "
Using cuDNN version 7600 on context None
Mapped name None to device cuda0: Tesla K80 (0000:05:00.0)
/scratch/work/groszt1/envs/theanoLM/lib/python3.7/site-packages/h5py-2.9.0-py3.7-linux-x86_64.egg/h5py/_hl/dataset.py:313: H5pyDeprecationWarning: dataset.value has been deprecated. Use dataset[()] instead.
  "Use dataset[()] instead.", H5pyDeprecationWarning)
/scratch/work/groszt1/envs/theanoLM/lib/python3.7/site-packages/h5py-2.9.0-py3.7-linux-x86_64.egg/h5py/_hl/dataset.py:313: H5pyDeprecationWarning: dataset.value has been deprecated. Use dataset[()] instead.
  "Use dataset[()] instead.", H5pyDeprecationWarning)
decode_theanolm finished.
/tmp/55130965/lattices
floatX=float32,device=cuda0,base_compiledir=/tmp/theano,exception_verbosity=high,openmp=False
/scratch/work/groszt1/envs/theanoLM/lib/python3.7/site-packages/theano/gpuarray/dnn.py:184: UserWarning: Your cuDNN version is more recent than Theano. If you encounter problems, try updating Theano or downgrading cuDNN to a version >= v5 and <= v7.
  warnings.warn("Your cuDNN version is more recent than "
Using cuDNN version 7600 on context None
Mapped name None to device cuda0: Tesla K80 (0000:05:00.0)
TheanoLM 1.3.2
Theano 1.0.4
pygpu 0.7.6
==
+ srun --gres=gpu:1 theanolm decode /scratch/work/moisioa3/conv_lm/experiments/theanolm-morph-42k/expt2-sampled/nnlm.h5 --lattice-list /tmp/55130965/lattices/lattice-list --output-file /scratch/work/moisioa3/conv_lm/experiments/theanolm-morph-42k/expt2-sampled/decode/devel/lambda=1.0-lms=10/3.trn --output trn --nnlm-weight 1.0 --lm-scale 10 --max-tokens-per-node 62 --beam 650 --recombination-order 22 --num-jobs 128 --job 3 --unk-penalty=-20
2020-08-20 15:02:25,140 get_default_device: Context None device="Tesla K80" ID="0000:05:00.0"
2020-08-20 15:02:25,141 from_file: Reading vocabulary from network state.
2020-08-20 15:02:25,438 from_file: Number of words in vocabulary: 42699
2020-08-20 15:02:25,439 from_file: Number of words in shortlist: 42699
2020-08-20 15:02:25,439 from_file: Number of word classes: 42699
2020-08-20 15:02:25,439 from_file: Building neural network.
2020-08-20 15:03:09,724 from_file: Restoring neural network state.
2020-08-20 15:03:10,048 decode: Building word lattice decoder.
2020-08-20 15:03:15,541 __iter__: Reading lattice file `/tmp/55130965/lattices/dspf004_dsp2013_05.lat.gz´.
2020-08-20 15:03:15,701 decode: Utterance `dspf004_dsp2013_05´ -- 1 of job 3
2020-08-20 15:03:26,431 __iter__: Reading lattice file `/tmp/55130965/lattices/dspm007_dsp2013_13.lat.gz´.
2020-08-20 15:03:26,987 decode: Utterance `dspm007_dsp2013_13´ -- 2 of job 3
2020-08-20 15:03:59,794 __iter__: Reading lattice file `/tmp/55130965/lattices/dspm017_dsp2013_91.lat.gz´.
2020-08-20 15:03:59,877 decode: Utterance `dspm017_dsp2013_91´ -- 3 of job 3
2020-08-20 15:04:04,102 __iter__: Reading lattice file `/tmp/55130965/lattices/dspm025_dsp2013_18.lat.gz´.
2020-08-20 15:04:05,113 decode: Utterance `dspm025_dsp2013_18´ -- 4 of job 3
2020-08-20 15:05:01,918 __iter__: Reading lattice file `/tmp/55130965/lattices/dspm034_dsp2013_09.lat.gz´.
2020-08-20 15:05:02,173 decode: Utterance `dspm034_dsp2013_09´ -- 5 of job 3
2020-08-20 15:05:16,649 __iter__: Reading lattice file `/tmp/55130965/lattices/dspm045_dsp2013_08.lat.gz´.
2020-08-20 15:05:16,713 decode: Utterance `dspm045_dsp2013_08´ -- 6 of job 3
2020-08-20 15:05:19,734 __iter__: Reading lattice file `/tmp/55130965/lattices/dspm054_dsp2013_15.lat.gz´.
2020-08-20 15:05:20,617 decode: Utterance `dspm054_dsp2013_15´ -- 7 of job 3
2020-08-20 15:06:01,893 __iter__: Reading lattice file `/tmp/55130965/lattices/radiojake_kbk20120915_65.lat.gz´.
2020-08-20 15:06:02,050 decode: Utterance `radiojake_kbk20120915_65´ -- 8 of job 3
/scratch/work/groszt1/envs/theanoLM/lib/python3.7/site-packages/theano/gpuarray/dnn.py:184: UserWarning: Your cuDNN version is more recent than Theano. If you encounter problems, try updating Theano or downgrading cuDNN to a version >= v5 and <= v7.
  warnings.warn("Your cuDNN version is more recent than "
Using cuDNN version 7600 on context None
Mapped name None to device cuda0: Tesla K80 (0000:05:00.0)
/scratch/work/groszt1/envs/theanoLM/lib/python3.7/site-packages/h5py-2.9.0-py3.7-linux-x86_64.egg/h5py/_hl/dataset.py:313: H5pyDeprecationWarning: dataset.value has been deprecated. Use dataset[()] instead.
  "Use dataset[()] instead.", H5pyDeprecationWarning)
/scratch/work/groszt1/envs/theanoLM/lib/python3.7/site-packages/h5py-2.9.0-py3.7-linux-x86_64.egg/h5py/_hl/dataset.py:313: H5pyDeprecationWarning: dataset.value has been deprecated. Use dataset[()] instead.
  "Use dataset[()] instead.", H5pyDeprecationWarning)
decode_theanolm finished.
decode devel finished.
