Experiment: theanolm-morph-42k/expt2-sampled
Job ID: 55103776
Task ID: 94
Host: gpu8.int.triton.aalto.fi
Start date: Mon Aug 17 17:31:19 EEST 2020
Work directory: /scratch/work/moisioa3/conv_lm/experiments/theanolm-morph-42k/expt2-sampled
Temporary directory: /tmp/55103776

Currently Loaded Modules:
  1) speech-scripts/2016.05.24-b928230   6) binutils/2.25-GCCcore-5.4.0
  2) srilm/default                       7) GCC/5.4.0-2.25
  3) cuda/10.0.130                       8) libgpuarray/2017.03.29-45c731f
  4) cudnn/7.4.2-cuda                    9) anaconda3/latest
  5) GCCcore/5.4.0

 

/tmp/55103776/lattices
floatX=float32,device=cuda0,base_compiledir=/tmp/theano,exception_verbosity=high,openmp=False
/scratch/work/groszt1/envs/theanoLM/lib/python3.7/site-packages/theano/gpuarray/dnn.py:184: UserWarning: Your cuDNN version is more recent than Theano. If you encounter problems, try updating Theano or downgrading cuDNN to a version >= v5 and <= v7.
  warnings.warn("Your cuDNN version is more recent than "
Using cuDNN version 7600 on context None
Mapped name None to device cuda0: Tesla V100-PCIE-32GB (0000:86:00.0)
TheanoLM 1.3.2
Theano 1.0.4
pygpu 0.7.6
==
+ srun --gres=gpu:1 theanolm decode /scratch/work/moisioa3/conv_lm/experiments/theanolm-morph-42k/expt2-sampled/nnlm.h5 --lattice-list /tmp/55103776/lattices/lattice-list --output-file /scratch/work/moisioa3/conv_lm/experiments/theanolm-morph-42k/expt2-sampled/decode/eval/lambda=0.5-lms=10/94.trn --output trn --nnlm-weight 0.5 --lm-scale 10 --max-tokens-per-node 62 --beam 650 --recombination-order 22 --num-jobs 128 --job 94 --unk-penalty=-20
2020-08-17 17:31:28,707 get_default_device: Context None device="Tesla V100-PCIE-32GB" ID="0000:86:00.0"
2020-08-17 17:31:28,708 from_file: Reading vocabulary from network state.
2020-08-17 17:31:28,930 from_file: Number of words in vocabulary: 42699
2020-08-17 17:31:28,930 from_file: Number of words in shortlist: 42699
2020-08-17 17:31:28,930 from_file: Number of word classes: 42699
2020-08-17 17:31:28,930 from_file: Building neural network.
2020-08-17 17:31:57,558 from_file: Restoring neural network state.
2020-08-17 17:31:57,906 decode: Building word lattice decoder.
2020-08-17 17:32:01,816 __iter__: Reading lattice file `/tmp/55103776/lattices/dspm013_dsp2013_19.lat.gz´.
2020-08-17 17:32:02,455 decode: Utterance `dspm013_dsp2013_19´ -- 1 of job 94
2020-08-17 17:32:23,441 __iter__: Reading lattice file `/tmp/55103776/lattices/dspm053_dsp2013_20.lat.gz´.
2020-08-17 17:32:23,571 decode: Utterance `dspm053_dsp2013_20´ -- 2 of job 94
2020-08-17 17:32:27,349 __iter__: Reading lattice file `/tmp/55103776/lattices/radiokatupaimen_aamushow20120720_36.lat.gz´.
2020-08-17 17:32:27,644 decode: Utterance `radiokatupaimen_aamushow20120720_36´ -- 3 of job 94
2020-08-17 17:32:40,607 __iter__: Reading lattice file `/tmp/55103776/lattices/radioruudolf_aamushow20100713_64.lat.gz´.
2020-08-17 17:32:40,609 decode: Utterance `radioruudolf_aamushow20100713_64´ -- 4 of job 94
/scratch/work/groszt1/envs/theanoLM/lib/python3.7/site-packages/theano/gpuarray/dnn.py:184: UserWarning: Your cuDNN version is more recent than Theano. If you encounter problems, try updating Theano or downgrading cuDNN to a version >= v5 and <= v7.
  warnings.warn("Your cuDNN version is more recent than "
Using cuDNN version 7600 on context None
Mapped name None to device cuda0: Tesla V100-PCIE-32GB (0000:86:00.0)
/scratch/work/groszt1/envs/theanoLM/lib/python3.7/site-packages/h5py-2.9.0-py3.7-linux-x86_64.egg/h5py/_hl/dataset.py:313: H5pyDeprecationWarning: dataset.value has been deprecated. Use dataset[()] instead.
  "Use dataset[()] instead.", H5pyDeprecationWarning)
/scratch/work/groszt1/envs/theanoLM/lib/python3.7/site-packages/h5py-2.9.0-py3.7-linux-x86_64.egg/h5py/_hl/dataset.py:313: H5pyDeprecationWarning: dataset.value has been deprecated. Use dataset[()] instead.
  "Use dataset[()] instead.", H5pyDeprecationWarning)
decode_theanolm finished.
/tmp/55103776/lattices
floatX=float32,device=cuda0,base_compiledir=/tmp/theano,exception_verbosity=high,openmp=False
/scratch/work/groszt1/envs/theanoLM/lib/python3.7/site-packages/theano/gpuarray/dnn.py:184: UserWarning: Your cuDNN version is more recent than Theano. If you encounter problems, try updating Theano or downgrading cuDNN to a version >= v5 and <= v7.
  warnings.warn("Your cuDNN version is more recent than "
Using cuDNN version 7600 on context None
Mapped name None to device cuda0: Tesla V100-PCIE-32GB (0000:86:00.0)
TheanoLM 1.3.2
Theano 1.0.4
pygpu 0.7.6
==
+ srun --gres=gpu:1 theanolm decode /scratch/work/moisioa3/conv_lm/experiments/theanolm-morph-42k/expt2-sampled/nnlm.h5 --lattice-list /tmp/55103776/lattices/lattice-list --output-file /scratch/work/moisioa3/conv_lm/experiments/theanolm-morph-42k/expt2-sampled/decode/eval/lambda=1.0-lms=10/94.trn --output trn --nnlm-weight 1.0 --lm-scale 10 --max-tokens-per-node 62 --beam 650 --recombination-order 22 --num-jobs 128 --job 94 --unk-penalty=-20
2020-08-17 17:32:58,383 get_default_device: Context None device="Tesla V100-PCIE-32GB" ID="0000:86:00.0"
2020-08-17 17:32:58,384 from_file: Reading vocabulary from network state.
2020-08-17 17:32:58,613 from_file: Number of words in vocabulary: 42699
2020-08-17 17:32:58,613 from_file: Number of words in shortlist: 42699
2020-08-17 17:32:58,613 from_file: Number of word classes: 42699
2020-08-17 17:32:58,613 from_file: Building neural network.
2020-08-17 17:33:27,713 from_file: Restoring neural network state.
2020-08-17 17:33:28,063 decode: Building word lattice decoder.
2020-08-17 17:33:31,938 __iter__: Reading lattice file `/tmp/55103776/lattices/dspm013_dsp2013_19.lat.gz´.
2020-08-17 17:33:32,557 decode: Utterance `dspm013_dsp2013_19´ -- 1 of job 94
2020-08-17 17:33:49,368 __iter__: Reading lattice file `/tmp/55103776/lattices/dspm053_dsp2013_20.lat.gz´.
2020-08-17 17:33:49,497 decode: Utterance `dspm053_dsp2013_20´ -- 2 of job 94
2020-08-17 17:33:52,408 __iter__: Reading lattice file `/tmp/55103776/lattices/radiokatupaimen_aamushow20120720_36.lat.gz´.
2020-08-17 17:33:52,699 decode: Utterance `radiokatupaimen_aamushow20120720_36´ -- 3 of job 94
2020-08-17 17:34:03,816 __iter__: Reading lattice file `/tmp/55103776/lattices/radioruudolf_aamushow20100713_64.lat.gz´.
2020-08-17 17:34:03,818 decode: Utterance `radioruudolf_aamushow20100713_64´ -- 4 of job 94
/scratch/work/groszt1/envs/theanoLM/lib/python3.7/site-packages/theano/gpuarray/dnn.py:184: UserWarning: Your cuDNN version is more recent than Theano. If you encounter problems, try updating Theano or downgrading cuDNN to a version >= v5 and <= v7.
  warnings.warn("Your cuDNN version is more recent than "
Using cuDNN version 7600 on context None
Mapped name None to device cuda0: Tesla V100-PCIE-32GB (0000:86:00.0)
/scratch/work/groszt1/envs/theanoLM/lib/python3.7/site-packages/h5py-2.9.0-py3.7-linux-x86_64.egg/h5py/_hl/dataset.py:313: H5pyDeprecationWarning: dataset.value has been deprecated. Use dataset[()] instead.
  "Use dataset[()] instead.", H5pyDeprecationWarning)
/scratch/work/groszt1/envs/theanoLM/lib/python3.7/site-packages/h5py-2.9.0-py3.7-linux-x86_64.egg/h5py/_hl/dataset.py:313: H5pyDeprecationWarning: dataset.value has been deprecated. Use dataset[()] instead.
  "Use dataset[()] instead.", H5pyDeprecationWarning)
decode_theanolm finished.
decode eval finished.
