Experiment: theanolm-morph-42k/expt2-sampled
Job ID: 55088658
Task ID: 97
Host: gpu24.int.triton.aalto.fi
Start date: Sat Aug 15 10:32:06 EEST 2020
Work directory: /scratch/work/moisioa3/conv_lm/experiments/theanolm-morph-42k/expt2-sampled
Temporary directory: /tmp/55088658

Currently Loaded Modules:
  1) speech-scripts/2016.05.24-b928230   6) binutils/2.25-GCCcore-5.4.0
  2) srilm/default                       7) GCC/5.4.0-2.25
  3) cuda/10.0.130                       8) libgpuarray/2017.03.29-45c731f
  4) cudnn/7.4.2-cuda                    9) anaconda3/latest
  5) GCCcore/5.4.0

 

/tmp/55088658/lattices
floatX=float32,device=cuda0,base_compiledir=/tmp/theano,exception_verbosity=high,openmp=False
/scratch/work/groszt1/envs/theanoLM/lib/python3.7/site-packages/theano/gpuarray/dnn.py:184: UserWarning: Your cuDNN version is more recent than Theano. If you encounter problems, try updating Theano or downgrading cuDNN to a version >= v5 and <= v7.
  warnings.warn("Your cuDNN version is more recent than "
Using cuDNN version 7600 on context None
Mapped name None to device cuda0: Tesla P100-PCIE-16GB (0000:83:00.0)
TheanoLM 1.3.2
Theano 1.0.4
pygpu 0.7.6
==
+ srun --gres=gpu:1 theanolm decode /scratch/work/moisioa3/conv_lm/experiments/theanolm-morph-42k/expt2-sampled/nnlm.h5 --lattice-list /tmp/55088658/lattices/lattice-list --output-file /scratch/work/moisioa3/conv_lm/experiments/theanolm-morph-42k/expt2-sampled/decode/devel/lambda=0.5-lms=8/97.trn --output trn --nnlm-weight 0.5 --lm-scale 8 --max-tokens-per-node 62 --beam 650 --recombination-order 22 --num-jobs 128 --job 97 --unk-penalty=-20
2020-08-15 10:32:19,529 get_default_device: Context None device="Tesla P100-PCIE-16GB" ID="0000:83:00.0"
2020-08-15 10:32:19,530 from_file: Reading vocabulary from network state.
2020-08-15 10:32:19,792 from_file: Number of words in vocabulary: 42699
2020-08-15 10:32:19,792 from_file: Number of words in shortlist: 42699
2020-08-15 10:32:19,792 from_file: Number of word classes: 42699
2020-08-15 10:32:19,792 from_file: Building neural network.
2020-08-15 10:33:03,560 from_file: Restoring neural network state.
2020-08-15 10:33:03,909 decode: Building word lattice decoder.
2020-08-15 10:33:09,164 __iter__: Reading lattice file `/tmp/55088658/lattices/dspm005_dsp2013_18.lat.gz´.
2020-08-15 10:33:09,565 decode: Utterance `dspm005_dsp2013_18´ -- 1 of job 97
2020-08-15 10:33:17,255 __iter__: Reading lattice file `/tmp/55088658/lattices/dspm015_dsp2013_12.lat.gz´.
2020-08-15 10:33:17,454 decode: Utterance `dspm015_dsp2013_12´ -- 2 of job 97
2020-08-15 10:33:20,944 __iter__: Reading lattice file `/tmp/55088658/lattices/dspm022_dsp2013_31.lat.gz´.
2020-08-15 10:33:21,468 decode: Utterance `dspm022_dsp2013_31´ -- 3 of job 97
2020-08-15 10:33:38,383 __iter__: Reading lattice file `/tmp/55088658/lattices/dspm032_dsp2013_19.lat.gz´.
2020-08-15 10:33:38,608 decode: Utterance `dspm032_dsp2013_19´ -- 4 of job 97
2020-08-15 10:33:45,752 __iter__: Reading lattice file `/tmp/55088658/lattices/dspm042_dsp2013_21.lat.gz´.
2020-08-15 10:33:45,807 decode: Utterance `dspm042_dsp2013_21´ -- 5 of job 97
2020-08-15 10:33:46,984 __iter__: Reading lattice file `/tmp/55088658/lattices/dspm050_dsp2013_31.lat.gz´.
2020-08-15 10:33:48,187 decode: Utterance `dspm050_dsp2013_31´ -- 6 of job 97
2020-08-15 10:34:22,427 __iter__: Reading lattice file `/tmp/55088658/lattices/radioanne_fym20071218_14.lat.gz´.
2020-08-15 10:34:22,603 decode: Utterance `radioanne_fym20071218_14´ -- 7 of job 97
/scratch/work/groszt1/envs/theanoLM/lib/python3.7/site-packages/theano/gpuarray/dnn.py:184: UserWarning: Your cuDNN version is more recent than Theano. If you encounter problems, try updating Theano or downgrading cuDNN to a version >= v5 and <= v7.
  warnings.warn("Your cuDNN version is more recent than "
Using cuDNN version 7600 on context None
Mapped name None to device cuda0: Tesla P100-PCIE-16GB (0000:83:00.0)
/scratch/work/groszt1/envs/theanoLM/lib/python3.7/site-packages/h5py-2.9.0-py3.7-linux-x86_64.egg/h5py/_hl/dataset.py:313: H5pyDeprecationWarning: dataset.value has been deprecated. Use dataset[()] instead.
  "Use dataset[()] instead.", H5pyDeprecationWarning)
/scratch/work/groszt1/envs/theanoLM/lib/python3.7/site-packages/h5py-2.9.0-py3.7-linux-x86_64.egg/h5py/_hl/dataset.py:313: H5pyDeprecationWarning: dataset.value has been deprecated. Use dataset[()] instead.
  "Use dataset[()] instead.", H5pyDeprecationWarning)
decode_theanolm finished.
/tmp/55088658/lattices
floatX=float32,device=cuda0,base_compiledir=/tmp/theano,exception_verbosity=high,openmp=False
/scratch/work/groszt1/envs/theanoLM/lib/python3.7/site-packages/theano/gpuarray/dnn.py:184: UserWarning: Your cuDNN version is more recent than Theano. If you encounter problems, try updating Theano or downgrading cuDNN to a version >= v5 and <= v7.
  warnings.warn("Your cuDNN version is more recent than "
Using cuDNN version 7600 on context None
Mapped name None to device cuda0: Tesla P100-PCIE-16GB (0000:83:00.0)
TheanoLM 1.3.2
Theano 1.0.4
pygpu 0.7.6
==
+ srun --gres=gpu:1 theanolm decode /scratch/work/moisioa3/conv_lm/experiments/theanolm-morph-42k/expt2-sampled/nnlm.h5 --lattice-list /tmp/55088658/lattices/lattice-list --output-file /scratch/work/moisioa3/conv_lm/experiments/theanolm-morph-42k/expt2-sampled/decode/devel/lambda=0.5-lms=9/97.trn --output trn --nnlm-weight 0.5 --lm-scale 9 --max-tokens-per-node 62 --beam 650 --recombination-order 22 --num-jobs 128 --job 97 --unk-penalty=-20
2020-08-15 10:34:33,620 get_default_device: Context None device="Tesla P100-PCIE-16GB" ID="0000:83:00.0"
2020-08-15 10:34:33,621 from_file: Reading vocabulary from network state.
2020-08-15 10:34:33,889 from_file: Number of words in vocabulary: 42699
2020-08-15 10:34:33,889 from_file: Number of words in shortlist: 42699
2020-08-15 10:34:33,889 from_file: Number of word classes: 42699
2020-08-15 10:34:33,890 from_file: Building neural network.
2020-08-15 10:35:28,097 from_file: Restoring neural network state.
2020-08-15 10:35:28,434 decode: Building word lattice decoder.
2020-08-15 10:35:33,774 __iter__: Reading lattice file `/tmp/55088658/lattices/dspm005_dsp2013_18.lat.gz´.
2020-08-15 10:35:34,162 decode: Utterance `dspm005_dsp2013_18´ -- 1 of job 97
2020-08-15 10:35:42,035 __iter__: Reading lattice file `/tmp/55088658/lattices/dspm015_dsp2013_12.lat.gz´.
2020-08-15 10:35:42,232 decode: Utterance `dspm015_dsp2013_12´ -- 2 of job 97
2020-08-15 10:35:45,734 __iter__: Reading lattice file `/tmp/55088658/lattices/dspm022_dsp2013_31.lat.gz´.
2020-08-15 10:35:46,265 decode: Utterance `dspm022_dsp2013_31´ -- 3 of job 97
2020-08-15 10:36:03,821 __iter__: Reading lattice file `/tmp/55088658/lattices/dspm032_dsp2013_19.lat.gz´.
2020-08-15 10:36:04,056 decode: Utterance `dspm032_dsp2013_19´ -- 4 of job 97
2020-08-15 10:36:11,495 __iter__: Reading lattice file `/tmp/55088658/lattices/dspm042_dsp2013_21.lat.gz´.
2020-08-15 10:36:11,551 decode: Utterance `dspm042_dsp2013_21´ -- 5 of job 97
2020-08-15 10:36:12,784 __iter__: Reading lattice file `/tmp/55088658/lattices/dspm050_dsp2013_31.lat.gz´.
2020-08-15 10:36:14,041 decode: Utterance `dspm050_dsp2013_31´ -- 6 of job 97
2020-08-15 10:36:50,218 __iter__: Reading lattice file `/tmp/55088658/lattices/radioanne_fym20071218_14.lat.gz´.
2020-08-15 10:36:50,394 decode: Utterance `radioanne_fym20071218_14´ -- 7 of job 97
/scratch/work/groszt1/envs/theanoLM/lib/python3.7/site-packages/theano/gpuarray/dnn.py:184: UserWarning: Your cuDNN version is more recent than Theano. If you encounter problems, try updating Theano or downgrading cuDNN to a version >= v5 and <= v7.
  warnings.warn("Your cuDNN version is more recent than "
Using cuDNN version 7600 on context None
Mapped name None to device cuda0: Tesla P100-PCIE-16GB (0000:83:00.0)
/scratch/work/groszt1/envs/theanoLM/lib/python3.7/site-packages/h5py-2.9.0-py3.7-linux-x86_64.egg/h5py/_hl/dataset.py:313: H5pyDeprecationWarning: dataset.value has been deprecated. Use dataset[()] instead.
  "Use dataset[()] instead.", H5pyDeprecationWarning)
/scratch/work/groszt1/envs/theanoLM/lib/python3.7/site-packages/h5py-2.9.0-py3.7-linux-x86_64.egg/h5py/_hl/dataset.py:313: H5pyDeprecationWarning: dataset.value has been deprecated. Use dataset[()] instead.
  "Use dataset[()] instead.", H5pyDeprecationWarning)
decode_theanolm finished.
/tmp/55088658/lattices
floatX=float32,device=cuda0,base_compiledir=/tmp/theano,exception_verbosity=high,openmp=False
/scratch/work/groszt1/envs/theanoLM/lib/python3.7/site-packages/theano/gpuarray/dnn.py:184: UserWarning: Your cuDNN version is more recent than Theano. If you encounter problems, try updating Theano or downgrading cuDNN to a version >= v5 and <= v7.
  warnings.warn("Your cuDNN version is more recent than "
Using cuDNN version 7600 on context None
Mapped name None to device cuda0: Tesla P100-PCIE-16GB (0000:83:00.0)
TheanoLM 1.3.2
Theano 1.0.4
pygpu 0.7.6
==
+ srun --gres=gpu:1 theanolm decode /scratch/work/moisioa3/conv_lm/experiments/theanolm-morph-42k/expt2-sampled/nnlm.h5 --lattice-list /tmp/55088658/lattices/lattice-list --output-file /scratch/work/moisioa3/conv_lm/experiments/theanolm-morph-42k/expt2-sampled/decode/devel/lambda=0.5-lms=10/97.trn --output trn --nnlm-weight 0.5 --lm-scale 10 --max-tokens-per-node 62 --beam 650 --recombination-order 22 --num-jobs 128 --job 97 --unk-penalty=-20
2020-08-15 10:37:12,264 get_default_device: Context None device="Tesla P100-PCIE-16GB" ID="0000:83:00.0"
2020-08-15 10:37:12,265 from_file: Reading vocabulary from network state.
2020-08-15 10:37:12,532 from_file: Number of words in vocabulary: 42699
2020-08-15 10:37:12,533 from_file: Number of words in shortlist: 42699
2020-08-15 10:37:12,533 from_file: Number of word classes: 42699
2020-08-15 10:37:12,533 from_file: Building neural network.
2020-08-15 10:37:54,915 from_file: Restoring neural network state.
2020-08-15 10:37:55,252 decode: Building word lattice decoder.
2020-08-15 10:38:00,646 __iter__: Reading lattice file `/tmp/55088658/lattices/dspm005_dsp2013_18.lat.gz´.
2020-08-15 10:38:00,963 decode: Utterance `dspm005_dsp2013_18´ -- 1 of job 97
2020-08-15 10:38:09,035 __iter__: Reading lattice file `/tmp/55088658/lattices/dspm015_dsp2013_12.lat.gz´.
2020-08-15 10:38:09,235 decode: Utterance `dspm015_dsp2013_12´ -- 2 of job 97
2020-08-15 10:38:12,885 __iter__: Reading lattice file `/tmp/55088658/lattices/dspm022_dsp2013_31.lat.gz´.
2020-08-15 10:38:13,416 decode: Utterance `dspm022_dsp2013_31´ -- 3 of job 97
2020-08-15 10:38:31,949 __iter__: Reading lattice file `/tmp/55088658/lattices/dspm032_dsp2013_19.lat.gz´.
2020-08-15 10:38:32,174 decode: Utterance `dspm032_dsp2013_19´ -- 4 of job 97
2020-08-15 10:38:39,529 __iter__: Reading lattice file `/tmp/55088658/lattices/dspm042_dsp2013_21.lat.gz´.
2020-08-15 10:38:39,585 decode: Utterance `dspm042_dsp2013_21´ -- 5 of job 97
2020-08-15 10:38:40,832 __iter__: Reading lattice file `/tmp/55088658/lattices/dspm050_dsp2013_31.lat.gz´.
2020-08-15 10:38:42,055 decode: Utterance `dspm050_dsp2013_31´ -- 6 of job 97
2020-08-15 10:39:14,802 __iter__: Reading lattice file `/tmp/55088658/lattices/radioanne_fym20071218_14.lat.gz´.
2020-08-15 10:39:14,971 decode: Utterance `radioanne_fym20071218_14´ -- 7 of job 97
/scratch/work/groszt1/envs/theanoLM/lib/python3.7/site-packages/theano/gpuarray/dnn.py:184: UserWarning: Your cuDNN version is more recent than Theano. If you encounter problems, try updating Theano or downgrading cuDNN to a version >= v5 and <= v7.
  warnings.warn("Your cuDNN version is more recent than "
Using cuDNN version 7600 on context None
Mapped name None to device cuda0: Tesla P100-PCIE-16GB (0000:83:00.0)
/scratch/work/groszt1/envs/theanoLM/lib/python3.7/site-packages/h5py-2.9.0-py3.7-linux-x86_64.egg/h5py/_hl/dataset.py:313: H5pyDeprecationWarning: dataset.value has been deprecated. Use dataset[()] instead.
  "Use dataset[()] instead.", H5pyDeprecationWarning)
/scratch/work/groszt1/envs/theanoLM/lib/python3.7/site-packages/h5py-2.9.0-py3.7-linux-x86_64.egg/h5py/_hl/dataset.py:313: H5pyDeprecationWarning: dataset.value has been deprecated. Use dataset[()] instead.
  "Use dataset[()] instead.", H5pyDeprecationWarning)
decode_theanolm finished.
/tmp/55088658/lattices
floatX=float32,device=cuda0,base_compiledir=/tmp/theano,exception_verbosity=high,openmp=False
/scratch/work/groszt1/envs/theanoLM/lib/python3.7/site-packages/theano/gpuarray/dnn.py:184: UserWarning: Your cuDNN version is more recent than Theano. If you encounter problems, try updating Theano or downgrading cuDNN to a version >= v5 and <= v7.
  warnings.warn("Your cuDNN version is more recent than "
Using cuDNN version 7600 on context None
Mapped name None to device cuda0: Tesla P100-PCIE-16GB (0000:83:00.0)
TheanoLM 1.3.2
Theano 1.0.4
pygpu 0.7.6
==
+ srun --gres=gpu:1 theanolm decode /scratch/work/moisioa3/conv_lm/experiments/theanolm-morph-42k/expt2-sampled/nnlm.h5 --lattice-list /tmp/55088658/lattices/lattice-list --output-file /scratch/work/moisioa3/conv_lm/experiments/theanolm-morph-42k/expt2-sampled/decode/devel/lambda=0.5-lms=11/97.trn --output trn --nnlm-weight 0.5 --lm-scale 11 --max-tokens-per-node 62 --beam 650 --recombination-order 22 --num-jobs 128 --job 97 --unk-penalty=-20
2020-08-15 10:39:25,827 get_default_device: Context None device="Tesla P100-PCIE-16GB" ID="0000:83:00.0"
2020-08-15 10:39:25,828 from_file: Reading vocabulary from network state.
2020-08-15 10:39:26,096 from_file: Number of words in vocabulary: 42699
2020-08-15 10:39:26,096 from_file: Number of words in shortlist: 42699
2020-08-15 10:39:26,096 from_file: Number of word classes: 42699
2020-08-15 10:39:26,097 from_file: Building neural network.
2020-08-15 10:40:08,801 from_file: Restoring neural network state.
2020-08-15 10:40:09,162 decode: Building word lattice decoder.
2020-08-15 10:40:14,393 __iter__: Reading lattice file `/tmp/55088658/lattices/dspm005_dsp2013_18.lat.gz´.
2020-08-15 10:40:14,692 decode: Utterance `dspm005_dsp2013_18´ -- 1 of job 97
2020-08-15 10:40:22,707 __iter__: Reading lattice file `/tmp/55088658/lattices/dspm015_dsp2013_12.lat.gz´.
2020-08-15 10:40:22,907 decode: Utterance `dspm015_dsp2013_12´ -- 2 of job 97
2020-08-15 10:40:26,818 __iter__: Reading lattice file `/tmp/55088658/lattices/dspm022_dsp2013_31.lat.gz´.
2020-08-15 10:40:27,375 decode: Utterance `dspm022_dsp2013_31´ -- 3 of job 97
2020-08-15 10:40:49,315 __iter__: Reading lattice file `/tmp/55088658/lattices/dspm032_dsp2013_19.lat.gz´.
2020-08-15 10:40:49,581 decode: Utterance `dspm032_dsp2013_19´ -- 4 of job 97
2020-08-15 10:40:58,238 __iter__: Reading lattice file `/tmp/55088658/lattices/dspm042_dsp2013_21.lat.gz´.
2020-08-15 10:40:58,293 decode: Utterance `dspm042_dsp2013_21´ -- 5 of job 97
2020-08-15 10:40:59,582 __iter__: Reading lattice file `/tmp/55088658/lattices/dspm050_dsp2013_31.lat.gz´.
2020-08-15 10:41:00,946 decode: Utterance `dspm050_dsp2013_31´ -- 6 of job 97
2020-08-15 10:41:34,818 __iter__: Reading lattice file `/tmp/55088658/lattices/radioanne_fym20071218_14.lat.gz´.
2020-08-15 10:41:34,991 decode: Utterance `radioanne_fym20071218_14´ -- 7 of job 97
/scratch/work/groszt1/envs/theanoLM/lib/python3.7/site-packages/theano/gpuarray/dnn.py:184: UserWarning: Your cuDNN version is more recent than Theano. If you encounter problems, try updating Theano or downgrading cuDNN to a version >= v5 and <= v7.
  warnings.warn("Your cuDNN version is more recent than "
Using cuDNN version 7600 on context None
Mapped name None to device cuda0: Tesla P100-PCIE-16GB (0000:83:00.0)
/scratch/work/groszt1/envs/theanoLM/lib/python3.7/site-packages/h5py-2.9.0-py3.7-linux-x86_64.egg/h5py/_hl/dataset.py:313: H5pyDeprecationWarning: dataset.value has been deprecated. Use dataset[()] instead.
  "Use dataset[()] instead.", H5pyDeprecationWarning)
/scratch/work/groszt1/envs/theanoLM/lib/python3.7/site-packages/h5py-2.9.0-py3.7-linux-x86_64.egg/h5py/_hl/dataset.py:313: H5pyDeprecationWarning: dataset.value has been deprecated. Use dataset[()] instead.
  "Use dataset[()] instead.", H5pyDeprecationWarning)
decode_theanolm finished.
/tmp/55088658/lattices
floatX=float32,device=cuda0,base_compiledir=/tmp/theano,exception_verbosity=high,openmp=False
/scratch/work/groszt1/envs/theanoLM/lib/python3.7/site-packages/theano/gpuarray/dnn.py:184: UserWarning: Your cuDNN version is more recent than Theano. If you encounter problems, try updating Theano or downgrading cuDNN to a version >= v5 and <= v7.
  warnings.warn("Your cuDNN version is more recent than "
Using cuDNN version 7600 on context None
Mapped name None to device cuda0: Tesla P100-PCIE-16GB (0000:83:00.0)
TheanoLM 1.3.2
Theano 1.0.4
pygpu 0.7.6
==
+ srun --gres=gpu:1 theanolm decode /scratch/work/moisioa3/conv_lm/experiments/theanolm-morph-42k/expt2-sampled/nnlm.h5 --lattice-list /tmp/55088658/lattices/lattice-list --output-file /scratch/work/moisioa3/conv_lm/experiments/theanolm-morph-42k/expt2-sampled/decode/devel/lambda=0.5-lms=12/97.trn --output trn --nnlm-weight 0.5 --lm-scale 12 --max-tokens-per-node 62 --beam 650 --recombination-order 22 --num-jobs 128 --job 97 --unk-penalty=-20
2020-08-15 10:41:45,981 get_default_device: Context None device="Tesla P100-PCIE-16GB" ID="0000:83:00.0"
2020-08-15 10:41:45,983 from_file: Reading vocabulary from network state.
2020-08-15 10:41:46,249 from_file: Number of words in vocabulary: 42699
2020-08-15 10:41:46,249 from_file: Number of words in shortlist: 42699
2020-08-15 10:41:46,249 from_file: Number of word classes: 42699
2020-08-15 10:41:46,249 from_file: Building neural network.
2020-08-15 10:42:28,920 from_file: Restoring neural network state.
2020-08-15 10:42:29,262 decode: Building word lattice decoder.
2020-08-15 10:42:34,643 __iter__: Reading lattice file `/tmp/55088658/lattices/dspm005_dsp2013_18.lat.gz´.
2020-08-15 10:42:34,958 decode: Utterance `dspm005_dsp2013_18´ -- 1 of job 97
2020-08-15 10:42:42,876 __iter__: Reading lattice file `/tmp/55088658/lattices/dspm015_dsp2013_12.lat.gz´.
2020-08-15 10:42:43,078 decode: Utterance `dspm015_dsp2013_12´ -- 2 of job 97
2020-08-15 10:42:46,586 __iter__: Reading lattice file `/tmp/55088658/lattices/dspm022_dsp2013_31.lat.gz´.
2020-08-15 10:42:47,124 decode: Utterance `dspm022_dsp2013_31´ -- 3 of job 97
2020-08-15 10:43:05,833 __iter__: Reading lattice file `/tmp/55088658/lattices/dspm032_dsp2013_19.lat.gz´.
2020-08-15 10:43:06,066 decode: Utterance `dspm032_dsp2013_19´ -- 4 of job 97
2020-08-15 10:43:13,486 __iter__: Reading lattice file `/tmp/55088658/lattices/dspm042_dsp2013_21.lat.gz´.
2020-08-15 10:43:13,540 decode: Utterance `dspm042_dsp2013_21´ -- 5 of job 97
2020-08-15 10:43:14,752 __iter__: Reading lattice file `/tmp/55088658/lattices/dspm050_dsp2013_31.lat.gz´.
2020-08-15 10:43:16,009 decode: Utterance `dspm050_dsp2013_31´ -- 6 of job 97
2020-08-15 10:43:49,907 __iter__: Reading lattice file `/tmp/55088658/lattices/radioanne_fym20071218_14.lat.gz´.
2020-08-15 10:43:50,081 decode: Utterance `radioanne_fym20071218_14´ -- 7 of job 97
/scratch/work/groszt1/envs/theanoLM/lib/python3.7/site-packages/theano/gpuarray/dnn.py:184: UserWarning: Your cuDNN version is more recent than Theano. If you encounter problems, try updating Theano or downgrading cuDNN to a version >= v5 and <= v7.
  warnings.warn("Your cuDNN version is more recent than "
Using cuDNN version 7600 on context None
Mapped name None to device cuda0: Tesla P100-PCIE-16GB (0000:83:00.0)
/scratch/work/groszt1/envs/theanoLM/lib/python3.7/site-packages/h5py-2.9.0-py3.7-linux-x86_64.egg/h5py/_hl/dataset.py:313: H5pyDeprecationWarning: dataset.value has been deprecated. Use dataset[()] instead.
  "Use dataset[()] instead.", H5pyDeprecationWarning)
/scratch/work/groszt1/envs/theanoLM/lib/python3.7/site-packages/h5py-2.9.0-py3.7-linux-x86_64.egg/h5py/_hl/dataset.py:313: H5pyDeprecationWarning: dataset.value has been deprecated. Use dataset[()] instead.
  "Use dataset[()] instead.", H5pyDeprecationWarning)
decode_theanolm finished.
/tmp/55088658/lattices
floatX=float32,device=cuda0,base_compiledir=/tmp/theano,exception_verbosity=high,openmp=False
/scratch/work/groszt1/envs/theanoLM/lib/python3.7/site-packages/theano/gpuarray/dnn.py:184: UserWarning: Your cuDNN version is more recent than Theano. If you encounter problems, try updating Theano or downgrading cuDNN to a version >= v5 and <= v7.
  warnings.warn("Your cuDNN version is more recent than "
Using cuDNN version 7600 on context None
Mapped name None to device cuda0: Tesla P100-PCIE-16GB (0000:83:00.0)
TheanoLM 1.3.2
Theano 1.0.4
pygpu 0.7.6
==
+ srun --gres=gpu:1 theanolm decode /scratch/work/moisioa3/conv_lm/experiments/theanolm-morph-42k/expt2-sampled/nnlm.h5 --lattice-list /tmp/55088658/lattices/lattice-list --output-file /scratch/work/moisioa3/conv_lm/experiments/theanolm-morph-42k/expt2-sampled/decode/devel/lambda=1.0-lms=8/97.trn --output trn --nnlm-weight 1.0 --lm-scale 8 --max-tokens-per-node 62 --beam 650 --recombination-order 22 --num-jobs 128 --job 97 --unk-penalty=-20
2020-08-15 10:44:00,957 get_default_device: Context None device="Tesla P100-PCIE-16GB" ID="0000:83:00.0"
2020-08-15 10:44:00,959 from_file: Reading vocabulary from network state.
2020-08-15 10:44:01,229 from_file: Number of words in vocabulary: 42699
2020-08-15 10:44:01,230 from_file: Number of words in shortlist: 42699
2020-08-15 10:44:01,230 from_file: Number of word classes: 42699
2020-08-15 10:44:01,230 from_file: Building neural network.
2020-08-15 10:44:45,661 from_file: Restoring neural network state.
2020-08-15 10:44:46,014 decode: Building word lattice decoder.
2020-08-15 10:45:00,478 __iter__: Reading lattice file `/tmp/55088658/lattices/dspm005_dsp2013_18.lat.gz´.
2020-08-15 10:45:00,810 decode: Utterance `dspm005_dsp2013_18´ -- 1 of job 97
2020-08-15 10:45:08,414 __iter__: Reading lattice file `/tmp/55088658/lattices/dspm015_dsp2013_12.lat.gz´.
2020-08-15 10:45:08,627 decode: Utterance `dspm015_dsp2013_12´ -- 2 of job 97
2020-08-15 10:45:12,325 __iter__: Reading lattice file `/tmp/55088658/lattices/dspm022_dsp2013_31.lat.gz´.
2020-08-15 10:45:12,871 decode: Utterance `dspm022_dsp2013_31´ -- 3 of job 97
2020-08-15 10:45:27,903 __iter__: Reading lattice file `/tmp/55088658/lattices/dspm032_dsp2013_19.lat.gz´.
2020-08-15 10:45:28,136 decode: Utterance `dspm032_dsp2013_19´ -- 4 of job 97
2020-08-15 10:45:34,337 __iter__: Reading lattice file `/tmp/55088658/lattices/dspm042_dsp2013_21.lat.gz´.
2020-08-15 10:45:34,391 decode: Utterance `dspm042_dsp2013_21´ -- 5 of job 97
2020-08-15 10:45:35,547 __iter__: Reading lattice file `/tmp/55088658/lattices/dspm050_dsp2013_31.lat.gz´.
2020-08-15 10:45:36,787 decode: Utterance `dspm050_dsp2013_31´ -- 6 of job 97
2020-08-15 10:46:05,417 __iter__: Reading lattice file `/tmp/55088658/lattices/radioanne_fym20071218_14.lat.gz´.
2020-08-15 10:46:05,588 decode: Utterance `radioanne_fym20071218_14´ -- 7 of job 97
/scratch/work/groszt1/envs/theanoLM/lib/python3.7/site-packages/theano/gpuarray/dnn.py:184: UserWarning: Your cuDNN version is more recent than Theano. If you encounter problems, try updating Theano or downgrading cuDNN to a version >= v5 and <= v7.
  warnings.warn("Your cuDNN version is more recent than "
Using cuDNN version 7600 on context None
Mapped name None to device cuda0: Tesla P100-PCIE-16GB (0000:83:00.0)
/scratch/work/groszt1/envs/theanoLM/lib/python3.7/site-packages/h5py-2.9.0-py3.7-linux-x86_64.egg/h5py/_hl/dataset.py:313: H5pyDeprecationWarning: dataset.value has been deprecated. Use dataset[()] instead.
  "Use dataset[()] instead.", H5pyDeprecationWarning)
/scratch/work/groszt1/envs/theanoLM/lib/python3.7/site-packages/h5py-2.9.0-py3.7-linux-x86_64.egg/h5py/_hl/dataset.py:313: H5pyDeprecationWarning: dataset.value has been deprecated. Use dataset[()] instead.
  "Use dataset[()] instead.", H5pyDeprecationWarning)
decode_theanolm finished.
/tmp/55088658/lattices
floatX=float32,device=cuda0,base_compiledir=/tmp/theano,exception_verbosity=high,openmp=False
/scratch/work/groszt1/envs/theanoLM/lib/python3.7/site-packages/theano/gpuarray/dnn.py:184: UserWarning: Your cuDNN version is more recent than Theano. If you encounter problems, try updating Theano or downgrading cuDNN to a version >= v5 and <= v7.
  warnings.warn("Your cuDNN version is more recent than "
Using cuDNN version 7600 on context None
Mapped name None to device cuda0: Tesla P100-PCIE-16GB (0000:83:00.0)
TheanoLM 1.3.2
Theano 1.0.4
pygpu 0.7.6
==
+ srun --gres=gpu:1 theanolm decode /scratch/work/moisioa3/conv_lm/experiments/theanolm-morph-42k/expt2-sampled/nnlm.h5 --lattice-list /tmp/55088658/lattices/lattice-list --output-file /scratch/work/moisioa3/conv_lm/experiments/theanolm-morph-42k/expt2-sampled/decode/devel/lambda=1.0-lms=9/97.trn --output trn --nnlm-weight 1.0 --lm-scale 9 --max-tokens-per-node 62 --beam 650 --recombination-order 22 --num-jobs 128 --job 97 --unk-penalty=-20
2020-08-15 10:46:16,455 get_default_device: Context None device="Tesla P100-PCIE-16GB" ID="0000:83:00.0"
2020-08-15 10:46:16,456 from_file: Reading vocabulary from network state.
2020-08-15 10:46:16,706 from_file: Number of words in vocabulary: 42699
2020-08-15 10:46:16,706 from_file: Number of words in shortlist: 42699
2020-08-15 10:46:16,706 from_file: Number of word classes: 42699
2020-08-15 10:46:16,706 from_file: Building neural network.
2020-08-15 10:47:02,223 from_file: Restoring neural network state.
2020-08-15 10:47:02,563 decode: Building word lattice decoder.
2020-08-15 10:47:08,169 __iter__: Reading lattice file `/tmp/55088658/lattices/dspm005_dsp2013_18.lat.gz´.
2020-08-15 10:47:08,494 decode: Utterance `dspm005_dsp2013_18´ -- 1 of job 97
2020-08-15 10:47:16,026 __iter__: Reading lattice file `/tmp/55088658/lattices/dspm015_dsp2013_12.lat.gz´.
2020-08-15 10:47:16,232 decode: Utterance `dspm015_dsp2013_12´ -- 2 of job 97
2020-08-15 10:47:19,852 __iter__: Reading lattice file `/tmp/55088658/lattices/dspm022_dsp2013_31.lat.gz´.
2020-08-15 10:47:20,401 decode: Utterance `dspm022_dsp2013_31´ -- 3 of job 97
2020-08-15 10:47:35,154 __iter__: Reading lattice file `/tmp/55088658/lattices/dspm032_dsp2013_19.lat.gz´.
2020-08-15 10:47:35,388 decode: Utterance `dspm032_dsp2013_19´ -- 4 of job 97
2020-08-15 10:47:41,611 __iter__: Reading lattice file `/tmp/55088658/lattices/dspm042_dsp2013_21.lat.gz´.
2020-08-15 10:47:41,666 decode: Utterance `dspm042_dsp2013_21´ -- 5 of job 97
2020-08-15 10:47:42,821 __iter__: Reading lattice file `/tmp/55088658/lattices/dspm050_dsp2013_31.lat.gz´.
2020-08-15 10:47:44,078 decode: Utterance `dspm050_dsp2013_31´ -- 6 of job 97
2020-08-15 10:48:12,747 __iter__: Reading lattice file `/tmp/55088658/lattices/radioanne_fym20071218_14.lat.gz´.
2020-08-15 10:48:12,924 decode: Utterance `radioanne_fym20071218_14´ -- 7 of job 97
/scratch/work/groszt1/envs/theanoLM/lib/python3.7/site-packages/theano/gpuarray/dnn.py:184: UserWarning: Your cuDNN version is more recent than Theano. If you encounter problems, try updating Theano or downgrading cuDNN to a version >= v5 and <= v7.
  warnings.warn("Your cuDNN version is more recent than "
Using cuDNN version 7600 on context None
Mapped name None to device cuda0: Tesla P100-PCIE-16GB (0000:83:00.0)
/scratch/work/groszt1/envs/theanoLM/lib/python3.7/site-packages/h5py-2.9.0-py3.7-linux-x86_64.egg/h5py/_hl/dataset.py:313: H5pyDeprecationWarning: dataset.value has been deprecated. Use dataset[()] instead.
  "Use dataset[()] instead.", H5pyDeprecationWarning)
/scratch/work/groszt1/envs/theanoLM/lib/python3.7/site-packages/h5py-2.9.0-py3.7-linux-x86_64.egg/h5py/_hl/dataset.py:313: H5pyDeprecationWarning: dataset.value has been deprecated. Use dataset[()] instead.
  "Use dataset[()] instead.", H5pyDeprecationWarning)
decode_theanolm finished.
/tmp/55088658/lattices
floatX=float32,device=cuda0,base_compiledir=/tmp/theano,exception_verbosity=high,openmp=False
/scratch/work/groszt1/envs/theanoLM/lib/python3.7/site-packages/theano/gpuarray/dnn.py:184: UserWarning: Your cuDNN version is more recent than Theano. If you encounter problems, try updating Theano or downgrading cuDNN to a version >= v5 and <= v7.
  warnings.warn("Your cuDNN version is more recent than "
Using cuDNN version 7600 on context None
Mapped name None to device cuda0: Tesla P100-PCIE-16GB (0000:83:00.0)
TheanoLM 1.3.2
Theano 1.0.4
pygpu 0.7.6
==
+ srun --gres=gpu:1 theanolm decode /scratch/work/moisioa3/conv_lm/experiments/theanolm-morph-42k/expt2-sampled/nnlm.h5 --lattice-list /tmp/55088658/lattices/lattice-list --output-file /scratch/work/moisioa3/conv_lm/experiments/theanolm-morph-42k/expt2-sampled/decode/devel/lambda=1.0-lms=10/97.trn --output trn --nnlm-weight 1.0 --lm-scale 10 --max-tokens-per-node 62 --beam 650 --recombination-order 22 --num-jobs 128 --job 97 --unk-penalty=-20
2020-08-15 10:48:24,154 get_default_device: Context None device="Tesla P100-PCIE-16GB" ID="0000:83:00.0"
2020-08-15 10:48:24,154 from_file: Reading vocabulary from network state.
2020-08-15 10:48:24,415 from_file: Number of words in vocabulary: 42699
2020-08-15 10:48:24,415 from_file: Number of words in shortlist: 42699
2020-08-15 10:48:24,415 from_file: Number of word classes: 42699
2020-08-15 10:48:24,415 from_file: Building neural network.
2020-08-15 10:49:10,079 from_file: Restoring neural network state.
2020-08-15 10:49:10,435 decode: Building word lattice decoder.
2020-08-15 10:49:16,197 __iter__: Reading lattice file `/tmp/55088658/lattices/dspm005_dsp2013_18.lat.gz´.
2020-08-15 10:49:16,526 decode: Utterance `dspm005_dsp2013_18´ -- 1 of job 97
2020-08-15 10:49:24,225 __iter__: Reading lattice file `/tmp/55088658/lattices/dspm015_dsp2013_12.lat.gz´.
2020-08-15 10:49:24,434 decode: Utterance `dspm015_dsp2013_12´ -- 2 of job 97
2020-08-15 10:49:28,110 __iter__: Reading lattice file `/tmp/55088658/lattices/dspm022_dsp2013_31.lat.gz´.
2020-08-15 10:49:28,677 decode: Utterance `dspm022_dsp2013_31´ -- 3 of job 97
2020-08-15 10:49:43,045 __iter__: Reading lattice file `/tmp/55088658/lattices/dspm032_dsp2013_19.lat.gz´.
2020-08-15 10:49:43,277 decode: Utterance `dspm032_dsp2013_19´ -- 4 of job 97
2020-08-15 10:49:49,379 __iter__: Reading lattice file `/tmp/55088658/lattices/dspm042_dsp2013_21.lat.gz´.
2020-08-15 10:49:49,434 decode: Utterance `dspm042_dsp2013_21´ -- 5 of job 97
2020-08-15 10:49:50,589 __iter__: Reading lattice file `/tmp/55088658/lattices/dspm050_dsp2013_31.lat.gz´.
2020-08-15 10:49:51,831 decode: Utterance `dspm050_dsp2013_31´ -- 6 of job 97
2020-08-15 10:50:20,369 __iter__: Reading lattice file `/tmp/55088658/lattices/radioanne_fym20071218_14.lat.gz´.
2020-08-15 10:50:20,543 decode: Utterance `radioanne_fym20071218_14´ -- 7 of job 97
/scratch/work/groszt1/envs/theanoLM/lib/python3.7/site-packages/theano/gpuarray/dnn.py:184: UserWarning: Your cuDNN version is more recent than Theano. If you encounter problems, try updating Theano or downgrading cuDNN to a version >= v5 and <= v7.
  warnings.warn("Your cuDNN version is more recent than "
Using cuDNN version 7600 on context None
Mapped name None to device cuda0: Tesla P100-PCIE-16GB (0000:83:00.0)
/scratch/work/groszt1/envs/theanoLM/lib/python3.7/site-packages/h5py-2.9.0-py3.7-linux-x86_64.egg/h5py/_hl/dataset.py:313: H5pyDeprecationWarning: dataset.value has been deprecated. Use dataset[()] instead.
  "Use dataset[()] instead.", H5pyDeprecationWarning)
/scratch/work/groszt1/envs/theanoLM/lib/python3.7/site-packages/h5py-2.9.0-py3.7-linux-x86_64.egg/h5py/_hl/dataset.py:313: H5pyDeprecationWarning: dataset.value has been deprecated. Use dataset[()] instead.
  "Use dataset[()] instead.", H5pyDeprecationWarning)
decode_theanolm finished.
/tmp/55088658/lattices
floatX=float32,device=cuda0,base_compiledir=/tmp/theano,exception_verbosity=high,openmp=False
/scratch/work/groszt1/envs/theanoLM/lib/python3.7/site-packages/theano/gpuarray/dnn.py:184: UserWarning: Your cuDNN version is more recent than Theano. If you encounter problems, try updating Theano or downgrading cuDNN to a version >= v5 and <= v7.
  warnings.warn("Your cuDNN version is more recent than "
Using cuDNN version 7600 on context None
Mapped name None to device cuda0: Tesla P100-PCIE-16GB (0000:83:00.0)
TheanoLM 1.3.2
Theano 1.0.4
pygpu 0.7.6
==
+ srun --gres=gpu:1 theanolm decode /scratch/work/moisioa3/conv_lm/experiments/theanolm-morph-42k/expt2-sampled/nnlm.h5 --lattice-list /tmp/55088658/lattices/lattice-list --output-file /scratch/work/moisioa3/conv_lm/experiments/theanolm-morph-42k/expt2-sampled/decode/devel/lambda=1.0-lms=11/97.trn --output trn --nnlm-weight 1.0 --lm-scale 11 --max-tokens-per-node 62 --beam 650 --recombination-order 22 --num-jobs 128 --job 97 --unk-penalty=-20
2020-08-15 10:50:31,410 get_default_device: Context None device="Tesla P100-PCIE-16GB" ID="0000:83:00.0"
2020-08-15 10:50:31,412 from_file: Reading vocabulary from network state.
2020-08-15 10:50:31,680 from_file: Number of words in vocabulary: 42699
2020-08-15 10:50:31,680 from_file: Number of words in shortlist: 42699
2020-08-15 10:50:31,680 from_file: Number of word classes: 42699
2020-08-15 10:50:31,680 from_file: Building neural network.
2020-08-15 10:51:14,532 from_file: Restoring neural network state.
2020-08-15 10:51:14,907 decode: Building word lattice decoder.
2020-08-15 10:51:20,591 __iter__: Reading lattice file `/tmp/55088658/lattices/dspm005_dsp2013_18.lat.gz´.
2020-08-15 10:51:20,908 decode: Utterance `dspm005_dsp2013_18´ -- 1 of job 97
2020-08-15 10:51:28,543 __iter__: Reading lattice file `/tmp/55088658/lattices/dspm015_dsp2013_12.lat.gz´.
2020-08-15 10:51:28,750 decode: Utterance `dspm015_dsp2013_12´ -- 2 of job 97
2020-08-15 10:51:32,398 __iter__: Reading lattice file `/tmp/55088658/lattices/dspm022_dsp2013_31.lat.gz´.
2020-08-15 10:51:32,924 decode: Utterance `dspm022_dsp2013_31´ -- 3 of job 97
2020-08-15 10:51:47,537 __iter__: Reading lattice file `/tmp/55088658/lattices/dspm032_dsp2013_19.lat.gz´.
2020-08-15 10:51:47,762 decode: Utterance `dspm032_dsp2013_19´ -- 4 of job 97
2020-08-15 10:51:53,780 __iter__: Reading lattice file `/tmp/55088658/lattices/dspm042_dsp2013_21.lat.gz´.
2020-08-15 10:51:53,833 decode: Utterance `dspm042_dsp2013_21´ -- 5 of job 97
2020-08-15 10:51:54,983 __iter__: Reading lattice file `/tmp/55088658/lattices/dspm050_dsp2013_31.lat.gz´.
2020-08-15 10:51:56,200 decode: Utterance `dspm050_dsp2013_31´ -- 6 of job 97
2020-08-15 10:52:25,849 __iter__: Reading lattice file `/tmp/55088658/lattices/radioanne_fym20071218_14.lat.gz´.
2020-08-15 10:52:26,028 decode: Utterance `radioanne_fym20071218_14´ -- 7 of job 97
/scratch/work/groszt1/envs/theanoLM/lib/python3.7/site-packages/theano/gpuarray/dnn.py:184: UserWarning: Your cuDNN version is more recent than Theano. If you encounter problems, try updating Theano or downgrading cuDNN to a version >= v5 and <= v7.
  warnings.warn("Your cuDNN version is more recent than "
Using cuDNN version 7600 on context None
Mapped name None to device cuda0: Tesla P100-PCIE-16GB (0000:83:00.0)
/scratch/work/groszt1/envs/theanoLM/lib/python3.7/site-packages/h5py-2.9.0-py3.7-linux-x86_64.egg/h5py/_hl/dataset.py:313: H5pyDeprecationWarning: dataset.value has been deprecated. Use dataset[()] instead.
  "Use dataset[()] instead.", H5pyDeprecationWarning)
/scratch/work/groszt1/envs/theanoLM/lib/python3.7/site-packages/h5py-2.9.0-py3.7-linux-x86_64.egg/h5py/_hl/dataset.py:313: H5pyDeprecationWarning: dataset.value has been deprecated. Use dataset[()] instead.
  "Use dataset[()] instead.", H5pyDeprecationWarning)
decode_theanolm finished.
/tmp/55088658/lattices
floatX=float32,device=cuda0,base_compiledir=/tmp/theano,exception_verbosity=high,openmp=False
/scratch/work/groszt1/envs/theanoLM/lib/python3.7/site-packages/theano/gpuarray/dnn.py:184: UserWarning: Your cuDNN version is more recent than Theano. If you encounter problems, try updating Theano or downgrading cuDNN to a version >= v5 and <= v7.
  warnings.warn("Your cuDNN version is more recent than "
Using cuDNN version 7600 on context None
Mapped name None to device cuda0: Tesla P100-PCIE-16GB (0000:83:00.0)
TheanoLM 1.3.2
Theano 1.0.4
pygpu 0.7.6
==
+ srun --gres=gpu:1 theanolm decode /scratch/work/moisioa3/conv_lm/experiments/theanolm-morph-42k/expt2-sampled/nnlm.h5 --lattice-list /tmp/55088658/lattices/lattice-list --output-file /scratch/work/moisioa3/conv_lm/experiments/theanolm-morph-42k/expt2-sampled/decode/devel/lambda=1.0-lms=12/97.trn --output trn --nnlm-weight 1.0 --lm-scale 12 --max-tokens-per-node 62 --beam 650 --recombination-order 22 --num-jobs 128 --job 97 --unk-penalty=-20
2020-08-15 10:52:38,056 get_default_device: Context None device="Tesla P100-PCIE-16GB" ID="0000:83:00.0"
2020-08-15 10:52:38,058 from_file: Reading vocabulary from network state.
2020-08-15 10:52:38,341 from_file: Number of words in vocabulary: 42699
2020-08-15 10:52:38,342 from_file: Number of words in shortlist: 42699
2020-08-15 10:52:38,342 from_file: Number of word classes: 42699
2020-08-15 10:52:38,342 from_file: Building neural network.
2020-08-15 10:53:23,408 from_file: Restoring neural network state.
2020-08-15 10:53:23,751 decode: Building word lattice decoder.
2020-08-15 10:53:29,183 __iter__: Reading lattice file `/tmp/55088658/lattices/dspm005_dsp2013_18.lat.gz´.
2020-08-15 10:53:29,499 decode: Utterance `dspm005_dsp2013_18´ -- 1 of job 97
2020-08-15 10:53:36,799 __iter__: Reading lattice file `/tmp/55088658/lattices/dspm015_dsp2013_12.lat.gz´.
2020-08-15 10:53:37,001 decode: Utterance `dspm015_dsp2013_12´ -- 2 of job 97
2020-08-15 10:53:40,493 __iter__: Reading lattice file `/tmp/55088658/lattices/dspm022_dsp2013_31.lat.gz´.
2020-08-15 10:53:41,026 decode: Utterance `dspm022_dsp2013_31´ -- 3 of job 97
2020-08-15 10:53:54,884 __iter__: Reading lattice file `/tmp/55088658/lattices/dspm032_dsp2013_19.lat.gz´.
2020-08-15 10:53:55,111 decode: Utterance `dspm032_dsp2013_19´ -- 4 of job 97
2020-08-15 10:54:01,092 __iter__: Reading lattice file `/tmp/55088658/lattices/dspm042_dsp2013_21.lat.gz´.
2020-08-15 10:54:01,145 decode: Utterance `dspm042_dsp2013_21´ -- 5 of job 97
2020-08-15 10:54:02,301 __iter__: Reading lattice file `/tmp/55088658/lattices/dspm050_dsp2013_31.lat.gz´.
2020-08-15 10:54:03,531 decode: Utterance `dspm050_dsp2013_31´ -- 6 of job 97
2020-08-15 10:54:32,537 __iter__: Reading lattice file `/tmp/55088658/lattices/radioanne_fym20071218_14.lat.gz´.
2020-08-15 10:54:32,717 decode: Utterance `radioanne_fym20071218_14´ -- 7 of job 97
/scratch/work/groszt1/envs/theanoLM/lib/python3.7/site-packages/theano/gpuarray/dnn.py:184: UserWarning: Your cuDNN version is more recent than Theano. If you encounter problems, try updating Theano or downgrading cuDNN to a version >= v5 and <= v7.
  warnings.warn("Your cuDNN version is more recent than "
Using cuDNN version 7600 on context None
Mapped name None to device cuda0: Tesla P100-PCIE-16GB (0000:83:00.0)
/scratch/work/groszt1/envs/theanoLM/lib/python3.7/site-packages/h5py-2.9.0-py3.7-linux-x86_64.egg/h5py/_hl/dataset.py:313: H5pyDeprecationWarning: dataset.value has been deprecated. Use dataset[()] instead.
  "Use dataset[()] instead.", H5pyDeprecationWarning)
/scratch/work/groszt1/envs/theanoLM/lib/python3.7/site-packages/h5py-2.9.0-py3.7-linux-x86_64.egg/h5py/_hl/dataset.py:313: H5pyDeprecationWarning: dataset.value has been deprecated. Use dataset[()] instead.
  "Use dataset[()] instead.", H5pyDeprecationWarning)
decode_theanolm finished.
decode devel finished.
