Experiment: theanolm-morph-42k/expt2-sampled
Job ID: 55133287
Task ID: 64
Host: gpu23.int.triton.aalto.fi
Start date: Thu Aug 20 19:16:38 EEST 2020
Work directory: /scratch/work/moisioa3/conv_lm/experiments/theanolm-morph-42k/expt2-sampled
Temporary directory: /tmp/55133287

Currently Loaded Modules:
  1) speech-scripts/2016.05.24-b928230   6) binutils/2.25-GCCcore-5.4.0
  2) srilm/default                       7) GCC/5.4.0-2.25
  3) cuda/10.0.130                       8) libgpuarray/2017.03.29-45c731f
  4) cudnn/7.4.2-cuda                    9) anaconda3/latest
  5) GCCcore/5.4.0

 

/tmp/55133287/lattices
floatX=float32,device=cuda0,base_compiledir=/tmp/theano,exception_verbosity=high,openmp=False
/scratch/work/groszt1/envs/theanoLM/lib/python3.7/site-packages/theano/gpuarray/dnn.py:184: UserWarning: Your cuDNN version is more recent than Theano. If you encounter problems, try updating Theano or downgrading cuDNN to a version >= v5 and <= v7.
  warnings.warn("Your cuDNN version is more recent than "
Using cuDNN version 7600 on context None
Mapped name None to device cuda0: Tesla P100-PCIE-16GB (0000:82:00.0)
TheanoLM 1.3.2
Theano 1.0.4
pygpu 0.7.6
==
+ srun --gres=gpu:1 theanolm decode /scratch/work/moisioa3/conv_lm/experiments/theanolm-morph-42k/expt2-sampled/nnlm.h5 --lattice-list /tmp/55133287/lattices/lattice-list --output-file /scratch/work/moisioa3/conv_lm/experiments/theanolm-morph-42k/expt2-sampled/decode/eval/lambda=0.5-lms=9/64.trn --output trn --nnlm-weight 0.5 --lm-scale 9 --max-tokens-per-node 62 --beam 650 --recombination-order 22 --num-jobs 128 --job 64 --unk-penalty=-20
2020-08-20 19:16:48,015 get_default_device: Context None device="Tesla P100-PCIE-16GB" ID="0000:82:00.0"
2020-08-20 19:16:48,016 from_file: Reading vocabulary from network state.
2020-08-20 19:16:48,311 from_file: Number of words in vocabulary: 42699
2020-08-20 19:16:48,312 from_file: Number of words in shortlist: 42699
2020-08-20 19:16:48,312 from_file: Number of word classes: 42699
2020-08-20 19:16:48,312 from_file: Building neural network.
2020-08-20 19:17:31,473 from_file: Restoring neural network state.
2020-08-20 19:17:31,807 decode: Building word lattice decoder.
2020-08-20 19:17:37,516 __iter__: Reading lattice file `/tmp/55133287/lattices/dspm009_dsp2013_05.lat.gz´.
2020-08-20 19:17:43,090 decode: Utterance `dspm009_dsp2013_05´ -- 1 of job 64
2020-08-20 19:21:25,364 __iter__: Reading lattice file `/tmp/55133287/lattices/dspm051_dsp2013_08.lat.gz´.
2020-08-20 19:21:25,438 decode: Utterance `dspm051_dsp2013_08´ -- 2 of job 64
2020-08-20 19:21:27,490 __iter__: Reading lattice file `/tmp/55133287/lattices/radiojuha_puhujainkulma20120930_66.lat.gz´.
2020-08-20 19:21:27,579 decode: Utterance `radiojuha_puhujainkulma20120930_66´ -- 3 of job 64
2020-08-20 19:21:29,425 __iter__: Reading lattice file `/tmp/55133287/lattices/radioruudolf_aamushow20100713_12.lat.gz´.
2020-08-20 19:21:30,023 decode: Utterance `radioruudolf_aamushow20100713_12´ -- 4 of job 64
/scratch/work/groszt1/envs/theanoLM/lib/python3.7/site-packages/theano/gpuarray/dnn.py:184: UserWarning: Your cuDNN version is more recent than Theano. If you encounter problems, try updating Theano or downgrading cuDNN to a version >= v5 and <= v7.
  warnings.warn("Your cuDNN version is more recent than "
Using cuDNN version 7600 on context None
Mapped name None to device cuda0: Tesla P100-PCIE-16GB (0000:82:00.0)
/scratch/work/groszt1/envs/theanoLM/lib/python3.7/site-packages/h5py-2.9.0-py3.7-linux-x86_64.egg/h5py/_hl/dataset.py:313: H5pyDeprecationWarning: dataset.value has been deprecated. Use dataset[()] instead.
  "Use dataset[()] instead.", H5pyDeprecationWarning)
/scratch/work/groszt1/envs/theanoLM/lib/python3.7/site-packages/h5py-2.9.0-py3.7-linux-x86_64.egg/h5py/_hl/dataset.py:313: H5pyDeprecationWarning: dataset.value has been deprecated. Use dataset[()] instead.
  "Use dataset[()] instead.", H5pyDeprecationWarning)
decode_theanolm finished.
/tmp/55133287/lattices
floatX=float32,device=cuda0,base_compiledir=/tmp/theano,exception_verbosity=high,openmp=False
/scratch/work/groszt1/envs/theanoLM/lib/python3.7/site-packages/theano/gpuarray/dnn.py:184: UserWarning: Your cuDNN version is more recent than Theano. If you encounter problems, try updating Theano or downgrading cuDNN to a version >= v5 and <= v7.
  warnings.warn("Your cuDNN version is more recent than "
Using cuDNN version 7600 on context None
Mapped name None to device cuda0: Tesla P100-PCIE-16GB (0000:82:00.0)
TheanoLM 1.3.2
Theano 1.0.4
pygpu 0.7.6
==
+ srun --gres=gpu:1 theanolm decode /scratch/work/moisioa3/conv_lm/experiments/theanolm-morph-42k/expt2-sampled/nnlm.h5 --lattice-list /tmp/55133287/lattices/lattice-list --output-file /scratch/work/moisioa3/conv_lm/experiments/theanolm-morph-42k/expt2-sampled/decode/eval/lambda=1.0-lms=9/64.trn --output trn --nnlm-weight 1.0 --lm-scale 9 --max-tokens-per-node 62 --beam 650 --recombination-order 22 --num-jobs 128 --job 64 --unk-penalty=-20
2020-08-20 19:21:56,424 get_default_device: Context None device="Tesla P100-PCIE-16GB" ID="0000:82:00.0"
2020-08-20 19:21:56,425 from_file: Reading vocabulary from network state.
2020-08-20 19:21:56,747 from_file: Number of words in vocabulary: 42699
2020-08-20 19:21:56,748 from_file: Number of words in shortlist: 42699
2020-08-20 19:21:56,748 from_file: Number of word classes: 42699
2020-08-20 19:21:56,748 from_file: Building neural network.
2020-08-20 19:22:41,257 from_file: Restoring neural network state.
2020-08-20 19:22:41,622 decode: Building word lattice decoder.
2020-08-20 19:22:47,015 __iter__: Reading lattice file `/tmp/55133287/lattices/dspm009_dsp2013_05.lat.gz´.
2020-08-20 19:22:52,058 decode: Utterance `dspm009_dsp2013_05´ -- 1 of job 64
2020-08-20 19:26:14,265 __iter__: Reading lattice file `/tmp/55133287/lattices/dspm051_dsp2013_08.lat.gz´.
2020-08-20 19:26:14,339 decode: Utterance `dspm051_dsp2013_08´ -- 2 of job 64
2020-08-20 19:26:16,438 __iter__: Reading lattice file `/tmp/55133287/lattices/radiojuha_puhujainkulma20120930_66.lat.gz´.
2020-08-20 19:26:16,533 decode: Utterance `radiojuha_puhujainkulma20120930_66´ -- 3 of job 64
2020-08-20 19:26:18,364 __iter__: Reading lattice file `/tmp/55133287/lattices/radioruudolf_aamushow20100713_12.lat.gz´.
2020-08-20 19:26:18,976 decode: Utterance `radioruudolf_aamushow20100713_12´ -- 4 of job 64
/scratch/work/groszt1/envs/theanoLM/lib/python3.7/site-packages/theano/gpuarray/dnn.py:184: UserWarning: Your cuDNN version is more recent than Theano. If you encounter problems, try updating Theano or downgrading cuDNN to a version >= v5 and <= v7.
  warnings.warn("Your cuDNN version is more recent than "
Using cuDNN version 7600 on context None
Mapped name None to device cuda0: Tesla P100-PCIE-16GB (0000:82:00.0)
/scratch/work/groszt1/envs/theanoLM/lib/python3.7/site-packages/h5py-2.9.0-py3.7-linux-x86_64.egg/h5py/_hl/dataset.py:313: H5pyDeprecationWarning: dataset.value has been deprecated. Use dataset[()] instead.
  "Use dataset[()] instead.", H5pyDeprecationWarning)
/scratch/work/groszt1/envs/theanoLM/lib/python3.7/site-packages/h5py-2.9.0-py3.7-linux-x86_64.egg/h5py/_hl/dataset.py:313: H5pyDeprecationWarning: dataset.value has been deprecated. Use dataset[()] instead.
  "Use dataset[()] instead.", H5pyDeprecationWarning)
decode_theanolm finished.
decode eval finished.
