Experiment: theanolm-morph-42k/expt2-sampled
Job ID: 55133016
Task ID: 65
Host: gpu31.int.triton.aalto.fi
Start date: Thu Aug 20 17:56:29 EEST 2020
Work directory: /scratch/work/moisioa3/conv_lm/experiments/theanolm-morph-42k/expt2-sampled
Temporary directory: /tmp/55133016

Currently Loaded Modules:
  1) speech-scripts/2016.05.24-b928230   6) binutils/2.25-GCCcore-5.4.0
  2) srilm/default                       7) GCC/5.4.0-2.25
  3) cuda/10.0.130                       8) libgpuarray/2017.03.29-45c731f
  4) cudnn/7.4.2-cuda                    9) anaconda3/latest
  5) GCCcore/5.4.0

 

/tmp/55133016/lattices
floatX=float32,device=cuda0,base_compiledir=/tmp/theano,exception_verbosity=high,openmp=False
/scratch/work/groszt1/envs/theanoLM/lib/python3.7/site-packages/theano/gpuarray/dnn.py:184: UserWarning: Your cuDNN version is more recent than Theano. If you encounter problems, try updating Theano or downgrading cuDNN to a version >= v5 and <= v7.
  warnings.warn("Your cuDNN version is more recent than "
Using cuDNN version 7600 on context None
Mapped name None to device cuda0: Tesla V100-PCIE-32GB (0000:3B:00.0)
TheanoLM 1.3.2
Theano 1.0.4
pygpu 0.7.6
==
+ srun --gres=gpu:1 theanolm decode /scratch/work/moisioa3/conv_lm/experiments/theanolm-morph-42k/expt2-sampled/nnlm.h5 --lattice-list /tmp/55133016/lattices/lattice-list --output-file /scratch/work/moisioa3/conv_lm/experiments/theanolm-morph-42k/expt2-sampled/decode/eval/lambda=0.5-lms=9/65.trn --output trn --nnlm-weight 0.5 --lm-scale 9 --max-tokens-per-node 62 --beam 650 --recombination-order 22 --num-jobs 128 --job 65 --unk-penalty=-20
2020-08-20 17:56:38,027 get_default_device: Context None device="Tesla V100-PCIE-32GB" ID="0000:3B:00.0"
2020-08-20 17:56:38,027 from_file: Reading vocabulary from network state.
2020-08-20 17:56:38,235 from_file: Number of words in vocabulary: 42699
2020-08-20 17:56:38,236 from_file: Number of words in shortlist: 42699
2020-08-20 17:56:38,236 from_file: Number of word classes: 42699
2020-08-20 17:56:38,236 from_file: Building neural network.
2020-08-20 17:57:06,400 from_file: Restoring neural network state.
2020-08-20 17:57:06,744 decode: Building word lattice decoder.
2020-08-20 17:57:10,570 __iter__: Reading lattice file `/tmp/55133016/lattices/dspm009_dsp2013_06.lat.gz´.
2020-08-20 17:57:10,863 decode: Utterance `dspm009_dsp2013_06´ -- 1 of job 65
2020-08-20 17:57:16,895 __iter__: Reading lattice file `/tmp/55133016/lattices/dspm051_dsp2013_09.lat.gz´.
2020-08-20 17:57:17,157 decode: Utterance `dspm051_dsp2013_09´ -- 2 of job 65
2020-08-20 17:57:23,938 __iter__: Reading lattice file `/tmp/55133016/lattices/radiojuha_puhujainkulma20120930_72.lat.gz´.
2020-08-20 17:57:24,099 decode: Utterance `radiojuha_puhujainkulma20120930_72´ -- 3 of job 65
2020-08-20 17:57:27,676 __iter__: Reading lattice file `/tmp/55133016/lattices/radioruudolf_aamushow20100713_17.lat.gz´.
2020-08-20 17:57:27,952 decode: Utterance `radioruudolf_aamushow20100713_17´ -- 4 of job 65
/scratch/work/groszt1/envs/theanoLM/lib/python3.7/site-packages/theano/gpuarray/dnn.py:184: UserWarning: Your cuDNN version is more recent than Theano. If you encounter problems, try updating Theano or downgrading cuDNN to a version >= v5 and <= v7.
  warnings.warn("Your cuDNN version is more recent than "
Using cuDNN version 7600 on context None
Mapped name None to device cuda0: Tesla V100-PCIE-32GB (0000:3B:00.0)
/scratch/work/groszt1/envs/theanoLM/lib/python3.7/site-packages/h5py-2.9.0-py3.7-linux-x86_64.egg/h5py/_hl/dataset.py:313: H5pyDeprecationWarning: dataset.value has been deprecated. Use dataset[()] instead.
  "Use dataset[()] instead.", H5pyDeprecationWarning)
/scratch/work/groszt1/envs/theanoLM/lib/python3.7/site-packages/h5py-2.9.0-py3.7-linux-x86_64.egg/h5py/_hl/dataset.py:313: H5pyDeprecationWarning: dataset.value has been deprecated. Use dataset[()] instead.
  "Use dataset[()] instead.", H5pyDeprecationWarning)
decode_theanolm finished.
/tmp/55133016/lattices
floatX=float32,device=cuda0,base_compiledir=/tmp/theano,exception_verbosity=high,openmp=False
/scratch/work/groszt1/envs/theanoLM/lib/python3.7/site-packages/theano/gpuarray/dnn.py:184: UserWarning: Your cuDNN version is more recent than Theano. If you encounter problems, try updating Theano or downgrading cuDNN to a version >= v5 and <= v7.
  warnings.warn("Your cuDNN version is more recent than "
Using cuDNN version 7600 on context None
Mapped name None to device cuda0: Tesla V100-PCIE-32GB (0000:3B:00.0)
TheanoLM 1.3.2
Theano 1.0.4
pygpu 0.7.6
==
+ srun --gres=gpu:1 theanolm decode /scratch/work/moisioa3/conv_lm/experiments/theanolm-morph-42k/expt2-sampled/nnlm.h5 --lattice-list /tmp/55133016/lattices/lattice-list --output-file /scratch/work/moisioa3/conv_lm/experiments/theanolm-morph-42k/expt2-sampled/decode/eval/lambda=0.5-lms=10/65.trn --output trn --nnlm-weight 0.5 --lm-scale 10 --max-tokens-per-node 62 --beam 650 --recombination-order 22 --num-jobs 128 --job 65 --unk-penalty=-20
2020-08-20 17:57:47,042 get_default_device: Context None device="Tesla V100-PCIE-32GB" ID="0000:3B:00.0"
2020-08-20 17:57:47,043 from_file: Reading vocabulary from network state.
2020-08-20 17:57:47,250 from_file: Number of words in vocabulary: 42699
2020-08-20 17:57:47,251 from_file: Number of words in shortlist: 42699
2020-08-20 17:57:47,251 from_file: Number of word classes: 42699
2020-08-20 17:57:47,251 from_file: Building neural network.
2020-08-20 17:58:16,163 from_file: Restoring neural network state.
2020-08-20 17:58:16,518 decode: Building word lattice decoder.
2020-08-20 17:58:20,427 __iter__: Reading lattice file `/tmp/55133016/lattices/dspm009_dsp2013_06.lat.gz´.
2020-08-20 17:58:20,732 decode: Utterance `dspm009_dsp2013_06´ -- 1 of job 65
2020-08-20 17:58:26,905 __iter__: Reading lattice file `/tmp/55133016/lattices/dspm051_dsp2013_09.lat.gz´.
2020-08-20 17:58:27,169 decode: Utterance `dspm051_dsp2013_09´ -- 2 of job 65
2020-08-20 17:58:33,993 __iter__: Reading lattice file `/tmp/55133016/lattices/radiojuha_puhujainkulma20120930_72.lat.gz´.
2020-08-20 17:58:34,154 decode: Utterance `radiojuha_puhujainkulma20120930_72´ -- 3 of job 65
2020-08-20 17:58:37,749 __iter__: Reading lattice file `/tmp/55133016/lattices/radioruudolf_aamushow20100713_17.lat.gz´.
2020-08-20 17:58:38,027 decode: Utterance `radioruudolf_aamushow20100713_17´ -- 4 of job 65
/scratch/work/groszt1/envs/theanoLM/lib/python3.7/site-packages/theano/gpuarray/dnn.py:184: UserWarning: Your cuDNN version is more recent than Theano. If you encounter problems, try updating Theano or downgrading cuDNN to a version >= v5 and <= v7.
  warnings.warn("Your cuDNN version is more recent than "
Using cuDNN version 7600 on context None
Mapped name None to device cuda0: Tesla V100-PCIE-32GB (0000:3B:00.0)
/scratch/work/groszt1/envs/theanoLM/lib/python3.7/site-packages/h5py-2.9.0-py3.7-linux-x86_64.egg/h5py/_hl/dataset.py:313: H5pyDeprecationWarning: dataset.value has been deprecated. Use dataset[()] instead.
  "Use dataset[()] instead.", H5pyDeprecationWarning)
/scratch/work/groszt1/envs/theanoLM/lib/python3.7/site-packages/h5py-2.9.0-py3.7-linux-x86_64.egg/h5py/_hl/dataset.py:313: H5pyDeprecationWarning: dataset.value has been deprecated. Use dataset[()] instead.
  "Use dataset[()] instead.", H5pyDeprecationWarning)
decode_theanolm finished.
/tmp/55133016/lattices
floatX=float32,device=cuda0,base_compiledir=/tmp/theano,exception_verbosity=high,openmp=False
/scratch/work/groszt1/envs/theanoLM/lib/python3.7/site-packages/theano/gpuarray/dnn.py:184: UserWarning: Your cuDNN version is more recent than Theano. If you encounter problems, try updating Theano or downgrading cuDNN to a version >= v5 and <= v7.
  warnings.warn("Your cuDNN version is more recent than "
Using cuDNN version 7600 on context None
Mapped name None to device cuda0: Tesla V100-PCIE-32GB (0000:3B:00.0)
TheanoLM 1.3.2
Theano 1.0.4
pygpu 0.7.6
==
+ srun --gres=gpu:1 theanolm decode /scratch/work/moisioa3/conv_lm/experiments/theanolm-morph-42k/expt2-sampled/nnlm.h5 --lattice-list /tmp/55133016/lattices/lattice-list --output-file /scratch/work/moisioa3/conv_lm/experiments/theanolm-morph-42k/expt2-sampled/decode/eval/lambda=1.0-lms=9/65.trn --output trn --nnlm-weight 1.0 --lm-scale 9 --max-tokens-per-node 62 --beam 650 --recombination-order 22 --num-jobs 128 --job 65 --unk-penalty=-20
2020-08-20 17:58:56,965 get_default_device: Context None device="Tesla V100-PCIE-32GB" ID="0000:3B:00.0"
2020-08-20 17:58:56,967 from_file: Reading vocabulary from network state.
2020-08-20 17:58:57,170 from_file: Number of words in vocabulary: 42699
2020-08-20 17:58:57,171 from_file: Number of words in shortlist: 42699
2020-08-20 17:58:57,171 from_file: Number of word classes: 42699
2020-08-20 17:58:57,171 from_file: Building neural network.
2020-08-20 17:59:25,723 from_file: Restoring neural network state.
2020-08-20 17:59:26,081 decode: Building word lattice decoder.
2020-08-20 17:59:30,005 __iter__: Reading lattice file `/tmp/55133016/lattices/dspm009_dsp2013_06.lat.gz´.
2020-08-20 17:59:30,302 decode: Utterance `dspm009_dsp2013_06´ -- 1 of job 65
2020-08-20 17:59:36,204 __iter__: Reading lattice file `/tmp/55133016/lattices/dspm051_dsp2013_09.lat.gz´.
2020-08-20 17:59:36,465 decode: Utterance `dspm051_dsp2013_09´ -- 2 of job 65
2020-08-20 17:59:42,625 __iter__: Reading lattice file `/tmp/55133016/lattices/radiojuha_puhujainkulma20120930_72.lat.gz´.
2020-08-20 17:59:42,784 decode: Utterance `radiojuha_puhujainkulma20120930_72´ -- 3 of job 65
2020-08-20 17:59:46,372 __iter__: Reading lattice file `/tmp/55133016/lattices/radioruudolf_aamushow20100713_17.lat.gz´.
2020-08-20 17:59:46,648 decode: Utterance `radioruudolf_aamushow20100713_17´ -- 4 of job 65
/scratch/work/groszt1/envs/theanoLM/lib/python3.7/site-packages/theano/gpuarray/dnn.py:184: UserWarning: Your cuDNN version is more recent than Theano. If you encounter problems, try updating Theano or downgrading cuDNN to a version >= v5 and <= v7.
  warnings.warn("Your cuDNN version is more recent than "
Using cuDNN version 7600 on context None
Mapped name None to device cuda0: Tesla V100-PCIE-32GB (0000:3B:00.0)
/scratch/work/groszt1/envs/theanoLM/lib/python3.7/site-packages/h5py-2.9.0-py3.7-linux-x86_64.egg/h5py/_hl/dataset.py:313: H5pyDeprecationWarning: dataset.value has been deprecated. Use dataset[()] instead.
  "Use dataset[()] instead.", H5pyDeprecationWarning)
/scratch/work/groszt1/envs/theanoLM/lib/python3.7/site-packages/h5py-2.9.0-py3.7-linux-x86_64.egg/h5py/_hl/dataset.py:313: H5pyDeprecationWarning: dataset.value has been deprecated. Use dataset[()] instead.
  "Use dataset[()] instead.", H5pyDeprecationWarning)
decode_theanolm finished.
/tmp/55133016/lattices
floatX=float32,device=cuda0,base_compiledir=/tmp/theano,exception_verbosity=high,openmp=False
/scratch/work/groszt1/envs/theanoLM/lib/python3.7/site-packages/theano/gpuarray/dnn.py:184: UserWarning: Your cuDNN version is more recent than Theano. If you encounter problems, try updating Theano or downgrading cuDNN to a version >= v5 and <= v7.
  warnings.warn("Your cuDNN version is more recent than "
Using cuDNN version 7600 on context None
Mapped name None to device cuda0: Tesla V100-PCIE-32GB (0000:3B:00.0)
TheanoLM 1.3.2
Theano 1.0.4
pygpu 0.7.6
==
+ srun --gres=gpu:1 theanolm decode /scratch/work/moisioa3/conv_lm/experiments/theanolm-morph-42k/expt2-sampled/nnlm.h5 --lattice-list /tmp/55133016/lattices/lattice-list --output-file /scratch/work/moisioa3/conv_lm/experiments/theanolm-morph-42k/expt2-sampled/decode/eval/lambda=1.0-lms=10/65.trn --output trn --nnlm-weight 1.0 --lm-scale 10 --max-tokens-per-node 62 --beam 650 --recombination-order 22 --num-jobs 128 --job 65 --unk-penalty=-20
2020-08-20 18:00:04,565 get_default_device: Context None device="Tesla V100-PCIE-32GB" ID="0000:3B:00.0"
2020-08-20 18:00:04,566 from_file: Reading vocabulary from network state.
2020-08-20 18:00:04,786 from_file: Number of words in vocabulary: 42699
2020-08-20 18:00:04,786 from_file: Number of words in shortlist: 42699
2020-08-20 18:00:04,786 from_file: Number of word classes: 42699
2020-08-20 18:00:04,786 from_file: Building neural network.
2020-08-20 18:00:33,200 from_file: Restoring neural network state.
2020-08-20 18:00:33,549 decode: Building word lattice decoder.
2020-08-20 18:00:37,459 __iter__: Reading lattice file `/tmp/55133016/lattices/dspm009_dsp2013_06.lat.gz´.
2020-08-20 18:00:37,753 decode: Utterance `dspm009_dsp2013_06´ -- 1 of job 65
2020-08-20 18:00:43,562 __iter__: Reading lattice file `/tmp/55133016/lattices/dspm051_dsp2013_09.lat.gz´.
2020-08-20 18:00:43,821 decode: Utterance `dspm051_dsp2013_09´ -- 2 of job 65
2020-08-20 18:00:49,875 __iter__: Reading lattice file `/tmp/55133016/lattices/radiojuha_puhujainkulma20120930_72.lat.gz´.
2020-08-20 18:00:50,035 decode: Utterance `radiojuha_puhujainkulma20120930_72´ -- 3 of job 65
2020-08-20 18:00:53,542 __iter__: Reading lattice file `/tmp/55133016/lattices/radioruudolf_aamushow20100713_17.lat.gz´.
2020-08-20 18:00:53,815 decode: Utterance `radioruudolf_aamushow20100713_17´ -- 4 of job 65
/scratch/work/groszt1/envs/theanoLM/lib/python3.7/site-packages/theano/gpuarray/dnn.py:184: UserWarning: Your cuDNN version is more recent than Theano. If you encounter problems, try updating Theano or downgrading cuDNN to a version >= v5 and <= v7.
  warnings.warn("Your cuDNN version is more recent than "
Using cuDNN version 7600 on context None
Mapped name None to device cuda0: Tesla V100-PCIE-32GB (0000:3B:00.0)
/scratch/work/groszt1/envs/theanoLM/lib/python3.7/site-packages/h5py-2.9.0-py3.7-linux-x86_64.egg/h5py/_hl/dataset.py:313: H5pyDeprecationWarning: dataset.value has been deprecated. Use dataset[()] instead.
  "Use dataset[()] instead.", H5pyDeprecationWarning)
/scratch/work/groszt1/envs/theanoLM/lib/python3.7/site-packages/h5py-2.9.0-py3.7-linux-x86_64.egg/h5py/_hl/dataset.py:313: H5pyDeprecationWarning: dataset.value has been deprecated. Use dataset[()] instead.
  "Use dataset[()] instead.", H5pyDeprecationWarning)
decode_theanolm finished.
decode eval finished.
