Experiment: theanolm-morph-42k/expt2-sampled
Job ID: 55088478
Task ID: 64
Host: gpu8.int.triton.aalto.fi
Start date: Sat Aug 15 09:52:54 EEST 2020
Work directory: /scratch/work/moisioa3/conv_lm/experiments/theanolm-morph-42k/expt2-sampled
Temporary directory: /tmp/55088478

Currently Loaded Modules:
  1) speech-scripts/2016.05.24-b928230   6) binutils/2.25-GCCcore-5.4.0
  2) srilm/default                       7) GCC/5.4.0-2.25
  3) cuda/10.0.130                       8) libgpuarray/2017.03.29-45c731f
  4) cudnn/7.4.2-cuda                    9) anaconda3/latest
  5) GCCcore/5.4.0

 

/tmp/55088478/lattices
floatX=float32,device=cuda0,base_compiledir=/tmp/theano,exception_verbosity=high,openmp=False
/scratch/work/groszt1/envs/theanoLM/lib/python3.7/site-packages/theano/gpuarray/dnn.py:184: UserWarning: Your cuDNN version is more recent than Theano. If you encounter problems, try updating Theano or downgrading cuDNN to a version >= v5 and <= v7.
  warnings.warn("Your cuDNN version is more recent than "
Using cuDNN version 7600 on context None
Mapped name None to device cuda0: Tesla V100-PCIE-32GB (0000:3B:00.0)
TheanoLM 1.3.2
Theano 1.0.4
pygpu 0.7.6
==
+ srun --gres=gpu:1 theanolm decode /scratch/work/moisioa3/conv_lm/experiments/theanolm-morph-42k/expt2-sampled/nnlm.h5 --lattice-list /tmp/55088478/lattices/lattice-list --output-file /scratch/work/moisioa3/conv_lm/experiments/theanolm-morph-42k/expt2-sampled/decode/devel/lambda=0.5-lms=8/64.trn --output trn --nnlm-weight 0.5 --lm-scale 8 --max-tokens-per-node 62 --beam 650 --recombination-order 22 --num-jobs 128 --job 64 --unk-penalty=-20
2020-08-15 09:53:23,193 get_default_device: Context None device="Tesla V100-PCIE-32GB" ID="0000:3B:00.0"
2020-08-15 09:53:23,194 from_file: Reading vocabulary from network state.
2020-08-15 09:53:23,397 from_file: Number of words in vocabulary: 42699
2020-08-15 09:53:23,397 from_file: Number of words in shortlist: 42699
2020-08-15 09:53:23,397 from_file: Number of word classes: 42699
2020-08-15 09:53:23,397 from_file: Building neural network.
2020-08-15 09:53:52,384 from_file: Restoring neural network state.
2020-08-15 09:53:52,742 decode: Building word lattice decoder.
2020-08-15 09:53:56,732 __iter__: Reading lattice file `/tmp/55088478/lattices/dspm004_dsp2013_05.lat.gz´.
2020-08-15 09:53:57,116 decode: Utterance `dspm004_dsp2013_05´ -- 1 of job 64
2020-08-15 09:54:08,236 __iter__: Reading lattice file `/tmp/55088478/lattices/dspm011_dsp2013_25.lat.gz´.
2020-08-15 09:54:08,457 decode: Utterance `dspm011_dsp2013_25´ -- 2 of job 64
2020-08-15 09:54:18,852 __iter__: Reading lattice file `/tmp/55088478/lattices/dspm021_dsp2013_23.lat.gz´.
2020-08-15 09:54:19,479 decode: Utterance `dspm021_dsp2013_23´ -- 3 of job 64
2020-08-15 09:54:53,733 __iter__: Reading lattice file `/tmp/55088478/lattices/dspm031_dsp2013_11.lat.gz´.
2020-08-15 09:54:53,870 decode: Utterance `dspm031_dsp2013_11´ -- 4 of job 64
2020-08-15 09:54:57,579 __iter__: Reading lattice file `/tmp/55088478/lattices/dspm040_dsp2013_06.lat.gz´.
2020-08-15 09:54:57,754 decode: Utterance `dspm040_dsp2013_06´ -- 5 of job 64
2020-08-15 09:55:01,310 __iter__: Reading lattice file `/tmp/55088478/lattices/dspm049_dsp2013_08.lat.gz´.
2020-08-15 09:55:02,976 decode: Utterance `dspm049_dsp2013_08´ -- 6 of job 64
2020-08-15 09:56:04,646 __iter__: Reading lattice file `/tmp/55088478/lattices/dspm057_dsp2013_13.lat.gz´.
2020-08-15 09:56:07,791 decode: Utterance `dspm057_dsp2013_13´ -- 7 of job 64
2020-08-15 09:58:13,276 __iter__: Reading lattice file `/tmp/55088478/lattices/radioshaka_kbk20120915_23.lat.gz´.
2020-08-15 09:58:14,854 decode: Utterance `radioshaka_kbk20120915_23´ -- 8 of job 64
/scratch/work/groszt1/envs/theanoLM/lib/python3.7/site-packages/theano/gpuarray/dnn.py:184: UserWarning: Your cuDNN version is more recent than Theano. If you encounter problems, try updating Theano or downgrading cuDNN to a version >= v5 and <= v7.
  warnings.warn("Your cuDNN version is more recent than "
Using cuDNN version 7600 on context None
Mapped name None to device cuda0: Tesla V100-PCIE-32GB (0000:3B:00.0)
/scratch/work/groszt1/envs/theanoLM/lib/python3.7/site-packages/h5py-2.9.0-py3.7-linux-x86_64.egg/h5py/_hl/dataset.py:313: H5pyDeprecationWarning: dataset.value has been deprecated. Use dataset[()] instead.
  "Use dataset[()] instead.", H5pyDeprecationWarning)
/scratch/work/groszt1/envs/theanoLM/lib/python3.7/site-packages/h5py-2.9.0-py3.7-linux-x86_64.egg/h5py/_hl/dataset.py:313: H5pyDeprecationWarning: dataset.value has been deprecated. Use dataset[()] instead.
  "Use dataset[()] instead.", H5pyDeprecationWarning)
decode_theanolm finished.
/tmp/55088478/lattices
floatX=float32,device=cuda0,base_compiledir=/tmp/theano,exception_verbosity=high,openmp=False
/scratch/work/groszt1/envs/theanoLM/lib/python3.7/site-packages/theano/gpuarray/dnn.py:184: UserWarning: Your cuDNN version is more recent than Theano. If you encounter problems, try updating Theano or downgrading cuDNN to a version >= v5 and <= v7.
  warnings.warn("Your cuDNN version is more recent than "
Using cuDNN version 7600 on context None
Mapped name None to device cuda0: Tesla V100-PCIE-32GB (0000:3B:00.0)
TheanoLM 1.3.2
Theano 1.0.4
pygpu 0.7.6
==
+ srun --gres=gpu:1 theanolm decode /scratch/work/moisioa3/conv_lm/experiments/theanolm-morph-42k/expt2-sampled/nnlm.h5 --lattice-list /tmp/55088478/lattices/lattice-list --output-file /scratch/work/moisioa3/conv_lm/experiments/theanolm-morph-42k/expt2-sampled/decode/devel/lambda=0.5-lms=9/64.trn --output trn --nnlm-weight 0.5 --lm-scale 9 --max-tokens-per-node 62 --beam 650 --recombination-order 22 --num-jobs 128 --job 64 --unk-penalty=-20
2020-08-15 09:59:40,617 get_default_device: Context None device="Tesla V100-PCIE-32GB" ID="0000:3B:00.0"
2020-08-15 09:59:40,618 from_file: Reading vocabulary from network state.
2020-08-15 09:59:40,822 from_file: Number of words in vocabulary: 42699
2020-08-15 09:59:40,823 from_file: Number of words in shortlist: 42699
2020-08-15 09:59:40,823 from_file: Number of word classes: 42699
2020-08-15 09:59:40,823 from_file: Building neural network.
2020-08-15 10:00:11,204 from_file: Restoring neural network state.
2020-08-15 10:00:11,565 decode: Building word lattice decoder.
2020-08-15 10:00:15,582 __iter__: Reading lattice file `/tmp/55088478/lattices/dspm004_dsp2013_05.lat.gz´.
2020-08-15 10:00:15,961 decode: Utterance `dspm004_dsp2013_05´ -- 1 of job 64
2020-08-15 10:00:27,278 __iter__: Reading lattice file `/tmp/55088478/lattices/dspm011_dsp2013_25.lat.gz´.
2020-08-15 10:00:27,494 decode: Utterance `dspm011_dsp2013_25´ -- 2 of job 64
2020-08-15 10:00:38,173 __iter__: Reading lattice file `/tmp/55088478/lattices/dspm021_dsp2013_23.lat.gz´.
2020-08-15 10:00:38,781 decode: Utterance `dspm021_dsp2013_23´ -- 3 of job 64
2020-08-15 10:01:15,326 __iter__: Reading lattice file `/tmp/55088478/lattices/dspm031_dsp2013_11.lat.gz´.
2020-08-15 10:01:15,457 decode: Utterance `dspm031_dsp2013_11´ -- 4 of job 64
2020-08-15 10:01:19,040 __iter__: Reading lattice file `/tmp/55088478/lattices/dspm040_dsp2013_06.lat.gz´.
2020-08-15 10:01:19,210 decode: Utterance `dspm040_dsp2013_06´ -- 5 of job 64
2020-08-15 10:01:22,610 __iter__: Reading lattice file `/tmp/55088478/lattices/dspm049_dsp2013_08.lat.gz´.
2020-08-15 10:01:24,214 decode: Utterance `dspm049_dsp2013_08´ -- 6 of job 64
2020-08-15 10:02:27,160 __iter__: Reading lattice file `/tmp/55088478/lattices/dspm057_dsp2013_13.lat.gz´.
2020-08-15 10:02:30,244 decode: Utterance `dspm057_dsp2013_13´ -- 7 of job 64
2020-08-15 10:04:36,035 __iter__: Reading lattice file `/tmp/55088478/lattices/radioshaka_kbk20120915_23.lat.gz´.
2020-08-15 10:04:37,590 decode: Utterance `radioshaka_kbk20120915_23´ -- 8 of job 64
/scratch/work/groszt1/envs/theanoLM/lib/python3.7/site-packages/theano/gpuarray/dnn.py:184: UserWarning: Your cuDNN version is more recent than Theano. If you encounter problems, try updating Theano or downgrading cuDNN to a version >= v5 and <= v7.
  warnings.warn("Your cuDNN version is more recent than "
Using cuDNN version 7600 on context None
Mapped name None to device cuda0: Tesla V100-PCIE-32GB (0000:3B:00.0)
/scratch/work/groszt1/envs/theanoLM/lib/python3.7/site-packages/h5py-2.9.0-py3.7-linux-x86_64.egg/h5py/_hl/dataset.py:313: H5pyDeprecationWarning: dataset.value has been deprecated. Use dataset[()] instead.
  "Use dataset[()] instead.", H5pyDeprecationWarning)
/scratch/work/groszt1/envs/theanoLM/lib/python3.7/site-packages/h5py-2.9.0-py3.7-linux-x86_64.egg/h5py/_hl/dataset.py:313: H5pyDeprecationWarning: dataset.value has been deprecated. Use dataset[()] instead.
  "Use dataset[()] instead.", H5pyDeprecationWarning)
decode_theanolm finished.
/tmp/55088478/lattices
floatX=float32,device=cuda0,base_compiledir=/tmp/theano,exception_verbosity=high,openmp=False
/scratch/work/groszt1/envs/theanoLM/lib/python3.7/site-packages/theano/gpuarray/dnn.py:184: UserWarning: Your cuDNN version is more recent than Theano. If you encounter problems, try updating Theano or downgrading cuDNN to a version >= v5 and <= v7.
  warnings.warn("Your cuDNN version is more recent than "
Using cuDNN version 7600 on context None
Mapped name None to device cuda0: Tesla V100-PCIE-32GB (0000:3B:00.0)
TheanoLM 1.3.2
Theano 1.0.4
pygpu 0.7.6
==
+ srun --gres=gpu:1 theanolm decode /scratch/work/moisioa3/conv_lm/experiments/theanolm-morph-42k/expt2-sampled/nnlm.h5 --lattice-list /tmp/55088478/lattices/lattice-list --output-file /scratch/work/moisioa3/conv_lm/experiments/theanolm-morph-42k/expt2-sampled/decode/devel/lambda=0.5-lms=10/64.trn --output trn --nnlm-weight 0.5 --lm-scale 10 --max-tokens-per-node 62 --beam 650 --recombination-order 22 --num-jobs 128 --job 64 --unk-penalty=-20
2020-08-15 10:06:04,557 get_default_device: Context None device="Tesla V100-PCIE-32GB" ID="0000:3B:00.0"
2020-08-15 10:06:04,558 from_file: Reading vocabulary from network state.
2020-08-15 10:06:04,761 from_file: Number of words in vocabulary: 42699
2020-08-15 10:06:04,761 from_file: Number of words in shortlist: 42699
2020-08-15 10:06:04,762 from_file: Number of word classes: 42699
2020-08-15 10:06:04,762 from_file: Building neural network.
2020-08-15 10:06:33,651 from_file: Restoring neural network state.
2020-08-15 10:06:34,034 decode: Building word lattice decoder.
2020-08-15 10:06:38,193 __iter__: Reading lattice file `/tmp/55088478/lattices/dspm004_dsp2013_05.lat.gz´.
2020-08-15 10:06:38,518 decode: Utterance `dspm004_dsp2013_05´ -- 1 of job 64
2020-08-15 10:06:50,248 __iter__: Reading lattice file `/tmp/55088478/lattices/dspm011_dsp2013_25.lat.gz´.
2020-08-15 10:06:50,470 decode: Utterance `dspm011_dsp2013_25´ -- 2 of job 64
2020-08-15 10:07:01,931 __iter__: Reading lattice file `/tmp/55088478/lattices/dspm021_dsp2013_23.lat.gz´.
2020-08-15 10:07:02,555 decode: Utterance `dspm021_dsp2013_23´ -- 3 of job 64
2020-08-15 10:07:40,711 __iter__: Reading lattice file `/tmp/55088478/lattices/dspm031_dsp2013_11.lat.gz´.
2020-08-15 10:07:40,844 decode: Utterance `dspm031_dsp2013_11´ -- 4 of job 64
2020-08-15 10:07:44,378 __iter__: Reading lattice file `/tmp/55088478/lattices/dspm040_dsp2013_06.lat.gz´.
2020-08-15 10:07:44,550 decode: Utterance `dspm040_dsp2013_06´ -- 5 of job 64
2020-08-15 10:07:47,904 __iter__: Reading lattice file `/tmp/55088478/lattices/dspm049_dsp2013_08.lat.gz´.
2020-08-15 10:07:49,549 decode: Utterance `dspm049_dsp2013_08´ -- 6 of job 64
2020-08-15 10:08:54,434 __iter__: Reading lattice file `/tmp/55088478/lattices/dspm057_dsp2013_13.lat.gz´.
2020-08-15 10:08:57,601 decode: Utterance `dspm057_dsp2013_13´ -- 7 of job 64
2020-08-15 10:11:09,983 __iter__: Reading lattice file `/tmp/55088478/lattices/radioshaka_kbk20120915_23.lat.gz´.
2020-08-15 10:11:11,579 decode: Utterance `radioshaka_kbk20120915_23´ -- 8 of job 64
/scratch/work/groszt1/envs/theanoLM/lib/python3.7/site-packages/theano/gpuarray/dnn.py:184: UserWarning: Your cuDNN version is more recent than Theano. If you encounter problems, try updating Theano or downgrading cuDNN to a version >= v5 and <= v7.
  warnings.warn("Your cuDNN version is more recent than "
Using cuDNN version 7600 on context None
Mapped name None to device cuda0: Tesla V100-PCIE-32GB (0000:3B:00.0)
/scratch/work/groszt1/envs/theanoLM/lib/python3.7/site-packages/h5py-2.9.0-py3.7-linux-x86_64.egg/h5py/_hl/dataset.py:313: H5pyDeprecationWarning: dataset.value has been deprecated. Use dataset[()] instead.
  "Use dataset[()] instead.", H5pyDeprecationWarning)
/scratch/work/groszt1/envs/theanoLM/lib/python3.7/site-packages/h5py-2.9.0-py3.7-linux-x86_64.egg/h5py/_hl/dataset.py:313: H5pyDeprecationWarning: dataset.value has been deprecated. Use dataset[()] instead.
  "Use dataset[()] instead.", H5pyDeprecationWarning)
decode_theanolm finished.
/tmp/55088478/lattices
floatX=float32,device=cuda0,base_compiledir=/tmp/theano,exception_verbosity=high,openmp=False
/scratch/work/groszt1/envs/theanoLM/lib/python3.7/site-packages/theano/gpuarray/dnn.py:184: UserWarning: Your cuDNN version is more recent than Theano. If you encounter problems, try updating Theano or downgrading cuDNN to a version >= v5 and <= v7.
  warnings.warn("Your cuDNN version is more recent than "
Using cuDNN version 7600 on context None
Mapped name None to device cuda0: Tesla V100-PCIE-32GB (0000:3B:00.0)
TheanoLM 1.3.2
Theano 1.0.4
pygpu 0.7.6
==
+ srun --gres=gpu:1 theanolm decode /scratch/work/moisioa3/conv_lm/experiments/theanolm-morph-42k/expt2-sampled/nnlm.h5 --lattice-list /tmp/55088478/lattices/lattice-list --output-file /scratch/work/moisioa3/conv_lm/experiments/theanolm-morph-42k/expt2-sampled/decode/devel/lambda=0.5-lms=11/64.trn --output trn --nnlm-weight 0.5 --lm-scale 11 --max-tokens-per-node 62 --beam 650 --recombination-order 22 --num-jobs 128 --job 64 --unk-penalty=-20
2020-08-15 10:12:40,270 get_default_device: Context None device="Tesla V100-PCIE-32GB" ID="0000:3B:00.0"
2020-08-15 10:12:40,272 from_file: Reading vocabulary from network state.
2020-08-15 10:12:40,476 from_file: Number of words in vocabulary: 42699
2020-08-15 10:12:40,476 from_file: Number of words in shortlist: 42699
2020-08-15 10:12:40,476 from_file: Number of word classes: 42699
2020-08-15 10:12:40,476 from_file: Building neural network.
2020-08-15 10:13:09,807 from_file: Restoring neural network state.
2020-08-15 10:13:10,174 decode: Building word lattice decoder.
2020-08-15 10:13:14,323 __iter__: Reading lattice file `/tmp/55088478/lattices/dspm004_dsp2013_05.lat.gz´.
2020-08-15 10:13:14,723 decode: Utterance `dspm004_dsp2013_05´ -- 1 of job 64
2020-08-15 10:13:26,383 __iter__: Reading lattice file `/tmp/55088478/lattices/dspm011_dsp2013_25.lat.gz´.
2020-08-15 10:13:26,606 decode: Utterance `dspm011_dsp2013_25´ -- 2 of job 64
2020-08-15 10:13:37,660 __iter__: Reading lattice file `/tmp/55088478/lattices/dspm021_dsp2013_23.lat.gz´.
2020-08-15 10:13:38,285 decode: Utterance `dspm021_dsp2013_23´ -- 3 of job 64
2020-08-15 10:14:16,582 __iter__: Reading lattice file `/tmp/55088478/lattices/dspm031_dsp2013_11.lat.gz´.
2020-08-15 10:14:16,716 decode: Utterance `dspm031_dsp2013_11´ -- 4 of job 64
2020-08-15 10:14:20,312 __iter__: Reading lattice file `/tmp/55088478/lattices/dspm040_dsp2013_06.lat.gz´.
2020-08-15 10:14:20,487 decode: Utterance `dspm040_dsp2013_06´ -- 5 of job 64
2020-08-15 10:14:23,878 __iter__: Reading lattice file `/tmp/55088478/lattices/dspm049_dsp2013_08.lat.gz´.
2020-08-15 10:14:25,531 decode: Utterance `dspm049_dsp2013_08´ -- 6 of job 64
2020-08-15 10:15:33,940 __iter__: Reading lattice file `/tmp/55088478/lattices/dspm057_dsp2013_13.lat.gz´.
2020-08-15 10:15:37,113 decode: Utterance `dspm057_dsp2013_13´ -- 7 of job 64
2020-08-15 10:17:52,659 __iter__: Reading lattice file `/tmp/55088478/lattices/radioshaka_kbk20120915_23.lat.gz´.
2020-08-15 10:17:54,249 decode: Utterance `radioshaka_kbk20120915_23´ -- 8 of job 64
/scratch/work/groszt1/envs/theanoLM/lib/python3.7/site-packages/theano/gpuarray/dnn.py:184: UserWarning: Your cuDNN version is more recent than Theano. If you encounter problems, try updating Theano or downgrading cuDNN to a version >= v5 and <= v7.
  warnings.warn("Your cuDNN version is more recent than "
Using cuDNN version 7600 on context None
Mapped name None to device cuda0: Tesla V100-PCIE-32GB (0000:3B:00.0)
/scratch/work/groszt1/envs/theanoLM/lib/python3.7/site-packages/h5py-2.9.0-py3.7-linux-x86_64.egg/h5py/_hl/dataset.py:313: H5pyDeprecationWarning: dataset.value has been deprecated. Use dataset[()] instead.
  "Use dataset[()] instead.", H5pyDeprecationWarning)
/scratch/work/groszt1/envs/theanoLM/lib/python3.7/site-packages/h5py-2.9.0-py3.7-linux-x86_64.egg/h5py/_hl/dataset.py:313: H5pyDeprecationWarning: dataset.value has been deprecated. Use dataset[()] instead.
  "Use dataset[()] instead.", H5pyDeprecationWarning)
decode_theanolm finished.
/tmp/55088478/lattices
floatX=float32,device=cuda0,base_compiledir=/tmp/theano,exception_verbosity=high,openmp=False
/scratch/work/groszt1/envs/theanoLM/lib/python3.7/site-packages/theano/gpuarray/dnn.py:184: UserWarning: Your cuDNN version is more recent than Theano. If you encounter problems, try updating Theano or downgrading cuDNN to a version >= v5 and <= v7.
  warnings.warn("Your cuDNN version is more recent than "
Using cuDNN version 7600 on context None
Mapped name None to device cuda0: Tesla V100-PCIE-32GB (0000:3B:00.0)
TheanoLM 1.3.2
Theano 1.0.4
pygpu 0.7.6
==
+ srun --gres=gpu:1 theanolm decode /scratch/work/moisioa3/conv_lm/experiments/theanolm-morph-42k/expt2-sampled/nnlm.h5 --lattice-list /tmp/55088478/lattices/lattice-list --output-file /scratch/work/moisioa3/conv_lm/experiments/theanolm-morph-42k/expt2-sampled/decode/devel/lambda=0.5-lms=12/64.trn --output trn --nnlm-weight 0.5 --lm-scale 12 --max-tokens-per-node 62 --beam 650 --recombination-order 22 --num-jobs 128 --job 64 --unk-penalty=-20
2020-08-15 10:19:25,099 get_default_device: Context None device="Tesla V100-PCIE-32GB" ID="0000:3B:00.0"
2020-08-15 10:19:25,100 from_file: Reading vocabulary from network state.
2020-08-15 10:19:25,297 from_file: Number of words in vocabulary: 42699
2020-08-15 10:19:25,297 from_file: Number of words in shortlist: 42699
2020-08-15 10:19:25,297 from_file: Number of word classes: 42699
2020-08-15 10:19:25,297 from_file: Building neural network.
2020-08-15 10:19:53,996 from_file: Restoring neural network state.
2020-08-15 10:19:54,358 decode: Building word lattice decoder.
2020-08-15 10:19:58,399 __iter__: Reading lattice file `/tmp/55088478/lattices/dspm004_dsp2013_05.lat.gz´.
2020-08-15 10:19:58,784 decode: Utterance `dspm004_dsp2013_05´ -- 1 of job 64
2020-08-15 10:20:10,723 __iter__: Reading lattice file `/tmp/55088478/lattices/dspm011_dsp2013_25.lat.gz´.
2020-08-15 10:20:10,940 decode: Utterance `dspm011_dsp2013_25´ -- 2 of job 64
2020-08-15 10:20:22,366 __iter__: Reading lattice file `/tmp/55088478/lattices/dspm021_dsp2013_23.lat.gz´.
2020-08-15 10:20:22,979 decode: Utterance `dspm021_dsp2013_23´ -- 3 of job 64
2020-08-15 10:21:02,454 __iter__: Reading lattice file `/tmp/55088478/lattices/dspm031_dsp2013_11.lat.gz´.
2020-08-15 10:21:02,584 decode: Utterance `dspm031_dsp2013_11´ -- 4 of job 64
2020-08-15 10:21:06,126 __iter__: Reading lattice file `/tmp/55088478/lattices/dspm040_dsp2013_06.lat.gz´.
2020-08-15 10:21:06,296 decode: Utterance `dspm040_dsp2013_06´ -- 5 of job 64
2020-08-15 10:21:09,645 __iter__: Reading lattice file `/tmp/55088478/lattices/dspm049_dsp2013_08.lat.gz´.
2020-08-15 10:21:11,246 decode: Utterance `dspm049_dsp2013_08´ -- 6 of job 64
2020-08-15 10:22:19,714 __iter__: Reading lattice file `/tmp/55088478/lattices/dspm057_dsp2013_13.lat.gz´.
2020-08-15 10:22:22,825 decode: Utterance `dspm057_dsp2013_13´ -- 7 of job 64
2020-08-15 10:24:48,502 __iter__: Reading lattice file `/tmp/55088478/lattices/radioshaka_kbk20120915_23.lat.gz´.
2020-08-15 10:24:50,054 decode: Utterance `radioshaka_kbk20120915_23´ -- 8 of job 64
/scratch/work/groszt1/envs/theanoLM/lib/python3.7/site-packages/theano/gpuarray/dnn.py:184: UserWarning: Your cuDNN version is more recent than Theano. If you encounter problems, try updating Theano or downgrading cuDNN to a version >= v5 and <= v7.
  warnings.warn("Your cuDNN version is more recent than "
Using cuDNN version 7600 on context None
Mapped name None to device cuda0: Tesla V100-PCIE-32GB (0000:3B:00.0)
/scratch/work/groszt1/envs/theanoLM/lib/python3.7/site-packages/h5py-2.9.0-py3.7-linux-x86_64.egg/h5py/_hl/dataset.py:313: H5pyDeprecationWarning: dataset.value has been deprecated. Use dataset[()] instead.
  "Use dataset[()] instead.", H5pyDeprecationWarning)
/scratch/work/groszt1/envs/theanoLM/lib/python3.7/site-packages/h5py-2.9.0-py3.7-linux-x86_64.egg/h5py/_hl/dataset.py:313: H5pyDeprecationWarning: dataset.value has been deprecated. Use dataset[()] instead.
  "Use dataset[()] instead.", H5pyDeprecationWarning)
decode_theanolm finished.
/tmp/55088478/lattices
floatX=float32,device=cuda0,base_compiledir=/tmp/theano,exception_verbosity=high,openmp=False
/scratch/work/groszt1/envs/theanoLM/lib/python3.7/site-packages/theano/gpuarray/dnn.py:184: UserWarning: Your cuDNN version is more recent than Theano. If you encounter problems, try updating Theano or downgrading cuDNN to a version >= v5 and <= v7.
  warnings.warn("Your cuDNN version is more recent than "
Using cuDNN version 7600 on context None
Mapped name None to device cuda0: Tesla V100-PCIE-32GB (0000:3B:00.0)
TheanoLM 1.3.2
Theano 1.0.4
pygpu 0.7.6
==
+ srun --gres=gpu:1 theanolm decode /scratch/work/moisioa3/conv_lm/experiments/theanolm-morph-42k/expt2-sampled/nnlm.h5 --lattice-list /tmp/55088478/lattices/lattice-list --output-file /scratch/work/moisioa3/conv_lm/experiments/theanolm-morph-42k/expt2-sampled/decode/devel/lambda=1.0-lms=8/64.trn --output trn --nnlm-weight 1.0 --lm-scale 8 --max-tokens-per-node 62 --beam 650 --recombination-order 22 --num-jobs 128 --job 64 --unk-penalty=-20
2020-08-15 10:26:17,772 get_default_device: Context None device="Tesla V100-PCIE-32GB" ID="0000:3B:00.0"
2020-08-15 10:26:17,773 from_file: Reading vocabulary from network state.
2020-08-15 10:26:17,973 from_file: Number of words in vocabulary: 42699
2020-08-15 10:26:17,974 from_file: Number of words in shortlist: 42699
2020-08-15 10:26:17,974 from_file: Number of word classes: 42699
2020-08-15 10:26:17,974 from_file: Building neural network.
2020-08-15 10:26:46,724 from_file: Restoring neural network state.
2020-08-15 10:26:47,083 decode: Building word lattice decoder.
2020-08-15 10:26:51,193 __iter__: Reading lattice file `/tmp/55088478/lattices/dspm004_dsp2013_05.lat.gz´.
2020-08-15 10:26:51,516 decode: Utterance `dspm004_dsp2013_05´ -- 1 of job 64
2020-08-15 10:27:00,927 __iter__: Reading lattice file `/tmp/55088478/lattices/dspm011_dsp2013_25.lat.gz´.
2020-08-15 10:27:01,152 decode: Utterance `dspm011_dsp2013_25´ -- 2 of job 64
2020-08-15 10:27:09,189 __iter__: Reading lattice file `/tmp/55088478/lattices/dspm021_dsp2013_23.lat.gz´.
2020-08-15 10:27:09,821 decode: Utterance `dspm021_dsp2013_23´ -- 3 of job 64
2020-08-15 10:27:33,277 __iter__: Reading lattice file `/tmp/55088478/lattices/dspm031_dsp2013_11.lat.gz´.
2020-08-15 10:27:33,410 decode: Utterance `dspm031_dsp2013_11´ -- 4 of job 64
2020-08-15 10:27:36,845 __iter__: Reading lattice file `/tmp/55088478/lattices/dspm040_dsp2013_06.lat.gz´.
2020-08-15 10:27:37,018 decode: Utterance `dspm040_dsp2013_06´ -- 5 of job 64
2020-08-15 10:27:40,367 __iter__: Reading lattice file `/tmp/55088478/lattices/dspm049_dsp2013_08.lat.gz´.
2020-08-15 10:27:42,021 decode: Utterance `dspm049_dsp2013_08´ -- 6 of job 64
2020-08-15 10:28:36,726 __iter__: Reading lattice file `/tmp/55088478/lattices/dspm057_dsp2013_13.lat.gz´.
2020-08-15 10:28:39,878 decode: Utterance `dspm057_dsp2013_13´ -- 7 of job 64
2020-08-15 10:30:21,434 __iter__: Reading lattice file `/tmp/55088478/lattices/radioshaka_kbk20120915_23.lat.gz´.
2020-08-15 10:30:23,022 decode: Utterance `radioshaka_kbk20120915_23´ -- 8 of job 64
/scratch/work/groszt1/envs/theanoLM/lib/python3.7/site-packages/theano/gpuarray/dnn.py:184: UserWarning: Your cuDNN version is more recent than Theano. If you encounter problems, try updating Theano or downgrading cuDNN to a version >= v5 and <= v7.
  warnings.warn("Your cuDNN version is more recent than "
Using cuDNN version 7600 on context None
Mapped name None to device cuda0: Tesla V100-PCIE-32GB (0000:3B:00.0)
/scratch/work/groszt1/envs/theanoLM/lib/python3.7/site-packages/h5py-2.9.0-py3.7-linux-x86_64.egg/h5py/_hl/dataset.py:313: H5pyDeprecationWarning: dataset.value has been deprecated. Use dataset[()] instead.
  "Use dataset[()] instead.", H5pyDeprecationWarning)
/scratch/work/groszt1/envs/theanoLM/lib/python3.7/site-packages/h5py-2.9.0-py3.7-linux-x86_64.egg/h5py/_hl/dataset.py:313: H5pyDeprecationWarning: dataset.value has been deprecated. Use dataset[()] instead.
  "Use dataset[()] instead.", H5pyDeprecationWarning)
decode_theanolm finished.
/tmp/55088478/lattices
floatX=float32,device=cuda0,base_compiledir=/tmp/theano,exception_verbosity=high,openmp=False
/scratch/work/groszt1/envs/theanoLM/lib/python3.7/site-packages/theano/gpuarray/dnn.py:184: UserWarning: Your cuDNN version is more recent than Theano. If you encounter problems, try updating Theano or downgrading cuDNN to a version >= v5 and <= v7.
  warnings.warn("Your cuDNN version is more recent than "
Using cuDNN version 7600 on context None
Mapped name None to device cuda0: Tesla V100-PCIE-32GB (0000:3B:00.0)
TheanoLM 1.3.2
Theano 1.0.4
pygpu 0.7.6
==
+ srun --gres=gpu:1 theanolm decode /scratch/work/moisioa3/conv_lm/experiments/theanolm-morph-42k/expt2-sampled/nnlm.h5 --lattice-list /tmp/55088478/lattices/lattice-list --output-file /scratch/work/moisioa3/conv_lm/experiments/theanolm-morph-42k/expt2-sampled/decode/devel/lambda=1.0-lms=9/64.trn --output trn --nnlm-weight 1.0 --lm-scale 9 --max-tokens-per-node 62 --beam 650 --recombination-order 22 --num-jobs 128 --job 64 --unk-penalty=-20
2020-08-15 10:31:36,708 get_default_device: Context None device="Tesla V100-PCIE-32GB" ID="0000:3B:00.0"
2020-08-15 10:31:36,709 from_file: Reading vocabulary from network state.
2020-08-15 10:31:36,909 from_file: Number of words in vocabulary: 42699
2020-08-15 10:31:36,910 from_file: Number of words in shortlist: 42699
2020-08-15 10:31:36,910 from_file: Number of word classes: 42699
2020-08-15 10:31:36,910 from_file: Building neural network.
2020-08-15 10:32:05,687 from_file: Restoring neural network state.
2020-08-15 10:32:06,106 decode: Building word lattice decoder.
2020-08-15 10:32:10,334 __iter__: Reading lattice file `/tmp/55088478/lattices/dspm004_dsp2013_05.lat.gz´.
2020-08-15 10:32:10,660 decode: Utterance `dspm004_dsp2013_05´ -- 1 of job 64
2020-08-15 10:32:20,201 __iter__: Reading lattice file `/tmp/55088478/lattices/dspm011_dsp2013_25.lat.gz´.
2020-08-15 10:32:20,426 decode: Utterance `dspm011_dsp2013_25´ -- 2 of job 64
2020-08-15 10:32:28,531 __iter__: Reading lattice file `/tmp/55088478/lattices/dspm021_dsp2013_23.lat.gz´.
2020-08-15 10:32:29,162 decode: Utterance `dspm021_dsp2013_23´ -- 3 of job 64
2020-08-15 10:32:52,218 __iter__: Reading lattice file `/tmp/55088478/lattices/dspm031_dsp2013_11.lat.gz´.
2020-08-15 10:32:52,352 decode: Utterance `dspm031_dsp2013_11´ -- 4 of job 64
2020-08-15 10:32:55,734 __iter__: Reading lattice file `/tmp/55088478/lattices/dspm040_dsp2013_06.lat.gz´.
2020-08-15 10:32:55,907 decode: Utterance `dspm040_dsp2013_06´ -- 5 of job 64
2020-08-15 10:32:59,250 __iter__: Reading lattice file `/tmp/55088478/lattices/dspm049_dsp2013_08.lat.gz´.
2020-08-15 10:33:00,918 decode: Utterance `dspm049_dsp2013_08´ -- 6 of job 64
2020-08-15 10:33:55,457 __iter__: Reading lattice file `/tmp/55088478/lattices/dspm057_dsp2013_13.lat.gz´.
2020-08-15 10:33:58,626 decode: Utterance `dspm057_dsp2013_13´ -- 7 of job 64
2020-08-15 10:35:41,964 __iter__: Reading lattice file `/tmp/55088478/lattices/radioshaka_kbk20120915_23.lat.gz´.
2020-08-15 10:35:43,562 decode: Utterance `radioshaka_kbk20120915_23´ -- 8 of job 64
/scratch/work/groszt1/envs/theanoLM/lib/python3.7/site-packages/theano/gpuarray/dnn.py:184: UserWarning: Your cuDNN version is more recent than Theano. If you encounter problems, try updating Theano or downgrading cuDNN to a version >= v5 and <= v7.
  warnings.warn("Your cuDNN version is more recent than "
Using cuDNN version 7600 on context None
Mapped name None to device cuda0: Tesla V100-PCIE-32GB (0000:3B:00.0)
/scratch/work/groszt1/envs/theanoLM/lib/python3.7/site-packages/h5py-2.9.0-py3.7-linux-x86_64.egg/h5py/_hl/dataset.py:313: H5pyDeprecationWarning: dataset.value has been deprecated. Use dataset[()] instead.
  "Use dataset[()] instead.", H5pyDeprecationWarning)
/scratch/work/groszt1/envs/theanoLM/lib/python3.7/site-packages/h5py-2.9.0-py3.7-linux-x86_64.egg/h5py/_hl/dataset.py:313: H5pyDeprecationWarning: dataset.value has been deprecated. Use dataset[()] instead.
  "Use dataset[()] instead.", H5pyDeprecationWarning)
decode_theanolm finished.
/tmp/55088478/lattices
floatX=float32,device=cuda0,base_compiledir=/tmp/theano,exception_verbosity=high,openmp=False
/scratch/work/groszt1/envs/theanoLM/lib/python3.7/site-packages/theano/gpuarray/dnn.py:184: UserWarning: Your cuDNN version is more recent than Theano. If you encounter problems, try updating Theano or downgrading cuDNN to a version >= v5 and <= v7.
  warnings.warn("Your cuDNN version is more recent than "
Using cuDNN version 7600 on context None
Mapped name None to device cuda0: Tesla V100-PCIE-32GB (0000:3B:00.0)
TheanoLM 1.3.2
Theano 1.0.4
pygpu 0.7.6
==
+ srun --gres=gpu:1 theanolm decode /scratch/work/moisioa3/conv_lm/experiments/theanolm-morph-42k/expt2-sampled/nnlm.h5 --lattice-list /tmp/55088478/lattices/lattice-list --output-file /scratch/work/moisioa3/conv_lm/experiments/theanolm-morph-42k/expt2-sampled/decode/devel/lambda=1.0-lms=10/64.trn --output trn --nnlm-weight 1.0 --lm-scale 10 --max-tokens-per-node 62 --beam 650 --recombination-order 22 --num-jobs 128 --job 64 --unk-penalty=-20
2020-08-15 10:37:00,506 get_default_device: Context None device="Tesla V100-PCIE-32GB" ID="0000:3B:00.0"
2020-08-15 10:37:00,507 from_file: Reading vocabulary from network state.
2020-08-15 10:37:00,704 from_file: Number of words in vocabulary: 42699
2020-08-15 10:37:00,704 from_file: Number of words in shortlist: 42699
2020-08-15 10:37:00,704 from_file: Number of word classes: 42699
2020-08-15 10:37:00,704 from_file: Building neural network.
2020-08-15 10:37:29,435 from_file: Restoring neural network state.
2020-08-15 10:37:29,797 decode: Building word lattice decoder.
2020-08-15 10:37:33,928 __iter__: Reading lattice file `/tmp/55088478/lattices/dspm004_dsp2013_05.lat.gz´.
2020-08-15 10:37:34,267 decode: Utterance `dspm004_dsp2013_05´ -- 1 of job 64
2020-08-15 10:37:43,603 __iter__: Reading lattice file `/tmp/55088478/lattices/dspm011_dsp2013_25.lat.gz´.
2020-08-15 10:37:43,837 decode: Utterance `dspm011_dsp2013_25´ -- 2 of job 64
2020-08-15 10:37:51,911 __iter__: Reading lattice file `/tmp/55088478/lattices/dspm021_dsp2013_23.lat.gz´.
2020-08-15 10:37:52,568 decode: Utterance `dspm021_dsp2013_23´ -- 3 of job 64
2020-08-15 10:38:15,830 __iter__: Reading lattice file `/tmp/55088478/lattices/dspm031_dsp2013_11.lat.gz´.
2020-08-15 10:38:15,971 decode: Utterance `dspm031_dsp2013_11´ -- 4 of job 64
2020-08-15 10:38:19,410 __iter__: Reading lattice file `/tmp/55088478/lattices/dspm040_dsp2013_06.lat.gz´.
2020-08-15 10:38:19,592 decode: Utterance `dspm040_dsp2013_06´ -- 5 of job 64
2020-08-15 10:38:23,010 __iter__: Reading lattice file `/tmp/55088478/lattices/dspm049_dsp2013_08.lat.gz´.
2020-08-15 10:38:24,752 decode: Utterance `dspm049_dsp2013_08´ -- 6 of job 64
2020-08-15 10:39:19,880 __iter__: Reading lattice file `/tmp/55088478/lattices/dspm057_dsp2013_13.lat.gz´.
2020-08-15 10:39:23,177 decode: Utterance `dspm057_dsp2013_13´ -- 7 of job 64
2020-08-15 10:41:06,501 __iter__: Reading lattice file `/tmp/55088478/lattices/radioshaka_kbk20120915_23.lat.gz´.
2020-08-15 10:41:08,159 decode: Utterance `radioshaka_kbk20120915_23´ -- 8 of job 64
/scratch/work/groszt1/envs/theanoLM/lib/python3.7/site-packages/theano/gpuarray/dnn.py:184: UserWarning: Your cuDNN version is more recent than Theano. If you encounter problems, try updating Theano or downgrading cuDNN to a version >= v5 and <= v7.
  warnings.warn("Your cuDNN version is more recent than "
Using cuDNN version 7600 on context None
Mapped name None to device cuda0: Tesla V100-PCIE-32GB (0000:3B:00.0)
/scratch/work/groszt1/envs/theanoLM/lib/python3.7/site-packages/h5py-2.9.0-py3.7-linux-x86_64.egg/h5py/_hl/dataset.py:313: H5pyDeprecationWarning: dataset.value has been deprecated. Use dataset[()] instead.
  "Use dataset[()] instead.", H5pyDeprecationWarning)
/scratch/work/groszt1/envs/theanoLM/lib/python3.7/site-packages/h5py-2.9.0-py3.7-linux-x86_64.egg/h5py/_hl/dataset.py:313: H5pyDeprecationWarning: dataset.value has been deprecated. Use dataset[()] instead.
  "Use dataset[()] instead.", H5pyDeprecationWarning)
decode_theanolm finished.
/tmp/55088478/lattices
floatX=float32,device=cuda0,base_compiledir=/tmp/theano,exception_verbosity=high,openmp=False
/scratch/work/groszt1/envs/theanoLM/lib/python3.7/site-packages/theano/gpuarray/dnn.py:184: UserWarning: Your cuDNN version is more recent than Theano. If you encounter problems, try updating Theano or downgrading cuDNN to a version >= v5 and <= v7.
  warnings.warn("Your cuDNN version is more recent than "
Using cuDNN version 7600 on context None
Mapped name None to device cuda0: Tesla V100-PCIE-32GB (0000:3B:00.0)
TheanoLM 1.3.2
Theano 1.0.4
pygpu 0.7.6
==
+ srun --gres=gpu:1 theanolm decode /scratch/work/moisioa3/conv_lm/experiments/theanolm-morph-42k/expt2-sampled/nnlm.h5 --lattice-list /tmp/55088478/lattices/lattice-list --output-file /scratch/work/moisioa3/conv_lm/experiments/theanolm-morph-42k/expt2-sampled/decode/devel/lambda=1.0-lms=11/64.trn --output trn --nnlm-weight 1.0 --lm-scale 11 --max-tokens-per-node 62 --beam 650 --recombination-order 22 --num-jobs 128 --job 64 --unk-penalty=-20
2020-08-15 10:42:24,518 get_default_device: Context None device="Tesla V100-PCIE-32GB" ID="0000:3B:00.0"
2020-08-15 10:42:24,519 from_file: Reading vocabulary from network state.
2020-08-15 10:42:24,722 from_file: Number of words in vocabulary: 42699
2020-08-15 10:42:24,722 from_file: Number of words in shortlist: 42699
2020-08-15 10:42:24,722 from_file: Number of word classes: 42699
2020-08-15 10:42:24,722 from_file: Building neural network.
/scratch/work/groszt1/envs/theanoLM/lib/python3.7/site-packages/theano/gpuarray/dnn.py:184: UserWarning: Your cuDNN version is more recent than Theano. If you encounter problems, try updating Theano or downgrading cuDNN to a version >= v5 and <= v7.
  warnings.warn("Your cuDNN version is more recent than "
Using cuDNN version 7600 on context None
Mapped name None to device cuda0: Tesla V100-PCIE-32GB (0000:3B:00.0)
/scratch/work/groszt1/envs/theanoLM/lib/python3.7/site-packages/h5py-2.9.0-py3.7-linux-x86_64.egg/h5py/_hl/dataset.py:313: H5pyDeprecationWarning: dataset.value has been deprecated. Use dataset[()] instead.
  "Use dataset[()] instead.", H5pyDeprecationWarning)
INFO (theano.gof.compilelock): Waiting for existing lock by process '175545' (I am process '175732')
2020-08-15 10:43:02,120 lock: Waiting for existing lock by process '175545' (I am process '175732')
INFO (theano.gof.compilelock): To manually release the lock, delete /tmp/theano/compiledir_Linux-3.10-el7.x86_64-x86_64-with-centos-7.8.2003-Core-x86_64-3.7.3-64/lock_dir
2020-08-15 10:43:02,120 lock: To manually release the lock, delete /tmp/theano/compiledir_Linux-3.10-el7.x86_64-x86_64-with-centos-7.8.2003-Core-x86_64-3.7.3-64/lock_dir
2020-08-15 10:43:09,801 from_file: Restoring neural network state.
2020-08-15 10:43:10,164 decode: Building word lattice decoder.
2020-08-15 10:43:21,213 __iter__: Reading lattice file `/tmp/55088478/lattices/dspm004_dsp2013_05.lat.gz´.
2020-08-15 10:43:21,534 decode: Utterance `dspm004_dsp2013_05´ -- 1 of job 64
2020-08-15 10:43:31,002 __iter__: Reading lattice file `/tmp/55088478/lattices/dspm011_dsp2013_25.lat.gz´.
2020-08-15 10:43:31,224 decode: Utterance `dspm011_dsp2013_25´ -- 2 of job 64
2020-08-15 10:43:39,260 __iter__: Reading lattice file `/tmp/55088478/lattices/dspm021_dsp2013_23.lat.gz´.
2020-08-15 10:43:39,883 decode: Utterance `dspm021_dsp2013_23´ -- 3 of job 64
2020-08-15 10:44:03,375 __iter__: Reading lattice file `/tmp/55088478/lattices/dspm031_dsp2013_11.lat.gz´.
2020-08-15 10:44:03,508 decode: Utterance `dspm031_dsp2013_11´ -- 4 of job 64
2020-08-15 10:44:06,904 __iter__: Reading lattice file `/tmp/55088478/lattices/dspm040_dsp2013_06.lat.gz´.
2020-08-15 10:44:07,075 decode: Utterance `dspm040_dsp2013_06´ -- 5 of job 64
2020-08-15 10:44:10,433 __iter__: Reading lattice file `/tmp/55088478/lattices/dspm049_dsp2013_08.lat.gz´.
2020-08-15 10:44:12,084 decode: Utterance `dspm049_dsp2013_08´ -- 6 of job 64
2020-08-15 10:45:09,425 __iter__: Reading lattice file `/tmp/55088478/lattices/dspm057_dsp2013_13.lat.gz´.
2020-08-15 10:45:12,546 decode: Utterance `dspm057_dsp2013_13´ -- 7 of job 64
2020-08-15 10:46:56,443 __iter__: Reading lattice file `/tmp/55088478/lattices/radioshaka_kbk20120915_23.lat.gz´.
2020-08-15 10:46:58,021 decode: Utterance `radioshaka_kbk20120915_23´ -- 8 of job 64
/scratch/work/groszt1/envs/theanoLM/lib/python3.7/site-packages/h5py-2.9.0-py3.7-linux-x86_64.egg/h5py/_hl/dataset.py:313: H5pyDeprecationWarning: dataset.value has been deprecated. Use dataset[()] instead.
  "Use dataset[()] instead.", H5pyDeprecationWarning)
decode_theanolm finished.
/tmp/55088478/lattices
floatX=float32,device=cuda0,base_compiledir=/tmp/theano,exception_verbosity=high,openmp=False
/scratch/work/groszt1/envs/theanoLM/lib/python3.7/site-packages/theano/gpuarray/dnn.py:184: UserWarning: Your cuDNN version is more recent than Theano. If you encounter problems, try updating Theano or downgrading cuDNN to a version >= v5 and <= v7.
  warnings.warn("Your cuDNN version is more recent than "
Using cuDNN version 7600 on context None
Mapped name None to device cuda0: Tesla V100-PCIE-32GB (0000:3B:00.0)
TheanoLM 1.3.2
Theano 1.0.4
pygpu 0.7.6
==
+ srun --gres=gpu:1 theanolm decode /scratch/work/moisioa3/conv_lm/experiments/theanolm-morph-42k/expt2-sampled/nnlm.h5 --lattice-list /tmp/55088478/lattices/lattice-list --output-file /scratch/work/moisioa3/conv_lm/experiments/theanolm-morph-42k/expt2-sampled/decode/devel/lambda=1.0-lms=12/64.trn --output trn --nnlm-weight 1.0 --lm-scale 12 --max-tokens-per-node 62 --beam 650 --recombination-order 22 --num-jobs 128 --job 64 --unk-penalty=-20
2020-08-15 10:48:19,527 get_default_device: Context None device="Tesla V100-PCIE-32GB" ID="0000:3B:00.0"
2020-08-15 10:48:19,528 from_file: Reading vocabulary from network state.
2020-08-15 10:48:19,731 from_file: Number of words in vocabulary: 42699
2020-08-15 10:48:19,731 from_file: Number of words in shortlist: 42699
2020-08-15 10:48:19,732 from_file: Number of word classes: 42699
2020-08-15 10:48:19,732 from_file: Building neural network.
2020-08-15 10:48:49,195 from_file: Restoring neural network state.
2020-08-15 10:48:49,559 decode: Building word lattice decoder.
2020-08-15 10:48:53,716 __iter__: Reading lattice file `/tmp/55088478/lattices/dspm004_dsp2013_05.lat.gz´.
2020-08-15 10:48:54,037 decode: Utterance `dspm004_dsp2013_05´ -- 1 of job 64
2020-08-15 10:49:03,652 __iter__: Reading lattice file `/tmp/55088478/lattices/dspm011_dsp2013_25.lat.gz´.
2020-08-15 10:49:03,875 decode: Utterance `dspm011_dsp2013_25´ -- 2 of job 64
2020-08-15 10:49:12,135 __iter__: Reading lattice file `/tmp/55088478/lattices/dspm021_dsp2013_23.lat.gz´.
2020-08-15 10:49:12,752 decode: Utterance `dspm021_dsp2013_23´ -- 3 of job 64
2020-08-15 10:49:36,927 __iter__: Reading lattice file `/tmp/55088478/lattices/dspm031_dsp2013_11.lat.gz´.
2020-08-15 10:49:37,059 decode: Utterance `dspm031_dsp2013_11´ -- 4 of job 64
2020-08-15 10:49:40,483 __iter__: Reading lattice file `/tmp/55088478/lattices/dspm040_dsp2013_06.lat.gz´.
2020-08-15 10:49:40,653 decode: Utterance `dspm040_dsp2013_06´ -- 5 of job 64
2020-08-15 10:49:44,010 __iter__: Reading lattice file `/tmp/55088478/lattices/dspm049_dsp2013_08.lat.gz´.
2020-08-15 10:49:45,634 decode: Utterance `dspm049_dsp2013_08´ -- 6 of job 64
2020-08-15 10:50:40,668 __iter__: Reading lattice file `/tmp/55088478/lattices/dspm057_dsp2013_13.lat.gz´.
2020-08-15 10:50:43,829 decode: Utterance `dspm057_dsp2013_13´ -- 7 of job 64
2020-08-15 10:52:26,936 __iter__: Reading lattice file `/tmp/55088478/lattices/radioshaka_kbk20120915_23.lat.gz´.
2020-08-15 10:52:28,505 decode: Utterance `radioshaka_kbk20120915_23´ -- 8 of job 64
/scratch/work/groszt1/envs/theanoLM/lib/python3.7/site-packages/theano/gpuarray/dnn.py:184: UserWarning: Your cuDNN version is more recent than Theano. If you encounter problems, try updating Theano or downgrading cuDNN to a version >= v5 and <= v7.
  warnings.warn("Your cuDNN version is more recent than "
Using cuDNN version 7600 on context None
Mapped name None to device cuda0: Tesla V100-PCIE-32GB (0000:3B:00.0)
/scratch/work/groszt1/envs/theanoLM/lib/python3.7/site-packages/h5py-2.9.0-py3.7-linux-x86_64.egg/h5py/_hl/dataset.py:313: H5pyDeprecationWarning: dataset.value has been deprecated. Use dataset[()] instead.
  "Use dataset[()] instead.", H5pyDeprecationWarning)
/scratch/work/groszt1/envs/theanoLM/lib/python3.7/site-packages/h5py-2.9.0-py3.7-linux-x86_64.egg/h5py/_hl/dataset.py:313: H5pyDeprecationWarning: dataset.value has been deprecated. Use dataset[()] instead.
  "Use dataset[()] instead.", H5pyDeprecationWarning)
decode_theanolm finished.
decode devel finished.
