Experiment: theanolm-morph-42k/expt2-sampled
Job ID: 55088433
Task ID: 54
Host: gpu25.int.triton.aalto.fi
Start date: Sat Aug 15 09:40:27 EEST 2020
Work directory: /scratch/work/moisioa3/conv_lm/experiments/theanolm-morph-42k/expt2-sampled
Temporary directory: /tmp/55088433

Currently Loaded Modules:
  1) speech-scripts/2016.05.24-b928230   6) binutils/2.25-GCCcore-5.4.0
  2) srilm/default                       7) GCC/5.4.0-2.25
  3) cuda/10.0.130                       8) libgpuarray/2017.03.29-45c731f
  4) cudnn/7.4.2-cuda                    9) anaconda3/latest
  5) GCCcore/5.4.0

 

/tmp/55088433/lattices
floatX=float32,device=cuda0,base_compiledir=/tmp/theano,exception_verbosity=high,openmp=False
/scratch/work/groszt1/envs/theanoLM/lib/python3.7/site-packages/theano/gpuarray/dnn.py:184: UserWarning: Your cuDNN version is more recent than Theano. If you encounter problems, try updating Theano or downgrading cuDNN to a version >= v5 and <= v7.
  warnings.warn("Your cuDNN version is more recent than "
Using cuDNN version 7600 on context None
Mapped name None to device cuda0: Tesla P100-PCIE-16GB (0000:83:00.0)
TheanoLM 1.3.2
Theano 1.0.4
pygpu 0.7.6
==
+ srun --gres=gpu:1 theanolm decode /scratch/work/moisioa3/conv_lm/experiments/theanolm-morph-42k/expt2-sampled/nnlm.h5 --lattice-list /tmp/55088433/lattices/lattice-list --output-file /scratch/work/moisioa3/conv_lm/experiments/theanolm-morph-42k/expt2-sampled/decode/devel/lambda=0.5-lms=8/54.trn --output trn --nnlm-weight 0.5 --lm-scale 8 --max-tokens-per-node 62 --beam 650 --recombination-order 22 --num-jobs 128 --job 54 --unk-penalty=-20
2020-08-15 09:40:40,373 get_default_device: Context None device="Tesla P100-PCIE-16GB" ID="0000:83:00.0"
2020-08-15 09:40:40,374 from_file: Reading vocabulary from network state.
2020-08-15 09:40:40,667 from_file: Number of words in vocabulary: 42699
2020-08-15 09:40:40,667 from_file: Number of words in shortlist: 42699
2020-08-15 09:40:40,668 from_file: Number of word classes: 42699
2020-08-15 09:40:40,668 from_file: Building neural network.
2020-08-15 09:41:23,824 from_file: Restoring neural network state.
2020-08-15 09:41:24,188 decode: Building word lattice decoder.
2020-08-15 09:41:29,508 __iter__: Reading lattice file `/tmp/55088433/lattices/dspm001_dsp2013_15.lat.gz´.
2020-08-15 09:41:29,572 decode: Utterance `dspm001_dsp2013_15´ -- 1 of job 54
2020-08-15 09:41:30,653 __iter__: Reading lattice file `/tmp/55088433/lattices/dspm011_dsp2013_15.lat.gz´.
2020-08-15 09:41:30,667 decode: Utterance `dspm011_dsp2013_15´ -- 2 of job 54
2020-08-15 09:41:30,915 __iter__: Reading lattice file `/tmp/55088433/lattices/dspm021_dsp2013_12.lat.gz´.
2020-08-15 09:41:31,129 decode: Utterance `dspm021_dsp2013_12´ -- 3 of job 54
2020-08-15 09:41:36,852 __iter__: Reading lattice file `/tmp/55088433/lattices/dspm031_dsp2013_01.lat.gz´.
2020-08-15 09:41:36,886 decode: Utterance `dspm031_dsp2013_01´ -- 4 of job 54
2020-08-15 09:41:37,592 __iter__: Reading lattice file `/tmp/55088433/lattices/dspm039_dsp2013_23.lat.gz´.
2020-08-15 09:41:38,302 decode: Utterance `dspm039_dsp2013_23´ -- 5 of job 54
2020-08-15 09:41:56,267 __iter__: Reading lattice file `/tmp/55088433/lattices/dspm048_dsp2013_19.lat.gz´.
2020-08-15 09:41:56,536 decode: Utterance `dspm048_dsp2013_19´ -- 6 of job 54
2020-08-15 09:42:01,574 __iter__: Reading lattice file `/tmp/55088433/lattices/dspm057_dsp2013_03.lat.gz´.
2020-08-15 09:42:05,880 decode: Utterance `dspm057_dsp2013_03´ -- 7 of job 54
2020-08-15 09:44:51,299 __iter__: Reading lattice file `/tmp/55088433/lattices/radioshaka_kbk20120915_106.lat.gz´.
2020-08-15 09:44:53,212 decode: Utterance `radioshaka_kbk20120915_106´ -- 8 of job 54
/scratch/work/groszt1/envs/theanoLM/lib/python3.7/site-packages/theano/gpuarray/dnn.py:184: UserWarning: Your cuDNN version is more recent than Theano. If you encounter problems, try updating Theano or downgrading cuDNN to a version >= v5 and <= v7.
  warnings.warn("Your cuDNN version is more recent than "
Using cuDNN version 7600 on context None
Mapped name None to device cuda0: Tesla P100-PCIE-16GB (0000:83:00.0)
/scratch/work/groszt1/envs/theanoLM/lib/python3.7/site-packages/h5py-2.9.0-py3.7-linux-x86_64.egg/h5py/_hl/dataset.py:313: H5pyDeprecationWarning: dataset.value has been deprecated. Use dataset[()] instead.
  "Use dataset[()] instead.", H5pyDeprecationWarning)
/scratch/work/groszt1/envs/theanoLM/lib/python3.7/site-packages/h5py-2.9.0-py3.7-linux-x86_64.egg/h5py/_hl/dataset.py:313: H5pyDeprecationWarning: dataset.value has been deprecated. Use dataset[()] instead.
  "Use dataset[()] instead.", H5pyDeprecationWarning)
decode_theanolm finished.
/tmp/55088433/lattices
floatX=float32,device=cuda0,base_compiledir=/tmp/theano,exception_verbosity=high,openmp=False
/scratch/work/groszt1/envs/theanoLM/lib/python3.7/site-packages/theano/gpuarray/dnn.py:184: UserWarning: Your cuDNN version is more recent than Theano. If you encounter problems, try updating Theano or downgrading cuDNN to a version >= v5 and <= v7.
  warnings.warn("Your cuDNN version is more recent than "
Using cuDNN version 7600 on context None
Mapped name None to device cuda0: Tesla P100-PCIE-16GB (0000:83:00.0)
TheanoLM 1.3.2
Theano 1.0.4
pygpu 0.7.6
==
+ srun --gres=gpu:1 theanolm decode /scratch/work/moisioa3/conv_lm/experiments/theanolm-morph-42k/expt2-sampled/nnlm.h5 --lattice-list /tmp/55088433/lattices/lattice-list --output-file /scratch/work/moisioa3/conv_lm/experiments/theanolm-morph-42k/expt2-sampled/decode/devel/lambda=0.5-lms=9/54.trn --output trn --nnlm-weight 0.5 --lm-scale 9 --max-tokens-per-node 62 --beam 650 --recombination-order 22 --num-jobs 128 --job 54 --unk-penalty=-20
2020-08-15 09:45:59,058 get_default_device: Context None device="Tesla P100-PCIE-16GB" ID="0000:83:00.0"
2020-08-15 09:45:59,059 from_file: Reading vocabulary from network state.
2020-08-15 09:45:59,364 from_file: Number of words in vocabulary: 42699
2020-08-15 09:45:59,364 from_file: Number of words in shortlist: 42699
2020-08-15 09:45:59,364 from_file: Number of word classes: 42699
2020-08-15 09:45:59,364 from_file: Building neural network.
2020-08-15 09:46:43,856 from_file: Restoring neural network state.
2020-08-15 09:46:44,209 decode: Building word lattice decoder.
2020-08-15 09:46:49,609 __iter__: Reading lattice file `/tmp/55088433/lattices/dspm001_dsp2013_15.lat.gz´.
2020-08-15 09:46:49,675 decode: Utterance `dspm001_dsp2013_15´ -- 1 of job 54
2020-08-15 09:46:50,848 __iter__: Reading lattice file `/tmp/55088433/lattices/dspm011_dsp2013_15.lat.gz´.
2020-08-15 09:46:50,863 decode: Utterance `dspm011_dsp2013_15´ -- 2 of job 54
2020-08-15 09:46:51,115 __iter__: Reading lattice file `/tmp/55088433/lattices/dspm021_dsp2013_12.lat.gz´.
2020-08-15 09:46:51,343 decode: Utterance `dspm021_dsp2013_12´ -- 3 of job 54
2020-08-15 09:46:57,268 __iter__: Reading lattice file `/tmp/55088433/lattices/dspm031_dsp2013_01.lat.gz´.
2020-08-15 09:46:57,301 decode: Utterance `dspm031_dsp2013_01´ -- 4 of job 54
2020-08-15 09:46:57,991 __iter__: Reading lattice file `/tmp/55088433/lattices/dspm039_dsp2013_23.lat.gz´.
2020-08-15 09:46:58,705 decode: Utterance `dspm039_dsp2013_23´ -- 5 of job 54
2020-08-15 09:47:16,157 __iter__: Reading lattice file `/tmp/55088433/lattices/dspm048_dsp2013_19.lat.gz´.
2020-08-15 09:47:16,428 decode: Utterance `dspm048_dsp2013_19´ -- 6 of job 54
2020-08-15 09:47:21,207 __iter__: Reading lattice file `/tmp/55088433/lattices/dspm057_dsp2013_03.lat.gz´.
2020-08-15 09:47:25,528 decode: Utterance `dspm057_dsp2013_03´ -- 7 of job 54
2020-08-15 09:50:19,427 __iter__: Reading lattice file `/tmp/55088433/lattices/radioshaka_kbk20120915_106.lat.gz´.
2020-08-15 09:50:21,406 decode: Utterance `radioshaka_kbk20120915_106´ -- 8 of job 54
/scratch/work/groszt1/envs/theanoLM/lib/python3.7/site-packages/theano/gpuarray/dnn.py:184: UserWarning: Your cuDNN version is more recent than Theano. If you encounter problems, try updating Theano or downgrading cuDNN to a version >= v5 and <= v7.
  warnings.warn("Your cuDNN version is more recent than "
Using cuDNN version 7600 on context None
Mapped name None to device cuda0: Tesla P100-PCIE-16GB (0000:83:00.0)
/scratch/work/groszt1/envs/theanoLM/lib/python3.7/site-packages/h5py-2.9.0-py3.7-linux-x86_64.egg/h5py/_hl/dataset.py:313: H5pyDeprecationWarning: dataset.value has been deprecated. Use dataset[()] instead.
  "Use dataset[()] instead.", H5pyDeprecationWarning)
/scratch/work/groszt1/envs/theanoLM/lib/python3.7/site-packages/h5py-2.9.0-py3.7-linux-x86_64.egg/h5py/_hl/dataset.py:313: H5pyDeprecationWarning: dataset.value has been deprecated. Use dataset[()] instead.
  "Use dataset[()] instead.", H5pyDeprecationWarning)
decode_theanolm finished.
/tmp/55088433/lattices
floatX=float32,device=cuda0,base_compiledir=/tmp/theano,exception_verbosity=high,openmp=False
/scratch/work/groszt1/envs/theanoLM/lib/python3.7/site-packages/theano/gpuarray/dnn.py:184: UserWarning: Your cuDNN version is more recent than Theano. If you encounter problems, try updating Theano or downgrading cuDNN to a version >= v5 and <= v7.
  warnings.warn("Your cuDNN version is more recent than "
Using cuDNN version 7600 on context None
Mapped name None to device cuda0: Tesla P100-PCIE-16GB (0000:83:00.0)
TheanoLM 1.3.2
Theano 1.0.4
pygpu 0.7.6
==
+ srun --gres=gpu:1 theanolm decode /scratch/work/moisioa3/conv_lm/experiments/theanolm-morph-42k/expt2-sampled/nnlm.h5 --lattice-list /tmp/55088433/lattices/lattice-list --output-file /scratch/work/moisioa3/conv_lm/experiments/theanolm-morph-42k/expt2-sampled/decode/devel/lambda=0.5-lms=10/54.trn --output trn --nnlm-weight 0.5 --lm-scale 10 --max-tokens-per-node 62 --beam 650 --recombination-order 22 --num-jobs 128 --job 54 --unk-penalty=-20
2020-08-15 09:51:25,161 get_default_device: Context None device="Tesla P100-PCIE-16GB" ID="0000:83:00.0"
2020-08-15 09:51:25,162 from_file: Reading vocabulary from network state.
2020-08-15 09:51:25,447 from_file: Number of words in vocabulary: 42699
2020-08-15 09:51:25,447 from_file: Number of words in shortlist: 42699
2020-08-15 09:51:25,447 from_file: Number of word classes: 42699
2020-08-15 09:51:25,447 from_file: Building neural network.
2020-08-15 09:52:09,134 from_file: Restoring neural network state.
2020-08-15 09:52:09,489 decode: Building word lattice decoder.
2020-08-15 09:52:14,880 __iter__: Reading lattice file `/tmp/55088433/lattices/dspm001_dsp2013_15.lat.gz´.
2020-08-15 09:52:14,944 decode: Utterance `dspm001_dsp2013_15´ -- 1 of job 54
2020-08-15 09:52:16,094 __iter__: Reading lattice file `/tmp/55088433/lattices/dspm011_dsp2013_15.lat.gz´.
2020-08-15 09:52:16,108 decode: Utterance `dspm011_dsp2013_15´ -- 2 of job 54
2020-08-15 09:52:16,358 __iter__: Reading lattice file `/tmp/55088433/lattices/dspm021_dsp2013_12.lat.gz´.
2020-08-15 09:52:16,583 decode: Utterance `dspm021_dsp2013_12´ -- 3 of job 54
2020-08-15 09:52:22,919 __iter__: Reading lattice file `/tmp/55088433/lattices/dspm031_dsp2013_01.lat.gz´.
2020-08-15 09:52:22,952 decode: Utterance `dspm031_dsp2013_01´ -- 4 of job 54
2020-08-15 09:52:23,641 __iter__: Reading lattice file `/tmp/55088433/lattices/dspm039_dsp2013_23.lat.gz´.
2020-08-15 09:52:24,350 decode: Utterance `dspm039_dsp2013_23´ -- 5 of job 54
2020-08-15 09:52:41,796 __iter__: Reading lattice file `/tmp/55088433/lattices/dspm048_dsp2013_19.lat.gz´.
2020-08-15 09:52:42,068 decode: Utterance `dspm048_dsp2013_19´ -- 6 of job 54
2020-08-15 09:52:46,786 __iter__: Reading lattice file `/tmp/55088433/lattices/dspm057_dsp2013_03.lat.gz´.
2020-08-15 09:52:51,033 decode: Utterance `dspm057_dsp2013_03´ -- 7 of job 54
2020-08-15 09:55:56,375 __iter__: Reading lattice file `/tmp/55088433/lattices/radioshaka_kbk20120915_106.lat.gz´.
2020-08-15 09:55:58,291 decode: Utterance `radioshaka_kbk20120915_106´ -- 8 of job 54
/scratch/work/groszt1/envs/theanoLM/lib/python3.7/site-packages/theano/gpuarray/dnn.py:184: UserWarning: Your cuDNN version is more recent than Theano. If you encounter problems, try updating Theano or downgrading cuDNN to a version >= v5 and <= v7.
  warnings.warn("Your cuDNN version is more recent than "
Using cuDNN version 7600 on context None
Mapped name None to device cuda0: Tesla P100-PCIE-16GB (0000:83:00.0)
/scratch/work/groszt1/envs/theanoLM/lib/python3.7/site-packages/h5py-2.9.0-py3.7-linux-x86_64.egg/h5py/_hl/dataset.py:313: H5pyDeprecationWarning: dataset.value has been deprecated. Use dataset[()] instead.
  "Use dataset[()] instead.", H5pyDeprecationWarning)
/scratch/work/groszt1/envs/theanoLM/lib/python3.7/site-packages/h5py-2.9.0-py3.7-linux-x86_64.egg/h5py/_hl/dataset.py:313: H5pyDeprecationWarning: dataset.value has been deprecated. Use dataset[()] instead.
  "Use dataset[()] instead.", H5pyDeprecationWarning)
decode_theanolm finished.
/tmp/55088433/lattices
floatX=float32,device=cuda0,base_compiledir=/tmp/theano,exception_verbosity=high,openmp=False
/scratch/work/groszt1/envs/theanoLM/lib/python3.7/site-packages/theano/gpuarray/dnn.py:184: UserWarning: Your cuDNN version is more recent than Theano. If you encounter problems, try updating Theano or downgrading cuDNN to a version >= v5 and <= v7.
  warnings.warn("Your cuDNN version is more recent than "
Using cuDNN version 7600 on context None
Mapped name None to device cuda0: Tesla P100-PCIE-16GB (0000:83:00.0)
TheanoLM 1.3.2
Theano 1.0.4
pygpu 0.7.6
==
+ srun --gres=gpu:1 theanolm decode /scratch/work/moisioa3/conv_lm/experiments/theanolm-morph-42k/expt2-sampled/nnlm.h5 --lattice-list /tmp/55088433/lattices/lattice-list --output-file /scratch/work/moisioa3/conv_lm/experiments/theanolm-morph-42k/expt2-sampled/decode/devel/lambda=0.5-lms=11/54.trn --output trn --nnlm-weight 0.5 --lm-scale 11 --max-tokens-per-node 62 --beam 650 --recombination-order 22 --num-jobs 128 --job 54 --unk-penalty=-20
2020-08-15 09:57:06,324 get_default_device: Context None device="Tesla P100-PCIE-16GB" ID="0000:83:00.0"
2020-08-15 09:57:06,325 from_file: Reading vocabulary from network state.
2020-08-15 09:57:06,620 from_file: Number of words in vocabulary: 42699
2020-08-15 09:57:06,620 from_file: Number of words in shortlist: 42699
2020-08-15 09:57:06,620 from_file: Number of word classes: 42699
2020-08-15 09:57:06,620 from_file: Building neural network.
2020-08-15 09:57:49,570 from_file: Restoring neural network state.
2020-08-15 09:57:49,925 decode: Building word lattice decoder.
2020-08-15 09:57:55,299 __iter__: Reading lattice file `/tmp/55088433/lattices/dspm001_dsp2013_15.lat.gz´.
2020-08-15 09:57:55,366 decode: Utterance `dspm001_dsp2013_15´ -- 1 of job 54
2020-08-15 09:57:56,463 __iter__: Reading lattice file `/tmp/55088433/lattices/dspm011_dsp2013_15.lat.gz´.
2020-08-15 09:57:56,478 decode: Utterance `dspm011_dsp2013_15´ -- 2 of job 54
2020-08-15 09:57:56,731 __iter__: Reading lattice file `/tmp/55088433/lattices/dspm021_dsp2013_12.lat.gz´.
2020-08-15 09:57:56,960 decode: Utterance `dspm021_dsp2013_12´ -- 3 of job 54
2020-08-15 09:58:03,622 __iter__: Reading lattice file `/tmp/55088433/lattices/dspm031_dsp2013_01.lat.gz´.
2020-08-15 09:58:03,656 decode: Utterance `dspm031_dsp2013_01´ -- 4 of job 54
2020-08-15 09:58:04,350 __iter__: Reading lattice file `/tmp/55088433/lattices/dspm039_dsp2013_23.lat.gz´.
2020-08-15 09:58:05,080 decode: Utterance `dspm039_dsp2013_23´ -- 5 of job 54
2020-08-15 09:58:23,817 __iter__: Reading lattice file `/tmp/55088433/lattices/dspm048_dsp2013_19.lat.gz´.
2020-08-15 09:58:24,095 decode: Utterance `dspm048_dsp2013_19´ -- 6 of job 54
2020-08-15 09:58:29,106 __iter__: Reading lattice file `/tmp/55088433/lattices/dspm057_dsp2013_03.lat.gz´.
2020-08-15 09:58:33,506 decode: Utterance `dspm057_dsp2013_03´ -- 7 of job 54
2020-08-15 10:01:38,558 __iter__: Reading lattice file `/tmp/55088433/lattices/radioshaka_kbk20120915_106.lat.gz´.
2020-08-15 10:01:40,443 decode: Utterance `radioshaka_kbk20120915_106´ -- 8 of job 54
/scratch/work/groszt1/envs/theanoLM/lib/python3.7/site-packages/theano/gpuarray/dnn.py:184: UserWarning: Your cuDNN version is more recent than Theano. If you encounter problems, try updating Theano or downgrading cuDNN to a version >= v5 and <= v7.
  warnings.warn("Your cuDNN version is more recent than "
Using cuDNN version 7600 on context None
Mapped name None to device cuda0: Tesla P100-PCIE-16GB (0000:83:00.0)
/scratch/work/groszt1/envs/theanoLM/lib/python3.7/site-packages/h5py-2.9.0-py3.7-linux-x86_64.egg/h5py/_hl/dataset.py:313: H5pyDeprecationWarning: dataset.value has been deprecated. Use dataset[()] instead.
  "Use dataset[()] instead.", H5pyDeprecationWarning)
/scratch/work/groszt1/envs/theanoLM/lib/python3.7/site-packages/h5py-2.9.0-py3.7-linux-x86_64.egg/h5py/_hl/dataset.py:313: H5pyDeprecationWarning: dataset.value has been deprecated. Use dataset[()] instead.
  "Use dataset[()] instead.", H5pyDeprecationWarning)
decode_theanolm finished.
/tmp/55088433/lattices
floatX=float32,device=cuda0,base_compiledir=/tmp/theano,exception_verbosity=high,openmp=False
/scratch/work/groszt1/envs/theanoLM/lib/python3.7/site-packages/theano/gpuarray/dnn.py:184: UserWarning: Your cuDNN version is more recent than Theano. If you encounter problems, try updating Theano or downgrading cuDNN to a version >= v5 and <= v7.
  warnings.warn("Your cuDNN version is more recent than "
Using cuDNN version 7600 on context None
Mapped name None to device cuda0: Tesla P100-PCIE-16GB (0000:83:00.0)
TheanoLM 1.3.2
Theano 1.0.4
pygpu 0.7.6
==
+ srun --gres=gpu:1 theanolm decode /scratch/work/moisioa3/conv_lm/experiments/theanolm-morph-42k/expt2-sampled/nnlm.h5 --lattice-list /tmp/55088433/lattices/lattice-list --output-file /scratch/work/moisioa3/conv_lm/experiments/theanolm-morph-42k/expt2-sampled/decode/devel/lambda=0.5-lms=12/54.trn --output trn --nnlm-weight 0.5 --lm-scale 12 --max-tokens-per-node 62 --beam 650 --recombination-order 22 --num-jobs 128 --job 54 --unk-penalty=-20
2020-08-15 10:02:44,710 get_default_device: Context None device="Tesla P100-PCIE-16GB" ID="0000:83:00.0"
2020-08-15 10:02:44,712 from_file: Reading vocabulary from network state.
2020-08-15 10:02:45,009 from_file: Number of words in vocabulary: 42699
2020-08-15 10:02:45,009 from_file: Number of words in shortlist: 42699
2020-08-15 10:02:45,010 from_file: Number of word classes: 42699
2020-08-15 10:02:45,010 from_file: Building neural network.
2020-08-15 10:03:31,277 from_file: Restoring neural network state.
2020-08-15 10:03:31,631 decode: Building word lattice decoder.
2020-08-15 10:03:37,138 __iter__: Reading lattice file `/tmp/55088433/lattices/dspm001_dsp2013_15.lat.gz´.
2020-08-15 10:03:37,204 decode: Utterance `dspm001_dsp2013_15´ -- 1 of job 54
2020-08-15 10:03:38,319 __iter__: Reading lattice file `/tmp/55088433/lattices/dspm011_dsp2013_15.lat.gz´.
2020-08-15 10:03:38,333 decode: Utterance `dspm011_dsp2013_15´ -- 2 of job 54
2020-08-15 10:03:38,587 __iter__: Reading lattice file `/tmp/55088433/lattices/dspm021_dsp2013_12.lat.gz´.
2020-08-15 10:03:38,812 decode: Utterance `dspm021_dsp2013_12´ -- 3 of job 54
2020-08-15 10:03:45,862 __iter__: Reading lattice file `/tmp/55088433/lattices/dspm031_dsp2013_01.lat.gz´.
2020-08-15 10:03:45,896 decode: Utterance `dspm031_dsp2013_01´ -- 4 of job 54
2020-08-15 10:03:46,585 __iter__: Reading lattice file `/tmp/55088433/lattices/dspm039_dsp2013_23.lat.gz´.
2020-08-15 10:03:47,294 decode: Utterance `dspm039_dsp2013_23´ -- 5 of job 54
2020-08-15 10:04:05,455 __iter__: Reading lattice file `/tmp/55088433/lattices/dspm048_dsp2013_19.lat.gz´.
2020-08-15 10:04:05,721 decode: Utterance `dspm048_dsp2013_19´ -- 6 of job 54
2020-08-15 10:04:10,490 __iter__: Reading lattice file `/tmp/55088433/lattices/dspm057_dsp2013_03.lat.gz´.
2020-08-15 10:04:14,750 decode: Utterance `dspm057_dsp2013_03´ -- 7 of job 54
2020-08-15 10:07:22,855 __iter__: Reading lattice file `/tmp/55088433/lattices/radioshaka_kbk20120915_106.lat.gz´.
2020-08-15 10:07:24,809 decode: Utterance `radioshaka_kbk20120915_106´ -- 8 of job 54
/scratch/work/groszt1/envs/theanoLM/lib/python3.7/site-packages/theano/gpuarray/dnn.py:184: UserWarning: Your cuDNN version is more recent than Theano. If you encounter problems, try updating Theano or downgrading cuDNN to a version >= v5 and <= v7.
  warnings.warn("Your cuDNN version is more recent than "
Using cuDNN version 7600 on context None
Mapped name None to device cuda0: Tesla P100-PCIE-16GB (0000:83:00.0)
/scratch/work/groszt1/envs/theanoLM/lib/python3.7/site-packages/h5py-2.9.0-py3.7-linux-x86_64.egg/h5py/_hl/dataset.py:313: H5pyDeprecationWarning: dataset.value has been deprecated. Use dataset[()] instead.
  "Use dataset[()] instead.", H5pyDeprecationWarning)
/scratch/work/groszt1/envs/theanoLM/lib/python3.7/site-packages/h5py-2.9.0-py3.7-linux-x86_64.egg/h5py/_hl/dataset.py:313: H5pyDeprecationWarning: dataset.value has been deprecated. Use dataset[()] instead.
  "Use dataset[()] instead.", H5pyDeprecationWarning)
decode_theanolm finished.
/tmp/55088433/lattices
floatX=float32,device=cuda0,base_compiledir=/tmp/theano,exception_verbosity=high,openmp=False
/scratch/work/groszt1/envs/theanoLM/lib/python3.7/site-packages/theano/gpuarray/dnn.py:184: UserWarning: Your cuDNN version is more recent than Theano. If you encounter problems, try updating Theano or downgrading cuDNN to a version >= v5 and <= v7.
  warnings.warn("Your cuDNN version is more recent than "
Using cuDNN version 7600 on context None
Mapped name None to device cuda0: Tesla P100-PCIE-16GB (0000:83:00.0)
TheanoLM 1.3.2
Theano 1.0.4
pygpu 0.7.6
==
+ srun --gres=gpu:1 theanolm decode /scratch/work/moisioa3/conv_lm/experiments/theanolm-morph-42k/expt2-sampled/nnlm.h5 --lattice-list /tmp/55088433/lattices/lattice-list --output-file /scratch/work/moisioa3/conv_lm/experiments/theanolm-morph-42k/expt2-sampled/decode/devel/lambda=1.0-lms=8/54.trn --output trn --nnlm-weight 1.0 --lm-scale 8 --max-tokens-per-node 62 --beam 650 --recombination-order 22 --num-jobs 128 --job 54 --unk-penalty=-20
2020-08-15 10:08:33,315 get_default_device: Context None device="Tesla P100-PCIE-16GB" ID="0000:83:00.0"
2020-08-15 10:08:33,316 from_file: Reading vocabulary from network state.
2020-08-15 10:08:33,580 from_file: Number of words in vocabulary: 42699
2020-08-15 10:08:33,580 from_file: Number of words in shortlist: 42699
2020-08-15 10:08:33,581 from_file: Number of word classes: 42699
2020-08-15 10:08:33,581 from_file: Building neural network.
2020-08-15 10:09:16,471 from_file: Restoring neural network state.
2020-08-15 10:09:16,819 decode: Building word lattice decoder.
2020-08-15 10:09:22,197 __iter__: Reading lattice file `/tmp/55088433/lattices/dspm001_dsp2013_15.lat.gz´.
2020-08-15 10:09:22,263 decode: Utterance `dspm001_dsp2013_15´ -- 1 of job 54
2020-08-15 10:09:23,360 __iter__: Reading lattice file `/tmp/55088433/lattices/dspm011_dsp2013_15.lat.gz´.
2020-08-15 10:09:23,375 decode: Utterance `dspm011_dsp2013_15´ -- 2 of job 54
2020-08-15 10:09:23,625 __iter__: Reading lattice file `/tmp/55088433/lattices/dspm021_dsp2013_12.lat.gz´.
2020-08-15 10:09:23,849 decode: Utterance `dspm021_dsp2013_12´ -- 3 of job 54
2020-08-15 10:09:29,334 __iter__: Reading lattice file `/tmp/55088433/lattices/dspm031_dsp2013_01.lat.gz´.
2020-08-15 10:09:29,368 decode: Utterance `dspm031_dsp2013_01´ -- 4 of job 54
2020-08-15 10:09:30,022 __iter__: Reading lattice file `/tmp/55088433/lattices/dspm039_dsp2013_23.lat.gz´.
2020-08-15 10:09:30,744 decode: Utterance `dspm039_dsp2013_23´ -- 5 of job 54
2020-08-15 10:09:45,601 __iter__: Reading lattice file `/tmp/55088433/lattices/dspm048_dsp2013_19.lat.gz´.
2020-08-15 10:09:45,872 decode: Utterance `dspm048_dsp2013_19´ -- 6 of job 54
2020-08-15 10:09:50,445 __iter__: Reading lattice file `/tmp/55088433/lattices/dspm057_dsp2013_03.lat.gz´.
2020-08-15 10:09:54,764 decode: Utterance `dspm057_dsp2013_03´ -- 7 of job 54
2020-08-15 10:11:35,534 __iter__: Reading lattice file `/tmp/55088433/lattices/radioshaka_kbk20120915_106.lat.gz´.
2020-08-15 10:11:37,467 decode: Utterance `radioshaka_kbk20120915_106´ -- 8 of job 54
/scratch/work/groszt1/envs/theanoLM/lib/python3.7/site-packages/theano/gpuarray/dnn.py:184: UserWarning: Your cuDNN version is more recent than Theano. If you encounter problems, try updating Theano or downgrading cuDNN to a version >= v5 and <= v7.
  warnings.warn("Your cuDNN version is more recent than "
Using cuDNN version 7600 on context None
Mapped name None to device cuda0: Tesla P100-PCIE-16GB (0000:83:00.0)
/scratch/work/groszt1/envs/theanoLM/lib/python3.7/site-packages/h5py-2.9.0-py3.7-linux-x86_64.egg/h5py/_hl/dataset.py:313: H5pyDeprecationWarning: dataset.value has been deprecated. Use dataset[()] instead.
  "Use dataset[()] instead.", H5pyDeprecationWarning)
/scratch/work/groszt1/envs/theanoLM/lib/python3.7/site-packages/h5py-2.9.0-py3.7-linux-x86_64.egg/h5py/_hl/dataset.py:313: H5pyDeprecationWarning: dataset.value has been deprecated. Use dataset[()] instead.
  "Use dataset[()] instead.", H5pyDeprecationWarning)
decode_theanolm finished.
/tmp/55088433/lattices
floatX=float32,device=cuda0,base_compiledir=/tmp/theano,exception_verbosity=high,openmp=False
/scratch/work/groszt1/envs/theanoLM/lib/python3.7/site-packages/theano/gpuarray/dnn.py:184: UserWarning: Your cuDNN version is more recent than Theano. If you encounter problems, try updating Theano or downgrading cuDNN to a version >= v5 and <= v7.
  warnings.warn("Your cuDNN version is more recent than "
Using cuDNN version 7600 on context None
Mapped name None to device cuda0: Tesla P100-PCIE-16GB (0000:83:00.0)
TheanoLM 1.3.2
Theano 1.0.4
pygpu 0.7.6
==
+ srun --gres=gpu:1 theanolm decode /scratch/work/moisioa3/conv_lm/experiments/theanolm-morph-42k/expt2-sampled/nnlm.h5 --lattice-list /tmp/55088433/lattices/lattice-list --output-file /scratch/work/moisioa3/conv_lm/experiments/theanolm-morph-42k/expt2-sampled/decode/devel/lambda=1.0-lms=9/54.trn --output trn --nnlm-weight 1.0 --lm-scale 9 --max-tokens-per-node 62 --beam 650 --recombination-order 22 --num-jobs 128 --job 54 --unk-penalty=-20
2020-08-15 10:12:36,883 get_default_device: Context None device="Tesla P100-PCIE-16GB" ID="0000:83:00.0"
2020-08-15 10:12:36,884 from_file: Reading vocabulary from network state.
2020-08-15 10:12:37,129 from_file: Number of words in vocabulary: 42699
2020-08-15 10:12:37,129 from_file: Number of words in shortlist: 42699
2020-08-15 10:12:37,129 from_file: Number of word classes: 42699
2020-08-15 10:12:37,129 from_file: Building neural network.
2020-08-15 10:13:23,515 from_file: Restoring neural network state.
2020-08-15 10:13:23,904 decode: Building word lattice decoder.
2020-08-15 10:13:29,359 __iter__: Reading lattice file `/tmp/55088433/lattices/dspm001_dsp2013_15.lat.gz´.
2020-08-15 10:13:29,425 decode: Utterance `dspm001_dsp2013_15´ -- 1 of job 54
2020-08-15 10:13:30,591 __iter__: Reading lattice file `/tmp/55088433/lattices/dspm011_dsp2013_15.lat.gz´.
2020-08-15 10:13:30,606 decode: Utterance `dspm011_dsp2013_15´ -- 2 of job 54
2020-08-15 10:13:30,862 __iter__: Reading lattice file `/tmp/55088433/lattices/dspm021_dsp2013_12.lat.gz´.
2020-08-15 10:13:31,090 decode: Utterance `dspm021_dsp2013_12´ -- 3 of job 54
2020-08-15 10:13:36,553 __iter__: Reading lattice file `/tmp/55088433/lattices/dspm031_dsp2013_01.lat.gz´.
2020-08-15 10:13:36,586 decode: Utterance `dspm031_dsp2013_01´ -- 4 of job 54
2020-08-15 10:13:37,234 __iter__: Reading lattice file `/tmp/55088433/lattices/dspm039_dsp2013_23.lat.gz´.
2020-08-15 10:13:37,962 decode: Utterance `dspm039_dsp2013_23´ -- 5 of job 54
2020-08-15 10:13:52,881 __iter__: Reading lattice file `/tmp/55088433/lattices/dspm048_dsp2013_19.lat.gz´.
2020-08-15 10:13:53,152 decode: Utterance `dspm048_dsp2013_19´ -- 6 of job 54
2020-08-15 10:13:57,975 __iter__: Reading lattice file `/tmp/55088433/lattices/dspm057_dsp2013_03.lat.gz´.
2020-08-15 10:14:02,391 decode: Utterance `dspm057_dsp2013_03´ -- 7 of job 54
2020-08-15 10:15:39,440 __iter__: Reading lattice file `/tmp/55088433/lattices/radioshaka_kbk20120915_106.lat.gz´.
2020-08-15 10:15:41,384 decode: Utterance `radioshaka_kbk20120915_106´ -- 8 of job 54
/scratch/work/groszt1/envs/theanoLM/lib/python3.7/site-packages/theano/gpuarray/dnn.py:184: UserWarning: Your cuDNN version is more recent than Theano. If you encounter problems, try updating Theano or downgrading cuDNN to a version >= v5 and <= v7.
  warnings.warn("Your cuDNN version is more recent than "
Using cuDNN version 7600 on context None
Mapped name None to device cuda0: Tesla P100-PCIE-16GB (0000:83:00.0)
/scratch/work/groszt1/envs/theanoLM/lib/python3.7/site-packages/h5py-2.9.0-py3.7-linux-x86_64.egg/h5py/_hl/dataset.py:313: H5pyDeprecationWarning: dataset.value has been deprecated. Use dataset[()] instead.
  "Use dataset[()] instead.", H5pyDeprecationWarning)
/scratch/work/groszt1/envs/theanoLM/lib/python3.7/site-packages/h5py-2.9.0-py3.7-linux-x86_64.egg/h5py/_hl/dataset.py:313: H5pyDeprecationWarning: dataset.value has been deprecated. Use dataset[()] instead.
  "Use dataset[()] instead.", H5pyDeprecationWarning)
decode_theanolm finished.
/tmp/55088433/lattices
floatX=float32,device=cuda0,base_compiledir=/tmp/theano,exception_verbosity=high,openmp=False
/scratch/work/groszt1/envs/theanoLM/lib/python3.7/site-packages/theano/gpuarray/dnn.py:184: UserWarning: Your cuDNN version is more recent than Theano. If you encounter problems, try updating Theano or downgrading cuDNN to a version >= v5 and <= v7.
  warnings.warn("Your cuDNN version is more recent than "
Using cuDNN version 7600 on context None
Mapped name None to device cuda0: Tesla P100-PCIE-16GB (0000:83:00.0)
TheanoLM 1.3.2
Theano 1.0.4
pygpu 0.7.6
==
+ srun --gres=gpu:1 theanolm decode /scratch/work/moisioa3/conv_lm/experiments/theanolm-morph-42k/expt2-sampled/nnlm.h5 --lattice-list /tmp/55088433/lattices/lattice-list --output-file /scratch/work/moisioa3/conv_lm/experiments/theanolm-morph-42k/expt2-sampled/decode/devel/lambda=1.0-lms=10/54.trn --output trn --nnlm-weight 1.0 --lm-scale 10 --max-tokens-per-node 62 --beam 650 --recombination-order 22 --num-jobs 128 --job 54 --unk-penalty=-20
2020-08-15 10:16:39,458 get_default_device: Context None device="Tesla P100-PCIE-16GB" ID="0000:83:00.0"
2020-08-15 10:16:39,459 from_file: Reading vocabulary from network state.
2020-08-15 10:16:39,717 from_file: Number of words in vocabulary: 42699
2020-08-15 10:16:39,717 from_file: Number of words in shortlist: 42699
2020-08-15 10:16:39,717 from_file: Number of word classes: 42699
2020-08-15 10:16:39,717 from_file: Building neural network.
2020-08-15 10:17:28,346 from_file: Restoring neural network state.
2020-08-15 10:17:28,701 decode: Building word lattice decoder.
/scratch/work/groszt1/envs/theanoLM/lib/python3.7/site-packages/theano/gpuarray/dnn.py:184: UserWarning: Your cuDNN version is more recent than Theano. If you encounter problems, try updating Theano or downgrading cuDNN to a version >= v5 and <= v7.
  warnings.warn("Your cuDNN version is more recent than "
Using cuDNN version 7600 on context None
Mapped name None to device cuda0: Tesla P100-PCIE-16GB (0000:83:00.0)
/scratch/work/groszt1/envs/theanoLM/lib/python3.7/site-packages/h5py-2.9.0-py3.7-linux-x86_64.egg/h5py/_hl/dataset.py:313: H5pyDeprecationWarning: dataset.value has been deprecated. Use dataset[()] instead.
  "Use dataset[()] instead.", H5pyDeprecationWarning)
/scratch/work/groszt1/envs/theanoLM/lib/python3.7/site-packages/h5py-2.9.0-py3.7-linux-x86_64.egg/h5py/_hl/dataset.py:313: H5pyDeprecationWarning: dataset.value has been deprecated. Use dataset[()] instead.
  "Use dataset[()] instead.", H5pyDeprecationWarning)
INFO (theano.gof.compilelock): Waiting for existing lock by process '4337' (I am process '4212')
2020-08-15 10:17:37,940 lock: Waiting for existing lock by process '4337' (I am process '4212')
INFO (theano.gof.compilelock): To manually release the lock, delete /tmp/theano/compiledir_Linux-3.10-el7.x86_64-x86_64-with-centos-7.8.2003-Core-x86_64-3.7.3-64/lock_dir
2020-08-15 10:17:37,940 lock: To manually release the lock, delete /tmp/theano/compiledir_Linux-3.10-el7.x86_64-x86_64-with-centos-7.8.2003-Core-x86_64-3.7.3-64/lock_dir
INFO (theano.gof.compilelock): Waiting for existing lock by process '4420' (I am process '4212')
2020-08-15 10:17:47,169 lock: Waiting for existing lock by process '4420' (I am process '4212')
INFO (theano.gof.compilelock): To manually release the lock, delete /tmp/theano/compiledir_Linux-3.10-el7.x86_64-x86_64-with-centos-7.8.2003-Core-x86_64-3.7.3-64/lock_dir
2020-08-15 10:17:47,169 lock: To manually release the lock, delete /tmp/theano/compiledir_Linux-3.10-el7.x86_64-x86_64-with-centos-7.8.2003-Core-x86_64-3.7.3-64/lock_dir
2020-08-15 10:17:54,751 __iter__: Reading lattice file `/tmp/55088433/lattices/dspm001_dsp2013_15.lat.gz´.
2020-08-15 10:17:54,812 decode: Utterance `dspm001_dsp2013_15´ -- 1 of job 54
2020-08-15 10:17:55,956 __iter__: Reading lattice file `/tmp/55088433/lattices/dspm011_dsp2013_15.lat.gz´.
2020-08-15 10:17:55,970 decode: Utterance `dspm011_dsp2013_15´ -- 2 of job 54
2020-08-15 10:17:56,216 __iter__: Reading lattice file `/tmp/55088433/lattices/dspm021_dsp2013_12.lat.gz´.
2020-08-15 10:17:56,439 decode: Utterance `dspm021_dsp2013_12´ -- 3 of job 54
2020-08-15 10:18:01,741 __iter__: Reading lattice file `/tmp/55088433/lattices/dspm031_dsp2013_01.lat.gz´.
2020-08-15 10:18:01,774 decode: Utterance `dspm031_dsp2013_01´ -- 4 of job 54
2020-08-15 10:18:02,426 __iter__: Reading lattice file `/tmp/55088433/lattices/dspm039_dsp2013_23.lat.gz´.
2020-08-15 10:18:03,145 decode: Utterance `dspm039_dsp2013_23´ -- 5 of job 54
2020-08-15 10:18:18,022 __iter__: Reading lattice file `/tmp/55088433/lattices/dspm048_dsp2013_19.lat.gz´.
2020-08-15 10:18:18,296 decode: Utterance `dspm048_dsp2013_19´ -- 6 of job 54
2020-08-15 10:18:22,858 __iter__: Reading lattice file `/tmp/55088433/lattices/dspm057_dsp2013_03.lat.gz´.
2020-08-15 10:18:27,272 decode: Utterance `dspm057_dsp2013_03´ -- 7 of job 54
2020-08-15 10:20:00,544 __iter__: Reading lattice file `/tmp/55088433/lattices/radioshaka_kbk20120915_106.lat.gz´.
2020-08-15 10:20:02,526 decode: Utterance `radioshaka_kbk20120915_106´ -- 8 of job 54
decode_theanolm finished.
/tmp/55088433/lattices
floatX=float32,device=cuda0,base_compiledir=/tmp/theano,exception_verbosity=high,openmp=False
/scratch/work/groszt1/envs/theanoLM/lib/python3.7/site-packages/theano/gpuarray/dnn.py:184: UserWarning: Your cuDNN version is more recent than Theano. If you encounter problems, try updating Theano or downgrading cuDNN to a version >= v5 and <= v7.
  warnings.warn("Your cuDNN version is more recent than "
Using cuDNN version 7600 on context None
Mapped name None to device cuda0: Tesla P100-PCIE-16GB (0000:83:00.0)
TheanoLM 1.3.2
Theano 1.0.4
pygpu 0.7.6
==
+ srun --gres=gpu:1 theanolm decode /scratch/work/moisioa3/conv_lm/experiments/theanolm-morph-42k/expt2-sampled/nnlm.h5 --lattice-list /tmp/55088433/lattices/lattice-list --output-file /scratch/work/moisioa3/conv_lm/experiments/theanolm-morph-42k/expt2-sampled/decode/devel/lambda=1.0-lms=11/54.trn --output trn --nnlm-weight 1.0 --lm-scale 11 --max-tokens-per-node 62 --beam 650 --recombination-order 22 --num-jobs 128 --job 54 --unk-penalty=-20
2020-08-15 10:21:03,000 get_default_device: Context None device="Tesla P100-PCIE-16GB" ID="0000:83:00.0"
2020-08-15 10:21:03,002 from_file: Reading vocabulary from network state.
2020-08-15 10:21:03,294 from_file: Number of words in vocabulary: 42699
2020-08-15 10:21:03,295 from_file: Number of words in shortlist: 42699
2020-08-15 10:21:03,295 from_file: Number of word classes: 42699
2020-08-15 10:21:03,295 from_file: Building neural network.
2020-08-15 10:21:55,089 from_file: Restoring neural network state.
2020-08-15 10:21:55,440 decode: Building word lattice decoder.
/scratch/work/groszt1/envs/theanoLM/lib/python3.7/site-packages/theano/gpuarray/dnn.py:184: UserWarning: Your cuDNN version is more recent than Theano. If you encounter problems, try updating Theano or downgrading cuDNN to a version >= v5 and <= v7.
  warnings.warn("Your cuDNN version is more recent than "
Using cuDNN version 7600 on context None
Mapped name None to device cuda0: Tesla P100-PCIE-16GB (0000:83:00.0)
/scratch/work/groszt1/envs/theanoLM/lib/python3.7/site-packages/h5py-2.9.0-py3.7-linux-x86_64.egg/h5py/_hl/dataset.py:313: H5pyDeprecationWarning: dataset.value has been deprecated. Use dataset[()] instead.
  "Use dataset[()] instead.", H5pyDeprecationWarning)
/scratch/work/groszt1/envs/theanoLM/lib/python3.7/site-packages/h5py-2.9.0-py3.7-linux-x86_64.egg/h5py/_hl/dataset.py:313: H5pyDeprecationWarning: dataset.value has been deprecated. Use dataset[()] instead.
  "Use dataset[()] instead.", H5pyDeprecationWarning)
INFO (theano.gof.compilelock): Waiting for existing lock by process '5638' (I am process '5223')
2020-08-15 10:22:05,147 lock: Waiting for existing lock by process '5638' (I am process '5223')
INFO (theano.gof.compilelock): To manually release the lock, delete /tmp/theano/compiledir_Linux-3.10-el7.x86_64-x86_64-with-centos-7.8.2003-Core-x86_64-3.7.3-64/lock_dir
2020-08-15 10:22:05,148 lock: To manually release the lock, delete /tmp/theano/compiledir_Linux-3.10-el7.x86_64-x86_64-with-centos-7.8.2003-Core-x86_64-3.7.3-64/lock_dir
2020-08-15 10:22:12,188 __iter__: Reading lattice file `/tmp/55088433/lattices/dspm001_dsp2013_15.lat.gz´.
2020-08-15 10:22:12,255 decode: Utterance `dspm001_dsp2013_15´ -- 1 of job 54
2020-08-15 10:22:13,424 __iter__: Reading lattice file `/tmp/55088433/lattices/dspm011_dsp2013_15.lat.gz´.
2020-08-15 10:22:13,439 decode: Utterance `dspm011_dsp2013_15´ -- 2 of job 54
2020-08-15 10:22:13,692 __iter__: Reading lattice file `/tmp/55088433/lattices/dspm021_dsp2013_12.lat.gz´.
2020-08-15 10:22:13,917 decode: Utterance `dspm021_dsp2013_12´ -- 3 of job 54
2020-08-15 10:22:19,350 __iter__: Reading lattice file `/tmp/55088433/lattices/dspm031_dsp2013_01.lat.gz´.
2020-08-15 10:22:19,383 decode: Utterance `dspm031_dsp2013_01´ -- 4 of job 54
2020-08-15 10:22:20,032 __iter__: Reading lattice file `/tmp/55088433/lattices/dspm039_dsp2013_23.lat.gz´.
2020-08-15 10:22:20,730 decode: Utterance `dspm039_dsp2013_23´ -- 5 of job 54
2020-08-15 10:22:35,730 __iter__: Reading lattice file `/tmp/55088433/lattices/dspm048_dsp2013_19.lat.gz´.
2020-08-15 10:22:35,993 decode: Utterance `dspm048_dsp2013_19´ -- 6 of job 54
2020-08-15 10:22:40,541 __iter__: Reading lattice file `/tmp/55088433/lattices/dspm057_dsp2013_03.lat.gz´.
2020-08-15 10:22:44,744 decode: Utterance `dspm057_dsp2013_03´ -- 7 of job 54
2020-08-15 10:24:21,752 __iter__: Reading lattice file `/tmp/55088433/lattices/radioshaka_kbk20120915_106.lat.gz´.
2020-08-15 10:24:23,693 decode: Utterance `radioshaka_kbk20120915_106´ -- 8 of job 54
decode_theanolm finished.
/tmp/55088433/lattices
floatX=float32,device=cuda0,base_compiledir=/tmp/theano,exception_verbosity=high,openmp=False
/scratch/work/groszt1/envs/theanoLM/lib/python3.7/site-packages/theano/gpuarray/dnn.py:184: UserWarning: Your cuDNN version is more recent than Theano. If you encounter problems, try updating Theano or downgrading cuDNN to a version >= v5 and <= v7.
  warnings.warn("Your cuDNN version is more recent than "
Using cuDNN version 7600 on context None
Mapped name None to device cuda0: Tesla P100-PCIE-16GB (0000:83:00.0)
TheanoLM 1.3.2
Theano 1.0.4
pygpu 0.7.6
==
+ srun --gres=gpu:1 theanolm decode /scratch/work/moisioa3/conv_lm/experiments/theanolm-morph-42k/expt2-sampled/nnlm.h5 --lattice-list /tmp/55088433/lattices/lattice-list --output-file /scratch/work/moisioa3/conv_lm/experiments/theanolm-morph-42k/expt2-sampled/decode/devel/lambda=1.0-lms=12/54.trn --output trn --nnlm-weight 1.0 --lm-scale 12 --max-tokens-per-node 62 --beam 650 --recombination-order 22 --num-jobs 128 --job 54 --unk-penalty=-20
2020-08-15 10:25:24,470 get_default_device: Context None device="Tesla P100-PCIE-16GB" ID="0000:83:00.0"
2020-08-15 10:25:24,472 from_file: Reading vocabulary from network state.
2020-08-15 10:25:24,738 from_file: Number of words in vocabulary: 42699
2020-08-15 10:25:24,739 from_file: Number of words in shortlist: 42699
2020-08-15 10:25:24,739 from_file: Number of word classes: 42699
2020-08-15 10:25:24,739 from_file: Building neural network.
2020-08-15 10:26:08,839 from_file: Restoring neural network state.
2020-08-15 10:26:09,196 decode: Building word lattice decoder.
2020-08-15 10:26:14,879 __iter__: Reading lattice file `/tmp/55088433/lattices/dspm001_dsp2013_15.lat.gz´.
2020-08-15 10:26:14,947 decode: Utterance `dspm001_dsp2013_15´ -- 1 of job 54
2020-08-15 10:26:16,146 __iter__: Reading lattice file `/tmp/55088433/lattices/dspm011_dsp2013_15.lat.gz´.
2020-08-15 10:26:16,162 decode: Utterance `dspm011_dsp2013_15´ -- 2 of job 54
2020-08-15 10:26:16,446 __iter__: Reading lattice file `/tmp/55088433/lattices/dspm021_dsp2013_12.lat.gz´.
2020-08-15 10:26:16,685 decode: Utterance `dspm021_dsp2013_12´ -- 3 of job 54
2020-08-15 10:26:22,388 __iter__: Reading lattice file `/tmp/55088433/lattices/dspm031_dsp2013_01.lat.gz´.
2020-08-15 10:26:22,423 decode: Utterance `dspm031_dsp2013_01´ -- 4 of job 54
2020-08-15 10:26:23,109 __iter__: Reading lattice file `/tmp/55088433/lattices/dspm039_dsp2013_23.lat.gz´.
2020-08-15 10:26:23,842 decode: Utterance `dspm039_dsp2013_23´ -- 5 of job 54
2020-08-15 10:26:39,165 __iter__: Reading lattice file `/tmp/55088433/lattices/dspm048_dsp2013_19.lat.gz´.
2020-08-15 10:26:39,440 decode: Utterance `dspm048_dsp2013_19´ -- 6 of job 54
2020-08-15 10:26:44,033 __iter__: Reading lattice file `/tmp/55088433/lattices/dspm057_dsp2013_03.lat.gz´.
2020-08-15 10:26:48,417 decode: Utterance `dspm057_dsp2013_03´ -- 7 of job 54
2020-08-15 10:28:26,929 __iter__: Reading lattice file `/tmp/55088433/lattices/radioshaka_kbk20120915_106.lat.gz´.
2020-08-15 10:28:28,908 decode: Utterance `radioshaka_kbk20120915_106´ -- 8 of job 54
/scratch/work/groszt1/envs/theanoLM/lib/python3.7/site-packages/theano/gpuarray/dnn.py:184: UserWarning: Your cuDNN version is more recent than Theano. If you encounter problems, try updating Theano or downgrading cuDNN to a version >= v5 and <= v7.
  warnings.warn("Your cuDNN version is more recent than "
Using cuDNN version 7600 on context None
Mapped name None to device cuda0: Tesla P100-PCIE-16GB (0000:83:00.0)
/scratch/work/groszt1/envs/theanoLM/lib/python3.7/site-packages/h5py-2.9.0-py3.7-linux-x86_64.egg/h5py/_hl/dataset.py:313: H5pyDeprecationWarning: dataset.value has been deprecated. Use dataset[()] instead.
  "Use dataset[()] instead.", H5pyDeprecationWarning)
/scratch/work/groszt1/envs/theanoLM/lib/python3.7/site-packages/h5py-2.9.0-py3.7-linux-x86_64.egg/h5py/_hl/dataset.py:313: H5pyDeprecationWarning: dataset.value has been deprecated. Use dataset[()] instead.
  "Use dataset[()] instead.", H5pyDeprecationWarning)
decode_theanolm finished.
decode devel finished.
