Experiment: theanolm-morph-42k/expt2-sampled
Job ID: 55088290
Task ID: 31
Host: gpu21.int.triton.aalto.fi
Start date: Sat Aug 15 09:09:11 EEST 2020
Work directory: /scratch/work/moisioa3/conv_lm/experiments/theanolm-morph-42k/expt2-sampled
Temporary directory: /tmp/55088290

Currently Loaded Modules:
  1) speech-scripts/2016.05.24-b928230   6) binutils/2.25-GCCcore-5.4.0
  2) srilm/default                       7) GCC/5.4.0-2.25
  3) cuda/10.0.130                       8) libgpuarray/2017.03.29-45c731f
  4) cudnn/7.4.2-cuda                    9) anaconda3/latest
  5) GCCcore/5.4.0

 

/tmp/55088290/lattices
floatX=float32,device=cuda0,base_compiledir=/tmp/theano,exception_verbosity=high,openmp=False
/scratch/work/groszt1/envs/theanoLM/lib/python3.7/site-packages/theano/gpuarray/dnn.py:184: UserWarning: Your cuDNN version is more recent than Theano. If you encounter problems, try updating Theano or downgrading cuDNN to a version >= v5 and <= v7.
  warnings.warn("Your cuDNN version is more recent than "
Using cuDNN version 7600 on context None
Mapped name None to device cuda0: Tesla K80 (0000:88:00.0)
TheanoLM 1.3.2
Theano 1.0.4
pygpu 0.7.6
==
+ srun --gres=gpu:1 theanolm decode /scratch/work/moisioa3/conv_lm/experiments/theanolm-morph-42k/expt2-sampled/nnlm.h5 --lattice-list /tmp/55088290/lattices/lattice-list --output-file /scratch/work/moisioa3/conv_lm/experiments/theanolm-morph-42k/expt2-sampled/decode/devel/lambda=0.5-lms=8/31.trn --output trn --nnlm-weight 0.5 --lm-scale 8 --max-tokens-per-node 62 --beam 650 --recombination-order 22 --num-jobs 128 --job 31 --unk-penalty=-20
2020-08-15 09:09:35,819 get_default_device: Context None device="Tesla K80" ID="0000:88:00.0"
2020-08-15 09:09:35,820 from_file: Reading vocabulary from network state.
2020-08-15 09:09:36,059 from_file: Number of words in vocabulary: 42699
2020-08-15 09:09:36,059 from_file: Number of words in shortlist: 42699
2020-08-15 09:09:36,059 from_file: Number of word classes: 42699
2020-08-15 09:09:36,060 from_file: Building neural network.
/scratch/work/groszt1/envs/theanoLM/lib/python3.7/site-packages/theano/gpuarray/dnn.py:184: UserWarning: Your cuDNN version is more recent than Theano. If you encounter problems, try updating Theano or downgrading cuDNN to a version >= v5 and <= v7.
  warnings.warn("Your cuDNN version is more recent than "
Using cuDNN version 7600 on context None
Mapped name None to device cuda0: Tesla K80 (0000:88:00.0)
/scratch/work/groszt1/envs/theanoLM/lib/python3.7/site-packages/h5py-2.9.0-py3.7-linux-x86_64.egg/h5py/_hl/dataset.py:313: H5pyDeprecationWarning: dataset.value has been deprecated. Use dataset[()] instead.
  "Use dataset[()] instead.", H5pyDeprecationWarning)
INFO (theano.gof.compilelock): Waiting for existing lock by process '6957' (I am process '7159')
2020-08-15 09:10:23,005 lock: Waiting for existing lock by process '6957' (I am process '7159')
INFO (theano.gof.compilelock): To manually release the lock, delete /tmp/theano/compiledir_Linux-3.10-el7.x86_64-x86_64-with-centos-7.8.2003-Core-x86_64-3.7.3-64/lock_dir
2020-08-15 09:10:23,006 lock: To manually release the lock, delete /tmp/theano/compiledir_Linux-3.10-el7.x86_64-x86_64-with-centos-7.8.2003-Core-x86_64-3.7.3-64/lock_dir
2020-08-15 09:10:30,771 from_file: Restoring neural network state.
2020-08-15 09:10:31,162 decode: Building word lattice decoder.
2020-08-15 09:10:49,903 __iter__: Reading lattice file `/tmp/55088290/lattices/dspf007_dsp2013_12.lat.gz´.
2020-08-15 09:10:52,662 decode: Utterance `dspf007_dsp2013_12´ -- 1 of job 31
2020-08-15 09:14:39,821 __iter__: Reading lattice file `/tmp/55088290/lattices/dspm010_dsp2013_12.lat.gz´.
2020-08-15 09:14:40,329 decode: Utterance `dspm010_dsp2013_12´ -- 2 of job 31
2020-08-15 09:15:13,582 __iter__: Reading lattice file `/tmp/55088290/lattices/dspm019_dsp2013_08.lat.gz´.
2020-08-15 09:15:13,600 decode: Utterance `dspm019_dsp2013_08´ -- 3 of job 31
2020-08-15 09:15:14,071 __iter__: Reading lattice file `/tmp/55088290/lattices/dspm026_dsp2013_18.lat.gz´.
2020-08-15 09:15:14,920 decode: Utterance `dspm026_dsp2013_18´ -- 4 of job 31
2020-08-15 09:15:57,369 __iter__: Reading lattice file `/tmp/55088290/lattices/dspm036_dsp2013_42.lat.gz´.
2020-08-15 09:15:59,514 decode: Utterance `dspm036_dsp2013_42´ -- 5 of job 31
2020-08-15 09:18:11,527 __iter__: Reading lattice file `/tmp/55088290/lattices/dspm047_dsp2013_16.lat.gz´.
2020-08-15 09:18:11,939 decode: Utterance `dspm047_dsp2013_16´ -- 6 of job 31
2020-08-15 09:18:50,533 __iter__: Reading lattice file `/tmp/55088290/lattices/dspm055_dsp2013_20.lat.gz´.
2020-08-15 09:18:50,552 decode: Utterance `dspm055_dsp2013_20´ -- 7 of job 31
2020-08-15 09:18:51,349 __iter__: Reading lattice file `/tmp/55088290/lattices/radiokassu_kbk20120915_70.lat.gz´.
2020-08-15 09:18:52,492 decode: Utterance `radiokassu_kbk20120915_70´ -- 8 of job 31
/scratch/work/groszt1/envs/theanoLM/lib/python3.7/site-packages/h5py-2.9.0-py3.7-linux-x86_64.egg/h5py/_hl/dataset.py:313: H5pyDeprecationWarning: dataset.value has been deprecated. Use dataset[()] instead.
  "Use dataset[()] instead.", H5pyDeprecationWarning)
decode_theanolm finished.
/tmp/55088290/lattices
floatX=float32,device=cuda0,base_compiledir=/tmp/theano,exception_verbosity=high,openmp=False
/scratch/work/groszt1/envs/theanoLM/lib/python3.7/site-packages/theano/gpuarray/dnn.py:184: UserWarning: Your cuDNN version is more recent than Theano. If you encounter problems, try updating Theano or downgrading cuDNN to a version >= v5 and <= v7.
  warnings.warn("Your cuDNN version is more recent than "
Using cuDNN version 7600 on context None
Mapped name None to device cuda0: Tesla K80 (0000:88:00.0)
TheanoLM 1.3.2
Theano 1.0.4
pygpu 0.7.6
==
+ srun --gres=gpu:1 theanolm decode /scratch/work/moisioa3/conv_lm/experiments/theanolm-morph-42k/expt2-sampled/nnlm.h5 --lattice-list /tmp/55088290/lattices/lattice-list --output-file /scratch/work/moisioa3/conv_lm/experiments/theanolm-morph-42k/expt2-sampled/decode/devel/lambda=0.5-lms=9/31.trn --output trn --nnlm-weight 0.5 --lm-scale 9 --max-tokens-per-node 62 --beam 650 --recombination-order 22 --num-jobs 128 --job 31 --unk-penalty=-20
2020-08-15 09:20:12,631 get_default_device: Context None device="Tesla K80" ID="0000:88:00.0"
2020-08-15 09:20:12,632 from_file: Reading vocabulary from network state.
2020-08-15 09:20:12,882 from_file: Number of words in vocabulary: 42699
2020-08-15 09:20:12,882 from_file: Number of words in shortlist: 42699
2020-08-15 09:20:12,882 from_file: Number of word classes: 42699
2020-08-15 09:20:12,882 from_file: Building neural network.
2020-08-15 09:21:00,255 from_file: Restoring neural network state.
2020-08-15 09:21:00,623 decode: Building word lattice decoder.
2020-08-15 09:21:05,726 __iter__: Reading lattice file `/tmp/55088290/lattices/dspf007_dsp2013_12.lat.gz´.
2020-08-15 09:21:08,503 decode: Utterance `dspf007_dsp2013_12´ -- 1 of job 31
2020-08-15 09:24:49,783 __iter__: Reading lattice file `/tmp/55088290/lattices/dspm010_dsp2013_12.lat.gz´.
2020-08-15 09:24:50,427 decode: Utterance `dspm010_dsp2013_12´ -- 2 of job 31
2020-08-15 09:25:26,159 __iter__: Reading lattice file `/tmp/55088290/lattices/dspm019_dsp2013_08.lat.gz´.
2020-08-15 09:25:26,177 decode: Utterance `dspm019_dsp2013_08´ -- 3 of job 31
2020-08-15 09:25:26,649 __iter__: Reading lattice file `/tmp/55088290/lattices/dspm026_dsp2013_18.lat.gz´.
2020-08-15 09:25:27,477 decode: Utterance `dspm026_dsp2013_18´ -- 4 of job 31
2020-08-15 09:26:08,853 __iter__: Reading lattice file `/tmp/55088290/lattices/dspm036_dsp2013_42.lat.gz´.
2020-08-15 09:26:10,426 decode: Utterance `dspm036_dsp2013_42´ -- 5 of job 31
2020-08-15 09:28:29,920 __iter__: Reading lattice file `/tmp/55088290/lattices/dspm047_dsp2013_16.lat.gz´.
2020-08-15 09:28:30,319 decode: Utterance `dspm047_dsp2013_16´ -- 6 of job 31
2020-08-15 09:29:09,197 __iter__: Reading lattice file `/tmp/55088290/lattices/dspm055_dsp2013_20.lat.gz´.
2020-08-15 09:29:09,215 decode: Utterance `dspm055_dsp2013_20´ -- 7 of job 31
2020-08-15 09:29:10,014 __iter__: Reading lattice file `/tmp/55088290/lattices/radiokassu_kbk20120915_70.lat.gz´.
2020-08-15 09:29:11,123 decode: Utterance `radiokassu_kbk20120915_70´ -- 8 of job 31
/scratch/work/groszt1/envs/theanoLM/lib/python3.7/site-packages/theano/gpuarray/dnn.py:184: UserWarning: Your cuDNN version is more recent than Theano. If you encounter problems, try updating Theano or downgrading cuDNN to a version >= v5 and <= v7.
  warnings.warn("Your cuDNN version is more recent than "
Using cuDNN version 7600 on context None
Mapped name None to device cuda0: Tesla K80 (0000:88:00.0)
/scratch/work/groszt1/envs/theanoLM/lib/python3.7/site-packages/h5py-2.9.0-py3.7-linux-x86_64.egg/h5py/_hl/dataset.py:313: H5pyDeprecationWarning: dataset.value has been deprecated. Use dataset[()] instead.
  "Use dataset[()] instead.", H5pyDeprecationWarning)
/scratch/work/groszt1/envs/theanoLM/lib/python3.7/site-packages/h5py-2.9.0-py3.7-linux-x86_64.egg/h5py/_hl/dataset.py:313: H5pyDeprecationWarning: dataset.value has been deprecated. Use dataset[()] instead.
  "Use dataset[()] instead.", H5pyDeprecationWarning)
decode_theanolm finished.
/tmp/55088290/lattices
floatX=float32,device=cuda0,base_compiledir=/tmp/theano,exception_verbosity=high,openmp=False
/scratch/work/groszt1/envs/theanoLM/lib/python3.7/site-packages/theano/gpuarray/dnn.py:184: UserWarning: Your cuDNN version is more recent than Theano. If you encounter problems, try updating Theano or downgrading cuDNN to a version >= v5 and <= v7.
  warnings.warn("Your cuDNN version is more recent than "
Using cuDNN version 7600 on context None
Mapped name None to device cuda0: Tesla K80 (0000:88:00.0)
TheanoLM 1.3.2
Theano 1.0.4
pygpu 0.7.6
==
+ srun --gres=gpu:1 theanolm decode /scratch/work/moisioa3/conv_lm/experiments/theanolm-morph-42k/expt2-sampled/nnlm.h5 --lattice-list /tmp/55088290/lattices/lattice-list --output-file /scratch/work/moisioa3/conv_lm/experiments/theanolm-morph-42k/expt2-sampled/decode/devel/lambda=0.5-lms=10/31.trn --output trn --nnlm-weight 0.5 --lm-scale 10 --max-tokens-per-node 62 --beam 650 --recombination-order 22 --num-jobs 128 --job 31 --unk-penalty=-20
2020-08-15 09:30:39,042 get_default_device: Context None device="Tesla K80" ID="0000:88:00.0"
2020-08-15 09:30:39,044 from_file: Reading vocabulary from network state.
2020-08-15 09:30:39,298 from_file: Number of words in vocabulary: 42699
2020-08-15 09:30:39,299 from_file: Number of words in shortlist: 42699
2020-08-15 09:30:39,299 from_file: Number of word classes: 42699
2020-08-15 09:30:39,299 from_file: Building neural network.
2020-08-15 09:31:20,714 from_file: Restoring neural network state.
2020-08-15 09:31:21,088 decode: Building word lattice decoder.
2020-08-15 09:31:26,961 __iter__: Reading lattice file `/tmp/55088290/lattices/dspf007_dsp2013_12.lat.gz´.
2020-08-15 09:31:29,869 decode: Utterance `dspf007_dsp2013_12´ -- 1 of job 31
2020-08-15 09:35:14,450 __iter__: Reading lattice file `/tmp/55088290/lattices/dspm010_dsp2013_12.lat.gz´.
2020-08-15 09:35:14,942 decode: Utterance `dspm010_dsp2013_12´ -- 2 of job 31
2020-08-15 09:35:48,165 __iter__: Reading lattice file `/tmp/55088290/lattices/dspm019_dsp2013_08.lat.gz´.
2020-08-15 09:35:48,180 decode: Utterance `dspm019_dsp2013_08´ -- 3 of job 31
2020-08-15 09:35:48,635 __iter__: Reading lattice file `/tmp/55088290/lattices/dspm026_dsp2013_18.lat.gz´.
2020-08-15 09:35:49,299 decode: Utterance `dspm026_dsp2013_18´ -- 4 of job 31
2020-08-15 09:36:30,248 __iter__: Reading lattice file `/tmp/55088290/lattices/dspm036_dsp2013_42.lat.gz´.
2020-08-15 09:36:31,877 decode: Utterance `dspm036_dsp2013_42´ -- 5 of job 31
2020-08-15 09:38:52,340 __iter__: Reading lattice file `/tmp/55088290/lattices/dspm047_dsp2013_16.lat.gz´.
2020-08-15 09:38:52,873 decode: Utterance `dspm047_dsp2013_16´ -- 6 of job 31
2020-08-15 09:39:36,111 __iter__: Reading lattice file `/tmp/55088290/lattices/dspm055_dsp2013_20.lat.gz´.
2020-08-15 09:39:36,129 decode: Utterance `dspm055_dsp2013_20´ -- 7 of job 31
2020-08-15 09:39:36,932 __iter__: Reading lattice file `/tmp/55088290/lattices/radiokassu_kbk20120915_70.lat.gz´.
2020-08-15 09:39:38,063 decode: Utterance `radiokassu_kbk20120915_70´ -- 8 of job 31
/scratch/work/groszt1/envs/theanoLM/lib/python3.7/site-packages/theano/gpuarray/dnn.py:184: UserWarning: Your cuDNN version is more recent than Theano. If you encounter problems, try updating Theano or downgrading cuDNN to a version >= v5 and <= v7.
  warnings.warn("Your cuDNN version is more recent than "
Using cuDNN version 7600 on context None
Mapped name None to device cuda0: Tesla K80 (0000:88:00.0)
/scratch/work/groszt1/envs/theanoLM/lib/python3.7/site-packages/h5py-2.9.0-py3.7-linux-x86_64.egg/h5py/_hl/dataset.py:313: H5pyDeprecationWarning: dataset.value has been deprecated. Use dataset[()] instead.
  "Use dataset[()] instead.", H5pyDeprecationWarning)
/scratch/work/groszt1/envs/theanoLM/lib/python3.7/site-packages/h5py-2.9.0-py3.7-linux-x86_64.egg/h5py/_hl/dataset.py:313: H5pyDeprecationWarning: dataset.value has been deprecated. Use dataset[()] instead.
  "Use dataset[()] instead.", H5pyDeprecationWarning)
decode_theanolm finished.
/tmp/55088290/lattices
floatX=float32,device=cuda0,base_compiledir=/tmp/theano,exception_verbosity=high,openmp=False
/scratch/work/groszt1/envs/theanoLM/lib/python3.7/site-packages/theano/gpuarray/dnn.py:184: UserWarning: Your cuDNN version is more recent than Theano. If you encounter problems, try updating Theano or downgrading cuDNN to a version >= v5 and <= v7.
  warnings.warn("Your cuDNN version is more recent than "
Using cuDNN version 7600 on context None
Mapped name None to device cuda0: Tesla K80 (0000:88:00.0)
TheanoLM 1.3.2
Theano 1.0.4
pygpu 0.7.6
==
+ srun --gres=gpu:1 theanolm decode /scratch/work/moisioa3/conv_lm/experiments/theanolm-morph-42k/expt2-sampled/nnlm.h5 --lattice-list /tmp/55088290/lattices/lattice-list --output-file /scratch/work/moisioa3/conv_lm/experiments/theanolm-morph-42k/expt2-sampled/decode/devel/lambda=0.5-lms=11/31.trn --output trn --nnlm-weight 0.5 --lm-scale 11 --max-tokens-per-node 62 --beam 650 --recombination-order 22 --num-jobs 128 --job 31 --unk-penalty=-20
INFO (theano.gof.compilelock): Waiting for existing lock by process '15133' (I am process '15553')
INFO (theano.gof.compilelock): To manually release the lock, delete /tmp/theano/compiledir_Linux-3.10-el7.x86_64-x86_64-with-centos-7.8.2003-Core-x86_64-3.7.3-64/lock_dir
2020-08-15 09:41:15,228 get_default_device: Context None device="Tesla K80" ID="0000:88:00.0"
2020-08-15 09:41:15,229 from_file: Reading vocabulary from network state.
2020-08-15 09:41:15,477 from_file: Number of words in vocabulary: 42699
2020-08-15 09:41:15,478 from_file: Number of words in shortlist: 42699
2020-08-15 09:41:15,478 from_file: Number of word classes: 42699
2020-08-15 09:41:15,478 from_file: Building neural network.
2020-08-15 09:41:53,824 from_file: Restoring neural network state.
2020-08-15 09:41:54,215 decode: Building word lattice decoder.
2020-08-15 09:41:59,549 __iter__: Reading lattice file `/tmp/55088290/lattices/dspf007_dsp2013_12.lat.gz´.
2020-08-15 09:42:02,203 decode: Utterance `dspf007_dsp2013_12´ -- 1 of job 31
2020-08-15 09:45:50,708 __iter__: Reading lattice file `/tmp/55088290/lattices/dspm010_dsp2013_12.lat.gz´.
2020-08-15 09:45:51,347 decode: Utterance `dspm010_dsp2013_12´ -- 2 of job 31
2020-08-15 09:46:24,544 __iter__: Reading lattice file `/tmp/55088290/lattices/dspm019_dsp2013_08.lat.gz´.
2020-08-15 09:46:24,557 decode: Utterance `dspm019_dsp2013_08´ -- 3 of job 31
2020-08-15 09:46:25,002 __iter__: Reading lattice file `/tmp/55088290/lattices/dspm026_dsp2013_18.lat.gz´.
2020-08-15 09:46:25,617 decode: Utterance `dspm026_dsp2013_18´ -- 4 of job 31
2020-08-15 09:47:06,045 __iter__: Reading lattice file `/tmp/55088290/lattices/dspm036_dsp2013_42.lat.gz´.
2020-08-15 09:47:07,678 decode: Utterance `dspm036_dsp2013_42´ -- 5 of job 31
2020-08-15 09:49:30,971 __iter__: Reading lattice file `/tmp/55088290/lattices/dspm047_dsp2013_16.lat.gz´.
2020-08-15 09:49:31,382 decode: Utterance `dspm047_dsp2013_16´ -- 6 of job 31
2020-08-15 09:50:11,757 __iter__: Reading lattice file `/tmp/55088290/lattices/dspm055_dsp2013_20.lat.gz´.
2020-08-15 09:50:11,775 decode: Utterance `dspm055_dsp2013_20´ -- 7 of job 31
2020-08-15 09:50:12,580 __iter__: Reading lattice file `/tmp/55088290/lattices/radiokassu_kbk20120915_70.lat.gz´.
2020-08-15 09:50:13,774 decode: Utterance `radiokassu_kbk20120915_70´ -- 8 of job 31
/scratch/work/groszt1/envs/theanoLM/lib/python3.7/site-packages/theano/gpuarray/dnn.py:184: UserWarning: Your cuDNN version is more recent than Theano. If you encounter problems, try updating Theano or downgrading cuDNN to a version >= v5 and <= v7.
  warnings.warn("Your cuDNN version is more recent than "
Using cuDNN version 7600 on context None
Mapped name None to device cuda0: Tesla K80 (0000:88:00.0)
/scratch/work/groszt1/envs/theanoLM/lib/python3.7/site-packages/h5py-2.9.0-py3.7-linux-x86_64.egg/h5py/_hl/dataset.py:313: H5pyDeprecationWarning: dataset.value has been deprecated. Use dataset[()] instead.
  "Use dataset[()] instead.", H5pyDeprecationWarning)
/scratch/work/groszt1/envs/theanoLM/lib/python3.7/site-packages/h5py-2.9.0-py3.7-linux-x86_64.egg/h5py/_hl/dataset.py:313: H5pyDeprecationWarning: dataset.value has been deprecated. Use dataset[()] instead.
  "Use dataset[()] instead.", H5pyDeprecationWarning)
decode_theanolm finished.
/tmp/55088290/lattices
floatX=float32,device=cuda0,base_compiledir=/tmp/theano,exception_verbosity=high,openmp=False
/scratch/work/groszt1/envs/theanoLM/lib/python3.7/site-packages/theano/gpuarray/dnn.py:184: UserWarning: Your cuDNN version is more recent than Theano. If you encounter problems, try updating Theano or downgrading cuDNN to a version >= v5 and <= v7.
  warnings.warn("Your cuDNN version is more recent than "
Using cuDNN version 7600 on context None
Mapped name None to device cuda0: Tesla K80 (0000:88:00.0)
TheanoLM 1.3.2
Theano 1.0.4
pygpu 0.7.6
==
+ srun --gres=gpu:1 theanolm decode /scratch/work/moisioa3/conv_lm/experiments/theanolm-morph-42k/expt2-sampled/nnlm.h5 --lattice-list /tmp/55088290/lattices/lattice-list --output-file /scratch/work/moisioa3/conv_lm/experiments/theanolm-morph-42k/expt2-sampled/decode/devel/lambda=0.5-lms=12/31.trn --output trn --nnlm-weight 0.5 --lm-scale 12 --max-tokens-per-node 62 --beam 650 --recombination-order 22 --num-jobs 128 --job 31 --unk-penalty=-20
2020-08-15 09:51:44,407 get_default_device: Context None device="Tesla K80" ID="0000:88:00.0"
2020-08-15 09:51:44,408 from_file: Reading vocabulary from network state.
2020-08-15 09:51:44,665 from_file: Number of words in vocabulary: 42699
2020-08-15 09:51:44,665 from_file: Number of words in shortlist: 42699
2020-08-15 09:51:44,665 from_file: Number of word classes: 42699
2020-08-15 09:51:44,666 from_file: Building neural network.
2020-08-15 09:52:24,742 from_file: Restoring neural network state.
2020-08-15 09:52:25,144 decode: Building word lattice decoder.
2020-08-15 09:52:30,518 __iter__: Reading lattice file `/tmp/55088290/lattices/dspf007_dsp2013_12.lat.gz´.
2020-08-15 09:52:33,320 decode: Utterance `dspf007_dsp2013_12´ -- 1 of job 31
2020-08-15 09:56:27,022 __iter__: Reading lattice file `/tmp/55088290/lattices/dspm010_dsp2013_12.lat.gz´.
2020-08-15 09:56:27,527 decode: Utterance `dspm010_dsp2013_12´ -- 2 of job 31
2020-08-15 09:57:02,901 __iter__: Reading lattice file `/tmp/55088290/lattices/dspm019_dsp2013_08.lat.gz´.
2020-08-15 09:57:02,915 decode: Utterance `dspm019_dsp2013_08´ -- 3 of job 31
2020-08-15 09:57:03,359 __iter__: Reading lattice file `/tmp/55088290/lattices/dspm026_dsp2013_18.lat.gz´.
2020-08-15 09:57:04,009 decode: Utterance `dspm026_dsp2013_18´ -- 4 of job 31
2020-08-15 09:57:45,865 __iter__: Reading lattice file `/tmp/55088290/lattices/dspm036_dsp2013_42.lat.gz´.
2020-08-15 09:57:47,703 decode: Utterance `dspm036_dsp2013_42´ -- 5 of job 31
2020-08-15 10:00:14,031 __iter__: Reading lattice file `/tmp/55088290/lattices/dspm047_dsp2013_16.lat.gz´.
2020-08-15 10:00:14,460 decode: Utterance `dspm047_dsp2013_16´ -- 6 of job 31
2020-08-15 10:00:54,752 __iter__: Reading lattice file `/tmp/55088290/lattices/dspm055_dsp2013_20.lat.gz´.
2020-08-15 10:00:54,772 decode: Utterance `dspm055_dsp2013_20´ -- 7 of job 31
2020-08-15 10:00:55,578 __iter__: Reading lattice file `/tmp/55088290/lattices/radiokassu_kbk20120915_70.lat.gz´.
2020-08-15 10:00:56,791 decode: Utterance `radiokassu_kbk20120915_70´ -- 8 of job 31
/scratch/work/groszt1/envs/theanoLM/lib/python3.7/site-packages/theano/gpuarray/dnn.py:184: UserWarning: Your cuDNN version is more recent than Theano. If you encounter problems, try updating Theano or downgrading cuDNN to a version >= v5 and <= v7.
  warnings.warn("Your cuDNN version is more recent than "
Using cuDNN version 7600 on context None
Mapped name None to device cuda0: Tesla K80 (0000:88:00.0)
/scratch/work/groszt1/envs/theanoLM/lib/python3.7/site-packages/h5py-2.9.0-py3.7-linux-x86_64.egg/h5py/_hl/dataset.py:313: H5pyDeprecationWarning: dataset.value has been deprecated. Use dataset[()] instead.
  "Use dataset[()] instead.", H5pyDeprecationWarning)
/scratch/work/groszt1/envs/theanoLM/lib/python3.7/site-packages/h5py-2.9.0-py3.7-linux-x86_64.egg/h5py/_hl/dataset.py:313: H5pyDeprecationWarning: dataset.value has been deprecated. Use dataset[()] instead.
  "Use dataset[()] instead.", H5pyDeprecationWarning)
decode_theanolm finished.
/tmp/55088290/lattices
floatX=float32,device=cuda0,base_compiledir=/tmp/theano,exception_verbosity=high,openmp=False
/scratch/work/groszt1/envs/theanoLM/lib/python3.7/site-packages/theano/gpuarray/dnn.py:184: UserWarning: Your cuDNN version is more recent than Theano. If you encounter problems, try updating Theano or downgrading cuDNN to a version >= v5 and <= v7.
  warnings.warn("Your cuDNN version is more recent than "
Using cuDNN version 7600 on context None
Mapped name None to device cuda0: Tesla K80 (0000:88:00.0)
TheanoLM 1.3.2
Theano 1.0.4
pygpu 0.7.6
==
+ srun --gres=gpu:1 theanolm decode /scratch/work/moisioa3/conv_lm/experiments/theanolm-morph-42k/expt2-sampled/nnlm.h5 --lattice-list /tmp/55088290/lattices/lattice-list --output-file /scratch/work/moisioa3/conv_lm/experiments/theanolm-morph-42k/expt2-sampled/decode/devel/lambda=1.0-lms=8/31.trn --output trn --nnlm-weight 1.0 --lm-scale 8 --max-tokens-per-node 62 --beam 650 --recombination-order 22 --num-jobs 128 --job 31 --unk-penalty=-20
2020-08-15 10:02:18,974 get_default_device: Context None device="Tesla K80" ID="0000:88:00.0"
2020-08-15 10:02:18,975 from_file: Reading vocabulary from network state.
2020-08-15 10:02:19,218 from_file: Number of words in vocabulary: 42699
2020-08-15 10:02:19,218 from_file: Number of words in shortlist: 42699
2020-08-15 10:02:19,219 from_file: Number of word classes: 42699
2020-08-15 10:02:19,219 from_file: Building neural network.
2020-08-15 10:02:58,239 from_file: Restoring neural network state.
2020-08-15 10:02:58,621 decode: Building word lattice decoder.
2020-08-15 10:03:03,904 __iter__: Reading lattice file `/tmp/55088290/lattices/dspf007_dsp2013_12.lat.gz´.
2020-08-15 10:03:06,552 decode: Utterance `dspf007_dsp2013_12´ -- 1 of job 31
2020-08-15 10:06:37,945 __iter__: Reading lattice file `/tmp/55088290/lattices/dspm010_dsp2013_12.lat.gz´.
2020-08-15 10:06:38,485 decode: Utterance `dspm010_dsp2013_12´ -- 2 of job 31
2020-08-15 10:07:09,976 __iter__: Reading lattice file `/tmp/55088290/lattices/dspm019_dsp2013_08.lat.gz´.
2020-08-15 10:07:09,990 decode: Utterance `dspm019_dsp2013_08´ -- 3 of job 31
2020-08-15 10:07:10,443 __iter__: Reading lattice file `/tmp/55088290/lattices/dspm026_dsp2013_18.lat.gz´.
2020-08-15 10:07:11,065 decode: Utterance `dspm026_dsp2013_18´ -- 4 of job 31
2020-08-15 10:07:50,021 __iter__: Reading lattice file `/tmp/55088290/lattices/dspm036_dsp2013_42.lat.gz´.
2020-08-15 10:07:51,605 decode: Utterance `dspm036_dsp2013_42´ -- 5 of job 31
2020-08-15 10:09:41,607 __iter__: Reading lattice file `/tmp/55088290/lattices/dspm047_dsp2013_16.lat.gz´.
2020-08-15 10:09:42,000 decode: Utterance `dspm047_dsp2013_16´ -- 6 of job 31
2020-08-15 10:10:15,341 __iter__: Reading lattice file `/tmp/55088290/lattices/dspm055_dsp2013_20.lat.gz´.
2020-08-15 10:10:15,359 decode: Utterance `dspm055_dsp2013_20´ -- 7 of job 31
2020-08-15 10:10:16,149 __iter__: Reading lattice file `/tmp/55088290/lattices/radiokassu_kbk20120915_70.lat.gz´.
2020-08-15 10:10:17,255 decode: Utterance `radiokassu_kbk20120915_70´ -- 8 of job 31
/scratch/work/groszt1/envs/theanoLM/lib/python3.7/site-packages/theano/gpuarray/dnn.py:184: UserWarning: Your cuDNN version is more recent than Theano. If you encounter problems, try updating Theano or downgrading cuDNN to a version >= v5 and <= v7.
  warnings.warn("Your cuDNN version is more recent than "
Using cuDNN version 7600 on context None
Mapped name None to device cuda0: Tesla K80 (0000:88:00.0)
/scratch/work/groszt1/envs/theanoLM/lib/python3.7/site-packages/h5py-2.9.0-py3.7-linux-x86_64.egg/h5py/_hl/dataset.py:313: H5pyDeprecationWarning: dataset.value has been deprecated. Use dataset[()] instead.
  "Use dataset[()] instead.", H5pyDeprecationWarning)
/scratch/work/groszt1/envs/theanoLM/lib/python3.7/site-packages/h5py-2.9.0-py3.7-linux-x86_64.egg/h5py/_hl/dataset.py:313: H5pyDeprecationWarning: dataset.value has been deprecated. Use dataset[()] instead.
  "Use dataset[()] instead.", H5pyDeprecationWarning)
decode_theanolm finished.
/tmp/55088290/lattices
floatX=float32,device=cuda0,base_compiledir=/tmp/theano,exception_verbosity=high,openmp=False
/scratch/work/groszt1/envs/theanoLM/lib/python3.7/site-packages/theano/gpuarray/dnn.py:184: UserWarning: Your cuDNN version is more recent than Theano. If you encounter problems, try updating Theano or downgrading cuDNN to a version >= v5 and <= v7.
  warnings.warn("Your cuDNN version is more recent than "
Using cuDNN version 7600 on context None
Mapped name None to device cuda0: Tesla K80 (0000:88:00.0)
TheanoLM 1.3.2
Theano 1.0.4
pygpu 0.7.6
==
+ srun --gres=gpu:1 theanolm decode /scratch/work/moisioa3/conv_lm/experiments/theanolm-morph-42k/expt2-sampled/nnlm.h5 --lattice-list /tmp/55088290/lattices/lattice-list --output-file /scratch/work/moisioa3/conv_lm/experiments/theanolm-morph-42k/expt2-sampled/decode/devel/lambda=1.0-lms=9/31.trn --output trn --nnlm-weight 1.0 --lm-scale 9 --max-tokens-per-node 62 --beam 650 --recombination-order 22 --num-jobs 128 --job 31 --unk-penalty=-20
2020-08-15 10:11:33,284 get_default_device: Context None device="Tesla K80" ID="0000:88:00.0"
2020-08-15 10:11:33,285 from_file: Reading vocabulary from network state.
2020-08-15 10:11:33,564 from_file: Number of words in vocabulary: 42699
2020-08-15 10:11:33,564 from_file: Number of words in shortlist: 42699
2020-08-15 10:11:33,565 from_file: Number of word classes: 42699
2020-08-15 10:11:33,565 from_file: Building neural network.
2020-08-15 10:12:13,491 from_file: Restoring neural network state.
2020-08-15 10:12:13,903 decode: Building word lattice decoder.
2020-08-15 10:12:19,109 __iter__: Reading lattice file `/tmp/55088290/lattices/dspf007_dsp2013_12.lat.gz´.
2020-08-15 10:12:21,761 decode: Utterance `dspf007_dsp2013_12´ -- 1 of job 31
2020-08-15 10:15:55,071 __iter__: Reading lattice file `/tmp/55088290/lattices/dspm010_dsp2013_12.lat.gz´.
2020-08-15 10:15:55,553 decode: Utterance `dspm010_dsp2013_12´ -- 2 of job 31
2020-08-15 10:16:27,512 __iter__: Reading lattice file `/tmp/55088290/lattices/dspm019_dsp2013_08.lat.gz´.
2020-08-15 10:16:27,526 decode: Utterance `dspm019_dsp2013_08´ -- 3 of job 31
2020-08-15 10:16:27,972 __iter__: Reading lattice file `/tmp/55088290/lattices/dspm026_dsp2013_18.lat.gz´.
2020-08-15 10:16:28,592 decode: Utterance `dspm026_dsp2013_18´ -- 4 of job 31
2020-08-15 10:17:09,602 __iter__: Reading lattice file `/tmp/55088290/lattices/dspm036_dsp2013_42.lat.gz´.
2020-08-15 10:17:11,693 decode: Utterance `dspm036_dsp2013_42´ -- 5 of job 31
2020-08-15 10:18:58,464 __iter__: Reading lattice file `/tmp/55088290/lattices/dspm047_dsp2013_16.lat.gz´.
2020-08-15 10:18:58,856 decode: Utterance `dspm047_dsp2013_16´ -- 6 of job 31
2020-08-15 10:19:32,940 __iter__: Reading lattice file `/tmp/55088290/lattices/dspm055_dsp2013_20.lat.gz´.
2020-08-15 10:19:32,963 decode: Utterance `dspm055_dsp2013_20´ -- 7 of job 31
2020-08-15 10:19:33,797 __iter__: Reading lattice file `/tmp/55088290/lattices/radiokassu_kbk20120915_70.lat.gz´.
2020-08-15 10:19:35,272 decode: Utterance `radiokassu_kbk20120915_70´ -- 8 of job 31
/scratch/work/groszt1/envs/theanoLM/lib/python3.7/site-packages/theano/gpuarray/dnn.py:184: UserWarning: Your cuDNN version is more recent than Theano. If you encounter problems, try updating Theano or downgrading cuDNN to a version >= v5 and <= v7.
  warnings.warn("Your cuDNN version is more recent than "
Using cuDNN version 7600 on context None
Mapped name None to device cuda0: Tesla K80 (0000:88:00.0)
/scratch/work/groszt1/envs/theanoLM/lib/python3.7/site-packages/h5py-2.9.0-py3.7-linux-x86_64.egg/h5py/_hl/dataset.py:313: H5pyDeprecationWarning: dataset.value has been deprecated. Use dataset[()] instead.
  "Use dataset[()] instead.", H5pyDeprecationWarning)
/scratch/work/groszt1/envs/theanoLM/lib/python3.7/site-packages/h5py-2.9.0-py3.7-linux-x86_64.egg/h5py/_hl/dataset.py:313: H5pyDeprecationWarning: dataset.value has been deprecated. Use dataset[()] instead.
  "Use dataset[()] instead.", H5pyDeprecationWarning)
decode_theanolm finished.
/tmp/55088290/lattices
floatX=float32,device=cuda0,base_compiledir=/tmp/theano,exception_verbosity=high,openmp=False
/scratch/work/groszt1/envs/theanoLM/lib/python3.7/site-packages/theano/gpuarray/dnn.py:184: UserWarning: Your cuDNN version is more recent than Theano. If you encounter problems, try updating Theano or downgrading cuDNN to a version >= v5 and <= v7.
  warnings.warn("Your cuDNN version is more recent than "
Using cuDNN version 7600 on context None
Mapped name None to device cuda0: Tesla K80 (0000:88:00.0)
TheanoLM 1.3.2
Theano 1.0.4
pygpu 0.7.6
==
+ srun --gres=gpu:1 theanolm decode /scratch/work/moisioa3/conv_lm/experiments/theanolm-morph-42k/expt2-sampled/nnlm.h5 --lattice-list /tmp/55088290/lattices/lattice-list --output-file /scratch/work/moisioa3/conv_lm/experiments/theanolm-morph-42k/expt2-sampled/decode/devel/lambda=1.0-lms=10/31.trn --output trn --nnlm-weight 1.0 --lm-scale 10 --max-tokens-per-node 62 --beam 650 --recombination-order 22 --num-jobs 128 --job 31 --unk-penalty=-20
2020-08-15 10:20:47,418 get_default_device: Context None device="Tesla K80" ID="0000:88:00.0"
2020-08-15 10:20:47,419 from_file: Reading vocabulary from network state.
2020-08-15 10:20:47,649 from_file: Number of words in vocabulary: 42699
2020-08-15 10:20:47,649 from_file: Number of words in shortlist: 42699
2020-08-15 10:20:47,649 from_file: Number of word classes: 42699
2020-08-15 10:20:47,649 from_file: Building neural network.
2020-08-15 10:21:26,391 from_file: Restoring neural network state.
2020-08-15 10:21:26,784 decode: Building word lattice decoder.
2020-08-15 10:21:32,124 __iter__: Reading lattice file `/tmp/55088290/lattices/dspf007_dsp2013_12.lat.gz´.
2020-08-15 10:21:34,803 decode: Utterance `dspf007_dsp2013_12´ -- 1 of job 31
2020-08-15 10:25:08,374 __iter__: Reading lattice file `/tmp/55088290/lattices/dspm010_dsp2013_12.lat.gz´.
2020-08-15 10:25:09,022 decode: Utterance `dspm010_dsp2013_12´ -- 2 of job 31
2020-08-15 10:25:43,228 __iter__: Reading lattice file `/tmp/55088290/lattices/dspm019_dsp2013_08.lat.gz´.
2020-08-15 10:25:43,245 decode: Utterance `dspm019_dsp2013_08´ -- 3 of job 31
2020-08-15 10:25:43,709 __iter__: Reading lattice file `/tmp/55088290/lattices/dspm026_dsp2013_18.lat.gz´.
2020-08-15 10:25:44,434 decode: Utterance `dspm026_dsp2013_18´ -- 4 of job 31
2020-08-15 10:26:22,996 __iter__: Reading lattice file `/tmp/55088290/lattices/dspm036_dsp2013_42.lat.gz´.
2020-08-15 10:26:24,615 decode: Utterance `dspm036_dsp2013_42´ -- 5 of job 31
2020-08-15 10:28:10,972 __iter__: Reading lattice file `/tmp/55088290/lattices/dspm047_dsp2013_16.lat.gz´.
2020-08-15 10:28:11,388 decode: Utterance `dspm047_dsp2013_16´ -- 6 of job 31
2020-08-15 10:28:46,902 __iter__: Reading lattice file `/tmp/55088290/lattices/dspm055_dsp2013_20.lat.gz´.
2020-08-15 10:28:46,925 decode: Utterance `dspm055_dsp2013_20´ -- 7 of job 31
2020-08-15 10:28:47,765 __iter__: Reading lattice file `/tmp/55088290/lattices/radiokassu_kbk20120915_70.lat.gz´.
2020-08-15 10:28:49,261 decode: Utterance `radiokassu_kbk20120915_70´ -- 8 of job 31
/scratch/work/groszt1/envs/theanoLM/lib/python3.7/site-packages/theano/gpuarray/dnn.py:184: UserWarning: Your cuDNN version is more recent than Theano. If you encounter problems, try updating Theano or downgrading cuDNN to a version >= v5 and <= v7.
  warnings.warn("Your cuDNN version is more recent than "
Using cuDNN version 7600 on context None
Mapped name None to device cuda0: Tesla K80 (0000:88:00.0)
/scratch/work/groszt1/envs/theanoLM/lib/python3.7/site-packages/h5py-2.9.0-py3.7-linux-x86_64.egg/h5py/_hl/dataset.py:313: H5pyDeprecationWarning: dataset.value has been deprecated. Use dataset[()] instead.
  "Use dataset[()] instead.", H5pyDeprecationWarning)
/scratch/work/groszt1/envs/theanoLM/lib/python3.7/site-packages/h5py-2.9.0-py3.7-linux-x86_64.egg/h5py/_hl/dataset.py:313: H5pyDeprecationWarning: dataset.value has been deprecated. Use dataset[()] instead.
  "Use dataset[()] instead.", H5pyDeprecationWarning)
decode_theanolm finished.
/tmp/55088290/lattices
floatX=float32,device=cuda0,base_compiledir=/tmp/theano,exception_verbosity=high,openmp=False
/scratch/work/groszt1/envs/theanoLM/lib/python3.7/site-packages/theano/gpuarray/dnn.py:184: UserWarning: Your cuDNN version is more recent than Theano. If you encounter problems, try updating Theano or downgrading cuDNN to a version >= v5 and <= v7.
  warnings.warn("Your cuDNN version is more recent than "
Using cuDNN version 7600 on context None
Mapped name None to device cuda0: Tesla K80 (0000:88:00.0)
TheanoLM 1.3.2
Theano 1.0.4
pygpu 0.7.6
==
+ srun --gres=gpu:1 theanolm decode /scratch/work/moisioa3/conv_lm/experiments/theanolm-morph-42k/expt2-sampled/nnlm.h5 --lattice-list /tmp/55088290/lattices/lattice-list --output-file /scratch/work/moisioa3/conv_lm/experiments/theanolm-morph-42k/expt2-sampled/decode/devel/lambda=1.0-lms=11/31.trn --output trn --nnlm-weight 1.0 --lm-scale 11 --max-tokens-per-node 62 --beam 650 --recombination-order 22 --num-jobs 128 --job 31 --unk-penalty=-20
2020-08-15 10:30:03,831 get_default_device: Context None device="Tesla K80" ID="0000:88:00.0"
2020-08-15 10:30:03,832 from_file: Reading vocabulary from network state.
2020-08-15 10:30:04,057 from_file: Number of words in vocabulary: 42699
2020-08-15 10:30:04,058 from_file: Number of words in shortlist: 42699
2020-08-15 10:30:04,058 from_file: Number of word classes: 42699
2020-08-15 10:30:04,058 from_file: Building neural network.
2020-08-15 10:30:42,545 from_file: Restoring neural network state.
2020-08-15 10:30:42,925 decode: Building word lattice decoder.
2020-08-15 10:30:48,189 __iter__: Reading lattice file `/tmp/55088290/lattices/dspf007_dsp2013_12.lat.gz´.
2020-08-15 10:30:50,944 decode: Utterance `dspf007_dsp2013_12´ -- 1 of job 31
2020-08-15 10:34:23,332 __iter__: Reading lattice file `/tmp/55088290/lattices/dspm010_dsp2013_12.lat.gz´.
2020-08-15 10:34:23,852 decode: Utterance `dspm010_dsp2013_12´ -- 2 of job 31
2020-08-15 10:34:57,675 __iter__: Reading lattice file `/tmp/55088290/lattices/dspm019_dsp2013_08.lat.gz´.
2020-08-15 10:34:57,689 decode: Utterance `dspm019_dsp2013_08´ -- 3 of job 31
2020-08-15 10:34:58,141 __iter__: Reading lattice file `/tmp/55088290/lattices/dspm026_dsp2013_18.lat.gz´.
2020-08-15 10:34:58,776 decode: Utterance `dspm026_dsp2013_18´ -- 4 of job 31
2020-08-15 10:35:37,471 __iter__: Reading lattice file `/tmp/55088290/lattices/dspm036_dsp2013_42.lat.gz´.
2020-08-15 10:35:39,097 decode: Utterance `dspm036_dsp2013_42´ -- 5 of job 31
2020-08-15 10:37:26,913 __iter__: Reading lattice file `/tmp/55088290/lattices/dspm047_dsp2013_16.lat.gz´.
2020-08-15 10:37:27,311 decode: Utterance `dspm047_dsp2013_16´ -- 6 of job 31
2020-08-15 10:38:02,295 __iter__: Reading lattice file `/tmp/55088290/lattices/dspm055_dsp2013_20.lat.gz´.
2020-08-15 10:38:02,341 decode: Utterance `dspm055_dsp2013_20´ -- 7 of job 31
2020-08-15 10:38:03,215 __iter__: Reading lattice file `/tmp/55088290/lattices/radiokassu_kbk20120915_70.lat.gz´.
2020-08-15 10:38:04,716 decode: Utterance `radiokassu_kbk20120915_70´ -- 8 of job 31
/scratch/work/groszt1/envs/theanoLM/lib/python3.7/site-packages/theano/gpuarray/dnn.py:184: UserWarning: Your cuDNN version is more recent than Theano. If you encounter problems, try updating Theano or downgrading cuDNN to a version >= v5 and <= v7.
  warnings.warn("Your cuDNN version is more recent than "
Using cuDNN version 7600 on context None
Mapped name None to device cuda0: Tesla K80 (0000:88:00.0)
/scratch/work/groszt1/envs/theanoLM/lib/python3.7/site-packages/h5py-2.9.0-py3.7-linux-x86_64.egg/h5py/_hl/dataset.py:313: H5pyDeprecationWarning: dataset.value has been deprecated. Use dataset[()] instead.
  "Use dataset[()] instead.", H5pyDeprecationWarning)
/scratch/work/groszt1/envs/theanoLM/lib/python3.7/site-packages/h5py-2.9.0-py3.7-linux-x86_64.egg/h5py/_hl/dataset.py:313: H5pyDeprecationWarning: dataset.value has been deprecated. Use dataset[()] instead.
  "Use dataset[()] instead.", H5pyDeprecationWarning)
decode_theanolm finished.
/tmp/55088290/lattices
floatX=float32,device=cuda0,base_compiledir=/tmp/theano,exception_verbosity=high,openmp=False
/scratch/work/groszt1/envs/theanoLM/lib/python3.7/site-packages/theano/gpuarray/dnn.py:184: UserWarning: Your cuDNN version is more recent than Theano. If you encounter problems, try updating Theano or downgrading cuDNN to a version >= v5 and <= v7.
  warnings.warn("Your cuDNN version is more recent than "
Using cuDNN version 7600 on context None
Mapped name None to device cuda0: Tesla K80 (0000:88:00.0)
TheanoLM 1.3.2
Theano 1.0.4
pygpu 0.7.6
==
+ srun --gres=gpu:1 theanolm decode /scratch/work/moisioa3/conv_lm/experiments/theanolm-morph-42k/expt2-sampled/nnlm.h5 --lattice-list /tmp/55088290/lattices/lattice-list --output-file /scratch/work/moisioa3/conv_lm/experiments/theanolm-morph-42k/expt2-sampled/decode/devel/lambda=1.0-lms=12/31.trn --output trn --nnlm-weight 1.0 --lm-scale 12 --max-tokens-per-node 62 --beam 650 --recombination-order 22 --num-jobs 128 --job 31 --unk-penalty=-20
2020-08-15 10:39:22,682 get_default_device: Context None device="Tesla K80" ID="0000:88:00.0"
2020-08-15 10:39:22,684 from_file: Reading vocabulary from network state.
2020-08-15 10:39:22,922 from_file: Number of words in vocabulary: 42699
2020-08-15 10:39:22,923 from_file: Number of words in shortlist: 42699
2020-08-15 10:39:22,923 from_file: Number of word classes: 42699
2020-08-15 10:39:22,923 from_file: Building neural network.
2020-08-15 10:40:02,309 from_file: Restoring neural network state.
2020-08-15 10:40:02,699 decode: Building word lattice decoder.
2020-08-15 10:40:13,599 __iter__: Reading lattice file `/tmp/55088290/lattices/dspf007_dsp2013_12.lat.gz´.
2020-08-15 10:40:16,352 decode: Utterance `dspf007_dsp2013_12´ -- 1 of job 31
2020-08-15 10:43:56,333 __iter__: Reading lattice file `/tmp/55088290/lattices/dspm010_dsp2013_12.lat.gz´.
2020-08-15 10:43:56,844 decode: Utterance `dspm010_dsp2013_12´ -- 2 of job 31
2020-08-15 10:44:28,116 __iter__: Reading lattice file `/tmp/55088290/lattices/dspm019_dsp2013_08.lat.gz´.
2020-08-15 10:44:28,130 decode: Utterance `dspm019_dsp2013_08´ -- 3 of job 31
2020-08-15 10:44:28,580 __iter__: Reading lattice file `/tmp/55088290/lattices/dspm026_dsp2013_18.lat.gz´.
2020-08-15 10:44:29,224 decode: Utterance `dspm026_dsp2013_18´ -- 4 of job 31
2020-08-15 10:45:07,706 __iter__: Reading lattice file `/tmp/55088290/lattices/dspm036_dsp2013_42.lat.gz´.
2020-08-15 10:45:09,420 decode: Utterance `dspm036_dsp2013_42´ -- 5 of job 31
2020-08-15 10:46:56,140 __iter__: Reading lattice file `/tmp/55088290/lattices/dspm047_dsp2013_16.lat.gz´.
2020-08-15 10:46:56,717 decode: Utterance `dspm047_dsp2013_16´ -- 6 of job 31
2020-08-15 10:47:32,144 __iter__: Reading lattice file `/tmp/55088290/lattices/dspm055_dsp2013_20.lat.gz´.
2020-08-15 10:47:32,167 decode: Utterance `dspm055_dsp2013_20´ -- 7 of job 31
2020-08-15 10:47:32,975 __iter__: Reading lattice file `/tmp/55088290/lattices/radiokassu_kbk20120915_70.lat.gz´.
2020-08-15 10:47:34,142 decode: Utterance `radiokassu_kbk20120915_70´ -- 8 of job 31
/scratch/work/groszt1/envs/theanoLM/lib/python3.7/site-packages/theano/gpuarray/dnn.py:184: UserWarning: Your cuDNN version is more recent than Theano. If you encounter problems, try updating Theano or downgrading cuDNN to a version >= v5 and <= v7.
  warnings.warn("Your cuDNN version is more recent than "
Using cuDNN version 7600 on context None
Mapped name None to device cuda0: Tesla K80 (0000:88:00.0)
/scratch/work/groszt1/envs/theanoLM/lib/python3.7/site-packages/h5py-2.9.0-py3.7-linux-x86_64.egg/h5py/_hl/dataset.py:313: H5pyDeprecationWarning: dataset.value has been deprecated. Use dataset[()] instead.
  "Use dataset[()] instead.", H5pyDeprecationWarning)
/scratch/work/groszt1/envs/theanoLM/lib/python3.7/site-packages/h5py-2.9.0-py3.7-linux-x86_64.egg/h5py/_hl/dataset.py:313: H5pyDeprecationWarning: dataset.value has been deprecated. Use dataset[()] instead.
  "Use dataset[()] instead.", H5pyDeprecationWarning)
decode_theanolm finished.
decode devel finished.
