Experiment: theanolm-morph-42k/expt2-sampled
Job ID: 55088446
Task ID: 56
Host: gpu3.int.triton.aalto.fi
Start date: Sat Aug 15 09:45:57 EEST 2020
Work directory: /scratch/work/moisioa3/conv_lm/experiments/theanolm-morph-42k/expt2-sampled
Temporary directory: /tmp/55088446

Currently Loaded Modules:
  1) speech-scripts/2016.05.24-b928230   6) binutils/2.25-GCCcore-5.4.0
  2) srilm/default                       7) GCC/5.4.0-2.25
  3) cuda/10.0.130                       8) libgpuarray/2017.03.29-45c731f
  4) cudnn/7.4.2-cuda                    9) anaconda3/latest
  5) GCCcore/5.4.0

 

/tmp/55088446/lattices
floatX=float32,device=cuda0,base_compiledir=/tmp/theano,exception_verbosity=high,openmp=False
/scratch/work/groszt1/envs/theanoLM/lib/python3.7/site-packages/theano/gpuarray/dnn.py:184: UserWarning: Your cuDNN version is more recent than Theano. If you encounter problems, try updating Theano or downgrading cuDNN to a version >= v5 and <= v7.
  warnings.warn("Your cuDNN version is more recent than "
Using cuDNN version 7600 on context None
Mapped name None to device cuda0: Tesla V100-PCIE-32GB (0000:86:00.0)
TheanoLM 1.3.2
Theano 1.0.4
pygpu 0.7.6
==
+ srun --gres=gpu:1 theanolm decode /scratch/work/moisioa3/conv_lm/experiments/theanolm-morph-42k/expt2-sampled/nnlm.h5 --lattice-list /tmp/55088446/lattices/lattice-list --output-file /scratch/work/moisioa3/conv_lm/experiments/theanolm-morph-42k/expt2-sampled/decode/devel/lambda=0.5-lms=8/56.trn --output trn --nnlm-weight 0.5 --lm-scale 8 --max-tokens-per-node 62 --beam 650 --recombination-order 22 --num-jobs 128 --job 56 --unk-penalty=-20
2020-08-15 09:46:10,847 get_default_device: Context None device="Tesla V100-PCIE-32GB" ID="0000:86:00.0"
2020-08-15 09:46:10,848 from_file: Reading vocabulary from network state.
2020-08-15 09:46:11,076 from_file: Number of words in vocabulary: 42699
2020-08-15 09:46:11,076 from_file: Number of words in shortlist: 42699
2020-08-15 09:46:11,076 from_file: Number of word classes: 42699
2020-08-15 09:46:11,076 from_file: Building neural network.
2020-08-15 09:46:40,152 from_file: Restoring neural network state.
2020-08-15 09:46:40,506 decode: Building word lattice decoder.
2020-08-15 09:46:44,438 __iter__: Reading lattice file `/tmp/55088446/lattices/dspm001_dsp2013_17.lat.gz´.
2020-08-15 09:46:44,933 decode: Utterance `dspm001_dsp2013_17´ -- 1 of job 56
2020-08-15 09:46:53,779 __iter__: Reading lattice file `/tmp/55088446/lattices/dspm011_dsp2013_17.lat.gz´.
2020-08-15 09:46:53,819 decode: Utterance `dspm011_dsp2013_17´ -- 2 of job 56
2020-08-15 09:46:54,713 __iter__: Reading lattice file `/tmp/55088446/lattices/dspm021_dsp2013_14.lat.gz´.
2020-08-15 09:46:54,880 decode: Utterance `dspm021_dsp2013_14´ -- 3 of job 56
2020-08-15 09:47:01,204 __iter__: Reading lattice file `/tmp/55088446/lattices/dspm031_dsp2013_03.lat.gz´.
2020-08-15 09:47:01,234 decode: Utterance `dspm031_dsp2013_03´ -- 4 of job 56
2020-08-15 09:47:02,008 __iter__: Reading lattice file `/tmp/55088446/lattices/dspm039_dsp2013_25.lat.gz´.
2020-08-15 09:47:02,262 decode: Utterance `dspm039_dsp2013_25´ -- 5 of job 56
2020-08-15 09:47:12,122 __iter__: Reading lattice file `/tmp/55088446/lattices/dspm048_dsp2013_21.lat.gz´.
2020-08-15 09:47:12,248 decode: Utterance `dspm048_dsp2013_21´ -- 6 of job 56
2020-08-15 09:47:15,335 __iter__: Reading lattice file `/tmp/55088446/lattices/dspm057_dsp2013_05.lat.gz´.
2020-08-15 09:47:16,322 decode: Utterance `dspm057_dsp2013_05´ -- 7 of job 56
2020-08-15 09:47:44,928 __iter__: Reading lattice file `/tmp/55088446/lattices/radioshaka_kbk20120915_10.lat.gz´.
2020-08-15 09:47:45,264 decode: Utterance `radioshaka_kbk20120915_10´ -- 8 of job 56
/scratch/work/groszt1/envs/theanoLM/lib/python3.7/site-packages/theano/gpuarray/dnn.py:184: UserWarning: Your cuDNN version is more recent than Theano. If you encounter problems, try updating Theano or downgrading cuDNN to a version >= v5 and <= v7.
  warnings.warn("Your cuDNN version is more recent than "
Using cuDNN version 7600 on context None
Mapped name None to device cuda0: Tesla V100-PCIE-32GB (0000:86:00.0)
/scratch/work/groszt1/envs/theanoLM/lib/python3.7/site-packages/h5py-2.9.0-py3.7-linux-x86_64.egg/h5py/_hl/dataset.py:313: H5pyDeprecationWarning: dataset.value has been deprecated. Use dataset[()] instead.
  "Use dataset[()] instead.", H5pyDeprecationWarning)
/scratch/work/groszt1/envs/theanoLM/lib/python3.7/site-packages/h5py-2.9.0-py3.7-linux-x86_64.egg/h5py/_hl/dataset.py:313: H5pyDeprecationWarning: dataset.value has been deprecated. Use dataset[()] instead.
  "Use dataset[()] instead.", H5pyDeprecationWarning)
decode_theanolm finished.
/tmp/55088446/lattices
floatX=float32,device=cuda0,base_compiledir=/tmp/theano,exception_verbosity=high,openmp=False
/scratch/work/groszt1/envs/theanoLM/lib/python3.7/site-packages/theano/gpuarray/dnn.py:184: UserWarning: Your cuDNN version is more recent than Theano. If you encounter problems, try updating Theano or downgrading cuDNN to a version >= v5 and <= v7.
  warnings.warn("Your cuDNN version is more recent than "
Using cuDNN version 7600 on context None
Mapped name None to device cuda0: Tesla V100-PCIE-32GB (0000:86:00.0)
TheanoLM 1.3.2
Theano 1.0.4
pygpu 0.7.6
==
+ srun --gres=gpu:1 theanolm decode /scratch/work/moisioa3/conv_lm/experiments/theanolm-morph-42k/expt2-sampled/nnlm.h5 --lattice-list /tmp/55088446/lattices/lattice-list --output-file /scratch/work/moisioa3/conv_lm/experiments/theanolm-morph-42k/expt2-sampled/decode/devel/lambda=0.5-lms=9/56.trn --output trn --nnlm-weight 0.5 --lm-scale 9 --max-tokens-per-node 62 --beam 650 --recombination-order 22 --num-jobs 128 --job 56 --unk-penalty=-20
2020-08-15 09:48:00,593 get_default_device: Context None device="Tesla V100-PCIE-32GB" ID="0000:86:00.0"
2020-08-15 09:48:00,594 from_file: Reading vocabulary from network state.
2020-08-15 09:48:00,817 from_file: Number of words in vocabulary: 42699
2020-08-15 09:48:00,818 from_file: Number of words in shortlist: 42699
2020-08-15 09:48:00,818 from_file: Number of word classes: 42699
2020-08-15 09:48:00,818 from_file: Building neural network.
2020-08-15 09:48:29,688 from_file: Restoring neural network state.
2020-08-15 09:48:30,039 decode: Building word lattice decoder.
2020-08-15 09:48:33,956 __iter__: Reading lattice file `/tmp/55088446/lattices/dspm001_dsp2013_17.lat.gz´.
2020-08-15 09:48:34,470 decode: Utterance `dspm001_dsp2013_17´ -- 1 of job 56
2020-08-15 09:48:43,329 __iter__: Reading lattice file `/tmp/55088446/lattices/dspm011_dsp2013_17.lat.gz´.
2020-08-15 09:48:43,370 decode: Utterance `dspm011_dsp2013_17´ -- 2 of job 56
2020-08-15 09:48:44,261 __iter__: Reading lattice file `/tmp/55088446/lattices/dspm021_dsp2013_14.lat.gz´.
2020-08-15 09:48:44,433 decode: Utterance `dspm021_dsp2013_14´ -- 3 of job 56
2020-08-15 09:48:50,959 __iter__: Reading lattice file `/tmp/55088446/lattices/dspm031_dsp2013_03.lat.gz´.
2020-08-15 09:48:50,990 decode: Utterance `dspm031_dsp2013_03´ -- 4 of job 56
2020-08-15 09:48:51,770 __iter__: Reading lattice file `/tmp/55088446/lattices/dspm039_dsp2013_25.lat.gz´.
2020-08-15 09:48:52,029 decode: Utterance `dspm039_dsp2013_25´ -- 5 of job 56
2020-08-15 09:49:02,212 __iter__: Reading lattice file `/tmp/55088446/lattices/dspm048_dsp2013_21.lat.gz´.
2020-08-15 09:49:02,344 decode: Utterance `dspm048_dsp2013_21´ -- 6 of job 56
2020-08-15 09:49:05,431 __iter__: Reading lattice file `/tmp/55088446/lattices/dspm057_dsp2013_05.lat.gz´.
2020-08-15 09:49:06,443 decode: Utterance `dspm057_dsp2013_05´ -- 7 of job 56
2020-08-15 09:49:35,126 __iter__: Reading lattice file `/tmp/55088446/lattices/radioshaka_kbk20120915_10.lat.gz´.
2020-08-15 09:49:35,471 decode: Utterance `radioshaka_kbk20120915_10´ -- 8 of job 56
/scratch/work/groszt1/envs/theanoLM/lib/python3.7/site-packages/theano/gpuarray/dnn.py:184: UserWarning: Your cuDNN version is more recent than Theano. If you encounter problems, try updating Theano or downgrading cuDNN to a version >= v5 and <= v7.
  warnings.warn("Your cuDNN version is more recent than "
Using cuDNN version 7600 on context None
Mapped name None to device cuda0: Tesla V100-PCIE-32GB (0000:86:00.0)
/scratch/work/groszt1/envs/theanoLM/lib/python3.7/site-packages/h5py-2.9.0-py3.7-linux-x86_64.egg/h5py/_hl/dataset.py:313: H5pyDeprecationWarning: dataset.value has been deprecated. Use dataset[()] instead.
  "Use dataset[()] instead.", H5pyDeprecationWarning)
/scratch/work/groszt1/envs/theanoLM/lib/python3.7/site-packages/h5py-2.9.0-py3.7-linux-x86_64.egg/h5py/_hl/dataset.py:313: H5pyDeprecationWarning: dataset.value has been deprecated. Use dataset[()] instead.
  "Use dataset[()] instead.", H5pyDeprecationWarning)
decode_theanolm finished.
/tmp/55088446/lattices
floatX=float32,device=cuda0,base_compiledir=/tmp/theano,exception_verbosity=high,openmp=False
/scratch/work/groszt1/envs/theanoLM/lib/python3.7/site-packages/theano/gpuarray/dnn.py:184: UserWarning: Your cuDNN version is more recent than Theano. If you encounter problems, try updating Theano or downgrading cuDNN to a version >= v5 and <= v7.
  warnings.warn("Your cuDNN version is more recent than "
Using cuDNN version 7600 on context None
Mapped name None to device cuda0: Tesla V100-PCIE-32GB (0000:86:00.0)
TheanoLM 1.3.2
Theano 1.0.4
pygpu 0.7.6
==
+ srun --gres=gpu:1 theanolm decode /scratch/work/moisioa3/conv_lm/experiments/theanolm-morph-42k/expt2-sampled/nnlm.h5 --lattice-list /tmp/55088446/lattices/lattice-list --output-file /scratch/work/moisioa3/conv_lm/experiments/theanolm-morph-42k/expt2-sampled/decode/devel/lambda=0.5-lms=10/56.trn --output trn --nnlm-weight 0.5 --lm-scale 10 --max-tokens-per-node 62 --beam 650 --recombination-order 22 --num-jobs 128 --job 56 --unk-penalty=-20
2020-08-15 09:49:50,686 get_default_device: Context None device="Tesla V100-PCIE-32GB" ID="0000:86:00.0"
2020-08-15 09:49:50,687 from_file: Reading vocabulary from network state.
2020-08-15 09:49:50,910 from_file: Number of words in vocabulary: 42699
2020-08-15 09:49:50,911 from_file: Number of words in shortlist: 42699
2020-08-15 09:49:50,911 from_file: Number of word classes: 42699
2020-08-15 09:49:50,911 from_file: Building neural network.
2020-08-15 09:50:28,129 from_file: Restoring neural network state.
2020-08-15 09:50:28,480 decode: Building word lattice decoder.
2020-08-15 09:50:32,434 __iter__: Reading lattice file `/tmp/55088446/lattices/dspm001_dsp2013_17.lat.gz´.
2020-08-15 09:50:32,937 decode: Utterance `dspm001_dsp2013_17´ -- 1 of job 56
2020-08-15 09:50:41,794 __iter__: Reading lattice file `/tmp/55088446/lattices/dspm011_dsp2013_17.lat.gz´.
2020-08-15 09:50:41,835 decode: Utterance `dspm011_dsp2013_17´ -- 2 of job 56
2020-08-15 09:50:42,719 __iter__: Reading lattice file `/tmp/55088446/lattices/dspm021_dsp2013_14.lat.gz´.
2020-08-15 09:50:42,890 decode: Utterance `dspm021_dsp2013_14´ -- 3 of job 56
2020-08-15 09:50:49,598 __iter__: Reading lattice file `/tmp/55088446/lattices/dspm031_dsp2013_03.lat.gz´.
2020-08-15 09:50:49,628 decode: Utterance `dspm031_dsp2013_03´ -- 4 of job 56
2020-08-15 09:50:50,408 __iter__: Reading lattice file `/tmp/55088446/lattices/dspm039_dsp2013_25.lat.gz´.
2020-08-15 09:50:50,666 decode: Utterance `dspm039_dsp2013_25´ -- 5 of job 56
2020-08-15 09:51:01,010 __iter__: Reading lattice file `/tmp/55088446/lattices/dspm048_dsp2013_21.lat.gz´.
2020-08-15 09:51:01,138 decode: Utterance `dspm048_dsp2013_21´ -- 6 of job 56
2020-08-15 09:51:04,188 __iter__: Reading lattice file `/tmp/55088446/lattices/dspm057_dsp2013_05.lat.gz´.
2020-08-15 09:51:05,193 decode: Utterance `dspm057_dsp2013_05´ -- 7 of job 56
2020-08-15 09:51:34,189 __iter__: Reading lattice file `/tmp/55088446/lattices/radioshaka_kbk20120915_10.lat.gz´.
2020-08-15 09:51:34,530 decode: Utterance `radioshaka_kbk20120915_10´ -- 8 of job 56
/scratch/work/groszt1/envs/theanoLM/lib/python3.7/site-packages/theano/gpuarray/dnn.py:184: UserWarning: Your cuDNN version is more recent than Theano. If you encounter problems, try updating Theano or downgrading cuDNN to a version >= v5 and <= v7.
  warnings.warn("Your cuDNN version is more recent than "
Using cuDNN version 7600 on context None
Mapped name None to device cuda0: Tesla V100-PCIE-32GB (0000:86:00.0)
/scratch/work/groszt1/envs/theanoLM/lib/python3.7/site-packages/h5py-2.9.0-py3.7-linux-x86_64.egg/h5py/_hl/dataset.py:313: H5pyDeprecationWarning: dataset.value has been deprecated. Use dataset[()] instead.
  "Use dataset[()] instead.", H5pyDeprecationWarning)
/scratch/work/groszt1/envs/theanoLM/lib/python3.7/site-packages/h5py-2.9.0-py3.7-linux-x86_64.egg/h5py/_hl/dataset.py:313: H5pyDeprecationWarning: dataset.value has been deprecated. Use dataset[()] instead.
  "Use dataset[()] instead.", H5pyDeprecationWarning)
decode_theanolm finished.
/tmp/55088446/lattices
floatX=float32,device=cuda0,base_compiledir=/tmp/theano,exception_verbosity=high,openmp=False
/scratch/work/groszt1/envs/theanoLM/lib/python3.7/site-packages/theano/gpuarray/dnn.py:184: UserWarning: Your cuDNN version is more recent than Theano. If you encounter problems, try updating Theano or downgrading cuDNN to a version >= v5 and <= v7.
  warnings.warn("Your cuDNN version is more recent than "
Using cuDNN version 7600 on context None
Mapped name None to device cuda0: Tesla V100-PCIE-32GB (0000:86:00.0)
TheanoLM 1.3.2
Theano 1.0.4
pygpu 0.7.6
==
+ srun --gres=gpu:1 theanolm decode /scratch/work/moisioa3/conv_lm/experiments/theanolm-morph-42k/expt2-sampled/nnlm.h5 --lattice-list /tmp/55088446/lattices/lattice-list --output-file /scratch/work/moisioa3/conv_lm/experiments/theanolm-morph-42k/expt2-sampled/decode/devel/lambda=0.5-lms=11/56.trn --output trn --nnlm-weight 0.5 --lm-scale 11 --max-tokens-per-node 62 --beam 650 --recombination-order 22 --num-jobs 128 --job 56 --unk-penalty=-20
2020-08-15 09:51:49,678 get_default_device: Context None device="Tesla V100-PCIE-32GB" ID="0000:86:00.0"
2020-08-15 09:51:49,678 from_file: Reading vocabulary from network state.
2020-08-15 09:51:49,887 from_file: Number of words in vocabulary: 42699
2020-08-15 09:51:49,887 from_file: Number of words in shortlist: 42699
2020-08-15 09:51:49,887 from_file: Number of word classes: 42699
2020-08-15 09:51:49,887 from_file: Building neural network.
2020-08-15 09:52:18,374 from_file: Restoring neural network state.
2020-08-15 09:52:18,731 decode: Building word lattice decoder.
2020-08-15 09:52:22,650 __iter__: Reading lattice file `/tmp/55088446/lattices/dspm001_dsp2013_17.lat.gz´.
2020-08-15 09:52:23,132 decode: Utterance `dspm001_dsp2013_17´ -- 1 of job 56
2020-08-15 09:52:32,061 __iter__: Reading lattice file `/tmp/55088446/lattices/dspm011_dsp2013_17.lat.gz´.
2020-08-15 09:52:32,101 decode: Utterance `dspm011_dsp2013_17´ -- 2 of job 56
2020-08-15 09:52:32,981 __iter__: Reading lattice file `/tmp/55088446/lattices/dspm021_dsp2013_14.lat.gz´.
2020-08-15 09:52:33,151 decode: Utterance `dspm021_dsp2013_14´ -- 3 of job 56
2020-08-15 09:52:40,058 __iter__: Reading lattice file `/tmp/55088446/lattices/dspm031_dsp2013_03.lat.gz´.
2020-08-15 09:52:40,088 decode: Utterance `dspm031_dsp2013_03´ -- 4 of job 56
2020-08-15 09:52:40,865 __iter__: Reading lattice file `/tmp/55088446/lattices/dspm039_dsp2013_25.lat.gz´.
2020-08-15 09:52:41,121 decode: Utterance `dspm039_dsp2013_25´ -- 5 of job 56
2020-08-15 09:52:51,470 __iter__: Reading lattice file `/tmp/55088446/lattices/dspm048_dsp2013_21.lat.gz´.
2020-08-15 09:52:51,596 decode: Utterance `dspm048_dsp2013_21´ -- 6 of job 56
2020-08-15 09:52:54,648 __iter__: Reading lattice file `/tmp/55088446/lattices/dspm057_dsp2013_05.lat.gz´.
2020-08-15 09:52:55,642 decode: Utterance `dspm057_dsp2013_05´ -- 7 of job 56
2020-08-15 09:53:25,213 __iter__: Reading lattice file `/tmp/55088446/lattices/radioshaka_kbk20120915_10.lat.gz´.
2020-08-15 09:53:25,551 decode: Utterance `radioshaka_kbk20120915_10´ -- 8 of job 56
/scratch/work/groszt1/envs/theanoLM/lib/python3.7/site-packages/theano/gpuarray/dnn.py:184: UserWarning: Your cuDNN version is more recent than Theano. If you encounter problems, try updating Theano or downgrading cuDNN to a version >= v5 and <= v7.
  warnings.warn("Your cuDNN version is more recent than "
Using cuDNN version 7600 on context None
Mapped name None to device cuda0: Tesla V100-PCIE-32GB (0000:86:00.0)
/scratch/work/groszt1/envs/theanoLM/lib/python3.7/site-packages/h5py-2.9.0-py3.7-linux-x86_64.egg/h5py/_hl/dataset.py:313: H5pyDeprecationWarning: dataset.value has been deprecated. Use dataset[()] instead.
  "Use dataset[()] instead.", H5pyDeprecationWarning)
/scratch/work/groszt1/envs/theanoLM/lib/python3.7/site-packages/h5py-2.9.0-py3.7-linux-x86_64.egg/h5py/_hl/dataset.py:313: H5pyDeprecationWarning: dataset.value has been deprecated. Use dataset[()] instead.
  "Use dataset[()] instead.", H5pyDeprecationWarning)
decode_theanolm finished.
/tmp/55088446/lattices
floatX=float32,device=cuda0,base_compiledir=/tmp/theano,exception_verbosity=high,openmp=False
/scratch/work/groszt1/envs/theanoLM/lib/python3.7/site-packages/theano/gpuarray/dnn.py:184: UserWarning: Your cuDNN version is more recent than Theano. If you encounter problems, try updating Theano or downgrading cuDNN to a version >= v5 and <= v7.
  warnings.warn("Your cuDNN version is more recent than "
Using cuDNN version 7600 on context None
Mapped name None to device cuda0: Tesla V100-PCIE-32GB (0000:86:00.0)
TheanoLM 1.3.2
Theano 1.0.4
pygpu 0.7.6
==
+ srun --gres=gpu:1 theanolm decode /scratch/work/moisioa3/conv_lm/experiments/theanolm-morph-42k/expt2-sampled/nnlm.h5 --lattice-list /tmp/55088446/lattices/lattice-list --output-file /scratch/work/moisioa3/conv_lm/experiments/theanolm-morph-42k/expt2-sampled/decode/devel/lambda=0.5-lms=12/56.trn --output trn --nnlm-weight 0.5 --lm-scale 12 --max-tokens-per-node 62 --beam 650 --recombination-order 22 --num-jobs 128 --job 56 --unk-penalty=-20
2020-08-15 09:53:40,736 get_default_device: Context None device="Tesla V100-PCIE-32GB" ID="0000:86:00.0"
2020-08-15 09:53:40,737 from_file: Reading vocabulary from network state.
2020-08-15 09:53:40,954 from_file: Number of words in vocabulary: 42699
2020-08-15 09:53:40,955 from_file: Number of words in shortlist: 42699
2020-08-15 09:53:40,955 from_file: Number of word classes: 42699
2020-08-15 09:53:40,955 from_file: Building neural network.
2020-08-15 09:54:09,377 from_file: Restoring neural network state.
2020-08-15 09:54:09,727 decode: Building word lattice decoder.
2020-08-15 09:54:13,619 __iter__: Reading lattice file `/tmp/55088446/lattices/dspm001_dsp2013_17.lat.gz´.
2020-08-15 09:54:14,111 decode: Utterance `dspm001_dsp2013_17´ -- 1 of job 56
2020-08-15 09:54:23,101 __iter__: Reading lattice file `/tmp/55088446/lattices/dspm011_dsp2013_17.lat.gz´.
2020-08-15 09:54:23,142 decode: Utterance `dspm011_dsp2013_17´ -- 2 of job 56
2020-08-15 09:54:24,023 __iter__: Reading lattice file `/tmp/55088446/lattices/dspm021_dsp2013_14.lat.gz´.
2020-08-15 09:54:24,196 decode: Utterance `dspm021_dsp2013_14´ -- 3 of job 56
2020-08-15 09:54:31,277 __iter__: Reading lattice file `/tmp/55088446/lattices/dspm031_dsp2013_03.lat.gz´.
2020-08-15 09:54:31,307 decode: Utterance `dspm031_dsp2013_03´ -- 4 of job 56
2020-08-15 09:54:32,092 __iter__: Reading lattice file `/tmp/55088446/lattices/dspm039_dsp2013_25.lat.gz´.
2020-08-15 09:54:32,353 decode: Utterance `dspm039_dsp2013_25´ -- 5 of job 56
2020-08-15 09:54:42,945 __iter__: Reading lattice file `/tmp/55088446/lattices/dspm048_dsp2013_21.lat.gz´.
2020-08-15 09:54:43,074 decode: Utterance `dspm048_dsp2013_21´ -- 6 of job 56
2020-08-15 09:54:46,128 __iter__: Reading lattice file `/tmp/55088446/lattices/dspm057_dsp2013_05.lat.gz´.
2020-08-15 09:54:47,144 decode: Utterance `dspm057_dsp2013_05´ -- 7 of job 56
2020-08-15 09:55:17,187 __iter__: Reading lattice file `/tmp/55088446/lattices/radioshaka_kbk20120915_10.lat.gz´.
2020-08-15 09:55:17,532 decode: Utterance `radioshaka_kbk20120915_10´ -- 8 of job 56
/scratch/work/groszt1/envs/theanoLM/lib/python3.7/site-packages/theano/gpuarray/dnn.py:184: UserWarning: Your cuDNN version is more recent than Theano. If you encounter problems, try updating Theano or downgrading cuDNN to a version >= v5 and <= v7.
  warnings.warn("Your cuDNN version is more recent than "
Using cuDNN version 7600 on context None
Mapped name None to device cuda0: Tesla V100-PCIE-32GB (0000:86:00.0)
/scratch/work/groszt1/envs/theanoLM/lib/python3.7/site-packages/h5py-2.9.0-py3.7-linux-x86_64.egg/h5py/_hl/dataset.py:313: H5pyDeprecationWarning: dataset.value has been deprecated. Use dataset[()] instead.
  "Use dataset[()] instead.", H5pyDeprecationWarning)
/scratch/work/groszt1/envs/theanoLM/lib/python3.7/site-packages/h5py-2.9.0-py3.7-linux-x86_64.egg/h5py/_hl/dataset.py:313: H5pyDeprecationWarning: dataset.value has been deprecated. Use dataset[()] instead.
  "Use dataset[()] instead.", H5pyDeprecationWarning)
decode_theanolm finished.
/tmp/55088446/lattices
floatX=float32,device=cuda0,base_compiledir=/tmp/theano,exception_verbosity=high,openmp=False
/scratch/work/groszt1/envs/theanoLM/lib/python3.7/site-packages/theano/gpuarray/dnn.py:184: UserWarning: Your cuDNN version is more recent than Theano. If you encounter problems, try updating Theano or downgrading cuDNN to a version >= v5 and <= v7.
  warnings.warn("Your cuDNN version is more recent than "
Using cuDNN version 7600 on context None
Mapped name None to device cuda0: Tesla V100-PCIE-32GB (0000:86:00.0)
TheanoLM 1.3.2
Theano 1.0.4
pygpu 0.7.6
==
+ srun --gres=gpu:1 theanolm decode /scratch/work/moisioa3/conv_lm/experiments/theanolm-morph-42k/expt2-sampled/nnlm.h5 --lattice-list /tmp/55088446/lattices/lattice-list --output-file /scratch/work/moisioa3/conv_lm/experiments/theanolm-morph-42k/expt2-sampled/decode/devel/lambda=1.0-lms=8/56.trn --output trn --nnlm-weight 1.0 --lm-scale 8 --max-tokens-per-node 62 --beam 650 --recombination-order 22 --num-jobs 128 --job 56 --unk-penalty=-20
2020-08-15 09:55:32,766 get_default_device: Context None device="Tesla V100-PCIE-32GB" ID="0000:86:00.0"
2020-08-15 09:55:32,766 from_file: Reading vocabulary from network state.
2020-08-15 09:55:32,977 from_file: Number of words in vocabulary: 42699
2020-08-15 09:55:32,977 from_file: Number of words in shortlist: 42699
2020-08-15 09:55:32,978 from_file: Number of word classes: 42699
2020-08-15 09:55:32,978 from_file: Building neural network.
2020-08-15 09:56:01,305 from_file: Restoring neural network state.
2020-08-15 09:56:01,652 decode: Building word lattice decoder.
2020-08-15 09:56:05,529 __iter__: Reading lattice file `/tmp/55088446/lattices/dspm001_dsp2013_17.lat.gz´.
2020-08-15 09:56:06,030 decode: Utterance `dspm001_dsp2013_17´ -- 1 of job 56
2020-08-15 09:56:14,841 __iter__: Reading lattice file `/tmp/55088446/lattices/dspm011_dsp2013_17.lat.gz´.
2020-08-15 09:56:14,882 decode: Utterance `dspm011_dsp2013_17´ -- 2 of job 56
2020-08-15 09:56:15,693 __iter__: Reading lattice file `/tmp/55088446/lattices/dspm021_dsp2013_14.lat.gz´.
2020-08-15 09:56:15,870 decode: Utterance `dspm021_dsp2013_14´ -- 3 of job 56
2020-08-15 09:56:21,584 __iter__: Reading lattice file `/tmp/55088446/lattices/dspm031_dsp2013_03.lat.gz´.
2020-08-15 09:56:21,614 decode: Utterance `dspm031_dsp2013_03´ -- 4 of job 56
2020-08-15 09:56:22,357 __iter__: Reading lattice file `/tmp/55088446/lattices/dspm039_dsp2013_25.lat.gz´.
2020-08-15 09:56:22,623 decode: Utterance `dspm039_dsp2013_25´ -- 5 of job 56
2020-08-15 09:56:31,386 __iter__: Reading lattice file `/tmp/55088446/lattices/dspm048_dsp2013_21.lat.gz´.
2020-08-15 09:56:31,517 decode: Utterance `dspm048_dsp2013_21´ -- 6 of job 56
2020-08-15 09:56:34,363 __iter__: Reading lattice file `/tmp/55088446/lattices/dspm057_dsp2013_05.lat.gz´.
2020-08-15 09:56:35,404 decode: Utterance `dspm057_dsp2013_05´ -- 7 of job 56
2020-08-15 09:57:09,409 __iter__: Reading lattice file `/tmp/55088446/lattices/radioshaka_kbk20120915_10.lat.gz´.
2020-08-15 09:57:09,763 decode: Utterance `radioshaka_kbk20120915_10´ -- 8 of job 56
/scratch/work/groszt1/envs/theanoLM/lib/python3.7/site-packages/theano/gpuarray/dnn.py:184: UserWarning: Your cuDNN version is more recent than Theano. If you encounter problems, try updating Theano or downgrading cuDNN to a version >= v5 and <= v7.
  warnings.warn("Your cuDNN version is more recent than "
Using cuDNN version 7600 on context None
Mapped name None to device cuda0: Tesla V100-PCIE-32GB (0000:86:00.0)
/scratch/work/groszt1/envs/theanoLM/lib/python3.7/site-packages/h5py-2.9.0-py3.7-linux-x86_64.egg/h5py/_hl/dataset.py:313: H5pyDeprecationWarning: dataset.value has been deprecated. Use dataset[()] instead.
  "Use dataset[()] instead.", H5pyDeprecationWarning)
/scratch/work/groszt1/envs/theanoLM/lib/python3.7/site-packages/h5py-2.9.0-py3.7-linux-x86_64.egg/h5py/_hl/dataset.py:313: H5pyDeprecationWarning: dataset.value has been deprecated. Use dataset[()] instead.
  "Use dataset[()] instead.", H5pyDeprecationWarning)
decode_theanolm finished.
/tmp/55088446/lattices
floatX=float32,device=cuda0,base_compiledir=/tmp/theano,exception_verbosity=high,openmp=False
/scratch/work/groszt1/envs/theanoLM/lib/python3.7/site-packages/theano/gpuarray/dnn.py:184: UserWarning: Your cuDNN version is more recent than Theano. If you encounter problems, try updating Theano or downgrading cuDNN to a version >= v5 and <= v7.
  warnings.warn("Your cuDNN version is more recent than "
Using cuDNN version 7600 on context None
Mapped name None to device cuda0: Tesla V100-PCIE-32GB (0000:86:00.0)
TheanoLM 1.3.2
Theano 1.0.4
pygpu 0.7.6
==
+ srun --gres=gpu:1 theanolm decode /scratch/work/moisioa3/conv_lm/experiments/theanolm-morph-42k/expt2-sampled/nnlm.h5 --lattice-list /tmp/55088446/lattices/lattice-list --output-file /scratch/work/moisioa3/conv_lm/experiments/theanolm-morph-42k/expt2-sampled/decode/devel/lambda=1.0-lms=9/56.trn --output trn --nnlm-weight 1.0 --lm-scale 9 --max-tokens-per-node 62 --beam 650 --recombination-order 22 --num-jobs 128 --job 56 --unk-penalty=-20
2020-08-15 09:57:34,525 get_default_device: Context None device="Tesla V100-PCIE-32GB" ID="0000:86:00.0"
2020-08-15 09:57:34,526 from_file: Reading vocabulary from network state.
2020-08-15 09:57:34,751 from_file: Number of words in vocabulary: 42699
2020-08-15 09:57:34,751 from_file: Number of words in shortlist: 42699
2020-08-15 09:57:34,752 from_file: Number of word classes: 42699
2020-08-15 09:57:34,752 from_file: Building neural network.
2020-08-15 09:58:03,915 from_file: Restoring neural network state.
2020-08-15 09:58:04,267 decode: Building word lattice decoder.
2020-08-15 09:58:08,206 __iter__: Reading lattice file `/tmp/55088446/lattices/dspm001_dsp2013_17.lat.gz´.
2020-08-15 09:58:08,706 decode: Utterance `dspm001_dsp2013_17´ -- 1 of job 56
2020-08-15 09:58:17,490 __iter__: Reading lattice file `/tmp/55088446/lattices/dspm011_dsp2013_17.lat.gz´.
2020-08-15 09:58:17,531 decode: Utterance `dspm011_dsp2013_17´ -- 2 of job 56
2020-08-15 09:58:18,325 __iter__: Reading lattice file `/tmp/55088446/lattices/dspm021_dsp2013_14.lat.gz´.
2020-08-15 09:58:18,499 decode: Utterance `dspm021_dsp2013_14´ -- 3 of job 56
2020-08-15 09:58:24,169 __iter__: Reading lattice file `/tmp/55088446/lattices/dspm031_dsp2013_03.lat.gz´.
2020-08-15 09:58:24,199 decode: Utterance `dspm031_dsp2013_03´ -- 4 of job 56
2020-08-15 09:58:24,934 __iter__: Reading lattice file `/tmp/55088446/lattices/dspm039_dsp2013_25.lat.gz´.
2020-08-15 09:58:25,195 decode: Utterance `dspm039_dsp2013_25´ -- 5 of job 56
2020-08-15 09:58:33,948 __iter__: Reading lattice file `/tmp/55088446/lattices/dspm048_dsp2013_21.lat.gz´.
2020-08-15 09:58:34,077 decode: Utterance `dspm048_dsp2013_21´ -- 6 of job 56
2020-08-15 09:58:36,921 __iter__: Reading lattice file `/tmp/55088446/lattices/dspm057_dsp2013_05.lat.gz´.
2020-08-15 09:58:37,941 decode: Utterance `dspm057_dsp2013_05´ -- 7 of job 56
2020-08-15 09:59:03,932 __iter__: Reading lattice file `/tmp/55088446/lattices/radioshaka_kbk20120915_10.lat.gz´.
2020-08-15 09:59:04,279 decode: Utterance `radioshaka_kbk20120915_10´ -- 8 of job 56
/scratch/work/groszt1/envs/theanoLM/lib/python3.7/site-packages/theano/gpuarray/dnn.py:184: UserWarning: Your cuDNN version is more recent than Theano. If you encounter problems, try updating Theano or downgrading cuDNN to a version >= v5 and <= v7.
  warnings.warn("Your cuDNN version is more recent than "
Using cuDNN version 7600 on context None
Mapped name None to device cuda0: Tesla V100-PCIE-32GB (0000:86:00.0)
/scratch/work/groszt1/envs/theanoLM/lib/python3.7/site-packages/h5py-2.9.0-py3.7-linux-x86_64.egg/h5py/_hl/dataset.py:313: H5pyDeprecationWarning: dataset.value has been deprecated. Use dataset[()] instead.
  "Use dataset[()] instead.", H5pyDeprecationWarning)
/scratch/work/groszt1/envs/theanoLM/lib/python3.7/site-packages/h5py-2.9.0-py3.7-linux-x86_64.egg/h5py/_hl/dataset.py:313: H5pyDeprecationWarning: dataset.value has been deprecated. Use dataset[()] instead.
  "Use dataset[()] instead.", H5pyDeprecationWarning)
decode_theanolm finished.
/tmp/55088446/lattices
floatX=float32,device=cuda0,base_compiledir=/tmp/theano,exception_verbosity=high,openmp=False
/scratch/work/groszt1/envs/theanoLM/lib/python3.7/site-packages/theano/gpuarray/dnn.py:184: UserWarning: Your cuDNN version is more recent than Theano. If you encounter problems, try updating Theano or downgrading cuDNN to a version >= v5 and <= v7.
  warnings.warn("Your cuDNN version is more recent than "
Using cuDNN version 7600 on context None
Mapped name None to device cuda0: Tesla V100-PCIE-32GB (0000:86:00.0)
TheanoLM 1.3.2
Theano 1.0.4
pygpu 0.7.6
==
+ srun --gres=gpu:1 theanolm decode /scratch/work/moisioa3/conv_lm/experiments/theanolm-morph-42k/expt2-sampled/nnlm.h5 --lattice-list /tmp/55088446/lattices/lattice-list --output-file /scratch/work/moisioa3/conv_lm/experiments/theanolm-morph-42k/expt2-sampled/decode/devel/lambda=1.0-lms=10/56.trn --output trn --nnlm-weight 1.0 --lm-scale 10 --max-tokens-per-node 62 --beam 650 --recombination-order 22 --num-jobs 128 --job 56 --unk-penalty=-20
2020-08-15 09:59:19,278 get_default_device: Context None device="Tesla V100-PCIE-32GB" ID="0000:86:00.0"
2020-08-15 09:59:19,279 from_file: Reading vocabulary from network state.
2020-08-15 09:59:19,483 from_file: Number of words in vocabulary: 42699
2020-08-15 09:59:19,484 from_file: Number of words in shortlist: 42699
2020-08-15 09:59:19,484 from_file: Number of word classes: 42699
2020-08-15 09:59:19,484 from_file: Building neural network.
2020-08-15 09:59:47,903 from_file: Restoring neural network state.
2020-08-15 09:59:48,256 decode: Building word lattice decoder.
2020-08-15 09:59:52,196 __iter__: Reading lattice file `/tmp/55088446/lattices/dspm001_dsp2013_17.lat.gz´.
2020-08-15 09:59:52,688 decode: Utterance `dspm001_dsp2013_17´ -- 1 of job 56
2020-08-15 10:00:01,508 __iter__: Reading lattice file `/tmp/55088446/lattices/dspm011_dsp2013_17.lat.gz´.
2020-08-15 10:00:01,549 decode: Utterance `dspm011_dsp2013_17´ -- 2 of job 56
2020-08-15 10:00:02,345 __iter__: Reading lattice file `/tmp/55088446/lattices/dspm021_dsp2013_14.lat.gz´.
2020-08-15 10:00:02,518 decode: Utterance `dspm021_dsp2013_14´ -- 3 of job 56
2020-08-15 10:00:08,202 __iter__: Reading lattice file `/tmp/55088446/lattices/dspm031_dsp2013_03.lat.gz´.
2020-08-15 10:00:08,232 decode: Utterance `dspm031_dsp2013_03´ -- 4 of job 56
2020-08-15 10:00:08,970 __iter__: Reading lattice file `/tmp/55088446/lattices/dspm039_dsp2013_25.lat.gz´.
2020-08-15 10:00:09,231 decode: Utterance `dspm039_dsp2013_25´ -- 5 of job 56
2020-08-15 10:00:18,174 __iter__: Reading lattice file `/tmp/55088446/lattices/dspm048_dsp2013_21.lat.gz´.
2020-08-15 10:00:18,302 decode: Utterance `dspm048_dsp2013_21´ -- 6 of job 56
2020-08-15 10:00:21,162 __iter__: Reading lattice file `/tmp/55088446/lattices/dspm057_dsp2013_05.lat.gz´.
2020-08-15 10:00:22,183 decode: Utterance `dspm057_dsp2013_05´ -- 7 of job 56
2020-08-15 10:00:48,020 __iter__: Reading lattice file `/tmp/55088446/lattices/radioshaka_kbk20120915_10.lat.gz´.
2020-08-15 10:00:48,364 decode: Utterance `radioshaka_kbk20120915_10´ -- 8 of job 56
/scratch/work/groszt1/envs/theanoLM/lib/python3.7/site-packages/theano/gpuarray/dnn.py:184: UserWarning: Your cuDNN version is more recent than Theano. If you encounter problems, try updating Theano or downgrading cuDNN to a version >= v5 and <= v7.
  warnings.warn("Your cuDNN version is more recent than "
Using cuDNN version 7600 on context None
Mapped name None to device cuda0: Tesla V100-PCIE-32GB (0000:86:00.0)
/scratch/work/groszt1/envs/theanoLM/lib/python3.7/site-packages/h5py-2.9.0-py3.7-linux-x86_64.egg/h5py/_hl/dataset.py:313: H5pyDeprecationWarning: dataset.value has been deprecated. Use dataset[()] instead.
  "Use dataset[()] instead.", H5pyDeprecationWarning)
/scratch/work/groszt1/envs/theanoLM/lib/python3.7/site-packages/h5py-2.9.0-py3.7-linux-x86_64.egg/h5py/_hl/dataset.py:313: H5pyDeprecationWarning: dataset.value has been deprecated. Use dataset[()] instead.
  "Use dataset[()] instead.", H5pyDeprecationWarning)
decode_theanolm finished.
/tmp/55088446/lattices
floatX=float32,device=cuda0,base_compiledir=/tmp/theano,exception_verbosity=high,openmp=False
/scratch/work/groszt1/envs/theanoLM/lib/python3.7/site-packages/theano/gpuarray/dnn.py:184: UserWarning: Your cuDNN version is more recent than Theano. If you encounter problems, try updating Theano or downgrading cuDNN to a version >= v5 and <= v7.
  warnings.warn("Your cuDNN version is more recent than "
Using cuDNN version 7600 on context None
Mapped name None to device cuda0: Tesla V100-PCIE-32GB (0000:86:00.0)
TheanoLM 1.3.2
Theano 1.0.4
pygpu 0.7.6
==
+ srun --gres=gpu:1 theanolm decode /scratch/work/moisioa3/conv_lm/experiments/theanolm-morph-42k/expt2-sampled/nnlm.h5 --lattice-list /tmp/55088446/lattices/lattice-list --output-file /scratch/work/moisioa3/conv_lm/experiments/theanolm-morph-42k/expt2-sampled/decode/devel/lambda=1.0-lms=11/56.trn --output trn --nnlm-weight 1.0 --lm-scale 11 --max-tokens-per-node 62 --beam 650 --recombination-order 22 --num-jobs 128 --job 56 --unk-penalty=-20
2020-08-15 10:01:03,533 get_default_device: Context None device="Tesla V100-PCIE-32GB" ID="0000:86:00.0"
2020-08-15 10:01:03,534 from_file: Reading vocabulary from network state.
2020-08-15 10:01:03,749 from_file: Number of words in vocabulary: 42699
2020-08-15 10:01:03,749 from_file: Number of words in shortlist: 42699
2020-08-15 10:01:03,749 from_file: Number of word classes: 42699
2020-08-15 10:01:03,749 from_file: Building neural network.
2020-08-15 10:01:32,184 from_file: Restoring neural network state.
2020-08-15 10:01:32,534 decode: Building word lattice decoder.
2020-08-15 10:01:36,458 __iter__: Reading lattice file `/tmp/55088446/lattices/dspm001_dsp2013_17.lat.gz´.
2020-08-15 10:01:36,950 decode: Utterance `dspm001_dsp2013_17´ -- 1 of job 56
2020-08-15 10:01:45,774 __iter__: Reading lattice file `/tmp/55088446/lattices/dspm011_dsp2013_17.lat.gz´.
2020-08-15 10:01:45,814 decode: Utterance `dspm011_dsp2013_17´ -- 2 of job 56
2020-08-15 10:01:46,613 __iter__: Reading lattice file `/tmp/55088446/lattices/dspm021_dsp2013_14.lat.gz´.
2020-08-15 10:01:46,785 decode: Utterance `dspm021_dsp2013_14´ -- 3 of job 56
2020-08-15 10:01:52,483 __iter__: Reading lattice file `/tmp/55088446/lattices/dspm031_dsp2013_03.lat.gz´.
2020-08-15 10:01:52,513 decode: Utterance `dspm031_dsp2013_03´ -- 4 of job 56
2020-08-15 10:01:53,241 __iter__: Reading lattice file `/tmp/55088446/lattices/dspm039_dsp2013_25.lat.gz´.
2020-08-15 10:01:53,499 decode: Utterance `dspm039_dsp2013_25´ -- 5 of job 56
2020-08-15 10:02:02,675 __iter__: Reading lattice file `/tmp/55088446/lattices/dspm048_dsp2013_21.lat.gz´.
2020-08-15 10:02:02,802 decode: Utterance `dspm048_dsp2013_21´ -- 6 of job 56
2020-08-15 10:02:05,684 __iter__: Reading lattice file `/tmp/55088446/lattices/dspm057_dsp2013_05.lat.gz´.
2020-08-15 10:02:06,693 decode: Utterance `dspm057_dsp2013_05´ -- 7 of job 56
2020-08-15 10:02:32,269 __iter__: Reading lattice file `/tmp/55088446/lattices/radioshaka_kbk20120915_10.lat.gz´.
2020-08-15 10:02:32,611 decode: Utterance `radioshaka_kbk20120915_10´ -- 8 of job 56
/scratch/work/groszt1/envs/theanoLM/lib/python3.7/site-packages/theano/gpuarray/dnn.py:184: UserWarning: Your cuDNN version is more recent than Theano. If you encounter problems, try updating Theano or downgrading cuDNN to a version >= v5 and <= v7.
  warnings.warn("Your cuDNN version is more recent than "
Using cuDNN version 7600 on context None
Mapped name None to device cuda0: Tesla V100-PCIE-32GB (0000:86:00.0)
/scratch/work/groszt1/envs/theanoLM/lib/python3.7/site-packages/h5py-2.9.0-py3.7-linux-x86_64.egg/h5py/_hl/dataset.py:313: H5pyDeprecationWarning: dataset.value has been deprecated. Use dataset[()] instead.
  "Use dataset[()] instead.", H5pyDeprecationWarning)
/scratch/work/groszt1/envs/theanoLM/lib/python3.7/site-packages/h5py-2.9.0-py3.7-linux-x86_64.egg/h5py/_hl/dataset.py:313: H5pyDeprecationWarning: dataset.value has been deprecated. Use dataset[()] instead.
  "Use dataset[()] instead.", H5pyDeprecationWarning)
decode_theanolm finished.
/tmp/55088446/lattices
floatX=float32,device=cuda0,base_compiledir=/tmp/theano,exception_verbosity=high,openmp=False
/scratch/work/groszt1/envs/theanoLM/lib/python3.7/site-packages/theano/gpuarray/dnn.py:184: UserWarning: Your cuDNN version is more recent than Theano. If you encounter problems, try updating Theano or downgrading cuDNN to a version >= v5 and <= v7.
  warnings.warn("Your cuDNN version is more recent than "
Using cuDNN version 7600 on context None
Mapped name None to device cuda0: Tesla V100-PCIE-32GB (0000:86:00.0)
TheanoLM 1.3.2
Theano 1.0.4
pygpu 0.7.6
==
+ srun --gres=gpu:1 theanolm decode /scratch/work/moisioa3/conv_lm/experiments/theanolm-morph-42k/expt2-sampled/nnlm.h5 --lattice-list /tmp/55088446/lattices/lattice-list --output-file /scratch/work/moisioa3/conv_lm/experiments/theanolm-morph-42k/expt2-sampled/decode/devel/lambda=1.0-lms=12/56.trn --output trn --nnlm-weight 1.0 --lm-scale 12 --max-tokens-per-node 62 --beam 650 --recombination-order 22 --num-jobs 128 --job 56 --unk-penalty=-20
2020-08-15 10:02:47,763 get_default_device: Context None device="Tesla V100-PCIE-32GB" ID="0000:86:00.0"
2020-08-15 10:02:47,764 from_file: Reading vocabulary from network state.
2020-08-15 10:02:47,971 from_file: Number of words in vocabulary: 42699
2020-08-15 10:02:47,971 from_file: Number of words in shortlist: 42699
2020-08-15 10:02:47,972 from_file: Number of word classes: 42699
2020-08-15 10:02:47,972 from_file: Building neural network.
2020-08-15 10:03:16,367 from_file: Restoring neural network state.
2020-08-15 10:03:16,716 decode: Building word lattice decoder.
2020-08-15 10:03:20,595 __iter__: Reading lattice file `/tmp/55088446/lattices/dspm001_dsp2013_17.lat.gz´.
2020-08-15 10:03:21,081 decode: Utterance `dspm001_dsp2013_17´ -- 1 of job 56
2020-08-15 10:03:29,880 __iter__: Reading lattice file `/tmp/55088446/lattices/dspm011_dsp2013_17.lat.gz´.
2020-08-15 10:03:29,920 decode: Utterance `dspm011_dsp2013_17´ -- 2 of job 56
2020-08-15 10:03:30,713 __iter__: Reading lattice file `/tmp/55088446/lattices/dspm021_dsp2013_14.lat.gz´.
2020-08-15 10:03:30,883 decode: Utterance `dspm021_dsp2013_14´ -- 3 of job 56
2020-08-15 10:03:36,531 __iter__: Reading lattice file `/tmp/55088446/lattices/dspm031_dsp2013_03.lat.gz´.
2020-08-15 10:03:36,561 decode: Utterance `dspm031_dsp2013_03´ -- 4 of job 56
2020-08-15 10:03:37,283 __iter__: Reading lattice file `/tmp/55088446/lattices/dspm039_dsp2013_25.lat.gz´.
2020-08-15 10:03:37,539 decode: Utterance `dspm039_dsp2013_25´ -- 5 of job 56
2020-08-15 10:03:46,724 __iter__: Reading lattice file `/tmp/55088446/lattices/dspm048_dsp2013_21.lat.gz´.
2020-08-15 10:03:46,850 decode: Utterance `dspm048_dsp2013_21´ -- 6 of job 56
2020-08-15 10:03:49,720 __iter__: Reading lattice file `/tmp/55088446/lattices/dspm057_dsp2013_05.lat.gz´.
2020-08-15 10:03:50,718 decode: Utterance `dspm057_dsp2013_05´ -- 7 of job 56
2020-08-15 10:04:15,955 __iter__: Reading lattice file `/tmp/55088446/lattices/radioshaka_kbk20120915_10.lat.gz´.
2020-08-15 10:04:16,294 decode: Utterance `radioshaka_kbk20120915_10´ -- 8 of job 56
/scratch/work/groszt1/envs/theanoLM/lib/python3.7/site-packages/theano/gpuarray/dnn.py:184: UserWarning: Your cuDNN version is more recent than Theano. If you encounter problems, try updating Theano or downgrading cuDNN to a version >= v5 and <= v7.
  warnings.warn("Your cuDNN version is more recent than "
Using cuDNN version 7600 on context None
Mapped name None to device cuda0: Tesla V100-PCIE-32GB (0000:86:00.0)
/scratch/work/groszt1/envs/theanoLM/lib/python3.7/site-packages/h5py-2.9.0-py3.7-linux-x86_64.egg/h5py/_hl/dataset.py:313: H5pyDeprecationWarning: dataset.value has been deprecated. Use dataset[()] instead.
  "Use dataset[()] instead.", H5pyDeprecationWarning)
/scratch/work/groszt1/envs/theanoLM/lib/python3.7/site-packages/h5py-2.9.0-py3.7-linux-x86_64.egg/h5py/_hl/dataset.py:313: H5pyDeprecationWarning: dataset.value has been deprecated. Use dataset[()] instead.
  "Use dataset[()] instead.", H5pyDeprecationWarning)
decode_theanolm finished.
decode devel finished.
