Experiment: theanolm-morph-42k/expt2-sampled
Job ID: 55131267
Task ID: 42
Host: gpu26.int.triton.aalto.fi
Start date: Thu Aug 20 15:31:45 EEST 2020
Work directory: /scratch/work/moisioa3/conv_lm/experiments/theanolm-morph-42k/expt2-sampled
Temporary directory: /tmp/55131267

Currently Loaded Modules:
  1) speech-scripts/2016.05.24-b928230   6) binutils/2.25-GCCcore-5.4.0
  2) srilm/default                       7) GCC/5.4.0-2.25
  3) cuda/10.0.130                       8) libgpuarray/2017.03.29-45c731f
  4) cudnn/7.4.2-cuda                    9) anaconda3/latest
  5) GCCcore/5.4.0

 

/tmp/55131267/lattices
floatX=float32,device=cuda0,base_compiledir=/tmp/theano,exception_verbosity=high,openmp=False
/scratch/work/groszt1/envs/theanoLM/lib/python3.7/site-packages/theano/gpuarray/dnn.py:184: UserWarning: Your cuDNN version is more recent than Theano. If you encounter problems, try updating Theano or downgrading cuDNN to a version >= v5 and <= v7.
  warnings.warn("Your cuDNN version is more recent than "
Using cuDNN version 7600 on context None
Mapped name None to device cuda0: Tesla P100-PCIE-16GB (0000:04:00.0)
TheanoLM 1.3.2
Theano 1.0.4
pygpu 0.7.6
==
+ srun --gres=gpu:1 theanolm decode /scratch/work/moisioa3/conv_lm/experiments/theanolm-morph-42k/expt2-sampled/nnlm.h5 --lattice-list /tmp/55131267/lattices/lattice-list --output-file /scratch/work/moisioa3/conv_lm/experiments/theanolm-morph-42k/expt2-sampled/decode/devel/lambda=0.5-lms=9/42.trn --output trn --nnlm-weight 0.5 --lm-scale 9 --max-tokens-per-node 62 --beam 650 --recombination-order 22 --num-jobs 128 --job 42 --unk-penalty=-20
2020-08-20 15:31:57,304 get_default_device: Context None device="Tesla P100-PCIE-16GB" ID="0000:04:00.0"
2020-08-20 15:31:57,305 from_file: Reading vocabulary from network state.
2020-08-20 15:31:57,572 from_file: Number of words in vocabulary: 42699
2020-08-20 15:31:57,573 from_file: Number of words in shortlist: 42699
2020-08-20 15:31:57,573 from_file: Number of word classes: 42699
2020-08-20 15:31:57,573 from_file: Building neural network.
2020-08-20 15:32:39,556 from_file: Restoring neural network state.
2020-08-20 15:32:39,889 decode: Building word lattice decoder.
2020-08-20 15:32:45,087 __iter__: Reading lattice file `/tmp/55131267/lattices/dspm001_dsp2013_03.lat.gz´.
2020-08-20 15:32:45,407 decode: Utterance `dspm001_dsp2013_03´ -- 1 of job 42
2020-08-20 15:32:53,107 __iter__: Reading lattice file `/tmp/55131267/lattices/dspm011_dsp2013_03.lat.gz´.
2020-08-20 15:32:53,189 decode: Utterance `dspm011_dsp2013_03´ -- 2 of job 42
2020-08-20 15:32:55,094 __iter__: Reading lattice file `/tmp/55131267/lattices/dspm019_dsp2013_20.lat.gz´.
2020-08-20 15:32:55,216 decode: Utterance `dspm019_dsp2013_20´ -- 3 of job 42
2020-08-20 15:32:57,812 __iter__: Reading lattice file `/tmp/55131267/lattices/dspm028_dsp2013_09.lat.gz´.
2020-08-20 15:32:58,275 decode: Utterance `dspm028_dsp2013_09´ -- 4 of job 42
2020-08-20 15:33:15,598 __iter__: Reading lattice file `/tmp/55131267/lattices/dspm039_dsp2013_10.lat.gz´.
2020-08-20 15:33:15,601 decode: Utterance `dspm039_dsp2013_10´ -- 5 of job 42
2020-08-20 15:33:15,714 __iter__: Reading lattice file `/tmp/55131267/lattices/dspm048_dsp2013_07.lat.gz´.
2020-08-20 15:33:15,912 decode: Utterance `dspm048_dsp2013_07´ -- 6 of job 42
2020-08-20 15:33:22,665 __iter__: Reading lattice file `/tmp/55131267/lattices/dspm056_dsp2013_11.lat.gz´.
2020-08-20 15:33:22,799 decode: Utterance `dspm056_dsp2013_11´ -- 7 of job 42
2020-08-20 15:33:25,807 __iter__: Reading lattice file `/tmp/55131267/lattices/radionoona_fym20071218_24.lat.gz´.
2020-08-20 15:33:25,855 decode: Utterance `radionoona_fym20071218_24´ -- 8 of job 42
/scratch/work/groszt1/envs/theanoLM/lib/python3.7/site-packages/theano/gpuarray/dnn.py:184: UserWarning: Your cuDNN version is more recent than Theano. If you encounter problems, try updating Theano or downgrading cuDNN to a version >= v5 and <= v7.
  warnings.warn("Your cuDNN version is more recent than "
Using cuDNN version 7600 on context None
Mapped name None to device cuda0: Tesla P100-PCIE-16GB (0000:04:00.0)
/scratch/work/groszt1/envs/theanoLM/lib/python3.7/site-packages/h5py-2.9.0-py3.7-linux-x86_64.egg/h5py/_hl/dataset.py:313: H5pyDeprecationWarning: dataset.value has been deprecated. Use dataset[()] instead.
  "Use dataset[()] instead.", H5pyDeprecationWarning)
/scratch/work/groszt1/envs/theanoLM/lib/python3.7/site-packages/h5py-2.9.0-py3.7-linux-x86_64.egg/h5py/_hl/dataset.py:313: H5pyDeprecationWarning: dataset.value has been deprecated. Use dataset[()] instead.
  "Use dataset[()] instead.", H5pyDeprecationWarning)
decode_theanolm finished.
/tmp/55131267/lattices
floatX=float32,device=cuda0,base_compiledir=/tmp/theano,exception_verbosity=high,openmp=False
/scratch/work/groszt1/envs/theanoLM/lib/python3.7/site-packages/theano/gpuarray/dnn.py:184: UserWarning: Your cuDNN version is more recent than Theano. If you encounter problems, try updating Theano or downgrading cuDNN to a version >= v5 and <= v7.
  warnings.warn("Your cuDNN version is more recent than "
Using cuDNN version 7600 on context None
Mapped name None to device cuda0: Tesla P100-PCIE-16GB (0000:04:00.0)
TheanoLM 1.3.2
Theano 1.0.4
pygpu 0.7.6
==
+ srun --gres=gpu:1 theanolm decode /scratch/work/moisioa3/conv_lm/experiments/theanolm-morph-42k/expt2-sampled/nnlm.h5 --lattice-list /tmp/55131267/lattices/lattice-list --output-file /scratch/work/moisioa3/conv_lm/experiments/theanolm-morph-42k/expt2-sampled/decode/devel/lambda=0.5-lms=10/42.trn --output trn --nnlm-weight 0.5 --lm-scale 10 --max-tokens-per-node 62 --beam 650 --recombination-order 22 --num-jobs 128 --job 42 --unk-penalty=-20
2020-08-20 15:33:34,141 get_default_device: Context None device="Tesla P100-PCIE-16GB" ID="0000:04:00.0"
2020-08-20 15:33:34,142 from_file: Reading vocabulary from network state.
2020-08-20 15:33:34,446 from_file: Number of words in vocabulary: 42699
2020-08-20 15:33:34,447 from_file: Number of words in shortlist: 42699
2020-08-20 15:33:34,447 from_file: Number of word classes: 42699
2020-08-20 15:33:34,447 from_file: Building neural network.
2020-08-20 15:34:27,936 from_file: Restoring neural network state.
2020-08-20 15:34:28,275 decode: Building word lattice decoder.
2020-08-20 15:34:33,456 __iter__: Reading lattice file `/tmp/55131267/lattices/dspm001_dsp2013_03.lat.gz´.
2020-08-20 15:34:33,785 decode: Utterance `dspm001_dsp2013_03´ -- 1 of job 42
2020-08-20 15:34:41,698 __iter__: Reading lattice file `/tmp/55131267/lattices/dspm011_dsp2013_03.lat.gz´.
2020-08-20 15:34:41,784 decode: Utterance `dspm011_dsp2013_03´ -- 2 of job 42
2020-08-20 15:34:43,709 __iter__: Reading lattice file `/tmp/55131267/lattices/dspm019_dsp2013_20.lat.gz´.
2020-08-20 15:34:43,826 decode: Utterance `dspm019_dsp2013_20´ -- 3 of job 42
2020-08-20 15:34:46,455 __iter__: Reading lattice file `/tmp/55131267/lattices/dspm028_dsp2013_09.lat.gz´.
2020-08-20 15:34:46,910 decode: Utterance `dspm028_dsp2013_09´ -- 4 of job 42
2020-08-20 15:35:04,911 __iter__: Reading lattice file `/tmp/55131267/lattices/dspm039_dsp2013_10.lat.gz´.
2020-08-20 15:35:04,914 decode: Utterance `dspm039_dsp2013_10´ -- 5 of job 42
2020-08-20 15:35:05,027 __iter__: Reading lattice file `/tmp/55131267/lattices/dspm048_dsp2013_07.lat.gz´.
2020-08-20 15:35:05,228 decode: Utterance `dspm048_dsp2013_07´ -- 6 of job 42
2020-08-20 15:35:12,194 __iter__: Reading lattice file `/tmp/55131267/lattices/dspm056_dsp2013_11.lat.gz´.
2020-08-20 15:35:12,329 decode: Utterance `dspm056_dsp2013_11´ -- 7 of job 42
2020-08-20 15:35:15,350 __iter__: Reading lattice file `/tmp/55131267/lattices/radionoona_fym20071218_24.lat.gz´.
2020-08-20 15:35:15,397 decode: Utterance `radionoona_fym20071218_24´ -- 8 of job 42
/scratch/work/groszt1/envs/theanoLM/lib/python3.7/site-packages/theano/gpuarray/dnn.py:184: UserWarning: Your cuDNN version is more recent than Theano. If you encounter problems, try updating Theano or downgrading cuDNN to a version >= v5 and <= v7.
  warnings.warn("Your cuDNN version is more recent than "
Using cuDNN version 7600 on context None
Mapped name None to device cuda0: Tesla P100-PCIE-16GB (0000:04:00.0)
/scratch/work/groszt1/envs/theanoLM/lib/python3.7/site-packages/h5py-2.9.0-py3.7-linux-x86_64.egg/h5py/_hl/dataset.py:313: H5pyDeprecationWarning: dataset.value has been deprecated. Use dataset[()] instead.
  "Use dataset[()] instead.", H5pyDeprecationWarning)
/scratch/work/groszt1/envs/theanoLM/lib/python3.7/site-packages/h5py-2.9.0-py3.7-linux-x86_64.egg/h5py/_hl/dataset.py:313: H5pyDeprecationWarning: dataset.value has been deprecated. Use dataset[()] instead.
  "Use dataset[()] instead.", H5pyDeprecationWarning)
decode_theanolm finished.
/tmp/55131267/lattices
floatX=float32,device=cuda0,base_compiledir=/tmp/theano,exception_verbosity=high,openmp=False
/scratch/work/groszt1/envs/theanoLM/lib/python3.7/site-packages/theano/gpuarray/dnn.py:184: UserWarning: Your cuDNN version is more recent than Theano. If you encounter problems, try updating Theano or downgrading cuDNN to a version >= v5 and <= v7.
  warnings.warn("Your cuDNN version is more recent than "
Using cuDNN version 7600 on context None
Mapped name None to device cuda0: Tesla P100-PCIE-16GB (0000:04:00.0)
TheanoLM 1.3.2
Theano 1.0.4
pygpu 0.7.6
==
+ srun --gres=gpu:1 theanolm decode /scratch/work/moisioa3/conv_lm/experiments/theanolm-morph-42k/expt2-sampled/nnlm.h5 --lattice-list /tmp/55131267/lattices/lattice-list --output-file /scratch/work/moisioa3/conv_lm/experiments/theanolm-morph-42k/expt2-sampled/decode/devel/lambda=1.0-lms=9/42.trn --output trn --nnlm-weight 1.0 --lm-scale 9 --max-tokens-per-node 62 --beam 650 --recombination-order 22 --num-jobs 128 --job 42 --unk-penalty=-20
2020-08-20 15:35:23,633 get_default_device: Context None device="Tesla P100-PCIE-16GB" ID="0000:04:00.0"
2020-08-20 15:35:23,634 from_file: Reading vocabulary from network state.
2020-08-20 15:35:23,917 from_file: Number of words in vocabulary: 42699
2020-08-20 15:35:23,918 from_file: Number of words in shortlist: 42699
2020-08-20 15:35:23,918 from_file: Number of word classes: 42699
2020-08-20 15:35:23,918 from_file: Building neural network.
2020-08-20 15:36:06,272 from_file: Restoring neural network state.
2020-08-20 15:36:06,610 decode: Building word lattice decoder.
2020-08-20 15:36:11,801 __iter__: Reading lattice file `/tmp/55131267/lattices/dspm001_dsp2013_03.lat.gz´.
2020-08-20 15:36:12,127 decode: Utterance `dspm001_dsp2013_03´ -- 1 of job 42
2020-08-20 15:36:19,066 __iter__: Reading lattice file `/tmp/55131267/lattices/dspm011_dsp2013_03.lat.gz´.
2020-08-20 15:36:19,152 decode: Utterance `dspm011_dsp2013_03´ -- 2 of job 42
2020-08-20 15:36:20,873 __iter__: Reading lattice file `/tmp/55131267/lattices/dspm019_dsp2013_20.lat.gz´.
2020-08-20 15:36:20,997 decode: Utterance `dspm019_dsp2013_20´ -- 3 of job 42
2020-08-20 15:36:23,544 __iter__: Reading lattice file `/tmp/55131267/lattices/dspm028_dsp2013_09.lat.gz´.
2020-08-20 15:36:24,013 decode: Utterance `dspm028_dsp2013_09´ -- 4 of job 42
2020-08-20 15:36:37,237 __iter__: Reading lattice file `/tmp/55131267/lattices/dspm039_dsp2013_10.lat.gz´.
2020-08-20 15:36:37,241 decode: Utterance `dspm039_dsp2013_10´ -- 5 of job 42
2020-08-20 15:36:37,348 __iter__: Reading lattice file `/tmp/55131267/lattices/dspm048_dsp2013_07.lat.gz´.
2020-08-20 15:36:37,549 decode: Utterance `dspm048_dsp2013_07´ -- 6 of job 42
2020-08-20 15:36:43,991 __iter__: Reading lattice file `/tmp/55131267/lattices/dspm056_dsp2013_11.lat.gz´.
2020-08-20 15:36:44,125 decode: Utterance `dspm056_dsp2013_11´ -- 7 of job 42
2020-08-20 15:36:47,028 __iter__: Reading lattice file `/tmp/55131267/lattices/radionoona_fym20071218_24.lat.gz´.
2020-08-20 15:36:47,075 decode: Utterance `radionoona_fym20071218_24´ -- 8 of job 42
/scratch/work/groszt1/envs/theanoLM/lib/python3.7/site-packages/theano/gpuarray/dnn.py:184: UserWarning: Your cuDNN version is more recent than Theano. If you encounter problems, try updating Theano or downgrading cuDNN to a version >= v5 and <= v7.
  warnings.warn("Your cuDNN version is more recent than "
Using cuDNN version 7600 on context None
Mapped name None to device cuda0: Tesla P100-PCIE-16GB (0000:04:00.0)
/scratch/work/groszt1/envs/theanoLM/lib/python3.7/site-packages/h5py-2.9.0-py3.7-linux-x86_64.egg/h5py/_hl/dataset.py:313: H5pyDeprecationWarning: dataset.value has been deprecated. Use dataset[()] instead.
  "Use dataset[()] instead.", H5pyDeprecationWarning)
/scratch/work/groszt1/envs/theanoLM/lib/python3.7/site-packages/h5py-2.9.0-py3.7-linux-x86_64.egg/h5py/_hl/dataset.py:313: H5pyDeprecationWarning: dataset.value has been deprecated. Use dataset[()] instead.
  "Use dataset[()] instead.", H5pyDeprecationWarning)
decode_theanolm finished.
/tmp/55131267/lattices
floatX=float32,device=cuda0,base_compiledir=/tmp/theano,exception_verbosity=high,openmp=False
/scratch/work/groszt1/envs/theanoLM/lib/python3.7/site-packages/theano/gpuarray/dnn.py:184: UserWarning: Your cuDNN version is more recent than Theano. If you encounter problems, try updating Theano or downgrading cuDNN to a version >= v5 and <= v7.
  warnings.warn("Your cuDNN version is more recent than "
Using cuDNN version 7600 on context None
Mapped name None to device cuda0: Tesla P100-PCIE-16GB (0000:04:00.0)
TheanoLM 1.3.2
Theano 1.0.4
pygpu 0.7.6
==
+ srun --gres=gpu:1 theanolm decode /scratch/work/moisioa3/conv_lm/experiments/theanolm-morph-42k/expt2-sampled/nnlm.h5 --lattice-list /tmp/55131267/lattices/lattice-list --output-file /scratch/work/moisioa3/conv_lm/experiments/theanolm-morph-42k/expt2-sampled/decode/devel/lambda=1.0-lms=10/42.trn --output trn --nnlm-weight 1.0 --lm-scale 10 --max-tokens-per-node 62 --beam 650 --recombination-order 22 --num-jobs 128 --job 42 --unk-penalty=-20
2020-08-20 15:36:57,276 get_default_device: Context None device="Tesla P100-PCIE-16GB" ID="0000:04:00.0"
2020-08-20 15:36:57,277 from_file: Reading vocabulary from network state.
2020-08-20 15:36:57,575 from_file: Number of words in vocabulary: 42699
2020-08-20 15:36:57,576 from_file: Number of words in shortlist: 42699
2020-08-20 15:36:57,576 from_file: Number of word classes: 42699
2020-08-20 15:36:57,576 from_file: Building neural network.
2020-08-20 15:37:41,015 from_file: Restoring neural network state.
2020-08-20 15:37:41,365 decode: Building word lattice decoder.
2020-08-20 15:37:46,479 __iter__: Reading lattice file `/tmp/55131267/lattices/dspm001_dsp2013_03.lat.gz´.
2020-08-20 15:37:46,801 decode: Utterance `dspm001_dsp2013_03´ -- 1 of job 42
2020-08-20 15:37:53,700 __iter__: Reading lattice file `/tmp/55131267/lattices/dspm011_dsp2013_03.lat.gz´.
2020-08-20 15:37:53,787 decode: Utterance `dspm011_dsp2013_03´ -- 2 of job 42
2020-08-20 15:37:55,492 __iter__: Reading lattice file `/tmp/55131267/lattices/dspm019_dsp2013_20.lat.gz´.
2020-08-20 15:37:55,615 decode: Utterance `dspm019_dsp2013_20´ -- 3 of job 42
2020-08-20 15:37:58,193 __iter__: Reading lattice file `/tmp/55131267/lattices/dspm028_dsp2013_09.lat.gz´.
2020-08-20 15:37:58,656 decode: Utterance `dspm028_dsp2013_09´ -- 4 of job 42
2020-08-20 15:38:12,922 __iter__: Reading lattice file `/tmp/55131267/lattices/dspm039_dsp2013_10.lat.gz´.
2020-08-20 15:38:12,926 decode: Utterance `dspm039_dsp2013_10´ -- 5 of job 42
2020-08-20 15:38:13,043 __iter__: Reading lattice file `/tmp/55131267/lattices/dspm048_dsp2013_07.lat.gz´.
2020-08-20 15:38:13,249 decode: Utterance `dspm048_dsp2013_07´ -- 6 of job 42
2020-08-20 15:38:19,997 __iter__: Reading lattice file `/tmp/55131267/lattices/dspm056_dsp2013_11.lat.gz´.
2020-08-20 15:38:20,141 decode: Utterance `dspm056_dsp2013_11´ -- 7 of job 42
2020-08-20 15:38:23,194 __iter__: Reading lattice file `/tmp/55131267/lattices/radionoona_fym20071218_24.lat.gz´.
2020-08-20 15:38:23,244 decode: Utterance `radionoona_fym20071218_24´ -- 8 of job 42
/scratch/work/groszt1/envs/theanoLM/lib/python3.7/site-packages/theano/gpuarray/dnn.py:184: UserWarning: Your cuDNN version is more recent than Theano. If you encounter problems, try updating Theano or downgrading cuDNN to a version >= v5 and <= v7.
  warnings.warn("Your cuDNN version is more recent than "
Using cuDNN version 7600 on context None
Mapped name None to device cuda0: Tesla P100-PCIE-16GB (0000:04:00.0)
/scratch/work/groszt1/envs/theanoLM/lib/python3.7/site-packages/h5py-2.9.0-py3.7-linux-x86_64.egg/h5py/_hl/dataset.py:313: H5pyDeprecationWarning: dataset.value has been deprecated. Use dataset[()] instead.
  "Use dataset[()] instead.", H5pyDeprecationWarning)
/scratch/work/groszt1/envs/theanoLM/lib/python3.7/site-packages/h5py-2.9.0-py3.7-linux-x86_64.egg/h5py/_hl/dataset.py:313: H5pyDeprecationWarning: dataset.value has been deprecated. Use dataset[()] instead.
  "Use dataset[()] instead.", H5pyDeprecationWarning)
decode_theanolm finished.
decode devel finished.
