Experiment: theanolm-morph-42k/expt2-sampled
Job ID: 55088467
Task ID: 61
Host: gpu27.int.triton.aalto.fi
Start date: Sat Aug 15 09:50:22 EEST 2020
Work directory: /scratch/work/moisioa3/conv_lm/experiments/theanolm-morph-42k/expt2-sampled
Temporary directory: /tmp/55088467

Currently Loaded Modules:
  1) speech-scripts/2016.05.24-b928230   6) binutils/2.25-GCCcore-5.4.0
  2) srilm/default                       7) GCC/5.4.0-2.25
  3) cuda/10.0.130                       8) libgpuarray/2017.03.29-45c731f
  4) cudnn/7.4.2-cuda                    9) anaconda3/latest
  5) GCCcore/5.4.0

 

/tmp/55088467/lattices
floatX=float32,device=cuda0,base_compiledir=/tmp/theano,exception_verbosity=high,openmp=False
/scratch/work/groszt1/envs/theanoLM/lib/python3.7/site-packages/theano/gpuarray/dnn.py:184: UserWarning: Your cuDNN version is more recent than Theano. If you encounter problems, try updating Theano or downgrading cuDNN to a version >= v5 and <= v7.
  warnings.warn("Your cuDNN version is more recent than "
Using cuDNN version 7600 on context None
Mapped name None to device cuda0: Tesla P100-PCIE-16GB (0000:82:00.0)
TheanoLM 1.3.2
Theano 1.0.4
pygpu 0.7.6
==
+ srun --gres=gpu:1 theanolm decode /scratch/work/moisioa3/conv_lm/experiments/theanolm-morph-42k/expt2-sampled/nnlm.h5 --lattice-list /tmp/55088467/lattices/lattice-list --output-file /scratch/work/moisioa3/conv_lm/experiments/theanolm-morph-42k/expt2-sampled/decode/devel/lambda=0.5-lms=8/61.trn --output trn --nnlm-weight 0.5 --lm-scale 8 --max-tokens-per-node 62 --beam 650 --recombination-order 22 --num-jobs 128 --job 61 --unk-penalty=-20
2020-08-15 09:50:34,459 get_default_device: Context None device="Tesla P100-PCIE-16GB" ID="0000:82:00.0"
2020-08-15 09:50:34,461 from_file: Reading vocabulary from network state.
2020-08-15 09:50:34,717 from_file: Number of words in vocabulary: 42699
2020-08-15 09:50:34,718 from_file: Number of words in shortlist: 42699
2020-08-15 09:50:34,718 from_file: Number of word classes: 42699
2020-08-15 09:50:34,718 from_file: Building neural network.
2020-08-15 09:51:21,421 from_file: Restoring neural network state.
2020-08-15 09:51:21,753 decode: Building word lattice decoder.
2020-08-15 09:51:26,959 __iter__: Reading lattice file `/tmp/55088467/lattices/dspm004_dsp2013_02.lat.gz´.
2020-08-15 09:51:27,781 decode: Utterance `dspm004_dsp2013_02´ -- 1 of job 61
2020-08-15 09:51:50,054 __iter__: Reading lattice file `/tmp/55088467/lattices/dspm011_dsp2013_22.lat.gz´.
2020-08-15 09:51:50,214 decode: Utterance `dspm011_dsp2013_22´ -- 2 of job 61
2020-08-15 09:51:53,871 __iter__: Reading lattice file `/tmp/55088467/lattices/dspm021_dsp2013_19.lat.gz´.
2020-08-15 09:51:54,549 decode: Utterance `dspm021_dsp2013_19´ -- 3 of job 61
2020-08-15 09:52:20,977 __iter__: Reading lattice file `/tmp/55088467/lattices/dspm031_dsp2013_08.lat.gz´.
2020-08-15 09:52:20,985 decode: Utterance `dspm031_dsp2013_08´ -- 4 of job 61
2020-08-15 09:52:21,185 __iter__: Reading lattice file `/tmp/55088467/lattices/dspm040_dsp2013_03.lat.gz´.
2020-08-15 09:52:21,593 decode: Utterance `dspm040_dsp2013_03´ -- 5 of job 61
2020-08-15 09:52:31,351 __iter__: Reading lattice file `/tmp/55088467/lattices/dspm049_dsp2013_05.lat.gz´.
2020-08-15 09:52:34,291 decode: Utterance `dspm049_dsp2013_05´ -- 6 of job 61
2020-08-15 09:54:11,633 __iter__: Reading lattice file `/tmp/55088467/lattices/dspm057_dsp2013_10.lat.gz´.
2020-08-15 09:54:13,354 decode: Utterance `dspm057_dsp2013_10´ -- 7 of job 61
2020-08-15 09:55:37,408 __iter__: Reading lattice file `/tmp/55088467/lattices/radioshaka_kbk20120915_18.lat.gz´.
2020-08-15 09:55:37,476 decode: Utterance `radioshaka_kbk20120915_18´ -- 8 of job 61
/scratch/work/groszt1/envs/theanoLM/lib/python3.7/site-packages/theano/gpuarray/dnn.py:184: UserWarning: Your cuDNN version is more recent than Theano. If you encounter problems, try updating Theano or downgrading cuDNN to a version >= v5 and <= v7.
  warnings.warn("Your cuDNN version is more recent than "
Using cuDNN version 7600 on context None
Mapped name None to device cuda0: Tesla P100-PCIE-16GB (0000:82:00.0)
/scratch/work/groszt1/envs/theanoLM/lib/python3.7/site-packages/h5py-2.9.0-py3.7-linux-x86_64.egg/h5py/_hl/dataset.py:313: H5pyDeprecationWarning: dataset.value has been deprecated. Use dataset[()] instead.
  "Use dataset[()] instead.", H5pyDeprecationWarning)
/scratch/work/groszt1/envs/theanoLM/lib/python3.7/site-packages/h5py-2.9.0-py3.7-linux-x86_64.egg/h5py/_hl/dataset.py:313: H5pyDeprecationWarning: dataset.value has been deprecated. Use dataset[()] instead.
  "Use dataset[()] instead.", H5pyDeprecationWarning)
decode_theanolm finished.
/tmp/55088467/lattices
floatX=float32,device=cuda0,base_compiledir=/tmp/theano,exception_verbosity=high,openmp=False
/scratch/work/groszt1/envs/theanoLM/lib/python3.7/site-packages/theano/gpuarray/dnn.py:184: UserWarning: Your cuDNN version is more recent than Theano. If you encounter problems, try updating Theano or downgrading cuDNN to a version >= v5 and <= v7.
  warnings.warn("Your cuDNN version is more recent than "
Using cuDNN version 7600 on context None
Mapped name None to device cuda0: Tesla P100-PCIE-16GB (0000:82:00.0)
TheanoLM 1.3.2
Theano 1.0.4
pygpu 0.7.6
==
+ srun --gres=gpu:1 theanolm decode /scratch/work/moisioa3/conv_lm/experiments/theanolm-morph-42k/expt2-sampled/nnlm.h5 --lattice-list /tmp/55088467/lattices/lattice-list --output-file /scratch/work/moisioa3/conv_lm/experiments/theanolm-morph-42k/expt2-sampled/decode/devel/lambda=0.5-lms=9/61.trn --output trn --nnlm-weight 0.5 --lm-scale 9 --max-tokens-per-node 62 --beam 650 --recombination-order 22 --num-jobs 128 --job 61 --unk-penalty=-20
2020-08-15 09:55:47,813 get_default_device: Context None device="Tesla P100-PCIE-16GB" ID="0000:82:00.0"
2020-08-15 09:55:47,814 from_file: Reading vocabulary from network state.
2020-08-15 09:55:48,086 from_file: Number of words in vocabulary: 42699
2020-08-15 09:55:48,086 from_file: Number of words in shortlist: 42699
2020-08-15 09:55:48,086 from_file: Number of word classes: 42699
2020-08-15 09:55:48,087 from_file: Building neural network.
2020-08-15 09:56:36,918 from_file: Restoring neural network state.
2020-08-15 09:56:37,330 decode: Building word lattice decoder.
2020-08-15 09:56:43,085 __iter__: Reading lattice file `/tmp/55088467/lattices/dspm004_dsp2013_02.lat.gz´.
2020-08-15 09:56:43,922 decode: Utterance `dspm004_dsp2013_02´ -- 1 of job 61
2020-08-15 09:57:06,175 __iter__: Reading lattice file `/tmp/55088467/lattices/dspm011_dsp2013_22.lat.gz´.
2020-08-15 09:57:06,334 decode: Utterance `dspm011_dsp2013_22´ -- 2 of job 61
2020-08-15 09:57:09,867 __iter__: Reading lattice file `/tmp/55088467/lattices/dspm021_dsp2013_19.lat.gz´.
2020-08-15 09:57:10,528 decode: Utterance `dspm021_dsp2013_19´ -- 3 of job 61
2020-08-15 09:57:36,777 __iter__: Reading lattice file `/tmp/55088467/lattices/dspm031_dsp2013_08.lat.gz´.
2020-08-15 09:57:36,785 decode: Utterance `dspm031_dsp2013_08´ -- 4 of job 61
2020-08-15 09:57:36,995 __iter__: Reading lattice file `/tmp/55088467/lattices/dspm040_dsp2013_03.lat.gz´.
2020-08-15 09:57:37,417 decode: Utterance `dspm040_dsp2013_03´ -- 5 of job 61
2020-08-15 09:57:47,518 __iter__: Reading lattice file `/tmp/55088467/lattices/dspm049_dsp2013_05.lat.gz´.
2020-08-15 09:57:50,490 decode: Utterance `dspm049_dsp2013_05´ -- 6 of job 61
2020-08-15 09:59:27,758 __iter__: Reading lattice file `/tmp/55088467/lattices/dspm057_dsp2013_10.lat.gz´.
2020-08-15 09:59:29,520 decode: Utterance `dspm057_dsp2013_10´ -- 7 of job 61
2020-08-15 10:00:55,000 __iter__: Reading lattice file `/tmp/55088467/lattices/radioshaka_kbk20120915_18.lat.gz´.
2020-08-15 10:00:55,069 decode: Utterance `radioshaka_kbk20120915_18´ -- 8 of job 61
/scratch/work/groszt1/envs/theanoLM/lib/python3.7/site-packages/theano/gpuarray/dnn.py:184: UserWarning: Your cuDNN version is more recent than Theano. If you encounter problems, try updating Theano or downgrading cuDNN to a version >= v5 and <= v7.
  warnings.warn("Your cuDNN version is more recent than "
Using cuDNN version 7600 on context None
Mapped name None to device cuda0: Tesla P100-PCIE-16GB (0000:82:00.0)
/scratch/work/groszt1/envs/theanoLM/lib/python3.7/site-packages/h5py-2.9.0-py3.7-linux-x86_64.egg/h5py/_hl/dataset.py:313: H5pyDeprecationWarning: dataset.value has been deprecated. Use dataset[()] instead.
  "Use dataset[()] instead.", H5pyDeprecationWarning)
/scratch/work/groszt1/envs/theanoLM/lib/python3.7/site-packages/h5py-2.9.0-py3.7-linux-x86_64.egg/h5py/_hl/dataset.py:313: H5pyDeprecationWarning: dataset.value has been deprecated. Use dataset[()] instead.
  "Use dataset[()] instead.", H5pyDeprecationWarning)
decode_theanolm finished.
/tmp/55088467/lattices
floatX=float32,device=cuda0,base_compiledir=/tmp/theano,exception_verbosity=high,openmp=False
/scratch/work/groszt1/envs/theanoLM/lib/python3.7/site-packages/theano/gpuarray/dnn.py:184: UserWarning: Your cuDNN version is more recent than Theano. If you encounter problems, try updating Theano or downgrading cuDNN to a version >= v5 and <= v7.
  warnings.warn("Your cuDNN version is more recent than "
Using cuDNN version 7600 on context None
Mapped name None to device cuda0: Tesla P100-PCIE-16GB (0000:82:00.0)
TheanoLM 1.3.2
Theano 1.0.4
pygpu 0.7.6
==
+ srun --gres=gpu:1 theanolm decode /scratch/work/moisioa3/conv_lm/experiments/theanolm-morph-42k/expt2-sampled/nnlm.h5 --lattice-list /tmp/55088467/lattices/lattice-list --output-file /scratch/work/moisioa3/conv_lm/experiments/theanolm-morph-42k/expt2-sampled/decode/devel/lambda=0.5-lms=10/61.trn --output trn --nnlm-weight 0.5 --lm-scale 10 --max-tokens-per-node 62 --beam 650 --recombination-order 22 --num-jobs 128 --job 61 --unk-penalty=-20
2020-08-15 10:01:04,857 get_default_device: Context None device="Tesla P100-PCIE-16GB" ID="0000:82:00.0"
2020-08-15 10:01:04,858 from_file: Reading vocabulary from network state.
2020-08-15 10:01:05,117 from_file: Number of words in vocabulary: 42699
2020-08-15 10:01:05,118 from_file: Number of words in shortlist: 42699
2020-08-15 10:01:05,118 from_file: Number of word classes: 42699
2020-08-15 10:01:05,118 from_file: Building neural network.
2020-08-15 10:02:04,983 from_file: Restoring neural network state.
2020-08-15 10:02:05,318 decode: Building word lattice decoder.
2020-08-15 10:02:10,398 __iter__: Reading lattice file `/tmp/55088467/lattices/dspm004_dsp2013_02.lat.gz´.
2020-08-15 10:02:11,151 decode: Utterance `dspm004_dsp2013_02´ -- 1 of job 61
2020-08-15 10:02:33,964 __iter__: Reading lattice file `/tmp/55088467/lattices/dspm011_dsp2013_22.lat.gz´.
2020-08-15 10:02:34,112 decode: Utterance `dspm011_dsp2013_22´ -- 2 of job 61
2020-08-15 10:02:37,665 __iter__: Reading lattice file `/tmp/55088467/lattices/dspm021_dsp2013_19.lat.gz´.
2020-08-15 10:02:38,301 decode: Utterance `dspm021_dsp2013_19´ -- 3 of job 61
2020-08-15 10:03:05,671 __iter__: Reading lattice file `/tmp/55088467/lattices/dspm031_dsp2013_08.lat.gz´.
2020-08-15 10:03:05,679 decode: Utterance `dspm031_dsp2013_08´ -- 4 of job 61
2020-08-15 10:03:05,894 __iter__: Reading lattice file `/tmp/55088467/lattices/dspm040_dsp2013_03.lat.gz´.
2020-08-15 10:03:06,309 decode: Utterance `dspm040_dsp2013_03´ -- 5 of job 61
2020-08-15 10:03:16,137 __iter__: Reading lattice file `/tmp/55088467/lattices/dspm049_dsp2013_05.lat.gz´.
2020-08-15 10:03:19,049 decode: Utterance `dspm049_dsp2013_05´ -- 6 of job 61
2020-08-15 10:05:01,703 __iter__: Reading lattice file `/tmp/55088467/lattices/dspm057_dsp2013_10.lat.gz´.
2020-08-15 10:05:03,404 decode: Utterance `dspm057_dsp2013_10´ -- 7 of job 61
2020-08-15 10:06:32,563 __iter__: Reading lattice file `/tmp/55088467/lattices/radioshaka_kbk20120915_18.lat.gz´.
2020-08-15 10:06:32,636 decode: Utterance `radioshaka_kbk20120915_18´ -- 8 of job 61
/scratch/work/groszt1/envs/theanoLM/lib/python3.7/site-packages/theano/gpuarray/dnn.py:184: UserWarning: Your cuDNN version is more recent than Theano. If you encounter problems, try updating Theano or downgrading cuDNN to a version >= v5 and <= v7.
  warnings.warn("Your cuDNN version is more recent than "
Using cuDNN version 7600 on context None
Mapped name None to device cuda0: Tesla P100-PCIE-16GB (0000:82:00.0)
/scratch/work/groszt1/envs/theanoLM/lib/python3.7/site-packages/h5py-2.9.0-py3.7-linux-x86_64.egg/h5py/_hl/dataset.py:313: H5pyDeprecationWarning: dataset.value has been deprecated. Use dataset[()] instead.
  "Use dataset[()] instead.", H5pyDeprecationWarning)
/scratch/work/groszt1/envs/theanoLM/lib/python3.7/site-packages/h5py-2.9.0-py3.7-linux-x86_64.egg/h5py/_hl/dataset.py:313: H5pyDeprecationWarning: dataset.value has been deprecated. Use dataset[()] instead.
  "Use dataset[()] instead.", H5pyDeprecationWarning)
decode_theanolm finished.
/tmp/55088467/lattices
floatX=float32,device=cuda0,base_compiledir=/tmp/theano,exception_verbosity=high,openmp=False
/scratch/work/groszt1/envs/theanoLM/lib/python3.7/site-packages/theano/gpuarray/dnn.py:184: UserWarning: Your cuDNN version is more recent than Theano. If you encounter problems, try updating Theano or downgrading cuDNN to a version >= v5 and <= v7.
  warnings.warn("Your cuDNN version is more recent than "
Using cuDNN version 7600 on context None
Mapped name None to device cuda0: Tesla P100-PCIE-16GB (0000:82:00.0)
TheanoLM 1.3.2
Theano 1.0.4
pygpu 0.7.6
==
+ srun --gres=gpu:1 theanolm decode /scratch/work/moisioa3/conv_lm/experiments/theanolm-morph-42k/expt2-sampled/nnlm.h5 --lattice-list /tmp/55088467/lattices/lattice-list --output-file /scratch/work/moisioa3/conv_lm/experiments/theanolm-morph-42k/expt2-sampled/decode/devel/lambda=0.5-lms=11/61.trn --output trn --nnlm-weight 0.5 --lm-scale 11 --max-tokens-per-node 62 --beam 650 --recombination-order 22 --num-jobs 128 --job 61 --unk-penalty=-20
2020-08-15 10:06:43,492 get_default_device: Context None device="Tesla P100-PCIE-16GB" ID="0000:82:00.0"
2020-08-15 10:06:43,493 from_file: Reading vocabulary from network state.
2020-08-15 10:06:43,749 from_file: Number of words in vocabulary: 42699
2020-08-15 10:06:43,749 from_file: Number of words in shortlist: 42699
2020-08-15 10:06:43,749 from_file: Number of word classes: 42699
2020-08-15 10:06:43,750 from_file: Building neural network.
2020-08-15 10:07:35,603 from_file: Restoring neural network state.
2020-08-15 10:07:35,973 decode: Building word lattice decoder.
2020-08-15 10:07:41,493 __iter__: Reading lattice file `/tmp/55088467/lattices/dspm004_dsp2013_02.lat.gz´.
2020-08-15 10:07:42,313 decode: Utterance `dspm004_dsp2013_02´ -- 1 of job 61
2020-08-15 10:08:07,522 __iter__: Reading lattice file `/tmp/55088467/lattices/dspm011_dsp2013_22.lat.gz´.
2020-08-15 10:08:07,672 decode: Utterance `dspm011_dsp2013_22´ -- 2 of job 61
2020-08-15 10:08:11,264 __iter__: Reading lattice file `/tmp/55088467/lattices/dspm021_dsp2013_19.lat.gz´.
2020-08-15 10:08:11,887 decode: Utterance `dspm021_dsp2013_19´ -- 3 of job 61
2020-08-15 10:08:39,672 __iter__: Reading lattice file `/tmp/55088467/lattices/dspm031_dsp2013_08.lat.gz´.
2020-08-15 10:08:39,680 decode: Utterance `dspm031_dsp2013_08´ -- 4 of job 61
2020-08-15 10:08:39,901 __iter__: Reading lattice file `/tmp/55088467/lattices/dspm040_dsp2013_03.lat.gz´.
2020-08-15 10:08:40,306 decode: Utterance `dspm040_dsp2013_03´ -- 5 of job 61
2020-08-15 10:08:49,951 __iter__: Reading lattice file `/tmp/55088467/lattices/dspm049_dsp2013_05.lat.gz´.
2020-08-15 10:08:52,723 decode: Utterance `dspm049_dsp2013_05´ -- 6 of job 61
2020-08-15 10:10:32,220 __iter__: Reading lattice file `/tmp/55088467/lattices/dspm057_dsp2013_10.lat.gz´.
2020-08-15 10:10:33,898 decode: Utterance `dspm057_dsp2013_10´ -- 7 of job 61
2020-08-15 10:12:05,970 __iter__: Reading lattice file `/tmp/55088467/lattices/radioshaka_kbk20120915_18.lat.gz´.
2020-08-15 10:12:06,037 decode: Utterance `radioshaka_kbk20120915_18´ -- 8 of job 61
/scratch/work/groszt1/envs/theanoLM/lib/python3.7/site-packages/theano/gpuarray/dnn.py:184: UserWarning: Your cuDNN version is more recent than Theano. If you encounter problems, try updating Theano or downgrading cuDNN to a version >= v5 and <= v7.
  warnings.warn("Your cuDNN version is more recent than "
Using cuDNN version 7600 on context None
Mapped name None to device cuda0: Tesla P100-PCIE-16GB (0000:82:00.0)
/scratch/work/groszt1/envs/theanoLM/lib/python3.7/site-packages/h5py-2.9.0-py3.7-linux-x86_64.egg/h5py/_hl/dataset.py:313: H5pyDeprecationWarning: dataset.value has been deprecated. Use dataset[()] instead.
  "Use dataset[()] instead.", H5pyDeprecationWarning)
/scratch/work/groszt1/envs/theanoLM/lib/python3.7/site-packages/h5py-2.9.0-py3.7-linux-x86_64.egg/h5py/_hl/dataset.py:313: H5pyDeprecationWarning: dataset.value has been deprecated. Use dataset[()] instead.
  "Use dataset[()] instead.", H5pyDeprecationWarning)
decode_theanolm finished.
/tmp/55088467/lattices
floatX=float32,device=cuda0,base_compiledir=/tmp/theano,exception_verbosity=high,openmp=False
/scratch/work/groszt1/envs/theanoLM/lib/python3.7/site-packages/theano/gpuarray/dnn.py:184: UserWarning: Your cuDNN version is more recent than Theano. If you encounter problems, try updating Theano or downgrading cuDNN to a version >= v5 and <= v7.
  warnings.warn("Your cuDNN version is more recent than "
Using cuDNN version 7600 on context None
Mapped name None to device cuda0: Tesla P100-PCIE-16GB (0000:82:00.0)
TheanoLM 1.3.2
Theano 1.0.4
pygpu 0.7.6
==
+ srun --gres=gpu:1 theanolm decode /scratch/work/moisioa3/conv_lm/experiments/theanolm-morph-42k/expt2-sampled/nnlm.h5 --lattice-list /tmp/55088467/lattices/lattice-list --output-file /scratch/work/moisioa3/conv_lm/experiments/theanolm-morph-42k/expt2-sampled/decode/devel/lambda=0.5-lms=12/61.trn --output trn --nnlm-weight 0.5 --lm-scale 12 --max-tokens-per-node 62 --beam 650 --recombination-order 22 --num-jobs 128 --job 61 --unk-penalty=-20
2020-08-15 10:12:15,763 get_default_device: Context None device="Tesla P100-PCIE-16GB" ID="0000:82:00.0"
2020-08-15 10:12:15,764 from_file: Reading vocabulary from network state.
2020-08-15 10:12:16,036 from_file: Number of words in vocabulary: 42699
2020-08-15 10:12:16,036 from_file: Number of words in shortlist: 42699
2020-08-15 10:12:16,036 from_file: Number of word classes: 42699
2020-08-15 10:12:16,037 from_file: Building neural network.
2020-08-15 10:12:58,459 from_file: Restoring neural network state.
2020-08-15 10:12:58,805 decode: Building word lattice decoder.
2020-08-15 10:13:03,957 __iter__: Reading lattice file `/tmp/55088467/lattices/dspm004_dsp2013_02.lat.gz´.
2020-08-15 10:13:04,735 decode: Utterance `dspm004_dsp2013_02´ -- 1 of job 61
2020-08-15 10:13:32,800 __iter__: Reading lattice file `/tmp/55088467/lattices/dspm011_dsp2013_22.lat.gz´.
2020-08-15 10:13:32,957 decode: Utterance `dspm011_dsp2013_22´ -- 2 of job 61
2020-08-15 10:13:36,752 __iter__: Reading lattice file `/tmp/55088467/lattices/dspm021_dsp2013_19.lat.gz´.
2020-08-15 10:13:37,407 decode: Utterance `dspm021_dsp2013_19´ -- 3 of job 61
2020-08-15 10:14:06,177 __iter__: Reading lattice file `/tmp/55088467/lattices/dspm031_dsp2013_08.lat.gz´.
2020-08-15 10:14:06,185 decode: Utterance `dspm031_dsp2013_08´ -- 4 of job 61
2020-08-15 10:14:06,379 __iter__: Reading lattice file `/tmp/55088467/lattices/dspm040_dsp2013_03.lat.gz´.
2020-08-15 10:14:06,801 decode: Utterance `dspm040_dsp2013_03´ -- 5 of job 61
2020-08-15 10:14:16,493 __iter__: Reading lattice file `/tmp/55088467/lattices/dspm049_dsp2013_05.lat.gz´.
2020-08-15 10:14:19,397 decode: Utterance `dspm049_dsp2013_05´ -- 6 of job 61
2020-08-15 10:16:03,275 __iter__: Reading lattice file `/tmp/55088467/lattices/dspm057_dsp2013_10.lat.gz´.
2020-08-15 10:16:05,012 decode: Utterance `dspm057_dsp2013_10´ -- 7 of job 61
2020-08-15 10:17:37,214 __iter__: Reading lattice file `/tmp/55088467/lattices/radioshaka_kbk20120915_18.lat.gz´.
2020-08-15 10:17:37,282 decode: Utterance `radioshaka_kbk20120915_18´ -- 8 of job 61
/scratch/work/groszt1/envs/theanoLM/lib/python3.7/site-packages/theano/gpuarray/dnn.py:184: UserWarning: Your cuDNN version is more recent than Theano. If you encounter problems, try updating Theano or downgrading cuDNN to a version >= v5 and <= v7.
  warnings.warn("Your cuDNN version is more recent than "
Using cuDNN version 7600 on context None
Mapped name None to device cuda0: Tesla P100-PCIE-16GB (0000:82:00.0)
/scratch/work/groszt1/envs/theanoLM/lib/python3.7/site-packages/h5py-2.9.0-py3.7-linux-x86_64.egg/h5py/_hl/dataset.py:313: H5pyDeprecationWarning: dataset.value has been deprecated. Use dataset[()] instead.
  "Use dataset[()] instead.", H5pyDeprecationWarning)
/scratch/work/groszt1/envs/theanoLM/lib/python3.7/site-packages/h5py-2.9.0-py3.7-linux-x86_64.egg/h5py/_hl/dataset.py:313: H5pyDeprecationWarning: dataset.value has been deprecated. Use dataset[()] instead.
  "Use dataset[()] instead.", H5pyDeprecationWarning)
decode_theanolm finished.
/tmp/55088467/lattices
floatX=float32,device=cuda0,base_compiledir=/tmp/theano,exception_verbosity=high,openmp=False
/scratch/work/groszt1/envs/theanoLM/lib/python3.7/site-packages/theano/gpuarray/dnn.py:184: UserWarning: Your cuDNN version is more recent than Theano. If you encounter problems, try updating Theano or downgrading cuDNN to a version >= v5 and <= v7.
  warnings.warn("Your cuDNN version is more recent than "
Using cuDNN version 7600 on context None
Mapped name None to device cuda0: Tesla P100-PCIE-16GB (0000:82:00.0)
TheanoLM 1.3.2
Theano 1.0.4
pygpu 0.7.6
==
+ srun --gres=gpu:1 theanolm decode /scratch/work/moisioa3/conv_lm/experiments/theanolm-morph-42k/expt2-sampled/nnlm.h5 --lattice-list /tmp/55088467/lattices/lattice-list --output-file /scratch/work/moisioa3/conv_lm/experiments/theanolm-morph-42k/expt2-sampled/decode/devel/lambda=1.0-lms=8/61.trn --output trn --nnlm-weight 1.0 --lm-scale 8 --max-tokens-per-node 62 --beam 650 --recombination-order 22 --num-jobs 128 --job 61 --unk-penalty=-20
2020-08-15 10:17:47,233 get_default_device: Context None device="Tesla P100-PCIE-16GB" ID="0000:82:00.0"
2020-08-15 10:17:47,234 from_file: Reading vocabulary from network state.
2020-08-15 10:17:47,501 from_file: Number of words in vocabulary: 42699
2020-08-15 10:17:47,502 from_file: Number of words in shortlist: 42699
2020-08-15 10:17:47,502 from_file: Number of word classes: 42699
2020-08-15 10:17:47,502 from_file: Building neural network.
2020-08-15 10:18:31,376 from_file: Restoring neural network state.
2020-08-15 10:18:31,726 decode: Building word lattice decoder.
2020-08-15 10:18:37,206 __iter__: Reading lattice file `/tmp/55088467/lattices/dspm004_dsp2013_02.lat.gz´.
2020-08-15 10:18:38,031 decode: Utterance `dspm004_dsp2013_02´ -- 1 of job 61
2020-08-15 10:18:56,998 __iter__: Reading lattice file `/tmp/55088467/lattices/dspm011_dsp2013_22.lat.gz´.
2020-08-15 10:18:57,158 decode: Utterance `dspm011_dsp2013_22´ -- 2 of job 61
2020-08-15 10:19:00,764 __iter__: Reading lattice file `/tmp/55088467/lattices/dspm021_dsp2013_19.lat.gz´.
2020-08-15 10:19:01,441 decode: Utterance `dspm021_dsp2013_19´ -- 3 of job 61
2020-08-15 10:19:24,908 __iter__: Reading lattice file `/tmp/55088467/lattices/dspm031_dsp2013_08.lat.gz´.
2020-08-15 10:19:24,916 decode: Utterance `dspm031_dsp2013_08´ -- 4 of job 61
2020-08-15 10:19:25,120 __iter__: Reading lattice file `/tmp/55088467/lattices/dspm040_dsp2013_03.lat.gz´.
2020-08-15 10:19:25,534 decode: Utterance `dspm040_dsp2013_03´ -- 5 of job 61
2020-08-15 10:19:35,002 __iter__: Reading lattice file `/tmp/55088467/lattices/dspm049_dsp2013_05.lat.gz´.
2020-08-15 10:19:37,916 decode: Utterance `dspm049_dsp2013_05´ -- 6 of job 61
2020-08-15 10:21:00,340 __iter__: Reading lattice file `/tmp/55088467/lattices/dspm057_dsp2013_10.lat.gz´.
2020-08-15 10:21:02,064 decode: Utterance `dspm057_dsp2013_10´ -- 7 of job 61
2020-08-15 10:22:05,439 __iter__: Reading lattice file `/tmp/55088467/lattices/radioshaka_kbk20120915_18.lat.gz´.
2020-08-15 10:22:05,507 decode: Utterance `radioshaka_kbk20120915_18´ -- 8 of job 61
/scratch/work/groszt1/envs/theanoLM/lib/python3.7/site-packages/theano/gpuarray/dnn.py:184: UserWarning: Your cuDNN version is more recent than Theano. If you encounter problems, try updating Theano or downgrading cuDNN to a version >= v5 and <= v7.
  warnings.warn("Your cuDNN version is more recent than "
Using cuDNN version 7600 on context None
Mapped name None to device cuda0: Tesla P100-PCIE-16GB (0000:82:00.0)
/scratch/work/groszt1/envs/theanoLM/lib/python3.7/site-packages/h5py-2.9.0-py3.7-linux-x86_64.egg/h5py/_hl/dataset.py:313: H5pyDeprecationWarning: dataset.value has been deprecated. Use dataset[()] instead.
  "Use dataset[()] instead.", H5pyDeprecationWarning)
/scratch/work/groszt1/envs/theanoLM/lib/python3.7/site-packages/h5py-2.9.0-py3.7-linux-x86_64.egg/h5py/_hl/dataset.py:313: H5pyDeprecationWarning: dataset.value has been deprecated. Use dataset[()] instead.
  "Use dataset[()] instead.", H5pyDeprecationWarning)
decode_theanolm finished.
/tmp/55088467/lattices
floatX=float32,device=cuda0,base_compiledir=/tmp/theano,exception_verbosity=high,openmp=False
/scratch/work/groszt1/envs/theanoLM/lib/python3.7/site-packages/theano/gpuarray/dnn.py:184: UserWarning: Your cuDNN version is more recent than Theano. If you encounter problems, try updating Theano or downgrading cuDNN to a version >= v5 and <= v7.
  warnings.warn("Your cuDNN version is more recent than "
Using cuDNN version 7600 on context None
Mapped name None to device cuda0: Tesla P100-PCIE-16GB (0000:82:00.0)
TheanoLM 1.3.2
Theano 1.0.4
pygpu 0.7.6
==
+ srun --gres=gpu:1 theanolm decode /scratch/work/moisioa3/conv_lm/experiments/theanolm-morph-42k/expt2-sampled/nnlm.h5 --lattice-list /tmp/55088467/lattices/lattice-list --output-file /scratch/work/moisioa3/conv_lm/experiments/theanolm-morph-42k/expt2-sampled/decode/devel/lambda=1.0-lms=9/61.trn --output trn --nnlm-weight 1.0 --lm-scale 9 --max-tokens-per-node 62 --beam 650 --recombination-order 22 --num-jobs 128 --job 61 --unk-penalty=-20
2020-08-15 10:22:18,535 get_default_device: Context None device="Tesla P100-PCIE-16GB" ID="0000:82:00.0"
2020-08-15 10:22:18,537 from_file: Reading vocabulary from network state.
2020-08-15 10:22:18,790 from_file: Number of words in vocabulary: 42699
2020-08-15 10:22:18,791 from_file: Number of words in shortlist: 42699
2020-08-15 10:22:18,791 from_file: Number of word classes: 42699
2020-08-15 10:22:18,791 from_file: Building neural network.
2020-08-15 10:23:06,360 from_file: Restoring neural network state.
2020-08-15 10:23:06,708 decode: Building word lattice decoder.
2020-08-15 10:23:12,142 __iter__: Reading lattice file `/tmp/55088467/lattices/dspm004_dsp2013_02.lat.gz´.
2020-08-15 10:23:12,875 decode: Utterance `dspm004_dsp2013_02´ -- 1 of job 61
2020-08-15 10:23:30,105 __iter__: Reading lattice file `/tmp/55088467/lattices/dspm011_dsp2013_22.lat.gz´.
2020-08-15 10:23:30,263 decode: Utterance `dspm011_dsp2013_22´ -- 2 of job 61
2020-08-15 10:23:33,660 __iter__: Reading lattice file `/tmp/55088467/lattices/dspm021_dsp2013_19.lat.gz´.
2020-08-15 10:23:34,308 decode: Utterance `dspm021_dsp2013_19´ -- 3 of job 61
2020-08-15 10:23:57,082 __iter__: Reading lattice file `/tmp/55088467/lattices/dspm031_dsp2013_08.lat.gz´.
2020-08-15 10:23:57,090 decode: Utterance `dspm031_dsp2013_08´ -- 4 of job 61
2020-08-15 10:23:57,281 __iter__: Reading lattice file `/tmp/55088467/lattices/dspm040_dsp2013_03.lat.gz´.
2020-08-15 10:23:57,701 decode: Utterance `dspm040_dsp2013_03´ -- 5 of job 61
2020-08-15 10:24:07,289 __iter__: Reading lattice file `/tmp/55088467/lattices/dspm049_dsp2013_05.lat.gz´.
2020-08-15 10:24:10,188 decode: Utterance `dspm049_dsp2013_05´ -- 6 of job 61
2020-08-15 10:25:37,379 __iter__: Reading lattice file `/tmp/55088467/lattices/dspm057_dsp2013_10.lat.gz´.
2020-08-15 10:25:39,096 decode: Utterance `dspm057_dsp2013_10´ -- 7 of job 61
2020-08-15 10:26:43,067 __iter__: Reading lattice file `/tmp/55088467/lattices/radioshaka_kbk20120915_18.lat.gz´.
2020-08-15 10:26:43,134 decode: Utterance `radioshaka_kbk20120915_18´ -- 8 of job 61
/scratch/work/groszt1/envs/theanoLM/lib/python3.7/site-packages/theano/gpuarray/dnn.py:184: UserWarning: Your cuDNN version is more recent than Theano. If you encounter problems, try updating Theano or downgrading cuDNN to a version >= v5 and <= v7.
  warnings.warn("Your cuDNN version is more recent than "
Using cuDNN version 7600 on context None
Mapped name None to device cuda0: Tesla P100-PCIE-16GB (0000:82:00.0)
/scratch/work/groszt1/envs/theanoLM/lib/python3.7/site-packages/h5py-2.9.0-py3.7-linux-x86_64.egg/h5py/_hl/dataset.py:313: H5pyDeprecationWarning: dataset.value has been deprecated. Use dataset[()] instead.
  "Use dataset[()] instead.", H5pyDeprecationWarning)
/scratch/work/groszt1/envs/theanoLM/lib/python3.7/site-packages/h5py-2.9.0-py3.7-linux-x86_64.egg/h5py/_hl/dataset.py:313: H5pyDeprecationWarning: dataset.value has been deprecated. Use dataset[()] instead.
  "Use dataset[()] instead.", H5pyDeprecationWarning)
decode_theanolm finished.
/tmp/55088467/lattices
floatX=float32,device=cuda0,base_compiledir=/tmp/theano,exception_verbosity=high,openmp=False
/scratch/work/groszt1/envs/theanoLM/lib/python3.7/site-packages/theano/gpuarray/dnn.py:184: UserWarning: Your cuDNN version is more recent than Theano. If you encounter problems, try updating Theano or downgrading cuDNN to a version >= v5 and <= v7.
  warnings.warn("Your cuDNN version is more recent than "
Using cuDNN version 7600 on context None
Mapped name None to device cuda0: Tesla P100-PCIE-16GB (0000:82:00.0)
TheanoLM 1.3.2
Theano 1.0.4
pygpu 0.7.6
==
+ srun --gres=gpu:1 theanolm decode /scratch/work/moisioa3/conv_lm/experiments/theanolm-morph-42k/expt2-sampled/nnlm.h5 --lattice-list /tmp/55088467/lattices/lattice-list --output-file /scratch/work/moisioa3/conv_lm/experiments/theanolm-morph-42k/expt2-sampled/decode/devel/lambda=1.0-lms=10/61.trn --output trn --nnlm-weight 1.0 --lm-scale 10 --max-tokens-per-node 62 --beam 650 --recombination-order 22 --num-jobs 128 --job 61 --unk-penalty=-20
2020-08-15 10:27:02,381 get_default_device: Context None device="Tesla P100-PCIE-16GB" ID="0000:82:00.0"
2020-08-15 10:27:02,382 from_file: Reading vocabulary from network state.
2020-08-15 10:27:02,651 from_file: Number of words in vocabulary: 42699
2020-08-15 10:27:02,651 from_file: Number of words in shortlist: 42699
2020-08-15 10:27:02,652 from_file: Number of word classes: 42699
2020-08-15 10:27:02,652 from_file: Building neural network.
2020-08-15 10:27:44,872 from_file: Restoring neural network state.
2020-08-15 10:27:45,235 decode: Building word lattice decoder.
2020-08-15 10:27:50,583 __iter__: Reading lattice file `/tmp/55088467/lattices/dspm004_dsp2013_02.lat.gz´.
2020-08-15 10:27:51,295 decode: Utterance `dspm004_dsp2013_02´ -- 1 of job 61
2020-08-15 10:28:09,771 __iter__: Reading lattice file `/tmp/55088467/lattices/dspm011_dsp2013_22.lat.gz´.
2020-08-15 10:28:09,941 decode: Utterance `dspm011_dsp2013_22´ -- 2 of job 61
2020-08-15 10:28:13,692 __iter__: Reading lattice file `/tmp/55088467/lattices/dspm021_dsp2013_19.lat.gz´.
2020-08-15 10:28:14,354 decode: Utterance `dspm021_dsp2013_19´ -- 3 of job 61
2020-08-15 10:28:39,137 __iter__: Reading lattice file `/tmp/55088467/lattices/dspm031_dsp2013_08.lat.gz´.
2020-08-15 10:28:39,145 decode: Utterance `dspm031_dsp2013_08´ -- 4 of job 61
2020-08-15 10:28:39,355 __iter__: Reading lattice file `/tmp/55088467/lattices/dspm040_dsp2013_03.lat.gz´.
2020-08-15 10:28:39,784 decode: Utterance `dspm040_dsp2013_03´ -- 5 of job 61
2020-08-15 10:28:49,044 __iter__: Reading lattice file `/tmp/55088467/lattices/dspm049_dsp2013_05.lat.gz´.
2020-08-15 10:28:51,907 decode: Utterance `dspm049_dsp2013_05´ -- 6 of job 61
2020-08-15 10:30:17,398 __iter__: Reading lattice file `/tmp/55088467/lattices/dspm057_dsp2013_10.lat.gz´.
2020-08-15 10:30:19,116 decode: Utterance `dspm057_dsp2013_10´ -- 7 of job 61
2020-08-15 10:31:21,480 __iter__: Reading lattice file `/tmp/55088467/lattices/radioshaka_kbk20120915_18.lat.gz´.
2020-08-15 10:31:21,548 decode: Utterance `radioshaka_kbk20120915_18´ -- 8 of job 61
/scratch/work/groszt1/envs/theanoLM/lib/python3.7/site-packages/theano/gpuarray/dnn.py:184: UserWarning: Your cuDNN version is more recent than Theano. If you encounter problems, try updating Theano or downgrading cuDNN to a version >= v5 and <= v7.
  warnings.warn("Your cuDNN version is more recent than "
Using cuDNN version 7600 on context None
Mapped name None to device cuda0: Tesla P100-PCIE-16GB (0000:82:00.0)
/scratch/work/groszt1/envs/theanoLM/lib/python3.7/site-packages/h5py-2.9.0-py3.7-linux-x86_64.egg/h5py/_hl/dataset.py:313: H5pyDeprecationWarning: dataset.value has been deprecated. Use dataset[()] instead.
  "Use dataset[()] instead.", H5pyDeprecationWarning)
/scratch/work/groszt1/envs/theanoLM/lib/python3.7/site-packages/h5py-2.9.0-py3.7-linux-x86_64.egg/h5py/_hl/dataset.py:313: H5pyDeprecationWarning: dataset.value has been deprecated. Use dataset[()] instead.
  "Use dataset[()] instead.", H5pyDeprecationWarning)
decode_theanolm finished.
/tmp/55088467/lattices
floatX=float32,device=cuda0,base_compiledir=/tmp/theano,exception_verbosity=high,openmp=False
/scratch/work/groszt1/envs/theanoLM/lib/python3.7/site-packages/theano/gpuarray/dnn.py:184: UserWarning: Your cuDNN version is more recent than Theano. If you encounter problems, try updating Theano or downgrading cuDNN to a version >= v5 and <= v7.
  warnings.warn("Your cuDNN version is more recent than "
Using cuDNN version 7600 on context None
Mapped name None to device cuda0: Tesla P100-PCIE-16GB (0000:82:00.0)
TheanoLM 1.3.2
Theano 1.0.4
pygpu 0.7.6
==
+ srun --gres=gpu:1 theanolm decode /scratch/work/moisioa3/conv_lm/experiments/theanolm-morph-42k/expt2-sampled/nnlm.h5 --lattice-list /tmp/55088467/lattices/lattice-list --output-file /scratch/work/moisioa3/conv_lm/experiments/theanolm-morph-42k/expt2-sampled/decode/devel/lambda=1.0-lms=11/61.trn --output trn --nnlm-weight 1.0 --lm-scale 11 --max-tokens-per-node 62 --beam 650 --recombination-order 22 --num-jobs 128 --job 61 --unk-penalty=-20
2020-08-15 10:31:31,664 get_default_device: Context None device="Tesla P100-PCIE-16GB" ID="0000:82:00.0"
2020-08-15 10:31:31,665 from_file: Reading vocabulary from network state.
2020-08-15 10:31:31,940 from_file: Number of words in vocabulary: 42699
2020-08-15 10:31:31,940 from_file: Number of words in shortlist: 42699
2020-08-15 10:31:31,940 from_file: Number of word classes: 42699
2020-08-15 10:31:31,940 from_file: Building neural network.
2020-08-15 10:32:14,435 from_file: Restoring neural network state.
2020-08-15 10:32:14,784 decode: Building word lattice decoder.
2020-08-15 10:32:20,188 __iter__: Reading lattice file `/tmp/55088467/lattices/dspm004_dsp2013_02.lat.gz´.
2020-08-15 10:32:20,921 decode: Utterance `dspm004_dsp2013_02´ -- 1 of job 61
2020-08-15 10:32:37,762 __iter__: Reading lattice file `/tmp/55088467/lattices/dspm011_dsp2013_22.lat.gz´.
2020-08-15 10:32:37,917 decode: Utterance `dspm011_dsp2013_22´ -- 2 of job 61
2020-08-15 10:32:41,208 __iter__: Reading lattice file `/tmp/55088467/lattices/dspm021_dsp2013_19.lat.gz´.
2020-08-15 10:32:41,847 decode: Utterance `dspm021_dsp2013_19´ -- 3 of job 61
2020-08-15 10:33:04,458 __iter__: Reading lattice file `/tmp/55088467/lattices/dspm031_dsp2013_08.lat.gz´.
2020-08-15 10:33:04,466 decode: Utterance `dspm031_dsp2013_08´ -- 4 of job 61
2020-08-15 10:33:04,681 __iter__: Reading lattice file `/tmp/55088467/lattices/dspm040_dsp2013_03.lat.gz´.
2020-08-15 10:33:05,110 decode: Utterance `dspm040_dsp2013_03´ -- 5 of job 61
2020-08-15 10:33:14,809 __iter__: Reading lattice file `/tmp/55088467/lattices/dspm049_dsp2013_05.lat.gz´.
2020-08-15 10:33:17,730 decode: Utterance `dspm049_dsp2013_05´ -- 6 of job 61
2020-08-15 10:34:45,306 __iter__: Reading lattice file `/tmp/55088467/lattices/dspm057_dsp2013_10.lat.gz´.
2020-08-15 10:34:47,044 decode: Utterance `dspm057_dsp2013_10´ -- 7 of job 61
2020-08-15 10:35:47,446 __iter__: Reading lattice file `/tmp/55088467/lattices/radioshaka_kbk20120915_18.lat.gz´.
2020-08-15 10:35:47,512 decode: Utterance `radioshaka_kbk20120915_18´ -- 8 of job 61
/scratch/work/groszt1/envs/theanoLM/lib/python3.7/site-packages/theano/gpuarray/dnn.py:184: UserWarning: Your cuDNN version is more recent than Theano. If you encounter problems, try updating Theano or downgrading cuDNN to a version >= v5 and <= v7.
  warnings.warn("Your cuDNN version is more recent than "
Using cuDNN version 7600 on context None
Mapped name None to device cuda0: Tesla P100-PCIE-16GB (0000:82:00.0)
/scratch/work/groszt1/envs/theanoLM/lib/python3.7/site-packages/h5py-2.9.0-py3.7-linux-x86_64.egg/h5py/_hl/dataset.py:313: H5pyDeprecationWarning: dataset.value has been deprecated. Use dataset[()] instead.
  "Use dataset[()] instead.", H5pyDeprecationWarning)
/scratch/work/groszt1/envs/theanoLM/lib/python3.7/site-packages/h5py-2.9.0-py3.7-linux-x86_64.egg/h5py/_hl/dataset.py:313: H5pyDeprecationWarning: dataset.value has been deprecated. Use dataset[()] instead.
  "Use dataset[()] instead.", H5pyDeprecationWarning)
decode_theanolm finished.
/tmp/55088467/lattices
floatX=float32,device=cuda0,base_compiledir=/tmp/theano,exception_verbosity=high,openmp=False
/scratch/work/groszt1/envs/theanoLM/lib/python3.7/site-packages/theano/gpuarray/dnn.py:184: UserWarning: Your cuDNN version is more recent than Theano. If you encounter problems, try updating Theano or downgrading cuDNN to a version >= v5 and <= v7.
  warnings.warn("Your cuDNN version is more recent than "
Using cuDNN version 7600 on context None
Mapped name None to device cuda0: Tesla P100-PCIE-16GB (0000:82:00.0)
TheanoLM 1.3.2
Theano 1.0.4
pygpu 0.7.6
==
+ srun --gres=gpu:1 theanolm decode /scratch/work/moisioa3/conv_lm/experiments/theanolm-morph-42k/expt2-sampled/nnlm.h5 --lattice-list /tmp/55088467/lattices/lattice-list --output-file /scratch/work/moisioa3/conv_lm/experiments/theanolm-morph-42k/expt2-sampled/decode/devel/lambda=1.0-lms=12/61.trn --output trn --nnlm-weight 1.0 --lm-scale 12 --max-tokens-per-node 62 --beam 650 --recombination-order 22 --num-jobs 128 --job 61 --unk-penalty=-20
2020-08-15 10:35:57,104 get_default_device: Context None device="Tesla P100-PCIE-16GB" ID="0000:82:00.0"
2020-08-15 10:35:57,105 from_file: Reading vocabulary from network state.
2020-08-15 10:35:57,377 from_file: Number of words in vocabulary: 42699
2020-08-15 10:35:57,377 from_file: Number of words in shortlist: 42699
2020-08-15 10:35:57,377 from_file: Number of word classes: 42699
2020-08-15 10:35:57,378 from_file: Building neural network.
2020-08-15 10:36:41,499 from_file: Restoring neural network state.
2020-08-15 10:36:41,875 decode: Building word lattice decoder.
2020-08-15 10:36:55,946 __iter__: Reading lattice file `/tmp/55088467/lattices/dspm004_dsp2013_02.lat.gz´.
2020-08-15 10:36:56,706 decode: Utterance `dspm004_dsp2013_02´ -- 1 of job 61
2020-08-15 10:37:14,677 __iter__: Reading lattice file `/tmp/55088467/lattices/dspm011_dsp2013_22.lat.gz´.
2020-08-15 10:37:14,844 decode: Utterance `dspm011_dsp2013_22´ -- 2 of job 61
2020-08-15 10:37:18,331 __iter__: Reading lattice file `/tmp/55088467/lattices/dspm021_dsp2013_19.lat.gz´.
2020-08-15 10:37:19,031 decode: Utterance `dspm021_dsp2013_19´ -- 3 of job 61
2020-08-15 10:37:40,696 __iter__: Reading lattice file `/tmp/55088467/lattices/dspm031_dsp2013_08.lat.gz´.
2020-08-15 10:37:40,704 decode: Utterance `dspm031_dsp2013_08´ -- 4 of job 61
2020-08-15 10:37:40,915 __iter__: Reading lattice file `/tmp/55088467/lattices/dspm040_dsp2013_03.lat.gz´.
2020-08-15 10:37:41,362 decode: Utterance `dspm040_dsp2013_03´ -- 5 of job 61
2020-08-15 10:37:50,550 __iter__: Reading lattice file `/tmp/55088467/lattices/dspm049_dsp2013_05.lat.gz´.
2020-08-15 10:37:53,615 decode: Utterance `dspm049_dsp2013_05´ -- 6 of job 61
2020-08-15 10:39:15,512 __iter__: Reading lattice file `/tmp/55088467/lattices/dspm057_dsp2013_10.lat.gz´.
2020-08-15 10:39:17,295 decode: Utterance `dspm057_dsp2013_10´ -- 7 of job 61
2020-08-15 10:40:22,792 __iter__: Reading lattice file `/tmp/55088467/lattices/radioshaka_kbk20120915_18.lat.gz´.
2020-08-15 10:40:22,861 decode: Utterance `radioshaka_kbk20120915_18´ -- 8 of job 61
/scratch/work/groszt1/envs/theanoLM/lib/python3.7/site-packages/theano/gpuarray/dnn.py:184: UserWarning: Your cuDNN version is more recent than Theano. If you encounter problems, try updating Theano or downgrading cuDNN to a version >= v5 and <= v7.
  warnings.warn("Your cuDNN version is more recent than "
Using cuDNN version 7600 on context None
Mapped name None to device cuda0: Tesla P100-PCIE-16GB (0000:82:00.0)
/scratch/work/groszt1/envs/theanoLM/lib/python3.7/site-packages/h5py-2.9.0-py3.7-linux-x86_64.egg/h5py/_hl/dataset.py:313: H5pyDeprecationWarning: dataset.value has been deprecated. Use dataset[()] instead.
  "Use dataset[()] instead.", H5pyDeprecationWarning)
/scratch/work/groszt1/envs/theanoLM/lib/python3.7/site-packages/h5py-2.9.0-py3.7-linux-x86_64.egg/h5py/_hl/dataset.py:313: H5pyDeprecationWarning: dataset.value has been deprecated. Use dataset[()] instead.
  "Use dataset[()] instead.", H5pyDeprecationWarning)
decode_theanolm finished.
decode devel finished.
