Experiment: theanolm-morph-42k/expt2-sampled
Job ID: 55133081
Task ID: 113
Host: gpu1.int.triton.aalto.fi
Start date: Thu Aug 20 18:12:00 EEST 2020
Work directory: /scratch/work/moisioa3/conv_lm/experiments/theanolm-morph-42k/expt2-sampled
Temporary directory: /tmp/55133081

Currently Loaded Modules:
  1) speech-scripts/2016.05.24-b928230   6) binutils/2.25-GCCcore-5.4.0
  2) srilm/default                       7) GCC/5.4.0-2.25
  3) cuda/10.0.130                       8) libgpuarray/2017.03.29-45c731f
  4) cudnn/7.4.2-cuda                    9) anaconda3/latest
  5) GCCcore/5.4.0

 

/tmp/55133081/lattices
floatX=float32,device=cuda0,base_compiledir=/tmp/theano,exception_verbosity=high,openmp=False
/scratch/work/groszt1/envs/theanoLM/lib/python3.7/site-packages/theano/gpuarray/dnn.py:184: UserWarning: Your cuDNN version is more recent than Theano. If you encounter problems, try updating Theano or downgrading cuDNN to a version >= v5 and <= v7.
  warnings.warn("Your cuDNN version is more recent than "
Using cuDNN version 7600 on context None
Mapped name None to device cuda0: Tesla V100-PCIE-32GB (0000:18:00.0)
TheanoLM 1.3.2
Theano 1.0.4
pygpu 0.7.6
==
+ srun --gres=gpu:1 theanolm decode /scratch/work/moisioa3/conv_lm/experiments/theanolm-morph-42k/expt2-sampled/nnlm.h5 --lattice-list /tmp/55133081/lattices/lattice-list --output-file /scratch/work/moisioa3/conv_lm/experiments/theanolm-morph-42k/expt2-sampled/decode/eval/lambda=0.5-lms=9/113.trn --output trn --nnlm-weight 0.5 --lm-scale 9 --max-tokens-per-node 62 --beam 650 --recombination-order 22 --num-jobs 128 --job 113 --unk-penalty=-20
2020-08-20 18:12:12,173 get_default_device: Context None device="Tesla V100-PCIE-32GB" ID="0000:18:00.0"
2020-08-20 18:12:12,174 from_file: Reading vocabulary from network state.
2020-08-20 18:12:12,375 from_file: Number of words in vocabulary: 42699
2020-08-20 18:12:12,375 from_file: Number of words in shortlist: 42699
2020-08-20 18:12:12,375 from_file: Number of word classes: 42699
2020-08-20 18:12:12,375 from_file: Building neural network.
2020-08-20 18:12:40,097 from_file: Restoring neural network state.
2020-08-20 18:12:40,441 decode: Building word lattice decoder.
2020-08-20 18:12:59,506 __iter__: Reading lattice file `/tmp/55133081/lattices/dspm023_dsp2013_29.lat.gz´.
2020-08-20 18:12:59,534 decode: Utterance `dspm023_dsp2013_29´ -- 1 of job 113
2020-08-20 18:13:00,691 __iter__: Reading lattice file `/tmp/55133081/lattices/radioerkka_puhujainkulma20120930_104.lat.gz´.
2020-08-20 18:13:01,047 decode: Utterance `radioerkka_puhujainkulma20120930_104´ -- 2 of job 113
2020-08-20 18:13:09,075 __iter__: Reading lattice file `/tmp/55133081/lattices/radiokatupaimen_aamushow20120720_60.lat.gz´.
2020-08-20 18:13:09,542 decode: Utterance `radiokatupaimen_aamushow20120720_60´ -- 3 of job 113
2020-08-20 18:13:22,848 __iter__: Reading lattice file `/tmp/55133081/lattices/radioruudolf_aamushow20100713_87.lat.gz´.
2020-08-20 18:13:22,855 decode: Utterance `radioruudolf_aamushow20100713_87´ -- 4 of job 113
/scratch/work/groszt1/envs/theanoLM/lib/python3.7/site-packages/theano/gpuarray/dnn.py:184: UserWarning: Your cuDNN version is more recent than Theano. If you encounter problems, try updating Theano or downgrading cuDNN to a version >= v5 and <= v7.
  warnings.warn("Your cuDNN version is more recent than "
Using cuDNN version 7600 on context None
Mapped name None to device cuda0: Tesla V100-PCIE-32GB (0000:18:00.0)
/scratch/work/groszt1/envs/theanoLM/lib/python3.7/site-packages/h5py-2.9.0-py3.7-linux-x86_64.egg/h5py/_hl/dataset.py:313: H5pyDeprecationWarning: dataset.value has been deprecated. Use dataset[()] instead.
  "Use dataset[()] instead.", H5pyDeprecationWarning)
/scratch/work/groszt1/envs/theanoLM/lib/python3.7/site-packages/h5py-2.9.0-py3.7-linux-x86_64.egg/h5py/_hl/dataset.py:313: H5pyDeprecationWarning: dataset.value has been deprecated. Use dataset[()] instead.
  "Use dataset[()] instead.", H5pyDeprecationWarning)
decode_theanolm finished.
/tmp/55133081/lattices
floatX=float32,device=cuda0,base_compiledir=/tmp/theano,exception_verbosity=high,openmp=False
/scratch/work/groszt1/envs/theanoLM/lib/python3.7/site-packages/theano/gpuarray/dnn.py:184: UserWarning: Your cuDNN version is more recent than Theano. If you encounter problems, try updating Theano or downgrading cuDNN to a version >= v5 and <= v7.
  warnings.warn("Your cuDNN version is more recent than "
Using cuDNN version 7600 on context None
Mapped name None to device cuda0: Tesla V100-PCIE-32GB (0000:18:00.0)
TheanoLM 1.3.2
Theano 1.0.4
pygpu 0.7.6
==
+ srun --gres=gpu:1 theanolm decode /scratch/work/moisioa3/conv_lm/experiments/theanolm-morph-42k/expt2-sampled/nnlm.h5 --lattice-list /tmp/55133081/lattices/lattice-list --output-file /scratch/work/moisioa3/conv_lm/experiments/theanolm-morph-42k/expt2-sampled/decode/eval/lambda=0.5-lms=10/113.trn --output trn --nnlm-weight 0.5 --lm-scale 10 --max-tokens-per-node 62 --beam 650 --recombination-order 22 --num-jobs 128 --job 113 --unk-penalty=-20
2020-08-20 18:13:29,477 get_default_device: Context None device="Tesla V100-PCIE-32GB" ID="0000:18:00.0"
2020-08-20 18:13:29,478 from_file: Reading vocabulary from network state.
2020-08-20 18:13:29,679 from_file: Number of words in vocabulary: 42699
2020-08-20 18:13:29,679 from_file: Number of words in shortlist: 42699
2020-08-20 18:13:29,679 from_file: Number of word classes: 42699
2020-08-20 18:13:29,679 from_file: Building neural network.
2020-08-20 18:13:57,521 from_file: Restoring neural network state.
2020-08-20 18:13:57,866 decode: Building word lattice decoder.
2020-08-20 18:14:01,765 __iter__: Reading lattice file `/tmp/55133081/lattices/dspm023_dsp2013_29.lat.gz´.
2020-08-20 18:14:01,793 decode: Utterance `dspm023_dsp2013_29´ -- 1 of job 113
2020-08-20 18:14:02,525 __iter__: Reading lattice file `/tmp/55133081/lattices/radioerkka_puhujainkulma20120930_104.lat.gz´.
2020-08-20 18:14:02,878 decode: Utterance `radioerkka_puhujainkulma20120930_104´ -- 2 of job 113
2020-08-20 18:14:10,975 __iter__: Reading lattice file `/tmp/55133081/lattices/radiokatupaimen_aamushow20120720_60.lat.gz´.
2020-08-20 18:14:11,438 decode: Utterance `radiokatupaimen_aamushow20120720_60´ -- 3 of job 113
2020-08-20 18:14:24,717 __iter__: Reading lattice file `/tmp/55133081/lattices/radioruudolf_aamushow20100713_87.lat.gz´.
2020-08-20 18:14:24,724 decode: Utterance `radioruudolf_aamushow20100713_87´ -- 4 of job 113
/scratch/work/groszt1/envs/theanoLM/lib/python3.7/site-packages/theano/gpuarray/dnn.py:184: UserWarning: Your cuDNN version is more recent than Theano. If you encounter problems, try updating Theano or downgrading cuDNN to a version >= v5 and <= v7.
  warnings.warn("Your cuDNN version is more recent than "
Using cuDNN version 7600 on context None
Mapped name None to device cuda0: Tesla V100-PCIE-32GB (0000:18:00.0)
/scratch/work/groszt1/envs/theanoLM/lib/python3.7/site-packages/h5py-2.9.0-py3.7-linux-x86_64.egg/h5py/_hl/dataset.py:313: H5pyDeprecationWarning: dataset.value has been deprecated. Use dataset[()] instead.
  "Use dataset[()] instead.", H5pyDeprecationWarning)
/scratch/work/groszt1/envs/theanoLM/lib/python3.7/site-packages/h5py-2.9.0-py3.7-linux-x86_64.egg/h5py/_hl/dataset.py:313: H5pyDeprecationWarning: dataset.value has been deprecated. Use dataset[()] instead.
  "Use dataset[()] instead.", H5pyDeprecationWarning)
decode_theanolm finished.
/tmp/55133081/lattices
floatX=float32,device=cuda0,base_compiledir=/tmp/theano,exception_verbosity=high,openmp=False
/scratch/work/groszt1/envs/theanoLM/lib/python3.7/site-packages/theano/gpuarray/dnn.py:184: UserWarning: Your cuDNN version is more recent than Theano. If you encounter problems, try updating Theano or downgrading cuDNN to a version >= v5 and <= v7.
  warnings.warn("Your cuDNN version is more recent than "
Using cuDNN version 7600 on context None
Mapped name None to device cuda0: Tesla V100-PCIE-32GB (0000:18:00.0)
TheanoLM 1.3.2
Theano 1.0.4
pygpu 0.7.6
==
+ srun --gres=gpu:1 theanolm decode /scratch/work/moisioa3/conv_lm/experiments/theanolm-morph-42k/expt2-sampled/nnlm.h5 --lattice-list /tmp/55133081/lattices/lattice-list --output-file /scratch/work/moisioa3/conv_lm/experiments/theanolm-morph-42k/expt2-sampled/decode/eval/lambda=1.0-lms=9/113.trn --output trn --nnlm-weight 1.0 --lm-scale 9 --max-tokens-per-node 62 --beam 650 --recombination-order 22 --num-jobs 128 --job 113 --unk-penalty=-20
2020-08-20 18:14:32,165 get_default_device: Context None device="Tesla V100-PCIE-32GB" ID="0000:18:00.0"
2020-08-20 18:14:32,166 from_file: Reading vocabulary from network state.
2020-08-20 18:14:32,368 from_file: Number of words in vocabulary: 42699
2020-08-20 18:14:32,368 from_file: Number of words in shortlist: 42699
2020-08-20 18:14:32,368 from_file: Number of word classes: 42699
2020-08-20 18:14:32,368 from_file: Building neural network.
2020-08-20 18:15:00,294 from_file: Restoring neural network state.
2020-08-20 18:15:00,641 decode: Building word lattice decoder.
2020-08-20 18:15:04,552 __iter__: Reading lattice file `/tmp/55133081/lattices/dspm023_dsp2013_29.lat.gz´.
2020-08-20 18:15:04,580 decode: Utterance `dspm023_dsp2013_29´ -- 1 of job 113
2020-08-20 18:15:05,262 __iter__: Reading lattice file `/tmp/55133081/lattices/radioerkka_puhujainkulma20120930_104.lat.gz´.
2020-08-20 18:15:05,606 decode: Utterance `radioerkka_puhujainkulma20120930_104´ -- 2 of job 113
2020-08-20 18:15:13,275 __iter__: Reading lattice file `/tmp/55133081/lattices/radiokatupaimen_aamushow20120720_60.lat.gz´.
2020-08-20 18:15:13,728 decode: Utterance `radiokatupaimen_aamushow20120720_60´ -- 3 of job 113
2020-08-20 18:15:24,885 __iter__: Reading lattice file `/tmp/55133081/lattices/radioruudolf_aamushow20100713_87.lat.gz´.
2020-08-20 18:15:24,892 decode: Utterance `radioruudolf_aamushow20100713_87´ -- 4 of job 113
/scratch/work/groszt1/envs/theanoLM/lib/python3.7/site-packages/theano/gpuarray/dnn.py:184: UserWarning: Your cuDNN version is more recent than Theano. If you encounter problems, try updating Theano or downgrading cuDNN to a version >= v5 and <= v7.
  warnings.warn("Your cuDNN version is more recent than "
Using cuDNN version 7600 on context None
Mapped name None to device cuda0: Tesla V100-PCIE-32GB (0000:18:00.0)
/scratch/work/groszt1/envs/theanoLM/lib/python3.7/site-packages/h5py-2.9.0-py3.7-linux-x86_64.egg/h5py/_hl/dataset.py:313: H5pyDeprecationWarning: dataset.value has been deprecated. Use dataset[()] instead.
  "Use dataset[()] instead.", H5pyDeprecationWarning)
/scratch/work/groszt1/envs/theanoLM/lib/python3.7/site-packages/h5py-2.9.0-py3.7-linux-x86_64.egg/h5py/_hl/dataset.py:313: H5pyDeprecationWarning: dataset.value has been deprecated. Use dataset[()] instead.
  "Use dataset[()] instead.", H5pyDeprecationWarning)
decode_theanolm finished.
/tmp/55133081/lattices
floatX=float32,device=cuda0,base_compiledir=/tmp/theano,exception_verbosity=high,openmp=False
/scratch/work/groszt1/envs/theanoLM/lib/python3.7/site-packages/theano/gpuarray/dnn.py:184: UserWarning: Your cuDNN version is more recent than Theano. If you encounter problems, try updating Theano or downgrading cuDNN to a version >= v5 and <= v7.
  warnings.warn("Your cuDNN version is more recent than "
Using cuDNN version 7600 on context None
Mapped name None to device cuda0: Tesla V100-PCIE-32GB (0000:18:00.0)
TheanoLM 1.3.2
Theano 1.0.4
pygpu 0.7.6
==
+ srun --gres=gpu:1 theanolm decode /scratch/work/moisioa3/conv_lm/experiments/theanolm-morph-42k/expt2-sampled/nnlm.h5 --lattice-list /tmp/55133081/lattices/lattice-list --output-file /scratch/work/moisioa3/conv_lm/experiments/theanolm-morph-42k/expt2-sampled/decode/eval/lambda=1.0-lms=10/113.trn --output trn --nnlm-weight 1.0 --lm-scale 10 --max-tokens-per-node 62 --beam 650 --recombination-order 22 --num-jobs 128 --job 113 --unk-penalty=-20
2020-08-20 18:15:32,449 get_default_device: Context None device="Tesla V100-PCIE-32GB" ID="0000:18:00.0"
2020-08-20 18:15:32,450 from_file: Reading vocabulary from network state.
2020-08-20 18:15:32,652 from_file: Number of words in vocabulary: 42699
2020-08-20 18:15:32,653 from_file: Number of words in shortlist: 42699
2020-08-20 18:15:32,653 from_file: Number of word classes: 42699
2020-08-20 18:15:32,653 from_file: Building neural network.
2020-08-20 18:16:00,483 from_file: Restoring neural network state.
2020-08-20 18:16:00,825 decode: Building word lattice decoder.
2020-08-20 18:16:04,763 __iter__: Reading lattice file `/tmp/55133081/lattices/dspm023_dsp2013_29.lat.gz´.
2020-08-20 18:16:04,790 decode: Utterance `dspm023_dsp2013_29´ -- 1 of job 113
2020-08-20 18:16:05,447 __iter__: Reading lattice file `/tmp/55133081/lattices/radioerkka_puhujainkulma20120930_104.lat.gz´.
2020-08-20 18:16:05,800 decode: Utterance `radioerkka_puhujainkulma20120930_104´ -- 2 of job 113
2020-08-20 18:16:16,326 __iter__: Reading lattice file `/tmp/55133081/lattices/radiokatupaimen_aamushow20120720_60.lat.gz´.
2020-08-20 18:16:16,918 decode: Utterance `radiokatupaimen_aamushow20120720_60´ -- 3 of job 113
2020-08-20 18:16:28,099 __iter__: Reading lattice file `/tmp/55133081/lattices/radioruudolf_aamushow20100713_87.lat.gz´.
2020-08-20 18:16:28,106 decode: Utterance `radioruudolf_aamushow20100713_87´ -- 4 of job 113
/scratch/work/groszt1/envs/theanoLM/lib/python3.7/site-packages/theano/gpuarray/dnn.py:184: UserWarning: Your cuDNN version is more recent than Theano. If you encounter problems, try updating Theano or downgrading cuDNN to a version >= v5 and <= v7.
  warnings.warn("Your cuDNN version is more recent than "
Using cuDNN version 7600 on context None
Mapped name None to device cuda0: Tesla V100-PCIE-32GB (0000:18:00.0)
/scratch/work/groszt1/envs/theanoLM/lib/python3.7/site-packages/h5py-2.9.0-py3.7-linux-x86_64.egg/h5py/_hl/dataset.py:313: H5pyDeprecationWarning: dataset.value has been deprecated. Use dataset[()] instead.
  "Use dataset[()] instead.", H5pyDeprecationWarning)
/scratch/work/groszt1/envs/theanoLM/lib/python3.7/site-packages/h5py-2.9.0-py3.7-linux-x86_64.egg/h5py/_hl/dataset.py:313: H5pyDeprecationWarning: dataset.value has been deprecated. Use dataset[()] instead.
  "Use dataset[()] instead.", H5pyDeprecationWarning)
decode_theanolm finished.
decode eval finished.
