Experiment: theanolm-morph-42k/expt2-sampled
Job ID: 55132935
Task ID: 8
Host: gpu27.int.triton.aalto.fi
Start date: Thu Aug 20 17:28:04 EEST 2020
Work directory: /scratch/work/moisioa3/conv_lm/experiments/theanolm-morph-42k/expt2-sampled
Temporary directory: /tmp/55132935

Currently Loaded Modules:
  1) speech-scripts/2016.05.24-b928230   6) binutils/2.25-GCCcore-5.4.0
  2) srilm/default                       7) GCC/5.4.0-2.25
  3) cuda/10.0.130                       8) libgpuarray/2017.03.29-45c731f
  4) cudnn/7.4.2-cuda                    9) anaconda3/latest
  5) GCCcore/5.4.0

 

/tmp/55132935/lattices
floatX=float32,device=cuda0,base_compiledir=/tmp/theano,exception_verbosity=high,openmp=False
/scratch/work/groszt1/envs/theanoLM/lib/python3.7/site-packages/theano/gpuarray/dnn.py:184: UserWarning: Your cuDNN version is more recent than Theano. If you encounter problems, try updating Theano or downgrading cuDNN to a version >= v5 and <= v7.
  warnings.warn("Your cuDNN version is more recent than "
Using cuDNN version 7600 on context None
Mapped name None to device cuda0: Tesla P100-PCIE-16GB (0000:04:00.0)
TheanoLM 1.3.2
Theano 1.0.4
pygpu 0.7.6
==
+ srun --gres=gpu:1 theanolm decode /scratch/work/moisioa3/conv_lm/experiments/theanolm-morph-42k/expt2-sampled/nnlm.h5 --lattice-list /tmp/55132935/lattices/lattice-list --output-file /scratch/work/moisioa3/conv_lm/experiments/theanolm-morph-42k/expt2-sampled/decode/eval/lambda=0.5-lms=9/8.trn --output trn --nnlm-weight 0.5 --lm-scale 9 --max-tokens-per-node 62 --beam 650 --recombination-order 22 --num-jobs 128 --job 8 --unk-penalty=-20
2020-08-20 17:28:14,100 get_default_device: Context None device="Tesla P100-PCIE-16GB" ID="0000:04:00.0"
2020-08-20 17:28:14,101 from_file: Reading vocabulary from network state.
2020-08-20 17:28:14,394 from_file: Number of words in vocabulary: 42699
2020-08-20 17:28:14,395 from_file: Number of words in shortlist: 42699
2020-08-20 17:28:14,395 from_file: Number of word classes: 42699
2020-08-20 17:28:14,395 from_file: Building neural network.
2020-08-20 17:29:11,129 from_file: Restoring neural network state.
2020-08-20 17:29:11,472 decode: Building word lattice decoder.
2020-08-20 17:29:16,721 __iter__: Reading lattice file `/tmp/55132935/lattices/dspf001_dsp2013_09.lat.gz´.
2020-08-20 17:29:16,777 decode: Utterance `dspf001_dsp2013_09´ -- 1 of job 8
2020-08-20 17:29:17,919 __iter__: Reading lattice file `/tmp/55132935/lattices/dspm030_dsp2013_1729.lat.gz´.
2020-08-20 17:29:18,027 decode: Utterance `dspm030_dsp2013_1729´ -- 2 of job 8
2020-08-20 17:29:20,678 __iter__: Reading lattice file `/tmp/55132935/lattices/radioerkka_puhujainkulma20120930_7.lat.gz´.
2020-08-20 17:29:20,755 decode: Utterance `radioerkka_puhujainkulma20120930_7´ -- 3 of job 8
2020-08-20 17:29:22,208 __iter__: Reading lattice file `/tmp/55132935/lattices/radiokatupaimen_aamushow20120720_97.lat.gz´.
2020-08-20 17:29:22,389 decode: Utterance `radiokatupaimen_aamushow20120720_97´ -- 4 of job 8
2020-08-20 17:29:27,609 __iter__: Reading lattice file `/tmp/55132935/lattices/radioruudolf_aamushow20120720_45.lat.gz´.
2020-08-20 17:29:27,917 decode: Utterance `radioruudolf_aamushow20120720_45´ -- 5 of job 8
/scratch/work/groszt1/envs/theanoLM/lib/python3.7/site-packages/theano/gpuarray/dnn.py:184: UserWarning: Your cuDNN version is more recent than Theano. If you encounter problems, try updating Theano or downgrading cuDNN to a version >= v5 and <= v7.
  warnings.warn("Your cuDNN version is more recent than "
Using cuDNN version 7600 on context None
Mapped name None to device cuda0: Tesla P100-PCIE-16GB (0000:04:00.0)
/scratch/work/groszt1/envs/theanoLM/lib/python3.7/site-packages/h5py-2.9.0-py3.7-linux-x86_64.egg/h5py/_hl/dataset.py:313: H5pyDeprecationWarning: dataset.value has been deprecated. Use dataset[()] instead.
  "Use dataset[()] instead.", H5pyDeprecationWarning)
/scratch/work/groszt1/envs/theanoLM/lib/python3.7/site-packages/h5py-2.9.0-py3.7-linux-x86_64.egg/h5py/_hl/dataset.py:313: H5pyDeprecationWarning: dataset.value has been deprecated. Use dataset[()] instead.
  "Use dataset[()] instead.", H5pyDeprecationWarning)
decode_theanolm finished.
/tmp/55132935/lattices
floatX=float32,device=cuda0,base_compiledir=/tmp/theano,exception_verbosity=high,openmp=False
/scratch/work/groszt1/envs/theanoLM/lib/python3.7/site-packages/theano/gpuarray/dnn.py:184: UserWarning: Your cuDNN version is more recent than Theano. If you encounter problems, try updating Theano or downgrading cuDNN to a version >= v5 and <= v7.
  warnings.warn("Your cuDNN version is more recent than "
Using cuDNN version 7600 on context None
Mapped name None to device cuda0: Tesla P100-PCIE-16GB (0000:04:00.0)
TheanoLM 1.3.2
Theano 1.0.4
pygpu 0.7.6
==
+ srun --gres=gpu:1 theanolm decode /scratch/work/moisioa3/conv_lm/experiments/theanolm-morph-42k/expt2-sampled/nnlm.h5 --lattice-list /tmp/55132935/lattices/lattice-list --output-file /scratch/work/moisioa3/conv_lm/experiments/theanolm-morph-42k/expt2-sampled/decode/eval/lambda=0.5-lms=10/8.trn --output trn --nnlm-weight 0.5 --lm-scale 10 --max-tokens-per-node 62 --beam 650 --recombination-order 22 --num-jobs 128 --job 8 --unk-penalty=-20
2020-08-20 17:29:46,399 get_default_device: Context None device="Tesla P100-PCIE-16GB" ID="0000:04:00.0"
2020-08-20 17:29:46,400 from_file: Reading vocabulary from network state.
2020-08-20 17:29:46,712 from_file: Number of words in vocabulary: 42699
2020-08-20 17:29:46,712 from_file: Number of words in shortlist: 42699
2020-08-20 17:29:46,712 from_file: Number of word classes: 42699
2020-08-20 17:29:46,712 from_file: Building neural network.
2020-08-20 17:30:39,941 from_file: Restoring neural network state.
2020-08-20 17:30:40,282 decode: Building word lattice decoder.
2020-08-20 17:30:45,650 __iter__: Reading lattice file `/tmp/55132935/lattices/dspf001_dsp2013_09.lat.gz´.
2020-08-20 17:30:45,706 decode: Utterance `dspf001_dsp2013_09´ -- 1 of job 8
2020-08-20 17:30:46,840 __iter__: Reading lattice file `/tmp/55132935/lattices/dspm030_dsp2013_1729.lat.gz´.
2020-08-20 17:30:46,941 decode: Utterance `dspm030_dsp2013_1729´ -- 2 of job 8
2020-08-20 17:30:49,604 __iter__: Reading lattice file `/tmp/55132935/lattices/radioerkka_puhujainkulma20120930_7.lat.gz´.
2020-08-20 17:30:49,682 decode: Utterance `radioerkka_puhujainkulma20120930_7´ -- 3 of job 8
2020-08-20 17:30:51,124 __iter__: Reading lattice file `/tmp/55132935/lattices/radiokatupaimen_aamushow20120720_97.lat.gz´.
2020-08-20 17:30:51,309 decode: Utterance `radiokatupaimen_aamushow20120720_97´ -- 4 of job 8
2020-08-20 17:30:56,865 __iter__: Reading lattice file `/tmp/55132935/lattices/radioruudolf_aamushow20120720_45.lat.gz´.
2020-08-20 17:30:57,166 decode: Utterance `radioruudolf_aamushow20120720_45´ -- 5 of job 8
/scratch/work/groszt1/envs/theanoLM/lib/python3.7/site-packages/theano/gpuarray/dnn.py:184: UserWarning: Your cuDNN version is more recent than Theano. If you encounter problems, try updating Theano or downgrading cuDNN to a version >= v5 and <= v7.
  warnings.warn("Your cuDNN version is more recent than "
Using cuDNN version 7600 on context None
Mapped name None to device cuda0: Tesla P100-PCIE-16GB (0000:04:00.0)
/scratch/work/groszt1/envs/theanoLM/lib/python3.7/site-packages/h5py-2.9.0-py3.7-linux-x86_64.egg/h5py/_hl/dataset.py:313: H5pyDeprecationWarning: dataset.value has been deprecated. Use dataset[()] instead.
  "Use dataset[()] instead.", H5pyDeprecationWarning)
/scratch/work/groszt1/envs/theanoLM/lib/python3.7/site-packages/h5py-2.9.0-py3.7-linux-x86_64.egg/h5py/_hl/dataset.py:313: H5pyDeprecationWarning: dataset.value has been deprecated. Use dataset[()] instead.
  "Use dataset[()] instead.", H5pyDeprecationWarning)
decode_theanolm finished.
/tmp/55132935/lattices
floatX=float32,device=cuda0,base_compiledir=/tmp/theano,exception_verbosity=high,openmp=False
/scratch/work/groszt1/envs/theanoLM/lib/python3.7/site-packages/theano/gpuarray/dnn.py:184: UserWarning: Your cuDNN version is more recent than Theano. If you encounter problems, try updating Theano or downgrading cuDNN to a version >= v5 and <= v7.
  warnings.warn("Your cuDNN version is more recent than "
Using cuDNN version 7600 on context None
Mapped name None to device cuda0: Tesla P100-PCIE-16GB (0000:04:00.0)
TheanoLM 1.3.2
Theano 1.0.4
pygpu 0.7.6
==
+ srun --gres=gpu:1 theanolm decode /scratch/work/moisioa3/conv_lm/experiments/theanolm-morph-42k/expt2-sampled/nnlm.h5 --lattice-list /tmp/55132935/lattices/lattice-list --output-file /scratch/work/moisioa3/conv_lm/experiments/theanolm-morph-42k/expt2-sampled/decode/eval/lambda=1.0-lms=9/8.trn --output trn --nnlm-weight 1.0 --lm-scale 9 --max-tokens-per-node 62 --beam 650 --recombination-order 22 --num-jobs 128 --job 8 --unk-penalty=-20
2020-08-20 17:31:13,928 get_default_device: Context None device="Tesla P100-PCIE-16GB" ID="0000:04:00.0"
2020-08-20 17:31:13,929 from_file: Reading vocabulary from network state.
2020-08-20 17:31:14,233 from_file: Number of words in vocabulary: 42699
2020-08-20 17:31:14,233 from_file: Number of words in shortlist: 42699
2020-08-20 17:31:14,234 from_file: Number of word classes: 42699
2020-08-20 17:31:14,234 from_file: Building neural network.
2020-08-20 17:32:00,000 from_file: Restoring neural network state.
2020-08-20 17:32:00,336 decode: Building word lattice decoder.
2020-08-20 17:32:05,570 __iter__: Reading lattice file `/tmp/55132935/lattices/dspf001_dsp2013_09.lat.gz´.
2020-08-20 17:32:05,626 decode: Utterance `dspf001_dsp2013_09´ -- 1 of job 8
2020-08-20 17:32:06,744 __iter__: Reading lattice file `/tmp/55132935/lattices/dspm030_dsp2013_1729.lat.gz´.
2020-08-20 17:32:06,848 decode: Utterance `dspm030_dsp2013_1729´ -- 2 of job 8
2020-08-20 17:32:09,300 __iter__: Reading lattice file `/tmp/55132935/lattices/radioerkka_puhujainkulma20120930_7.lat.gz´.
2020-08-20 17:32:09,379 decode: Utterance `radioerkka_puhujainkulma20120930_7´ -- 3 of job 8
2020-08-20 17:32:10,817 __iter__: Reading lattice file `/tmp/55132935/lattices/radiokatupaimen_aamushow20120720_97.lat.gz´.
2020-08-20 17:32:11,000 decode: Utterance `radiokatupaimen_aamushow20120720_97´ -- 4 of job 8
2020-08-20 17:32:15,060 __iter__: Reading lattice file `/tmp/55132935/lattices/radioruudolf_aamushow20120720_45.lat.gz´.
2020-08-20 17:32:15,371 decode: Utterance `radioruudolf_aamushow20120720_45´ -- 5 of job 8
/scratch/work/groszt1/envs/theanoLM/lib/python3.7/site-packages/theano/gpuarray/dnn.py:184: UserWarning: Your cuDNN version is more recent than Theano. If you encounter problems, try updating Theano or downgrading cuDNN to a version >= v5 and <= v7.
  warnings.warn("Your cuDNN version is more recent than "
Using cuDNN version 7600 on context None
Mapped name None to device cuda0: Tesla P100-PCIE-16GB (0000:04:00.0)
/scratch/work/groszt1/envs/theanoLM/lib/python3.7/site-packages/h5py-2.9.0-py3.7-linux-x86_64.egg/h5py/_hl/dataset.py:313: H5pyDeprecationWarning: dataset.value has been deprecated. Use dataset[()] instead.
  "Use dataset[()] instead.", H5pyDeprecationWarning)
/scratch/work/groszt1/envs/theanoLM/lib/python3.7/site-packages/h5py-2.9.0-py3.7-linux-x86_64.egg/h5py/_hl/dataset.py:313: H5pyDeprecationWarning: dataset.value has been deprecated. Use dataset[()] instead.
  "Use dataset[()] instead.", H5pyDeprecationWarning)
decode_theanolm finished.
/tmp/55132935/lattices
floatX=float32,device=cuda0,base_compiledir=/tmp/theano,exception_verbosity=high,openmp=False
/scratch/work/groszt1/envs/theanoLM/lib/python3.7/site-packages/theano/gpuarray/dnn.py:184: UserWarning: Your cuDNN version is more recent than Theano. If you encounter problems, try updating Theano or downgrading cuDNN to a version >= v5 and <= v7.
  warnings.warn("Your cuDNN version is more recent than "
Using cuDNN version 7600 on context None
Mapped name None to device cuda0: Tesla P100-PCIE-16GB (0000:04:00.0)
TheanoLM 1.3.2
Theano 1.0.4
pygpu 0.7.6
==
+ srun --gres=gpu:1 theanolm decode /scratch/work/moisioa3/conv_lm/experiments/theanolm-morph-42k/expt2-sampled/nnlm.h5 --lattice-list /tmp/55132935/lattices/lattice-list --output-file /scratch/work/moisioa3/conv_lm/experiments/theanolm-morph-42k/expt2-sampled/decode/eval/lambda=1.0-lms=10/8.trn --output trn --nnlm-weight 1.0 --lm-scale 10 --max-tokens-per-node 62 --beam 650 --recombination-order 22 --num-jobs 128 --job 8 --unk-penalty=-20
2020-08-20 17:32:31,044 get_default_device: Context None device="Tesla P100-PCIE-16GB" ID="0000:04:00.0"
2020-08-20 17:32:31,045 from_file: Reading vocabulary from network state.
2020-08-20 17:32:31,349 from_file: Number of words in vocabulary: 42699
2020-08-20 17:32:31,349 from_file: Number of words in shortlist: 42699
2020-08-20 17:32:31,350 from_file: Number of word classes: 42699
2020-08-20 17:32:31,350 from_file: Building neural network.
2020-08-20 17:33:21,280 from_file: Restoring neural network state.
2020-08-20 17:33:21,627 decode: Building word lattice decoder.
2020-08-20 17:33:27,153 __iter__: Reading lattice file `/tmp/55132935/lattices/dspf001_dsp2013_09.lat.gz´.
2020-08-20 17:33:27,212 decode: Utterance `dspf001_dsp2013_09´ -- 1 of job 8
2020-08-20 17:33:28,401 __iter__: Reading lattice file `/tmp/55132935/lattices/dspm030_dsp2013_1729.lat.gz´.
2020-08-20 17:33:28,519 decode: Utterance `dspm030_dsp2013_1729´ -- 2 of job 8
2020-08-20 17:33:30,986 __iter__: Reading lattice file `/tmp/55132935/lattices/radioerkka_puhujainkulma20120930_7.lat.gz´.
2020-08-20 17:33:31,064 decode: Utterance `radioerkka_puhujainkulma20120930_7´ -- 3 of job 8
2020-08-20 17:33:32,487 __iter__: Reading lattice file `/tmp/55132935/lattices/radiokatupaimen_aamushow20120720_97.lat.gz´.
2020-08-20 17:33:32,673 decode: Utterance `radiokatupaimen_aamushow20120720_97´ -- 4 of job 8
2020-08-20 17:33:36,754 __iter__: Reading lattice file `/tmp/55132935/lattices/radioruudolf_aamushow20120720_45.lat.gz´.
2020-08-20 17:33:37,070 decode: Utterance `radioruudolf_aamushow20120720_45´ -- 5 of job 8
/scratch/work/groszt1/envs/theanoLM/lib/python3.7/site-packages/theano/gpuarray/dnn.py:184: UserWarning: Your cuDNN version is more recent than Theano. If you encounter problems, try updating Theano or downgrading cuDNN to a version >= v5 and <= v7.
  warnings.warn("Your cuDNN version is more recent than "
Using cuDNN version 7600 on context None
Mapped name None to device cuda0: Tesla P100-PCIE-16GB (0000:04:00.0)
/scratch/work/groszt1/envs/theanoLM/lib/python3.7/site-packages/h5py-2.9.0-py3.7-linux-x86_64.egg/h5py/_hl/dataset.py:313: H5pyDeprecationWarning: dataset.value has been deprecated. Use dataset[()] instead.
  "Use dataset[()] instead.", H5pyDeprecationWarning)
/scratch/work/groszt1/envs/theanoLM/lib/python3.7/site-packages/h5py-2.9.0-py3.7-linux-x86_64.egg/h5py/_hl/dataset.py:313: H5pyDeprecationWarning: dataset.value has been deprecated. Use dataset[()] instead.
  "Use dataset[()] instead.", H5pyDeprecationWarning)
decode_theanolm finished.
decode eval finished.
