Experiment: theanolm-morph-42k/expt2-sampled
Job ID: 55132999
Task ID: 51
Host: gpu23.int.triton.aalto.fi
Start date: Thu Aug 20 17:51:13 EEST 2020
Work directory: /scratch/work/moisioa3/conv_lm/experiments/theanolm-morph-42k/expt2-sampled
Temporary directory: /tmp/55132999

Currently Loaded Modules:
  1) speech-scripts/2016.05.24-b928230   6) binutils/2.25-GCCcore-5.4.0
  2) srilm/default                       7) GCC/5.4.0-2.25
  3) cuda/10.0.130                       8) libgpuarray/2017.03.29-45c731f
  4) cudnn/7.4.2-cuda                    9) anaconda3/latest
  5) GCCcore/5.4.0

 

/tmp/55132999/lattices
floatX=float32,device=cuda0,base_compiledir=/tmp/theano,exception_verbosity=high,openmp=False
/scratch/work/groszt1/envs/theanoLM/lib/python3.7/site-packages/theano/gpuarray/dnn.py:184: UserWarning: Your cuDNN version is more recent than Theano. If you encounter problems, try updating Theano or downgrading cuDNN to a version >= v5 and <= v7.
  warnings.warn("Your cuDNN version is more recent than "
Using cuDNN version 7600 on context None
Mapped name None to device cuda0: Tesla P100-PCIE-16GB (0000:82:00.0)
TheanoLM 1.3.2
Theano 1.0.4
pygpu 0.7.6
==
+ srun --gres=gpu:1 theanolm decode /scratch/work/moisioa3/conv_lm/experiments/theanolm-morph-42k/expt2-sampled/nnlm.h5 --lattice-list /tmp/55132999/lattices/lattice-list --output-file /scratch/work/moisioa3/conv_lm/experiments/theanolm-morph-42k/expt2-sampled/decode/eval/lambda=0.5-lms=9/51.trn --output trn --nnlm-weight 0.5 --lm-scale 9 --max-tokens-per-node 62 --beam 650 --recombination-order 22 --num-jobs 128 --job 51 --unk-penalty=-20
2020-08-20 17:51:24,769 get_default_device: Context None device="Tesla P100-PCIE-16GB" ID="0000:82:00.0"
2020-08-20 17:51:24,770 from_file: Reading vocabulary from network state.
2020-08-20 17:51:25,055 from_file: Number of words in vocabulary: 42699
2020-08-20 17:51:25,055 from_file: Number of words in shortlist: 42699
2020-08-20 17:51:25,055 from_file: Number of word classes: 42699
2020-08-20 17:51:25,056 from_file: Building neural network.
2020-08-20 17:52:07,434 from_file: Restoring neural network state.
2020-08-20 17:52:07,768 decode: Building word lattice decoder.
2020-08-20 17:52:12,878 __iter__: Reading lattice file `/tmp/55132999/lattices/dspm003_dsp2013_15.lat.gz´.
2020-08-20 17:52:14,449 decode: Utterance `dspm003_dsp2013_15´ -- 1 of job 51
2020-08-20 17:53:22,307 __iter__: Reading lattice file `/tmp/55132999/lattices/dspm041_dsp2013_18.lat.gz´.
2020-08-20 17:53:22,387 decode: Utterance `dspm041_dsp2013_18´ -- 2 of job 51
2020-08-20 17:53:23,993 __iter__: Reading lattice file `/tmp/55132999/lattices/radiohenri_aamushow20100713_82.lat.gz´.
2020-08-20 17:53:24,087 decode: Utterance `radiohenri_aamushow20100713_82´ -- 3 of job 51
2020-08-20 17:53:27,811 __iter__: Reading lattice file `/tmp/55132999/lattices/radioporni_puhujainkulma20120930_5.lat.gz´.
2020-08-20 17:53:28,013 decode: Utterance `radioporni_puhujainkulma20120930_5´ -- 4 of job 51
/scratch/work/groszt1/envs/theanoLM/lib/python3.7/site-packages/theano/gpuarray/dnn.py:184: UserWarning: Your cuDNN version is more recent than Theano. If you encounter problems, try updating Theano or downgrading cuDNN to a version >= v5 and <= v7.
  warnings.warn("Your cuDNN version is more recent than "
Using cuDNN version 7600 on context None
Mapped name None to device cuda0: Tesla P100-PCIE-16GB (0000:82:00.0)
/scratch/work/groszt1/envs/theanoLM/lib/python3.7/site-packages/h5py-2.9.0-py3.7-linux-x86_64.egg/h5py/_hl/dataset.py:313: H5pyDeprecationWarning: dataset.value has been deprecated. Use dataset[()] instead.
  "Use dataset[()] instead.", H5pyDeprecationWarning)
/scratch/work/groszt1/envs/theanoLM/lib/python3.7/site-packages/h5py-2.9.0-py3.7-linux-x86_64.egg/h5py/_hl/dataset.py:313: H5pyDeprecationWarning: dataset.value has been deprecated. Use dataset[()] instead.
  "Use dataset[()] instead.", H5pyDeprecationWarning)
decode_theanolm finished.
/tmp/55132999/lattices
floatX=float32,device=cuda0,base_compiledir=/tmp/theano,exception_verbosity=high,openmp=False
/scratch/work/groszt1/envs/theanoLM/lib/python3.7/site-packages/theano/gpuarray/dnn.py:184: UserWarning: Your cuDNN version is more recent than Theano. If you encounter problems, try updating Theano or downgrading cuDNN to a version >= v5 and <= v7.
  warnings.warn("Your cuDNN version is more recent than "
Using cuDNN version 7600 on context None
Mapped name None to device cuda0: Tesla P100-PCIE-16GB (0000:82:00.0)
TheanoLM 1.3.2
Theano 1.0.4
pygpu 0.7.6
==
+ srun --gres=gpu:1 theanolm decode /scratch/work/moisioa3/conv_lm/experiments/theanolm-morph-42k/expt2-sampled/nnlm.h5 --lattice-list /tmp/55132999/lattices/lattice-list --output-file /scratch/work/moisioa3/conv_lm/experiments/theanolm-morph-42k/expt2-sampled/decode/eval/lambda=0.5-lms=10/51.trn --output trn --nnlm-weight 0.5 --lm-scale 10 --max-tokens-per-node 62 --beam 650 --recombination-order 22 --num-jobs 128 --job 51 --unk-penalty=-20
2020-08-20 17:53:40,895 get_default_device: Context None device="Tesla P100-PCIE-16GB" ID="0000:82:00.0"
2020-08-20 17:53:40,896 from_file: Reading vocabulary from network state.
2020-08-20 17:53:41,170 from_file: Number of words in vocabulary: 42699
2020-08-20 17:53:41,170 from_file: Number of words in shortlist: 42699
2020-08-20 17:53:41,170 from_file: Number of word classes: 42699
2020-08-20 17:53:41,170 from_file: Building neural network.
2020-08-20 17:54:24,400 from_file: Restoring neural network state.
2020-08-20 17:54:24,745 decode: Building word lattice decoder.
2020-08-20 17:54:30,216 __iter__: Reading lattice file `/tmp/55132999/lattices/dspm003_dsp2013_15.lat.gz´.
2020-08-20 17:54:31,900 decode: Utterance `dspm003_dsp2013_15´ -- 1 of job 51
2020-08-20 17:55:41,523 __iter__: Reading lattice file `/tmp/55132999/lattices/dspm041_dsp2013_18.lat.gz´.
2020-08-20 17:55:41,605 decode: Utterance `dspm041_dsp2013_18´ -- 2 of job 51
2020-08-20 17:55:43,333 __iter__: Reading lattice file `/tmp/55132999/lattices/radiohenri_aamushow20100713_82.lat.gz´.
2020-08-20 17:55:43,423 decode: Utterance `radiohenri_aamushow20100713_82´ -- 3 of job 51
2020-08-20 17:55:47,319 __iter__: Reading lattice file `/tmp/55132999/lattices/radioporni_puhujainkulma20120930_5.lat.gz´.
2020-08-20 17:55:47,524 decode: Utterance `radioporni_puhujainkulma20120930_5´ -- 4 of job 51
/scratch/work/groszt1/envs/theanoLM/lib/python3.7/site-packages/theano/gpuarray/dnn.py:184: UserWarning: Your cuDNN version is more recent than Theano. If you encounter problems, try updating Theano or downgrading cuDNN to a version >= v5 and <= v7.
  warnings.warn("Your cuDNN version is more recent than "
Using cuDNN version 7600 on context None
Mapped name None to device cuda0: Tesla P100-PCIE-16GB (0000:82:00.0)
/scratch/work/groszt1/envs/theanoLM/lib/python3.7/site-packages/h5py-2.9.0-py3.7-linux-x86_64.egg/h5py/_hl/dataset.py:313: H5pyDeprecationWarning: dataset.value has been deprecated. Use dataset[()] instead.
  "Use dataset[()] instead.", H5pyDeprecationWarning)
/scratch/work/groszt1/envs/theanoLM/lib/python3.7/site-packages/h5py-2.9.0-py3.7-linux-x86_64.egg/h5py/_hl/dataset.py:313: H5pyDeprecationWarning: dataset.value has been deprecated. Use dataset[()] instead.
  "Use dataset[()] instead.", H5pyDeprecationWarning)
decode_theanolm finished.
/tmp/55132999/lattices
floatX=float32,device=cuda0,base_compiledir=/tmp/theano,exception_verbosity=high,openmp=False
/scratch/work/groszt1/envs/theanoLM/lib/python3.7/site-packages/theano/gpuarray/dnn.py:184: UserWarning: Your cuDNN version is more recent than Theano. If you encounter problems, try updating Theano or downgrading cuDNN to a version >= v5 and <= v7.
  warnings.warn("Your cuDNN version is more recent than "
Using cuDNN version 7600 on context None
Mapped name None to device cuda0: Tesla P100-PCIE-16GB (0000:82:00.0)
TheanoLM 1.3.2
Theano 1.0.4
pygpu 0.7.6
==
+ srun --gres=gpu:1 theanolm decode /scratch/work/moisioa3/conv_lm/experiments/theanolm-morph-42k/expt2-sampled/nnlm.h5 --lattice-list /tmp/55132999/lattices/lattice-list --output-file /scratch/work/moisioa3/conv_lm/experiments/theanolm-morph-42k/expt2-sampled/decode/eval/lambda=1.0-lms=9/51.trn --output trn --nnlm-weight 1.0 --lm-scale 9 --max-tokens-per-node 62 --beam 650 --recombination-order 22 --num-jobs 128 --job 51 --unk-penalty=-20
2020-08-20 17:56:00,439 get_default_device: Context None device="Tesla P100-PCIE-16GB" ID="0000:82:00.0"
2020-08-20 17:56:00,440 from_file: Reading vocabulary from network state.
2020-08-20 17:56:00,707 from_file: Number of words in vocabulary: 42699
2020-08-20 17:56:00,707 from_file: Number of words in shortlist: 42699
2020-08-20 17:56:00,707 from_file: Number of word classes: 42699
2020-08-20 17:56:00,708 from_file: Building neural network.
2020-08-20 17:56:42,320 from_file: Restoring neural network state.
2020-08-20 17:56:42,651 decode: Building word lattice decoder.
2020-08-20 17:56:47,788 __iter__: Reading lattice file `/tmp/55132999/lattices/dspm003_dsp2013_15.lat.gz´.
2020-08-20 17:56:49,411 decode: Utterance `dspm003_dsp2013_15´ -- 1 of job 51
2020-08-20 17:57:45,255 __iter__: Reading lattice file `/tmp/55132999/lattices/dspm041_dsp2013_18.lat.gz´.
2020-08-20 17:57:45,334 decode: Utterance `dspm041_dsp2013_18´ -- 2 of job 51
2020-08-20 17:57:46,808 __iter__: Reading lattice file `/tmp/55132999/lattices/radiohenri_aamushow20100713_82.lat.gz´.
2020-08-20 17:57:46,901 decode: Utterance `radiohenri_aamushow20100713_82´ -- 3 of job 51
2020-08-20 17:57:49,364 __iter__: Reading lattice file `/tmp/55132999/lattices/radioporni_puhujainkulma20120930_5.lat.gz´.
2020-08-20 17:57:49,564 decode: Utterance `radioporni_puhujainkulma20120930_5´ -- 4 of job 51
/scratch/work/groszt1/envs/theanoLM/lib/python3.7/site-packages/theano/gpuarray/dnn.py:184: UserWarning: Your cuDNN version is more recent than Theano. If you encounter problems, try updating Theano or downgrading cuDNN to a version >= v5 and <= v7.
  warnings.warn("Your cuDNN version is more recent than "
Using cuDNN version 7600 on context None
Mapped name None to device cuda0: Tesla P100-PCIE-16GB (0000:82:00.0)
/scratch/work/groszt1/envs/theanoLM/lib/python3.7/site-packages/h5py-2.9.0-py3.7-linux-x86_64.egg/h5py/_hl/dataset.py:313: H5pyDeprecationWarning: dataset.value has been deprecated. Use dataset[()] instead.
  "Use dataset[()] instead.", H5pyDeprecationWarning)
/scratch/work/groszt1/envs/theanoLM/lib/python3.7/site-packages/h5py-2.9.0-py3.7-linux-x86_64.egg/h5py/_hl/dataset.py:313: H5pyDeprecationWarning: dataset.value has been deprecated. Use dataset[()] instead.
  "Use dataset[()] instead.", H5pyDeprecationWarning)
decode_theanolm finished.
/tmp/55132999/lattices
floatX=float32,device=cuda0,base_compiledir=/tmp/theano,exception_verbosity=high,openmp=False
/scratch/work/groszt1/envs/theanoLM/lib/python3.7/site-packages/theano/gpuarray/dnn.py:184: UserWarning: Your cuDNN version is more recent than Theano. If you encounter problems, try updating Theano or downgrading cuDNN to a version >= v5 and <= v7.
  warnings.warn("Your cuDNN version is more recent than "
Using cuDNN version 7600 on context None
Mapped name None to device cuda0: Tesla P100-PCIE-16GB (0000:82:00.0)
TheanoLM 1.3.2
Theano 1.0.4
pygpu 0.7.6
==
+ srun --gres=gpu:1 theanolm decode /scratch/work/moisioa3/conv_lm/experiments/theanolm-morph-42k/expt2-sampled/nnlm.h5 --lattice-list /tmp/55132999/lattices/lattice-list --output-file /scratch/work/moisioa3/conv_lm/experiments/theanolm-morph-42k/expt2-sampled/decode/eval/lambda=1.0-lms=10/51.trn --output trn --nnlm-weight 1.0 --lm-scale 10 --max-tokens-per-node 62 --beam 650 --recombination-order 22 --num-jobs 128 --job 51 --unk-penalty=-20
2020-08-20 17:58:02,774 get_default_device: Context None device="Tesla P100-PCIE-16GB" ID="0000:82:00.0"
2020-08-20 17:58:02,775 from_file: Reading vocabulary from network state.
2020-08-20 17:58:03,060 from_file: Number of words in vocabulary: 42699
2020-08-20 17:58:03,061 from_file: Number of words in shortlist: 42699
2020-08-20 17:58:03,061 from_file: Number of word classes: 42699
2020-08-20 17:58:03,061 from_file: Building neural network.
2020-08-20 17:58:46,540 from_file: Restoring neural network state.
2020-08-20 17:58:46,867 decode: Building word lattice decoder.
2020-08-20 17:58:51,966 __iter__: Reading lattice file `/tmp/55132999/lattices/dspm003_dsp2013_15.lat.gz´.
2020-08-20 17:58:53,551 decode: Utterance `dspm003_dsp2013_15´ -- 1 of job 51
2020-08-20 17:59:45,929 __iter__: Reading lattice file `/tmp/55132999/lattices/dspm041_dsp2013_18.lat.gz´.
2020-08-20 17:59:46,003 decode: Utterance `dspm041_dsp2013_18´ -- 2 of job 51
2020-08-20 17:59:47,429 __iter__: Reading lattice file `/tmp/55132999/lattices/radiohenri_aamushow20100713_82.lat.gz´.
2020-08-20 17:59:47,522 decode: Utterance `radiohenri_aamushow20100713_82´ -- 3 of job 51
2020-08-20 17:59:49,998 __iter__: Reading lattice file `/tmp/55132999/lattices/radioporni_puhujainkulma20120930_5.lat.gz´.
2020-08-20 17:59:50,203 decode: Utterance `radioporni_puhujainkulma20120930_5´ -- 4 of job 51
/scratch/work/groszt1/envs/theanoLM/lib/python3.7/site-packages/theano/gpuarray/dnn.py:184: UserWarning: Your cuDNN version is more recent than Theano. If you encounter problems, try updating Theano or downgrading cuDNN to a version >= v5 and <= v7.
  warnings.warn("Your cuDNN version is more recent than "
Using cuDNN version 7600 on context None
Mapped name None to device cuda0: Tesla P100-PCIE-16GB (0000:82:00.0)
/scratch/work/groszt1/envs/theanoLM/lib/python3.7/site-packages/h5py-2.9.0-py3.7-linux-x86_64.egg/h5py/_hl/dataset.py:313: H5pyDeprecationWarning: dataset.value has been deprecated. Use dataset[()] instead.
  "Use dataset[()] instead.", H5pyDeprecationWarning)
/scratch/work/groszt1/envs/theanoLM/lib/python3.7/site-packages/h5py-2.9.0-py3.7-linux-x86_64.egg/h5py/_hl/dataset.py:313: H5pyDeprecationWarning: dataset.value has been deprecated. Use dataset[()] instead.
  "Use dataset[()] instead.", H5pyDeprecationWarning)
decode_theanolm finished.
decode eval finished.
