Experiment: theanolm-morph-42k/expt2-sampled
Job ID: 55088494
Task ID: 70
Host: gpu36.int.triton.aalto.fi
Start date: Sat Aug 15 09:55:27 EEST 2020
Work directory: /scratch/work/moisioa3/conv_lm/experiments/theanolm-morph-42k/expt2-sampled
Temporary directory: /tmp/55088494

Currently Loaded Modules:
  1) speech-scripts/2016.05.24-b928230   6) binutils/2.25-GCCcore-5.4.0
  2) srilm/default                       7) GCC/5.4.0-2.25
  3) cuda/10.0.130                       8) libgpuarray/2017.03.29-45c731f
  4) cudnn/7.4.2-cuda                    9) anaconda3/latest
  5) GCCcore/5.4.0

 

/tmp/55088494/lattices
floatX=float32,device=cuda0,base_compiledir=/tmp/theano,exception_verbosity=high,openmp=False
/scratch/work/groszt1/envs/theanoLM/lib/python3.7/site-packages/theano/gpuarray/dnn.py:184: UserWarning: Your cuDNN version is more recent than Theano. If you encounter problems, try updating Theano or downgrading cuDNN to a version >= v5 and <= v7.
  warnings.warn("Your cuDNN version is more recent than "
Using cuDNN version 7600 on context None
Mapped name None to device cuda0: Tesla V100-PCIE-32GB (0000:AF:00.0)
TheanoLM 1.3.2
Theano 1.0.4
pygpu 0.7.6
==
+ srun --gres=gpu:1 theanolm decode /scratch/work/moisioa3/conv_lm/experiments/theanolm-morph-42k/expt2-sampled/nnlm.h5 --lattice-list /tmp/55088494/lattices/lattice-list --output-file /scratch/work/moisioa3/conv_lm/experiments/theanolm-morph-42k/expt2-sampled/decode/devel/lambda=0.5-lms=8/70.trn --output trn --nnlm-weight 0.5 --lm-scale 8 --max-tokens-per-node 62 --beam 650 --recombination-order 22 --num-jobs 128 --job 70 --unk-penalty=-20
2020-08-15 09:55:39,507 get_default_device: Context None device="Tesla V100-PCIE-32GB" ID="0000:AF:00.0"
2020-08-15 09:55:39,508 from_file: Reading vocabulary from network state.
2020-08-15 09:55:39,714 from_file: Number of words in vocabulary: 42699
2020-08-15 09:55:39,715 from_file: Number of words in shortlist: 42699
2020-08-15 09:55:39,715 from_file: Number of word classes: 42699
2020-08-15 09:55:39,715 from_file: Building neural network.
2020-08-15 09:56:08,092 from_file: Restoring neural network state.
2020-08-15 09:56:08,493 decode: Building word lattice decoder.
2020-08-15 09:56:27,939 __iter__: Reading lattice file `/tmp/55088494/lattices/dspm004_dsp2013_11.lat.gz´.
2020-08-15 09:56:30,087 decode: Utterance `dspm004_dsp2013_11´ -- 1 of job 70
2020-08-15 09:57:46,097 __iter__: Reading lattice file `/tmp/55088494/lattices/dspm014_dsp2013_10.lat.gz´.
2020-08-15 09:57:48,323 decode: Utterance `dspm014_dsp2013_10´ -- 2 of job 70
2020-08-15 09:58:48,460 __iter__: Reading lattice file `/tmp/55088494/lattices/dspm022_dsp2013_04.lat.gz´.
2020-08-15 09:58:48,577 decode: Utterance `dspm022_dsp2013_04´ -- 3 of job 70
2020-08-15 09:58:51,653 __iter__: Reading lattice file `/tmp/55088494/lattices/dspm031_dsp2013_17.lat.gz´.
2020-08-15 09:58:51,993 decode: Utterance `dspm031_dsp2013_17´ -- 4 of job 70
2020-08-15 09:59:00,939 __iter__: Reading lattice file `/tmp/55088494/lattices/dspm040_dsp2013_12.lat.gz´.
2020-08-15 09:59:02,303 decode: Utterance `dspm040_dsp2013_12´ -- 5 of job 70
2020-08-15 09:59:37,035 __iter__: Reading lattice file `/tmp/55088494/lattices/dspm049_dsp2013_14.lat.gz´.
2020-08-15 09:59:39,497 decode: Utterance `dspm049_dsp2013_14´ -- 6 of job 70
2020-08-15 10:01:01,805 __iter__: Reading lattice file `/tmp/55088494/lattices/dspm057_dsp2013_19.lat.gz´.
2020-08-15 10:01:02,621 decode: Utterance `dspm057_dsp2013_19´ -- 7 of job 70
2020-08-15 10:01:25,709 __iter__: Reading lattice file `/tmp/55088494/lattices/radioshaka_kbk20120915_37.lat.gz´.
2020-08-15 10:01:26,105 decode: Utterance `radioshaka_kbk20120915_37´ -- 8 of job 70
/scratch/work/groszt1/envs/theanoLM/lib/python3.7/site-packages/theano/gpuarray/dnn.py:184: UserWarning: Your cuDNN version is more recent than Theano. If you encounter problems, try updating Theano or downgrading cuDNN to a version >= v5 and <= v7.
  warnings.warn("Your cuDNN version is more recent than "
Using cuDNN version 7600 on context None
Mapped name None to device cuda0: Tesla V100-PCIE-32GB (0000:AF:00.0)
/scratch/work/groszt1/envs/theanoLM/lib/python3.7/site-packages/h5py-2.9.0-py3.7-linux-x86_64.egg/h5py/_hl/dataset.py:313: H5pyDeprecationWarning: dataset.value has been deprecated. Use dataset[()] instead.
  "Use dataset[()] instead.", H5pyDeprecationWarning)
/scratch/work/groszt1/envs/theanoLM/lib/python3.7/site-packages/h5py-2.9.0-py3.7-linux-x86_64.egg/h5py/_hl/dataset.py:313: H5pyDeprecationWarning: dataset.value has been deprecated. Use dataset[()] instead.
  "Use dataset[()] instead.", H5pyDeprecationWarning)
decode_theanolm finished.
/tmp/55088494/lattices
floatX=float32,device=cuda0,base_compiledir=/tmp/theano,exception_verbosity=high,openmp=False
/scratch/work/groszt1/envs/theanoLM/lib/python3.7/site-packages/theano/gpuarray/dnn.py:184: UserWarning: Your cuDNN version is more recent than Theano. If you encounter problems, try updating Theano or downgrading cuDNN to a version >= v5 and <= v7.
  warnings.warn("Your cuDNN version is more recent than "
Using cuDNN version 7600 on context None
Mapped name None to device cuda0: Tesla V100-PCIE-32GB (0000:AF:00.0)
TheanoLM 1.3.2
Theano 1.0.4
pygpu 0.7.6
==
+ srun --gres=gpu:1 theanolm decode /scratch/work/moisioa3/conv_lm/experiments/theanolm-morph-42k/expt2-sampled/nnlm.h5 --lattice-list /tmp/55088494/lattices/lattice-list --output-file /scratch/work/moisioa3/conv_lm/experiments/theanolm-morph-42k/expt2-sampled/decode/devel/lambda=0.5-lms=9/70.trn --output trn --nnlm-weight 0.5 --lm-scale 9 --max-tokens-per-node 62 --beam 650 --recombination-order 22 --num-jobs 128 --job 70 --unk-penalty=-20
2020-08-15 10:01:46,661 get_default_device: Context None device="Tesla V100-PCIE-32GB" ID="0000:AF:00.0"
2020-08-15 10:01:46,662 from_file: Reading vocabulary from network state.
2020-08-15 10:01:46,869 from_file: Number of words in vocabulary: 42699
2020-08-15 10:01:46,869 from_file: Number of words in shortlist: 42699
2020-08-15 10:01:46,869 from_file: Number of word classes: 42699
2020-08-15 10:01:46,869 from_file: Building neural network.
2020-08-15 10:02:15,243 from_file: Restoring neural network state.
2020-08-15 10:02:15,645 decode: Building word lattice decoder.
2020-08-15 10:02:19,640 __iter__: Reading lattice file `/tmp/55088494/lattices/dspm004_dsp2013_11.lat.gz´.
2020-08-15 10:02:21,848 decode: Utterance `dspm004_dsp2013_11´ -- 1 of job 70
2020-08-15 10:03:37,685 __iter__: Reading lattice file `/tmp/55088494/lattices/dspm014_dsp2013_10.lat.gz´.
2020-08-15 10:03:39,982 decode: Utterance `dspm014_dsp2013_10´ -- 2 of job 70
2020-08-15 10:04:40,360 __iter__: Reading lattice file `/tmp/55088494/lattices/dspm022_dsp2013_04.lat.gz´.
2020-08-15 10:04:40,480 decode: Utterance `dspm022_dsp2013_04´ -- 3 of job 70
2020-08-15 10:04:43,562 __iter__: Reading lattice file `/tmp/55088494/lattices/dspm031_dsp2013_17.lat.gz´.
2020-08-15 10:04:43,913 decode: Utterance `dspm031_dsp2013_17´ -- 4 of job 70
2020-08-15 10:04:53,058 __iter__: Reading lattice file `/tmp/55088494/lattices/dspm040_dsp2013_12.lat.gz´.
2020-08-15 10:04:54,463 decode: Utterance `dspm040_dsp2013_12´ -- 5 of job 70
2020-08-15 10:05:29,083 __iter__: Reading lattice file `/tmp/55088494/lattices/dspm049_dsp2013_14.lat.gz´.
2020-08-15 10:05:31,623 decode: Utterance `dspm049_dsp2013_14´ -- 6 of job 70
2020-08-15 10:06:56,469 __iter__: Reading lattice file `/tmp/55088494/lattices/dspm057_dsp2013_19.lat.gz´.
2020-08-15 10:06:57,311 decode: Utterance `dspm057_dsp2013_19´ -- 7 of job 70
2020-08-15 10:07:20,408 __iter__: Reading lattice file `/tmp/55088494/lattices/radioshaka_kbk20120915_37.lat.gz´.
2020-08-15 10:07:20,815 decode: Utterance `radioshaka_kbk20120915_37´ -- 8 of job 70
/scratch/work/groszt1/envs/theanoLM/lib/python3.7/site-packages/theano/gpuarray/dnn.py:184: UserWarning: Your cuDNN version is more recent than Theano. If you encounter problems, try updating Theano or downgrading cuDNN to a version >= v5 and <= v7.
  warnings.warn("Your cuDNN version is more recent than "
Using cuDNN version 7600 on context None
Mapped name None to device cuda0: Tesla V100-PCIE-32GB (0000:AF:00.0)
/scratch/work/groszt1/envs/theanoLM/lib/python3.7/site-packages/h5py-2.9.0-py3.7-linux-x86_64.egg/h5py/_hl/dataset.py:313: H5pyDeprecationWarning: dataset.value has been deprecated. Use dataset[()] instead.
  "Use dataset[()] instead.", H5pyDeprecationWarning)
/scratch/work/groszt1/envs/theanoLM/lib/python3.7/site-packages/h5py-2.9.0-py3.7-linux-x86_64.egg/h5py/_hl/dataset.py:313: H5pyDeprecationWarning: dataset.value has been deprecated. Use dataset[()] instead.
  "Use dataset[()] instead.", H5pyDeprecationWarning)
decode_theanolm finished.
/tmp/55088494/lattices
floatX=float32,device=cuda0,base_compiledir=/tmp/theano,exception_verbosity=high,openmp=False
/scratch/work/groszt1/envs/theanoLM/lib/python3.7/site-packages/theano/gpuarray/dnn.py:184: UserWarning: Your cuDNN version is more recent than Theano. If you encounter problems, try updating Theano or downgrading cuDNN to a version >= v5 and <= v7.
  warnings.warn("Your cuDNN version is more recent than "
Using cuDNN version 7600 on context None
Mapped name None to device cuda0: Tesla V100-PCIE-32GB (0000:AF:00.0)
TheanoLM 1.3.2
Theano 1.0.4
pygpu 0.7.6
==
+ srun --gres=gpu:1 theanolm decode /scratch/work/moisioa3/conv_lm/experiments/theanolm-morph-42k/expt2-sampled/nnlm.h5 --lattice-list /tmp/55088494/lattices/lattice-list --output-file /scratch/work/moisioa3/conv_lm/experiments/theanolm-morph-42k/expt2-sampled/decode/devel/lambda=0.5-lms=10/70.trn --output trn --nnlm-weight 0.5 --lm-scale 10 --max-tokens-per-node 62 --beam 650 --recombination-order 22 --num-jobs 128 --job 70 --unk-penalty=-20
2020-08-15 10:07:41,353 get_default_device: Context None device="Tesla V100-PCIE-32GB" ID="0000:AF:00.0"
2020-08-15 10:07:41,354 from_file: Reading vocabulary from network state.
2020-08-15 10:07:41,564 from_file: Number of words in vocabulary: 42699
2020-08-15 10:07:41,564 from_file: Number of words in shortlist: 42699
2020-08-15 10:07:41,565 from_file: Number of word classes: 42699
2020-08-15 10:07:41,565 from_file: Building neural network.
2020-08-15 10:08:09,933 from_file: Restoring neural network state.
2020-08-15 10:08:10,335 decode: Building word lattice decoder.
2020-08-15 10:08:14,341 __iter__: Reading lattice file `/tmp/55088494/lattices/dspm004_dsp2013_11.lat.gz´.
2020-08-15 10:08:16,542 decode: Utterance `dspm004_dsp2013_11´ -- 1 of job 70
2020-08-15 10:09:33,887 __iter__: Reading lattice file `/tmp/55088494/lattices/dspm014_dsp2013_10.lat.gz´.
2020-08-15 10:09:36,180 decode: Utterance `dspm014_dsp2013_10´ -- 2 of job 70
2020-08-15 10:10:37,215 __iter__: Reading lattice file `/tmp/55088494/lattices/dspm022_dsp2013_04.lat.gz´.
2020-08-15 10:10:37,335 decode: Utterance `dspm022_dsp2013_04´ -- 3 of job 70
2020-08-15 10:10:40,436 __iter__: Reading lattice file `/tmp/55088494/lattices/dspm031_dsp2013_17.lat.gz´.
2020-08-15 10:10:40,786 decode: Utterance `dspm031_dsp2013_17´ -- 4 of job 70
2020-08-15 10:10:50,061 __iter__: Reading lattice file `/tmp/55088494/lattices/dspm040_dsp2013_12.lat.gz´.
2020-08-15 10:10:51,463 decode: Utterance `dspm040_dsp2013_12´ -- 5 of job 70
2020-08-15 10:11:26,228 __iter__: Reading lattice file `/tmp/55088494/lattices/dspm049_dsp2013_14.lat.gz´.
2020-08-15 10:11:28,753 decode: Utterance `dspm049_dsp2013_14´ -- 6 of job 70
2020-08-15 10:12:57,422 __iter__: Reading lattice file `/tmp/55088494/lattices/dspm057_dsp2013_19.lat.gz´.
2020-08-15 10:12:58,260 decode: Utterance `dspm057_dsp2013_19´ -- 7 of job 70
2020-08-15 10:13:21,466 __iter__: Reading lattice file `/tmp/55088494/lattices/radioshaka_kbk20120915_37.lat.gz´.
2020-08-15 10:13:21,871 decode: Utterance `radioshaka_kbk20120915_37´ -- 8 of job 70
/scratch/work/groszt1/envs/theanoLM/lib/python3.7/site-packages/theano/gpuarray/dnn.py:184: UserWarning: Your cuDNN version is more recent than Theano. If you encounter problems, try updating Theano or downgrading cuDNN to a version >= v5 and <= v7.
  warnings.warn("Your cuDNN version is more recent than "
Using cuDNN version 7600 on context None
Mapped name None to device cuda0: Tesla V100-PCIE-32GB (0000:AF:00.0)
/scratch/work/groszt1/envs/theanoLM/lib/python3.7/site-packages/h5py-2.9.0-py3.7-linux-x86_64.egg/h5py/_hl/dataset.py:313: H5pyDeprecationWarning: dataset.value has been deprecated. Use dataset[()] instead.
  "Use dataset[()] instead.", H5pyDeprecationWarning)
/scratch/work/groszt1/envs/theanoLM/lib/python3.7/site-packages/h5py-2.9.0-py3.7-linux-x86_64.egg/h5py/_hl/dataset.py:313: H5pyDeprecationWarning: dataset.value has been deprecated. Use dataset[()] instead.
  "Use dataset[()] instead.", H5pyDeprecationWarning)
decode_theanolm finished.
/tmp/55088494/lattices
floatX=float32,device=cuda0,base_compiledir=/tmp/theano,exception_verbosity=high,openmp=False
/scratch/work/groszt1/envs/theanoLM/lib/python3.7/site-packages/theano/gpuarray/dnn.py:184: UserWarning: Your cuDNN version is more recent than Theano. If you encounter problems, try updating Theano or downgrading cuDNN to a version >= v5 and <= v7.
  warnings.warn("Your cuDNN version is more recent than "
Using cuDNN version 7600 on context None
Mapped name None to device cuda0: Tesla V100-PCIE-32GB (0000:AF:00.0)
TheanoLM 1.3.2
Theano 1.0.4
pygpu 0.7.6
==
+ srun --gres=gpu:1 theanolm decode /scratch/work/moisioa3/conv_lm/experiments/theanolm-morph-42k/expt2-sampled/nnlm.h5 --lattice-list /tmp/55088494/lattices/lattice-list --output-file /scratch/work/moisioa3/conv_lm/experiments/theanolm-morph-42k/expt2-sampled/decode/devel/lambda=0.5-lms=11/70.trn --output trn --nnlm-weight 0.5 --lm-scale 11 --max-tokens-per-node 62 --beam 650 --recombination-order 22 --num-jobs 128 --job 70 --unk-penalty=-20
2020-08-15 10:13:43,383 get_default_device: Context None device="Tesla V100-PCIE-32GB" ID="0000:AF:00.0"
2020-08-15 10:13:43,384 from_file: Reading vocabulary from network state.
2020-08-15 10:13:43,590 from_file: Number of words in vocabulary: 42699
2020-08-15 10:13:43,590 from_file: Number of words in shortlist: 42699
2020-08-15 10:13:43,590 from_file: Number of word classes: 42699
2020-08-15 10:13:43,591 from_file: Building neural network.
2020-08-15 10:14:11,915 from_file: Restoring neural network state.
2020-08-15 10:14:12,316 decode: Building word lattice decoder.
2020-08-15 10:14:16,311 __iter__: Reading lattice file `/tmp/55088494/lattices/dspm004_dsp2013_11.lat.gz´.
2020-08-15 10:14:18,428 decode: Utterance `dspm004_dsp2013_11´ -- 1 of job 70
2020-08-15 10:15:37,187 __iter__: Reading lattice file `/tmp/55088494/lattices/dspm014_dsp2013_10.lat.gz´.
2020-08-15 10:15:39,388 decode: Utterance `dspm014_dsp2013_10´ -- 2 of job 70
2020-08-15 10:16:41,168 __iter__: Reading lattice file `/tmp/55088494/lattices/dspm022_dsp2013_04.lat.gz´.
2020-08-15 10:16:41,283 decode: Utterance `dspm022_dsp2013_04´ -- 3 of job 70
2020-08-15 10:16:44,383 __iter__: Reading lattice file `/tmp/55088494/lattices/dspm031_dsp2013_17.lat.gz´.
2020-08-15 10:16:44,718 decode: Utterance `dspm031_dsp2013_17´ -- 4 of job 70
2020-08-15 10:16:54,062 __iter__: Reading lattice file `/tmp/55088494/lattices/dspm040_dsp2013_12.lat.gz´.
2020-08-15 10:16:55,405 decode: Utterance `dspm040_dsp2013_12´ -- 5 of job 70
2020-08-15 10:17:30,094 __iter__: Reading lattice file `/tmp/55088494/lattices/dspm049_dsp2013_14.lat.gz´.
2020-08-15 10:17:32,521 decode: Utterance `dspm049_dsp2013_14´ -- 6 of job 70
2020-08-15 10:19:03,859 __iter__: Reading lattice file `/tmp/55088494/lattices/dspm057_dsp2013_19.lat.gz´.
2020-08-15 10:19:04,664 decode: Utterance `dspm057_dsp2013_19´ -- 7 of job 70
2020-08-15 10:19:27,916 __iter__: Reading lattice file `/tmp/55088494/lattices/radioshaka_kbk20120915_37.lat.gz´.
2020-08-15 10:19:28,304 decode: Utterance `radioshaka_kbk20120915_37´ -- 8 of job 70
/scratch/work/groszt1/envs/theanoLM/lib/python3.7/site-packages/theano/gpuarray/dnn.py:184: UserWarning: Your cuDNN version is more recent than Theano. If you encounter problems, try updating Theano or downgrading cuDNN to a version >= v5 and <= v7.
  warnings.warn("Your cuDNN version is more recent than "
Using cuDNN version 7600 on context None
Mapped name None to device cuda0: Tesla V100-PCIE-32GB (0000:AF:00.0)
/scratch/work/groszt1/envs/theanoLM/lib/python3.7/site-packages/h5py-2.9.0-py3.7-linux-x86_64.egg/h5py/_hl/dataset.py:313: H5pyDeprecationWarning: dataset.value has been deprecated. Use dataset[()] instead.
  "Use dataset[()] instead.", H5pyDeprecationWarning)
/scratch/work/groszt1/envs/theanoLM/lib/python3.7/site-packages/h5py-2.9.0-py3.7-linux-x86_64.egg/h5py/_hl/dataset.py:313: H5pyDeprecationWarning: dataset.value has been deprecated. Use dataset[()] instead.
  "Use dataset[()] instead.", H5pyDeprecationWarning)
decode_theanolm finished.
/tmp/55088494/lattices
floatX=float32,device=cuda0,base_compiledir=/tmp/theano,exception_verbosity=high,openmp=False
/scratch/work/groszt1/envs/theanoLM/lib/python3.7/site-packages/theano/gpuarray/dnn.py:184: UserWarning: Your cuDNN version is more recent than Theano. If you encounter problems, try updating Theano or downgrading cuDNN to a version >= v5 and <= v7.
  warnings.warn("Your cuDNN version is more recent than "
Using cuDNN version 7600 on context None
Mapped name None to device cuda0: Tesla V100-PCIE-32GB (0000:AF:00.0)
TheanoLM 1.3.2
Theano 1.0.4
pygpu 0.7.6
==
+ srun --gres=gpu:1 theanolm decode /scratch/work/moisioa3/conv_lm/experiments/theanolm-morph-42k/expt2-sampled/nnlm.h5 --lattice-list /tmp/55088494/lattices/lattice-list --output-file /scratch/work/moisioa3/conv_lm/experiments/theanolm-morph-42k/expt2-sampled/decode/devel/lambda=0.5-lms=12/70.trn --output trn --nnlm-weight 0.5 --lm-scale 12 --max-tokens-per-node 62 --beam 650 --recombination-order 22 --num-jobs 128 --job 70 --unk-penalty=-20
2020-08-15 10:19:49,243 get_default_device: Context None device="Tesla V100-PCIE-32GB" ID="0000:AF:00.0"
2020-08-15 10:19:49,244 from_file: Reading vocabulary from network state.
2020-08-15 10:19:49,453 from_file: Number of words in vocabulary: 42699
2020-08-15 10:19:49,453 from_file: Number of words in shortlist: 42699
2020-08-15 10:19:49,453 from_file: Number of word classes: 42699
2020-08-15 10:19:49,453 from_file: Building neural network.
2020-08-15 10:20:17,774 from_file: Restoring neural network state.
2020-08-15 10:20:18,175 decode: Building word lattice decoder.
2020-08-15 10:20:22,163 __iter__: Reading lattice file `/tmp/55088494/lattices/dspm004_dsp2013_11.lat.gz´.
2020-08-15 10:20:24,347 decode: Utterance `dspm004_dsp2013_11´ -- 1 of job 70
2020-08-15 10:21:44,635 __iter__: Reading lattice file `/tmp/55088494/lattices/dspm014_dsp2013_10.lat.gz´.
2020-08-15 10:21:46,914 decode: Utterance `dspm014_dsp2013_10´ -- 2 of job 70
2020-08-15 10:22:49,633 __iter__: Reading lattice file `/tmp/55088494/lattices/dspm022_dsp2013_04.lat.gz´.
2020-08-15 10:22:49,752 decode: Utterance `dspm022_dsp2013_04´ -- 3 of job 70
2020-08-15 10:22:52,918 __iter__: Reading lattice file `/tmp/55088494/lattices/dspm031_dsp2013_17.lat.gz´.
2020-08-15 10:22:53,266 decode: Utterance `dspm031_dsp2013_17´ -- 4 of job 70
2020-08-15 10:23:02,688 __iter__: Reading lattice file `/tmp/55088494/lattices/dspm040_dsp2013_12.lat.gz´.
2020-08-15 10:23:04,076 decode: Utterance `dspm040_dsp2013_12´ -- 5 of job 70
2020-08-15 10:23:38,785 __iter__: Reading lattice file `/tmp/55088494/lattices/dspm049_dsp2013_14.lat.gz´.
2020-08-15 10:23:41,294 decode: Utterance `dspm049_dsp2013_14´ -- 6 of job 70
2020-08-15 10:25:14,575 __iter__: Reading lattice file `/tmp/55088494/lattices/dspm057_dsp2013_19.lat.gz´.
2020-08-15 10:25:15,410 decode: Utterance `dspm057_dsp2013_19´ -- 7 of job 70
2020-08-15 10:25:38,645 __iter__: Reading lattice file `/tmp/55088494/lattices/radioshaka_kbk20120915_37.lat.gz´.
2020-08-15 10:25:39,047 decode: Utterance `radioshaka_kbk20120915_37´ -- 8 of job 70
/scratch/work/groszt1/envs/theanoLM/lib/python3.7/site-packages/theano/gpuarray/dnn.py:184: UserWarning: Your cuDNN version is more recent than Theano. If you encounter problems, try updating Theano or downgrading cuDNN to a version >= v5 and <= v7.
  warnings.warn("Your cuDNN version is more recent than "
Using cuDNN version 7600 on context None
Mapped name None to device cuda0: Tesla V100-PCIE-32GB (0000:AF:00.0)
/scratch/work/groszt1/envs/theanoLM/lib/python3.7/site-packages/h5py-2.9.0-py3.7-linux-x86_64.egg/h5py/_hl/dataset.py:313: H5pyDeprecationWarning: dataset.value has been deprecated. Use dataset[()] instead.
  "Use dataset[()] instead.", H5pyDeprecationWarning)
/scratch/work/groszt1/envs/theanoLM/lib/python3.7/site-packages/h5py-2.9.0-py3.7-linux-x86_64.egg/h5py/_hl/dataset.py:313: H5pyDeprecationWarning: dataset.value has been deprecated. Use dataset[()] instead.
  "Use dataset[()] instead.", H5pyDeprecationWarning)
decode_theanolm finished.
/tmp/55088494/lattices
floatX=float32,device=cuda0,base_compiledir=/tmp/theano,exception_verbosity=high,openmp=False
/scratch/work/groszt1/envs/theanoLM/lib/python3.7/site-packages/theano/gpuarray/dnn.py:184: UserWarning: Your cuDNN version is more recent than Theano. If you encounter problems, try updating Theano or downgrading cuDNN to a version >= v5 and <= v7.
  warnings.warn("Your cuDNN version is more recent than "
Using cuDNN version 7600 on context None
Mapped name None to device cuda0: Tesla V100-PCIE-32GB (0000:AF:00.0)
TheanoLM 1.3.2
Theano 1.0.4
pygpu 0.7.6
==
+ srun --gres=gpu:1 theanolm decode /scratch/work/moisioa3/conv_lm/experiments/theanolm-morph-42k/expt2-sampled/nnlm.h5 --lattice-list /tmp/55088494/lattices/lattice-list --output-file /scratch/work/moisioa3/conv_lm/experiments/theanolm-morph-42k/expt2-sampled/decode/devel/lambda=1.0-lms=8/70.trn --output trn --nnlm-weight 1.0 --lm-scale 8 --max-tokens-per-node 62 --beam 650 --recombination-order 22 --num-jobs 128 --job 70 --unk-penalty=-20
2020-08-15 10:26:01,451 get_default_device: Context None device="Tesla V100-PCIE-32GB" ID="0000:AF:00.0"
2020-08-15 10:26:01,453 from_file: Reading vocabulary from network state.
2020-08-15 10:26:01,666 from_file: Number of words in vocabulary: 42699
2020-08-15 10:26:01,666 from_file: Number of words in shortlist: 42699
2020-08-15 10:26:01,666 from_file: Number of word classes: 42699
2020-08-15 10:26:01,666 from_file: Building neural network.
2020-08-15 10:26:30,038 from_file: Restoring neural network state.
2020-08-15 10:26:30,733 decode: Building word lattice decoder.
2020-08-15 10:26:34,743 __iter__: Reading lattice file `/tmp/55088494/lattices/dspm004_dsp2013_11.lat.gz´.
2020-08-15 10:26:36,904 decode: Utterance `dspm004_dsp2013_11´ -- 1 of job 70
2020-08-15 10:27:45,372 __iter__: Reading lattice file `/tmp/55088494/lattices/dspm014_dsp2013_10.lat.gz´.
2020-08-15 10:27:47,611 decode: Utterance `dspm014_dsp2013_10´ -- 2 of job 70
2020-08-15 10:28:44,722 __iter__: Reading lattice file `/tmp/55088494/lattices/dspm022_dsp2013_04.lat.gz´.
2020-08-15 10:28:44,838 decode: Utterance `dspm022_dsp2013_04´ -- 3 of job 70
2020-08-15 10:28:47,859 __iter__: Reading lattice file `/tmp/55088494/lattices/dspm031_dsp2013_17.lat.gz´.
2020-08-15 10:28:48,201 decode: Utterance `dspm031_dsp2013_17´ -- 4 of job 70
2020-08-15 10:28:56,870 __iter__: Reading lattice file `/tmp/55088494/lattices/dspm040_dsp2013_12.lat.gz´.
2020-08-15 10:28:58,239 decode: Utterance `dspm040_dsp2013_12´ -- 5 of job 70
2020-08-15 10:29:32,782 __iter__: Reading lattice file `/tmp/55088494/lattices/dspm049_dsp2013_14.lat.gz´.
2020-08-15 10:29:35,262 decode: Utterance `dspm049_dsp2013_14´ -- 6 of job 70
2020-08-15 10:30:49,909 __iter__: Reading lattice file `/tmp/55088494/lattices/dspm057_dsp2013_19.lat.gz´.
2020-08-15 10:30:50,730 decode: Utterance `dspm057_dsp2013_19´ -- 7 of job 70
2020-08-15 10:31:13,217 __iter__: Reading lattice file `/tmp/55088494/lattices/radioshaka_kbk20120915_37.lat.gz´.
2020-08-15 10:31:13,612 decode: Utterance `radioshaka_kbk20120915_37´ -- 8 of job 70
/scratch/work/groszt1/envs/theanoLM/lib/python3.7/site-packages/theano/gpuarray/dnn.py:184: UserWarning: Your cuDNN version is more recent than Theano. If you encounter problems, try updating Theano or downgrading cuDNN to a version >= v5 and <= v7.
  warnings.warn("Your cuDNN version is more recent than "
Using cuDNN version 7600 on context None
Mapped name None to device cuda0: Tesla V100-PCIE-32GB (0000:AF:00.0)
/scratch/work/groszt1/envs/theanoLM/lib/python3.7/site-packages/h5py-2.9.0-py3.7-linux-x86_64.egg/h5py/_hl/dataset.py:313: H5pyDeprecationWarning: dataset.value has been deprecated. Use dataset[()] instead.
  "Use dataset[()] instead.", H5pyDeprecationWarning)
/scratch/work/groszt1/envs/theanoLM/lib/python3.7/site-packages/h5py-2.9.0-py3.7-linux-x86_64.egg/h5py/_hl/dataset.py:313: H5pyDeprecationWarning: dataset.value has been deprecated. Use dataset[()] instead.
  "Use dataset[()] instead.", H5pyDeprecationWarning)
decode_theanolm finished.
/tmp/55088494/lattices
floatX=float32,device=cuda0,base_compiledir=/tmp/theano,exception_verbosity=high,openmp=False
/scratch/work/groszt1/envs/theanoLM/lib/python3.7/site-packages/theano/gpuarray/dnn.py:184: UserWarning: Your cuDNN version is more recent than Theano. If you encounter problems, try updating Theano or downgrading cuDNN to a version >= v5 and <= v7.
  warnings.warn("Your cuDNN version is more recent than "
Using cuDNN version 7600 on context None
Mapped name None to device cuda0: Tesla V100-PCIE-32GB (0000:AF:00.0)
TheanoLM 1.3.2
Theano 1.0.4
pygpu 0.7.6
==
+ srun --gres=gpu:1 theanolm decode /scratch/work/moisioa3/conv_lm/experiments/theanolm-morph-42k/expt2-sampled/nnlm.h5 --lattice-list /tmp/55088494/lattices/lattice-list --output-file /scratch/work/moisioa3/conv_lm/experiments/theanolm-morph-42k/expt2-sampled/decode/devel/lambda=1.0-lms=9/70.trn --output trn --nnlm-weight 1.0 --lm-scale 9 --max-tokens-per-node 62 --beam 650 --recombination-order 22 --num-jobs 128 --job 70 --unk-penalty=-20
2020-08-15 10:31:34,002 get_default_device: Context None device="Tesla V100-PCIE-32GB" ID="0000:AF:00.0"
2020-08-15 10:31:34,003 from_file: Reading vocabulary from network state.
2020-08-15 10:31:34,206 from_file: Number of words in vocabulary: 42699
2020-08-15 10:31:34,207 from_file: Number of words in shortlist: 42699
2020-08-15 10:31:34,207 from_file: Number of word classes: 42699
2020-08-15 10:31:34,207 from_file: Building neural network.
2020-08-15 10:32:02,594 from_file: Restoring neural network state.
2020-08-15 10:32:03,013 decode: Building word lattice decoder.
2020-08-15 10:32:07,024 __iter__: Reading lattice file `/tmp/55088494/lattices/dspm004_dsp2013_11.lat.gz´.
2020-08-15 10:32:09,221 decode: Utterance `dspm004_dsp2013_11´ -- 1 of job 70
2020-08-15 10:33:15,211 __iter__: Reading lattice file `/tmp/55088494/lattices/dspm014_dsp2013_10.lat.gz´.
2020-08-15 10:33:17,489 decode: Utterance `dspm014_dsp2013_10´ -- 2 of job 70
2020-08-15 10:34:15,017 __iter__: Reading lattice file `/tmp/55088494/lattices/dspm022_dsp2013_04.lat.gz´.
2020-08-15 10:34:15,135 decode: Utterance `dspm022_dsp2013_04´ -- 3 of job 70
2020-08-15 10:34:18,206 __iter__: Reading lattice file `/tmp/55088494/lattices/dspm031_dsp2013_17.lat.gz´.
2020-08-15 10:34:18,555 decode: Utterance `dspm031_dsp2013_17´ -- 4 of job 70
2020-08-15 10:34:27,245 __iter__: Reading lattice file `/tmp/55088494/lattices/dspm040_dsp2013_12.lat.gz´.
2020-08-15 10:34:28,641 decode: Utterance `dspm040_dsp2013_12´ -- 5 of job 70
2020-08-15 10:35:03,386 __iter__: Reading lattice file `/tmp/55088494/lattices/dspm049_dsp2013_14.lat.gz´.
2020-08-15 10:35:05,904 decode: Utterance `dspm049_dsp2013_14´ -- 6 of job 70
2020-08-15 10:36:20,290 __iter__: Reading lattice file `/tmp/55088494/lattices/dspm057_dsp2013_19.lat.gz´.
2020-08-15 10:36:21,125 decode: Utterance `dspm057_dsp2013_19´ -- 7 of job 70
2020-08-15 10:36:43,746 __iter__: Reading lattice file `/tmp/55088494/lattices/radioshaka_kbk20120915_37.lat.gz´.
2020-08-15 10:36:44,151 decode: Utterance `radioshaka_kbk20120915_37´ -- 8 of job 70
/scratch/work/groszt1/envs/theanoLM/lib/python3.7/site-packages/theano/gpuarray/dnn.py:184: UserWarning: Your cuDNN version is more recent than Theano. If you encounter problems, try updating Theano or downgrading cuDNN to a version >= v5 and <= v7.
  warnings.warn("Your cuDNN version is more recent than "
Using cuDNN version 7600 on context None
Mapped name None to device cuda0: Tesla V100-PCIE-32GB (0000:AF:00.0)
/scratch/work/groszt1/envs/theanoLM/lib/python3.7/site-packages/h5py-2.9.0-py3.7-linux-x86_64.egg/h5py/_hl/dataset.py:313: H5pyDeprecationWarning: dataset.value has been deprecated. Use dataset[()] instead.
  "Use dataset[()] instead.", H5pyDeprecationWarning)
/scratch/work/groszt1/envs/theanoLM/lib/python3.7/site-packages/h5py-2.9.0-py3.7-linux-x86_64.egg/h5py/_hl/dataset.py:313: H5pyDeprecationWarning: dataset.value has been deprecated. Use dataset[()] instead.
  "Use dataset[()] instead.", H5pyDeprecationWarning)
decode_theanolm finished.
/tmp/55088494/lattices
floatX=float32,device=cuda0,base_compiledir=/tmp/theano,exception_verbosity=high,openmp=False
/scratch/work/groszt1/envs/theanoLM/lib/python3.7/site-packages/theano/gpuarray/dnn.py:184: UserWarning: Your cuDNN version is more recent than Theano. If you encounter problems, try updating Theano or downgrading cuDNN to a version >= v5 and <= v7.
  warnings.warn("Your cuDNN version is more recent than "
Using cuDNN version 7600 on context None
Mapped name None to device cuda0: Tesla V100-PCIE-32GB (0000:AF:00.0)
TheanoLM 1.3.2
Theano 1.0.4
pygpu 0.7.6
==
+ srun --gres=gpu:1 theanolm decode /scratch/work/moisioa3/conv_lm/experiments/theanolm-morph-42k/expt2-sampled/nnlm.h5 --lattice-list /tmp/55088494/lattices/lattice-list --output-file /scratch/work/moisioa3/conv_lm/experiments/theanolm-morph-42k/expt2-sampled/decode/devel/lambda=1.0-lms=10/70.trn --output trn --nnlm-weight 1.0 --lm-scale 10 --max-tokens-per-node 62 --beam 650 --recombination-order 22 --num-jobs 128 --job 70 --unk-penalty=-20
2020-08-15 10:37:04,378 get_default_device: Context None device="Tesla V100-PCIE-32GB" ID="0000:AF:00.0"
2020-08-15 10:37:04,380 from_file: Reading vocabulary from network state.
2020-08-15 10:37:04,590 from_file: Number of words in vocabulary: 42699
2020-08-15 10:37:04,591 from_file: Number of words in shortlist: 42699
2020-08-15 10:37:04,591 from_file: Number of word classes: 42699
2020-08-15 10:37:04,591 from_file: Building neural network.
2020-08-15 10:37:32,913 from_file: Restoring neural network state.
2020-08-15 10:37:33,316 decode: Building word lattice decoder.
2020-08-15 10:37:37,320 __iter__: Reading lattice file `/tmp/55088494/lattices/dspm004_dsp2013_11.lat.gz´.
2020-08-15 10:37:39,526 decode: Utterance `dspm004_dsp2013_11´ -- 1 of job 70
2020-08-15 10:38:45,967 __iter__: Reading lattice file `/tmp/55088494/lattices/dspm014_dsp2013_10.lat.gz´.
2020-08-15 10:38:48,256 decode: Utterance `dspm014_dsp2013_10´ -- 2 of job 70
2020-08-15 10:39:45,939 __iter__: Reading lattice file `/tmp/55088494/lattices/dspm022_dsp2013_04.lat.gz´.
2020-08-15 10:39:46,057 decode: Utterance `dspm022_dsp2013_04´ -- 3 of job 70
2020-08-15 10:39:49,107 __iter__: Reading lattice file `/tmp/55088494/lattices/dspm031_dsp2013_17.lat.gz´.
2020-08-15 10:39:49,458 decode: Utterance `dspm031_dsp2013_17´ -- 4 of job 70
2020-08-15 10:39:58,128 __iter__: Reading lattice file `/tmp/55088494/lattices/dspm040_dsp2013_12.lat.gz´.
2020-08-15 10:39:59,531 decode: Utterance `dspm040_dsp2013_12´ -- 5 of job 70
2020-08-15 10:40:34,374 __iter__: Reading lattice file `/tmp/55088494/lattices/dspm049_dsp2013_14.lat.gz´.
2020-08-15 10:40:36,904 decode: Utterance `dspm049_dsp2013_14´ -- 6 of job 70
2020-08-15 10:41:51,282 __iter__: Reading lattice file `/tmp/55088494/lattices/dspm057_dsp2013_19.lat.gz´.
2020-08-15 10:41:52,121 decode: Utterance `dspm057_dsp2013_19´ -- 7 of job 70
2020-08-15 10:42:14,827 __iter__: Reading lattice file `/tmp/55088494/lattices/radioshaka_kbk20120915_37.lat.gz´.
2020-08-15 10:42:15,232 decode: Utterance `radioshaka_kbk20120915_37´ -- 8 of job 70
/scratch/work/groszt1/envs/theanoLM/lib/python3.7/site-packages/theano/gpuarray/dnn.py:184: UserWarning: Your cuDNN version is more recent than Theano. If you encounter problems, try updating Theano or downgrading cuDNN to a version >= v5 and <= v7.
  warnings.warn("Your cuDNN version is more recent than "
Using cuDNN version 7600 on context None
Mapped name None to device cuda0: Tesla V100-PCIE-32GB (0000:AF:00.0)
/scratch/work/groszt1/envs/theanoLM/lib/python3.7/site-packages/h5py-2.9.0-py3.7-linux-x86_64.egg/h5py/_hl/dataset.py:313: H5pyDeprecationWarning: dataset.value has been deprecated. Use dataset[()] instead.
  "Use dataset[()] instead.", H5pyDeprecationWarning)
/scratch/work/groszt1/envs/theanoLM/lib/python3.7/site-packages/h5py-2.9.0-py3.7-linux-x86_64.egg/h5py/_hl/dataset.py:313: H5pyDeprecationWarning: dataset.value has been deprecated. Use dataset[()] instead.
  "Use dataset[()] instead.", H5pyDeprecationWarning)
decode_theanolm finished.
/tmp/55088494/lattices
floatX=float32,device=cuda0,base_compiledir=/tmp/theano,exception_verbosity=high,openmp=False
/scratch/work/groszt1/envs/theanoLM/lib/python3.7/site-packages/theano/gpuarray/dnn.py:184: UserWarning: Your cuDNN version is more recent than Theano. If you encounter problems, try updating Theano or downgrading cuDNN to a version >= v5 and <= v7.
  warnings.warn("Your cuDNN version is more recent than "
Using cuDNN version 7600 on context None
Mapped name None to device cuda0: Tesla V100-PCIE-32GB (0000:AF:00.0)
TheanoLM 1.3.2
Theano 1.0.4
pygpu 0.7.6
==
+ srun --gres=gpu:1 theanolm decode /scratch/work/moisioa3/conv_lm/experiments/theanolm-morph-42k/expt2-sampled/nnlm.h5 --lattice-list /tmp/55088494/lattices/lattice-list --output-file /scratch/work/moisioa3/conv_lm/experiments/theanolm-morph-42k/expt2-sampled/decode/devel/lambda=1.0-lms=11/70.trn --output trn --nnlm-weight 1.0 --lm-scale 11 --max-tokens-per-node 62 --beam 650 --recombination-order 22 --num-jobs 128 --job 70 --unk-penalty=-20
2020-08-15 10:42:35,663 get_default_device: Context None device="Tesla V100-PCIE-32GB" ID="0000:AF:00.0"
2020-08-15 10:42:35,664 from_file: Reading vocabulary from network state.
2020-08-15 10:42:35,872 from_file: Number of words in vocabulary: 42699
2020-08-15 10:42:35,872 from_file: Number of words in shortlist: 42699
2020-08-15 10:42:35,872 from_file: Number of word classes: 42699
2020-08-15 10:42:35,872 from_file: Building neural network.
2020-08-15 10:43:04,243 from_file: Restoring neural network state.
2020-08-15 10:43:04,643 decode: Building word lattice decoder.
2020-08-15 10:43:08,641 __iter__: Reading lattice file `/tmp/55088494/lattices/dspm004_dsp2013_11.lat.gz´.
2020-08-15 10:43:10,891 decode: Utterance `dspm004_dsp2013_11´ -- 1 of job 70
2020-08-15 10:44:17,566 __iter__: Reading lattice file `/tmp/55088494/lattices/dspm014_dsp2013_10.lat.gz´.
2020-08-15 10:44:19,906 decode: Utterance `dspm014_dsp2013_10´ -- 2 of job 70
2020-08-15 10:45:17,692 __iter__: Reading lattice file `/tmp/55088494/lattices/dspm022_dsp2013_04.lat.gz´.
2020-08-15 10:45:17,813 decode: Utterance `dspm022_dsp2013_04´ -- 3 of job 70
2020-08-15 10:45:20,888 __iter__: Reading lattice file `/tmp/55088494/lattices/dspm031_dsp2013_17.lat.gz´.
2020-08-15 10:45:21,247 decode: Utterance `dspm031_dsp2013_17´ -- 4 of job 70
2020-08-15 10:45:29,719 __iter__: Reading lattice file `/tmp/55088494/lattices/dspm040_dsp2013_12.lat.gz´.
2020-08-15 10:45:31,152 decode: Utterance `dspm040_dsp2013_12´ -- 5 of job 70
2020-08-15 10:46:06,010 __iter__: Reading lattice file `/tmp/55088494/lattices/dspm049_dsp2013_14.lat.gz´.
2020-08-15 10:46:08,594 decode: Utterance `dspm049_dsp2013_14´ -- 6 of job 70
2020-08-15 10:47:22,943 __iter__: Reading lattice file `/tmp/55088494/lattices/dspm057_dsp2013_19.lat.gz´.
2020-08-15 10:47:23,799 decode: Utterance `dspm057_dsp2013_19´ -- 7 of job 70
2020-08-15 10:47:46,482 __iter__: Reading lattice file `/tmp/55088494/lattices/radioshaka_kbk20120915_37.lat.gz´.
2020-08-15 10:47:46,898 decode: Utterance `radioshaka_kbk20120915_37´ -- 8 of job 70
/scratch/work/groszt1/envs/theanoLM/lib/python3.7/site-packages/theano/gpuarray/dnn.py:184: UserWarning: Your cuDNN version is more recent than Theano. If you encounter problems, try updating Theano or downgrading cuDNN to a version >= v5 and <= v7.
  warnings.warn("Your cuDNN version is more recent than "
Using cuDNN version 7600 on context None
Mapped name None to device cuda0: Tesla V100-PCIE-32GB (0000:AF:00.0)
/scratch/work/groszt1/envs/theanoLM/lib/python3.7/site-packages/h5py-2.9.0-py3.7-linux-x86_64.egg/h5py/_hl/dataset.py:313: H5pyDeprecationWarning: dataset.value has been deprecated. Use dataset[()] instead.
  "Use dataset[()] instead.", H5pyDeprecationWarning)
/scratch/work/groszt1/envs/theanoLM/lib/python3.7/site-packages/h5py-2.9.0-py3.7-linux-x86_64.egg/h5py/_hl/dataset.py:313: H5pyDeprecationWarning: dataset.value has been deprecated. Use dataset[()] instead.
  "Use dataset[()] instead.", H5pyDeprecationWarning)
decode_theanolm finished.
/tmp/55088494/lattices
floatX=float32,device=cuda0,base_compiledir=/tmp/theano,exception_verbosity=high,openmp=False
/scratch/work/groszt1/envs/theanoLM/lib/python3.7/site-packages/theano/gpuarray/dnn.py:184: UserWarning: Your cuDNN version is more recent than Theano. If you encounter problems, try updating Theano or downgrading cuDNN to a version >= v5 and <= v7.
  warnings.warn("Your cuDNN version is more recent than "
Using cuDNN version 7600 on context None
Mapped name None to device cuda0: Tesla V100-PCIE-32GB (0000:AF:00.0)
TheanoLM 1.3.2
Theano 1.0.4
pygpu 0.7.6
==
+ srun --gres=gpu:1 theanolm decode /scratch/work/moisioa3/conv_lm/experiments/theanolm-morph-42k/expt2-sampled/nnlm.h5 --lattice-list /tmp/55088494/lattices/lattice-list --output-file /scratch/work/moisioa3/conv_lm/experiments/theanolm-morph-42k/expt2-sampled/decode/devel/lambda=1.0-lms=12/70.trn --output trn --nnlm-weight 1.0 --lm-scale 12 --max-tokens-per-node 62 --beam 650 --recombination-order 22 --num-jobs 128 --job 70 --unk-penalty=-20
2020-08-15 10:48:07,223 get_default_device: Context None device="Tesla V100-PCIE-32GB" ID="0000:AF:00.0"
2020-08-15 10:48:07,224 from_file: Reading vocabulary from network state.
2020-08-15 10:48:07,439 from_file: Number of words in vocabulary: 42699
2020-08-15 10:48:07,439 from_file: Number of words in shortlist: 42699
2020-08-15 10:48:07,439 from_file: Number of word classes: 42699
2020-08-15 10:48:07,439 from_file: Building neural network.
2020-08-15 10:48:35,837 from_file: Restoring neural network state.
2020-08-15 10:48:36,238 decode: Building word lattice decoder.
2020-08-15 10:48:40,248 __iter__: Reading lattice file `/tmp/55088494/lattices/dspm004_dsp2013_11.lat.gz´.
2020-08-15 10:48:42,415 decode: Utterance `dspm004_dsp2013_11´ -- 1 of job 70
2020-08-15 10:49:48,640 __iter__: Reading lattice file `/tmp/55088494/lattices/dspm014_dsp2013_10.lat.gz´.
2020-08-15 10:49:50,887 decode: Utterance `dspm014_dsp2013_10´ -- 2 of job 70
2020-08-15 10:50:48,231 __iter__: Reading lattice file `/tmp/55088494/lattices/dspm022_dsp2013_04.lat.gz´.
2020-08-15 10:50:48,348 decode: Utterance `dspm022_dsp2013_04´ -- 3 of job 70
2020-08-15 10:50:51,378 __iter__: Reading lattice file `/tmp/55088494/lattices/dspm031_dsp2013_17.lat.gz´.
2020-08-15 10:50:51,724 decode: Utterance `dspm031_dsp2013_17´ -- 4 of job 70
2020-08-15 10:51:00,200 __iter__: Reading lattice file `/tmp/55088494/lattices/dspm040_dsp2013_12.lat.gz´.
2020-08-15 10:51:01,573 decode: Utterance `dspm040_dsp2013_12´ -- 5 of job 70
2020-08-15 10:51:36,263 __iter__: Reading lattice file `/tmp/55088494/lattices/dspm049_dsp2013_14.lat.gz´.
2020-08-15 10:51:38,773 decode: Utterance `dspm049_dsp2013_14´ -- 6 of job 70
2020-08-15 10:52:52,250 __iter__: Reading lattice file `/tmp/55088494/lattices/dspm057_dsp2013_19.lat.gz´.
2020-08-15 10:52:53,072 decode: Utterance `dspm057_dsp2013_19´ -- 7 of job 70
2020-08-15 10:53:15,625 __iter__: Reading lattice file `/tmp/55088494/lattices/radioshaka_kbk20120915_37.lat.gz´.
2020-08-15 10:53:16,022 decode: Utterance `radioshaka_kbk20120915_37´ -- 8 of job 70
/scratch/work/groszt1/envs/theanoLM/lib/python3.7/site-packages/theano/gpuarray/dnn.py:184: UserWarning: Your cuDNN version is more recent than Theano. If you encounter problems, try updating Theano or downgrading cuDNN to a version >= v5 and <= v7.
  warnings.warn("Your cuDNN version is more recent than "
Using cuDNN version 7600 on context None
Mapped name None to device cuda0: Tesla V100-PCIE-32GB (0000:AF:00.0)
/scratch/work/groszt1/envs/theanoLM/lib/python3.7/site-packages/h5py-2.9.0-py3.7-linux-x86_64.egg/h5py/_hl/dataset.py:313: H5pyDeprecationWarning: dataset.value has been deprecated. Use dataset[()] instead.
  "Use dataset[()] instead.", H5pyDeprecationWarning)
/scratch/work/groszt1/envs/theanoLM/lib/python3.7/site-packages/h5py-2.9.0-py3.7-linux-x86_64.egg/h5py/_hl/dataset.py:313: H5pyDeprecationWarning: dataset.value has been deprecated. Use dataset[()] instead.
  "Use dataset[()] instead.", H5pyDeprecationWarning)
decode_theanolm finished.
decode devel finished.
