Experiment: theanolm-morph-42k/expt2-sampled
Job ID: 55103830
Task ID: 124
Host: gpu10.int.triton.aalto.fi
Start date: Mon Aug 17 17:33:33 EEST 2020
Work directory: /scratch/work/moisioa3/conv_lm/experiments/theanolm-morph-42k/expt2-sampled
Temporary directory: /tmp/55103830

Currently Loaded Modules:
  1) speech-scripts/2016.05.24-b928230   6) binutils/2.25-GCCcore-5.4.0
  2) srilm/default                       7) GCC/5.4.0-2.25
  3) cuda/10.0.130                       8) libgpuarray/2017.03.29-45c731f
  4) cudnn/7.4.2-cuda                    9) anaconda3/latest
  5) GCCcore/5.4.0

 

/tmp/55103830/lattices
floatX=float32,device=cuda0,base_compiledir=/tmp/theano,exception_verbosity=high,openmp=False
/scratch/work/groszt1/envs/theanoLM/lib/python3.7/site-packages/theano/gpuarray/dnn.py:184: UserWarning: Your cuDNN version is more recent than Theano. If you encounter problems, try updating Theano or downgrading cuDNN to a version >= v5 and <= v7.
  warnings.warn("Your cuDNN version is more recent than "
Using cuDNN version 7600 on context None
Mapped name None to device cuda0: Tesla V100-PCIE-32GB (0000:3B:00.0)
TheanoLM 1.3.2
Theano 1.0.4
pygpu 0.7.6
==
+ srun --gres=gpu:1 theanolm decode /scratch/work/moisioa3/conv_lm/experiments/theanolm-morph-42k/expt2-sampled/nnlm.h5 --lattice-list /tmp/55103830/lattices/lattice-list --output-file /scratch/work/moisioa3/conv_lm/experiments/theanolm-morph-42k/expt2-sampled/decode/eval/lambda=0.5-lms=10/124.trn --output trn --nnlm-weight 0.5 --lm-scale 10 --max-tokens-per-node 62 --beam 650 --recombination-order 22 --num-jobs 128 --job 124 --unk-penalty=-20
2020-08-17 17:33:43,158 get_default_device: Context None device="Tesla V100-PCIE-32GB" ID="0000:3B:00.0"
2020-08-17 17:33:43,160 from_file: Reading vocabulary from network state.
2020-08-17 17:33:43,377 from_file: Number of words in vocabulary: 42699
2020-08-17 17:33:43,377 from_file: Number of words in shortlist: 42699
2020-08-17 17:33:43,378 from_file: Number of word classes: 42699
2020-08-17 17:33:43,378 from_file: Building neural network.
2020-08-17 17:34:11,664 from_file: Restoring neural network state.
2020-08-17 17:34:12,032 decode: Building word lattice decoder.
2020-08-17 17:34:16,013 __iter__: Reading lattice file `/tmp/55103830/lattices/dspm030_dsp2013_1712.lat.gz´.
2020-08-17 17:34:16,393 decode: Utterance `dspm030_dsp2013_1712´ -- 1 of job 124
2020-08-17 17:34:24,016 __iter__: Reading lattice file `/tmp/55103830/lattices/radioerkka_puhujainkulma20120930_29.lat.gz´.
2020-08-17 17:34:24,344 decode: Utterance `radioerkka_puhujainkulma20120930_29´ -- 2 of job 124
2020-08-17 17:34:33,379 __iter__: Reading lattice file `/tmp/55103830/lattices/radiokatupaimen_aamushow20120720_79.lat.gz´.
2020-08-17 17:34:33,411 decode: Utterance `radiokatupaimen_aamushow20120720_79´ -- 3 of job 124
2020-08-17 17:34:34,041 __iter__: Reading lattice file `/tmp/55103830/lattices/radioruudolf_aamushow20120720_1.lat.gz´.
2020-08-17 17:34:34,443 decode: Utterance `radioruudolf_aamushow20120720_1´ -- 4 of job 124
/scratch/work/groszt1/envs/theanoLM/lib/python3.7/site-packages/theano/gpuarray/dnn.py:184: UserWarning: Your cuDNN version is more recent than Theano. If you encounter problems, try updating Theano or downgrading cuDNN to a version >= v5 and <= v7.
  warnings.warn("Your cuDNN version is more recent than "
Using cuDNN version 7600 on context None
Mapped name None to device cuda0: Tesla V100-PCIE-32GB (0000:3B:00.0)
/scratch/work/groszt1/envs/theanoLM/lib/python3.7/site-packages/h5py-2.9.0-py3.7-linux-x86_64.egg/h5py/_hl/dataset.py:313: H5pyDeprecationWarning: dataset.value has been deprecated. Use dataset[()] instead.
  "Use dataset[()] instead.", H5pyDeprecationWarning)
/scratch/work/groszt1/envs/theanoLM/lib/python3.7/site-packages/h5py-2.9.0-py3.7-linux-x86_64.egg/h5py/_hl/dataset.py:313: H5pyDeprecationWarning: dataset.value has been deprecated. Use dataset[()] instead.
  "Use dataset[()] instead.", H5pyDeprecationWarning)
decode_theanolm finished.
/tmp/55103830/lattices
floatX=float32,device=cuda0,base_compiledir=/tmp/theano,exception_verbosity=high,openmp=False
/scratch/work/groszt1/envs/theanoLM/lib/python3.7/site-packages/theano/gpuarray/dnn.py:184: UserWarning: Your cuDNN version is more recent than Theano. If you encounter problems, try updating Theano or downgrading cuDNN to a version >= v5 and <= v7.
  warnings.warn("Your cuDNN version is more recent than "
Using cuDNN version 7600 on context None
Mapped name None to device cuda0: Tesla V100-PCIE-32GB (0000:3B:00.0)
TheanoLM 1.3.2
Theano 1.0.4
pygpu 0.7.6
==
+ srun --gres=gpu:1 theanolm decode /scratch/work/moisioa3/conv_lm/experiments/theanolm-morph-42k/expt2-sampled/nnlm.h5 --lattice-list /tmp/55103830/lattices/lattice-list --output-file /scratch/work/moisioa3/conv_lm/experiments/theanolm-morph-42k/expt2-sampled/decode/eval/lambda=1.0-lms=10/124.trn --output trn --nnlm-weight 1.0 --lm-scale 10 --max-tokens-per-node 62 --beam 650 --recombination-order 22 --num-jobs 128 --job 124 --unk-penalty=-20
2020-08-17 17:35:04,760 get_default_device: Context None device="Tesla V100-PCIE-32GB" ID="0000:3B:00.0"
2020-08-17 17:35:04,762 from_file: Reading vocabulary from network state.
2020-08-17 17:35:04,965 from_file: Number of words in vocabulary: 42699
2020-08-17 17:35:04,965 from_file: Number of words in shortlist: 42699
2020-08-17 17:35:04,965 from_file: Number of word classes: 42699
2020-08-17 17:35:04,965 from_file: Building neural network.
2020-08-17 17:35:33,329 from_file: Restoring neural network state.
2020-08-17 17:35:33,679 decode: Building word lattice decoder.
2020-08-17 17:35:37,499 __iter__: Reading lattice file `/tmp/55103830/lattices/dspm030_dsp2013_1712.lat.gz´.
2020-08-17 17:35:37,858 decode: Utterance `dspm030_dsp2013_1712´ -- 1 of job 124
2020-08-17 17:35:45,050 __iter__: Reading lattice file `/tmp/55103830/lattices/radioerkka_puhujainkulma20120930_29.lat.gz´.
2020-08-17 17:35:45,370 decode: Utterance `radioerkka_puhujainkulma20120930_29´ -- 2 of job 124
2020-08-17 17:35:53,837 __iter__: Reading lattice file `/tmp/55103830/lattices/radiokatupaimen_aamushow20120720_79.lat.gz´.
2020-08-17 17:35:53,867 decode: Utterance `radiokatupaimen_aamushow20120720_79´ -- 3 of job 124
2020-08-17 17:35:54,478 __iter__: Reading lattice file `/tmp/55103830/lattices/radioruudolf_aamushow20120720_1.lat.gz´.
2020-08-17 17:35:54,867 decode: Utterance `radioruudolf_aamushow20120720_1´ -- 4 of job 124
/scratch/work/groszt1/envs/theanoLM/lib/python3.7/site-packages/theano/gpuarray/dnn.py:184: UserWarning: Your cuDNN version is more recent than Theano. If you encounter problems, try updating Theano or downgrading cuDNN to a version >= v5 and <= v7.
  warnings.warn("Your cuDNN version is more recent than "
Using cuDNN version 7600 on context None
Mapped name None to device cuda0: Tesla V100-PCIE-32GB (0000:3B:00.0)
/scratch/work/groszt1/envs/theanoLM/lib/python3.7/site-packages/h5py-2.9.0-py3.7-linux-x86_64.egg/h5py/_hl/dataset.py:313: H5pyDeprecationWarning: dataset.value has been deprecated. Use dataset[()] instead.
  "Use dataset[()] instead.", H5pyDeprecationWarning)
/scratch/work/groszt1/envs/theanoLM/lib/python3.7/site-packages/h5py-2.9.0-py3.7-linux-x86_64.egg/h5py/_hl/dataset.py:313: H5pyDeprecationWarning: dataset.value has been deprecated. Use dataset[()] instead.
  "Use dataset[()] instead.", H5pyDeprecationWarning)
decode_theanolm finished.
decode eval finished.
