Experiment: theanolm-morph-42k/expt2-sampled
Job ID: 55132965
Task ID: 21
Host: gpu23.int.triton.aalto.fi
Start date: Thu Aug 20 17:39:49 EEST 2020
Work directory: /scratch/work/moisioa3/conv_lm/experiments/theanolm-morph-42k/expt2-sampled
Temporary directory: /tmp/55132965

Currently Loaded Modules:
  1) speech-scripts/2016.05.24-b928230   6) binutils/2.25-GCCcore-5.4.0
  2) srilm/default                       7) GCC/5.4.0-2.25
  3) cuda/10.0.130                       8) libgpuarray/2017.03.29-45c731f
  4) cudnn/7.4.2-cuda                    9) anaconda3/latest
  5) GCCcore/5.4.0

 

/tmp/55132965/lattices
floatX=float32,device=cuda0,base_compiledir=/tmp/theano,exception_verbosity=high,openmp=False
/scratch/work/groszt1/envs/theanoLM/lib/python3.7/site-packages/theano/gpuarray/dnn.py:184: UserWarning: Your cuDNN version is more recent than Theano. If you encounter problems, try updating Theano or downgrading cuDNN to a version >= v5 and <= v7.
  warnings.warn("Your cuDNN version is more recent than "
Using cuDNN version 7600 on context None
Mapped name None to device cuda0: Tesla P100-PCIE-16GB (0000:82:00.0)
TheanoLM 1.3.2
Theano 1.0.4
pygpu 0.7.6
==
+ srun --gres=gpu:1 theanolm decode /scratch/work/moisioa3/conv_lm/experiments/theanolm-morph-42k/expt2-sampled/nnlm.h5 --lattice-list /tmp/55132965/lattices/lattice-list --output-file /scratch/work/moisioa3/conv_lm/experiments/theanolm-morph-42k/expt2-sampled/decode/eval/lambda=0.5-lms=9/21.trn --output trn --nnlm-weight 0.5 --lm-scale 9 --max-tokens-per-node 62 --beam 650 --recombination-order 22 --num-jobs 128 --job 21 --unk-penalty=-20
2020-08-20 17:40:00,427 get_default_device: Context None device="Tesla P100-PCIE-16GB" ID="0000:82:00.0"
2020-08-20 17:40:00,428 from_file: Reading vocabulary from network state.
2020-08-20 17:40:00,732 from_file: Number of words in vocabulary: 42699
2020-08-20 17:40:00,732 from_file: Number of words in shortlist: 42699
2020-08-20 17:40:00,732 from_file: Number of word classes: 42699
2020-08-20 17:40:00,733 from_file: Building neural network.
2020-08-20 17:40:46,720 from_file: Restoring neural network state.
2020-08-20 17:40:47,068 decode: Building word lattice decoder.
2020-08-20 17:40:52,470 __iter__: Reading lattice file `/tmp/55132965/lattices/dspf002_dsp2013_02.lat.gz´.
2020-08-20 17:40:52,620 decode: Utterance `dspf002_dsp2013_02´ -- 1 of job 21
2020-08-20 17:40:57,591 __iter__: Reading lattice file `/tmp/55132965/lattices/dspm038_dsp2013_16.lat.gz´.
2020-08-20 17:40:58,724 decode: Utterance `dspm038_dsp2013_16´ -- 2 of job 21
2020-08-20 17:41:35,770 __iter__: Reading lattice file `/tmp/55132965/lattices/radioerkka_puhujainkulma20120930_99.lat.gz´.
2020-08-20 17:41:35,834 decode: Utterance `radioerkka_puhujainkulma20120930_99´ -- 3 of job 21
2020-08-20 17:41:37,128 __iter__: Reading lattice file `/tmp/55132965/lattices/radioporni_puhujainkulma20120909_36.lat.gz´.
2020-08-20 17:41:38,939 decode: Utterance `radioporni_puhujainkulma20120909_36´ -- 4 of job 21
2020-08-20 17:42:34,721 __iter__: Reading lattice file `/tmp/55132965/lattices/radioruudolf_aamushow20120720_84.lat.gz´.
2020-08-20 17:42:34,986 decode: Utterance `radioruudolf_aamushow20120720_84´ -- 5 of job 21
/scratch/work/groszt1/envs/theanoLM/lib/python3.7/site-packages/theano/gpuarray/dnn.py:184: UserWarning: Your cuDNN version is more recent than Theano. If you encounter problems, try updating Theano or downgrading cuDNN to a version >= v5 and <= v7.
  warnings.warn("Your cuDNN version is more recent than "
Using cuDNN version 7600 on context None
Mapped name None to device cuda0: Tesla P100-PCIE-16GB (0000:82:00.0)
/scratch/work/groszt1/envs/theanoLM/lib/python3.7/site-packages/h5py-2.9.0-py3.7-linux-x86_64.egg/h5py/_hl/dataset.py:313: H5pyDeprecationWarning: dataset.value has been deprecated. Use dataset[()] instead.
  "Use dataset[()] instead.", H5pyDeprecationWarning)
/scratch/work/groszt1/envs/theanoLM/lib/python3.7/site-packages/h5py-2.9.0-py3.7-linux-x86_64.egg/h5py/_hl/dataset.py:313: H5pyDeprecationWarning: dataset.value has been deprecated. Use dataset[()] instead.
  "Use dataset[()] instead.", H5pyDeprecationWarning)
decode_theanolm finished.
/tmp/55132965/lattices
floatX=float32,device=cuda0,base_compiledir=/tmp/theano,exception_verbosity=high,openmp=False
/scratch/work/groszt1/envs/theanoLM/lib/python3.7/site-packages/theano/gpuarray/dnn.py:184: UserWarning: Your cuDNN version is more recent than Theano. If you encounter problems, try updating Theano or downgrading cuDNN to a version >= v5 and <= v7.
  warnings.warn("Your cuDNN version is more recent than "
Using cuDNN version 7600 on context None
Mapped name None to device cuda0: Tesla P100-PCIE-16GB (0000:82:00.0)
TheanoLM 1.3.2
Theano 1.0.4
pygpu 0.7.6
==
+ srun --gres=gpu:1 theanolm decode /scratch/work/moisioa3/conv_lm/experiments/theanolm-morph-42k/expt2-sampled/nnlm.h5 --lattice-list /tmp/55132965/lattices/lattice-list --output-file /scratch/work/moisioa3/conv_lm/experiments/theanolm-morph-42k/expt2-sampled/decode/eval/lambda=0.5-lms=10/21.trn --output trn --nnlm-weight 0.5 --lm-scale 10 --max-tokens-per-node 62 --beam 650 --recombination-order 22 --num-jobs 128 --job 21 --unk-penalty=-20
2020-08-20 17:42:55,279 get_default_device: Context None device="Tesla P100-PCIE-16GB" ID="0000:82:00.0"
2020-08-20 17:42:55,281 from_file: Reading vocabulary from network state.
2020-08-20 17:42:55,575 from_file: Number of words in vocabulary: 42699
2020-08-20 17:42:55,575 from_file: Number of words in shortlist: 42699
2020-08-20 17:42:55,575 from_file: Number of word classes: 42699
2020-08-20 17:42:55,575 from_file: Building neural network.
2020-08-20 17:43:40,628 from_file: Restoring neural network state.
2020-08-20 17:43:40,959 decode: Building word lattice decoder.
2020-08-20 17:43:46,119 __iter__: Reading lattice file `/tmp/55132965/lattices/dspf002_dsp2013_02.lat.gz´.
2020-08-20 17:43:46,263 decode: Utterance `dspf002_dsp2013_02´ -- 1 of job 21
2020-08-20 17:43:51,052 __iter__: Reading lattice file `/tmp/55132965/lattices/dspm038_dsp2013_16.lat.gz´.
2020-08-20 17:43:52,135 decode: Utterance `dspm038_dsp2013_16´ -- 2 of job 21
2020-08-20 17:44:31,084 __iter__: Reading lattice file `/tmp/55132965/lattices/radioerkka_puhujainkulma20120930_99.lat.gz´.
2020-08-20 17:44:31,149 decode: Utterance `radioerkka_puhujainkulma20120930_99´ -- 3 of job 21
2020-08-20 17:44:32,427 __iter__: Reading lattice file `/tmp/55132965/lattices/radioporni_puhujainkulma20120909_36.lat.gz´.
2020-08-20 17:44:34,228 decode: Utterance `radioporni_puhujainkulma20120909_36´ -- 4 of job 21
2020-08-20 17:45:32,412 __iter__: Reading lattice file `/tmp/55132965/lattices/radioruudolf_aamushow20120720_84.lat.gz´.
2020-08-20 17:45:32,676 decode: Utterance `radioruudolf_aamushow20120720_84´ -- 5 of job 21
/scratch/work/groszt1/envs/theanoLM/lib/python3.7/site-packages/theano/gpuarray/dnn.py:184: UserWarning: Your cuDNN version is more recent than Theano. If you encounter problems, try updating Theano or downgrading cuDNN to a version >= v5 and <= v7.
  warnings.warn("Your cuDNN version is more recent than "
Using cuDNN version 7600 on context None
Mapped name None to device cuda0: Tesla P100-PCIE-16GB (0000:82:00.0)
/scratch/work/groszt1/envs/theanoLM/lib/python3.7/site-packages/h5py-2.9.0-py3.7-linux-x86_64.egg/h5py/_hl/dataset.py:313: H5pyDeprecationWarning: dataset.value has been deprecated. Use dataset[()] instead.
  "Use dataset[()] instead.", H5pyDeprecationWarning)
/scratch/work/groszt1/envs/theanoLM/lib/python3.7/site-packages/h5py-2.9.0-py3.7-linux-x86_64.egg/h5py/_hl/dataset.py:313: H5pyDeprecationWarning: dataset.value has been deprecated. Use dataset[()] instead.
  "Use dataset[()] instead.", H5pyDeprecationWarning)
decode_theanolm finished.
/tmp/55132965/lattices
floatX=float32,device=cuda0,base_compiledir=/tmp/theano,exception_verbosity=high,openmp=False
/scratch/work/groszt1/envs/theanoLM/lib/python3.7/site-packages/theano/gpuarray/dnn.py:184: UserWarning: Your cuDNN version is more recent than Theano. If you encounter problems, try updating Theano or downgrading cuDNN to a version >= v5 and <= v7.
  warnings.warn("Your cuDNN version is more recent than "
Using cuDNN version 7600 on context None
Mapped name None to device cuda0: Tesla P100-PCIE-16GB (0000:82:00.0)
TheanoLM 1.3.2
Theano 1.0.4
pygpu 0.7.6
==
+ srun --gres=gpu:1 theanolm decode /scratch/work/moisioa3/conv_lm/experiments/theanolm-morph-42k/expt2-sampled/nnlm.h5 --lattice-list /tmp/55132965/lattices/lattice-list --output-file /scratch/work/moisioa3/conv_lm/experiments/theanolm-morph-42k/expt2-sampled/decode/eval/lambda=1.0-lms=9/21.trn --output trn --nnlm-weight 1.0 --lm-scale 9 --max-tokens-per-node 62 --beam 650 --recombination-order 22 --num-jobs 128 --job 21 --unk-penalty=-20
2020-08-20 17:45:55,359 get_default_device: Context None device="Tesla P100-PCIE-16GB" ID="0000:82:00.0"
2020-08-20 17:45:55,394 from_file: Reading vocabulary from network state.
2020-08-20 17:45:55,673 from_file: Number of words in vocabulary: 42699
2020-08-20 17:45:55,673 from_file: Number of words in shortlist: 42699
2020-08-20 17:45:55,673 from_file: Number of word classes: 42699
2020-08-20 17:45:55,673 from_file: Building neural network.
2020-08-20 17:46:41,854 from_file: Restoring neural network state.
2020-08-20 17:46:42,266 decode: Building word lattice decoder.
2020-08-20 17:46:47,882 __iter__: Reading lattice file `/tmp/55132965/lattices/dspf002_dsp2013_02.lat.gz´.
2020-08-20 17:46:48,041 decode: Utterance `dspf002_dsp2013_02´ -- 1 of job 21
2020-08-20 17:46:52,411 __iter__: Reading lattice file `/tmp/55132965/lattices/dspm038_dsp2013_16.lat.gz´.
2020-08-20 17:46:53,532 decode: Utterance `dspm038_dsp2013_16´ -- 2 of job 21
2020-08-20 17:47:24,938 __iter__: Reading lattice file `/tmp/55132965/lattices/radioerkka_puhujainkulma20120930_99.lat.gz´.
2020-08-20 17:47:25,005 decode: Utterance `radioerkka_puhujainkulma20120930_99´ -- 3 of job 21
2020-08-20 17:47:26,245 __iter__: Reading lattice file `/tmp/55132965/lattices/radioporni_puhujainkulma20120909_36.lat.gz´.
2020-08-20 17:47:28,116 decode: Utterance `radioporni_puhujainkulma20120909_36´ -- 4 of job 21
2020-08-20 17:48:21,004 __iter__: Reading lattice file `/tmp/55132965/lattices/radioruudolf_aamushow20120720_84.lat.gz´.
2020-08-20 17:48:21,284 decode: Utterance `radioruudolf_aamushow20120720_84´ -- 5 of job 21
/scratch/work/groszt1/envs/theanoLM/lib/python3.7/site-packages/theano/gpuarray/dnn.py:184: UserWarning: Your cuDNN version is more recent than Theano. If you encounter problems, try updating Theano or downgrading cuDNN to a version >= v5 and <= v7.
  warnings.warn("Your cuDNN version is more recent than "
Using cuDNN version 7600 on context None
Mapped name None to device cuda0: Tesla P100-PCIE-16GB (0000:82:00.0)
/scratch/work/groszt1/envs/theanoLM/lib/python3.7/site-packages/h5py-2.9.0-py3.7-linux-x86_64.egg/h5py/_hl/dataset.py:313: H5pyDeprecationWarning: dataset.value has been deprecated. Use dataset[()] instead.
  "Use dataset[()] instead.", H5pyDeprecationWarning)
/scratch/work/groszt1/envs/theanoLM/lib/python3.7/site-packages/h5py-2.9.0-py3.7-linux-x86_64.egg/h5py/_hl/dataset.py:313: H5pyDeprecationWarning: dataset.value has been deprecated. Use dataset[()] instead.
  "Use dataset[()] instead.", H5pyDeprecationWarning)
decode_theanolm finished.
/tmp/55132965/lattices
floatX=float32,device=cuda0,base_compiledir=/tmp/theano,exception_verbosity=high,openmp=False
/scratch/work/groszt1/envs/theanoLM/lib/python3.7/site-packages/theano/gpuarray/dnn.py:184: UserWarning: Your cuDNN version is more recent than Theano. If you encounter problems, try updating Theano or downgrading cuDNN to a version >= v5 and <= v7.
  warnings.warn("Your cuDNN version is more recent than "
Using cuDNN version 7600 on context None
Mapped name None to device cuda0: Tesla P100-PCIE-16GB (0000:82:00.0)
TheanoLM 1.3.2
Theano 1.0.4
pygpu 0.7.6
==
+ srun --gres=gpu:1 theanolm decode /scratch/work/moisioa3/conv_lm/experiments/theanolm-morph-42k/expt2-sampled/nnlm.h5 --lattice-list /tmp/55132965/lattices/lattice-list --output-file /scratch/work/moisioa3/conv_lm/experiments/theanolm-morph-42k/expt2-sampled/decode/eval/lambda=1.0-lms=10/21.trn --output trn --nnlm-weight 1.0 --lm-scale 10 --max-tokens-per-node 62 --beam 650 --recombination-order 22 --num-jobs 128 --job 21 --unk-penalty=-20
2020-08-20 17:48:39,292 get_default_device: Context None device="Tesla P100-PCIE-16GB" ID="0000:82:00.0"
2020-08-20 17:48:39,293 from_file: Reading vocabulary from network state.
2020-08-20 17:48:39,584 from_file: Number of words in vocabulary: 42699
2020-08-20 17:48:39,584 from_file: Number of words in shortlist: 42699
2020-08-20 17:48:39,584 from_file: Number of word classes: 42699
2020-08-20 17:48:39,585 from_file: Building neural network.
2020-08-20 17:49:21,168 from_file: Restoring neural network state.
2020-08-20 17:49:21,505 decode: Building word lattice decoder.
2020-08-20 17:49:26,614 __iter__: Reading lattice file `/tmp/55132965/lattices/dspf002_dsp2013_02.lat.gz´.
2020-08-20 17:49:26,755 decode: Utterance `dspf002_dsp2013_02´ -- 1 of job 21
2020-08-20 17:49:30,894 __iter__: Reading lattice file `/tmp/55132965/lattices/dspm038_dsp2013_16.lat.gz´.
2020-08-20 17:49:31,955 decode: Utterance `dspm038_dsp2013_16´ -- 2 of job 21
2020-08-20 17:50:04,486 __iter__: Reading lattice file `/tmp/55132965/lattices/radioerkka_puhujainkulma20120930_99.lat.gz´.
2020-08-20 17:50:04,552 decode: Utterance `radioerkka_puhujainkulma20120930_99´ -- 3 of job 21
2020-08-20 17:50:05,820 __iter__: Reading lattice file `/tmp/55132965/lattices/radioporni_puhujainkulma20120909_36.lat.gz´.
2020-08-20 17:50:07,622 decode: Utterance `radioporni_puhujainkulma20120909_36´ -- 4 of job 21
2020-08-20 17:50:58,435 __iter__: Reading lattice file `/tmp/55132965/lattices/radioruudolf_aamushow20120720_84.lat.gz´.
2020-08-20 17:50:58,712 decode: Utterance `radioruudolf_aamushow20120720_84´ -- 5 of job 21
/scratch/work/groszt1/envs/theanoLM/lib/python3.7/site-packages/theano/gpuarray/dnn.py:184: UserWarning: Your cuDNN version is more recent than Theano. If you encounter problems, try updating Theano or downgrading cuDNN to a version >= v5 and <= v7.
  warnings.warn("Your cuDNN version is more recent than "
Using cuDNN version 7600 on context None
Mapped name None to device cuda0: Tesla P100-PCIE-16GB (0000:82:00.0)
/scratch/work/groszt1/envs/theanoLM/lib/python3.7/site-packages/h5py-2.9.0-py3.7-linux-x86_64.egg/h5py/_hl/dataset.py:313: H5pyDeprecationWarning: dataset.value has been deprecated. Use dataset[()] instead.
  "Use dataset[()] instead.", H5pyDeprecationWarning)
/scratch/work/groszt1/envs/theanoLM/lib/python3.7/site-packages/h5py-2.9.0-py3.7-linux-x86_64.egg/h5py/_hl/dataset.py:313: H5pyDeprecationWarning: dataset.value has been deprecated. Use dataset[()] instead.
  "Use dataset[()] instead.", H5pyDeprecationWarning)
decode_theanolm finished.
decode eval finished.
