Experiment: theanolm-morph-42k/expt2-sampled
Job ID: 55103959
Task ID: 16
Host: gpu29.int.triton.aalto.fi
Start date: Mon Aug 17 17:45:16 EEST 2020
Work directory: /scratch/work/moisioa3/conv_lm/experiments/theanolm-morph-42k/expt2-sampled
Temporary directory: /tmp/55103959

Currently Loaded Modules:
  1) speech-scripts/2016.05.24-b928230   6) binutils/2.25-GCCcore-5.4.0
  2) srilm/default                       7) GCC/5.4.0-2.25
  3) cuda/10.0.130                       8) libgpuarray/2017.03.29-45c731f
  4) cudnn/7.4.2-cuda                    9) anaconda3/latest
  5) GCCcore/5.4.0

 

/tmp/55103959/lattices
floatX=float32,device=cuda0,base_compiledir=/tmp/theano,exception_verbosity=high,openmp=False
/scratch/work/groszt1/envs/theanoLM/lib/python3.7/site-packages/theano/gpuarray/dnn.py:184: UserWarning: Your cuDNN version is more recent than Theano. If you encounter problems, try updating Theano or downgrading cuDNN to a version >= v5 and <= v7.
  warnings.warn("Your cuDNN version is more recent than "
Using cuDNN version 7600 on context None
Mapped name None to device cuda0: Tesla V100-PCIE-32GB (0000:86:00.0)
TheanoLM 1.3.2
Theano 1.0.4
pygpu 0.7.6
==
+ srun --gres=gpu:1 theanolm decode /scratch/work/moisioa3/conv_lm/experiments/theanolm-morph-42k/expt2-sampled/nnlm.h5 --lattice-list /tmp/55103959/lattices/lattice-list --output-file /scratch/work/moisioa3/conv_lm/experiments/theanolm-morph-42k/expt2-sampled/decode/eval/lambda=0.5-lms=10/16.trn --output trn --nnlm-weight 0.5 --lm-scale 10 --max-tokens-per-node 62 --beam 650 --recombination-order 22 --num-jobs 128 --job 16 --unk-penalty=-20
2020-08-17 17:45:50,586 get_default_device: Context None device="Tesla V100-PCIE-32GB" ID="0000:86:00.0"
2020-08-17 17:45:50,587 from_file: Reading vocabulary from network state.
2020-08-17 17:45:50,817 from_file: Number of words in vocabulary: 42699
2020-08-17 17:45:50,817 from_file: Number of words in shortlist: 42699
2020-08-17 17:45:50,817 from_file: Number of word classes: 42699
2020-08-17 17:45:50,817 from_file: Building neural network.
2020-08-17 17:46:28,711 from_file: Restoring neural network state.
2020-08-17 17:46:29,245 decode: Building word lattice decoder.
2020-08-17 17:46:40,689 __iter__: Reading lattice file `/tmp/55103959/lattices/dspf001_dsp2013_17.lat.gz´.
2020-08-17 17:46:40,886 decode: Utterance `dspf001_dsp2013_17´ -- 1 of job 16
2020-08-17 17:46:50,706 __iter__: Reading lattice file `/tmp/55103959/lattices/dspm038_dsp2013_05.lat.gz´.
2020-08-17 17:46:50,833 decode: Utterance `dspm038_dsp2013_05´ -- 2 of job 16
2020-08-17 17:46:53,603 __iter__: Reading lattice file `/tmp/55103959/lattices/radioerkka_puhujainkulma20120930_93.lat.gz´.
2020-08-17 17:46:53,915 decode: Utterance `radioerkka_puhujainkulma20120930_93´ -- 3 of job 16
2020-08-17 17:47:04,191 __iter__: Reading lattice file `/tmp/55103959/lattices/radioporni_puhujainkulma20120909_29.lat.gz´.
2020-08-17 17:47:04,217 decode: Utterance `radioporni_puhujainkulma20120909_29´ -- 4 of job 16
2020-08-17 17:47:04,869 __iter__: Reading lattice file `/tmp/55103959/lattices/radioruudolf_aamushow20120720_72.lat.gz´.
2020-08-17 17:47:04,879 decode: Utterance `radioruudolf_aamushow20120720_72´ -- 5 of job 16
/scratch/work/groszt1/envs/theanoLM/lib/python3.7/site-packages/theano/gpuarray/dnn.py:184: UserWarning: Your cuDNN version is more recent than Theano. If you encounter problems, try updating Theano or downgrading cuDNN to a version >= v5 and <= v7.
  warnings.warn("Your cuDNN version is more recent than "
Using cuDNN version 7600 on context None
Mapped name None to device cuda0: Tesla V100-PCIE-32GB (0000:86:00.0)
/scratch/work/groszt1/envs/theanoLM/lib/python3.7/site-packages/h5py-2.9.0-py3.7-linux-x86_64.egg/h5py/_hl/dataset.py:313: H5pyDeprecationWarning: dataset.value has been deprecated. Use dataset[()] instead.
  "Use dataset[()] instead.", H5pyDeprecationWarning)
/scratch/work/groszt1/envs/theanoLM/lib/python3.7/site-packages/h5py-2.9.0-py3.7-linux-x86_64.egg/h5py/_hl/dataset.py:313: H5pyDeprecationWarning: dataset.value has been deprecated. Use dataset[()] instead.
  "Use dataset[()] instead.", H5pyDeprecationWarning)
decode_theanolm finished.
/tmp/55103959/lattices
floatX=float32,device=cuda0,base_compiledir=/tmp/theano,exception_verbosity=high,openmp=False
/scratch/work/groszt1/envs/theanoLM/lib/python3.7/site-packages/theano/gpuarray/dnn.py:184: UserWarning: Your cuDNN version is more recent than Theano. If you encounter problems, try updating Theano or downgrading cuDNN to a version >= v5 and <= v7.
  warnings.warn("Your cuDNN version is more recent than "
Using cuDNN version 7600 on context None
Mapped name None to device cuda0: Tesla V100-PCIE-32GB (0000:86:00.0)
TheanoLM 1.3.2
Theano 1.0.4
pygpu 0.7.6
==
+ srun --gres=gpu:1 theanolm decode /scratch/work/moisioa3/conv_lm/experiments/theanolm-morph-42k/expt2-sampled/nnlm.h5 --lattice-list /tmp/55103959/lattices/lattice-list --output-file /scratch/work/moisioa3/conv_lm/experiments/theanolm-morph-42k/expt2-sampled/decode/eval/lambda=1.0-lms=10/16.trn --output trn --nnlm-weight 1.0 --lm-scale 10 --max-tokens-per-node 62 --beam 650 --recombination-order 22 --num-jobs 128 --job 16 --unk-penalty=-20
2020-08-17 17:47:11,548 get_default_device: Context None device="Tesla V100-PCIE-32GB" ID="0000:86:00.0"
2020-08-17 17:47:11,550 from_file: Reading vocabulary from network state.
2020-08-17 17:47:11,775 from_file: Number of words in vocabulary: 42699
2020-08-17 17:47:11,776 from_file: Number of words in shortlist: 42699
2020-08-17 17:47:11,776 from_file: Number of word classes: 42699
2020-08-17 17:47:11,776 from_file: Building neural network.
2020-08-17 17:47:41,114 from_file: Restoring neural network state.
2020-08-17 17:47:41,551 decode: Building word lattice decoder.
2020-08-17 17:47:45,695 __iter__: Reading lattice file `/tmp/55103959/lattices/dspf001_dsp2013_17.lat.gz´.
2020-08-17 17:47:45,890 decode: Utterance `dspf001_dsp2013_17´ -- 1 of job 16
2020-08-17 17:47:54,328 __iter__: Reading lattice file `/tmp/55103959/lattices/dspm038_dsp2013_05.lat.gz´.
2020-08-17 17:47:54,452 decode: Utterance `dspm038_dsp2013_05´ -- 2 of job 16
2020-08-17 17:47:57,197 __iter__: Reading lattice file `/tmp/55103959/lattices/radioerkka_puhujainkulma20120930_93.lat.gz´.
2020-08-17 17:47:57,504 decode: Utterance `radioerkka_puhujainkulma20120930_93´ -- 3 of job 16
2020-08-17 17:48:06,460 __iter__: Reading lattice file `/tmp/55103959/lattices/radioporni_puhujainkulma20120909_29.lat.gz´.
2020-08-17 17:48:06,487 decode: Utterance `radioporni_puhujainkulma20120909_29´ -- 4 of job 16
2020-08-17 17:48:07,137 __iter__: Reading lattice file `/tmp/55103959/lattices/radioruudolf_aamushow20120720_72.lat.gz´.
2020-08-17 17:48:07,147 decode: Utterance `radioruudolf_aamushow20120720_72´ -- 5 of job 16
/scratch/work/groszt1/envs/theanoLM/lib/python3.7/site-packages/theano/gpuarray/dnn.py:184: UserWarning: Your cuDNN version is more recent than Theano. If you encounter problems, try updating Theano or downgrading cuDNN to a version >= v5 and <= v7.
  warnings.warn("Your cuDNN version is more recent than "
Using cuDNN version 7600 on context None
Mapped name None to device cuda0: Tesla V100-PCIE-32GB (0000:86:00.0)
/scratch/work/groszt1/envs/theanoLM/lib/python3.7/site-packages/h5py-2.9.0-py3.7-linux-x86_64.egg/h5py/_hl/dataset.py:313: H5pyDeprecationWarning: dataset.value has been deprecated. Use dataset[()] instead.
  "Use dataset[()] instead.", H5pyDeprecationWarning)
/scratch/work/groszt1/envs/theanoLM/lib/python3.7/site-packages/h5py-2.9.0-py3.7-linux-x86_64.egg/h5py/_hl/dataset.py:313: H5pyDeprecationWarning: dataset.value has been deprecated. Use dataset[()] instead.
  "Use dataset[()] instead.", H5pyDeprecationWarning)
decode_theanolm finished.
decode eval finished.
