Experiment: theanolm-morph-42k/expt2-sampled
Job ID: 55088425
Task ID: 53
Host: gpu27.int.triton.aalto.fi
Start date: Sat Aug 15 09:39:08 EEST 2020
Work directory: /scratch/work/moisioa3/conv_lm/experiments/theanolm-morph-42k/expt2-sampled
Temporary directory: /tmp/55088425

Currently Loaded Modules:
  1) speech-scripts/2016.05.24-b928230   6) binutils/2.25-GCCcore-5.4.0
  2) srilm/default                       7) GCC/5.4.0-2.25
  3) cuda/10.0.130                       8) libgpuarray/2017.03.29-45c731f
  4) cudnn/7.4.2-cuda                    9) anaconda3/latest
  5) GCCcore/5.4.0

 

/tmp/55088425/lattices
floatX=float32,device=cuda0,base_compiledir=/tmp/theano,exception_verbosity=high,openmp=False
/scratch/work/groszt1/envs/theanoLM/lib/python3.7/site-packages/theano/gpuarray/dnn.py:184: UserWarning: Your cuDNN version is more recent than Theano. If you encounter problems, try updating Theano or downgrading cuDNN to a version >= v5 and <= v7.
  warnings.warn("Your cuDNN version is more recent than "
Using cuDNN version 7600 on context None
Mapped name None to device cuda0: Tesla P100-PCIE-16GB (0000:83:00.0)
TheanoLM 1.3.2
Theano 1.0.4
pygpu 0.7.6
==
+ srun --gres=gpu:1 theanolm decode /scratch/work/moisioa3/conv_lm/experiments/theanolm-morph-42k/expt2-sampled/nnlm.h5 --lattice-list /tmp/55088425/lattices/lattice-list --output-file /scratch/work/moisioa3/conv_lm/experiments/theanolm-morph-42k/expt2-sampled/decode/devel/lambda=0.5-lms=8/53.trn --output trn --nnlm-weight 0.5 --lm-scale 8 --max-tokens-per-node 62 --beam 650 --recombination-order 22 --num-jobs 128 --job 53 --unk-penalty=-20
2020-08-15 09:39:19,110 get_default_device: Context None device="Tesla P100-PCIE-16GB" ID="0000:83:00.0"
2020-08-15 09:39:19,113 from_file: Reading vocabulary from network state.
2020-08-15 09:39:19,390 from_file: Number of words in vocabulary: 42699
2020-08-15 09:39:19,390 from_file: Number of words in shortlist: 42699
2020-08-15 09:39:19,391 from_file: Number of word classes: 42699
2020-08-15 09:39:19,391 from_file: Building neural network.
2020-08-15 09:40:03,423 from_file: Restoring neural network state.
2020-08-15 09:40:03,755 decode: Building word lattice decoder.
2020-08-15 09:40:09,273 __iter__: Reading lattice file `/tmp/55088425/lattices/dspm001_dsp2013_14.lat.gz´.
2020-08-15 09:40:09,421 decode: Utterance `dspm001_dsp2013_14´ -- 1 of job 53
2020-08-15 09:40:12,473 __iter__: Reading lattice file `/tmp/55088425/lattices/dspm011_dsp2013_14.lat.gz´.
2020-08-15 09:40:12,499 decode: Utterance `dspm011_dsp2013_14´ -- 2 of job 53
2020-08-15 09:40:12,942 __iter__: Reading lattice file `/tmp/55088425/lattices/dspm021_dsp2013_11.lat.gz´.
2020-08-15 09:40:13,234 decode: Utterance `dspm021_dsp2013_11´ -- 3 of job 53
2020-08-15 09:40:21,105 __iter__: Reading lattice file `/tmp/55088425/lattices/dspm028_dsp2013_20.lat.gz´.
2020-08-15 09:40:21,163 decode: Utterance `dspm028_dsp2013_20´ -- 4 of job 53
2020-08-15 09:40:22,317 __iter__: Reading lattice file `/tmp/55088425/lattices/dspm039_dsp2013_22.lat.gz´.
2020-08-15 09:40:23,260 decode: Utterance `dspm039_dsp2013_22´ -- 5 of job 53
2020-08-15 09:40:52,304 __iter__: Reading lattice file `/tmp/55088425/lattices/dspm048_dsp2013_18.lat.gz´.
2020-08-15 09:40:53,031 decode: Utterance `dspm048_dsp2013_18´ -- 6 of job 53
2020-08-15 09:41:05,848 __iter__: Reading lattice file `/tmp/55088425/lattices/dspm057_dsp2013_02.lat.gz´.
2020-08-15 09:41:06,185 decode: Utterance `dspm057_dsp2013_02´ -- 7 of job 53
2020-08-15 09:41:13,842 __iter__: Reading lattice file `/tmp/55088425/lattices/radioshaka_kbk20120915_102.lat.gz´.
2020-08-15 09:41:14,822 decode: Utterance `radioshaka_kbk20120915_102´ -- 8 of job 53
/scratch/work/groszt1/envs/theanoLM/lib/python3.7/site-packages/theano/gpuarray/dnn.py:184: UserWarning: Your cuDNN version is more recent than Theano. If you encounter problems, try updating Theano or downgrading cuDNN to a version >= v5 and <= v7.
  warnings.warn("Your cuDNN version is more recent than "
Using cuDNN version 7600 on context None
Mapped name None to device cuda0: Tesla P100-PCIE-16GB (0000:83:00.0)
/scratch/work/groszt1/envs/theanoLM/lib/python3.7/site-packages/h5py-2.9.0-py3.7-linux-x86_64.egg/h5py/_hl/dataset.py:313: H5pyDeprecationWarning: dataset.value has been deprecated. Use dataset[()] instead.
  "Use dataset[()] instead.", H5pyDeprecationWarning)
/scratch/work/groszt1/envs/theanoLM/lib/python3.7/site-packages/h5py-2.9.0-py3.7-linux-x86_64.egg/h5py/_hl/dataset.py:313: H5pyDeprecationWarning: dataset.value has been deprecated. Use dataset[()] instead.
  "Use dataset[()] instead.", H5pyDeprecationWarning)
decode_theanolm finished.
/tmp/55088425/lattices
floatX=float32,device=cuda0,base_compiledir=/tmp/theano,exception_verbosity=high,openmp=False
/scratch/work/groszt1/envs/theanoLM/lib/python3.7/site-packages/theano/gpuarray/dnn.py:184: UserWarning: Your cuDNN version is more recent than Theano. If you encounter problems, try updating Theano or downgrading cuDNN to a version >= v5 and <= v7.
  warnings.warn("Your cuDNN version is more recent than "
Using cuDNN version 7600 on context None
Mapped name None to device cuda0: Tesla P100-PCIE-16GB (0000:83:00.0)
TheanoLM 1.3.2
Theano 1.0.4
pygpu 0.7.6
==
+ srun --gres=gpu:1 theanolm decode /scratch/work/moisioa3/conv_lm/experiments/theanolm-morph-42k/expt2-sampled/nnlm.h5 --lattice-list /tmp/55088425/lattices/lattice-list --output-file /scratch/work/moisioa3/conv_lm/experiments/theanolm-morph-42k/expt2-sampled/decode/devel/lambda=0.5-lms=9/53.trn --output trn --nnlm-weight 0.5 --lm-scale 9 --max-tokens-per-node 62 --beam 650 --recombination-order 22 --num-jobs 128 --job 53 --unk-penalty=-20
2020-08-15 09:42:00,155 get_default_device: Context None device="Tesla P100-PCIE-16GB" ID="0000:83:00.0"
2020-08-15 09:42:00,156 from_file: Reading vocabulary from network state.
2020-08-15 09:42:00,421 from_file: Number of words in vocabulary: 42699
2020-08-15 09:42:00,422 from_file: Number of words in shortlist: 42699
2020-08-15 09:42:00,422 from_file: Number of word classes: 42699
2020-08-15 09:42:00,422 from_file: Building neural network.
2020-08-15 09:42:44,301 from_file: Restoring neural network state.
2020-08-15 09:42:44,643 decode: Building word lattice decoder.
2020-08-15 09:42:49,977 __iter__: Reading lattice file `/tmp/55088425/lattices/dspm001_dsp2013_14.lat.gz´.
2020-08-15 09:42:50,128 decode: Utterance `dspm001_dsp2013_14´ -- 1 of job 53
2020-08-15 09:42:53,169 __iter__: Reading lattice file `/tmp/55088425/lattices/dspm011_dsp2013_14.lat.gz´.
2020-08-15 09:42:53,195 decode: Utterance `dspm011_dsp2013_14´ -- 2 of job 53
2020-08-15 09:42:53,631 __iter__: Reading lattice file `/tmp/55088425/lattices/dspm021_dsp2013_11.lat.gz´.
2020-08-15 09:42:53,930 decode: Utterance `dspm021_dsp2013_11´ -- 3 of job 53
2020-08-15 09:43:01,611 __iter__: Reading lattice file `/tmp/55088425/lattices/dspm028_dsp2013_20.lat.gz´.
2020-08-15 09:43:01,668 decode: Utterance `dspm028_dsp2013_20´ -- 4 of job 53
2020-08-15 09:43:02,846 __iter__: Reading lattice file `/tmp/55088425/lattices/dspm039_dsp2013_22.lat.gz´.
2020-08-15 09:43:03,817 decode: Utterance `dspm039_dsp2013_22´ -- 5 of job 53
2020-08-15 09:43:34,669 __iter__: Reading lattice file `/tmp/55088425/lattices/dspm048_dsp2013_18.lat.gz´.
2020-08-15 09:43:35,415 decode: Utterance `dspm048_dsp2013_18´ -- 6 of job 53
2020-08-15 09:43:49,348 __iter__: Reading lattice file `/tmp/55088425/lattices/dspm057_dsp2013_02.lat.gz´.
2020-08-15 09:43:49,702 decode: Utterance `dspm057_dsp2013_02´ -- 7 of job 53
2020-08-15 09:43:57,800 __iter__: Reading lattice file `/tmp/55088425/lattices/radioshaka_kbk20120915_102.lat.gz´.
2020-08-15 09:43:58,849 decode: Utterance `radioshaka_kbk20120915_102´ -- 8 of job 53
/scratch/work/groszt1/envs/theanoLM/lib/python3.7/site-packages/theano/gpuarray/dnn.py:184: UserWarning: Your cuDNN version is more recent than Theano. If you encounter problems, try updating Theano or downgrading cuDNN to a version >= v5 and <= v7.
  warnings.warn("Your cuDNN version is more recent than "
Using cuDNN version 7600 on context None
Mapped name None to device cuda0: Tesla P100-PCIE-16GB (0000:83:00.0)
/scratch/work/groszt1/envs/theanoLM/lib/python3.7/site-packages/h5py-2.9.0-py3.7-linux-x86_64.egg/h5py/_hl/dataset.py:313: H5pyDeprecationWarning: dataset.value has been deprecated. Use dataset[()] instead.
  "Use dataset[()] instead.", H5pyDeprecationWarning)
/scratch/work/groszt1/envs/theanoLM/lib/python3.7/site-packages/h5py-2.9.0-py3.7-linux-x86_64.egg/h5py/_hl/dataset.py:313: H5pyDeprecationWarning: dataset.value has been deprecated. Use dataset[()] instead.
  "Use dataset[()] instead.", H5pyDeprecationWarning)
decode_theanolm finished.
/tmp/55088425/lattices
floatX=float32,device=cuda0,base_compiledir=/tmp/theano,exception_verbosity=high,openmp=False
/scratch/work/groszt1/envs/theanoLM/lib/python3.7/site-packages/theano/gpuarray/dnn.py:184: UserWarning: Your cuDNN version is more recent than Theano. If you encounter problems, try updating Theano or downgrading cuDNN to a version >= v5 and <= v7.
  warnings.warn("Your cuDNN version is more recent than "
Using cuDNN version 7600 on context None
Mapped name None to device cuda0: Tesla P100-PCIE-16GB (0000:83:00.0)
TheanoLM 1.3.2
Theano 1.0.4
pygpu 0.7.6
==
+ srun --gres=gpu:1 theanolm decode /scratch/work/moisioa3/conv_lm/experiments/theanolm-morph-42k/expt2-sampled/nnlm.h5 --lattice-list /tmp/55088425/lattices/lattice-list --output-file /scratch/work/moisioa3/conv_lm/experiments/theanolm-morph-42k/expt2-sampled/decode/devel/lambda=0.5-lms=10/53.trn --output trn --nnlm-weight 0.5 --lm-scale 10 --max-tokens-per-node 62 --beam 650 --recombination-order 22 --num-jobs 128 --job 53 --unk-penalty=-20
2020-08-15 09:44:51,373 get_default_device: Context None device="Tesla P100-PCIE-16GB" ID="0000:83:00.0"
2020-08-15 09:44:51,375 from_file: Reading vocabulary from network state.
2020-08-15 09:44:51,619 from_file: Number of words in vocabulary: 42699
2020-08-15 09:44:51,620 from_file: Number of words in shortlist: 42699
2020-08-15 09:44:51,620 from_file: Number of word classes: 42699
2020-08-15 09:44:51,620 from_file: Building neural network.
2020-08-15 09:45:39,623 from_file: Restoring neural network state.
2020-08-15 09:45:39,976 decode: Building word lattice decoder.
2020-08-15 09:45:54,021 __iter__: Reading lattice file `/tmp/55088425/lattices/dspm001_dsp2013_14.lat.gz´.
2020-08-15 09:45:54,167 decode: Utterance `dspm001_dsp2013_14´ -- 1 of job 53
2020-08-15 09:45:57,196 __iter__: Reading lattice file `/tmp/55088425/lattices/dspm011_dsp2013_14.lat.gz´.
2020-08-15 09:45:57,222 decode: Utterance `dspm011_dsp2013_14´ -- 2 of job 53
2020-08-15 09:45:57,662 __iter__: Reading lattice file `/tmp/55088425/lattices/dspm021_dsp2013_11.lat.gz´.
2020-08-15 09:45:57,951 decode: Utterance `dspm021_dsp2013_11´ -- 3 of job 53
2020-08-15 09:46:06,109 __iter__: Reading lattice file `/tmp/55088425/lattices/dspm028_dsp2013_20.lat.gz´.
2020-08-15 09:46:06,165 decode: Utterance `dspm028_dsp2013_20´ -- 4 of job 53
2020-08-15 09:46:07,335 __iter__: Reading lattice file `/tmp/55088425/lattices/dspm039_dsp2013_22.lat.gz´.
2020-08-15 09:46:08,271 decode: Utterance `dspm039_dsp2013_22´ -- 5 of job 53
2020-08-15 09:46:38,407 __iter__: Reading lattice file `/tmp/55088425/lattices/dspm048_dsp2013_18.lat.gz´.
2020-08-15 09:46:39,131 decode: Utterance `dspm048_dsp2013_18´ -- 6 of job 53
2020-08-15 09:46:52,190 __iter__: Reading lattice file `/tmp/55088425/lattices/dspm057_dsp2013_02.lat.gz´.
2020-08-15 09:46:52,529 decode: Utterance `dspm057_dsp2013_02´ -- 7 of job 53
2020-08-15 09:47:00,412 __iter__: Reading lattice file `/tmp/55088425/lattices/radioshaka_kbk20120915_102.lat.gz´.
2020-08-15 09:47:01,457 decode: Utterance `radioshaka_kbk20120915_102´ -- 8 of job 53
/scratch/work/groszt1/envs/theanoLM/lib/python3.7/site-packages/theano/gpuarray/dnn.py:184: UserWarning: Your cuDNN version is more recent than Theano. If you encounter problems, try updating Theano or downgrading cuDNN to a version >= v5 and <= v7.
  warnings.warn("Your cuDNN version is more recent than "
Using cuDNN version 7600 on context None
Mapped name None to device cuda0: Tesla P100-PCIE-16GB (0000:83:00.0)
/scratch/work/groszt1/envs/theanoLM/lib/python3.7/site-packages/h5py-2.9.0-py3.7-linux-x86_64.egg/h5py/_hl/dataset.py:313: H5pyDeprecationWarning: dataset.value has been deprecated. Use dataset[()] instead.
  "Use dataset[()] instead.", H5pyDeprecationWarning)
/scratch/work/groszt1/envs/theanoLM/lib/python3.7/site-packages/h5py-2.9.0-py3.7-linux-x86_64.egg/h5py/_hl/dataset.py:313: H5pyDeprecationWarning: dataset.value has been deprecated. Use dataset[()] instead.
  "Use dataset[()] instead.", H5pyDeprecationWarning)
decode_theanolm finished.
/tmp/55088425/lattices
floatX=float32,device=cuda0,base_compiledir=/tmp/theano,exception_verbosity=high,openmp=False
/scratch/work/groszt1/envs/theanoLM/lib/python3.7/site-packages/theano/gpuarray/dnn.py:184: UserWarning: Your cuDNN version is more recent than Theano. If you encounter problems, try updating Theano or downgrading cuDNN to a version >= v5 and <= v7.
  warnings.warn("Your cuDNN version is more recent than "
Using cuDNN version 7600 on context None
Mapped name None to device cuda0: Tesla P100-PCIE-16GB (0000:83:00.0)
TheanoLM 1.3.2
Theano 1.0.4
pygpu 0.7.6
==
+ srun --gres=gpu:1 theanolm decode /scratch/work/moisioa3/conv_lm/experiments/theanolm-morph-42k/expt2-sampled/nnlm.h5 --lattice-list /tmp/55088425/lattices/lattice-list --output-file /scratch/work/moisioa3/conv_lm/experiments/theanolm-morph-42k/expt2-sampled/decode/devel/lambda=0.5-lms=11/53.trn --output trn --nnlm-weight 0.5 --lm-scale 11 --max-tokens-per-node 62 --beam 650 --recombination-order 22 --num-jobs 128 --job 53 --unk-penalty=-20
2020-08-15 09:47:56,327 get_default_device: Context None device="Tesla P100-PCIE-16GB" ID="0000:83:00.0"
2020-08-15 09:47:56,329 from_file: Reading vocabulary from network state.
2020-08-15 09:47:56,586 from_file: Number of words in vocabulary: 42699
2020-08-15 09:47:56,586 from_file: Number of words in shortlist: 42699
2020-08-15 09:47:56,587 from_file: Number of word classes: 42699
2020-08-15 09:47:56,587 from_file: Building neural network.
2020-08-15 09:48:44,361 from_file: Restoring neural network state.
2020-08-15 09:48:44,695 decode: Building word lattice decoder.
2020-08-15 09:48:49,909 __iter__: Reading lattice file `/tmp/55088425/lattices/dspm001_dsp2013_14.lat.gz´.
2020-08-15 09:48:50,051 decode: Utterance `dspm001_dsp2013_14´ -- 1 of job 53
2020-08-15 09:48:53,034 __iter__: Reading lattice file `/tmp/55088425/lattices/dspm011_dsp2013_14.lat.gz´.
2020-08-15 09:48:53,059 decode: Utterance `dspm011_dsp2013_14´ -- 2 of job 53
2020-08-15 09:48:53,492 __iter__: Reading lattice file `/tmp/55088425/lattices/dspm021_dsp2013_11.lat.gz´.
2020-08-15 09:48:53,767 decode: Utterance `dspm021_dsp2013_11´ -- 3 of job 53
2020-08-15 09:49:02,097 __iter__: Reading lattice file `/tmp/55088425/lattices/dspm028_dsp2013_20.lat.gz´.
2020-08-15 09:49:02,154 decode: Utterance `dspm028_dsp2013_20´ -- 4 of job 53
2020-08-15 09:49:03,318 __iter__: Reading lattice file `/tmp/55088425/lattices/dspm039_dsp2013_22.lat.gz´.
2020-08-15 09:49:04,258 decode: Utterance `dspm039_dsp2013_22´ -- 5 of job 53
2020-08-15 09:49:34,484 __iter__: Reading lattice file `/tmp/55088425/lattices/dspm048_dsp2013_18.lat.gz´.
2020-08-15 09:49:35,196 decode: Utterance `dspm048_dsp2013_18´ -- 6 of job 53
2020-08-15 09:49:48,160 __iter__: Reading lattice file `/tmp/55088425/lattices/dspm057_dsp2013_02.lat.gz´.
2020-08-15 09:49:48,495 decode: Utterance `dspm057_dsp2013_02´ -- 7 of job 53
2020-08-15 09:49:56,263 __iter__: Reading lattice file `/tmp/55088425/lattices/radioshaka_kbk20120915_102.lat.gz´.
2020-08-15 09:49:57,295 decode: Utterance `radioshaka_kbk20120915_102´ -- 8 of job 53
/scratch/work/groszt1/envs/theanoLM/lib/python3.7/site-packages/theano/gpuarray/dnn.py:184: UserWarning: Your cuDNN version is more recent than Theano. If you encounter problems, try updating Theano or downgrading cuDNN to a version >= v5 and <= v7.
  warnings.warn("Your cuDNN version is more recent than "
Using cuDNN version 7600 on context None
Mapped name None to device cuda0: Tesla P100-PCIE-16GB (0000:83:00.0)
/scratch/work/groszt1/envs/theanoLM/lib/python3.7/site-packages/h5py-2.9.0-py3.7-linux-x86_64.egg/h5py/_hl/dataset.py:313: H5pyDeprecationWarning: dataset.value has been deprecated. Use dataset[()] instead.
  "Use dataset[()] instead.", H5pyDeprecationWarning)
/scratch/work/groszt1/envs/theanoLM/lib/python3.7/site-packages/h5py-2.9.0-py3.7-linux-x86_64.egg/h5py/_hl/dataset.py:313: H5pyDeprecationWarning: dataset.value has been deprecated. Use dataset[()] instead.
  "Use dataset[()] instead.", H5pyDeprecationWarning)
decode_theanolm finished.
/tmp/55088425/lattices
floatX=float32,device=cuda0,base_compiledir=/tmp/theano,exception_verbosity=high,openmp=False
/scratch/work/groszt1/envs/theanoLM/lib/python3.7/site-packages/theano/gpuarray/dnn.py:184: UserWarning: Your cuDNN version is more recent than Theano. If you encounter problems, try updating Theano or downgrading cuDNN to a version >= v5 and <= v7.
  warnings.warn("Your cuDNN version is more recent than "
Using cuDNN version 7600 on context None
Mapped name None to device cuda0: Tesla P100-PCIE-16GB (0000:83:00.0)
TheanoLM 1.3.2
Theano 1.0.4
pygpu 0.7.6
==
+ srun --gres=gpu:1 theanolm decode /scratch/work/moisioa3/conv_lm/experiments/theanolm-morph-42k/expt2-sampled/nnlm.h5 --lattice-list /tmp/55088425/lattices/lattice-list --output-file /scratch/work/moisioa3/conv_lm/experiments/theanolm-morph-42k/expt2-sampled/decode/devel/lambda=0.5-lms=12/53.trn --output trn --nnlm-weight 0.5 --lm-scale 12 --max-tokens-per-node 62 --beam 650 --recombination-order 22 --num-jobs 128 --job 53 --unk-penalty=-20
2020-08-15 09:50:42,731 get_default_device: Context None device="Tesla P100-PCIE-16GB" ID="0000:83:00.0"
2020-08-15 09:50:42,732 from_file: Reading vocabulary from network state.
2020-08-15 09:50:42,987 from_file: Number of words in vocabulary: 42699
2020-08-15 09:50:42,987 from_file: Number of words in shortlist: 42699
2020-08-15 09:50:42,988 from_file: Number of word classes: 42699
2020-08-15 09:50:42,988 from_file: Building neural network.
2020-08-15 09:51:28,447 from_file: Restoring neural network state.
2020-08-15 09:51:28,794 decode: Building word lattice decoder.
2020-08-15 09:51:34,176 __iter__: Reading lattice file `/tmp/55088425/lattices/dspm001_dsp2013_14.lat.gz´.
2020-08-15 09:51:34,326 decode: Utterance `dspm001_dsp2013_14´ -- 1 of job 53
2020-08-15 09:51:37,528 __iter__: Reading lattice file `/tmp/55088425/lattices/dspm011_dsp2013_14.lat.gz´.
2020-08-15 09:51:37,555 decode: Utterance `dspm011_dsp2013_14´ -- 2 of job 53
2020-08-15 09:51:37,999 __iter__: Reading lattice file `/tmp/55088425/lattices/dspm021_dsp2013_11.lat.gz´.
2020-08-15 09:51:38,290 decode: Utterance `dspm021_dsp2013_11´ -- 3 of job 53
2020-08-15 09:51:47,186 __iter__: Reading lattice file `/tmp/55088425/lattices/dspm028_dsp2013_20.lat.gz´.
2020-08-15 09:51:47,244 decode: Utterance `dspm028_dsp2013_20´ -- 4 of job 53
2020-08-15 09:51:48,473 __iter__: Reading lattice file `/tmp/55088425/lattices/dspm039_dsp2013_22.lat.gz´.
2020-08-15 09:51:49,436 decode: Utterance `dspm039_dsp2013_22´ -- 5 of job 53
2020-08-15 09:52:20,874 __iter__: Reading lattice file `/tmp/55088425/lattices/dspm048_dsp2013_18.lat.gz´.
2020-08-15 09:52:21,578 decode: Utterance `dspm048_dsp2013_18´ -- 6 of job 53
2020-08-15 09:52:34,563 __iter__: Reading lattice file `/tmp/55088425/lattices/dspm057_dsp2013_02.lat.gz´.
2020-08-15 09:52:34,898 decode: Utterance `dspm057_dsp2013_02´ -- 7 of job 53
2020-08-15 09:52:42,671 __iter__: Reading lattice file `/tmp/55088425/lattices/radioshaka_kbk20120915_102.lat.gz´.
2020-08-15 09:52:43,695 decode: Utterance `radioshaka_kbk20120915_102´ -- 8 of job 53
/scratch/work/groszt1/envs/theanoLM/lib/python3.7/site-packages/theano/gpuarray/dnn.py:184: UserWarning: Your cuDNN version is more recent than Theano. If you encounter problems, try updating Theano or downgrading cuDNN to a version >= v5 and <= v7.
  warnings.warn("Your cuDNN version is more recent than "
Using cuDNN version 7600 on context None
Mapped name None to device cuda0: Tesla P100-PCIE-16GB (0000:83:00.0)
/scratch/work/groszt1/envs/theanoLM/lib/python3.7/site-packages/h5py-2.9.0-py3.7-linux-x86_64.egg/h5py/_hl/dataset.py:313: H5pyDeprecationWarning: dataset.value has been deprecated. Use dataset[()] instead.
  "Use dataset[()] instead.", H5pyDeprecationWarning)
/scratch/work/groszt1/envs/theanoLM/lib/python3.7/site-packages/h5py-2.9.0-py3.7-linux-x86_64.egg/h5py/_hl/dataset.py:313: H5pyDeprecationWarning: dataset.value has been deprecated. Use dataset[()] instead.
  "Use dataset[()] instead.", H5pyDeprecationWarning)
decode_theanolm finished.
/tmp/55088425/lattices
floatX=float32,device=cuda0,base_compiledir=/tmp/theano,exception_verbosity=high,openmp=False
/scratch/work/groszt1/envs/theanoLM/lib/python3.7/site-packages/theano/gpuarray/dnn.py:184: UserWarning: Your cuDNN version is more recent than Theano. If you encounter problems, try updating Theano or downgrading cuDNN to a version >= v5 and <= v7.
  warnings.warn("Your cuDNN version is more recent than "
Using cuDNN version 7600 on context None
Mapped name None to device cuda0: Tesla P100-PCIE-16GB (0000:83:00.0)
TheanoLM 1.3.2
Theano 1.0.4
pygpu 0.7.6
==
+ srun --gres=gpu:1 theanolm decode /scratch/work/moisioa3/conv_lm/experiments/theanolm-morph-42k/expt2-sampled/nnlm.h5 --lattice-list /tmp/55088425/lattices/lattice-list --output-file /scratch/work/moisioa3/conv_lm/experiments/theanolm-morph-42k/expt2-sampled/decode/devel/lambda=1.0-lms=8/53.trn --output trn --nnlm-weight 1.0 --lm-scale 8 --max-tokens-per-node 62 --beam 650 --recombination-order 22 --num-jobs 128 --job 53 --unk-penalty=-20
2020-08-15 09:53:28,126 get_default_device: Context None device="Tesla P100-PCIE-16GB" ID="0000:83:00.0"
2020-08-15 09:53:28,127 from_file: Reading vocabulary from network state.
2020-08-15 09:53:28,400 from_file: Number of words in vocabulary: 42699
2020-08-15 09:53:28,401 from_file: Number of words in shortlist: 42699
2020-08-15 09:53:28,401 from_file: Number of word classes: 42699
2020-08-15 09:53:28,401 from_file: Building neural network.
2020-08-15 09:54:12,970 from_file: Restoring neural network state.
2020-08-15 09:54:13,293 decode: Building word lattice decoder.
2020-08-15 09:54:18,564 __iter__: Reading lattice file `/tmp/55088425/lattices/dspm001_dsp2013_14.lat.gz´.
2020-08-15 09:54:18,712 decode: Utterance `dspm001_dsp2013_14´ -- 1 of job 53
2020-08-15 09:54:21,179 __iter__: Reading lattice file `/tmp/55088425/lattices/dspm011_dsp2013_14.lat.gz´.
2020-08-15 09:54:21,205 decode: Utterance `dspm011_dsp2013_14´ -- 2 of job 53
2020-08-15 09:54:21,642 __iter__: Reading lattice file `/tmp/55088425/lattices/dspm021_dsp2013_11.lat.gz´.
2020-08-15 09:54:21,937 decode: Utterance `dspm021_dsp2013_11´ -- 3 of job 53
2020-08-15 09:54:29,123 __iter__: Reading lattice file `/tmp/55088425/lattices/dspm028_dsp2013_20.lat.gz´.
2020-08-15 09:54:29,180 decode: Utterance `dspm028_dsp2013_20´ -- 4 of job 53
2020-08-15 09:54:30,300 __iter__: Reading lattice file `/tmp/55088425/lattices/dspm039_dsp2013_22.lat.gz´.
2020-08-15 09:54:31,239 decode: Utterance `dspm039_dsp2013_22´ -- 5 of job 53
2020-08-15 09:54:58,537 __iter__: Reading lattice file `/tmp/55088425/lattices/dspm048_dsp2013_18.lat.gz´.
2020-08-15 09:54:59,303 decode: Utterance `dspm048_dsp2013_18´ -- 6 of job 53
2020-08-15 09:55:12,122 __iter__: Reading lattice file `/tmp/55088425/lattices/dspm057_dsp2013_02.lat.gz´.
2020-08-15 09:55:12,460 decode: Utterance `dspm057_dsp2013_02´ -- 7 of job 53
2020-08-15 09:55:19,791 __iter__: Reading lattice file `/tmp/55088425/lattices/radioshaka_kbk20120915_102.lat.gz´.
2020-08-15 09:55:20,848 decode: Utterance `radioshaka_kbk20120915_102´ -- 8 of job 53
/scratch/work/groszt1/envs/theanoLM/lib/python3.7/site-packages/theano/gpuarray/dnn.py:184: UserWarning: Your cuDNN version is more recent than Theano. If you encounter problems, try updating Theano or downgrading cuDNN to a version >= v5 and <= v7.
  warnings.warn("Your cuDNN version is more recent than "
Using cuDNN version 7600 on context None
Mapped name None to device cuda0: Tesla P100-PCIE-16GB (0000:83:00.0)
/scratch/work/groszt1/envs/theanoLM/lib/python3.7/site-packages/h5py-2.9.0-py3.7-linux-x86_64.egg/h5py/_hl/dataset.py:313: H5pyDeprecationWarning: dataset.value has been deprecated. Use dataset[()] instead.
  "Use dataset[()] instead.", H5pyDeprecationWarning)
/scratch/work/groszt1/envs/theanoLM/lib/python3.7/site-packages/h5py-2.9.0-py3.7-linux-x86_64.egg/h5py/_hl/dataset.py:313: H5pyDeprecationWarning: dataset.value has been deprecated. Use dataset[()] instead.
  "Use dataset[()] instead.", H5pyDeprecationWarning)
decode_theanolm finished.
/tmp/55088425/lattices
floatX=float32,device=cuda0,base_compiledir=/tmp/theano,exception_verbosity=high,openmp=False
/scratch/work/groszt1/envs/theanoLM/lib/python3.7/site-packages/theano/gpuarray/dnn.py:184: UserWarning: Your cuDNN version is more recent than Theano. If you encounter problems, try updating Theano or downgrading cuDNN to a version >= v5 and <= v7.
  warnings.warn("Your cuDNN version is more recent than "
Using cuDNN version 7600 on context None
Mapped name None to device cuda0: Tesla P100-PCIE-16GB (0000:83:00.0)
TheanoLM 1.3.2
Theano 1.0.4
pygpu 0.7.6
==
+ srun --gres=gpu:1 theanolm decode /scratch/work/moisioa3/conv_lm/experiments/theanolm-morph-42k/expt2-sampled/nnlm.h5 --lattice-list /tmp/55088425/lattices/lattice-list --output-file /scratch/work/moisioa3/conv_lm/experiments/theanolm-morph-42k/expt2-sampled/decode/devel/lambda=1.0-lms=9/53.trn --output trn --nnlm-weight 1.0 --lm-scale 9 --max-tokens-per-node 62 --beam 650 --recombination-order 22 --num-jobs 128 --job 53 --unk-penalty=-20
2020-08-15 09:55:58,998 get_default_device: Context None device="Tesla P100-PCIE-16GB" ID="0000:83:00.0"
2020-08-15 09:55:58,999 from_file: Reading vocabulary from network state.
2020-08-15 09:55:59,263 from_file: Number of words in vocabulary: 42699
2020-08-15 09:55:59,263 from_file: Number of words in shortlist: 42699
2020-08-15 09:55:59,263 from_file: Number of word classes: 42699
2020-08-15 09:55:59,263 from_file: Building neural network.
2020-08-15 09:56:49,828 from_file: Restoring neural network state.
2020-08-15 09:56:50,172 decode: Building word lattice decoder.
2020-08-15 09:56:58,635 __iter__: Reading lattice file `/tmp/55088425/lattices/dspm001_dsp2013_14.lat.gz´.
2020-08-15 09:56:58,880 decode: Utterance `dspm001_dsp2013_14´ -- 1 of job 53
2020-08-15 09:57:01,291 __iter__: Reading lattice file `/tmp/55088425/lattices/dspm011_dsp2013_14.lat.gz´.
2020-08-15 09:57:01,316 decode: Utterance `dspm011_dsp2013_14´ -- 2 of job 53
2020-08-15 09:57:01,749 __iter__: Reading lattice file `/tmp/55088425/lattices/dspm021_dsp2013_11.lat.gz´.
2020-08-15 09:57:02,029 decode: Utterance `dspm021_dsp2013_11´ -- 3 of job 53
2020-08-15 09:57:09,308 __iter__: Reading lattice file `/tmp/55088425/lattices/dspm028_dsp2013_20.lat.gz´.
2020-08-15 09:57:09,364 decode: Utterance `dspm028_dsp2013_20´ -- 4 of job 53
2020-08-15 09:57:10,484 __iter__: Reading lattice file `/tmp/55088425/lattices/dspm039_dsp2013_22.lat.gz´.
2020-08-15 09:57:11,416 decode: Utterance `dspm039_dsp2013_22´ -- 5 of job 53
2020-08-15 09:57:38,393 __iter__: Reading lattice file `/tmp/55088425/lattices/dspm048_dsp2013_18.lat.gz´.
2020-08-15 09:57:39,114 decode: Utterance `dspm048_dsp2013_18´ -- 6 of job 53
2020-08-15 09:57:51,777 __iter__: Reading lattice file `/tmp/55088425/lattices/dspm057_dsp2013_02.lat.gz´.
2020-08-15 09:57:52,125 decode: Utterance `dspm057_dsp2013_02´ -- 7 of job 53
2020-08-15 09:57:59,436 __iter__: Reading lattice file `/tmp/55088425/lattices/radioshaka_kbk20120915_102.lat.gz´.
2020-08-15 09:58:00,474 decode: Utterance `radioshaka_kbk20120915_102´ -- 8 of job 53
/scratch/work/groszt1/envs/theanoLM/lib/python3.7/site-packages/theano/gpuarray/dnn.py:184: UserWarning: Your cuDNN version is more recent than Theano. If you encounter problems, try updating Theano or downgrading cuDNN to a version >= v5 and <= v7.
  warnings.warn("Your cuDNN version is more recent than "
Using cuDNN version 7600 on context None
Mapped name None to device cuda0: Tesla P100-PCIE-16GB (0000:83:00.0)
/scratch/work/groszt1/envs/theanoLM/lib/python3.7/site-packages/h5py-2.9.0-py3.7-linux-x86_64.egg/h5py/_hl/dataset.py:313: H5pyDeprecationWarning: dataset.value has been deprecated. Use dataset[()] instead.
  "Use dataset[()] instead.", H5pyDeprecationWarning)
/scratch/work/groszt1/envs/theanoLM/lib/python3.7/site-packages/h5py-2.9.0-py3.7-linux-x86_64.egg/h5py/_hl/dataset.py:313: H5pyDeprecationWarning: dataset.value has been deprecated. Use dataset[()] instead.
  "Use dataset[()] instead.", H5pyDeprecationWarning)
decode_theanolm finished.
/tmp/55088425/lattices
floatX=float32,device=cuda0,base_compiledir=/tmp/theano,exception_verbosity=high,openmp=False
/scratch/work/groszt1/envs/theanoLM/lib/python3.7/site-packages/theano/gpuarray/dnn.py:184: UserWarning: Your cuDNN version is more recent than Theano. If you encounter problems, try updating Theano or downgrading cuDNN to a version >= v5 and <= v7.
  warnings.warn("Your cuDNN version is more recent than "
Using cuDNN version 7600 on context None
Mapped name None to device cuda0: Tesla P100-PCIE-16GB (0000:83:00.0)
TheanoLM 1.3.2
Theano 1.0.4
pygpu 0.7.6
==
+ srun --gres=gpu:1 theanolm decode /scratch/work/moisioa3/conv_lm/experiments/theanolm-morph-42k/expt2-sampled/nnlm.h5 --lattice-list /tmp/55088425/lattices/lattice-list --output-file /scratch/work/moisioa3/conv_lm/experiments/theanolm-morph-42k/expt2-sampled/decode/devel/lambda=1.0-lms=10/53.trn --output trn --nnlm-weight 1.0 --lm-scale 10 --max-tokens-per-node 62 --beam 650 --recombination-order 22 --num-jobs 128 --job 53 --unk-penalty=-20
2020-08-15 09:58:37,607 get_default_device: Context None device="Tesla P100-PCIE-16GB" ID="0000:83:00.0"
2020-08-15 09:58:37,608 from_file: Reading vocabulary from network state.
2020-08-15 09:58:37,887 from_file: Number of words in vocabulary: 42699
2020-08-15 09:58:37,888 from_file: Number of words in shortlist: 42699
2020-08-15 09:58:37,888 from_file: Number of word classes: 42699
2020-08-15 09:58:37,888 from_file: Building neural network.
2020-08-15 09:59:20,530 from_file: Restoring neural network state.
2020-08-15 09:59:20,867 decode: Building word lattice decoder.
2020-08-15 09:59:26,433 __iter__: Reading lattice file `/tmp/55088425/lattices/dspm001_dsp2013_14.lat.gz´.
2020-08-15 09:59:26,659 decode: Utterance `dspm001_dsp2013_14´ -- 1 of job 53
2020-08-15 09:59:29,211 __iter__: Reading lattice file `/tmp/55088425/lattices/dspm011_dsp2013_14.lat.gz´.
2020-08-15 09:59:29,236 decode: Utterance `dspm011_dsp2013_14´ -- 2 of job 53
2020-08-15 09:59:29,672 __iter__: Reading lattice file `/tmp/55088425/lattices/dspm021_dsp2013_11.lat.gz´.
2020-08-15 09:59:29,965 decode: Utterance `dspm021_dsp2013_11´ -- 3 of job 53
2020-08-15 09:59:37,595 __iter__: Reading lattice file `/tmp/55088425/lattices/dspm028_dsp2013_20.lat.gz´.
2020-08-15 09:59:37,651 decode: Utterance `dspm028_dsp2013_20´ -- 4 of job 53
2020-08-15 09:59:38,783 __iter__: Reading lattice file `/tmp/55088425/lattices/dspm039_dsp2013_22.lat.gz´.
2020-08-15 09:59:39,745 decode: Utterance `dspm039_dsp2013_22´ -- 5 of job 53
2020-08-15 10:00:07,030 __iter__: Reading lattice file `/tmp/55088425/lattices/dspm048_dsp2013_18.lat.gz´.
2020-08-15 10:00:07,750 decode: Utterance `dspm048_dsp2013_18´ -- 6 of job 53
2020-08-15 10:00:19,515 __iter__: Reading lattice file `/tmp/55088425/lattices/dspm057_dsp2013_02.lat.gz´.
2020-08-15 10:00:19,850 decode: Utterance `dspm057_dsp2013_02´ -- 7 of job 53
2020-08-15 10:00:26,856 __iter__: Reading lattice file `/tmp/55088425/lattices/radioshaka_kbk20120915_102.lat.gz´.
2020-08-15 10:00:27,882 decode: Utterance `radioshaka_kbk20120915_102´ -- 8 of job 53
/scratch/work/groszt1/envs/theanoLM/lib/python3.7/site-packages/theano/gpuarray/dnn.py:184: UserWarning: Your cuDNN version is more recent than Theano. If you encounter problems, try updating Theano or downgrading cuDNN to a version >= v5 and <= v7.
  warnings.warn("Your cuDNN version is more recent than "
Using cuDNN version 7600 on context None
Mapped name None to device cuda0: Tesla P100-PCIE-16GB (0000:83:00.0)
/scratch/work/groszt1/envs/theanoLM/lib/python3.7/site-packages/h5py-2.9.0-py3.7-linux-x86_64.egg/h5py/_hl/dataset.py:313: H5pyDeprecationWarning: dataset.value has been deprecated. Use dataset[()] instead.
  "Use dataset[()] instead.", H5pyDeprecationWarning)
/scratch/work/groszt1/envs/theanoLM/lib/python3.7/site-packages/h5py-2.9.0-py3.7-linux-x86_64.egg/h5py/_hl/dataset.py:313: H5pyDeprecationWarning: dataset.value has been deprecated. Use dataset[()] instead.
  "Use dataset[()] instead.", H5pyDeprecationWarning)
decode_theanolm finished.
/tmp/55088425/lattices
floatX=float32,device=cuda0,base_compiledir=/tmp/theano,exception_verbosity=high,openmp=False
/scratch/work/groszt1/envs/theanoLM/lib/python3.7/site-packages/theano/gpuarray/dnn.py:184: UserWarning: Your cuDNN version is more recent than Theano. If you encounter problems, try updating Theano or downgrading cuDNN to a version >= v5 and <= v7.
  warnings.warn("Your cuDNN version is more recent than "
Using cuDNN version 7600 on context None
Mapped name None to device cuda0: Tesla P100-PCIE-16GB (0000:83:00.0)
TheanoLM 1.3.2
Theano 1.0.4
pygpu 0.7.6
==
+ srun --gres=gpu:1 theanolm decode /scratch/work/moisioa3/conv_lm/experiments/theanolm-morph-42k/expt2-sampled/nnlm.h5 --lattice-list /tmp/55088425/lattices/lattice-list --output-file /scratch/work/moisioa3/conv_lm/experiments/theanolm-morph-42k/expt2-sampled/decode/devel/lambda=1.0-lms=11/53.trn --output trn --nnlm-weight 1.0 --lm-scale 11 --max-tokens-per-node 62 --beam 650 --recombination-order 22 --num-jobs 128 --job 53 --unk-penalty=-20
2020-08-15 10:01:05,971 get_default_device: Context None device="Tesla P100-PCIE-16GB" ID="0000:83:00.0"
2020-08-15 10:01:05,972 from_file: Reading vocabulary from network state.
2020-08-15 10:01:06,218 from_file: Number of words in vocabulary: 42699
2020-08-15 10:01:06,218 from_file: Number of words in shortlist: 42699
2020-08-15 10:01:06,218 from_file: Number of word classes: 42699
2020-08-15 10:01:06,218 from_file: Building neural network.
2020-08-15 10:01:57,104 from_file: Restoring neural network state.
2020-08-15 10:01:57,417 decode: Building word lattice decoder.
2020-08-15 10:02:02,333 __iter__: Reading lattice file `/tmp/55088425/lattices/dspm001_dsp2013_14.lat.gz´.
2020-08-15 10:02:02,533 decode: Utterance `dspm001_dsp2013_14´ -- 1 of job 53
2020-08-15 10:02:04,890 __iter__: Reading lattice file `/tmp/55088425/lattices/dspm011_dsp2013_14.lat.gz´.
2020-08-15 10:02:04,914 decode: Utterance `dspm011_dsp2013_14´ -- 2 of job 53
2020-08-15 10:02:05,350 __iter__: Reading lattice file `/tmp/55088425/lattices/dspm021_dsp2013_11.lat.gz´.
2020-08-15 10:02:05,613 decode: Utterance `dspm021_dsp2013_11´ -- 3 of job 53
2020-08-15 10:02:12,676 __iter__: Reading lattice file `/tmp/55088425/lattices/dspm028_dsp2013_20.lat.gz´.
2020-08-15 10:02:12,729 decode: Utterance `dspm028_dsp2013_20´ -- 4 of job 53
2020-08-15 10:02:13,814 __iter__: Reading lattice file `/tmp/55088425/lattices/dspm039_dsp2013_22.lat.gz´.
2020-08-15 10:02:14,699 decode: Utterance `dspm039_dsp2013_22´ -- 5 of job 53
2020-08-15 10:02:40,900 __iter__: Reading lattice file `/tmp/55088425/lattices/dspm048_dsp2013_18.lat.gz´.
2020-08-15 10:02:41,603 decode: Utterance `dspm048_dsp2013_18´ -- 6 of job 53
2020-08-15 10:02:53,222 __iter__: Reading lattice file `/tmp/55088425/lattices/dspm057_dsp2013_02.lat.gz´.
2020-08-15 10:02:53,552 decode: Utterance `dspm057_dsp2013_02´ -- 7 of job 53
2020-08-15 10:03:00,441 __iter__: Reading lattice file `/tmp/55088425/lattices/radioshaka_kbk20120915_102.lat.gz´.
2020-08-15 10:03:01,450 decode: Utterance `radioshaka_kbk20120915_102´ -- 8 of job 53
/scratch/work/groszt1/envs/theanoLM/lib/python3.7/site-packages/theano/gpuarray/dnn.py:184: UserWarning: Your cuDNN version is more recent than Theano. If you encounter problems, try updating Theano or downgrading cuDNN to a version >= v5 and <= v7.
  warnings.warn("Your cuDNN version is more recent than "
Using cuDNN version 7600 on context None
Mapped name None to device cuda0: Tesla P100-PCIE-16GB (0000:83:00.0)
/scratch/work/groszt1/envs/theanoLM/lib/python3.7/site-packages/h5py-2.9.0-py3.7-linux-x86_64.egg/h5py/_hl/dataset.py:313: H5pyDeprecationWarning: dataset.value has been deprecated. Use dataset[()] instead.
  "Use dataset[()] instead.", H5pyDeprecationWarning)
/scratch/work/groszt1/envs/theanoLM/lib/python3.7/site-packages/h5py-2.9.0-py3.7-linux-x86_64.egg/h5py/_hl/dataset.py:313: H5pyDeprecationWarning: dataset.value has been deprecated. Use dataset[()] instead.
  "Use dataset[()] instead.", H5pyDeprecationWarning)
decode_theanolm finished.
/tmp/55088425/lattices
floatX=float32,device=cuda0,base_compiledir=/tmp/theano,exception_verbosity=high,openmp=False
/scratch/work/groszt1/envs/theanoLM/lib/python3.7/site-packages/theano/gpuarray/dnn.py:184: UserWarning: Your cuDNN version is more recent than Theano. If you encounter problems, try updating Theano or downgrading cuDNN to a version >= v5 and <= v7.
  warnings.warn("Your cuDNN version is more recent than "
Using cuDNN version 7600 on context None
Mapped name None to device cuda0: Tesla P100-PCIE-16GB (0000:83:00.0)
TheanoLM 1.3.2
Theano 1.0.4
pygpu 0.7.6
==
+ srun --gres=gpu:1 theanolm decode /scratch/work/moisioa3/conv_lm/experiments/theanolm-morph-42k/expt2-sampled/nnlm.h5 --lattice-list /tmp/55088425/lattices/lattice-list --output-file /scratch/work/moisioa3/conv_lm/experiments/theanolm-morph-42k/expt2-sampled/decode/devel/lambda=1.0-lms=12/53.trn --output trn --nnlm-weight 1.0 --lm-scale 12 --max-tokens-per-node 62 --beam 650 --recombination-order 22 --num-jobs 128 --job 53 --unk-penalty=-20
2020-08-15 10:03:39,852 get_default_device: Context None device="Tesla P100-PCIE-16GB" ID="0000:83:00.0"
2020-08-15 10:03:39,854 from_file: Reading vocabulary from network state.
2020-08-15 10:03:40,115 from_file: Number of words in vocabulary: 42699
2020-08-15 10:03:40,115 from_file: Number of words in shortlist: 42699
2020-08-15 10:03:40,115 from_file: Number of word classes: 42699
2020-08-15 10:03:40,115 from_file: Building neural network.
2020-08-15 10:04:27,807 from_file: Restoring neural network state.
2020-08-15 10:04:28,143 decode: Building word lattice decoder.
2020-08-15 10:04:33,465 __iter__: Reading lattice file `/tmp/55088425/lattices/dspm001_dsp2013_14.lat.gz´.
2020-08-15 10:04:33,694 decode: Utterance `dspm001_dsp2013_14´ -- 1 of job 53
2020-08-15 10:04:36,188 __iter__: Reading lattice file `/tmp/55088425/lattices/dspm011_dsp2013_14.lat.gz´.
2020-08-15 10:04:36,214 decode: Utterance `dspm011_dsp2013_14´ -- 2 of job 53
2020-08-15 10:04:36,652 __iter__: Reading lattice file `/tmp/55088425/lattices/dspm021_dsp2013_11.lat.gz´.
2020-08-15 10:04:36,946 decode: Utterance `dspm021_dsp2013_11´ -- 3 of job 53
2020-08-15 10:04:44,205 __iter__: Reading lattice file `/tmp/55088425/lattices/dspm028_dsp2013_20.lat.gz´.
2020-08-15 10:04:44,262 decode: Utterance `dspm028_dsp2013_20´ -- 4 of job 53
2020-08-15 10:04:45,371 __iter__: Reading lattice file `/tmp/55088425/lattices/dspm039_dsp2013_22.lat.gz´.
2020-08-15 10:04:46,316 decode: Utterance `dspm039_dsp2013_22´ -- 5 of job 53
2020-08-15 10:05:12,738 __iter__: Reading lattice file `/tmp/55088425/lattices/dspm048_dsp2013_18.lat.gz´.
2020-08-15 10:05:13,451 decode: Utterance `dspm048_dsp2013_18´ -- 6 of job 53
2020-08-15 10:05:25,237 __iter__: Reading lattice file `/tmp/55088425/lattices/dspm057_dsp2013_02.lat.gz´.
2020-08-15 10:05:25,579 decode: Utterance `dspm057_dsp2013_02´ -- 7 of job 53
2020-08-15 10:05:32,867 __iter__: Reading lattice file `/tmp/55088425/lattices/radioshaka_kbk20120915_102.lat.gz´.
2020-08-15 10:05:33,910 decode: Utterance `radioshaka_kbk20120915_102´ -- 8 of job 53
/scratch/work/groszt1/envs/theanoLM/lib/python3.7/site-packages/theano/gpuarray/dnn.py:184: UserWarning: Your cuDNN version is more recent than Theano. If you encounter problems, try updating Theano or downgrading cuDNN to a version >= v5 and <= v7.
  warnings.warn("Your cuDNN version is more recent than "
Using cuDNN version 7600 on context None
Mapped name None to device cuda0: Tesla P100-PCIE-16GB (0000:83:00.0)
/scratch/work/groszt1/envs/theanoLM/lib/python3.7/site-packages/h5py-2.9.0-py3.7-linux-x86_64.egg/h5py/_hl/dataset.py:313: H5pyDeprecationWarning: dataset.value has been deprecated. Use dataset[()] instead.
  "Use dataset[()] instead.", H5pyDeprecationWarning)
/scratch/work/groszt1/envs/theanoLM/lib/python3.7/site-packages/h5py-2.9.0-py3.7-linux-x86_64.egg/h5py/_hl/dataset.py:313: H5pyDeprecationWarning: dataset.value has been deprecated. Use dataset[()] instead.
  "Use dataset[()] instead.", H5pyDeprecationWarning)
decode_theanolm finished.
decode devel finished.
