Experiment: theanolm-morph-42k/expt2-sampled
Job ID: 55103672
Task ID: 58
Host: gpu27.int.triton.aalto.fi
Start date: Mon Aug 17 17:28:17 EEST 2020
Work directory: /scratch/work/moisioa3/conv_lm/experiments/theanolm-morph-42k/expt2-sampled
Temporary directory: /tmp/55103672

Currently Loaded Modules:
  1) speech-scripts/2016.05.24-b928230   6) binutils/2.25-GCCcore-5.4.0
  2) srilm/default                       7) GCC/5.4.0-2.25
  3) cuda/10.0.130                       8) libgpuarray/2017.03.29-45c731f
  4) cudnn/7.4.2-cuda                    9) anaconda3/latest
  5) GCCcore/5.4.0

 

/tmp/55103672/lattices
floatX=float32,device=cuda0,base_compiledir=/tmp/theano,exception_verbosity=high,openmp=False
/scratch/work/groszt1/envs/theanoLM/lib/python3.7/site-packages/theano/gpuarray/dnn.py:184: UserWarning: Your cuDNN version is more recent than Theano. If you encounter problems, try updating Theano or downgrading cuDNN to a version >= v5 and <= v7.
  warnings.warn("Your cuDNN version is more recent than "
Using cuDNN version 7600 on context None
Mapped name None to device cuda0: Tesla P100-PCIE-16GB (0000:03:00.0)
TheanoLM 1.3.2
Theano 1.0.4
pygpu 0.7.6
==
+ srun --gres=gpu:1 theanolm decode /scratch/work/moisioa3/conv_lm/experiments/theanolm-morph-42k/expt2-sampled/nnlm.h5 --lattice-list /tmp/55103672/lattices/lattice-list --output-file /scratch/work/moisioa3/conv_lm/experiments/theanolm-morph-42k/expt2-sampled/decode/eval/lambda=0.5-lms=10/58.trn --output trn --nnlm-weight 0.5 --lm-scale 10 --max-tokens-per-node 62 --beam 650 --recombination-order 22 --num-jobs 128 --job 58 --unk-penalty=-20
2020-08-17 17:28:29,667 get_default_device: Context None device="Tesla P100-PCIE-16GB" ID="0000:03:00.0"
2020-08-17 17:28:29,668 from_file: Reading vocabulary from network state.
2020-08-17 17:28:29,958 from_file: Number of words in vocabulary: 42699
2020-08-17 17:28:29,958 from_file: Number of words in shortlist: 42699
2020-08-17 17:28:29,959 from_file: Number of word classes: 42699
2020-08-17 17:28:29,959 from_file: Building neural network.
2020-08-17 17:29:16,091 from_file: Restoring neural network state.
2020-08-17 17:29:16,435 decode: Building word lattice decoder.
2020-08-17 17:29:26,469 __iter__: Reading lattice file `/tmp/55103672/lattices/dspm003_dsp2013_25.lat.gz´.
2020-08-17 17:29:26,622 decode: Utterance `dspm003_dsp2013_25´ -- 1 of job 58
2020-08-17 17:29:30,207 __iter__: Reading lattice file `/tmp/55103672/lattices/dspm051_dsp2013_02.lat.gz´.
2020-08-17 17:29:30,421 decode: Utterance `dspm051_dsp2013_02´ -- 2 of job 58
2020-08-17 17:29:39,921 __iter__: Reading lattice file `/tmp/55103672/lattices/radiojuha_puhujainkulma20120909_34.lat.gz´.
2020-08-17 17:29:40,210 decode: Utterance `radiojuha_puhujainkulma20120909_34´ -- 3 of job 58
2020-08-17 17:29:46,047 __iter__: Reading lattice file `/tmp/55103672/lattices/radioporni_puhujainkulma20120930_70.lat.gz´.
2020-08-17 17:29:46,117 decode: Utterance `radioporni_puhujainkulma20120930_70´ -- 4 of job 58
/scratch/work/groszt1/envs/theanoLM/lib/python3.7/site-packages/theano/gpuarray/dnn.py:184: UserWarning: Your cuDNN version is more recent than Theano. If you encounter problems, try updating Theano or downgrading cuDNN to a version >= v5 and <= v7.
  warnings.warn("Your cuDNN version is more recent than "
Using cuDNN version 7600 on context None
Mapped name None to device cuda0: Tesla P100-PCIE-16GB (0000:03:00.0)
/scratch/work/groszt1/envs/theanoLM/lib/python3.7/site-packages/h5py-2.9.0-py3.7-linux-x86_64.egg/h5py/_hl/dataset.py:313: H5pyDeprecationWarning: dataset.value has been deprecated. Use dataset[()] instead.
  "Use dataset[()] instead.", H5pyDeprecationWarning)
/scratch/work/groszt1/envs/theanoLM/lib/python3.7/site-packages/h5py-2.9.0-py3.7-linux-x86_64.egg/h5py/_hl/dataset.py:313: H5pyDeprecationWarning: dataset.value has been deprecated. Use dataset[()] instead.
  "Use dataset[()] instead.", H5pyDeprecationWarning)
decode_theanolm finished.
/tmp/55103672/lattices
floatX=float32,device=cuda0,base_compiledir=/tmp/theano,exception_verbosity=high,openmp=False
/scratch/work/groszt1/envs/theanoLM/lib/python3.7/site-packages/theano/gpuarray/dnn.py:184: UserWarning: Your cuDNN version is more recent than Theano. If you encounter problems, try updating Theano or downgrading cuDNN to a version >= v5 and <= v7.
  warnings.warn("Your cuDNN version is more recent than "
Using cuDNN version 7600 on context None
Mapped name None to device cuda0: Tesla P100-PCIE-16GB (0000:03:00.0)
TheanoLM 1.3.2
Theano 1.0.4
pygpu 0.7.6
==
+ srun --gres=gpu:1 theanolm decode /scratch/work/moisioa3/conv_lm/experiments/theanolm-morph-42k/expt2-sampled/nnlm.h5 --lattice-list /tmp/55103672/lattices/lattice-list --output-file /scratch/work/moisioa3/conv_lm/experiments/theanolm-morph-42k/expt2-sampled/decode/eval/lambda=1.0-lms=10/58.trn --output trn --nnlm-weight 1.0 --lm-scale 10 --max-tokens-per-node 62 --beam 650 --recombination-order 22 --num-jobs 128 --job 58 --unk-penalty=-20
2020-08-17 17:29:54,350 get_default_device: Context None device="Tesla P100-PCIE-16GB" ID="0000:03:00.0"
2020-08-17 17:29:54,351 from_file: Reading vocabulary from network state.
2020-08-17 17:29:54,631 from_file: Number of words in vocabulary: 42699
2020-08-17 17:29:54,632 from_file: Number of words in shortlist: 42699
2020-08-17 17:29:54,632 from_file: Number of word classes: 42699
2020-08-17 17:29:54,632 from_file: Building neural network.
2020-08-17 17:30:40,790 from_file: Restoring neural network state.
2020-08-17 17:30:41,168 decode: Building word lattice decoder.
2020-08-17 17:30:55,456 __iter__: Reading lattice file `/tmp/55103672/lattices/dspm003_dsp2013_25.lat.gz´.
2020-08-17 17:30:55,621 decode: Utterance `dspm003_dsp2013_25´ -- 1 of job 58
2020-08-17 17:30:59,591 __iter__: Reading lattice file `/tmp/55103672/lattices/dspm051_dsp2013_02.lat.gz´.
2020-08-17 17:30:59,807 decode: Utterance `dspm051_dsp2013_02´ -- 2 of job 58
2020-08-17 17:31:08,520 __iter__: Reading lattice file `/tmp/55103672/lattices/radiojuha_puhujainkulma20120909_34.lat.gz´.
2020-08-17 17:31:08,806 decode: Utterance `radiojuha_puhujainkulma20120909_34´ -- 3 of job 58
2020-08-17 17:31:14,329 __iter__: Reading lattice file `/tmp/55103672/lattices/radioporni_puhujainkulma20120930_70.lat.gz´.
2020-08-17 17:31:14,400 decode: Utterance `radioporni_puhujainkulma20120930_70´ -- 4 of job 58
/scratch/work/groszt1/envs/theanoLM/lib/python3.7/site-packages/theano/gpuarray/dnn.py:184: UserWarning: Your cuDNN version is more recent than Theano. If you encounter problems, try updating Theano or downgrading cuDNN to a version >= v5 and <= v7.
  warnings.warn("Your cuDNN version is more recent than "
Using cuDNN version 7600 on context None
Mapped name None to device cuda0: Tesla P100-PCIE-16GB (0000:03:00.0)
/scratch/work/groszt1/envs/theanoLM/lib/python3.7/site-packages/h5py-2.9.0-py3.7-linux-x86_64.egg/h5py/_hl/dataset.py:313: H5pyDeprecationWarning: dataset.value has been deprecated. Use dataset[()] instead.
  "Use dataset[()] instead.", H5pyDeprecationWarning)
/scratch/work/groszt1/envs/theanoLM/lib/python3.7/site-packages/h5py-2.9.0-py3.7-linux-x86_64.egg/h5py/_hl/dataset.py:313: H5pyDeprecationWarning: dataset.value has been deprecated. Use dataset[()] instead.
  "Use dataset[()] instead.", H5pyDeprecationWarning)
decode_theanolm finished.
decode eval finished.
