Experiment: theanolm-morph-42k/expt2-sampled
Job ID: 55088482
Task ID: 67
Host: gpu23.int.triton.aalto.fi
Start date: Sat Aug 15 09:52:58 EEST 2020
Work directory: /scratch/work/moisioa3/conv_lm/experiments/theanolm-morph-42k/expt2-sampled
Temporary directory: /tmp/55088482

Currently Loaded Modules:
  1) speech-scripts/2016.05.24-b928230   6) binutils/2.25-GCCcore-5.4.0
  2) srilm/default                       7) GCC/5.4.0-2.25
  3) cuda/10.0.130                       8) libgpuarray/2017.03.29-45c731f
  4) cudnn/7.4.2-cuda                    9) anaconda3/latest
  5) GCCcore/5.4.0

 

/tmp/55088482/lattices
floatX=float32,device=cuda0,base_compiledir=/tmp/theano,exception_verbosity=high,openmp=False
/scratch/work/groszt1/envs/theanoLM/lib/python3.7/site-packages/theano/gpuarray/dnn.py:184: UserWarning: Your cuDNN version is more recent than Theano. If you encounter problems, try updating Theano or downgrading cuDNN to a version >= v5 and <= v7.
  warnings.warn("Your cuDNN version is more recent than "
Using cuDNN version 7600 on context None
Mapped name None to device cuda0: Tesla P100-PCIE-16GB (0000:82:00.0)
TheanoLM 1.3.2
Theano 1.0.4
pygpu 0.7.6
==
+ srun --gres=gpu:1 theanolm decode /scratch/work/moisioa3/conv_lm/experiments/theanolm-morph-42k/expt2-sampled/nnlm.h5 --lattice-list /tmp/55088482/lattices/lattice-list --output-file /scratch/work/moisioa3/conv_lm/experiments/theanolm-morph-42k/expt2-sampled/decode/devel/lambda=0.5-lms=8/67.trn --output trn --nnlm-weight 0.5 --lm-scale 8 --max-tokens-per-node 62 --beam 650 --recombination-order 22 --num-jobs 128 --job 67 --unk-penalty=-20
2020-08-15 09:53:18,333 get_default_device: Context None device="Tesla P100-PCIE-16GB" ID="0000:82:00.0"
2020-08-15 09:53:18,335 from_file: Reading vocabulary from network state.
2020-08-15 09:53:18,589 from_file: Number of words in vocabulary: 42699
2020-08-15 09:53:18,589 from_file: Number of words in shortlist: 42699
2020-08-15 09:53:18,589 from_file: Number of word classes: 42699
2020-08-15 09:53:18,589 from_file: Building neural network.
2020-08-15 09:54:09,037 from_file: Restoring neural network state.
2020-08-15 09:54:09,759 decode: Building word lattice decoder.
/scratch/work/groszt1/envs/theanoLM/lib/python3.7/site-packages/theano/gpuarray/dnn.py:184: UserWarning: Your cuDNN version is more recent than Theano. If you encounter problems, try updating Theano or downgrading cuDNN to a version >= v5 and <= v7.
  warnings.warn("Your cuDNN version is more recent than "
Using cuDNN version 7600 on context None
Mapped name None to device cuda0: Tesla P100-PCIE-16GB (0000:82:00.0)
/scratch/work/groszt1/envs/theanoLM/lib/python3.7/site-packages/h5py-2.9.0-py3.7-linux-x86_64.egg/h5py/_hl/dataset.py:313: H5pyDeprecationWarning: dataset.value has been deprecated. Use dataset[()] instead.
  "Use dataset[()] instead.", H5pyDeprecationWarning)
/scratch/work/groszt1/envs/theanoLM/lib/python3.7/site-packages/h5py-2.9.0-py3.7-linux-x86_64.egg/h5py/_hl/dataset.py:313: H5pyDeprecationWarning: dataset.value has been deprecated. Use dataset[()] instead.
  "Use dataset[()] instead.", H5pyDeprecationWarning)
INFO (theano.gof.compilelock): Waiting for existing lock by process '14243' (I am process '13962')
2020-08-15 09:54:35,750 lock: Waiting for existing lock by process '14243' (I am process '13962')
INFO (theano.gof.compilelock): To manually release the lock, delete /tmp/theano/compiledir_Linux-3.10-el7.x86_64-x86_64-with-centos-7.8.2003-Core-x86_64-3.7.3-64/lock_dir
2020-08-15 09:54:35,751 lock: To manually release the lock, delete /tmp/theano/compiledir_Linux-3.10-el7.x86_64-x86_64-with-centos-7.8.2003-Core-x86_64-3.7.3-64/lock_dir
2020-08-15 09:54:46,828 __iter__: Reading lattice file `/tmp/55088482/lattices/dspm004_dsp2013_08.lat.gz´.
2020-08-15 09:54:48,705 decode: Utterance `dspm004_dsp2013_08´ -- 1 of job 67
2020-08-15 09:56:15,187 __iter__: Reading lattice file `/tmp/55088482/lattices/dspm014_dsp2013_02.lat.gz´.
2020-08-15 09:56:16,701 decode: Utterance `dspm014_dsp2013_02´ -- 2 of job 67
2020-08-15 09:57:09,944 __iter__: Reading lattice file `/tmp/55088482/lattices/dspm022_dsp2013_01.lat.gz´.
2020-08-15 09:57:10,018 decode: Utterance `dspm022_dsp2013_01´ -- 3 of job 67
2020-08-15 09:57:12,227 __iter__: Reading lattice file `/tmp/55088482/lattices/dspm031_dsp2013_14.lat.gz´.
2020-08-15 09:57:12,469 decode: Utterance `dspm031_dsp2013_14´ -- 4 of job 67
2020-08-15 09:57:19,721 __iter__: Reading lattice file `/tmp/55088482/lattices/dspm040_dsp2013_09.lat.gz´.
2020-08-15 09:57:19,725 decode: Utterance `dspm040_dsp2013_09´ -- 5 of job 67
2020-08-15 09:57:19,818 __iter__: Reading lattice file `/tmp/55088482/lattices/dspm049_dsp2013_11.lat.gz´.
2020-08-15 09:57:25,056 decode: Utterance `dspm049_dsp2013_11´ -- 6 of job 67
2020-08-15 10:00:17,446 __iter__: Reading lattice file `/tmp/55088482/lattices/dspm057_dsp2013_16.lat.gz´.
2020-08-15 10:00:17,457 decode: Utterance `dspm057_dsp2013_16´ -- 7 of job 67
2020-08-15 10:00:17,736 __iter__: Reading lattice file `/tmp/55088482/lattices/radioshaka_kbk20120915_30.lat.gz´.
2020-08-15 10:00:19,154 decode: Utterance `radioshaka_kbk20120915_30´ -- 8 of job 67
decode_theanolm finished.
/tmp/55088482/lattices
floatX=float32,device=cuda0,base_compiledir=/tmp/theano,exception_verbosity=high,openmp=False
/scratch/work/groszt1/envs/theanoLM/lib/python3.7/site-packages/theano/gpuarray/dnn.py:184: UserWarning: Your cuDNN version is more recent than Theano. If you encounter problems, try updating Theano or downgrading cuDNN to a version >= v5 and <= v7.
  warnings.warn("Your cuDNN version is more recent than "
Using cuDNN version 7600 on context None
Mapped name None to device cuda0: Tesla P100-PCIE-16GB (0000:82:00.0)
TheanoLM 1.3.2
Theano 1.0.4
pygpu 0.7.6
==
+ srun --gres=gpu:1 theanolm decode /scratch/work/moisioa3/conv_lm/experiments/theanolm-morph-42k/expt2-sampled/nnlm.h5 --lattice-list /tmp/55088482/lattices/lattice-list --output-file /scratch/work/moisioa3/conv_lm/experiments/theanolm-morph-42k/expt2-sampled/decode/devel/lambda=0.5-lms=9/67.trn --output trn --nnlm-weight 0.5 --lm-scale 9 --max-tokens-per-node 62 --beam 650 --recombination-order 22 --num-jobs 128 --job 67 --unk-penalty=-20
2020-08-15 10:00:57,954 get_default_device: Context None device="Tesla P100-PCIE-16GB" ID="0000:82:00.0"
2020-08-15 10:00:57,955 from_file: Reading vocabulary from network state.
2020-08-15 10:00:58,247 from_file: Number of words in vocabulary: 42699
2020-08-15 10:00:58,248 from_file: Number of words in shortlist: 42699
2020-08-15 10:00:58,248 from_file: Number of word classes: 42699
2020-08-15 10:00:58,248 from_file: Building neural network.
2020-08-15 10:01:43,182 from_file: Restoring neural network state.
2020-08-15 10:01:43,583 decode: Building word lattice decoder.
2020-08-15 10:01:49,351 __iter__: Reading lattice file `/tmp/55088482/lattices/dspm004_dsp2013_08.lat.gz´.
2020-08-15 10:01:51,363 decode: Utterance `dspm004_dsp2013_08´ -- 1 of job 67
2020-08-15 10:03:25,057 __iter__: Reading lattice file `/tmp/55088482/lattices/dspm014_dsp2013_02.lat.gz´.
2020-08-15 10:03:26,647 decode: Utterance `dspm014_dsp2013_02´ -- 2 of job 67
2020-08-15 10:04:22,086 __iter__: Reading lattice file `/tmp/55088482/lattices/dspm022_dsp2013_01.lat.gz´.
2020-08-15 10:04:22,161 decode: Utterance `dspm022_dsp2013_01´ -- 3 of job 67
2020-08-15 10:04:24,363 __iter__: Reading lattice file `/tmp/55088482/lattices/dspm031_dsp2013_14.lat.gz´.
2020-08-15 10:04:24,611 decode: Utterance `dspm031_dsp2013_14´ -- 4 of job 67
2020-08-15 10:04:32,258 __iter__: Reading lattice file `/tmp/55088482/lattices/dspm040_dsp2013_09.lat.gz´.
2020-08-15 10:04:32,261 decode: Utterance `dspm040_dsp2013_09´ -- 5 of job 67
2020-08-15 10:04:32,356 __iter__: Reading lattice file `/tmp/55088482/lattices/dspm049_dsp2013_11.lat.gz´.
2020-08-15 10:04:37,795 decode: Utterance `dspm049_dsp2013_11´ -- 6 of job 67
2020-08-15 10:07:31,491 __iter__: Reading lattice file `/tmp/55088482/lattices/dspm057_dsp2013_16.lat.gz´.
2020-08-15 10:07:31,501 decode: Utterance `dspm057_dsp2013_16´ -- 7 of job 67
2020-08-15 10:07:31,773 __iter__: Reading lattice file `/tmp/55088482/lattices/radioshaka_kbk20120915_30.lat.gz´.
2020-08-15 10:07:33,223 decode: Utterance `radioshaka_kbk20120915_30´ -- 8 of job 67
/scratch/work/groszt1/envs/theanoLM/lib/python3.7/site-packages/theano/gpuarray/dnn.py:184: UserWarning: Your cuDNN version is more recent than Theano. If you encounter problems, try updating Theano or downgrading cuDNN to a version >= v5 and <= v7.
  warnings.warn("Your cuDNN version is more recent than "
Using cuDNN version 7600 on context None
Mapped name None to device cuda0: Tesla P100-PCIE-16GB (0000:82:00.0)
/scratch/work/groszt1/envs/theanoLM/lib/python3.7/site-packages/h5py-2.9.0-py3.7-linux-x86_64.egg/h5py/_hl/dataset.py:313: H5pyDeprecationWarning: dataset.value has been deprecated. Use dataset[()] instead.
  "Use dataset[()] instead.", H5pyDeprecationWarning)
/scratch/work/groszt1/envs/theanoLM/lib/python3.7/site-packages/h5py-2.9.0-py3.7-linux-x86_64.egg/h5py/_hl/dataset.py:313: H5pyDeprecationWarning: dataset.value has been deprecated. Use dataset[()] instead.
  "Use dataset[()] instead.", H5pyDeprecationWarning)
decode_theanolm finished.
/tmp/55088482/lattices
floatX=float32,device=cuda0,base_compiledir=/tmp/theano,exception_verbosity=high,openmp=False
/scratch/work/groszt1/envs/theanoLM/lib/python3.7/site-packages/theano/gpuarray/dnn.py:184: UserWarning: Your cuDNN version is more recent than Theano. If you encounter problems, try updating Theano or downgrading cuDNN to a version >= v5 and <= v7.
  warnings.warn("Your cuDNN version is more recent than "
Using cuDNN version 7600 on context None
Mapped name None to device cuda0: Tesla P100-PCIE-16GB (0000:82:00.0)
TheanoLM 1.3.2
Theano 1.0.4
pygpu 0.7.6
==
+ srun --gres=gpu:1 theanolm decode /scratch/work/moisioa3/conv_lm/experiments/theanolm-morph-42k/expt2-sampled/nnlm.h5 --lattice-list /tmp/55088482/lattices/lattice-list --output-file /scratch/work/moisioa3/conv_lm/experiments/theanolm-morph-42k/expt2-sampled/decode/devel/lambda=0.5-lms=10/67.trn --output trn --nnlm-weight 0.5 --lm-scale 10 --max-tokens-per-node 62 --beam 650 --recombination-order 22 --num-jobs 128 --job 67 --unk-penalty=-20
2020-08-15 10:08:15,736 get_default_device: Context None device="Tesla P100-PCIE-16GB" ID="0000:82:00.0"
2020-08-15 10:08:15,738 from_file: Reading vocabulary from network state.
2020-08-15 10:08:16,033 from_file: Number of words in vocabulary: 42699
2020-08-15 10:08:16,033 from_file: Number of words in shortlist: 42699
2020-08-15 10:08:16,033 from_file: Number of word classes: 42699
2020-08-15 10:08:16,034 from_file: Building neural network.
2020-08-15 10:09:00,026 from_file: Restoring neural network state.
2020-08-15 10:09:00,368 decode: Building word lattice decoder.
2020-08-15 10:09:05,936 __iter__: Reading lattice file `/tmp/55088482/lattices/dspm004_dsp2013_08.lat.gz´.
2020-08-15 10:09:07,973 decode: Utterance `dspm004_dsp2013_08´ -- 1 of job 67
2020-08-15 10:10:43,647 __iter__: Reading lattice file `/tmp/55088482/lattices/dspm014_dsp2013_02.lat.gz´.
2020-08-15 10:10:45,204 decode: Utterance `dspm014_dsp2013_02´ -- 2 of job 67
2020-08-15 10:11:39,599 __iter__: Reading lattice file `/tmp/55088482/lattices/dspm022_dsp2013_01.lat.gz´.
2020-08-15 10:11:39,674 decode: Utterance `dspm022_dsp2013_01´ -- 3 of job 67
2020-08-15 10:11:41,883 __iter__: Reading lattice file `/tmp/55088482/lattices/dspm031_dsp2013_14.lat.gz´.
2020-08-15 10:11:42,124 decode: Utterance `dspm031_dsp2013_14´ -- 4 of job 67
2020-08-15 10:11:49,800 __iter__: Reading lattice file `/tmp/55088482/lattices/dspm040_dsp2013_09.lat.gz´.
2020-08-15 10:11:49,808 decode: Utterance `dspm040_dsp2013_09´ -- 5 of job 67
2020-08-15 10:11:49,904 __iter__: Reading lattice file `/tmp/55088482/lattices/dspm049_dsp2013_11.lat.gz´.
2020-08-15 10:11:55,293 decode: Utterance `dspm049_dsp2013_11´ -- 6 of job 67
2020-08-15 10:14:57,033 __iter__: Reading lattice file `/tmp/55088482/lattices/dspm057_dsp2013_16.lat.gz´.
2020-08-15 10:14:57,043 decode: Utterance `dspm057_dsp2013_16´ -- 7 of job 67
2020-08-15 10:14:57,314 __iter__: Reading lattice file `/tmp/55088482/lattices/radioshaka_kbk20120915_30.lat.gz´.
2020-08-15 10:14:58,775 decode: Utterance `radioshaka_kbk20120915_30´ -- 8 of job 67
/scratch/work/groszt1/envs/theanoLM/lib/python3.7/site-packages/theano/gpuarray/dnn.py:184: UserWarning: Your cuDNN version is more recent than Theano. If you encounter problems, try updating Theano or downgrading cuDNN to a version >= v5 and <= v7.
  warnings.warn("Your cuDNN version is more recent than "
Using cuDNN version 7600 on context None
Mapped name None to device cuda0: Tesla P100-PCIE-16GB (0000:82:00.0)
/scratch/work/groszt1/envs/theanoLM/lib/python3.7/site-packages/h5py-2.9.0-py3.7-linux-x86_64.egg/h5py/_hl/dataset.py:313: H5pyDeprecationWarning: dataset.value has been deprecated. Use dataset[()] instead.
  "Use dataset[()] instead.", H5pyDeprecationWarning)
/scratch/work/groszt1/envs/theanoLM/lib/python3.7/site-packages/h5py-2.9.0-py3.7-linux-x86_64.egg/h5py/_hl/dataset.py:313: H5pyDeprecationWarning: dataset.value has been deprecated. Use dataset[()] instead.
  "Use dataset[()] instead.", H5pyDeprecationWarning)
decode_theanolm finished.
/tmp/55088482/lattices
floatX=float32,device=cuda0,base_compiledir=/tmp/theano,exception_verbosity=high,openmp=False
/scratch/work/groszt1/envs/theanoLM/lib/python3.7/site-packages/theano/gpuarray/dnn.py:184: UserWarning: Your cuDNN version is more recent than Theano. If you encounter problems, try updating Theano or downgrading cuDNN to a version >= v5 and <= v7.
  warnings.warn("Your cuDNN version is more recent than "
Using cuDNN version 7600 on context None
Mapped name None to device cuda0: Tesla P100-PCIE-16GB (0000:82:00.0)
TheanoLM 1.3.2
Theano 1.0.4
pygpu 0.7.6
==
+ srun --gres=gpu:1 theanolm decode /scratch/work/moisioa3/conv_lm/experiments/theanolm-morph-42k/expt2-sampled/nnlm.h5 --lattice-list /tmp/55088482/lattices/lattice-list --output-file /scratch/work/moisioa3/conv_lm/experiments/theanolm-morph-42k/expt2-sampled/decode/devel/lambda=0.5-lms=11/67.trn --output trn --nnlm-weight 0.5 --lm-scale 11 --max-tokens-per-node 62 --beam 650 --recombination-order 22 --num-jobs 128 --job 67 --unk-penalty=-20
2020-08-15 10:15:41,153 get_default_device: Context None device="Tesla P100-PCIE-16GB" ID="0000:82:00.0"
2020-08-15 10:15:41,154 from_file: Reading vocabulary from network state.
2020-08-15 10:15:41,453 from_file: Number of words in vocabulary: 42699
2020-08-15 10:15:41,453 from_file: Number of words in shortlist: 42699
2020-08-15 10:15:41,454 from_file: Number of word classes: 42699
2020-08-15 10:15:41,454 from_file: Building neural network.
2020-08-15 10:16:25,378 from_file: Restoring neural network state.
2020-08-15 10:16:25,727 decode: Building word lattice decoder.
2020-08-15 10:16:31,355 __iter__: Reading lattice file `/tmp/55088482/lattices/dspm004_dsp2013_08.lat.gz´.
2020-08-15 10:16:33,381 decode: Utterance `dspm004_dsp2013_08´ -- 1 of job 67
2020-08-15 10:18:11,601 __iter__: Reading lattice file `/tmp/55088482/lattices/dspm014_dsp2013_02.lat.gz´.
2020-08-15 10:18:13,164 decode: Utterance `dspm014_dsp2013_02´ -- 2 of job 67
2020-08-15 10:19:07,702 __iter__: Reading lattice file `/tmp/55088482/lattices/dspm022_dsp2013_01.lat.gz´.
2020-08-15 10:19:07,778 decode: Utterance `dspm022_dsp2013_01´ -- 3 of job 67
2020-08-15 10:19:10,007 __iter__: Reading lattice file `/tmp/55088482/lattices/dspm031_dsp2013_14.lat.gz´.
2020-08-15 10:19:10,254 decode: Utterance `dspm031_dsp2013_14´ -- 4 of job 67
2020-08-15 10:19:18,043 __iter__: Reading lattice file `/tmp/55088482/lattices/dspm040_dsp2013_09.lat.gz´.
2020-08-15 10:19:18,046 decode: Utterance `dspm040_dsp2013_09´ -- 5 of job 67
2020-08-15 10:19:18,143 __iter__: Reading lattice file `/tmp/55088482/lattices/dspm049_dsp2013_11.lat.gz´.
2020-08-15 10:19:23,539 decode: Utterance `dspm049_dsp2013_11´ -- 6 of job 67
2020-08-15 10:22:36,676 __iter__: Reading lattice file `/tmp/55088482/lattices/dspm057_dsp2013_16.lat.gz´.
2020-08-15 10:22:36,686 decode: Utterance `dspm057_dsp2013_16´ -- 7 of job 67
2020-08-15 10:22:36,957 __iter__: Reading lattice file `/tmp/55088482/lattices/radioshaka_kbk20120915_30.lat.gz´.
2020-08-15 10:22:38,392 decode: Utterance `radioshaka_kbk20120915_30´ -- 8 of job 67
/scratch/work/groszt1/envs/theanoLM/lib/python3.7/site-packages/theano/gpuarray/dnn.py:184: UserWarning: Your cuDNN version is more recent than Theano. If you encounter problems, try updating Theano or downgrading cuDNN to a version >= v5 and <= v7.
  warnings.warn("Your cuDNN version is more recent than "
Using cuDNN version 7600 on context None
Mapped name None to device cuda0: Tesla P100-PCIE-16GB (0000:82:00.0)
/scratch/work/groszt1/envs/theanoLM/lib/python3.7/site-packages/h5py-2.9.0-py3.7-linux-x86_64.egg/h5py/_hl/dataset.py:313: H5pyDeprecationWarning: dataset.value has been deprecated. Use dataset[()] instead.
  "Use dataset[()] instead.", H5pyDeprecationWarning)
/scratch/work/groszt1/envs/theanoLM/lib/python3.7/site-packages/h5py-2.9.0-py3.7-linux-x86_64.egg/h5py/_hl/dataset.py:313: H5pyDeprecationWarning: dataset.value has been deprecated. Use dataset[()] instead.
  "Use dataset[()] instead.", H5pyDeprecationWarning)
decode_theanolm finished.
/tmp/55088482/lattices
floatX=float32,device=cuda0,base_compiledir=/tmp/theano,exception_verbosity=high,openmp=False
/scratch/work/groszt1/envs/theanoLM/lib/python3.7/site-packages/theano/gpuarray/dnn.py:184: UserWarning: Your cuDNN version is more recent than Theano. If you encounter problems, try updating Theano or downgrading cuDNN to a version >= v5 and <= v7.
  warnings.warn("Your cuDNN version is more recent than "
Using cuDNN version 7600 on context None
Mapped name None to device cuda0: Tesla P100-PCIE-16GB (0000:82:00.0)
TheanoLM 1.3.2
Theano 1.0.4
pygpu 0.7.6
==
+ srun --gres=gpu:1 theanolm decode /scratch/work/moisioa3/conv_lm/experiments/theanolm-morph-42k/expt2-sampled/nnlm.h5 --lattice-list /tmp/55088482/lattices/lattice-list --output-file /scratch/work/moisioa3/conv_lm/experiments/theanolm-morph-42k/expt2-sampled/decode/devel/lambda=0.5-lms=12/67.trn --output trn --nnlm-weight 0.5 --lm-scale 12 --max-tokens-per-node 62 --beam 650 --recombination-order 22 --num-jobs 128 --job 67 --unk-penalty=-20
2020-08-15 10:23:25,366 get_default_device: Context None device="Tesla P100-PCIE-16GB" ID="0000:82:00.0"
2020-08-15 10:23:25,367 from_file: Reading vocabulary from network state.
2020-08-15 10:23:25,654 from_file: Number of words in vocabulary: 42699
2020-08-15 10:23:25,655 from_file: Number of words in shortlist: 42699
2020-08-15 10:23:25,655 from_file: Number of word classes: 42699
2020-08-15 10:23:25,655 from_file: Building neural network.
2020-08-15 10:24:09,077 from_file: Restoring neural network state.
2020-08-15 10:24:09,436 decode: Building word lattice decoder.
2020-08-15 10:24:14,745 __iter__: Reading lattice file `/tmp/55088482/lattices/dspm004_dsp2013_08.lat.gz´.
2020-08-15 10:24:16,676 decode: Utterance `dspm004_dsp2013_08´ -- 1 of job 67
2020-08-15 10:25:53,783 __iter__: Reading lattice file `/tmp/55088482/lattices/dspm014_dsp2013_02.lat.gz´.
2020-08-15 10:25:55,409 decode: Utterance `dspm014_dsp2013_02´ -- 2 of job 67
2020-08-15 10:26:52,798 __iter__: Reading lattice file `/tmp/55088482/lattices/dspm022_dsp2013_01.lat.gz´.
2020-08-15 10:26:52,875 decode: Utterance `dspm022_dsp2013_01´ -- 3 of job 67
2020-08-15 10:26:55,229 __iter__: Reading lattice file `/tmp/55088482/lattices/dspm031_dsp2013_14.lat.gz´.
2020-08-15 10:26:55,464 decode: Utterance `dspm031_dsp2013_14´ -- 4 of job 67
2020-08-15 10:27:03,452 __iter__: Reading lattice file `/tmp/55088482/lattices/dspm040_dsp2013_09.lat.gz´.
2020-08-15 10:27:03,455 decode: Utterance `dspm040_dsp2013_09´ -- 5 of job 67
2020-08-15 10:27:03,552 __iter__: Reading lattice file `/tmp/55088482/lattices/dspm049_dsp2013_11.lat.gz´.
2020-08-15 10:27:08,698 decode: Utterance `dspm049_dsp2013_11´ -- 6 of job 67
2020-08-15 10:30:28,212 __iter__: Reading lattice file `/tmp/55088482/lattices/dspm057_dsp2013_16.lat.gz´.
2020-08-15 10:30:28,223 decode: Utterance `dspm057_dsp2013_16´ -- 7 of job 67
2020-08-15 10:30:28,524 __iter__: Reading lattice file `/tmp/55088482/lattices/radioshaka_kbk20120915_30.lat.gz´.
2020-08-15 10:30:29,965 decode: Utterance `radioshaka_kbk20120915_30´ -- 8 of job 67
/scratch/work/groszt1/envs/theanoLM/lib/python3.7/site-packages/theano/gpuarray/dnn.py:184: UserWarning: Your cuDNN version is more recent than Theano. If you encounter problems, try updating Theano or downgrading cuDNN to a version >= v5 and <= v7.
  warnings.warn("Your cuDNN version is more recent than "
Using cuDNN version 7600 on context None
Mapped name None to device cuda0: Tesla P100-PCIE-16GB (0000:82:00.0)
/scratch/work/groszt1/envs/theanoLM/lib/python3.7/site-packages/h5py-2.9.0-py3.7-linux-x86_64.egg/h5py/_hl/dataset.py:313: H5pyDeprecationWarning: dataset.value has been deprecated. Use dataset[()] instead.
  "Use dataset[()] instead.", H5pyDeprecationWarning)
/scratch/work/groszt1/envs/theanoLM/lib/python3.7/site-packages/h5py-2.9.0-py3.7-linux-x86_64.egg/h5py/_hl/dataset.py:313: H5pyDeprecationWarning: dataset.value has been deprecated. Use dataset[()] instead.
  "Use dataset[()] instead.", H5pyDeprecationWarning)
decode_theanolm finished.
/tmp/55088482/lattices
floatX=float32,device=cuda0,base_compiledir=/tmp/theano,exception_verbosity=high,openmp=False
/scratch/work/groszt1/envs/theanoLM/lib/python3.7/site-packages/theano/gpuarray/dnn.py:184: UserWarning: Your cuDNN version is more recent than Theano. If you encounter problems, try updating Theano or downgrading cuDNN to a version >= v5 and <= v7.
  warnings.warn("Your cuDNN version is more recent than "
Using cuDNN version 7600 on context None
Mapped name None to device cuda0: Tesla P100-PCIE-16GB (0000:82:00.0)
TheanoLM 1.3.2
Theano 1.0.4
pygpu 0.7.6
==
+ srun --gres=gpu:1 theanolm decode /scratch/work/moisioa3/conv_lm/experiments/theanolm-morph-42k/expt2-sampled/nnlm.h5 --lattice-list /tmp/55088482/lattices/lattice-list --output-file /scratch/work/moisioa3/conv_lm/experiments/theanolm-morph-42k/expt2-sampled/decode/devel/lambda=1.0-lms=8/67.trn --output trn --nnlm-weight 1.0 --lm-scale 8 --max-tokens-per-node 62 --beam 650 --recombination-order 22 --num-jobs 128 --job 67 --unk-penalty=-20
2020-08-15 10:31:15,941 get_default_device: Context None device="Tesla P100-PCIE-16GB" ID="0000:82:00.0"
2020-08-15 10:31:15,942 from_file: Reading vocabulary from network state.
2020-08-15 10:31:16,238 from_file: Number of words in vocabulary: 42699
2020-08-15 10:31:16,238 from_file: Number of words in shortlist: 42699
2020-08-15 10:31:16,239 from_file: Number of word classes: 42699
2020-08-15 10:31:16,239 from_file: Building neural network.
2020-08-15 10:31:59,316 from_file: Restoring neural network state.
2020-08-15 10:31:59,679 decode: Building word lattice decoder.
2020-08-15 10:32:04,966 __iter__: Reading lattice file `/tmp/55088482/lattices/dspm004_dsp2013_08.lat.gz´.
2020-08-15 10:32:06,876 decode: Utterance `dspm004_dsp2013_08´ -- 1 of job 67
2020-08-15 10:33:22,432 __iter__: Reading lattice file `/tmp/55088482/lattices/dspm014_dsp2013_02.lat.gz´.
2020-08-15 10:33:23,981 decode: Utterance `dspm014_dsp2013_02´ -- 2 of job 67
2020-08-15 10:34:12,870 __iter__: Reading lattice file `/tmp/55088482/lattices/dspm022_dsp2013_01.lat.gz´.
2020-08-15 10:34:12,941 decode: Utterance `dspm022_dsp2013_01´ -- 3 of job 67
2020-08-15 10:34:14,790 __iter__: Reading lattice file `/tmp/55088482/lattices/dspm031_dsp2013_14.lat.gz´.
2020-08-15 10:34:15,041 decode: Utterance `dspm031_dsp2013_14´ -- 4 of job 67
2020-08-15 10:34:21,378 __iter__: Reading lattice file `/tmp/55088482/lattices/dspm040_dsp2013_09.lat.gz´.
2020-08-15 10:34:21,382 decode: Utterance `dspm040_dsp2013_09´ -- 5 of job 67
2020-08-15 10:34:21,476 __iter__: Reading lattice file `/tmp/55088482/lattices/dspm049_dsp2013_11.lat.gz´.
2020-08-15 10:34:26,732 decode: Utterance `dspm049_dsp2013_11´ -- 6 of job 67
2020-08-15 10:37:02,588 __iter__: Reading lattice file `/tmp/55088482/lattices/dspm057_dsp2013_16.lat.gz´.
2020-08-15 10:37:02,599 decode: Utterance `dspm057_dsp2013_16´ -- 7 of job 67
2020-08-15 10:37:02,897 __iter__: Reading lattice file `/tmp/55088482/lattices/radioshaka_kbk20120915_30.lat.gz´.
2020-08-15 10:37:04,368 decode: Utterance `radioshaka_kbk20120915_30´ -- 8 of job 67
/scratch/work/groszt1/envs/theanoLM/lib/python3.7/site-packages/theano/gpuarray/dnn.py:184: UserWarning: Your cuDNN version is more recent than Theano. If you encounter problems, try updating Theano or downgrading cuDNN to a version >= v5 and <= v7.
  warnings.warn("Your cuDNN version is more recent than "
Using cuDNN version 7600 on context None
Mapped name None to device cuda0: Tesla P100-PCIE-16GB (0000:82:00.0)
/scratch/work/groszt1/envs/theanoLM/lib/python3.7/site-packages/h5py-2.9.0-py3.7-linux-x86_64.egg/h5py/_hl/dataset.py:313: H5pyDeprecationWarning: dataset.value has been deprecated. Use dataset[()] instead.
  "Use dataset[()] instead.", H5pyDeprecationWarning)
/scratch/work/groszt1/envs/theanoLM/lib/python3.7/site-packages/h5py-2.9.0-py3.7-linux-x86_64.egg/h5py/_hl/dataset.py:313: H5pyDeprecationWarning: dataset.value has been deprecated. Use dataset[()] instead.
  "Use dataset[()] instead.", H5pyDeprecationWarning)
decode_theanolm finished.
/tmp/55088482/lattices
floatX=float32,device=cuda0,base_compiledir=/tmp/theano,exception_verbosity=high,openmp=False
/scratch/work/groszt1/envs/theanoLM/lib/python3.7/site-packages/theano/gpuarray/dnn.py:184: UserWarning: Your cuDNN version is more recent than Theano. If you encounter problems, try updating Theano or downgrading cuDNN to a version >= v5 and <= v7.
  warnings.warn("Your cuDNN version is more recent than "
Using cuDNN version 7600 on context None
Mapped name None to device cuda0: Tesla P100-PCIE-16GB (0000:82:00.0)
TheanoLM 1.3.2
Theano 1.0.4
pygpu 0.7.6
==
+ srun --gres=gpu:1 theanolm decode /scratch/work/moisioa3/conv_lm/experiments/theanolm-morph-42k/expt2-sampled/nnlm.h5 --lattice-list /tmp/55088482/lattices/lattice-list --output-file /scratch/work/moisioa3/conv_lm/experiments/theanolm-morph-42k/expt2-sampled/decode/devel/lambda=1.0-lms=9/67.trn --output trn --nnlm-weight 1.0 --lm-scale 9 --max-tokens-per-node 62 --beam 650 --recombination-order 22 --num-jobs 128 --job 67 --unk-penalty=-20
2020-08-15 10:37:41,040 get_default_device: Context None device="Tesla P100-PCIE-16GB" ID="0000:82:00.0"
2020-08-15 10:37:41,042 from_file: Reading vocabulary from network state.
2020-08-15 10:37:41,340 from_file: Number of words in vocabulary: 42699
2020-08-15 10:37:41,340 from_file: Number of words in shortlist: 42699
2020-08-15 10:37:41,340 from_file: Number of word classes: 42699
2020-08-15 10:37:41,340 from_file: Building neural network.
2020-08-15 10:38:24,470 from_file: Restoring neural network state.
2020-08-15 10:38:24,829 decode: Building word lattice decoder.
2020-08-15 10:38:30,501 __iter__: Reading lattice file `/tmp/55088482/lattices/dspm004_dsp2013_08.lat.gz´.
2020-08-15 10:38:32,504 decode: Utterance `dspm004_dsp2013_08´ -- 1 of job 67
2020-08-15 10:39:48,780 __iter__: Reading lattice file `/tmp/55088482/lattices/dspm014_dsp2013_02.lat.gz´.
2020-08-15 10:39:50,311 decode: Utterance `dspm014_dsp2013_02´ -- 2 of job 67
2020-08-15 10:40:37,475 __iter__: Reading lattice file `/tmp/55088482/lattices/dspm022_dsp2013_01.lat.gz´.
2020-08-15 10:40:37,552 decode: Utterance `dspm022_dsp2013_01´ -- 3 of job 67
2020-08-15 10:40:39,386 __iter__: Reading lattice file `/tmp/55088482/lattices/dspm031_dsp2013_14.lat.gz´.
2020-08-15 10:40:39,634 decode: Utterance `dspm031_dsp2013_14´ -- 4 of job 67
2020-08-15 10:40:46,024 __iter__: Reading lattice file `/tmp/55088482/lattices/dspm040_dsp2013_09.lat.gz´.
2020-08-15 10:40:46,027 decode: Utterance `dspm040_dsp2013_09´ -- 5 of job 67
2020-08-15 10:40:46,136 __iter__: Reading lattice file `/tmp/55088482/lattices/dspm049_dsp2013_11.lat.gz´.
2020-08-15 10:40:51,543 decode: Utterance `dspm049_dsp2013_11´ -- 6 of job 67
2020-08-15 10:43:29,355 __iter__: Reading lattice file `/tmp/55088482/lattices/dspm057_dsp2013_16.lat.gz´.
2020-08-15 10:43:29,365 decode: Utterance `dspm057_dsp2013_16´ -- 7 of job 67
2020-08-15 10:43:29,631 __iter__: Reading lattice file `/tmp/55088482/lattices/radioshaka_kbk20120915_30.lat.gz´.
2020-08-15 10:43:31,060 decode: Utterance `radioshaka_kbk20120915_30´ -- 8 of job 67
/scratch/work/groszt1/envs/theanoLM/lib/python3.7/site-packages/theano/gpuarray/dnn.py:184: UserWarning: Your cuDNN version is more recent than Theano. If you encounter problems, try updating Theano or downgrading cuDNN to a version >= v5 and <= v7.
  warnings.warn("Your cuDNN version is more recent than "
Using cuDNN version 7600 on context None
Mapped name None to device cuda0: Tesla P100-PCIE-16GB (0000:82:00.0)
/scratch/work/groszt1/envs/theanoLM/lib/python3.7/site-packages/h5py-2.9.0-py3.7-linux-x86_64.egg/h5py/_hl/dataset.py:313: H5pyDeprecationWarning: dataset.value has been deprecated. Use dataset[()] instead.
  "Use dataset[()] instead.", H5pyDeprecationWarning)
/scratch/work/groszt1/envs/theanoLM/lib/python3.7/site-packages/h5py-2.9.0-py3.7-linux-x86_64.egg/h5py/_hl/dataset.py:313: H5pyDeprecationWarning: dataset.value has been deprecated. Use dataset[()] instead.
  "Use dataset[()] instead.", H5pyDeprecationWarning)
decode_theanolm finished.
/tmp/55088482/lattices
floatX=float32,device=cuda0,base_compiledir=/tmp/theano,exception_verbosity=high,openmp=False
/scratch/work/groszt1/envs/theanoLM/lib/python3.7/site-packages/theano/gpuarray/dnn.py:184: UserWarning: Your cuDNN version is more recent than Theano. If you encounter problems, try updating Theano or downgrading cuDNN to a version >= v5 and <= v7.
  warnings.warn("Your cuDNN version is more recent than "
Using cuDNN version 7600 on context None
Mapped name None to device cuda0: Tesla P100-PCIE-16GB (0000:82:00.0)
TheanoLM 1.3.2
Theano 1.0.4
pygpu 0.7.6
==
+ srun --gres=gpu:1 theanolm decode /scratch/work/moisioa3/conv_lm/experiments/theanolm-morph-42k/expt2-sampled/nnlm.h5 --lattice-list /tmp/55088482/lattices/lattice-list --output-file /scratch/work/moisioa3/conv_lm/experiments/theanolm-morph-42k/expt2-sampled/decode/devel/lambda=1.0-lms=10/67.trn --output trn --nnlm-weight 1.0 --lm-scale 10 --max-tokens-per-node 62 --beam 650 --recombination-order 22 --num-jobs 128 --job 67 --unk-penalty=-20
2020-08-15 10:44:07,398 get_default_device: Context None device="Tesla P100-PCIE-16GB" ID="0000:82:00.0"
2020-08-15 10:44:07,399 from_file: Reading vocabulary from network state.
2020-08-15 10:44:07,699 from_file: Number of words in vocabulary: 42699
2020-08-15 10:44:07,699 from_file: Number of words in shortlist: 42699
2020-08-15 10:44:07,699 from_file: Number of word classes: 42699
2020-08-15 10:44:07,700 from_file: Building neural network.
2020-08-15 10:44:51,351 from_file: Restoring neural network state.
2020-08-15 10:44:51,716 decode: Building word lattice decoder.
2020-08-15 10:44:57,395 __iter__: Reading lattice file `/tmp/55088482/lattices/dspm004_dsp2013_08.lat.gz´.
2020-08-15 10:44:59,397 decode: Utterance `dspm004_dsp2013_08´ -- 1 of job 67
2020-08-15 10:46:15,490 __iter__: Reading lattice file `/tmp/55088482/lattices/dspm014_dsp2013_02.lat.gz´.
2020-08-15 10:46:16,998 decode: Utterance `dspm014_dsp2013_02´ -- 2 of job 67
2020-08-15 10:47:05,067 __iter__: Reading lattice file `/tmp/55088482/lattices/dspm022_dsp2013_01.lat.gz´.
2020-08-15 10:47:05,143 decode: Utterance `dspm022_dsp2013_01´ -- 3 of job 67
2020-08-15 10:47:07,109 __iter__: Reading lattice file `/tmp/55088482/lattices/dspm031_dsp2013_14.lat.gz´.
2020-08-15 10:47:07,355 decode: Utterance `dspm031_dsp2013_14´ -- 4 of job 67
2020-08-15 10:47:13,513 __iter__: Reading lattice file `/tmp/55088482/lattices/dspm040_dsp2013_09.lat.gz´.
2020-08-15 10:47:13,516 decode: Utterance `dspm040_dsp2013_09´ -- 5 of job 67
2020-08-15 10:47:13,612 __iter__: Reading lattice file `/tmp/55088482/lattices/dspm049_dsp2013_11.lat.gz´.
2020-08-15 10:47:19,031 decode: Utterance `dspm049_dsp2013_11´ -- 6 of job 67
2020-08-15 10:49:57,404 __iter__: Reading lattice file `/tmp/55088482/lattices/dspm057_dsp2013_16.lat.gz´.
2020-08-15 10:49:57,414 decode: Utterance `dspm057_dsp2013_16´ -- 7 of job 67
2020-08-15 10:49:57,682 __iter__: Reading lattice file `/tmp/55088482/lattices/radioshaka_kbk20120915_30.lat.gz´.
2020-08-15 10:49:59,129 decode: Utterance `radioshaka_kbk20120915_30´ -- 8 of job 67
/scratch/work/groszt1/envs/theanoLM/lib/python3.7/site-packages/theano/gpuarray/dnn.py:184: UserWarning: Your cuDNN version is more recent than Theano. If you encounter problems, try updating Theano or downgrading cuDNN to a version >= v5 and <= v7.
  warnings.warn("Your cuDNN version is more recent than "
Using cuDNN version 7600 on context None
Mapped name None to device cuda0: Tesla P100-PCIE-16GB (0000:82:00.0)
/scratch/work/groszt1/envs/theanoLM/lib/python3.7/site-packages/h5py-2.9.0-py3.7-linux-x86_64.egg/h5py/_hl/dataset.py:313: H5pyDeprecationWarning: dataset.value has been deprecated. Use dataset[()] instead.
  "Use dataset[()] instead.", H5pyDeprecationWarning)
/scratch/work/groszt1/envs/theanoLM/lib/python3.7/site-packages/h5py-2.9.0-py3.7-linux-x86_64.egg/h5py/_hl/dataset.py:313: H5pyDeprecationWarning: dataset.value has been deprecated. Use dataset[()] instead.
  "Use dataset[()] instead.", H5pyDeprecationWarning)
decode_theanolm finished.
/tmp/55088482/lattices
floatX=float32,device=cuda0,base_compiledir=/tmp/theano,exception_verbosity=high,openmp=False
/scratch/work/groszt1/envs/theanoLM/lib/python3.7/site-packages/theano/gpuarray/dnn.py:184: UserWarning: Your cuDNN version is more recent than Theano. If you encounter problems, try updating Theano or downgrading cuDNN to a version >= v5 and <= v7.
  warnings.warn("Your cuDNN version is more recent than "
Using cuDNN version 7600 on context None
Mapped name None to device cuda0: Tesla P100-PCIE-16GB (0000:82:00.0)
TheanoLM 1.3.2
Theano 1.0.4
pygpu 0.7.6
==
+ srun --gres=gpu:1 theanolm decode /scratch/work/moisioa3/conv_lm/experiments/theanolm-morph-42k/expt2-sampled/nnlm.h5 --lattice-list /tmp/55088482/lattices/lattice-list --output-file /scratch/work/moisioa3/conv_lm/experiments/theanolm-morph-42k/expt2-sampled/decode/devel/lambda=1.0-lms=11/67.trn --output trn --nnlm-weight 1.0 --lm-scale 11 --max-tokens-per-node 62 --beam 650 --recombination-order 22 --num-jobs 128 --job 67 --unk-penalty=-20
2020-08-15 10:50:35,268 get_default_device: Context None device="Tesla P100-PCIE-16GB" ID="0000:82:00.0"
2020-08-15 10:50:35,269 from_file: Reading vocabulary from network state.
2020-08-15 10:50:35,544 from_file: Number of words in vocabulary: 42699
2020-08-15 10:50:35,545 from_file: Number of words in shortlist: 42699
2020-08-15 10:50:35,545 from_file: Number of word classes: 42699
2020-08-15 10:50:35,545 from_file: Building neural network.
2020-08-15 10:51:22,680 from_file: Restoring neural network state.
2020-08-15 10:51:23,019 decode: Building word lattice decoder.
2020-08-15 10:51:28,211 __iter__: Reading lattice file `/tmp/55088482/lattices/dspm004_dsp2013_08.lat.gz´.
2020-08-15 10:51:30,117 decode: Utterance `dspm004_dsp2013_08´ -- 1 of job 67
2020-08-15 10:52:42,434 __iter__: Reading lattice file `/tmp/55088482/lattices/dspm014_dsp2013_02.lat.gz´.
2020-08-15 10:52:43,918 decode: Utterance `dspm014_dsp2013_02´ -- 2 of job 67
2020-08-15 10:53:32,753 __iter__: Reading lattice file `/tmp/55088482/lattices/dspm022_dsp2013_01.lat.gz´.
2020-08-15 10:53:32,830 decode: Utterance `dspm022_dsp2013_01´ -- 3 of job 67
2020-08-15 10:53:34,547 __iter__: Reading lattice file `/tmp/55088482/lattices/dspm031_dsp2013_14.lat.gz´.
2020-08-15 10:53:34,793 decode: Utterance `dspm031_dsp2013_14´ -- 4 of job 67
2020-08-15 10:53:40,649 __iter__: Reading lattice file `/tmp/55088482/lattices/dspm040_dsp2013_09.lat.gz´.
2020-08-15 10:53:40,652 decode: Utterance `dspm040_dsp2013_09´ -- 5 of job 67
2020-08-15 10:53:40,762 __iter__: Reading lattice file `/tmp/55088482/lattices/dspm049_dsp2013_11.lat.gz´.
2020-08-15 10:53:46,205 decode: Utterance `dspm049_dsp2013_11´ -- 6 of job 67
2020-08-15 10:56:20,828 __iter__: Reading lattice file `/tmp/55088482/lattices/dspm057_dsp2013_16.lat.gz´.
2020-08-15 10:56:20,839 decode: Utterance `dspm057_dsp2013_16´ -- 7 of job 67
2020-08-15 10:56:21,136 __iter__: Reading lattice file `/tmp/55088482/lattices/radioshaka_kbk20120915_30.lat.gz´.
2020-08-15 10:56:22,605 decode: Utterance `radioshaka_kbk20120915_30´ -- 8 of job 67
/scratch/work/groszt1/envs/theanoLM/lib/python3.7/site-packages/theano/gpuarray/dnn.py:184: UserWarning: Your cuDNN version is more recent than Theano. If you encounter problems, try updating Theano or downgrading cuDNN to a version >= v5 and <= v7.
  warnings.warn("Your cuDNN version is more recent than "
Using cuDNN version 7600 on context None
Mapped name None to device cuda0: Tesla P100-PCIE-16GB (0000:82:00.0)
/scratch/work/groszt1/envs/theanoLM/lib/python3.7/site-packages/h5py-2.9.0-py3.7-linux-x86_64.egg/h5py/_hl/dataset.py:313: H5pyDeprecationWarning: dataset.value has been deprecated. Use dataset[()] instead.
  "Use dataset[()] instead.", H5pyDeprecationWarning)
/scratch/work/groszt1/envs/theanoLM/lib/python3.7/site-packages/h5py-2.9.0-py3.7-linux-x86_64.egg/h5py/_hl/dataset.py:313: H5pyDeprecationWarning: dataset.value has been deprecated. Use dataset[()] instead.
  "Use dataset[()] instead.", H5pyDeprecationWarning)
decode_theanolm finished.
/tmp/55088482/lattices
floatX=float32,device=cuda0,base_compiledir=/tmp/theano,exception_verbosity=high,openmp=False
/scratch/work/groszt1/envs/theanoLM/lib/python3.7/site-packages/theano/gpuarray/dnn.py:184: UserWarning: Your cuDNN version is more recent than Theano. If you encounter problems, try updating Theano or downgrading cuDNN to a version >= v5 and <= v7.
  warnings.warn("Your cuDNN version is more recent than "
Using cuDNN version 7600 on context None
Mapped name None to device cuda0: Tesla P100-PCIE-16GB (0000:82:00.0)
TheanoLM 1.3.2
Theano 1.0.4
pygpu 0.7.6
==
+ srun --gres=gpu:1 theanolm decode /scratch/work/moisioa3/conv_lm/experiments/theanolm-morph-42k/expt2-sampled/nnlm.h5 --lattice-list /tmp/55088482/lattices/lattice-list --output-file /scratch/work/moisioa3/conv_lm/experiments/theanolm-morph-42k/expt2-sampled/decode/devel/lambda=1.0-lms=12/67.trn --output trn --nnlm-weight 1.0 --lm-scale 12 --max-tokens-per-node 62 --beam 650 --recombination-order 22 --num-jobs 128 --job 67 --unk-penalty=-20
2020-08-15 10:57:02,208 get_default_device: Context None device="Tesla P100-PCIE-16GB" ID="0000:82:00.0"
2020-08-15 10:57:02,209 from_file: Reading vocabulary from network state.
2020-08-15 10:57:02,472 from_file: Number of words in vocabulary: 42699
2020-08-15 10:57:02,472 from_file: Number of words in shortlist: 42699
2020-08-15 10:57:02,473 from_file: Number of word classes: 42699
2020-08-15 10:57:02,473 from_file: Building neural network.
2020-08-15 10:57:45,272 from_file: Restoring neural network state.
2020-08-15 10:57:45,633 decode: Building word lattice decoder.
2020-08-15 10:57:51,043 __iter__: Reading lattice file `/tmp/55088482/lattices/dspm004_dsp2013_08.lat.gz´.
2020-08-15 10:57:53,019 decode: Utterance `dspm004_dsp2013_08´ -- 1 of job 67
2020-08-15 10:59:08,178 __iter__: Reading lattice file `/tmp/55088482/lattices/dspm014_dsp2013_02.lat.gz´.
2020-08-15 10:59:09,704 decode: Utterance `dspm014_dsp2013_02´ -- 2 of job 67
2020-08-15 10:59:57,067 __iter__: Reading lattice file `/tmp/55088482/lattices/dspm022_dsp2013_01.lat.gz´.
2020-08-15 10:59:57,145 decode: Utterance `dspm022_dsp2013_01´ -- 3 of job 67
2020-08-15 10:59:58,903 __iter__: Reading lattice file `/tmp/55088482/lattices/dspm031_dsp2013_14.lat.gz´.
2020-08-15 10:59:59,148 decode: Utterance `dspm031_dsp2013_14´ -- 4 of job 67
2020-08-15 11:00:04,958 __iter__: Reading lattice file `/tmp/55088482/lattices/dspm040_dsp2013_09.lat.gz´.
2020-08-15 11:00:04,961 decode: Utterance `dspm040_dsp2013_09´ -- 5 of job 67
2020-08-15 11:00:05,059 __iter__: Reading lattice file `/tmp/55088482/lattices/dspm049_dsp2013_11.lat.gz´.
2020-08-15 11:00:10,481 decode: Utterance `dspm049_dsp2013_11´ -- 6 of job 67
2020-08-15 11:02:46,391 __iter__: Reading lattice file `/tmp/55088482/lattices/dspm057_dsp2013_16.lat.gz´.
2020-08-15 11:02:46,402 decode: Utterance `dspm057_dsp2013_16´ -- 7 of job 67
2020-08-15 11:02:46,666 __iter__: Reading lattice file `/tmp/55088482/lattices/radioshaka_kbk20120915_30.lat.gz´.
2020-08-15 11:02:48,102 decode: Utterance `radioshaka_kbk20120915_30´ -- 8 of job 67
/scratch/work/groszt1/envs/theanoLM/lib/python3.7/site-packages/theano/gpuarray/dnn.py:184: UserWarning: Your cuDNN version is more recent than Theano. If you encounter problems, try updating Theano or downgrading cuDNN to a version >= v5 and <= v7.
  warnings.warn("Your cuDNN version is more recent than "
Using cuDNN version 7600 on context None
Mapped name None to device cuda0: Tesla P100-PCIE-16GB (0000:82:00.0)
/scratch/work/groszt1/envs/theanoLM/lib/python3.7/site-packages/h5py-2.9.0-py3.7-linux-x86_64.egg/h5py/_hl/dataset.py:313: H5pyDeprecationWarning: dataset.value has been deprecated. Use dataset[()] instead.
  "Use dataset[()] instead.", H5pyDeprecationWarning)
/scratch/work/groszt1/envs/theanoLM/lib/python3.7/site-packages/h5py-2.9.0-py3.7-linux-x86_64.egg/h5py/_hl/dataset.py:313: H5pyDeprecationWarning: dataset.value has been deprecated. Use dataset[()] instead.
  "Use dataset[()] instead.", H5pyDeprecationWarning)
decode_theanolm finished.
decode devel finished.
