Experiment: theanolm-morph-42k/expt2-sampled
Job ID: 55133200
Task ID: 3
Host: gpu27.int.triton.aalto.fi
Start date: Thu Aug 20 18:48:53 EEST 2020
Work directory: /scratch/work/moisioa3/conv_lm/experiments/theanolm-morph-42k/expt2-sampled
Temporary directory: /tmp/55133200

Currently Loaded Modules:
  1) speech-scripts/2016.05.24-b928230   6) binutils/2.25-GCCcore-5.4.0
  2) srilm/default                       7) GCC/5.4.0-2.25
  3) cuda/10.0.130                       8) libgpuarray/2017.03.29-45c731f
  4) cudnn/7.4.2-cuda                    9) anaconda3/latest
  5) GCCcore/5.4.0

 

/tmp/55133200/lattices
floatX=float32,device=cuda0,base_compiledir=/tmp/theano,exception_verbosity=high,openmp=False
/scratch/work/groszt1/envs/theanoLM/lib/python3.7/site-packages/theano/gpuarray/dnn.py:184: UserWarning: Your cuDNN version is more recent than Theano. If you encounter problems, try updating Theano or downgrading cuDNN to a version >= v5 and <= v7.
  warnings.warn("Your cuDNN version is more recent than "
Using cuDNN version 7600 on context None
Mapped name None to device cuda0: Tesla P100-PCIE-16GB (0000:83:00.0)
TheanoLM 1.3.2
Theano 1.0.4
pygpu 0.7.6
==
+ srun --gres=gpu:1 theanolm decode /scratch/work/moisioa3/conv_lm/experiments/theanolm-morph-42k/expt2-sampled/nnlm.h5 --lattice-list /tmp/55133200/lattices/lattice-list --output-file /scratch/work/moisioa3/conv_lm/experiments/theanolm-morph-42k/expt2-sampled/decode/eval/lambda=0.5-lms=9/3.trn --output trn --nnlm-weight 0.5 --lm-scale 9 --max-tokens-per-node 62 --beam 650 --recombination-order 22 --num-jobs 128 --job 3 --unk-penalty=-20
2020-08-20 18:49:11,897 get_default_device: Context None device="Tesla P100-PCIE-16GB" ID="0000:83:00.0"
2020-08-20 18:49:11,911 from_file: Reading vocabulary from network state.
2020-08-20 18:49:12,264 from_file: Number of words in vocabulary: 42699
2020-08-20 18:49:12,265 from_file: Number of words in shortlist: 42699
2020-08-20 18:49:12,265 from_file: Number of word classes: 42699
2020-08-20 18:49:12,265 from_file: Building neural network.
2020-08-20 18:50:03,825 from_file: Restoring neural network state.
2020-08-20 18:50:05,101 decode: Building word lattice decoder.
2020-08-20 18:50:31,494 __iter__: Reading lattice file `/tmp/55133200/lattices/dspf001_dsp2013_04.lat.gz´.
2020-08-20 18:50:31,680 decode: Utterance `dspf001_dsp2013_04´ -- 1 of job 3
2020-08-20 18:50:38,603 __iter__: Reading lattice file `/tmp/55133200/lattices/dspm030_dsp2013_1723.lat.gz´.
2020-08-20 18:50:38,688 decode: Utterance `dspm030_dsp2013_1723´ -- 2 of job 3
2020-08-20 18:50:40,384 __iter__: Reading lattice file `/tmp/55133200/lattices/radioerkka_puhujainkulma20120930_47.lat.gz´.
2020-08-20 18:50:40,545 decode: Utterance `radioerkka_puhujainkulma20120930_47´ -- 3 of job 3
2020-08-20 18:50:44,021 __iter__: Reading lattice file `/tmp/55133200/lattices/radiokatupaimen_aamushow20120720_87.lat.gz´.
2020-08-20 18:50:44,148 decode: Utterance `radiokatupaimen_aamushow20120720_87´ -- 4 of job 3
2020-08-20 18:50:46,769 __iter__: Reading lattice file `/tmp/55133200/lattices/radioruudolf_aamushow20120720_28.lat.gz´.
2020-08-20 18:50:47,038 decode: Utterance `radioruudolf_aamushow20120720_28´ -- 5 of job 3
/scratch/work/groszt1/envs/theanoLM/lib/python3.7/site-packages/theano/gpuarray/dnn.py:184: UserWarning: Your cuDNN version is more recent than Theano. If you encounter problems, try updating Theano or downgrading cuDNN to a version >= v5 and <= v7.
  warnings.warn("Your cuDNN version is more recent than "
Using cuDNN version 7600 on context None
Mapped name None to device cuda0: Tesla P100-PCIE-16GB (0000:83:00.0)
/scratch/work/groszt1/envs/theanoLM/lib/python3.7/site-packages/h5py-2.9.0-py3.7-linux-x86_64.egg/h5py/_hl/dataset.py:313: H5pyDeprecationWarning: dataset.value has been deprecated. Use dataset[()] instead.
  "Use dataset[()] instead.", H5pyDeprecationWarning)
/scratch/work/groszt1/envs/theanoLM/lib/python3.7/site-packages/h5py-2.9.0-py3.7-linux-x86_64.egg/h5py/_hl/dataset.py:313: H5pyDeprecationWarning: dataset.value has been deprecated. Use dataset[()] instead.
  "Use dataset[()] instead.", H5pyDeprecationWarning)
decode_theanolm finished.
/tmp/55133200/lattices
floatX=float32,device=cuda0,base_compiledir=/tmp/theano,exception_verbosity=high,openmp=False
/scratch/work/groszt1/envs/theanoLM/lib/python3.7/site-packages/theano/gpuarray/dnn.py:184: UserWarning: Your cuDNN version is more recent than Theano. If you encounter problems, try updating Theano or downgrading cuDNN to a version >= v5 and <= v7.
  warnings.warn("Your cuDNN version is more recent than "
Using cuDNN version 7600 on context None
Mapped name None to device cuda0: Tesla P100-PCIE-16GB (0000:83:00.0)
TheanoLM 1.3.2
Theano 1.0.4
pygpu 0.7.6
==
+ srun --gres=gpu:1 theanolm decode /scratch/work/moisioa3/conv_lm/experiments/theanolm-morph-42k/expt2-sampled/nnlm.h5 --lattice-list /tmp/55133200/lattices/lattice-list --output-file /scratch/work/moisioa3/conv_lm/experiments/theanolm-morph-42k/expt2-sampled/decode/eval/lambda=1.0-lms=9/3.trn --output trn --nnlm-weight 1.0 --lm-scale 9 --max-tokens-per-node 62 --beam 650 --recombination-order 22 --num-jobs 128 --job 3 --unk-penalty=-20
2020-08-20 18:51:00,703 get_default_device: Context None device="Tesla P100-PCIE-16GB" ID="0000:83:00.0"
2020-08-20 18:51:00,704 from_file: Reading vocabulary from network state.
2020-08-20 18:51:00,975 from_file: Number of words in vocabulary: 42699
2020-08-20 18:51:00,976 from_file: Number of words in shortlist: 42699
2020-08-20 18:51:00,976 from_file: Number of word classes: 42699
2020-08-20 18:51:00,976 from_file: Building neural network.
2020-08-20 18:51:43,609 from_file: Restoring neural network state.
2020-08-20 18:51:43,962 decode: Building word lattice decoder.
2020-08-20 18:51:49,356 __iter__: Reading lattice file `/tmp/55133200/lattices/dspf001_dsp2013_04.lat.gz´.
2020-08-20 18:51:49,549 decode: Utterance `dspf001_dsp2013_04´ -- 1 of job 3
2020-08-20 18:51:55,718 __iter__: Reading lattice file `/tmp/55133200/lattices/dspm030_dsp2013_1723.lat.gz´.
2020-08-20 18:51:55,808 decode: Utterance `dspm030_dsp2013_1723´ -- 2 of job 3
2020-08-20 18:51:57,699 __iter__: Reading lattice file `/tmp/55133200/lattices/radioerkka_puhujainkulma20120930_47.lat.gz´.
2020-08-20 18:51:57,874 decode: Utterance `radioerkka_puhujainkulma20120930_47´ -- 3 of job 3
2020-08-20 18:52:01,212 __iter__: Reading lattice file `/tmp/55133200/lattices/radiokatupaimen_aamushow20120720_87.lat.gz´.
2020-08-20 18:52:01,339 decode: Utterance `radiokatupaimen_aamushow20120720_87´ -- 4 of job 3
2020-08-20 18:52:04,200 __iter__: Reading lattice file `/tmp/55133200/lattices/radioruudolf_aamushow20120720_28.lat.gz´.
2020-08-20 18:52:04,472 decode: Utterance `radioruudolf_aamushow20120720_28´ -- 5 of job 3
/scratch/work/groszt1/envs/theanoLM/lib/python3.7/site-packages/theano/gpuarray/dnn.py:184: UserWarning: Your cuDNN version is more recent than Theano. If you encounter problems, try updating Theano or downgrading cuDNN to a version >= v5 and <= v7.
  warnings.warn("Your cuDNN version is more recent than "
Using cuDNN version 7600 on context None
Mapped name None to device cuda0: Tesla P100-PCIE-16GB (0000:83:00.0)
/scratch/work/groszt1/envs/theanoLM/lib/python3.7/site-packages/h5py-2.9.0-py3.7-linux-x86_64.egg/h5py/_hl/dataset.py:313: H5pyDeprecationWarning: dataset.value has been deprecated. Use dataset[()] instead.
  "Use dataset[()] instead.", H5pyDeprecationWarning)
/scratch/work/groszt1/envs/theanoLM/lib/python3.7/site-packages/h5py-2.9.0-py3.7-linux-x86_64.egg/h5py/_hl/dataset.py:313: H5pyDeprecationWarning: dataset.value has been deprecated. Use dataset[()] instead.
  "Use dataset[()] instead.", H5pyDeprecationWarning)
decode_theanolm finished.
decode eval finished.
