Experiment: theanolm-morph-42k/expt2-sampled
Job ID: 55131628
Task ID: 85
Host: gpu33.int.triton.aalto.fi
Start date: Thu Aug 20 15:38:12 EEST 2020
Work directory: /scratch/work/moisioa3/conv_lm/experiments/theanolm-morph-42k/expt2-sampled
Temporary directory: /tmp/55131628

Currently Loaded Modules:
  1) speech-scripts/2016.05.24-b928230   6) binutils/2.25-GCCcore-5.4.0
  2) srilm/default                       7) GCC/5.4.0-2.25
  3) cuda/10.0.130                       8) libgpuarray/2017.03.29-45c731f
  4) cudnn/7.4.2-cuda                    9) anaconda3/latest
  5) GCCcore/5.4.0

 

/tmp/55131628/lattices
floatX=float32,device=cuda0,base_compiledir=/tmp/theano,exception_verbosity=high,openmp=False
INFO (theano.gof.compilelock): Waiting for existing lock by process '7284' (I am process '7285')
INFO (theano.gof.compilelock): To manually release the lock, delete /tmp/theano/compiledir_Linux-3.10-el7.x86_64-x86_64-with-centos-7.8.2003-Core-x86_64-3.7.3-64/lock_dir
/scratch/work/groszt1/envs/theanoLM/lib/python3.7/site-packages/theano/gpuarray/dnn.py:184: UserWarning: Your cuDNN version is more recent than Theano. If you encounter problems, try updating Theano or downgrading cuDNN to a version >= v5 and <= v7.
  warnings.warn("Your cuDNN version is more recent than "
Using cuDNN version 7600 on context None
Mapped name None to device cuda0: Tesla V100-PCIE-32GB (0000:3B:00.0)
TheanoLM 1.3.2
Theano 1.0.4
pygpu 0.7.6
==
+ srun --gres=gpu:1 theanolm decode /scratch/work/moisioa3/conv_lm/experiments/theanolm-morph-42k/expt2-sampled/nnlm.h5 --lattice-list /tmp/55131628/lattices/lattice-list --output-file /scratch/work/moisioa3/conv_lm/experiments/theanolm-morph-42k/expt2-sampled/decode/devel/lambda=0.5-lms=9/85.trn --output trn --nnlm-weight 0.5 --lm-scale 9 --max-tokens-per-node 62 --beam 650 --recombination-order 22 --num-jobs 128 --job 85 --unk-penalty=-20
2020-08-20 15:39:04,637 get_default_device: Context None device="Tesla V100-PCIE-32GB" ID="0000:3B:00.0"
2020-08-20 15:39:04,638 from_file: Reading vocabulary from network state.
2020-08-20 15:39:04,866 from_file: Number of words in vocabulary: 42699
2020-08-20 15:39:04,866 from_file: Number of words in shortlist: 42699
2020-08-20 15:39:04,866 from_file: Number of word classes: 42699
2020-08-20 15:39:04,866 from_file: Building neural network.
2020-08-20 15:39:35,257 from_file: Restoring neural network state.
2020-08-20 15:39:35,618 decode: Building word lattice decoder.
/scratch/work/groszt1/envs/theanoLM/lib/python3.7/site-packages/theano/gpuarray/dnn.py:184: UserWarning: Your cuDNN version is more recent than Theano. If you encounter problems, try updating Theano or downgrading cuDNN to a version >= v5 and <= v7.
  warnings.warn("Your cuDNN version is more recent than "
Using cuDNN version 7600 on context None
Mapped name None to device cuda0: Tesla V100-PCIE-32GB (0000:3B:00.0)
/scratch/work/groszt1/envs/theanoLM/lib/python3.7/site-packages/h5py-2.9.0-py3.7-linux-x86_64.egg/h5py/_hl/dataset.py:313: H5pyDeprecationWarning: dataset.value has been deprecated. Use dataset[()] instead.
  "Use dataset[()] instead.", H5pyDeprecationWarning)
/scratch/work/groszt1/envs/theanoLM/lib/python3.7/site-packages/h5py-2.9.0-py3.7-linux-x86_64.egg/h5py/_hl/dataset.py:313: H5pyDeprecationWarning: dataset.value has been deprecated. Use dataset[()] instead.
  "Use dataset[()] instead.", H5pyDeprecationWarning)
INFO (theano.gof.compilelock): Waiting for existing lock by process '7665' (I am process '7571')
2020-08-20 15:39:50,783 lock: Waiting for existing lock by process '7665' (I am process '7571')
INFO (theano.gof.compilelock): To manually release the lock, delete /tmp/theano/compiledir_Linux-3.10-el7.x86_64-x86_64-with-centos-7.8.2003-Core-x86_64-3.7.3-64/lock_dir
2020-08-20 15:39:50,783 lock: To manually release the lock, delete /tmp/theano/compiledir_Linux-3.10-el7.x86_64-x86_64-with-centos-7.8.2003-Core-x86_64-3.7.3-64/lock_dir
2020-08-20 15:40:00,628 __iter__: Reading lattice file `/tmp/55131628/lattices/dspm005_dsp2013_06.lat.gz´.
2020-08-20 15:40:00,870 decode: Utterance `dspm005_dsp2013_06´ -- 1 of job 85
2020-08-20 15:40:08,985 __iter__: Reading lattice file `/tmp/55131628/lattices/dspm014_dsp2013_33.lat.gz´.
2020-08-20 15:40:09,091 decode: Utterance `dspm014_dsp2013_33´ -- 2 of job 85
2020-08-20 15:40:12,962 __iter__: Reading lattice file `/tmp/55131628/lattices/dspm022_dsp2013_19.lat.gz´.
2020-08-20 15:40:13,433 decode: Utterance `dspm022_dsp2013_19´ -- 3 of job 85
2020-08-20 15:40:28,013 __iter__: Reading lattice file `/tmp/55131628/lattices/dspm032_dsp2013_07.lat.gz´.
2020-08-20 15:40:28,638 decode: Utterance `dspm032_dsp2013_07´ -- 4 of job 85
2020-08-20 15:40:54,047 __iter__: Reading lattice file `/tmp/55131628/lattices/dspm042_dsp2013_08.lat.gz´.
2020-08-20 15:40:54,073 decode: Utterance `dspm042_dsp2013_08´ -- 5 of job 85
2020-08-20 15:40:54,679 __iter__: Reading lattice file `/tmp/55131628/lattices/dspm050_dsp2013_17.lat.gz´.
2020-08-20 15:40:54,718 decode: Utterance `dspm050_dsp2013_17´ -- 6 of job 85
2020-08-20 15:40:55,631 __iter__: Reading lattice file `/tmp/55131628/lattices/dspm058_dsp2013_16.lat.gz´.
2020-08-20 15:40:56,175 decode: Utterance `dspm058_dsp2013_16´ -- 7 of job 85
2020-08-20 15:41:11,090 __iter__: Reading lattice file `/tmp/55131628/lattices/radioshaka_kbk20120915_83.lat.gz´.
2020-08-20 15:41:11,192 decode: Utterance `radioshaka_kbk20120915_83´ -- 8 of job 85
decode_theanolm finished.
/tmp/55131628/lattices
floatX=float32,device=cuda0,base_compiledir=/tmp/theano,exception_verbosity=high,openmp=False
/scratch/work/groszt1/envs/theanoLM/lib/python3.7/site-packages/theano/gpuarray/dnn.py:184: UserWarning: Your cuDNN version is more recent than Theano. If you encounter problems, try updating Theano or downgrading cuDNN to a version >= v5 and <= v7.
  warnings.warn("Your cuDNN version is more recent than "
Using cuDNN version 7600 on context None
Mapped name None to device cuda0: Tesla V100-PCIE-32GB (0000:3B:00.0)
TheanoLM 1.3.2
Theano 1.0.4
pygpu 0.7.6
==
+ srun --gres=gpu:1 theanolm decode /scratch/work/moisioa3/conv_lm/experiments/theanolm-morph-42k/expt2-sampled/nnlm.h5 --lattice-list /tmp/55131628/lattices/lattice-list --output-file /scratch/work/moisioa3/conv_lm/experiments/theanolm-morph-42k/expt2-sampled/decode/devel/lambda=0.5-lms=10/85.trn --output trn --nnlm-weight 0.5 --lm-scale 10 --max-tokens-per-node 62 --beam 650 --recombination-order 22 --num-jobs 128 --job 85 --unk-penalty=-20
2020-08-20 15:41:19,056 get_default_device: Context None device="Tesla V100-PCIE-32GB" ID="0000:3B:00.0"
2020-08-20 15:41:19,057 from_file: Reading vocabulary from network state.
2020-08-20 15:41:19,266 from_file: Number of words in vocabulary: 42699
2020-08-20 15:41:19,267 from_file: Number of words in shortlist: 42699
2020-08-20 15:41:19,267 from_file: Number of word classes: 42699
2020-08-20 15:41:19,267 from_file: Building neural network.
2020-08-20 15:41:48,467 from_file: Restoring neural network state.
2020-08-20 15:41:48,819 decode: Building word lattice decoder.
2020-08-20 15:41:52,729 __iter__: Reading lattice file `/tmp/55131628/lattices/dspm005_dsp2013_06.lat.gz´.
2020-08-20 15:41:52,964 decode: Utterance `dspm005_dsp2013_06´ -- 1 of job 85
2020-08-20 15:42:01,293 __iter__: Reading lattice file `/tmp/55131628/lattices/dspm014_dsp2013_33.lat.gz´.
2020-08-20 15:42:01,398 decode: Utterance `dspm014_dsp2013_33´ -- 2 of job 85
2020-08-20 15:42:05,338 __iter__: Reading lattice file `/tmp/55131628/lattices/dspm022_dsp2013_19.lat.gz´.
2020-08-20 15:42:05,799 decode: Utterance `dspm022_dsp2013_19´ -- 3 of job 85
2020-08-20 15:42:21,389 __iter__: Reading lattice file `/tmp/55131628/lattices/dspm032_dsp2013_07.lat.gz´.
2020-08-20 15:42:22,008 decode: Utterance `dspm032_dsp2013_07´ -- 4 of job 85
2020-08-20 15:42:48,247 __iter__: Reading lattice file `/tmp/55131628/lattices/dspm042_dsp2013_08.lat.gz´.
2020-08-20 15:42:48,271 decode: Utterance `dspm042_dsp2013_08´ -- 5 of job 85
2020-08-20 15:42:48,872 __iter__: Reading lattice file `/tmp/55131628/lattices/dspm050_dsp2013_17.lat.gz´.
2020-08-20 15:42:48,910 decode: Utterance `dspm050_dsp2013_17´ -- 6 of job 85
2020-08-20 15:42:49,820 __iter__: Reading lattice file `/tmp/55131628/lattices/dspm058_dsp2013_16.lat.gz´.
2020-08-20 15:42:50,347 decode: Utterance `dspm058_dsp2013_16´ -- 7 of job 85
2020-08-20 15:43:05,270 __iter__: Reading lattice file `/tmp/55131628/lattices/radioshaka_kbk20120915_83.lat.gz´.
2020-08-20 15:43:05,370 decode: Utterance `radioshaka_kbk20120915_83´ -- 8 of job 85
/scratch/work/groszt1/envs/theanoLM/lib/python3.7/site-packages/theano/gpuarray/dnn.py:184: UserWarning: Your cuDNN version is more recent than Theano. If you encounter problems, try updating Theano or downgrading cuDNN to a version >= v5 and <= v7.
  warnings.warn("Your cuDNN version is more recent than "
Using cuDNN version 7600 on context None
Mapped name None to device cuda0: Tesla V100-PCIE-32GB (0000:3B:00.0)
/scratch/work/groszt1/envs/theanoLM/lib/python3.7/site-packages/h5py-2.9.0-py3.7-linux-x86_64.egg/h5py/_hl/dataset.py:313: H5pyDeprecationWarning: dataset.value has been deprecated. Use dataset[()] instead.
  "Use dataset[()] instead.", H5pyDeprecationWarning)
/scratch/work/groszt1/envs/theanoLM/lib/python3.7/site-packages/h5py-2.9.0-py3.7-linux-x86_64.egg/h5py/_hl/dataset.py:313: H5pyDeprecationWarning: dataset.value has been deprecated. Use dataset[()] instead.
  "Use dataset[()] instead.", H5pyDeprecationWarning)
decode_theanolm finished.
/tmp/55131628/lattices
floatX=float32,device=cuda0,base_compiledir=/tmp/theano,exception_verbosity=high,openmp=False
/scratch/work/groszt1/envs/theanoLM/lib/python3.7/site-packages/theano/gpuarray/dnn.py:184: UserWarning: Your cuDNN version is more recent than Theano. If you encounter problems, try updating Theano or downgrading cuDNN to a version >= v5 and <= v7.
  warnings.warn("Your cuDNN version is more recent than "
Using cuDNN version 7600 on context None
Mapped name None to device cuda0: Tesla V100-PCIE-32GB (0000:3B:00.0)
TheanoLM 1.3.2
Theano 1.0.4
pygpu 0.7.6
==
+ srun --gres=gpu:1 theanolm decode /scratch/work/moisioa3/conv_lm/experiments/theanolm-morph-42k/expt2-sampled/nnlm.h5 --lattice-list /tmp/55131628/lattices/lattice-list --output-file /scratch/work/moisioa3/conv_lm/experiments/theanolm-morph-42k/expt2-sampled/decode/devel/lambda=1.0-lms=9/85.trn --output trn --nnlm-weight 1.0 --lm-scale 9 --max-tokens-per-node 62 --beam 650 --recombination-order 22 --num-jobs 128 --job 85 --unk-penalty=-20
2020-08-20 15:43:13,194 get_default_device: Context None device="Tesla V100-PCIE-32GB" ID="0000:3B:00.0"
2020-08-20 15:43:13,194 from_file: Reading vocabulary from network state.
2020-08-20 15:43:13,398 from_file: Number of words in vocabulary: 42699
2020-08-20 15:43:13,398 from_file: Number of words in shortlist: 42699
2020-08-20 15:43:13,398 from_file: Number of word classes: 42699
2020-08-20 15:43:13,398 from_file: Building neural network.
2020-08-20 15:43:41,935 from_file: Restoring neural network state.
2020-08-20 15:43:42,294 decode: Building word lattice decoder.
2020-08-20 15:43:46,247 __iter__: Reading lattice file `/tmp/55131628/lattices/dspm005_dsp2013_06.lat.gz´.
2020-08-20 15:43:46,490 decode: Utterance `dspm005_dsp2013_06´ -- 1 of job 85
2020-08-20 15:43:53,117 __iter__: Reading lattice file `/tmp/55131628/lattices/dspm014_dsp2013_33.lat.gz´.
2020-08-20 15:43:53,223 decode: Utterance `dspm014_dsp2013_33´ -- 2 of job 85
2020-08-20 15:43:56,821 __iter__: Reading lattice file `/tmp/55131628/lattices/dspm022_dsp2013_19.lat.gz´.
2020-08-20 15:43:57,287 decode: Utterance `dspm022_dsp2013_19´ -- 3 of job 85
2020-08-20 15:44:09,487 __iter__: Reading lattice file `/tmp/55131628/lattices/dspm032_dsp2013_07.lat.gz´.
2020-08-20 15:44:10,105 decode: Utterance `dspm032_dsp2013_07´ -- 4 of job 85
2020-08-20 15:44:36,487 __iter__: Reading lattice file `/tmp/55131628/lattices/dspm042_dsp2013_08.lat.gz´.
2020-08-20 15:44:36,526 decode: Utterance `dspm042_dsp2013_08´ -- 5 of job 85
2020-08-20 15:44:37,060 __iter__: Reading lattice file `/tmp/55131628/lattices/dspm050_dsp2013_17.lat.gz´.
2020-08-20 15:44:37,099 decode: Utterance `dspm050_dsp2013_17´ -- 6 of job 85
2020-08-20 15:44:38,016 __iter__: Reading lattice file `/tmp/55131628/lattices/dspm058_dsp2013_16.lat.gz´.
2020-08-20 15:44:38,556 decode: Utterance `dspm058_dsp2013_16´ -- 7 of job 85
2020-08-20 15:44:52,046 __iter__: Reading lattice file `/tmp/55131628/lattices/radioshaka_kbk20120915_83.lat.gz´.
2020-08-20 15:44:52,149 decode: Utterance `radioshaka_kbk20120915_83´ -- 8 of job 85
/scratch/work/groszt1/envs/theanoLM/lib/python3.7/site-packages/theano/gpuarray/dnn.py:184: UserWarning: Your cuDNN version is more recent than Theano. If you encounter problems, try updating Theano or downgrading cuDNN to a version >= v5 and <= v7.
  warnings.warn("Your cuDNN version is more recent than "
Using cuDNN version 7600 on context None
Mapped name None to device cuda0: Tesla V100-PCIE-32GB (0000:3B:00.0)
/scratch/work/groszt1/envs/theanoLM/lib/python3.7/site-packages/h5py-2.9.0-py3.7-linux-x86_64.egg/h5py/_hl/dataset.py:313: H5pyDeprecationWarning: dataset.value has been deprecated. Use dataset[()] instead.
  "Use dataset[()] instead.", H5pyDeprecationWarning)
/scratch/work/groszt1/envs/theanoLM/lib/python3.7/site-packages/h5py-2.9.0-py3.7-linux-x86_64.egg/h5py/_hl/dataset.py:313: H5pyDeprecationWarning: dataset.value has been deprecated. Use dataset[()] instead.
  "Use dataset[()] instead.", H5pyDeprecationWarning)
decode_theanolm finished.
/tmp/55131628/lattices
floatX=float32,device=cuda0,base_compiledir=/tmp/theano,exception_verbosity=high,openmp=False
/scratch/work/groszt1/envs/theanoLM/lib/python3.7/site-packages/theano/gpuarray/dnn.py:184: UserWarning: Your cuDNN version is more recent than Theano. If you encounter problems, try updating Theano or downgrading cuDNN to a version >= v5 and <= v7.
  warnings.warn("Your cuDNN version is more recent than "
Using cuDNN version 7600 on context None
Mapped name None to device cuda0: Tesla V100-PCIE-32GB (0000:3B:00.0)
TheanoLM 1.3.2
Theano 1.0.4
pygpu 0.7.6
==
+ srun --gres=gpu:1 theanolm decode /scratch/work/moisioa3/conv_lm/experiments/theanolm-morph-42k/expt2-sampled/nnlm.h5 --lattice-list /tmp/55131628/lattices/lattice-list --output-file /scratch/work/moisioa3/conv_lm/experiments/theanolm-morph-42k/expt2-sampled/decode/devel/lambda=1.0-lms=10/85.trn --output trn --nnlm-weight 1.0 --lm-scale 10 --max-tokens-per-node 62 --beam 650 --recombination-order 22 --num-jobs 128 --job 85 --unk-penalty=-20
2020-08-20 15:45:00,314 get_default_device: Context None device="Tesla V100-PCIE-32GB" ID="0000:3B:00.0"
2020-08-20 15:45:00,315 from_file: Reading vocabulary from network state.
2020-08-20 15:45:00,541 from_file: Number of words in vocabulary: 42699
2020-08-20 15:45:00,542 from_file: Number of words in shortlist: 42699
2020-08-20 15:45:00,542 from_file: Number of word classes: 42699
2020-08-20 15:45:00,542 from_file: Building neural network.
2020-08-20 15:45:30,094 from_file: Restoring neural network state.
2020-08-20 15:45:30,443 decode: Building word lattice decoder.
2020-08-20 15:45:34,375 __iter__: Reading lattice file `/tmp/55131628/lattices/dspm005_dsp2013_06.lat.gz´.
2020-08-20 15:45:34,610 decode: Utterance `dspm005_dsp2013_06´ -- 1 of job 85
2020-08-20 15:45:41,156 __iter__: Reading lattice file `/tmp/55131628/lattices/dspm014_dsp2013_33.lat.gz´.
2020-08-20 15:45:41,260 decode: Utterance `dspm014_dsp2013_33´ -- 2 of job 85
2020-08-20 15:45:44,932 __iter__: Reading lattice file `/tmp/55131628/lattices/dspm022_dsp2013_19.lat.gz´.
2020-08-20 15:45:45,388 decode: Utterance `dspm022_dsp2013_19´ -- 3 of job 85
2020-08-20 15:45:57,715 __iter__: Reading lattice file `/tmp/55131628/lattices/dspm032_dsp2013_07.lat.gz´.
2020-08-20 15:45:58,325 decode: Utterance `dspm032_dsp2013_07´ -- 4 of job 85
2020-08-20 15:46:22,614 __iter__: Reading lattice file `/tmp/55131628/lattices/dspm042_dsp2013_08.lat.gz´.
2020-08-20 15:46:22,638 decode: Utterance `dspm042_dsp2013_08´ -- 5 of job 85
2020-08-20 15:46:23,172 __iter__: Reading lattice file `/tmp/55131628/lattices/dspm050_dsp2013_17.lat.gz´.
2020-08-20 15:46:23,210 decode: Utterance `dspm050_dsp2013_17´ -- 6 of job 85
2020-08-20 15:46:24,124 __iter__: Reading lattice file `/tmp/55131628/lattices/dspm058_dsp2013_16.lat.gz´.
2020-08-20 15:46:24,651 decode: Utterance `dspm058_dsp2013_16´ -- 7 of job 85
2020-08-20 15:46:37,994 __iter__: Reading lattice file `/tmp/55131628/lattices/radioshaka_kbk20120915_83.lat.gz´.
2020-08-20 15:46:38,094 decode: Utterance `radioshaka_kbk20120915_83´ -- 8 of job 85
/scratch/work/groszt1/envs/theanoLM/lib/python3.7/site-packages/theano/gpuarray/dnn.py:184: UserWarning: Your cuDNN version is more recent than Theano. If you encounter problems, try updating Theano or downgrading cuDNN to a version >= v5 and <= v7.
  warnings.warn("Your cuDNN version is more recent than "
Using cuDNN version 7600 on context None
Mapped name None to device cuda0: Tesla V100-PCIE-32GB (0000:3B:00.0)
/scratch/work/groszt1/envs/theanoLM/lib/python3.7/site-packages/h5py-2.9.0-py3.7-linux-x86_64.egg/h5py/_hl/dataset.py:313: H5pyDeprecationWarning: dataset.value has been deprecated. Use dataset[()] instead.
  "Use dataset[()] instead.", H5pyDeprecationWarning)
/scratch/work/groszt1/envs/theanoLM/lib/python3.7/site-packages/h5py-2.9.0-py3.7-linux-x86_64.egg/h5py/_hl/dataset.py:313: H5pyDeprecationWarning: dataset.value has been deprecated. Use dataset[()] instead.
  "Use dataset[()] instead.", H5pyDeprecationWarning)
decode_theanolm finished.
decode devel finished.
