Experiment: morph/srilm-5-gram
Job ID: 55109835
Task ID: 
Host: csl36.int.triton.aalto.fi
Start date: Tue Aug 18 18:03:00 EEST 2020
Work directory: /scratch/work/moisioa3/conv_lm/experiments/morph/srilm-5-gram
Temporary directory: /tmp/55109835
+ /scratch/work/moisioa3/conv_lm/scripts/interpolate-lm.py --ngram-cmd /scratch/elec/puhe/Modules/opt/srilm/1.7.2-beta-patched/bin/i686-m64/ngram --order 5 --opt-perp /scratch/work/moisioa3/conv_lm/data/segmented/42k/devel.txt --output /scratch/work/moisioa3/conv_lm/experiments/morph/srilm-5-gram/kn-ip-dsp-web.arpa.gz --write-weights /scratch/work/moisioa3/conv_lm/experiments/morph/srilm-5-gram/weights /scratch/work/moisioa3/conv_lm/experiments/morph/srilm-5-gram/dsp.arpa.gz /scratch/work/moisioa3/conv_lm/experiments/morph/srilm-5-gram/web.arpa.gz
reading 42698 1-grams
reading 14778 2-grams
reading 1320 3-grams
reading 271 4-grams
reading 44 5-grams
reading 42698 1-grams
reading 1470286 2-grams
reading 1468115 3-grams
reading 890802 4-grams
reading 348885 5-grams
iteration 1, lambda = (0.5 0.5), ppl = 8888.33
iteration 2, lambda = (0.744568 0.255432), ppl = 7397.56
iteration 3, lambda = (0.847915 0.152085), ppl = 7061.1
iteration 4, lambda = (0.89268 0.10732), ppl = 6970.01
iteration 5, lambda = (0.914335 0.0856654), ppl = 6941.7
iteration 6, lambda = (0.925805 0.0741952), ppl = 6932.07
iteration 7, lambda = (0.932272 0.0677284), ppl = 6928.6
iteration 8, lambda = (0.93607 0.0639304), ppl = 6927.3
iteration 9, lambda = (0.938359 0.0616405), ppl = 6926.81
iteration 10, lambda = (0.939763 0.0602366), ppl = 6926.61
/scratch/elec/puhe/Modules/opt/srilm/1.7.2-beta-patched/bin/i686-m64/ngram -order 5 -lm /scratch/work/moisioa3/conv_lm/experiments/morph/srilm-5-gram/dsp.arpa.gz -map-unk <unk> -ppl /scratch/work/moisioa3/conv_lm/data/segmented/42k/devel.txt -debug 2
/scratch/elec/puhe/Modules/opt/srilm/1.7.2-beta-patched/bin/i686-m64/ngram -order 5 -lm /scratch/work/moisioa3/conv_lm/experiments/morph/srilm-5-gram/web.arpa.gz -map-unk <unk> -ppl /scratch/work/moisioa3/conv_lm/data/segmented/42k/devel.txt -debug 2
compute-best-mix lambda=0.5 0.5 /tmp/tmp1b706db2 /tmp/tmp7sr9xbeh
/scratch/elec/puhe/Modules/opt/srilm/1.7.2-beta-patched/bin/i686-m64/ngram -order 5 -write-lm /scratch/work/moisioa3/conv_lm/experiments/morph/srilm-5-gram/kn-ip-dsp-web.arpa.gz -lm /scratch/work/moisioa3/conv_lm/experiments/morph/srilm-5-gram/dsp.arpa.gz -map-unk <unk> -lambda 0.940633 -mix-lm /scratch/work/moisioa3/conv_lm/experiments/morph/srilm-5-gram/web.arpa.gz
