EXPT_NAME morph
EXPT_PARAMS damp=ones-w=0.2
EXPT_WORK_DIR /scratch/work/moisioa3/conv_lm/experiments/morph/damp=ones-w=0.2
Experiment: morph/damp=ones-w=0.2
Job ID: 54547616
Task ID: 
Host: csl48.int.triton.aalto.fi
Start date: Sat Jul  4 09:48:34 EEST 2020
Work directory: /scratch/work/moisioa3/conv_lm/experiments/morph/damp=ones-w=0.2
Temporary directory: /tmp/54547616
/scratch/work/moisioa3/conv_lm/experiments/morph/damp=ones-w=0.2/word-all.vocab
/scratch/work/moisioa3/conv_lm/experiments/morph/damp=ones-w=0.2/morfessor.segment
INFO:morfessor.io:Loading model from '/dev/fd/63'...
INFO:morfessor.io:Done.
No training data files specified.
Segmenting test data...
INFO:morfessor.io:Reading corpus from '/dev/fd/62'...
..................................................................................................................................................................................................................................................INFO:morfessor.io:Done.

Done.
morfessor-segment returned
segment_vocabulary finished.
/scratch/work/moisioa3/conv_lm/experiments/morph/damp=ones-w=0.2/segmented-data/dsp.txt.gz :: /scratch/work/moisioa3/conv_lm/data/lm-train/dsp.txt
Reading word segmentations.........................
Segmenting corpus.
/scratch/work/moisioa3/conv_lm/experiments/morph/damp=ones-w=0.2/segmented-data/web.txt.gz :: /scratch/work/moisioa3/conv_lm/data/lm-train/web.txt
Reading word segmentations.........................
Segmenting corpus........................................................................................
/scratch/work/moisioa3/conv_lm/experiments/morph/damp=ones-w=0.2/segmented-data/devel.txt.gz :: /scratch/work/moisioa3/conv_lm/data/devel/plain.txt
Reading word segmentations.........................
Segmenting corpus.
/scratch/work/moisioa3/conv_lm/experiments/morph/damp=ones-w=0.2/segmented-data/eval.txt.gz :: /scratch/work/moisioa3/conv_lm/data/eval/plain.txt
Reading word segmentations.........................
Segmenting corpus.
segment_data finished.
