EXPT_NAME experiments
EXPT_PARAMS 4gram-ip
EXPT_WORK_DIR /scratch/work/moisioa3/conv_lm/experiments/4gram-ip
Experiment: experiments/4gram-ip
Job ID: 53306066
Task ID: 
Host: ivb16.int.triton.aalto.fi
Start date: Sun May 31 16:56:13 EEST 2020
Work directory: /scratch/work/moisioa3/conv_lm/experiments/4gram-ip
Temporary directory: /tmp/53306066
model_name kn-ip
/scratch/work/moisioa3/conv_lm/experiments/4gram-ip/kn-ip-lookahead.arpa :: /scratch/work/moisioa3/conv_lm/experiments/4gram-ip/kn-ip.arpa.gz
/scratch/work/moisioa3/conv_lm/experiments/4gram-ip/kn-ip.fsabin :: /scratch/work/moisioa3/conv_lm/experiments/4gram-ip/kn-ip.arpa.gz
reading 1-grams...got 2427251...ok
reading 2-grams...got 22606146...sorting...ok
reading 3-grams...got 4766074...sorting...ok
reading 4-grams...got 2575094...sorting...ok
fsalm: 28342274 nodes, 32374565 arcs
model order 4
writing binary fsa model: /scratch/work/moisioa3/conv_lm/experiments/4gram-ip/kn-ip.fsabin
/scratch/work/moisioa3/conv_lm/experiments/4gram-ip/kn-ip-lookahead.bin :: /scratch/work/moisioa3/conv_lm/experiments/4gram-ip/kn-ip-lookahead.arpa
reading arpa from stdin, writing binary to stdout
GramSorter: reserving 2427251 grams for order 1...done
Found 2427251 grams for order 1
Found 22606146 grams for order 2
GramSorter: 1-grams were sorted already
GramSorter: reserving 22606146 grams for order 2...done
GramSorter: 2-grams were sorted already
/scratch/work/moisioa3/conv_lm/experiments/4gram-ip/kn-ip.lex :: /scratch/work/moisioa3/conv_lm/experiments/4gram-ip/kn-ip.vocab
perl: warning: Setting locale failed.
perl: warning: Please check that your locale settings:
	LANGUAGE = (unset),
	LC_ALL = (unset),
	LANG = "en_GB.UTF-8"
    are supported and installed on your system.
perl: warning: Falling back to the standard locale ("C").
convert_kn finished.
