EXPT_NAME experiments
EXPT_PARAMS mmi
EXPT_WORK_DIR /scratch/work/moisioa3/conv_lm/experiments/mmi
Experiment: experiments/mmi
Job ID: 53242307
Task ID: 
Host: ivb17.int.triton.aalto.fi
Start date: Fri May 29 14:23:39 EEST 2020
Work directory: /scratch/work/moisioa3/conv_lm/experiments/mmi
Temporary directory: /tmp/53242307
perl: warning: Setting locale failed.
perl: warning: Please check that your locale settings:
	LANGUAGE = (unset),
	LC_ALL = (unset),
	LANG = "en_GB.UTF-8"
    are supported and installed on your system.
perl: warning: Falling back to the standard locale ("C").
Checking /scratch/work/moisioa3/conv_lm/experiments/mmi/dict/nosp/silence_phones.txt ...
--> ERROR: fail to open /scratch/work/moisioa3/conv_lm/experiments/mmi/dict/nosp/silence_phones.txt
*Error validating directory /scratch/work/moisioa3/conv_lm/experiments/mmi/dict/nosp*
