EXPT_NAME morph
EXPT_PARAMS d=ones-w=0.05
EXPT_WORK_DIR /scratch/work/moisioa3/conv_lm/experiments/morph/d=ones-w=0.05
Experiment: morph/d=ones-w=0.05
Job ID: 54726363
Task ID: 
Host: csl48.int.triton.aalto.fi
Start date: Thu Jul 16 08:09:20 EEST 2020
Work directory: /scratch/work/moisioa3/conv_lm/experiments/morph/d=ones-w=0.05
Temporary directory: /tmp/54726363
/scratch/work/moisioa3/conv_lm/experiments/morph/d=ones-w=0.05/utils/prepare_lang.sh /scratch/work/moisioa3/conv_lm/experiments/morph/d=ones-w=0.05/dict/nosp [oov] /scratch/work/moisioa3/conv_lm/experiments/morph/d=ones-w=0.05/lang/nosp.tmp /scratch/work/moisioa3/conv_lm/experiments/morph/d=ones-w=0.05/lang/nosp
Checking /scratch/work/moisioa3/conv_lm/experiments/morph/d=ones-w=0.05/dict/nosp/silence_phones.txt ...
--> reading /scratch/work/moisioa3/conv_lm/experiments/morph/d=ones-w=0.05/dict/nosp/silence_phones.txt
--> text seems to be UTF-8 or ASCII, checking whitespaces
--> text contains only allowed whitespaces
--> /scratch/work/moisioa3/conv_lm/experiments/morph/d=ones-w=0.05/dict/nosp/silence_phones.txt is OK

Checking /scratch/work/moisioa3/conv_lm/experiments/morph/d=ones-w=0.05/dict/nosp/optional_silence.txt ...
--> reading /scratch/work/moisioa3/conv_lm/experiments/morph/d=ones-w=0.05/dict/nosp/optional_silence.txt
--> text seems to be UTF-8 or ASCII, checking whitespaces
--> text contains only allowed whitespaces
--> /scratch/work/moisioa3/conv_lm/experiments/morph/d=ones-w=0.05/dict/nosp/optional_silence.txt is OK

Checking /scratch/work/moisioa3/conv_lm/experiments/morph/d=ones-w=0.05/dict/nosp/nonsilence_phones.txt ...
--> reading /scratch/work/moisioa3/conv_lm/experiments/morph/d=ones-w=0.05/dict/nosp/nonsilence_phones.txt
--> text seems to be UTF-8 or ASCII, checking whitespaces
--> text contains only allowed whitespaces
--> /scratch/work/moisioa3/conv_lm/experiments/morph/d=ones-w=0.05/dict/nosp/nonsilence_phones.txt is OK

Checking disjoint: silence_phones.txt, nonsilence_phones.txt
--> disjoint property is OK.

Checking /scratch/work/moisioa3/conv_lm/experiments/morph/d=ones-w=0.05/dict/nosp/lexicon.txt
--> reading /scratch/work/moisioa3/conv_lm/experiments/morph/d=ones-w=0.05/dict/nosp/lexicon.txt
--> text seems to be UTF-8 or ASCII, checking whitespaces
--> text contains only allowed whitespaces
--> /scratch/work/moisioa3/conv_lm/experiments/morph/d=ones-w=0.05/dict/nosp/lexicon.txt is OK

Checking /scratch/work/moisioa3/conv_lm/experiments/morph/d=ones-w=0.05/dict/nosp/extra_questions.txt ...
--> reading /scratch/work/moisioa3/conv_lm/experiments/morph/d=ones-w=0.05/dict/nosp/extra_questions.txt
--> text seems to be UTF-8 or ASCII, checking whitespaces
--> text contains only allowed whitespaces
--> /scratch/work/moisioa3/conv_lm/experiments/morph/d=ones-w=0.05/dict/nosp/extra_questions.txt is OK
--> SUCCESS [validating dictionary directory /scratch/work/moisioa3/conv_lm/experiments/morph/d=ones-w=0.05/dict/nosp]

**Creating /scratch/work/moisioa3/conv_lm/experiments/morph/d=ones-w=0.05/dict/nosp/lexiconp.txt from /scratch/work/moisioa3/conv_lm/experiments/morph/d=ones-w=0.05/dict/nosp/lexicon.txt
fstaddselfloops /scratch/work/moisioa3/conv_lm/experiments/morph/d=ones-w=0.05/lang/nosp/phones/wdisambig_phones.int /scratch/work/moisioa3/conv_lm/experiments/morph/d=ones-w=0.05/lang/nosp/phones/wdisambig_words.int 
prepare_lang.sh: validating output directory
utils/validate_lang.pl /scratch/work/moisioa3/conv_lm/experiments/morph/d=ones-w=0.05/lang/nosp
Checking existence of separator file
separator file /scratch/work/moisioa3/conv_lm/experiments/morph/d=ones-w=0.05/lang/nosp/subword_separator.txt is empty or does not exist, deal in word case.
Checking /scratch/work/moisioa3/conv_lm/experiments/morph/d=ones-w=0.05/lang/nosp/phones.txt ...
--> text seems to be UTF-8 or ASCII, checking whitespaces
--> text contains only allowed whitespaces
--> /scratch/work/moisioa3/conv_lm/experiments/morph/d=ones-w=0.05/lang/nosp/phones.txt is OK

Checking words.txt: #0 ...
--> text seems to be UTF-8 or ASCII, checking whitespaces
--> text contains only allowed whitespaces
--> /scratch/work/moisioa3/conv_lm/experiments/morph/d=ones-w=0.05/lang/nosp/words.txt is OK

Checking disjoint: silence.txt, nonsilence.txt, disambig.txt ...
--> silence.txt and nonsilence.txt are disjoint
--> silence.txt and disambig.txt are disjoint
--> disambig.txt and nonsilence.txt are disjoint
--> disjoint property is OK

Checking sumation: silence.txt, nonsilence.txt, disambig.txt ...
--> found no unexplainable phones in phones.txt

Checking /scratch/work/moisioa3/conv_lm/experiments/morph/d=ones-w=0.05/lang/nosp/phones/context_indep.{txt, int, csl} ...
--> text seems to be UTF-8 or ASCII, checking whitespaces
--> text contains only allowed whitespaces
--> 15 entry/entries in /scratch/work/moisioa3/conv_lm/experiments/morph/d=ones-w=0.05/lang/nosp/phones/context_indep.txt
--> /scratch/work/moisioa3/conv_lm/experiments/morph/d=ones-w=0.05/lang/nosp/phones/context_indep.int corresponds to /scratch/work/moisioa3/conv_lm/experiments/morph/d=ones-w=0.05/lang/nosp/phones/context_indep.txt
--> /scratch/work/moisioa3/conv_lm/experiments/morph/d=ones-w=0.05/lang/nosp/phones/context_indep.csl corresponds to /scratch/work/moisioa3/conv_lm/experiments/morph/d=ones-w=0.05/lang/nosp/phones/context_indep.txt
--> /scratch/work/moisioa3/conv_lm/experiments/morph/d=ones-w=0.05/lang/nosp/phones/context_indep.{txt, int, csl} are OK

Checking /scratch/work/moisioa3/conv_lm/experiments/morph/d=ones-w=0.05/lang/nosp/phones/nonsilence.{txt, int, csl} ...
--> text seems to be UTF-8 or ASCII, checking whitespaces
--> text contains only allowed whitespaces
--> 92 entry/entries in /scratch/work/moisioa3/conv_lm/experiments/morph/d=ones-w=0.05/lang/nosp/phones/nonsilence.txt
--> /scratch/work/moisioa3/conv_lm/experiments/morph/d=ones-w=0.05/lang/nosp/phones/nonsilence.int corresponds to /scratch/work/moisioa3/conv_lm/experiments/morph/d=ones-w=0.05/lang/nosp/phones/nonsilence.txt
--> /scratch/work/moisioa3/conv_lm/experiments/morph/d=ones-w=0.05/lang/nosp/phones/nonsilence.csl corresponds to /scratch/work/moisioa3/conv_lm/experiments/morph/d=ones-w=0.05/lang/nosp/phones/nonsilence.txt
--> /scratch/work/moisioa3/conv_lm/experiments/morph/d=ones-w=0.05/lang/nosp/phones/nonsilence.{txt, int, csl} are OK

Checking /scratch/work/moisioa3/conv_lm/experiments/morph/d=ones-w=0.05/lang/nosp/phones/silence.{txt, int, csl} ...
--> text seems to be UTF-8 or ASCII, checking whitespaces
--> text contains only allowed whitespaces
--> 15 entry/entries in /scratch/work/moisioa3/conv_lm/experiments/morph/d=ones-w=0.05/lang/nosp/phones/silence.txt
--> /scratch/work/moisioa3/conv_lm/experiments/morph/d=ones-w=0.05/lang/nosp/phones/silence.int corresponds to /scratch/work/moisioa3/conv_lm/experiments/morph/d=ones-w=0.05/lang/nosp/phones/silence.txt
--> /scratch/work/moisioa3/conv_lm/experiments/morph/d=ones-w=0.05/lang/nosp/phones/silence.csl corresponds to /scratch/work/moisioa3/conv_lm/experiments/morph/d=ones-w=0.05/lang/nosp/phones/silence.txt
--> /scratch/work/moisioa3/conv_lm/experiments/morph/d=ones-w=0.05/lang/nosp/phones/silence.{txt, int, csl} are OK

Checking /scratch/work/moisioa3/conv_lm/experiments/morph/d=ones-w=0.05/lang/nosp/phones/optional_silence.{txt, int, csl} ...
--> text seems to be UTF-8 or ASCII, checking whitespaces
--> text contains only allowed whitespaces
--> 1 entry/entries in /scratch/work/moisioa3/conv_lm/experiments/morph/d=ones-w=0.05/lang/nosp/phones/optional_silence.txt
--> /scratch/work/moisioa3/conv_lm/experiments/morph/d=ones-w=0.05/lang/nosp/phones/optional_silence.int corresponds to /scratch/work/moisioa3/conv_lm/experiments/morph/d=ones-w=0.05/lang/nosp/phones/optional_silence.txt
--> /scratch/work/moisioa3/conv_lm/experiments/morph/d=ones-w=0.05/lang/nosp/phones/optional_silence.csl corresponds to /scratch/work/moisioa3/conv_lm/experiments/morph/d=ones-w=0.05/lang/nosp/phones/optional_silence.txt
--> /scratch/work/moisioa3/conv_lm/experiments/morph/d=ones-w=0.05/lang/nosp/phones/optional_silence.{txt, int, csl} are OK

Checking /scratch/work/moisioa3/conv_lm/experiments/morph/d=ones-w=0.05/lang/nosp/phones/disambig.{txt, int, csl} ...
--> text seems to be UTF-8 or ASCII, checking whitespaces
--> text contains only allowed whitespaces
--> 14 entry/entries in /scratch/work/moisioa3/conv_lm/experiments/morph/d=ones-w=0.05/lang/nosp/phones/disambig.txt
--> /scratch/work/moisioa3/conv_lm/experiments/morph/d=ones-w=0.05/lang/nosp/phones/disambig.int corresponds to /scratch/work/moisioa3/conv_lm/experiments/morph/d=ones-w=0.05/lang/nosp/phones/disambig.txt
--> /scratch/work/moisioa3/conv_lm/experiments/morph/d=ones-w=0.05/lang/nosp/phones/disambig.csl corresponds to /scratch/work/moisioa3/conv_lm/experiments/morph/d=ones-w=0.05/lang/nosp/phones/disambig.txt
--> /scratch/work/moisioa3/conv_lm/experiments/morph/d=ones-w=0.05/lang/nosp/phones/disambig.{txt, int, csl} are OK

Checking /scratch/work/moisioa3/conv_lm/experiments/morph/d=ones-w=0.05/lang/nosp/phones/roots.{txt, int} ...
--> text seems to be UTF-8 or ASCII, checking whitespaces
--> text contains only allowed whitespaces
--> 26 entry/entries in /scratch/work/moisioa3/conv_lm/experiments/morph/d=ones-w=0.05/lang/nosp/phones/roots.txt
--> /scratch/work/moisioa3/conv_lm/experiments/morph/d=ones-w=0.05/lang/nosp/phones/roots.int corresponds to /scratch/work/moisioa3/conv_lm/experiments/morph/d=ones-w=0.05/lang/nosp/phones/roots.txt
--> /scratch/work/moisioa3/conv_lm/experiments/morph/d=ones-w=0.05/lang/nosp/phones/roots.{txt, int} are OK

Checking /scratch/work/moisioa3/conv_lm/experiments/morph/d=ones-w=0.05/lang/nosp/phones/sets.{txt, int} ...
--> text seems to be UTF-8 or ASCII, checking whitespaces
--> text contains only allowed whitespaces
--> 26 entry/entries in /scratch/work/moisioa3/conv_lm/experiments/morph/d=ones-w=0.05/lang/nosp/phones/sets.txt
--> /scratch/work/moisioa3/conv_lm/experiments/morph/d=ones-w=0.05/lang/nosp/phones/sets.int corresponds to /scratch/work/moisioa3/conv_lm/experiments/morph/d=ones-w=0.05/lang/nosp/phones/sets.txt
--> /scratch/work/moisioa3/conv_lm/experiments/morph/d=ones-w=0.05/lang/nosp/phones/sets.{txt, int} are OK

Checking /scratch/work/moisioa3/conv_lm/experiments/morph/d=ones-w=0.05/lang/nosp/phones/extra_questions.{txt, int} ...
--> text seems to be UTF-8 or ASCII, checking whitespaces
--> text contains only allowed whitespaces
--> 11 entry/entries in /scratch/work/moisioa3/conv_lm/experiments/morph/d=ones-w=0.05/lang/nosp/phones/extra_questions.txt
--> /scratch/work/moisioa3/conv_lm/experiments/morph/d=ones-w=0.05/lang/nosp/phones/extra_questions.int corresponds to /scratch/work/moisioa3/conv_lm/experiments/morph/d=ones-w=0.05/lang/nosp/phones/extra_questions.txt
--> /scratch/work/moisioa3/conv_lm/experiments/morph/d=ones-w=0.05/lang/nosp/phones/extra_questions.{txt, int} are OK

Checking /scratch/work/moisioa3/conv_lm/experiments/morph/d=ones-w=0.05/lang/nosp/phones/word_boundary.{txt, int} ...
--> text seems to be UTF-8 or ASCII, checking whitespaces
--> text contains only allowed whitespaces
--> 107 entry/entries in /scratch/work/moisioa3/conv_lm/experiments/morph/d=ones-w=0.05/lang/nosp/phones/word_boundary.txt
--> /scratch/work/moisioa3/conv_lm/experiments/morph/d=ones-w=0.05/lang/nosp/phones/word_boundary.int corresponds to /scratch/work/moisioa3/conv_lm/experiments/morph/d=ones-w=0.05/lang/nosp/phones/word_boundary.txt
--> /scratch/work/moisioa3/conv_lm/experiments/morph/d=ones-w=0.05/lang/nosp/phones/word_boundary.{txt, int} are OK

Checking optional_silence.txt ...
--> reading /scratch/work/moisioa3/conv_lm/experiments/morph/d=ones-w=0.05/lang/nosp/phones/optional_silence.txt
--> /scratch/work/moisioa3/conv_lm/experiments/morph/d=ones-w=0.05/lang/nosp/phones/optional_silence.txt is OK

Checking disambiguation symbols: #0 and #1
--> /scratch/work/moisioa3/conv_lm/experiments/morph/d=ones-w=0.05/lang/nosp/phones/disambig.txt has "#0" and "#1"
--> /scratch/work/moisioa3/conv_lm/experiments/morph/d=ones-w=0.05/lang/nosp/phones/disambig.txt is OK

Checking topo ...

Checking word_boundary.txt: silence.txt, nonsilence.txt, disambig.txt ...
--> /scratch/work/moisioa3/conv_lm/experiments/morph/d=ones-w=0.05/lang/nosp/phones/word_boundary.txt doesn't include disambiguation symbols
--> /scratch/work/moisioa3/conv_lm/experiments/morph/d=ones-w=0.05/lang/nosp/phones/word_boundary.txt is the union of nonsilence.txt and silence.txt
--> /scratch/work/moisioa3/conv_lm/experiments/morph/d=ones-w=0.05/lang/nosp/phones/word_boundary.txt is OK

Checking word-level disambiguation symbols...
--> /scratch/work/moisioa3/conv_lm/experiments/morph/d=ones-w=0.05/lang/nosp/phones/wdisambig.txt exists (newer prepare_lang.sh)
Checking word_boundary.int and disambig.int
sh: ./path.sh: No such file or directory
--> generating a 75 word/subword sequence
sh: ./path.sh: No such file or directory
--> ERROR: number of reconstructed words 0 does not match real number of words 75; indicates problem in L.fst or word_boundary.int.  phoneseq = , wordseq = jehova+ autolla+ +ttua+ act+ +käytö+ bileissä+ punk rave katsee+ +kakkos +vierus+ neid+ hero+ vallo+ +marttyyri velvo+ +lehdistö+ seiso tuottei+ pahoin synny +uuksien+ +masto +ystävyys dellu kalsari+ +laskeutu+ +kives+ nuar+ unet+ topi+ hiih lamp vinku +tur+ seuru +vvoo+ +nahka+ +ahahahahahah+ +misee+ pihta+ reena+ vyöry bol+ +ruo+ +hot sylje+ +maali+ +neen rei+ diga+ +ravi+ kyrö+ ryssi +ttuina skene+ lakki+ levyjä+ +prätkä +prinssi+ väij+ tehoste+ xd +eltava +ystävä +tulo+ kiva ulvo+ +toisaalta +puolelle+ +isivät+ analysoi+ ell+ sateenkaari +extra 
--> generating a 65 word/subword sequence
sh: ./path.sh: No such file or directory

Checking /scratch/work/moisioa3/conv_lm/experiments/morph/d=ones-w=0.05/lang/nosp/oov.{txt, int} ...
--> text seems to be UTF-8 or ASCII, checking whitespaces
--> text contains only allowed whitespaces
--> 1 entry/entries in /scratch/work/moisioa3/conv_lm/experiments/morph/d=ones-w=0.05/lang/nosp/oov.txt
--> /scratch/work/moisioa3/conv_lm/experiments/morph/d=ones-w=0.05/lang/nosp/oov.int corresponds to /scratch/work/moisioa3/conv_lm/experiments/morph/d=ones-w=0.05/lang/nosp/oov.txt
--> /scratch/work/moisioa3/conv_lm/experiments/morph/d=ones-w=0.05/lang/nosp/oov.{txt, int} are OK

sh: ./path.sh: No such file or directory
--> ERROR: /scratch/work/moisioa3/conv_lm/experiments/morph/d=ones-w=0.05/lang/nosp/L.fst is not olabel sorted
sh: ./path.sh: No such file or directory
--> ERROR: /scratch/work/moisioa3/conv_lm/experiments/morph/d=ones-w=0.05/lang/nosp/L_disambig.fst is not olabel sorted
--> ERROR (see error messages above)
prepare_lang.sh: error validating output
