EXPT_NAME morph
EXPT_PARAMS d=ones-w=0.05
EXPT_WORK_DIR /scratch/work/moisioa3/conv_lm/experiments/morph/d=ones-w=0.05
Experiment: morph/d=ones-w=0.05
Job ID: 54657903
Task ID: 
Host: pe40.int.triton.aalto.fi
Start date: Thu Jul  9 10:29:35 EEST 2020
Work directory: /scratch/work/moisioa3/conv_lm/experiments/morph/d=ones-w=0.05
Temporary directory: /tmp/54657903

Currently Loaded Modules:
  1) pypy2/5.10.0-py2.7   2) Morfessor/2017.03.27-4219fbc   3) srilm/default

 

/scratch/work/moisioa3/conv_lm/experiments/morph/d=ones-w=0.05/morfessor.model
+ morfessor --traindata /scratch/work/moisioa3/conv_lm/data/lm-train/dsp.txt --traindata /scratch/work/moisioa3/conv_lm/data/lm-train/web1.txt --traindata /scratch/work/moisioa3/conv_lm/data/lm-train/web2.txt --traindata /scratch/work/moisioa3/conv_lm/data/lm-train/web3.txt --traindata /scratch/work/moisioa3/conv_lm/data/lm-train/web4.txt --traindata /scratch/work/moisioa3/conv_lm/data/lm-train/web5.txt --traindata /scratch/work/moisioa3/conv_lm/data/lm-train/web6.txt --encoding UTF-8 --dampening ones --corpusweight 0.05 --randseed 1 --save /scratch/work/moisioa3/conv_lm/experiments/morph/d=ones-w=0.05/morfessor.model
INFO:morfessor.io:Reading corpus from '/scratch/work/moisioa3/conv_lm/data/lm-train/dsp.txt'...
INFO:morfessor.io:Done.
INFO:morfessor.io:Reading corpus from '/scratch/work/moisioa3/conv_lm/data/lm-train/web1.txt'...
INFO:morfessor.io:Done.
INFO:morfessor.io:Reading corpus from '/scratch/work/moisioa3/conv_lm/data/lm-train/web2.txt'...
INFO:morfessor.io:Done.
INFO:morfessor.io:Reading corpus from '/scratch/work/moisioa3/conv_lm/data/lm-train/web3.txt'...
INFO:morfessor.io:Done.
INFO:morfessor.io:Reading corpus from '/scratch/work/moisioa3/conv_lm/data/lm-train/web4.txt'...
INFO:morfessor.io:Done.
INFO:morfessor.io:Reading corpus from '/scratch/work/moisioa3/conv_lm/data/lm-train/web5.txt'...
INFO:morfessor.io:Done.
INFO:morfessor.io:Reading corpus from '/scratch/work/moisioa3/conv_lm/data/lm-train/web6.txt'...
INFO:morfessor.io:Done.
INFO:morfessor.baseline:Compounds in training data: 2427249 types / 2427249 tokens
INFO:morfessor.baseline:Starting batch training
INFO:morfessor.baseline:Epochs: 0	Cost: 54187106.0529
...........................................................
INFO:morfessor.baseline:Epochs: 1	Cost: 3728567.54195
...........................................................
INFO:morfessor.baseline:Epochs: 2	Cost: 3420258.01798
...........................................................
INFO:morfessor.baseline:Epochs: 3	Cost: 3416845.88254
INFO:morfessor.baseline:Done.
Epochs: 3
Final cost: 3416845.88254
Training time: 9522.593s
INFO:morfessor.io:Saving model to '/scratch/work/moisioa3/conv_lm/experiments/morph/d=ones-w=0.05/morfessor.model'...
INFO:morfessor.io:Done.
train_morfessor finished.
