# Running on skl12.int.triton.aalto.fi
# Started at Mon May 25 16:22:08 EEST 2020
# SLURMD_NODENAME=skl12
# SLURM_ARRAY_JOB_ID=53120812
# SLURM_ARRAY_TASK_COUNT=40
# SLURM_ARRAY_TASK_ID=2
# SLURM_ARRAY_TASK_MAX=40
# SLURM_ARRAY_TASK_MIN=1
# SLURM_ARRAY_TASK_STEP=1
# SLURM_CHECKPOINT_IMAGE_DIR=/var/slurm/checkpoint
# SLURM_CLUSTER_NAME=triton
# SLURM_CPUS_ON_NODE=1
# SLURM_EXPORT_ENV=PATH,LIBRARY_PATH,LD_LIBRARY_PATH,CUDA_HOME,CUDA_PATH
# SLURM_GET_USER_ENV=1
# SLURM_GTIDS=0
# SLURM_JOBID=53120817
# SLURM_JOB_ACCOUNT=elec
# SLURM_JOB_CPUS_PER_NODE=1
# SLURM_JOB_GID=1026695
# SLURM_JOB_ID=53120817
# SLURM_JOB_NAME=make_mfcc_devel.sh
# SLURM_JOB_NODELIST=skl12
# SLURM_JOB_NUM_NODES=1
# SLURM_JOB_PARTITION=batch-skl
# SLURM_JOB_QOS=normal
# SLURM_JOB_UID=1026695
# SLURM_JOB_USER=moisioa3
# SLURM_LOCALID=0
# SLURM_MEM_PER_CPU=3072
# SLURM_NNODES=1
# SLURM_NODEID=0
# SLURM_NODELIST=skl12
# SLURM_NODE_ALIASES='(null)'
# SLURM_OPEN_MODE=a
# SLURM_PRIO_PROCESS=0
# SLURM_PROCID=0
# SLURM_SUBMIT_DIR=/scratch/work/moisioa3/conv_lm/baseline-lm/kaldi-mdl
# SLURM_SUBMIT_HOST=login2.triton.aalto.fi
# SLURM_TASKS_PER_NODE=1
# SLURM_TASK_PID=225688
# SLURM_TOPOLOGY_ADDR=s0-0..s1-7.skl12
# SLURM_TOPOLOGY_ADDR_PATTERN=switch.switch.switch.node
# SLURM_WORKING_CLUSTER=triton:install2.int.triton.aalto.fi:6817:8448
# compute-mfcc-feats --verbose=2 --config=conf/mfcc_hires.conf scp,p:/scratch/work/moisioa3/conv_lm/baseline-lm/kaldi-mdl/log/mfcc-devel/wav_devel.2.scp ark:- | copy-feats --compress=true ark:- ark,scp:/scratch/work/moisioa3/conv_lm/baseline-lm/kaldi-mdl/mfcc/raw_mfcc_devel.2.ark,/scratch/work/moisioa3/conv_lm/baseline-lm/kaldi-mdl/mfcc/raw_mfcc_devel.2.scp 
copy-feats --compress=true ark:- ark,scp:/scratch/work/moisioa3/conv_lm/baseline-lm/kaldi-mdl/mfcc/raw_mfcc_devel.2.ark,/scratch/work/moisioa3/conv_lm/baseline-lm/kaldi-mdl/mfcc/raw_mfcc_devel.2.scp 
compute-mfcc-feats --verbose=2 --config=conf/mfcc_hires.conf scp,p:/scratch/work/moisioa3/conv_lm/baseline-lm/kaldi-mdl/log/mfcc-devel/wav_devel.2.scp ark:- 
VLOG[2] (compute-mfcc-feats[5.1]:main():compute-mfcc-feats.cc:178) Processed features for key dspf007_dsp2013_06
VLOG[2] (compute-mfcc-feats[5.1]:main():compute-mfcc-feats.cc:178) Processed features for key dspf007_dsp2013_07
VLOG[2] (compute-mfcc-feats[5.1]:main():compute-mfcc-feats.cc:178) Processed features for key dspf007_dsp2013_08
VLOG[2] (compute-mfcc-feats[5.1]:main():compute-mfcc-feats.cc:178) Processed features for key dspf007_dsp2013_09
VLOG[2] (compute-mfcc-feats[5.1]:main():compute-mfcc-feats.cc:178) Processed features for key dspf007_dsp2013_10
VLOG[2] (compute-mfcc-feats[5.1]:main():compute-mfcc-feats.cc:178) Processed features for key dspf007_dsp2013_11
VLOG[2] (compute-mfcc-feats[5.1]:main():compute-mfcc-feats.cc:178) Processed features for key dspf007_dsp2013_12
VLOG[2] (compute-mfcc-feats[5.1]:main():compute-mfcc-feats.cc:178) Processed features for key dspf007_dsp2013_13
VLOG[2] (compute-mfcc-feats[5.1]:main():compute-mfcc-feats.cc:178) Processed features for key dspf007_dsp2013_14
LOG (compute-mfcc-feats[5.1]:main():compute-mfcc-feats.cc:177) Processed 10 utterances
VLOG[2] (compute-mfcc-feats[5.1]:main():compute-mfcc-feats.cc:178) Processed features for key dspf007_dsp2013_15
VLOG[2] (compute-mfcc-feats[5.1]:main():compute-mfcc-feats.cc:178) Processed features for key dspf007_dsp2013_16
VLOG[2] (compute-mfcc-feats[5.1]:main():compute-mfcc-feats.cc:178) Processed features for key dspf007_dsp2013_17
VLOG[2] (compute-mfcc-feats[5.1]:main():compute-mfcc-feats.cc:178) Processed features for key dspf007_dsp2013_18
VLOG[2] (compute-mfcc-feats[5.1]:main():compute-mfcc-feats.cc:178) Processed features for key dspf007_dsp2013_19
VLOG[2] (compute-mfcc-feats[5.1]:main():compute-mfcc-feats.cc:178) Processed features for key dspf007_dsp2013_20
VLOG[2] (compute-mfcc-feats[5.1]:main():compute-mfcc-feats.cc:178) Processed features for key dspm001_dsp2013_01
VLOG[2] (compute-mfcc-feats[5.1]:main():compute-mfcc-feats.cc:178) Processed features for key dspm001_dsp2013_02
VLOG[2] (compute-mfcc-feats[5.1]:main():compute-mfcc-feats.cc:178) Processed features for key dspm001_dsp2013_03
VLOG[2] (compute-mfcc-feats[5.1]:main():compute-mfcc-feats.cc:178) Processed features for key dspm001_dsp2013_04
LOG (compute-mfcc-feats[5.1]:main():compute-mfcc-feats.cc:177) Processed 20 utterances
VLOG[2] (compute-mfcc-feats[5.1]:main():compute-mfcc-feats.cc:178) Processed features for key dspm001_dsp2013_05
VLOG[2] (compute-mfcc-feats[5.1]:main():compute-mfcc-feats.cc:178) Processed features for key dspm001_dsp2013_06
VLOG[2] (compute-mfcc-feats[5.1]:main():compute-mfcc-feats.cc:178) Processed features for key dspm001_dsp2013_07
VLOG[2] (compute-mfcc-feats[5.1]:main():compute-mfcc-feats.cc:178) Processed features for key dspm001_dsp2013_08
VLOG[2] (compute-mfcc-feats[5.1]:main():compute-mfcc-feats.cc:178) Processed features for key dspm001_dsp2013_09
VLOG[2] (compute-mfcc-feats[5.1]:main():compute-mfcc-feats.cc:178) Processed features for key dspm001_dsp2013_10
LOG (compute-mfcc-feats[5.1]:main():compute-mfcc-feats.cc:181)  Done 25 out of 25 utterances.
LOG (copy-feats[5.1]:main():copy-feats.cc:120) Copied 25 feature matrices.
# Accounting: time=3 threads=1
# Finished at Mon May 25 16:22:11 EEST 2020 with status 0
