EXPT_NAME morph
EXPT_PARAMS d=ones-w=0.05-divided
EXPT_WORK_DIR /scratch/work/moisioa3/conv_lm/experiments/morph/d=ones-w=0.05-divided
Experiment: morph/d=ones-w=0.05-divided
Job ID: 54617974
Task ID: 
Host: csl44.int.triton.aalto.fi
Start date: Mon Jul  6 11:04:21 EEST 2020
Work directory: /scratch/work/moisioa3/conv_lm/experiments/morph/d=ones-w=0.05-divided
Temporary directory: /tmp/54617974
+ sed 's/<UNK>/<unk>/g'
+ sed s/-60/-99/g
+ varigram_kn --opti=/scratch/work/moisioa3/conv_lm/experiments/morph/d=ones-w=0.05-divided/segmented-data/devel.txt --dscale 0.01 --clear_history --arpa --3nzer --discard_unks --longint /scratch/work/moisioa3/conv_lm/experiments/morph/d=ones-w=0.05-divided/segmented-data/dsp.txt -
Opened write: -
Creating unigram model, using modified ...
Reading data
Opened read: /scratch/work/moisioa3/conv_lm/experiments/morph/d=ones-w=0.05-divided/segmented-data/dsp.txt
Finished reading 93309 words.
Opened read: /scratch/work/moisioa3/conv_lm/experiments/morph/d=ones-w=0.05-divided/segmented-data/dsp.txt
Estimating bo counts
Estimating nzer counts
Reading optisource
Opened read: /scratch/work/moisioa3/conv_lm/experiments/morph/d=ones-w=0.05-divided/segmented-data/devel.txt
could not open mode r for file /scratch/work/moisioa3/conv_lm/experiments/morph/d=ones-w=0.05-divided/segmented-data/devel.txt
Io: open error
